[BRIDGE_DAEMON] 2026-02-02 17:26:23,892 INFO: ======================================================================
[BRIDGE_DAEMON] 2026-02-02 17:26:23,893 INFO: BRIDGE DAEMON START | mode=TEST | interval=60m | batch=20
[BRIDGE_DAEMON] 2026-02-02 17:26:23,893 INFO: Scope guard (Constraint A): ('FINN-T', 'finn_crypto_scheduler')
[BRIDGE_DAEMON] 2026-02-02 17:26:23,893 INFO: Rate governor (Constraint D): 20/24h
[BRIDGE_DAEMON] 2026-02-02 17:26:23,893 INFO: ======================================================================
[BRIDGE_DAEMON] 2026-02-02 17:26:23,985 INFO: DEFCON=GREEN -- proceeding
[BRIDGE_DAEMON] 2026-02-02 17:26:24,005 INFO: Rate governor: 0/20 used, budget this cycle: 20
[BRIDGE_DAEMON] 2026-02-02 17:26:24,005 INFO: Regime: CRISIS (confidence=0.9904)
[BRIDGE_DAEMON] 2026-02-02 17:26:24,020 INFO: Eligible hypotheses (scope guard: ('FINN-T', 'finn_crypto_scheduler')): 20
[BRIDGE_DAEMON] 2026-02-02 17:26:24,020 INFO: [DRY-RUN] Would create EXP_BRIDGE_FINNT-CRE-20260130180505 for FINNT-CRE-20260130180505 (generator=FINN-T)
[BRIDGE_DAEMON] 2026-02-02 17:26:24,020 INFO: [DRY-RUN] Would create EXP_BRIDGE_FINNT-CRE-20260130190526 for FINNT-CRE-20260130190526 (generator=FINN-T)
[BRIDGE_DAEMON] 2026-02-02 17:26:24,020 INFO: [DRY-RUN] Would create EXP_BRIDGE_FINNT-CRE-20260130200545 for FINNT-CRE-20260130200545 (generator=FINN-T)
[BRIDGE_DAEMON] 2026-02-02 17:26:24,020 INFO: [DRY-RUN] Would create EXP_BRIDGE_FINNT-CRE-20260130210600 for FINNT-CRE-20260130210600 (generator=FINN-T)
[BRIDGE_DAEMON] 2026-02-02 17:26:24,020 INFO: [DRY-RUN] Would create EXP_BRIDGE_FINNT-CRE-20260130220608 for FINNT-CRE-20260130220608 (generator=FINN-T)
[BRIDGE_DAEMON] 2026-02-02 17:26:24,020 INFO: [DRY-RUN] Would create EXP_BRIDGE_FINNT-CRE-20260130230618 for FINNT-CRE-20260130230618 (generator=FINN-T)
[BRIDGE_DAEMON] 2026-02-02 17:26:24,026 INFO: [DRY-RUN] Would create EXP_BRIDGE_FINNT-CRE-20260131000628 for FINNT-CRE-20260131000628 (generator=FINN-T)
[BRIDGE_DAEMON] 2026-02-02 17:26:24,026 INFO: [DRY-RUN] Would create EXP_BRIDGE_FINNT-CRE-20260131010637 for FINNT-CRE-20260131010637 (generator=FINN-T)
[BRIDGE_DAEMON] 2026-02-02 17:26:24,026 INFO: [DRY-RUN] Would create EXP_BRIDGE_FINNT-CRE-20260131020646 for FINNT-CRE-20260131020646 (generator=FINN-T)
[BRIDGE_DAEMON] 2026-02-02 17:26:24,026 INFO: [DRY-RUN] Would create EXP_BRIDGE_FINNT-CRE-20260131030655 for FINNT-CRE-20260131030655 (generator=FINN-T)
[BRIDGE_DAEMON] 2026-02-02 17:26:24,026 INFO: [DRY-RUN] Would create EXP_BRIDGE_FINNT-CRE-20260131040704 for FINNT-CRE-20260131040704 (generator=FINN-T)
[BRIDGE_DAEMON] 2026-02-02 17:26:24,026 INFO: [DRY-RUN] Would create EXP_BRIDGE_FINNT-CRE-20260131050713 for FINNT-CRE-20260131050713 (generator=FINN-T)
[BRIDGE_DAEMON] 2026-02-02 17:26:24,026 INFO: [DRY-RUN] Would create EXP_BRIDGE_FINNT-CRE-20260131060722 for FINNT-CRE-20260131060722 (generator=FINN-T)
[BRIDGE_DAEMON] 2026-02-02 17:26:24,026 INFO: [DRY-RUN] Would create EXP_BRIDGE_FINNT-CRE-20260131070731 for FINNT-CRE-20260131070731 (generator=FINN-T)
[BRIDGE_DAEMON] 2026-02-02 17:26:24,026 INFO: [DRY-RUN] Would create EXP_BRIDGE_FINNT-CRE-20260131080737 for FINNT-CRE-20260131080737 (generator=FINN-T)
[BRIDGE_DAEMON] 2026-02-02 17:26:24,026 INFO: [DRY-RUN] Would create EXP_BRIDGE_FINNT-CRE-20260131090744 for FINNT-CRE-20260131090744 (generator=FINN-T)
[BRIDGE_DAEMON] 2026-02-02 17:26:24,026 INFO: [DRY-RUN] Would create EXP_BRIDGE_FINNT-CRE-20260131100750 for FINNT-CRE-20260131100750 (generator=FINN-T)
[BRIDGE_DAEMON] 2026-02-02 17:26:24,026 INFO: [DRY-RUN] Would create EXP_BRIDGE_FINNT-CRE-20260131110757 for FINNT-CRE-20260131110757 (generator=FINN-T)
[BRIDGE_DAEMON] 2026-02-02 17:26:24,026 INFO: [DRY-RUN] Would create EXP_BRIDGE_FINNT-CRE-20260131120804 for FINNT-CRE-20260131120804 (generator=FINN-T)
[BRIDGE_DAEMON] 2026-02-02 17:26:24,026 INFO: [DRY-RUN] Would create EXP_BRIDGE_FINNT-CRE-20260131130809 for FINNT-CRE-20260131130809 (generator=FINN-T)
[BRIDGE_DAEMON] 2026-02-02 17:26:24,037 INFO: Cycle complete: created=20, skipped=0, zombies_terminated=0
[BRIDGE_DAEMON] 2026-02-02 17:26:24,037 INFO: Evidence written: C:\fhq-market-system\vision-ios\03_FUNCTIONS\evidence\BRIDGE_DAEMON_20260202_162624.json
[BRIDGE_DAEMON] 2026-02-02 17:26:24,037 INFO: TEST cycle complete. Evidence: C:\fhq-market-system\vision-ios\03_FUNCTIONS\evidence\BRIDGE_DAEMON_20260202_162624.json
[BRIDGE_DAEMON] 2026-02-02 17:26:35,920 INFO: ======================================================================
[BRIDGE_DAEMON] 2026-02-02 17:26:35,920 INFO: BRIDGE DAEMON START | mode=TEST | interval=60m | batch=20
[BRIDGE_DAEMON] 2026-02-02 17:26:35,920 INFO: Scope guard (Constraint A): ('FINN-T', 'finn_crypto_scheduler')
[BRIDGE_DAEMON] 2026-02-02 17:26:35,920 INFO: Rate governor (Constraint D): 20/24h
[BRIDGE_DAEMON] 2026-02-02 17:26:35,920 INFO: ======================================================================
[BRIDGE_DAEMON] 2026-02-02 17:26:36,065 INFO: DEFCON=GREEN -- proceeding
[BRIDGE_DAEMON] 2026-02-02 17:26:36,076 INFO: Rate governor: 0/20 used, budget this cycle: 20
[BRIDGE_DAEMON] 2026-02-02 17:26:36,076 INFO: Regime: CRISIS (confidence=0.9904)
[BRIDGE_DAEMON] 2026-02-02 17:26:36,105 INFO: Eligible hypotheses (scope guard: ('FINN-T', 'finn_crypto_scheduler')): 20
[BRIDGE_DAEMON] 2026-02-02 17:26:36,105 INFO: [DRY-RUN] Would create EXP_BRIDGE_FINNT-CRE-20260130180505 for FINNT-CRE-20260130180505 (generator=FINN-T)
[BRIDGE_DAEMON] 2026-02-02 17:26:36,105 INFO: [DRY-RUN] Would create EXP_BRIDGE_FINNT-CRE-20260130190526 for FINNT-CRE-20260130190526 (generator=FINN-T)
[BRIDGE_DAEMON] 2026-02-02 17:26:36,105 INFO: [DRY-RUN] Would create EXP_BRIDGE_FINNT-CRE-20260130200545 for FINNT-CRE-20260130200545 (generator=FINN-T)
[BRIDGE_DAEMON] 2026-02-02 17:26:36,105 INFO: [DRY-RUN] Would create EXP_BRIDGE_FINNT-CRE-20260130210600 for FINNT-CRE-20260130210600 (generator=FINN-T)
[BRIDGE_DAEMON] 2026-02-02 17:26:36,105 INFO: [DRY-RUN] Would create EXP_BRIDGE_FINNT-CRE-20260130220608 for FINNT-CRE-20260130220608 (generator=FINN-T)
[BRIDGE_DAEMON] 2026-02-02 17:26:36,105 INFO: [DRY-RUN] Would create EXP_BRIDGE_FINNT-CRE-20260130230618 for FINNT-CRE-20260130230618 (generator=FINN-T)
[BRIDGE_DAEMON] 2026-02-02 17:26:36,105 INFO: [DRY-RUN] Would create EXP_BRIDGE_FINNT-CRE-20260131000628 for FINNT-CRE-20260131000628 (generator=FINN-T)
[BRIDGE_DAEMON] 2026-02-02 17:26:36,105 INFO: [DRY-RUN] Would create EXP_BRIDGE_FINNT-CRE-20260131010637 for FINNT-CRE-20260131010637 (generator=FINN-T)
[BRIDGE_DAEMON] 2026-02-02 17:26:36,105 INFO: [DRY-RUN] Would create EXP_BRIDGE_FINNT-CRE-20260131020646 for FINNT-CRE-20260131020646 (generator=FINN-T)
[BRIDGE_DAEMON] 2026-02-02 17:26:36,105 INFO: [DRY-RUN] Would create EXP_BRIDGE_FINNT-CRE-20260131030655 for FINNT-CRE-20260131030655 (generator=FINN-T)
[BRIDGE_DAEMON] 2026-02-02 17:26:36,105 INFO: [DRY-RUN] Would create EXP_BRIDGE_FINNT-CRE-20260131040704 for FINNT-CRE-20260131040704 (generator=FINN-T)
[BRIDGE_DAEMON] 2026-02-02 17:26:36,105 INFO: [DRY-RUN] Would create EXP_BRIDGE_FINNT-CRE-20260131050713 for FINNT-CRE-20260131050713 (generator=FINN-T)
[BRIDGE_DAEMON] 2026-02-02 17:26:36,105 INFO: [DRY-RUN] Would create EXP_BRIDGE_FINNT-CRE-20260131060722 for FINNT-CRE-20260131060722 (generator=FINN-T)
[BRIDGE_DAEMON] 2026-02-02 17:26:36,105 INFO: [DRY-RUN] Would create EXP_BRIDGE_FINNT-CRE-20260131070731 for FINNT-CRE-20260131070731 (generator=FINN-T)
[BRIDGE_DAEMON] 2026-02-02 17:26:36,105 INFO: [DRY-RUN] Would create EXP_BRIDGE_FINNT-CRE-20260131080737 for FINNT-CRE-20260131080737 (generator=FINN-T)
[BRIDGE_DAEMON] 2026-02-02 17:26:36,105 INFO: [DRY-RUN] Would create EXP_BRIDGE_FINNT-CRE-20260131090744 for FINNT-CRE-20260131090744 (generator=FINN-T)
[BRIDGE_DAEMON] 2026-02-02 17:26:36,105 INFO: [DRY-RUN] Would create EXP_BRIDGE_FINNT-CRE-20260131100750 for FINNT-CRE-20260131100750 (generator=FINN-T)
[BRIDGE_DAEMON] 2026-02-02 17:26:36,105 INFO: [DRY-RUN] Would create EXP_BRIDGE_FINNT-CRE-20260131110757 for FINNT-CRE-20260131110757 (generator=FINN-T)
[BRIDGE_DAEMON] 2026-02-02 17:26:36,105 INFO: [DRY-RUN] Would create EXP_BRIDGE_FINNT-CRE-20260131120804 for FINNT-CRE-20260131120804 (generator=FINN-T)
[BRIDGE_DAEMON] 2026-02-02 17:26:36,105 INFO: [DRY-RUN] Would create EXP_BRIDGE_FINNT-CRE-20260131130809 for FINNT-CRE-20260131130809 (generator=FINN-T)
[BRIDGE_DAEMON] 2026-02-02 17:26:36,115 INFO: Cycle complete: created=20, skipped=0, zombies_terminated=0
[BRIDGE_DAEMON] 2026-02-02 17:26:36,115 INFO: Evidence written: C:\fhq-market-system\vision-ios\03_FUNCTIONS\evidence\BRIDGE_DAEMON_20260202_162636.json
[BRIDGE_DAEMON] 2026-02-02 17:26:36,115 INFO: TEST cycle complete. Evidence: C:\fhq-market-system\vision-ios\03_FUNCTIONS\evidence\BRIDGE_DAEMON_20260202_162636.json
[BRIDGE_DAEMON] 2026-02-02 17:26:56,998 INFO: DEFCON=GREEN -- proceeding
[BRIDGE_DAEMON] 2026-02-02 17:26:57,016 INFO: Rate governor: 0/20 used, budget this cycle: 20
[BRIDGE_DAEMON] 2026-02-02 17:26:57,024 INFO: Regime: CRISIS (confidence=0.9904)
[BRIDGE_DAEMON] 2026-02-02 17:26:57,046 INFO: Eligible hypotheses (scope guard: ('FINN-T', 'finn_crypto_scheduler')): 20
[BRIDGE_DAEMON] 2026-02-02 17:26:57,053 ERROR: Failed creating experiment for FINNT-CRE-20260130180505: cannot insert a non-DEFAULT value into column "tier_name"
DETAIL:  Column "tier_name" is a generated column.

[BRIDGE_DAEMON] 2026-02-02 17:26:57,055 ERROR: Failed creating experiment for FINNT-CRE-20260130190526: current transaction is aborted, commands ignored until end of transaction block

[BRIDGE_DAEMON] 2026-02-02 17:26:57,057 ERROR: Failed creating experiment for FINNT-CRE-20260130200545: current transaction is aborted, commands ignored until end of transaction block

[BRIDGE_DAEMON] 2026-02-02 17:26:57,058 ERROR: Failed creating experiment for FINNT-CRE-20260130210600: current transaction is aborted, commands ignored until end of transaction block

[BRIDGE_DAEMON] 2026-02-02 17:26:57,059 ERROR: Failed creating experiment for FINNT-CRE-20260130220608: current transaction is aborted, commands ignored until end of transaction block

[BRIDGE_DAEMON] 2026-02-02 17:26:57,061 ERROR: Failed creating experiment for FINNT-CRE-20260130230618: current transaction is aborted, commands ignored until end of transaction block

[BRIDGE_DAEMON] 2026-02-02 17:26:57,063 ERROR: Failed creating experiment for FINNT-CRE-20260131000628: current transaction is aborted, commands ignored until end of transaction block

[BRIDGE_DAEMON] 2026-02-02 17:26:57,064 ERROR: Failed creating experiment for FINNT-CRE-20260131010637: current transaction is aborted, commands ignored until end of transaction block

[BRIDGE_DAEMON] 2026-02-02 17:26:57,066 ERROR: Failed creating experiment for FINNT-CRE-20260131020646: current transaction is aborted, commands ignored until end of transaction block

[BRIDGE_DAEMON] 2026-02-02 17:26:57,067 ERROR: Failed creating experiment for FINNT-CRE-20260131030655: current transaction is aborted, commands ignored until end of transaction block

[BRIDGE_DAEMON] 2026-02-02 17:26:57,067 ERROR: Failed creating experiment for FINNT-CRE-20260131040704: current transaction is aborted, commands ignored until end of transaction block

[BRIDGE_DAEMON] 2026-02-02 17:26:57,067 ERROR: Failed creating experiment for FINNT-CRE-20260131050713: current transaction is aborted, commands ignored until end of transaction block

[BRIDGE_DAEMON] 2026-02-02 17:26:57,071 ERROR: Failed creating experiment for FINNT-CRE-20260131060722: current transaction is aborted, commands ignored until end of transaction block

[BRIDGE_DAEMON] 2026-02-02 17:26:57,071 ERROR: Failed creating experiment for FINNT-CRE-20260131070731: current transaction is aborted, commands ignored until end of transaction block

[BRIDGE_DAEMON] 2026-02-02 17:26:57,074 ERROR: Failed creating experiment for FINNT-CRE-20260131080737: current transaction is aborted, commands ignored until end of transaction block

[BRIDGE_DAEMON] 2026-02-02 17:26:57,074 ERROR: Failed creating experiment for FINNT-CRE-20260131090744: current transaction is aborted, commands ignored until end of transaction block

[BRIDGE_DAEMON] 2026-02-02 17:26:57,077 ERROR: Failed creating experiment for FINNT-CRE-20260131100750: current transaction is aborted, commands ignored until end of transaction block

[BRIDGE_DAEMON] 2026-02-02 17:26:57,078 ERROR: Failed creating experiment for FINNT-CRE-20260131110757: current transaction is aborted, commands ignored until end of transaction block

[BRIDGE_DAEMON] 2026-02-02 17:26:57,078 ERROR: Failed creating experiment for FINNT-CRE-20260131120804: current transaction is aborted, commands ignored until end of transaction block

[BRIDGE_DAEMON] 2026-02-02 17:26:57,081 ERROR: Failed creating experiment for FINNT-CRE-20260131130809: current transaction is aborted, commands ignored until end of transaction block

[BRIDGE_DAEMON] 2026-02-02 17:26:57,083 ERROR: Cycle failed: current transaction is aborted, commands ignored until end of transaction block
Traceback (most recent call last):
  File "C:\fhq-market-system\vision-ios\03_FUNCTIONS\hypothesis_experiment_bridge_daemon.py", line 472, in run_cycle
    stats['zombies_terminated'] = cleanup_bridge_zombies(conn, dry_run)
                                  ^^^^^^^^^^^^^^^^^^^^^^^^^^^^^^^^^^^^^
  File "C:\fhq-market-system\vision-ios\03_FUNCTIONS\hypothesis_experiment_bridge_daemon.py", line 306, in cleanup_bridge_zombies
    cur.execute("""
  File "C:\Users\Ørjan Skjold\AppData\Local\Programs\Python\Python312\Lib\site-packages\psycopg2\extras.py", line 236, in execute
    return super().execute(query, vars)
           ^^^^^^^^^^^^^^^^^^^^^^^^^^^^
psycopg2.errors.InFailedSqlTransaction: current transaction is aborted, commands ignored until end of transaction block

[BRIDGE_DAEMON] 2026-02-02 17:26:57,188 INFO: Evidence written: C:\fhq-market-system\vision-ios\03_FUNCTIONS\evidence\BRIDGE_DAEMON_20260202_162657.json
[BRIDGE_DAEMON] 2026-02-02 17:27:41,796 INFO: DEFCON=GREEN -- proceeding
[BRIDGE_DAEMON] 2026-02-02 17:27:41,808 INFO: Rate governor: 0/20 used, budget this cycle: 20
[BRIDGE_DAEMON] 2026-02-02 17:27:41,811 INFO: Regime: CRISIS (confidence=0.9904)
[BRIDGE_DAEMON] 2026-02-02 17:27:41,826 INFO: Eligible hypotheses (scope guard: ('FINN-T', 'finn_crypto_scheduler')): 20
[BRIDGE_DAEMON] 2026-02-02 17:27:41,831 ERROR: Failed creating experiment for FINNT-CRE-20260130180505: cannot insert a non-DEFAULT value into column "parameter_count"
DETAIL:  Column "parameter_count" is a generated column.

[BRIDGE_DAEMON] 2026-02-02 17:27:41,832 ERROR: Failed creating experiment for FINNT-CRE-20260130190526: cannot insert a non-DEFAULT value into column "parameter_count"
DETAIL:  Column "parameter_count" is a generated column.

[BRIDGE_DAEMON] 2026-02-02 17:27:41,834 ERROR: Failed creating experiment for FINNT-CRE-20260130200545: cannot insert a non-DEFAULT value into column "parameter_count"
DETAIL:  Column "parameter_count" is a generated column.

[BRIDGE_DAEMON] 2026-02-02 17:27:41,836 ERROR: Failed creating experiment for FINNT-CRE-20260130210600: cannot insert a non-DEFAULT value into column "parameter_count"
DETAIL:  Column "parameter_count" is a generated column.

[BRIDGE_DAEMON] 2026-02-02 17:27:41,839 ERROR: Failed creating experiment for FINNT-CRE-20260130220608: cannot insert a non-DEFAULT value into column "parameter_count"
DETAIL:  Column "parameter_count" is a generated column.

[BRIDGE_DAEMON] 2026-02-02 17:27:41,843 ERROR: Failed creating experiment for FINNT-CRE-20260130230618: cannot insert a non-DEFAULT value into column "parameter_count"
DETAIL:  Column "parameter_count" is a generated column.

[BRIDGE_DAEMON] 2026-02-02 17:27:41,853 ERROR: Failed creating experiment for FINNT-CRE-20260131000628: cannot insert a non-DEFAULT value into column "parameter_count"
DETAIL:  Column "parameter_count" is a generated column.

[BRIDGE_DAEMON] 2026-02-02 17:27:41,853 ERROR: Failed creating experiment for FINNT-CRE-20260131010637: cannot insert a non-DEFAULT value into column "parameter_count"
DETAIL:  Column "parameter_count" is a generated column.

[BRIDGE_DAEMON] 2026-02-02 17:27:41,853 ERROR: Failed creating experiment for FINNT-CRE-20260131020646: cannot insert a non-DEFAULT value into column "parameter_count"
DETAIL:  Column "parameter_count" is a generated column.

[BRIDGE_DAEMON] 2026-02-02 17:27:41,853 ERROR: Failed creating experiment for FINNT-CRE-20260131030655: cannot insert a non-DEFAULT value into column "parameter_count"
DETAIL:  Column "parameter_count" is a generated column.

[BRIDGE_DAEMON] 2026-02-02 17:27:41,860 ERROR: Failed creating experiment for FINNT-CRE-20260131040704: cannot insert a non-DEFAULT value into column "parameter_count"
DETAIL:  Column "parameter_count" is a generated column.

[BRIDGE_DAEMON] 2026-02-02 17:27:41,861 ERROR: Failed creating experiment for FINNT-CRE-20260131050713: cannot insert a non-DEFAULT value into column "parameter_count"
DETAIL:  Column "parameter_count" is a generated column.

[BRIDGE_DAEMON] 2026-02-02 17:27:41,861 ERROR: Failed creating experiment for FINNT-CRE-20260131060722: cannot insert a non-DEFAULT value into column "parameter_count"
DETAIL:  Column "parameter_count" is a generated column.

[BRIDGE_DAEMON] 2026-02-02 17:27:41,865 ERROR: Failed creating experiment for FINNT-CRE-20260131070731: cannot insert a non-DEFAULT value into column "parameter_count"
DETAIL:  Column "parameter_count" is a generated column.

[BRIDGE_DAEMON] 2026-02-02 17:27:41,865 ERROR: Failed creating experiment for FINNT-CRE-20260131080737: cannot insert a non-DEFAULT value into column "parameter_count"
DETAIL:  Column "parameter_count" is a generated column.

[BRIDGE_DAEMON] 2026-02-02 17:27:41,865 ERROR: Failed creating experiment for FINNT-CRE-20260131090744: cannot insert a non-DEFAULT value into column "parameter_count"
DETAIL:  Column "parameter_count" is a generated column.

[BRIDGE_DAEMON] 2026-02-02 17:27:41,865 ERROR: Failed creating experiment for FINNT-CRE-20260131100750: cannot insert a non-DEFAULT value into column "parameter_count"
DETAIL:  Column "parameter_count" is a generated column.

[BRIDGE_DAEMON] 2026-02-02 17:27:41,865 ERROR: Failed creating experiment for FINNT-CRE-20260131110757: cannot insert a non-DEFAULT value into column "parameter_count"
DETAIL:  Column "parameter_count" is a generated column.

[BRIDGE_DAEMON] 2026-02-02 17:27:41,875 ERROR: Failed creating experiment for FINNT-CRE-20260131120804: cannot insert a non-DEFAULT value into column "parameter_count"
DETAIL:  Column "parameter_count" is a generated column.

[BRIDGE_DAEMON] 2026-02-02 17:27:41,875 ERROR: Failed creating experiment for FINNT-CRE-20260131130809: cannot insert a non-DEFAULT value into column "parameter_count"
DETAIL:  Column "parameter_count" is a generated column.

[BRIDGE_DAEMON] 2026-02-02 17:27:41,895 INFO: Cycle complete: created=0, skipped=0, zombies_terminated=0
[BRIDGE_DAEMON] 2026-02-02 17:27:41,906 INFO: Evidence written: C:\fhq-market-system\vision-ios\03_FUNCTIONS\evidence\BRIDGE_DAEMON_20260202_162741.json
[BRIDGE_DAEMON] 2026-02-02 17:28:14,783 INFO: DEFCON=GREEN -- proceeding
[BRIDGE_DAEMON] 2026-02-02 17:28:14,806 INFO: Rate governor: 0/20 used, budget this cycle: 20
[BRIDGE_DAEMON] 2026-02-02 17:28:14,813 INFO: Regime: CRISIS (confidence=0.9904)
[BRIDGE_DAEMON] 2026-02-02 17:28:14,838 INFO: Eligible hypotheses (scope guard: ('FINN-T', 'finn_crypto_scheduler')): 20
[BRIDGE_DAEMON] 2026-02-02 17:28:14,848 INFO: CREATED: EXP_BRIDGE_FINNT-CRE-20260130180505 -> hypothesis FINNT-CRE-20260130180505 (generator=FINN-T)
[BRIDGE_DAEMON] 2026-02-02 17:28:14,850 INFO: CREATED: EXP_BRIDGE_FINNT-CRE-20260130190526 -> hypothesis FINNT-CRE-20260130190526 (generator=FINN-T)
[BRIDGE_DAEMON] 2026-02-02 17:28:14,854 INFO: CREATED: EXP_BRIDGE_FINNT-CRE-20260130200545 -> hypothesis FINNT-CRE-20260130200545 (generator=FINN-T)
[BRIDGE_DAEMON] 2026-02-02 17:28:14,857 INFO: CREATED: EXP_BRIDGE_FINNT-CRE-20260130210600 -> hypothesis FINNT-CRE-20260130210600 (generator=FINN-T)
[BRIDGE_DAEMON] 2026-02-02 17:28:14,859 INFO: CREATED: EXP_BRIDGE_FINNT-CRE-20260130220608 -> hypothesis FINNT-CRE-20260130220608 (generator=FINN-T)
[BRIDGE_DAEMON] 2026-02-02 17:28:14,861 INFO: CREATED: EXP_BRIDGE_FINNT-CRE-20260130230618 -> hypothesis FINNT-CRE-20260130230618 (generator=FINN-T)
[BRIDGE_DAEMON] 2026-02-02 17:28:14,863 INFO: CREATED: EXP_BRIDGE_FINNT-CRE-20260131000628 -> hypothesis FINNT-CRE-20260131000628 (generator=FINN-T)
[BRIDGE_DAEMON] 2026-02-02 17:28:14,863 INFO: CREATED: EXP_BRIDGE_FINNT-CRE-20260131010637 -> hypothesis FINNT-CRE-20260131010637 (generator=FINN-T)
[BRIDGE_DAEMON] 2026-02-02 17:28:14,863 INFO: CREATED: EXP_BRIDGE_FINNT-CRE-20260131020646 -> hypothesis FINNT-CRE-20260131020646 (generator=FINN-T)
[BRIDGE_DAEMON] 2026-02-02 17:28:14,863 INFO: CREATED: EXP_BRIDGE_FINNT-CRE-20260131030655 -> hypothesis FINNT-CRE-20260131030655 (generator=FINN-T)
[BRIDGE_DAEMON] 2026-02-02 17:28:14,872 INFO: CREATED: EXP_BRIDGE_FINNT-CRE-20260131040704 -> hypothesis FINNT-CRE-20260131040704 (generator=FINN-T)
[BRIDGE_DAEMON] 2026-02-02 17:28:14,874 INFO: CREATED: EXP_BRIDGE_FINNT-CRE-20260131050713 -> hypothesis FINNT-CRE-20260131050713 (generator=FINN-T)
[BRIDGE_DAEMON] 2026-02-02 17:28:14,876 INFO: CREATED: EXP_BRIDGE_FINNT-CRE-20260131060722 -> hypothesis FINNT-CRE-20260131060722 (generator=FINN-T)
[BRIDGE_DAEMON] 2026-02-02 17:28:14,878 INFO: CREATED: EXP_BRIDGE_FINNT-CRE-20260131070731 -> hypothesis FINNT-CRE-20260131070731 (generator=FINN-T)
[BRIDGE_DAEMON] 2026-02-02 17:28:14,880 INFO: CREATED: EXP_BRIDGE_FINNT-CRE-20260131080737 -> hypothesis FINNT-CRE-20260131080737 (generator=FINN-T)
[BRIDGE_DAEMON] 2026-02-02 17:28:14,882 INFO: CREATED: EXP_BRIDGE_FINNT-CRE-20260131090744 -> hypothesis FINNT-CRE-20260131090744 (generator=FINN-T)
[BRIDGE_DAEMON] 2026-02-02 17:28:14,884 INFO: CREATED: EXP_BRIDGE_FINNT-CRE-20260131100750 -> hypothesis FINNT-CRE-20260131100750 (generator=FINN-T)
[BRIDGE_DAEMON] 2026-02-02 17:28:14,885 INFO: CREATED: EXP_BRIDGE_FINNT-CRE-20260131110757 -> hypothesis FINNT-CRE-20260131110757 (generator=FINN-T)
[BRIDGE_DAEMON] 2026-02-02 17:28:14,888 INFO: CREATED: EXP_BRIDGE_FINNT-CRE-20260131120804 -> hypothesis FINNT-CRE-20260131120804 (generator=FINN-T)
[BRIDGE_DAEMON] 2026-02-02 17:28:14,890 INFO: CREATED: EXP_BRIDGE_FINNT-CRE-20260131130809 -> hypothesis FINNT-CRE-20260131130809 (generator=FINN-T)
[BRIDGE_DAEMON] 2026-02-02 17:28:14,899 INFO: Cycle complete: created=20, skipped=0, zombies_terminated=0
[BRIDGE_DAEMON] 2026-02-02 17:28:14,902 INFO: Evidence written: C:\fhq-market-system\vision-ios\03_FUNCTIONS\evidence\BRIDGE_DAEMON_20260202_162814.json
[BRIDGE_DAEMON] 2026-02-02 17:28:35,503 INFO: DEFCON=GREEN -- proceeding
[BRIDGE_DAEMON] 2026-02-02 17:28:35,514 INFO: Rate limit reached: 20/20 bridge experiments in last 24h. Skipping creation.
[BRIDGE_DAEMON] 2026-02-02 17:28:44,294 INFO: DEFCON=GREEN -- proceeding
[BRIDGE_DAEMON] 2026-02-02 17:28:44,306 INFO: Rate limit reached: 20/20 bridge experiments in last 24h. Skipping creation.
[BRIDGE_DAEMON] 2026-02-02 17:35:27,304 INFO: ======================================================================
[BRIDGE_DAEMON] 2026-02-02 17:35:27,304 INFO: BRIDGE DAEMON START | mode=CONTINUOUS | interval=60m | batch=20
[BRIDGE_DAEMON] 2026-02-02 17:35:27,304 INFO: Scope guard (Constraint A): ('FINN-T', 'finn_crypto_scheduler')
[BRIDGE_DAEMON] 2026-02-02 17:35:27,304 INFO: Rate governor (Constraint D): 20/24h
[BRIDGE_DAEMON] 2026-02-02 17:35:27,304 INFO: ======================================================================
[BRIDGE_DAEMON] 2026-02-02 17:35:27,459 INFO: DEFCON=GREEN -- proceeding
[BRIDGE_DAEMON] 2026-02-02 17:35:27,474 INFO: Rate limit reached: 20/20 bridge experiments in last 24h. Skipping creation.
[BRIDGE_DAEMON] 2026-02-02 17:35:27,485 INFO: Evidence written: C:\fhq-market-system\vision-ios\03_FUNCTIONS\evidence\BRIDGE_DAEMON_20260202_163527.json
[BRIDGE_DAEMON] 2026-02-02 17:35:27,485 INFO: Sleeping 60 minutes until next cycle...
[BRIDGE_DAEMON] 2026-02-02 18:35:27,712 INFO: DEFCON=GREEN -- proceeding
[BRIDGE_DAEMON] 2026-02-02 18:35:27,753 INFO: Rate limit reached: 20/20 bridge experiments in last 24h. Skipping creation.
[BRIDGE_DAEMON] 2026-02-02 18:35:27,777 INFO: Evidence written: C:\fhq-market-system\vision-ios\03_FUNCTIONS\evidence\BRIDGE_DAEMON_20260202_173527.json
[BRIDGE_DAEMON] 2026-02-02 18:35:27,778 INFO: Sleeping 60 minutes until next cycle...
[BRIDGE_DAEMON] 2026-02-02 19:35:28,015 INFO: DEFCON=GREEN -- proceeding
[BRIDGE_DAEMON] 2026-02-02 19:35:28,049 INFO: Rate limit reached: 20/20 bridge experiments in last 24h. Skipping creation.
[BRIDGE_DAEMON] 2026-02-02 19:35:28,070 INFO: Evidence written: C:\fhq-market-system\vision-ios\03_FUNCTIONS\evidence\BRIDGE_DAEMON_20260202_183528.json
[BRIDGE_DAEMON] 2026-02-02 19:35:28,070 INFO: Sleeping 60 minutes until next cycle...
[BRIDGE_DAEMON] 2026-02-02 20:35:28,494 INFO: DEFCON=GREEN -- proceeding
[BRIDGE_DAEMON] 2026-02-02 20:35:28,536 INFO: Rate limit reached: 20/20 bridge experiments in last 24h. Skipping creation.
[BRIDGE_DAEMON] 2026-02-02 20:35:28,576 INFO: Evidence written: C:\fhq-market-system\vision-ios\03_FUNCTIONS\evidence\BRIDGE_DAEMON_20260202_193528.json
[BRIDGE_DAEMON] 2026-02-02 20:35:28,577 INFO: Sleeping 60 minutes until next cycle...
[BRIDGE_DAEMON] 2026-02-02 21:35:28,727 INFO: DEFCON=GREEN -- proceeding
[BRIDGE_DAEMON] 2026-02-02 21:35:28,758 INFO: Rate limit reached: 20/20 bridge experiments in last 24h. Skipping creation.
[BRIDGE_DAEMON] 2026-02-02 21:35:28,784 INFO: Evidence written: C:\fhq-market-system\vision-ios\03_FUNCTIONS\evidence\BRIDGE_DAEMON_20260202_203528.json
[BRIDGE_DAEMON] 2026-02-02 21:35:28,785 INFO: Sleeping 60 minutes until next cycle...
[BRIDGE_DAEMON] 2026-02-02 22:35:29,008 INFO: DEFCON=GREEN -- proceeding
[BRIDGE_DAEMON] 2026-02-02 22:35:29,039 INFO: Rate limit reached: 20/20 bridge experiments in last 24h. Skipping creation.
[BRIDGE_DAEMON] 2026-02-02 22:35:29,059 INFO: Evidence written: C:\fhq-market-system\vision-ios\03_FUNCTIONS\evidence\BRIDGE_DAEMON_20260202_213529.json
[BRIDGE_DAEMON] 2026-02-02 22:35:29,059 INFO: Sleeping 60 minutes until next cycle...
[BRIDGE_DAEMON] 2026-02-02 23:35:29,260 INFO: DEFCON=GREEN -- proceeding
[BRIDGE_DAEMON] 2026-02-02 23:35:29,280 INFO: Rate limit reached: 20/20 bridge experiments in last 24h. Skipping creation.
[BRIDGE_DAEMON] 2026-02-02 23:35:29,291 INFO: Evidence written: C:\fhq-market-system\vision-ios\03_FUNCTIONS\evidence\BRIDGE_DAEMON_20260202_223529.json
[BRIDGE_DAEMON] 2026-02-02 23:35:29,301 INFO: Sleeping 60 minutes until next cycle...
[BRIDGE_DAEMON] 2026-02-03 00:35:29,401 INFO: DEFCON=GREEN -- proceeding
[BRIDGE_DAEMON] 2026-02-03 00:35:29,421 INFO: Rate limit reached: 20/20 bridge experiments in last 24h. Skipping creation.
[BRIDGE_DAEMON] 2026-02-03 00:35:29,431 INFO: Evidence written: C:\fhq-market-system\vision-ios\03_FUNCTIONS\evidence\BRIDGE_DAEMON_20260202_233529.json
[BRIDGE_DAEMON] 2026-02-03 00:35:29,431 INFO: Sleeping 60 minutes until next cycle...
[BRIDGE_DAEMON] 2026-02-03 01:35:29,606 INFO: DEFCON=GREEN -- proceeding
[BRIDGE_DAEMON] 2026-02-03 01:35:29,647 INFO: Rate limit reached: 20/20 bridge experiments in last 24h. Skipping creation.
[BRIDGE_DAEMON] 2026-02-03 01:35:29,699 INFO: Evidence written: C:\fhq-market-system\vision-ios\03_FUNCTIONS\evidence\BRIDGE_DAEMON_20260203_003529.json
[BRIDGE_DAEMON] 2026-02-03 01:35:29,699 INFO: Sleeping 60 minutes until next cycle...
[BRIDGE_DAEMON] 2026-02-03 02:35:28,711 INFO: DEFCON=GREEN -- proceeding
[BRIDGE_DAEMON] 2026-02-03 02:35:28,732 INFO: Rate limit reached: 20/20 bridge experiments in last 24h. Skipping creation.
[BRIDGE_DAEMON] 2026-02-03 02:35:28,744 INFO: Evidence written: C:\fhq-market-system\vision-ios\03_FUNCTIONS\evidence\BRIDGE_DAEMON_20260203_013528.json
[BRIDGE_DAEMON] 2026-02-03 02:35:28,744 INFO: Sleeping 60 minutes until next cycle...
[BRIDGE_DAEMON] 2026-02-03 03:35:28,880 INFO: DEFCON=GREEN -- proceeding
[BRIDGE_DAEMON] 2026-02-03 03:35:28,896 INFO: Rate limit reached: 20/20 bridge experiments in last 24h. Skipping creation.
[BRIDGE_DAEMON] 2026-02-03 03:35:28,925 INFO: Evidence written: C:\fhq-market-system\vision-ios\03_FUNCTIONS\evidence\BRIDGE_DAEMON_20260203_023528.json
[BRIDGE_DAEMON] 2026-02-03 03:35:28,925 INFO: Sleeping 60 minutes until next cycle...
[BRIDGE_DAEMON] 2026-02-03 04:35:29,123 INFO: DEFCON=GREEN -- proceeding
[BRIDGE_DAEMON] 2026-02-03 04:35:29,143 INFO: Rate limit reached: 20/20 bridge experiments in last 24h. Skipping creation.
[BRIDGE_DAEMON] 2026-02-03 04:35:29,156 INFO: Evidence written: C:\fhq-market-system\vision-ios\03_FUNCTIONS\evidence\BRIDGE_DAEMON_20260203_033529.json
[BRIDGE_DAEMON] 2026-02-03 04:35:29,156 INFO: Sleeping 60 minutes until next cycle...
[BRIDGE_DAEMON] 2026-02-03 05:35:29,254 INFO: DEFCON=GREEN -- proceeding
[BRIDGE_DAEMON] 2026-02-03 05:35:29,265 INFO: Rate limit reached: 20/20 bridge experiments in last 24h. Skipping creation.
[BRIDGE_DAEMON] 2026-02-03 05:35:29,275 INFO: Evidence written: C:\fhq-market-system\vision-ios\03_FUNCTIONS\evidence\BRIDGE_DAEMON_20260203_043529.json
[BRIDGE_DAEMON] 2026-02-03 05:35:29,275 INFO: Sleeping 60 minutes until next cycle...
[BRIDGE_DAEMON] 2026-02-03 06:35:29,403 INFO: DEFCON=GREEN -- proceeding
[BRIDGE_DAEMON] 2026-02-03 06:35:29,416 INFO: Rate limit reached: 20/20 bridge experiments in last 24h. Skipping creation.
[BRIDGE_DAEMON] 2026-02-03 06:35:29,426 INFO: Evidence written: C:\fhq-market-system\vision-ios\03_FUNCTIONS\evidence\BRIDGE_DAEMON_20260203_053529.json
[BRIDGE_DAEMON] 2026-02-03 06:35:29,428 INFO: Sleeping 60 minutes until next cycle...
[BRIDGE_DAEMON] 2026-02-03 07:35:29,740 INFO: DEFCON=GREEN -- proceeding
[BRIDGE_DAEMON] 2026-02-03 07:35:29,755 INFO: Rate limit reached: 20/20 bridge experiments in last 24h. Skipping creation.
[BRIDGE_DAEMON] 2026-02-03 07:35:29,768 INFO: Evidence written: C:\fhq-market-system\vision-ios\03_FUNCTIONS\evidence\BRIDGE_DAEMON_20260203_063529.json
[BRIDGE_DAEMON] 2026-02-03 07:35:29,769 INFO: Sleeping 60 minutes until next cycle...
[BRIDGE_DAEMON] 2026-02-03 08:35:29,987 INFO: DEFCON=GREEN -- proceeding
[BRIDGE_DAEMON] 2026-02-03 08:35:30,007 INFO: Rate limit reached: 20/20 bridge experiments in last 24h. Skipping creation.
[BRIDGE_DAEMON] 2026-02-03 08:35:30,024 INFO: Evidence written: C:\fhq-market-system\vision-ios\03_FUNCTIONS\evidence\BRIDGE_DAEMON_20260203_073530.json
[BRIDGE_DAEMON] 2026-02-03 08:35:30,024 INFO: Sleeping 60 minutes until next cycle...
[BRIDGE_DAEMON] 2026-02-03 09:35:30,139 INFO: DEFCON=GREEN -- proceeding
[BRIDGE_DAEMON] 2026-02-03 09:35:30,148 INFO: Rate limit reached: 20/20 bridge experiments in last 24h. Skipping creation.
[BRIDGE_DAEMON] 2026-02-03 09:35:30,169 INFO: Evidence written: C:\fhq-market-system\vision-ios\03_FUNCTIONS\evidence\BRIDGE_DAEMON_20260203_083530.json
[BRIDGE_DAEMON] 2026-02-03 09:35:30,169 INFO: Sleeping 60 minutes until next cycle...
[BRIDGE_DAEMON] 2026-02-03 10:35:30,477 INFO: DEFCON=GREEN -- proceeding
[BRIDGE_DAEMON] 2026-02-03 10:35:30,510 INFO: Rate limit reached: 20/20 bridge experiments in last 24h. Skipping creation.
[BRIDGE_DAEMON] 2026-02-03 10:35:30,532 INFO: Evidence written: C:\fhq-market-system\vision-ios\03_FUNCTIONS\evidence\BRIDGE_DAEMON_20260203_093530.json
[BRIDGE_DAEMON] 2026-02-03 10:35:30,532 INFO: Sleeping 60 minutes until next cycle...
[BRIDGE_DAEMON] 2026-02-03 11:35:30,777 INFO: DEFCON=GREEN -- proceeding
[BRIDGE_DAEMON] 2026-02-03 11:35:30,813 INFO: Rate limit reached: 20/20 bridge experiments in last 24h. Skipping creation.
[BRIDGE_DAEMON] 2026-02-03 11:35:30,836 INFO: Evidence written: C:\fhq-market-system\vision-ios\03_FUNCTIONS\evidence\BRIDGE_DAEMON_20260203_103530.json
[BRIDGE_DAEMON] 2026-02-03 11:35:30,836 INFO: Sleeping 60 minutes until next cycle...
[BRIDGE_DAEMON] 2026-02-03 12:35:31,123 INFO: DEFCON=GREEN -- proceeding
[BRIDGE_DAEMON] 2026-02-03 12:35:31,163 INFO: Rate limit reached: 20/20 bridge experiments in last 24h. Skipping creation.
[BRIDGE_DAEMON] 2026-02-03 12:35:31,190 INFO: Evidence written: C:\fhq-market-system\vision-ios\03_FUNCTIONS\evidence\BRIDGE_DAEMON_20260203_113531.json
[BRIDGE_DAEMON] 2026-02-03 12:35:31,191 INFO: Sleeping 60 minutes until next cycle...
[BRIDGE_DAEMON] 2026-02-03 13:35:31,332 INFO: DEFCON=GREEN -- proceeding
[BRIDGE_DAEMON] 2026-02-03 13:35:31,358 INFO: Rate limit reached: 20/20 bridge experiments in last 24h. Skipping creation.
[BRIDGE_DAEMON] 2026-02-03 13:35:31,387 INFO: Evidence written: C:\fhq-market-system\vision-ios\03_FUNCTIONS\evidence\BRIDGE_DAEMON_20260203_123531.json
[BRIDGE_DAEMON] 2026-02-03 13:35:31,387 INFO: Sleeping 60 minutes until next cycle...
[BRIDGE_DAEMON] 2026-02-03 14:35:31,653 INFO: DEFCON=GREEN -- proceeding
[BRIDGE_DAEMON] 2026-02-03 14:35:31,692 INFO: Rate limit reached: 20/20 bridge experiments in last 24h. Skipping creation.
[BRIDGE_DAEMON] 2026-02-03 14:35:31,720 INFO: Evidence written: C:\fhq-market-system\vision-ios\03_FUNCTIONS\evidence\BRIDGE_DAEMON_20260203_133531.json
[BRIDGE_DAEMON] 2026-02-03 14:35:31,720 INFO: Sleeping 60 minutes until next cycle...
[BRIDGE_DAEMON] 2026-02-03 15:35:31,864 INFO: DEFCON=GREEN -- proceeding
[BRIDGE_DAEMON] 2026-02-03 15:35:31,888 INFO: Rate limit reached: 20/20 bridge experiments in last 24h. Skipping creation.
[BRIDGE_DAEMON] 2026-02-03 15:35:31,910 INFO: Evidence written: C:\fhq-market-system\vision-ios\03_FUNCTIONS\evidence\BRIDGE_DAEMON_20260203_143531.json
[BRIDGE_DAEMON] 2026-02-03 15:35:31,910 INFO: Sleeping 60 minutes until next cycle...
[BRIDGE_DAEMON] 2026-02-03 16:35:32,162 INFO: DEFCON=GREEN -- proceeding
[BRIDGE_DAEMON] 2026-02-03 16:35:32,205 INFO: Rate limit reached: 20/20 bridge experiments in last 24h. Skipping creation.
[BRIDGE_DAEMON] 2026-02-03 16:35:32,239 INFO: Evidence written: C:\fhq-market-system\vision-ios\03_FUNCTIONS\evidence\BRIDGE_DAEMON_20260203_153532.json
[BRIDGE_DAEMON] 2026-02-03 16:35:32,239 INFO: Sleeping 60 minutes until next cycle...
[BRIDGE_DAEMON] 2026-02-03 17:04:11,737 INFO: ======================================================================
[BRIDGE_DAEMON] 2026-02-03 17:04:11,737 INFO: BRIDGE DAEMON START | mode=TEST | interval=60m | batch=20
[BRIDGE_DAEMON] 2026-02-03 17:04:11,737 INFO: Scope guard (Constraint A): ('FINN-T', 'finn_crypto_scheduler')
[BRIDGE_DAEMON] 2026-02-03 17:04:11,737 INFO: Rate governor (Constraint D): 20/24h
[BRIDGE_DAEMON] 2026-02-03 17:04:11,737 INFO: ======================================================================
[BRIDGE_DAEMON] 2026-02-03 17:04:11,876 INFO: DEFCON=GREEN -- proceeding
[BRIDGE_DAEMON] 2026-02-03 17:04:11,900 INFO: Rate governor: 0/20 used, budget this cycle: 20
[BRIDGE_DAEMON] 2026-02-03 17:04:11,907 INFO: Regime: CRISIS (confidence=0.993)
[BRIDGE_DAEMON] 2026-02-03 17:04:11,922 INFO: Eligible hypotheses (scope guard: ('FINN-T', 'finn_crypto_scheduler')): 20
[BRIDGE_DAEMON] 2026-02-03 17:04:11,923 INFO: [DRY-RUN] Would create EXP_BRIDGE_FINNT-CRE-20260131140816 for FINNT-CRE-20260131140816 (generator=FINN-T)
[BRIDGE_DAEMON] 2026-02-03 17:04:11,923 INFO: [DRY-RUN] Would create EXP_BRIDGE_FINNT-CRE-20260131150823 for FINNT-CRE-20260131150823 (generator=FINN-T)
[BRIDGE_DAEMON] 2026-02-03 17:04:11,924 INFO: [DRY-RUN] Would create EXP_BRIDGE_FINNT-CRE-20260131160830 for FINNT-CRE-20260131160830 (generator=FINN-T)
[BRIDGE_DAEMON] 2026-02-03 17:04:11,924 INFO: [DRY-RUN] Would create EXP_BRIDGE_FINNT-CRE-20260131170837 for FINNT-CRE-20260131170837 (generator=FINN-T)
[BRIDGE_DAEMON] 2026-02-03 17:04:11,924 INFO: [DRY-RUN] Would create EXP_BRIDGE_FINNT-CRE-20260131180844 for FINNT-CRE-20260131180844 (generator=FINN-T)
[BRIDGE_DAEMON] 2026-02-03 17:04:11,925 INFO: [DRY-RUN] Would create EXP_BRIDGE_FINNT-CRE-20260131190851 for FINNT-CRE-20260131190851 (generator=FINN-T)
[BRIDGE_DAEMON] 2026-02-03 17:04:11,925 INFO: [DRY-RUN] Would create EXP_BRIDGE_FINNT-CRE-20260131200858 for FINNT-CRE-20260131200858 (generator=FINN-T)
[BRIDGE_DAEMON] 2026-02-03 17:04:11,926 INFO: [DRY-RUN] Would create EXP_BRIDGE_FINNT-CRE-20260131210905 for FINNT-CRE-20260131210905 (generator=FINN-T)
[BRIDGE_DAEMON] 2026-02-03 17:04:11,926 INFO: [DRY-RUN] Would create EXP_BRIDGE_FINNT-CRE-20260131220912 for FINNT-CRE-20260131220912 (generator=FINN-T)
[BRIDGE_DAEMON] 2026-02-03 17:04:11,926 INFO: [DRY-RUN] Would create EXP_BRIDGE_FINNT-CRE-20260131230919 for FINNT-CRE-20260131230919 (generator=FINN-T)
[BRIDGE_DAEMON] 2026-02-03 17:04:11,927 INFO: [DRY-RUN] Would create EXP_BRIDGE_FINNT-CRE-20260201000926 for FINNT-CRE-20260201000926 (generator=FINN-T)
[BRIDGE_DAEMON] 2026-02-03 17:04:11,927 INFO: [DRY-RUN] Would create EXP_BRIDGE_FINNT-CRE-20260201010932 for FINNT-CRE-20260201010932 (generator=FINN-T)
[BRIDGE_DAEMON] 2026-02-03 17:04:11,927 INFO: [DRY-RUN] Would create EXP_BRIDGE_FINNT-CRE-20260201020938 for FINNT-CRE-20260201020938 (generator=FINN-T)
[BRIDGE_DAEMON] 2026-02-03 17:04:11,928 INFO: [DRY-RUN] Would create EXP_BRIDGE_FINNT-CRE-20260201030945 for FINNT-CRE-20260201030945 (generator=FINN-T)
[BRIDGE_DAEMON] 2026-02-03 17:04:11,928 INFO: [DRY-RUN] Would create EXP_BRIDGE_FINNT-CRE-20260201040956 for FINNT-CRE-20260201040956 (generator=FINN-T)
[BRIDGE_DAEMON] 2026-02-03 17:04:11,928 INFO: [DRY-RUN] Would create EXP_BRIDGE_FINNT-CRE-20260201051006 for FINNT-CRE-20260201051006 (generator=FINN-T)
[BRIDGE_DAEMON] 2026-02-03 17:04:11,929 INFO: [DRY-RUN] Would create EXP_BRIDGE_FINNT-CRE-20260201135916 for FINNT-CRE-20260201135916 (generator=FINN-T)
[BRIDGE_DAEMON] 2026-02-03 17:04:11,929 INFO: [DRY-RUN] Would create EXP_BRIDGE_FINNT-CRE-20260202073837 for FINNT-CRE-20260202073837 (generator=FINN-T)
[BRIDGE_DAEMON] 2026-02-03 17:04:11,929 INFO: [DRY-RUN] Would create EXP_BRIDGE_FINNT-CRE-20260202083842 for FINNT-CRE-20260202083842 (generator=FINN-T)
[BRIDGE_DAEMON] 2026-02-03 17:04:11,929 INFO: [DRY-RUN] Would create EXP_BRIDGE_CRYPTO-FUND-20260202083844 for CRYPTO-FUND-20260202083844 (generator=finn_crypto_scheduler)
[BRIDGE_DAEMON] 2026-02-03 17:04:11,939 INFO: Cycle complete: created=20, skipped=0, zombies_terminated=0
[BRIDGE_DAEMON] 2026-02-03 17:04:11,939 INFO: Evidence written: C:\fhq-market-system\vision-ios\03_FUNCTIONS\evidence\BRIDGE_DAEMON_20260203_160411.json
[BRIDGE_DAEMON] 2026-02-03 17:04:11,939 INFO: TEST cycle complete. Evidence: C:\fhq-market-system\vision-ios\03_FUNCTIONS\evidence\BRIDGE_DAEMON_20260203_160411.json
[BRIDGE_DAEMON] 2026-02-03 17:35:32,410 INFO: DEFCON=GREEN -- proceeding
[BRIDGE_DAEMON] 2026-02-03 17:35:32,450 INFO: Rate governor: 0/20 used, budget this cycle: 20
[BRIDGE_DAEMON] 2026-02-03 17:35:32,460 INFO: Regime: CRISIS (confidence=0.993)
[BRIDGE_DAEMON] 2026-02-03 17:35:32,494 INFO: Eligible hypotheses (scope guard: ('FINN-T', 'finn_crypto_scheduler')): 20
[BRIDGE_DAEMON] 2026-02-03 17:35:32,516 INFO: CREATED: EXP_BRIDGE_FINNT-CRE-20260131140816 -> hypothesis FINNT-CRE-20260131140816 (generator=FINN-T)
[BRIDGE_DAEMON] 2026-02-03 17:35:32,518 INFO: CREATED: EXP_BRIDGE_FINNT-CRE-20260131150823 -> hypothesis FINNT-CRE-20260131150823 (generator=FINN-T)
[BRIDGE_DAEMON] 2026-02-03 17:35:32,528 INFO: CREATED: EXP_BRIDGE_FINNT-CRE-20260131160830 -> hypothesis FINNT-CRE-20260131160830 (generator=FINN-T)
[BRIDGE_DAEMON] 2026-02-03 17:35:32,530 INFO: CREATED: EXP_BRIDGE_FINNT-CRE-20260131170837 -> hypothesis FINNT-CRE-20260131170837 (generator=FINN-T)
[BRIDGE_DAEMON] 2026-02-03 17:35:32,530 INFO: CREATED: EXP_BRIDGE_FINNT-CRE-20260131180844 -> hypothesis FINNT-CRE-20260131180844 (generator=FINN-T)
[BRIDGE_DAEMON] 2026-02-03 17:35:32,530 INFO: CREATED: EXP_BRIDGE_FINNT-CRE-20260131190851 -> hypothesis FINNT-CRE-20260131190851 (generator=FINN-T)
[BRIDGE_DAEMON] 2026-02-03 17:35:32,530 INFO: CREATED: EXP_BRIDGE_FINNT-CRE-20260131200858 -> hypothesis FINNT-CRE-20260131200858 (generator=FINN-T)
[BRIDGE_DAEMON] 2026-02-03 17:35:32,540 INFO: CREATED: EXP_BRIDGE_FINNT-CRE-20260131210905 -> hypothesis FINNT-CRE-20260131210905 (generator=FINN-T)
[BRIDGE_DAEMON] 2026-02-03 17:35:32,550 INFO: CREATED: EXP_BRIDGE_FINNT-CRE-20260131220912 -> hypothesis FINNT-CRE-20260131220912 (generator=FINN-T)
[BRIDGE_DAEMON] 2026-02-03 17:35:32,550 INFO: CREATED: EXP_BRIDGE_FINNT-CRE-20260131230919 -> hypothesis FINNT-CRE-20260131230919 (generator=FINN-T)
[BRIDGE_DAEMON] 2026-02-03 17:35:32,550 INFO: CREATED: EXP_BRIDGE_FINNT-CRE-20260201000926 -> hypothesis FINNT-CRE-20260201000926 (generator=FINN-T)
[BRIDGE_DAEMON] 2026-02-03 17:35:32,550 INFO: CREATED: EXP_BRIDGE_FINNT-CRE-20260201010932 -> hypothesis FINNT-CRE-20260201010932 (generator=FINN-T)
[BRIDGE_DAEMON] 2026-02-03 17:35:32,560 INFO: CREATED: EXP_BRIDGE_FINNT-CRE-20260201020938 -> hypothesis FINNT-CRE-20260201020938 (generator=FINN-T)
[BRIDGE_DAEMON] 2026-02-03 17:35:32,563 INFO: CREATED: EXP_BRIDGE_FINNT-CRE-20260201030945 -> hypothesis FINNT-CRE-20260201030945 (generator=FINN-T)
[BRIDGE_DAEMON] 2026-02-03 17:35:32,564 INFO: CREATED: EXP_BRIDGE_FINNT-CRE-20260201040956 -> hypothesis FINNT-CRE-20260201040956 (generator=FINN-T)
[BRIDGE_DAEMON] 2026-02-03 17:35:32,564 INFO: CREATED: EXP_BRIDGE_FINNT-CRE-20260201051006 -> hypothesis FINNT-CRE-20260201051006 (generator=FINN-T)
[BRIDGE_DAEMON] 2026-02-03 17:35:32,571 INFO: CREATED: EXP_BRIDGE_FINNT-CRE-20260201135916 -> hypothesis FINNT-CRE-20260201135916 (generator=FINN-T)
[BRIDGE_DAEMON] 2026-02-03 17:35:32,572 INFO: CREATED: EXP_BRIDGE_FINNT-CRE-20260202073837 -> hypothesis FINNT-CRE-20260202073837 (generator=FINN-T)
[BRIDGE_DAEMON] 2026-02-03 17:35:32,572 INFO: CREATED: EXP_BRIDGE_FINNT-CRE-20260202083842 -> hypothesis FINNT-CRE-20260202083842 (generator=FINN-T)
[BRIDGE_DAEMON] 2026-02-03 17:35:32,572 INFO: CREATED: EXP_BRIDGE_CRYPTO-FUND-20260202083844 -> hypothesis CRYPTO-FUND-20260202083844 (generator=finn_crypto_scheduler)
[BRIDGE_DAEMON] 2026-02-03 17:35:32,583 INFO: Cycle complete: created=20, skipped=0, zombies_terminated=0
[BRIDGE_DAEMON] 2026-02-03 17:35:32,594 INFO: Evidence written: C:\fhq-market-system\vision-ios\03_FUNCTIONS\evidence\BRIDGE_DAEMON_20260203_163532.json
[BRIDGE_DAEMON] 2026-02-03 17:35:32,594 INFO: Sleeping 60 minutes until next cycle...
[BRIDGE_DAEMON] 2026-02-03 18:35:32,786 INFO: DEFCON=GREEN -- proceeding
[BRIDGE_DAEMON] 2026-02-03 18:35:32,823 INFO: Rate limit reached: 20/20 bridge experiments in last 24h. Skipping creation.
[BRIDGE_DAEMON] 2026-02-03 18:35:32,846 INFO: Evidence written: C:\fhq-market-system\vision-ios\03_FUNCTIONS\evidence\BRIDGE_DAEMON_20260203_173532.json
[BRIDGE_DAEMON] 2026-02-03 18:35:32,846 INFO: Sleeping 60 minutes until next cycle...
[BRIDGE_DAEMON] 2026-02-03 19:35:33,105 INFO: DEFCON=GREEN -- proceeding
[BRIDGE_DAEMON] 2026-02-03 19:35:33,127 INFO: Rate limit reached: 20/20 bridge experiments in last 24h. Skipping creation.
[BRIDGE_DAEMON] 2026-02-03 19:35:33,138 INFO: Evidence written: C:\fhq-market-system\vision-ios\03_FUNCTIONS\evidence\BRIDGE_DAEMON_20260203_183533.json
[BRIDGE_DAEMON] 2026-02-03 19:35:33,138 INFO: Sleeping 60 minutes until next cycle...
[BRIDGE_DAEMON] 2026-02-03 20:35:33,407 INFO: DEFCON=GREEN -- proceeding
[BRIDGE_DAEMON] 2026-02-03 20:35:33,456 INFO: Rate limit reached: 20/20 bridge experiments in last 24h. Skipping creation.
[BRIDGE_DAEMON] 2026-02-03 20:35:33,503 INFO: Evidence written: C:\fhq-market-system\vision-ios\03_FUNCTIONS\evidence\BRIDGE_DAEMON_20260203_193533.json
[BRIDGE_DAEMON] 2026-02-03 20:35:33,503 INFO: Sleeping 60 minutes until next cycle...
[BRIDGE_DAEMON] 2026-02-03 21:35:33,750 INFO: DEFCON=GREEN -- proceeding
[BRIDGE_DAEMON] 2026-02-03 21:35:33,787 INFO: Rate limit reached: 20/20 bridge experiments in last 24h. Skipping creation.
[BRIDGE_DAEMON] 2026-02-03 21:35:33,818 INFO: Evidence written: C:\fhq-market-system\vision-ios\03_FUNCTIONS\evidence\BRIDGE_DAEMON_20260203_203533.json
[BRIDGE_DAEMON] 2026-02-03 21:35:33,818 INFO: Sleeping 60 minutes until next cycle...
[BRIDGE_DAEMON] 2026-02-03 22:35:33,993 INFO: DEFCON=GREEN -- proceeding
[BRIDGE_DAEMON] 2026-02-03 22:35:34,018 INFO: Rate limit reached: 20/20 bridge experiments in last 24h. Skipping creation.
[BRIDGE_DAEMON] 2026-02-03 22:35:34,037 INFO: Evidence written: C:\fhq-market-system\vision-ios\03_FUNCTIONS\evidence\BRIDGE_DAEMON_20260203_213534.json
[BRIDGE_DAEMON] 2026-02-03 22:35:34,037 INFO: Sleeping 60 minutes until next cycle...
[BRIDGE_DAEMON] 2026-02-03 23:42:24,667 INFO: DEFCON=GREEN -- proceeding
[BRIDGE_DAEMON] 2026-02-03 23:42:24,704 INFO: Rate limit reached: 20/20 bridge experiments in last 24h. Skipping creation.
[BRIDGE_DAEMON] 2026-02-03 23:42:24,727 INFO: Evidence written: C:\fhq-market-system\vision-ios\03_FUNCTIONS\evidence\BRIDGE_DAEMON_20260203_224224.json
[BRIDGE_DAEMON] 2026-02-03 23:42:24,727 INFO: Sleeping 60 minutes until next cycle...
[BRIDGE_DAEMON] 2026-02-04 00:55:40,134 INFO: DEFCON=GREEN -- proceeding
[BRIDGE_DAEMON] 2026-02-04 00:55:40,157 INFO: Rate limit reached: 20/20 bridge experiments in last 24h. Skipping creation.
[BRIDGE_DAEMON] 2026-02-04 00:55:40,165 INFO: Evidence written: C:\fhq-market-system\vision-ios\03_FUNCTIONS\evidence\BRIDGE_DAEMON_20260203_235540.json
[BRIDGE_DAEMON] 2026-02-04 00:55:40,165 INFO: Sleeping 60 minutes until next cycle...
[BRIDGE_DAEMON] 2026-02-04 01:55:40,272 INFO: DEFCON=GREEN -- proceeding
[BRIDGE_DAEMON] 2026-02-04 01:55:40,287 INFO: Rate limit reached: 20/20 bridge experiments in last 24h. Skipping creation.
[BRIDGE_DAEMON] 2026-02-04 01:55:40,298 INFO: Evidence written: C:\fhq-market-system\vision-ios\03_FUNCTIONS\evidence\BRIDGE_DAEMON_20260204_005540.json
[BRIDGE_DAEMON] 2026-02-04 01:55:40,298 INFO: Sleeping 60 minutes until next cycle...
[BRIDGE_DAEMON] 2026-02-04 02:55:40,518 INFO: DEFCON=GREEN -- proceeding
[BRIDGE_DAEMON] 2026-02-04 02:55:40,530 INFO: Rate limit reached: 20/20 bridge experiments in last 24h. Skipping creation.
[BRIDGE_DAEMON] 2026-02-04 02:55:40,538 INFO: Evidence written: C:\fhq-market-system\vision-ios\03_FUNCTIONS\evidence\BRIDGE_DAEMON_20260204_015540.json
[BRIDGE_DAEMON] 2026-02-04 02:55:40,538 INFO: Sleeping 60 minutes until next cycle...
[BRIDGE_DAEMON] 2026-02-04 03:55:40,638 INFO: DEFCON=GREEN -- proceeding
[BRIDGE_DAEMON] 2026-02-04 03:55:40,662 INFO: Rate limit reached: 20/20 bridge experiments in last 24h. Skipping creation.
[BRIDGE_DAEMON] 2026-02-04 03:55:40,674 INFO: Evidence written: C:\fhq-market-system\vision-ios\03_FUNCTIONS\evidence\BRIDGE_DAEMON_20260204_025540.json
[BRIDGE_DAEMON] 2026-02-04 03:55:40,674 INFO: Sleeping 60 minutes until next cycle...
[BRIDGE_DAEMON] 2026-02-04 04:55:40,778 INFO: DEFCON=GREEN -- proceeding
[BRIDGE_DAEMON] 2026-02-04 04:55:40,791 INFO: Rate limit reached: 20/20 bridge experiments in last 24h. Skipping creation.
[BRIDGE_DAEMON] 2026-02-04 04:55:40,803 INFO: Evidence written: C:\fhq-market-system\vision-ios\03_FUNCTIONS\evidence\BRIDGE_DAEMON_20260204_035540.json
[BRIDGE_DAEMON] 2026-02-04 04:55:40,803 INFO: Sleeping 60 minutes until next cycle...
[BRIDGE_DAEMON] 2026-02-04 05:55:40,899 INFO: DEFCON=GREEN -- proceeding
[BRIDGE_DAEMON] 2026-02-04 05:55:40,912 INFO: Rate limit reached: 20/20 bridge experiments in last 24h. Skipping creation.
[BRIDGE_DAEMON] 2026-02-04 05:55:40,920 INFO: Evidence written: C:\fhq-market-system\vision-ios\03_FUNCTIONS\evidence\BRIDGE_DAEMON_20260204_045540.json
[BRIDGE_DAEMON] 2026-02-04 05:55:40,921 INFO: Sleeping 60 minutes until next cycle...
[BRIDGE_DAEMON] 2026-02-04 06:55:41,025 INFO: DEFCON=GREEN -- proceeding
[BRIDGE_DAEMON] 2026-02-04 06:55:41,042 INFO: Rate limit reached: 20/20 bridge experiments in last 24h. Skipping creation.
[BRIDGE_DAEMON] 2026-02-04 06:55:41,049 INFO: Evidence written: C:\fhq-market-system\vision-ios\03_FUNCTIONS\evidence\BRIDGE_DAEMON_20260204_055541.json
[BRIDGE_DAEMON] 2026-02-04 06:55:41,049 INFO: Sleeping 60 minutes until next cycle...
[BRIDGE_DAEMON] 2026-02-04 07:55:41,153 INFO: DEFCON=GREEN -- proceeding
[BRIDGE_DAEMON] 2026-02-04 07:55:41,173 INFO: Rate limit reached: 20/20 bridge experiments in last 24h. Skipping creation.
[BRIDGE_DAEMON] 2026-02-04 07:55:41,183 INFO: Evidence written: C:\fhq-market-system\vision-ios\03_FUNCTIONS\evidence\BRIDGE_DAEMON_20260204_065541.json
[BRIDGE_DAEMON] 2026-02-04 07:55:41,184 INFO: Sleeping 60 minutes until next cycle...
[BRIDGE_DAEMON] 2026-02-04 08:55:41,421 INFO: DEFCON=GREEN -- proceeding
[BRIDGE_DAEMON] 2026-02-04 08:55:41,450 INFO: Rate limit reached: 20/20 bridge experiments in last 24h. Skipping creation.
[BRIDGE_DAEMON] 2026-02-04 08:55:41,470 INFO: Evidence written: C:\fhq-market-system\vision-ios\03_FUNCTIONS\evidence\BRIDGE_DAEMON_20260204_075541.json
[BRIDGE_DAEMON] 2026-02-04 08:55:41,470 INFO: Sleeping 60 minutes until next cycle...
[BRIDGE_DAEMON] 2026-02-04 09:55:41,666 INFO: DEFCON=GREEN -- proceeding
[BRIDGE_DAEMON] 2026-02-04 09:55:41,684 INFO: Rate limit reached: 20/20 bridge experiments in last 24h. Skipping creation.
[BRIDGE_DAEMON] 2026-02-04 09:55:41,702 INFO: Evidence written: C:\fhq-market-system\vision-ios\03_FUNCTIONS\evidence\BRIDGE_DAEMON_20260204_085541.json
[BRIDGE_DAEMON] 2026-02-04 09:55:41,703 INFO: Sleeping 60 minutes until next cycle...
[BRIDGE_DAEMON] 2026-02-04 10:55:41,968 INFO: DEFCON=GREEN -- proceeding
[BRIDGE_DAEMON] 2026-02-04 10:55:41,978 INFO: Rate limit reached: 20/20 bridge experiments in last 24h. Skipping creation.
[BRIDGE_DAEMON] 2026-02-04 10:55:41,988 INFO: Evidence written: C:\fhq-market-system\vision-ios\03_FUNCTIONS\evidence\BRIDGE_DAEMON_20260204_095541.json
[BRIDGE_DAEMON] 2026-02-04 10:55:41,988 INFO: Sleeping 60 minutes until next cycle...
[BRIDGE_DAEMON] 2026-02-04 11:55:42,166 INFO: DEFCON=GREEN -- proceeding
[BRIDGE_DAEMON] 2026-02-04 11:55:42,173 INFO: Rate limit reached: 20/20 bridge experiments in last 24h. Skipping creation.
[BRIDGE_DAEMON] 2026-02-04 11:55:42,184 INFO: Evidence written: C:\fhq-market-system\vision-ios\03_FUNCTIONS\evidence\BRIDGE_DAEMON_20260204_105542.json
[BRIDGE_DAEMON] 2026-02-04 11:55:42,184 INFO: Sleeping 60 minutes until next cycle...
[BRIDGE_DAEMON] 2026-02-04 12:55:42,265 INFO: DEFCON=GREEN -- proceeding
[BRIDGE_DAEMON] 2026-02-04 12:55:42,281 INFO: Rate limit reached: 20/20 bridge experiments in last 24h. Skipping creation.
[BRIDGE_DAEMON] 2026-02-04 12:55:42,291 INFO: Evidence written: C:\fhq-market-system\vision-ios\03_FUNCTIONS\evidence\BRIDGE_DAEMON_20260204_115542.json
[BRIDGE_DAEMON] 2026-02-04 12:55:42,291 INFO: Sleeping 60 minutes until next cycle...
[BRIDGE_DAEMON] 2026-02-04 13:55:42,417 INFO: DEFCON=GREEN -- proceeding
[BRIDGE_DAEMON] 2026-02-04 13:55:42,439 INFO: Rate limit reached: 20/20 bridge experiments in last 24h. Skipping creation.
[BRIDGE_DAEMON] 2026-02-04 13:55:42,454 INFO: Evidence written: C:\fhq-market-system\vision-ios\03_FUNCTIONS\evidence\BRIDGE_DAEMON_20260204_125542.json
[BRIDGE_DAEMON] 2026-02-04 13:55:42,454 INFO: Sleeping 60 minutes until next cycle...
[BRIDGE_DAEMON] 2026-02-04 14:55:42,569 INFO: DEFCON=GREEN -- proceeding
[BRIDGE_DAEMON] 2026-02-04 14:55:42,602 INFO: Rate limit reached: 20/20 bridge experiments in last 24h. Skipping creation.
[BRIDGE_DAEMON] 2026-02-04 14:55:42,615 INFO: Evidence written: C:\fhq-market-system\vision-ios\03_FUNCTIONS\evidence\BRIDGE_DAEMON_20260204_135542.json
[BRIDGE_DAEMON] 2026-02-04 14:55:42,615 INFO: Sleeping 60 minutes until next cycle...
[BRIDGE_DAEMON] 2026-02-04 15:55:42,713 INFO: DEFCON=GREEN -- proceeding
[BRIDGE_DAEMON] 2026-02-04 15:55:42,730 INFO: Rate limit reached: 20/20 bridge experiments in last 24h. Skipping creation.
[BRIDGE_DAEMON] 2026-02-04 15:55:42,750 INFO: Evidence written: C:\fhq-market-system\vision-ios\03_FUNCTIONS\evidence\BRIDGE_DAEMON_20260204_145542.json
[BRIDGE_DAEMON] 2026-02-04 15:55:42,750 INFO: Sleeping 60 minutes until next cycle...
[BRIDGE_DAEMON] 2026-02-04 16:55:42,845 INFO: DEFCON=GREEN -- proceeding
[BRIDGE_DAEMON] 2026-02-04 16:55:42,867 INFO: Rate limit reached: 20/20 bridge experiments in last 24h. Skipping creation.
[BRIDGE_DAEMON] 2026-02-04 16:55:42,879 INFO: Evidence written: C:\fhq-market-system\vision-ios\03_FUNCTIONS\evidence\BRIDGE_DAEMON_20260204_155542.json
[BRIDGE_DAEMON] 2026-02-04 16:55:42,879 INFO: Sleeping 60 minutes until next cycle...
[BRIDGE_DAEMON] 2026-02-04 17:55:42,974 INFO: DEFCON=GREEN -- proceeding
[BRIDGE_DAEMON] 2026-02-04 17:55:42,984 INFO: Rate governor: 0/20 used, budget this cycle: 20
[BRIDGE_DAEMON] 2026-02-04 17:55:42,994 INFO: Regime: CRISIS (confidence=0.994)
[BRIDGE_DAEMON] 2026-02-04 17:55:43,047 INFO: Eligible hypotheses (scope guard: ('FINN-T', 'finn_crypto_scheduler')): 20
[BRIDGE_DAEMON] 2026-02-04 17:55:43,068 INFO: CREATED: EXP_BRIDGE_FINNT-CRE-20260202093847 -> hypothesis FINNT-CRE-20260202093847 (generator=FINN-T)
[BRIDGE_DAEMON] 2026-02-04 17:55:43,068 INFO: CREATED: EXP_BRIDGE_FINNT-CRE-20260202103852 -> hypothesis FINNT-CRE-20260202103852 (generator=FINN-T)
[BRIDGE_DAEMON] 2026-02-04 17:55:43,080 INFO: CREATED: EXP_BRIDGE_FINNT-CRE-20260202113857 -> hypothesis FINNT-CRE-20260202113857 (generator=FINN-T)
[BRIDGE_DAEMON] 2026-02-04 17:55:43,080 INFO: CREATED: EXP_BRIDGE_FINNT-CRE-20260202123902 -> hypothesis FINNT-CRE-20260202123902 (generator=FINN-T)
[BRIDGE_DAEMON] 2026-02-04 17:55:43,080 INFO: CREATED: EXP_BRIDGE_FINNT-CRE-20260202133907 -> hypothesis FINNT-CRE-20260202133907 (generator=FINN-T)
[BRIDGE_DAEMON] 2026-02-04 17:55:43,088 INFO: CREATED: EXP_BRIDGE_FINNT-CRE-20260202143913 -> hypothesis FINNT-CRE-20260202143913 (generator=FINN-T)
[BRIDGE_DAEMON] 2026-02-04 17:55:43,088 INFO: CREATED: EXP_BRIDGE_FINNT-CRE-20260202153921 -> hypothesis FINNT-CRE-20260202153921 (generator=FINN-T)
[BRIDGE_DAEMON] 2026-02-04 17:55:43,088 INFO: CREATED: EXP_BRIDGE_FINNT-CRE-20260202163935 -> hypothesis FINNT-CRE-20260202163935 (generator=FINN-T)
[BRIDGE_DAEMON] 2026-02-04 17:55:43,098 INFO: CREATED: EXP_BRIDGE_FINNT-CRE-20260202173947 -> hypothesis FINNT-CRE-20260202173947 (generator=FINN-T)
[BRIDGE_DAEMON] 2026-02-04 17:55:43,098 INFO: CREATED: EXP_BRIDGE_FINNT-CRE-20260202184002 -> hypothesis FINNT-CRE-20260202184002 (generator=FINN-T)
[BRIDGE_DAEMON] 2026-02-04 17:55:43,104 INFO: CREATED: EXP_BRIDGE_FINNT-CRE-20260202194013 -> hypothesis FINNT-CRE-20260202194013 (generator=FINN-T)
[BRIDGE_DAEMON] 2026-02-04 17:55:43,104 INFO: CREATED: EXP_BRIDGE_FINNT-CRE-20260202204025 -> hypothesis FINNT-CRE-20260202204025 (generator=FINN-T)
[BRIDGE_DAEMON] 2026-02-04 17:55:43,104 INFO: CREATED: EXP_BRIDGE_FINNT-CRE-20260202214033 -> hypothesis FINNT-CRE-20260202214033 (generator=FINN-T)
[BRIDGE_DAEMON] 2026-02-04 17:55:43,104 INFO: CREATED: EXP_BRIDGE_FINNT-CRE-20260202224039 -> hypothesis FINNT-CRE-20260202224039 (generator=FINN-T)
[BRIDGE_DAEMON] 2026-02-04 17:55:43,113 INFO: CREATED: EXP_BRIDGE_FINNT-CRE-20260202234044 -> hypothesis FINNT-CRE-20260202234044 (generator=FINN-T)
[BRIDGE_DAEMON] 2026-02-04 17:55:43,113 INFO: CREATED: EXP_BRIDGE_FINNT-CRE-20260203004050 -> hypothesis FINNT-CRE-20260203004050 (generator=FINN-T)
[BRIDGE_DAEMON] 2026-02-04 17:55:43,117 INFO: CREATED: EXP_BRIDGE_FINNT-CRE-20260203014054 -> hypothesis FINNT-CRE-20260203014054 (generator=FINN-T)
[BRIDGE_DAEMON] 2026-02-04 17:55:43,117 INFO: CREATED: EXP_BRIDGE_FINNT-CRE-20260203024059 -> hypothesis FINNT-CRE-20260203024059 (generator=FINN-T)
[BRIDGE_DAEMON] 2026-02-04 17:55:43,117 INFO: CREATED: EXP_BRIDGE_FINNT-CRE-20260203034105 -> hypothesis FINNT-CRE-20260203034105 (generator=FINN-T)
[BRIDGE_DAEMON] 2026-02-04 17:55:43,117 INFO: CREATED: EXP_BRIDGE_FINNT-CRE-20260203044111 -> hypothesis FINNT-CRE-20260203044111 (generator=FINN-T)
[BRIDGE_DAEMON] 2026-02-04 17:55:43,128 INFO: Cycle complete: created=20, skipped=0, zombies_terminated=0
[BRIDGE_DAEMON] 2026-02-04 17:55:43,149 INFO: Evidence written: C:\fhq-market-system\vision-ios\03_FUNCTIONS\evidence\BRIDGE_DAEMON_20260204_165543.json
[BRIDGE_DAEMON] 2026-02-04 17:55:43,149 INFO: Sleeping 60 minutes until next cycle...
[BRIDGE_DAEMON] 2026-02-04 18:55:43,258 INFO: DEFCON=GREEN -- proceeding
[BRIDGE_DAEMON] 2026-02-04 18:55:43,269 INFO: Rate limit reached: 20/20 bridge experiments in last 24h. Skipping creation.
[BRIDGE_DAEMON] 2026-02-04 18:55:43,279 INFO: Evidence written: C:\fhq-market-system\vision-ios\03_FUNCTIONS\evidence\BRIDGE_DAEMON_20260204_175543.json
[BRIDGE_DAEMON] 2026-02-04 18:55:43,279 INFO: Sleeping 60 minutes until next cycle...
[BRIDGE_DAEMON] 2026-02-04 19:55:43,409 INFO: DEFCON=GREEN -- proceeding
[BRIDGE_DAEMON] 2026-02-04 19:55:43,431 INFO: Rate limit reached: 20/20 bridge experiments in last 24h. Skipping creation.
[BRIDGE_DAEMON] 2026-02-04 19:55:43,441 INFO: Evidence written: C:\fhq-market-system\vision-ios\03_FUNCTIONS\evidence\BRIDGE_DAEMON_20260204_185543.json
[BRIDGE_DAEMON] 2026-02-04 19:55:43,441 INFO: Sleeping 60 minutes until next cycle...
