[LEARNING_REANIMATION] 2026-02-15 21:34:14,397 INFO: === Starting Learning Reanimation ===
[LEARNING_REANIMATION] 2026-02-15 21:34:14,398 INFO: Directive: CEO-DIR-2026-LEARNING-REANIMATION-022
[LEARNING_REANIMATION] 2026-02-15 21:34:14,398 INFO: Step 1: Checking pre-animation state...
[LEARNING_REANIMATION] 2026-02-15 21:34:14,437 INFO: LVI: 0.0 (stale 0.3h)
[LEARNING_REANIMATION] 2026-02-15 21:34:14,437 INFO: FSS: 1064/22574 non-null (stale 0.0h)
[LEARNING_REANIMATION] 2026-02-15 21:34:14,438 INFO: Outcomes: 74305 total, 0.1h since last
[LEARNING_REANIMATION] 2026-02-15 21:34:14,438 INFO: Step 2: Manual FSS recomputation...
[LEARNING_REANIMATION] 2026-02-15 21:34:14,438 INFO: HOTFIX CEO-DIR-2026-LEARNING-REANIMATION-023: Using 6-param compute_fss function
[LEARNING_REANIMATION] 2026-02-15 21:34:14,438 INFO: Computing FSS with baseline: NAIVE (tag: NAIVE)
[LEARNING_REANIMATION] 2026-02-15 21:34:14,485 ERROR: ERROR: column "computed_timestamp" of relation "fss_computation_log" does not exist
LINE 6:                                 computed_timestamp
                                        ^

[LEARNING_REANIMATION] 2026-02-15 21:34:34,690 INFO: === Starting Learning Reanimation ===
[LEARNING_REANIMATION] 2026-02-15 21:34:34,690 INFO: Directive: CEO-DIR-2026-LEARNING-REANIMATION-022
[LEARNING_REANIMATION] 2026-02-15 21:34:34,690 INFO: Step 1: Checking pre-animation state...
[LEARNING_REANIMATION] 2026-02-15 21:34:34,736 INFO: LVI: 0.0 (stale 0.3h)
[LEARNING_REANIMATION] 2026-02-15 21:34:34,736 INFO: FSS: 1064/22574 non-null (stale 0.0h)
[LEARNING_REANIMATION] 2026-02-15 21:34:34,736 INFO: Outcomes: 74305 total, 0.1h since last
[LEARNING_REANIMATION] 2026-02-15 21:34:34,736 INFO: Step 2: Manual FSS recomputation...
[LEARNING_REANIMATION] 2026-02-15 21:34:34,736 INFO: HOTFIX CEO-DIR-2026-LEARNING-REANIMATION-023: Using 6-param compute_fss function
[LEARNING_REANIMATION] 2026-02-15 21:34:34,736 INFO: Computing FSS with baseline: NAIVE (tag: NAIVE)
[LEARNING_REANIMATION] 2026-02-15 21:34:34,985 INFO: FSS computed: NAIVE - 626 rows logged
[LEARNING_REANIMATION] 2026-02-15 21:34:34,985 INFO: Computing FSS with baseline: HISTORICAL (tag: BASE_RATE_EMPIRICAL_BETA_30D_STRICT)
[LEARNING_REANIMATION] 2026-02-15 21:34:44,638 INFO: FSS computed: HISTORICAL - 626 rows logged
[LEARNING_REANIMATION] 2026-02-15 21:34:44,638 INFO: Step 3: Manual LVI recomputation...
[LEARNING_REANIMATION] 2026-02-15 21:34:44,653 ERROR: ERROR: column "decision_id" does not exist
LINE 4:                         SELECT DISTINCT decision_id
                                                ^

