2026-01-09 21:03:16,101 [PHASE3-CALIBRATION] INFO: ============================================================
2026-01-09 21:03:16,101 [PHASE3-CALIBRATION] INFO: PHASE 3 CALIBRATION DAEMON - CEO-DIR-2026-025
2026-01-09 21:03:16,101 [PHASE3-CALIBRATION] INFO: Mode: DEFENSIVE_ONLY
2026-01-09 21:03:16,101 [PHASE3-CALIBRATION] INFO: Started: 2026-01-09T20:03:16.100998+00:00
2026-01-09 21:03:16,101 [PHASE3-CALIBRATION] INFO: ============================================================
2026-01-09 21:03:16,174 [PHASE3-CALIBRATION] INFO: Starting learning classification update...
2026-01-09 21:03:17,067 [PHASE3-CALIBRATION] INFO: Classified 0 decisions: {'WISDOM': 0, 'REGRET': 0, 'UNRESOLVED': 0}
2026-01-09 21:03:17,067 [PHASE3-CALIBRATION] INFO: Starting Brier score computation...
2026-01-09 21:03:20,497 [PHASE3-CALIBRATION] INFO: Computed 0 new Brier scores: avg=None, accuracy=None%
2026-01-09 21:03:20,497 [PHASE3-CALIBRATION] INFO: Starting forecast-outcome reconciliation...
2026-01-09 21:03:25,629 [PHASE3-CALIBRATION] INFO: Reconciliation complete: 0 outcomes, 200 pairs
2026-01-09 21:03:25,635 [PHASE3-CALIBRATION] INFO: Refreshing materialized views...
2026-01-09 21:03:25,700 [PHASE3-CALIBRATION] INFO: Materialized views refreshed
2026-01-09 21:03:25,702 [PHASE3-CALIBRATION] ERROR: PHASE 3 CALIBRATION FAILED: Object of type Decimal is not JSON serializable
2026-01-09 21:03:54,646 [PHASE3-CALIBRATION] INFO: ============================================================
2026-01-09 21:03:54,646 [PHASE3-CALIBRATION] INFO: PHASE 3 CALIBRATION DAEMON - CEO-DIR-2026-025
2026-01-09 21:03:54,646 [PHASE3-CALIBRATION] INFO: Mode: DEFENSIVE_ONLY
2026-01-09 21:03:54,646 [PHASE3-CALIBRATION] INFO: Started: 2026-01-09T20:03:54.646582+00:00
2026-01-09 21:03:54,646 [PHASE3-CALIBRATION] INFO: ============================================================
2026-01-09 21:03:54,730 [PHASE3-CALIBRATION] INFO: Starting learning classification update...
2026-01-09 21:03:56,153 [PHASE3-CALIBRATION] INFO: Classified 0 decisions: {'WISDOM': 0, 'REGRET': 0, 'UNRESOLVED': 0}
2026-01-09 21:03:56,153 [PHASE3-CALIBRATION] INFO: Starting Brier score computation...
2026-01-09 21:03:58,816 [PHASE3-CALIBRATION] INFO: Computed 0 new Brier scores: avg=None, accuracy=None%
2026-01-09 21:03:58,816 [PHASE3-CALIBRATION] INFO: Starting forecast-outcome reconciliation...
2026-01-09 21:04:01,815 [PHASE3-CALIBRATION] INFO: Reconciliation complete: 0 outcomes, 92 pairs
2026-01-09 21:04:01,821 [PHASE3-CALIBRATION] INFO: Refreshing materialized views...
2026-01-09 21:04:01,863 [PHASE3-CALIBRATION] INFO: Materialized views refreshed
2026-01-09 21:04:01,867 [PHASE3-CALIBRATION] ERROR: PHASE 3 CALIBRATION FAILED: column "initiating_agent" of relation "governance_actions_log" does not exist
LINE 3:                 action_id, action_type, initiating_agent, ta...
                                                ^

2026-01-09 21:04:27,475 [PHASE3-CALIBRATION] INFO: ============================================================
2026-01-09 21:04:27,480 [PHASE3-CALIBRATION] INFO: PHASE 3 CALIBRATION DAEMON - CEO-DIR-2026-025
2026-01-09 21:04:27,480 [PHASE3-CALIBRATION] INFO: Mode: DEFENSIVE_ONLY
2026-01-09 21:04:27,480 [PHASE3-CALIBRATION] INFO: Started: 2026-01-09T20:04:27.475602+00:00
2026-01-09 21:04:27,481 [PHASE3-CALIBRATION] INFO: ============================================================
2026-01-09 21:04:27,594 [PHASE3-CALIBRATION] INFO: Starting learning classification update...
2026-01-09 21:04:28,394 [PHASE3-CALIBRATION] INFO: Classified 0 decisions: {'WISDOM': 0, 'REGRET': 0, 'UNRESOLVED': 0}
2026-01-09 21:04:28,394 [PHASE3-CALIBRATION] INFO: Starting Brier score computation...
2026-01-09 21:04:32,848 [PHASE3-CALIBRATION] INFO: Computed 0 new Brier scores: avg=None, accuracy=None%
2026-01-09 21:04:32,848 [PHASE3-CALIBRATION] INFO: Starting forecast-outcome reconciliation...
2026-01-09 21:04:37,797 [PHASE3-CALIBRATION] INFO: Reconciliation complete: 0 outcomes, 0 pairs
2026-01-09 21:04:37,805 [PHASE3-CALIBRATION] INFO: Refreshing materialized views...
2026-01-09 21:04:37,870 [PHASE3-CALIBRATION] INFO: Materialized views refreshed
2026-01-09 21:04:37,883 [PHASE3-CALIBRATION] INFO: Governance action logged: ed623609-9fb3-443f-b901-446dddcca3a6
2026-01-09 21:04:37,883 [PHASE3-CALIBRATION] INFO: Calibration status: Brier=0.6986
2026-01-09 21:04:37,883 [PHASE3-CALIBRATION] WARNING: CALIBRATION WARNING: Brier score 0.6986 > 0.3. High-confidence decisions should be flagged.
2026-01-09 21:04:37,883 [PHASE3-CALIBRATION] INFO: ============================================================
2026-01-09 21:04:37,883 [PHASE3-CALIBRATION] INFO: PHASE 3 CALIBRATION COMPLETE
2026-01-09 21:04:37,883 [PHASE3-CALIBRATION] INFO: Duration: 10.40s
2026-01-09 21:04:37,884 [PHASE3-CALIBRATION] INFO: ============================================================
