[MORNING_VERIFY] 2026-01-29 21:14:02,897 INFO: ==================================================
[MORNING_VERIFY] 2026-01-29 21:14:02,897 INFO: PHASE 2 MORNING VERIFICATION
[MORNING_VERIFY] 2026-01-29 21:14:02,897 INFO: ==================================================
[MORNING_VERIFY] 2026-01-29 21:14:09,565 INFO:   [PASS] indicators
[MORNING_VERIFY] 2026-01-29 21:14:09,567 INFO:   [PASS] outcomes
[MORNING_VERIFY] 2026-01-29 21:14:09,567 INFO:   [PASS] zombies
[MORNING_VERIFY] 2026-01-29 21:14:09,567 INFO:   [PASS] pipeline
[MORNING_VERIFY] 2026-01-29 21:14:09,567 INFO: Overall: PASS
[MORNING_VERIFY] 2026-01-29 21:14:09,567 INFO: Telegram disabled (--check mode)
[MORNING_VERIFY] 2026-01-29 21:14:09,570 INFO: Evidence: C:\fhq-market-system\vision-ios\03_FUNCTIONS\evidence\MORNING_VERIFICATION_20260129_211409.json
[MORNING_VERIFY] 2026-01-29 21:14:45,007 INFO: ==================================================
[MORNING_VERIFY] 2026-01-29 21:14:45,007 INFO: PHASE 2 MORNING VERIFICATION
[MORNING_VERIFY] 2026-01-29 21:14:45,007 INFO: ==================================================
[MORNING_VERIFY] 2026-01-29 21:14:50,101 INFO:   [PASS] indicators
[MORNING_VERIFY] 2026-01-29 21:14:50,101 INFO:   [PASS] outcomes
[MORNING_VERIFY] 2026-01-29 21:14:50,101 INFO:   [PASS] zombies
[MORNING_VERIFY] 2026-01-29 21:14:50,101 INFO:   [PASS] pipeline
[MORNING_VERIFY] 2026-01-29 21:14:50,101 INFO: Overall: PASS
[MORNING_VERIFY] 2026-01-29 21:15:09,941 INFO: ==================================================
[MORNING_VERIFY] 2026-01-29 21:15:09,941 INFO: PHASE 2 MORNING VERIFICATION
[MORNING_VERIFY] 2026-01-29 21:15:09,942 INFO: ==================================================
[MORNING_VERIFY] 2026-01-29 21:15:14,639 INFO:   [PASS] indicators
[MORNING_VERIFY] 2026-01-29 21:15:14,639 INFO:   [PASS] outcomes
[MORNING_VERIFY] 2026-01-29 21:15:14,639 INFO:   [PASS] zombies
[MORNING_VERIFY] 2026-01-29 21:15:14,640 INFO:   [PASS] pipeline
[MORNING_VERIFY] 2026-01-29 21:15:14,640 INFO: Overall: PASS
[MORNING_VERIFY] 2026-01-29 21:15:16,773 ERROR: Telegram failed: {"ok":false,"error_code":400,"description":"Bad Request: can't parse entities: Can't find end of the entity starting at byte offset 765"}
[MORNING_VERIFY] 2026-01-29 21:15:16,773 WARNING: Telegram send failed
[MORNING_VERIFY] 2026-01-29 21:15:16,788 INFO: Evidence: C:\fhq-market-system\vision-ios\03_FUNCTIONS\evidence\MORNING_VERIFICATION_20260129_211516.json
[MORNING_VERIFY] 2026-01-29 21:16:20,347 INFO: ==================================================
[MORNING_VERIFY] 2026-01-29 21:16:20,347 INFO: PHASE 2 MORNING VERIFICATION
[MORNING_VERIFY] 2026-01-29 21:16:20,347 INFO: ==================================================
[MORNING_VERIFY] 2026-01-29 21:16:25,876 INFO:   [PASS] indicators
[MORNING_VERIFY] 2026-01-29 21:16:25,876 INFO:   [PASS] outcomes
[MORNING_VERIFY] 2026-01-29 21:16:25,876 INFO:   [PASS] zombies
[MORNING_VERIFY] 2026-01-29 21:16:25,876 INFO:   [PASS] pipeline
[MORNING_VERIFY] 2026-01-29 21:16:25,876 INFO: Overall: PASS
[MORNING_VERIFY] 2026-01-29 21:16:27,984 INFO: Telegram message sent
[MORNING_VERIFY] 2026-01-29 21:16:27,999 INFO: Telegram report sent to CEO
[MORNING_VERIFY] 2026-01-29 21:16:27,999 INFO: Evidence: C:\fhq-market-system\vision-ios\03_FUNCTIONS\evidence\MORNING_VERIFICATION_20260129_211627.json
[MORNING_VERIFY] 2026-01-29 21:30:47,565 INFO: ==================================================
[MORNING_VERIFY] 2026-01-29 21:30:47,574 INFO: PHASE 2 MORNING VERIFICATION
[MORNING_VERIFY] 2026-01-29 21:30:47,574 INFO: ==================================================
[MORNING_VERIFY] 2026-01-29 21:30:53,182 INFO:   [PASS] indicators
[MORNING_VERIFY] 2026-01-29 21:30:53,182 INFO:   [PASS] outcomes
[MORNING_VERIFY] 2026-01-29 21:30:53,182 INFO:   [PASS] zombies
[MORNING_VERIFY] 2026-01-29 21:30:53,182 INFO:   [PASS] pipeline
[MORNING_VERIFY] 2026-01-29 21:30:53,182 INFO: Overall: PASS
[MORNING_VERIFY] 2026-01-29 21:30:53,182 INFO: Telegram disabled (--check mode)
[MORNING_VERIFY] 2026-01-29 21:30:53,182 INFO: Evidence: C:\fhq-market-system\vision-ios\03_FUNCTIONS\evidence\MORNING_VERIFICATION_20260129_213053.json
[MORNING_VERIFY] 2026-01-29 21:37:05,897 INFO: ==================================================
[MORNING_VERIFY] 2026-01-29 21:37:05,899 INFO: PHASE 2 MORNING VERIFICATION
[MORNING_VERIFY] 2026-01-29 21:37:05,900 INFO: ==================================================
[MORNING_VERIFY] 2026-01-29 21:37:11,163 INFO:   [PASS] indicators
[MORNING_VERIFY] 2026-01-29 21:37:11,163 INFO:   [PASS] outcomes
[MORNING_VERIFY] 2026-01-29 21:37:11,164 INFO:   [PASS] zombies
[MORNING_VERIFY] 2026-01-29 21:37:11,164 INFO:   [PASS] pipeline
[MORNING_VERIFY] 2026-01-29 21:37:11,164 INFO: Overall: PASS
[MORNING_VERIFY] 2026-01-29 21:37:13,041 INFO: Telegram message sent
[MORNING_VERIFY] 2026-01-29 21:37:13,051 INFO: Telegram report sent to CEO
[MORNING_VERIFY] 2026-01-29 21:37:13,051 INFO: Evidence: C:\fhq-market-system\vision-ios\03_FUNCTIONS\evidence\MORNING_VERIFICATION_20260129_213713.json
[MORNING_VERIFY] 2026-01-29 21:40:43,179 INFO: Telegram message sent
[MORNING_VERIFY] 2026-01-29 21:52:11,315 INFO: ==================================================
[MORNING_VERIFY] 2026-01-29 21:52:11,323 INFO: PHASE 2 MORNING VERIFICATION
[MORNING_VERIFY] 2026-01-29 21:52:11,323 INFO: ==================================================
[MORNING_VERIFY] 2026-01-29 21:52:17,258 INFO:   [PASS] indicators
[MORNING_VERIFY] 2026-01-29 21:52:17,258 INFO:   [PASS] outcomes
[MORNING_VERIFY] 2026-01-29 21:52:17,258 INFO:   [PASS] zombies
[MORNING_VERIFY] 2026-01-29 21:52:17,258 INFO:   [PASS] pipeline
[MORNING_VERIFY] 2026-01-29 21:52:17,258 INFO: Overall: PASS
[MORNING_VERIFY] 2026-01-29 21:52:17,259 INFO: Telegram disabled (--check mode)
[MORNING_VERIFY] 2026-01-29 21:52:17,263 INFO: Evidence: C:\fhq-market-system\vision-ios\03_FUNCTIONS\evidence\MORNING_VERIFICATION_20260129_215217.json
[MORNING_VERIFY] 2026-01-29 21:52:38,190 INFO: ==================================================
[MORNING_VERIFY] 2026-01-29 21:52:38,190 INFO: PHASE 2 MORNING VERIFICATION
[MORNING_VERIFY] 2026-01-29 21:52:38,190 INFO: ==================================================
[MORNING_VERIFY] 2026-01-29 21:52:44,951 INFO:   [PASS] indicators
[MORNING_VERIFY] 2026-01-29 21:52:44,951 INFO:   [PASS] outcomes
[MORNING_VERIFY] 2026-01-29 21:52:44,951 INFO:   [PASS] zombies
[MORNING_VERIFY] 2026-01-29 21:52:44,951 INFO:   [PASS] pipeline
[MORNING_VERIFY] 2026-01-29 21:52:44,951 INFO: Overall: PASS
[MORNING_VERIFY] 2026-01-29 21:52:46,727 INFO: Telegram message sent
[MORNING_VERIFY] 2026-01-29 21:52:46,737 INFO: Telegram report sent to CEO
[MORNING_VERIFY] 2026-01-29 21:52:46,738 INFO: Evidence: C:\fhq-market-system\vision-ios\03_FUNCTIONS\evidence\MORNING_VERIFICATION_20260129_215246.json
[MORNING_VERIFY] 2026-01-29 22:51:44,957 INFO: Telegram message sent
[MORNING_VERIFY] 2026-01-30 09:22:11,051 INFO: ==================================================
[MORNING_VERIFY] 2026-01-30 09:22:11,052 INFO: PHASE 2 MORNING VERIFICATION
[MORNING_VERIFY] 2026-01-30 09:22:11,052 INFO: ==================================================
[MORNING_VERIFY] 2026-01-30 09:22:15,033 INFO:   [PASS] indicators
[MORNING_VERIFY] 2026-01-30 09:22:15,034 INFO:   [PASS] outcomes
[MORNING_VERIFY] 2026-01-30 09:22:15,034 INFO:   [FAIL] zombies
[MORNING_VERIFY] 2026-01-30 09:22:15,035 INFO:   [PASS] pipeline
[MORNING_VERIFY] 2026-01-30 09:22:15,035 INFO:   [PASS] pipeline_health
[MORNING_VERIFY] 2026-01-30 09:22:15,035 INFO: Overall: FAIL
[MORNING_VERIFY] 2026-01-30 09:22:16,516 INFO: Telegram message sent
[MORNING_VERIFY] 2026-01-30 09:22:16,518 INFO: Telegram report sent to CEO
[MORNING_VERIFY] 2026-01-30 09:22:16,523 INFO: Evidence: C:\fhq-market-system\vision-ios\03_FUNCTIONS\evidence\MORNING_VERIFICATION_20260130_092216.json
[MORNING_VERIFY] 2026-01-30 09:32:03,632 INFO: ==================================================
[MORNING_VERIFY] 2026-01-30 09:32:03,634 INFO: PHASE 2 MORNING VERIFICATION
[MORNING_VERIFY] 2026-01-30 09:32:03,635 INFO: ==================================================
[MORNING_VERIFY] 2026-01-30 09:32:09,115 INFO:   [PASS] indicators
[MORNING_VERIFY] 2026-01-30 09:32:09,115 INFO:   [PASS] outcomes
[MORNING_VERIFY] 2026-01-30 09:32:09,115 INFO:   [FAIL] zombies
[MORNING_VERIFY] 2026-01-30 09:32:09,115 INFO:   [PASS] pipeline
[MORNING_VERIFY] 2026-01-30 09:32:09,115 INFO:   [PASS] pipeline_health
[MORNING_VERIFY] 2026-01-30 09:32:09,115 INFO: Overall: FAIL
[MORNING_VERIFY] 2026-01-30 09:32:09,116 INFO: Telegram disabled (--check mode)
[MORNING_VERIFY] 2026-01-30 09:32:09,120 INFO: Evidence: C:\fhq-market-system\vision-ios\03_FUNCTIONS\evidence\MORNING_VERIFICATION_20260130_093209.json
[MORNING_VERIFY] 2026-01-30 09:35:53,854 INFO: ==================================================
[MORNING_VERIFY] 2026-01-30 09:35:53,855 INFO: PHASE 2 MORNING VERIFICATION
[MORNING_VERIFY] 2026-01-30 09:35:53,855 INFO: ==================================================
[MORNING_VERIFY] 2026-01-30 09:35:57,700 INFO:   [PASS] indicators
[MORNING_VERIFY] 2026-01-30 09:35:57,700 INFO:   [PASS] outcomes
[MORNING_VERIFY] 2026-01-30 09:35:57,700 INFO:   [FAIL] zombies
[MORNING_VERIFY] 2026-01-30 09:35:57,700 INFO:   [PASS] pipeline
[MORNING_VERIFY] 2026-01-30 09:35:57,700 INFO:   [PASS] pipeline_health
[MORNING_VERIFY] 2026-01-30 09:35:57,700 INFO: Overall: FAIL
[MORNING_VERIFY] 2026-01-30 09:35:59,008 INFO: Telegram message sent
[MORNING_VERIFY] 2026-01-30 09:35:59,010 INFO: Telegram report sent to CEO
[MORNING_VERIFY] 2026-01-30 09:35:59,015 INFO: Evidence: C:\fhq-market-system\vision-ios\03_FUNCTIONS\evidence\MORNING_VERIFICATION_20260130_093559.json
[MORNING_VERIFY] 2026-01-30 10:51:09,377 INFO: ==================================================
[MORNING_VERIFY] 2026-01-30 10:51:09,379 INFO: PHASE 2 MORNING VERIFICATION
[MORNING_VERIFY] 2026-01-30 10:51:09,379 INFO: ==================================================
[MORNING_VERIFY] 2026-01-30 10:51:17,860 INFO:   [PASS] indicators
[MORNING_VERIFY] 2026-01-30 10:51:17,860 INFO:   [PASS] outcomes
[MORNING_VERIFY] 2026-01-30 10:51:17,860 INFO:   [PASS] zombies
[MORNING_VERIFY] 2026-01-30 10:51:17,860 INFO:   [PASS] pipeline
[MORNING_VERIFY] 2026-01-30 10:51:17,860 INFO:   [PASS] pipeline_health
[MORNING_VERIFY] 2026-01-30 10:51:17,860 INFO: Overall: PASS
[MORNING_VERIFY] 2026-01-30 10:51:17,860 INFO: Telegram disabled (--check mode)
[MORNING_VERIFY] 2026-01-30 10:51:17,872 INFO: Evidence: C:\fhq-market-system\vision-ios\03_FUNCTIONS\evidence\MORNING_VERIFICATION_20260130_105117.json
[MORNING_VERIFY] 2026-01-30 10:53:07,342 INFO: ==================================================
[MORNING_VERIFY] 2026-01-30 10:53:07,342 INFO: PHASE 2 MORNING VERIFICATION
[MORNING_VERIFY] 2026-01-30 10:53:07,342 INFO: ==================================================
[MORNING_VERIFY] 2026-01-30 10:53:10,340 INFO:   [PASS] indicators
[MORNING_VERIFY] 2026-01-30 10:53:10,340 INFO:   [PASS] indicator_pulse
[MORNING_VERIFY] 2026-01-30 10:53:10,340 INFO:   [PASS] outcomes
[MORNING_VERIFY] 2026-01-30 10:53:10,340 INFO:   [PASS] zombies
[MORNING_VERIFY] 2026-01-30 10:53:10,350 INFO:   [PASS] pipeline
[MORNING_VERIFY] 2026-01-30 10:53:10,350 INFO:   [PASS] pipeline_health
[MORNING_VERIFY] 2026-01-30 10:53:10,350 INFO: Overall: PASS
[MORNING_VERIFY] 2026-01-30 10:53:10,350 INFO: Telegram disabled (--check mode)
[MORNING_VERIFY] 2026-01-30 10:53:10,352 INFO: Evidence: C:\fhq-market-system\vision-ios\03_FUNCTIONS\evidence\MORNING_VERIFICATION_20260130_105310.json
[MORNING_VERIFY] 2026-01-30 10:54:44,865 INFO: ==================================================
[MORNING_VERIFY] 2026-01-30 10:54:44,871 INFO: PHASE 2 MORNING VERIFICATION
[MORNING_VERIFY] 2026-01-30 10:54:44,872 INFO: ==================================================
[MORNING_VERIFY] 2026-01-30 10:54:48,392 INFO:   [PASS] indicators
[MORNING_VERIFY] 2026-01-30 10:54:48,392 INFO:   [PASS] indicator_pulse
[MORNING_VERIFY] 2026-01-30 10:54:48,392 INFO:   [PASS] outcomes
[MORNING_VERIFY] 2026-01-30 10:54:48,392 INFO:   [PASS] zombies
[MORNING_VERIFY] 2026-01-30 10:54:48,392 INFO:   [PASS] pipeline
[MORNING_VERIFY] 2026-01-30 10:54:48,392 INFO:   [PASS] pipeline_health
[MORNING_VERIFY] 2026-01-30 10:54:48,392 INFO: Overall: PASS
[MORNING_VERIFY] 2026-01-30 10:54:48,392 INFO: Telegram disabled (--check mode)
[MORNING_VERIFY] 2026-01-30 10:54:48,399 INFO: Evidence: C:\fhq-market-system\vision-ios\03_FUNCTIONS\evidence\MORNING_VERIFICATION_20260130_105448.json
[MORNING_VERIFY] 2026-01-30 11:00:04,420 INFO: ==================================================
[MORNING_VERIFY] 2026-01-30 11:00:04,420 INFO: PHASE 2 MORNING VERIFICATION
[MORNING_VERIFY] 2026-01-30 11:00:04,420 INFO: ==================================================
[MORNING_VERIFY] 2026-01-30 11:00:08,083 INFO:   [PASS] indicators
[MORNING_VERIFY] 2026-01-30 11:00:08,083 INFO:   [PASS] indicator_pulse
[MORNING_VERIFY] 2026-01-30 11:00:08,083 INFO:   [PASS] outcomes
[MORNING_VERIFY] 2026-01-30 11:00:08,083 INFO:   [PASS] zombies
[MORNING_VERIFY] 2026-01-30 11:00:08,083 INFO:   [PASS] pipeline
[MORNING_VERIFY] 2026-01-30 11:00:08,083 INFO:   [PASS] pipeline_health
[MORNING_VERIFY] 2026-01-30 11:00:08,083 INFO: Overall: PASS
[MORNING_VERIFY] 2026-01-30 11:00:09,414 INFO: Telegram message sent
[MORNING_VERIFY] 2026-01-30 11:00:09,414 INFO: Telegram report sent to CEO
[MORNING_VERIFY] 2026-01-30 11:00:09,414 INFO: Evidence: C:\fhq-market-system\vision-ios\03_FUNCTIONS\evidence\MORNING_VERIFICATION_20260130_110009.json
[MORNING_VERIFY] 2026-01-30 12:05:58,512 INFO: ==================================================
[MORNING_VERIFY] 2026-01-30 12:05:58,516 INFO: PHASE 2 MORNING VERIFICATION
[MORNING_VERIFY] 2026-01-30 12:05:58,517 INFO: ==================================================
[MORNING_VERIFY] 2026-01-30 12:06:03,380 INFO:   [PASS] indicators
[MORNING_VERIFY] 2026-01-30 12:06:03,380 INFO:   [PASS] indicator_pulse
[MORNING_VERIFY] 2026-01-30 12:06:03,380 INFO:   [PASS] outcomes
[MORNING_VERIFY] 2026-01-30 12:06:03,380 INFO:   [PASS] zombies
[MORNING_VERIFY] 2026-01-30 12:06:03,390 INFO:   [PASS] pipeline
[MORNING_VERIFY] 2026-01-30 12:06:03,390 INFO:   [PASS] pipeline_health
[MORNING_VERIFY] 2026-01-30 12:06:03,390 INFO:   [PASS] promotion_gate
[MORNING_VERIFY] 2026-01-30 12:06:03,390 INFO:   [PASS] run_ledger
[MORNING_VERIFY] 2026-01-30 12:06:03,391 INFO: Overall: PASS
[MORNING_VERIFY] 2026-01-30 12:06:03,391 INFO: Telegram disabled (--check mode)
[MORNING_VERIFY] 2026-01-30 12:06:03,391 INFO: Evidence: C:\fhq-market-system\vision-ios\03_FUNCTIONS\evidence\MORNING_VERIFICATION_20260130_120603.json
[MORNING_VERIFY] 2026-01-31 08:30:01,817 INFO: ==================================================
[MORNING_VERIFY] 2026-01-31 08:30:01,817 INFO: PHASE 2 MORNING VERIFICATION
[MORNING_VERIFY] 2026-01-31 08:30:01,817 INFO: ==================================================
[MORNING_VERIFY] 2026-01-31 08:30:04,709 INFO:   [PASS] indicators
[MORNING_VERIFY] 2026-01-31 08:30:04,709 INFO:   [PASS] indicator_pulse
[MORNING_VERIFY] 2026-01-31 08:30:04,709 INFO:   [PASS] outcomes
[MORNING_VERIFY] 2026-01-31 08:30:04,709 INFO:   [PASS] zombies
[MORNING_VERIFY] 2026-01-31 08:30:04,709 INFO:   [FAIL] pipeline
[MORNING_VERIFY] 2026-01-31 08:30:04,709 INFO:   [PASS] pipeline_health
[MORNING_VERIFY] 2026-01-31 08:30:04,709 INFO:   [PASS] promotion_gate
[MORNING_VERIFY] 2026-01-31 08:30:04,709 INFO:   [PASS] run_ledger
[MORNING_VERIFY] 2026-01-31 08:30:04,709 INFO: Overall: FAIL
[MORNING_VERIFY] 2026-01-31 08:30:05,741 INFO: Telegram message sent
[MORNING_VERIFY] 2026-01-31 08:30:05,741 INFO: Telegram report sent to CEO
[MORNING_VERIFY] 2026-01-31 08:30:05,741 INFO: Evidence: C:\fhq-market-system\vision-ios\03_FUNCTIONS\evidence\MORNING_VERIFICATION_20260131_083005.json
[MORNING_VERIFY] 2026-02-01 14:59:33,473 INFO: ==================================================
[MORNING_VERIFY] 2026-02-01 14:59:33,508 INFO: PHASE 2 MORNING VERIFICATION
[MORNING_VERIFY] 2026-02-01 14:59:33,508 INFO: ==================================================
[MORNING_VERIFY] 2026-02-02 08:30:02,582 INFO: ==================================================
[MORNING_VERIFY] 2026-02-02 08:30:02,582 INFO: PHASE 2 MORNING VERIFICATION
[MORNING_VERIFY] 2026-02-02 08:30:02,582 INFO: ==================================================
[MORNING_VERIFY] 2026-02-02 08:30:05,586 INFO:   [PASS] indicators
[MORNING_VERIFY] 2026-02-02 08:30:05,586 INFO:   [PASS] indicator_pulse
[MORNING_VERIFY] 2026-02-02 08:30:05,586 INFO:   [PASS] outcomes
[MORNING_VERIFY] 2026-02-02 08:30:05,586 INFO:   [FAIL] zombies
[MORNING_VERIFY] 2026-02-02 08:30:05,586 INFO:   [FAIL] pipeline
[MORNING_VERIFY] 2026-02-02 08:30:05,586 INFO:   [PASS] pipeline_health
[MORNING_VERIFY] 2026-02-02 08:30:05,586 INFO:   [PASS] promotion_gate
[MORNING_VERIFY] 2026-02-02 08:30:05,586 INFO:   [PASS] run_ledger
[MORNING_VERIFY] 2026-02-02 08:30:05,586 INFO: Overall: FAIL
[MORNING_VERIFY] 2026-02-02 08:30:06,800 INFO: Telegram message sent
[MORNING_VERIFY] 2026-02-02 08:30:06,810 INFO: Telegram report sent to CEO
[MORNING_VERIFY] 2026-02-02 08:30:06,810 INFO: Evidence: C:\fhq-market-system\vision-ios\03_FUNCTIONS\evidence\MORNING_VERIFICATION_20260202_083006.json
[MORNING_VERIFY] 2026-02-03 08:30:02,716 INFO: ==================================================
[MORNING_VERIFY] 2026-02-03 08:30:02,716 INFO: PHASE 2 MORNING VERIFICATION
[MORNING_VERIFY] 2026-02-03 08:30:02,717 INFO: ==================================================
[MORNING_VERIFY] 2026-02-03 08:30:05,231 INFO:   [PASS] indicators
[MORNING_VERIFY] 2026-02-03 08:30:05,241 INFO:   [PASS] indicator_pulse
[MORNING_VERIFY] 2026-02-03 08:30:05,241 INFO:   [PASS] outcomes
[MORNING_VERIFY] 2026-02-03 08:30:05,242 INFO:   [FAIL] zombies
[MORNING_VERIFY] 2026-02-03 08:30:05,242 INFO:   [FAIL] pipeline
[MORNING_VERIFY] 2026-02-03 08:30:05,242 INFO:   [PASS] pipeline_health
[MORNING_VERIFY] 2026-02-03 08:30:05,242 INFO:   [PASS] promotion_gate
[MORNING_VERIFY] 2026-02-03 08:30:05,242 INFO:   [PASS] run_ledger
[MORNING_VERIFY] 2026-02-03 08:30:05,242 INFO: Overall: FAIL
[MORNING_VERIFY] 2026-02-03 08:30:06,336 INFO: Telegram message sent
[MORNING_VERIFY] 2026-02-03 08:30:06,339 INFO: Telegram report sent to CEO
[MORNING_VERIFY] 2026-02-03 08:30:06,343 INFO: Evidence: C:\fhq-market-system\vision-ios\03_FUNCTIONS\evidence\MORNING_VERIFICATION_20260203_083006.json
[MORNING_VERIFY] 2026-02-04 08:30:02,178 INFO: ==================================================
[MORNING_VERIFY] 2026-02-04 08:30:02,179 INFO: PHASE 2 MORNING VERIFICATION
[MORNING_VERIFY] 2026-02-04 08:30:02,180 INFO: ==================================================
[MORNING_VERIFY] 2026-02-04 08:30:05,179 INFO:   [PASS] indicators
[MORNING_VERIFY] 2026-02-04 08:30:05,180 INFO:   [PASS] indicator_pulse
[MORNING_VERIFY] 2026-02-04 08:30:05,180 INFO:   [PASS] outcomes
[MORNING_VERIFY] 2026-02-04 08:30:05,180 INFO:   [FAIL] zombies
[MORNING_VERIFY] 2026-02-04 08:30:05,181 INFO:   [FAIL] pipeline
[MORNING_VERIFY] 2026-02-04 08:30:05,181 INFO:   [PASS] pipeline_health
[MORNING_VERIFY] 2026-02-04 08:30:05,181 INFO:   [PASS] promotion_gate
[MORNING_VERIFY] 2026-02-04 08:30:05,181 INFO:   [PASS] run_ledger
[MORNING_VERIFY] 2026-02-04 08:30:05,181 INFO: Overall: FAIL
[MORNING_VERIFY] 2026-02-04 08:30:06,329 INFO: Telegram message sent
[MORNING_VERIFY] 2026-02-04 08:30:06,329 INFO: Telegram report sent to CEO
[MORNING_VERIFY] 2026-02-04 08:30:06,340 INFO: Evidence: C:\fhq-market-system\vision-ios\03_FUNCTIONS\evidence\MORNING_VERIFICATION_20260204_083006.json
[MORNING_VERIFY] 2026-02-05 08:30:02,588 INFO: ==================================================
[MORNING_VERIFY] 2026-02-05 08:30:02,830 INFO: PHASE 2 MORNING VERIFICATION
[MORNING_VERIFY] 2026-02-05 08:30:02,904 INFO: ==================================================
[MORNING_VERIFY] 2026-02-05 08:30:08,211 INFO:   [FAIL] indicators
[MORNING_VERIFY] 2026-02-05 08:30:08,212 INFO:   [FAIL] indicator_pulse
[MORNING_VERIFY] 2026-02-05 08:30:08,212 INFO:   [PASS] outcomes
[MORNING_VERIFY] 2026-02-05 08:30:08,224 INFO:   [FAIL] zombies
[MORNING_VERIFY] 2026-02-05 08:30:08,225 INFO:   [FAIL] pipeline
[MORNING_VERIFY] 2026-02-05 08:30:08,225 INFO:   [PASS] pipeline_health
[MORNING_VERIFY] 2026-02-05 08:30:08,225 INFO:   [PASS] promotion_gate
[MORNING_VERIFY] 2026-02-05 08:30:08,225 INFO:   [FAIL] run_ledger
[MORNING_VERIFY] 2026-02-05 08:30:08,225 INFO: Overall: FAIL
[MORNING_VERIFY] 2026-02-05 08:30:11,850 INFO: Telegram message sent
[MORNING_VERIFY] 2026-02-05 08:30:11,850 INFO: Telegram report sent to CEO
[MORNING_VERIFY] 2026-02-05 08:30:11,850 INFO: Evidence: C:\fhq-market-system\vision-ios\03_FUNCTIONS\evidence\MORNING_VERIFICATION_20260205_083011.json
[MORNING_VERIFY] 2026-02-06 08:30:02,204 INFO: ==================================================
[MORNING_VERIFY] 2026-02-06 08:30:02,204 INFO: PHASE 2 MORNING VERIFICATION
[MORNING_VERIFY] 2026-02-06 08:30:02,204 INFO: ==================================================
[MORNING_VERIFY] 2026-02-06 08:30:05,398 INFO:   [PASS] indicators
[MORNING_VERIFY] 2026-02-06 08:30:05,398 INFO:   [PASS] indicator_pulse
[MORNING_VERIFY] 2026-02-06 08:30:05,398 INFO:   [PASS] outcomes
[MORNING_VERIFY] 2026-02-06 08:30:05,398 INFO:   [FAIL] zombies
[MORNING_VERIFY] 2026-02-06 08:30:05,398 INFO:   [FAIL] pipeline
[MORNING_VERIFY] 2026-02-06 08:30:05,398 INFO:   [PASS] pipeline_health
[MORNING_VERIFY] 2026-02-06 08:30:05,398 INFO:   [PASS] promotion_gate
[MORNING_VERIFY] 2026-02-06 08:30:05,398 INFO:   [PASS] run_ledger
[MORNING_VERIFY] 2026-02-06 08:30:05,398 INFO: Overall: FAIL
[MORNING_VERIFY] 2026-02-06 08:30:06,702 INFO: Telegram message sent
[MORNING_VERIFY] 2026-02-06 08:30:06,716 INFO: Telegram report sent to CEO
[MORNING_VERIFY] 2026-02-06 08:30:06,725 INFO: Evidence: C:\fhq-market-system\vision-ios\03_FUNCTIONS\evidence\MORNING_VERIFICATION_20260206_083006.json
[MORNING_VERIFY] 2026-02-07 08:58:37,875 INFO: ==================================================
[MORNING_VERIFY] 2026-02-07 08:58:37,918 INFO: PHASE 2 MORNING VERIFICATION
[MORNING_VERIFY] 2026-02-07 08:58:37,918 INFO: ==================================================
[MORNING_VERIFY] 2026-02-07 08:58:41,710 INFO:   [PASS] indicators
[MORNING_VERIFY] 2026-02-07 08:58:41,710 INFO:   [PASS] indicator_pulse
[MORNING_VERIFY] 2026-02-07 08:58:41,710 INFO:   [PASS] outcomes
[MORNING_VERIFY] 2026-02-07 08:58:41,710 INFO:   [FAIL] zombies
[MORNING_VERIFY] 2026-02-07 08:58:41,710 INFO:   [FAIL] pipeline
[MORNING_VERIFY] 2026-02-07 08:58:41,710 INFO:   [PASS] pipeline_health
[MORNING_VERIFY] 2026-02-07 08:58:41,710 INFO:   [FAIL] promotion_gate
[MORNING_VERIFY] 2026-02-07 08:58:41,721 INFO:   [FAIL] run_ledger
[MORNING_VERIFY] 2026-02-07 08:58:41,721 INFO: Overall: FAIL
[MORNING_VERIFY] 2026-02-07 08:58:44,833 INFO: Telegram message sent
[MORNING_VERIFY] 2026-02-07 08:58:44,956 INFO: Telegram report sent to CEO
[MORNING_VERIFY] 2026-02-07 08:58:45,008 INFO: Evidence: C:\fhq-market-system\vision-ios\03_FUNCTIONS\evidence\MORNING_VERIFICATION_20260207_085844.json
[MORNING_VERIFY] 2026-02-08 08:30:02,708 INFO: ==================================================
[MORNING_VERIFY] 2026-02-08 08:30:02,708 INFO: PHASE 2 MORNING VERIFICATION
[MORNING_VERIFY] 2026-02-08 08:30:02,708 INFO: ==================================================
[MORNING_VERIFY] 2026-02-08 08:30:05,561 INFO:   [PASS] indicators
[MORNING_VERIFY] 2026-02-08 08:30:05,561 INFO:   [PASS] indicator_pulse
[MORNING_VERIFY] 2026-02-08 08:30:05,561 INFO:   [FAIL] outcomes
[MORNING_VERIFY] 2026-02-08 08:30:05,561 INFO:   [FAIL] zombies
[MORNING_VERIFY] 2026-02-08 08:30:05,561 INFO:   [FAIL] pipeline
[MORNING_VERIFY] 2026-02-08 08:30:05,561 INFO:   [PASS] pipeline_health
[MORNING_VERIFY] 2026-02-08 08:30:05,561 INFO:   [PASS] promotion_gate
[MORNING_VERIFY] 2026-02-08 08:30:05,561 INFO:   [PASS] run_ledger
[MORNING_VERIFY] 2026-02-08 08:30:05,561 INFO: Overall: FAIL
[MORNING_VERIFY] 2026-02-08 08:30:06,760 INFO: Telegram message sent
[MORNING_VERIFY] 2026-02-08 08:30:06,760 INFO: Telegram report sent to CEO
[MORNING_VERIFY] 2026-02-08 08:30:06,771 INFO: Evidence: C:\fhq-market-system\vision-ios\03_FUNCTIONS\evidence\MORNING_VERIFICATION_20260208_083006.json
[MORNING_VERIFY] 2026-02-09 08:30:02,634 INFO: ==================================================
[MORNING_VERIFY] 2026-02-09 08:30:02,634 INFO: PHASE 2 MORNING VERIFICATION
[MORNING_VERIFY] 2026-02-09 08:30:02,634 INFO: ==================================================
[MORNING_VERIFY] 2026-02-09 08:30:05,216 INFO:   [PASS] indicators
[MORNING_VERIFY] 2026-02-09 08:30:05,216 INFO:   [PASS] indicator_pulse
[MORNING_VERIFY] 2026-02-09 08:30:05,216 INFO:   [FAIL] outcomes
[MORNING_VERIFY] 2026-02-09 08:30:05,216 INFO:   [FAIL] zombies
[MORNING_VERIFY] 2026-02-09 08:30:05,216 INFO:   [FAIL] pipeline
[MORNING_VERIFY] 2026-02-09 08:30:05,216 INFO:   [PASS] pipeline_health
[MORNING_VERIFY] 2026-02-09 08:30:05,216 INFO:   [PASS] promotion_gate
[MORNING_VERIFY] 2026-02-09 08:30:05,216 INFO:   [PASS] run_ledger
[MORNING_VERIFY] 2026-02-09 08:30:05,216 INFO: Overall: FAIL
[MORNING_VERIFY] 2026-02-09 08:30:06,233 INFO: Telegram message sent
[MORNING_VERIFY] 2026-02-09 08:30:06,233 INFO: Telegram report sent to CEO
[MORNING_VERIFY] 2026-02-09 08:30:06,244 INFO: Evidence: C:\fhq-market-system\vision-ios\03_FUNCTIONS\evidence\MORNING_VERIFICATION_20260209_083006.json
[MORNING_VERIFY] 2026-02-09 23:34:55,350 INFO: Telegram message sent
[MORNING_VERIFY] 2026-02-09 23:35:02,034 INFO: ==================================================
[MORNING_VERIFY] 2026-02-09 23:35:02,034 INFO: PHASE 2 MORNING VERIFICATION
[MORNING_VERIFY] 2026-02-09 23:35:02,034 INFO: ==================================================
[MORNING_VERIFY] 2026-02-09 23:35:05,885 WARNING: FAIL-CLOSED: Indicator freshness overridden by PULSE sentinel
[MORNING_VERIFY] 2026-02-09 23:35:05,885 INFO:   [FAIL] indicators
[MORNING_VERIFY] 2026-02-09 23:35:05,885 INFO:   [FAIL] indicator_pulse
[MORNING_VERIFY] 2026-02-09 23:35:05,885 INFO:   [FAIL] outcomes
[MORNING_VERIFY] 2026-02-09 23:35:05,885 INFO:   [FAIL] zombies
[MORNING_VERIFY] 2026-02-09 23:35:05,885 INFO:   [FAIL] pipeline
[MORNING_VERIFY] 2026-02-09 23:35:05,885 INFO:   [PASS] pipeline_health
[MORNING_VERIFY] 2026-02-09 23:35:05,885 INFO:   [PASS] promotion_gate
[MORNING_VERIFY] 2026-02-09 23:35:05,885 INFO:   [FAIL] run_ledger
[MORNING_VERIFY] 2026-02-09 23:35:05,885 INFO: Overall: FAIL
[MORNING_VERIFY] 2026-02-09 23:35:05,885 INFO: Using new MBB-inspired report format (v2)
[MORNING_VERIFY] 2026-02-09 23:35:07,168 INFO: Telegram message sent
[MORNING_VERIFY] 2026-02-09 23:35:07,168 INFO: Telegram report sent to CEO
[MORNING_VERIFY] 2026-02-09 23:35:07,178 INFO: Evidence: C:\fhq-market-system\vision-ios\03_FUNCTIONS\evidence\MORNING_VERIFICATION_20260209_233507.json
[MORNING_VERIFY] 2026-02-10 08:30:03,376 INFO: ==================================================
[MORNING_VERIFY] 2026-02-10 08:30:03,377 INFO: PHASE 2 MORNING VERIFICATION
[MORNING_VERIFY] 2026-02-10 08:30:03,378 INFO: ==================================================
[MORNING_VERIFY] 2026-02-10 08:30:06,143 WARNING: FAIL-CLOSED: Indicator freshness overridden by PULSE sentinel
[MORNING_VERIFY] 2026-02-10 08:30:06,144 INFO:   [FAIL] indicators
[MORNING_VERIFY] 2026-02-10 08:30:06,146 INFO:   [FAIL] indicator_pulse
[MORNING_VERIFY] 2026-02-10 08:30:06,147 INFO:   [FAIL] outcomes
[MORNING_VERIFY] 2026-02-10 08:30:06,147 INFO:   [FAIL] zombies
[MORNING_VERIFY] 2026-02-10 08:30:06,148 INFO:   [FAIL] pipeline
[MORNING_VERIFY] 2026-02-10 08:30:06,148 INFO:   [PASS] pipeline_health
[MORNING_VERIFY] 2026-02-10 08:30:06,149 INFO:   [FAIL] promotion_gate
[MORNING_VERIFY] 2026-02-10 08:30:06,150 INFO:   [FAIL] run_ledger
[MORNING_VERIFY] 2026-02-10 08:30:06,150 INFO: Overall: FAIL
[MORNING_VERIFY] 2026-02-10 08:30:06,151 INFO: Using new MBB-inspired report format (v2)
[MORNING_VERIFY] 2026-02-10 08:30:07,712 INFO: Telegram message sent
[MORNING_VERIFY] 2026-02-10 08:30:07,712 INFO: Telegram report sent to CEO
[MORNING_VERIFY] 2026-02-10 08:30:07,723 INFO: Evidence: C:\fhq-market-system\vision-ios\03_FUNCTIONS\evidence\MORNING_VERIFICATION_20260210_083007.json
[MORNING_VERIFY] 2026-02-11 08:30:02,561 INFO: ==================================================
[MORNING_VERIFY] 2026-02-11 08:30:02,562 INFO: PHASE 2 MORNING VERIFICATION
[MORNING_VERIFY] 2026-02-11 08:30:02,563 INFO: ==================================================
[MORNING_VERIFY] 2026-02-11 08:30:04,921 INFO:   [PASS] indicators
[MORNING_VERIFY] 2026-02-11 08:30:04,921 INFO:   [PASS] indicator_pulse
[MORNING_VERIFY] 2026-02-11 08:30:04,921 INFO:   [PASS] outcomes
[MORNING_VERIFY] 2026-02-11 08:30:04,921 INFO:   [FAIL] zombies
[MORNING_VERIFY] 2026-02-11 08:30:04,931 INFO:   [FAIL] pipeline
[MORNING_VERIFY] 2026-02-11 08:30:04,932 INFO:   [PASS] pipeline_health
[MORNING_VERIFY] 2026-02-11 08:30:04,932 INFO:   [PASS] promotion_gate
[MORNING_VERIFY] 2026-02-11 08:30:04,932 INFO:   [PASS] run_ledger
[MORNING_VERIFY] 2026-02-11 08:30:04,932 INFO: Overall: FAIL
[MORNING_VERIFY] 2026-02-11 08:30:04,932 INFO: Using new MBB-inspired report format (v2)
[MORNING_VERIFY] 2026-02-11 08:30:05,867 INFO: Telegram message sent
[MORNING_VERIFY] 2026-02-11 08:30:05,873 INFO: Telegram report sent to CEO
[MORNING_VERIFY] 2026-02-11 08:30:05,900 INFO: Evidence: C:\fhq-market-system\vision-ios\03_FUNCTIONS\evidence\MORNING_VERIFICATION_20260211_083005.json
[MORNING_VERIFY] 2026-02-12 08:30:02,527 INFO: ==================================================
[MORNING_VERIFY] 2026-02-12 08:30:02,527 INFO: PHASE 2 MORNING VERIFICATION
[MORNING_VERIFY] 2026-02-12 08:30:02,527 INFO: ==================================================
[MORNING_VERIFY] 2026-02-12 08:30:04,630 INFO:   [PASS] indicators
[MORNING_VERIFY] 2026-02-12 08:30:04,630 INFO:   [PASS] indicator_pulse
[MORNING_VERIFY] 2026-02-12 08:30:04,630 INFO:   [PASS] outcomes
[MORNING_VERIFY] 2026-02-12 08:30:04,630 INFO:   [FAIL] zombies
[MORNING_VERIFY] 2026-02-12 08:30:04,630 INFO:   [FAIL] pipeline
[MORNING_VERIFY] 2026-02-12 08:30:04,630 INFO:   [PASS] pipeline_health
[MORNING_VERIFY] 2026-02-12 08:30:04,630 INFO:   [PASS] promotion_gate
[MORNING_VERIFY] 2026-02-12 08:30:04,640 INFO:   [PASS] run_ledger
[MORNING_VERIFY] 2026-02-12 08:30:04,640 INFO: Overall: FAIL
[MORNING_VERIFY] 2026-02-12 08:30:04,640 INFO: Using new MBB-inspired report format (v2)
[MORNING_VERIFY] 2026-02-12 08:30:05,659 INFO: Telegram message sent
[MORNING_VERIFY] 2026-02-12 08:30:05,669 INFO: Telegram report sent to CEO
[MORNING_VERIFY] 2026-02-12 08:30:05,687 INFO: Evidence: C:\fhq-market-system\vision-ios\03_FUNCTIONS\evidence\MORNING_VERIFICATION_20260212_083005.json
[MORNING_VERIFY] 2026-02-13 08:30:02,383 INFO: ==================================================
[MORNING_VERIFY] 2026-02-13 08:30:02,384 INFO: PHASE 2 MORNING VERIFICATION
[MORNING_VERIFY] 2026-02-13 08:30:02,384 INFO: ==================================================
[MORNING_VERIFY] 2026-02-13 08:30:04,761 INFO:   [PASS] indicators
[MORNING_VERIFY] 2026-02-13 08:30:04,761 INFO:   [PASS] indicator_pulse
[MORNING_VERIFY] 2026-02-13 08:30:04,761 INFO:   [FAIL] outcomes
[MORNING_VERIFY] 2026-02-13 08:30:04,761 INFO:   [FAIL] zombies
[MORNING_VERIFY] 2026-02-13 08:30:04,761 INFO:   [FAIL] pipeline
[MORNING_VERIFY] 2026-02-13 08:30:04,761 INFO:   [PASS] pipeline_health
[MORNING_VERIFY] 2026-02-13 08:30:04,761 INFO:   [FAIL] promotion_gate
[MORNING_VERIFY] 2026-02-13 08:30:04,761 INFO:   [FAIL] run_ledger
[MORNING_VERIFY] 2026-02-13 08:30:04,761 INFO: Overall: FAIL
[MORNING_VERIFY] 2026-02-13 08:30:04,761 INFO: Using new MBB-inspired report format (v2)
[MORNING_VERIFY] 2026-02-13 08:30:11,601 INFO: Telegram message sent
[MORNING_VERIFY] 2026-02-13 08:30:11,607 INFO: Telegram report sent to CEO
[MORNING_VERIFY] 2026-02-13 08:30:11,879 INFO: Evidence: C:\fhq-market-system\vision-ios\03_FUNCTIONS\evidence\MORNING_VERIFICATION_20260213_083011.json
[MORNING_VERIFY] 2026-02-14 08:30:02,138 INFO: ==================================================
[MORNING_VERIFY] 2026-02-14 08:30:02,138 INFO: PHASE 2 MORNING VERIFICATION
[MORNING_VERIFY] 2026-02-14 08:30:02,138 INFO: ==================================================
[MORNING_VERIFY] 2026-02-14 08:30:03,936 INFO:   [PASS] indicators
[MORNING_VERIFY] 2026-02-14 08:30:03,937 INFO:   [PASS] indicator_pulse
[MORNING_VERIFY] 2026-02-14 08:30:03,938 INFO:   [PASS] outcomes
[MORNING_VERIFY] 2026-02-14 08:30:03,938 INFO:   [FAIL] zombies
[MORNING_VERIFY] 2026-02-14 08:30:03,938 INFO:   [FAIL] pipeline
[MORNING_VERIFY] 2026-02-14 08:30:03,938 INFO:   [PASS] pipeline_health
[MORNING_VERIFY] 2026-02-14 08:30:03,939 INFO:   [FAIL] promotion_gate
[MORNING_VERIFY] 2026-02-14 08:30:03,939 INFO:   [FAIL] run_ledger
[MORNING_VERIFY] 2026-02-14 08:30:03,940 INFO: Overall: FAIL
[MORNING_VERIFY] 2026-02-14 08:30:03,940 INFO: Using new MBB-inspired report format (v2)
[MORNING_VERIFY] 2026-02-14 08:30:04,731 INFO: Telegram message sent
[MORNING_VERIFY] 2026-02-14 08:30:04,731 INFO: Telegram report sent to CEO
[MORNING_VERIFY] 2026-02-14 08:30:04,752 INFO: Evidence: C:\fhq-market-system\vision-ios\03_FUNCTIONS\evidence\MORNING_VERIFICATION_20260214_083004.json
[MORNING_VERIFY] 2026-02-15 08:30:02,176 INFO: ==================================================
[MORNING_VERIFY] 2026-02-15 08:30:02,176 INFO: PHASE 2 MORNING VERIFICATION
[MORNING_VERIFY] 2026-02-15 08:30:02,177 INFO: ==================================================
[MORNING_VERIFY] 2026-02-15 08:30:04,095 INFO:   [PASS] indicators
[MORNING_VERIFY] 2026-02-15 08:30:04,096 INFO:   [PASS] indicator_pulse
[MORNING_VERIFY] 2026-02-15 08:30:04,096 INFO:   [PASS] outcomes
[MORNING_VERIFY] 2026-02-15 08:30:04,097 INFO:   [FAIL] zombies
[MORNING_VERIFY] 2026-02-15 08:30:04,097 INFO:   [FAIL] pipeline
[MORNING_VERIFY] 2026-02-15 08:30:04,097 INFO:   [PASS] pipeline_health
[MORNING_VERIFY] 2026-02-15 08:30:04,097 INFO:   [FAIL] promotion_gate
[MORNING_VERIFY] 2026-02-15 08:30:04,098 INFO:   [FAIL] run_ledger
[MORNING_VERIFY] 2026-02-15 08:30:04,098 INFO: Overall: FAIL
[MORNING_VERIFY] 2026-02-15 08:30:04,098 INFO: Using new MBB-inspired report format (v2)
[MORNING_VERIFY] 2026-02-15 08:30:05,043 INFO: Telegram message sent
[MORNING_VERIFY] 2026-02-15 08:30:05,043 INFO: Telegram report sent to CEO
[MORNING_VERIFY] 2026-02-15 08:30:05,059 INFO: Evidence: C:\fhq-market-system\vision-ios\03_FUNCTIONS\evidence\MORNING_VERIFICATION_20260215_083005.json
[MORNING_VERIFY] 2026-02-16 10:09:54,571 INFO: ==================================================
[MORNING_VERIFY] 2026-02-16 10:09:54,575 INFO: PHASE 2 MORNING VERIFICATION
[MORNING_VERIFY] 2026-02-16 10:09:54,749 INFO: ==================================================
[MORNING_VERIFY] 2026-02-16 10:09:58,495 INFO:   [PASS] indicators
[MORNING_VERIFY] 2026-02-16 10:09:58,495 INFO:   [PASS] indicator_pulse
[MORNING_VERIFY] 2026-02-16 10:09:58,495 INFO:   [PASS] outcomes
[MORNING_VERIFY] 2026-02-16 10:09:58,495 INFO:   [FAIL] zombies
[MORNING_VERIFY] 2026-02-16 10:09:58,495 INFO:   [FAIL] pipeline
[MORNING_VERIFY] 2026-02-16 10:09:58,495 INFO:   [PASS] pipeline_health
[MORNING_VERIFY] 2026-02-16 10:09:58,495 INFO:   [FAIL] promotion_gate
[MORNING_VERIFY] 2026-02-16 10:09:58,495 INFO:   [FAIL] run_ledger
[MORNING_VERIFY] 2026-02-16 10:09:58,495 INFO: Overall: FAIL
[MORNING_VERIFY] 2026-02-16 10:09:58,495 INFO: Using new MBB-inspired report format (v2)
[MORNING_VERIFY] 2026-02-16 10:10:27,363 INFO: Telegram message sent
[MORNING_VERIFY] 2026-02-16 10:10:27,363 INFO: Telegram report sent to CEO
[MORNING_VERIFY] 2026-02-16 10:10:27,394 INFO: Evidence: C:\fhq-market-system\vision-ios\03_FUNCTIONS\evidence\MORNING_VERIFICATION_20260216_101027.json
