2026-01-16 23:05:03,180 | INFO | ======================================================================
2026-01-16 23:05:03,190 | INFO | IoS-001 BULLETPROOF DAILY PRICE INGEST
2026-01-16 23:05:03,190 | INFO | ======================================================================
2026-01-16 23:05:03,190 | INFO | CEO Directive: CD-IOS-001-DAILY-INGEST-BULLETPROOF-001
2026-01-16 23:05:03,190 | INFO | Executor: STIG (EC-003)
2026-01-16 23:05:03,190 | INFO | Time: 2026-01-16T22:05:03.180338+00:00
2026-01-16 23:05:03,190 | INFO | Asset Class Filter: CRYPTO
2026-01-16 23:05:03,190 | INFO | Dry Run: False
2026-01-16 23:05:03,190 | INFO | Canonical Source: fhq_market.prices (ONLY)
2026-01-16 23:05:03,190 | INFO | ======================================================================
2026-01-16 23:05:03,265 | INFO | Found 46 canonical assets
2026-01-16 23:05:03,808 | INFO | ============================================================
2026-01-16 23:05:03,809 | INFO | ATTEMPTING ALPACA INGEST (Primary Provider)
2026-01-16 23:05:03,809 | INFO | Assets: 46, Rate limit: 200/min
2026-01-16 23:05:03,809 | INFO | ============================================================
2026-01-16 23:05:03,820 | INFO |   [ADA-USD] Stale (22.1h > 6h) - fetching
2026-01-16 23:05:04,647 | WARNING |   [ADA-USD] No data from Alpaca (STALE)
2026-01-16 23:05:05,149 | INFO |   [ALGO-USD] Stale (22.1h > 6h) - fetching
2026-01-16 23:05:05,278 | WARNING |   [ALGO-USD] No data from Alpaca (STALE)
2026-01-16 23:05:05,781 | INFO |   [ATOM-USD] Stale (22.1h > 6h) - fetching
2026-01-16 23:05:05,907 | WARNING |   [ATOM-USD] No data from Alpaca (STALE)
2026-01-16 23:05:06,416 | INFO |   [AVAX-USD] Stale (22.1h > 6h) - fetching
2026-01-16 23:05:06,575 | WARNING |   VOLUME SANITY REJECT: AVAX-USD 2026-01-15 23:00:00 volume=27.70 < threshold=1000 (source=ALPACA)
2026-01-16 23:05:06,585 | WARNING |   VOLUME SANITY REJECT: AVAX-USD 2026-01-16 00:00:00 volume=0.77 < threshold=1000 (source=ALPACA)
2026-01-16 23:05:06,585 | WARNING |   VOLUME SANITY REJECT: AVAX-USD 2026-01-16 01:00:00 volume=4.39 < threshold=1000 (source=ALPACA)
2026-01-16 23:05:06,585 | WARNING |   VOLUME SANITY REJECT: AVAX-USD 2026-01-16 02:00:00 volume=13.12 < threshold=1000 (source=ALPACA)
2026-01-16 23:05:06,585 | WARNING |   VOLUME SANITY REJECT: AVAX-USD 2026-01-16 03:00:00 volume=14.99 < threshold=1000 (source=ALPACA)
2026-01-16 23:05:06,585 | WARNING |   VOLUME SANITY REJECT: AVAX-USD 2026-01-16 04:00:00 volume=22.50 < threshold=1000 (source=ALPACA)
2026-01-16 23:05:06,585 | WARNING |   VOLUME SANITY REJECT: AVAX-USD 2026-01-16 05:00:00 volume=0.00 < threshold=1000 (source=ALPACA)
2026-01-16 23:05:06,585 | WARNING |   VOLUME SANITY REJECT: AVAX-USD 2026-01-16 06:00:00 volume=1.08 < threshold=1000 (source=ALPACA)
2026-01-16 23:05:06,585 | WARNING |   VOLUME SANITY REJECT: AVAX-USD 2026-01-16 07:00:00 volume=1.57 < threshold=1000 (source=ALPACA)
2026-01-16 23:05:06,585 | WARNING |   VOLUME SANITY REJECT: AVAX-USD 2026-01-16 08:00:00 volume=1.41 < threshold=1000 (source=ALPACA)
2026-01-16 23:05:06,585 | WARNING |   VOLUME SANITY REJECT: AVAX-USD 2026-01-16 09:00:00 volume=0.72 < threshold=1000 (source=ALPACA)
2026-01-16 23:05:06,585 | WARNING |   VOLUME SANITY REJECT: AVAX-USD 2026-01-16 10:00:00 volume=0.75 < threshold=1000 (source=ALPACA)
2026-01-16 23:05:06,585 | WARNING |   VOLUME SANITY REJECT: AVAX-USD 2026-01-16 11:00:00 volume=0.00 < threshold=1000 (source=ALPACA)
2026-01-16 23:05:06,593 | WARNING |   VOLUME SANITY REJECT: AVAX-USD 2026-01-16 12:00:00 volume=0.00 < threshold=1000 (source=ALPACA)
2026-01-16 23:05:06,593 | WARNING |   VOLUME SANITY REJECT: AVAX-USD 2026-01-16 13:00:00 volume=0.00 < threshold=1000 (source=ALPACA)
2026-01-16 23:05:06,595 | WARNING |   VOLUME SANITY REJECT: AVAX-USD 2026-01-16 14:00:00 volume=3.25 < threshold=1000 (source=ALPACA)
2026-01-16 23:05:06,595 | WARNING |   VOLUME SANITY REJECT: AVAX-USD 2026-01-16 15:00:00 volume=92.41 < threshold=1000 (source=ALPACA)
2026-01-16 23:05:06,596 | WARNING |   VOLUME SANITY REJECT: AVAX-USD 2026-01-16 16:00:00 volume=54.21 < threshold=1000 (source=ALPACA)
2026-01-16 23:05:06,596 | WARNING |   VOLUME SANITY REJECT: AVAX-USD 2026-01-16 17:00:00 volume=7.48 < threshold=1000 (source=ALPACA)
2026-01-16 23:05:06,597 | WARNING |   VOLUME SANITY REJECT: AVAX-USD 2026-01-16 18:00:00 volume=38.74 < threshold=1000 (source=ALPACA)
2026-01-16 23:05:06,597 | WARNING |   VOLUME SANITY REJECT: AVAX-USD 2026-01-16 19:00:00 volume=16.52 < threshold=1000 (source=ALPACA)
2026-01-16 23:05:06,597 | WARNING |   VOLUME SANITY REJECT: AVAX-USD 2026-01-16 20:00:00 volume=4.80 < threshold=1000 (source=ALPACA)
2026-01-16 23:05:06,598 | WARNING |   VOLUME SANITY REJECT: AVAX-USD 2026-01-16 21:00:00 volume=6.34 < threshold=1000 (source=ALPACA)
2026-01-16 23:05:06,599 | WARNING |   VOLUME SANITY REJECT: AVAX-USD 2026-01-16 22:00:00 volume=0.00 < threshold=1000 (source=ALPACA)
2026-01-16 23:05:06,599 | WARNING |   [AVAX-USD] ALL 24 rows REJECTED by volume sanity check (source=ALPACA)
2026-01-16 23:05:06,599 | WARNING |   [AVAX-USD] 0 rows written despite 24 bars received
2026-01-16 23:05:07,100 | INFO |   [AXS-USD] Stale (22.1h > 6h) - fetching
2026-01-16 23:05:07,236 | WARNING |   [AXS-USD] No data from Alpaca (STALE)
2026-01-16 23:05:07,753 | INFO |   [BCH-USD] Stale (22.1h > 6h) - fetching
2026-01-16 23:05:07,894 | WARNING |   VOLUME SANITY REJECT: BCH-USD 2026-01-15 23:00:00 volume=0.01 < threshold=1000 (source=ALPACA)
2026-01-16 23:05:07,894 | WARNING |   VOLUME SANITY REJECT: BCH-USD 2026-01-16 00:00:00 volume=0.03 < threshold=1000 (source=ALPACA)
2026-01-16 23:05:07,894 | WARNING |   VOLUME SANITY REJECT: BCH-USD 2026-01-16 01:00:00 volume=0.07 < threshold=1000 (source=ALPACA)
2026-01-16 23:05:07,894 | WARNING |   VOLUME SANITY REJECT: BCH-USD 2026-01-16 02:00:00 volume=0.08 < threshold=1000 (source=ALPACA)
2026-01-16 23:05:07,894 | WARNING |   VOLUME SANITY REJECT: BCH-USD 2026-01-16 03:00:00 volume=0.00 < threshold=1000 (source=ALPACA)
2026-01-16 23:05:07,894 | WARNING |   VOLUME SANITY REJECT: BCH-USD 2026-01-16 04:00:00 volume=0.02 < threshold=1000 (source=ALPACA)
2026-01-16 23:05:07,894 | WARNING |   VOLUME SANITY REJECT: BCH-USD 2026-01-16 05:00:00 volume=0.17 < threshold=1000 (source=ALPACA)
2026-01-16 23:05:07,894 | WARNING |   VOLUME SANITY REJECT: BCH-USD 2026-01-16 06:00:00 volume=0.04 < threshold=1000 (source=ALPACA)
2026-01-16 23:05:07,894 | WARNING |   VOLUME SANITY REJECT: BCH-USD 2026-01-16 07:00:00 volume=0.00 < threshold=1000 (source=ALPACA)
2026-01-16 23:05:07,894 | WARNING |   VOLUME SANITY REJECT: BCH-USD 2026-01-16 08:00:00 volume=0.04 < threshold=1000 (source=ALPACA)
2026-01-16 23:05:07,894 | WARNING |   VOLUME SANITY REJECT: BCH-USD 2026-01-16 09:00:00 volume=0.00 < threshold=1000 (source=ALPACA)
2026-01-16 23:05:07,894 | WARNING |   VOLUME SANITY REJECT: BCH-USD 2026-01-16 10:00:00 volume=2.05 < threshold=1000 (source=ALPACA)
2026-01-16 23:05:07,894 | WARNING |   VOLUME SANITY REJECT: BCH-USD 2026-01-16 11:00:00 volume=0.00 < threshold=1000 (source=ALPACA)
2026-01-16 23:05:07,894 | WARNING |   VOLUME SANITY REJECT: BCH-USD 2026-01-16 12:00:00 volume=0.01 < threshold=1000 (source=ALPACA)
2026-01-16 23:05:07,894 | WARNING |   VOLUME SANITY REJECT: BCH-USD 2026-01-16 13:00:00 volume=0.04 < threshold=1000 (source=ALPACA)
2026-01-16 23:05:07,894 | WARNING |   VOLUME SANITY REJECT: BCH-USD 2026-01-16 14:00:00 volume=0.00 < threshold=1000 (source=ALPACA)
2026-01-16 23:05:07,894 | WARNING |   VOLUME SANITY REJECT: BCH-USD 2026-01-16 15:00:00 volume=0.00 < threshold=1000 (source=ALPACA)
2026-01-16 23:05:07,894 | WARNING |   VOLUME SANITY REJECT: BCH-USD 2026-01-16 16:00:00 volume=0.17 < threshold=1000 (source=ALPACA)
2026-01-16 23:05:07,894 | WARNING |   VOLUME SANITY REJECT: BCH-USD 2026-01-16 17:00:00 volume=0.04 < threshold=1000 (source=ALPACA)
2026-01-16 23:05:07,894 | WARNING |   VOLUME SANITY REJECT: BCH-USD 2026-01-16 18:00:00 volume=0.00 < threshold=1000 (source=ALPACA)
2026-01-16 23:05:07,904 | WARNING |   VOLUME SANITY REJECT: BCH-USD 2026-01-16 19:00:00 volume=0.00 < threshold=1000 (source=ALPACA)
2026-01-16 23:05:07,905 | WARNING |   VOLUME SANITY REJECT: BCH-USD 2026-01-16 20:00:00 volume=0.02 < threshold=1000 (source=ALPACA)
2026-01-16 23:05:07,905 | WARNING |   VOLUME SANITY REJECT: BCH-USD 2026-01-16 21:00:00 volume=0.00 < threshold=1000 (source=ALPACA)
2026-01-16 23:05:07,905 | WARNING |   VOLUME SANITY REJECT: BCH-USD 2026-01-16 22:00:00 volume=0.00 < threshold=1000 (source=ALPACA)
2026-01-16 23:05:07,905 | WARNING |   [BCH-USD] ALL 24 rows REJECTED by volume sanity check (source=ALPACA)
2026-01-16 23:05:07,905 | WARNING |   [BCH-USD] 0 rows written despite 24 bars received
2026-01-16 23:05:08,407 | INFO |   [BNB-USD] Stale (22.1h > 6h) - fetching
2026-01-16 23:05:08,540 | WARNING |   [BNB-USD] No data from Alpaca (STALE)
2026-01-16 23:05:09,046 | INFO |   [BTC-USD] Stale (22.1h > 6h) - fetching
2026-01-16 23:05:09,177 | WARNING |   VOLUME SANITY REJECT: BTC-USD 2026-01-15 23:00:00 volume=0.01 < threshold=1000 (source=ALPACA)
2026-01-16 23:05:09,177 | WARNING |   VOLUME SANITY REJECT: BTC-USD 2026-01-16 00:00:00 volume=0.01 < threshold=1000 (source=ALPACA)
2026-01-16 23:05:09,177 | WARNING |   VOLUME SANITY REJECT: BTC-USD 2026-01-16 01:00:00 volume=0.01 < threshold=1000 (source=ALPACA)
2026-01-16 23:05:09,177 | WARNING |   VOLUME SANITY REJECT: BTC-USD 2026-01-16 02:00:00 volume=0.04 < threshold=1000 (source=ALPACA)
2026-01-16 23:05:09,177 | WARNING |   VOLUME SANITY REJECT: BTC-USD 2026-01-16 03:00:00 volume=0.00 < threshold=1000 (source=ALPACA)
2026-01-16 23:05:09,187 | WARNING |   VOLUME SANITY REJECT: BTC-USD 2026-01-16 04:00:00 volume=0.00 < threshold=1000 (source=ALPACA)
2026-01-16 23:05:09,187 | WARNING |   VOLUME SANITY REJECT: BTC-USD 2026-01-16 05:00:00 volume=0.02 < threshold=1000 (source=ALPACA)
2026-01-16 23:05:09,187 | WARNING |   VOLUME SANITY REJECT: BTC-USD 2026-01-16 06:00:00 volume=0.00 < threshold=1000 (source=ALPACA)
2026-01-16 23:05:09,187 | WARNING |   VOLUME SANITY REJECT: BTC-USD 2026-01-16 07:00:00 volume=0.00 < threshold=1000 (source=ALPACA)
2026-01-16 23:05:09,187 | WARNING |   VOLUME SANITY REJECT: BTC-USD 2026-01-16 08:00:00 volume=0.00 < threshold=1000 (source=ALPACA)
2026-01-16 23:05:09,187 | WARNING |   VOLUME SANITY REJECT: BTC-USD 2026-01-16 09:00:00 volume=0.02 < threshold=1000 (source=ALPACA)
2026-01-16 23:05:09,187 | WARNING |   VOLUME SANITY REJECT: BTC-USD 2026-01-16 10:00:00 volume=0.01 < threshold=1000 (source=ALPACA)
2026-01-16 23:05:09,187 | WARNING |   VOLUME SANITY REJECT: BTC-USD 2026-01-16 11:00:00 volume=0.01 < threshold=1000 (source=ALPACA)
2026-01-16 23:05:09,187 | WARNING |   VOLUME SANITY REJECT: BTC-USD 2026-01-16 12:00:00 volume=0.00 < threshold=1000 (source=ALPACA)
2026-01-16 23:05:09,187 | WARNING |   VOLUME SANITY REJECT: BTC-USD 2026-01-16 13:00:00 volume=0.01 < threshold=1000 (source=ALPACA)
2026-01-16 23:05:09,187 | WARNING |   VOLUME SANITY REJECT: BTC-USD 2026-01-16 14:00:00 volume=0.02 < threshold=1000 (source=ALPACA)
2026-01-16 23:05:09,187 | WARNING |   VOLUME SANITY REJECT: BTC-USD 2026-01-16 15:00:00 volume=0.39 < threshold=1000 (source=ALPACA)
2026-01-16 23:05:09,187 | WARNING |   VOLUME SANITY REJECT: BTC-USD 2026-01-16 16:00:00 volume=0.05 < threshold=1000 (source=ALPACA)
2026-01-16 23:05:09,187 | WARNING |   VOLUME SANITY REJECT: BTC-USD 2026-01-16 17:00:00 volume=0.02 < threshold=1000 (source=ALPACA)
2026-01-16 23:05:09,187 | WARNING |   VOLUME SANITY REJECT: BTC-USD 2026-01-16 18:00:00 volume=1.74 < threshold=1000 (source=ALPACA)
2026-01-16 23:05:09,187 | WARNING |   VOLUME SANITY REJECT: BTC-USD 2026-01-16 19:00:00 volume=0.01 < threshold=1000 (source=ALPACA)
2026-01-16 23:05:09,187 | WARNING |   VOLUME SANITY REJECT: BTC-USD 2026-01-16 20:00:00 volume=0.01 < threshold=1000 (source=ALPACA)
2026-01-16 23:05:09,187 | WARNING |   VOLUME SANITY REJECT: BTC-USD 2026-01-16 21:00:00 volume=0.00 < threshold=1000 (source=ALPACA)
2026-01-16 23:05:09,187 | WARNING |   VOLUME SANITY REJECT: BTC-USD 2026-01-16 22:00:00 volume=0.00 < threshold=1000 (source=ALPACA)
2026-01-16 23:05:09,187 | WARNING |   [BTC-USD] ALL 24 rows REJECTED by volume sanity check (source=ALPACA)
2026-01-16 23:05:09,187 | WARNING |   [BTC-USD] 0 rows written despite 24 bars received
2026-01-16 23:05:09,696 | INFO |   [CHZ-USD] Stale (22.1h > 6h) - fetching
2026-01-16 23:05:09,828 | WARNING |   [CHZ-USD] No data from Alpaca (STALE)
2026-01-16 23:05:10,334 | INFO |   [CRO-USD] Stale (22.1h > 6h) - fetching
2026-01-16 23:05:10,476 | WARNING |   [CRO-USD] No data from Alpaca (STALE)
2026-01-16 23:05:10,980 | INFO |   [CRV-USD] Stale (22.1h > 6h) - fetching
2026-01-16 23:05:11,139 | WARNING |   VOLUME SANITY REJECT: CRV-USD 2026-01-15 23:00:00 volume=0.00 < threshold=1000 (source=ALPACA)
2026-01-16 23:05:11,139 | WARNING |   VOLUME SANITY REJECT: CRV-USD 2026-01-16 00:00:00 volume=39.46 < threshold=1000 (source=ALPACA)
2026-01-16 23:05:11,139 | WARNING |   VOLUME SANITY REJECT: CRV-USD 2026-01-16 01:00:00 volume=93.89 < threshold=1000 (source=ALPACA)
2026-01-16 23:05:11,139 | WARNING |   VOLUME SANITY REJECT: CRV-USD 2026-01-16 02:00:00 volume=0.00 < threshold=1000 (source=ALPACA)
2026-01-16 23:05:11,139 | WARNING |   VOLUME SANITY REJECT: CRV-USD 2026-01-16 03:00:00 volume=0.00 < threshold=1000 (source=ALPACA)
2026-01-16 23:05:11,139 | WARNING |   VOLUME SANITY REJECT: CRV-USD 2026-01-16 04:00:00 volume=0.00 < threshold=1000 (source=ALPACA)
2026-01-16 23:05:11,139 | WARNING |   VOLUME SANITY REJECT: CRV-USD 2026-01-16 05:00:00 volume=0.00 < threshold=1000 (source=ALPACA)
2026-01-16 23:05:11,139 | WARNING |   VOLUME SANITY REJECT: CRV-USD 2026-01-16 06:00:00 volume=0.00 < threshold=1000 (source=ALPACA)
2026-01-16 23:05:11,154 | WARNING |   VOLUME SANITY REJECT: CRV-USD 2026-01-16 07:00:00 volume=0.00 < threshold=1000 (source=ALPACA)
2026-01-16 23:05:11,159 | WARNING |   VOLUME SANITY REJECT: CRV-USD 2026-01-16 08:00:00 volume=0.00 < threshold=1000 (source=ALPACA)
2026-01-16 23:05:11,159 | WARNING |   VOLUME SANITY REJECT: CRV-USD 2026-01-16 09:00:00 volume=0.00 < threshold=1000 (source=ALPACA)
2026-01-16 23:05:11,159 | WARNING |   VOLUME SANITY REJECT: CRV-USD 2026-01-16 10:00:00 volume=11.31 < threshold=1000 (source=ALPACA)
2026-01-16 23:05:11,159 | WARNING |   VOLUME SANITY REJECT: CRV-USD 2026-01-16 11:00:00 volume=0.00 < threshold=1000 (source=ALPACA)
2026-01-16 23:05:11,159 | WARNING |   VOLUME SANITY REJECT: CRV-USD 2026-01-16 12:00:00 volume=0.00 < threshold=1000 (source=ALPACA)
2026-01-16 23:05:11,159 | WARNING |   VOLUME SANITY REJECT: CRV-USD 2026-01-16 13:00:00 volume=0.00 < threshold=1000 (source=ALPACA)
2026-01-16 23:05:11,159 | WARNING |   VOLUME SANITY REJECT: CRV-USD 2026-01-16 14:00:00 volume=0.00 < threshold=1000 (source=ALPACA)
2026-01-16 23:05:11,159 | WARNING |   VOLUME SANITY REJECT: CRV-USD 2026-01-16 15:00:00 volume=0.00 < threshold=1000 (source=ALPACA)
2026-01-16 23:05:11,159 | WARNING |   VOLUME SANITY REJECT: CRV-USD 2026-01-16 16:00:00 volume=0.00 < threshold=1000 (source=ALPACA)
2026-01-16 23:05:11,168 | WARNING |   VOLUME SANITY REJECT: CRV-USD 2026-01-16 17:00:00 volume=0.00 < threshold=1000 (source=ALPACA)
2026-01-16 23:05:11,169 | WARNING |   VOLUME SANITY REJECT: CRV-USD 2026-01-16 18:00:00 volume=0.00 < threshold=1000 (source=ALPACA)
2026-01-16 23:05:11,170 | WARNING |   VOLUME SANITY REJECT: CRV-USD 2026-01-16 19:00:00 volume=0.00 < threshold=1000 (source=ALPACA)
2026-01-16 23:05:11,170 | WARNING |   VOLUME SANITY REJECT: CRV-USD 2026-01-16 20:00:00 volume=0.00 < threshold=1000 (source=ALPACA)
2026-01-16 23:05:11,171 | WARNING |   VOLUME SANITY REJECT: CRV-USD 2026-01-16 21:00:00 volume=0.00 < threshold=1000 (source=ALPACA)
2026-01-16 23:05:11,172 | WARNING |   VOLUME SANITY REJECT: CRV-USD 2026-01-16 22:00:00 volume=0.00 < threshold=1000 (source=ALPACA)
2026-01-16 23:05:11,172 | WARNING |   [CRV-USD] ALL 24 rows REJECTED by volume sanity check (source=ALPACA)
2026-01-16 23:05:11,172 | WARNING |   [CRV-USD] 0 rows written despite 24 bars received
2026-01-16 23:05:11,679 | INFO |   [DOGE-USD] Stale (22.1h > 6h) - fetching
2026-01-16 23:05:11,836 | WARNING |   VOLUME SANITY REJECT: DOGE-USD 2026-01-15 23:00:00 volume=103.18 < threshold=1000 (source=ALPACA)
2026-01-16 23:05:11,836 | WARNING |   VOLUME SANITY REJECT: DOGE-USD 2026-01-16 00:00:00 volume=25.94 < threshold=1000 (source=ALPACA)
2026-01-16 23:05:11,836 | WARNING |   VOLUME SANITY REJECT: DOGE-USD 2026-01-16 01:00:00 volume=145.64 < threshold=1000 (source=ALPACA)
2026-01-16 23:05:11,836 | WARNING |   VOLUME SANITY REJECT: DOGE-USD 2026-01-16 04:00:00 volume=0.00 < threshold=1000 (source=ALPACA)
2026-01-16 23:05:11,836 | WARNING |   VOLUME SANITY REJECT: DOGE-USD 2026-01-16 05:00:00 volume=0.00 < threshold=1000 (source=ALPACA)
2026-01-16 23:05:11,836 | WARNING |   VOLUME SANITY REJECT: DOGE-USD 2026-01-16 06:00:00 volume=881.22 < threshold=1000 (source=ALPACA)
2026-01-16 23:05:11,836 | WARNING |   VOLUME SANITY REJECT: DOGE-USD 2026-01-16 07:00:00 volume=156.23 < threshold=1000 (source=ALPACA)
2026-01-16 23:05:11,836 | WARNING |   VOLUME SANITY REJECT: DOGE-USD 2026-01-16 08:00:00 volume=0.00 < threshold=1000 (source=ALPACA)
2026-01-16 23:05:11,836 | WARNING |   VOLUME SANITY REJECT: DOGE-USD 2026-01-16 09:00:00 volume=205.17 < threshold=1000 (source=ALPACA)
2026-01-16 23:05:11,836 | WARNING |   VOLUME SANITY REJECT: DOGE-USD 2026-01-16 10:00:00 volume=225.49 < threshold=1000 (source=ALPACA)
2026-01-16 23:05:11,836 | WARNING |   VOLUME SANITY REJECT: DOGE-USD 2026-01-16 13:00:00 volume=7.28 < threshold=1000 (source=ALPACA)
2026-01-16 23:05:11,843 | WARNING |   VOLUME SANITY REJECT: DOGE-USD 2026-01-16 14:00:00 volume=0.00 < threshold=1000 (source=ALPACA)
2026-01-16 23:05:11,843 | WARNING |   VOLUME SANITY REJECT: DOGE-USD 2026-01-16 21:00:00 volume=0.00 < threshold=1000 (source=ALPACA)
2026-01-16 23:05:11,843 | WARNING |   VOLUME SANITY REJECT: DOGE-USD 2026-01-16 22:00:00 volume=0.00 < threshold=1000 (source=ALPACA)
2026-01-16 23:05:11,854 | WARNING |   [DOGE-USD] 14 rows REJECTED by volume sanity, 10 rows INSERTED (source=ALPACA)
2026-01-16 23:05:11,854 | INFO |   [DOGE-USD] +10 rows via ALPACA (latest: 2026-01-16 22:00:00+00:00)
2026-01-16 23:05:12,363 | INFO |   [DOT-USD] Stale (22.1h > 6h) - fetching
2026-01-16 23:05:12,509 | WARNING |   VOLUME SANITY REJECT: DOT-USD 2026-01-15 23:00:00 volume=0.00 < threshold=1000 (source=ALPACA)
2026-01-16 23:05:12,509 | WARNING |   VOLUME SANITY REJECT: DOT-USD 2026-01-16 00:00:00 volume=50.09 < threshold=1000 (source=ALPACA)
2026-01-16 23:05:12,509 | WARNING |   VOLUME SANITY REJECT: DOT-USD 2026-01-16 01:00:00 volume=0.00 < threshold=1000 (source=ALPACA)
2026-01-16 23:05:12,509 | WARNING |   VOLUME SANITY REJECT: DOT-USD 2026-01-16 02:00:00 volume=177.19 < threshold=1000 (source=ALPACA)
2026-01-16 23:05:12,509 | WARNING |   VOLUME SANITY REJECT: DOT-USD 2026-01-16 03:00:00 volume=61.73 < threshold=1000 (source=ALPACA)
2026-01-16 23:05:12,509 | WARNING |   VOLUME SANITY REJECT: DOT-USD 2026-01-16 04:00:00 volume=21.00 < threshold=1000 (source=ALPACA)
2026-01-16 23:05:12,509 | WARNING |   VOLUME SANITY REJECT: DOT-USD 2026-01-16 05:00:00 volume=0.00 < threshold=1000 (source=ALPACA)
2026-01-16 23:05:12,509 | WARNING |   VOLUME SANITY REJECT: DOT-USD 2026-01-16 06:00:00 volume=12.33 < threshold=1000 (source=ALPACA)
2026-01-16 23:05:12,509 | WARNING |   VOLUME SANITY REJECT: DOT-USD 2026-01-16 07:00:00 volume=2.44 < threshold=1000 (source=ALPACA)
2026-01-16 23:05:12,513 | WARNING |   VOLUME SANITY REJECT: DOT-USD 2026-01-16 08:00:00 volume=82.68 < threshold=1000 (source=ALPACA)
2026-01-16 23:05:12,514 | WARNING |   VOLUME SANITY REJECT: DOT-USD 2026-01-16 09:00:00 volume=0.00 < threshold=1000 (source=ALPACA)
2026-01-16 23:05:12,515 | WARNING |   VOLUME SANITY REJECT: DOT-USD 2026-01-16 10:00:00 volume=112.03 < threshold=1000 (source=ALPACA)
2026-01-16 23:05:12,515 | WARNING |   VOLUME SANITY REJECT: DOT-USD 2026-01-16 11:00:00 volume=0.00 < threshold=1000 (source=ALPACA)
2026-01-16 23:05:12,515 | WARNING |   VOLUME SANITY REJECT: DOT-USD 2026-01-16 12:00:00 volume=348.70 < threshold=1000 (source=ALPACA)
2026-01-16 23:05:12,515 | WARNING |   VOLUME SANITY REJECT: DOT-USD 2026-01-16 13:00:00 volume=43.46 < threshold=1000 (source=ALPACA)
2026-01-16 23:05:12,515 | WARNING |   VOLUME SANITY REJECT: DOT-USD 2026-01-16 14:00:00 volume=15.51 < threshold=1000 (source=ALPACA)
2026-01-16 23:05:12,515 | WARNING |   VOLUME SANITY REJECT: DOT-USD 2026-01-16 15:00:00 volume=34.29 < threshold=1000 (source=ALPACA)
2026-01-16 23:05:12,518 | WARNING |   VOLUME SANITY REJECT: DOT-USD 2026-01-16 16:00:00 volume=267.74 < threshold=1000 (source=ALPACA)
2026-01-16 23:05:12,518 | WARNING |   VOLUME SANITY REJECT: DOT-USD 2026-01-16 17:00:00 volume=3.85 < threshold=1000 (source=ALPACA)
2026-01-16 23:05:12,518 | WARNING |   VOLUME SANITY REJECT: DOT-USD 2026-01-16 18:00:00 volume=87.83 < threshold=1000 (source=ALPACA)
2026-01-16 23:05:12,518 | WARNING |   VOLUME SANITY REJECT: DOT-USD 2026-01-16 19:00:00 volume=88.79 < threshold=1000 (source=ALPACA)
2026-01-16 23:05:12,518 | WARNING |   VOLUME SANITY REJECT: DOT-USD 2026-01-16 20:00:00 volume=0.00 < threshold=1000 (source=ALPACA)
2026-01-16 23:05:12,518 | WARNING |   VOLUME SANITY REJECT: DOT-USD 2026-01-16 21:00:00 volume=2.95 < threshold=1000 (source=ALPACA)
2026-01-16 23:05:12,518 | WARNING |   VOLUME SANITY REJECT: DOT-USD 2026-01-16 22:00:00 volume=0.00 < threshold=1000 (source=ALPACA)
2026-01-16 23:05:12,518 | WARNING |   [DOT-USD] ALL 24 rows REJECTED by volume sanity check (source=ALPACA)
2026-01-16 23:05:12,518 | WARNING |   [DOT-USD] 0 rows written despite 24 bars received
2026-01-16 23:05:13,022 | INFO |   [EOS-USD] Stale (22.1h > 6h) - fetching
2026-01-16 23:05:13,146 | WARNING |   [EOS-USD] No data from Alpaca (STALE)
2026-01-16 23:05:13,651 | INFO |   [ETC-USD] Stale (22.1h > 6h) - fetching
2026-01-16 23:05:13,771 | WARNING |   [ETC-USD] No data from Alpaca (STALE)
2026-01-16 23:05:14,280 | INFO |   [ETH-USD] Stale (22.1h > 6h) - fetching
2026-01-16 23:05:14,416 | WARNING |   VOLUME SANITY REJECT: ETH-USD 2026-01-15 23:00:00 volume=0.08 < threshold=1000 (source=ALPACA)
2026-01-16 23:05:14,417 | WARNING |   VOLUME SANITY REJECT: ETH-USD 2026-01-16 00:00:00 volume=0.04 < threshold=1000 (source=ALPACA)
2026-01-16 23:05:14,417 | WARNING |   VOLUME SANITY REJECT: ETH-USD 2026-01-16 01:00:00 volume=0.06 < threshold=1000 (source=ALPACA)
2026-01-16 23:05:14,418 | WARNING |   VOLUME SANITY REJECT: ETH-USD 2026-01-16 02:00:00 volume=0.23 < threshold=1000 (source=ALPACA)
2026-01-16 23:05:14,418 | WARNING |   VOLUME SANITY REJECT: ETH-USD 2026-01-16 03:00:00 volume=0.03 < threshold=1000 (source=ALPACA)
2026-01-16 23:05:14,419 | WARNING |   VOLUME SANITY REJECT: ETH-USD 2026-01-16 04:00:00 volume=0.03 < threshold=1000 (source=ALPACA)
2026-01-16 23:05:14,420 | WARNING |   VOLUME SANITY REJECT: ETH-USD 2026-01-16 05:00:00 volume=0.03 < threshold=1000 (source=ALPACA)
2026-01-16 23:05:14,420 | WARNING |   VOLUME SANITY REJECT: ETH-USD 2026-01-16 06:00:00 volume=0.31 < threshold=1000 (source=ALPACA)
2026-01-16 23:05:14,421 | WARNING |   VOLUME SANITY REJECT: ETH-USD 2026-01-16 07:00:00 volume=0.00 < threshold=1000 (source=ALPACA)
2026-01-16 23:05:14,422 | WARNING |   VOLUME SANITY REJECT: ETH-USD 2026-01-16 08:00:00 volume=0.36 < threshold=1000 (source=ALPACA)
2026-01-16 23:05:14,422 | WARNING |   VOLUME SANITY REJECT: ETH-USD 2026-01-16 09:00:00 volume=0.48 < threshold=1000 (source=ALPACA)
2026-01-16 23:05:14,423 | WARNING |   VOLUME SANITY REJECT: ETH-USD 2026-01-16 10:00:00 volume=0.30 < threshold=1000 (source=ALPACA)
2026-01-16 23:05:14,424 | WARNING |   VOLUME SANITY REJECT: ETH-USD 2026-01-16 11:00:00 volume=0.34 < threshold=1000 (source=ALPACA)
2026-01-16 23:05:14,425 | WARNING |   VOLUME SANITY REJECT: ETH-USD 2026-01-16 12:00:00 volume=0.00 < threshold=1000 (source=ALPACA)
2026-01-16 23:05:14,425 | WARNING |   VOLUME SANITY REJECT: ETH-USD 2026-01-16 13:00:00 volume=0.63 < threshold=1000 (source=ALPACA)
2026-01-16 23:05:14,426 | WARNING |   VOLUME SANITY REJECT: ETH-USD 2026-01-16 14:00:00 volume=3.80 < threshold=1000 (source=ALPACA)
2026-01-16 23:05:14,426 | WARNING |   VOLUME SANITY REJECT: ETH-USD 2026-01-16 15:00:00 volume=1.04 < threshold=1000 (source=ALPACA)
2026-01-16 23:05:14,427 | WARNING |   VOLUME SANITY REJECT: ETH-USD 2026-01-16 16:00:00 volume=0.18 < threshold=1000 (source=ALPACA)
2026-01-16 23:05:14,428 | WARNING |   VOLUME SANITY REJECT: ETH-USD 2026-01-16 17:00:00 volume=0.05 < threshold=1000 (source=ALPACA)
2026-01-16 23:05:14,428 | WARNING |   VOLUME SANITY REJECT: ETH-USD 2026-01-16 18:00:00 volume=0.02 < threshold=1000 (source=ALPACA)
2026-01-16 23:05:14,429 | WARNING |   VOLUME SANITY REJECT: ETH-USD 2026-01-16 19:00:00 volume=0.15 < threshold=1000 (source=ALPACA)
2026-01-16 23:05:14,429 | WARNING |   VOLUME SANITY REJECT: ETH-USD 2026-01-16 20:00:00 volume=8.18 < threshold=1000 (source=ALPACA)
2026-01-16 23:05:14,430 | WARNING |   VOLUME SANITY REJECT: ETH-USD 2026-01-16 21:00:00 volume=0.05 < threshold=1000 (source=ALPACA)
2026-01-16 23:05:14,430 | WARNING |   VOLUME SANITY REJECT: ETH-USD 2026-01-16 22:00:00 volume=0.00 < threshold=1000 (source=ALPACA)
2026-01-16 23:05:14,430 | WARNING |   [ETH-USD] ALL 24 rows REJECTED by volume sanity check (source=ALPACA)
2026-01-16 23:05:14,431 | WARNING |   [ETH-USD] 0 rows written despite 24 bars received
2026-01-16 23:05:14,933 | INFO |   [FIL-USD] Stale (22.1h > 6h) - fetching
2026-01-16 23:05:15,059 | WARNING |   [FIL-USD] No data from Alpaca (STALE)
2026-01-16 23:05:15,561 | INFO |   [FLOW-USD] Stale (22.1h > 6h) - fetching
2026-01-16 23:05:15,688 | WARNING |   [FLOW-USD] No data from Alpaca (STALE)
2026-01-16 23:05:16,212 | INFO |   [GRT-USD] Stale (54.1h > 6h) - fetching
2026-01-16 23:05:16,350 | WARNING |   VOLUME SANITY REJECT: GRT-USD 2026-01-15 23:00:00 volume=0.00 < threshold=1000 (source=ALPACA)
2026-01-16 23:05:16,351 | WARNING |   VOLUME SANITY REJECT: GRT-USD 2026-01-16 00:00:00 volume=416.17 < threshold=1000 (source=ALPACA)
2026-01-16 23:05:16,352 | WARNING |   VOLUME SANITY REJECT: GRT-USD 2026-01-16 01:00:00 volume=0.00 < threshold=1000 (source=ALPACA)
2026-01-16 23:05:16,353 | WARNING |   VOLUME SANITY REJECT: GRT-USD 2026-01-16 02:00:00 volume=0.00 < threshold=1000 (source=ALPACA)
2026-01-16 23:05:16,353 | WARNING |   VOLUME SANITY REJECT: GRT-USD 2026-01-16 03:00:00 volume=0.00 < threshold=1000 (source=ALPACA)
2026-01-16 23:05:16,354 | WARNING |   VOLUME SANITY REJECT: GRT-USD 2026-01-16 04:00:00 volume=0.00 < threshold=1000 (source=ALPACA)
2026-01-16 23:05:16,355 | WARNING |   VOLUME SANITY REJECT: GRT-USD 2026-01-16 05:00:00 volume=0.00 < threshold=1000 (source=ALPACA)
2026-01-16 23:05:16,356 | WARNING |   VOLUME SANITY REJECT: GRT-USD 2026-01-16 06:00:00 volume=0.00 < threshold=1000 (source=ALPACA)
2026-01-16 23:05:16,358 | WARNING |   VOLUME SANITY REJECT: GRT-USD 2026-01-16 07:00:00 volume=0.00 < threshold=1000 (source=ALPACA)
2026-01-16 23:05:16,358 | WARNING |   VOLUME SANITY REJECT: GRT-USD 2026-01-16 08:00:00 volume=0.00 < threshold=1000 (source=ALPACA)
2026-01-16 23:05:16,359 | WARNING |   VOLUME SANITY REJECT: GRT-USD 2026-01-16 09:00:00 volume=0.00 < threshold=1000 (source=ALPACA)
2026-01-16 23:05:16,360 | WARNING |   VOLUME SANITY REJECT: GRT-USD 2026-01-16 10:00:00 volume=0.00 < threshold=1000 (source=ALPACA)
2026-01-16 23:05:16,361 | WARNING |   VOLUME SANITY REJECT: GRT-USD 2026-01-16 11:00:00 volume=0.00 < threshold=1000 (source=ALPACA)
2026-01-16 23:05:16,362 | WARNING |   VOLUME SANITY REJECT: GRT-USD 2026-01-16 12:00:00 volume=219.53 < threshold=1000 (source=ALPACA)
2026-01-16 23:05:16,363 | WARNING |   VOLUME SANITY REJECT: GRT-USD 2026-01-16 13:00:00 volume=0.00 < threshold=1000 (source=ALPACA)
2026-01-16 23:05:16,364 | WARNING |   VOLUME SANITY REJECT: GRT-USD 2026-01-16 14:00:00 volume=0.00 < threshold=1000 (source=ALPACA)
2026-01-16 23:05:16,366 | WARNING |   VOLUME SANITY REJECT: GRT-USD 2026-01-16 15:00:00 volume=0.00 < threshold=1000 (source=ALPACA)
2026-01-16 23:05:16,367 | WARNING |   VOLUME SANITY REJECT: GRT-USD 2026-01-16 16:00:00 volume=0.00 < threshold=1000 (source=ALPACA)
2026-01-16 23:05:16,370 | WARNING |   VOLUME SANITY REJECT: GRT-USD 2026-01-16 17:00:00 volume=0.00 < threshold=1000 (source=ALPACA)
2026-01-16 23:05:16,372 | WARNING |   VOLUME SANITY REJECT: GRT-USD 2026-01-16 18:00:00 volume=0.00 < threshold=1000 (source=ALPACA)
2026-01-16 23:05:16,374 | WARNING |   VOLUME SANITY REJECT: GRT-USD 2026-01-16 19:00:00 volume=0.00 < threshold=1000 (source=ALPACA)
2026-01-16 23:05:16,375 | WARNING |   VOLUME SANITY REJECT: GRT-USD 2026-01-16 20:00:00 volume=0.00 < threshold=1000 (source=ALPACA)
2026-01-16 23:05:16,377 | WARNING |   VOLUME SANITY REJECT: GRT-USD 2026-01-16 21:00:00 volume=316.56 < threshold=1000 (source=ALPACA)
2026-01-16 23:05:16,377 | WARNING |   VOLUME SANITY REJECT: GRT-USD 2026-01-16 22:00:00 volume=0.00 < threshold=1000 (source=ALPACA)
2026-01-16 23:05:16,379 | WARNING |   [GRT-USD] ALL 24 rows REJECTED by volume sanity check (source=ALPACA)
2026-01-16 23:05:16,379 | WARNING |   [GRT-USD] 0 rows written despite 24 bars received
2026-01-16 23:05:16,882 | INFO |   [HBAR-USD] Stale (22.1h > 6h) - fetching
2026-01-16 23:05:17,010 | WARNING |   [HBAR-USD] No data from Alpaca (STALE)
2026-01-16 23:05:17,513 | INFO |   [ICP-USD] Stale (22.1h > 6h) - fetching
2026-01-16 23:05:17,651 | WARNING |   [ICP-USD] No data from Alpaca (STALE)
2026-01-16 23:05:18,152 | INFO |   [INJ-USD] Stale (22.1h > 6h) - fetching
2026-01-16 23:05:18,286 | WARNING |   [INJ-USD] No data from Alpaca (STALE)
2026-01-16 23:05:18,810 | INFO |   [LDO-USD] Stale (22.1h > 6h) - fetching
2026-01-16 23:05:18,938 | WARNING |   [LDO-USD] No data from Alpaca (STALE)
2026-01-16 23:05:19,452 | INFO |   [LINK-USD] Stale (22.1h > 6h) - fetching
2026-01-16 23:05:19,594 | WARNING |   VOLUME SANITY REJECT: LINK-USD 2026-01-15 23:00:00 volume=28.59 < threshold=1000 (source=ALPACA)
2026-01-16 23:05:19,594 | WARNING |   VOLUME SANITY REJECT: LINK-USD 2026-01-16 00:00:00 volume=0.20 < threshold=1000 (source=ALPACA)
2026-01-16 23:05:19,594 | WARNING |   VOLUME SANITY REJECT: LINK-USD 2026-01-16 01:00:00 volume=5.17 < threshold=1000 (source=ALPACA)
2026-01-16 23:05:19,605 | WARNING |   VOLUME SANITY REJECT: LINK-USD 2026-01-16 02:00:00 volume=1.16 < threshold=1000 (source=ALPACA)
2026-01-16 23:05:19,608 | WARNING |   VOLUME SANITY REJECT: LINK-USD 2026-01-16 03:00:00 volume=0.39 < threshold=1000 (source=ALPACA)
2026-01-16 23:05:19,610 | WARNING |   VOLUME SANITY REJECT: LINK-USD 2026-01-16 04:00:00 volume=870.93 < threshold=1000 (source=ALPACA)
2026-01-16 23:05:19,613 | WARNING |   VOLUME SANITY REJECT: LINK-USD 2026-01-16 05:00:00 volume=3.09 < threshold=1000 (source=ALPACA)
2026-01-16 23:05:19,615 | WARNING |   VOLUME SANITY REJECT: LINK-USD 2026-01-16 06:00:00 volume=0.00 < threshold=1000 (source=ALPACA)
2026-01-16 23:05:19,616 | WARNING |   VOLUME SANITY REJECT: LINK-USD 2026-01-16 07:00:00 volume=0.00 < threshold=1000 (source=ALPACA)
2026-01-16 23:05:19,618 | WARNING |   VOLUME SANITY REJECT: LINK-USD 2026-01-16 08:00:00 volume=5.57 < threshold=1000 (source=ALPACA)
2026-01-16 23:05:19,619 | WARNING |   VOLUME SANITY REJECT: LINK-USD 2026-01-16 09:00:00 volume=5.97 < threshold=1000 (source=ALPACA)
2026-01-16 23:05:19,620 | WARNING |   VOLUME SANITY REJECT: LINK-USD 2026-01-16 10:00:00 volume=35.76 < threshold=1000 (source=ALPACA)
2026-01-16 23:05:19,621 | WARNING |   VOLUME SANITY REJECT: LINK-USD 2026-01-16 11:00:00 volume=0.00 < threshold=1000 (source=ALPACA)
2026-01-16 23:05:19,622 | WARNING |   VOLUME SANITY REJECT: LINK-USD 2026-01-16 12:00:00 volume=35.44 < threshold=1000 (source=ALPACA)
2026-01-16 23:05:19,623 | WARNING |   VOLUME SANITY REJECT: LINK-USD 2026-01-16 13:00:00 volume=0.00 < threshold=1000 (source=ALPACA)
2026-01-16 23:05:19,623 | WARNING |   VOLUME SANITY REJECT: LINK-USD 2026-01-16 14:00:00 volume=44.70 < threshold=1000 (source=ALPACA)
2026-01-16 23:05:19,624 | WARNING |   VOLUME SANITY REJECT: LINK-USD 2026-01-16 15:00:00 volume=115.28 < threshold=1000 (source=ALPACA)
2026-01-16 23:05:19,625 | WARNING |   VOLUME SANITY REJECT: LINK-USD 2026-01-16 16:00:00 volume=0.76 < threshold=1000 (source=ALPACA)
2026-01-16 23:05:19,626 | WARNING |   VOLUME SANITY REJECT: LINK-USD 2026-01-16 17:00:00 volume=4.29 < threshold=1000 (source=ALPACA)
2026-01-16 23:05:19,626 | WARNING |   VOLUME SANITY REJECT: LINK-USD 2026-01-16 18:00:00 volume=177.49 < threshold=1000 (source=ALPACA)
2026-01-16 23:05:19,626 | WARNING |   VOLUME SANITY REJECT: LINK-USD 2026-01-16 19:00:00 volume=21.71 < threshold=1000 (source=ALPACA)
2026-01-16 23:05:19,626 | WARNING |   VOLUME SANITY REJECT: LINK-USD 2026-01-16 20:00:00 volume=2.86 < threshold=1000 (source=ALPACA)
2026-01-16 23:05:19,626 | WARNING |   VOLUME SANITY REJECT: LINK-USD 2026-01-16 21:00:00 volume=419.49 < threshold=1000 (source=ALPACA)
2026-01-16 23:05:19,626 | WARNING |   VOLUME SANITY REJECT: LINK-USD 2026-01-16 22:00:00 volume=0.00 < threshold=1000 (source=ALPACA)
2026-01-16 23:05:19,626 | WARNING |   [LINK-USD] ALL 24 rows REJECTED by volume sanity check (source=ALPACA)
2026-01-16 23:05:19,626 | WARNING |   [LINK-USD] 0 rows written despite 24 bars received
2026-01-16 23:05:20,132 | INFO |   [LTC-USD] Stale (22.1h > 6h) - fetching
2026-01-16 23:05:20,278 | WARNING |   VOLUME SANITY REJECT: LTC-USD 2026-01-15 23:00:00 volume=0.10 < threshold=1000 (source=ALPACA)
2026-01-16 23:05:20,280 | WARNING |   VOLUME SANITY REJECT: LTC-USD 2026-01-16 00:00:00 volume=0.71 < threshold=1000 (source=ALPACA)
2026-01-16 23:05:20,283 | WARNING |   VOLUME SANITY REJECT: LTC-USD 2026-01-16 01:00:00 volume=0.47 < threshold=1000 (source=ALPACA)
2026-01-16 23:05:20,284 | WARNING |   VOLUME SANITY REJECT: LTC-USD 2026-01-16 02:00:00 volume=5.17 < threshold=1000 (source=ALPACA)
2026-01-16 23:05:20,286 | WARNING |   VOLUME SANITY REJECT: LTC-USD 2026-01-16 03:00:00 volume=0.00 < threshold=1000 (source=ALPACA)
2026-01-16 23:05:20,288 | WARNING |   VOLUME SANITY REJECT: LTC-USD 2026-01-16 04:00:00 volume=0.00 < threshold=1000 (source=ALPACA)
2026-01-16 23:05:20,290 | WARNING |   VOLUME SANITY REJECT: LTC-USD 2026-01-16 05:00:00 volume=3.16 < threshold=1000 (source=ALPACA)
2026-01-16 23:05:20,292 | WARNING |   VOLUME SANITY REJECT: LTC-USD 2026-01-16 06:00:00 volume=1.36 < threshold=1000 (source=ALPACA)
2026-01-16 23:05:20,293 | WARNING |   VOLUME SANITY REJECT: LTC-USD 2026-01-16 07:00:00 volume=0.00 < threshold=1000 (source=ALPACA)
2026-01-16 23:05:20,295 | WARNING |   VOLUME SANITY REJECT: LTC-USD 2026-01-16 08:00:00 volume=0.40 < threshold=1000 (source=ALPACA)
2026-01-16 23:05:20,298 | WARNING |   VOLUME SANITY REJECT: LTC-USD 2026-01-16 09:00:00 volume=0.00 < threshold=1000 (source=ALPACA)
2026-01-16 23:05:20,301 | WARNING |   VOLUME SANITY REJECT: LTC-USD 2026-01-16 10:00:00 volume=0.00 < threshold=1000 (source=ALPACA)
2026-01-16 23:05:20,304 | WARNING |   VOLUME SANITY REJECT: LTC-USD 2026-01-16 11:00:00 volume=0.19 < threshold=1000 (source=ALPACA)
2026-01-16 23:05:20,305 | WARNING |   VOLUME SANITY REJECT: LTC-USD 2026-01-16 12:00:00 volume=0.04 < threshold=1000 (source=ALPACA)
2026-01-16 23:05:20,307 | WARNING |   VOLUME SANITY REJECT: LTC-USD 2026-01-16 13:00:00 volume=0.00 < threshold=1000 (source=ALPACA)
2026-01-16 23:05:20,309 | WARNING |   VOLUME SANITY REJECT: LTC-USD 2026-01-16 14:00:00 volume=12.22 < threshold=1000 (source=ALPACA)
2026-01-16 23:05:20,310 | WARNING |   VOLUME SANITY REJECT: LTC-USD 2026-01-16 15:00:00 volume=4.60 < threshold=1000 (source=ALPACA)
2026-01-16 23:05:20,313 | WARNING |   VOLUME SANITY REJECT: LTC-USD 2026-01-16 16:00:00 volume=6.24 < threshold=1000 (source=ALPACA)
2026-01-16 23:05:20,314 | WARNING |   VOLUME SANITY REJECT: LTC-USD 2026-01-16 17:00:00 volume=10.61 < threshold=1000 (source=ALPACA)
2026-01-16 23:05:20,315 | WARNING |   VOLUME SANITY REJECT: LTC-USD 2026-01-16 18:00:00 volume=10.32 < threshold=1000 (source=ALPACA)
2026-01-16 23:05:20,316 | WARNING |   VOLUME SANITY REJECT: LTC-USD 2026-01-16 19:00:00 volume=0.61 < threshold=1000 (source=ALPACA)
2026-01-16 23:05:20,317 | WARNING |   VOLUME SANITY REJECT: LTC-USD 2026-01-16 20:00:00 volume=0.12 < threshold=1000 (source=ALPACA)
2026-01-16 23:05:20,318 | WARNING |   VOLUME SANITY REJECT: LTC-USD 2026-01-16 21:00:00 volume=0.47 < threshold=1000 (source=ALPACA)
2026-01-16 23:05:20,319 | WARNING |   VOLUME SANITY REJECT: LTC-USD 2026-01-16 22:00:00 volume=0.00 < threshold=1000 (source=ALPACA)
2026-01-16 23:05:20,320 | WARNING |   [LTC-USD] ALL 24 rows REJECTED by volume sanity check (source=ALPACA)
2026-01-16 23:05:20,320 | WARNING |   [LTC-USD] 0 rows written despite 24 bars received
2026-01-16 23:05:20,828 | INFO |   [MANA-USD] Stale (22.1h > 6h) - fetching
2026-01-16 23:05:20,960 | WARNING |   [MANA-USD] No data from Alpaca (STALE)
2026-01-16 23:05:21,465 | INFO |   [MKR-USD] Stale (22.1h > 6h) - fetching
2026-01-16 23:05:21,590 | WARNING |   [MKR-USD] No data from Alpaca (STALE)
2026-01-16 23:05:22,095 | INFO |   [NEAR-USD] Stale (22.1h > 6h) - fetching
2026-01-16 23:05:22,215 | WARNING |   [NEAR-USD] No data from Alpaca (STALE)
2026-01-16 23:05:22,724 | INFO |   [OKB-USD] Stale (22.1h > 6h) - fetching
2026-01-16 23:05:22,852 | WARNING |   [OKB-USD] No data from Alpaca (STALE)
2026-01-16 23:05:23,357 | INFO |   [QNT-USD] Stale (22.1h > 6h) - fetching
2026-01-16 23:05:23,499 | WARNING |   [QNT-USD] No data from Alpaca (STALE)
2026-01-16 23:05:24,004 | INFO |   [RPL-USD] Stale (22.1h > 6h) - fetching
2026-01-16 23:05:24,132 | WARNING |   [RPL-USD] No data from Alpaca (STALE)
2026-01-16 23:05:24,639 | INFO |   [RUNE-USD] Stale (22.1h > 6h) - fetching
2026-01-16 23:05:24,834 | WARNING |   [RUNE-USD] No data from Alpaca (STALE)
2026-01-16 23:05:25,341 | INFO |   [SAND-USD] Stale (22.1h > 6h) - fetching
2026-01-16 23:05:25,469 | WARNING |   [SAND-USD] No data from Alpaca (STALE)
2026-01-16 23:05:25,978 | INFO |   [SHIB-USD] Stale (22.1h > 6h) - fetching
2026-01-16 23:05:26,120 | WARNING |   VOLUME SANITY REJECT: SHIB-USD 2026-01-16 01:00:00 volume=0.00 < threshold=1000 (source=ALPACA)
2026-01-16 23:05:26,122 | WARNING |   VOLUME SANITY REJECT: SHIB-USD 2026-01-16 03:00:00 volume=0.00 < threshold=1000 (source=ALPACA)
2026-01-16 23:05:26,123 | WARNING |   VOLUME SANITY REJECT: SHIB-USD 2026-01-16 04:00:00 volume=0.00 < threshold=1000 (source=ALPACA)
2026-01-16 23:05:26,124 | WARNING |   VOLUME SANITY REJECT: SHIB-USD 2026-01-16 05:00:00 volume=0.00 < threshold=1000 (source=ALPACA)
2026-01-16 23:05:26,125 | WARNING |   VOLUME SANITY REJECT: SHIB-USD 2026-01-16 06:00:00 volume=0.00 < threshold=1000 (source=ALPACA)
2026-01-16 23:05:26,125 | WARNING |   VOLUME SANITY REJECT: SHIB-USD 2026-01-16 07:00:00 volume=0.00 < threshold=1000 (source=ALPACA)
2026-01-16 23:05:26,125 | WARNING |   VOLUME SANITY REJECT: SHIB-USD 2026-01-16 08:00:00 volume=0.00 < threshold=1000 (source=ALPACA)
2026-01-16 23:05:26,126 | WARNING |   VOLUME SANITY REJECT: SHIB-USD 2026-01-16 09:00:00 volume=0.00 < threshold=1000 (source=ALPACA)
2026-01-16 23:05:26,126 | WARNING |   VOLUME SANITY REJECT: SHIB-USD 2026-01-16 10:00:00 volume=0.00 < threshold=1000 (source=ALPACA)
2026-01-16 23:05:26,127 | WARNING |   VOLUME SANITY REJECT: SHIB-USD 2026-01-16 12:00:00 volume=0.00 < threshold=1000 (source=ALPACA)
2026-01-16 23:05:26,127 | WARNING |   VOLUME SANITY REJECT: SHIB-USD 2026-01-16 14:00:00 volume=0.00 < threshold=1000 (source=ALPACA)
2026-01-16 23:05:26,128 | WARNING |   VOLUME SANITY REJECT: SHIB-USD 2026-01-16 16:00:00 volume=0.00 < threshold=1000 (source=ALPACA)
2026-01-16 23:05:26,128 | WARNING |   VOLUME SANITY REJECT: SHIB-USD 2026-01-16 19:00:00 volume=0.00 < threshold=1000 (source=ALPACA)
2026-01-16 23:05:26,129 | WARNING |   VOLUME SANITY REJECT: SHIB-USD 2026-01-16 22:00:00 volume=0.00 < threshold=1000 (source=ALPACA)
2026-01-16 23:05:26,138 | WARNING |   [SHIB-USD] 14 rows REJECTED by volume sanity, 10 rows INSERTED (source=ALPACA)
2026-01-16 23:05:26,139 | INFO |   [SHIB-USD] +10 rows via ALPACA (latest: 2026-01-16 22:00:00+00:00)
2026-01-16 23:05:26,645 | INFO |   [SNX-USD] Stale (22.1h > 6h) - fetching
2026-01-16 23:05:26,787 | WARNING |   [SNX-USD] No data from Alpaca (STALE)
2026-01-16 23:05:27,310 | INFO |   [SOL-USD] Stale (22.1h > 6h) - fetching
2026-01-16 23:05:27,456 | WARNING |   VOLUME SANITY REJECT: SOL-USD 2026-01-15 23:00:00 volume=0.78 < threshold=1000 (source=ALPACA)
2026-01-16 23:05:27,456 | WARNING |   VOLUME SANITY REJECT: SOL-USD 2026-01-16 00:00:00 volume=0.08 < threshold=1000 (source=ALPACA)
2026-01-16 23:05:27,460 | WARNING |   VOLUME SANITY REJECT: SOL-USD 2026-01-16 01:00:00 volume=0.80 < threshold=1000 (source=ALPACA)
2026-01-16 23:05:27,461 | WARNING |   VOLUME SANITY REJECT: SOL-USD 2026-01-16 02:00:00 volume=0.04 < threshold=1000 (source=ALPACA)
2026-01-16 23:05:27,461 | WARNING |   VOLUME SANITY REJECT: SOL-USD 2026-01-16 03:00:00 volume=0.04 < threshold=1000 (source=ALPACA)
2026-01-16 23:05:27,462 | WARNING |   VOLUME SANITY REJECT: SOL-USD 2026-01-16 04:00:00 volume=1.27 < threshold=1000 (source=ALPACA)
2026-01-16 23:05:27,462 | WARNING |   VOLUME SANITY REJECT: SOL-USD 2026-01-16 05:00:00 volume=10.52 < threshold=1000 (source=ALPACA)
2026-01-16 23:05:27,462 | WARNING |   VOLUME SANITY REJECT: SOL-USD 2026-01-16 06:00:00 volume=0.79 < threshold=1000 (source=ALPACA)
2026-01-16 23:05:27,462 | WARNING |   VOLUME SANITY REJECT: SOL-USD 2026-01-16 07:00:00 volume=6.82 < threshold=1000 (source=ALPACA)
2026-01-16 23:05:27,462 | WARNING |   VOLUME SANITY REJECT: SOL-USD 2026-01-16 08:00:00 volume=0.95 < threshold=1000 (source=ALPACA)
2026-01-16 23:05:27,462 | WARNING |   VOLUME SANITY REJECT: SOL-USD 2026-01-16 09:00:00 volume=2.06 < threshold=1000 (source=ALPACA)
2026-01-16 23:05:27,467 | WARNING |   VOLUME SANITY REJECT: SOL-USD 2026-01-16 10:00:00 volume=0.03 < threshold=1000 (source=ALPACA)
2026-01-16 23:05:27,467 | WARNING |   VOLUME SANITY REJECT: SOL-USD 2026-01-16 11:00:00 volume=5.15 < threshold=1000 (source=ALPACA)
2026-01-16 23:05:27,467 | WARNING |   VOLUME SANITY REJECT: SOL-USD 2026-01-16 12:00:00 volume=5.28 < threshold=1000 (source=ALPACA)
2026-01-16 23:05:27,467 | WARNING |   VOLUME SANITY REJECT: SOL-USD 2026-01-16 13:00:00 volume=7.58 < threshold=1000 (source=ALPACA)
2026-01-16 23:05:27,467 | WARNING |   VOLUME SANITY REJECT: SOL-USD 2026-01-16 14:00:00 volume=5.06 < threshold=1000 (source=ALPACA)
2026-01-16 23:05:27,467 | WARNING |   VOLUME SANITY REJECT: SOL-USD 2026-01-16 15:00:00 volume=3.09 < threshold=1000 (source=ALPACA)
2026-01-16 23:05:27,467 | WARNING |   VOLUME SANITY REJECT: SOL-USD 2026-01-16 16:00:00 volume=8.34 < threshold=1000 (source=ALPACA)
2026-01-16 23:05:27,467 | WARNING |   VOLUME SANITY REJECT: SOL-USD 2026-01-16 17:00:00 volume=4.57 < threshold=1000 (source=ALPACA)
2026-01-16 23:05:27,467 | WARNING |   VOLUME SANITY REJECT: SOL-USD 2026-01-16 18:00:00 volume=4.10 < threshold=1000 (source=ALPACA)
2026-01-16 23:05:27,467 | WARNING |   VOLUME SANITY REJECT: SOL-USD 2026-01-16 19:00:00 volume=0.25 < threshold=1000 (source=ALPACA)
2026-01-16 23:05:27,467 | WARNING |   VOLUME SANITY REJECT: SOL-USD 2026-01-16 20:00:00 volume=1.11 < threshold=1000 (source=ALPACA)
2026-01-16 23:05:27,467 | WARNING |   VOLUME SANITY REJECT: SOL-USD 2026-01-16 21:00:00 volume=41.08 < threshold=1000 (source=ALPACA)
2026-01-16 23:05:27,467 | WARNING |   VOLUME SANITY REJECT: SOL-USD 2026-01-16 22:00:00 volume=0.00 < threshold=1000 (source=ALPACA)
2026-01-16 23:05:27,477 | WARNING |   [SOL-USD] ALL 24 rows REJECTED by volume sanity check (source=ALPACA)
2026-01-16 23:05:27,477 | WARNING |   [SOL-USD] 0 rows written despite 24 bars received
2026-01-16 23:05:27,978 | INFO |   [THETA-USD] Stale (22.1h > 6h) - fetching
2026-01-16 23:05:28,140 | WARNING |   [THETA-USD] No data from Alpaca (STALE)
2026-01-16 23:05:28,643 | INFO |   [TRX-USD] Stale (22.1h > 6h) - fetching
2026-01-16 23:05:28,765 | WARNING |   [TRX-USD] No data from Alpaca (STALE)
2026-01-16 23:05:29,274 | INFO |   [UNI-USD] Stale (224.1h > 6h) - fetching
2026-01-16 23:05:29,409 | WARNING |   VOLUME SANITY REJECT: UNI-USD 2026-01-15 23:00:00 volume=0.00 < threshold=1000 (source=ALPACA)
2026-01-16 23:05:29,410 | WARNING |   VOLUME SANITY REJECT: UNI-USD 2026-01-16 00:00:00 volume=2.92 < threshold=1000 (source=ALPACA)
2026-01-16 23:05:29,410 | WARNING |   VOLUME SANITY REJECT: UNI-USD 2026-01-16 01:00:00 volume=40.94 < threshold=1000 (source=ALPACA)
2026-01-16 23:05:29,411 | WARNING |   VOLUME SANITY REJECT: UNI-USD 2026-01-16 02:00:00 volume=0.99 < threshold=1000 (source=ALPACA)
2026-01-16 23:05:29,411 | WARNING |   VOLUME SANITY REJECT: UNI-USD 2026-01-16 03:00:00 volume=2.83 < threshold=1000 (source=ALPACA)
2026-01-16 23:05:29,412 | WARNING |   VOLUME SANITY REJECT: UNI-USD 2026-01-16 04:00:00 volume=46.26 < threshold=1000 (source=ALPACA)
2026-01-16 23:05:29,412 | WARNING |   VOLUME SANITY REJECT: UNI-USD 2026-01-16 05:00:00 volume=0.00 < threshold=1000 (source=ALPACA)
2026-01-16 23:05:29,413 | WARNING |   VOLUME SANITY REJECT: UNI-USD 2026-01-16 06:00:00 volume=0.92 < threshold=1000 (source=ALPACA)
2026-01-16 23:05:29,413 | WARNING |   VOLUME SANITY REJECT: UNI-USD 2026-01-16 07:00:00 volume=0.00 < threshold=1000 (source=ALPACA)
2026-01-16 23:05:29,414 | WARNING |   VOLUME SANITY REJECT: UNI-USD 2026-01-16 08:00:00 volume=8.29 < threshold=1000 (source=ALPACA)
2026-01-16 23:05:29,414 | WARNING |   VOLUME SANITY REJECT: UNI-USD 2026-01-16 09:00:00 volume=6.81 < threshold=1000 (source=ALPACA)
2026-01-16 23:05:29,415 | WARNING |   VOLUME SANITY REJECT: UNI-USD 2026-01-16 10:00:00 volume=0.00 < threshold=1000 (source=ALPACA)
2026-01-16 23:05:29,415 | WARNING |   VOLUME SANITY REJECT: UNI-USD 2026-01-16 11:00:00 volume=0.00 < threshold=1000 (source=ALPACA)
2026-01-16 23:05:29,416 | WARNING |   VOLUME SANITY REJECT: UNI-USD 2026-01-16 12:00:00 volume=0.00 < threshold=1000 (source=ALPACA)
2026-01-16 23:05:29,416 | WARNING |   VOLUME SANITY REJECT: UNI-USD 2026-01-16 13:00:00 volume=0.00 < threshold=1000 (source=ALPACA)
2026-01-16 23:05:29,417 | WARNING |   VOLUME SANITY REJECT: UNI-USD 2026-01-16 14:00:00 volume=55.76 < threshold=1000 (source=ALPACA)
2026-01-16 23:05:29,417 | WARNING |   VOLUME SANITY REJECT: UNI-USD 2026-01-16 15:00:00 volume=61.33 < threshold=1000 (source=ALPACA)
2026-01-16 23:05:29,418 | WARNING |   VOLUME SANITY REJECT: UNI-USD 2026-01-16 16:00:00 volume=0.00 < threshold=1000 (source=ALPACA)
2026-01-16 23:05:29,418 | WARNING |   VOLUME SANITY REJECT: UNI-USD 2026-01-16 17:00:00 volume=0.00 < threshold=1000 (source=ALPACA)
2026-01-16 23:05:29,419 | WARNING |   VOLUME SANITY REJECT: UNI-USD 2026-01-16 18:00:00 volume=147.34 < threshold=1000 (source=ALPACA)
2026-01-16 23:05:29,420 | WARNING |   VOLUME SANITY REJECT: UNI-USD 2026-01-16 19:00:00 volume=0.00 < threshold=1000 (source=ALPACA)
2026-01-16 23:05:29,420 | WARNING |   VOLUME SANITY REJECT: UNI-USD 2026-01-16 20:00:00 volume=0.00 < threshold=1000 (source=ALPACA)
2026-01-16 23:05:29,421 | WARNING |   VOLUME SANITY REJECT: UNI-USD 2026-01-16 21:00:00 volume=0.85 < threshold=1000 (source=ALPACA)
2026-01-16 23:05:29,422 | WARNING |   VOLUME SANITY REJECT: UNI-USD 2026-01-16 22:00:00 volume=0.00 < threshold=1000 (source=ALPACA)
2026-01-16 23:05:29,422 | WARNING |   [UNI-USD] ALL 24 rows REJECTED by volume sanity check (source=ALPACA)
2026-01-16 23:05:29,422 | WARNING |   [UNI-USD] 0 rows written despite 24 bars received
2026-01-16 23:05:29,925 | INFO |   [VET-USD] Stale (22.1h > 6h) - fetching
2026-01-16 23:05:30,054 | WARNING |   [VET-USD] No data from Alpaca (STALE)
2026-01-16 23:05:30,557 | INFO |   [XLM-USD] Stale (22.1h > 6h) - fetching
2026-01-16 23:05:30,699 | WARNING |   [XLM-USD] No data from Alpaca (STALE)
2026-01-16 23:05:31,201 | INFO |   [XMR-USD] Stale (22.1h > 6h) - fetching
2026-01-16 23:05:31,331 | WARNING |   [XMR-USD] No data from Alpaca (STALE)
2026-01-16 23:05:31,836 | INFO |   [XRP-USD] Stale (22.1h > 6h) - fetching
2026-01-16 23:05:31,966 | WARNING |   VOLUME SANITY REJECT: XRP-USD 2026-01-15 23:00:00 volume=83.67 < threshold=1000 (source=ALPACA)
2026-01-16 23:05:31,966 | WARNING |   VOLUME SANITY REJECT: XRP-USD 2026-01-16 00:00:00 volume=39.21 < threshold=1000 (source=ALPACA)
2026-01-16 23:05:31,966 | WARNING |   VOLUME SANITY REJECT: XRP-USD 2026-01-16 02:00:00 volume=26.07 < threshold=1000 (source=ALPACA)
2026-01-16 23:05:31,966 | WARNING |   VOLUME SANITY REJECT: XRP-USD 2026-01-16 03:00:00 volume=54.39 < threshold=1000 (source=ALPACA)
2026-01-16 23:05:31,966 | WARNING |   VOLUME SANITY REJECT: XRP-USD 2026-01-16 04:00:00 volume=72.56 < threshold=1000 (source=ALPACA)
2026-01-16 23:05:31,966 | WARNING |   VOLUME SANITY REJECT: XRP-USD 2026-01-16 05:00:00 volume=39.38 < threshold=1000 (source=ALPACA)
2026-01-16 23:05:31,976 | WARNING |   VOLUME SANITY REJECT: XRP-USD 2026-01-16 06:00:00 volume=184.39 < threshold=1000 (source=ALPACA)
2026-01-16 23:05:31,976 | WARNING |   VOLUME SANITY REJECT: XRP-USD 2026-01-16 07:00:00 volume=704.51 < threshold=1000 (source=ALPACA)
2026-01-16 23:05:31,976 | WARNING |   VOLUME SANITY REJECT: XRP-USD 2026-01-16 08:00:00 volume=81.10 < threshold=1000 (source=ALPACA)
2026-01-16 23:05:31,976 | WARNING |   VOLUME SANITY REJECT: XRP-USD 2026-01-16 09:00:00 volume=34.04 < threshold=1000 (source=ALPACA)
2026-01-16 23:05:31,976 | WARNING |   VOLUME SANITY REJECT: XRP-USD 2026-01-16 10:00:00 volume=37.75 < threshold=1000 (source=ALPACA)
2026-01-16 23:05:31,976 | WARNING |   VOLUME SANITY REJECT: XRP-USD 2026-01-16 11:00:00 volume=30.04 < threshold=1000 (source=ALPACA)
2026-01-16 23:05:31,976 | WARNING |   VOLUME SANITY REJECT: XRP-USD 2026-01-16 12:00:00 volume=27.19 < threshold=1000 (source=ALPACA)
2026-01-16 23:05:31,976 | WARNING |   VOLUME SANITY REJECT: XRP-USD 2026-01-16 13:00:00 volume=115.65 < threshold=1000 (source=ALPACA)
2026-01-16 23:05:31,976 | WARNING |   VOLUME SANITY REJECT: XRP-USD 2026-01-16 14:00:00 volume=267.00 < threshold=1000 (source=ALPACA)
2026-01-16 23:05:31,976 | WARNING |   VOLUME SANITY REJECT: XRP-USD 2026-01-16 15:00:00 volume=144.19 < threshold=1000 (source=ALPACA)
2026-01-16 23:05:31,976 | WARNING |   VOLUME SANITY REJECT: XRP-USD 2026-01-16 16:00:00 volume=828.54 < threshold=1000 (source=ALPACA)
2026-01-16 23:05:31,976 | WARNING |   VOLUME SANITY REJECT: XRP-USD 2026-01-16 17:00:00 volume=158.10 < threshold=1000 (source=ALPACA)
2026-01-16 23:05:31,976 | WARNING |   VOLUME SANITY REJECT: XRP-USD 2026-01-16 18:00:00 volume=2.00 < threshold=1000 (source=ALPACA)
2026-01-16 23:05:31,976 | WARNING |   VOLUME SANITY REJECT: XRP-USD 2026-01-16 20:00:00 volume=1.06 < threshold=1000 (source=ALPACA)
2026-01-16 23:05:31,976 | WARNING |   VOLUME SANITY REJECT: XRP-USD 2026-01-16 21:00:00 volume=75.98 < threshold=1000 (source=ALPACA)
2026-01-16 23:05:31,976 | WARNING |   VOLUME SANITY REJECT: XRP-USD 2026-01-16 22:00:00 volume=3.94 < threshold=1000 (source=ALPACA)
2026-01-16 23:05:31,976 | WARNING |   [XRP-USD] 22 rows REJECTED by volume sanity, 2 rows INSERTED (source=ALPACA)
2026-01-16 23:05:31,976 | INFO |   [XRP-USD] +2 rows via ALPACA (latest: 2026-01-16 22:00:00+00:00)
2026-01-16 23:05:32,487 | INFO |   [XTZ-USD] Stale (22.1h > 6h) - fetching
2026-01-16 23:05:32,641 | WARNING |   VOLUME SANITY REJECT: XTZ-USD 2026-01-15 23:00:00 volume=0.00 < threshold=1000 (source=ALPACA)
2026-01-16 23:05:32,641 | WARNING |   VOLUME SANITY REJECT: XTZ-USD 2026-01-16 00:00:00 volume=6.16 < threshold=1000 (source=ALPACA)
2026-01-16 23:05:32,641 | WARNING |   VOLUME SANITY REJECT: XTZ-USD 2026-01-16 01:00:00 volume=35.38 < threshold=1000 (source=ALPACA)
2026-01-16 23:05:32,641 | WARNING |   VOLUME SANITY REJECT: XTZ-USD 2026-01-16 02:00:00 volume=0.00 < threshold=1000 (source=ALPACA)
2026-01-16 23:05:32,651 | WARNING |   VOLUME SANITY REJECT: XTZ-USD 2026-01-16 03:00:00 volume=0.00 < threshold=1000 (source=ALPACA)
2026-01-16 23:05:32,651 | WARNING |   VOLUME SANITY REJECT: XTZ-USD 2026-01-16 04:00:00 volume=0.00 < threshold=1000 (source=ALPACA)
2026-01-16 23:05:32,651 | WARNING |   VOLUME SANITY REJECT: XTZ-USD 2026-01-16 05:00:00 volume=0.00 < threshold=1000 (source=ALPACA)
2026-01-16 23:05:32,651 | WARNING |   VOLUME SANITY REJECT: XTZ-USD 2026-01-16 06:00:00 volume=0.00 < threshold=1000 (source=ALPACA)
2026-01-16 23:05:32,651 | WARNING |   VOLUME SANITY REJECT: XTZ-USD 2026-01-16 07:00:00 volume=0.00 < threshold=1000 (source=ALPACA)
2026-01-16 23:05:32,651 | WARNING |   VOLUME SANITY REJECT: XTZ-USD 2026-01-16 08:00:00 volume=0.00 < threshold=1000 (source=ALPACA)
2026-01-16 23:05:32,651 | WARNING |   VOLUME SANITY REJECT: XTZ-USD 2026-01-16 09:00:00 volume=35.29 < threshold=1000 (source=ALPACA)
2026-01-16 23:05:32,651 | WARNING |   VOLUME SANITY REJECT: XTZ-USD 2026-01-16 10:00:00 volume=100.00 < threshold=1000 (source=ALPACA)
2026-01-16 23:05:32,651 | WARNING |   VOLUME SANITY REJECT: XTZ-USD 2026-01-16 11:00:00 volume=0.00 < threshold=1000 (source=ALPACA)
2026-01-16 23:05:32,651 | WARNING |   VOLUME SANITY REJECT: XTZ-USD 2026-01-16 12:00:00 volume=18.31 < threshold=1000 (source=ALPACA)
2026-01-16 23:05:32,651 | WARNING |   VOLUME SANITY REJECT: XTZ-USD 2026-01-16 13:00:00 volume=0.00 < threshold=1000 (source=ALPACA)
2026-01-16 23:05:32,661 | WARNING |   VOLUME SANITY REJECT: XTZ-USD 2026-01-16 14:00:00 volume=0.00 < threshold=1000 (source=ALPACA)
2026-01-16 23:05:32,661 | WARNING |   VOLUME SANITY REJECT: XTZ-USD 2026-01-16 15:00:00 volume=0.00 < threshold=1000 (source=ALPACA)
2026-01-16 23:05:32,661 | WARNING |   VOLUME SANITY REJECT: XTZ-USD 2026-01-16 16:00:00 volume=0.00 < threshold=1000 (source=ALPACA)
2026-01-16 23:05:32,661 | WARNING |   VOLUME SANITY REJECT: XTZ-USD 2026-01-16 17:00:00 volume=0.00 < threshold=1000 (source=ALPACA)
2026-01-16 23:05:32,661 | WARNING |   VOLUME SANITY REJECT: XTZ-USD 2026-01-16 18:00:00 volume=18.26 < threshold=1000 (source=ALPACA)
2026-01-16 23:05:32,661 | WARNING |   VOLUME SANITY REJECT: XTZ-USD 2026-01-16 19:00:00 volume=0.00 < threshold=1000 (source=ALPACA)
2026-01-16 23:05:32,661 | WARNING |   VOLUME SANITY REJECT: XTZ-USD 2026-01-16 20:00:00 volume=0.00 < threshold=1000 (source=ALPACA)
2026-01-16 23:05:32,661 | WARNING |   VOLUME SANITY REJECT: XTZ-USD 2026-01-16 21:00:00 volume=0.00 < threshold=1000 (source=ALPACA)
2026-01-16 23:05:32,661 | WARNING |   VOLUME SANITY REJECT: XTZ-USD 2026-01-16 22:00:00 volume=0.00 < threshold=1000 (source=ALPACA)
2026-01-16 23:05:32,671 | WARNING |   [XTZ-USD] ALL 24 rows REJECTED by volume sanity check (source=ALPACA)
2026-01-16 23:05:32,671 | WARNING |   [XTZ-USD] 0 rows written despite 24 bars received
2026-01-16 23:05:33,172 | INFO |   [ZEC-USD] Stale (22.1h > 6h) - fetching
2026-01-16 23:05:33,313 | WARNING |   [ZEC-USD] No data from Alpaca (STALE)
2026-01-16 23:05:33,920 | INFO |   [AAVE-USD] Stale (22.1h > 6h) - fetching
2026-01-16 23:05:34,050 | WARNING |   VOLUME SANITY REJECT: AAVE-USD 2026-01-15 23:00:00 volume=0.27 < threshold=1000 (source=ALPACA)
2026-01-16 23:05:34,050 | WARNING |   VOLUME SANITY REJECT: AAVE-USD 2026-01-16 00:00:00 volume=0.18 < threshold=1000 (source=ALPACA)
2026-01-16 23:05:34,050 | WARNING |   VOLUME SANITY REJECT: AAVE-USD 2026-01-16 01:00:00 volume=0.12 < threshold=1000 (source=ALPACA)
2026-01-16 23:05:34,050 | WARNING |   VOLUME SANITY REJECT: AAVE-USD 2026-01-16 02:00:00 volume=0.00 < threshold=1000 (source=ALPACA)
2026-01-16 23:05:34,050 | WARNING |   VOLUME SANITY REJECT: AAVE-USD 2026-01-16 03:00:00 volume=0.00 < threshold=1000 (source=ALPACA)
2026-01-16 23:05:34,050 | WARNING |   VOLUME SANITY REJECT: AAVE-USD 2026-01-16 04:00:00 volume=0.00 < threshold=1000 (source=ALPACA)
2026-01-16 23:05:34,050 | WARNING |   VOLUME SANITY REJECT: AAVE-USD 2026-01-16 05:00:00 volume=0.06 < threshold=1000 (source=ALPACA)
2026-01-16 23:05:34,050 | WARNING |   VOLUME SANITY REJECT: AAVE-USD 2026-01-16 06:00:00 volume=0.00 < threshold=1000 (source=ALPACA)
2026-01-16 23:05:34,050 | WARNING |   VOLUME SANITY REJECT: AAVE-USD 2026-01-16 07:00:00 volume=0.00 < threshold=1000 (source=ALPACA)
2026-01-16 23:05:34,050 | WARNING |   VOLUME SANITY REJECT: AAVE-USD 2026-01-16 08:00:00 volume=0.03 < threshold=1000 (source=ALPACA)
2026-01-16 23:05:34,050 | WARNING |   VOLUME SANITY REJECT: AAVE-USD 2026-01-16 09:00:00 volume=0.00 < threshold=1000 (source=ALPACA)
2026-01-16 23:05:34,050 | WARNING |   VOLUME SANITY REJECT: AAVE-USD 2026-01-16 10:00:00 volume=1.00 < threshold=1000 (source=ALPACA)
2026-01-16 23:05:34,060 | WARNING |   VOLUME SANITY REJECT: AAVE-USD 2026-01-16 11:00:00 volume=0.00 < threshold=1000 (source=ALPACA)
2026-01-16 23:05:34,060 | WARNING |   VOLUME SANITY REJECT: AAVE-USD 2026-01-16 12:00:00 volume=0.05 < threshold=1000 (source=ALPACA)
2026-01-16 23:05:34,060 | WARNING |   VOLUME SANITY REJECT: AAVE-USD 2026-01-16 13:00:00 volume=0.00 < threshold=1000 (source=ALPACA)
2026-01-16 23:05:34,060 | WARNING |   VOLUME SANITY REJECT: AAVE-USD 2026-01-16 14:00:00 volume=2.81 < threshold=1000 (source=ALPACA)
2026-01-16 23:05:34,060 | WARNING |   VOLUME SANITY REJECT: AAVE-USD 2026-01-16 15:00:00 volume=0.08 < threshold=1000 (source=ALPACA)
2026-01-16 23:05:34,060 | WARNING |   VOLUME SANITY REJECT: AAVE-USD 2026-01-16 16:00:00 volume=0.00 < threshold=1000 (source=ALPACA)
2026-01-16 23:05:34,060 | WARNING |   VOLUME SANITY REJECT: AAVE-USD 2026-01-16 17:00:00 volume=0.00 < threshold=1000 (source=ALPACA)
2026-01-16 23:05:34,060 | WARNING |   VOLUME SANITY REJECT: AAVE-USD 2026-01-16 18:00:00 volume=0.11 < threshold=1000 (source=ALPACA)
2026-01-16 23:05:34,060 | WARNING |   VOLUME SANITY REJECT: AAVE-USD 2026-01-16 19:00:00 volume=0.07 < threshold=1000 (source=ALPACA)
2026-01-16 23:05:34,060 | WARNING |   VOLUME SANITY REJECT: AAVE-USD 2026-01-16 20:00:00 volume=0.84 < threshold=1000 (source=ALPACA)
2026-01-16 23:05:34,060 | WARNING |   VOLUME SANITY REJECT: AAVE-USD 2026-01-16 21:00:00 volume=0.14 < threshold=1000 (source=ALPACA)
2026-01-16 23:05:34,060 | WARNING |   VOLUME SANITY REJECT: AAVE-USD 2026-01-16 22:00:00 volume=0.00 < threshold=1000 (source=ALPACA)
2026-01-16 23:05:34,060 | WARNING |   [AAVE-USD] ALL 24 rows REJECTED by volume sanity check (source=ALPACA)
2026-01-16 23:05:34,060 | WARNING |   [AAVE-USD] 0 rows written despite 24 bars received
2026-01-16 23:05:34,565 | INFO | Alpaca: Updated 3 assets, 30 remaining
2026-01-16 23:05:38,875 | INFO | ============================================================
2026-01-16 23:05:38,875 | INFO | ATTEMPTING YAHOO FINANCE INGEST (Fallback Provider)
2026-01-16 23:05:38,880 | INFO | Assets: 30, Using BATCH DOWNLOAD (efficient)
2026-01-16 23:05:38,880 | INFO | ============================================================
2026-01-16 23:05:38,880 | INFO |   Checking Yahoo Finance rate limit status...
2026-01-16 23:05:41,762 | ERROR | 
1 Failed download:
2026-01-16 23:05:41,763 | ERROR | ['AAPL']: YFRateLimitError('Too Many Requests. Rate limited. Try after a while.')
2026-01-16 23:05:41,771 | WARNING |   RATE LIMITED - Yahoo Finance is currently blocking requests
2026-01-16 23:05:41,771 | WARNING |   Skipping Yahoo and marking all assets as failed
2026-01-16 23:05:41,772 | INFO | Yahoo: Updated 0 assets, 30 remaining
2026-01-16 23:05:41,772 | INFO | 
============================================================
2026-01-16 23:05:41,772 | INFO | VERIFICATION: Checking Data Freshness
2026-01-16 23:05:41,773 | INFO | ============================================================
2026-01-16 23:05:42,612 | WARNING | VERIFICATION FAILED: 5 assets are stale
2026-01-16 23:05:42,612 | WARNING |   - BT.A.L: 32 days stale (last: 2025-12-15)
2026-01-16 23:05:42,613 | WARNING |   - 1COV.DE: 24 days stale (last: 2025-12-23)
2026-01-16 23:05:42,613 | WARNING |   - UNI-USD: 9 days stale (last: 2026-01-07)
2026-01-16 23:05:42,613 | WARNING |   - TLT: 7 days stale (last: 2026-01-09)
2026-01-16 23:05:42,613 | WARNING |   - GLD: 6 days stale (last: 2026-01-10)
2026-01-16 23:05:43,061 | CRITICAL | ALERT [CRITICAL]: DATA VERIFICATION FAILED: 5 assets still stale after ingest! Updated: 3, Rows: 22
2026-01-16 23:05:43,062 | WARNING | Governance logging failed: column "action_timestamp" of relation "governance_actions_log" does not exist
LINE 3:                     action_type, action_timestamp, action_by...
                                         ^

2026-01-16 23:05:43,062 | WARNING | ALERT [WARNING]: PARTIAL INGEST: 30 assets could not be updated via any provider
2026-01-16 23:05:43,062 | WARNING | Heartbeat recording failed: relation "fhq_monitoring.system_heartbeats" does not exist
LINE 2:                 INSERT INTO fhq_monitoring.system_heartbeats...
                                    ^

2026-01-16 23:05:43,066 | WARNING | Governance logging failed: current transaction is aborted, commands ignored until end of transaction block

2026-01-16 23:05:43,066 | INFO | 
======================================================================
2026-01-16 23:05:43,066 | INFO | BULLETPROOF INGEST COMPLETE
2026-01-16 23:05:43,066 | INFO | ======================================================================
2026-01-16 23:05:43,066 | INFO | Status: PARTIAL
2026-01-16 23:05:43,066 | INFO | Assets Updated: 3
2026-01-16 23:05:43,066 | INFO | Rows Inserted: 22
2026-01-16 23:05:43,066 | INFO | Providers Used: ALPACA, YAHOO
2026-01-16 23:05:43,066 | INFO | Verification: FAILED (5 stale)
2026-01-16 23:05:43,066 | INFO | Elapsed: 39.9s
2026-01-16 23:05:43,066 | INFO | 
Freshness by Asset Class:
2026-01-16 23:05:43,066 | INFO |   CRYPTO: 45/50 fresh (90.0%)
2026-01-16 23:05:43,066 | INFO |   EQUITY: 419/422 fresh (99.3%)
2026-01-16 23:05:43,066 | INFO |   ETF: 0/2 fresh (0.0%)
2026-01-16 23:05:43,066 | INFO |   FX: 24/25 fresh (96.0%)
2026-01-16 23:05:43,066 | INFO | 
Evidence: C:\fhq-market-system\vision-ios\03_FUNCTIONS\evidence\BULLETPROOF_INGEST_717f0525_20260116_230543.json
2026-01-16 23:05:43,066 | INFO | ======================================================================
