2026-01-17 02:05:03,746 | INFO | ======================================================================
2026-01-17 02:05:03,746 | INFO | IoS-001 BULLETPROOF DAILY PRICE INGEST
2026-01-17 02:05:03,746 | INFO | ======================================================================
2026-01-17 02:05:03,747 | INFO | CEO Directive: CD-IOS-001-DAILY-INGEST-BULLETPROOF-001
2026-01-17 02:05:03,747 | INFO | Executor: STIG (EC-003)
2026-01-17 02:05:03,747 | INFO | Time: 2026-01-17T01:05:03.746857+00:00
2026-01-17 02:05:03,748 | INFO | Asset Class Filter: CRYPTO
2026-01-17 02:05:03,748 | INFO | Dry Run: False
2026-01-17 02:05:03,748 | INFO | Canonical Source: fhq_market.prices (ONLY)
2026-01-17 02:05:03,748 | INFO | ======================================================================
2026-01-17 02:05:03,870 | INFO | Found 46 canonical assets
2026-01-17 02:05:05,112 | INFO | ============================================================
2026-01-17 02:05:05,112 | INFO | ATTEMPTING ALPACA INGEST (Primary Provider)
2026-01-17 02:05:05,112 | INFO | Assets: 46, Rate limit: 200/min
2026-01-17 02:05:05,113 | INFO | ============================================================
2026-01-17 02:05:05,144 | INFO |   [GRT-USD] Stale (57.1h > 6h) - fetching
2026-01-17 02:05:06,650 | WARNING |   VOLUME SANITY REJECT: GRT-USD 2026-01-16 02:00:00 volume=0.00 < threshold=1000 (source=ALPACA)
2026-01-17 02:05:06,666 | WARNING |   VOLUME SANITY REJECT: GRT-USD 2026-01-16 03:00:00 volume=0.00 < threshold=1000 (source=ALPACA)
2026-01-17 02:05:06,667 | WARNING |   VOLUME SANITY REJECT: GRT-USD 2026-01-16 04:00:00 volume=0.00 < threshold=1000 (source=ALPACA)
2026-01-17 02:05:06,667 | WARNING |   VOLUME SANITY REJECT: GRT-USD 2026-01-16 05:00:00 volume=0.00 < threshold=1000 (source=ALPACA)
2026-01-17 02:05:06,668 | WARNING |   VOLUME SANITY REJECT: GRT-USD 2026-01-16 06:00:00 volume=0.00 < threshold=1000 (source=ALPACA)
2026-01-17 02:05:06,668 | WARNING |   VOLUME SANITY REJECT: GRT-USD 2026-01-16 07:00:00 volume=0.00 < threshold=1000 (source=ALPACA)
2026-01-17 02:05:06,669 | WARNING |   VOLUME SANITY REJECT: GRT-USD 2026-01-16 08:00:00 volume=0.00 < threshold=1000 (source=ALPACA)
2026-01-17 02:05:06,670 | WARNING |   VOLUME SANITY REJECT: GRT-USD 2026-01-16 09:00:00 volume=0.00 < threshold=1000 (source=ALPACA)
2026-01-17 02:05:06,670 | WARNING |   VOLUME SANITY REJECT: GRT-USD 2026-01-16 10:00:00 volume=0.00 < threshold=1000 (source=ALPACA)
2026-01-17 02:05:06,671 | WARNING |   VOLUME SANITY REJECT: GRT-USD 2026-01-16 11:00:00 volume=0.00 < threshold=1000 (source=ALPACA)
2026-01-17 02:05:06,672 | WARNING |   VOLUME SANITY REJECT: GRT-USD 2026-01-16 12:00:00 volume=219.53 < threshold=1000 (source=ALPACA)
2026-01-17 02:05:06,673 | WARNING |   VOLUME SANITY REJECT: GRT-USD 2026-01-16 13:00:00 volume=0.00 < threshold=1000 (source=ALPACA)
2026-01-17 02:05:06,685 | WARNING |   VOLUME SANITY REJECT: GRT-USD 2026-01-16 14:00:00 volume=0.00 < threshold=1000 (source=ALPACA)
2026-01-17 02:05:06,685 | WARNING |   VOLUME SANITY REJECT: GRT-USD 2026-01-16 15:00:00 volume=0.00 < threshold=1000 (source=ALPACA)
2026-01-17 02:05:06,686 | WARNING |   VOLUME SANITY REJECT: GRT-USD 2026-01-16 16:00:00 volume=0.00 < threshold=1000 (source=ALPACA)
2026-01-17 02:05:06,687 | WARNING |   VOLUME SANITY REJECT: GRT-USD 2026-01-16 17:00:00 volume=0.00 < threshold=1000 (source=ALPACA)
2026-01-17 02:05:06,688 | WARNING |   VOLUME SANITY REJECT: GRT-USD 2026-01-16 18:00:00 volume=0.00 < threshold=1000 (source=ALPACA)
2026-01-17 02:05:06,689 | WARNING |   VOLUME SANITY REJECT: GRT-USD 2026-01-16 19:00:00 volume=0.00 < threshold=1000 (source=ALPACA)
2026-01-17 02:05:06,691 | WARNING |   VOLUME SANITY REJECT: GRT-USD 2026-01-16 20:00:00 volume=0.00 < threshold=1000 (source=ALPACA)
2026-01-17 02:05:06,692 | WARNING |   VOLUME SANITY REJECT: GRT-USD 2026-01-16 21:00:00 volume=316.56 < threshold=1000 (source=ALPACA)
2026-01-17 02:05:06,694 | WARNING |   VOLUME SANITY REJECT: GRT-USD 2026-01-16 22:00:00 volume=415.61 < threshold=1000 (source=ALPACA)
2026-01-17 02:05:06,695 | WARNING |   VOLUME SANITY REJECT: GRT-USD 2026-01-16 23:00:00 volume=0.00 < threshold=1000 (source=ALPACA)
2026-01-17 02:05:06,697 | WARNING |   VOLUME SANITY REJECT: GRT-USD 2026-01-17 00:00:00 volume=0.00 < threshold=1000 (source=ALPACA)
2026-01-17 02:05:06,701 | WARNING |   VOLUME SANITY REJECT: GRT-USD 2026-01-17 01:00:00 volume=0.00 < threshold=1000 (source=ALPACA)
2026-01-17 02:05:06,703 | WARNING |   [GRT-USD] ALL 24 rows REJECTED by volume sanity check (source=ALPACA)
2026-01-17 02:05:06,703 | WARNING |   [GRT-USD] 0 rows written despite 24 bars received
2026-01-17 02:05:07,226 | INFO |   [UNI-USD] Stale (227.1h > 6h) - fetching
2026-01-17 02:05:07,366 | WARNING |   VOLUME SANITY REJECT: UNI-USD 2026-01-16 02:00:00 volume=0.99 < threshold=1000 (source=ALPACA)
2026-01-17 02:05:07,367 | WARNING |   VOLUME SANITY REJECT: UNI-USD 2026-01-16 03:00:00 volume=2.83 < threshold=1000 (source=ALPACA)
2026-01-17 02:05:07,368 | WARNING |   VOLUME SANITY REJECT: UNI-USD 2026-01-16 04:00:00 volume=46.26 < threshold=1000 (source=ALPACA)
2026-01-17 02:05:07,368 | WARNING |   VOLUME SANITY REJECT: UNI-USD 2026-01-16 05:00:00 volume=0.00 < threshold=1000 (source=ALPACA)
2026-01-17 02:05:07,369 | WARNING |   VOLUME SANITY REJECT: UNI-USD 2026-01-16 06:00:00 volume=0.92 < threshold=1000 (source=ALPACA)
2026-01-17 02:05:07,370 | WARNING |   VOLUME SANITY REJECT: UNI-USD 2026-01-16 07:00:00 volume=0.00 < threshold=1000 (source=ALPACA)
2026-01-17 02:05:07,370 | WARNING |   VOLUME SANITY REJECT: UNI-USD 2026-01-16 08:00:00 volume=8.29 < threshold=1000 (source=ALPACA)
2026-01-17 02:05:07,371 | WARNING |   VOLUME SANITY REJECT: UNI-USD 2026-01-16 09:00:00 volume=6.81 < threshold=1000 (source=ALPACA)
2026-01-17 02:05:07,371 | WARNING |   VOLUME SANITY REJECT: UNI-USD 2026-01-16 10:00:00 volume=0.00 < threshold=1000 (source=ALPACA)
2026-01-17 02:05:07,372 | WARNING |   VOLUME SANITY REJECT: UNI-USD 2026-01-16 11:00:00 volume=0.00 < threshold=1000 (source=ALPACA)
2026-01-17 02:05:07,373 | WARNING |   VOLUME SANITY REJECT: UNI-USD 2026-01-16 12:00:00 volume=0.00 < threshold=1000 (source=ALPACA)
2026-01-17 02:05:07,373 | WARNING |   VOLUME SANITY REJECT: UNI-USD 2026-01-16 13:00:00 volume=0.00 < threshold=1000 (source=ALPACA)
2026-01-17 02:05:07,374 | WARNING |   VOLUME SANITY REJECT: UNI-USD 2026-01-16 14:00:00 volume=55.76 < threshold=1000 (source=ALPACA)
2026-01-17 02:05:07,374 | WARNING |   VOLUME SANITY REJECT: UNI-USD 2026-01-16 15:00:00 volume=61.33 < threshold=1000 (source=ALPACA)
2026-01-17 02:05:07,375 | WARNING |   VOLUME SANITY REJECT: UNI-USD 2026-01-16 16:00:00 volume=0.00 < threshold=1000 (source=ALPACA)
2026-01-17 02:05:07,376 | WARNING |   VOLUME SANITY REJECT: UNI-USD 2026-01-16 17:00:00 volume=0.00 < threshold=1000 (source=ALPACA)
2026-01-17 02:05:07,377 | WARNING |   VOLUME SANITY REJECT: UNI-USD 2026-01-16 18:00:00 volume=147.34 < threshold=1000 (source=ALPACA)
2026-01-17 02:05:07,377 | WARNING |   VOLUME SANITY REJECT: UNI-USD 2026-01-16 19:00:00 volume=0.00 < threshold=1000 (source=ALPACA)
2026-01-17 02:05:07,378 | WARNING |   VOLUME SANITY REJECT: UNI-USD 2026-01-16 20:00:00 volume=0.00 < threshold=1000 (source=ALPACA)
2026-01-17 02:05:07,379 | WARNING |   VOLUME SANITY REJECT: UNI-USD 2026-01-16 21:00:00 volume=0.85 < threshold=1000 (source=ALPACA)
2026-01-17 02:05:07,379 | WARNING |   VOLUME SANITY REJECT: UNI-USD 2026-01-16 22:00:00 volume=0.00 < threshold=1000 (source=ALPACA)
2026-01-17 02:05:07,380 | WARNING |   VOLUME SANITY REJECT: UNI-USD 2026-01-16 23:00:00 volume=0.00 < threshold=1000 (source=ALPACA)
2026-01-17 02:05:07,381 | WARNING |   VOLUME SANITY REJECT: UNI-USD 2026-01-17 00:00:00 volume=0.00 < threshold=1000 (source=ALPACA)
2026-01-17 02:05:07,382 | WARNING |   VOLUME SANITY REJECT: UNI-USD 2026-01-17 01:00:00 volume=0.00 < threshold=1000 (source=ALPACA)
2026-01-17 02:05:07,382 | WARNING |   [UNI-USD] ALL 24 rows REJECTED by volume sanity check (source=ALPACA)
2026-01-17 02:05:07,382 | WARNING |   [UNI-USD] 0 rows written despite 24 bars received
2026-01-17 02:05:07,894 | INFO | Alpaca: Updated 0 assets, 0 remaining
2026-01-17 02:05:07,894 | INFO | 
============================================================
2026-01-17 02:05:07,894 | INFO | VERIFICATION: Checking Data Freshness
2026-01-17 02:05:07,894 | INFO | ============================================================
2026-01-17 02:05:09,081 | WARNING | VERIFICATION FAILED: 6 assets are stale
2026-01-17 02:05:09,081 | WARNING |   - BT.A.L: 33 days stale (last: 2025-12-15)
2026-01-17 02:05:09,081 | WARNING |   - 1COV.DE: 25 days stale (last: 2025-12-23)
2026-01-17 02:05:09,082 | WARNING |   - UNI-USD: 10 days stale (last: 2026-01-07)
2026-01-17 02:05:09,082 | WARNING |   - TLT: 8 days stale (last: 2026-01-09)
2026-01-17 02:05:09,082 | WARNING |   - GLD: 7 days stale (last: 2026-01-10)
2026-01-17 02:05:09,083 | WARNING |   - GRT-USD: 3 days stale (last: 2026-01-14)
2026-01-17 02:05:09,896 | CRITICAL | ALERT [CRITICAL]: DATA VERIFICATION FAILED: 6 assets still stale after ingest! Updated: 0, Rows: 0
2026-01-17 02:05:09,900 | WARNING | Governance logging failed: column "action_timestamp" of relation "governance_actions_log" does not exist
LINE 3:                     action_type, action_timestamp, action_by...
                                         ^

2026-01-17 02:05:09,901 | CRITICAL | ALERT [CRITICAL]: ALL INGEST METHODS FAILED - No assets were updated! Manual intervention required.
2026-01-17 02:05:09,902 | WARNING | Heartbeat recording failed: relation "fhq_monitoring.system_heartbeats" does not exist
LINE 2:                 INSERT INTO fhq_monitoring.system_heartbeats...
                                    ^

2026-01-17 02:05:09,904 | WARNING | Governance logging failed: current transaction is aborted, commands ignored until end of transaction block

2026-01-17 02:05:09,906 | INFO | 
======================================================================
2026-01-17 02:05:09,907 | INFO | BULLETPROOF INGEST COMPLETE
2026-01-17 02:05:09,907 | INFO | ======================================================================
2026-01-17 02:05:09,907 | INFO | Status: FAILED
2026-01-17 02:05:09,908 | INFO | Assets Updated: 0
2026-01-17 02:05:09,908 | INFO | Rows Inserted: 0
2026-01-17 02:05:09,908 | INFO | Providers Used: ALPACA
2026-01-17 02:05:09,908 | INFO | Verification: FAILED (6 stale)
2026-01-17 02:05:09,909 | INFO | Elapsed: 6.2s
2026-01-17 02:05:09,909 | INFO | 
Freshness by Asset Class:
2026-01-17 02:05:09,909 | INFO |   CRYPTO: 44/50 fresh (88.0%)
2026-01-17 02:05:09,909 | INFO |   EQUITY: 419/422 fresh (99.3%)
2026-01-17 02:05:09,910 | INFO |   ETF: 0/2 fresh (0.0%)
2026-01-17 02:05:09,910 | INFO |   FX: 24/25 fresh (96.0%)
2026-01-17 02:05:09,910 | INFO | 
Evidence: C:\fhq-market-system\vision-ios\03_FUNCTIONS\evidence\BULLETPROOF_INGEST_621de0fa_20260117_020509.json
2026-01-17 02:05:09,911 | INFO | ======================================================================
