2026-02-05 23:05:07,734 | INFO | ======================================================================
2026-02-05 23:05:07,734 | INFO | IoS-001 BULLETPROOF DAILY PRICE INGEST
2026-02-05 23:05:07,734 | INFO | ======================================================================
2026-02-05 23:05:07,734 | INFO | CEO Directive: CD-IOS-001-DAILY-INGEST-BULLETPROOF-001
2026-02-05 23:05:07,734 | INFO | Executor: STIG (EC-003)
2026-02-05 23:05:07,734 | INFO | Time: 2026-02-05T22:05:07.734367+00:00
2026-02-05 23:05:07,734 | INFO | Asset Class Filter: CRYPTO
2026-02-05 23:05:07,734 | INFO | Dry Run: False
2026-02-05 23:05:07,734 | INFO | Canonical Source: fhq_market.prices (ONLY)
2026-02-05 23:05:07,734 | INFO | ======================================================================
2026-02-05 23:05:07,957 | INFO | Found 46 canonical assets
2026-02-05 23:05:09,670 | INFO | ============================================================
2026-02-05 23:05:09,670 | INFO | ATTEMPTING ALPACA INGEST (Primary Provider)
2026-02-05 23:05:09,670 | INFO | Assets: 46, Rate limit: 200/min
2026-02-05 23:05:09,670 | INFO | ============================================================
2026-02-05 23:05:09,683 | INFO |   [ADA-USD] Stale (22.1h > 6h) - fetching
2026-02-05 23:05:11,218 | WARNING |   [ADA-USD] No data from Alpaca (STALE)
2026-02-05 23:05:11,892 | INFO |   [ALGO-USD] Stale (22.1h > 6h) - fetching
2026-02-05 23:05:12,025 | WARNING |   [ALGO-USD] No data from Alpaca (STALE)
2026-02-05 23:05:12,534 | INFO |   [ATOM-USD] Stale (22.1h > 6h) - fetching
2026-02-05 23:05:12,656 | WARNING |   [ATOM-USD] No data from Alpaca (STALE)
2026-02-05 23:05:13,181 | INFO |   [AVAX-USD] Stale (22.1h > 6h) - fetching
2026-02-05 23:05:13,347 | WARNING |   VOLUME SANITY REJECT: AVAX-USD 2026-02-04 23:00:00 volume=0.00 < threshold=1000 (source=ALPACA)
2026-02-05 23:05:13,347 | WARNING |   VOLUME SANITY REJECT: AVAX-USD 2026-02-05 00:00:00 volume=0.83 < threshold=1000 (source=ALPACA)
2026-02-05 23:05:13,348 | WARNING |   VOLUME SANITY REJECT: AVAX-USD 2026-02-05 01:00:00 volume=10.27 < threshold=1000 (source=ALPACA)
2026-02-05 23:05:13,349 | WARNING |   VOLUME SANITY REJECT: AVAX-USD 2026-02-05 02:00:00 volume=0.00 < threshold=1000 (source=ALPACA)
2026-02-05 23:05:13,350 | WARNING |   VOLUME SANITY REJECT: AVAX-USD 2026-02-05 03:00:00 volume=0.00 < threshold=1000 (source=ALPACA)
2026-02-05 23:05:13,351 | WARNING |   VOLUME SANITY REJECT: AVAX-USD 2026-02-05 04:00:00 volume=0.00 < threshold=1000 (source=ALPACA)
2026-02-05 23:05:13,351 | WARNING |   VOLUME SANITY REJECT: AVAX-USD 2026-02-05 05:00:00 volume=179.68 < threshold=1000 (source=ALPACA)
2026-02-05 23:05:13,352 | WARNING |   VOLUME SANITY REJECT: AVAX-USD 2026-02-05 06:00:00 volume=0.00 < threshold=1000 (source=ALPACA)
2026-02-05 23:05:13,353 | WARNING |   VOLUME SANITY REJECT: AVAX-USD 2026-02-05 07:00:00 volume=0.00 < threshold=1000 (source=ALPACA)
2026-02-05 23:05:13,354 | WARNING |   VOLUME SANITY REJECT: AVAX-USD 2026-02-05 08:00:00 volume=0.00 < threshold=1000 (source=ALPACA)
2026-02-05 23:05:13,355 | WARNING |   VOLUME SANITY REJECT: AVAX-USD 2026-02-05 09:00:00 volume=125.03 < threshold=1000 (source=ALPACA)
2026-02-05 23:05:13,356 | WARNING |   VOLUME SANITY REJECT: AVAX-USD 2026-02-05 10:00:00 volume=50.00 < threshold=1000 (source=ALPACA)
2026-02-05 23:05:13,356 | WARNING |   VOLUME SANITY REJECT: AVAX-USD 2026-02-05 11:00:00 volume=539.00 < threshold=1000 (source=ALPACA)
2026-02-05 23:05:13,357 | WARNING |   VOLUME SANITY REJECT: AVAX-USD 2026-02-05 12:00:00 volume=0.00 < threshold=1000 (source=ALPACA)
2026-02-05 23:05:13,358 | WARNING |   VOLUME SANITY REJECT: AVAX-USD 2026-02-05 13:00:00 volume=2.02 < threshold=1000 (source=ALPACA)
2026-02-05 23:05:13,359 | WARNING |   VOLUME SANITY REJECT: AVAX-USD 2026-02-05 14:00:00 volume=83.16 < threshold=1000 (source=ALPACA)
2026-02-05 23:05:13,360 | WARNING |   VOLUME SANITY REJECT: AVAX-USD 2026-02-05 15:00:00 volume=223.82 < threshold=1000 (source=ALPACA)
2026-02-05 23:05:13,361 | WARNING |   VOLUME SANITY REJECT: AVAX-USD 2026-02-05 16:00:00 volume=17.56 < threshold=1000 (source=ALPACA)
2026-02-05 23:05:13,363 | WARNING |   VOLUME SANITY REJECT: AVAX-USD 2026-02-05 17:00:00 volume=8.72 < threshold=1000 (source=ALPACA)
2026-02-05 23:05:13,364 | WARNING |   VOLUME SANITY REJECT: AVAX-USD 2026-02-05 18:00:00 volume=9.58 < threshold=1000 (source=ALPACA)
2026-02-05 23:05:13,365 | WARNING |   VOLUME SANITY REJECT: AVAX-USD 2026-02-05 19:00:00 volume=0.00 < threshold=1000 (source=ALPACA)
2026-02-05 23:05:13,366 | WARNING |   VOLUME SANITY REJECT: AVAX-USD 2026-02-05 20:00:00 volume=31.23 < threshold=1000 (source=ALPACA)
2026-02-05 23:05:13,366 | WARNING |   VOLUME SANITY REJECT: AVAX-USD 2026-02-05 21:00:00 volume=18.51 < threshold=1000 (source=ALPACA)
2026-02-05 23:05:13,367 | WARNING |   VOLUME SANITY REJECT: AVAX-USD 2026-02-05 22:00:00 volume=0.00 < threshold=1000 (source=ALPACA)
2026-02-05 23:05:13,368 | WARNING |   [AVAX-USD] ALL 24 rows REJECTED by volume sanity check (source=ALPACA)
2026-02-05 23:05:13,368 | WARNING |   [AVAX-USD] 0 rows written despite 24 bars received
2026-02-05 23:05:13,869 | INFO |   [AXS-USD] Stale (22.1h > 6h) - fetching
2026-02-05 23:05:13,992 | WARNING |   [AXS-USD] No data from Alpaca (STALE)
2026-02-05 23:05:14,495 | INFO |   [BCH-USD] Stale (22.1h > 6h) - fetching
2026-02-05 23:05:14,618 | WARNING |   VOLUME SANITY REJECT: BCH-USD 2026-02-04 23:00:00 volume=0.02 < threshold=1000 (source=ALPACA)
2026-02-05 23:05:14,627 | WARNING |   VOLUME SANITY REJECT: BCH-USD 2026-02-05 00:00:00 volume=0.00 < threshold=1000 (source=ALPACA)
2026-02-05 23:05:14,628 | WARNING |   VOLUME SANITY REJECT: BCH-USD 2026-02-05 01:00:00 volume=0.01 < threshold=1000 (source=ALPACA)
2026-02-05 23:05:14,628 | WARNING |   VOLUME SANITY REJECT: BCH-USD 2026-02-05 02:00:00 volume=0.06 < threshold=1000 (source=ALPACA)
2026-02-05 23:05:14,628 | WARNING |   VOLUME SANITY REJECT: BCH-USD 2026-02-05 03:00:00 volume=0.01 < threshold=1000 (source=ALPACA)
2026-02-05 23:05:14,628 | WARNING |   VOLUME SANITY REJECT: BCH-USD 2026-02-05 04:00:00 volume=0.00 < threshold=1000 (source=ALPACA)
2026-02-05 23:05:14,628 | WARNING |   VOLUME SANITY REJECT: BCH-USD 2026-02-05 05:00:00 volume=0.02 < threshold=1000 (source=ALPACA)
2026-02-05 23:05:14,628 | WARNING |   VOLUME SANITY REJECT: BCH-USD 2026-02-05 06:00:00 volume=0.00 < threshold=1000 (source=ALPACA)
2026-02-05 23:05:14,628 | WARNING |   VOLUME SANITY REJECT: BCH-USD 2026-02-05 07:00:00 volume=0.01 < threshold=1000 (source=ALPACA)
2026-02-05 23:05:14,628 | WARNING |   VOLUME SANITY REJECT: BCH-USD 2026-02-05 08:00:00 volume=0.00 < threshold=1000 (source=ALPACA)
2026-02-05 23:05:14,628 | WARNING |   VOLUME SANITY REJECT: BCH-USD 2026-02-05 09:00:00 volume=0.00 < threshold=1000 (source=ALPACA)
2026-02-05 23:05:14,628 | WARNING |   VOLUME SANITY REJECT: BCH-USD 2026-02-05 10:00:00 volume=0.02 < threshold=1000 (source=ALPACA)
2026-02-05 23:05:14,628 | WARNING |   VOLUME SANITY REJECT: BCH-USD 2026-02-05 11:00:00 volume=3.00 < threshold=1000 (source=ALPACA)
2026-02-05 23:05:14,628 | WARNING |   VOLUME SANITY REJECT: BCH-USD 2026-02-05 12:00:00 volume=1.23 < threshold=1000 (source=ALPACA)
2026-02-05 23:05:14,628 | WARNING |   VOLUME SANITY REJECT: BCH-USD 2026-02-05 13:00:00 volume=0.00 < threshold=1000 (source=ALPACA)
2026-02-05 23:05:14,628 | WARNING |   VOLUME SANITY REJECT: BCH-USD 2026-02-05 14:00:00 volume=0.93 < threshold=1000 (source=ALPACA)
2026-02-05 23:05:14,638 | WARNING |   VOLUME SANITY REJECT: BCH-USD 2026-02-05 15:00:00 volume=0.00 < threshold=1000 (source=ALPACA)
2026-02-05 23:05:14,638 | WARNING |   VOLUME SANITY REJECT: BCH-USD 2026-02-05 16:00:00 volume=0.18 < threshold=1000 (source=ALPACA)
2026-02-05 23:05:14,639 | WARNING |   VOLUME SANITY REJECT: BCH-USD 2026-02-05 17:00:00 volume=0.00 < threshold=1000 (source=ALPACA)
2026-02-05 23:05:14,640 | WARNING |   VOLUME SANITY REJECT: BCH-USD 2026-02-05 18:00:00 volume=11.51 < threshold=1000 (source=ALPACA)
2026-02-05 23:05:14,640 | WARNING |   VOLUME SANITY REJECT: BCH-USD 2026-02-05 19:00:00 volume=0.09 < threshold=1000 (source=ALPACA)
2026-02-05 23:05:14,640 | WARNING |   VOLUME SANITY REJECT: BCH-USD 2026-02-05 20:00:00 volume=0.02 < threshold=1000 (source=ALPACA)
2026-02-05 23:05:14,640 | WARNING |   VOLUME SANITY REJECT: BCH-USD 2026-02-05 21:00:00 volume=0.00 < threshold=1000 (source=ALPACA)
2026-02-05 23:05:14,640 | WARNING |   VOLUME SANITY REJECT: BCH-USD 2026-02-05 22:00:00 volume=0.00 < threshold=1000 (source=ALPACA)
2026-02-05 23:05:14,640 | WARNING |   [BCH-USD] ALL 24 rows REJECTED by volume sanity check (source=ALPACA)
2026-02-05 23:05:14,640 | WARNING |   [BCH-USD] 0 rows written despite 24 bars received
2026-02-05 23:05:15,145 | INFO |   [BNB-USD] Stale (22.1h > 6h) - fetching
2026-02-05 23:05:15,303 | WARNING |   [BNB-USD] No data from Alpaca (STALE)
2026-02-05 23:05:15,865 | INFO |   [BTC-USD] Stale (22.1h > 6h) - fetching
2026-02-05 23:05:15,995 | WARNING |   VOLUME SANITY REJECT: BTC-USD 2026-02-04 23:00:00 volume=0.02 < threshold=1000 (source=ALPACA)
2026-02-05 23:05:15,995 | WARNING |   VOLUME SANITY REJECT: BTC-USD 2026-02-05 00:00:00 volume=0.19 < threshold=1000 (source=ALPACA)
2026-02-05 23:05:15,995 | WARNING |   VOLUME SANITY REJECT: BTC-USD 2026-02-05 01:00:00 volume=0.03 < threshold=1000 (source=ALPACA)
2026-02-05 23:05:15,995 | WARNING |   VOLUME SANITY REJECT: BTC-USD 2026-02-05 02:00:00 volume=0.24 < threshold=1000 (source=ALPACA)
2026-02-05 23:05:15,995 | WARNING |   VOLUME SANITY REJECT: BTC-USD 2026-02-05 03:00:00 volume=1.89 < threshold=1000 (source=ALPACA)
2026-02-05 23:05:15,995 | WARNING |   VOLUME SANITY REJECT: BTC-USD 2026-02-05 04:00:00 volume=0.55 < threshold=1000 (source=ALPACA)
2026-02-05 23:05:15,995 | WARNING |   VOLUME SANITY REJECT: BTC-USD 2026-02-05 05:00:00 volume=0.40 < threshold=1000 (source=ALPACA)
2026-02-05 23:05:15,995 | WARNING |   VOLUME SANITY REJECT: BTC-USD 2026-02-05 06:00:00 volume=0.11 < threshold=1000 (source=ALPACA)
2026-02-05 23:05:15,995 | WARNING |   VOLUME SANITY REJECT: BTC-USD 2026-02-05 07:00:00 volume=0.23 < threshold=1000 (source=ALPACA)
2026-02-05 23:05:15,995 | WARNING |   VOLUME SANITY REJECT: BTC-USD 2026-02-05 08:00:00 volume=0.27 < threshold=1000 (source=ALPACA)
2026-02-05 23:05:16,005 | WARNING |   VOLUME SANITY REJECT: BTC-USD 2026-02-05 09:00:00 volume=0.43 < threshold=1000 (source=ALPACA)
2026-02-05 23:05:16,006 | WARNING |   VOLUME SANITY REJECT: BTC-USD 2026-02-05 10:00:00 volume=0.16 < threshold=1000 (source=ALPACA)
2026-02-05 23:05:16,006 | WARNING |   VOLUME SANITY REJECT: BTC-USD 2026-02-05 11:00:00 volume=0.20 < threshold=1000 (source=ALPACA)
2026-02-05 23:05:16,006 | WARNING |   VOLUME SANITY REJECT: BTC-USD 2026-02-05 12:00:00 volume=0.85 < threshold=1000 (source=ALPACA)
2026-02-05 23:05:16,006 | WARNING |   VOLUME SANITY REJECT: BTC-USD 2026-02-05 13:00:00 volume=0.25 < threshold=1000 (source=ALPACA)
2026-02-05 23:05:16,006 | WARNING |   VOLUME SANITY REJECT: BTC-USD 2026-02-05 14:00:00 volume=0.47 < threshold=1000 (source=ALPACA)
2026-02-05 23:05:16,006 | WARNING |   VOLUME SANITY REJECT: BTC-USD 2026-02-05 15:00:00 volume=2.76 < threshold=1000 (source=ALPACA)
2026-02-05 23:05:16,006 | WARNING |   VOLUME SANITY REJECT: BTC-USD 2026-02-05 16:00:00 volume=1.05 < threshold=1000 (source=ALPACA)
2026-02-05 23:05:16,006 | WARNING |   VOLUME SANITY REJECT: BTC-USD 2026-02-05 17:00:00 volume=0.36 < threshold=1000 (source=ALPACA)
2026-02-05 23:05:16,006 | WARNING |   VOLUME SANITY REJECT: BTC-USD 2026-02-05 18:00:00 volume=6.31 < threshold=1000 (source=ALPACA)
2026-02-05 23:05:16,006 | WARNING |   VOLUME SANITY REJECT: BTC-USD 2026-02-05 19:00:00 volume=0.26 < threshold=1000 (source=ALPACA)
2026-02-05 23:05:16,006 | WARNING |   VOLUME SANITY REJECT: BTC-USD 2026-02-05 20:00:00 volume=1.01 < threshold=1000 (source=ALPACA)
2026-02-05 23:05:16,006 | WARNING |   VOLUME SANITY REJECT: BTC-USD 2026-02-05 21:00:00 volume=0.71 < threshold=1000 (source=ALPACA)
2026-02-05 23:05:16,006 | WARNING |   VOLUME SANITY REJECT: BTC-USD 2026-02-05 22:00:00 volume=0.00 < threshold=1000 (source=ALPACA)
2026-02-05 23:05:16,006 | WARNING |   [BTC-USD] ALL 24 rows REJECTED by volume sanity check (source=ALPACA)
2026-02-05 23:05:16,006 | WARNING |   [BTC-USD] 0 rows written despite 24 bars received
2026-02-05 23:05:16,633 | INFO |   [CHZ-USD] Stale (22.1h > 6h) - fetching
2026-02-05 23:05:16,796 | WARNING |   [CHZ-USD] No data from Alpaca (STALE)
2026-02-05 23:05:17,320 | INFO |   [CRO-USD] Stale (22.1h > 6h) - fetching
2026-02-05 23:05:17,444 | WARNING |   [CRO-USD] No data from Alpaca (STALE)
2026-02-05 23:05:18,062 | INFO |   [CRV-USD] Stale (22.1h > 6h) - fetching
2026-02-05 23:05:18,207 | WARNING |   VOLUME SANITY REJECT: CRV-USD 2026-02-04 23:00:00 volume=0.00 < threshold=1000 (source=ALPACA)
2026-02-05 23:05:18,207 | WARNING |   VOLUME SANITY REJECT: CRV-USD 2026-02-05 00:00:00 volume=0.00 < threshold=1000 (source=ALPACA)
2026-02-05 23:05:18,207 | WARNING |   VOLUME SANITY REJECT: CRV-USD 2026-02-05 01:00:00 volume=0.00 < threshold=1000 (source=ALPACA)
2026-02-05 23:05:18,207 | WARNING |   VOLUME SANITY REJECT: CRV-USD 2026-02-05 02:00:00 volume=258.85 < threshold=1000 (source=ALPACA)
2026-02-05 23:05:18,207 | WARNING |   VOLUME SANITY REJECT: CRV-USD 2026-02-05 03:00:00 volume=0.00 < threshold=1000 (source=ALPACA)
2026-02-05 23:05:18,207 | WARNING |   VOLUME SANITY REJECT: CRV-USD 2026-02-05 04:00:00 volume=0.00 < threshold=1000 (source=ALPACA)
2026-02-05 23:05:18,207 | WARNING |   VOLUME SANITY REJECT: CRV-USD 2026-02-05 06:00:00 volume=0.00 < threshold=1000 (source=ALPACA)
2026-02-05 23:05:18,207 | WARNING |   VOLUME SANITY REJECT: CRV-USD 2026-02-05 07:00:00 volume=0.00 < threshold=1000 (source=ALPACA)
2026-02-05 23:05:18,217 | WARNING |   VOLUME SANITY REJECT: CRV-USD 2026-02-05 08:00:00 volume=0.00 < threshold=1000 (source=ALPACA)
2026-02-05 23:05:18,218 | WARNING |   VOLUME SANITY REJECT: CRV-USD 2026-02-05 09:00:00 volume=0.00 < threshold=1000 (source=ALPACA)
2026-02-05 23:05:18,218 | WARNING |   VOLUME SANITY REJECT: CRV-USD 2026-02-05 10:00:00 volume=0.00 < threshold=1000 (source=ALPACA)
2026-02-05 23:05:18,218 | WARNING |   VOLUME SANITY REJECT: CRV-USD 2026-02-05 11:00:00 volume=0.00 < threshold=1000 (source=ALPACA)
2026-02-05 23:05:18,218 | WARNING |   VOLUME SANITY REJECT: CRV-USD 2026-02-05 12:00:00 volume=0.00 < threshold=1000 (source=ALPACA)
2026-02-05 23:05:18,218 | WARNING |   VOLUME SANITY REJECT: CRV-USD 2026-02-05 13:00:00 volume=0.00 < threshold=1000 (source=ALPACA)
2026-02-05 23:05:18,218 | WARNING |   VOLUME SANITY REJECT: CRV-USD 2026-02-05 14:00:00 volume=0.00 < threshold=1000 (source=ALPACA)
2026-02-05 23:05:18,218 | WARNING |   VOLUME SANITY REJECT: CRV-USD 2026-02-05 16:00:00 volume=0.00 < threshold=1000 (source=ALPACA)
2026-02-05 23:05:18,218 | WARNING |   VOLUME SANITY REJECT: CRV-USD 2026-02-05 17:00:00 volume=0.00 < threshold=1000 (source=ALPACA)
2026-02-05 23:05:18,218 | WARNING |   VOLUME SANITY REJECT: CRV-USD 2026-02-05 18:00:00 volume=0.00 < threshold=1000 (source=ALPACA)
2026-02-05 23:05:18,218 | WARNING |   VOLUME SANITY REJECT: CRV-USD 2026-02-05 19:00:00 volume=0.00 < threshold=1000 (source=ALPACA)
2026-02-05 23:05:18,218 | WARNING |   VOLUME SANITY REJECT: CRV-USD 2026-02-05 20:00:00 volume=109.11 < threshold=1000 (source=ALPACA)
2026-02-05 23:05:18,218 | WARNING |   VOLUME SANITY REJECT: CRV-USD 2026-02-05 22:00:00 volume=0.00 < threshold=1000 (source=ALPACA)
2026-02-05 23:05:18,229 | WARNING |   [CRV-USD] 21 rows REJECTED by volume sanity, 3 rows INSERTED (source=ALPACA)
2026-02-05 23:05:18,240 | INFO |   [CRV-USD] +3 rows via ALPACA (latest: 2026-02-05 22:00:00+00:00)
2026-02-05 23:05:18,747 | INFO |   [DOGE-USD] Stale (22.1h > 6h) - fetching
2026-02-05 23:05:18,879 | WARNING |   VOLUME SANITY REJECT: DOGE-USD 2026-02-04 23:00:00 volume=0.00 < threshold=1000 (source=ALPACA)
2026-02-05 23:05:18,879 | WARNING |   VOLUME SANITY REJECT: DOGE-USD 2026-02-05 00:00:00 volume=0.00 < threshold=1000 (source=ALPACA)
2026-02-05 23:05:18,879 | WARNING |   VOLUME SANITY REJECT: DOGE-USD 2026-02-05 01:00:00 volume=75.89 < threshold=1000 (source=ALPACA)
2026-02-05 23:05:18,879 | WARNING |   VOLUME SANITY REJECT: DOGE-USD 2026-02-05 02:00:00 volume=0.00 < threshold=1000 (source=ALPACA)
2026-02-05 23:05:18,879 | WARNING |   VOLUME SANITY REJECT: DOGE-USD 2026-02-05 03:00:00 volume=0.00 < threshold=1000 (source=ALPACA)
2026-02-05 23:05:18,879 | WARNING |   VOLUME SANITY REJECT: DOGE-USD 2026-02-05 07:00:00 volume=377.39 < threshold=1000 (source=ALPACA)
2026-02-05 23:05:18,879 | WARNING |   VOLUME SANITY REJECT: DOGE-USD 2026-02-05 08:00:00 volume=0.00 < threshold=1000 (source=ALPACA)
2026-02-05 23:05:18,879 | WARNING |   VOLUME SANITY REJECT: DOGE-USD 2026-02-05 10:00:00 volume=200.00 < threshold=1000 (source=ALPACA)
2026-02-05 23:05:18,879 | WARNING |   VOLUME SANITY REJECT: DOGE-USD 2026-02-05 21:00:00 volume=542.20 < threshold=1000 (source=ALPACA)
2026-02-05 23:05:18,889 | WARNING |   VOLUME SANITY REJECT: DOGE-USD 2026-02-05 22:00:00 volume=0.00 < threshold=1000 (source=ALPACA)
2026-02-05 23:05:18,899 | WARNING |   [DOGE-USD] 10 rows REJECTED by volume sanity, 14 rows INSERTED (source=ALPACA)
2026-02-05 23:05:18,909 | INFO |   [DOGE-USD] +14 rows via ALPACA (latest: 2026-02-05 22:00:00+00:00)
2026-02-05 23:05:19,411 | INFO |   [DOT-USD] Stale (22.1h > 6h) - fetching
2026-02-05 23:05:19,561 | WARNING |   VOLUME SANITY REJECT: DOT-USD 2026-02-04 23:00:00 volume=6.04 < threshold=1000 (source=ALPACA)
2026-02-05 23:05:19,561 | WARNING |   VOLUME SANITY REJECT: DOT-USD 2026-02-05 00:00:00 volume=407.64 < threshold=1000 (source=ALPACA)
2026-02-05 23:05:19,569 | WARNING |   VOLUME SANITY REJECT: DOT-USD 2026-02-05 01:00:00 volume=0.00 < threshold=1000 (source=ALPACA)
2026-02-05 23:05:19,569 | WARNING |   VOLUME SANITY REJECT: DOT-USD 2026-02-05 02:00:00 volume=0.00 < threshold=1000 (source=ALPACA)
2026-02-05 23:05:19,569 | WARNING |   VOLUME SANITY REJECT: DOT-USD 2026-02-05 03:00:00 volume=6.00 < threshold=1000 (source=ALPACA)
2026-02-05 23:05:19,571 | WARNING |   VOLUME SANITY REJECT: DOT-USD 2026-02-05 05:00:00 volume=0.00 < threshold=1000 (source=ALPACA)
2026-02-05 23:05:19,571 | WARNING |   VOLUME SANITY REJECT: DOT-USD 2026-02-05 06:00:00 volume=0.00 < threshold=1000 (source=ALPACA)
2026-02-05 23:05:19,571 | WARNING |   VOLUME SANITY REJECT: DOT-USD 2026-02-05 07:00:00 volume=0.00 < threshold=1000 (source=ALPACA)
2026-02-05 23:05:19,571 | WARNING |   VOLUME SANITY REJECT: DOT-USD 2026-02-05 08:00:00 volume=575.22 < threshold=1000 (source=ALPACA)
2026-02-05 23:05:19,571 | WARNING |   VOLUME SANITY REJECT: DOT-USD 2026-02-05 09:00:00 volume=78.75 < threshold=1000 (source=ALPACA)
2026-02-05 23:05:19,571 | WARNING |   VOLUME SANITY REJECT: DOT-USD 2026-02-05 10:00:00 volume=182.96 < threshold=1000 (source=ALPACA)
2026-02-05 23:05:19,571 | WARNING |   VOLUME SANITY REJECT: DOT-USD 2026-02-05 12:00:00 volume=12.00 < threshold=1000 (source=ALPACA)
2026-02-05 23:05:19,571 | WARNING |   VOLUME SANITY REJECT: DOT-USD 2026-02-05 13:00:00 volume=1.00 < threshold=1000 (source=ALPACA)
2026-02-05 23:05:19,571 | WARNING |   VOLUME SANITY REJECT: DOT-USD 2026-02-05 14:00:00 volume=113.55 < threshold=1000 (source=ALPACA)
2026-02-05 23:05:19,571 | WARNING |   VOLUME SANITY REJECT: DOT-USD 2026-02-05 16:00:00 volume=203.36 < threshold=1000 (source=ALPACA)
2026-02-05 23:05:19,571 | WARNING |   VOLUME SANITY REJECT: DOT-USD 2026-02-05 17:00:00 volume=45.25 < threshold=1000 (source=ALPACA)
2026-02-05 23:05:19,571 | WARNING |   VOLUME SANITY REJECT: DOT-USD 2026-02-05 18:00:00 volume=0.00 < threshold=1000 (source=ALPACA)
2026-02-05 23:05:19,571 | WARNING |   VOLUME SANITY REJECT: DOT-USD 2026-02-05 19:00:00 volume=13.00 < threshold=1000 (source=ALPACA)
2026-02-05 23:05:19,571 | WARNING |   VOLUME SANITY REJECT: DOT-USD 2026-02-05 20:00:00 volume=71.69 < threshold=1000 (source=ALPACA)
2026-02-05 23:05:19,571 | WARNING |   VOLUME SANITY REJECT: DOT-USD 2026-02-05 21:00:00 volume=71.83 < threshold=1000 (source=ALPACA)
2026-02-05 23:05:19,581 | WARNING |   VOLUME SANITY REJECT: DOT-USD 2026-02-05 22:00:00 volume=0.00 < threshold=1000 (source=ALPACA)
2026-02-05 23:05:19,582 | WARNING |   [DOT-USD] 21 rows REJECTED by volume sanity, 3 rows INSERTED (source=ALPACA)
2026-02-05 23:05:19,582 | INFO |   [DOT-USD] +3 rows via ALPACA (latest: 2026-02-05 22:00:00+00:00)
2026-02-05 23:05:20,087 | INFO |   [EOS-USD] Stale (22.1h > 6h) - fetching
2026-02-05 23:05:20,201 | WARNING |   [EOS-USD] No data from Alpaca (STALE)
2026-02-05 23:05:20,708 | INFO |   [ETC-USD] Stale (22.1h > 6h) - fetching
2026-02-05 23:05:20,830 | WARNING |   [ETC-USD] No data from Alpaca (STALE)
2026-02-05 23:05:21,332 | INFO |   [ETH-USD] Stale (22.1h > 6h) - fetching
2026-02-05 23:05:21,499 | WARNING |   VOLUME SANITY REJECT: ETH-USD 2026-02-04 23:00:00 volume=0.17 < threshold=1000 (source=ALPACA)
2026-02-05 23:05:21,623 | WARNING |   VOLUME SANITY REJECT: ETH-USD 2026-02-05 00:00:00 volume=0.00 < threshold=1000 (source=ALPACA)
2026-02-05 23:05:21,625 | WARNING |   VOLUME SANITY REJECT: ETH-USD 2026-02-05 01:00:00 volume=0.25 < threshold=1000 (source=ALPACA)
2026-02-05 23:05:21,627 | WARNING |   VOLUME SANITY REJECT: ETH-USD 2026-02-05 02:00:00 volume=0.16 < threshold=1000 (source=ALPACA)
2026-02-05 23:05:21,643 | WARNING |   VOLUME SANITY REJECT: ETH-USD 2026-02-05 03:00:00 volume=9.02 < threshold=1000 (source=ALPACA)
2026-02-05 23:05:21,643 | WARNING |   VOLUME SANITY REJECT: ETH-USD 2026-02-05 04:00:00 volume=4.62 < threshold=1000 (source=ALPACA)
2026-02-05 23:05:21,643 | WARNING |   VOLUME SANITY REJECT: ETH-USD 2026-02-05 05:00:00 volume=0.91 < threshold=1000 (source=ALPACA)
2026-02-05 23:05:21,686 | WARNING |   VOLUME SANITY REJECT: ETH-USD 2026-02-05 06:00:00 volume=3.70 < threshold=1000 (source=ALPACA)
2026-02-05 23:05:21,688 | WARNING |   VOLUME SANITY REJECT: ETH-USD 2026-02-05 07:00:00 volume=1.77 < threshold=1000 (source=ALPACA)
2026-02-05 23:05:21,692 | WARNING |   VOLUME SANITY REJECT: ETH-USD 2026-02-05 08:00:00 volume=5.23 < threshold=1000 (source=ALPACA)
2026-02-05 23:05:21,693 | WARNING |   VOLUME SANITY REJECT: ETH-USD 2026-02-05 09:00:00 volume=2.00 < threshold=1000 (source=ALPACA)
2026-02-05 23:05:21,694 | WARNING |   VOLUME SANITY REJECT: ETH-USD 2026-02-05 10:00:00 volume=0.58 < threshold=1000 (source=ALPACA)
2026-02-05 23:05:21,694 | WARNING |   VOLUME SANITY REJECT: ETH-USD 2026-02-05 11:00:00 volume=1.99 < threshold=1000 (source=ALPACA)
2026-02-05 23:05:21,701 | WARNING |   VOLUME SANITY REJECT: ETH-USD 2026-02-05 12:00:00 volume=22.22 < threshold=1000 (source=ALPACA)
2026-02-05 23:05:21,702 | WARNING |   VOLUME SANITY REJECT: ETH-USD 2026-02-05 13:00:00 volume=6.01 < threshold=1000 (source=ALPACA)
2026-02-05 23:05:21,713 | WARNING |   VOLUME SANITY REJECT: ETH-USD 2026-02-05 14:00:00 volume=12.15 < threshold=1000 (source=ALPACA)
2026-02-05 23:05:21,714 | WARNING |   VOLUME SANITY REJECT: ETH-USD 2026-02-05 15:00:00 volume=84.19 < threshold=1000 (source=ALPACA)
2026-02-05 23:05:21,714 | WARNING |   VOLUME SANITY REJECT: ETH-USD 2026-02-05 16:00:00 volume=9.13 < threshold=1000 (source=ALPACA)
2026-02-05 23:05:21,715 | WARNING |   VOLUME SANITY REJECT: ETH-USD 2026-02-05 17:00:00 volume=6.94 < threshold=1000 (source=ALPACA)
2026-02-05 23:05:21,716 | WARNING |   VOLUME SANITY REJECT: ETH-USD 2026-02-05 18:00:00 volume=43.88 < threshold=1000 (source=ALPACA)
2026-02-05 23:05:21,718 | WARNING |   VOLUME SANITY REJECT: ETH-USD 2026-02-05 19:00:00 volume=5.89 < threshold=1000 (source=ALPACA)
2026-02-05 23:05:21,718 | WARNING |   VOLUME SANITY REJECT: ETH-USD 2026-02-05 20:00:00 volume=25.11 < threshold=1000 (source=ALPACA)
2026-02-05 23:05:21,719 | WARNING |   VOLUME SANITY REJECT: ETH-USD 2026-02-05 21:00:00 volume=2.09 < threshold=1000 (source=ALPACA)
2026-02-05 23:05:21,720 | WARNING |   VOLUME SANITY REJECT: ETH-USD 2026-02-05 22:00:00 volume=0.00 < threshold=1000 (source=ALPACA)
2026-02-05 23:05:21,720 | WARNING |   [ETH-USD] ALL 24 rows REJECTED by volume sanity check (source=ALPACA)
2026-02-05 23:05:21,721 | WARNING |   [ETH-USD] 0 rows written despite 24 bars received
2026-02-05 23:05:22,222 | INFO |   [FIL-USD] Stale (22.1h > 6h) - fetching
2026-02-05 23:05:22,342 | WARNING |   [FIL-USD] No data from Alpaca (STALE)
2026-02-05 23:05:22,844 | INFO |   [FLOW-USD] Stale (22.1h > 6h) - fetching
2026-02-05 23:05:22,961 | WARNING |   [FLOW-USD] No data from Alpaca (STALE)
2026-02-05 23:05:23,466 | INFO |   [GRT-USD] Stale (52.1h > 6h) - fetching
2026-02-05 23:05:23,595 | WARNING |   VOLUME SANITY REJECT: GRT-USD 2026-02-04 23:00:00 volume=0.00 < threshold=1000 (source=ALPACA)
2026-02-05 23:05:23,598 | WARNING |   VOLUME SANITY REJECT: GRT-USD 2026-02-05 00:00:00 volume=0.00 < threshold=1000 (source=ALPACA)
2026-02-05 23:05:23,598 | WARNING |   VOLUME SANITY REJECT: GRT-USD 2026-02-05 01:00:00 volume=0.00 < threshold=1000 (source=ALPACA)
2026-02-05 23:05:23,598 | WARNING |   VOLUME SANITY REJECT: GRT-USD 2026-02-05 02:00:00 volume=0.00 < threshold=1000 (source=ALPACA)
2026-02-05 23:05:23,598 | WARNING |   VOLUME SANITY REJECT: GRT-USD 2026-02-05 03:00:00 volume=0.00 < threshold=1000 (source=ALPACA)
2026-02-05 23:05:23,598 | WARNING |   VOLUME SANITY REJECT: GRT-USD 2026-02-05 04:00:00 volume=0.00 < threshold=1000 (source=ALPACA)
2026-02-05 23:05:23,598 | WARNING |   VOLUME SANITY REJECT: GRT-USD 2026-02-05 05:00:00 volume=0.00 < threshold=1000 (source=ALPACA)
2026-02-05 23:05:23,598 | WARNING |   VOLUME SANITY REJECT: GRT-USD 2026-02-05 06:00:00 volume=0.00 < threshold=1000 (source=ALPACA)
2026-02-05 23:05:23,598 | WARNING |   VOLUME SANITY REJECT: GRT-USD 2026-02-05 07:00:00 volume=0.00 < threshold=1000 (source=ALPACA)
2026-02-05 23:05:23,598 | WARNING |   VOLUME SANITY REJECT: GRT-USD 2026-02-05 08:00:00 volume=704.69 < threshold=1000 (source=ALPACA)
2026-02-05 23:05:23,598 | WARNING |   VOLUME SANITY REJECT: GRT-USD 2026-02-05 09:00:00 volume=200.07 < threshold=1000 (source=ALPACA)
2026-02-05 23:05:23,606 | WARNING |   VOLUME SANITY REJECT: GRT-USD 2026-02-05 10:00:00 volume=0.00 < threshold=1000 (source=ALPACA)
2026-02-05 23:05:23,606 | WARNING |   VOLUME SANITY REJECT: GRT-USD 2026-02-05 12:00:00 volume=0.00 < threshold=1000 (source=ALPACA)
2026-02-05 23:05:23,608 | WARNING |   VOLUME SANITY REJECT: GRT-USD 2026-02-05 14:00:00 volume=0.00 < threshold=1000 (source=ALPACA)
2026-02-05 23:05:23,609 | WARNING |   VOLUME SANITY REJECT: GRT-USD 2026-02-05 16:00:00 volume=0.00 < threshold=1000 (source=ALPACA)
2026-02-05 23:05:23,609 | WARNING |   VOLUME SANITY REJECT: GRT-USD 2026-02-05 18:00:00 volume=495.01 < threshold=1000 (source=ALPACA)
2026-02-05 23:05:23,609 | WARNING |   VOLUME SANITY REJECT: GRT-USD 2026-02-05 19:00:00 volume=0.00 < threshold=1000 (source=ALPACA)
2026-02-05 23:05:23,609 | WARNING |   VOLUME SANITY REJECT: GRT-USD 2026-02-05 22:00:00 volume=0.00 < threshold=1000 (source=ALPACA)
2026-02-05 23:05:23,618 | WARNING |   [GRT-USD] 18 rows REJECTED by volume sanity, 6 rows INSERTED (source=ALPACA)
2026-02-05 23:05:23,618 | INFO |   [GRT-USD] +6 rows via ALPACA (latest: 2026-02-05 22:00:00+00:00)
2026-02-05 23:05:24,124 | INFO |   [HBAR-USD] Stale (22.1h > 6h) - fetching
2026-02-05 23:05:24,244 | WARNING |   [HBAR-USD] No data from Alpaca (STALE)
2026-02-05 23:05:24,748 | INFO |   [ICP-USD] Stale (22.1h > 6h) - fetching
2026-02-05 23:05:24,876 | WARNING |   [ICP-USD] No data from Alpaca (STALE)
2026-02-05 23:05:25,377 | INFO |   [INJ-USD] Stale (22.1h > 6h) - fetching
2026-02-05 23:05:25,521 | WARNING |   [INJ-USD] No data from Alpaca (STALE)
2026-02-05 23:05:26,028 | INFO |   [LDO-USD] Stale (22.1h > 6h) - fetching
2026-02-05 23:05:26,169 | WARNING |   [LDO-USD] No data from Alpaca (STALE)
2026-02-05 23:05:26,687 | INFO |   [LINK-USD] Stale (22.1h > 6h) - fetching
2026-02-05 23:05:26,821 | WARNING |   VOLUME SANITY REJECT: LINK-USD 2026-02-04 23:00:00 volume=0.00 < threshold=1000 (source=ALPACA)
2026-02-05 23:05:26,821 | WARNING |   VOLUME SANITY REJECT: LINK-USD 2026-02-05 00:00:00 volume=0.53 < threshold=1000 (source=ALPACA)
2026-02-05 23:05:26,821 | WARNING |   VOLUME SANITY REJECT: LINK-USD 2026-02-05 01:00:00 volume=19.23 < threshold=1000 (source=ALPACA)
2026-02-05 23:05:26,821 | WARNING |   VOLUME SANITY REJECT: LINK-USD 2026-02-05 02:00:00 volume=59.44 < threshold=1000 (source=ALPACA)
2026-02-05 23:05:26,821 | WARNING |   VOLUME SANITY REJECT: LINK-USD 2026-02-05 03:00:00 volume=210.60 < threshold=1000 (source=ALPACA)
2026-02-05 23:05:26,821 | WARNING |   VOLUME SANITY REJECT: LINK-USD 2026-02-05 04:00:00 volume=60.86 < threshold=1000 (source=ALPACA)
2026-02-05 23:05:26,832 | WARNING |   VOLUME SANITY REJECT: LINK-USD 2026-02-05 06:00:00 volume=501.79 < threshold=1000 (source=ALPACA)
2026-02-05 23:05:26,832 | WARNING |   VOLUME SANITY REJECT: LINK-USD 2026-02-05 07:00:00 volume=501.48 < threshold=1000 (source=ALPACA)
2026-02-05 23:05:26,832 | WARNING |   VOLUME SANITY REJECT: LINK-USD 2026-02-05 08:00:00 volume=120.37 < threshold=1000 (source=ALPACA)
2026-02-05 23:05:26,832 | WARNING |   VOLUME SANITY REJECT: LINK-USD 2026-02-05 09:00:00 volume=0.00 < threshold=1000 (source=ALPACA)
2026-02-05 23:05:26,832 | WARNING |   VOLUME SANITY REJECT: LINK-USD 2026-02-05 10:00:00 volume=416.61 < threshold=1000 (source=ALPACA)
2026-02-05 23:05:26,832 | WARNING |   VOLUME SANITY REJECT: LINK-USD 2026-02-05 11:00:00 volume=214.18 < threshold=1000 (source=ALPACA)
2026-02-05 23:05:26,832 | WARNING |   VOLUME SANITY REJECT: LINK-USD 2026-02-05 12:00:00 volume=429.16 < threshold=1000 (source=ALPACA)
2026-02-05 23:05:26,843 | WARNING |   VOLUME SANITY REJECT: LINK-USD 2026-02-05 13:00:00 volume=0.00 < threshold=1000 (source=ALPACA)
2026-02-05 23:05:26,843 | WARNING |   VOLUME SANITY REJECT: LINK-USD 2026-02-05 14:00:00 volume=78.73 < threshold=1000 (source=ALPACA)
2026-02-05 23:05:26,843 | WARNING |   VOLUME SANITY REJECT: LINK-USD 2026-02-05 16:00:00 volume=127.96 < threshold=1000 (source=ALPACA)
2026-02-05 23:05:26,843 | WARNING |   VOLUME SANITY REJECT: LINK-USD 2026-02-05 17:00:00 volume=26.66 < threshold=1000 (source=ALPACA)
2026-02-05 23:05:26,843 | WARNING |   VOLUME SANITY REJECT: LINK-USD 2026-02-05 18:00:00 volume=18.47 < threshold=1000 (source=ALPACA)
2026-02-05 23:05:26,843 | WARNING |   VOLUME SANITY REJECT: LINK-USD 2026-02-05 19:00:00 volume=66.24 < threshold=1000 (source=ALPACA)
2026-02-05 23:05:26,843 | WARNING |   VOLUME SANITY REJECT: LINK-USD 2026-02-05 20:00:00 volume=114.39 < threshold=1000 (source=ALPACA)
2026-02-05 23:05:26,843 | WARNING |   VOLUME SANITY REJECT: LINK-USD 2026-02-05 21:00:00 volume=16.64 < threshold=1000 (source=ALPACA)
2026-02-05 23:05:26,843 | WARNING |   VOLUME SANITY REJECT: LINK-USD 2026-02-05 22:00:00 volume=0.00 < threshold=1000 (source=ALPACA)
2026-02-05 23:05:26,854 | WARNING |   [LINK-USD] 22 rows REJECTED by volume sanity, 2 rows INSERTED (source=ALPACA)
2026-02-05 23:05:26,854 | INFO |   [LINK-USD] +2 rows via ALPACA (latest: 2026-02-05 22:00:00+00:00)
2026-02-05 23:05:27,400 | INFO |   [LTC-USD] Stale (22.1h > 6h) - fetching
2026-02-05 23:05:27,532 | WARNING |   VOLUME SANITY REJECT: LTC-USD 2026-02-04 23:00:00 volume=0.00 < threshold=1000 (source=ALPACA)
2026-02-05 23:05:27,537 | WARNING |   VOLUME SANITY REJECT: LTC-USD 2026-02-05 00:00:00 volume=0.00 < threshold=1000 (source=ALPACA)
2026-02-05 23:05:27,537 | WARNING |   VOLUME SANITY REJECT: LTC-USD 2026-02-05 01:00:00 volume=0.00 < threshold=1000 (source=ALPACA)
2026-02-05 23:05:27,537 | WARNING |   VOLUME SANITY REJECT: LTC-USD 2026-02-05 02:00:00 volume=0.73 < threshold=1000 (source=ALPACA)
2026-02-05 23:05:27,537 | WARNING |   VOLUME SANITY REJECT: LTC-USD 2026-02-05 03:00:00 volume=0.14 < threshold=1000 (source=ALPACA)
2026-02-05 23:05:27,537 | WARNING |   VOLUME SANITY REJECT: LTC-USD 2026-02-05 04:00:00 volume=0.00 < threshold=1000 (source=ALPACA)
2026-02-05 23:05:27,537 | WARNING |   VOLUME SANITY REJECT: LTC-USD 2026-02-05 05:00:00 volume=0.00 < threshold=1000 (source=ALPACA)
2026-02-05 23:05:27,537 | WARNING |   VOLUME SANITY REJECT: LTC-USD 2026-02-05 06:00:00 volume=0.00 < threshold=1000 (source=ALPACA)
2026-02-05 23:05:27,537 | WARNING |   VOLUME SANITY REJECT: LTC-USD 2026-02-05 07:00:00 volume=0.00 < threshold=1000 (source=ALPACA)
2026-02-05 23:05:27,537 | WARNING |   VOLUME SANITY REJECT: LTC-USD 2026-02-05 08:00:00 volume=0.00 < threshold=1000 (source=ALPACA)
2026-02-05 23:05:27,537 | WARNING |   VOLUME SANITY REJECT: LTC-USD 2026-02-05 09:00:00 volume=0.00 < threshold=1000 (source=ALPACA)
2026-02-05 23:05:27,542 | WARNING |   VOLUME SANITY REJECT: LTC-USD 2026-02-05 10:00:00 volume=0.04 < threshold=1000 (source=ALPACA)
2026-02-05 23:05:27,542 | WARNING |   VOLUME SANITY REJECT: LTC-USD 2026-02-05 11:00:00 volume=2.06 < threshold=1000 (source=ALPACA)
2026-02-05 23:05:27,542 | WARNING |   VOLUME SANITY REJECT: LTC-USD 2026-02-05 12:00:00 volume=0.00 < threshold=1000 (source=ALPACA)
2026-02-05 23:05:27,542 | WARNING |   VOLUME SANITY REJECT: LTC-USD 2026-02-05 13:00:00 volume=0.00 < threshold=1000 (source=ALPACA)
2026-02-05 23:05:27,542 | WARNING |   VOLUME SANITY REJECT: LTC-USD 2026-02-05 14:00:00 volume=6.77 < threshold=1000 (source=ALPACA)
2026-02-05 23:05:27,542 | WARNING |   VOLUME SANITY REJECT: LTC-USD 2026-02-05 15:00:00 volume=63.93 < threshold=1000 (source=ALPACA)
2026-02-05 23:05:27,542 | WARNING |   VOLUME SANITY REJECT: LTC-USD 2026-02-05 16:00:00 volume=0.00 < threshold=1000 (source=ALPACA)
2026-02-05 23:05:27,542 | WARNING |   VOLUME SANITY REJECT: LTC-USD 2026-02-05 17:00:00 volume=0.23 < threshold=1000 (source=ALPACA)
2026-02-05 23:05:27,542 | WARNING |   VOLUME SANITY REJECT: LTC-USD 2026-02-05 18:00:00 volume=75.85 < threshold=1000 (source=ALPACA)
2026-02-05 23:05:27,542 | WARNING |   VOLUME SANITY REJECT: LTC-USD 2026-02-05 19:00:00 volume=0.00 < threshold=1000 (source=ALPACA)
2026-02-05 23:05:27,542 | WARNING |   VOLUME SANITY REJECT: LTC-USD 2026-02-05 20:00:00 volume=150.50 < threshold=1000 (source=ALPACA)
2026-02-05 23:05:27,542 | WARNING |   VOLUME SANITY REJECT: LTC-USD 2026-02-05 21:00:00 volume=0.38 < threshold=1000 (source=ALPACA)
2026-02-05 23:05:27,542 | WARNING |   VOLUME SANITY REJECT: LTC-USD 2026-02-05 22:00:00 volume=0.00 < threshold=1000 (source=ALPACA)
2026-02-05 23:05:27,542 | WARNING |   [LTC-USD] ALL 24 rows REJECTED by volume sanity check (source=ALPACA)
2026-02-05 23:05:27,542 | WARNING |   [LTC-USD] 0 rows written despite 24 bars received
2026-02-05 23:05:28,048 | INFO |   [MANA-USD] Stale (22.1h > 6h) - fetching
2026-02-05 23:05:28,160 | WARNING |   [MANA-USD] No data from Alpaca (STALE)
2026-02-05 23:05:28,669 | INFO |   [MKR-USD] Stale (22.1h > 6h) - fetching
2026-02-05 23:05:28,791 | WARNING |   [MKR-USD] No data from Alpaca (STALE)
2026-02-05 23:05:29,292 | INFO |   [NEAR-USD] Stale (22.1h > 6h) - fetching
2026-02-05 23:05:29,445 | WARNING |   [NEAR-USD] No data from Alpaca (STALE)
2026-02-05 23:05:29,947 | INFO |   [OKB-USD] Stale (22.1h > 6h) - fetching
2026-02-05 23:05:30,066 | WARNING |   [OKB-USD] No data from Alpaca (STALE)
2026-02-05 23:05:30,572 | INFO |   [QNT-USD] Stale (22.1h > 6h) - fetching
2026-02-05 23:05:30,690 | WARNING |   [QNT-USD] No data from Alpaca (STALE)
2026-02-05 23:05:31,195 | INFO |   [RPL-USD] Stale (22.1h > 6h) - fetching
2026-02-05 23:05:31,307 | WARNING |   [RPL-USD] No data from Alpaca (STALE)
2026-02-05 23:05:31,817 | INFO |   [RUNE-USD] Stale (22.1h > 6h) - fetching
2026-02-05 23:05:31,954 | WARNING |   [RUNE-USD] No data from Alpaca (STALE)
2026-02-05 23:05:32,541 | INFO |   [SAND-USD] Stale (22.1h > 6h) - fetching
2026-02-05 23:05:32,696 | WARNING |   [SAND-USD] No data from Alpaca (STALE)
2026-02-05 23:05:33,198 | INFO |   [SHIB-USD] Stale (22.1h > 6h) - fetching
2026-02-05 23:05:33,319 | WARNING |   VOLUME SANITY REJECT: SHIB-USD 2026-02-04 23:00:00 volume=0.00 < threshold=1000 (source=ALPACA)
2026-02-05 23:05:33,319 | WARNING |   VOLUME SANITY REJECT: SHIB-USD 2026-02-05 00:00:00 volume=0.00 < threshold=1000 (source=ALPACA)
2026-02-05 23:05:33,329 | WARNING |   VOLUME SANITY REJECT: SHIB-USD 2026-02-05 02:00:00 volume=0.00 < threshold=1000 (source=ALPACA)
2026-02-05 23:05:33,329 | WARNING |   VOLUME SANITY REJECT: SHIB-USD 2026-02-05 03:00:00 volume=0.00 < threshold=1000 (source=ALPACA)
2026-02-05 23:05:33,329 | WARNING |   VOLUME SANITY REJECT: SHIB-USD 2026-02-05 07:00:00 volume=0.00 < threshold=1000 (source=ALPACA)
2026-02-05 23:05:33,329 | WARNING |   VOLUME SANITY REJECT: SHIB-USD 2026-02-05 08:00:00 volume=0.00 < threshold=1000 (source=ALPACA)
2026-02-05 23:05:33,329 | WARNING |   VOLUME SANITY REJECT: SHIB-USD 2026-02-05 09:00:00 volume=0.00 < threshold=1000 (source=ALPACA)
2026-02-05 23:05:33,329 | WARNING |   VOLUME SANITY REJECT: SHIB-USD 2026-02-05 12:00:00 volume=0.00 < threshold=1000 (source=ALPACA)
2026-02-05 23:05:33,329 | WARNING |   VOLUME SANITY REJECT: SHIB-USD 2026-02-05 13:00:00 volume=0.00 < threshold=1000 (source=ALPACA)
2026-02-05 23:05:33,329 | WARNING |   VOLUME SANITY REJECT: SHIB-USD 2026-02-05 14:00:00 volume=0.00 < threshold=1000 (source=ALPACA)
2026-02-05 23:05:33,329 | WARNING |   VOLUME SANITY REJECT: SHIB-USD 2026-02-05 16:00:00 volume=0.00 < threshold=1000 (source=ALPACA)
2026-02-05 23:05:33,329 | WARNING |   VOLUME SANITY REJECT: SHIB-USD 2026-02-05 19:00:00 volume=0.00 < threshold=1000 (source=ALPACA)
2026-02-05 23:05:33,338 | WARNING |   VOLUME SANITY REJECT: SHIB-USD 2026-02-05 21:00:00 volume=0.00 < threshold=1000 (source=ALPACA)
2026-02-05 23:05:33,363 | WARNING |   VOLUME SANITY REJECT: SHIB-USD 2026-02-05 22:00:00 volume=0.00 < threshold=1000 (source=ALPACA)
2026-02-05 23:05:33,379 | WARNING |   [SHIB-USD] 14 rows REJECTED by volume sanity, 10 rows INSERTED (source=ALPACA)
2026-02-05 23:05:33,379 | INFO |   [SHIB-USD] +10 rows via ALPACA (latest: 2026-02-05 22:00:00+00:00)
2026-02-05 23:05:33,885 | INFO |   [SNX-USD] Stale (22.1h > 6h) - fetching
2026-02-05 23:05:34,006 | WARNING |   [SNX-USD] No data from Alpaca (STALE)
2026-02-05 23:05:34,511 | INFO |   [SOL-USD] Stale (22.1h > 6h) - fetching
2026-02-05 23:05:34,645 | WARNING |   VOLUME SANITY REJECT: SOL-USD 2026-02-04 23:00:00 volume=143.98 < threshold=1000 (source=ALPACA)
2026-02-05 23:05:34,645 | WARNING |   VOLUME SANITY REJECT: SOL-USD 2026-02-05 00:00:00 volume=0.27 < threshold=1000 (source=ALPACA)
2026-02-05 23:05:34,645 | WARNING |   VOLUME SANITY REJECT: SOL-USD 2026-02-05 01:00:00 volume=4.99 < threshold=1000 (source=ALPACA)
2026-02-05 23:05:34,645 | WARNING |   VOLUME SANITY REJECT: SOL-USD 2026-02-05 02:00:00 volume=5.31 < threshold=1000 (source=ALPACA)
2026-02-05 23:05:34,645 | WARNING |   VOLUME SANITY REJECT: SOL-USD 2026-02-05 03:00:00 volume=42.66 < threshold=1000 (source=ALPACA)
2026-02-05 23:05:34,645 | WARNING |   VOLUME SANITY REJECT: SOL-USD 2026-02-05 04:00:00 volume=42.88 < threshold=1000 (source=ALPACA)
2026-02-05 23:05:34,649 | WARNING |   VOLUME SANITY REJECT: SOL-USD 2026-02-05 05:00:00 volume=16.82 < threshold=1000 (source=ALPACA)
2026-02-05 23:05:34,649 | WARNING |   VOLUME SANITY REJECT: SOL-USD 2026-02-05 06:00:00 volume=81.61 < threshold=1000 (source=ALPACA)
2026-02-05 23:05:34,649 | WARNING |   VOLUME SANITY REJECT: SOL-USD 2026-02-05 07:00:00 volume=54.01 < threshold=1000 (source=ALPACA)
2026-02-05 23:05:34,649 | WARNING |   VOLUME SANITY REJECT: SOL-USD 2026-02-05 08:00:00 volume=36.95 < threshold=1000 (source=ALPACA)
2026-02-05 23:05:34,649 | WARNING |   VOLUME SANITY REJECT: SOL-USD 2026-02-05 09:00:00 volume=78.25 < threshold=1000 (source=ALPACA)
2026-02-05 23:05:34,649 | WARNING |   VOLUME SANITY REJECT: SOL-USD 2026-02-05 10:00:00 volume=16.35 < threshold=1000 (source=ALPACA)
2026-02-05 23:05:34,649 | WARNING |   VOLUME SANITY REJECT: SOL-USD 2026-02-05 11:00:00 volume=20.54 < threshold=1000 (source=ALPACA)
2026-02-05 23:05:34,649 | WARNING |   VOLUME SANITY REJECT: SOL-USD 2026-02-05 12:00:00 volume=53.48 < threshold=1000 (source=ALPACA)
2026-02-05 23:05:34,649 | WARNING |   VOLUME SANITY REJECT: SOL-USD 2026-02-05 13:00:00 volume=81.11 < threshold=1000 (source=ALPACA)
2026-02-05 23:05:34,649 | WARNING |   VOLUME SANITY REJECT: SOL-USD 2026-02-05 14:00:00 volume=91.34 < threshold=1000 (source=ALPACA)
2026-02-05 23:05:34,649 | WARNING |   VOLUME SANITY REJECT: SOL-USD 2026-02-05 15:00:00 volume=255.65 < threshold=1000 (source=ALPACA)
2026-02-05 23:05:34,649 | WARNING |   VOLUME SANITY REJECT: SOL-USD 2026-02-05 16:00:00 volume=43.59 < threshold=1000 (source=ALPACA)
2026-02-05 23:05:34,655 | WARNING |   VOLUME SANITY REJECT: SOL-USD 2026-02-05 17:00:00 volume=17.98 < threshold=1000 (source=ALPACA)
2026-02-05 23:05:34,656 | WARNING |   VOLUME SANITY REJECT: SOL-USD 2026-02-05 18:00:00 volume=48.38 < threshold=1000 (source=ALPACA)
2026-02-05 23:05:34,656 | WARNING |   VOLUME SANITY REJECT: SOL-USD 2026-02-05 19:00:00 volume=24.20 < threshold=1000 (source=ALPACA)
2026-02-05 23:05:34,656 | WARNING |   VOLUME SANITY REJECT: SOL-USD 2026-02-05 20:00:00 volume=76.51 < threshold=1000 (source=ALPACA)
2026-02-05 23:05:34,656 | WARNING |   VOLUME SANITY REJECT: SOL-USD 2026-02-05 21:00:00 volume=3.42 < threshold=1000 (source=ALPACA)
2026-02-05 23:05:34,656 | WARNING |   VOLUME SANITY REJECT: SOL-USD 2026-02-05 22:00:00 volume=0.00 < threshold=1000 (source=ALPACA)
2026-02-05 23:05:34,656 | WARNING |   [SOL-USD] ALL 24 rows REJECTED by volume sanity check (source=ALPACA)
2026-02-05 23:05:34,656 | WARNING |   [SOL-USD] 0 rows written despite 24 bars received
2026-02-05 23:05:35,160 | INFO |   [THETA-USD] Stale (22.1h > 6h) - fetching
2026-02-05 23:05:35,280 | WARNING |   [THETA-USD] No data from Alpaca (STALE)
2026-02-05 23:05:35,790 | INFO |   [TRX-USD] Stale (22.1h > 6h) - fetching
2026-02-05 23:05:35,909 | WARNING |   [TRX-USD] No data from Alpaca (STALE)
2026-02-05 23:05:36,419 | INFO |   [UNI-USD] Stale (128.1h > 6h) - fetching
2026-02-05 23:05:36,563 | WARNING |   VOLUME SANITY REJECT: UNI-USD 2026-02-04 23:00:00 volume=3.33 < threshold=1000 (source=ALPACA)
2026-02-05 23:05:36,666 | WARNING |   VOLUME SANITY REJECT: UNI-USD 2026-02-05 00:00:00 volume=2.56 < threshold=1000 (source=ALPACA)
2026-02-05 23:05:36,666 | WARNING |   VOLUME SANITY REJECT: UNI-USD 2026-02-05 01:00:00 volume=2.17 < threshold=1000 (source=ALPACA)
2026-02-05 23:05:36,666 | WARNING |   VOLUME SANITY REJECT: UNI-USD 2026-02-05 02:00:00 volume=0.00 < threshold=1000 (source=ALPACA)
2026-02-05 23:05:36,666 | WARNING |   VOLUME SANITY REJECT: UNI-USD 2026-02-05 03:00:00 volume=6.01 < threshold=1000 (source=ALPACA)
2026-02-05 23:05:36,666 | WARNING |   VOLUME SANITY REJECT: UNI-USD 2026-02-05 04:00:00 volume=0.00 < threshold=1000 (source=ALPACA)
2026-02-05 23:05:36,666 | WARNING |   VOLUME SANITY REJECT: UNI-USD 2026-02-05 05:00:00 volume=0.00 < threshold=1000 (source=ALPACA)
2026-02-05 23:05:36,666 | WARNING |   VOLUME SANITY REJECT: UNI-USD 2026-02-05 06:00:00 volume=0.00 < threshold=1000 (source=ALPACA)
2026-02-05 23:05:36,676 | WARNING |   VOLUME SANITY REJECT: UNI-USD 2026-02-05 08:00:00 volume=0.00 < threshold=1000 (source=ALPACA)
2026-02-05 23:05:36,676 | WARNING |   VOLUME SANITY REJECT: UNI-USD 2026-02-05 11:00:00 volume=0.00 < threshold=1000 (source=ALPACA)
2026-02-05 23:05:36,676 | WARNING |   VOLUME SANITY REJECT: UNI-USD 2026-02-05 12:00:00 volume=0.00 < threshold=1000 (source=ALPACA)
2026-02-05 23:05:36,676 | WARNING |   VOLUME SANITY REJECT: UNI-USD 2026-02-05 13:00:00 volume=1.07 < threshold=1000 (source=ALPACA)
2026-02-05 23:05:36,676 | WARNING |   VOLUME SANITY REJECT: UNI-USD 2026-02-05 15:00:00 volume=697.12 < threshold=1000 (source=ALPACA)
2026-02-05 23:05:36,698 | WARNING |   VOLUME SANITY REJECT: UNI-USD 2026-02-05 16:00:00 volume=1.45 < threshold=1000 (source=ALPACA)
2026-02-05 23:05:36,698 | WARNING |   VOLUME SANITY REJECT: UNI-USD 2026-02-05 17:00:00 volume=10.30 < threshold=1000 (source=ALPACA)
2026-02-05 23:05:36,698 | WARNING |   VOLUME SANITY REJECT: UNI-USD 2026-02-05 18:00:00 volume=0.00 < threshold=1000 (source=ALPACA)
2026-02-05 23:05:36,698 | WARNING |   VOLUME SANITY REJECT: UNI-USD 2026-02-05 19:00:00 volume=0.00 < threshold=1000 (source=ALPACA)
2026-02-05 23:05:36,698 | WARNING |   VOLUME SANITY REJECT: UNI-USD 2026-02-05 20:00:00 volume=0.00 < threshold=1000 (source=ALPACA)
2026-02-05 23:05:36,708 | WARNING |   VOLUME SANITY REJECT: UNI-USD 2026-02-05 21:00:00 volume=50.00 < threshold=1000 (source=ALPACA)
2026-02-05 23:05:36,708 | WARNING |   VOLUME SANITY REJECT: UNI-USD 2026-02-05 22:00:00 volume=0.00 < threshold=1000 (source=ALPACA)
2026-02-05 23:05:36,712 | WARNING |   [UNI-USD] 20 rows REJECTED by volume sanity, 4 rows INSERTED (source=ALPACA)
2026-02-05 23:05:36,749 | INFO |   [UNI-USD] +4 rows via ALPACA (latest: 2026-02-05 22:00:00+00:00)
2026-02-05 23:05:37,258 | INFO |   [VET-USD] Stale (22.1h > 6h) - fetching
2026-02-05 23:05:37,387 | WARNING |   [VET-USD] No data from Alpaca (STALE)
2026-02-05 23:05:37,899 | INFO |   [XLM-USD] Stale (22.1h > 6h) - fetching
2026-02-05 23:05:38,035 | WARNING |   [XLM-USD] No data from Alpaca (STALE)
2026-02-05 23:05:38,537 | INFO |   [XMR-USD] Stale (22.1h > 6h) - fetching
2026-02-05 23:05:38,650 | WARNING |   [XMR-USD] No data from Alpaca (STALE)
2026-02-05 23:05:39,161 | INFO |   [XRP-USD] Stale (22.1h > 6h) - fetching
2026-02-05 23:05:39,314 | WARNING |   VOLUME SANITY REJECT: XRP-USD 2026-02-04 23:00:00 volume=848.30 < threshold=1000 (source=ALPACA)
2026-02-05 23:05:39,316 | WARNING |   VOLUME SANITY REJECT: XRP-USD 2026-02-05 02:00:00 volume=632.00 < threshold=1000 (source=ALPACA)
2026-02-05 23:05:39,317 | WARNING |   VOLUME SANITY REJECT: XRP-USD 2026-02-05 04:00:00 volume=478.66 < threshold=1000 (source=ALPACA)
2026-02-05 23:05:39,318 | WARNING |   VOLUME SANITY REJECT: XRP-USD 2026-02-05 05:00:00 volume=372.98 < threshold=1000 (source=ALPACA)
2026-02-05 23:05:39,318 | WARNING |   VOLUME SANITY REJECT: XRP-USD 2026-02-05 06:00:00 volume=487.06 < threshold=1000 (source=ALPACA)
2026-02-05 23:05:39,349 | WARNING |   [XRP-USD] 5 rows REJECTED by volume sanity, 19 rows INSERTED (source=ALPACA)
2026-02-05 23:05:39,350 | INFO |   [XRP-USD] +19 rows via ALPACA (latest: 2026-02-05 22:00:00+00:00)
2026-02-05 23:05:39,850 | INFO |   [XTZ-USD] Stale (22.1h > 6h) - fetching
2026-02-05 23:05:39,986 | WARNING |   VOLUME SANITY REJECT: XTZ-USD 2026-02-04 23:00:00 volume=0.00 < threshold=1000 (source=ALPACA)
2026-02-05 23:05:39,986 | WARNING |   VOLUME SANITY REJECT: XTZ-USD 2026-02-05 00:00:00 volume=0.00 < threshold=1000 (source=ALPACA)
2026-02-05 23:05:39,986 | WARNING |   VOLUME SANITY REJECT: XTZ-USD 2026-02-05 01:00:00 volume=0.00 < threshold=1000 (source=ALPACA)
2026-02-05 23:05:39,986 | WARNING |   VOLUME SANITY REJECT: XTZ-USD 2026-02-05 02:00:00 volume=0.00 < threshold=1000 (source=ALPACA)
2026-02-05 23:05:39,986 | WARNING |   VOLUME SANITY REJECT: XTZ-USD 2026-02-05 03:00:00 volume=0.00 < threshold=1000 (source=ALPACA)
2026-02-05 23:05:39,986 | WARNING |   VOLUME SANITY REJECT: XTZ-USD 2026-02-05 04:00:00 volume=0.00 < threshold=1000 (source=ALPACA)
2026-02-05 23:05:39,986 | WARNING |   VOLUME SANITY REJECT: XTZ-USD 2026-02-05 05:00:00 volume=0.00 < threshold=1000 (source=ALPACA)
2026-02-05 23:05:39,986 | WARNING |   VOLUME SANITY REJECT: XTZ-USD 2026-02-05 06:00:00 volume=0.00 < threshold=1000 (source=ALPACA)
2026-02-05 23:05:39,986 | WARNING |   VOLUME SANITY REJECT: XTZ-USD 2026-02-05 07:00:00 volume=0.00 < threshold=1000 (source=ALPACA)
2026-02-05 23:05:39,986 | WARNING |   VOLUME SANITY REJECT: XTZ-USD 2026-02-05 08:00:00 volume=0.00 < threshold=1000 (source=ALPACA)
2026-02-05 23:05:39,986 | WARNING |   VOLUME SANITY REJECT: XTZ-USD 2026-02-05 09:00:00 volume=0.00 < threshold=1000 (source=ALPACA)
2026-02-05 23:05:39,986 | WARNING |   VOLUME SANITY REJECT: XTZ-USD 2026-02-05 10:00:00 volume=0.00 < threshold=1000 (source=ALPACA)
2026-02-05 23:05:39,986 | WARNING |   VOLUME SANITY REJECT: XTZ-USD 2026-02-05 11:00:00 volume=0.00 < threshold=1000 (source=ALPACA)
2026-02-05 23:05:39,986 | WARNING |   VOLUME SANITY REJECT: XTZ-USD 2026-02-05 12:00:00 volume=0.00 < threshold=1000 (source=ALPACA)
2026-02-05 23:05:39,986 | WARNING |   VOLUME SANITY REJECT: XTZ-USD 2026-02-05 13:00:00 volume=0.00 < threshold=1000 (source=ALPACA)
2026-02-05 23:05:39,986 | WARNING |   VOLUME SANITY REJECT: XTZ-USD 2026-02-05 14:00:00 volume=666.49 < threshold=1000 (source=ALPACA)
2026-02-05 23:05:39,986 | WARNING |   VOLUME SANITY REJECT: XTZ-USD 2026-02-05 16:00:00 volume=0.00 < threshold=1000 (source=ALPACA)
2026-02-05 23:05:39,986 | WARNING |   VOLUME SANITY REJECT: XTZ-USD 2026-02-05 17:00:00 volume=0.00 < threshold=1000 (source=ALPACA)
2026-02-05 23:05:39,995 | WARNING |   VOLUME SANITY REJECT: XTZ-USD 2026-02-05 18:00:00 volume=10.21 < threshold=1000 (source=ALPACA)
2026-02-05 23:05:39,995 | WARNING |   VOLUME SANITY REJECT: XTZ-USD 2026-02-05 19:00:00 volume=0.00 < threshold=1000 (source=ALPACA)
2026-02-05 23:05:39,995 | WARNING |   VOLUME SANITY REJECT: XTZ-USD 2026-02-05 21:00:00 volume=250.00 < threshold=1000 (source=ALPACA)
2026-02-05 23:05:39,995 | WARNING |   VOLUME SANITY REJECT: XTZ-USD 2026-02-05 22:00:00 volume=0.00 < threshold=1000 (source=ALPACA)
2026-02-05 23:05:40,007 | WARNING |   [XTZ-USD] 22 rows REJECTED by volume sanity, 2 rows INSERTED (source=ALPACA)
2026-02-05 23:05:40,008 | INFO |   [XTZ-USD] +2 rows via ALPACA (latest: 2026-02-05 22:00:00+00:00)
2026-02-05 23:05:40,511 | INFO |   [ZEC-USD] Stale (22.1h > 6h) - fetching
2026-02-05 23:05:40,633 | WARNING |   [ZEC-USD] No data from Alpaca (STALE)
2026-02-05 23:05:41,136 | INFO |   [AAVE-USD] Stale (22.1h > 6h) - fetching
2026-02-05 23:05:41,271 | WARNING |   VOLUME SANITY REJECT: AAVE-USD 2026-02-04 23:00:00 volume=0.00 < threshold=1000 (source=ALPACA)
2026-02-05 23:05:41,271 | WARNING |   VOLUME SANITY REJECT: AAVE-USD 2026-02-05 00:00:00 volume=0.05 < threshold=1000 (source=ALPACA)
2026-02-05 23:05:41,271 | WARNING |   VOLUME SANITY REJECT: AAVE-USD 2026-02-05 01:00:00 volume=0.00 < threshold=1000 (source=ALPACA)
2026-02-05 23:05:41,271 | WARNING |   VOLUME SANITY REJECT: AAVE-USD 2026-02-05 02:00:00 volume=0.00 < threshold=1000 (source=ALPACA)
2026-02-05 23:05:41,271 | WARNING |   VOLUME SANITY REJECT: AAVE-USD 2026-02-05 03:00:00 volume=0.00 < threshold=1000 (source=ALPACA)
2026-02-05 23:05:41,271 | WARNING |   VOLUME SANITY REJECT: AAVE-USD 2026-02-05 04:00:00 volume=0.26 < threshold=1000 (source=ALPACA)
2026-02-05 23:05:41,271 | WARNING |   VOLUME SANITY REJECT: AAVE-USD 2026-02-05 05:00:00 volume=0.00 < threshold=1000 (source=ALPACA)
2026-02-05 23:05:41,271 | WARNING |   VOLUME SANITY REJECT: AAVE-USD 2026-02-05 06:00:00 volume=0.00 < threshold=1000 (source=ALPACA)
2026-02-05 23:05:41,271 | WARNING |   VOLUME SANITY REJECT: AAVE-USD 2026-02-05 07:00:00 volume=0.00 < threshold=1000 (source=ALPACA)
2026-02-05 23:05:41,271 | WARNING |   VOLUME SANITY REJECT: AAVE-USD 2026-02-05 08:00:00 volume=0.00 < threshold=1000 (source=ALPACA)
2026-02-05 23:05:41,271 | WARNING |   VOLUME SANITY REJECT: AAVE-USD 2026-02-05 09:00:00 volume=0.00 < threshold=1000 (source=ALPACA)
2026-02-05 23:05:41,271 | WARNING |   VOLUME SANITY REJECT: AAVE-USD 2026-02-05 10:00:00 volume=0.00 < threshold=1000 (source=ALPACA)
2026-02-05 23:05:41,271 | WARNING |   VOLUME SANITY REJECT: AAVE-USD 2026-02-05 11:00:00 volume=20.37 < threshold=1000 (source=ALPACA)
2026-02-05 23:05:41,279 | WARNING |   VOLUME SANITY REJECT: AAVE-USD 2026-02-05 12:00:00 volume=0.00 < threshold=1000 (source=ALPACA)
2026-02-05 23:05:41,280 | WARNING |   VOLUME SANITY REJECT: AAVE-USD 2026-02-05 13:00:00 volume=8.14 < threshold=1000 (source=ALPACA)
2026-02-05 23:05:41,280 | WARNING |   VOLUME SANITY REJECT: AAVE-USD 2026-02-05 14:00:00 volume=0.14 < threshold=1000 (source=ALPACA)
2026-02-05 23:05:41,281 | WARNING |   VOLUME SANITY REJECT: AAVE-USD 2026-02-05 15:00:00 volume=0.00 < threshold=1000 (source=ALPACA)
2026-02-05 23:05:41,281 | WARNING |   VOLUME SANITY REJECT: AAVE-USD 2026-02-05 16:00:00 volume=1.28 < threshold=1000 (source=ALPACA)
2026-02-05 23:05:41,281 | WARNING |   VOLUME SANITY REJECT: AAVE-USD 2026-02-05 17:00:00 volume=5.05 < threshold=1000 (source=ALPACA)
2026-02-05 23:05:41,281 | WARNING |   VOLUME SANITY REJECT: AAVE-USD 2026-02-05 18:00:00 volume=0.00 < threshold=1000 (source=ALPACA)
2026-02-05 23:05:41,281 | WARNING |   VOLUME SANITY REJECT: AAVE-USD 2026-02-05 19:00:00 volume=0.00 < threshold=1000 (source=ALPACA)
2026-02-05 23:05:41,281 | WARNING |   VOLUME SANITY REJECT: AAVE-USD 2026-02-05 20:00:00 volume=0.05 < threshold=1000 (source=ALPACA)
2026-02-05 23:05:41,281 | WARNING |   VOLUME SANITY REJECT: AAVE-USD 2026-02-05 21:00:00 volume=1.02 < threshold=1000 (source=ALPACA)
2026-02-05 23:05:41,281 | WARNING |   VOLUME SANITY REJECT: AAVE-USD 2026-02-05 22:00:00 volume=0.00 < threshold=1000 (source=ALPACA)
2026-02-05 23:05:41,281 | WARNING |   [AAVE-USD] ALL 24 rows REJECTED by volume sanity check (source=ALPACA)
2026-02-05 23:05:41,281 | WARNING |   [AAVE-USD] 0 rows written despite 24 bars received
2026-02-05 23:05:41,787 | INFO | Alpaca: Updated 9 assets, 30 remaining
2026-02-05 23:05:42,162 | INFO | ============================================================
2026-02-05 23:05:42,162 | INFO | ATTEMPTING YAHOO FINANCE INGEST (Fallback Provider)
2026-02-05 23:05:42,162 | INFO | Assets: 30, Using BATCH DOWNLOAD (efficient)
2026-02-05 23:05:42,162 | INFO | ============================================================
2026-02-05 23:05:42,162 | INFO |   Checking Yahoo Finance rate limit status...
2026-02-05 23:05:46,609 | ERROR | 
1 Failed download:
2026-02-05 23:05:46,609 | ERROR | ['AAPL']: YFRateLimitError('Too Many Requests. Rate limited. Try after a while.')
2026-02-05 23:05:46,620 | WARNING |   RATE LIMITED - Yahoo Finance is currently blocking requests
2026-02-05 23:05:46,620 | WARNING |   Skipping Yahoo and marking all assets as failed
2026-02-05 23:05:46,620 | INFO | Yahoo: Updated 0 assets, 30 remaining
2026-02-05 23:05:46,620 | INFO | 
============================================================
2026-02-05 23:05:46,620 | INFO | VERIFICATION: Checking Data Freshness
2026-02-05 23:05:46,620 | INFO | ============================================================
2026-02-05 23:05:47,561 | WARNING | VERIFICATION FAILED: 5 assets are stale
2026-02-05 23:05:47,561 | WARNING |   - BT.A.L: 52 days stale (last: 2025-12-15)
2026-02-05 23:05:47,563 | WARNING |   - 1COV.DE: 44 days stale (last: 2025-12-23)
2026-02-05 23:05:47,563 | WARNING |   - TLT: 27 days stale (last: 2026-01-09)
2026-02-05 23:05:47,563 | WARNING |   - GLD: 26 days stale (last: 2026-01-10)
2026-02-05 23:05:47,563 | WARNING |   - OLT.OL: 8 days stale (last: 2026-01-28)
2026-02-05 23:05:49,408 | CRITICAL | ALERT [CRITICAL]: DATA VERIFICATION FAILED: 5 assets still stale after ingest! Updated: 9, Rows: 63
2026-02-05 23:05:49,419 | WARNING | Governance logging failed: column "action_timestamp" of relation "governance_actions_log" does not exist
LINE 3:                     action_type, action_timestamp, action_by...
                                         ^

2026-02-05 23:05:49,430 | WARNING | ALERT [WARNING]: PARTIAL INGEST: 30 assets could not be updated via any provider
2026-02-05 23:05:49,432 | WARNING | Heartbeat recording failed: relation "fhq_monitoring.system_heartbeats" does not exist
LINE 2:                 INSERT INTO fhq_monitoring.system_heartbeats...
                                    ^

2026-02-05 23:05:49,435 | WARNING | Governance logging failed: current transaction is aborted, commands ignored until end of transaction block

2026-02-05 23:05:49,439 | INFO | 
======================================================================
2026-02-05 23:05:49,445 | INFO | BULLETPROOF INGEST COMPLETE
2026-02-05 23:05:49,445 | INFO | ======================================================================
2026-02-05 23:05:49,445 | INFO | Status: PARTIAL
2026-02-05 23:05:49,445 | INFO | Assets Updated: 9
2026-02-05 23:05:49,445 | INFO | Rows Inserted: 63
2026-02-05 23:05:49,445 | INFO | Providers Used: ALPACA, YAHOO
2026-02-05 23:05:49,445 | INFO | Verification: FAILED (5 stale)
2026-02-05 23:05:49,445 | INFO | Elapsed: 41.7s
2026-02-05 23:05:49,445 | INFO | 
Freshness by Asset Class:
2026-02-05 23:05:49,445 | INFO |   CRYPTO: 46/50 fresh (92.0%)
2026-02-05 23:05:49,455 | INFO |   EQUITY: 418/422 fresh (99.1%)
2026-02-05 23:05:49,455 | INFO |   ETF: 0/2 fresh (0.0%)
2026-02-05 23:05:49,455 | INFO |   FX: 24/25 fresh (96.0%)
2026-02-05 23:05:49,455 | INFO | 
Evidence: C:\fhq-market-system\vision-ios\03_FUNCTIONS\evidence\BULLETPROOF_INGEST_3c60cd81_20260205_230549.json
2026-02-05 23:05:49,455 | INFO | ======================================================================
