2026-01-11 23:30:02,702 | INFO | ======================================================================
2026-01-11 23:30:02,703 | INFO | IoS-001 BULLETPROOF DAILY PRICE INGEST
2026-01-11 23:30:02,703 | INFO | ======================================================================
2026-01-11 23:30:02,703 | INFO | CEO Directive: CD-IOS-001-DAILY-INGEST-BULLETPROOF-001
2026-01-11 23:30:02,703 | INFO | Executor: STIG (EC-003)
2026-01-11 23:30:02,703 | INFO | Time: 2026-01-11T22:30:02.702721+00:00
2026-01-11 23:30:02,703 | INFO | Asset Class Filter: FX
2026-01-11 23:30:02,704 | INFO | Dry Run: False
2026-01-11 23:30:02,704 | INFO | Canonical Source: fhq_market.prices (ONLY)
2026-01-11 23:30:02,704 | INFO | ======================================================================
2026-01-11 23:30:02,794 | INFO | Found 24 canonical assets
2026-01-11 23:30:03,360 | INFO | ============================================================
2026-01-11 23:30:03,370 | INFO | ATTEMPTING ALPACA INGEST (Primary Provider)
2026-01-11 23:30:03,370 | INFO | Assets: 24, Rate limit: 200/min
2026-01-11 23:30:03,370 | INFO | ============================================================
2026-01-11 23:30:03,378 | INFO |   [AUDJPY=X] Stale (22.5h > 18h) - fetching
2026-01-11 23:30:03,379 | INFO |   [AUDUSD=X] Stale (22.5h > 18h) - fetching
2026-01-11 23:30:03,380 | INFO |   [CADJPY=X] Stale (22.5h > 18h) - fetching
2026-01-11 23:30:03,381 | INFO |   [CHFJPY=X] Stale (22.5h > 18h) - fetching
2026-01-11 23:30:03,382 | INFO |   [EURAUD=X] Stale (22.5h > 18h) - fetching
2026-01-11 23:30:03,383 | INFO |   [EURCHF=X] Stale (22.5h > 18h) - fetching
2026-01-11 23:30:03,384 | INFO |   [EURGBP=X] Stale (22.5h > 18h) - fetching
2026-01-11 23:30:03,384 | INFO |   [EURJPY=X] Stale (22.5h > 18h) - fetching
2026-01-11 23:30:03,386 | INFO |   [EURNOK=X] Stale (22.5h > 18h) - fetching
2026-01-11 23:30:03,386 | INFO |   [EURSEK=X] Stale (22.5h > 18h) - fetching
2026-01-11 23:30:03,387 | INFO |   [EURUSD=X] Stale (22.5h > 18h) - fetching
2026-01-11 23:30:03,389 | INFO |   [GBPJPY=X] Stale (22.5h > 18h) - fetching
2026-01-11 23:30:03,390 | INFO |   [GBPUSD=X] Stale (22.5h > 18h) - fetching
2026-01-11 23:30:03,391 | INFO |   [NZDUSD=X] Stale (22.5h > 18h) - fetching
2026-01-11 23:30:03,392 | INFO |   [USDCAD=X] Stale (22.5h > 18h) - fetching
2026-01-11 23:30:03,393 | INFO |   [USDCHF=X] Stale (22.5h > 18h) - fetching
2026-01-11 23:30:03,394 | INFO |   [USDHKD=X] Stale (22.5h > 18h) - fetching
2026-01-11 23:30:03,395 | INFO |   [USDJPY=X] Stale (22.5h > 18h) - fetching
2026-01-11 23:30:03,396 | INFO |   [USDMXN=X] Stale (22.5h > 18h) - fetching
2026-01-11 23:30:03,397 | INFO |   [USDNOK=X] Stale (22.5h > 18h) - fetching
2026-01-11 23:30:03,397 | INFO |   [USDSEK=X] Stale (22.5h > 18h) - fetching
2026-01-11 23:30:03,399 | INFO |   [USDSGD=X] Stale (22.5h > 18h) - fetching
2026-01-11 23:30:03,399 | INFO |   [USDTRY=X] Stale (22.5h > 18h) - fetching
2026-01-11 23:30:03,400 | INFO |   [USDZAR=X] Stale (22.5h > 18h) - fetching
2026-01-11 23:30:03,401 | INFO | Alpaca: Updated 0 assets, 24 remaining
2026-01-11 23:30:03,793 | INFO | ============================================================
2026-01-11 23:30:03,793 | INFO | ATTEMPTING YAHOO FINANCE INGEST (Fallback Provider)
2026-01-11 23:30:03,793 | INFO | Assets: 24, Using BATCH DOWNLOAD (efficient)
2026-01-11 23:30:03,793 | INFO | ============================================================
2026-01-11 23:30:03,793 | INFO |   Checking Yahoo Finance rate limit status...
2026-01-11 23:30:06,941 | ERROR | 
1 Failed download:
2026-01-11 23:30:06,952 | ERROR | ['AAPL']: YFRateLimitError('Too Many Requests. Rate limited. Try after a while.')
2026-01-11 23:30:06,993 | WARNING |   RATE LIMITED - Yahoo Finance is currently blocking requests
2026-01-11 23:30:06,993 | WARNING |   Skipping Yahoo and marking all assets as failed
2026-01-11 23:30:07,001 | INFO | Yahoo: Updated 0 assets, 24 remaining
2026-01-11 23:30:07,001 | INFO | ============================================================
2026-01-11 23:30:07,001 | INFO | ATTEMPTING ECB FX INGEST (Backup Provider)
2026-01-11 23:30:07,001 | INFO | Assets: 24, Rate limit: NONE (free API)
2026-01-11 23:30:07,001 | INFO | ============================================================
2026-01-11 23:30:07,003 | INFO |   ECB-supported: 7, Not supported: 17
2026-01-11 23:30:07,013 | INFO |   ECB ingest complete: 0 updated, 17 failed
2026-01-11 23:30:07,013 | INFO | ECB: Updated 0 FX assets, 17 total remaining
2026-01-11 23:30:07,013 | INFO | ============================================================
2026-01-11 23:30:07,013 | INFO | ATTEMPTING TWELVEDATA FX INGEST (Non-EUR Backup)
2026-01-11 23:30:07,013 | INFO | Assets: 17, Rate limit: 7/min (90% of free tier)
2026-01-11 23:30:07,023 | INFO | ============================================================
2026-01-11 23:30:07,023 | INFO |   FX assets: 17, Non-FX: 0
2026-01-11 23:32:24,358 | INFO |   TwelveData FX ingest complete: 0 updated, 0 failed, 0 API calls
2026-01-11 23:32:24,366 | INFO | TwelveData FX: Updated 0 FX assets, 0 total remaining
2026-01-11 23:32:24,367 | INFO | 
============================================================
2026-01-11 23:32:24,369 | INFO | VERIFICATION: Checking Data Freshness
2026-01-11 23:32:24,370 | INFO | ============================================================
2026-01-11 23:32:25,269 | WARNING | VERIFICATION FAILED: 224 assets are stale
2026-01-11 23:32:25,269 | WARNING |   - BT.A.L: 27 days stale (last: 2025-12-15)
2026-01-11 23:32:25,278 | WARNING |   - 1COV.DE: 19 days stale (last: 2025-12-23)
2026-01-11 23:32:25,278 | WARNING |   - AAL.L: 5 days stale (last: 2026-01-06)
2026-01-11 23:32:25,278 | WARNING |   - CAP.PA: 5 days stale (last: 2026-01-06)
2026-01-11 23:32:25,278 | WARNING |   - CBK.DE: 5 days stale (last: 2026-01-06)
2026-01-11 23:32:25,278 | WARNING |   - CON.DE: 5 days stale (last: 2026-01-06)
2026-01-11 23:32:25,278 | WARNING |   - CPG.L: 5 days stale (last: 2026-01-06)
2026-01-11 23:32:25,278 | WARNING |   - CS.PA: 5 days stale (last: 2026-01-06)
2026-01-11 23:32:25,278 | WARNING |   - DBK.DE: 5 days stale (last: 2026-01-06)
2026-01-11 23:32:25,278 | WARNING |   - DG.PA: 5 days stale (last: 2026-01-06)
2026-01-11 23:32:25,278 | WARNING |   ... and 214 more
2026-01-11 23:32:25,782 | CRITICAL | ALERT [CRITICAL]: DATA VERIFICATION FAILED: 224 assets still stale after ingest! Updated: 0, Rows: 0
2026-01-11 23:32:25,784 | WARNING | Governance logging failed: column "action_timestamp" of relation "governance_actions_log" does not exist
LINE 3:                     action_type, action_timestamp, action_by...
                                         ^

2026-01-11 23:32:25,785 | CRITICAL | ALERT [CRITICAL]: ALL INGEST METHODS FAILED - No assets were updated! Manual intervention required.
2026-01-11 23:32:25,786 | WARNING | Heartbeat recording failed: relation "fhq_monitoring.system_heartbeats" does not exist
LINE 2:                 INSERT INTO fhq_monitoring.system_heartbeats...
                                    ^

2026-01-11 23:32:25,786 | WARNING | Governance logging failed: current transaction is aborted, commands ignored until end of transaction block

2026-01-11 23:32:25,788 | INFO | 
======================================================================
2026-01-11 23:32:25,788 | INFO | BULLETPROOF INGEST COMPLETE
2026-01-11 23:32:25,788 | INFO | ======================================================================
2026-01-11 23:32:25,789 | INFO | Status: FAILED
2026-01-11 23:32:25,789 | INFO | Assets Updated: 0
2026-01-11 23:32:25,789 | INFO | Rows Inserted: 0
2026-01-11 23:32:25,789 | INFO | Providers Used: ALPACA, YAHOO, ECB, TWELVEDATA_FX
2026-01-11 23:32:25,789 | INFO | Verification: FAILED (224 stale)
2026-01-11 23:32:25,789 | INFO | Elapsed: 143.1s
2026-01-11 23:32:25,789 | INFO | 
Freshness by Asset Class:
2026-01-11 23:32:25,789 | INFO |   CRYPTO: 45/50 fresh (90.0%)
2026-01-11 23:32:25,790 | INFO |   EQUITY: 198/422 fresh (46.9%)
2026-01-11 23:32:25,790 | INFO |   ETF: 2/2 fresh (100.0%)
2026-01-11 23:32:25,790 | INFO |   FX: 24/25 fresh (96.0%)
2026-01-11 23:32:25,790 | INFO | 
Evidence: C:\fhq-market-system\vision-ios\03_FUNCTIONS\evidence\BULLETPROOF_INGEST_2a0ab3d0_20260111_233225.json
2026-01-11 23:32:25,790 | INFO | ======================================================================
