2026-01-28 02:05:09,111 | INFO | ======================================================================
2026-01-28 02:05:09,111 | INFO | IoS-001 BULLETPROOF DAILY PRICE INGEST
2026-01-28 02:05:09,111 | INFO | ======================================================================
2026-01-28 02:05:09,111 | INFO | CEO Directive: CD-IOS-001-DAILY-INGEST-BULLETPROOF-001
2026-01-28 02:05:09,111 | INFO | Executor: STIG (EC-003)
2026-01-28 02:05:09,111 | INFO | Time: 2026-01-28T01:05:09.111603+00:00
2026-01-28 02:05:09,111 | INFO | Asset Class Filter: CRYPTO
2026-01-28 02:05:09,121 | INFO | Dry Run: False
2026-01-28 02:05:09,122 | INFO | Canonical Source: fhq_market.prices (ONLY)
2026-01-28 02:05:09,122 | INFO | ======================================================================
2026-01-28 02:05:09,185 | INFO | Found 46 canonical assets
2026-01-28 02:05:09,941 | INFO | ============================================================
2026-01-28 02:05:09,942 | INFO | ATTEMPTING ALPACA INGEST (Primary Provider)
2026-01-28 02:05:09,942 | INFO | Assets: 46, Rate limit: 200/min
2026-01-28 02:05:09,942 | INFO | ============================================================
2026-01-28 02:05:09,975 | INFO |   [GRT-USD] Stale (8.1h > 6h) - fetching
2026-01-28 02:05:11,266 | WARNING |   VOLUME SANITY REJECT: GRT-USD 2026-01-27 02:00:00 volume=0.00 < threshold=1000 (source=ALPACA)
2026-01-28 02:05:11,266 | WARNING |   VOLUME SANITY REJECT: GRT-USD 2026-01-27 03:00:00 volume=514.17 < threshold=1000 (source=ALPACA)
2026-01-28 02:05:11,276 | WARNING |   VOLUME SANITY REJECT: GRT-USD 2026-01-27 04:00:00 volume=0.00 < threshold=1000 (source=ALPACA)
2026-01-28 02:05:11,276 | WARNING |   VOLUME SANITY REJECT: GRT-USD 2026-01-27 05:00:00 volume=0.00 < threshold=1000 (source=ALPACA)
2026-01-28 02:05:11,280 | WARNING |   VOLUME SANITY REJECT: GRT-USD 2026-01-27 06:00:00 volume=0.00 < threshold=1000 (source=ALPACA)
2026-01-28 02:05:11,281 | WARNING |   VOLUME SANITY REJECT: GRT-USD 2026-01-27 07:00:00 volume=0.00 < threshold=1000 (source=ALPACA)
2026-01-28 02:05:11,282 | WARNING |   VOLUME SANITY REJECT: GRT-USD 2026-01-27 08:00:00 volume=0.00 < threshold=1000 (source=ALPACA)
2026-01-28 02:05:11,283 | WARNING |   VOLUME SANITY REJECT: GRT-USD 2026-01-27 09:00:00 volume=0.00 < threshold=1000 (source=ALPACA)
2026-01-28 02:05:11,284 | WARNING |   VOLUME SANITY REJECT: GRT-USD 2026-01-27 11:00:00 volume=0.00 < threshold=1000 (source=ALPACA)
2026-01-28 02:05:11,286 | WARNING |   VOLUME SANITY REJECT: GRT-USD 2026-01-27 12:00:00 volume=0.00 < threshold=1000 (source=ALPACA)
2026-01-28 02:05:11,288 | WARNING |   VOLUME SANITY REJECT: GRT-USD 2026-01-27 13:00:00 volume=0.00 < threshold=1000 (source=ALPACA)
2026-01-28 02:05:11,289 | WARNING |   VOLUME SANITY REJECT: GRT-USD 2026-01-27 14:00:00 volume=885.53 < threshold=1000 (source=ALPACA)
2026-01-28 02:05:11,290 | WARNING |   VOLUME SANITY REJECT: GRT-USD 2026-01-27 15:00:00 volume=982.01 < threshold=1000 (source=ALPACA)
2026-01-28 02:05:11,291 | WARNING |   VOLUME SANITY REJECT: GRT-USD 2026-01-27 18:00:00 volume=0.00 < threshold=1000 (source=ALPACA)
2026-01-28 02:05:11,292 | WARNING |   VOLUME SANITY REJECT: GRT-USD 2026-01-27 19:00:00 volume=0.00 < threshold=1000 (source=ALPACA)
2026-01-28 02:05:11,294 | WARNING |   VOLUME SANITY REJECT: GRT-USD 2026-01-27 20:00:00 volume=0.00 < threshold=1000 (source=ALPACA)
2026-01-28 02:05:11,295 | WARNING |   VOLUME SANITY REJECT: GRT-USD 2026-01-27 21:00:00 volume=0.00 < threshold=1000 (source=ALPACA)
2026-01-28 02:05:11,296 | WARNING |   VOLUME SANITY REJECT: GRT-USD 2026-01-27 22:00:00 volume=420.61 < threshold=1000 (source=ALPACA)
2026-01-28 02:05:11,297 | WARNING |   VOLUME SANITY REJECT: GRT-USD 2026-01-27 23:00:00 volume=0.00 < threshold=1000 (source=ALPACA)
2026-01-28 02:05:11,298 | WARNING |   VOLUME SANITY REJECT: GRT-USD 2026-01-28 00:00:00 volume=0.00 < threshold=1000 (source=ALPACA)
2026-01-28 02:05:11,299 | WARNING |   VOLUME SANITY REJECT: GRT-USD 2026-01-28 01:00:00 volume=0.00 < threshold=1000 (source=ALPACA)
2026-01-28 02:05:11,306 | WARNING |   [GRT-USD] 21 rows REJECTED by volume sanity, 3 rows INSERTED (source=ALPACA)
2026-01-28 02:05:11,306 | INFO |   [GRT-USD] +3 rows via ALPACA (latest: 2026-01-28 01:00:00+00:00)
2026-01-28 02:05:11,826 | INFO |   [UNI-USD] Stale (43.1h > 6h) - fetching
2026-01-28 02:05:11,960 | WARNING |   VOLUME SANITY REJECT: UNI-USD 2026-01-27 02:00:00 volume=2.37 < threshold=1000 (source=ALPACA)
2026-01-28 02:05:11,960 | WARNING |   VOLUME SANITY REJECT: UNI-USD 2026-01-27 03:00:00 volume=2.41 < threshold=1000 (source=ALPACA)
2026-01-28 02:05:11,960 | WARNING |   VOLUME SANITY REJECT: UNI-USD 2026-01-27 04:00:00 volume=1.45 < threshold=1000 (source=ALPACA)
2026-01-28 02:05:11,960 | WARNING |   VOLUME SANITY REJECT: UNI-USD 2026-01-27 05:00:00 volume=0.00 < threshold=1000 (source=ALPACA)
2026-01-28 02:05:11,960 | WARNING |   VOLUME SANITY REJECT: UNI-USD 2026-01-27 06:00:00 volume=1.44 < threshold=1000 (source=ALPACA)
2026-01-28 02:05:11,960 | WARNING |   VOLUME SANITY REJECT: UNI-USD 2026-01-27 07:00:00 volume=0.00 < threshold=1000 (source=ALPACA)
2026-01-28 02:05:11,960 | WARNING |   VOLUME SANITY REJECT: UNI-USD 2026-01-27 08:00:00 volume=2.09 < threshold=1000 (source=ALPACA)
2026-01-28 02:05:11,970 | WARNING |   VOLUME SANITY REJECT: UNI-USD 2026-01-27 09:00:00 volume=0.00 < threshold=1000 (source=ALPACA)
2026-01-28 02:05:11,970 | WARNING |   VOLUME SANITY REJECT: UNI-USD 2026-01-27 10:00:00 volume=0.00 < threshold=1000 (source=ALPACA)
2026-01-28 02:05:11,971 | WARNING |   VOLUME SANITY REJECT: UNI-USD 2026-01-27 11:00:00 volume=0.00 < threshold=1000 (source=ALPACA)
2026-01-28 02:05:11,971 | WARNING |   VOLUME SANITY REJECT: UNI-USD 2026-01-27 12:00:00 volume=0.00 < threshold=1000 (source=ALPACA)
2026-01-28 02:05:11,971 | WARNING |   VOLUME SANITY REJECT: UNI-USD 2026-01-27 13:00:00 volume=0.00 < threshold=1000 (source=ALPACA)
2026-01-28 02:05:11,971 | WARNING |   VOLUME SANITY REJECT: UNI-USD 2026-01-27 14:00:00 volume=0.00 < threshold=1000 (source=ALPACA)
2026-01-28 02:05:11,971 | WARNING |   VOLUME SANITY REJECT: UNI-USD 2026-01-27 15:00:00 volume=5.21 < threshold=1000 (source=ALPACA)
2026-01-28 02:05:11,971 | WARNING |   VOLUME SANITY REJECT: UNI-USD 2026-01-27 16:00:00 volume=31.01 < threshold=1000 (source=ALPACA)
2026-01-28 02:05:11,971 | WARNING |   VOLUME SANITY REJECT: UNI-USD 2026-01-27 17:00:00 volume=14.79 < threshold=1000 (source=ALPACA)
2026-01-28 02:05:11,971 | WARNING |   VOLUME SANITY REJECT: UNI-USD 2026-01-27 18:00:00 volume=0.00 < threshold=1000 (source=ALPACA)
2026-01-28 02:05:11,971 | WARNING |   VOLUME SANITY REJECT: UNI-USD 2026-01-27 19:00:00 volume=20.72 < threshold=1000 (source=ALPACA)
2026-01-28 02:05:11,971 | WARNING |   VOLUME SANITY REJECT: UNI-USD 2026-01-27 20:00:00 volume=10.20 < threshold=1000 (source=ALPACA)
2026-01-28 02:05:11,971 | WARNING |   VOLUME SANITY REJECT: UNI-USD 2026-01-27 21:00:00 volume=5.00 < threshold=1000 (source=ALPACA)
2026-01-28 02:05:11,971 | WARNING |   VOLUME SANITY REJECT: UNI-USD 2026-01-27 22:00:00 volume=11.34 < threshold=1000 (source=ALPACA)
2026-01-28 02:05:11,971 | WARNING |   VOLUME SANITY REJECT: UNI-USD 2026-01-27 23:00:00 volume=0.00 < threshold=1000 (source=ALPACA)
2026-01-28 02:05:11,971 | WARNING |   VOLUME SANITY REJECT: UNI-USD 2026-01-28 00:00:00 volume=0.00 < threshold=1000 (source=ALPACA)
2026-01-28 02:05:11,971 | WARNING |   VOLUME SANITY REJECT: UNI-USD 2026-01-28 01:00:00 volume=0.00 < threshold=1000 (source=ALPACA)
2026-01-28 02:05:11,971 | WARNING |   [UNI-USD] ALL 24 rows REJECTED by volume sanity check (source=ALPACA)
2026-01-28 02:05:11,971 | WARNING |   [UNI-USD] 0 rows written despite 24 bars received
2026-01-28 02:05:12,483 | INFO | Alpaca: Updated 1 assets, 0 remaining
2026-01-28 02:05:12,483 | INFO | 
============================================================
2026-01-28 02:05:12,483 | INFO | VERIFICATION: Checking Data Freshness
2026-01-28 02:05:12,483 | INFO | ============================================================
2026-01-28 02:05:13,520 | WARNING | VERIFICATION FAILED: 4 assets are stale
2026-01-28 02:05:13,520 | WARNING |   - BT.A.L: 44 days stale (last: 2025-12-15)
2026-01-28 02:05:13,520 | WARNING |   - 1COV.DE: 36 days stale (last: 2025-12-23)
2026-01-28 02:05:13,520 | WARNING |   - TLT: 19 days stale (last: 2026-01-09)
2026-01-28 02:05:13,520 | WARNING |   - GLD: 18 days stale (last: 2026-01-10)
2026-01-28 02:05:14,122 | CRITICAL | ALERT [CRITICAL]: DATA VERIFICATION FAILED: 4 assets still stale after ingest! Updated: 1, Rows: 3
2026-01-28 02:05:14,134 | WARNING | Governance logging failed: column "action_timestamp" of relation "governance_actions_log" does not exist
LINE 3:                     action_type, action_timestamp, action_by...
                                         ^

2026-01-28 02:05:14,136 | WARNING | Heartbeat recording failed: relation "fhq_monitoring.system_heartbeats" does not exist
LINE 2:                 INSERT INTO fhq_monitoring.system_heartbeats...
                                    ^

2026-01-28 02:05:14,137 | WARNING | Governance logging failed: current transaction is aborted, commands ignored until end of transaction block

2026-01-28 02:05:14,140 | INFO | 
======================================================================
2026-01-28 02:05:14,141 | INFO | BULLETPROOF INGEST COMPLETE
2026-01-28 02:05:14,142 | INFO | ======================================================================
2026-01-28 02:05:14,142 | INFO | Status: SUCCESS
2026-01-28 02:05:14,142 | INFO | Assets Updated: 1
2026-01-28 02:05:14,142 | INFO | Rows Inserted: 3
2026-01-28 02:05:14,143 | INFO | Providers Used: ALPACA
2026-01-28 02:05:14,143 | INFO | Verification: FAILED (4 stale)
2026-01-28 02:05:14,143 | INFO | Elapsed: 5.0s
2026-01-28 02:05:14,144 | INFO | 
Freshness by Asset Class:
2026-01-28 02:05:14,144 | INFO |   CRYPTO: 46/50 fresh (92.0%)
2026-01-28 02:05:14,145 | INFO |   EQUITY: 419/422 fresh (99.3%)
2026-01-28 02:05:14,145 | INFO |   ETF: 0/2 fresh (0.0%)
2026-01-28 02:05:14,146 | INFO |   FX: 24/25 fresh (96.0%)
2026-01-28 02:05:14,146 | INFO | 
Evidence: C:\fhq-market-system\vision-ios\03_FUNCTIONS\evidence\BULLETPROOF_INGEST_1f23c571_20260128_020514.json
2026-01-28 02:05:14,147 | INFO | ======================================================================
