2026-01-18 23:10:03,825 | INFO | ======================================================================
2026-01-18 23:10:03,825 | INFO | IoS-001 BULLETPROOF DAILY PRICE INGEST
2026-01-18 23:10:03,825 | INFO | ======================================================================
2026-01-18 23:10:03,825 | INFO | CEO Directive: CD-IOS-001-DAILY-INGEST-BULLETPROOF-001
2026-01-18 23:10:03,825 | INFO | Executor: STIG (EC-003)
2026-01-18 23:10:03,825 | INFO | Time: 2026-01-18T22:10:03.825310+00:00
2026-01-18 23:10:03,825 | INFO | Asset Class Filter: FX
2026-01-18 23:10:03,825 | INFO | Dry Run: False
2026-01-18 23:10:03,825 | INFO | Canonical Source: fhq_market.prices (ONLY)
2026-01-18 23:10:03,825 | INFO | ======================================================================
2026-01-18 23:10:03,896 | INFO | Found 24 canonical assets
2026-01-18 23:10:04,457 | INFO | ============================================================
2026-01-18 23:10:04,457 | INFO | ATTEMPTING ALPACA INGEST (Primary Provider)
2026-01-18 23:10:04,457 | INFO | Assets: 24, Rate limit: 200/min
2026-01-18 23:10:04,457 | INFO | ============================================================
2026-01-18 23:10:04,457 | INFO |   [AUDJPY=X] Stale (22.2h > 18h) - fetching
2026-01-18 23:10:04,467 | INFO |   [AUDUSD=X] Stale (22.2h > 18h) - fetching
2026-01-18 23:10:04,467 | INFO |   [CADJPY=X] Stale (22.2h > 18h) - fetching
2026-01-18 23:10:04,469 | INFO |   [CHFJPY=X] Stale (22.2h > 18h) - fetching
2026-01-18 23:10:04,469 | INFO |   [EURAUD=X] Stale (22.2h > 18h) - fetching
2026-01-18 23:10:04,469 | INFO |   [EURCHF=X] Stale (22.2h > 18h) - fetching
2026-01-18 23:10:04,469 | INFO |   [EURGBP=X] Stale (22.2h > 18h) - fetching
2026-01-18 23:10:04,469 | INFO |   [EURJPY=X] Stale (22.2h > 18h) - fetching
2026-01-18 23:10:04,469 | INFO |   [EURNOK=X] Stale (22.2h > 18h) - fetching
2026-01-18 23:10:04,478 | INFO |   [EURSEK=X] Stale (22.2h > 18h) - fetching
2026-01-18 23:10:04,478 | INFO |   [EURUSD=X] Stale (22.2h > 18h) - fetching
2026-01-18 23:10:04,478 | INFO |   [GBPJPY=X] Stale (22.2h > 18h) - fetching
2026-01-18 23:10:04,478 | INFO |   [GBPUSD=X] Stale (22.2h > 18h) - fetching
2026-01-18 23:10:04,478 | INFO |   [NZDUSD=X] Stale (22.2h > 18h) - fetching
2026-01-18 23:10:04,488 | INFO |   [USDCAD=X] Stale (22.2h > 18h) - fetching
2026-01-18 23:10:04,488 | INFO |   [USDCHF=X] Stale (22.2h > 18h) - fetching
2026-01-18 23:10:04,488 | INFO |   [USDHKD=X] Stale (22.2h > 18h) - fetching
2026-01-18 23:10:04,488 | INFO |   [USDJPY=X] Stale (22.2h > 18h) - fetching
2026-01-18 23:10:04,488 | INFO |   [USDMXN=X] Stale (22.2h > 18h) - fetching
2026-01-18 23:10:04,488 | INFO |   [USDNOK=X] Stale (22.2h > 18h) - fetching
2026-01-18 23:10:04,498 | INFO |   [USDSEK=X] Stale (22.2h > 18h) - fetching
2026-01-18 23:10:04,498 | INFO |   [USDSGD=X] Stale (22.2h > 18h) - fetching
2026-01-18 23:10:04,498 | INFO |   [USDTRY=X] Stale (22.2h > 18h) - fetching
2026-01-18 23:10:04,498 | INFO |   [USDZAR=X] Stale (22.2h > 18h) - fetching
2026-01-18 23:10:04,498 | INFO | Alpaca: Updated 0 assets, 24 remaining
2026-01-18 23:10:05,093 | INFO | ============================================================
2026-01-18 23:10:05,093 | INFO | ATTEMPTING YAHOO FINANCE INGEST (Fallback Provider)
2026-01-18 23:10:05,093 | INFO | Assets: 24, Using BATCH DOWNLOAD (efficient)
2026-01-18 23:10:05,093 | INFO | ============================================================
2026-01-18 23:10:05,093 | INFO |   Checking Yahoo Finance rate limit status...
2026-01-18 23:10:08,064 | ERROR | 
1 Failed download:
2026-01-18 23:10:08,064 | ERROR | ['AAPL']: YFRateLimitError('Too Many Requests. Rate limited. Try after a while.')
2026-01-18 23:10:08,131 | WARNING |   RATE LIMITED - Yahoo Finance is currently blocking requests
2026-01-18 23:10:08,131 | WARNING |   Skipping Yahoo and marking all assets as failed
2026-01-18 23:10:08,132 | INFO | Yahoo: Updated 0 assets, 24 remaining
2026-01-18 23:10:08,132 | INFO | ============================================================
2026-01-18 23:10:08,132 | INFO | ATTEMPTING ECB FX INGEST (Backup Provider)
2026-01-18 23:10:08,133 | INFO | Assets: 24, Rate limit: NONE (free API)
2026-01-18 23:10:08,133 | INFO | ============================================================
2026-01-18 23:10:08,133 | INFO |   ECB-supported: 7, Not supported: 17
2026-01-18 23:10:08,157 | INFO |   ECB ingest complete: 0 updated, 17 failed
2026-01-18 23:10:08,157 | INFO | ECB: Updated 0 FX assets, 17 total remaining
2026-01-18 23:10:08,157 | INFO | ============================================================
2026-01-18 23:10:08,157 | INFO | ATTEMPTING TWELVEDATA FX INGEST (Non-EUR Backup)
2026-01-18 23:10:08,157 | INFO | Assets: 17, Rate limit: 7/min (90% of free tier)
2026-01-18 23:10:08,157 | INFO | ============================================================
2026-01-18 23:10:08,157 | INFO |   FX assets: 17, Non-FX: 0
2026-01-18 23:12:25,422 | INFO |   TwelveData FX ingest complete: 0 updated, 0 failed, 0 API calls
2026-01-18 23:12:25,422 | INFO | TwelveData FX: Updated 0 FX assets, 0 total remaining
2026-01-18 23:12:25,422 | INFO | 
============================================================
2026-01-18 23:12:25,422 | INFO | VERIFICATION: Checking Data Freshness
2026-01-18 23:12:25,422 | INFO | ============================================================
2026-01-18 23:12:26,239 | WARNING | VERIFICATION FAILED: 4 assets are stale
2026-01-18 23:12:26,239 | WARNING |   - BT.A.L: 34 days stale (last: 2025-12-15)
2026-01-18 23:12:26,239 | WARNING |   - 1COV.DE: 26 days stale (last: 2025-12-23)
2026-01-18 23:12:26,239 | WARNING |   - TLT: 9 days stale (last: 2026-01-09)
2026-01-18 23:12:26,239 | WARNING |   - GLD: 8 days stale (last: 2026-01-10)
2026-01-18 23:12:26,817 | CRITICAL | ALERT [CRITICAL]: DATA VERIFICATION FAILED: 4 assets still stale after ingest! Updated: 0, Rows: 0
2026-01-18 23:12:26,822 | WARNING | Governance logging failed: column "action_timestamp" of relation "governance_actions_log" does not exist
LINE 3:                     action_type, action_timestamp, action_by...
                                         ^

2026-01-18 23:12:26,823 | CRITICAL | ALERT [CRITICAL]: ALL INGEST METHODS FAILED - No assets were updated! Manual intervention required.
2026-01-18 23:12:26,823 | WARNING | Heartbeat recording failed: relation "fhq_monitoring.system_heartbeats" does not exist
LINE 2:                 INSERT INTO fhq_monitoring.system_heartbeats...
                                    ^

2026-01-18 23:12:26,825 | WARNING | Governance logging failed: current transaction is aborted, commands ignored until end of transaction block

2026-01-18 23:12:26,825 | INFO | 
======================================================================
2026-01-18 23:12:26,825 | INFO | BULLETPROOF INGEST COMPLETE
2026-01-18 23:12:26,825 | INFO | ======================================================================
2026-01-18 23:12:26,825 | INFO | Status: FAILED
2026-01-18 23:12:26,828 | INFO | Assets Updated: 0
2026-01-18 23:12:26,828 | INFO | Rows Inserted: 0
2026-01-18 23:12:26,828 | INFO | Providers Used: ALPACA, YAHOO, ECB, TWELVEDATA_FX
2026-01-18 23:12:26,828 | INFO | Verification: FAILED (4 stale)
2026-01-18 23:12:26,828 | INFO | Elapsed: 143.0s
2026-01-18 23:12:26,828 | INFO | 
Freshness by Asset Class:
2026-01-18 23:12:26,828 | INFO |   CRYPTO: 46/50 fresh (92.0%)
2026-01-18 23:12:26,828 | INFO |   EQUITY: 419/422 fresh (99.3%)
2026-01-18 23:12:26,828 | INFO |   ETF: 0/2 fresh (0.0%)
2026-01-18 23:12:26,828 | INFO |   FX: 24/25 fresh (96.0%)
2026-01-18 23:12:26,828 | INFO | 
Evidence: C:\fhq-market-system\vision-ios\03_FUNCTIONS\evidence\BULLETPROOF_INGEST_93b3d41c_20260118_231226.json
2026-01-18 23:12:26,828 | INFO | ======================================================================
