2026-02-06 02:05:05,861 | INFO | ======================================================================
2026-02-06 02:05:05,861 | INFO | IoS-001 BULLETPROOF DAILY PRICE INGEST
2026-02-06 02:05:05,861 | INFO | ======================================================================
2026-02-06 02:05:05,861 | INFO | CEO Directive: CD-IOS-001-DAILY-INGEST-BULLETPROOF-001
2026-02-06 02:05:05,861 | INFO | Executor: STIG (EC-003)
2026-02-06 02:05:05,861 | INFO | Time: 2026-02-06T01:05:05.861400+00:00
2026-02-06 02:05:05,871 | INFO | Asset Class Filter: CRYPTO
2026-02-06 02:05:05,872 | INFO | Dry Run: False
2026-02-06 02:05:05,872 | INFO | Canonical Source: fhq_market.prices (ONLY)
2026-02-06 02:05:05,872 | INFO | ======================================================================
2026-02-06 02:05:05,996 | INFO | Found 46 canonical assets
2026-02-06 02:05:07,362 | INFO | ============================================================
2026-02-06 02:05:07,362 | INFO | ATTEMPTING ALPACA INGEST (Primary Provider)
2026-02-06 02:05:07,362 | INFO | Assets: 46, Rate limit: 200/min
2026-02-06 02:05:07,362 | INFO | ============================================================
2026-02-06 02:05:07,416 | INFO |   [UNI-USD] Stale (11.1h > 6h) - fetching
2026-02-06 02:05:08,788 | WARNING |   VOLUME SANITY REJECT: UNI-USD 2026-02-05 02:00:00 volume=0.00 < threshold=1000 (source=ALPACA)
2026-02-06 02:05:08,788 | WARNING |   VOLUME SANITY REJECT: UNI-USD 2026-02-05 03:00:00 volume=6.01 < threshold=1000 (source=ALPACA)
2026-02-06 02:05:08,788 | WARNING |   VOLUME SANITY REJECT: UNI-USD 2026-02-05 04:00:00 volume=0.00 < threshold=1000 (source=ALPACA)
2026-02-06 02:05:08,788 | WARNING |   VOLUME SANITY REJECT: UNI-USD 2026-02-05 05:00:00 volume=0.00 < threshold=1000 (source=ALPACA)
2026-02-06 02:05:08,788 | WARNING |   VOLUME SANITY REJECT: UNI-USD 2026-02-05 06:00:00 volume=0.00 < threshold=1000 (source=ALPACA)
2026-02-06 02:05:08,788 | WARNING |   VOLUME SANITY REJECT: UNI-USD 2026-02-05 08:00:00 volume=0.00 < threshold=1000 (source=ALPACA)
2026-02-06 02:05:08,798 | WARNING |   VOLUME SANITY REJECT: UNI-USD 2026-02-05 11:00:00 volume=0.00 < threshold=1000 (source=ALPACA)
2026-02-06 02:05:08,799 | WARNING |   VOLUME SANITY REJECT: UNI-USD 2026-02-05 12:00:00 volume=0.00 < threshold=1000 (source=ALPACA)
2026-02-06 02:05:08,808 | WARNING |   VOLUME SANITY REJECT: UNI-USD 2026-02-05 13:00:00 volume=1.07 < threshold=1000 (source=ALPACA)
2026-02-06 02:05:08,808 | WARNING |   VOLUME SANITY REJECT: UNI-USD 2026-02-05 15:00:00 volume=697.12 < threshold=1000 (source=ALPACA)
2026-02-06 02:05:08,808 | WARNING |   VOLUME SANITY REJECT: UNI-USD 2026-02-05 16:00:00 volume=1.45 < threshold=1000 (source=ALPACA)
2026-02-06 02:05:08,808 | WARNING |   VOLUME SANITY REJECT: UNI-USD 2026-02-05 17:00:00 volume=10.30 < threshold=1000 (source=ALPACA)
2026-02-06 02:05:08,808 | WARNING |   VOLUME SANITY REJECT: UNI-USD 2026-02-05 18:00:00 volume=0.00 < threshold=1000 (source=ALPACA)
2026-02-06 02:05:08,808 | WARNING |   VOLUME SANITY REJECT: UNI-USD 2026-02-05 19:00:00 volume=0.00 < threshold=1000 (source=ALPACA)
2026-02-06 02:05:08,808 | WARNING |   VOLUME SANITY REJECT: UNI-USD 2026-02-05 20:00:00 volume=0.00 < threshold=1000 (source=ALPACA)
2026-02-06 02:05:08,808 | WARNING |   VOLUME SANITY REJECT: UNI-USD 2026-02-05 21:00:00 volume=50.00 < threshold=1000 (source=ALPACA)
2026-02-06 02:05:08,808 | WARNING |   VOLUME SANITY REJECT: UNI-USD 2026-02-05 22:00:00 volume=35.83 < threshold=1000 (source=ALPACA)
2026-02-06 02:05:08,808 | WARNING |   VOLUME SANITY REJECT: UNI-USD 2026-02-05 23:00:00 volume=178.82 < threshold=1000 (source=ALPACA)
2026-02-06 02:05:08,808 | WARNING |   VOLUME SANITY REJECT: UNI-USD 2026-02-06 01:00:00 volume=0.00 < threshold=1000 (source=ALPACA)
2026-02-06 02:05:08,818 | WARNING |   [UNI-USD] 19 rows REJECTED by volume sanity, 5 rows INSERTED (source=ALPACA)
2026-02-06 02:05:08,818 | INFO |   [UNI-USD] +5 rows via ALPACA (latest: 2026-02-06 01:00:00+00:00)
2026-02-06 02:05:09,328 | INFO | Alpaca: Updated 1 assets, 0 remaining
2026-02-06 02:05:09,338 | INFO | 
============================================================
2026-02-06 02:05:09,338 | INFO | VERIFICATION: Checking Data Freshness
2026-02-06 02:05:09,338 | INFO | ============================================================
2026-02-06 02:05:10,528 | WARNING | VERIFICATION FAILED: 5 assets are stale
2026-02-06 02:05:10,539 | WARNING |   - BT.A.L: 53 days stale (last: 2025-12-15)
2026-02-06 02:05:10,539 | WARNING |   - 1COV.DE: 45 days stale (last: 2025-12-23)
2026-02-06 02:05:10,541 | WARNING |   - TLT: 28 days stale (last: 2026-01-09)
2026-02-06 02:05:10,549 | WARNING |   - GLD: 27 days stale (last: 2026-01-10)
2026-02-06 02:05:10,549 | WARNING |   - OLT.OL: 9 days stale (last: 2026-01-28)
2026-02-06 02:05:11,361 | CRITICAL | ALERT [CRITICAL]: DATA VERIFICATION FAILED: 5 assets still stale after ingest! Updated: 1, Rows: 5
2026-02-06 02:05:11,365 | WARNING | Governance logging failed: column "action_timestamp" of relation "governance_actions_log" does not exist
LINE 3:                     action_type, action_timestamp, action_by...
                                         ^

2026-02-06 02:05:11,412 | WARNING | Heartbeat recording failed: relation "fhq_monitoring.system_heartbeats" does not exist
LINE 2:                 INSERT INTO fhq_monitoring.system_heartbeats...
                                    ^

2026-02-06 02:05:11,434 | WARNING | Governance logging failed: current transaction is aborted, commands ignored until end of transaction block

2026-02-06 02:05:11,436 | INFO | 
======================================================================
2026-02-06 02:05:11,443 | INFO | BULLETPROOF INGEST COMPLETE
2026-02-06 02:05:11,451 | INFO | ======================================================================
2026-02-06 02:05:11,451 | INFO | Status: SUCCESS
2026-02-06 02:05:11,451 | INFO | Assets Updated: 1
2026-02-06 02:05:11,451 | INFO | Rows Inserted: 5
2026-02-06 02:05:11,454 | INFO | Providers Used: ALPACA
2026-02-06 02:05:11,456 | INFO | Verification: FAILED (5 stale)
2026-02-06 02:05:11,456 | INFO | Elapsed: 5.6s
2026-02-06 02:05:11,456 | INFO | 
Freshness by Asset Class:
2026-02-06 02:05:11,456 | INFO |   CRYPTO: 46/50 fresh (92.0%)
2026-02-06 02:05:11,456 | INFO |   EQUITY: 418/422 fresh (99.1%)
2026-02-06 02:05:11,456 | INFO |   ETF: 0/2 fresh (0.0%)
2026-02-06 02:05:11,456 | INFO |   FX: 24/25 fresh (96.0%)
2026-02-06 02:05:11,456 | INFO | 
Evidence: C:\fhq-market-system\vision-ios\03_FUNCTIONS\evidence\BULLETPROOF_INGEST_3250440c_20260206_020511.json
2026-02-06 02:05:11,456 | INFO | ======================================================================
