2026-02-07 02:10:06,612 | INFO | ======================================================================
2026-02-07 02:10:06,616 | INFO | IoS-001 BULLETPROOF DAILY PRICE INGEST
2026-02-07 02:10:06,617 | INFO | ======================================================================
2026-02-07 02:10:06,617 | INFO | CEO Directive: CD-IOS-001-DAILY-INGEST-BULLETPROOF-001
2026-02-07 02:10:06,621 | INFO | Executor: STIG (EC-003)
2026-02-07 02:10:06,621 | INFO | Time: 2026-02-07T01:10:06.611145+00:00
2026-02-07 02:10:06,621 | INFO | Asset Class Filter: FX
2026-02-07 02:10:06,621 | INFO | Dry Run: False
2026-02-07 02:10:06,621 | INFO | Canonical Source: fhq_market.prices (ONLY)
2026-02-07 02:10:06,621 | INFO | ======================================================================
2026-02-07 02:10:06,853 | INFO | Found 24 canonical assets
2026-02-07 02:10:09,295 | INFO | ============================================================
2026-02-07 02:10:09,295 | INFO | ATTEMPTING ALPACA INGEST (Primary Provider)
2026-02-07 02:10:09,295 | INFO | Assets: 24, Rate limit: 200/min
2026-02-07 02:10:09,295 | INFO | ============================================================
2026-02-07 02:10:09,317 | INFO |   [AUDJPY=X] Stale (25.2h > 18h) - fetching
2026-02-07 02:10:09,319 | INFO |   [AUDUSD=X] Stale (25.2h > 18h) - fetching
2026-02-07 02:10:09,320 | INFO |   [CADJPY=X] Stale (25.2h > 18h) - fetching
2026-02-07 02:10:09,320 | INFO |   [CHFJPY=X] Stale (25.2h > 18h) - fetching
2026-02-07 02:10:09,320 | INFO |   [EURAUD=X] Stale (25.2h > 18h) - fetching
2026-02-07 02:10:09,326 | INFO |   [EURCHF=X] Stale (25.2h > 18h) - fetching
2026-02-07 02:10:09,327 | INFO |   [EURGBP=X] Stale (25.2h > 18h) - fetching
2026-02-07 02:10:09,327 | INFO |   [EURJPY=X] Stale (25.2h > 18h) - fetching
2026-02-07 02:10:09,327 | INFO |   [EURNOK=X] Stale (25.2h > 18h) - fetching
2026-02-07 02:10:09,327 | INFO |   [EURSEK=X] Stale (25.2h > 18h) - fetching
2026-02-07 02:10:09,327 | INFO |   [EURUSD=X] Stale (25.2h > 18h) - fetching
2026-02-07 02:10:09,337 | INFO |   [GBPJPY=X] Stale (25.2h > 18h) - fetching
2026-02-07 02:10:09,337 | INFO |   [GBPUSD=X] Stale (25.2h > 18h) - fetching
2026-02-07 02:10:09,337 | INFO |   [NZDUSD=X] Stale (25.2h > 18h) - fetching
2026-02-07 02:10:09,337 | INFO |   [USDCAD=X] Stale (25.2h > 18h) - fetching
2026-02-07 02:10:09,347 | INFO |   [USDHKD=X] Stale (25.2h > 18h) - fetching
2026-02-07 02:10:09,347 | INFO |   [USDJPY=X] Stale (25.2h > 18h) - fetching
2026-02-07 02:10:09,347 | INFO |   [USDMXN=X] Stale (25.2h > 18h) - fetching
2026-02-07 02:10:09,358 | INFO |   [USDTRY=X] Stale (25.2h > 18h) - fetching
2026-02-07 02:10:09,358 | INFO |   [USDZAR=X] Stale (25.2h > 18h) - fetching
2026-02-07 02:10:09,358 | INFO | Alpaca: Updated 0 assets, 20 remaining
2026-02-07 02:10:10,292 | INFO | ============================================================
2026-02-07 02:10:10,303 | INFO | ATTEMPTING YAHOO FINANCE INGEST (Fallback Provider)
2026-02-07 02:10:10,303 | INFO | Assets: 20, Using BATCH DOWNLOAD (efficient)
2026-02-07 02:10:10,303 | INFO | ============================================================
2026-02-07 02:10:10,303 | INFO |   Checking Yahoo Finance rate limit status...
2026-02-07 02:10:13,251 | INFO |   Rate limit check passed - proceeding with download
2026-02-07 02:10:13,345 | INFO |   Downloading 20 symbols from 2026-01-08 to 2026-02-07
2026-02-07 02:10:13,355 | INFO |   Batch 1/1: 20 symbols
2026-02-07 02:10:15,634 | INFO |   Yahoo ingest complete: 0 updated, 0 failed
2026-02-07 02:10:15,634 | INFO | Yahoo: Updated 0 assets, 0 remaining
2026-02-07 02:10:15,635 | INFO | 
============================================================
2026-02-07 02:10:15,635 | INFO | VERIFICATION: Checking Data Freshness
2026-02-07 02:10:15,635 | INFO | ============================================================
2026-02-07 02:10:16,826 | WARNING | VERIFICATION FAILED: 4 assets are stale
2026-02-07 02:10:16,826 | WARNING |   - BT.A.L: 54 days stale (last: 2025-12-15)
2026-02-07 02:10:16,826 | WARNING |   - 1COV.DE: 46 days stale (last: 2025-12-23)
2026-02-07 02:10:16,836 | WARNING |   - TLT: 29 days stale (last: 2026-01-09)
2026-02-07 02:10:16,836 | WARNING |   - GLD: 28 days stale (last: 2026-01-10)
2026-02-07 02:10:17,709 | CRITICAL | ALERT [CRITICAL]: DATA VERIFICATION FAILED: 4 assets still stale after ingest! Updated: 0, Rows: 0
2026-02-07 02:10:17,729 | WARNING | Governance logging failed: column "action_timestamp" of relation "governance_actions_log" does not exist
LINE 3:                     action_type, action_timestamp, action_by...
                                         ^

2026-02-07 02:10:17,739 | CRITICAL | ALERT [CRITICAL]: ALL INGEST METHODS FAILED - No assets were updated! Manual intervention required.
2026-02-07 02:10:17,741 | WARNING | Heartbeat recording failed: relation "fhq_monitoring.system_heartbeats" does not exist
LINE 2:                 INSERT INTO fhq_monitoring.system_heartbeats...
                                    ^

2026-02-07 02:10:17,743 | WARNING | Governance logging failed: current transaction is aborted, commands ignored until end of transaction block

2026-02-07 02:10:17,746 | INFO | 
======================================================================
2026-02-07 02:10:17,746 | INFO | BULLETPROOF INGEST COMPLETE
2026-02-07 02:10:17,750 | INFO | ======================================================================
2026-02-07 02:10:17,750 | INFO | Status: FAILED
2026-02-07 02:10:17,750 | INFO | Assets Updated: 0
2026-02-07 02:10:17,750 | INFO | Rows Inserted: 0
2026-02-07 02:10:17,763 | INFO | Providers Used: ALPACA, YAHOO
2026-02-07 02:10:17,766 | INFO | Verification: FAILED (4 stale)
2026-02-07 02:10:17,768 | INFO | Elapsed: 11.1s
2026-02-07 02:10:17,771 | INFO | 
Freshness by Asset Class:
2026-02-07 02:10:17,771 | INFO |   CRYPTO: 46/50 fresh (92.0%)
2026-02-07 02:10:17,771 | INFO |   EQUITY: 419/422 fresh (99.3%)
2026-02-07 02:10:17,772 | INFO |   ETF: 0/2 fresh (0.0%)
2026-02-07 02:10:17,772 | INFO |   FX: 24/25 fresh (96.0%)
2026-02-07 02:10:17,773 | INFO | 
Evidence: C:\fhq-market-system\vision-ios\03_FUNCTIONS\evidence\BULLETPROOF_INGEST_d1a8c3f1_20260207_021017.json
2026-02-07 02:10:17,773 | INFO | ======================================================================
