2026-02-01 23:05:08,240 | INFO | ======================================================================
2026-02-01 23:05:08,240 | INFO | IoS-001 BULLETPROOF DAILY PRICE INGEST
2026-02-01 23:05:08,241 | INFO | ======================================================================
2026-02-01 23:05:08,241 | INFO | CEO Directive: CD-IOS-001-DAILY-INGEST-BULLETPROOF-001
2026-02-01 23:05:08,241 | INFO | Executor: STIG (EC-003)
2026-02-01 23:05:08,241 | INFO | Time: 2026-02-01T22:05:08.240894+00:00
2026-02-01 23:05:08,241 | INFO | Asset Class Filter: CRYPTO
2026-02-01 23:05:08,242 | INFO | Dry Run: False
2026-02-01 23:05:08,242 | INFO | Canonical Source: fhq_market.prices (ONLY)
2026-02-01 23:05:08,243 | INFO | ======================================================================
2026-02-01 23:05:08,358 | INFO | Found 46 canonical assets
2026-02-01 23:05:09,852 | INFO | ============================================================
2026-02-01 23:05:09,862 | INFO | ATTEMPTING ALPACA INGEST (Primary Provider)
2026-02-01 23:05:09,862 | INFO | Assets: 46, Rate limit: 200/min
2026-02-01 23:05:09,863 | INFO | ============================================================
2026-02-01 23:05:09,869 | INFO |   [ADA-USD] Stale (22.1h > 6h) - fetching
2026-02-01 23:05:10,769 | WARNING |   [ADA-USD] No data from Alpaca (STALE)
2026-02-01 23:05:11,278 | INFO |   [ALGO-USD] Stale (22.1h > 6h) - fetching
2026-02-01 23:05:11,401 | WARNING |   [ALGO-USD] No data from Alpaca (STALE)
2026-02-01 23:05:11,908 | INFO |   [ATOM-USD] Stale (22.1h > 6h) - fetching
2026-02-01 23:05:12,031 | WARNING |   [ATOM-USD] No data from Alpaca (STALE)
2026-02-01 23:05:12,535 | INFO |   [AVAX-USD] Stale (22.1h > 6h) - fetching
2026-02-01 23:05:12,706 | WARNING |   VOLUME SANITY REJECT: AVAX-USD 2026-01-31 23:00:00 volume=12.78 < threshold=1000 (source=ALPACA)
2026-02-01 23:05:12,707 | WARNING |   VOLUME SANITY REJECT: AVAX-USD 2026-02-01 00:00:00 volume=7.66 < threshold=1000 (source=ALPACA)
2026-02-01 23:05:12,707 | WARNING |   VOLUME SANITY REJECT: AVAX-USD 2026-02-01 01:00:00 volume=14.87 < threshold=1000 (source=ALPACA)
2026-02-01 23:05:12,707 | WARNING |   VOLUME SANITY REJECT: AVAX-USD 2026-02-01 02:00:00 volume=0.00 < threshold=1000 (source=ALPACA)
2026-02-01 23:05:12,707 | WARNING |   VOLUME SANITY REJECT: AVAX-USD 2026-02-01 03:00:00 volume=4.80 < threshold=1000 (source=ALPACA)
2026-02-01 23:05:12,707 | WARNING |   VOLUME SANITY REJECT: AVAX-USD 2026-02-01 04:00:00 volume=16.67 < threshold=1000 (source=ALPACA)
2026-02-01 23:05:12,707 | WARNING |   VOLUME SANITY REJECT: AVAX-USD 2026-02-01 05:00:00 volume=0.53 < threshold=1000 (source=ALPACA)
2026-02-01 23:05:12,707 | WARNING |   VOLUME SANITY REJECT: AVAX-USD 2026-02-01 06:00:00 volume=4.63 < threshold=1000 (source=ALPACA)
2026-02-01 23:05:12,707 | WARNING |   VOLUME SANITY REJECT: AVAX-USD 2026-02-01 07:00:00 volume=15.57 < threshold=1000 (source=ALPACA)
2026-02-01 23:05:12,707 | WARNING |   VOLUME SANITY REJECT: AVAX-USD 2026-02-01 08:00:00 volume=21.70 < threshold=1000 (source=ALPACA)
2026-02-01 23:05:12,707 | WARNING |   VOLUME SANITY REJECT: AVAX-USD 2026-02-01 09:00:00 volume=7.68 < threshold=1000 (source=ALPACA)
2026-02-01 23:05:12,707 | WARNING |   VOLUME SANITY REJECT: AVAX-USD 2026-02-01 10:00:00 volume=0.00 < threshold=1000 (source=ALPACA)
2026-02-01 23:05:12,711 | WARNING |   VOLUME SANITY REJECT: AVAX-USD 2026-02-01 11:00:00 volume=3.83 < threshold=1000 (source=ALPACA)
2026-02-01 23:05:12,711 | WARNING |   VOLUME SANITY REJECT: AVAX-USD 2026-02-01 12:00:00 volume=45.92 < threshold=1000 (source=ALPACA)
2026-02-01 23:05:12,711 | WARNING |   VOLUME SANITY REJECT: AVAX-USD 2026-02-01 13:00:00 volume=9.24 < threshold=1000 (source=ALPACA)
2026-02-01 23:05:12,711 | WARNING |   VOLUME SANITY REJECT: AVAX-USD 2026-02-01 14:00:00 volume=4.90 < threshold=1000 (source=ALPACA)
2026-02-01 23:05:12,711 | WARNING |   VOLUME SANITY REJECT: AVAX-USD 2026-02-01 15:00:00 volume=4.87 < threshold=1000 (source=ALPACA)
2026-02-01 23:05:12,711 | WARNING |   VOLUME SANITY REJECT: AVAX-USD 2026-02-01 16:00:00 volume=0.00 < threshold=1000 (source=ALPACA)
2026-02-01 23:05:12,711 | WARNING |   VOLUME SANITY REJECT: AVAX-USD 2026-02-01 17:00:00 volume=13.21 < threshold=1000 (source=ALPACA)
2026-02-01 23:05:12,711 | WARNING |   VOLUME SANITY REJECT: AVAX-USD 2026-02-01 18:00:00 volume=0.00 < threshold=1000 (source=ALPACA)
2026-02-01 23:05:12,711 | WARNING |   VOLUME SANITY REJECT: AVAX-USD 2026-02-01 19:00:00 volume=13.57 < threshold=1000 (source=ALPACA)
2026-02-01 23:05:12,711 | WARNING |   VOLUME SANITY REJECT: AVAX-USD 2026-02-01 20:00:00 volume=30.65 < threshold=1000 (source=ALPACA)
2026-02-01 23:05:12,711 | WARNING |   VOLUME SANITY REJECT: AVAX-USD 2026-02-01 21:00:00 volume=0.00 < threshold=1000 (source=ALPACA)
2026-02-01 23:05:12,711 | WARNING |   VOLUME SANITY REJECT: AVAX-USD 2026-02-01 22:00:00 volume=0.00 < threshold=1000 (source=ALPACA)
2026-02-01 23:05:12,711 | WARNING |   [AVAX-USD] ALL 24 rows REJECTED by volume sanity check (source=ALPACA)
2026-02-01 23:05:12,711 | WARNING |   [AVAX-USD] 0 rows written despite 24 bars received
2026-02-01 23:05:13,220 | INFO |   [AXS-USD] Stale (22.1h > 6h) - fetching
2026-02-01 23:05:13,346 | WARNING |   [AXS-USD] No data from Alpaca (STALE)
2026-02-01 23:05:13,851 | INFO |   [BCH-USD] Stale (22.1h > 6h) - fetching
2026-02-01 23:05:13,984 | WARNING |   VOLUME SANITY REJECT: BCH-USD 2026-01-31 23:00:00 volume=0.23 < threshold=1000 (source=ALPACA)
2026-02-01 23:05:13,984 | WARNING |   VOLUME SANITY REJECT: BCH-USD 2026-02-01 00:00:00 volume=0.13 < threshold=1000 (source=ALPACA)
2026-02-01 23:05:13,984 | WARNING |   VOLUME SANITY REJECT: BCH-USD 2026-02-01 01:00:00 volume=1.41 < threshold=1000 (source=ALPACA)
2026-02-01 23:05:13,984 | WARNING |   VOLUME SANITY REJECT: BCH-USD 2026-02-01 02:00:00 volume=0.04 < threshold=1000 (source=ALPACA)
2026-02-01 23:05:13,984 | WARNING |   VOLUME SANITY REJECT: BCH-USD 2026-02-01 03:00:00 volume=0.00 < threshold=1000 (source=ALPACA)
2026-02-01 23:05:13,984 | WARNING |   VOLUME SANITY REJECT: BCH-USD 2026-02-01 04:00:00 volume=0.07 < threshold=1000 (source=ALPACA)
2026-02-01 23:05:13,984 | WARNING |   VOLUME SANITY REJECT: BCH-USD 2026-02-01 05:00:00 volume=0.06 < threshold=1000 (source=ALPACA)
2026-02-01 23:05:13,984 | WARNING |   VOLUME SANITY REJECT: BCH-USD 2026-02-01 06:00:00 volume=0.02 < threshold=1000 (source=ALPACA)
2026-02-01 23:05:13,984 | WARNING |   VOLUME SANITY REJECT: BCH-USD 2026-02-01 07:00:00 volume=0.15 < threshold=1000 (source=ALPACA)
2026-02-01 23:05:13,992 | WARNING |   VOLUME SANITY REJECT: BCH-USD 2026-02-01 08:00:00 volume=0.00 < threshold=1000 (source=ALPACA)
2026-02-01 23:05:13,993 | WARNING |   VOLUME SANITY REJECT: BCH-USD 2026-02-01 09:00:00 volume=0.01 < threshold=1000 (source=ALPACA)
2026-02-01 23:05:13,993 | WARNING |   VOLUME SANITY REJECT: BCH-USD 2026-02-01 10:00:00 volume=0.00 < threshold=1000 (source=ALPACA)
2026-02-01 23:05:13,994 | WARNING |   VOLUME SANITY REJECT: BCH-USD 2026-02-01 11:00:00 volume=0.00 < threshold=1000 (source=ALPACA)
2026-02-01 23:05:13,994 | WARNING |   VOLUME SANITY REJECT: BCH-USD 2026-02-01 12:00:00 volume=0.00 < threshold=1000 (source=ALPACA)
2026-02-01 23:05:13,995 | WARNING |   VOLUME SANITY REJECT: BCH-USD 2026-02-01 13:00:00 volume=0.04 < threshold=1000 (source=ALPACA)
2026-02-01 23:05:13,995 | WARNING |   VOLUME SANITY REJECT: BCH-USD 2026-02-01 14:00:00 volume=0.01 < threshold=1000 (source=ALPACA)
2026-02-01 23:05:13,996 | WARNING |   VOLUME SANITY REJECT: BCH-USD 2026-02-01 15:00:00 volume=0.01 < threshold=1000 (source=ALPACA)
2026-02-01 23:05:13,996 | WARNING |   VOLUME SANITY REJECT: BCH-USD 2026-02-01 16:00:00 volume=0.01 < threshold=1000 (source=ALPACA)
2026-02-01 23:05:13,997 | WARNING |   VOLUME SANITY REJECT: BCH-USD 2026-02-01 17:00:00 volume=0.06 < threshold=1000 (source=ALPACA)
2026-02-01 23:05:13,998 | WARNING |   VOLUME SANITY REJECT: BCH-USD 2026-02-01 18:00:00 volume=0.01 < threshold=1000 (source=ALPACA)
2026-02-01 23:05:13,998 | WARNING |   VOLUME SANITY REJECT: BCH-USD 2026-02-01 19:00:00 volume=0.04 < threshold=1000 (source=ALPACA)
2026-02-01 23:05:13,999 | WARNING |   VOLUME SANITY REJECT: BCH-USD 2026-02-01 20:00:00 volume=0.01 < threshold=1000 (source=ALPACA)
2026-02-01 23:05:14,000 | WARNING |   VOLUME SANITY REJECT: BCH-USD 2026-02-01 21:00:00 volume=0.03 < threshold=1000 (source=ALPACA)
2026-02-01 23:05:14,000 | WARNING |   VOLUME SANITY REJECT: BCH-USD 2026-02-01 22:00:00 volume=0.00 < threshold=1000 (source=ALPACA)
2026-02-01 23:05:14,000 | WARNING |   [BCH-USD] ALL 24 rows REJECTED by volume sanity check (source=ALPACA)
2026-02-01 23:05:14,001 | WARNING |   [BCH-USD] 0 rows written despite 24 bars received
2026-02-01 23:05:14,504 | INFO |   [BNB-USD] Stale (22.1h > 6h) - fetching
2026-02-01 23:05:14,623 | WARNING |   [BNB-USD] No data from Alpaca (STALE)
2026-02-01 23:05:15,131 | INFO |   [BTC-USD] Stale (22.1h > 6h) - fetching
2026-02-01 23:05:15,254 | WARNING |   VOLUME SANITY REJECT: BTC-USD 2026-01-31 23:00:00 volume=0.06 < threshold=1000 (source=ALPACA)
2026-02-01 23:05:15,254 | WARNING |   VOLUME SANITY REJECT: BTC-USD 2026-02-01 00:00:00 volume=0.01 < threshold=1000 (source=ALPACA)
2026-02-01 23:05:15,254 | WARNING |   VOLUME SANITY REJECT: BTC-USD 2026-02-01 01:00:00 volume=0.69 < threshold=1000 (source=ALPACA)
2026-02-01 23:05:15,254 | WARNING |   VOLUME SANITY REJECT: BTC-USD 2026-02-01 02:00:00 volume=0.07 < threshold=1000 (source=ALPACA)
2026-02-01 23:05:15,254 | WARNING |   VOLUME SANITY REJECT: BTC-USD 2026-02-01 03:00:00 volume=0.34 < threshold=1000 (source=ALPACA)
2026-02-01 23:05:15,254 | WARNING |   VOLUME SANITY REJECT: BTC-USD 2026-02-01 04:00:00 volume=0.04 < threshold=1000 (source=ALPACA)
2026-02-01 23:05:15,254 | WARNING |   VOLUME SANITY REJECT: BTC-USD 2026-02-01 05:00:00 volume=0.03 < threshold=1000 (source=ALPACA)
2026-02-01 23:05:15,254 | WARNING |   VOLUME SANITY REJECT: BTC-USD 2026-02-01 06:00:00 volume=0.18 < threshold=1000 (source=ALPACA)
2026-02-01 23:05:15,264 | WARNING |   VOLUME SANITY REJECT: BTC-USD 2026-02-01 07:00:00 volume=0.04 < threshold=1000 (source=ALPACA)
2026-02-01 23:05:15,264 | WARNING |   VOLUME SANITY REJECT: BTC-USD 2026-02-01 08:00:00 volume=0.06 < threshold=1000 (source=ALPACA)
2026-02-01 23:05:15,264 | WARNING |   VOLUME SANITY REJECT: BTC-USD 2026-02-01 09:00:00 volume=0.02 < threshold=1000 (source=ALPACA)
2026-02-01 23:05:15,264 | WARNING |   VOLUME SANITY REJECT: BTC-USD 2026-02-01 10:00:00 volume=0.08 < threshold=1000 (source=ALPACA)
2026-02-01 23:05:15,264 | WARNING |   VOLUME SANITY REJECT: BTC-USD 2026-02-01 11:00:00 volume=0.04 < threshold=1000 (source=ALPACA)
2026-02-01 23:05:15,264 | WARNING |   VOLUME SANITY REJECT: BTC-USD 2026-02-01 12:00:00 volume=0.05 < threshold=1000 (source=ALPACA)
2026-02-01 23:05:15,264 | WARNING |   VOLUME SANITY REJECT: BTC-USD 2026-02-01 13:00:00 volume=0.03 < threshold=1000 (source=ALPACA)
2026-02-01 23:05:15,264 | WARNING |   VOLUME SANITY REJECT: BTC-USD 2026-02-01 14:00:00 volume=0.11 < threshold=1000 (source=ALPACA)
2026-02-01 23:05:15,264 | WARNING |   VOLUME SANITY REJECT: BTC-USD 2026-02-01 15:00:00 volume=0.04 < threshold=1000 (source=ALPACA)
2026-02-01 23:05:15,264 | WARNING |   VOLUME SANITY REJECT: BTC-USD 2026-02-01 16:00:00 volume=0.12 < threshold=1000 (source=ALPACA)
2026-02-01 23:05:15,264 | WARNING |   VOLUME SANITY REJECT: BTC-USD 2026-02-01 17:00:00 volume=0.07 < threshold=1000 (source=ALPACA)
2026-02-01 23:05:15,264 | WARNING |   VOLUME SANITY REJECT: BTC-USD 2026-02-01 18:00:00 volume=0.08 < threshold=1000 (source=ALPACA)
2026-02-01 23:05:15,264 | WARNING |   VOLUME SANITY REJECT: BTC-USD 2026-02-01 19:00:00 volume=0.04 < threshold=1000 (source=ALPACA)
2026-02-01 23:05:15,264 | WARNING |   VOLUME SANITY REJECT: BTC-USD 2026-02-01 20:00:00 volume=0.15 < threshold=1000 (source=ALPACA)
2026-02-01 23:05:15,264 | WARNING |   VOLUME SANITY REJECT: BTC-USD 2026-02-01 21:00:00 volume=0.04 < threshold=1000 (source=ALPACA)
2026-02-01 23:05:15,264 | WARNING |   VOLUME SANITY REJECT: BTC-USD 2026-02-01 22:00:00 volume=0.00 < threshold=1000 (source=ALPACA)
2026-02-01 23:05:15,264 | WARNING |   [BTC-USD] ALL 24 rows REJECTED by volume sanity check (source=ALPACA)
2026-02-01 23:05:15,264 | WARNING |   [BTC-USD] 0 rows written despite 24 bars received
2026-02-01 23:05:15,772 | INFO |   [CHZ-USD] Stale (22.1h > 6h) - fetching
2026-02-01 23:05:15,892 | WARNING |   [CHZ-USD] No data from Alpaca (STALE)
2026-02-01 23:05:16,403 | INFO |   [CRO-USD] Stale (22.1h > 6h) - fetching
2026-02-01 23:05:16,528 | WARNING |   [CRO-USD] No data from Alpaca (STALE)
2026-02-01 23:05:17,032 | INFO |   [CRV-USD] Stale (22.1h > 6h) - fetching
2026-02-01 23:05:17,166 | WARNING |   VOLUME SANITY REJECT: CRV-USD 2026-01-31 23:00:00 volume=0.00 < threshold=1000 (source=ALPACA)
2026-02-01 23:05:17,167 | WARNING |   VOLUME SANITY REJECT: CRV-USD 2026-02-01 00:00:00 volume=0.00 < threshold=1000 (source=ALPACA)
2026-02-01 23:05:17,167 | WARNING |   VOLUME SANITY REJECT: CRV-USD 2026-02-01 01:00:00 volume=0.00 < threshold=1000 (source=ALPACA)
2026-02-01 23:05:17,168 | WARNING |   VOLUME SANITY REJECT: CRV-USD 2026-02-01 02:00:00 volume=0.00 < threshold=1000 (source=ALPACA)
2026-02-01 23:05:17,168 | WARNING |   VOLUME SANITY REJECT: CRV-USD 2026-02-01 03:00:00 volume=0.00 < threshold=1000 (source=ALPACA)
2026-02-01 23:05:17,169 | WARNING |   VOLUME SANITY REJECT: CRV-USD 2026-02-01 04:00:00 volume=0.00 < threshold=1000 (source=ALPACA)
2026-02-01 23:05:17,170 | WARNING |   VOLUME SANITY REJECT: CRV-USD 2026-02-01 05:00:00 volume=27.03 < threshold=1000 (source=ALPACA)
2026-02-01 23:05:17,170 | WARNING |   VOLUME SANITY REJECT: CRV-USD 2026-02-01 06:00:00 volume=0.00 < threshold=1000 (source=ALPACA)
2026-02-01 23:05:17,171 | WARNING |   VOLUME SANITY REJECT: CRV-USD 2026-02-01 07:00:00 volume=0.00 < threshold=1000 (source=ALPACA)
2026-02-01 23:05:17,171 | WARNING |   VOLUME SANITY REJECT: CRV-USD 2026-02-01 08:00:00 volume=0.00 < threshold=1000 (source=ALPACA)
2026-02-01 23:05:17,172 | WARNING |   VOLUME SANITY REJECT: CRV-USD 2026-02-01 09:00:00 volume=0.00 < threshold=1000 (source=ALPACA)
2026-02-01 23:05:17,172 | WARNING |   VOLUME SANITY REJECT: CRV-USD 2026-02-01 10:00:00 volume=0.00 < threshold=1000 (source=ALPACA)
2026-02-01 23:05:17,172 | WARNING |   VOLUME SANITY REJECT: CRV-USD 2026-02-01 11:00:00 volume=0.00 < threshold=1000 (source=ALPACA)
2026-02-01 23:05:17,172 | WARNING |   VOLUME SANITY REJECT: CRV-USD 2026-02-01 12:00:00 volume=0.00 < threshold=1000 (source=ALPACA)
2026-02-01 23:05:17,172 | WARNING |   VOLUME SANITY REJECT: CRV-USD 2026-02-01 13:00:00 volume=0.00 < threshold=1000 (source=ALPACA)
2026-02-01 23:05:17,175 | WARNING |   VOLUME SANITY REJECT: CRV-USD 2026-02-01 14:00:00 volume=0.00 < threshold=1000 (source=ALPACA)
2026-02-01 23:05:17,176 | WARNING |   VOLUME SANITY REJECT: CRV-USD 2026-02-01 15:00:00 volume=35.00 < threshold=1000 (source=ALPACA)
2026-02-01 23:05:17,176 | WARNING |   VOLUME SANITY REJECT: CRV-USD 2026-02-01 16:00:00 volume=0.00 < threshold=1000 (source=ALPACA)
2026-02-01 23:05:17,176 | WARNING |   VOLUME SANITY REJECT: CRV-USD 2026-02-01 17:00:00 volume=173.54 < threshold=1000 (source=ALPACA)
2026-02-01 23:05:17,176 | WARNING |   VOLUME SANITY REJECT: CRV-USD 2026-02-01 19:00:00 volume=343.73 < threshold=1000 (source=ALPACA)
2026-02-01 23:05:17,176 | WARNING |   VOLUME SANITY REJECT: CRV-USD 2026-02-01 20:00:00 volume=0.00 < threshold=1000 (source=ALPACA)
2026-02-01 23:05:17,176 | WARNING |   VOLUME SANITY REJECT: CRV-USD 2026-02-01 21:00:00 volume=0.00 < threshold=1000 (source=ALPACA)
2026-02-01 23:05:17,176 | WARNING |   VOLUME SANITY REJECT: CRV-USD 2026-02-01 22:00:00 volume=0.00 < threshold=1000 (source=ALPACA)
2026-02-01 23:05:17,185 | WARNING |   [CRV-USD] 23 rows REJECTED by volume sanity, 1 rows INSERTED (source=ALPACA)
2026-02-01 23:05:17,185 | INFO |   [CRV-USD] +1 rows via ALPACA (latest: 2026-02-01 22:00:00+00:00)
2026-02-01 23:05:17,694 | INFO |   [DOGE-USD] Stale (22.1h > 6h) - fetching
2026-02-01 23:05:17,833 | WARNING |   VOLUME SANITY REJECT: DOGE-USD 2026-02-01 01:00:00 volume=373.84 < threshold=1000 (source=ALPACA)
2026-02-01 23:05:17,833 | WARNING |   VOLUME SANITY REJECT: DOGE-USD 2026-02-01 02:00:00 volume=327.56 < threshold=1000 (source=ALPACA)
2026-02-01 23:05:17,833 | WARNING |   VOLUME SANITY REJECT: DOGE-USD 2026-02-01 05:00:00 volume=50.00 < threshold=1000 (source=ALPACA)
2026-02-01 23:05:17,844 | WARNING |   VOLUME SANITY REJECT: DOGE-USD 2026-02-01 06:00:00 volume=836.14 < threshold=1000 (source=ALPACA)
2026-02-01 23:05:17,844 | WARNING |   VOLUME SANITY REJECT: DOGE-USD 2026-02-01 07:00:00 volume=372.42 < threshold=1000 (source=ALPACA)
2026-02-01 23:05:17,844 | WARNING |   VOLUME SANITY REJECT: DOGE-USD 2026-02-01 08:00:00 volume=128.26 < threshold=1000 (source=ALPACA)
2026-02-01 23:05:17,844 | WARNING |   VOLUME SANITY REJECT: DOGE-USD 2026-02-01 11:00:00 volume=844.80 < threshold=1000 (source=ALPACA)
2026-02-01 23:05:17,844 | WARNING |   VOLUME SANITY REJECT: DOGE-USD 2026-02-01 12:00:00 volume=9.26 < threshold=1000 (source=ALPACA)
2026-02-01 23:05:17,854 | WARNING |   VOLUME SANITY REJECT: DOGE-USD 2026-02-01 17:00:00 volume=193.15 < threshold=1000 (source=ALPACA)
2026-02-01 23:05:17,854 | WARNING |   VOLUME SANITY REJECT: DOGE-USD 2026-02-01 18:00:00 volume=0.00 < threshold=1000 (source=ALPACA)
2026-02-01 23:05:17,854 | WARNING |   VOLUME SANITY REJECT: DOGE-USD 2026-02-01 19:00:00 volume=138.21 < threshold=1000 (source=ALPACA)
2026-02-01 23:05:17,854 | WARNING |   VOLUME SANITY REJECT: DOGE-USD 2026-02-01 20:00:00 volume=147.17 < threshold=1000 (source=ALPACA)
2026-02-01 23:05:17,854 | WARNING |   VOLUME SANITY REJECT: DOGE-USD 2026-02-01 21:00:00 volume=18.78 < threshold=1000 (source=ALPACA)
2026-02-01 23:05:17,854 | WARNING |   VOLUME SANITY REJECT: DOGE-USD 2026-02-01 22:00:00 volume=0.00 < threshold=1000 (source=ALPACA)
2026-02-01 23:05:17,872 | WARNING |   [DOGE-USD] 14 rows REJECTED by volume sanity, 10 rows INSERTED (source=ALPACA)
2026-02-01 23:05:17,872 | INFO |   [DOGE-USD] +10 rows via ALPACA (latest: 2026-02-01 22:00:00+00:00)
2026-02-01 23:05:18,375 | INFO |   [DOT-USD] Stale (22.1h > 6h) - fetching
2026-02-01 23:05:18,523 | WARNING |   VOLUME SANITY REJECT: DOT-USD 2026-01-31 23:00:00 volume=47.14 < threshold=1000 (source=ALPACA)
2026-02-01 23:05:18,524 | WARNING |   VOLUME SANITY REJECT: DOT-USD 2026-02-01 01:00:00 volume=25.32 < threshold=1000 (source=ALPACA)
2026-02-01 23:05:18,525 | WARNING |   VOLUME SANITY REJECT: DOT-USD 2026-02-01 02:00:00 volume=69.14 < threshold=1000 (source=ALPACA)
2026-02-01 23:05:18,526 | WARNING |   VOLUME SANITY REJECT: DOT-USD 2026-02-01 03:00:00 volume=104.80 < threshold=1000 (source=ALPACA)
2026-02-01 23:05:18,527 | WARNING |   VOLUME SANITY REJECT: DOT-USD 2026-02-01 04:00:00 volume=33.77 < threshold=1000 (source=ALPACA)
2026-02-01 23:05:18,528 | WARNING |   VOLUME SANITY REJECT: DOT-USD 2026-02-01 05:00:00 volume=117.31 < threshold=1000 (source=ALPACA)
2026-02-01 23:05:18,528 | WARNING |   VOLUME SANITY REJECT: DOT-USD 2026-02-01 06:00:00 volume=0.00 < threshold=1000 (source=ALPACA)
2026-02-01 23:05:18,529 | WARNING |   VOLUME SANITY REJECT: DOT-USD 2026-02-01 07:00:00 volume=54.05 < threshold=1000 (source=ALPACA)
2026-02-01 23:05:18,530 | WARNING |   VOLUME SANITY REJECT: DOT-USD 2026-02-01 08:00:00 volume=12.96 < threshold=1000 (source=ALPACA)
2026-02-01 23:05:18,531 | WARNING |   VOLUME SANITY REJECT: DOT-USD 2026-02-01 09:00:00 volume=50.63 < threshold=1000 (source=ALPACA)
2026-02-01 23:05:18,532 | WARNING |   VOLUME SANITY REJECT: DOT-USD 2026-02-01 10:00:00 volume=85.80 < threshold=1000 (source=ALPACA)
2026-02-01 23:05:18,533 | WARNING |   VOLUME SANITY REJECT: DOT-USD 2026-02-01 11:00:00 volume=25.25 < threshold=1000 (source=ALPACA)
2026-02-01 23:05:18,533 | WARNING |   VOLUME SANITY REJECT: DOT-USD 2026-02-01 12:00:00 volume=8.76 < threshold=1000 (source=ALPACA)
2026-02-01 23:05:18,534 | WARNING |   VOLUME SANITY REJECT: DOT-USD 2026-02-01 13:00:00 volume=70.68 < threshold=1000 (source=ALPACA)
2026-02-01 23:05:18,535 | WARNING |   VOLUME SANITY REJECT: DOT-USD 2026-02-01 14:00:00 volume=25.51 < threshold=1000 (source=ALPACA)
2026-02-01 23:05:18,536 | WARNING |   VOLUME SANITY REJECT: DOT-USD 2026-02-01 15:00:00 volume=58.83 < threshold=1000 (source=ALPACA)
2026-02-01 23:05:18,537 | WARNING |   VOLUME SANITY REJECT: DOT-USD 2026-02-01 16:00:00 volume=0.00 < threshold=1000 (source=ALPACA)
2026-02-01 23:05:18,538 | WARNING |   VOLUME SANITY REJECT: DOT-USD 2026-02-01 17:00:00 volume=32.61 < threshold=1000 (source=ALPACA)
2026-02-01 23:05:18,539 | WARNING |   VOLUME SANITY REJECT: DOT-USD 2026-02-01 18:00:00 volume=52.50 < threshold=1000 (source=ALPACA)
2026-02-01 23:05:18,539 | WARNING |   VOLUME SANITY REJECT: DOT-USD 2026-02-01 19:00:00 volume=82.53 < threshold=1000 (source=ALPACA)
2026-02-01 23:05:18,539 | WARNING |   VOLUME SANITY REJECT: DOT-USD 2026-02-01 20:00:00 volume=193.55 < threshold=1000 (source=ALPACA)
2026-02-01 23:05:18,541 | WARNING |   VOLUME SANITY REJECT: DOT-USD 2026-02-01 21:00:00 volume=20.00 < threshold=1000 (source=ALPACA)
2026-02-01 23:05:18,541 | WARNING |   VOLUME SANITY REJECT: DOT-USD 2026-02-01 22:00:00 volume=0.00 < threshold=1000 (source=ALPACA)
2026-02-01 23:05:18,543 | WARNING |   [DOT-USD] 23 rows REJECTED by volume sanity, 1 rows INSERTED (source=ALPACA)
2026-02-01 23:05:18,549 | INFO |   [DOT-USD] +1 rows via ALPACA (latest: 2026-02-01 22:00:00+00:00)
2026-02-01 23:05:19,054 | INFO |   [EOS-USD] Stale (22.1h > 6h) - fetching
2026-02-01 23:05:19,174 | WARNING |   [EOS-USD] No data from Alpaca (STALE)
2026-02-01 23:05:19,682 | INFO |   [ETC-USD] Stale (22.1h > 6h) - fetching
2026-02-01 23:05:19,797 | WARNING |   [ETC-USD] No data from Alpaca (STALE)
2026-02-01 23:05:20,306 | INFO |   [ETH-USD] Stale (22.1h > 6h) - fetching
2026-02-01 23:05:20,439 | WARNING |   VOLUME SANITY REJECT: ETH-USD 2026-01-31 23:00:00 volume=64.22 < threshold=1000 (source=ALPACA)
2026-02-01 23:05:20,439 | WARNING |   VOLUME SANITY REJECT: ETH-USD 2026-02-01 00:00:00 volume=0.25 < threshold=1000 (source=ALPACA)
2026-02-01 23:05:20,439 | WARNING |   VOLUME SANITY REJECT: ETH-USD 2026-02-01 01:00:00 volume=0.08 < threshold=1000 (source=ALPACA)
2026-02-01 23:05:20,439 | WARNING |   VOLUME SANITY REJECT: ETH-USD 2026-02-01 02:00:00 volume=0.76 < threshold=1000 (source=ALPACA)
2026-02-01 23:05:20,439 | WARNING |   VOLUME SANITY REJECT: ETH-USD 2026-02-01 03:00:00 volume=0.05 < threshold=1000 (source=ALPACA)
2026-02-01 23:05:20,439 | WARNING |   VOLUME SANITY REJECT: ETH-USD 2026-02-01 04:00:00 volume=4.80 < threshold=1000 (source=ALPACA)
2026-02-01 23:05:20,439 | WARNING |   VOLUME SANITY REJECT: ETH-USD 2026-02-01 05:00:00 volume=0.20 < threshold=1000 (source=ALPACA)
2026-02-01 23:05:20,448 | WARNING |   VOLUME SANITY REJECT: ETH-USD 2026-02-01 06:00:00 volume=1.66 < threshold=1000 (source=ALPACA)
2026-02-01 23:05:20,449 | WARNING |   VOLUME SANITY REJECT: ETH-USD 2026-02-01 07:00:00 volume=4.15 < threshold=1000 (source=ALPACA)
2026-02-01 23:05:20,449 | WARNING |   VOLUME SANITY REJECT: ETH-USD 2026-02-01 08:00:00 volume=1.23 < threshold=1000 (source=ALPACA)
2026-02-01 23:05:20,449 | WARNING |   VOLUME SANITY REJECT: ETH-USD 2026-02-01 09:00:00 volume=1.27 < threshold=1000 (source=ALPACA)
2026-02-01 23:05:20,449 | WARNING |   VOLUME SANITY REJECT: ETH-USD 2026-02-01 10:00:00 volume=0.70 < threshold=1000 (source=ALPACA)
2026-02-01 23:05:20,449 | WARNING |   VOLUME SANITY REJECT: ETH-USD 2026-02-01 11:00:00 volume=4.64 < threshold=1000 (source=ALPACA)
2026-02-01 23:05:20,449 | WARNING |   VOLUME SANITY REJECT: ETH-USD 2026-02-01 12:00:00 volume=1.71 < threshold=1000 (source=ALPACA)
2026-02-01 23:05:20,449 | WARNING |   VOLUME SANITY REJECT: ETH-USD 2026-02-01 13:00:00 volume=0.25 < threshold=1000 (source=ALPACA)
2026-02-01 23:05:20,449 | WARNING |   VOLUME SANITY REJECT: ETH-USD 2026-02-01 14:00:00 volume=0.71 < threshold=1000 (source=ALPACA)
2026-02-01 23:05:20,459 | WARNING |   VOLUME SANITY REJECT: ETH-USD 2026-02-01 15:00:00 volume=1.54 < threshold=1000 (source=ALPACA)
2026-02-01 23:05:20,470 | WARNING |   VOLUME SANITY REJECT: ETH-USD 2026-02-01 16:00:00 volume=2.14 < threshold=1000 (source=ALPACA)
2026-02-01 23:05:20,470 | WARNING |   VOLUME SANITY REJECT: ETH-USD 2026-02-01 17:00:00 volume=0.72 < threshold=1000 (source=ALPACA)
2026-02-01 23:05:20,470 | WARNING |   VOLUME SANITY REJECT: ETH-USD 2026-02-01 18:00:00 volume=7.34 < threshold=1000 (source=ALPACA)
2026-02-01 23:05:20,470 | WARNING |   VOLUME SANITY REJECT: ETH-USD 2026-02-01 19:00:00 volume=0.47 < threshold=1000 (source=ALPACA)
2026-02-01 23:05:20,470 | WARNING |   VOLUME SANITY REJECT: ETH-USD 2026-02-01 20:00:00 volume=0.25 < threshold=1000 (source=ALPACA)
2026-02-01 23:05:20,480 | WARNING |   VOLUME SANITY REJECT: ETH-USD 2026-02-01 21:00:00 volume=0.10 < threshold=1000 (source=ALPACA)
2026-02-01 23:05:20,480 | WARNING |   VOLUME SANITY REJECT: ETH-USD 2026-02-01 22:00:00 volume=0.00 < threshold=1000 (source=ALPACA)
2026-02-01 23:05:20,480 | WARNING |   [ETH-USD] ALL 24 rows REJECTED by volume sanity check (source=ALPACA)
2026-02-01 23:05:20,480 | WARNING |   [ETH-USD] 0 rows written despite 24 bars received
2026-02-01 23:05:20,999 | INFO |   [FIL-USD] Stale (22.1h > 6h) - fetching
2026-02-01 23:05:21,132 | WARNING |   [FIL-USD] No data from Alpaca (STALE)
2026-02-01 23:05:21,633 | INFO |   [FLOW-USD] Stale (22.1h > 6h) - fetching
2026-02-01 23:05:21,760 | WARNING |   [FLOW-USD] No data from Alpaca (STALE)
2026-02-01 23:05:22,261 | INFO |   [GRT-USD] Stale (26.1h > 6h) - fetching
2026-02-01 23:05:22,388 | WARNING |   VOLUME SANITY REJECT: GRT-USD 2026-01-31 23:00:00 volume=0.00 < threshold=1000 (source=ALPACA)
2026-02-01 23:05:22,388 | WARNING |   VOLUME SANITY REJECT: GRT-USD 2026-02-01 00:00:00 volume=0.00 < threshold=1000 (source=ALPACA)
2026-02-01 23:05:22,388 | WARNING |   VOLUME SANITY REJECT: GRT-USD 2026-02-01 01:00:00 volume=0.00 < threshold=1000 (source=ALPACA)
2026-02-01 23:05:22,388 | WARNING |   VOLUME SANITY REJECT: GRT-USD 2026-02-01 02:00:00 volume=0.00 < threshold=1000 (source=ALPACA)
2026-02-01 23:05:22,388 | WARNING |   VOLUME SANITY REJECT: GRT-USD 2026-02-01 03:00:00 volume=0.00 < threshold=1000 (source=ALPACA)
2026-02-01 23:05:22,388 | WARNING |   VOLUME SANITY REJECT: GRT-USD 2026-02-01 05:00:00 volume=0.00 < threshold=1000 (source=ALPACA)
2026-02-01 23:05:22,388 | WARNING |   VOLUME SANITY REJECT: GRT-USD 2026-02-01 06:00:00 volume=0.00 < threshold=1000 (source=ALPACA)
2026-02-01 23:05:22,388 | WARNING |   VOLUME SANITY REJECT: GRT-USD 2026-02-01 07:00:00 volume=0.00 < threshold=1000 (source=ALPACA)
2026-02-01 23:05:22,396 | WARNING |   VOLUME SANITY REJECT: GRT-USD 2026-02-01 08:00:00 volume=0.00 < threshold=1000 (source=ALPACA)
2026-02-01 23:05:22,396 | WARNING |   VOLUME SANITY REJECT: GRT-USD 2026-02-01 09:00:00 volume=0.00 < threshold=1000 (source=ALPACA)
2026-02-01 23:05:22,396 | WARNING |   VOLUME SANITY REJECT: GRT-USD 2026-02-01 10:00:00 volume=0.00 < threshold=1000 (source=ALPACA)
2026-02-01 23:05:22,396 | WARNING |   VOLUME SANITY REJECT: GRT-USD 2026-02-01 11:00:00 volume=0.00 < threshold=1000 (source=ALPACA)
2026-02-01 23:05:22,396 | WARNING |   VOLUME SANITY REJECT: GRT-USD 2026-02-01 12:00:00 volume=0.00 < threshold=1000 (source=ALPACA)
2026-02-01 23:05:22,396 | WARNING |   VOLUME SANITY REJECT: GRT-USD 2026-02-01 13:00:00 volume=0.00 < threshold=1000 (source=ALPACA)
2026-02-01 23:05:22,396 | WARNING |   VOLUME SANITY REJECT: GRT-USD 2026-02-01 14:00:00 volume=0.00 < threshold=1000 (source=ALPACA)
2026-02-01 23:05:22,396 | WARNING |   VOLUME SANITY REJECT: GRT-USD 2026-02-01 15:00:00 volume=0.00 < threshold=1000 (source=ALPACA)
2026-02-01 23:05:22,396 | WARNING |   VOLUME SANITY REJECT: GRT-USD 2026-02-01 16:00:00 volume=199.96 < threshold=1000 (source=ALPACA)
2026-02-01 23:05:22,396 | WARNING |   VOLUME SANITY REJECT: GRT-USD 2026-02-01 17:00:00 volume=0.00 < threshold=1000 (source=ALPACA)
2026-02-01 23:05:22,396 | WARNING |   VOLUME SANITY REJECT: GRT-USD 2026-02-01 18:00:00 volume=0.00 < threshold=1000 (source=ALPACA)
2026-02-01 23:05:22,396 | WARNING |   VOLUME SANITY REJECT: GRT-USD 2026-02-01 19:00:00 volume=82.95 < threshold=1000 (source=ALPACA)
2026-02-01 23:05:22,396 | WARNING |   VOLUME SANITY REJECT: GRT-USD 2026-02-01 21:00:00 volume=0.00 < threshold=1000 (source=ALPACA)
2026-02-01 23:05:22,396 | WARNING |   VOLUME SANITY REJECT: GRT-USD 2026-02-01 22:00:00 volume=0.00 < threshold=1000 (source=ALPACA)
2026-02-01 23:05:22,407 | WARNING |   [GRT-USD] 22 rows REJECTED by volume sanity, 2 rows INSERTED (source=ALPACA)
2026-02-01 23:05:22,407 | INFO |   [GRT-USD] +2 rows via ALPACA (latest: 2026-02-01 22:00:00+00:00)
2026-02-01 23:05:22,913 | INFO |   [HBAR-USD] Stale (22.1h > 6h) - fetching
2026-02-01 23:05:23,034 | WARNING |   [HBAR-USD] No data from Alpaca (STALE)
2026-02-01 23:05:23,550 | INFO |   [ICP-USD] Stale (22.1h > 6h) - fetching
2026-02-01 23:05:23,693 | WARNING |   [ICP-USD] No data from Alpaca (STALE)
2026-02-01 23:05:24,194 | INFO |   [INJ-USD] Stale (22.1h > 6h) - fetching
2026-02-01 23:05:24,311 | WARNING |   [INJ-USD] No data from Alpaca (STALE)
2026-02-01 23:05:24,821 | INFO |   [LDO-USD] Stale (22.1h > 6h) - fetching
2026-02-01 23:05:24,941 | WARNING |   [LDO-USD] No data from Alpaca (STALE)
2026-02-01 23:05:25,445 | INFO |   [LINK-USD] Stale (22.1h > 6h) - fetching
2026-02-01 23:05:25,583 | WARNING |   VOLUME SANITY REJECT: LINK-USD 2026-01-31 23:00:00 volume=14.81 < threshold=1000 (source=ALPACA)
2026-02-01 23:05:25,583 | WARNING |   VOLUME SANITY REJECT: LINK-USD 2026-02-01 00:00:00 volume=2.35 < threshold=1000 (source=ALPACA)
2026-02-01 23:05:25,583 | WARNING |   VOLUME SANITY REJECT: LINK-USD 2026-02-01 01:00:00 volume=181.36 < threshold=1000 (source=ALPACA)
2026-02-01 23:05:25,583 | WARNING |   VOLUME SANITY REJECT: LINK-USD 2026-02-01 02:00:00 volume=10.56 < threshold=1000 (source=ALPACA)
2026-02-01 23:05:25,583 | WARNING |   VOLUME SANITY REJECT: LINK-USD 2026-02-01 03:00:00 volume=5.90 < threshold=1000 (source=ALPACA)
2026-02-01 23:05:25,583 | WARNING |   VOLUME SANITY REJECT: LINK-USD 2026-02-01 04:00:00 volume=24.62 < threshold=1000 (source=ALPACA)
2026-02-01 23:05:25,583 | WARNING |   VOLUME SANITY REJECT: LINK-USD 2026-02-01 05:00:00 volume=3.31 < threshold=1000 (source=ALPACA)
2026-02-01 23:05:25,583 | WARNING |   VOLUME SANITY REJECT: LINK-USD 2026-02-01 06:00:00 volume=0.49 < threshold=1000 (source=ALPACA)
2026-02-01 23:05:25,583 | WARNING |   VOLUME SANITY REJECT: LINK-USD 2026-02-01 07:00:00 volume=0.00 < threshold=1000 (source=ALPACA)
2026-02-01 23:05:25,583 | WARNING |   VOLUME SANITY REJECT: LINK-USD 2026-02-01 08:00:00 volume=18.27 < threshold=1000 (source=ALPACA)
2026-02-01 23:05:25,583 | WARNING |   VOLUME SANITY REJECT: LINK-USD 2026-02-01 09:00:00 volume=4.04 < threshold=1000 (source=ALPACA)
2026-02-01 23:05:25,583 | WARNING |   VOLUME SANITY REJECT: LINK-USD 2026-02-01 10:00:00 volume=0.00 < threshold=1000 (source=ALPACA)
2026-02-01 23:05:25,583 | WARNING |   VOLUME SANITY REJECT: LINK-USD 2026-02-01 11:00:00 volume=18.25 < threshold=1000 (source=ALPACA)
2026-02-01 23:05:25,593 | WARNING |   VOLUME SANITY REJECT: LINK-USD 2026-02-01 12:00:00 volume=2.39 < threshold=1000 (source=ALPACA)
2026-02-01 23:05:25,593 | WARNING |   VOLUME SANITY REJECT: LINK-USD 2026-02-01 13:00:00 volume=17.64 < threshold=1000 (source=ALPACA)
2026-02-01 23:05:25,593 | WARNING |   VOLUME SANITY REJECT: LINK-USD 2026-02-01 14:00:00 volume=1.02 < threshold=1000 (source=ALPACA)
2026-02-01 23:05:25,593 | WARNING |   VOLUME SANITY REJECT: LINK-USD 2026-02-01 15:00:00 volume=22.55 < threshold=1000 (source=ALPACA)
2026-02-01 23:05:25,593 | WARNING |   VOLUME SANITY REJECT: LINK-USD 2026-02-01 16:00:00 volume=32.31 < threshold=1000 (source=ALPACA)
2026-02-01 23:05:25,593 | WARNING |   VOLUME SANITY REJECT: LINK-USD 2026-02-01 17:00:00 volume=2.00 < threshold=1000 (source=ALPACA)
2026-02-01 23:05:25,593 | WARNING |   VOLUME SANITY REJECT: LINK-USD 2026-02-01 18:00:00 volume=57.57 < threshold=1000 (source=ALPACA)
2026-02-01 23:05:25,593 | WARNING |   VOLUME SANITY REJECT: LINK-USD 2026-02-01 19:00:00 volume=33.49 < threshold=1000 (source=ALPACA)
2026-02-01 23:05:25,593 | WARNING |   VOLUME SANITY REJECT: LINK-USD 2026-02-01 20:00:00 volume=25.44 < threshold=1000 (source=ALPACA)
2026-02-01 23:05:25,593 | WARNING |   VOLUME SANITY REJECT: LINK-USD 2026-02-01 21:00:00 volume=2.31 < threshold=1000 (source=ALPACA)
2026-02-01 23:05:25,593 | WARNING |   VOLUME SANITY REJECT: LINK-USD 2026-02-01 22:00:00 volume=0.00 < threshold=1000 (source=ALPACA)
2026-02-01 23:05:25,593 | WARNING |   [LINK-USD] ALL 24 rows REJECTED by volume sanity check (source=ALPACA)
2026-02-01 23:05:25,593 | WARNING |   [LINK-USD] 0 rows written despite 24 bars received
2026-02-01 23:05:26,103 | INFO |   [LTC-USD] Stale (22.1h > 6h) - fetching
2026-02-01 23:05:26,233 | WARNING |   VOLUME SANITY REJECT: LTC-USD 2026-02-01 02:00:00 volume=43.32 < threshold=1000 (source=ALPACA)
2026-02-01 23:05:26,234 | WARNING |   VOLUME SANITY REJECT: LTC-USD 2026-02-01 03:00:00 volume=0.86 < threshold=1000 (source=ALPACA)
2026-02-01 23:05:26,235 | WARNING |   VOLUME SANITY REJECT: LTC-USD 2026-02-01 04:00:00 volume=0.18 < threshold=1000 (source=ALPACA)
2026-02-01 23:05:26,235 | WARNING |   VOLUME SANITY REJECT: LTC-USD 2026-02-01 05:00:00 volume=10.00 < threshold=1000 (source=ALPACA)
2026-02-01 23:05:26,235 | WARNING |   VOLUME SANITY REJECT: LTC-USD 2026-02-01 06:00:00 volume=0.00 < threshold=1000 (source=ALPACA)
2026-02-01 23:05:26,235 | WARNING |   VOLUME SANITY REJECT: LTC-USD 2026-02-01 07:00:00 volume=0.14 < threshold=1000 (source=ALPACA)
2026-02-01 23:05:26,238 | WARNING |   VOLUME SANITY REJECT: LTC-USD 2026-02-01 08:00:00 volume=0.81 < threshold=1000 (source=ALPACA)
2026-02-01 23:05:26,238 | WARNING |   VOLUME SANITY REJECT: LTC-USD 2026-02-01 09:00:00 volume=0.72 < threshold=1000 (source=ALPACA)
2026-02-01 23:05:26,238 | WARNING |   VOLUME SANITY REJECT: LTC-USD 2026-02-01 10:00:00 volume=0.00 < threshold=1000 (source=ALPACA)
2026-02-01 23:05:26,238 | WARNING |   VOLUME SANITY REJECT: LTC-USD 2026-02-01 11:00:00 volume=0.00 < threshold=1000 (source=ALPACA)
2026-02-01 23:05:26,238 | WARNING |   VOLUME SANITY REJECT: LTC-USD 2026-02-01 12:00:00 volume=0.00 < threshold=1000 (source=ALPACA)
2026-02-01 23:05:26,238 | WARNING |   VOLUME SANITY REJECT: LTC-USD 2026-02-01 13:00:00 volume=1.17 < threshold=1000 (source=ALPACA)
2026-02-01 23:05:26,238 | WARNING |   VOLUME SANITY REJECT: LTC-USD 2026-02-01 14:00:00 volume=5.00 < threshold=1000 (source=ALPACA)
2026-02-01 23:05:26,238 | WARNING |   VOLUME SANITY REJECT: LTC-USD 2026-02-01 15:00:00 volume=0.00 < threshold=1000 (source=ALPACA)
2026-02-01 23:05:26,238 | WARNING |   VOLUME SANITY REJECT: LTC-USD 2026-02-01 16:00:00 volume=0.00 < threshold=1000 (source=ALPACA)
2026-02-01 23:05:26,238 | WARNING |   VOLUME SANITY REJECT: LTC-USD 2026-02-01 17:00:00 volume=0.00 < threshold=1000 (source=ALPACA)
2026-02-01 23:05:26,238 | WARNING |   VOLUME SANITY REJECT: LTC-USD 2026-02-01 18:00:00 volume=0.17 < threshold=1000 (source=ALPACA)
2026-02-01 23:05:26,238 | WARNING |   VOLUME SANITY REJECT: LTC-USD 2026-02-01 19:00:00 volume=0.17 < threshold=1000 (source=ALPACA)
2026-02-01 23:05:26,238 | WARNING |   VOLUME SANITY REJECT: LTC-USD 2026-02-01 20:00:00 volume=2.47 < threshold=1000 (source=ALPACA)
2026-02-01 23:05:26,249 | WARNING |   VOLUME SANITY REJECT: LTC-USD 2026-02-01 21:00:00 volume=0.00 < threshold=1000 (source=ALPACA)
2026-02-01 23:05:26,249 | WARNING |   VOLUME SANITY REJECT: LTC-USD 2026-02-01 22:00:00 volume=0.00 < threshold=1000 (source=ALPACA)
2026-02-01 23:05:26,252 | WARNING |   [LTC-USD] 21 rows REJECTED by volume sanity, 3 rows INSERTED (source=ALPACA)
2026-02-01 23:05:26,252 | INFO |   [LTC-USD] +3 rows via ALPACA (latest: 2026-02-01 22:00:00+00:00)
2026-02-01 23:05:26,757 | INFO |   [MANA-USD] Stale (22.1h > 6h) - fetching
2026-02-01 23:05:26,881 | WARNING |   [MANA-USD] No data from Alpaca (STALE)
2026-02-01 23:05:27,388 | INFO |   [MKR-USD] Stale (22.1h > 6h) - fetching
2026-02-01 23:05:27,508 | WARNING |   [MKR-USD] No data from Alpaca (STALE)
2026-02-01 23:05:28,014 | INFO |   [NEAR-USD] Stale (22.1h > 6h) - fetching
2026-02-01 23:05:28,136 | WARNING |   [NEAR-USD] No data from Alpaca (STALE)
2026-02-01 23:05:28,644 | INFO |   [OKB-USD] Stale (22.1h > 6h) - fetching
2026-02-01 23:05:28,805 | WARNING |   [OKB-USD] No data from Alpaca (STALE)
2026-02-01 23:05:29,312 | INFO |   [QNT-USD] Stale (22.1h > 6h) - fetching
2026-02-01 23:05:29,444 | WARNING |   [QNT-USD] No data from Alpaca (STALE)
2026-02-01 23:05:29,948 | INFO |   [RPL-USD] Stale (22.1h > 6h) - fetching
2026-02-01 23:05:30,068 | WARNING |   [RPL-USD] No data from Alpaca (STALE)
2026-02-01 23:05:30,572 | INFO |   [RUNE-USD] Stale (22.1h > 6h) - fetching
2026-02-01 23:05:30,689 | WARNING |   [RUNE-USD] No data from Alpaca (STALE)
2026-02-01 23:05:31,197 | INFO |   [SAND-USD] Stale (22.1h > 6h) - fetching
2026-02-01 23:05:31,319 | WARNING |   [SAND-USD] No data from Alpaca (STALE)
2026-02-01 23:05:31,821 | INFO |   [SHIB-USD] Stale (22.1h > 6h) - fetching
2026-02-01 23:05:31,945 | WARNING |   VOLUME SANITY REJECT: SHIB-USD 2026-01-31 23:00:00 volume=0.00 < threshold=1000 (source=ALPACA)
2026-02-01 23:05:31,955 | WARNING |   VOLUME SANITY REJECT: SHIB-USD 2026-02-01 02:00:00 volume=0.00 < threshold=1000 (source=ALPACA)
2026-02-01 23:05:31,955 | WARNING |   VOLUME SANITY REJECT: SHIB-USD 2026-02-01 03:00:00 volume=0.00 < threshold=1000 (source=ALPACA)
2026-02-01 23:05:31,955 | WARNING |   VOLUME SANITY REJECT: SHIB-USD 2026-02-01 08:00:00 volume=0.00 < threshold=1000 (source=ALPACA)
2026-02-01 23:05:31,955 | WARNING |   VOLUME SANITY REJECT: SHIB-USD 2026-02-01 09:00:00 volume=0.00 < threshold=1000 (source=ALPACA)
2026-02-01 23:05:31,955 | WARNING |   VOLUME SANITY REJECT: SHIB-USD 2026-02-01 10:00:00 volume=0.00 < threshold=1000 (source=ALPACA)
2026-02-01 23:05:31,955 | WARNING |   VOLUME SANITY REJECT: SHIB-USD 2026-02-01 11:00:00 volume=0.00 < threshold=1000 (source=ALPACA)
2026-02-01 23:05:31,955 | WARNING |   VOLUME SANITY REJECT: SHIB-USD 2026-02-01 12:00:00 volume=0.00 < threshold=1000 (source=ALPACA)
2026-02-01 23:05:31,955 | WARNING |   VOLUME SANITY REJECT: SHIB-USD 2026-02-01 13:00:00 volume=0.00 < threshold=1000 (source=ALPACA)
2026-02-01 23:05:31,955 | WARNING |   VOLUME SANITY REJECT: SHIB-USD 2026-02-01 14:00:00 volume=0.00 < threshold=1000 (source=ALPACA)
2026-02-01 23:05:31,955 | WARNING |   VOLUME SANITY REJECT: SHIB-USD 2026-02-01 15:00:00 volume=0.00 < threshold=1000 (source=ALPACA)
2026-02-01 23:05:31,955 | WARNING |   VOLUME SANITY REJECT: SHIB-USD 2026-02-01 18:00:00 volume=0.00 < threshold=1000 (source=ALPACA)
2026-02-01 23:05:31,955 | WARNING |   VOLUME SANITY REJECT: SHIB-USD 2026-02-01 20:00:00 volume=0.00 < threshold=1000 (source=ALPACA)
2026-02-01 23:05:31,955 | WARNING |   VOLUME SANITY REJECT: SHIB-USD 2026-02-01 21:00:00 volume=0.00 < threshold=1000 (source=ALPACA)
2026-02-01 23:05:31,966 | WARNING |   VOLUME SANITY REJECT: SHIB-USD 2026-02-01 22:00:00 volume=0.00 < threshold=1000 (source=ALPACA)
2026-02-01 23:05:31,976 | WARNING |   [SHIB-USD] 15 rows REJECTED by volume sanity, 9 rows INSERTED (source=ALPACA)
2026-02-01 23:05:31,976 | INFO |   [SHIB-USD] +9 rows via ALPACA (latest: 2026-02-01 22:00:00+00:00)
2026-02-01 23:05:32,484 | INFO |   [SNX-USD] Stale (22.1h > 6h) - fetching
2026-02-01 23:05:32,609 | WARNING |   [SNX-USD] No data from Alpaca (STALE)
2026-02-01 23:05:33,112 | INFO |   [SOL-USD] Stale (22.1h > 6h) - fetching
2026-02-01 23:05:33,243 | WARNING |   VOLUME SANITY REJECT: SOL-USD 2026-01-31 23:00:00 volume=4.81 < threshold=1000 (source=ALPACA)
2026-02-01 23:05:33,243 | WARNING |   VOLUME SANITY REJECT: SOL-USD 2026-02-01 00:00:00 volume=2.46 < threshold=1000 (source=ALPACA)
2026-02-01 23:05:33,254 | WARNING |   VOLUME SANITY REJECT: SOL-USD 2026-02-01 01:00:00 volume=3.19 < threshold=1000 (source=ALPACA)
2026-02-01 23:05:33,254 | WARNING |   VOLUME SANITY REJECT: SOL-USD 2026-02-01 02:00:00 volume=9.02 < threshold=1000 (source=ALPACA)
2026-02-01 23:05:33,254 | WARNING |   VOLUME SANITY REJECT: SOL-USD 2026-02-01 03:00:00 volume=1.24 < threshold=1000 (source=ALPACA)
2026-02-01 23:05:33,254 | WARNING |   VOLUME SANITY REJECT: SOL-USD 2026-02-01 04:00:00 volume=9.32 < threshold=1000 (source=ALPACA)
2026-02-01 23:05:33,254 | WARNING |   VOLUME SANITY REJECT: SOL-USD 2026-02-01 05:00:00 volume=0.80 < threshold=1000 (source=ALPACA)
2026-02-01 23:05:33,254 | WARNING |   VOLUME SANITY REJECT: SOL-USD 2026-02-01 06:00:00 volume=7.69 < threshold=1000 (source=ALPACA)
2026-02-01 23:05:33,254 | WARNING |   VOLUME SANITY REJECT: SOL-USD 2026-02-01 07:00:00 volume=5.74 < threshold=1000 (source=ALPACA)
2026-02-01 23:05:33,254 | WARNING |   VOLUME SANITY REJECT: SOL-USD 2026-02-01 08:00:00 volume=4.94 < threshold=1000 (source=ALPACA)
2026-02-01 23:05:33,254 | WARNING |   VOLUME SANITY REJECT: SOL-USD 2026-02-01 09:00:00 volume=6.20 < threshold=1000 (source=ALPACA)
2026-02-01 23:05:33,254 | WARNING |   VOLUME SANITY REJECT: SOL-USD 2026-02-01 10:00:00 volume=3.50 < threshold=1000 (source=ALPACA)
2026-02-01 23:05:33,254 | WARNING |   VOLUME SANITY REJECT: SOL-USD 2026-02-01 11:00:00 volume=7.96 < threshold=1000 (source=ALPACA)
2026-02-01 23:05:33,254 | WARNING |   VOLUME SANITY REJECT: SOL-USD 2026-02-01 12:00:00 volume=11.44 < threshold=1000 (source=ALPACA)
2026-02-01 23:05:33,264 | WARNING |   VOLUME SANITY REJECT: SOL-USD 2026-02-01 13:00:00 volume=19.86 < threshold=1000 (source=ALPACA)
2026-02-01 23:05:33,264 | WARNING |   VOLUME SANITY REJECT: SOL-USD 2026-02-01 14:00:00 volume=3.54 < threshold=1000 (source=ALPACA)
2026-02-01 23:05:33,264 | WARNING |   VOLUME SANITY REJECT: SOL-USD 2026-02-01 15:00:00 volume=4.14 < threshold=1000 (source=ALPACA)
2026-02-01 23:05:33,264 | WARNING |   VOLUME SANITY REJECT: SOL-USD 2026-02-01 16:00:00 volume=2.06 < threshold=1000 (source=ALPACA)
2026-02-01 23:05:33,264 | WARNING |   VOLUME SANITY REJECT: SOL-USD 2026-02-01 17:00:00 volume=0.98 < threshold=1000 (source=ALPACA)
2026-02-01 23:05:33,264 | WARNING |   VOLUME SANITY REJECT: SOL-USD 2026-02-01 18:00:00 volume=1.03 < threshold=1000 (source=ALPACA)
2026-02-01 23:05:33,264 | WARNING |   VOLUME SANITY REJECT: SOL-USD 2026-02-01 19:00:00 volume=5.72 < threshold=1000 (source=ALPACA)
2026-02-01 23:05:33,264 | WARNING |   VOLUME SANITY REJECT: SOL-USD 2026-02-01 20:00:00 volume=3.84 < threshold=1000 (source=ALPACA)
2026-02-01 23:05:33,264 | WARNING |   VOLUME SANITY REJECT: SOL-USD 2026-02-01 21:00:00 volume=14.80 < threshold=1000 (source=ALPACA)
2026-02-01 23:05:33,264 | WARNING |   VOLUME SANITY REJECT: SOL-USD 2026-02-01 22:00:00 volume=0.00 < threshold=1000 (source=ALPACA)
2026-02-01 23:05:33,264 | WARNING |   [SOL-USD] ALL 24 rows REJECTED by volume sanity check (source=ALPACA)
2026-02-01 23:05:33,264 | WARNING |   [SOL-USD] 0 rows written despite 24 bars received
2026-02-01 23:05:33,771 | INFO |   [THETA-USD] Stale (22.1h > 6h) - fetching
2026-02-01 23:05:33,895 | WARNING |   [THETA-USD] No data from Alpaca (STALE)
2026-02-01 23:05:34,407 | INFO |   [TRX-USD] Stale (22.1h > 6h) - fetching
2026-02-01 23:05:34,524 | WARNING |   [TRX-USD] No data from Alpaca (STALE)
2026-02-01 23:05:35,029 | INFO |   [UNI-USD] Stale (32.1h > 6h) - fetching
2026-02-01 23:05:35,169 | WARNING |   VOLUME SANITY REJECT: UNI-USD 2026-01-31 23:00:00 volume=31.98 < threshold=1000 (source=ALPACA)
2026-02-01 23:05:35,172 | WARNING |   VOLUME SANITY REJECT: UNI-USD 2026-02-01 00:00:00 volume=28.77 < threshold=1000 (source=ALPACA)
2026-02-01 23:05:35,173 | WARNING |   VOLUME SANITY REJECT: UNI-USD 2026-02-01 01:00:00 volume=4.35 < threshold=1000 (source=ALPACA)
2026-02-01 23:05:35,174 | WARNING |   VOLUME SANITY REJECT: UNI-USD 2026-02-01 02:00:00 volume=14.30 < threshold=1000 (source=ALPACA)
2026-02-01 23:05:35,175 | WARNING |   VOLUME SANITY REJECT: UNI-USD 2026-02-01 03:00:00 volume=17.90 < threshold=1000 (source=ALPACA)
2026-02-01 23:05:35,176 | WARNING |   VOLUME SANITY REJECT: UNI-USD 2026-02-01 04:00:00 volume=3.95 < threshold=1000 (source=ALPACA)
2026-02-01 23:05:35,177 | WARNING |   VOLUME SANITY REJECT: UNI-USD 2026-02-01 05:00:00 volume=1.23 < threshold=1000 (source=ALPACA)
2026-02-01 23:05:35,178 | WARNING |   VOLUME SANITY REJECT: UNI-USD 2026-02-01 06:00:00 volume=0.00 < threshold=1000 (source=ALPACA)
2026-02-01 23:05:35,179 | WARNING |   VOLUME SANITY REJECT: UNI-USD 2026-02-01 07:00:00 volume=0.00 < threshold=1000 (source=ALPACA)
2026-02-01 23:05:35,179 | WARNING |   VOLUME SANITY REJECT: UNI-USD 2026-02-01 08:00:00 volume=5.20 < threshold=1000 (source=ALPACA)
2026-02-01 23:05:35,181 | WARNING |   VOLUME SANITY REJECT: UNI-USD 2026-02-01 09:00:00 volume=0.00 < threshold=1000 (source=ALPACA)
2026-02-01 23:05:35,181 | WARNING |   VOLUME SANITY REJECT: UNI-USD 2026-02-01 10:00:00 volume=0.00 < threshold=1000 (source=ALPACA)
2026-02-01 23:05:35,182 | WARNING |   VOLUME SANITY REJECT: UNI-USD 2026-02-01 11:00:00 volume=0.00 < threshold=1000 (source=ALPACA)
2026-02-01 23:05:35,182 | WARNING |   VOLUME SANITY REJECT: UNI-USD 2026-02-01 12:00:00 volume=5.85 < threshold=1000 (source=ALPACA)
2026-02-01 23:05:35,182 | WARNING |   VOLUME SANITY REJECT: UNI-USD 2026-02-01 13:00:00 volume=0.00 < threshold=1000 (source=ALPACA)
2026-02-01 23:05:35,182 | WARNING |   VOLUME SANITY REJECT: UNI-USD 2026-02-01 14:00:00 volume=1.29 < threshold=1000 (source=ALPACA)
2026-02-01 23:05:35,182 | WARNING |   VOLUME SANITY REJECT: UNI-USD 2026-02-01 15:00:00 volume=2.54 < threshold=1000 (source=ALPACA)
2026-02-01 23:05:35,182 | WARNING |   VOLUME SANITY REJECT: UNI-USD 2026-02-01 16:00:00 volume=10.02 < threshold=1000 (source=ALPACA)
2026-02-01 23:05:35,182 | WARNING |   VOLUME SANITY REJECT: UNI-USD 2026-02-01 17:00:00 volume=46.41 < threshold=1000 (source=ALPACA)
2026-02-01 23:05:35,182 | WARNING |   VOLUME SANITY REJECT: UNI-USD 2026-02-01 18:00:00 volume=45.51 < threshold=1000 (source=ALPACA)
2026-02-01 23:05:35,182 | WARNING |   VOLUME SANITY REJECT: UNI-USD 2026-02-01 19:00:00 volume=2.57 < threshold=1000 (source=ALPACA)
2026-02-01 23:05:35,182 | WARNING |   VOLUME SANITY REJECT: UNI-USD 2026-02-01 20:00:00 volume=51.65 < threshold=1000 (source=ALPACA)
2026-02-01 23:05:35,182 | WARNING |   VOLUME SANITY REJECT: UNI-USD 2026-02-01 21:00:00 volume=0.00 < threshold=1000 (source=ALPACA)
2026-02-01 23:05:35,182 | WARNING |   VOLUME SANITY REJECT: UNI-USD 2026-02-01 22:00:00 volume=0.00 < threshold=1000 (source=ALPACA)
2026-02-01 23:05:35,182 | WARNING |   [UNI-USD] ALL 24 rows REJECTED by volume sanity check (source=ALPACA)
2026-02-01 23:05:35,182 | WARNING |   [UNI-USD] 0 rows written despite 24 bars received
2026-02-01 23:05:35,689 | INFO |   [VET-USD] Stale (22.1h > 6h) - fetching
2026-02-01 23:05:35,813 | WARNING |   [VET-USD] No data from Alpaca (STALE)
2026-02-01 23:05:36,321 | INFO |   [XLM-USD] Stale (22.1h > 6h) - fetching
2026-02-01 23:05:36,443 | WARNING |   [XLM-USD] No data from Alpaca (STALE)
2026-02-01 23:05:36,957 | INFO |   [XMR-USD] Stale (22.1h > 6h) - fetching
2026-02-01 23:05:37,081 | WARNING |   [XMR-USD] No data from Alpaca (STALE)
2026-02-01 23:05:37,587 | INFO |   [XRP-USD] Stale (22.1h > 6h) - fetching
2026-02-01 23:05:37,721 | WARNING |   VOLUME SANITY REJECT: XRP-USD 2026-02-01 00:00:00 volume=442.81 < threshold=1000 (source=ALPACA)
2026-02-01 23:05:37,721 | WARNING |   VOLUME SANITY REJECT: XRP-USD 2026-02-01 01:00:00 volume=200.00 < threshold=1000 (source=ALPACA)
2026-02-01 23:05:37,721 | WARNING |   VOLUME SANITY REJECT: XRP-USD 2026-02-01 02:00:00 volume=302.20 < threshold=1000 (source=ALPACA)
2026-02-01 23:05:37,721 | WARNING |   VOLUME SANITY REJECT: XRP-USD 2026-02-01 03:00:00 volume=135.66 < threshold=1000 (source=ALPACA)
2026-02-01 23:05:37,721 | WARNING |   VOLUME SANITY REJECT: XRP-USD 2026-02-01 04:00:00 volume=580.50 < threshold=1000 (source=ALPACA)
2026-02-01 23:05:37,721 | WARNING |   VOLUME SANITY REJECT: XRP-USD 2026-02-01 05:00:00 volume=240.51 < threshold=1000 (source=ALPACA)
2026-02-01 23:05:37,721 | WARNING |   VOLUME SANITY REJECT: XRP-USD 2026-02-01 06:00:00 volume=304.14 < threshold=1000 (source=ALPACA)
2026-02-01 23:05:37,721 | WARNING |   VOLUME SANITY REJECT: XRP-USD 2026-02-01 08:00:00 volume=69.41 < threshold=1000 (source=ALPACA)
2026-02-01 23:05:37,726 | WARNING |   VOLUME SANITY REJECT: XRP-USD 2026-02-01 09:00:00 volume=27.24 < threshold=1000 (source=ALPACA)
2026-02-01 23:05:37,726 | WARNING |   VOLUME SANITY REJECT: XRP-USD 2026-02-01 10:00:00 volume=611.33 < threshold=1000 (source=ALPACA)
2026-02-01 23:05:37,726 | WARNING |   VOLUME SANITY REJECT: XRP-USD 2026-02-01 11:00:00 volume=437.13 < threshold=1000 (source=ALPACA)
2026-02-01 23:05:37,726 | WARNING |   VOLUME SANITY REJECT: XRP-USD 2026-02-01 12:00:00 volume=628.70 < threshold=1000 (source=ALPACA)
2026-02-01 23:05:37,726 | WARNING |   VOLUME SANITY REJECT: XRP-USD 2026-02-01 13:00:00 volume=279.10 < threshold=1000 (source=ALPACA)
2026-02-01 23:05:37,726 | WARNING |   VOLUME SANITY REJECT: XRP-USD 2026-02-01 14:00:00 volume=158.32 < threshold=1000 (source=ALPACA)
2026-02-01 23:05:37,726 | WARNING |   VOLUME SANITY REJECT: XRP-USD 2026-02-01 15:00:00 volume=565.39 < threshold=1000 (source=ALPACA)
2026-02-01 23:05:37,726 | WARNING |   VOLUME SANITY REJECT: XRP-USD 2026-02-01 16:00:00 volume=667.53 < threshold=1000 (source=ALPACA)
2026-02-01 23:05:37,726 | WARNING |   VOLUME SANITY REJECT: XRP-USD 2026-02-01 17:00:00 volume=108.21 < threshold=1000 (source=ALPACA)
2026-02-01 23:05:37,726 | WARNING |   VOLUME SANITY REJECT: XRP-USD 2026-02-01 18:00:00 volume=37.75 < threshold=1000 (source=ALPACA)
2026-02-01 23:05:37,726 | WARNING |   VOLUME SANITY REJECT: XRP-USD 2026-02-01 19:00:00 volume=287.27 < threshold=1000 (source=ALPACA)
2026-02-01 23:05:37,726 | WARNING |   VOLUME SANITY REJECT: XRP-USD 2026-02-01 20:00:00 volume=69.58 < threshold=1000 (source=ALPACA)
2026-02-01 23:05:37,726 | WARNING |   VOLUME SANITY REJECT: XRP-USD 2026-02-01 21:00:00 volume=44.08 < threshold=1000 (source=ALPACA)
2026-02-01 23:05:37,726 | WARNING |   VOLUME SANITY REJECT: XRP-USD 2026-02-01 22:00:00 volume=0.00 < threshold=1000 (source=ALPACA)
2026-02-01 23:05:37,726 | WARNING |   [XRP-USD] 22 rows REJECTED by volume sanity, 2 rows INSERTED (source=ALPACA)
2026-02-01 23:05:37,736 | INFO |   [XRP-USD] +2 rows via ALPACA (latest: 2026-02-01 22:00:00+00:00)
2026-02-01 23:05:38,252 | INFO |   [XTZ-USD] Stale (22.1h > 6h) - fetching
2026-02-01 23:05:38,378 | WARNING |   VOLUME SANITY REJECT: XTZ-USD 2026-01-31 23:00:00 volume=0.00 < threshold=1000 (source=ALPACA)
2026-02-01 23:05:38,378 | WARNING |   VOLUME SANITY REJECT: XTZ-USD 2026-02-01 00:00:00 volume=0.00 < threshold=1000 (source=ALPACA)
2026-02-01 23:05:38,387 | WARNING |   VOLUME SANITY REJECT: XTZ-USD 2026-02-01 01:00:00 volume=0.00 < threshold=1000 (source=ALPACA)
2026-02-01 23:05:38,387 | WARNING |   VOLUME SANITY REJECT: XTZ-USD 2026-02-01 02:00:00 volume=0.00 < threshold=1000 (source=ALPACA)
2026-02-01 23:05:38,388 | WARNING |   VOLUME SANITY REJECT: XTZ-USD 2026-02-01 03:00:00 volume=0.00 < threshold=1000 (source=ALPACA)
2026-02-01 23:05:38,388 | WARNING |   VOLUME SANITY REJECT: XTZ-USD 2026-02-01 04:00:00 volume=0.00 < threshold=1000 (source=ALPACA)
2026-02-01 23:05:38,388 | WARNING |   VOLUME SANITY REJECT: XTZ-USD 2026-02-01 05:00:00 volume=0.00 < threshold=1000 (source=ALPACA)
2026-02-01 23:05:38,388 | WARNING |   VOLUME SANITY REJECT: XTZ-USD 2026-02-01 06:00:00 volume=0.00 < threshold=1000 (source=ALPACA)
2026-02-01 23:05:38,388 | WARNING |   VOLUME SANITY REJECT: XTZ-USD 2026-02-01 07:00:00 volume=69.64 < threshold=1000 (source=ALPACA)
2026-02-01 23:05:38,388 | WARNING |   VOLUME SANITY REJECT: XTZ-USD 2026-02-01 08:00:00 volume=0.00 < threshold=1000 (source=ALPACA)
2026-02-01 23:05:38,388 | WARNING |   VOLUME SANITY REJECT: XTZ-USD 2026-02-01 09:00:00 volume=0.00 < threshold=1000 (source=ALPACA)
2026-02-01 23:05:38,388 | WARNING |   VOLUME SANITY REJECT: XTZ-USD 2026-02-01 10:00:00 volume=0.00 < threshold=1000 (source=ALPACA)
2026-02-01 23:05:38,388 | WARNING |   VOLUME SANITY REJECT: XTZ-USD 2026-02-01 11:00:00 volume=0.00 < threshold=1000 (source=ALPACA)
2026-02-01 23:05:38,388 | WARNING |   VOLUME SANITY REJECT: XTZ-USD 2026-02-01 12:00:00 volume=0.00 < threshold=1000 (source=ALPACA)
2026-02-01 23:05:38,388 | WARNING |   VOLUME SANITY REJECT: XTZ-USD 2026-02-01 13:00:00 volume=0.00 < threshold=1000 (source=ALPACA)
2026-02-01 23:05:38,388 | WARNING |   VOLUME SANITY REJECT: XTZ-USD 2026-02-01 14:00:00 volume=0.00 < threshold=1000 (source=ALPACA)
2026-02-01 23:05:38,388 | WARNING |   VOLUME SANITY REJECT: XTZ-USD 2026-02-01 15:00:00 volume=0.00 < threshold=1000 (source=ALPACA)
2026-02-01 23:05:38,388 | WARNING |   VOLUME SANITY REJECT: XTZ-USD 2026-02-01 16:00:00 volume=0.00 < threshold=1000 (source=ALPACA)
2026-02-01 23:05:38,388 | WARNING |   VOLUME SANITY REJECT: XTZ-USD 2026-02-01 17:00:00 volume=0.00 < threshold=1000 (source=ALPACA)
2026-02-01 23:05:38,388 | WARNING |   VOLUME SANITY REJECT: XTZ-USD 2026-02-01 18:00:00 volume=208.75 < threshold=1000 (source=ALPACA)
2026-02-01 23:05:38,388 | WARNING |   VOLUME SANITY REJECT: XTZ-USD 2026-02-01 19:00:00 volume=0.00 < threshold=1000 (source=ALPACA)
2026-02-01 23:05:38,388 | WARNING |   VOLUME SANITY REJECT: XTZ-USD 2026-02-01 20:00:00 volume=0.00 < threshold=1000 (source=ALPACA)
2026-02-01 23:05:38,388 | WARNING |   VOLUME SANITY REJECT: XTZ-USD 2026-02-01 21:00:00 volume=30.00 < threshold=1000 (source=ALPACA)
2026-02-01 23:05:38,388 | WARNING |   VOLUME SANITY REJECT: XTZ-USD 2026-02-01 22:00:00 volume=0.00 < threshold=1000 (source=ALPACA)
2026-02-01 23:05:38,388 | WARNING |   [XTZ-USD] ALL 24 rows REJECTED by volume sanity check (source=ALPACA)
2026-02-01 23:05:38,388 | WARNING |   [XTZ-USD] 0 rows written despite 24 bars received
2026-02-01 23:05:38,912 | INFO |   [ZEC-USD] Stale (22.1h > 6h) - fetching
2026-02-01 23:05:39,050 | WARNING |   [ZEC-USD] No data from Alpaca (STALE)
2026-02-01 23:05:39,570 | INFO |   [AAVE-USD] Stale (22.1h > 6h) - fetching
2026-02-01 23:05:39,700 | WARNING |   VOLUME SANITY REJECT: AAVE-USD 2026-01-31 23:00:00 volume=0.65 < threshold=1000 (source=ALPACA)
2026-02-01 23:05:39,701 | WARNING |   VOLUME SANITY REJECT: AAVE-USD 2026-02-01 00:00:00 volume=0.38 < threshold=1000 (source=ALPACA)
2026-02-01 23:05:39,701 | WARNING |   VOLUME SANITY REJECT: AAVE-USD 2026-02-01 01:00:00 volume=0.12 < threshold=1000 (source=ALPACA)
2026-02-01 23:05:39,702 | WARNING |   VOLUME SANITY REJECT: AAVE-USD 2026-02-01 02:00:00 volume=0.38 < threshold=1000 (source=ALPACA)
2026-02-01 23:05:39,702 | WARNING |   VOLUME SANITY REJECT: AAVE-USD 2026-02-01 03:00:00 volume=0.09 < threshold=1000 (source=ALPACA)
2026-02-01 23:05:39,702 | WARNING |   VOLUME SANITY REJECT: AAVE-USD 2026-02-01 04:00:00 volume=1.04 < threshold=1000 (source=ALPACA)
2026-02-01 23:05:39,703 | WARNING |   VOLUME SANITY REJECT: AAVE-USD 2026-02-01 05:00:00 volume=0.00 < threshold=1000 (source=ALPACA)
2026-02-01 23:05:39,703 | WARNING |   VOLUME SANITY REJECT: AAVE-USD 2026-02-01 06:00:00 volume=0.00 < threshold=1000 (source=ALPACA)
2026-02-01 23:05:39,703 | WARNING |   VOLUME SANITY REJECT: AAVE-USD 2026-02-01 07:00:00 volume=0.00 < threshold=1000 (source=ALPACA)
2026-02-01 23:05:39,703 | WARNING |   VOLUME SANITY REJECT: AAVE-USD 2026-02-01 08:00:00 volume=0.09 < threshold=1000 (source=ALPACA)
2026-02-01 23:05:39,703 | WARNING |   VOLUME SANITY REJECT: AAVE-USD 2026-02-01 09:00:00 volume=0.00 < threshold=1000 (source=ALPACA)
2026-02-01 23:05:39,703 | WARNING |   VOLUME SANITY REJECT: AAVE-USD 2026-02-01 10:00:00 volume=0.00 < threshold=1000 (source=ALPACA)
2026-02-01 23:05:39,703 | WARNING |   VOLUME SANITY REJECT: AAVE-USD 2026-02-01 11:00:00 volume=0.00 < threshold=1000 (source=ALPACA)
2026-02-01 23:05:39,703 | WARNING |   VOLUME SANITY REJECT: AAVE-USD 2026-02-01 12:00:00 volume=0.04 < threshold=1000 (source=ALPACA)
2026-02-01 23:05:39,703 | WARNING |   VOLUME SANITY REJECT: AAVE-USD 2026-02-01 13:00:00 volume=2.39 < threshold=1000 (source=ALPACA)
2026-02-01 23:05:39,703 | WARNING |   VOLUME SANITY REJECT: AAVE-USD 2026-02-01 14:00:00 volume=0.06 < threshold=1000 (source=ALPACA)
2026-02-01 23:05:39,703 | WARNING |   VOLUME SANITY REJECT: AAVE-USD 2026-02-01 15:00:00 volume=5.27 < threshold=1000 (source=ALPACA)
2026-02-01 23:05:39,708 | WARNING |   VOLUME SANITY REJECT: AAVE-USD 2026-02-01 16:00:00 volume=0.52 < threshold=1000 (source=ALPACA)
2026-02-01 23:05:39,708 | WARNING |   VOLUME SANITY REJECT: AAVE-USD 2026-02-01 17:00:00 volume=0.46 < threshold=1000 (source=ALPACA)
2026-02-01 23:05:39,708 | WARNING |   VOLUME SANITY REJECT: AAVE-USD 2026-02-01 18:00:00 volume=0.06 < threshold=1000 (source=ALPACA)
2026-02-01 23:05:39,708 | WARNING |   VOLUME SANITY REJECT: AAVE-USD 2026-02-01 19:00:00 volume=0.39 < threshold=1000 (source=ALPACA)
2026-02-01 23:05:39,708 | WARNING |   VOLUME SANITY REJECT: AAVE-USD 2026-02-01 20:00:00 volume=0.00 < threshold=1000 (source=ALPACA)
2026-02-01 23:05:39,708 | WARNING |   VOLUME SANITY REJECT: AAVE-USD 2026-02-01 21:00:00 volume=0.00 < threshold=1000 (source=ALPACA)
2026-02-01 23:05:39,708 | WARNING |   VOLUME SANITY REJECT: AAVE-USD 2026-02-01 22:00:00 volume=0.00 < threshold=1000 (source=ALPACA)
2026-02-01 23:05:39,708 | WARNING |   [AAVE-USD] ALL 24 rows REJECTED by volume sanity check (source=ALPACA)
2026-02-01 23:05:39,708 | WARNING |   [AAVE-USD] 0 rows written despite 24 bars received
2026-02-01 23:05:40,212 | INFO | Alpaca: Updated 7 assets, 30 remaining
2026-02-01 23:05:40,510 | INFO | ============================================================
2026-02-01 23:05:40,511 | INFO | ATTEMPTING YAHOO FINANCE INGEST (Fallback Provider)
2026-02-01 23:05:40,511 | INFO | Assets: 30, Using BATCH DOWNLOAD (efficient)
2026-02-01 23:05:40,511 | INFO | ============================================================
2026-02-01 23:05:40,511 | INFO |   Checking Yahoo Finance rate limit status...
2026-02-01 23:05:43,771 | ERROR | 
1 Failed download:
2026-02-01 23:05:43,771 | ERROR | ['AAPL']: YFRateLimitError('Too Many Requests. Rate limited. Try after a while.')
2026-02-01 23:05:43,791 | WARNING |   RATE LIMITED - Yahoo Finance is currently blocking requests
2026-02-01 23:05:43,791 | WARNING |   Skipping Yahoo and marking all assets as failed
2026-02-01 23:05:43,791 | INFO | Yahoo: Updated 0 assets, 30 remaining
2026-02-01 23:05:43,791 | INFO | 
============================================================
2026-02-01 23:05:43,791 | INFO | VERIFICATION: Checking Data Freshness
2026-02-01 23:05:43,791 | INFO | ============================================================
2026-02-01 23:05:44,838 | WARNING | VERIFICATION FAILED: 5 assets are stale
2026-02-01 23:05:44,838 | WARNING |   - BT.A.L: 48 days stale (last: 2025-12-15)
2026-02-01 23:05:44,838 | WARNING |   - 1COV.DE: 40 days stale (last: 2025-12-23)
2026-02-01 23:05:44,838 | WARNING |   - TLT: 23 days stale (last: 2026-01-09)
2026-02-01 23:05:44,838 | WARNING |   - GLD: 22 days stale (last: 2026-01-10)
2026-02-01 23:05:44,838 | WARNING |   - OLT.OL: 4 days stale (last: 2026-01-28)
2026-02-01 23:05:45,390 | CRITICAL | ALERT [CRITICAL]: DATA VERIFICATION FAILED: 5 assets still stale after ingest! Updated: 7, Rows: 28
2026-02-01 23:05:45,397 | WARNING | Governance logging failed: column "action_timestamp" of relation "governance_actions_log" does not exist
LINE 3:                     action_type, action_timestamp, action_by...
                                         ^

2026-02-01 23:05:45,397 | WARNING | ALERT [WARNING]: PARTIAL INGEST: 30 assets could not be updated via any provider
2026-02-01 23:05:45,397 | WARNING | Heartbeat recording failed: relation "fhq_monitoring.system_heartbeats" does not exist
LINE 2:                 INSERT INTO fhq_monitoring.system_heartbeats...
                                    ^

2026-02-01 23:05:45,397 | WARNING | Governance logging failed: current transaction is aborted, commands ignored until end of transaction block

2026-02-01 23:05:45,397 | INFO | 
======================================================================
2026-02-01 23:05:45,397 | INFO | BULLETPROOF INGEST COMPLETE
2026-02-01 23:05:45,397 | INFO | ======================================================================
2026-02-01 23:05:45,397 | INFO | Status: PARTIAL
2026-02-01 23:05:45,397 | INFO | Assets Updated: 7
2026-02-01 23:05:45,397 | INFO | Rows Inserted: 28
2026-02-01 23:05:45,397 | INFO | Providers Used: ALPACA, YAHOO
2026-02-01 23:05:45,397 | INFO | Verification: FAILED (5 stale)
2026-02-01 23:05:45,397 | INFO | Elapsed: 37.2s
2026-02-01 23:05:45,397 | INFO | 
Freshness by Asset Class:
2026-02-01 23:05:45,397 | INFO |   CRYPTO: 46/50 fresh (92.0%)
2026-02-01 23:05:45,397 | INFO |   EQUITY: 418/422 fresh (99.1%)
2026-02-01 23:05:45,397 | INFO |   ETF: 0/2 fresh (0.0%)
2026-02-01 23:05:45,397 | INFO |   FX: 24/25 fresh (96.0%)
2026-02-01 23:05:45,397 | INFO | 
Evidence: C:\fhq-market-system\vision-ios\03_FUNCTIONS\evidence\BULLETPROOF_INGEST_9a22a5d3_20260201_230545.json
2026-02-01 23:05:45,397 | INFO | ======================================================================
