2026-01-04 03:00:04,121 | INFO | ======================================================================
2026-01-04 03:00:04,121 | INFO | IoS-001 BULLETPROOF DAILY PRICE INGEST
2026-01-04 03:00:04,121 | INFO | ======================================================================
2026-01-04 03:00:04,121 | INFO | CEO Directive: CD-IOS-001-DAILY-INGEST-BULLETPROOF-001
2026-01-04 03:00:04,121 | INFO | Executor: STIG (EC-003)
2026-01-04 03:00:04,121 | INFO | Time: 2026-01-04T02:00:04.121529+00:00
2026-01-04 03:00:04,121 | INFO | Asset Class Filter: CRYPTO
2026-01-04 03:00:04,121 | INFO | Dry Run: False
2026-01-04 03:00:04,121 | INFO | Canonical Source: fhq_market.prices (ONLY)
2026-01-04 03:00:04,121 | INFO | ======================================================================
2026-01-04 03:00:04,242 | INFO | Found 46 canonical assets
2026-01-04 03:00:07,172 | INFO | ============================================================
2026-01-04 03:00:07,172 | INFO | ATTEMPTING ALPACA INGEST (Primary Provider)
2026-01-04 03:00:07,172 | INFO | Assets: 46, Rate limit: 200/min
2026-01-04 03:00:07,172 | INFO | ============================================================
2026-01-04 03:00:08,225 | WARNING |   VOLUME SANITY REJECT: GRT-USD 2026-01-04 00:00:00 volume=0.00 < threshold=1000 (source=ALPACA)
2026-01-04 03:00:08,226 | WARNING |   [GRT-USD] ALL 1 rows REJECTED by volume sanity check (source=ALPACA)
2026-01-04 03:00:08,924 | WARNING |   VOLUME SANITY REJECT: UNI-USD 2025-12-31 00:00:00 volume=84.47 < threshold=1000 (source=ALPACA)
2026-01-04 03:00:08,924 | WARNING |   VOLUME SANITY REJECT: UNI-USD 2026-01-01 00:00:00 volume=651.97 < threshold=1000 (source=ALPACA)
2026-01-04 03:00:08,924 | WARNING |   VOLUME SANITY REJECT: UNI-USD 2026-01-02 00:00:00 volume=767.04 < threshold=1000 (source=ALPACA)
2026-01-04 03:00:08,924 | WARNING |   VOLUME SANITY REJECT: UNI-USD 2026-01-03 00:00:00 volume=308.69 < threshold=1000 (source=ALPACA)
2026-01-04 03:00:08,925 | WARNING |   VOLUME SANITY REJECT: UNI-USD 2026-01-04 00:00:00 volume=12.34 < threshold=1000 (source=ALPACA)
2026-01-04 03:00:08,925 | WARNING |   [UNI-USD] ALL 5 rows REJECTED by volume sanity check (source=ALPACA)
2026-01-04 03:00:09,507 | INFO | Alpaca: Updated 0 assets, 0 remaining
2026-01-04 03:00:09,534 | INFO | 
============================================================
2026-01-04 03:00:09,536 | INFO | VERIFICATION: Checking Data Freshness
2026-01-04 03:00:09,537 | INFO | ============================================================
2026-01-04 03:00:10,179 | WARNING | VERIFICATION FAILED: 247 assets are stale
2026-01-04 03:00:10,179 | WARNING |   - BT.A.L: 20 days stale (last: 2025-12-15)
2026-01-04 03:00:10,179 | WARNING |   - 1COV.DE: 12 days stale (last: 2025-12-23)
2026-01-04 03:00:10,179 | WARNING |   - MRK.DE: 6 days stale (last: 2025-12-29)
2026-01-04 03:00:10,179 | WARNING |   - IFX.DE: 5 days stale (last: 2025-12-30)
2026-01-04 03:00:10,179 | WARNING |   - DNB.OL: 5 days stale (last: 2025-12-30)
2026-01-04 03:00:10,179 | WARNING |   - OLT.OL: 5 days stale (last: 2025-12-30)
2026-01-04 03:00:10,179 | WARNING |   - EQNR.OL: 5 days stale (last: 2025-12-30)
2026-01-04 03:00:10,179 | WARNING |   - DHL.DE: 5 days stale (last: 2025-12-30)
2026-01-04 03:00:10,179 | WARNING |   - ORK.OL: 5 days stale (last: 2025-12-30)
2026-01-04 03:00:10,179 | WARNING |   - P911.DE: 5 days stale (last: 2025-12-30)
2026-01-04 03:00:10,179 | WARNING |   ... and 237 more
2026-01-04 03:00:10,734 | CRITICAL | ALERT [CRITICAL]: DATA VERIFICATION FAILED: 247 assets still stale after ingest! Updated: 0, Rows: 0
2026-01-04 03:00:10,736 | WARNING | Governance logging failed: column "action_timestamp" of relation "governance_actions_log" does not exist
LINE 3:                     action_type, action_timestamp, action_by...
                                         ^

2026-01-04 03:00:10,737 | CRITICAL | ALERT [CRITICAL]: ALL INGEST METHODS FAILED - No assets were updated! Manual intervention required.
2026-01-04 03:00:10,738 | WARNING | Heartbeat recording failed: relation "fhq_monitoring.system_heartbeats" does not exist
LINE 2:                 INSERT INTO fhq_monitoring.system_heartbeats...
                                    ^

2026-01-04 03:00:10,738 | WARNING | Governance logging failed: current transaction is aborted, commands ignored until end of transaction block

2026-01-04 03:00:10,740 | INFO | 
======================================================================
2026-01-04 03:00:10,740 | INFO | BULLETPROOF INGEST COMPLETE
2026-01-04 03:00:10,741 | INFO | ======================================================================
2026-01-04 03:00:10,741 | INFO | Status: FAILED
2026-01-04 03:00:10,741 | INFO | Assets Updated: 0
2026-01-04 03:00:10,741 | INFO | Rows Inserted: 0
2026-01-04 03:00:10,741 | INFO | Providers Used: ALPACA
2026-01-04 03:00:10,741 | INFO | Verification: FAILED (247 stale)
2026-01-04 03:00:10,742 | INFO | Elapsed: 6.6s
2026-01-04 03:00:10,742 | INFO | 
Freshness by Asset Class:
2026-01-04 03:00:10,742 | INFO |   CRYPTO: 45/50 fresh (90.0%)
2026-01-04 03:00:10,742 | INFO |   EQUITY: 175/422 fresh (41.5%)
2026-01-04 03:00:10,742 | INFO |   FX: 24/25 fresh (96.0%)
2026-01-04 03:00:10,742 | INFO | 
Evidence: C:\fhq-market-system\vision-ios\03_FUNCTIONS\evidence\BULLETPROOF_INGEST_44b25f9b_20260104_030010.json
2026-01-04 03:00:10,743 | INFO | ======================================================================
