2026-01-20 23:05:03,379 | INFO | ======================================================================
2026-01-20 23:05:03,379 | INFO | IoS-001 BULLETPROOF DAILY PRICE INGEST
2026-01-20 23:05:03,379 | INFO | ======================================================================
2026-01-20 23:05:03,379 | INFO | CEO Directive: CD-IOS-001-DAILY-INGEST-BULLETPROOF-001
2026-01-20 23:05:03,379 | INFO | Executor: STIG (EC-003)
2026-01-20 23:05:03,379 | INFO | Time: 2026-01-20T22:05:03.379082+00:00
2026-01-20 23:05:03,379 | INFO | Asset Class Filter: CRYPTO
2026-01-20 23:05:03,379 | INFO | Dry Run: False
2026-01-20 23:05:03,379 | INFO | Canonical Source: fhq_market.prices (ONLY)
2026-01-20 23:05:03,379 | INFO | ======================================================================
2026-01-20 23:05:03,472 | INFO | Found 46 canonical assets
2026-01-20 23:05:04,074 | INFO | ============================================================
2026-01-20 23:05:04,075 | INFO | ATTEMPTING ALPACA INGEST (Primary Provider)
2026-01-20 23:05:04,075 | INFO | Assets: 46, Rate limit: 200/min
2026-01-20 23:05:04,075 | INFO | ============================================================
2026-01-20 23:05:04,086 | INFO |   [ADA-USD] Stale (22.1h > 6h) - fetching
2026-01-20 23:05:04,958 | WARNING |   [ADA-USD] No data from Alpaca (STALE)
2026-01-20 23:05:05,467 | INFO |   [ALGO-USD] Stale (22.1h > 6h) - fetching
2026-01-20 23:05:05,591 | WARNING |   [ALGO-USD] No data from Alpaca (STALE)
2026-01-20 23:05:06,101 | INFO |   [ATOM-USD] Stale (22.1h > 6h) - fetching
2026-01-20 23:05:06,233 | WARNING |   [ATOM-USD] No data from Alpaca (STALE)
2026-01-20 23:05:06,737 | INFO |   [AVAX-USD] Stale (22.1h > 6h) - fetching
2026-01-20 23:05:06,913 | WARNING |   VOLUME SANITY REJECT: AVAX-USD 2026-01-19 23:00:00 volume=0.00 < threshold=1000 (source=ALPACA)
2026-01-20 23:05:06,914 | WARNING |   VOLUME SANITY REJECT: AVAX-USD 2026-01-20 00:00:00 volume=0.00 < threshold=1000 (source=ALPACA)
2026-01-20 23:05:06,914 | WARNING |   VOLUME SANITY REJECT: AVAX-USD 2026-01-20 01:00:00 volume=9.61 < threshold=1000 (source=ALPACA)
2026-01-20 23:05:06,914 | WARNING |   VOLUME SANITY REJECT: AVAX-USD 2026-01-20 02:00:00 volume=0.00 < threshold=1000 (source=ALPACA)
2026-01-20 23:05:06,914 | WARNING |   VOLUME SANITY REJECT: AVAX-USD 2026-01-20 03:00:00 volume=0.00 < threshold=1000 (source=ALPACA)
2026-01-20 23:05:06,914 | WARNING |   VOLUME SANITY REJECT: AVAX-USD 2026-01-20 04:00:00 volume=11.44 < threshold=1000 (source=ALPACA)
2026-01-20 23:05:06,914 | WARNING |   VOLUME SANITY REJECT: AVAX-USD 2026-01-20 05:00:00 volume=2.00 < threshold=1000 (source=ALPACA)
2026-01-20 23:05:06,914 | WARNING |   VOLUME SANITY REJECT: AVAX-USD 2026-01-20 06:00:00 volume=1.79 < threshold=1000 (source=ALPACA)
2026-01-20 23:05:06,914 | WARNING |   VOLUME SANITY REJECT: AVAX-USD 2026-01-20 07:00:00 volume=2.72 < threshold=1000 (source=ALPACA)
2026-01-20 23:05:06,914 | WARNING |   VOLUME SANITY REJECT: AVAX-USD 2026-01-20 08:00:00 volume=1.00 < threshold=1000 (source=ALPACA)
2026-01-20 23:05:06,914 | WARNING |   VOLUME SANITY REJECT: AVAX-USD 2026-01-20 09:00:00 volume=0.00 < threshold=1000 (source=ALPACA)
2026-01-20 23:05:06,914 | WARNING |   VOLUME SANITY REJECT: AVAX-USD 2026-01-20 10:00:00 volume=1.76 < threshold=1000 (source=ALPACA)
2026-01-20 23:05:06,923 | WARNING |   VOLUME SANITY REJECT: AVAX-USD 2026-01-20 11:00:00 volume=4.08 < threshold=1000 (source=ALPACA)
2026-01-20 23:05:06,923 | WARNING |   VOLUME SANITY REJECT: AVAX-USD 2026-01-20 12:00:00 volume=1.00 < threshold=1000 (source=ALPACA)
2026-01-20 23:05:06,923 | WARNING |   VOLUME SANITY REJECT: AVAX-USD 2026-01-20 13:00:00 volume=19.50 < threshold=1000 (source=ALPACA)
2026-01-20 23:05:06,923 | WARNING |   VOLUME SANITY REJECT: AVAX-USD 2026-01-20 14:00:00 volume=0.00 < threshold=1000 (source=ALPACA)
2026-01-20 23:05:06,923 | WARNING |   VOLUME SANITY REJECT: AVAX-USD 2026-01-20 15:00:00 volume=1.00 < threshold=1000 (source=ALPACA)
2026-01-20 23:05:06,923 | WARNING |   VOLUME SANITY REJECT: AVAX-USD 2026-01-20 16:00:00 volume=10.59 < threshold=1000 (source=ALPACA)
2026-01-20 23:05:06,923 | WARNING |   VOLUME SANITY REJECT: AVAX-USD 2026-01-20 17:00:00 volume=0.40 < threshold=1000 (source=ALPACA)
2026-01-20 23:05:06,923 | WARNING |   VOLUME SANITY REJECT: AVAX-USD 2026-01-20 18:00:00 volume=0.00 < threshold=1000 (source=ALPACA)
2026-01-20 23:05:06,923 | WARNING |   VOLUME SANITY REJECT: AVAX-USD 2026-01-20 19:00:00 volume=0.00 < threshold=1000 (source=ALPACA)
2026-01-20 23:05:06,923 | WARNING |   VOLUME SANITY REJECT: AVAX-USD 2026-01-20 20:00:00 volume=2.02 < threshold=1000 (source=ALPACA)
2026-01-20 23:05:06,923 | WARNING |   VOLUME SANITY REJECT: AVAX-USD 2026-01-20 21:00:00 volume=0.00 < threshold=1000 (source=ALPACA)
2026-01-20 23:05:06,923 | WARNING |   VOLUME SANITY REJECT: AVAX-USD 2026-01-20 22:00:00 volume=0.00 < threshold=1000 (source=ALPACA)
2026-01-20 23:05:06,923 | WARNING |   [AVAX-USD] ALL 24 rows REJECTED by volume sanity check (source=ALPACA)
2026-01-20 23:05:06,923 | WARNING |   [AVAX-USD] 0 rows written despite 24 bars received
2026-01-20 23:05:07,439 | INFO |   [AXS-USD] Stale (22.1h > 6h) - fetching
2026-01-20 23:05:07,568 | WARNING |   [AXS-USD] No data from Alpaca (STALE)
2026-01-20 23:05:08,074 | INFO |   [BCH-USD] Stale (22.1h > 6h) - fetching
2026-01-20 23:05:08,231 | WARNING |   VOLUME SANITY REJECT: BCH-USD 2026-01-19 23:00:00 volume=0.00 < threshold=1000 (source=ALPACA)
2026-01-20 23:05:08,233 | WARNING |   VOLUME SANITY REJECT: BCH-USD 2026-01-20 00:00:00 volume=0.00 < threshold=1000 (source=ALPACA)
2026-01-20 23:05:08,234 | WARNING |   VOLUME SANITY REJECT: BCH-USD 2026-01-20 01:00:00 volume=0.01 < threshold=1000 (source=ALPACA)
2026-01-20 23:05:08,236 | WARNING |   VOLUME SANITY REJECT: BCH-USD 2026-01-20 02:00:00 volume=0.03 < threshold=1000 (source=ALPACA)
2026-01-20 23:05:08,237 | WARNING |   VOLUME SANITY REJECT: BCH-USD 2026-01-20 03:00:00 volume=0.00 < threshold=1000 (source=ALPACA)
2026-01-20 23:05:08,240 | WARNING |   VOLUME SANITY REJECT: BCH-USD 2026-01-20 04:00:00 volume=0.00 < threshold=1000 (source=ALPACA)
2026-01-20 23:05:08,241 | WARNING |   VOLUME SANITY REJECT: BCH-USD 2026-01-20 05:00:00 volume=0.15 < threshold=1000 (source=ALPACA)
2026-01-20 23:05:08,243 | WARNING |   VOLUME SANITY REJECT: BCH-USD 2026-01-20 06:00:00 volume=0.47 < threshold=1000 (source=ALPACA)
2026-01-20 23:05:08,244 | WARNING |   VOLUME SANITY REJECT: BCH-USD 2026-01-20 07:00:00 volume=0.01 < threshold=1000 (source=ALPACA)
2026-01-20 23:05:08,245 | WARNING |   VOLUME SANITY REJECT: BCH-USD 2026-01-20 08:00:00 volume=0.00 < threshold=1000 (source=ALPACA)
2026-01-20 23:05:08,247 | WARNING |   VOLUME SANITY REJECT: BCH-USD 2026-01-20 09:00:00 volume=0.00 < threshold=1000 (source=ALPACA)
2026-01-20 23:05:08,248 | WARNING |   VOLUME SANITY REJECT: BCH-USD 2026-01-20 10:00:00 volume=0.09 < threshold=1000 (source=ALPACA)
2026-01-20 23:05:08,250 | WARNING |   VOLUME SANITY REJECT: BCH-USD 2026-01-20 11:00:00 volume=0.02 < threshold=1000 (source=ALPACA)
2026-01-20 23:05:08,252 | WARNING |   VOLUME SANITY REJECT: BCH-USD 2026-01-20 12:00:00 volume=0.00 < threshold=1000 (source=ALPACA)
2026-01-20 23:05:08,252 | WARNING |   VOLUME SANITY REJECT: BCH-USD 2026-01-20 13:00:00 volume=0.00 < threshold=1000 (source=ALPACA)
2026-01-20 23:05:08,252 | WARNING |   VOLUME SANITY REJECT: BCH-USD 2026-01-20 14:00:00 volume=0.00 < threshold=1000 (source=ALPACA)
2026-01-20 23:05:08,252 | WARNING |   VOLUME SANITY REJECT: BCH-USD 2026-01-20 15:00:00 volume=0.85 < threshold=1000 (source=ALPACA)
2026-01-20 23:05:08,252 | WARNING |   VOLUME SANITY REJECT: BCH-USD 2026-01-20 16:00:00 volume=0.00 < threshold=1000 (source=ALPACA)
2026-01-20 23:05:08,259 | WARNING |   VOLUME SANITY REJECT: BCH-USD 2026-01-20 17:00:00 volume=0.01 < threshold=1000 (source=ALPACA)
2026-01-20 23:05:08,259 | WARNING |   VOLUME SANITY REJECT: BCH-USD 2026-01-20 18:00:00 volume=0.00 < threshold=1000 (source=ALPACA)
2026-01-20 23:05:08,264 | WARNING |   VOLUME SANITY REJECT: BCH-USD 2026-01-20 19:00:00 volume=0.03 < threshold=1000 (source=ALPACA)
2026-01-20 23:05:08,266 | WARNING |   VOLUME SANITY REJECT: BCH-USD 2026-01-20 20:00:00 volume=0.00 < threshold=1000 (source=ALPACA)
2026-01-20 23:05:08,267 | WARNING |   VOLUME SANITY REJECT: BCH-USD 2026-01-20 21:00:00 volume=0.00 < threshold=1000 (source=ALPACA)
2026-01-20 23:05:08,269 | WARNING |   VOLUME SANITY REJECT: BCH-USD 2026-01-20 22:00:00 volume=0.00 < threshold=1000 (source=ALPACA)
2026-01-20 23:05:08,270 | WARNING |   [BCH-USD] ALL 24 rows REJECTED by volume sanity check (source=ALPACA)
2026-01-20 23:05:08,271 | WARNING |   [BCH-USD] 0 rows written despite 24 bars received
2026-01-20 23:05:08,785 | INFO |   [BNB-USD] Stale (22.1h > 6h) - fetching
2026-01-20 23:05:08,918 | WARNING |   [BNB-USD] No data from Alpaca (STALE)
2026-01-20 23:05:09,423 | INFO |   [BTC-USD] Stale (22.1h > 6h) - fetching
2026-01-20 23:05:09,550 | WARNING |   VOLUME SANITY REJECT: BTC-USD 2026-01-19 23:00:00 volume=0.06 < threshold=1000 (source=ALPACA)
2026-01-20 23:05:09,550 | WARNING |   VOLUME SANITY REJECT: BTC-USD 2026-01-20 00:00:00 volume=0.00 < threshold=1000 (source=ALPACA)
2026-01-20 23:05:09,550 | WARNING |   VOLUME SANITY REJECT: BTC-USD 2026-01-20 01:00:00 volume=0.00 < threshold=1000 (source=ALPACA)
2026-01-20 23:05:09,550 | WARNING |   VOLUME SANITY REJECT: BTC-USD 2026-01-20 02:00:00 volume=0.22 < threshold=1000 (source=ALPACA)
2026-01-20 23:05:09,550 | WARNING |   VOLUME SANITY REJECT: BTC-USD 2026-01-20 03:00:00 volume=0.05 < threshold=1000 (source=ALPACA)
2026-01-20 23:05:09,550 | WARNING |   VOLUME SANITY REJECT: BTC-USD 2026-01-20 04:00:00 volume=0.01 < threshold=1000 (source=ALPACA)
2026-01-20 23:05:09,550 | WARNING |   VOLUME SANITY REJECT: BTC-USD 2026-01-20 05:00:00 volume=0.75 < threshold=1000 (source=ALPACA)
2026-01-20 23:05:09,550 | WARNING |   VOLUME SANITY REJECT: BTC-USD 2026-01-20 06:00:00 volume=0.38 < threshold=1000 (source=ALPACA)
2026-01-20 23:05:09,550 | WARNING |   VOLUME SANITY REJECT: BTC-USD 2026-01-20 07:00:00 volume=0.11 < threshold=1000 (source=ALPACA)
2026-01-20 23:05:09,560 | WARNING |   VOLUME SANITY REJECT: BTC-USD 2026-01-20 08:00:00 volume=0.23 < threshold=1000 (source=ALPACA)
2026-01-20 23:05:09,560 | WARNING |   VOLUME SANITY REJECT: BTC-USD 2026-01-20 09:00:00 volume=0.02 < threshold=1000 (source=ALPACA)
2026-01-20 23:05:09,560 | WARNING |   VOLUME SANITY REJECT: BTC-USD 2026-01-20 10:00:00 volume=0.01 < threshold=1000 (source=ALPACA)
2026-01-20 23:05:09,560 | WARNING |   VOLUME SANITY REJECT: BTC-USD 2026-01-20 11:00:00 volume=0.02 < threshold=1000 (source=ALPACA)
2026-01-20 23:05:09,560 | WARNING |   VOLUME SANITY REJECT: BTC-USD 2026-01-20 12:00:00 volume=0.00 < threshold=1000 (source=ALPACA)
2026-01-20 23:05:09,560 | WARNING |   VOLUME SANITY REJECT: BTC-USD 2026-01-20 13:00:00 volume=0.00 < threshold=1000 (source=ALPACA)
2026-01-20 23:05:09,560 | WARNING |   VOLUME SANITY REJECT: BTC-USD 2026-01-20 14:00:00 volume=0.07 < threshold=1000 (source=ALPACA)
2026-01-20 23:05:09,560 | WARNING |   VOLUME SANITY REJECT: BTC-USD 2026-01-20 15:00:00 volume=1.00 < threshold=1000 (source=ALPACA)
2026-01-20 23:05:09,560 | WARNING |   VOLUME SANITY REJECT: BTC-USD 2026-01-20 16:00:00 volume=1.82 < threshold=1000 (source=ALPACA)
2026-01-20 23:05:09,560 | WARNING |   VOLUME SANITY REJECT: BTC-USD 2026-01-20 17:00:00 volume=2.07 < threshold=1000 (source=ALPACA)
2026-01-20 23:05:09,560 | WARNING |   VOLUME SANITY REJECT: BTC-USD 2026-01-20 18:00:00 volume=0.27 < threshold=1000 (source=ALPACA)
2026-01-20 23:05:09,560 | WARNING |   VOLUME SANITY REJECT: BTC-USD 2026-01-20 19:00:00 volume=0.02 < threshold=1000 (source=ALPACA)
2026-01-20 23:05:09,560 | WARNING |   VOLUME SANITY REJECT: BTC-USD 2026-01-20 20:00:00 volume=0.05 < threshold=1000 (source=ALPACA)
2026-01-20 23:05:09,560 | WARNING |   VOLUME SANITY REJECT: BTC-USD 2026-01-20 21:00:00 volume=0.01 < threshold=1000 (source=ALPACA)
2026-01-20 23:05:09,560 | WARNING |   VOLUME SANITY REJECT: BTC-USD 2026-01-20 22:00:00 volume=0.00 < threshold=1000 (source=ALPACA)
2026-01-20 23:05:09,560 | WARNING |   [BTC-USD] ALL 24 rows REJECTED by volume sanity check (source=ALPACA)
2026-01-20 23:05:09,560 | WARNING |   [BTC-USD] 0 rows written despite 24 bars received
2026-01-20 23:05:10,072 | INFO |   [CHZ-USD] Stale (22.1h > 6h) - fetching
2026-01-20 23:05:10,209 | WARNING |   [CHZ-USD] No data from Alpaca (STALE)
2026-01-20 23:05:10,785 | INFO |   [CRO-USD] Stale (22.1h > 6h) - fetching
2026-01-20 23:05:10,932 | WARNING |   [CRO-USD] No data from Alpaca (STALE)
2026-01-20 23:05:11,437 | INFO |   [CRV-USD] Stale (22.1h > 6h) - fetching
2026-01-20 23:05:11,571 | WARNING |   VOLUME SANITY REJECT: CRV-USD 2026-01-19 23:00:00 volume=0.00 < threshold=1000 (source=ALPACA)
2026-01-20 23:05:11,580 | WARNING |   VOLUME SANITY REJECT: CRV-USD 2026-01-20 01:00:00 volume=0.00 < threshold=1000 (source=ALPACA)
2026-01-20 23:05:11,581 | WARNING |   VOLUME SANITY REJECT: CRV-USD 2026-01-20 02:00:00 volume=125.30 < threshold=1000 (source=ALPACA)
2026-01-20 23:05:11,581 | WARNING |   VOLUME SANITY REJECT: CRV-USD 2026-01-20 03:00:00 volume=0.00 < threshold=1000 (source=ALPACA)
2026-01-20 23:05:11,581 | WARNING |   VOLUME SANITY REJECT: CRV-USD 2026-01-20 04:00:00 volume=0.00 < threshold=1000 (source=ALPACA)
2026-01-20 23:05:11,581 | WARNING |   VOLUME SANITY REJECT: CRV-USD 2026-01-20 05:00:00 volume=0.00 < threshold=1000 (source=ALPACA)
2026-01-20 23:05:11,581 | WARNING |   VOLUME SANITY REJECT: CRV-USD 2026-01-20 06:00:00 volume=0.00 < threshold=1000 (source=ALPACA)
2026-01-20 23:05:11,581 | WARNING |   VOLUME SANITY REJECT: CRV-USD 2026-01-20 07:00:00 volume=0.00 < threshold=1000 (source=ALPACA)
2026-01-20 23:05:11,581 | WARNING |   VOLUME SANITY REJECT: CRV-USD 2026-01-20 08:00:00 volume=0.00 < threshold=1000 (source=ALPACA)
2026-01-20 23:05:11,581 | WARNING |   VOLUME SANITY REJECT: CRV-USD 2026-01-20 09:00:00 volume=0.00 < threshold=1000 (source=ALPACA)
2026-01-20 23:05:11,581 | WARNING |   VOLUME SANITY REJECT: CRV-USD 2026-01-20 10:00:00 volume=0.00 < threshold=1000 (source=ALPACA)
2026-01-20 23:05:11,581 | WARNING |   VOLUME SANITY REJECT: CRV-USD 2026-01-20 11:00:00 volume=0.00 < threshold=1000 (source=ALPACA)
2026-01-20 23:05:11,581 | WARNING |   VOLUME SANITY REJECT: CRV-USD 2026-01-20 12:00:00 volume=20.00 < threshold=1000 (source=ALPACA)
2026-01-20 23:05:11,592 | WARNING |   VOLUME SANITY REJECT: CRV-USD 2026-01-20 13:00:00 volume=0.00 < threshold=1000 (source=ALPACA)
2026-01-20 23:05:11,593 | WARNING |   VOLUME SANITY REJECT: CRV-USD 2026-01-20 14:00:00 volume=139.97 < threshold=1000 (source=ALPACA)
2026-01-20 23:05:11,594 | WARNING |   VOLUME SANITY REJECT: CRV-USD 2026-01-20 15:00:00 volume=0.00 < threshold=1000 (source=ALPACA)
2026-01-20 23:05:11,594 | WARNING |   VOLUME SANITY REJECT: CRV-USD 2026-01-20 16:00:00 volume=0.00 < threshold=1000 (source=ALPACA)
2026-01-20 23:05:11,595 | WARNING |   VOLUME SANITY REJECT: CRV-USD 2026-01-20 17:00:00 volume=0.00 < threshold=1000 (source=ALPACA)
2026-01-20 23:05:11,596 | WARNING |   VOLUME SANITY REJECT: CRV-USD 2026-01-20 18:00:00 volume=0.00 < threshold=1000 (source=ALPACA)
2026-01-20 23:05:11,596 | WARNING |   VOLUME SANITY REJECT: CRV-USD 2026-01-20 19:00:00 volume=0.00 < threshold=1000 (source=ALPACA)
2026-01-20 23:05:11,597 | WARNING |   VOLUME SANITY REJECT: CRV-USD 2026-01-20 20:00:00 volume=0.00 < threshold=1000 (source=ALPACA)
2026-01-20 23:05:11,598 | WARNING |   VOLUME SANITY REJECT: CRV-USD 2026-01-20 21:00:00 volume=0.00 < threshold=1000 (source=ALPACA)
2026-01-20 23:05:11,598 | WARNING |   VOLUME SANITY REJECT: CRV-USD 2026-01-20 22:00:00 volume=0.00 < threshold=1000 (source=ALPACA)
2026-01-20 23:05:12,109 | WARNING |   [CRV-USD] 23 rows REJECTED by volume sanity, 1 rows INSERTED (source=ALPACA)
2026-01-20 23:05:12,654 | INFO |   [CRV-USD] +1 rows via ALPACA (latest: 2026-01-20 22:00:00+00:00)
2026-01-20 23:05:13,156 | INFO |   [DOGE-USD] Stale (12.1h > 6h) - fetching
2026-01-20 23:05:13,280 | WARNING |   VOLUME SANITY REJECT: DOGE-USD 2026-01-19 23:00:00 volume=0.00 < threshold=1000 (source=ALPACA)
2026-01-20 23:05:13,280 | WARNING |   VOLUME SANITY REJECT: DOGE-USD 2026-01-20 00:00:00 volume=0.00 < threshold=1000 (source=ALPACA)
2026-01-20 23:05:13,290 | WARNING |   VOLUME SANITY REJECT: DOGE-USD 2026-01-20 01:00:00 volume=165.04 < threshold=1000 (source=ALPACA)
2026-01-20 23:05:13,290 | WARNING |   VOLUME SANITY REJECT: DOGE-USD 2026-01-20 02:00:00 volume=0.00 < threshold=1000 (source=ALPACA)
2026-01-20 23:05:13,290 | WARNING |   VOLUME SANITY REJECT: DOGE-USD 2026-01-20 03:00:00 volume=0.00 < threshold=1000 (source=ALPACA)
2026-01-20 23:05:13,290 | WARNING |   VOLUME SANITY REJECT: DOGE-USD 2026-01-20 04:00:00 volume=0.00 < threshold=1000 (source=ALPACA)
2026-01-20 23:05:13,290 | WARNING |   VOLUME SANITY REJECT: DOGE-USD 2026-01-20 05:00:00 volume=0.00 < threshold=1000 (source=ALPACA)
2026-01-20 23:05:13,290 | WARNING |   VOLUME SANITY REJECT: DOGE-USD 2026-01-20 09:00:00 volume=409.98 < threshold=1000 (source=ALPACA)
2026-01-20 23:05:13,290 | WARNING |   VOLUME SANITY REJECT: DOGE-USD 2026-01-20 11:00:00 volume=0.00 < threshold=1000 (source=ALPACA)
2026-01-20 23:05:13,290 | WARNING |   VOLUME SANITY REJECT: DOGE-USD 2026-01-20 12:00:00 volume=0.00 < threshold=1000 (source=ALPACA)
2026-01-20 23:05:13,290 | WARNING |   VOLUME SANITY REJECT: DOGE-USD 2026-01-20 13:00:00 volume=175.39 < threshold=1000 (source=ALPACA)
2026-01-20 23:05:13,290 | WARNING |   VOLUME SANITY REJECT: DOGE-USD 2026-01-20 21:00:00 volume=0.00 < threshold=1000 (source=ALPACA)
2026-01-20 23:05:13,290 | WARNING |   VOLUME SANITY REJECT: DOGE-USD 2026-01-20 22:00:00 volume=0.00 < threshold=1000 (source=ALPACA)
2026-01-20 23:05:13,301 | WARNING |   [DOGE-USD] 13 rows REJECTED by volume sanity, 11 rows INSERTED (source=ALPACA)
2026-01-20 23:05:13,307 | INFO |   [DOGE-USD] +11 rows via ALPACA (latest: 2026-01-20 22:00:00+00:00)
2026-01-20 23:05:13,808 | INFO |   [DOT-USD] Stale (22.1h > 6h) - fetching
2026-01-20 23:05:13,956 | WARNING |   VOLUME SANITY REJECT: DOT-USD 2026-01-19 23:00:00 volume=0.00 < threshold=1000 (source=ALPACA)
2026-01-20 23:05:13,957 | WARNING |   VOLUME SANITY REJECT: DOT-USD 2026-01-20 00:00:00 volume=36.43 < threshold=1000 (source=ALPACA)
2026-01-20 23:05:13,957 | WARNING |   VOLUME SANITY REJECT: DOT-USD 2026-01-20 01:00:00 volume=2.43 < threshold=1000 (source=ALPACA)
2026-01-20 23:05:13,957 | WARNING |   VOLUME SANITY REJECT: DOT-USD 2026-01-20 02:00:00 volume=11.63 < threshold=1000 (source=ALPACA)
2026-01-20 23:05:13,957 | WARNING |   VOLUME SANITY REJECT: DOT-USD 2026-01-20 03:00:00 volume=150.91 < threshold=1000 (source=ALPACA)
2026-01-20 23:05:13,957 | WARNING |   VOLUME SANITY REJECT: DOT-USD 2026-01-20 04:00:00 volume=2.42 < threshold=1000 (source=ALPACA)
2026-01-20 23:05:13,957 | WARNING |   VOLUME SANITY REJECT: DOT-USD 2026-01-20 05:00:00 volume=152.24 < threshold=1000 (source=ALPACA)
2026-01-20 23:05:13,957 | WARNING |   VOLUME SANITY REJECT: DOT-USD 2026-01-20 06:00:00 volume=4.90 < threshold=1000 (source=ALPACA)
2026-01-20 23:05:13,957 | WARNING |   VOLUME SANITY REJECT: DOT-USD 2026-01-20 07:00:00 volume=14.99 < threshold=1000 (source=ALPACA)
2026-01-20 23:05:13,957 | WARNING |   VOLUME SANITY REJECT: DOT-USD 2026-01-20 08:00:00 volume=14.99 < threshold=1000 (source=ALPACA)
2026-01-20 23:05:13,957 | WARNING |   VOLUME SANITY REJECT: DOT-USD 2026-01-20 09:00:00 volume=8.27 < threshold=1000 (source=ALPACA)
2026-01-20 23:05:13,957 | WARNING |   VOLUME SANITY REJECT: DOT-USD 2026-01-20 10:00:00 volume=77.18 < threshold=1000 (source=ALPACA)
2026-01-20 23:05:13,957 | WARNING |   VOLUME SANITY REJECT: DOT-USD 2026-01-20 11:00:00 volume=11.53 < threshold=1000 (source=ALPACA)
2026-01-20 23:05:13,957 | WARNING |   VOLUME SANITY REJECT: DOT-USD 2026-01-20 12:00:00 volume=2.48 < threshold=1000 (source=ALPACA)
2026-01-20 23:05:13,967 | WARNING |   VOLUME SANITY REJECT: DOT-USD 2026-01-20 13:00:00 volume=849.00 < threshold=1000 (source=ALPACA)
2026-01-20 23:05:13,968 | WARNING |   VOLUME SANITY REJECT: DOT-USD 2026-01-20 14:00:00 volume=217.40 < threshold=1000 (source=ALPACA)
2026-01-20 23:05:13,968 | WARNING |   VOLUME SANITY REJECT: DOT-USD 2026-01-20 15:00:00 volume=2.68 < threshold=1000 (source=ALPACA)
2026-01-20 23:05:13,969 | WARNING |   VOLUME SANITY REJECT: DOT-USD 2026-01-20 17:00:00 volume=161.55 < threshold=1000 (source=ALPACA)
2026-01-20 23:05:13,970 | WARNING |   VOLUME SANITY REJECT: DOT-USD 2026-01-20 18:00:00 volume=106.36 < threshold=1000 (source=ALPACA)
2026-01-20 23:05:13,971 | WARNING |   VOLUME SANITY REJECT: DOT-USD 2026-01-20 19:00:00 volume=473.88 < threshold=1000 (source=ALPACA)
2026-01-20 23:05:13,972 | WARNING |   VOLUME SANITY REJECT: DOT-USD 2026-01-20 20:00:00 volume=50.07 < threshold=1000 (source=ALPACA)
2026-01-20 23:05:13,973 | WARNING |   VOLUME SANITY REJECT: DOT-USD 2026-01-20 21:00:00 volume=0.00 < threshold=1000 (source=ALPACA)
2026-01-20 23:05:13,974 | WARNING |   VOLUME SANITY REJECT: DOT-USD 2026-01-20 22:00:00 volume=0.00 < threshold=1000 (source=ALPACA)
2026-01-20 23:05:13,978 | WARNING |   [DOT-USD] 23 rows REJECTED by volume sanity, 1 rows INSERTED (source=ALPACA)
2026-01-20 23:05:13,979 | INFO |   [DOT-USD] +1 rows via ALPACA (latest: 2026-01-20 22:00:00+00:00)
2026-01-20 23:05:14,481 | INFO |   [EOS-USD] Stale (22.1h > 6h) - fetching
2026-01-20 23:05:14,604 | WARNING |   [EOS-USD] No data from Alpaca (STALE)
2026-01-20 23:05:15,108 | INFO |   [ETC-USD] Stale (22.1h > 6h) - fetching
2026-01-20 23:05:15,233 | WARNING |   [ETC-USD] No data from Alpaca (STALE)
2026-01-20 23:05:15,739 | INFO |   [ETH-USD] Stale (22.1h > 6h) - fetching
2026-01-20 23:05:15,860 | WARNING |   VOLUME SANITY REJECT: ETH-USD 2026-01-19 23:00:00 volume=0.59 < threshold=1000 (source=ALPACA)
2026-01-20 23:05:15,860 | WARNING |   VOLUME SANITY REJECT: ETH-USD 2026-01-20 00:00:00 volume=0.07 < threshold=1000 (source=ALPACA)
2026-01-20 23:05:15,860 | WARNING |   VOLUME SANITY REJECT: ETH-USD 2026-01-20 01:00:00 volume=0.05 < threshold=1000 (source=ALPACA)
2026-01-20 23:05:15,869 | WARNING |   VOLUME SANITY REJECT: ETH-USD 2026-01-20 02:00:00 volume=0.06 < threshold=1000 (source=ALPACA)
2026-01-20 23:05:15,869 | WARNING |   VOLUME SANITY REJECT: ETH-USD 2026-01-20 03:00:00 volume=0.54 < threshold=1000 (source=ALPACA)
2026-01-20 23:05:15,869 | WARNING |   VOLUME SANITY REJECT: ETH-USD 2026-01-20 04:00:00 volume=0.31 < threshold=1000 (source=ALPACA)
2026-01-20 23:05:15,869 | WARNING |   VOLUME SANITY REJECT: ETH-USD 2026-01-20 05:00:00 volume=0.18 < threshold=1000 (source=ALPACA)
2026-01-20 23:05:15,869 | WARNING |   VOLUME SANITY REJECT: ETH-USD 2026-01-20 06:00:00 volume=0.14 < threshold=1000 (source=ALPACA)
2026-01-20 23:05:15,869 | WARNING |   VOLUME SANITY REJECT: ETH-USD 2026-01-20 07:00:00 volume=3.20 < threshold=1000 (source=ALPACA)
2026-01-20 23:05:15,869 | WARNING |   VOLUME SANITY REJECT: ETH-USD 2026-01-20 08:00:00 volume=0.03 < threshold=1000 (source=ALPACA)
2026-01-20 23:05:15,869 | WARNING |   VOLUME SANITY REJECT: ETH-USD 2026-01-20 09:00:00 volume=0.33 < threshold=1000 (source=ALPACA)
2026-01-20 23:05:15,869 | WARNING |   VOLUME SANITY REJECT: ETH-USD 2026-01-20 10:00:00 volume=0.81 < threshold=1000 (source=ALPACA)
2026-01-20 23:05:15,869 | WARNING |   VOLUME SANITY REJECT: ETH-USD 2026-01-20 11:00:00 volume=0.25 < threshold=1000 (source=ALPACA)
2026-01-20 23:05:15,869 | WARNING |   VOLUME SANITY REJECT: ETH-USD 2026-01-20 12:00:00 volume=0.06 < threshold=1000 (source=ALPACA)
2026-01-20 23:05:15,869 | WARNING |   VOLUME SANITY REJECT: ETH-USD 2026-01-20 13:00:00 volume=0.19 < threshold=1000 (source=ALPACA)
2026-01-20 23:05:15,869 | WARNING |   VOLUME SANITY REJECT: ETH-USD 2026-01-20 14:00:00 volume=0.55 < threshold=1000 (source=ALPACA)
2026-01-20 23:05:15,869 | WARNING |   VOLUME SANITY REJECT: ETH-USD 2026-01-20 15:00:00 volume=1.64 < threshold=1000 (source=ALPACA)
2026-01-20 23:05:15,869 | WARNING |   VOLUME SANITY REJECT: ETH-USD 2026-01-20 16:00:00 volume=0.27 < threshold=1000 (source=ALPACA)
2026-01-20 23:05:15,869 | WARNING |   VOLUME SANITY REJECT: ETH-USD 2026-01-20 17:00:00 volume=8.61 < threshold=1000 (source=ALPACA)
2026-01-20 23:05:15,869 | WARNING |   VOLUME SANITY REJECT: ETH-USD 2026-01-20 18:00:00 volume=3.69 < threshold=1000 (source=ALPACA)
2026-01-20 23:05:15,869 | WARNING |   VOLUME SANITY REJECT: ETH-USD 2026-01-20 19:00:00 volume=0.79 < threshold=1000 (source=ALPACA)
2026-01-20 23:05:15,869 | WARNING |   VOLUME SANITY REJECT: ETH-USD 2026-01-20 20:00:00 volume=3.01 < threshold=1000 (source=ALPACA)
2026-01-20 23:05:15,869 | WARNING |   VOLUME SANITY REJECT: ETH-USD 2026-01-20 21:00:00 volume=0.41 < threshold=1000 (source=ALPACA)
2026-01-20 23:05:15,869 | WARNING |   VOLUME SANITY REJECT: ETH-USD 2026-01-20 22:00:00 volume=0.00 < threshold=1000 (source=ALPACA)
2026-01-20 23:05:15,869 | WARNING |   [ETH-USD] ALL 24 rows REJECTED by volume sanity check (source=ALPACA)
2026-01-20 23:05:15,879 | WARNING |   [ETH-USD] 0 rows written despite 24 bars received
2026-01-20 23:05:16,382 | INFO |   [FIL-USD] Stale (22.1h > 6h) - fetching
2026-01-20 23:05:16,522 | WARNING |   [FIL-USD] No data from Alpaca (STALE)
2026-01-20 23:05:17,031 | INFO |   [FLOW-USD] Stale (22.1h > 6h) - fetching
2026-01-20 23:05:17,152 | WARNING |   [FLOW-USD] No data from Alpaca (STALE)
2026-01-20 23:05:17,657 | INFO |   [GRT-USD] Stale (10.5h > 6h) - fetching
2026-01-20 23:05:17,795 | WARNING |   VOLUME SANITY REJECT: GRT-USD 2026-01-19 23:00:00 volume=0.00 < threshold=1000 (source=ALPACA)
2026-01-20 23:05:17,795 | WARNING |   VOLUME SANITY REJECT: GRT-USD 2026-01-20 00:00:00 volume=0.00 < threshold=1000 (source=ALPACA)
2026-01-20 23:05:17,799 | WARNING |   VOLUME SANITY REJECT: GRT-USD 2026-01-20 01:00:00 volume=0.00 < threshold=1000 (source=ALPACA)
2026-01-20 23:05:17,800 | WARNING |   VOLUME SANITY REJECT: GRT-USD 2026-01-20 02:00:00 volume=0.00 < threshold=1000 (source=ALPACA)
2026-01-20 23:05:17,800 | WARNING |   VOLUME SANITY REJECT: GRT-USD 2026-01-20 03:00:00 volume=0.00 < threshold=1000 (source=ALPACA)
2026-01-20 23:05:17,800 | WARNING |   VOLUME SANITY REJECT: GRT-USD 2026-01-20 04:00:00 volume=0.00 < threshold=1000 (source=ALPACA)
2026-01-20 23:05:17,800 | WARNING |   VOLUME SANITY REJECT: GRT-USD 2026-01-20 05:00:00 volume=0.00 < threshold=1000 (source=ALPACA)
2026-01-20 23:05:17,807 | WARNING |   VOLUME SANITY REJECT: GRT-USD 2026-01-20 06:00:00 volume=0.00 < threshold=1000 (source=ALPACA)
2026-01-20 23:05:17,811 | WARNING |   VOLUME SANITY REJECT: GRT-USD 2026-01-20 07:00:00 volume=0.00 < threshold=1000 (source=ALPACA)
2026-01-20 23:05:17,813 | WARNING |   VOLUME SANITY REJECT: GRT-USD 2026-01-20 08:00:00 volume=0.00 < threshold=1000 (source=ALPACA)
2026-01-20 23:05:17,816 | WARNING |   VOLUME SANITY REJECT: GRT-USD 2026-01-20 09:00:00 volume=0.00 < threshold=1000 (source=ALPACA)
2026-01-20 23:05:17,818 | WARNING |   VOLUME SANITY REJECT: GRT-USD 2026-01-20 10:00:00 volume=0.00 < threshold=1000 (source=ALPACA)
2026-01-20 23:05:17,818 | WARNING |   VOLUME SANITY REJECT: GRT-USD 2026-01-20 11:00:00 volume=0.00 < threshold=1000 (source=ALPACA)
2026-01-20 23:05:17,818 | WARNING |   VOLUME SANITY REJECT: GRT-USD 2026-01-20 12:00:00 volume=0.00 < threshold=1000 (source=ALPACA)
2026-01-20 23:05:17,818 | WARNING |   VOLUME SANITY REJECT: GRT-USD 2026-01-20 13:00:00 volume=0.00 < threshold=1000 (source=ALPACA)
2026-01-20 23:05:17,826 | WARNING |   VOLUME SANITY REJECT: GRT-USD 2026-01-20 14:00:00 volume=0.00 < threshold=1000 (source=ALPACA)
2026-01-20 23:05:17,826 | WARNING |   VOLUME SANITY REJECT: GRT-USD 2026-01-20 15:00:00 volume=0.00 < threshold=1000 (source=ALPACA)
2026-01-20 23:05:17,826 | WARNING |   VOLUME SANITY REJECT: GRT-USD 2026-01-20 16:00:00 volume=0.00 < threshold=1000 (source=ALPACA)
2026-01-20 23:05:17,826 | WARNING |   VOLUME SANITY REJECT: GRT-USD 2026-01-20 18:00:00 volume=500.00 < threshold=1000 (source=ALPACA)
2026-01-20 23:05:17,826 | WARNING |   VOLUME SANITY REJECT: GRT-USD 2026-01-20 19:00:00 volume=0.00 < threshold=1000 (source=ALPACA)
2026-01-20 23:05:17,826 | WARNING |   VOLUME SANITY REJECT: GRT-USD 2026-01-20 20:00:00 volume=0.00 < threshold=1000 (source=ALPACA)
2026-01-20 23:05:17,837 | WARNING |   VOLUME SANITY REJECT: GRT-USD 2026-01-20 21:00:00 volume=0.00 < threshold=1000 (source=ALPACA)
2026-01-20 23:05:17,839 | WARNING |   VOLUME SANITY REJECT: GRT-USD 2026-01-20 22:00:00 volume=0.00 < threshold=1000 (source=ALPACA)
2026-01-20 23:05:17,839 | WARNING |   [GRT-USD] 23 rows REJECTED by volume sanity, 1 rows INSERTED (source=ALPACA)
2026-01-20 23:05:17,839 | INFO |   [GRT-USD] +1 rows via ALPACA (latest: 2026-01-20 22:00:00+00:00)
2026-01-20 23:05:18,353 | INFO |   [HBAR-USD] Stale (22.1h > 6h) - fetching
2026-01-20 23:05:18,474 | WARNING |   [HBAR-USD] No data from Alpaca (STALE)
2026-01-20 23:05:18,987 | INFO |   [ICP-USD] Stale (22.1h > 6h) - fetching
2026-01-20 23:05:19,118 | WARNING |   [ICP-USD] No data from Alpaca (STALE)
2026-01-20 23:05:19,621 | INFO |   [INJ-USD] Stale (22.1h > 6h) - fetching
2026-01-20 23:05:19,737 | WARNING |   [INJ-USD] No data from Alpaca (STALE)
2026-01-20 23:05:20,245 | INFO |   [LDO-USD] Stale (22.1h > 6h) - fetching
2026-01-20 23:05:20,376 | WARNING |   [LDO-USD] No data from Alpaca (STALE)
2026-01-20 23:05:20,882 | INFO |   [LINK-USD] Stale (16.1h > 6h) - fetching
2026-01-20 23:05:21,030 | WARNING |   VOLUME SANITY REJECT: LINK-USD 2026-01-19 23:00:00 volume=0.84 < threshold=1000 (source=ALPACA)
2026-01-20 23:05:21,031 | WARNING |   VOLUME SANITY REJECT: LINK-USD 2026-01-20 00:00:00 volume=7.61 < threshold=1000 (source=ALPACA)
2026-01-20 23:05:21,032 | WARNING |   VOLUME SANITY REJECT: LINK-USD 2026-01-20 01:00:00 volume=0.00 < threshold=1000 (source=ALPACA)
2026-01-20 23:05:21,032 | WARNING |   VOLUME SANITY REJECT: LINK-USD 2026-01-20 02:00:00 volume=0.49 < threshold=1000 (source=ALPACA)
2026-01-20 23:05:21,033 | WARNING |   VOLUME SANITY REJECT: LINK-USD 2026-01-20 03:00:00 volume=0.00 < threshold=1000 (source=ALPACA)
2026-01-20 23:05:21,034 | WARNING |   VOLUME SANITY REJECT: LINK-USD 2026-01-20 04:00:00 volume=30.72 < threshold=1000 (source=ALPACA)
2026-01-20 23:05:21,034 | WARNING |   VOLUME SANITY REJECT: LINK-USD 2026-01-20 05:00:00 volume=0.38 < threshold=1000 (source=ALPACA)
2026-01-20 23:05:21,035 | WARNING |   VOLUME SANITY REJECT: LINK-USD 2026-01-20 07:00:00 volume=0.51 < threshold=1000 (source=ALPACA)
2026-01-20 23:05:21,036 | WARNING |   VOLUME SANITY REJECT: LINK-USD 2026-01-20 08:00:00 volume=5.54 < threshold=1000 (source=ALPACA)
2026-01-20 23:05:21,036 | WARNING |   VOLUME SANITY REJECT: LINK-USD 2026-01-20 09:00:00 volume=17.59 < threshold=1000 (source=ALPACA)
2026-01-20 23:05:21,036 | WARNING |   VOLUME SANITY REJECT: LINK-USD 2026-01-20 10:00:00 volume=18.57 < threshold=1000 (source=ALPACA)
2026-01-20 23:05:21,036 | WARNING |   VOLUME SANITY REJECT: LINK-USD 2026-01-20 11:00:00 volume=11.14 < threshold=1000 (source=ALPACA)
2026-01-20 23:05:21,036 | WARNING |   VOLUME SANITY REJECT: LINK-USD 2026-01-20 12:00:00 volume=20.22 < threshold=1000 (source=ALPACA)
2026-01-20 23:05:21,036 | WARNING |   VOLUME SANITY REJECT: LINK-USD 2026-01-20 13:00:00 volume=91.87 < threshold=1000 (source=ALPACA)
2026-01-20 23:05:21,036 | WARNING |   VOLUME SANITY REJECT: LINK-USD 2026-01-20 14:00:00 volume=47.13 < threshold=1000 (source=ALPACA)
2026-01-20 23:05:21,036 | WARNING |   VOLUME SANITY REJECT: LINK-USD 2026-01-20 15:00:00 volume=142.51 < threshold=1000 (source=ALPACA)
2026-01-20 23:05:21,036 | WARNING |   VOLUME SANITY REJECT: LINK-USD 2026-01-20 16:00:00 volume=437.88 < threshold=1000 (source=ALPACA)
2026-01-20 23:05:21,036 | WARNING |   VOLUME SANITY REJECT: LINK-USD 2026-01-20 17:00:00 volume=3.02 < threshold=1000 (source=ALPACA)
2026-01-20 23:05:21,036 | WARNING |   VOLUME SANITY REJECT: LINK-USD 2026-01-20 18:00:00 volume=0.00 < threshold=1000 (source=ALPACA)
2026-01-20 23:05:21,036 | WARNING |   VOLUME SANITY REJECT: LINK-USD 2026-01-20 19:00:00 volume=153.15 < threshold=1000 (source=ALPACA)
2026-01-20 23:05:21,042 | WARNING |   VOLUME SANITY REJECT: LINK-USD 2026-01-20 20:00:00 volume=148.51 < threshold=1000 (source=ALPACA)
2026-01-20 23:05:21,042 | WARNING |   VOLUME SANITY REJECT: LINK-USD 2026-01-20 21:00:00 volume=46.87 < threshold=1000 (source=ALPACA)
2026-01-20 23:05:21,042 | WARNING |   VOLUME SANITY REJECT: LINK-USD 2026-01-20 22:00:00 volume=0.00 < threshold=1000 (source=ALPACA)
2026-01-20 23:05:21,042 | WARNING |   [LINK-USD] 23 rows REJECTED by volume sanity, 1 rows INSERTED (source=ALPACA)
2026-01-20 23:05:21,042 | INFO |   [LINK-USD] +1 rows via ALPACA (latest: 2026-01-20 22:00:00+00:00)
2026-01-20 23:05:21,551 | INFO |   [LTC-USD] Stale (22.1h > 6h) - fetching
2026-01-20 23:05:21,681 | WARNING |   VOLUME SANITY REJECT: LTC-USD 2026-01-19 23:00:00 volume=0.00 < threshold=1000 (source=ALPACA)
2026-01-20 23:05:21,681 | WARNING |   VOLUME SANITY REJECT: LTC-USD 2026-01-20 00:00:00 volume=0.00 < threshold=1000 (source=ALPACA)
2026-01-20 23:05:21,691 | WARNING |   VOLUME SANITY REJECT: LTC-USD 2026-01-20 01:00:00 volume=0.00 < threshold=1000 (source=ALPACA)
2026-01-20 23:05:21,691 | WARNING |   VOLUME SANITY REJECT: LTC-USD 2026-01-20 02:00:00 volume=0.00 < threshold=1000 (source=ALPACA)
2026-01-20 23:05:21,691 | WARNING |   VOLUME SANITY REJECT: LTC-USD 2026-01-20 03:00:00 volume=0.00 < threshold=1000 (source=ALPACA)
2026-01-20 23:05:21,691 | WARNING |   VOLUME SANITY REJECT: LTC-USD 2026-01-20 04:00:00 volume=0.00 < threshold=1000 (source=ALPACA)
2026-01-20 23:05:21,691 | WARNING |   VOLUME SANITY REJECT: LTC-USD 2026-01-20 05:00:00 volume=0.00 < threshold=1000 (source=ALPACA)
2026-01-20 23:05:21,691 | WARNING |   VOLUME SANITY REJECT: LTC-USD 2026-01-20 06:00:00 volume=0.14 < threshold=1000 (source=ALPACA)
2026-01-20 23:05:21,691 | WARNING |   VOLUME SANITY REJECT: LTC-USD 2026-01-20 07:00:00 volume=1.14 < threshold=1000 (source=ALPACA)
2026-01-20 23:05:21,691 | WARNING |   VOLUME SANITY REJECT: LTC-USD 2026-01-20 08:00:00 volume=0.00 < threshold=1000 (source=ALPACA)
2026-01-20 23:05:21,691 | WARNING |   VOLUME SANITY REJECT: LTC-USD 2026-01-20 09:00:00 volume=0.10 < threshold=1000 (source=ALPACA)
2026-01-20 23:05:21,691 | WARNING |   VOLUME SANITY REJECT: LTC-USD 2026-01-20 10:00:00 volume=0.99 < threshold=1000 (source=ALPACA)
2026-01-20 23:05:21,691 | WARNING |   VOLUME SANITY REJECT: LTC-USD 2026-01-20 11:00:00 volume=0.20 < threshold=1000 (source=ALPACA)
2026-01-20 23:05:21,691 | WARNING |   VOLUME SANITY REJECT: LTC-USD 2026-01-20 12:00:00 volume=0.00 < threshold=1000 (source=ALPACA)
2026-01-20 23:05:21,691 | WARNING |   VOLUME SANITY REJECT: LTC-USD 2026-01-20 13:00:00 volume=0.00 < threshold=1000 (source=ALPACA)
2026-01-20 23:05:21,691 | WARNING |   VOLUME SANITY REJECT: LTC-USD 2026-01-20 14:00:00 volume=0.90 < threshold=1000 (source=ALPACA)
2026-01-20 23:05:21,691 | WARNING |   VOLUME SANITY REJECT: LTC-USD 2026-01-20 15:00:00 volume=2.45 < threshold=1000 (source=ALPACA)
2026-01-20 23:05:21,691 | WARNING |   VOLUME SANITY REJECT: LTC-USD 2026-01-20 16:00:00 volume=0.95 < threshold=1000 (source=ALPACA)
2026-01-20 23:05:21,691 | WARNING |   VOLUME SANITY REJECT: LTC-USD 2026-01-20 17:00:00 volume=0.20 < threshold=1000 (source=ALPACA)
2026-01-20 23:05:21,691 | WARNING |   VOLUME SANITY REJECT: LTC-USD 2026-01-20 18:00:00 volume=0.03 < threshold=1000 (source=ALPACA)
2026-01-20 23:05:21,691 | WARNING |   VOLUME SANITY REJECT: LTC-USD 2026-01-20 19:00:00 volume=8.20 < threshold=1000 (source=ALPACA)
2026-01-20 23:05:21,701 | WARNING |   VOLUME SANITY REJECT: LTC-USD 2026-01-20 20:00:00 volume=2.49 < threshold=1000 (source=ALPACA)
2026-01-20 23:05:21,701 | WARNING |   VOLUME SANITY REJECT: LTC-USD 2026-01-20 21:00:00 volume=0.06 < threshold=1000 (source=ALPACA)
2026-01-20 23:05:21,701 | WARNING |   VOLUME SANITY REJECT: LTC-USD 2026-01-20 22:00:00 volume=0.00 < threshold=1000 (source=ALPACA)
2026-01-20 23:05:21,701 | WARNING |   [LTC-USD] ALL 24 rows REJECTED by volume sanity check (source=ALPACA)
2026-01-20 23:05:21,701 | WARNING |   [LTC-USD] 0 rows written despite 24 bars received
2026-01-20 23:05:22,207 | INFO |   [MANA-USD] Stale (22.1h > 6h) - fetching
2026-01-20 23:05:22,332 | WARNING |   [MANA-USD] No data from Alpaca (STALE)
2026-01-20 23:05:22,836 | INFO |   [MKR-USD] Stale (22.1h > 6h) - fetching
2026-01-20 23:05:22,960 | WARNING |   [MKR-USD] No data from Alpaca (STALE)
2026-01-20 23:05:23,464 | INFO |   [NEAR-USD] Stale (22.1h > 6h) - fetching
2026-01-20 23:05:23,590 | WARNING |   [NEAR-USD] No data from Alpaca (STALE)
2026-01-20 23:05:24,100 | INFO |   [OKB-USD] Stale (22.1h > 6h) - fetching
2026-01-20 23:05:24,222 | WARNING |   [OKB-USD] No data from Alpaca (STALE)
2026-01-20 23:05:24,731 | INFO |   [QNT-USD] Stale (22.1h > 6h) - fetching
2026-01-20 23:05:24,857 | WARNING |   [QNT-USD] No data from Alpaca (STALE)
2026-01-20 23:05:25,363 | INFO |   [RPL-USD] Stale (22.1h > 6h) - fetching
2026-01-20 23:05:25,495 | WARNING |   [RPL-USD] No data from Alpaca (STALE)
2026-01-20 23:05:26,004 | INFO |   [RUNE-USD] Stale (22.1h > 6h) - fetching
2026-01-20 23:05:26,123 | WARNING |   [RUNE-USD] No data from Alpaca (STALE)
2026-01-20 23:05:26,633 | INFO |   [SAND-USD] Stale (22.1h > 6h) - fetching
2026-01-20 23:05:26,762 | WARNING |   [SAND-USD] No data from Alpaca (STALE)
2026-01-20 23:05:27,266 | INFO |   [SHIB-USD] Stale (22.1h > 6h) - fetching
2026-01-20 23:05:27,422 | WARNING |   VOLUME SANITY REJECT: SHIB-USD 2026-01-19 23:00:00 volume=0.00 < threshold=1000 (source=ALPACA)
2026-01-20 23:05:27,422 | WARNING |   VOLUME SANITY REJECT: SHIB-USD 2026-01-20 00:00:00 volume=0.00 < threshold=1000 (source=ALPACA)
2026-01-20 23:05:27,427 | WARNING |   VOLUME SANITY REJECT: SHIB-USD 2026-01-20 01:00:00 volume=0.00 < threshold=1000 (source=ALPACA)
2026-01-20 23:05:27,427 | WARNING |   VOLUME SANITY REJECT: SHIB-USD 2026-01-20 02:00:00 volume=0.00 < threshold=1000 (source=ALPACA)
2026-01-20 23:05:27,427 | WARNING |   VOLUME SANITY REJECT: SHIB-USD 2026-01-20 03:00:00 volume=0.00 < threshold=1000 (source=ALPACA)
2026-01-20 23:05:27,427 | WARNING |   VOLUME SANITY REJECT: SHIB-USD 2026-01-20 04:00:00 volume=0.00 < threshold=1000 (source=ALPACA)
2026-01-20 23:05:27,433 | WARNING |   VOLUME SANITY REJECT: SHIB-USD 2026-01-20 05:00:00 volume=0.00 < threshold=1000 (source=ALPACA)
2026-01-20 23:05:27,433 | WARNING |   VOLUME SANITY REJECT: SHIB-USD 2026-01-20 06:00:00 volume=0.00 < threshold=1000 (source=ALPACA)
2026-01-20 23:05:27,433 | WARNING |   VOLUME SANITY REJECT: SHIB-USD 2026-01-20 07:00:00 volume=0.00 < threshold=1000 (source=ALPACA)
2026-01-20 23:05:27,433 | WARNING |   VOLUME SANITY REJECT: SHIB-USD 2026-01-20 08:00:00 volume=0.00 < threshold=1000 (source=ALPACA)
2026-01-20 23:05:27,433 | WARNING |   VOLUME SANITY REJECT: SHIB-USD 2026-01-20 09:00:00 volume=0.00 < threshold=1000 (source=ALPACA)
2026-01-20 23:05:27,433 | WARNING |   VOLUME SANITY REJECT: SHIB-USD 2026-01-20 10:00:00 volume=0.00 < threshold=1000 (source=ALPACA)
2026-01-20 23:05:27,445 | WARNING |   VOLUME SANITY REJECT: SHIB-USD 2026-01-20 12:00:00 volume=0.00 < threshold=1000 (source=ALPACA)
2026-01-20 23:05:27,445 | WARNING |   VOLUME SANITY REJECT: SHIB-USD 2026-01-20 13:00:00 volume=0.00 < threshold=1000 (source=ALPACA)
2026-01-20 23:05:27,449 | WARNING |   VOLUME SANITY REJECT: SHIB-USD 2026-01-20 15:00:00 volume=0.00 < threshold=1000 (source=ALPACA)
2026-01-20 23:05:27,449 | WARNING |   VOLUME SANITY REJECT: SHIB-USD 2026-01-20 17:00:00 volume=0.00 < threshold=1000 (source=ALPACA)
2026-01-20 23:05:27,449 | WARNING |   VOLUME SANITY REJECT: SHIB-USD 2026-01-20 21:00:00 volume=0.00 < threshold=1000 (source=ALPACA)
2026-01-20 23:05:27,453 | WARNING |   VOLUME SANITY REJECT: SHIB-USD 2026-01-20 22:00:00 volume=0.00 < threshold=1000 (source=ALPACA)
2026-01-20 23:05:27,469 | WARNING |   [SHIB-USD] 18 rows REJECTED by volume sanity, 6 rows INSERTED (source=ALPACA)
2026-01-20 23:05:27,477 | INFO |   [SHIB-USD] +6 rows via ALPACA (latest: 2026-01-20 22:00:00+00:00)
2026-01-20 23:05:27,985 | INFO |   [SNX-USD] Stale (22.1h > 6h) - fetching
2026-01-20 23:05:28,111 | WARNING |   [SNX-USD] No data from Alpaca (STALE)
2026-01-20 23:05:28,621 | INFO |   [SOL-USD] Stale (22.1h > 6h) - fetching
2026-01-20 23:05:28,748 | WARNING |   VOLUME SANITY REJECT: SOL-USD 2026-01-19 23:00:00 volume=13.35 < threshold=1000 (source=ALPACA)
2026-01-20 23:05:28,748 | WARNING |   VOLUME SANITY REJECT: SOL-USD 2026-01-20 00:00:00 volume=2.09 < threshold=1000 (source=ALPACA)
2026-01-20 23:05:28,748 | WARNING |   VOLUME SANITY REJECT: SOL-USD 2026-01-20 01:00:00 volume=0.16 < threshold=1000 (source=ALPACA)
2026-01-20 23:05:28,748 | WARNING |   VOLUME SANITY REJECT: SOL-USD 2026-01-20 02:00:00 volume=0.11 < threshold=1000 (source=ALPACA)
2026-01-20 23:05:28,748 | WARNING |   VOLUME SANITY REJECT: SOL-USD 2026-01-20 03:00:00 volume=0.00 < threshold=1000 (source=ALPACA)
2026-01-20 23:05:28,748 | WARNING |   VOLUME SANITY REJECT: SOL-USD 2026-01-20 04:00:00 volume=0.15 < threshold=1000 (source=ALPACA)
2026-01-20 23:05:28,748 | WARNING |   VOLUME SANITY REJECT: SOL-USD 2026-01-20 05:00:00 volume=0.92 < threshold=1000 (source=ALPACA)
2026-01-20 23:05:28,748 | WARNING |   VOLUME SANITY REJECT: SOL-USD 2026-01-20 06:00:00 volume=39.83 < threshold=1000 (source=ALPACA)
2026-01-20 23:05:28,748 | WARNING |   VOLUME SANITY REJECT: SOL-USD 2026-01-20 07:00:00 volume=0.26 < threshold=1000 (source=ALPACA)
2026-01-20 23:05:28,748 | WARNING |   VOLUME SANITY REJECT: SOL-USD 2026-01-20 08:00:00 volume=6.30 < threshold=1000 (source=ALPACA)
2026-01-20 23:05:28,759 | WARNING |   VOLUME SANITY REJECT: SOL-USD 2026-01-20 09:00:00 volume=8.13 < threshold=1000 (source=ALPACA)
2026-01-20 23:05:28,761 | WARNING |   VOLUME SANITY REJECT: SOL-USD 2026-01-20 10:00:00 volume=7.38 < threshold=1000 (source=ALPACA)
2026-01-20 23:05:28,767 | WARNING |   VOLUME SANITY REJECT: SOL-USD 2026-01-20 11:00:00 volume=1.95 < threshold=1000 (source=ALPACA)
2026-01-20 23:05:28,767 | WARNING |   VOLUME SANITY REJECT: SOL-USD 2026-01-20 12:00:00 volume=107.31 < threshold=1000 (source=ALPACA)
2026-01-20 23:05:28,768 | WARNING |   VOLUME SANITY REJECT: SOL-USD 2026-01-20 13:00:00 volume=5.22 < threshold=1000 (source=ALPACA)
2026-01-20 23:05:28,769 | WARNING |   VOLUME SANITY REJECT: SOL-USD 2026-01-20 14:00:00 volume=4.80 < threshold=1000 (source=ALPACA)
2026-01-20 23:05:28,769 | WARNING |   VOLUME SANITY REJECT: SOL-USD 2026-01-20 15:00:00 volume=56.41 < threshold=1000 (source=ALPACA)
2026-01-20 23:05:28,770 | WARNING |   VOLUME SANITY REJECT: SOL-USD 2026-01-20 16:00:00 volume=106.41 < threshold=1000 (source=ALPACA)
2026-01-20 23:05:28,770 | WARNING |   VOLUME SANITY REJECT: SOL-USD 2026-01-20 17:00:00 volume=9.82 < threshold=1000 (source=ALPACA)
2026-01-20 23:05:28,770 | WARNING |   VOLUME SANITY REJECT: SOL-USD 2026-01-20 18:00:00 volume=2.17 < threshold=1000 (source=ALPACA)
2026-01-20 23:05:28,771 | WARNING |   VOLUME SANITY REJECT: SOL-USD 2026-01-20 19:00:00 volume=46.04 < threshold=1000 (source=ALPACA)
2026-01-20 23:05:28,772 | WARNING |   VOLUME SANITY REJECT: SOL-USD 2026-01-20 20:00:00 volume=24.07 < threshold=1000 (source=ALPACA)
2026-01-20 23:05:28,773 | WARNING |   VOLUME SANITY REJECT: SOL-USD 2026-01-20 21:00:00 volume=0.00 < threshold=1000 (source=ALPACA)
2026-01-20 23:05:28,773 | WARNING |   VOLUME SANITY REJECT: SOL-USD 2026-01-20 22:00:00 volume=0.00 < threshold=1000 (source=ALPACA)
2026-01-20 23:05:28,774 | WARNING |   [SOL-USD] ALL 24 rows REJECTED by volume sanity check (source=ALPACA)
2026-01-20 23:05:28,774 | WARNING |   [SOL-USD] 0 rows written despite 24 bars received
2026-01-20 23:05:29,282 | INFO |   [THETA-USD] Stale (22.1h > 6h) - fetching
2026-01-20 23:05:29,428 | WARNING |   [THETA-USD] No data from Alpaca (STALE)
2026-01-20 23:05:29,935 | INFO |   [TRX-USD] Stale (22.1h > 6h) - fetching
2026-01-20 23:05:30,052 | WARNING |   [TRX-USD] No data from Alpaca (STALE)
2026-01-20 23:05:30,565 | INFO |   [UNI-USD] Stale (10.5h > 6h) - fetching
2026-01-20 23:05:30,702 | WARNING |   VOLUME SANITY REJECT: UNI-USD 2026-01-19 23:00:00 volume=0.00 < threshold=1000 (source=ALPACA)
2026-01-20 23:05:30,702 | WARNING |   VOLUME SANITY REJECT: UNI-USD 2026-01-20 00:00:00 volume=0.00 < threshold=1000 (source=ALPACA)
2026-01-20 23:05:30,702 | WARNING |   VOLUME SANITY REJECT: UNI-USD 2026-01-20 01:00:00 volume=1.02 < threshold=1000 (source=ALPACA)
2026-01-20 23:05:30,702 | WARNING |   VOLUME SANITY REJECT: UNI-USD 2026-01-20 02:00:00 volume=0.00 < threshold=1000 (source=ALPACA)
2026-01-20 23:05:30,702 | WARNING |   VOLUME SANITY REJECT: UNI-USD 2026-01-20 03:00:00 volume=3.82 < threshold=1000 (source=ALPACA)
2026-01-20 23:05:30,705 | WARNING |   VOLUME SANITY REJECT: UNI-USD 2026-01-20 04:00:00 volume=5.00 < threshold=1000 (source=ALPACA)
2026-01-20 23:05:30,705 | WARNING |   VOLUME SANITY REJECT: UNI-USD 2026-01-20 05:00:00 volume=0.84 < threshold=1000 (source=ALPACA)
2026-01-20 23:05:30,705 | WARNING |   VOLUME SANITY REJECT: UNI-USD 2026-01-20 06:00:00 volume=0.00 < threshold=1000 (source=ALPACA)
2026-01-20 23:05:30,705 | WARNING |   VOLUME SANITY REJECT: UNI-USD 2026-01-20 07:00:00 volume=0.00 < threshold=1000 (source=ALPACA)
2026-01-20 23:05:30,705 | WARNING |   VOLUME SANITY REJECT: UNI-USD 2026-01-20 08:00:00 volume=81.29 < threshold=1000 (source=ALPACA)
2026-01-20 23:05:30,705 | WARNING |   VOLUME SANITY REJECT: UNI-USD 2026-01-20 09:00:00 volume=0.00 < threshold=1000 (source=ALPACA)
2026-01-20 23:05:30,705 | WARNING |   VOLUME SANITY REJECT: UNI-USD 2026-01-20 10:00:00 volume=231.34 < threshold=1000 (source=ALPACA)
2026-01-20 23:05:30,705 | WARNING |   VOLUME SANITY REJECT: UNI-USD 2026-01-20 11:00:00 volume=2.71 < threshold=1000 (source=ALPACA)
2026-01-20 23:05:30,705 | WARNING |   VOLUME SANITY REJECT: UNI-USD 2026-01-20 12:00:00 volume=0.00 < threshold=1000 (source=ALPACA)
2026-01-20 23:05:30,712 | WARNING |   VOLUME SANITY REJECT: UNI-USD 2026-01-20 13:00:00 volume=2.00 < threshold=1000 (source=ALPACA)
2026-01-20 23:05:30,712 | WARNING |   VOLUME SANITY REJECT: UNI-USD 2026-01-20 14:00:00 volume=2.00 < threshold=1000 (source=ALPACA)
2026-01-20 23:05:30,712 | WARNING |   VOLUME SANITY REJECT: UNI-USD 2026-01-20 15:00:00 volume=202.00 < threshold=1000 (source=ALPACA)
2026-01-20 23:05:30,712 | WARNING |   VOLUME SANITY REJECT: UNI-USD 2026-01-20 16:00:00 volume=2.54 < threshold=1000 (source=ALPACA)
2026-01-20 23:05:30,712 | WARNING |   VOLUME SANITY REJECT: UNI-USD 2026-01-20 17:00:00 volume=4.00 < threshold=1000 (source=ALPACA)
2026-01-20 23:05:30,712 | WARNING |   VOLUME SANITY REJECT: UNI-USD 2026-01-20 18:00:00 volume=0.99 < threshold=1000 (source=ALPACA)
2026-01-20 23:05:30,712 | WARNING |   VOLUME SANITY REJECT: UNI-USD 2026-01-20 19:00:00 volume=0.00 < threshold=1000 (source=ALPACA)
2026-01-20 23:05:30,712 | WARNING |   VOLUME SANITY REJECT: UNI-USD 2026-01-20 20:00:00 volume=121.05 < threshold=1000 (source=ALPACA)
2026-01-20 23:05:30,712 | WARNING |   VOLUME SANITY REJECT: UNI-USD 2026-01-20 21:00:00 volume=0.00 < threshold=1000 (source=ALPACA)
2026-01-20 23:05:30,712 | WARNING |   VOLUME SANITY REJECT: UNI-USD 2026-01-20 22:00:00 volume=0.00 < threshold=1000 (source=ALPACA)
2026-01-20 23:05:30,712 | WARNING |   [UNI-USD] ALL 24 rows REJECTED by volume sanity check (source=ALPACA)
2026-01-20 23:05:30,712 | WARNING |   [UNI-USD] 0 rows written despite 24 bars received
2026-01-20 23:05:31,219 | INFO |   [VET-USD] Stale (22.1h > 6h) - fetching
2026-01-20 23:05:31,370 | WARNING |   [VET-USD] No data from Alpaca (STALE)
2026-01-20 23:05:31,875 | INFO |   [XLM-USD] Stale (22.1h > 6h) - fetching
2026-01-20 23:05:31,999 | WARNING |   [XLM-USD] No data from Alpaca (STALE)
2026-01-20 23:05:32,501 | INFO |   [XMR-USD] Stale (22.1h > 6h) - fetching
2026-01-20 23:05:32,621 | WARNING |   [XMR-USD] No data from Alpaca (STALE)
2026-01-20 23:05:33,128 | INFO |   [XRP-USD] Stale (14.1h > 6h) - fetching
2026-01-20 23:05:33,276 | WARNING |   VOLUME SANITY REJECT: XRP-USD 2026-01-19 23:00:00 volume=73.82 < threshold=1000 (source=ALPACA)
2026-01-20 23:05:33,293 | WARNING |   VOLUME SANITY REJECT: XRP-USD 2026-01-20 00:00:00 volume=20.76 < threshold=1000 (source=ALPACA)
2026-01-20 23:05:33,293 | WARNING |   VOLUME SANITY REJECT: XRP-USD 2026-01-20 01:00:00 volume=96.68 < threshold=1000 (source=ALPACA)
2026-01-20 23:05:33,293 | WARNING |   VOLUME SANITY REJECT: XRP-USD 2026-01-20 02:00:00 volume=223.45 < threshold=1000 (source=ALPACA)
2026-01-20 23:05:33,302 | WARNING |   VOLUME SANITY REJECT: XRP-USD 2026-01-20 03:00:00 volume=151.59 < threshold=1000 (source=ALPACA)
2026-01-20 23:05:33,303 | WARNING |   VOLUME SANITY REJECT: XRP-USD 2026-01-20 04:00:00 volume=407.54 < threshold=1000 (source=ALPACA)
2026-01-20 23:05:33,303 | WARNING |   VOLUME SANITY REJECT: XRP-USD 2026-01-20 05:00:00 volume=186.59 < threshold=1000 (source=ALPACA)
2026-01-20 23:05:33,303 | WARNING |   VOLUME SANITY REJECT: XRP-USD 2026-01-20 07:00:00 volume=119.86 < threshold=1000 (source=ALPACA)
2026-01-20 23:05:33,303 | WARNING |   VOLUME SANITY REJECT: XRP-USD 2026-01-20 09:00:00 volume=142.98 < threshold=1000 (source=ALPACA)
2026-01-20 23:05:33,314 | WARNING |   VOLUME SANITY REJECT: XRP-USD 2026-01-20 10:00:00 volume=160.81 < threshold=1000 (source=ALPACA)
2026-01-20 23:05:33,314 | WARNING |   VOLUME SANITY REJECT: XRP-USD 2026-01-20 11:00:00 volume=182.34 < threshold=1000 (source=ALPACA)
2026-01-20 23:05:33,314 | WARNING |   VOLUME SANITY REJECT: XRP-USD 2026-01-20 12:00:00 volume=775.25 < threshold=1000 (source=ALPACA)
2026-01-20 23:05:33,314 | WARNING |   VOLUME SANITY REJECT: XRP-USD 2026-01-20 13:00:00 volume=132.88 < threshold=1000 (source=ALPACA)
2026-01-20 23:05:33,314 | WARNING |   VOLUME SANITY REJECT: XRP-USD 2026-01-20 14:00:00 volume=285.29 < threshold=1000 (source=ALPACA)
2026-01-20 23:05:33,314 | WARNING |   VOLUME SANITY REJECT: XRP-USD 2026-01-20 15:00:00 volume=589.89 < threshold=1000 (source=ALPACA)
2026-01-20 23:05:33,314 | WARNING |   VOLUME SANITY REJECT: XRP-USD 2026-01-20 21:00:00 volume=235.31 < threshold=1000 (source=ALPACA)
2026-01-20 23:05:33,324 | WARNING |   VOLUME SANITY REJECT: XRP-USD 2026-01-20 22:00:00 volume=0.00 < threshold=1000 (source=ALPACA)
2026-01-20 23:05:33,324 | WARNING |   [XRP-USD] 17 rows REJECTED by volume sanity, 7 rows INSERTED (source=ALPACA)
2026-01-20 23:05:33,324 | INFO |   [XRP-USD] +7 rows via ALPACA (latest: 2026-01-20 22:00:00+00:00)
2026-01-20 23:05:33,835 | INFO |   [XTZ-USD] Stale (22.1h > 6h) - fetching
2026-01-20 23:05:33,955 | WARNING |   VOLUME SANITY REJECT: XTZ-USD 2026-01-19 23:00:00 volume=0.00 < threshold=1000 (source=ALPACA)
2026-01-20 23:05:33,965 | WARNING |   VOLUME SANITY REJECT: XTZ-USD 2026-01-20 00:00:00 volume=0.00 < threshold=1000 (source=ALPACA)
2026-01-20 23:05:33,965 | WARNING |   VOLUME SANITY REJECT: XTZ-USD 2026-01-20 01:00:00 volume=0.00 < threshold=1000 (source=ALPACA)
2026-01-20 23:05:33,965 | WARNING |   VOLUME SANITY REJECT: XTZ-USD 2026-01-20 02:00:00 volume=0.00 < threshold=1000 (source=ALPACA)
2026-01-20 23:05:33,965 | WARNING |   VOLUME SANITY REJECT: XTZ-USD 2026-01-20 03:00:00 volume=0.00 < threshold=1000 (source=ALPACA)
2026-01-20 23:05:33,965 | WARNING |   VOLUME SANITY REJECT: XTZ-USD 2026-01-20 04:00:00 volume=0.00 < threshold=1000 (source=ALPACA)
2026-01-20 23:05:33,965 | WARNING |   VOLUME SANITY REJECT: XTZ-USD 2026-01-20 05:00:00 volume=0.00 < threshold=1000 (source=ALPACA)
2026-01-20 23:05:33,965 | WARNING |   VOLUME SANITY REJECT: XTZ-USD 2026-01-20 06:00:00 volume=0.00 < threshold=1000 (source=ALPACA)
2026-01-20 23:05:33,965 | WARNING |   VOLUME SANITY REJECT: XTZ-USD 2026-01-20 07:00:00 volume=0.00 < threshold=1000 (source=ALPACA)
2026-01-20 23:05:33,965 | WARNING |   VOLUME SANITY REJECT: XTZ-USD 2026-01-20 08:00:00 volume=0.00 < threshold=1000 (source=ALPACA)
2026-01-20 23:05:33,965 | WARNING |   VOLUME SANITY REJECT: XTZ-USD 2026-01-20 09:00:00 volume=0.00 < threshold=1000 (source=ALPACA)
2026-01-20 23:05:33,965 | WARNING |   VOLUME SANITY REJECT: XTZ-USD 2026-01-20 10:00:00 volume=0.00 < threshold=1000 (source=ALPACA)
2026-01-20 23:05:33,970 | WARNING |   VOLUME SANITY REJECT: XTZ-USD 2026-01-20 11:00:00 volume=0.00 < threshold=1000 (source=ALPACA)
2026-01-20 23:05:33,971 | WARNING |   VOLUME SANITY REJECT: XTZ-USD 2026-01-20 12:00:00 volume=0.00 < threshold=1000 (source=ALPACA)
2026-01-20 23:05:33,971 | WARNING |   VOLUME SANITY REJECT: XTZ-USD 2026-01-20 13:00:00 volume=0.00 < threshold=1000 (source=ALPACA)
2026-01-20 23:05:33,971 | WARNING |   VOLUME SANITY REJECT: XTZ-USD 2026-01-20 14:00:00 volume=0.00 < threshold=1000 (source=ALPACA)
2026-01-20 23:05:33,971 | WARNING |   VOLUME SANITY REJECT: XTZ-USD 2026-01-20 15:00:00 volume=0.00 < threshold=1000 (source=ALPACA)
2026-01-20 23:05:33,971 | WARNING |   VOLUME SANITY REJECT: XTZ-USD 2026-01-20 16:00:00 volume=0.00 < threshold=1000 (source=ALPACA)
2026-01-20 23:05:33,971 | WARNING |   VOLUME SANITY REJECT: XTZ-USD 2026-01-20 17:00:00 volume=0.00 < threshold=1000 (source=ALPACA)
2026-01-20 23:05:33,971 | WARNING |   VOLUME SANITY REJECT: XTZ-USD 2026-01-20 19:00:00 volume=0.00 < threshold=1000 (source=ALPACA)
2026-01-20 23:05:33,975 | WARNING |   VOLUME SANITY REJECT: XTZ-USD 2026-01-20 20:00:00 volume=510.58 < threshold=1000 (source=ALPACA)
2026-01-20 23:05:33,975 | WARNING |   VOLUME SANITY REJECT: XTZ-USD 2026-01-20 21:00:00 volume=0.00 < threshold=1000 (source=ALPACA)
2026-01-20 23:05:33,975 | WARNING |   VOLUME SANITY REJECT: XTZ-USD 2026-01-20 22:00:00 volume=0.00 < threshold=1000 (source=ALPACA)
2026-01-20 23:05:33,975 | WARNING |   [XTZ-USD] 23 rows REJECTED by volume sanity, 1 rows INSERTED (source=ALPACA)
2026-01-20 23:05:33,975 | INFO |   [XTZ-USD] +1 rows via ALPACA (latest: 2026-01-20 22:00:00+00:00)
2026-01-20 23:05:34,503 | INFO |   [ZEC-USD] Stale (22.1h > 6h) - fetching
2026-01-20 23:05:34,627 | WARNING |   [ZEC-USD] No data from Alpaca (STALE)
2026-01-20 23:05:35,140 | INFO |   [AAVE-USD] Stale (22.1h > 6h) - fetching
2026-01-20 23:05:35,271 | WARNING |   VOLUME SANITY REJECT: AAVE-USD 2026-01-19 23:00:00 volume=0.00 < threshold=1000 (source=ALPACA)
2026-01-20 23:05:35,272 | WARNING |   VOLUME SANITY REJECT: AAVE-USD 2026-01-20 00:00:00 volume=0.00 < threshold=1000 (source=ALPACA)
2026-01-20 23:05:35,272 | WARNING |   VOLUME SANITY REJECT: AAVE-USD 2026-01-20 01:00:00 volume=0.00 < threshold=1000 (source=ALPACA)
2026-01-20 23:05:35,273 | WARNING |   VOLUME SANITY REJECT: AAVE-USD 2026-01-20 02:00:00 volume=0.06 < threshold=1000 (source=ALPACA)
2026-01-20 23:05:35,274 | WARNING |   VOLUME SANITY REJECT: AAVE-USD 2026-01-20 03:00:00 volume=0.00 < threshold=1000 (source=ALPACA)
2026-01-20 23:05:35,275 | WARNING |   VOLUME SANITY REJECT: AAVE-USD 2026-01-20 04:00:00 volume=0.00 < threshold=1000 (source=ALPACA)
2026-01-20 23:05:35,275 | WARNING |   VOLUME SANITY REJECT: AAVE-USD 2026-01-20 05:00:00 volume=0.03 < threshold=1000 (source=ALPACA)
2026-01-20 23:05:35,276 | WARNING |   VOLUME SANITY REJECT: AAVE-USD 2026-01-20 06:00:00 volume=32.10 < threshold=1000 (source=ALPACA)
2026-01-20 23:05:35,277 | WARNING |   VOLUME SANITY REJECT: AAVE-USD 2026-01-20 07:00:00 volume=0.00 < threshold=1000 (source=ALPACA)
2026-01-20 23:05:35,277 | WARNING |   VOLUME SANITY REJECT: AAVE-USD 2026-01-20 08:00:00 volume=0.11 < threshold=1000 (source=ALPACA)
2026-01-20 23:05:35,277 | WARNING |   VOLUME SANITY REJECT: AAVE-USD 2026-01-20 09:00:00 volume=0.59 < threshold=1000 (source=ALPACA)
2026-01-20 23:05:35,278 | WARNING |   VOLUME SANITY REJECT: AAVE-USD 2026-01-20 10:00:00 volume=0.20 < threshold=1000 (source=ALPACA)
2026-01-20 23:05:35,279 | WARNING |   VOLUME SANITY REJECT: AAVE-USD 2026-01-20 11:00:00 volume=0.40 < threshold=1000 (source=ALPACA)
2026-01-20 23:05:35,279 | WARNING |   VOLUME SANITY REJECT: AAVE-USD 2026-01-20 12:00:00 volume=0.00 < threshold=1000 (source=ALPACA)
2026-01-20 23:05:35,281 | WARNING |   VOLUME SANITY REJECT: AAVE-USD 2026-01-20 13:00:00 volume=0.00 < threshold=1000 (source=ALPACA)
2026-01-20 23:05:35,282 | WARNING |   VOLUME SANITY REJECT: AAVE-USD 2026-01-20 14:00:00 volume=1.89 < threshold=1000 (source=ALPACA)
2026-01-20 23:05:35,285 | WARNING |   VOLUME SANITY REJECT: AAVE-USD 2026-01-20 15:00:00 volume=12.46 < threshold=1000 (source=ALPACA)
2026-01-20 23:05:35,286 | WARNING |   VOLUME SANITY REJECT: AAVE-USD 2026-01-20 16:00:00 volume=0.00 < threshold=1000 (source=ALPACA)
2026-01-20 23:05:35,287 | WARNING |   VOLUME SANITY REJECT: AAVE-USD 2026-01-20 17:00:00 volume=0.03 < threshold=1000 (source=ALPACA)
2026-01-20 23:05:35,288 | WARNING |   VOLUME SANITY REJECT: AAVE-USD 2026-01-20 18:00:00 volume=0.00 < threshold=1000 (source=ALPACA)
2026-01-20 23:05:35,289 | WARNING |   VOLUME SANITY REJECT: AAVE-USD 2026-01-20 19:00:00 volume=11.39 < threshold=1000 (source=ALPACA)
2026-01-20 23:05:35,290 | WARNING |   VOLUME SANITY REJECT: AAVE-USD 2026-01-20 20:00:00 volume=11.40 < threshold=1000 (source=ALPACA)
2026-01-20 23:05:35,291 | WARNING |   VOLUME SANITY REJECT: AAVE-USD 2026-01-20 21:00:00 volume=0.00 < threshold=1000 (source=ALPACA)
2026-01-20 23:05:35,294 | WARNING |   VOLUME SANITY REJECT: AAVE-USD 2026-01-20 22:00:00 volume=0.00 < threshold=1000 (source=ALPACA)
2026-01-20 23:05:35,296 | WARNING |   [AAVE-USD] ALL 24 rows REJECTED by volume sanity check (source=ALPACA)
2026-01-20 23:05:35,297 | WARNING |   [AAVE-USD] 0 rows written despite 24 bars received
2026-01-20 23:05:35,799 | INFO | Alpaca: Updated 8 assets, 30 remaining
2026-01-20 23:05:36,311 | INFO | ============================================================
2026-01-20 23:05:36,311 | INFO | ATTEMPTING YAHOO FINANCE INGEST (Fallback Provider)
2026-01-20 23:05:36,312 | INFO | Assets: 30, Using BATCH DOWNLOAD (efficient)
2026-01-20 23:05:36,312 | INFO | ============================================================
2026-01-20 23:05:36,312 | INFO |   Checking Yahoo Finance rate limit status...
2026-01-20 23:05:42,240 | ERROR | 
1 Failed download:
2026-01-20 23:05:42,240 | ERROR | ['AAPL']: YFRateLimitError('Too Many Requests. Rate limited. Try after a while.')
2026-01-20 23:05:42,251 | WARNING |   RATE LIMITED - Yahoo Finance is currently blocking requests
2026-01-20 23:05:42,251 | WARNING |   Skipping Yahoo and marking all assets as failed
2026-01-20 23:05:42,251 | INFO | Yahoo: Updated 0 assets, 30 remaining
2026-01-20 23:05:42,251 | INFO | 
============================================================
2026-01-20 23:05:42,251 | INFO | VERIFICATION: Checking Data Freshness
2026-01-20 23:05:42,251 | INFO | ============================================================
2026-01-20 23:05:43,138 | WARNING | VERIFICATION FAILED: 238 assets are stale
2026-01-20 23:05:43,138 | WARNING |   - BT.A.L: 36 days stale (last: 2025-12-15)
2026-01-20 23:05:43,138 | WARNING |   - 1COV.DE: 28 days stale (last: 2025-12-23)
2026-01-20 23:05:43,138 | WARNING |   - TLT: 11 days stale (last: 2026-01-09)
2026-01-20 23:05:43,138 | WARNING |   - GLD: 10 days stale (last: 2026-01-10)
2026-01-20 23:05:43,138 | WARNING |   - CLX: 4 days stale (last: 2026-01-16)
2026-01-20 23:05:43,138 | WARNING |   - CMCSA: 4 days stale (last: 2026-01-16)
2026-01-20 23:05:43,138 | WARNING |   - CME: 4 days stale (last: 2026-01-16)
2026-01-20 23:05:43,138 | WARNING |   - CMG: 4 days stale (last: 2026-01-16)
2026-01-20 23:05:43,138 | WARNING |   - COF: 4 days stale (last: 2026-01-16)
2026-01-20 23:05:43,138 | WARNING |   - COIN: 4 days stale (last: 2026-01-16)
2026-01-20 23:05:43,138 | WARNING |   ... and 228 more
2026-01-20 23:05:43,557 | CRITICAL | ALERT [CRITICAL]: DATA VERIFICATION FAILED: 238 assets still stale after ingest! Updated: 8, Rows: 29
2026-01-20 23:05:43,557 | WARNING | Governance logging failed: column "action_timestamp" of relation "governance_actions_log" does not exist
LINE 3:                     action_type, action_timestamp, action_by...
                                         ^

2026-01-20 23:05:43,557 | WARNING | ALERT [WARNING]: PARTIAL INGEST: 30 assets could not be updated via any provider
2026-01-20 23:05:43,557 | WARNING | Heartbeat recording failed: relation "fhq_monitoring.system_heartbeats" does not exist
LINE 2:                 INSERT INTO fhq_monitoring.system_heartbeats...
                                    ^

2026-01-20 23:05:43,557 | WARNING | Governance logging failed: current transaction is aborted, commands ignored until end of transaction block

2026-01-20 23:05:43,557 | INFO | 
======================================================================
2026-01-20 23:05:43,557 | INFO | BULLETPROOF INGEST COMPLETE
2026-01-20 23:05:43,557 | INFO | ======================================================================
2026-01-20 23:05:43,557 | INFO | Status: PARTIAL
2026-01-20 23:05:43,557 | INFO | Assets Updated: 8
2026-01-20 23:05:43,557 | INFO | Rows Inserted: 29
2026-01-20 23:05:43,557 | INFO | Providers Used: ALPACA, YAHOO
2026-01-20 23:05:43,557 | INFO | Verification: FAILED (238 stale)
2026-01-20 23:05:43,557 | INFO | Elapsed: 40.2s
2026-01-20 23:05:43,557 | INFO | 
Freshness by Asset Class:
2026-01-20 23:05:43,557 | INFO |   CRYPTO: 46/50 fresh (92.0%)
2026-01-20 23:05:43,557 | INFO |   EQUITY: 185/422 fresh (43.8%)
2026-01-20 23:05:43,557 | INFO |   ETF: 0/2 fresh (0.0%)
2026-01-20 23:05:43,557 | INFO |   FX: 24/25 fresh (96.0%)
2026-01-20 23:05:43,557 | INFO | 
Evidence: C:\fhq-market-system\vision-ios\03_FUNCTIONS\evidence\BULLETPROOF_INGEST_4866363d_20260120_230543.json
2026-01-20 23:05:43,557 | INFO | ======================================================================
