2026-01-15 23:05:02,700 | INFO | ======================================================================
2026-01-15 23:05:02,700 | INFO | IoS-001 BULLETPROOF DAILY PRICE INGEST
2026-01-15 23:05:02,700 | INFO | ======================================================================
2026-01-15 23:05:02,701 | INFO | CEO Directive: CD-IOS-001-DAILY-INGEST-BULLETPROOF-001
2026-01-15 23:05:02,701 | INFO | Executor: STIG (EC-003)
2026-01-15 23:05:02,701 | INFO | Time: 2026-01-15T22:05:02.700964+00:00
2026-01-15 23:05:02,702 | INFO | Asset Class Filter: CRYPTO
2026-01-15 23:05:02,702 | INFO | Dry Run: False
2026-01-15 23:05:02,702 | INFO | Canonical Source: fhq_market.prices (ONLY)
2026-01-15 23:05:02,703 | INFO | ======================================================================
2026-01-15 23:05:02,808 | INFO | Found 46 canonical assets
2026-01-15 23:05:03,947 | INFO | ============================================================
2026-01-15 23:05:03,947 | INFO | ATTEMPTING ALPACA INGEST (Primary Provider)
2026-01-15 23:05:03,947 | INFO | Assets: 46, Rate limit: 200/min
2026-01-15 23:05:03,948 | INFO | ============================================================
2026-01-15 23:05:03,956 | INFO |   [ADA-USD] Stale (22.1h > 6h) - fetching
2026-01-15 23:05:04,842 | WARNING |   [ADA-USD] No data from Alpaca (STALE)
2026-01-15 23:05:05,347 | INFO |   [ALGO-USD] Stale (22.1h > 6h) - fetching
2026-01-15 23:05:05,497 | WARNING |   [ALGO-USD] No data from Alpaca (STALE)
2026-01-15 23:05:06,001 | INFO |   [ATOM-USD] Stale (22.1h > 6h) - fetching
2026-01-15 23:05:06,144 | WARNING |   [ATOM-USD] No data from Alpaca (STALE)
2026-01-15 23:05:06,648 | INFO |   [AVAX-USD] Stale (22.1h > 6h) - fetching
2026-01-15 23:05:06,886 | WARNING |   VOLUME SANITY REJECT: AVAX-USD 2026-01-14 23:00:00 volume=0.00 < threshold=1000 (source=ALPACA)
2026-01-15 23:05:06,887 | WARNING |   VOLUME SANITY REJECT: AVAX-USD 2026-01-15 00:00:00 volume=3.98 < threshold=1000 (source=ALPACA)
2026-01-15 23:05:06,889 | WARNING |   VOLUME SANITY REJECT: AVAX-USD 2026-01-15 01:00:00 volume=0.00 < threshold=1000 (source=ALPACA)
2026-01-15 23:05:06,890 | WARNING |   VOLUME SANITY REJECT: AVAX-USD 2026-01-15 02:00:00 volume=76.08 < threshold=1000 (source=ALPACA)
2026-01-15 23:05:06,892 | WARNING |   VOLUME SANITY REJECT: AVAX-USD 2026-01-15 03:00:00 volume=35.53 < threshold=1000 (source=ALPACA)
2026-01-15 23:05:06,893 | WARNING |   VOLUME SANITY REJECT: AVAX-USD 2026-01-15 04:00:00 volume=1.17 < threshold=1000 (source=ALPACA)
2026-01-15 23:05:06,895 | WARNING |   VOLUME SANITY REJECT: AVAX-USD 2026-01-15 05:00:00 volume=6.71 < threshold=1000 (source=ALPACA)
2026-01-15 23:05:06,896 | WARNING |   VOLUME SANITY REJECT: AVAX-USD 2026-01-15 06:00:00 volume=8.37 < threshold=1000 (source=ALPACA)
2026-01-15 23:05:06,898 | WARNING |   VOLUME SANITY REJECT: AVAX-USD 2026-01-15 07:00:00 volume=1.64 < threshold=1000 (source=ALPACA)
2026-01-15 23:05:06,899 | WARNING |   VOLUME SANITY REJECT: AVAX-USD 2026-01-15 08:00:00 volume=5.20 < threshold=1000 (source=ALPACA)
2026-01-15 23:05:06,900 | WARNING |   VOLUME SANITY REJECT: AVAX-USD 2026-01-15 09:00:00 volume=9.08 < threshold=1000 (source=ALPACA)
2026-01-15 23:05:06,902 | WARNING |   VOLUME SANITY REJECT: AVAX-USD 2026-01-15 10:00:00 volume=0.00 < threshold=1000 (source=ALPACA)
2026-01-15 23:05:06,905 | WARNING |   VOLUME SANITY REJECT: AVAX-USD 2026-01-15 11:00:00 volume=0.68 < threshold=1000 (source=ALPACA)
2026-01-15 23:05:06,907 | WARNING |   VOLUME SANITY REJECT: AVAX-USD 2026-01-15 12:00:00 volume=8.38 < threshold=1000 (source=ALPACA)
2026-01-15 23:05:06,908 | WARNING |   VOLUME SANITY REJECT: AVAX-USD 2026-01-15 13:00:00 volume=8.36 < threshold=1000 (source=ALPACA)
2026-01-15 23:05:06,910 | WARNING |   VOLUME SANITY REJECT: AVAX-USD 2026-01-15 14:00:00 volume=8.61 < threshold=1000 (source=ALPACA)
2026-01-15 23:05:06,912 | WARNING |   VOLUME SANITY REJECT: AVAX-USD 2026-01-15 15:00:00 volume=36.79 < threshold=1000 (source=ALPACA)
2026-01-15 23:05:06,913 | WARNING |   VOLUME SANITY REJECT: AVAX-USD 2026-01-15 16:00:00 volume=17.29 < threshold=1000 (source=ALPACA)
2026-01-15 23:05:06,915 | WARNING |   VOLUME SANITY REJECT: AVAX-USD 2026-01-15 17:00:00 volume=3.40 < threshold=1000 (source=ALPACA)
2026-01-15 23:05:06,917 | WARNING |   VOLUME SANITY REJECT: AVAX-USD 2026-01-15 18:00:00 volume=9.47 < threshold=1000 (source=ALPACA)
2026-01-15 23:05:06,918 | WARNING |   VOLUME SANITY REJECT: AVAX-USD 2026-01-15 19:00:00 volume=16.93 < threshold=1000 (source=ALPACA)
2026-01-15 23:05:06,920 | WARNING |   VOLUME SANITY REJECT: AVAX-USD 2026-01-15 20:00:00 volume=180.83 < threshold=1000 (source=ALPACA)
2026-01-15 23:05:06,921 | WARNING |   VOLUME SANITY REJECT: AVAX-USD 2026-01-15 21:00:00 volume=15.51 < threshold=1000 (source=ALPACA)
2026-01-15 23:05:06,922 | WARNING |   VOLUME SANITY REJECT: AVAX-USD 2026-01-15 22:00:00 volume=0.00 < threshold=1000 (source=ALPACA)
2026-01-15 23:05:06,923 | WARNING |   [AVAX-USD] ALL 24 rows REJECTED by volume sanity check (source=ALPACA)
2026-01-15 23:05:06,924 | WARNING |   [AVAX-USD] 0 rows written despite 24 bars received
2026-01-15 23:05:07,427 | INFO |   [AXS-USD] Stale (22.1h > 6h) - fetching
2026-01-15 23:05:07,555 | WARNING |   [AXS-USD] No data from Alpaca (STALE)
2026-01-15 23:05:08,058 | INFO |   [BCH-USD] Stale (22.1h > 6h) - fetching
2026-01-15 23:05:08,199 | WARNING |   VOLUME SANITY REJECT: BCH-USD 2026-01-14 23:00:00 volume=0.03 < threshold=1000 (source=ALPACA)
2026-01-15 23:05:08,200 | WARNING |   VOLUME SANITY REJECT: BCH-USD 2026-01-15 00:00:00 volume=0.36 < threshold=1000 (source=ALPACA)
2026-01-15 23:05:08,203 | WARNING |   VOLUME SANITY REJECT: BCH-USD 2026-01-15 01:00:00 volume=0.50 < threshold=1000 (source=ALPACA)
2026-01-15 23:05:08,205 | WARNING |   VOLUME SANITY REJECT: BCH-USD 2026-01-15 02:00:00 volume=0.03 < threshold=1000 (source=ALPACA)
2026-01-15 23:05:08,207 | WARNING |   VOLUME SANITY REJECT: BCH-USD 2026-01-15 03:00:00 volume=0.01 < threshold=1000 (source=ALPACA)
2026-01-15 23:05:08,207 | WARNING |   VOLUME SANITY REJECT: BCH-USD 2026-01-15 04:00:00 volume=0.46 < threshold=1000 (source=ALPACA)
2026-01-15 23:05:08,210 | WARNING |   VOLUME SANITY REJECT: BCH-USD 2026-01-15 05:00:00 volume=0.00 < threshold=1000 (source=ALPACA)
2026-01-15 23:05:08,212 | WARNING |   VOLUME SANITY REJECT: BCH-USD 2026-01-15 06:00:00 volume=0.00 < threshold=1000 (source=ALPACA)
2026-01-15 23:05:08,213 | WARNING |   VOLUME SANITY REJECT: BCH-USD 2026-01-15 07:00:00 volume=0.02 < threshold=1000 (source=ALPACA)
2026-01-15 23:05:08,215 | WARNING |   VOLUME SANITY REJECT: BCH-USD 2026-01-15 08:00:00 volume=0.01 < threshold=1000 (source=ALPACA)
2026-01-15 23:05:08,217 | WARNING |   VOLUME SANITY REJECT: BCH-USD 2026-01-15 09:00:00 volume=0.16 < threshold=1000 (source=ALPACA)
2026-01-15 23:05:08,218 | WARNING |   VOLUME SANITY REJECT: BCH-USD 2026-01-15 10:00:00 volume=0.72 < threshold=1000 (source=ALPACA)
2026-01-15 23:05:08,220 | WARNING |   VOLUME SANITY REJECT: BCH-USD 2026-01-15 11:00:00 volume=0.25 < threshold=1000 (source=ALPACA)
2026-01-15 23:05:08,222 | WARNING |   VOLUME SANITY REJECT: BCH-USD 2026-01-15 12:00:00 volume=0.95 < threshold=1000 (source=ALPACA)
2026-01-15 23:05:08,223 | WARNING |   VOLUME SANITY REJECT: BCH-USD 2026-01-15 13:00:00 volume=0.13 < threshold=1000 (source=ALPACA)
2026-01-15 23:05:08,225 | WARNING |   VOLUME SANITY REJECT: BCH-USD 2026-01-15 14:00:00 volume=0.44 < threshold=1000 (source=ALPACA)
2026-01-15 23:05:08,227 | WARNING |   VOLUME SANITY REJECT: BCH-USD 2026-01-15 15:00:00 volume=0.17 < threshold=1000 (source=ALPACA)
2026-01-15 23:05:08,228 | WARNING |   VOLUME SANITY REJECT: BCH-USD 2026-01-15 16:00:00 volume=0.35 < threshold=1000 (source=ALPACA)
2026-01-15 23:05:08,229 | WARNING |   VOLUME SANITY REJECT: BCH-USD 2026-01-15 17:00:00 volume=0.32 < threshold=1000 (source=ALPACA)
2026-01-15 23:05:08,229 | WARNING |   VOLUME SANITY REJECT: BCH-USD 2026-01-15 18:00:00 volume=0.13 < threshold=1000 (source=ALPACA)
2026-01-15 23:05:08,230 | WARNING |   VOLUME SANITY REJECT: BCH-USD 2026-01-15 19:00:00 volume=0.00 < threshold=1000 (source=ALPACA)
2026-01-15 23:05:08,231 | WARNING |   VOLUME SANITY REJECT: BCH-USD 2026-01-15 20:00:00 volume=0.10 < threshold=1000 (source=ALPACA)
2026-01-15 23:05:08,232 | WARNING |   VOLUME SANITY REJECT: BCH-USD 2026-01-15 21:00:00 volume=0.04 < threshold=1000 (source=ALPACA)
2026-01-15 23:05:08,233 | WARNING |   VOLUME SANITY REJECT: BCH-USD 2026-01-15 22:00:00 volume=0.00 < threshold=1000 (source=ALPACA)
2026-01-15 23:05:08,234 | WARNING |   [BCH-USD] ALL 24 rows REJECTED by volume sanity check (source=ALPACA)
2026-01-15 23:05:08,234 | WARNING |   [BCH-USD] 0 rows written despite 24 bars received
2026-01-15 23:05:08,741 | INFO |   [BNB-USD] Stale (22.1h > 6h) - fetching
2026-01-15 23:05:08,870 | WARNING |   [BNB-USD] No data from Alpaca (STALE)
2026-01-15 23:05:09,381 | INFO |   [BTC-USD] Stale (22.1h > 6h) - fetching
2026-01-15 23:05:09,551 | WARNING |   VOLUME SANITY REJECT: BTC-USD 2026-01-14 23:00:00 volume=0.03 < threshold=1000 (source=ALPACA)
2026-01-15 23:05:09,555 | WARNING |   VOLUME SANITY REJECT: BTC-USD 2026-01-15 00:00:00 volume=0.04 < threshold=1000 (source=ALPACA)
2026-01-15 23:05:09,557 | WARNING |   VOLUME SANITY REJECT: BTC-USD 2026-01-15 01:00:00 volume=2.00 < threshold=1000 (source=ALPACA)
2026-01-15 23:05:09,559 | WARNING |   VOLUME SANITY REJECT: BTC-USD 2026-01-15 02:00:00 volume=0.00 < threshold=1000 (source=ALPACA)
2026-01-15 23:05:09,560 | WARNING |   VOLUME SANITY REJECT: BTC-USD 2026-01-15 03:00:00 volume=0.01 < threshold=1000 (source=ALPACA)
2026-01-15 23:05:09,562 | WARNING |   VOLUME SANITY REJECT: BTC-USD 2026-01-15 04:00:00 volume=0.11 < threshold=1000 (source=ALPACA)
2026-01-15 23:05:09,564 | WARNING |   VOLUME SANITY REJECT: BTC-USD 2026-01-15 05:00:00 volume=0.01 < threshold=1000 (source=ALPACA)
2026-01-15 23:05:09,565 | WARNING |   VOLUME SANITY REJECT: BTC-USD 2026-01-15 06:00:00 volume=0.01 < threshold=1000 (source=ALPACA)
2026-01-15 23:05:09,567 | WARNING |   VOLUME SANITY REJECT: BTC-USD 2026-01-15 07:00:00 volume=0.04 < threshold=1000 (source=ALPACA)
2026-01-15 23:05:09,569 | WARNING |   VOLUME SANITY REJECT: BTC-USD 2026-01-15 08:00:00 volume=0.07 < threshold=1000 (source=ALPACA)
2026-01-15 23:05:09,571 | WARNING |   VOLUME SANITY REJECT: BTC-USD 2026-01-15 09:00:00 volume=0.01 < threshold=1000 (source=ALPACA)
2026-01-15 23:05:09,572 | WARNING |   VOLUME SANITY REJECT: BTC-USD 2026-01-15 10:00:00 volume=0.10 < threshold=1000 (source=ALPACA)
2026-01-15 23:05:09,574 | WARNING |   VOLUME SANITY REJECT: BTC-USD 2026-01-15 11:00:00 volume=0.82 < threshold=1000 (source=ALPACA)
2026-01-15 23:05:09,575 | WARNING |   VOLUME SANITY REJECT: BTC-USD 2026-01-15 12:00:00 volume=0.04 < threshold=1000 (source=ALPACA)
2026-01-15 23:05:09,577 | WARNING |   VOLUME SANITY REJECT: BTC-USD 2026-01-15 13:00:00 volume=0.05 < threshold=1000 (source=ALPACA)
2026-01-15 23:05:09,578 | WARNING |   VOLUME SANITY REJECT: BTC-USD 2026-01-15 14:00:00 volume=0.13 < threshold=1000 (source=ALPACA)
2026-01-15 23:05:09,580 | WARNING |   VOLUME SANITY REJECT: BTC-USD 2026-01-15 15:00:00 volume=0.10 < threshold=1000 (source=ALPACA)
2026-01-15 23:05:09,582 | WARNING |   VOLUME SANITY REJECT: BTC-USD 2026-01-15 16:00:00 volume=0.12 < threshold=1000 (source=ALPACA)
2026-01-15 23:05:09,583 | WARNING |   VOLUME SANITY REJECT: BTC-USD 2026-01-15 17:00:00 volume=0.06 < threshold=1000 (source=ALPACA)
2026-01-15 23:05:09,585 | WARNING |   VOLUME SANITY REJECT: BTC-USD 2026-01-15 18:00:00 volume=0.02 < threshold=1000 (source=ALPACA)
2026-01-15 23:05:09,587 | WARNING |   VOLUME SANITY REJECT: BTC-USD 2026-01-15 19:00:00 volume=0.20 < threshold=1000 (source=ALPACA)
2026-01-15 23:05:09,588 | WARNING |   VOLUME SANITY REJECT: BTC-USD 2026-01-15 20:00:00 volume=0.20 < threshold=1000 (source=ALPACA)
2026-01-15 23:05:09,590 | WARNING |   VOLUME SANITY REJECT: BTC-USD 2026-01-15 21:00:00 volume=0.01 < threshold=1000 (source=ALPACA)
2026-01-15 23:05:09,591 | WARNING |   VOLUME SANITY REJECT: BTC-USD 2026-01-15 22:00:00 volume=0.00 < threshold=1000 (source=ALPACA)
2026-01-15 23:05:09,592 | WARNING |   [BTC-USD] ALL 24 rows REJECTED by volume sanity check (source=ALPACA)
2026-01-15 23:05:09,593 | WARNING |   [BTC-USD] 0 rows written despite 24 bars received
2026-01-15 23:05:10,098 | INFO |   [CHZ-USD] Stale (22.1h > 6h) - fetching
2026-01-15 23:05:10,236 | WARNING |   [CHZ-USD] No data from Alpaca (STALE)
2026-01-15 23:05:10,743 | INFO |   [CRO-USD] Stale (22.1h > 6h) - fetching
2026-01-15 23:05:10,872 | WARNING |   [CRO-USD] No data from Alpaca (STALE)
2026-01-15 23:05:11,376 | INFO |   [CRV-USD] Stale (22.1h > 6h) - fetching
2026-01-15 23:05:11,532 | WARNING |   VOLUME SANITY REJECT: CRV-USD 2026-01-14 23:00:00 volume=0.00 < threshold=1000 (source=ALPACA)
2026-01-15 23:05:11,536 | WARNING |   VOLUME SANITY REJECT: CRV-USD 2026-01-15 00:00:00 volume=0.00 < threshold=1000 (source=ALPACA)
2026-01-15 23:05:11,540 | WARNING |   VOLUME SANITY REJECT: CRV-USD 2026-01-15 01:00:00 volume=0.00 < threshold=1000 (source=ALPACA)
2026-01-15 23:05:11,544 | WARNING |   VOLUME SANITY REJECT: CRV-USD 2026-01-15 02:00:00 volume=18.50 < threshold=1000 (source=ALPACA)
2026-01-15 23:05:11,546 | WARNING |   VOLUME SANITY REJECT: CRV-USD 2026-01-15 03:00:00 volume=0.00 < threshold=1000 (source=ALPACA)
2026-01-15 23:05:11,551 | WARNING |   VOLUME SANITY REJECT: CRV-USD 2026-01-15 04:00:00 volume=19.03 < threshold=1000 (source=ALPACA)
2026-01-15 23:05:11,554 | WARNING |   VOLUME SANITY REJECT: CRV-USD 2026-01-15 05:00:00 volume=12.34 < threshold=1000 (source=ALPACA)
2026-01-15 23:05:11,556 | WARNING |   VOLUME SANITY REJECT: CRV-USD 2026-01-15 06:00:00 volume=0.00 < threshold=1000 (source=ALPACA)
2026-01-15 23:05:11,558 | WARNING |   VOLUME SANITY REJECT: CRV-USD 2026-01-15 07:00:00 volume=6.64 < threshold=1000 (source=ALPACA)
2026-01-15 23:05:11,560 | WARNING |   VOLUME SANITY REJECT: CRV-USD 2026-01-15 08:00:00 volume=0.00 < threshold=1000 (source=ALPACA)
2026-01-15 23:05:11,562 | WARNING |   VOLUME SANITY REJECT: CRV-USD 2026-01-15 09:00:00 volume=0.00 < threshold=1000 (source=ALPACA)
2026-01-15 23:05:11,564 | WARNING |   VOLUME SANITY REJECT: CRV-USD 2026-01-15 10:00:00 volume=0.00 < threshold=1000 (source=ALPACA)
2026-01-15 23:05:11,565 | WARNING |   VOLUME SANITY REJECT: CRV-USD 2026-01-15 11:00:00 volume=19.00 < threshold=1000 (source=ALPACA)
2026-01-15 23:05:11,567 | WARNING |   VOLUME SANITY REJECT: CRV-USD 2026-01-15 12:00:00 volume=0.00 < threshold=1000 (source=ALPACA)
2026-01-15 23:05:11,568 | WARNING |   VOLUME SANITY REJECT: CRV-USD 2026-01-15 13:00:00 volume=0.00 < threshold=1000 (source=ALPACA)
2026-01-15 23:05:11,570 | WARNING |   VOLUME SANITY REJECT: CRV-USD 2026-01-15 14:00:00 volume=0.00 < threshold=1000 (source=ALPACA)
2026-01-15 23:05:11,572 | WARNING |   VOLUME SANITY REJECT: CRV-USD 2026-01-15 15:00:00 volume=165.31 < threshold=1000 (source=ALPACA)
2026-01-15 23:05:11,574 | WARNING |   VOLUME SANITY REJECT: CRV-USD 2026-01-15 16:00:00 volume=0.00 < threshold=1000 (source=ALPACA)
2026-01-15 23:05:11,575 | WARNING |   VOLUME SANITY REJECT: CRV-USD 2026-01-15 17:00:00 volume=0.00 < threshold=1000 (source=ALPACA)
2026-01-15 23:05:11,577 | WARNING |   VOLUME SANITY REJECT: CRV-USD 2026-01-15 18:00:00 volume=31.43 < threshold=1000 (source=ALPACA)
2026-01-15 23:05:11,578 | WARNING |   VOLUME SANITY REJECT: CRV-USD 2026-01-15 19:00:00 volume=19.29 < threshold=1000 (source=ALPACA)
2026-01-15 23:05:11,580 | WARNING |   VOLUME SANITY REJECT: CRV-USD 2026-01-15 20:00:00 volume=25.85 < threshold=1000 (source=ALPACA)
2026-01-15 23:05:11,581 | WARNING |   VOLUME SANITY REJECT: CRV-USD 2026-01-15 21:00:00 volume=19.43 < threshold=1000 (source=ALPACA)
2026-01-15 23:05:11,583 | WARNING |   VOLUME SANITY REJECT: CRV-USD 2026-01-15 22:00:00 volume=12.60 < threshold=1000 (source=ALPACA)
2026-01-15 23:05:11,584 | WARNING |   [CRV-USD] ALL 24 rows REJECTED by volume sanity check (source=ALPACA)
2026-01-15 23:05:11,585 | WARNING |   [CRV-USD] 0 rows written despite 24 bars received
2026-01-15 23:05:12,100 | INFO |   [DOT-USD] Stale (22.1h > 6h) - fetching
2026-01-15 23:05:12,247 | WARNING |   VOLUME SANITY REJECT: DOT-USD 2026-01-14 23:00:00 volume=4.95 < threshold=1000 (source=ALPACA)
2026-01-15 23:05:12,252 | WARNING |   VOLUME SANITY REJECT: DOT-USD 2026-01-15 00:00:00 volume=4.56 < threshold=1000 (source=ALPACA)
2026-01-15 23:05:12,255 | WARNING |   VOLUME SANITY REJECT: DOT-USD 2026-01-15 01:00:00 volume=786.92 < threshold=1000 (source=ALPACA)
2026-01-15 23:05:12,257 | WARNING |   VOLUME SANITY REJECT: DOT-USD 2026-01-15 02:00:00 volume=0.00 < threshold=1000 (source=ALPACA)
2026-01-15 23:05:12,259 | WARNING |   VOLUME SANITY REJECT: DOT-USD 2026-01-15 03:00:00 volume=0.00 < threshold=1000 (source=ALPACA)
2026-01-15 23:05:12,261 | WARNING |   VOLUME SANITY REJECT: DOT-USD 2026-01-15 04:00:00 volume=85.86 < threshold=1000 (source=ALPACA)
2026-01-15 23:05:12,263 | WARNING |   VOLUME SANITY REJECT: DOT-USD 2026-01-15 05:00:00 volume=327.13 < threshold=1000 (source=ALPACA)
2026-01-15 23:05:12,266 | WARNING |   VOLUME SANITY REJECT: DOT-USD 2026-01-15 06:00:00 volume=0.00 < threshold=1000 (source=ALPACA)
2026-01-15 23:05:12,268 | WARNING |   VOLUME SANITY REJECT: DOT-USD 2026-01-15 07:00:00 volume=5.40 < threshold=1000 (source=ALPACA)
2026-01-15 23:05:12,269 | WARNING |   VOLUME SANITY REJECT: DOT-USD 2026-01-15 08:00:00 volume=0.00 < threshold=1000 (source=ALPACA)
2026-01-15 23:05:12,271 | WARNING |   VOLUME SANITY REJECT: DOT-USD 2026-01-15 09:00:00 volume=2.22 < threshold=1000 (source=ALPACA)
2026-01-15 23:05:12,274 | WARNING |   VOLUME SANITY REJECT: DOT-USD 2026-01-15 10:00:00 volume=0.00 < threshold=1000 (source=ALPACA)
2026-01-15 23:05:12,277 | WARNING |   VOLUME SANITY REJECT: DOT-USD 2026-01-15 11:00:00 volume=11.57 < threshold=1000 (source=ALPACA)
2026-01-15 23:05:12,278 | WARNING |   VOLUME SANITY REJECT: DOT-USD 2026-01-15 12:00:00 volume=22.39 < threshold=1000 (source=ALPACA)
2026-01-15 23:05:12,281 | WARNING |   VOLUME SANITY REJECT: DOT-USD 2026-01-15 13:00:00 volume=14.57 < threshold=1000 (source=ALPACA)
2026-01-15 23:05:12,284 | WARNING |   VOLUME SANITY REJECT: DOT-USD 2026-01-15 14:00:00 volume=0.00 < threshold=1000 (source=ALPACA)
2026-01-15 23:05:12,285 | WARNING |   VOLUME SANITY REJECT: DOT-USD 2026-01-15 15:00:00 volume=20.36 < threshold=1000 (source=ALPACA)
2026-01-15 23:05:12,288 | WARNING |   VOLUME SANITY REJECT: DOT-USD 2026-01-15 16:00:00 volume=12.47 < threshold=1000 (source=ALPACA)
2026-01-15 23:05:12,290 | WARNING |   VOLUME SANITY REJECT: DOT-USD 2026-01-15 17:00:00 volume=6.95 < threshold=1000 (source=ALPACA)
2026-01-15 23:05:12,292 | WARNING |   VOLUME SANITY REJECT: DOT-USD 2026-01-15 18:00:00 volume=151.04 < threshold=1000 (source=ALPACA)
2026-01-15 23:05:12,296 | WARNING |   VOLUME SANITY REJECT: DOT-USD 2026-01-15 19:00:00 volume=75.62 < threshold=1000 (source=ALPACA)
2026-01-15 23:05:12,302 | WARNING |   VOLUME SANITY REJECT: DOT-USD 2026-01-15 21:00:00 volume=180.26 < threshold=1000 (source=ALPACA)
2026-01-15 23:05:12,303 | WARNING |   VOLUME SANITY REJECT: DOT-USD 2026-01-15 22:00:00 volume=0.00 < threshold=1000 (source=ALPACA)
2026-01-15 23:05:12,327 | WARNING |   [DOT-USD] 23 rows REJECTED by volume sanity, 1 rows INSERTED (source=ALPACA)
2026-01-15 23:05:12,332 | INFO |   [DOT-USD] +1 rows via ALPACA (latest: 2026-01-15 22:00:00+00:00)
2026-01-15 23:05:12,837 | INFO |   [EOS-USD] Stale (22.1h > 6h) - fetching
2026-01-15 23:05:12,967 | WARNING |   [EOS-USD] No data from Alpaca (STALE)
2026-01-15 23:05:13,473 | INFO |   [ETC-USD] Stale (22.1h > 6h) - fetching
2026-01-15 23:05:13,607 | WARNING |   [ETC-USD] No data from Alpaca (STALE)
2026-01-15 23:05:14,116 | INFO |   [ETH-USD] Stale (22.1h > 6h) - fetching
2026-01-15 23:05:14,263 | WARNING |   VOLUME SANITY REJECT: ETH-USD 2026-01-14 23:00:00 volume=0.04 < threshold=1000 (source=ALPACA)
2026-01-15 23:05:14,265 | WARNING |   VOLUME SANITY REJECT: ETH-USD 2026-01-15 00:00:00 volume=0.43 < threshold=1000 (source=ALPACA)
2026-01-15 23:05:14,267 | WARNING |   VOLUME SANITY REJECT: ETH-USD 2026-01-15 01:00:00 volume=0.04 < threshold=1000 (source=ALPACA)
2026-01-15 23:05:14,269 | WARNING |   VOLUME SANITY REJECT: ETH-USD 2026-01-15 02:00:00 volume=0.43 < threshold=1000 (source=ALPACA)
2026-01-15 23:05:14,270 | WARNING |   VOLUME SANITY REJECT: ETH-USD 2026-01-15 03:00:00 volume=0.04 < threshold=1000 (source=ALPACA)
2026-01-15 23:05:14,272 | WARNING |   VOLUME SANITY REJECT: ETH-USD 2026-01-15 04:00:00 volume=0.19 < threshold=1000 (source=ALPACA)
2026-01-15 23:05:14,273 | WARNING |   VOLUME SANITY REJECT: ETH-USD 2026-01-15 05:00:00 volume=0.63 < threshold=1000 (source=ALPACA)
2026-01-15 23:05:14,275 | WARNING |   VOLUME SANITY REJECT: ETH-USD 2026-01-15 06:00:00 volume=0.08 < threshold=1000 (source=ALPACA)
2026-01-15 23:05:14,276 | WARNING |   VOLUME SANITY REJECT: ETH-USD 2026-01-15 07:00:00 volume=0.31 < threshold=1000 (source=ALPACA)
2026-01-15 23:05:14,278 | WARNING |   VOLUME SANITY REJECT: ETH-USD 2026-01-15 08:00:00 volume=2.36 < threshold=1000 (source=ALPACA)
2026-01-15 23:05:14,279 | WARNING |   VOLUME SANITY REJECT: ETH-USD 2026-01-15 09:00:00 volume=0.31 < threshold=1000 (source=ALPACA)
2026-01-15 23:05:14,281 | WARNING |   VOLUME SANITY REJECT: ETH-USD 2026-01-15 10:00:00 volume=1.28 < threshold=1000 (source=ALPACA)
2026-01-15 23:05:14,282 | WARNING |   VOLUME SANITY REJECT: ETH-USD 2026-01-15 11:00:00 volume=0.50 < threshold=1000 (source=ALPACA)
2026-01-15 23:05:14,284 | WARNING |   VOLUME SANITY REJECT: ETH-USD 2026-01-15 12:00:00 volume=0.65 < threshold=1000 (source=ALPACA)
2026-01-15 23:05:14,286 | WARNING |   VOLUME SANITY REJECT: ETH-USD 2026-01-15 13:00:00 volume=0.14 < threshold=1000 (source=ALPACA)
2026-01-15 23:05:14,287 | WARNING |   VOLUME SANITY REJECT: ETH-USD 2026-01-15 14:00:00 volume=0.27 < threshold=1000 (source=ALPACA)
2026-01-15 23:05:14,289 | WARNING |   VOLUME SANITY REJECT: ETH-USD 2026-01-15 15:00:00 volume=0.12 < threshold=1000 (source=ALPACA)
2026-01-15 23:05:14,290 | WARNING |   VOLUME SANITY REJECT: ETH-USD 2026-01-15 16:00:00 volume=0.31 < threshold=1000 (source=ALPACA)
2026-01-15 23:05:14,292 | WARNING |   VOLUME SANITY REJECT: ETH-USD 2026-01-15 17:00:00 volume=0.23 < threshold=1000 (source=ALPACA)
2026-01-15 23:05:14,294 | WARNING |   VOLUME SANITY REJECT: ETH-USD 2026-01-15 18:00:00 volume=0.04 < threshold=1000 (source=ALPACA)
2026-01-15 23:05:14,296 | WARNING |   VOLUME SANITY REJECT: ETH-USD 2026-01-15 19:00:00 volume=1.27 < threshold=1000 (source=ALPACA)
2026-01-15 23:05:14,297 | WARNING |   VOLUME SANITY REJECT: ETH-USD 2026-01-15 20:00:00 volume=3.65 < threshold=1000 (source=ALPACA)
2026-01-15 23:05:14,299 | WARNING |   VOLUME SANITY REJECT: ETH-USD 2026-01-15 21:00:00 volume=0.05 < threshold=1000 (source=ALPACA)
2026-01-15 23:05:14,301 | WARNING |   VOLUME SANITY REJECT: ETH-USD 2026-01-15 22:00:00 volume=0.00 < threshold=1000 (source=ALPACA)
2026-01-15 23:05:14,302 | WARNING |   [ETH-USD] ALL 24 rows REJECTED by volume sanity check (source=ALPACA)
2026-01-15 23:05:14,303 | WARNING |   [ETH-USD] 0 rows written despite 24 bars received
2026-01-15 23:05:14,809 | INFO |   [FIL-USD] Stale (22.1h > 6h) - fetching
2026-01-15 23:05:14,946 | WARNING |   [FIL-USD] No data from Alpaca (STALE)
2026-01-15 23:05:15,453 | INFO |   [FLOW-USD] Stale (22.1h > 6h) - fetching
2026-01-15 23:05:15,586 | WARNING |   [FLOW-USD] No data from Alpaca (STALE)
2026-01-15 23:05:16,089 | INFO |   [GRT-USD] Stale (30.1h > 6h) - fetching
2026-01-15 23:05:16,310 | WARNING |   VOLUME SANITY REJECT: GRT-USD 2026-01-14 23:00:00 volume=0.00 < threshold=1000 (source=ALPACA)
2026-01-15 23:05:16,310 | WARNING |   VOLUME SANITY REJECT: GRT-USD 2026-01-15 00:00:00 volume=459.53 < threshold=1000 (source=ALPACA)
2026-01-15 23:05:16,311 | WARNING |   VOLUME SANITY REJECT: GRT-USD 2026-01-15 01:00:00 volume=0.00 < threshold=1000 (source=ALPACA)
2026-01-15 23:05:16,311 | WARNING |   VOLUME SANITY REJECT: GRT-USD 2026-01-15 02:00:00 volume=144.70 < threshold=1000 (source=ALPACA)
2026-01-15 23:05:16,312 | WARNING |   VOLUME SANITY REJECT: GRT-USD 2026-01-15 03:00:00 volume=0.00 < threshold=1000 (source=ALPACA)
2026-01-15 23:05:16,312 | WARNING |   VOLUME SANITY REJECT: GRT-USD 2026-01-15 04:00:00 volume=68.52 < threshold=1000 (source=ALPACA)
2026-01-15 23:05:16,313 | WARNING |   VOLUME SANITY REJECT: GRT-USD 2026-01-15 05:00:00 volume=0.00 < threshold=1000 (source=ALPACA)
2026-01-15 23:05:16,313 | WARNING |   VOLUME SANITY REJECT: GRT-USD 2026-01-15 06:00:00 volume=0.00 < threshold=1000 (source=ALPACA)
2026-01-15 23:05:16,314 | WARNING |   VOLUME SANITY REJECT: GRT-USD 2026-01-15 07:00:00 volume=0.00 < threshold=1000 (source=ALPACA)
2026-01-15 23:05:16,314 | WARNING |   VOLUME SANITY REJECT: GRT-USD 2026-01-15 08:00:00 volume=0.00 < threshold=1000 (source=ALPACA)
2026-01-15 23:05:16,315 | WARNING |   VOLUME SANITY REJECT: GRT-USD 2026-01-15 09:00:00 volume=0.00 < threshold=1000 (source=ALPACA)
2026-01-15 23:05:16,315 | WARNING |   VOLUME SANITY REJECT: GRT-USD 2026-01-15 10:00:00 volume=0.00 < threshold=1000 (source=ALPACA)
2026-01-15 23:05:16,316 | WARNING |   VOLUME SANITY REJECT: GRT-USD 2026-01-15 11:00:00 volume=0.00 < threshold=1000 (source=ALPACA)
2026-01-15 23:05:16,316 | WARNING |   VOLUME SANITY REJECT: GRT-USD 2026-01-15 12:00:00 volume=0.00 < threshold=1000 (source=ALPACA)
2026-01-15 23:05:16,317 | WARNING |   VOLUME SANITY REJECT: GRT-USD 2026-01-15 13:00:00 volume=0.00 < threshold=1000 (source=ALPACA)
2026-01-15 23:05:16,317 | WARNING |   VOLUME SANITY REJECT: GRT-USD 2026-01-15 14:00:00 volume=521.52 < threshold=1000 (source=ALPACA)
2026-01-15 23:05:16,317 | WARNING |   VOLUME SANITY REJECT: GRT-USD 2026-01-15 15:00:00 volume=0.00 < threshold=1000 (source=ALPACA)
2026-01-15 23:05:16,318 | WARNING |   VOLUME SANITY REJECT: GRT-USD 2026-01-15 16:00:00 volume=0.00 < threshold=1000 (source=ALPACA)
2026-01-15 23:05:16,319 | WARNING |   VOLUME SANITY REJECT: GRT-USD 2026-01-15 17:00:00 volume=0.00 < threshold=1000 (source=ALPACA)
2026-01-15 23:05:16,319 | WARNING |   VOLUME SANITY REJECT: GRT-USD 2026-01-15 18:00:00 volume=0.00 < threshold=1000 (source=ALPACA)
2026-01-15 23:05:16,320 | WARNING |   VOLUME SANITY REJECT: GRT-USD 2026-01-15 19:00:00 volume=0.00 < threshold=1000 (source=ALPACA)
2026-01-15 23:05:16,320 | WARNING |   VOLUME SANITY REJECT: GRT-USD 2026-01-15 20:00:00 volume=0.00 < threshold=1000 (source=ALPACA)
2026-01-15 23:05:16,321 | WARNING |   VOLUME SANITY REJECT: GRT-USD 2026-01-15 21:00:00 volume=679.23 < threshold=1000 (source=ALPACA)
2026-01-15 23:05:16,321 | WARNING |   VOLUME SANITY REJECT: GRT-USD 2026-01-15 22:00:00 volume=0.00 < threshold=1000 (source=ALPACA)
2026-01-15 23:05:16,321 | WARNING |   [GRT-USD] ALL 24 rows REJECTED by volume sanity check (source=ALPACA)
2026-01-15 23:05:16,322 | WARNING |   [GRT-USD] 0 rows written despite 24 bars received
2026-01-15 23:05:16,823 | INFO |   [HBAR-USD] Stale (22.1h > 6h) - fetching
2026-01-15 23:05:16,948 | WARNING |   [HBAR-USD] No data from Alpaca (STALE)
2026-01-15 23:05:17,501 | INFO |   [ICP-USD] Stale (22.1h > 6h) - fetching
2026-01-15 23:05:17,940 | WARNING |   [ICP-USD] No data from Alpaca (STALE)
2026-01-15 23:05:18,455 | INFO |   [INJ-USD] Stale (22.1h > 6h) - fetching
2026-01-15 23:05:18,608 | WARNING |   [INJ-USD] No data from Alpaca (STALE)
2026-01-15 23:05:19,111 | INFO |   [LDO-USD] Stale (22.1h > 6h) - fetching
2026-01-15 23:05:19,235 | WARNING |   [LDO-USD] No data from Alpaca (STALE)
2026-01-15 23:05:19,737 | INFO |   [LINK-USD] Stale (22.1h > 6h) - fetching
2026-01-15 23:05:19,868 | WARNING |   VOLUME SANITY REJECT: LINK-USD 2026-01-14 23:00:00 volume=8.62 < threshold=1000 (source=ALPACA)
2026-01-15 23:05:19,868 | WARNING |   VOLUME SANITY REJECT: LINK-USD 2026-01-15 00:00:00 volume=3.08 < threshold=1000 (source=ALPACA)
2026-01-15 23:05:19,869 | WARNING |   VOLUME SANITY REJECT: LINK-USD 2026-01-15 01:00:00 volume=1.63 < threshold=1000 (source=ALPACA)
2026-01-15 23:05:19,869 | WARNING |   VOLUME SANITY REJECT: LINK-USD 2026-01-15 02:00:00 volume=22.03 < threshold=1000 (source=ALPACA)
2026-01-15 23:05:19,870 | WARNING |   VOLUME SANITY REJECT: LINK-USD 2026-01-15 03:00:00 volume=6.69 < threshold=1000 (source=ALPACA)
2026-01-15 23:05:19,870 | WARNING |   VOLUME SANITY REJECT: LINK-USD 2026-01-15 04:00:00 volume=0.35 < threshold=1000 (source=ALPACA)
2026-01-15 23:05:19,871 | WARNING |   VOLUME SANITY REJECT: LINK-USD 2026-01-15 05:00:00 volume=3.57 < threshold=1000 (source=ALPACA)
2026-01-15 23:05:19,871 | WARNING |   VOLUME SANITY REJECT: LINK-USD 2026-01-15 06:00:00 volume=0.00 < threshold=1000 (source=ALPACA)
2026-01-15 23:05:19,871 | WARNING |   VOLUME SANITY REJECT: LINK-USD 2026-01-15 07:00:00 volume=21.96 < threshold=1000 (source=ALPACA)
2026-01-15 23:05:19,872 | WARNING |   VOLUME SANITY REJECT: LINK-USD 2026-01-15 08:00:00 volume=251.54 < threshold=1000 (source=ALPACA)
2026-01-15 23:05:19,872 | WARNING |   VOLUME SANITY REJECT: LINK-USD 2026-01-15 09:00:00 volume=7.68 < threshold=1000 (source=ALPACA)
2026-01-15 23:05:19,872 | WARNING |   VOLUME SANITY REJECT: LINK-USD 2026-01-15 10:00:00 volume=0.00 < threshold=1000 (source=ALPACA)
2026-01-15 23:05:19,873 | WARNING |   VOLUME SANITY REJECT: LINK-USD 2026-01-15 11:00:00 volume=0.00 < threshold=1000 (source=ALPACA)
2026-01-15 23:05:19,874 | WARNING |   VOLUME SANITY REJECT: LINK-USD 2026-01-15 12:00:00 volume=6.11 < threshold=1000 (source=ALPACA)
2026-01-15 23:05:19,874 | WARNING |   VOLUME SANITY REJECT: LINK-USD 2026-01-15 13:00:00 volume=71.49 < threshold=1000 (source=ALPACA)
2026-01-15 23:05:19,874 | WARNING |   VOLUME SANITY REJECT: LINK-USD 2026-01-15 14:00:00 volume=134.76 < threshold=1000 (source=ALPACA)
2026-01-15 23:05:19,874 | WARNING |   VOLUME SANITY REJECT: LINK-USD 2026-01-15 15:00:00 volume=12.43 < threshold=1000 (source=ALPACA)
2026-01-15 23:05:19,875 | WARNING |   VOLUME SANITY REJECT: LINK-USD 2026-01-15 16:00:00 volume=41.15 < threshold=1000 (source=ALPACA)
2026-01-15 23:05:19,875 | WARNING |   VOLUME SANITY REJECT: LINK-USD 2026-01-15 17:00:00 volume=2.19 < threshold=1000 (source=ALPACA)
2026-01-15 23:05:19,875 | WARNING |   VOLUME SANITY REJECT: LINK-USD 2026-01-15 18:00:00 volume=0.00 < threshold=1000 (source=ALPACA)
2026-01-15 23:05:19,876 | WARNING |   VOLUME SANITY REJECT: LINK-USD 2026-01-15 19:00:00 volume=13.78 < threshold=1000 (source=ALPACA)
2026-01-15 23:05:19,876 | WARNING |   VOLUME SANITY REJECT: LINK-USD 2026-01-15 20:00:00 volume=185.65 < threshold=1000 (source=ALPACA)
2026-01-15 23:05:19,876 | WARNING |   VOLUME SANITY REJECT: LINK-USD 2026-01-15 21:00:00 volume=0.59 < threshold=1000 (source=ALPACA)
2026-01-15 23:05:19,877 | WARNING |   VOLUME SANITY REJECT: LINK-USD 2026-01-15 22:00:00 volume=0.00 < threshold=1000 (source=ALPACA)
2026-01-15 23:05:19,877 | WARNING |   [LINK-USD] ALL 24 rows REJECTED by volume sanity check (source=ALPACA)
2026-01-15 23:05:19,877 | WARNING |   [LINK-USD] 0 rows written despite 24 bars received
2026-01-15 23:05:20,380 | INFO |   [LTC-USD] Stale (22.1h > 6h) - fetching
2026-01-15 23:05:20,512 | WARNING |   VOLUME SANITY REJECT: LTC-USD 2026-01-14 23:00:00 volume=0.52 < threshold=1000 (source=ALPACA)
2026-01-15 23:05:20,513 | WARNING |   VOLUME SANITY REJECT: LTC-USD 2026-01-15 00:00:00 volume=0.60 < threshold=1000 (source=ALPACA)
2026-01-15 23:05:20,513 | WARNING |   VOLUME SANITY REJECT: LTC-USD 2026-01-15 01:00:00 volume=0.91 < threshold=1000 (source=ALPACA)
2026-01-15 23:05:20,514 | WARNING |   VOLUME SANITY REJECT: LTC-USD 2026-01-15 02:00:00 volume=3.23 < threshold=1000 (source=ALPACA)
2026-01-15 23:05:20,515 | WARNING |   VOLUME SANITY REJECT: LTC-USD 2026-01-15 03:00:00 volume=10.55 < threshold=1000 (source=ALPACA)
2026-01-15 23:05:20,516 | WARNING |   VOLUME SANITY REJECT: LTC-USD 2026-01-15 04:00:00 volume=1.21 < threshold=1000 (source=ALPACA)
2026-01-15 23:05:20,517 | WARNING |   VOLUME SANITY REJECT: LTC-USD 2026-01-15 05:00:00 volume=0.62 < threshold=1000 (source=ALPACA)
2026-01-15 23:05:20,517 | WARNING |   VOLUME SANITY REJECT: LTC-USD 2026-01-15 06:00:00 volume=0.00 < threshold=1000 (source=ALPACA)
2026-01-15 23:05:20,518 | WARNING |   VOLUME SANITY REJECT: LTC-USD 2026-01-15 07:00:00 volume=0.69 < threshold=1000 (source=ALPACA)
2026-01-15 23:05:20,519 | WARNING |   VOLUME SANITY REJECT: LTC-USD 2026-01-15 08:00:00 volume=0.43 < threshold=1000 (source=ALPACA)
2026-01-15 23:05:20,520 | WARNING |   VOLUME SANITY REJECT: LTC-USD 2026-01-15 09:00:00 volume=7.16 < threshold=1000 (source=ALPACA)
2026-01-15 23:05:20,521 | WARNING |   VOLUME SANITY REJECT: LTC-USD 2026-01-15 10:00:00 volume=1.27 < threshold=1000 (source=ALPACA)
2026-01-15 23:05:20,521 | WARNING |   VOLUME SANITY REJECT: LTC-USD 2026-01-15 11:00:00 volume=122.12 < threshold=1000 (source=ALPACA)
2026-01-15 23:05:20,522 | WARNING |   VOLUME SANITY REJECT: LTC-USD 2026-01-15 12:00:00 volume=1.34 < threshold=1000 (source=ALPACA)
2026-01-15 23:05:20,523 | WARNING |   VOLUME SANITY REJECT: LTC-USD 2026-01-15 13:00:00 volume=1.18 < threshold=1000 (source=ALPACA)
2026-01-15 23:05:20,523 | WARNING |   VOLUME SANITY REJECT: LTC-USD 2026-01-15 14:00:00 volume=3.22 < threshold=1000 (source=ALPACA)
2026-01-15 23:05:20,524 | WARNING |   VOLUME SANITY REJECT: LTC-USD 2026-01-15 15:00:00 volume=21.33 < threshold=1000 (source=ALPACA)
2026-01-15 23:05:20,525 | WARNING |   VOLUME SANITY REJECT: LTC-USD 2026-01-15 16:00:00 volume=16.45 < threshold=1000 (source=ALPACA)
2026-01-15 23:05:20,525 | WARNING |   VOLUME SANITY REJECT: LTC-USD 2026-01-15 17:00:00 volume=1.39 < threshold=1000 (source=ALPACA)
2026-01-15 23:05:20,526 | WARNING |   VOLUME SANITY REJECT: LTC-USD 2026-01-15 18:00:00 volume=14.68 < threshold=1000 (source=ALPACA)
2026-01-15 23:05:20,527 | WARNING |   VOLUME SANITY REJECT: LTC-USD 2026-01-15 19:00:00 volume=8.70 < threshold=1000 (source=ALPACA)
2026-01-15 23:05:20,527 | WARNING |   VOLUME SANITY REJECT: LTC-USD 2026-01-15 20:00:00 volume=30.46 < threshold=1000 (source=ALPACA)
2026-01-15 23:05:20,528 | WARNING |   VOLUME SANITY REJECT: LTC-USD 2026-01-15 21:00:00 volume=2.64 < threshold=1000 (source=ALPACA)
2026-01-15 23:05:20,528 | WARNING |   VOLUME SANITY REJECT: LTC-USD 2026-01-15 22:00:00 volume=0.00 < threshold=1000 (source=ALPACA)
2026-01-15 23:05:20,529 | WARNING |   [LTC-USD] ALL 24 rows REJECTED by volume sanity check (source=ALPACA)
2026-01-15 23:05:20,529 | WARNING |   [LTC-USD] 0 rows written despite 24 bars received
2026-01-15 23:05:21,033 | INFO |   [MANA-USD] Stale (22.1h > 6h) - fetching
2026-01-15 23:05:21,156 | WARNING |   [MANA-USD] No data from Alpaca (STALE)
2026-01-15 23:05:21,659 | INFO |   [MKR-USD] Stale (22.1h > 6h) - fetching
2026-01-15 23:05:21,786 | WARNING |   [MKR-USD] No data from Alpaca (STALE)
2026-01-15 23:05:22,287 | INFO |   [NEAR-USD] Stale (22.1h > 6h) - fetching
2026-01-15 23:05:22,432 | WARNING |   [NEAR-USD] No data from Alpaca (STALE)
2026-01-15 23:05:22,935 | INFO |   [OKB-USD] Stale (22.1h > 6h) - fetching
2026-01-15 23:05:23,063 | WARNING |   [OKB-USD] No data from Alpaca (STALE)
2026-01-15 23:05:23,566 | INFO |   [QNT-USD] Stale (22.1h > 6h) - fetching
2026-01-15 23:05:23,694 | WARNING |   [QNT-USD] No data from Alpaca (STALE)
2026-01-15 23:05:24,197 | INFO |   [RPL-USD] Stale (22.1h > 6h) - fetching
2026-01-15 23:05:24,317 | WARNING |   [RPL-USD] No data from Alpaca (STALE)
2026-01-15 23:05:24,824 | INFO |   [RUNE-USD] Stale (22.1h > 6h) - fetching
2026-01-15 23:05:24,957 | WARNING |   [RUNE-USD] No data from Alpaca (STALE)
2026-01-15 23:05:25,461 | INFO |   [SAND-USD] Stale (22.1h > 6h) - fetching
2026-01-15 23:05:25,584 | WARNING |   [SAND-USD] No data from Alpaca (STALE)
2026-01-15 23:05:26,086 | INFO |   [SHIB-USD] Stale (6.1h > 6h) - fetching
2026-01-15 23:05:26,225 | WARNING |   VOLUME SANITY REJECT: SHIB-USD 2026-01-15 00:00:00 volume=0.00 < threshold=1000 (source=ALPACA)
2026-01-15 23:05:26,227 | WARNING |   VOLUME SANITY REJECT: SHIB-USD 2026-01-15 01:00:00 volume=0.00 < threshold=1000 (source=ALPACA)
2026-01-15 23:05:26,229 | WARNING |   VOLUME SANITY REJECT: SHIB-USD 2026-01-15 02:00:00 volume=0.00 < threshold=1000 (source=ALPACA)
2026-01-15 23:05:26,230 | WARNING |   VOLUME SANITY REJECT: SHIB-USD 2026-01-15 04:00:00 volume=0.00 < threshold=1000 (source=ALPACA)
2026-01-15 23:05:26,231 | WARNING |   VOLUME SANITY REJECT: SHIB-USD 2026-01-15 05:00:00 volume=0.00 < threshold=1000 (source=ALPACA)
2026-01-15 23:05:26,233 | WARNING |   VOLUME SANITY REJECT: SHIB-USD 2026-01-15 06:00:00 volume=0.00 < threshold=1000 (source=ALPACA)
2026-01-15 23:05:26,235 | WARNING |   VOLUME SANITY REJECT: SHIB-USD 2026-01-15 07:00:00 volume=0.00 < threshold=1000 (source=ALPACA)
2026-01-15 23:05:26,237 | WARNING |   VOLUME SANITY REJECT: SHIB-USD 2026-01-15 08:00:00 volume=0.00 < threshold=1000 (source=ALPACA)
2026-01-15 23:05:26,239 | WARNING |   VOLUME SANITY REJECT: SHIB-USD 2026-01-15 10:00:00 volume=0.00 < threshold=1000 (source=ALPACA)
2026-01-15 23:05:26,240 | WARNING |   VOLUME SANITY REJECT: SHIB-USD 2026-01-15 11:00:00 volume=0.00 < threshold=1000 (source=ALPACA)
2026-01-15 23:05:26,242 | WARNING |   VOLUME SANITY REJECT: SHIB-USD 2026-01-15 12:00:00 volume=0.00 < threshold=1000 (source=ALPACA)
2026-01-15 23:05:26,243 | WARNING |   VOLUME SANITY REJECT: SHIB-USD 2026-01-15 13:00:00 volume=0.00 < threshold=1000 (source=ALPACA)
2026-01-15 23:05:26,246 | WARNING |   VOLUME SANITY REJECT: SHIB-USD 2026-01-15 17:00:00 volume=0.00 < threshold=1000 (source=ALPACA)
2026-01-15 23:05:26,247 | WARNING |   VOLUME SANITY REJECT: SHIB-USD 2026-01-15 18:00:00 volume=0.00 < threshold=1000 (source=ALPACA)
2026-01-15 23:05:26,249 | WARNING |   VOLUME SANITY REJECT: SHIB-USD 2026-01-15 22:00:00 volume=0.00 < threshold=1000 (source=ALPACA)
2026-01-15 23:05:26,260 | WARNING |   [SHIB-USD] 15 rows REJECTED by volume sanity, 9 rows INSERTED (source=ALPACA)
2026-01-15 23:05:26,261 | INFO |   [SHIB-USD] +9 rows via ALPACA (latest: 2026-01-15 22:00:00+00:00)
2026-01-15 23:05:26,764 | INFO |   [SNX-USD] Stale (22.1h > 6h) - fetching
2026-01-15 23:05:26,886 | WARNING |   [SNX-USD] No data from Alpaca (STALE)
2026-01-15 23:05:27,389 | INFO |   [SOL-USD] Stale (22.1h > 6h) - fetching
2026-01-15 23:05:27,526 | WARNING |   VOLUME SANITY REJECT: SOL-USD 2026-01-14 23:00:00 volume=10.19 < threshold=1000 (source=ALPACA)
2026-01-15 23:05:27,527 | WARNING |   VOLUME SANITY REJECT: SOL-USD 2026-01-15 00:00:00 volume=0.46 < threshold=1000 (source=ALPACA)
2026-01-15 23:05:27,528 | WARNING |   VOLUME SANITY REJECT: SOL-USD 2026-01-15 01:00:00 volume=1.65 < threshold=1000 (source=ALPACA)
2026-01-15 23:05:27,529 | WARNING |   VOLUME SANITY REJECT: SOL-USD 2026-01-15 02:00:00 volume=6.17 < threshold=1000 (source=ALPACA)
2026-01-15 23:05:27,529 | WARNING |   VOLUME SANITY REJECT: SOL-USD 2026-01-15 03:00:00 volume=3.47 < threshold=1000 (source=ALPACA)
2026-01-15 23:05:27,530 | WARNING |   VOLUME SANITY REJECT: SOL-USD 2026-01-15 04:00:00 volume=0.11 < threshold=1000 (source=ALPACA)
2026-01-15 23:05:27,530 | WARNING |   VOLUME SANITY REJECT: SOL-USD 2026-01-15 05:00:00 volume=0.07 < threshold=1000 (source=ALPACA)
2026-01-15 23:05:27,531 | WARNING |   VOLUME SANITY REJECT: SOL-USD 2026-01-15 06:00:00 volume=1.07 < threshold=1000 (source=ALPACA)
2026-01-15 23:05:27,532 | WARNING |   VOLUME SANITY REJECT: SOL-USD 2026-01-15 07:00:00 volume=0.51 < threshold=1000 (source=ALPACA)
2026-01-15 23:05:27,533 | WARNING |   VOLUME SANITY REJECT: SOL-USD 2026-01-15 08:00:00 volume=12.87 < threshold=1000 (source=ALPACA)
2026-01-15 23:05:27,534 | WARNING |   VOLUME SANITY REJECT: SOL-USD 2026-01-15 09:00:00 volume=0.33 < threshold=1000 (source=ALPACA)
2026-01-15 23:05:27,535 | WARNING |   VOLUME SANITY REJECT: SOL-USD 2026-01-15 10:00:00 volume=0.42 < threshold=1000 (source=ALPACA)
2026-01-15 23:05:27,536 | WARNING |   VOLUME SANITY REJECT: SOL-USD 2026-01-15 11:00:00 volume=1.46 < threshold=1000 (source=ALPACA)
2026-01-15 23:05:27,537 | WARNING |   VOLUME SANITY REJECT: SOL-USD 2026-01-15 12:00:00 volume=9.59 < threshold=1000 (source=ALPACA)
2026-01-15 23:05:27,537 | WARNING |   VOLUME SANITY REJECT: SOL-USD 2026-01-15 13:00:00 volume=3.53 < threshold=1000 (source=ALPACA)
2026-01-15 23:05:27,538 | WARNING |   VOLUME SANITY REJECT: SOL-USD 2026-01-15 14:00:00 volume=7.44 < threshold=1000 (source=ALPACA)
2026-01-15 23:05:27,538 | WARNING |   VOLUME SANITY REJECT: SOL-USD 2026-01-15 15:00:00 volume=3.80 < threshold=1000 (source=ALPACA)
2026-01-15 23:05:27,539 | WARNING |   VOLUME SANITY REJECT: SOL-USD 2026-01-15 16:00:00 volume=18.24 < threshold=1000 (source=ALPACA)
2026-01-15 23:05:27,539 | WARNING |   VOLUME SANITY REJECT: SOL-USD 2026-01-15 17:00:00 volume=1.33 < threshold=1000 (source=ALPACA)
2026-01-15 23:05:27,540 | WARNING |   VOLUME SANITY REJECT: SOL-USD 2026-01-15 18:00:00 volume=6.24 < threshold=1000 (source=ALPACA)
2026-01-15 23:05:27,540 | WARNING |   VOLUME SANITY REJECT: SOL-USD 2026-01-15 19:00:00 volume=0.00 < threshold=1000 (source=ALPACA)
2026-01-15 23:05:27,541 | WARNING |   VOLUME SANITY REJECT: SOL-USD 2026-01-15 20:00:00 volume=8.31 < threshold=1000 (source=ALPACA)
2026-01-15 23:05:27,541 | WARNING |   VOLUME SANITY REJECT: SOL-USD 2026-01-15 21:00:00 volume=0.30 < threshold=1000 (source=ALPACA)
2026-01-15 23:05:27,542 | WARNING |   VOLUME SANITY REJECT: SOL-USD 2026-01-15 22:00:00 volume=0.00 < threshold=1000 (source=ALPACA)
2026-01-15 23:05:27,542 | WARNING |   [SOL-USD] ALL 24 rows REJECTED by volume sanity check (source=ALPACA)
2026-01-15 23:05:27,543 | WARNING |   [SOL-USD] 0 rows written despite 24 bars received
2026-01-15 23:05:28,046 | INFO |   [THETA-USD] Stale (22.1h > 6h) - fetching
2026-01-15 23:05:28,171 | WARNING |   [THETA-USD] No data from Alpaca (STALE)
2026-01-15 23:05:28,673 | INFO |   [TRX-USD] Stale (22.1h > 6h) - fetching
2026-01-15 23:05:28,802 | WARNING |   [TRX-USD] No data from Alpaca (STALE)
2026-01-15 23:05:29,305 | INFO |   [UNI-USD] Stale (200.1h > 6h) - fetching
2026-01-15 23:05:29,437 | WARNING |   VOLUME SANITY REJECT: UNI-USD 2026-01-14 23:00:00 volume=0.00 < threshold=1000 (source=ALPACA)
2026-01-15 23:05:29,438 | WARNING |   VOLUME SANITY REJECT: UNI-USD 2026-01-15 00:00:00 volume=0.00 < threshold=1000 (source=ALPACA)
2026-01-15 23:05:29,438 | WARNING |   VOLUME SANITY REJECT: UNI-USD 2026-01-15 01:00:00 volume=4.53 < threshold=1000 (source=ALPACA)
2026-01-15 23:05:29,439 | WARNING |   VOLUME SANITY REJECT: UNI-USD 2026-01-15 02:00:00 volume=0.23 < threshold=1000 (source=ALPACA)
2026-01-15 23:05:29,439 | WARNING |   VOLUME SANITY REJECT: UNI-USD 2026-01-15 03:00:00 volume=32.77 < threshold=1000 (source=ALPACA)
2026-01-15 23:05:29,440 | WARNING |   VOLUME SANITY REJECT: UNI-USD 2026-01-15 04:00:00 volume=0.00 < threshold=1000 (source=ALPACA)
2026-01-15 23:05:29,440 | WARNING |   VOLUME SANITY REJECT: UNI-USD 2026-01-15 05:00:00 volume=93.24 < threshold=1000 (source=ALPACA)
2026-01-15 23:05:29,441 | WARNING |   VOLUME SANITY REJECT: UNI-USD 2026-01-15 06:00:00 volume=8.09 < threshold=1000 (source=ALPACA)
2026-01-15 23:05:29,441 | WARNING |   VOLUME SANITY REJECT: UNI-USD 2026-01-15 07:00:00 volume=4.21 < threshold=1000 (source=ALPACA)
2026-01-15 23:05:29,442 | WARNING |   VOLUME SANITY REJECT: UNI-USD 2026-01-15 08:00:00 volume=0.00 < threshold=1000 (source=ALPACA)
2026-01-15 23:05:29,442 | WARNING |   VOLUME SANITY REJECT: UNI-USD 2026-01-15 09:00:00 volume=1.76 < threshold=1000 (source=ALPACA)
2026-01-15 23:05:29,443 | WARNING |   VOLUME SANITY REJECT: UNI-USD 2026-01-15 10:00:00 volume=0.51 < threshold=1000 (source=ALPACA)
2026-01-15 23:05:29,443 | WARNING |   VOLUME SANITY REJECT: UNI-USD 2026-01-15 11:00:00 volume=6.44 < threshold=1000 (source=ALPACA)
2026-01-15 23:05:29,444 | WARNING |   VOLUME SANITY REJECT: UNI-USD 2026-01-15 12:00:00 volume=41.84 < threshold=1000 (source=ALPACA)
2026-01-15 23:05:29,444 | WARNING |   VOLUME SANITY REJECT: UNI-USD 2026-01-15 13:00:00 volume=14.14 < threshold=1000 (source=ALPACA)
2026-01-15 23:05:29,445 | WARNING |   VOLUME SANITY REJECT: UNI-USD 2026-01-15 14:00:00 volume=20.15 < threshold=1000 (source=ALPACA)
2026-01-15 23:05:29,445 | WARNING |   VOLUME SANITY REJECT: UNI-USD 2026-01-15 15:00:00 volume=3.09 < threshold=1000 (source=ALPACA)
2026-01-15 23:05:29,446 | WARNING |   VOLUME SANITY REJECT: UNI-USD 2026-01-15 16:00:00 volume=181.93 < threshold=1000 (source=ALPACA)
2026-01-15 23:05:29,446 | WARNING |   VOLUME SANITY REJECT: UNI-USD 2026-01-15 17:00:00 volume=186.33 < threshold=1000 (source=ALPACA)
2026-01-15 23:05:29,447 | WARNING |   VOLUME SANITY REJECT: UNI-USD 2026-01-15 18:00:00 volume=189.15 < threshold=1000 (source=ALPACA)
2026-01-15 23:05:29,447 | WARNING |   VOLUME SANITY REJECT: UNI-USD 2026-01-15 19:00:00 volume=0.00 < threshold=1000 (source=ALPACA)
2026-01-15 23:05:29,448 | WARNING |   VOLUME SANITY REJECT: UNI-USD 2026-01-15 20:00:00 volume=57.23 < threshold=1000 (source=ALPACA)
2026-01-15 23:05:29,448 | WARNING |   VOLUME SANITY REJECT: UNI-USD 2026-01-15 21:00:00 volume=840.14 < threshold=1000 (source=ALPACA)
2026-01-15 23:05:29,448 | WARNING |   VOLUME SANITY REJECT: UNI-USD 2026-01-15 22:00:00 volume=0.00 < threshold=1000 (source=ALPACA)
2026-01-15 23:05:29,449 | WARNING |   [UNI-USD] ALL 24 rows REJECTED by volume sanity check (source=ALPACA)
2026-01-15 23:05:29,449 | WARNING |   [UNI-USD] 0 rows written despite 24 bars received
2026-01-15 23:05:29,954 | INFO |   [VET-USD] Stale (22.1h > 6h) - fetching
2026-01-15 23:05:30,091 | WARNING |   [VET-USD] No data from Alpaca (STALE)
2026-01-15 23:05:30,596 | INFO |   [XLM-USD] Stale (22.1h > 6h) - fetching
2026-01-15 23:05:30,724 | WARNING |   [XLM-USD] No data from Alpaca (STALE)
2026-01-15 23:05:31,226 | INFO |   [XMR-USD] Stale (22.1h > 6h) - fetching
2026-01-15 23:05:31,349 | WARNING |   [XMR-USD] No data from Alpaca (STALE)
2026-01-15 23:05:31,853 | INFO |   [XRP-USD] Stale (7.1h > 6h) - fetching
2026-01-15 23:05:31,988 | WARNING |   VOLUME SANITY REJECT: XRP-USD 2026-01-14 23:00:00 volume=459.85 < threshold=1000 (source=ALPACA)
2026-01-15 23:05:31,989 | WARNING |   VOLUME SANITY REJECT: XRP-USD 2026-01-15 00:00:00 volume=177.81 < threshold=1000 (source=ALPACA)
2026-01-15 23:05:31,990 | WARNING |   VOLUME SANITY REJECT: XRP-USD 2026-01-15 01:00:00 volume=225.59 < threshold=1000 (source=ALPACA)
2026-01-15 23:05:31,991 | WARNING |   VOLUME SANITY REJECT: XRP-USD 2026-01-15 02:00:00 volume=406.50 < threshold=1000 (source=ALPACA)
2026-01-15 23:05:31,992 | WARNING |   VOLUME SANITY REJECT: XRP-USD 2026-01-15 03:00:00 volume=87.82 < threshold=1000 (source=ALPACA)
2026-01-15 23:05:31,993 | WARNING |   VOLUME SANITY REJECT: XRP-USD 2026-01-15 04:00:00 volume=64.54 < threshold=1000 (source=ALPACA)
2026-01-15 23:05:31,994 | WARNING |   VOLUME SANITY REJECT: XRP-USD 2026-01-15 05:00:00 volume=230.62 < threshold=1000 (source=ALPACA)
2026-01-15 23:05:31,995 | WARNING |   VOLUME SANITY REJECT: XRP-USD 2026-01-15 06:00:00 volume=252.74 < threshold=1000 (source=ALPACA)
2026-01-15 23:05:31,996 | WARNING |   VOLUME SANITY REJECT: XRP-USD 2026-01-15 07:00:00 volume=14.34 < threshold=1000 (source=ALPACA)
2026-01-15 23:05:31,996 | WARNING |   VOLUME SANITY REJECT: XRP-USD 2026-01-15 09:00:00 volume=60.49 < threshold=1000 (source=ALPACA)
2026-01-15 23:05:31,997 | WARNING |   VOLUME SANITY REJECT: XRP-USD 2026-01-15 10:00:00 volume=372.17 < threshold=1000 (source=ALPACA)
2026-01-15 23:05:31,998 | WARNING |   VOLUME SANITY REJECT: XRP-USD 2026-01-15 11:00:00 volume=55.15 < threshold=1000 (source=ALPACA)
2026-01-15 23:05:31,998 | WARNING |   VOLUME SANITY REJECT: XRP-USD 2026-01-15 12:00:00 volume=54.86 < threshold=1000 (source=ALPACA)
2026-01-15 23:05:31,999 | WARNING |   VOLUME SANITY REJECT: XRP-USD 2026-01-15 13:00:00 volume=154.65 < threshold=1000 (source=ALPACA)
2026-01-15 23:05:31,999 | WARNING |   VOLUME SANITY REJECT: XRP-USD 2026-01-15 14:00:00 volume=267.72 < threshold=1000 (source=ALPACA)
2026-01-15 23:05:32,000 | WARNING |   VOLUME SANITY REJECT: XRP-USD 2026-01-15 16:00:00 volume=415.50 < threshold=1000 (source=ALPACA)
2026-01-15 23:05:32,001 | WARNING |   VOLUME SANITY REJECT: XRP-USD 2026-01-15 17:00:00 volume=288.40 < threshold=1000 (source=ALPACA)
2026-01-15 23:05:32,001 | WARNING |   VOLUME SANITY REJECT: XRP-USD 2026-01-15 18:00:00 volume=111.67 < threshold=1000 (source=ALPACA)
2026-01-15 23:05:32,002 | WARNING |   VOLUME SANITY REJECT: XRP-USD 2026-01-15 19:00:00 volume=273.89 < threshold=1000 (source=ALPACA)
2026-01-15 23:05:32,003 | WARNING |   VOLUME SANITY REJECT: XRP-USD 2026-01-15 20:00:00 volume=12.39 < threshold=1000 (source=ALPACA)
2026-01-15 23:05:32,003 | WARNING |   VOLUME SANITY REJECT: XRP-USD 2026-01-15 21:00:00 volume=27.05 < threshold=1000 (source=ALPACA)
2026-01-15 23:05:32,004 | WARNING |   VOLUME SANITY REJECT: XRP-USD 2026-01-15 22:00:00 volume=0.00 < threshold=1000 (source=ALPACA)
2026-01-15 23:05:32,006 | WARNING |   [XRP-USD] 22 rows REJECTED by volume sanity, 2 rows INSERTED (source=ALPACA)
2026-01-15 23:05:32,007 | INFO |   [XRP-USD] +2 rows via ALPACA (latest: 2026-01-15 22:00:00+00:00)
2026-01-15 23:05:32,510 | INFO |   [XTZ-USD] Stale (22.1h > 6h) - fetching
2026-01-15 23:05:32,643 | WARNING |   VOLUME SANITY REJECT: XTZ-USD 2026-01-14 23:00:00 volume=0.00 < threshold=1000 (source=ALPACA)
2026-01-15 23:05:32,644 | WARNING |   VOLUME SANITY REJECT: XTZ-USD 2026-01-15 00:00:00 volume=0.00 < threshold=1000 (source=ALPACA)
2026-01-15 23:05:32,644 | WARNING |   VOLUME SANITY REJECT: XTZ-USD 2026-01-15 01:00:00 volume=0.00 < threshold=1000 (source=ALPACA)
2026-01-15 23:05:32,645 | WARNING |   VOLUME SANITY REJECT: XTZ-USD 2026-01-15 02:00:00 volume=0.00 < threshold=1000 (source=ALPACA)
2026-01-15 23:05:32,645 | WARNING |   VOLUME SANITY REJECT: XTZ-USD 2026-01-15 03:00:00 volume=0.00 < threshold=1000 (source=ALPACA)
2026-01-15 23:05:32,646 | WARNING |   VOLUME SANITY REJECT: XTZ-USD 2026-01-15 04:00:00 volume=0.00 < threshold=1000 (source=ALPACA)
2026-01-15 23:05:32,646 | WARNING |   VOLUME SANITY REJECT: XTZ-USD 2026-01-15 05:00:00 volume=0.00 < threshold=1000 (source=ALPACA)
2026-01-15 23:05:32,647 | WARNING |   VOLUME SANITY REJECT: XTZ-USD 2026-01-15 06:00:00 volume=0.00 < threshold=1000 (source=ALPACA)
2026-01-15 23:05:32,647 | WARNING |   VOLUME SANITY REJECT: XTZ-USD 2026-01-15 07:00:00 volume=0.00 < threshold=1000 (source=ALPACA)
2026-01-15 23:05:32,648 | WARNING |   VOLUME SANITY REJECT: XTZ-USD 2026-01-15 08:00:00 volume=0.00 < threshold=1000 (source=ALPACA)
2026-01-15 23:05:32,649 | WARNING |   VOLUME SANITY REJECT: XTZ-USD 2026-01-15 09:00:00 volume=0.00 < threshold=1000 (source=ALPACA)
2026-01-15 23:05:32,649 | WARNING |   VOLUME SANITY REJECT: XTZ-USD 2026-01-15 10:00:00 volume=0.00 < threshold=1000 (source=ALPACA)
2026-01-15 23:05:32,650 | WARNING |   VOLUME SANITY REJECT: XTZ-USD 2026-01-15 11:00:00 volume=0.00 < threshold=1000 (source=ALPACA)
2026-01-15 23:05:32,650 | WARNING |   VOLUME SANITY REJECT: XTZ-USD 2026-01-15 12:00:00 volume=0.00 < threshold=1000 (source=ALPACA)
2026-01-15 23:05:32,650 | WARNING |   VOLUME SANITY REJECT: XTZ-USD 2026-01-15 13:00:00 volume=0.00 < threshold=1000 (source=ALPACA)
2026-01-15 23:05:32,651 | WARNING |   VOLUME SANITY REJECT: XTZ-USD 2026-01-15 14:00:00 volume=202.00 < threshold=1000 (source=ALPACA)
2026-01-15 23:05:32,651 | WARNING |   VOLUME SANITY REJECT: XTZ-USD 2026-01-15 15:00:00 volume=0.00 < threshold=1000 (source=ALPACA)
2026-01-15 23:05:32,652 | WARNING |   VOLUME SANITY REJECT: XTZ-USD 2026-01-15 16:00:00 volume=0.00 < threshold=1000 (source=ALPACA)
2026-01-15 23:05:32,652 | WARNING |   VOLUME SANITY REJECT: XTZ-USD 2026-01-15 17:00:00 volume=0.00 < threshold=1000 (source=ALPACA)
2026-01-15 23:05:32,653 | WARNING |   VOLUME SANITY REJECT: XTZ-USD 2026-01-15 18:00:00 volume=0.00 < threshold=1000 (source=ALPACA)
2026-01-15 23:05:32,653 | WARNING |   VOLUME SANITY REJECT: XTZ-USD 2026-01-15 19:00:00 volume=0.00 < threshold=1000 (source=ALPACA)
2026-01-15 23:05:32,653 | WARNING |   VOLUME SANITY REJECT: XTZ-USD 2026-01-15 20:00:00 volume=4.67 < threshold=1000 (source=ALPACA)
2026-01-15 23:05:32,654 | WARNING |   VOLUME SANITY REJECT: XTZ-USD 2026-01-15 21:00:00 volume=266.12 < threshold=1000 (source=ALPACA)
2026-01-15 23:05:32,654 | WARNING |   VOLUME SANITY REJECT: XTZ-USD 2026-01-15 22:00:00 volume=0.00 < threshold=1000 (source=ALPACA)
2026-01-15 23:05:32,654 | WARNING |   [XTZ-USD] ALL 24 rows REJECTED by volume sanity check (source=ALPACA)
2026-01-15 23:05:32,655 | WARNING |   [XTZ-USD] 0 rows written despite 24 bars received
2026-01-15 23:05:33,157 | INFO |   [ZEC-USD] Stale (22.1h > 6h) - fetching
2026-01-15 23:05:33,279 | WARNING |   [ZEC-USD] No data from Alpaca (STALE)
2026-01-15 23:05:33,782 | INFO |   [AAVE-USD] Stale (22.1h > 6h) - fetching
2026-01-15 23:05:33,917 | WARNING |   VOLUME SANITY REJECT: AAVE-USD 2026-01-14 23:00:00 volume=0.08 < threshold=1000 (source=ALPACA)
2026-01-15 23:05:33,919 | WARNING |   VOLUME SANITY REJECT: AAVE-USD 2026-01-15 00:00:00 volume=0.36 < threshold=1000 (source=ALPACA)
2026-01-15 23:05:33,920 | WARNING |   VOLUME SANITY REJECT: AAVE-USD 2026-01-15 01:00:00 volume=0.33 < threshold=1000 (source=ALPACA)
2026-01-15 23:05:33,921 | WARNING |   VOLUME SANITY REJECT: AAVE-USD 2026-01-15 02:00:00 volume=0.20 < threshold=1000 (source=ALPACA)
2026-01-15 23:05:33,922 | WARNING |   VOLUME SANITY REJECT: AAVE-USD 2026-01-15 03:00:00 volume=0.09 < threshold=1000 (source=ALPACA)
2026-01-15 23:05:33,924 | WARNING |   VOLUME SANITY REJECT: AAVE-USD 2026-01-15 04:00:00 volume=0.47 < threshold=1000 (source=ALPACA)
2026-01-15 23:05:33,925 | WARNING |   VOLUME SANITY REJECT: AAVE-USD 2026-01-15 05:00:00 volume=0.50 < threshold=1000 (source=ALPACA)
2026-01-15 23:05:33,925 | WARNING |   VOLUME SANITY REJECT: AAVE-USD 2026-01-15 06:00:00 volume=0.00 < threshold=1000 (source=ALPACA)
2026-01-15 23:05:33,926 | WARNING |   VOLUME SANITY REJECT: AAVE-USD 2026-01-15 07:00:00 volume=0.00 < threshold=1000 (source=ALPACA)
2026-01-15 23:05:33,927 | WARNING |   VOLUME SANITY REJECT: AAVE-USD 2026-01-15 08:00:00 volume=19.85 < threshold=1000 (source=ALPACA)
2026-01-15 23:05:33,928 | WARNING |   VOLUME SANITY REJECT: AAVE-USD 2026-01-15 09:00:00 volume=0.09 < threshold=1000 (source=ALPACA)
2026-01-15 23:05:33,929 | WARNING |   VOLUME SANITY REJECT: AAVE-USD 2026-01-15 10:00:00 volume=0.52 < threshold=1000 (source=ALPACA)
2026-01-15 23:05:33,929 | WARNING |   VOLUME SANITY REJECT: AAVE-USD 2026-01-15 11:00:00 volume=0.00 < threshold=1000 (source=ALPACA)
2026-01-15 23:05:33,930 | WARNING |   VOLUME SANITY REJECT: AAVE-USD 2026-01-15 12:00:00 volume=0.96 < threshold=1000 (source=ALPACA)
2026-01-15 23:05:33,931 | WARNING |   VOLUME SANITY REJECT: AAVE-USD 2026-01-15 13:00:00 volume=0.00 < threshold=1000 (source=ALPACA)
2026-01-15 23:05:33,931 | WARNING |   VOLUME SANITY REJECT: AAVE-USD 2026-01-15 14:00:00 volume=0.13 < threshold=1000 (source=ALPACA)
2026-01-15 23:05:33,932 | WARNING |   VOLUME SANITY REJECT: AAVE-USD 2026-01-15 15:00:00 volume=0.68 < threshold=1000 (source=ALPACA)
2026-01-15 23:05:33,933 | WARNING |   VOLUME SANITY REJECT: AAVE-USD 2026-01-15 16:00:00 volume=0.27 < threshold=1000 (source=ALPACA)
2026-01-15 23:05:33,933 | WARNING |   VOLUME SANITY REJECT: AAVE-USD 2026-01-15 17:00:00 volume=2.12 < threshold=1000 (source=ALPACA)
2026-01-15 23:05:33,934 | WARNING |   VOLUME SANITY REJECT: AAVE-USD 2026-01-15 18:00:00 volume=0.08 < threshold=1000 (source=ALPACA)
2026-01-15 23:05:33,935 | WARNING |   VOLUME SANITY REJECT: AAVE-USD 2026-01-15 19:00:00 volume=1.43 < threshold=1000 (source=ALPACA)
2026-01-15 23:05:33,935 | WARNING |   VOLUME SANITY REJECT: AAVE-USD 2026-01-15 20:00:00 volume=13.12 < threshold=1000 (source=ALPACA)
2026-01-15 23:05:33,936 | WARNING |   VOLUME SANITY REJECT: AAVE-USD 2026-01-15 21:00:00 volume=0.16 < threshold=1000 (source=ALPACA)
2026-01-15 23:05:33,936 | WARNING |   VOLUME SANITY REJECT: AAVE-USD 2026-01-15 22:00:00 volume=0.00 < threshold=1000 (source=ALPACA)
2026-01-15 23:05:33,937 | WARNING |   [AAVE-USD] ALL 24 rows REJECTED by volume sanity check (source=ALPACA)
2026-01-15 23:05:33,937 | WARNING |   [AAVE-USD] 0 rows written despite 24 bars received
2026-01-15 23:05:34,440 | INFO | Alpaca: Updated 3 assets, 30 remaining
2026-01-15 23:05:34,873 | INFO | ============================================================
2026-01-15 23:05:34,873 | INFO | ATTEMPTING YAHOO FINANCE INGEST (Fallback Provider)
2026-01-15 23:05:34,873 | INFO | Assets: 30, Using BATCH DOWNLOAD (efficient)
2026-01-15 23:05:34,873 | INFO | ============================================================
2026-01-15 23:05:34,873 | INFO |   Checking Yahoo Finance rate limit status...
2026-01-15 23:05:37,975 | ERROR | 
1 Failed download:
2026-01-15 23:05:37,975 | ERROR | ['AAPL']: YFRateLimitError('Too Many Requests. Rate limited. Try after a while.')
2026-01-15 23:05:38,014 | WARNING |   RATE LIMITED - Yahoo Finance is currently blocking requests
2026-01-15 23:05:38,014 | WARNING |   Skipping Yahoo and marking all assets as failed
2026-01-15 23:05:38,015 | INFO | Yahoo: Updated 0 assets, 30 remaining
2026-01-15 23:05:38,015 | INFO | 
============================================================
2026-01-15 23:05:38,015 | INFO | VERIFICATION: Checking Data Freshness
2026-01-15 23:05:38,015 | INFO | ============================================================
2026-01-15 23:05:38,820 | WARNING | VERIFICATION FAILED: 5 assets are stale
2026-01-15 23:05:38,820 | WARNING |   - BT.A.L: 31 days stale (last: 2025-12-15)
2026-01-15 23:05:38,820 | WARNING |   - 1COV.DE: 23 days stale (last: 2025-12-23)
2026-01-15 23:05:38,821 | WARNING |   - UNI-USD: 8 days stale (last: 2026-01-07)
2026-01-15 23:05:38,821 | WARNING |   - TLT: 6 days stale (last: 2026-01-09)
2026-01-15 23:05:38,821 | WARNING |   - GLD: 5 days stale (last: 2026-01-10)
2026-01-15 23:05:39,306 | CRITICAL | ALERT [CRITICAL]: DATA VERIFICATION FAILED: 5 assets still stale after ingest! Updated: 3, Rows: 12
2026-01-15 23:05:39,315 | WARNING | Governance logging failed: column "action_timestamp" of relation "governance_actions_log" does not exist
LINE 3:                     action_type, action_timestamp, action_by...
                                         ^

2026-01-15 23:05:39,315 | WARNING | ALERT [WARNING]: PARTIAL INGEST: 30 assets could not be updated via any provider
2026-01-15 23:05:39,315 | WARNING | Heartbeat recording failed: relation "fhq_monitoring.system_heartbeats" does not exist
LINE 2:                 INSERT INTO fhq_monitoring.system_heartbeats...
                                    ^

2026-01-15 23:05:39,315 | WARNING | Governance logging failed: current transaction is aborted, commands ignored until end of transaction block

2026-01-15 23:05:39,315 | INFO | 
======================================================================
2026-01-15 23:05:39,315 | INFO | BULLETPROOF INGEST COMPLETE
2026-01-15 23:05:39,315 | INFO | ======================================================================
2026-01-15 23:05:39,315 | INFO | Status: PARTIAL
2026-01-15 23:05:39,315 | INFO | Assets Updated: 3
2026-01-15 23:05:39,315 | INFO | Rows Inserted: 12
2026-01-15 23:05:39,315 | INFO | Providers Used: ALPACA, YAHOO
2026-01-15 23:05:39,315 | INFO | Verification: FAILED (5 stale)
2026-01-15 23:05:39,315 | INFO | Elapsed: 36.6s
2026-01-15 23:05:39,315 | INFO | 
Freshness by Asset Class:
2026-01-15 23:05:39,315 | INFO |   CRYPTO: 45/50 fresh (90.0%)
2026-01-15 23:05:39,315 | INFO |   EQUITY: 419/422 fresh (99.3%)
2026-01-15 23:05:39,315 | INFO |   ETF: 0/2 fresh (0.0%)
2026-01-15 23:05:39,315 | INFO |   FX: 24/25 fresh (96.0%)
2026-01-15 23:05:39,315 | INFO | 
Evidence: C:\fhq-market-system\vision-ios\03_FUNCTIONS\evidence\BULLETPROOF_INGEST_485a5054_20260115_230539.json
2026-01-15 23:05:39,315 | INFO | ======================================================================
