2025-12-31 03:00:05,033 | INFO | ======================================================================
2025-12-31 03:00:05,033 | INFO | IoS-001 BULLETPROOF DAILY PRICE INGEST
2025-12-31 03:00:05,033 | INFO | ======================================================================
2025-12-31 03:00:05,033 | INFO | CEO Directive: CD-IOS-001-DAILY-INGEST-BULLETPROOF-001
2025-12-31 03:00:05,033 | INFO | Executor: STIG (EC-003)
2025-12-31 03:00:05,033 | INFO | Time: 2025-12-31T02:00:05.033753+00:00
2025-12-31 03:00:05,033 | INFO | Asset Class Filter: CRYPTO
2025-12-31 03:00:05,033 | INFO | Dry Run: False
2025-12-31 03:00:05,041 | INFO | Canonical Source: fhq_market.prices (ONLY)
2025-12-31 03:00:05,041 | INFO | ======================================================================
2025-12-31 03:00:05,136 | INFO | Found 46 canonical assets
2025-12-31 03:00:06,319 | INFO | ============================================================
2025-12-31 03:00:06,319 | INFO | ATTEMPTING ALPACA INGEST (Primary Provider)
2025-12-31 03:00:06,319 | INFO | Assets: 46, Rate limit: 200/min
2025-12-31 03:00:06,319 | INFO | ============================================================
2025-12-31 03:00:09,202 | WARNING |   VOLUME SANITY REJECT: AVAX-USD 2025-12-31 00:00:00 volume=2.53 < threshold=1000 (source=ALPACA)
2025-12-31 03:00:09,202 | WARNING |   [AVAX-USD] ALL 1 rows REJECTED by volume sanity check (source=ALPACA)
2025-12-31 03:00:10,465 | WARNING |   VOLUME SANITY REJECT: BCH-USD 2025-12-31 00:00:00 volume=0.01 < threshold=1000 (source=ALPACA)
2025-12-31 03:00:10,465 | WARNING |   [BCH-USD] ALL 1 rows REJECTED by volume sanity check (source=ALPACA)
2025-12-31 03:00:11,793 | WARNING |   VOLUME SANITY REJECT: BTC-USD 2025-12-31 00:00:00 volume=0.01 < threshold=1000 (source=ALPACA)
2025-12-31 03:00:11,793 | WARNING |   [BTC-USD] ALL 1 rows REJECTED by volume sanity check (source=ALPACA)
2025-12-31 03:00:13,705 | WARNING |   VOLUME SANITY REJECT: CRV-USD 2025-12-31 00:00:00 volume=0.00 < threshold=1000 (source=ALPACA)
2025-12-31 03:00:13,705 | WARNING |   [CRV-USD] ALL 1 rows REJECTED by volume sanity check (source=ALPACA)
2025-12-31 03:00:14,349 | WARNING |   VOLUME SANITY REJECT: DOGE-USD 2025-12-31 00:00:00 volume=13.53 < threshold=1000 (source=ALPACA)
2025-12-31 03:00:14,359 | WARNING |   [DOGE-USD] ALL 1 rows REJECTED by volume sanity check (source=ALPACA)
2025-12-31 03:00:15,000 | WARNING |   VOLUME SANITY REJECT: DOT-USD 2025-12-31 00:00:00 volume=34.30 < threshold=1000 (source=ALPACA)
2025-12-31 03:00:15,001 | WARNING |   [DOT-USD] ALL 1 rows REJECTED by volume sanity check (source=ALPACA)
2025-12-31 03:00:16,919 | WARNING |   VOLUME SANITY REJECT: ETH-USD 2025-12-31 00:00:00 volume=0.20 < threshold=1000 (source=ALPACA)
2025-12-31 03:00:16,919 | WARNING |   [ETH-USD] ALL 1 rows REJECTED by volume sanity check (source=ALPACA)
2025-12-31 03:00:18,823 | WARNING |   VOLUME SANITY REJECT: GRT-USD 2025-12-31 00:00:00 volume=0.00 < threshold=1000 (source=ALPACA)
2025-12-31 03:00:18,828 | WARNING |   [GRT-USD] ALL 1 rows REJECTED by volume sanity check (source=ALPACA)
2025-12-31 03:00:21,990 | WARNING |   VOLUME SANITY REJECT: LINK-USD 2025-12-31 00:00:00 volume=0.59 < threshold=1000 (source=ALPACA)
2025-12-31 03:00:21,994 | WARNING |   [LINK-USD] ALL 1 rows REJECTED by volume sanity check (source=ALPACA)
2025-12-31 03:00:22,620 | WARNING |   VOLUME SANITY REJECT: LTC-USD 2025-12-31 00:00:00 volume=0.69 < threshold=1000 (source=ALPACA)
2025-12-31 03:00:22,620 | WARNING |   [LTC-USD] ALL 1 rows REJECTED by volume sanity check (source=ALPACA)
2025-12-31 03:00:28,357 | WARNING |   VOLUME SANITY REJECT: SHIB-USD 2025-12-31 00:00:00 volume=0.00 < threshold=1000 (source=ALPACA)
2025-12-31 03:00:28,357 | WARNING |   [SHIB-USD] ALL 1 rows REJECTED by volume sanity check (source=ALPACA)
2025-12-31 03:00:29,659 | WARNING |   VOLUME SANITY REJECT: SOL-USD 2025-12-31 00:00:00 volume=0.33 < threshold=1000 (source=ALPACA)
2025-12-31 03:00:29,659 | WARNING |   [SOL-USD] ALL 1 rows REJECTED by volume sanity check (source=ALPACA)
2025-12-31 03:00:31,606 | WARNING |   VOLUME SANITY REJECT: UNI-USD 2025-12-31 00:00:00 volume=12.15 < threshold=1000 (source=ALPACA)
2025-12-31 03:00:31,610 | WARNING |   [UNI-USD] ALL 1 rows REJECTED by volume sanity check (source=ALPACA)
2025-12-31 03:00:34,162 | WARNING |   VOLUME SANITY REJECT: XRP-USD 2025-12-31 00:00:00 volume=154.15 < threshold=1000 (source=ALPACA)
2025-12-31 03:00:34,163 | WARNING |   [XRP-USD] ALL 1 rows REJECTED by volume sanity check (source=ALPACA)
2025-12-31 03:00:34,797 | WARNING |   VOLUME SANITY REJECT: XTZ-USD 2025-12-31 00:00:00 volume=0.00 < threshold=1000 (source=ALPACA)
2025-12-31 03:00:34,797 | WARNING |   [XTZ-USD] ALL 1 rows REJECTED by volume sanity check (source=ALPACA)
2025-12-31 03:00:36,117 | WARNING |   VOLUME SANITY REJECT: AAVE-USD 2025-12-31 00:00:00 volume=1.12 < threshold=1000 (source=ALPACA)
2025-12-31 03:00:36,117 | WARNING |   [AAVE-USD] ALL 1 rows REJECTED by volume sanity check (source=ALPACA)
2025-12-31 03:00:36,631 | INFO | Alpaca: Updated 0 assets, 30 remaining
2025-12-31 03:00:37,252 | INFO | ============================================================
2025-12-31 03:00:37,252 | INFO | ATTEMPTING YAHOO FINANCE INGEST (Fallback Provider)
2025-12-31 03:00:37,252 | INFO | Assets: 30, Using BATCH DOWNLOAD (efficient)
2025-12-31 03:00:37,252 | INFO | ============================================================
2025-12-31 03:00:37,252 | INFO |   Checking Yahoo Finance rate limit status...
2025-12-31 03:00:40,357 | ERROR | 
1 Failed download:
2025-12-31 03:00:40,360 | ERROR | ['AAPL']: YFRateLimitError('Too Many Requests. Rate limited. Try after a while.')
2025-12-31 03:00:40,394 | WARNING |   RATE LIMITED - Yahoo Finance is currently blocking requests
2025-12-31 03:00:40,394 | WARNING |   Skipping Yahoo and marking all assets as failed
2025-12-31 03:00:40,394 | INFO | Yahoo: Updated 0 assets, 30 remaining
2025-12-31 03:00:40,394 | INFO | 
============================================================
2025-12-31 03:00:40,394 | INFO | VERIFICATION: Checking Data Freshness
2025-12-31 03:00:40,394 | INFO | ============================================================
2025-12-31 03:00:41,338 | WARNING | VERIFICATION FAILED: 2 assets are stale
2025-12-31 03:00:41,348 | WARNING |   - BT.A.L: 16 days stale (last: 2025-12-15)
2025-12-31 03:00:41,348 | WARNING |   - 1COV.DE: 8 days stale (last: 2025-12-23)
2025-12-31 03:00:41,986 | CRITICAL | ALERT [CRITICAL]: DATA VERIFICATION FAILED: 2 assets still stale after ingest! Updated: 0, Rows: 0
2025-12-31 03:00:41,990 | WARNING | Governance logging failed: column "action_timestamp" of relation "governance_actions_log" does not exist
LINE 3:                     action_type, action_timestamp, action_by...
                                         ^

2025-12-31 03:00:41,991 | CRITICAL | ALERT [CRITICAL]: ALL INGEST METHODS FAILED - No assets were updated! Manual intervention required.
2025-12-31 03:00:41,993 | WARNING | Heartbeat recording failed: relation "fhq_monitoring.system_heartbeats" does not exist
LINE 2:                 INSERT INTO fhq_monitoring.system_heartbeats...
                                    ^

2025-12-31 03:00:41,996 | WARNING | Governance logging failed: current transaction is aborted, commands ignored until end of transaction block

2025-12-31 03:00:42,007 | INFO | 
======================================================================
2025-12-31 03:00:42,008 | INFO | BULLETPROOF INGEST COMPLETE
2025-12-31 03:00:42,008 | INFO | ======================================================================
2025-12-31 03:00:42,009 | INFO | Status: FAILED
2025-12-31 03:00:42,009 | INFO | Assets Updated: 0
2025-12-31 03:00:42,009 | INFO | Rows Inserted: 0
2025-12-31 03:00:42,009 | INFO | Providers Used: ALPACA, YAHOO
2025-12-31 03:00:42,010 | INFO | Verification: FAILED (2 stale)
2025-12-31 03:00:42,010 | INFO | Elapsed: 37.0s
2025-12-31 03:00:42,010 | INFO | 
Freshness by Asset Class:
2025-12-31 03:00:42,011 | INFO |   CRYPTO: 46/50 fresh (92.0%)
2025-12-31 03:00:42,012 | INFO |   EQUITY: 419/422 fresh (99.3%)
2025-12-31 03:00:42,012 | INFO |   FX: 24/25 fresh (96.0%)
2025-12-31 03:00:42,012 | INFO | 
Evidence: C:\fhq-market-system\vision-ios\03_FUNCTIONS\evidence\BULLETPROOF_INGEST_b2810354_20251231_030042.json
2025-12-31 03:00:42,013 | INFO | ======================================================================
