2026-02-18 02:21:59,849 | INFO | ======================================================================
2026-02-18 02:21:59,865 | INFO | IoS-001 BULLETPROOF DAILY PRICE INGEST
2026-02-18 02:21:59,849 | INFO | ======================================================================
2026-02-18 02:21:59,865 | INFO | ======================================================================
2026-02-18 02:21:59,865 | INFO | IoS-001 BULLETPROOF DAILY PRICE INGEST
2026-02-18 02:21:59,865 | INFO | CEO Directive: CD-IOS-001-DAILY-INGEST-BULLETPROOF-001
2026-02-18 02:21:59,865 | INFO | ======================================================================
2026-02-18 02:21:59,865 | INFO | Executor: STIG (EC-003)
2026-02-18 02:21:59,865 | INFO | CEO Directive: CD-IOS-001-DAILY-INGEST-BULLETPROOF-001
2026-02-18 02:21:59,865 | INFO | Time: 2026-02-18T01:21:59.849789+00:00
2026-02-18 02:21:59,865 | INFO | Asset Class Filter: CRYPTO
2026-02-18 02:21:59,865 | INFO | Executor: STIG (EC-003)
2026-02-18 02:21:59,849 | INFO | ======================================================================
2026-02-18 02:21:59,865 | INFO | Time: 2026-02-18T01:21:59.849789+00:00
2026-02-18 02:21:59,865 | INFO | Asset Class Filter: EQUITY
2026-02-18 02:21:59,865 | INFO | Dry Run: False
2026-02-18 02:21:59,865 | INFO | IoS-001 BULLETPROOF DAILY PRICE INGEST
2026-02-18 02:21:59,865 | INFO | Canonical Source: fhq_market.prices (ONLY)
2026-02-18 02:21:59,865 | INFO | ======================================================================
2026-02-18 02:21:59,865 | INFO | ======================================================================
2026-02-18 02:21:59,865 | INFO | Dry Run: False
2026-02-18 02:21:59,865 | INFO | CEO Directive: CD-IOS-001-DAILY-INGEST-BULLETPROOF-001
2026-02-18 02:21:59,865 | INFO | Canonical Source: fhq_market.prices (ONLY)
2026-02-18 02:21:59,865 | INFO | ======================================================================
2026-02-18 02:21:59,865 | INFO | Executor: STIG (EC-003)
2026-02-18 02:21:59,865 | INFO | Time: 2026-02-18T01:21:59.849789+00:00
2026-02-18 02:21:59,865 | INFO | Asset Class Filter: FX
2026-02-18 02:21:59,865 | INFO | Dry Run: False
2026-02-18 02:21:59,912 | INFO | Canonical Source: fhq_market.prices (ONLY)
2026-02-18 02:21:59,912 | INFO | ======================================================================
2026-02-18 02:21:59,972 | INFO | Found 46 canonical assets
2026-02-18 02:21:59,972 | INFO | Found 421 canonical assets
2026-02-18 02:22:00,003 | INFO | Found 24 canonical assets
2026-02-18 02:22:01,316 | INFO | ============================================================
2026-02-18 02:22:01,316 | INFO | ATTEMPTING ALPACA INGEST (Primary Provider)
2026-02-18 02:22:01,316 | INFO | Assets: 421, Rate limit: 200/min
2026-02-18 02:22:01,316 | INFO | ============================================================
2026-02-18 02:22:01,316 | INFO | ATTEMPTING ALPACA INGEST (Primary Provider)
2026-02-18 02:22:01,316 | INFO | Assets: 46, Rate limit: 200/min
2026-02-18 02:22:01,316 | INFO | ============================================================
2026-02-18 02:22:01,316 | INFO | ============================================================
2026-02-18 02:22:01,316 | INFO |   [1COV.DE] Stale (1369.4h > 18h) - fetching
2026-02-18 02:22:01,332 | INFO |   [ADA-USD] Stale (25.4h > 6h) - fetching
2026-02-18 02:22:01,332 | INFO |   [ABBV] Stale (25.4h > 18h) - fetching
2026-02-18 02:22:01,347 | INFO | ============================================================
2026-02-18 02:22:01,347 | INFO | ATTEMPTING ALPACA INGEST (Primary Provider)
2026-02-18 02:22:01,347 | INFO | Assets: 24, Rate limit: 200/min
2026-02-18 02:22:01,347 | INFO | ============================================================
2026-02-18 02:22:01,347 | INFO |   [AUDJPY=X] Stale (49.4h > 18h) - fetching
2026-02-18 02:22:01,347 | INFO |   [AUDUSD=X] Stale (49.4h > 18h) - fetching
2026-02-18 02:22:01,347 | INFO |   [CADJPY=X] Stale (49.4h > 18h) - fetching
2026-02-18 02:22:01,347 | INFO |   [CHFJPY=X] Stale (49.4h > 18h) - fetching
2026-02-18 02:22:01,347 | INFO |   [EURAUD=X] Stale (25.4h > 18h) - fetching
2026-02-18 02:22:01,347 | INFO |   [EURCHF=X] Stale (25.4h > 18h) - fetching
2026-02-18 02:22:01,347 | INFO |   [EURGBP=X] Stale (25.4h > 18h) - fetching
2026-02-18 02:22:01,363 | INFO |   [EURJPY=X] Stale (49.4h > 18h) - fetching
2026-02-18 02:22:01,363 | INFO |   [EURNOK=X] Stale (49.4h > 18h) - fetching
2026-02-18 02:22:01,363 | INFO |   [EURSEK=X] Stale (49.4h > 18h) - fetching
2026-02-18 02:22:01,363 | INFO |   [EURUSD=X] Stale (49.4h > 18h) - fetching
2026-02-18 02:22:01,363 | INFO |   [GBPJPY=X] Stale (49.4h > 18h) - fetching
2026-02-18 02:22:01,363 | INFO |   [GBPUSD=X] Stale (49.4h > 18h) - fetching
2026-02-18 02:22:01,363 | INFO |   [NZDUSD=X] Stale (49.4h > 18h) - fetching
2026-02-18 02:22:01,363 | INFO |   [USDCAD=X] Stale (49.4h > 18h) - fetching
2026-02-18 02:22:01,378 | INFO |   [USDCHF=X] Stale (73.4h > 18h) - fetching
2026-02-18 02:22:01,378 | INFO |   [USDHKD=X] Stale (121.4h > 18h) - fetching
2026-02-18 02:22:01,378 | INFO |   [USDJPY=X] Stale (49.4h > 18h) - fetching
2026-02-18 02:22:01,378 | INFO |   [USDMXN=X] Stale (49.4h > 18h) - fetching
2026-02-18 02:22:01,378 | INFO |   [USDNOK=X] Stale (49.4h > 18h) - fetching
2026-02-18 02:22:01,378 | INFO |   [USDSEK=X] Stale (49.4h > 18h) - fetching
2026-02-18 02:22:01,378 | INFO |   [USDSGD=X] Stale (97.4h > 18h) - fetching
2026-02-18 02:22:01,378 | INFO |   [USDTRY=X] Stale (97.4h > 18h) - fetching
2026-02-18 02:22:01,378 | INFO |   [USDZAR=X] Stale (73.4h > 18h) - fetching
2026-02-18 02:22:01,378 | INFO | Alpaca: Updated 0 assets, 24 remaining
2026-02-18 02:22:01,957 | INFO | ============================================================
2026-02-18 02:22:01,957 | INFO | ATTEMPTING YAHOO FINANCE INGEST (Fallback Provider)
2026-02-18 02:22:01,957 | INFO | Assets: 24, Using BATCH DOWNLOAD (efficient)
2026-02-18 02:22:01,957 | INFO | ============================================================
2026-02-18 02:22:01,957 | INFO |   Checking Yahoo Finance rate limit status...
2026-02-18 02:22:03,003 | WARNING |   [ABBV] Alpaca error: {"message":"subscription does not permit querying recent SIP data"}

2026-02-18 02:22:03,144 | WARNING |   VOLUME SANITY REJECT: ADA-USD 2026-02-17 02:00:00 volume=0.00 < threshold=1000 (source=ALPACA)
2026-02-18 02:22:03,160 | WARNING |   VOLUME SANITY REJECT: ADA-USD 2026-02-17 03:00:00 volume=0.00 < threshold=1000 (source=ALPACA)
2026-02-18 02:22:03,175 | WARNING |   VOLUME SANITY REJECT: ADA-USD 2026-02-17 04:00:00 volume=0.00 < threshold=1000 (source=ALPACA)
2026-02-18 02:22:03,191 | WARNING |   VOLUME SANITY REJECT: ADA-USD 2026-02-17 05:00:00 volume=0.00 < threshold=1000 (source=ALPACA)
2026-02-18 02:22:03,191 | WARNING |   VOLUME SANITY REJECT: ADA-USD 2026-02-17 06:00:00 volume=0.00 < threshold=1000 (source=ALPACA)
2026-02-18 02:22:03,191 | WARNING |   VOLUME SANITY REJECT: ADA-USD 2026-02-17 07:00:00 volume=0.00 < threshold=1000 (source=ALPACA)
2026-02-18 02:22:03,191 | WARNING |   VOLUME SANITY REJECT: ADA-USD 2026-02-17 08:00:00 volume=0.00 < threshold=1000 (source=ALPACA)
2026-02-18 02:22:03,191 | WARNING |   VOLUME SANITY REJECT: ADA-USD 2026-02-17 09:00:00 volume=0.00 < threshold=1000 (source=ALPACA)
2026-02-18 02:22:03,191 | WARNING |   VOLUME SANITY REJECT: ADA-USD 2026-02-17 10:00:00 volume=0.00 < threshold=1000 (source=ALPACA)
2026-02-18 02:22:03,191 | WARNING |   VOLUME SANITY REJECT: ADA-USD 2026-02-17 11:00:00 volume=0.00 < threshold=1000 (source=ALPACA)
2026-02-18 02:22:03,191 | WARNING |   VOLUME SANITY REJECT: ADA-USD 2026-02-17 12:00:00 volume=0.00 < threshold=1000 (source=ALPACA)
2026-02-18 02:22:03,191 | WARNING |   VOLUME SANITY REJECT: ADA-USD 2026-02-17 13:00:00 volume=0.00 < threshold=1000 (source=ALPACA)
2026-02-18 02:22:03,191 | WARNING |   VOLUME SANITY REJECT: ADA-USD 2026-02-17 14:00:00 volume=0.00 < threshold=1000 (source=ALPACA)
2026-02-18 02:22:03,191 | WARNING |   VOLUME SANITY REJECT: ADA-USD 2026-02-17 15:00:00 volume=0.00 < threshold=1000 (source=ALPACA)
2026-02-18 02:22:03,191 | WARNING |   VOLUME SANITY REJECT: ADA-USD 2026-02-17 16:00:00 volume=0.00 < threshold=1000 (source=ALPACA)
2026-02-18 02:22:03,191 | WARNING |   VOLUME SANITY REJECT: ADA-USD 2026-02-17 17:00:00 volume=0.00 < threshold=1000 (source=ALPACA)
2026-02-18 02:22:03,191 | WARNING |   VOLUME SANITY REJECT: ADA-USD 2026-02-17 18:00:00 volume=0.00 < threshold=1000 (source=ALPACA)
2026-02-18 02:22:03,191 | WARNING |   VOLUME SANITY REJECT: ADA-USD 2026-02-17 19:00:00 volume=0.00 < threshold=1000 (source=ALPACA)
2026-02-18 02:22:03,191 | WARNING |   VOLUME SANITY REJECT: ADA-USD 2026-02-17 20:00:00 volume=0.00 < threshold=1000 (source=ALPACA)
2026-02-18 02:22:03,191 | WARNING |   VOLUME SANITY REJECT: ADA-USD 2026-02-17 21:00:00 volume=0.00 < threshold=1000 (source=ALPACA)
2026-02-18 02:22:03,191 | WARNING |   VOLUME SANITY REJECT: ADA-USD 2026-02-17 22:00:00 volume=0.00 < threshold=1000 (source=ALPACA)
2026-02-18 02:22:03,191 | WARNING |   VOLUME SANITY REJECT: ADA-USD 2026-02-17 23:00:00 volume=0.00 < threshold=1000 (source=ALPACA)
2026-02-18 02:22:03,191 | WARNING |   VOLUME SANITY REJECT: ADA-USD 2026-02-18 00:00:00 volume=0.00 < threshold=1000 (source=ALPACA)
2026-02-18 02:22:03,191 | WARNING |   VOLUME SANITY REJECT: ADA-USD 2026-02-18 01:00:00 volume=0.00 < threshold=1000 (source=ALPACA)
2026-02-18 02:22:03,191 | WARNING |   [ADA-USD] ALL 24 rows REJECTED by volume sanity check (source=ALPACA)
2026-02-18 02:22:03,191 | WARNING |   [ADA-USD] 0 rows written despite 24 bars received
2026-02-18 02:22:03,510 | INFO |   [ABNB] Stale (25.4h > 18h) - fetching
2026-02-18 02:22:03,626 | WARNING |   [ABNB] Alpaca error: {"message":"subscription does not permit querying recent SIP data"}

2026-02-18 02:22:03,705 | INFO |   [ALGO-USD] Stale (25.4h > 6h) - fetching
2026-02-18 02:22:03,814 | WARNING |   [ALGO-USD] No data from Alpaca (STALE)
2026-02-18 02:22:04,139 | INFO |   [ABT] Stale (25.4h > 18h) - fetching
2026-02-18 02:22:04,248 | WARNING |   [ABT] Alpaca error: {"message":"subscription does not permit querying recent SIP data"}

2026-02-18 02:22:04,325 | INFO |   [ATOM-USD] Stale (25.4h > 6h) - fetching
2026-02-18 02:22:04,434 | WARNING |   [ATOM-USD] No data from Alpaca (STALE)
2026-02-18 02:22:04,761 | INFO |   [ACA.PA] Stale (25.4h > 18h) - fetching
2026-02-18 02:22:04,761 | INFO |   [ADBE] Stale (25.4h > 18h) - fetching
2026-02-18 02:22:04,886 | WARNING |   [ADBE] Alpaca error: {"message":"subscription does not permit querying recent SIP data"}

2026-02-18 02:22:04,947 | INFO |   [AVAX-USD] Stale (25.4h > 6h) - fetching
2026-02-18 02:22:05,057 | WARNING |   VOLUME SANITY REJECT: AVAX-USD 2026-02-17 02:00:00 volume=27.80 < threshold=1000 (source=ALPACA)
2026-02-18 02:22:05,057 | WARNING |   VOLUME SANITY REJECT: AVAX-USD 2026-02-17 03:00:00 volume=7.83 < threshold=1000 (source=ALPACA)
2026-02-18 02:22:05,072 | WARNING |   VOLUME SANITY REJECT: AVAX-USD 2026-02-17 04:00:00 volume=1.11 < threshold=1000 (source=ALPACA)
2026-02-18 02:22:05,072 | WARNING |   VOLUME SANITY REJECT: AVAX-USD 2026-02-17 05:00:00 volume=10.00 < threshold=1000 (source=ALPACA)
2026-02-18 02:22:05,072 | WARNING |   VOLUME SANITY REJECT: AVAX-USD 2026-02-17 06:00:00 volume=0.00 < threshold=1000 (source=ALPACA)
2026-02-18 02:22:05,072 | WARNING |   VOLUME SANITY REJECT: AVAX-USD 2026-02-17 07:00:00 volume=0.53 < threshold=1000 (source=ALPACA)
2026-02-18 02:22:05,072 | WARNING |   VOLUME SANITY REJECT: AVAX-USD 2026-02-17 08:00:00 volume=5.00 < threshold=1000 (source=ALPACA)
2026-02-18 02:22:05,072 | WARNING |   VOLUME SANITY REJECT: AVAX-USD 2026-02-17 09:00:00 volume=0.00 < threshold=1000 (source=ALPACA)
2026-02-18 02:22:05,072 | WARNING |   VOLUME SANITY REJECT: AVAX-USD 2026-02-17 10:00:00 volume=0.00 < threshold=1000 (source=ALPACA)
2026-02-18 02:22:05,072 | WARNING |   VOLUME SANITY REJECT: AVAX-USD 2026-02-17 11:00:00 volume=0.64 < threshold=1000 (source=ALPACA)
2026-02-18 02:22:05,072 | WARNING |   VOLUME SANITY REJECT: AVAX-USD 2026-02-17 12:00:00 volume=0.00 < threshold=1000 (source=ALPACA)
2026-02-18 02:22:05,072 | WARNING |   VOLUME SANITY REJECT: AVAX-USD 2026-02-17 13:00:00 volume=0.36 < threshold=1000 (source=ALPACA)
2026-02-18 02:22:05,072 | WARNING |   VOLUME SANITY REJECT: AVAX-USD 2026-02-17 14:00:00 volume=20.00 < threshold=1000 (source=ALPACA)
2026-02-18 02:22:05,072 | WARNING |   VOLUME SANITY REJECT: AVAX-USD 2026-02-17 15:00:00 volume=0.00 < threshold=1000 (source=ALPACA)
2026-02-18 02:22:05,072 | WARNING |   VOLUME SANITY REJECT: AVAX-USD 2026-02-17 16:00:00 volume=0.53 < threshold=1000 (source=ALPACA)
2026-02-18 02:22:05,072 | WARNING |   VOLUME SANITY REJECT: AVAX-USD 2026-02-17 17:00:00 volume=0.00 < threshold=1000 (source=ALPACA)
2026-02-18 02:22:05,072 | WARNING |   VOLUME SANITY REJECT: AVAX-USD 2026-02-17 18:00:00 volume=0.00 < threshold=1000 (source=ALPACA)
2026-02-18 02:22:05,072 | WARNING |   VOLUME SANITY REJECT: AVAX-USD 2026-02-17 19:00:00 volume=0.77 < threshold=1000 (source=ALPACA)
2026-02-18 02:22:05,072 | WARNING |   VOLUME SANITY REJECT: AVAX-USD 2026-02-17 20:00:00 volume=0.00 < threshold=1000 (source=ALPACA)
2026-02-18 02:22:05,072 | WARNING |   VOLUME SANITY REJECT: AVAX-USD 2026-02-17 21:00:00 volume=5.33 < threshold=1000 (source=ALPACA)
2026-02-18 02:22:05,072 | WARNING |   VOLUME SANITY REJECT: AVAX-USD 2026-02-17 22:00:00 volume=3.46 < threshold=1000 (source=ALPACA)
2026-02-18 02:22:05,072 | WARNING |   VOLUME SANITY REJECT: AVAX-USD 2026-02-17 23:00:00 volume=0.00 < threshold=1000 (source=ALPACA)
2026-02-18 02:22:05,072 | WARNING |   VOLUME SANITY REJECT: AVAX-USD 2026-02-18 00:00:00 volume=3.34 < threshold=1000 (source=ALPACA)
2026-02-18 02:22:05,072 | WARNING |   VOLUME SANITY REJECT: AVAX-USD 2026-02-18 01:00:00 volume=0.00 < threshold=1000 (source=ALPACA)
2026-02-18 02:22:05,072 | WARNING |   [AVAX-USD] ALL 24 rows REJECTED by volume sanity check (source=ALPACA)
2026-02-18 02:22:05,072 | WARNING |   [AVAX-USD] 0 rows written despite 24 bars received
2026-02-18 02:22:05,444 | INFO |   [ADI] Stale (25.4h > 18h) - fetching
2026-02-18 02:22:05,615 | WARNING |   [ADI] SIP subscription error (5 consecutive)
2026-02-18 02:22:05,755 | ERROR | ['AAPL']: YFRateLimitError('Too Many Requests. Rate limited. Try after a while.')
2026-02-18 02:22:05,755 | WARNING |   EARLY TERMINATION: Alpaca SIP subscription not available
2026-02-18 02:22:05,771 | WARNING |   Skipping remaining 414 Alpaca assets - will use fallback provider
2026-02-18 02:22:05,787 | INFO | Alpaca: Updated 0 assets, 421 remaining
2026-02-18 02:22:25,357 | WARNING |   RATE LIMITED - Yahoo Finance is currently blocking requests
2026-02-18 02:22:25,357 | WARNING |   Skipping Yahoo and marking all assets as failed
2026-02-18 02:22:25,357 | INFO | Yahoo: Updated 0 assets, 24 remaining
2026-02-18 02:22:25,357 | INFO | ============================================================
2026-02-18 02:22:25,357 | INFO | ATTEMPTING ECB FX INGEST (Backup Provider)
2026-02-18 02:22:25,357 | INFO | Assets: 24, Rate limit: NONE (free API)
2026-02-18 02:22:25,357 | INFO | ============================================================
2026-02-18 02:22:25,357 | INFO |   ECB-supported: 7, Not supported: 17
2026-02-18 02:22:54,431 | WARNING |   [EURAUD=X] ECB error: HTTPSConnectionPool(host='data-api.ecb.europa.eu', port=443): Max retries exceeded with url: /servic
2026-02-18 02:22:54,431 | WARNING |   [AXS-USD] Alpaca error: ('Connection aborted.', RemoteDisconnected('Remote end closed connection without response'))
2026-02-18 02:22:54,815 | INFO | ============================================================
2026-02-18 02:22:54,815 | INFO | ATTEMPTING YAHOO FINANCE INGEST (Fallback Provider)
2026-02-18 02:22:54,815 | INFO | Assets: 421, Using BATCH DOWNLOAD (efficient)
2026-02-18 02:22:54,815 | INFO | ============================================================
2026-02-18 02:22:54,815 | INFO |   Checking Yahoo Finance rate limit status...
2026-02-18 02:22:54,893 | ERROR | 
1 Failed download:
2026-02-18 02:22:54,893 | ERROR | ['AAPL']: ConnectionError(MaxRetryError("HTTPSConnectionPool(host='query1.finance.yahoo.com', port=443): Max retries exceeded with url: /v1/test/getcrumb (Caused by NewConnectionError('<urllib3.connection.HTTPSConnection object at 0x000002716F2630B0>: Failed to establish a new connection: [Errno 11001] getaddrinfo failed'))"))
2026-02-18 02:22:54,908 | WARNING |   RATE LIMITED - Yahoo Finance is currently blocking requests
2026-02-18 02:22:54,908 | WARNING |   Skipping Yahoo and marking all assets as failed
2026-02-18 02:22:54,908 | INFO | Yahoo: Updated 0 assets, 421 remaining
2026-02-18 02:22:54,908 | INFO | ============================================================
2026-02-18 02:22:54,908 | INFO | ATTEMPTING TWELVEDATA EQUITY INGEST (Backup Provider)
2026-02-18 02:22:54,908 | INFO | Assets: 421, Rate limit: 7/min (90% of free tier)
2026-02-18 02:22:54,908 | INFO | Daily limit: 720 calls (90% of 800)
2026-02-18 02:22:54,908 | INFO | ============================================================
2026-02-18 02:22:54,908 | INFO |   Equity assets: 421, Non-equity: 0
2026-02-18 02:22:54,955 | WARNING |   [1COV.DE] TwelveData error: HTTPSConnectionPool(host='api.twelvedata.com', port=443): Max retries exceeded with url: /time_serie
2026-02-18 02:22:55,016 | INFO |   [BCH-USD] Stale (25.4h > 6h) - fetching
2026-02-18 02:22:55,016 | WARNING |   [BCH-USD] Alpaca error: HTTPSConnectionPool(host='data.alpaca.markets', port=443): Max retries exceeded with url: /v1beta3/c
2026-02-18 02:22:55,032 | WARNING |   [EURCHF=X] ECB error: HTTPSConnectionPool(host='data-api.ecb.europa.eu', port=443): Max retries exceeded with url: /servic
2026-02-18 02:23:24,452 | WARNING |   [EURGBP=X] ECB error: HTTPSConnectionPool(host='data-api.ecb.europa.eu', port=443): Max retries exceeded with url: /servic
2026-02-18 02:23:24,452 | WARNING |   [ABBV] TwelveData error: HTTPSConnectionPool(host='api.twelvedata.com', port=443): Max retries exceeded with url: /time_serie
2026-02-18 02:23:24,452 | INFO |   [BNB-USD] Stale (25.4h > 6h) - fetching
2026-02-18 02:23:24,467 | WARNING |   [BNB-USD] Alpaca error: HTTPSConnectionPool(host='data.alpaca.markets', port=443): Max retries exceeded with url: /v1beta3/c
2026-02-18 02:23:24,968 | WARNING |   [EURJPY=X] ECB error: HTTPSConnectionPool(host='data-api.ecb.europa.eu', port=443): Max retries exceeded with url: /servic
2026-02-18 02:23:24,968 | INFO |   [BTC-USD] Stale (25.4h > 6h) - fetching
2026-02-18 02:23:24,968 | WARNING |   [BTC-USD] Alpaca error: HTTPSConnectionPool(host='data.alpaca.markets', port=443): Max retries exceeded with url: /v1beta3/c
2026-02-18 02:23:35,833 | INFO |   [CHZ-USD] Stale (25.4h > 6h) - fetching
2026-02-18 02:23:35,849 | WARNING |   [EURNOK=X] ECB error: HTTPSConnectionPool(host='data-api.ecb.europa.eu', port=443): Max retries exceeded with url: /servic
2026-02-18 02:23:35,833 | WARNING |   [ABNB] TwelveData error: HTTPSConnectionPool(host='api.twelvedata.com', port=443): Max retries exceeded with url: /time_serie
2026-02-18 02:23:37,701 | WARNING |   [EURSEK=X] ECB error: HTTPSConnectionPool(host='data-api.ecb.europa.eu', port=443): Max retries exceeded with url: /servic
2026-02-18 02:23:37,715 | WARNING |   [CHZ-USD] Alpaca error: HTTPSConnectionPool(host='data.alpaca.markets', port=443): Max retries exceeded with url: /v1beta3/c
2026-02-18 02:23:38,218 | INFO |   [CRO-USD] Stale (25.4h > 6h) - fetching
2026-02-18 02:24:07,480 | WARNING |   [ABT] TwelveData error: HTTPSConnectionPool(host='api.twelvedata.com', port=443): Max retries exceeded with url: /time_serie
2026-02-18 02:24:07,967 | WARNING |   [EURUSD=X] ECB error: ('Connection aborted.', ConnectionAbortedError(10053, 'En etablert tilkobling ble avbrutt av program
2026-02-18 02:24:07,999 | WARNING |   [CRO-USD] Alpaca error: ('Connection aborted.', ConnectionAbortedError(10053, 'En etablert tilkobling ble avbrutt av program
2026-02-18 02:24:08,476 | INFO |   ECB ingest complete: 0 updated, 24 failed
2026-02-18 02:24:08,476 | INFO | ECB: Updated 0 FX assets, 24 total remaining
2026-02-18 02:24:25,319 | INFO | ============================================================
2026-02-18 02:24:25,335 | INFO | ATTEMPTING TWELVEDATA FX INGEST (Non-EUR Backup)
2026-02-18 02:24:25,319 | INFO |   [CRV-USD] Stale (25.4h > 6h) - fetching
2026-02-18 02:24:25,335 | INFO | Assets: 24, Rate limit: 7/min (90% of free tier)
2026-02-18 02:24:25,350 | INFO | ============================================================
2026-02-18 02:24:25,350 | INFO |   FX assets: 24, Non-FX: 0
2026-02-18 02:24:37,740 | WARNING |   [CRV-USD] Alpaca error: HTTPSConnectionPool(host='data.alpaca.markets', port=443): Max retries exceeded with url: /v1beta3/c
2026-02-18 02:24:38,253 | INFO |   [DOT-USD] Stale (25.4h > 6h) - fetching
2026-02-18 02:25:25,247 | WARNING |   [ACA.PA] TwelveData error: HTTPSConnectionPool(host='api.twelvedata.com', port=443): Max retries exceeded with url: /time_serie
2026-02-18 02:25:25,247 | WARNING |   [AUDJPY=X] TwelveData FX error: HTTPSConnectionPool(host='api.twelvedata.com', port=443): Max retries exceeded with url: /time_serie
2026-02-18 02:25:54,573 | WARNING |   [AUDUSD=X] TwelveData FX error: HTTPSConnectionPool(host='api.twelvedata.com', port=443): Max retries exceeded with url: /time_serie
2026-02-18 02:25:54,589 | WARNING |   [ADBE] TwelveData error: HTTPSConnectionPool(host='api.twelvedata.com', port=443): Max retries exceeded with url: /time_serie
2026-02-18 02:25:54,817 | WARNING |   [DOT-USD] Alpaca error: ('Connection aborted.', ConnectionAbortedError(10053, 'En etablert tilkobling ble avbrutt av program
2026-02-18 02:26:24,315 | INFO |   [EOS-USD] Stale (25.4h > 6h) - fetching
2026-02-18 02:26:24,315 | WARNING |   [CADJPY=X] TwelveData FX error: HTTPSConnectionPool(host='api.twelvedata.com', port=443): Max retries exceeded with url: /time_serie
2026-02-18 02:26:24,331 | WARNING |   [EOS-USD] Alpaca error: HTTPSConnectionPool(host='data.alpaca.markets', port=443): Max retries exceeded with url: /v1beta3/c
2026-02-18 02:26:24,315 | WARNING |   [ADI] TwelveData error: HTTPSConnectionPool(host='api.twelvedata.com', port=443): Max retries exceeded with url: /time_serie
2026-02-18 02:26:24,836 | INFO |   [ETC-USD] Stale (25.4h > 6h) - fetching
2026-02-18 02:26:55,148 | WARNING |   [CHFJPY=X] TwelveData FX error: HTTPSConnectionPool(host='api.twelvedata.com', port=443): Max retries exceeded with url: /time_serie
2026-02-18 02:26:55,163 | WARNING |   [ADS.DE] TwelveData error: HTTPSConnectionPool(host='api.twelvedata.com', port=443): Max retries exceeded with url: /time_serie
2026-02-18 02:26:55,132 | WARNING |   [ETC-USD] Alpaca error: HTTPSConnectionPool(host='data.alpaca.markets', port=443): Max retries exceeded with url: /v1beta3/c
2026-02-18 02:26:55,678 | INFO |   [ETH-USD] Stale (25.4h > 6h) - fetching
2026-02-18 02:26:55,678 | WARNING |   [ETH-USD] Alpaca error: HTTPSConnectionPool(host='data.alpaca.markets', port=443): Max retries exceeded with url: /v1beta3/c
2026-02-18 02:27:25,175 | INFO |   [FIL-USD] Stale (25.5h > 6h) - fetching
2026-02-18 02:27:25,175 | WARNING |   [EURAUD=X] TwelveData FX error: HTTPSConnectionPool(host='api.twelvedata.com', port=443): Max retries exceeded with url: /time_serie
2026-02-18 02:27:25,175 | WARNING |   [ADSK] TwelveData error: HTTPSConnectionPool(host='api.twelvedata.com', port=443): Max retries exceeded with url: /time_serie
2026-02-18 02:27:25,175 | WARNING |   [FIL-USD] Alpaca error: HTTPSConnectionPool(host='data.alpaca.markets', port=443): Max retries exceeded with url: /v1beta3/c
2026-02-18 02:27:54,431 | WARNING |   [EURCHF=X] TwelveData FX error: HTTPSConnectionPool(host='api.twelvedata.com', port=443): Max retries exceeded with url: /time_serie
2026-02-18 02:27:54,437 | INFO |   [FLOW-USD] Stale (25.5h > 6h) - fetching
2026-02-18 02:27:54,437 | WARNING |   [AEP] TwelveData error: HTTPSConnectionPool(host='api.twelvedata.com', port=443): Max retries exceeded with url: /time_serie
2026-02-18 02:27:54,453 | WARNING |   [FLOW-USD] Alpaca error: HTTPSConnectionPool(host='data.alpaca.markets', port=443): Max retries exceeded with url: /v1beta3/c
2026-02-18 02:27:54,958 | INFO |   [HBAR-USD] Stale (25.5h > 6h) - fetching
2026-02-18 02:27:54,958 | WARNING |   [HBAR-USD] Alpaca error: HTTPSConnectionPool(host='data.alpaca.markets', port=443): Max retries exceeded with url: /v1beta3/c
2026-02-18 02:28:24,528 | INFO |   [ICP-USD] Stale (25.5h > 6h) - fetching
2026-02-18 02:28:24,543 | WARNING |   [AFL] TwelveData error: HTTPSConnectionPool(host='api.twelvedata.com', port=443): Max retries exceeded with url: /time_serie
2026-02-18 02:28:24,543 | WARNING |   [ICP-USD] Alpaca error: HTTPSConnectionPool(host='data.alpaca.markets', port=443): Max retries exceeded with url: /v1beta3/c
2026-02-18 02:28:24,543 | WARNING |   [EURGBP=X] TwelveData FX error: HTTPSConnectionPool(host='api.twelvedata.com', port=443): Max retries exceeded with url: /time_serie
2026-02-18 02:28:25,073 | INFO |   [INJ-USD] Stale (25.5h > 6h) - fetching
2026-02-18 02:28:25,073 | WARNING |   [INJ-USD] Alpaca error: HTTPSConnectionPool(host='data.alpaca.markets', port=443): Max retries exceeded with url: /v1beta3/c
2026-02-18 02:28:25,582 | INFO |   [LDO-USD] Stale (25.5h > 6h) - fetching
2026-02-18 02:28:26,364 | WARNING |   VOLUME SANITY REJECT: LDO-USD 2026-02-17 13:00:00 volume=0.00 < threshold=1000 (source=ALPACA)
2026-02-18 02:28:26,366 | WARNING |   VOLUME SANITY REJECT: LDO-USD 2026-02-17 14:00:00 volume=0.00 < threshold=1000 (source=ALPACA)
2026-02-18 02:28:26,366 | WARNING |   VOLUME SANITY REJECT: LDO-USD 2026-02-17 15:00:00 volume=0.00 < threshold=1000 (source=ALPACA)
2026-02-18 02:28:26,366 | WARNING |   VOLUME SANITY REJECT: LDO-USD 2026-02-17 16:00:00 volume=0.00 < threshold=1000 (source=ALPACA)
2026-02-18 02:28:26,366 | WARNING |   VOLUME SANITY REJECT: LDO-USD 2026-02-17 17:00:00 volume=0.00 < threshold=1000 (source=ALPACA)
2026-02-18 02:28:26,366 | WARNING |   VOLUME SANITY REJECT: LDO-USD 2026-02-17 18:00:00 volume=0.00 < threshold=1000 (source=ALPACA)
2026-02-18 02:28:26,366 | WARNING |   VOLUME SANITY REJECT: LDO-USD 2026-02-17 19:00:00 volume=0.00 < threshold=1000 (source=ALPACA)
2026-02-18 02:28:26,366 | WARNING |   VOLUME SANITY REJECT: LDO-USD 2026-02-17 20:00:00 volume=0.00 < threshold=1000 (source=ALPACA)
2026-02-18 02:28:26,366 | WARNING |   VOLUME SANITY REJECT: LDO-USD 2026-02-17 21:00:00 volume=0.00 < threshold=1000 (source=ALPACA)
2026-02-18 02:28:55,442 | WARNING |   VOLUME SANITY REJECT: LDO-USD 2026-02-17 22:00:00 volume=0.00 < threshold=1000 (source=ALPACA)
2026-02-18 02:28:55,444 | WARNING |   VOLUME SANITY REJECT: LDO-USD 2026-02-17 23:00:00 volume=0.00 < threshold=1000 (source=ALPACA)
2026-02-18 02:28:55,447 | WARNING |   VOLUME SANITY REJECT: LDO-USD 2026-02-18 00:00:00 volume=0.00 < threshold=1000 (source=ALPACA)
2026-02-18 02:28:55,448 | WARNING |   VOLUME SANITY REJECT: LDO-USD 2026-02-18 01:00:00 volume=9.94 < threshold=1000 (source=ALPACA)
2026-02-18 02:28:55,449 | WARNING |   [LDO-USD] ALL 13 rows REJECTED by volume sanity check (source=ALPACA)
2026-02-18 02:28:55,450 | WARNING |   [LDO-USD] 0 rows written despite 13 bars received
2026-02-18 02:28:55,452 | WARNING |   [EURJPY=X] TwelveData FX error: HTTPSConnectionPool(host='api.twelvedata.com', port=443): Max retries exceeded with url: /time_serie
2026-02-18 02:28:55,452 | WARNING |   [AI.PA] TwelveData error: HTTPSConnectionPool(host='api.twelvedata.com', port=443): Max retries exceeded with url: /time_serie
2026-02-18 02:28:55,965 | INFO |   [LINK-USD] Stale (25.5h > 6h) - fetching
2026-02-18 02:28:55,965 | WARNING |   [LINK-USD] Alpaca error: HTTPSConnectionPool(host='data.alpaca.markets', port=443): Max retries exceeded with url: /v1beta3/c
2026-02-18 02:29:25,269 | WARNING |   [EURNOK=X] TwelveData FX error: HTTPSConnectionPool(host='api.twelvedata.com', port=443): Max retries exceeded with url: /time_serie
2026-02-18 02:29:25,289 | WARNING |   [AIG] TwelveData error: HTTPSConnectionPool(host='api.twelvedata.com', port=443): Max retries exceeded with url: /time_serie
2026-02-18 02:29:25,273 | INFO |   [LTC-USD] Stale (25.5h > 6h) - fetching
2026-02-18 02:29:54,858 | WARNING |   [AIR.DE] TwelveData error: HTTPSConnectionPool(host='api.twelvedata.com', port=443): Max retries exceeded with url: /time_serie
2026-02-18 02:29:54,905 | WARNING |   [EURSEK=X] TwelveData FX error: HTTPSConnectionPool(host='api.twelvedata.com', port=443): Max retries exceeded with url: /time_serie
2026-02-18 02:29:54,905 | INFO |   Progress: 10/24 FX assets, 0 API calls
2026-02-18 02:29:55,215 | WARNING |   [LTC-USD] Alpaca error: ('Connection aborted.', ConnectionAbortedError(10053, 'En etablert tilkobling ble avbrutt av program
2026-02-18 02:29:55,731 | INFO |   [MANA-USD] Stale (25.5h > 6h) - fetching
2026-02-18 02:29:55,731 | WARNING |   [MANA-USD] Alpaca error: HTTPSConnectionPool(host='data.alpaca.markets', port=443): Max retries exceeded with url: /v1beta3/c
2026-02-18 02:30:24,893 | WARNING |   [EURUSD=X] TwelveData FX error: HTTPSConnectionPool(host='api.twelvedata.com', port=443): Max retries exceeded with url: /time_serie
2026-02-18 02:30:24,898 | INFO |   [MKR-USD] Stale (25.5h > 6h) - fetching
2026-02-18 02:30:24,898 | WARNING |   [AIR.PA] TwelveData error: HTTPSConnectionPool(host='api.twelvedata.com', port=443): Max retries exceeded with url: /time_serie
2026-02-18 02:30:24,898 | WARNING |   [MKR-USD] Alpaca error: HTTPSConnectionPool(host='data.alpaca.markets', port=443): Max retries exceeded with url: /v1beta3/c
2026-02-18 02:30:54,462 | INFO |   [NEAR-USD] Stale (25.5h > 6h) - fetching
2026-02-18 02:30:54,462 | WARNING |   [GBPJPY=X] TwelveData FX error: HTTPSConnectionPool(host='api.twelvedata.com', port=443): Max retries exceeded with url: /time_serie
2026-02-18 02:30:54,462 | WARNING |   [NEAR-USD] Alpaca error: HTTPSConnectionPool(host='data.alpaca.markets', port=443): Max retries exceeded with url: /v1beta3/c
2026-02-18 02:30:54,462 | WARNING |   [AKAM] TwelveData error: HTTPSConnectionPool(host='api.twelvedata.com', port=443): Max retries exceeded with url: /time_serie
2026-02-18 02:30:54,971 | INFO |   [OKB-USD] Stale (25.5h > 6h) - fetching
2026-02-18 02:30:54,971 | WARNING |   [OKB-USD] Alpaca error: HTTPSConnectionPool(host='data.alpaca.markets', port=443): Max retries exceeded with url: /v1beta3/c
2026-02-18 02:31:24,875 | INFO |   [QNT-USD] Stale (25.5h > 6h) - fetching
2026-02-18 02:31:24,882 | WARNING |   [QNT-USD] Alpaca error: HTTPSConnectionPool(host='data.alpaca.markets', port=443): Max retries exceeded with url: /v1beta3/c
2026-02-18 02:31:24,890 | WARNING |   [GBPUSD=X] TwelveData FX error: HTTPSConnectionPool(host='api.twelvedata.com', port=443): Max retries exceeded with url: /time_serie
2026-02-18 02:31:24,890 | WARNING |   [AKER.OL] TwelveData error: HTTPSConnectionPool(host='api.twelvedata.com', port=443): Max retries exceeded with url: /time_serie
2026-02-18 02:31:25,383 | INFO |   [RPL-USD] Stale (25.5h > 6h) - fetching
2026-02-18 02:31:54,930 | WARNING |   [AKRBP.OL] TwelveData error: HTTPSConnectionPool(host='api.twelvedata.com', port=443): Max retries exceeded with url: /time_serie
2026-02-18 02:31:54,930 | WARNING |   [NZDUSD=X] TwelveData FX error: HTTPSConnectionPool(host='api.twelvedata.com', port=443): Max retries exceeded with url: /time_serie
2026-02-18 02:31:55,003 | WARNING |   [RPL-USD] Alpaca error: ('Connection aborted.', ConnectionAbortedError(10053, 'En etablert tilkobling ble avbrutt av program
2026-02-18 02:31:55,515 | INFO |   [RUNE-USD] Stale (25.5h > 6h) - fetching
2026-02-18 02:31:55,515 | WARNING |   [RUNE-USD] Alpaca error: HTTPSConnectionPool(host='data.alpaca.markets', port=443): Max retries exceeded with url: /v1beta3/c
2026-02-18 02:32:25,195 | INFO |   [SAND-USD] Stale (25.5h > 6h) - fetching
2026-02-18 02:32:25,195 | WARNING |   [AKSO.OL] TwelveData error: HTTPSConnectionPool(host='api.twelvedata.com', port=443): Max retries exceeded with url: /time_serie
2026-02-18 02:32:25,195 | WARNING |   [USDCAD=X] TwelveData FX error: HTTPSConnectionPool(host='api.twelvedata.com', port=443): Max retries exceeded with url: /time_serie
2026-02-18 02:32:25,195 | WARNING |   [SAND-USD] Alpaca error: HTTPSConnectionPool(host='data.alpaca.markets', port=443): Max retries exceeded with url: /v1beta3/c
2026-02-18 02:33:25,204 | INFO |   [SHIB-USD] Stale (25.6h > 6h) - fetching
2026-02-18 02:33:25,204 | WARNING |   [AKVA.OL] TwelveData error: HTTPSConnectionPool(host='api.twelvedata.com', port=443): Max retries exceeded with url: /time_serie
2026-02-18 02:33:25,220 | WARNING |   [USDCHF=X] TwelveData FX error: HTTPSConnectionPool(host='api.twelvedata.com', port=443): Max retries exceeded with url: /time_serie
2026-02-18 02:33:35,447 | WARNING |   [ALB] TwelveData error: HTTPSConnectionPool(host='api.twelvedata.com', port=443): Max retries exceeded with url: /time_serie
2026-02-18 02:33:35,447 | WARNING |   [USDHKD=X] TwelveData FX error: HTTPSConnectionPool(host='api.twelvedata.com', port=443): Max retries exceeded with url: /time_serie
2026-02-18 02:33:35,447 | WARNING |   [SHIB-USD] Alpaca error: HTTPSConnectionPool(host='data.alpaca.markets', port=443): Max retries exceeded with url: /v1beta3/c
2026-02-18 02:33:35,978 | INFO |   [SNX-USD] Stale (25.6h > 6h) - fetching
2026-02-18 02:33:36,932 | WARNING |   [SNX-USD] No data from Alpaca (STALE)
2026-02-18 02:33:37,434 | INFO |   [SOL-USD] Stale (25.6h > 6h) - fetching
2026-02-18 02:33:37,559 | WARNING |   VOLUME SANITY REJECT: SOL-USD 2026-02-17 02:00:00 volume=1.24 < threshold=1000 (source=ALPACA)
2026-02-18 02:33:37,559 | WARNING |   VOLUME SANITY REJECT: SOL-USD 2026-02-17 03:00:00 volume=30.76 < threshold=1000 (source=ALPACA)
2026-02-18 02:33:37,559 | WARNING |   VOLUME SANITY REJECT: SOL-USD 2026-02-17 04:00:00 volume=3.88 < threshold=1000 (source=ALPACA)
2026-02-18 02:33:37,559 | WARNING |   VOLUME SANITY REJECT: SOL-USD 2026-02-17 05:00:00 volume=70.67 < threshold=1000 (source=ALPACA)
2026-02-18 02:33:37,559 | WARNING |   VOLUME SANITY REJECT: SOL-USD 2026-02-17 06:00:00 volume=0.18 < threshold=1000 (source=ALPACA)
2026-02-18 02:33:37,559 | WARNING |   VOLUME SANITY REJECT: SOL-USD 2026-02-17 07:00:00 volume=2.74 < threshold=1000 (source=ALPACA)
2026-02-18 02:33:37,559 | WARNING |   VOLUME SANITY REJECT: SOL-USD 2026-02-17 08:00:00 volume=134.86 < threshold=1000 (source=ALPACA)
2026-02-18 02:33:37,559 | WARNING |   VOLUME SANITY REJECT: SOL-USD 2026-02-17 09:00:00 volume=130.90 < threshold=1000 (source=ALPACA)
2026-02-18 02:33:37,559 | WARNING |   VOLUME SANITY REJECT: SOL-USD 2026-02-17 10:00:00 volume=6.16 < threshold=1000 (source=ALPACA)
2026-02-18 02:33:37,559 | WARNING |   VOLUME SANITY REJECT: SOL-USD 2026-02-17 11:00:00 volume=2.63 < threshold=1000 (source=ALPACA)
2026-02-18 02:33:37,575 | WARNING |   VOLUME SANITY REJECT: SOL-USD 2026-02-17 12:00:00 volume=47.02 < threshold=1000 (source=ALPACA)
2026-02-18 02:33:37,575 | WARNING |   VOLUME SANITY REJECT: SOL-USD 2026-02-17 13:00:00 volume=0.48 < threshold=1000 (source=ALPACA)
2026-02-18 02:33:37,575 | WARNING |   VOLUME SANITY REJECT: SOL-USD 2026-02-17 14:00:00 volume=12.28 < threshold=1000 (source=ALPACA)
2026-02-18 02:33:37,575 | WARNING |   VOLUME SANITY REJECT: SOL-USD 2026-02-17 15:00:00 volume=36.46 < threshold=1000 (source=ALPACA)
2026-02-18 02:33:37,575 | WARNING |   VOLUME SANITY REJECT: SOL-USD 2026-02-17 16:00:00 volume=15.19 < threshold=1000 (source=ALPACA)
2026-02-18 02:33:37,575 | WARNING |   VOLUME SANITY REJECT: SOL-USD 2026-02-17 17:00:00 volume=0.14 < threshold=1000 (source=ALPACA)
2026-02-18 02:33:37,575 | WARNING |   VOLUME SANITY REJECT: SOL-USD 2026-02-17 18:00:00 volume=23.99 < threshold=1000 (source=ALPACA)
2026-02-18 02:33:37,575 | WARNING |   VOLUME SANITY REJECT: SOL-USD 2026-02-17 19:00:00 volume=3.40 < threshold=1000 (source=ALPACA)
2026-02-18 02:33:37,575 | WARNING |   VOLUME SANITY REJECT: SOL-USD 2026-02-17 20:00:00 volume=0.31 < threshold=1000 (source=ALPACA)
2026-02-18 02:33:37,575 | WARNING |   VOLUME SANITY REJECT: SOL-USD 2026-02-17 21:00:00 volume=2.00 < threshold=1000 (source=ALPACA)
2026-02-18 02:33:37,575 | WARNING |   VOLUME SANITY REJECT: SOL-USD 2026-02-17 22:00:00 volume=1.10 < threshold=1000 (source=ALPACA)
2026-02-18 02:33:37,575 | WARNING |   VOLUME SANITY REJECT: SOL-USD 2026-02-17 23:00:00 volume=0.60 < threshold=1000 (source=ALPACA)
2026-02-18 02:33:37,575 | WARNING |   VOLUME SANITY REJECT: SOL-USD 2026-02-18 00:00:00 volume=0.27 < threshold=1000 (source=ALPACA)
2026-02-18 02:33:37,575 | WARNING |   VOLUME SANITY REJECT: SOL-USD 2026-02-18 01:00:00 volume=0.51 < threshold=1000 (source=ALPACA)
2026-02-18 02:33:37,575 | WARNING |   [SOL-USD] ALL 24 rows REJECTED by volume sanity check (source=ALPACA)
2026-02-18 02:33:37,575 | WARNING |   [SOL-USD] 0 rows written despite 24 bars received
2026-02-18 02:34:06,924 | INFO |   [THETA-USD] Stale (25.6h > 6h) - fetching
2026-02-18 02:34:06,924 | WARNING |   [USDJPY=X] TwelveData FX error: HTTPSConnectionPool(host='api.twelvedata.com', port=443): Max retries exceeded with url: /time_serie
2026-02-18 02:34:06,924 | WARNING |   [THETA-USD] Alpaca error: HTTPSConnectionPool(host='data.alpaca.markets', port=443): Max retries exceeded with url: /v1beta3/c
2026-02-18 02:34:06,924 | WARNING |   [ALL] TwelveData error: HTTPSConnectionPool(host='api.twelvedata.com', port=443): Max retries exceeded with url: /time_serie
2026-02-18 02:34:07,442 | INFO |   [TRX-USD] Stale (25.6h > 6h) - fetching
2026-02-18 02:34:07,442 | WARNING |   [TRX-USD] Alpaca error: HTTPSConnectionPool(host='data.alpaca.markets', port=443): Max retries exceeded with url: /v1beta3/c
2026-02-18 02:34:25,204 | INFO |   [UNI-USD] Stale (150.6h > 6h) - fetching
2026-02-18 02:34:25,233 | WARNING |   [UNI-USD] Alpaca error: HTTPSConnectionPool(host='data.alpaca.markets', port=443): Max retries exceeded with url: /v1beta3/c
2026-02-18 02:34:25,248 | WARNING |   [ALO.PA] TwelveData error: HTTPSConnectionPool(host='api.twelvedata.com', port=443): Max retries exceeded with url: /time_serie
2026-02-18 02:34:25,248 | WARNING |   [USDMXN=X] TwelveData FX error: HTTPSConnectionPool(host='api.twelvedata.com', port=443): Max retries exceeded with url: /time_serie
2026-02-18 02:34:54,507 | INFO |   [VET-USD] Stale (25.6h > 6h) - fetching
2026-02-18 02:34:54,507 | WARNING |   [VET-USD] Alpaca error: HTTPSConnectionPool(host='data.alpaca.markets', port=443): Max retries exceeded with url: /v1beta3/c
2026-02-18 02:34:54,507 | WARNING |   [ALV.DE] TwelveData error: HTTPSConnectionPool(host='api.twelvedata.com', port=443): Max retries exceeded with url: /time_serie
2026-02-18 02:34:54,507 | WARNING |   [USDNOK=X] TwelveData FX error: HTTPSConnectionPool(host='api.twelvedata.com', port=443): Max retries exceeded with url: /time_serie
2026-02-18 02:34:54,507 | INFO |   Progress: 20/24 FX assets, 0 API calls
2026-02-18 02:34:55,012 | INFO |   [XLM-USD] Stale (25.6h > 6h) - fetching
2026-02-18 02:34:55,012 | WARNING |   [XLM-USD] Alpaca error: HTTPSConnectionPool(host='data.alpaca.markets', port=443): Max retries exceeded with url: /v1beta3/c
2026-02-18 02:35:24,892 | INFO |   [XMR-USD] Stale (25.6h > 6h) - fetching
2026-02-18 02:35:24,898 | WARNING |   [XMR-USD] Alpaca error: HTTPSConnectionPool(host='data.alpaca.markets', port=443): Max retries exceeded with url: /v1beta3/c
2026-02-18 02:35:24,906 | WARNING |   [USDSEK=X] TwelveData FX error: HTTPSConnectionPool(host='api.twelvedata.com', port=443): Max retries exceeded with url: /time_serie
2026-02-18 02:35:24,906 | WARNING |   [AMAT] TwelveData error: HTTPSConnectionPool(host='api.twelvedata.com', port=443): Max retries exceeded with url: /time_serie
2026-02-18 02:35:54,507 | WARNING |   [AMD] TwelveData error: HTTPSConnectionPool(host='api.twelvedata.com', port=443): Max retries exceeded with url: /time_serie
2026-02-18 02:35:54,507 | WARNING |   [USDSGD=X] TwelveData FX error: HTTPSConnectionPool(host='api.twelvedata.com', port=443): Max retries exceeded with url: /time_serie
2026-02-18 02:35:25,413 | INFO |   [XRP-USD] Stale (25.6h > 6h) - fetching
2026-02-18 02:35:54,507 | WARNING |   [XRP-USD] Alpaca error: HTTPSConnectionPool(host='data.alpaca.markets', port=443): Max retries exceeded with url: /v1beta3/c
2026-02-18 02:35:56,339 | INFO |   [XTZ-USD] Stale (25.6h > 6h) - fetching
2026-02-18 02:36:02,837 | WARNING |   VOLUME SANITY REJECT: XTZ-USD 2026-02-17 02:00:00 volume=0.00 < threshold=1000 (source=ALPACA)
2026-02-18 02:36:02,852 | WARNING |   VOLUME SANITY REJECT: XTZ-USD 2026-02-17 03:00:00 volume=0.00 < threshold=1000 (source=ALPACA)
2026-02-18 02:36:02,852 | WARNING |   VOLUME SANITY REJECT: XTZ-USD 2026-02-17 04:00:00 volume=0.00 < threshold=1000 (source=ALPACA)
2026-02-18 02:36:02,852 | WARNING |   VOLUME SANITY REJECT: XTZ-USD 2026-02-17 05:00:00 volume=0.00 < threshold=1000 (source=ALPACA)
2026-02-18 02:36:02,852 | WARNING |   VOLUME SANITY REJECT: XTZ-USD 2026-02-17 06:00:00 volume=0.00 < threshold=1000 (source=ALPACA)
2026-02-18 02:36:02,883 | WARNING |   VOLUME SANITY REJECT: XTZ-USD 2026-02-17 07:00:00 volume=0.00 < threshold=1000 (source=ALPACA)
2026-02-18 02:36:02,883 | WARNING |   VOLUME SANITY REJECT: XTZ-USD 2026-02-17 08:00:00 volume=0.00 < threshold=1000 (source=ALPACA)
2026-02-18 02:36:02,899 | WARNING |   VOLUME SANITY REJECT: XTZ-USD 2026-02-17 09:00:00 volume=0.00 < threshold=1000 (source=ALPACA)
2026-02-18 02:36:02,915 | WARNING |   VOLUME SANITY REJECT: XTZ-USD 2026-02-17 10:00:00 volume=0.00 < threshold=1000 (source=ALPACA)
2026-02-18 02:36:02,915 | WARNING |   VOLUME SANITY REJECT: XTZ-USD 2026-02-17 11:00:00 volume=0.00 < threshold=1000 (source=ALPACA)
2026-02-18 02:36:02,915 | WARNING |   VOLUME SANITY REJECT: XTZ-USD 2026-02-17 12:00:00 volume=0.00 < threshold=1000 (source=ALPACA)
2026-02-18 02:36:02,930 | WARNING |   VOLUME SANITY REJECT: XTZ-USD 2026-02-17 13:00:00 volume=0.00 < threshold=1000 (source=ALPACA)
2026-02-18 02:36:02,930 | WARNING |   VOLUME SANITY REJECT: XTZ-USD 2026-02-17 15:00:00 volume=0.00 < threshold=1000 (source=ALPACA)
2026-02-18 02:36:02,930 | WARNING |   VOLUME SANITY REJECT: XTZ-USD 2026-02-17 16:00:00 volume=0.00 < threshold=1000 (source=ALPACA)
2026-02-18 02:36:02,930 | WARNING |   VOLUME SANITY REJECT: XTZ-USD 2026-02-17 17:00:00 volume=0.00 < threshold=1000 (source=ALPACA)
2026-02-18 02:36:02,930 | WARNING |   VOLUME SANITY REJECT: XTZ-USD 2026-02-17 18:00:00 volume=0.00 < threshold=1000 (source=ALPACA)
2026-02-18 02:36:02,930 | WARNING |   VOLUME SANITY REJECT: XTZ-USD 2026-02-17 19:00:00 volume=0.00 < threshold=1000 (source=ALPACA)
2026-02-18 02:36:02,930 | WARNING |   VOLUME SANITY REJECT: XTZ-USD 2026-02-17 20:00:00 volume=0.00 < threshold=1000 (source=ALPACA)
2026-02-18 02:36:02,930 | WARNING |   VOLUME SANITY REJECT: XTZ-USD 2026-02-17 21:00:00 volume=0.00 < threshold=1000 (source=ALPACA)
2026-02-18 02:36:02,946 | WARNING |   VOLUME SANITY REJECT: XTZ-USD 2026-02-17 22:00:00 volume=0.00 < threshold=1000 (source=ALPACA)
2026-02-18 02:36:02,946 | WARNING |   VOLUME SANITY REJECT: XTZ-USD 2026-02-17 23:00:00 volume=0.00 < threshold=1000 (source=ALPACA)
2026-02-18 02:36:02,946 | WARNING |   VOLUME SANITY REJECT: XTZ-USD 2026-02-18 00:00:00 volume=0.00 < threshold=1000 (source=ALPACA)
2026-02-18 02:36:02,946 | WARNING |   VOLUME SANITY REJECT: XTZ-USD 2026-02-18 01:00:00 volume=0.00 < threshold=1000 (source=ALPACA)
2026-02-18 02:36:03,024 | WARNING |   [XTZ-USD] 23 rows REJECTED by volume sanity, 1 rows INSERTED (source=ALPACA)
2026-02-18 02:36:03,040 | INFO |   [XTZ-USD] +1 rows via ALPACA (latest: 2026-02-18 01:00:00+00:00)
2026-02-18 02:36:03,544 | INFO |   [ZEC-USD] Stale (25.6h > 6h) - fetching
2026-02-18 02:36:05,397 | WARNING |   [ZEC-USD] No data from Alpaca (STALE)
2026-02-18 02:36:05,904 | INFO |   [AAVE-USD] Stale (25.6h > 6h) - fetching
2026-02-18 02:36:06,029 | WARNING |   VOLUME SANITY REJECT: AAVE-USD 2026-02-17 02:00:00 volume=0.00 < threshold=1000 (source=ALPACA)
2026-02-18 02:36:06,029 | WARNING |   VOLUME SANITY REJECT: AAVE-USD 2026-02-17 03:00:00 volume=0.00 < threshold=1000 (source=ALPACA)
2026-02-18 02:36:06,044 | WARNING |   VOLUME SANITY REJECT: AAVE-USD 2026-02-17 04:00:00 volume=0.00 < threshold=1000 (source=ALPACA)
2026-02-18 02:36:06,044 | WARNING |   VOLUME SANITY REJECT: AAVE-USD 2026-02-17 05:00:00 volume=0.05 < threshold=1000 (source=ALPACA)
2026-02-18 02:36:06,044 | WARNING |   VOLUME SANITY REJECT: AAVE-USD 2026-02-17 06:00:00 volume=0.00 < threshold=1000 (source=ALPACA)
2026-02-18 02:36:06,044 | WARNING |   VOLUME SANITY REJECT: AAVE-USD 2026-02-17 07:00:00 volume=0.00 < threshold=1000 (source=ALPACA)
2026-02-18 02:36:06,060 | WARNING |   VOLUME SANITY REJECT: AAVE-USD 2026-02-17 08:00:00 volume=0.00 < threshold=1000 (source=ALPACA)
2026-02-18 02:36:06,060 | WARNING |   VOLUME SANITY REJECT: AAVE-USD 2026-02-17 09:00:00 volume=0.98 < threshold=1000 (source=ALPACA)
2026-02-18 02:36:06,060 | WARNING |   VOLUME SANITY REJECT: AAVE-USD 2026-02-17 10:00:00 volume=2.35 < threshold=1000 (source=ALPACA)
2026-02-18 02:36:06,075 | WARNING |   VOLUME SANITY REJECT: AAVE-USD 2026-02-17 11:00:00 volume=0.00 < threshold=1000 (source=ALPACA)
2026-02-18 02:36:06,075 | WARNING |   VOLUME SANITY REJECT: AAVE-USD 2026-02-17 12:00:00 volume=0.06 < threshold=1000 (source=ALPACA)
2026-02-18 02:36:06,075 | WARNING |   VOLUME SANITY REJECT: AAVE-USD 2026-02-17 13:00:00 volume=0.07 < threshold=1000 (source=ALPACA)
2026-02-18 02:36:06,075 | WARNING |   VOLUME SANITY REJECT: AAVE-USD 2026-02-17 14:00:00 volume=0.04 < threshold=1000 (source=ALPACA)
2026-02-18 02:36:06,091 | WARNING |   VOLUME SANITY REJECT: AAVE-USD 2026-02-17 15:00:00 volume=0.12 < threshold=1000 (source=ALPACA)
2026-02-18 02:36:06,091 | WARNING |   VOLUME SANITY REJECT: AAVE-USD 2026-02-17 16:00:00 volume=2.29 < threshold=1000 (source=ALPACA)
2026-02-18 02:36:06,091 | WARNING |   VOLUME SANITY REJECT: AAVE-USD 2026-02-17 17:00:00 volume=0.05 < threshold=1000 (source=ALPACA)
2026-02-18 02:36:06,107 | WARNING |   VOLUME SANITY REJECT: AAVE-USD 2026-02-17 18:00:00 volume=0.12 < threshold=1000 (source=ALPACA)
2026-02-18 02:36:06,107 | WARNING |   VOLUME SANITY REJECT: AAVE-USD 2026-02-17 19:00:00 volume=0.08 < threshold=1000 (source=ALPACA)
2026-02-18 02:36:06,107 | WARNING |   VOLUME SANITY REJECT: AAVE-USD 2026-02-17 20:00:00 volume=0.45 < threshold=1000 (source=ALPACA)
2026-02-18 02:36:06,107 | WARNING |   VOLUME SANITY REJECT: AAVE-USD 2026-02-17 21:00:00 volume=0.00 < threshold=1000 (source=ALPACA)
2026-02-18 02:36:06,107 | WARNING |   VOLUME SANITY REJECT: AAVE-USD 2026-02-17 22:00:00 volume=0.04 < threshold=1000 (source=ALPACA)
2026-02-18 02:36:06,122 | WARNING |   VOLUME SANITY REJECT: AAVE-USD 2026-02-17 23:00:00 volume=0.00 < threshold=1000 (source=ALPACA)
2026-02-18 02:36:06,122 | WARNING |   VOLUME SANITY REJECT: AAVE-USD 2026-02-18 00:00:00 volume=0.00 < threshold=1000 (source=ALPACA)
2026-02-18 02:36:06,122 | WARNING |   VOLUME SANITY REJECT: AAVE-USD 2026-02-18 01:00:00 volume=0.00 < threshold=1000 (source=ALPACA)
2026-02-18 02:36:06,138 | WARNING |   [AAVE-USD] ALL 24 rows REJECTED by volume sanity check (source=ALPACA)
2026-02-18 02:36:06,154 | WARNING |   [AAVE-USD] 0 rows written despite 24 bars received
2026-02-18 02:36:06,466 | INFO |   [AMGN] +1 rows via TWELVEDATA
2026-02-18 02:36:06,466 | INFO |   [USDTRY=X] +3 rows via TWELVEDATA_FX
2026-02-18 02:36:06,658 | INFO | Alpaca: Updated 1 assets, 38 remaining
2026-02-18 02:36:07,730 | INFO | ============================================================
2026-02-18 02:36:07,730 | INFO | ATTEMPTING YAHOO FINANCE INGEST (Fallback Provider)
2026-02-18 02:36:07,730 | INFO | Assets: 38, Using BATCH DOWNLOAD (efficient)
2026-02-18 02:36:07,730 | INFO | ============================================================
2026-02-18 02:36:07,730 | INFO |   Checking Yahoo Finance rate limit status...
2026-02-18 02:36:09,542 | INFO |   Rate limit check passed - proceeding with download
2026-02-18 02:36:09,745 | INFO |   Downloading 38 symbols from 2026-01-19 to 2026-02-18
2026-02-18 02:36:09,745 | INFO |   Batch 1/1: 38 symbols
2026-02-18 02:36:13,539 | ERROR | 
1 Failed download:
2026-02-18 02:36:13,539 | ERROR | ['UNI-USD']: YFPricesMissingError('possibly delisted; no price data found  (1d 2026-01-19 -> 2026-02-19)')
2026-02-18 02:36:13,618 | INFO |   [ALGO-USD] +1 rows via YAHOO
2026-02-18 02:36:13,633 | INFO |   [ATOM-USD] +1 rows via YAHOO
2026-02-18 02:36:13,633 | INFO |   [AXS-USD] +1 rows via YAHOO
2026-02-18 02:36:13,633 | INFO |   [BCH-USD] +1 rows via YAHOO
2026-02-18 02:36:13,649 | INFO |   [BNB-USD] +1 rows via YAHOO
2026-02-18 02:36:13,649 | INFO |   [BTC-USD] +1 rows via YAHOO
2026-02-18 02:36:13,664 | INFO |   [CHZ-USD] +1 rows via YAHOO
2026-02-18 02:36:13,664 | INFO |   [CRO-USD] +1 rows via YAHOO
2026-02-18 02:36:13,680 | INFO |   [CRV-USD] +1 rows via YAHOO
2026-02-18 02:36:13,680 | INFO |   [DOT-USD] +1 rows via YAHOO
2026-02-18 02:36:13,680 | INFO |   [EOS-USD] +1 rows via YAHOO
2026-02-18 02:36:13,696 | INFO |   [ETC-USD] +1 rows via YAHOO
2026-02-18 02:36:13,696 | INFO |   [ETH-USD] +1 rows via YAHOO
2026-02-18 02:36:13,711 | INFO |   [FIL-USD] +1 rows via YAHOO
2026-02-18 02:36:13,711 | INFO |   [FLOW-USD] +1 rows via YAHOO
2026-02-18 02:36:13,727 | INFO |   [HBAR-USD] +1 rows via YAHOO
2026-02-18 02:36:13,727 | INFO |   [ICP-USD] +1 rows via YAHOO
2026-02-18 02:36:13,727 | INFO |   [INJ-USD] +1 rows via YAHOO
2026-02-18 02:36:13,743 | INFO |   [LINK-USD] +1 rows via YAHOO
2026-02-18 02:36:13,743 | INFO |   [LTC-USD] +1 rows via YAHOO
2026-02-18 02:36:13,758 | INFO |   [MANA-USD] +1 rows via YAHOO
2026-02-18 02:36:13,758 | INFO |   [MKR-USD] +1 rows via YAHOO
2026-02-18 02:36:13,758 | INFO |   [NEAR-USD] +1 rows via YAHOO
2026-02-18 02:36:13,774 | INFO |   [OKB-USD] +1 rows via YAHOO
2026-02-18 02:36:13,774 | INFO |   [QNT-USD] +1 rows via YAHOO
2026-02-18 02:36:13,789 | INFO |   [RPL-USD] +1 rows via YAHOO
2026-02-18 02:36:13,789 | INFO |   [RUNE-USD] +1 rows via YAHOO
2026-02-18 02:36:13,789 | INFO |   [SAND-USD] +1 rows via YAHOO
2026-02-18 02:36:13,805 | INFO |   [SHIB-USD] +1 rows via YAHOO
2026-02-18 02:36:13,805 | INFO |   [SNX-USD] +1 rows via YAHOO
2026-02-18 02:36:13,821 | INFO |   [THETA-USD] +1 rows via YAHOO
2026-02-18 02:36:13,821 | INFO |   [TRX-USD] +1 rows via YAHOO
2026-02-18 02:36:13,821 | INFO |   [VET-USD] +1 rows via YAHOO
2026-02-18 02:36:13,836 | INFO |   [XLM-USD] +1 rows via YAHOO
2026-02-18 02:36:13,836 | INFO |   [XMR-USD] +1 rows via YAHOO
2026-02-18 02:36:13,836 | INFO |   [XRP-USD] +1 rows via YAHOO
2026-02-18 02:36:13,852 | INFO |   [ZEC-USD] +1 rows via YAHOO
2026-02-18 02:36:13,852 | INFO |   Yahoo ingest complete: 37 updated, 1 failed
2026-02-18 02:36:13,852 | INFO | Yahoo: Updated 37 assets, 1 remaining
2026-02-18 02:36:13,852 | INFO | 
============================================================
2026-02-18 02:36:13,852 | INFO | VERIFICATION: Checking Data Freshness
2026-02-18 02:36:13,852 | INFO | ============================================================
2026-02-18 02:36:14,633 | WARNING | VERIFICATION FAILED: 360 assets are stale
2026-02-18 02:36:14,633 | WARNING |   - BT.A.L: 65 days stale (last: 2025-12-15)
2026-02-18 02:36:14,633 | WARNING |   - 1COV.DE: 57 days stale (last: 2025-12-23)
2026-02-18 02:36:14,633 | WARNING |   - TLT: 40 days stale (last: 2026-01-09)
2026-02-18 02:36:14,633 | WARNING |   - GLD: 39 days stale (last: 2026-01-10)
2026-02-18 02:36:14,633 | WARNING |   - OLT.OL: 8 days stale (last: 2026-02-10)
2026-02-18 02:36:14,633 | WARNING |   - UNI-USD: 7 days stale (last: 2026-02-11)
2026-02-18 02:36:14,633 | WARNING |   - ZAL.DE: 6 days stale (last: 2026-02-12)
2026-02-18 02:36:14,633 | WARNING |   - SAF.PA: 6 days stale (last: 2026-02-12)
2026-02-18 02:36:14,633 | WARNING |   - VAR.OL: 6 days stale (last: 2026-02-12)
2026-02-18 02:36:14,649 | WARNING |   - STRO.OL: 6 days stale (last: 2026-02-12)
2026-02-18 02:36:14,649 | WARNING |   ... and 350 more
2026-02-18 02:36:15,207 | CRITICAL | ALERT [CRITICAL]: DATA VERIFICATION FAILED: 360 assets still stale after ingest! Updated: 38, Rows: 38
2026-02-18 02:36:15,207 | WARNING | Governance logging failed: column "action_timestamp" of relation "governance_actions_log" does not exist
LINE 3:                     action_type, action_timestamp, action_by...
                                         ^

2026-02-18 02:36:15,207 | WARNING | ALERT [WARNING]: PARTIAL INGEST: 1 assets could not be updated via any provider
2026-02-18 02:36:15,207 | WARNING | Heartbeat recording failed: relation "fhq_monitoring.system_heartbeats" does not exist
LINE 2:                 INSERT INTO fhq_monitoring.system_heartbeats...
                                    ^

2026-02-18 02:36:15,207 | WARNING | Governance logging failed: current transaction is aborted, commands ignored until end of transaction block

2026-02-18 02:36:15,207 | INFO | 
======================================================================
2026-02-18 02:36:15,207 | INFO | BULLETPROOF INGEST COMPLETE
2026-02-18 02:36:15,207 | INFO | ======================================================================
2026-02-18 02:36:15,207 | INFO | Status: PARTIAL
2026-02-18 02:36:15,207 | INFO | Assets Updated: 38
2026-02-18 02:36:15,207 | INFO | Rows Inserted: 38
2026-02-18 02:36:15,207 | INFO | Providers Used: ALPACA, YAHOO
2026-02-18 02:36:15,207 | INFO | Verification: FAILED (360 stale)
2026-02-18 02:36:15,207 | INFO | Elapsed: 855.4s
2026-02-18 02:36:15,207 | INFO | 
Freshness by Asset Class:
2026-02-18 02:36:15,207 | INFO |   CRYPTO: 45/50 fresh (90.0%)
2026-02-18 02:36:15,207 | INFO |   EQUITY: 68/422 fresh (16.1%)
2026-02-18 02:36:15,207 | INFO |   ETF: 0/2 fresh (0.0%)
2026-02-18 02:36:15,207 | INFO |   FX: 20/25 fresh (80.0%)
2026-02-18 02:36:15,207 | INFO | 
Evidence: C:\fhq-market-system\vision-ios\03_FUNCTIONS\evidence\BULLETPROOF_INGEST_776d7f08_20260218_023615.json
2026-02-18 02:36:15,207 | INFO | ======================================================================
2026-02-18 02:36:54,607 | WARNING |   [AMT] TwelveData error: ('Connection aborted.', ConnectionAbortedError(10053, 'En etablert tilkobling ble avbrutt av program
2026-02-18 02:36:54,607 | WARNING |   [USDZAR=X] TwelveData FX error: ('Connection aborted.', ConnectionAbortedError(10053, 'En etablert tilkobling ble avbrutt av program
2026-02-18 02:36:54,638 | INFO |   TwelveData FX ingest complete: 1 updated, 23 failed, 1 API calls
2026-02-18 02:36:54,638 | INFO | TwelveData FX: Updated 1 FX assets, 23 total remaining
2026-02-18 02:36:54,638 | INFO | 
============================================================
2026-02-18 02:36:54,638 | INFO | VERIFICATION: Checking Data Freshness
2026-02-18 02:36:54,638 | INFO | ============================================================
2026-02-18 02:36:55,091 | WARNING | VERIFICATION FAILED: 360 assets are stale
2026-02-18 02:36:55,091 | WARNING |   - BT.A.L: 65 days stale (last: 2025-12-15)
2026-02-18 02:36:55,091 | WARNING |   - 1COV.DE: 57 days stale (last: 2025-12-23)
2026-02-18 02:36:55,091 | WARNING |   - TLT: 40 days stale (last: 2026-01-09)
2026-02-18 02:36:55,091 | WARNING |   - GLD: 39 days stale (last: 2026-01-10)
2026-02-18 02:36:55,091 | WARNING |   - OLT.OL: 8 days stale (last: 2026-02-10)
2026-02-18 02:36:55,091 | WARNING |   - UNI-USD: 7 days stale (last: 2026-02-11)
2026-02-18 02:36:55,091 | WARNING |   - ZAL.DE: 6 days stale (last: 2026-02-12)
2026-02-18 02:36:55,091 | WARNING |   - SAF.PA: 6 days stale (last: 2026-02-12)
2026-02-18 02:36:55,091 | WARNING |   - VAR.OL: 6 days stale (last: 2026-02-12)
2026-02-18 02:36:55,091 | WARNING |   - STRO.OL: 6 days stale (last: 2026-02-12)
2026-02-18 02:36:55,107 | WARNING |   ... and 350 more
2026-02-18 02:37:25,052 | CRITICAL | ALERT [CRITICAL]: DATA VERIFICATION FAILED: 360 assets still stale after ingest! Updated: 1, Rows: 3
2026-02-18 02:37:25,052 | WARNING |   [AMZN] TwelveData error: HTTPSConnectionPool(host='api.twelvedata.com', port=443): Max retries exceeded with url: /time_serie
2026-02-18 02:37:25,052 | WARNING | Governance logging failed: column "action_timestamp" of relation "governance_actions_log" does not exist
LINE 3:                     action_type, action_timestamp, action_by...
                                         ^

2026-02-18 02:37:25,052 | WARNING | ALERT [WARNING]: PARTIAL INGEST: 23 assets could not be updated via any provider
2026-02-18 02:37:25,052 | WARNING | Heartbeat recording failed: relation "fhq_monitoring.system_heartbeats" does not exist
LINE 2:                 INSERT INTO fhq_monitoring.system_heartbeats...
                                    ^

2026-02-18 02:37:25,052 | WARNING | Governance logging failed: current transaction is aborted, commands ignored until end of transaction block

2026-02-18 02:37:25,068 | INFO | 
======================================================================
2026-02-18 02:37:25,068 | INFO | BULLETPROOF INGEST COMPLETE
2026-02-18 02:37:25,068 | INFO | ======================================================================
2026-02-18 02:37:25,068 | INFO | Status: PARTIAL
2026-02-18 02:37:25,068 | INFO | Assets Updated: 1
2026-02-18 02:37:25,068 | INFO | Rows Inserted: 3
2026-02-18 02:37:25,068 | INFO | Providers Used: ALPACA, YAHOO, ECB, TWELVEDATA_FX
2026-02-18 02:37:25,068 | INFO | Verification: FAILED (360 stale)
2026-02-18 02:37:25,068 | INFO | Elapsed: 925.2s
2026-02-18 02:37:25,068 | INFO | 
Freshness by Asset Class:
2026-02-18 02:37:25,068 | INFO |   CRYPTO: 45/50 fresh (90.0%)
2026-02-18 02:37:25,068 | INFO |   EQUITY: 68/422 fresh (16.1%)
2026-02-18 02:37:25,068 | INFO |   ETF: 0/2 fresh (0.0%)
2026-02-18 02:37:25,068 | INFO |   FX: 20/25 fresh (80.0%)
2026-02-18 02:37:25,068 | INFO | 
Evidence: C:\fhq-market-system\vision-ios\03_FUNCTIONS\evidence\BULLETPROOF_INGEST_237d84e7_20260218_023725.json
2026-02-18 02:37:25,068 | INFO | ======================================================================
2026-02-18 02:37:38,720 | WARNING |   [AON] TwelveData error: HTTPSConnectionPool(host='api.twelvedata.com', port=443): Max retries exceeded with url: /time_serie
2026-02-18 02:38:08,306 | WARNING |   [APD] TwelveData error: HTTPSConnectionPool(host='api.twelvedata.com', port=443): Max retries exceeded with url: /time_serie
2026-02-18 02:38:25,251 | WARNING |   [ASML] TwelveData error: HTTPSConnectionPool(host='api.twelvedata.com', port=443): Max retries exceeded with url: /time_serie
2026-02-18 02:38:54,500 | WARNING |   [ATO.PA] TwelveData error: HTTPSConnectionPool(host='api.twelvedata.com', port=443): Max retries exceeded with url: /time_serie
2026-02-18 02:39:25,251 | WARNING |   [AUSS.OL] TwelveData error: HTTPSConnectionPool(host='api.twelvedata.com', port=443): Max retries exceeded with url: /time_serie
2026-02-18 02:39:54,621 | WARNING |   [AUTO.OL] TwelveData error: HTTPSConnectionPool(host='api.twelvedata.com', port=443): Max retries exceeded with url: /time_serie
2026-02-18 02:40:24,313 | WARNING |   [AV.L] TwelveData error: HTTPSConnectionPool(host='api.twelvedata.com', port=443): Max retries exceeded with url: /time_serie
2026-02-18 02:40:55,243 | WARNING |   [AVB] TwelveData error: HTTPSConnectionPool(host='api.twelvedata.com', port=443): Max retries exceeded with url: /time_serie
2026-02-18 02:41:25,270 | WARNING |   [AVGO] TwelveData error: HTTPSConnectionPool(host='api.twelvedata.com', port=443): Max retries exceeded with url: /time_serie
2026-02-18 02:41:54,759 | WARNING |   [AWK] TwelveData error: HTTPSConnectionPool(host='api.twelvedata.com', port=443): Max retries exceeded with url: /time_serie
2026-02-18 02:42:24,780 | WARNING |   [AXP] TwelveData error: HTTPSConnectionPool(host='api.twelvedata.com', port=443): Max retries exceeded with url: /time_serie
2026-02-18 02:42:54,715 | WARNING |   [AZN.L] TwelveData error: HTTPSConnectionPool(host='api.twelvedata.com', port=443): Max retries exceeded with url: /time_serie
2026-02-18 02:43:24,821 | WARNING |   [AZO] TwelveData error: HTTPSConnectionPool(host='api.twelvedata.com', port=443): Max retries exceeded with url: /time_serie
2026-02-18 02:43:35,682 | WARNING |   [BA] TwelveData error: HTTPSConnectionPool(host='api.twelvedata.com', port=443): Max retries exceeded with url: /time_serie
2026-02-18 02:44:05,316 | WARNING |   [BA.L] TwelveData error: HTTPSConnectionPool(host='api.twelvedata.com', port=443): Max retries exceeded with url: /time_serie
2026-02-18 02:44:25,287 | WARNING |   [BAC] TwelveData error: HTTPSConnectionPool(host='api.twelvedata.com', port=443): Max retries exceeded with url: /time_serie
2026-02-18 02:44:54,673 | WARNING |   [BAKKA.OL] TwelveData error: HTTPSConnectionPool(host='api.twelvedata.com', port=443): Max retries exceeded with url: /time_serie
2026-02-18 02:45:25,319 | WARNING |   [BARC.L] TwelveData error: HTTPSConnectionPool(host='api.twelvedata.com', port=443): Max retries exceeded with url: /time_serie
2026-02-18 02:45:54,656 | WARNING |   [BAS.DE] TwelveData error: HTTPSConnectionPool(host='api.twelvedata.com', port=443): Max retries exceeded with url: /time_serie
2026-02-18 02:46:24,476 | WARNING |   [BATS.L] TwelveData error: HTTPSConnectionPool(host='api.twelvedata.com', port=443): Max retries exceeded with url: /time_serie
2026-02-18 02:46:55,370 | WARNING |   [BAYN.DE] TwelveData error: HTTPSConnectionPool(host='api.twelvedata.com', port=443): Max retries exceeded with url: /time_serie
2026-02-18 02:46:55,370 | INFO |   Progress: 50/421 assets, 1 API calls
2026-02-18 02:47:55,112 | WARNING |   [BEI.DE] TwelveData error: ('Connection aborted.', ConnectionAbortedError(10053, 'En etablert tilkobling ble avbrutt av program
2026-02-18 02:48:24,594 | WARNING |   [BEWI.OL] TwelveData error: HTTPSConnectionPool(host='api.twelvedata.com', port=443): Max retries exceeded with url: /time_serie
2026-02-18 02:48:54,509 | WARNING |   [BHP.L] TwelveData error: HTTPSConnectionPool(host='api.twelvedata.com', port=443): Max retries exceeded with url: /time_serie
2026-02-18 02:49:24,669 | WARNING |   [BKNG] TwelveData error: HTTPSConnectionPool(host='api.twelvedata.com', port=443): Max retries exceeded with url: /time_serie
2026-02-18 02:49:54,506 | WARNING |   [BKR] TwelveData error: HTTPSConnectionPool(host='api.twelvedata.com', port=443): Max retries exceeded with url: /time_serie
2026-02-18 02:50:24,704 | WARNING |   [BLK] TwelveData error: HTTPSConnectionPool(host='api.twelvedata.com', port=443): Max retries exceeded with url: /time_serie
2026-02-18 02:50:57,030 | WARNING |   [BMW.DE] TwelveData error: HTTPSConnectionPool(host='api.twelvedata.com', port=443): Max retries exceeded with url: /time_serie
2026-02-18 02:51:25,230 | WARNING |   [BMY] TwelveData error: HTTPSConnectionPool(host='api.twelvedata.com', port=443): Max retries exceeded with url: /time_serie
2026-02-18 02:51:54,939 | WARNING |   [BN.PA] TwelveData error: HTTPSConnectionPool(host='api.twelvedata.com', port=443): Max retries exceeded with url: /time_serie
2026-02-18 02:52:25,264 | WARNING |   [BNP.PA] TwelveData error: HTTPSConnectionPool(host='api.twelvedata.com', port=443): Max retries exceeded with url: /time_serie
2026-02-18 02:52:54,511 | WARNING |   [BNR.DE] TwelveData error: HTTPSConnectionPool(host='api.twelvedata.com', port=443): Max retries exceeded with url: /time_serie
2026-02-18 02:53:25,267 | WARNING |   [BP.L] TwelveData error: HTTPSConnectionPool(host='api.twelvedata.com', port=443): Max retries exceeded with url: /time_serie
2026-02-18 02:53:36,039 | WARNING |   [BRK.B] TwelveData error: HTTPSConnectionPool(host='api.twelvedata.com', port=443): Max retries exceeded with url: /time_serie
2026-02-18 02:54:05,748 | WARNING |   [BSX] TwelveData error: HTTPSConnectionPool(host='api.twelvedata.com', port=443): Max retries exceeded with url: /time_serie
2026-02-18 02:54:25,285 | WARNING |   [BT.A.L] TwelveData error: HTTPSConnectionPool(host='api.twelvedata.com', port=443): Max retries exceeded with url: /time_serie
2026-02-18 02:54:54,516 | WARNING |   [BWO.OL] TwelveData error: HTTPSConnectionPool(host='api.twelvedata.com', port=443): Max retries exceeded with url: /time_serie
2026-02-18 02:55:24,564 | WARNING |   [C] TwelveData error: HTTPSConnectionPool(host='api.twelvedata.com', port=443): Max retries exceeded with url: /time_serie
2026-02-18 02:55:54,676 | WARNING |   [CAG] TwelveData error: HTTPSConnectionPool(host='api.twelvedata.com', port=443): Max retries exceeded with url: /time_serie
2026-02-18 02:56:25,000 | WARNING |   [CAP.PA] TwelveData error: HTTPSConnectionPool(host='api.twelvedata.com', port=443): Max retries exceeded with url: /time_serie
2026-02-18 02:56:54,523 | WARNING |   [CARR] TwelveData error: HTTPSConnectionPool(host='api.twelvedata.com', port=443): Max retries exceeded with url: /time_serie
2026-02-18 02:57:24,856 | WARNING |   [CAT] TwelveData error: HTTPSConnectionPool(host='api.twelvedata.com', port=443): Max retries exceeded with url: /time_serie
2026-02-18 02:57:54,727 | WARNING |   [CB] TwelveData error: HTTPSConnectionPool(host='api.twelvedata.com', port=443): Max retries exceeded with url: /time_serie
2026-02-18 02:58:25,275 | WARNING |   [CBK.DE] TwelveData error: HTTPSConnectionPool(host='api.twelvedata.com', port=443): Max retries exceeded with url: /time_serie
2026-02-18 03:00:25,002 | WARNING |   [CCI] TwelveData error: ('Connection aborted.', ConnectionAbortedError(10053, 'En etablert tilkobling ble avbrutt av program
2026-02-18 03:00:55,823 | WARNING |   [CDNS] TwelveData error: HTTPSConnectionPool(host='api.twelvedata.com', port=443): Max retries exceeded with url: /time_serie
2026-02-18 03:01:55,203 | WARNING |   [CF] TwelveData error: ('Connection aborted.', ConnectionAbortedError(10053, 'En etablert tilkobling ble avbrutt av program
2026-02-18 03:02:24,956 | WARNING |   [CHD] TwelveData error: HTTPSConnectionPool(host='api.twelvedata.com', port=443): Max retries exceeded with url: /time_serie
2026-02-18 03:02:54,688 | WARNING |   [CHTR] TwelveData error: HTTPSConnectionPool(host='api.twelvedata.com', port=443): Max retries exceeded with url: /time_serie
2026-02-18 03:03:24,927 | WARNING |   [CI] TwelveData error: HTTPSConnectionPool(host='api.twelvedata.com', port=443): Max retries exceeded with url: /time_serie
2026-02-18 03:03:36,676 | WARNING |   [CL] TwelveData error: HTTPSConnectionPool(host='api.twelvedata.com', port=443): Max retries exceeded with url: /time_serie
2026-02-18 03:04:06,328 | WARNING |   [CLX] TwelveData error: HTTPSConnectionPool(host='api.twelvedata.com', port=443): Max retries exceeded with url: /time_serie
2026-02-18 03:04:25,313 | WARNING |   [CMCSA] TwelveData error: HTTPSConnectionPool(host='api.twelvedata.com', port=443): Max retries exceeded with url: /time_serie
2026-02-18 03:05:25,308 | WARNING |   [CME] TwelveData error: HTTPSConnectionPool(host='api.twelvedata.com', port=443): Max retries exceeded with url: /time_serie
2026-02-18 03:05:54,669 | WARNING |   [CMG] TwelveData error: HTTPSConnectionPool(host='api.twelvedata.com', port=443): Max retries exceeded with url: /time_serie
2026-02-18 03:06:24,313 | WARNING |   [COF] TwelveData error: HTTPSConnectionPool(host='api.twelvedata.com', port=443): Max retries exceeded with url: /time_serie
2026-02-18 03:06:55,288 | WARNING |   [COIN] TwelveData error: HTTPSConnectionPool(host='api.twelvedata.com', port=443): Max retries exceeded with url: /time_serie
2026-02-18 03:07:25,313 | WARNING |   [CON.DE] TwelveData error: HTTPSConnectionPool(host='api.twelvedata.com', port=443): Max retries exceeded with url: /time_serie
2026-02-18 03:07:54,835 | WARNING |   [COP] TwelveData error: HTTPSConnectionPool(host='api.twelvedata.com', port=443): Max retries exceeded with url: /time_serie
2026-02-18 03:08:24,960 | WARNING |   [COST] TwelveData error: HTTPSConnectionPool(host='api.twelvedata.com', port=443): Max retries exceeded with url: /time_serie
2026-02-18 03:08:54,696 | WARNING |   [CPG.L] TwelveData error: HTTPSConnectionPool(host='api.twelvedata.com', port=443): Max retries exceeded with url: /time_serie
2026-02-18 03:09:24,927 | WARNING |   [CRM] TwelveData error: HTTPSConnectionPool(host='api.twelvedata.com', port=443): Max retries exceeded with url: /time_serie
2026-02-18 03:09:54,878 | WARNING |   [CRWD] TwelveData error: HTTPSConnectionPool(host='api.twelvedata.com', port=443): Max retries exceeded with url: /time_serie
2026-02-18 03:10:25,349 | WARNING |   [CS.PA] TwelveData error: HTTPSConnectionPool(host='api.twelvedata.com', port=443): Max retries exceeded with url: /time_serie
2026-02-18 03:10:54,720 | WARNING |   [CSX] TwelveData error: HTTPSConnectionPool(host='api.twelvedata.com', port=443): Max retries exceeded with url: /time_serie
2026-02-18 03:11:25,365 | WARNING |   [CTAS] TwelveData error: HTTPSConnectionPool(host='api.twelvedata.com', port=443): Max retries exceeded with url: /time_serie
2026-02-18 03:11:56,443 | WARNING |   [CTVA] TwelveData error: HTTPSConnectionPool(host='api.twelvedata.com', port=443): Max retries exceeded with url: /time_serie
2026-02-18 03:12:25,375 | WARNING |   [CVS] TwelveData error: HTTPSConnectionPool(host='api.twelvedata.com', port=443): Max retries exceeded with url: /time_serie
2026-02-18 03:12:54,894 | WARNING |   [CVX] TwelveData error: HTTPSConnectionPool(host='api.twelvedata.com', port=443): Max retries exceeded with url: /time_serie
2026-02-18 03:13:24,932 | WARNING |   [D] TwelveData error: HTTPSConnectionPool(host='api.twelvedata.com', port=443): Max retries exceeded with url: /time_serie
2026-02-18 03:13:36,268 | WARNING |   [DAL] TwelveData error: HTTPSConnectionPool(host='api.twelvedata.com', port=443): Max retries exceeded with url: /time_serie
2026-02-18 03:13:36,268 | INFO |   Progress: 100/421 assets, 1 API calls
2026-02-18 03:14:05,999 | WARNING |   [DBK.DE] TwelveData error: HTTPSConnectionPool(host='api.twelvedata.com', port=443): Max retries exceeded with url: /time_serie
2026-02-18 03:14:25,387 | WARNING |   [DD] TwelveData error: HTTPSConnectionPool(host='api.twelvedata.com', port=443): Max retries exceeded with url: /time_serie
2026-02-18 03:14:54,685 | WARNING |   [DDOG] TwelveData error: HTTPSConnectionPool(host='api.twelvedata.com', port=443): Max retries exceeded with url: /time_serie
2026-02-18 03:15:24,953 | WARNING |   [DE] TwelveData error: HTTPSConnectionPool(host='api.twelvedata.com', port=443): Max retries exceeded with url: /time_serie
2026-02-18 03:15:54,903 | WARNING |   [DECK] TwelveData error: HTTPSConnectionPool(host='api.twelvedata.com', port=443): Max retries exceeded with url: /time_serie
2026-02-18 03:16:25,395 | WARNING |   [DG.PA] TwelveData error: HTTPSConnectionPool(host='api.twelvedata.com', port=443): Max retries exceeded with url: /time_serie
2026-02-18 03:16:54,939 | WARNING |   [DGE.L] TwelveData error: HTTPSConnectionPool(host='api.twelvedata.com', port=443): Max retries exceeded with url: /time_serie
2026-02-18 03:17:55,507 | WARNING |   [DHER.DE] TwelveData error: ('Connection aborted.', ConnectionAbortedError(10053, 'En etablert tilkobling ble avbrutt av program
2026-02-18 03:18:24,962 | WARNING |   [DHI] TwelveData error: HTTPSConnectionPool(host='api.twelvedata.com', port=443): Max retries exceeded with url: /time_serie
2026-02-18 03:18:54,602 | WARNING |   [DHL.DE] TwelveData error: HTTPSConnectionPool(host='api.twelvedata.com', port=443): Max retries exceeded with url: /time_serie
2026-02-18 03:19:24,691 | WARNING |   [DHR] TwelveData error: HTTPSConnectionPool(host='api.twelvedata.com', port=443): Max retries exceeded with url: /time_serie
2026-02-18 03:19:54,741 | WARNING |   [DIA] TwelveData error: HTTPSConnectionPool(host='api.twelvedata.com', port=443): Max retries exceeded with url: /time_serie
2026-02-18 03:20:24,757 | WARNING |   [DIS] TwelveData error: HTTPSConnectionPool(host='api.twelvedata.com', port=443): Max retries exceeded with url: /time_serie
2026-02-18 03:21:00,323 | WARNING |   [DLR] TwelveData error: HTTPSConnectionPool(host='api.twelvedata.com', port=443): Max retries exceeded with url: /time_serie
2026-02-18 03:22:04,916 | WARNING |   [DNB.OL] TwelveData error: HTTPSConnectionPool(host='api.twelvedata.com', port=443): Max retries exceeded with url: /time_serie
2026-02-18 03:22:25,420 | WARNING |   [DOCU] TwelveData error: HTTPSConnectionPool(host='api.twelvedata.com', port=443): Max retries exceeded with url: /time_serie
2026-02-18 03:22:54,827 | WARNING |   [DOW] TwelveData error: HTTPSConnectionPool(host='api.twelvedata.com', port=443): Max retries exceeded with url: /time_serie
2026-02-18 03:23:24,639 | WARNING |   [DPZ] TwelveData error: HTTPSConnectionPool(host='api.twelvedata.com', port=443): Max retries exceeded with url: /time_serie
2026-02-18 03:24:06,547 | WARNING |   [DSY.PA] TwelveData error: ('Connection aborted.', ConnectionAbortedError(10053, 'En etablert tilkobling ble avbrutt av program
2026-02-18 03:24:30,838 | WARNING |   [DTE.DE] TwelveData error: This symbol is available starting with Grow (Grow plan). Consider upgrading now at https://twelvedata.com/pricing
2026-02-18 03:25:00,113 | WARNING |   [DUK] TwelveData error: HTTPSConnectionPool(host='api.twelvedata.com', port=443): Max retries exceeded with url: /time_serie
2026-02-18 03:25:25,429 | WARNING |   [DVN] TwelveData error: HTTPSConnectionPool(host='api.twelvedata.com', port=443): Max retries exceeded with url: /time_serie
2026-02-18 03:25:54,739 | WARNING |   [DXCM] TwelveData error: HTTPSConnectionPool(host='api.twelvedata.com', port=443): Max retries exceeded with url: /time_serie
2026-02-18 03:26:24,837 | WARNING |   [EA] TwelveData error: HTTPSConnectionPool(host='api.twelvedata.com', port=443): Max retries exceeded with url: /time_serie
2026-02-18 03:26:54,868 | WARNING |   [EBAY] TwelveData error: HTTPSConnectionPool(host='api.twelvedata.com', port=443): Max retries exceeded with url: /time_serie
2026-02-18 03:27:25,456 | WARNING |   [ECL] TwelveData error: HTTPSConnectionPool(host='api.twelvedata.com', port=443): Max retries exceeded with url: /time_serie
2026-02-18 03:28:23,724 | WARNING |   [ED] TwelveData error: HTTPSConnectionPool(host='api.twelvedata.com', port=443): Max retries exceeded with url: /time_serie
2026-02-18 03:28:54,803 | WARNING |   [EIX] TwelveData error: HTTPSConnectionPool(host='api.twelvedata.com', port=443): Max retries exceeded with url: /time_serie
2026-02-18 03:29:24,315 | WARNING |   [EL] TwelveData error: HTTPSConnectionPool(host='api.twelvedata.com', port=443): Max retries exceeded with url: /time_serie
2026-02-18 03:29:55,348 | WARNING |   [EL.PA] TwelveData error: HTTPSConnectionPool(host='api.twelvedata.com', port=443): Max retries exceeded with url: /time_serie
2026-02-18 03:30:55,436 | WARNING |   [ELMRA.OL] TwelveData error: ('Connection aborted.', ConnectionAbortedError(10053, 'En etablert tilkobling ble avbrutt av program
2026-02-18 03:31:24,985 | WARNING |   [ELV] TwelveData error: HTTPSConnectionPool(host='api.twelvedata.com', port=443): Max retries exceeded with url: /time_serie
2026-02-18 03:31:55,311 | WARNING |   [EMR] TwelveData error: HTTPSConnectionPool(host='api.twelvedata.com', port=443): Max retries exceeded with url: /time_serie
2026-02-18 03:32:25,309 | WARNING |   [EN.PA] TwelveData error: HTTPSConnectionPool(host='api.twelvedata.com', port=443): Max retries exceeded with url: /time_serie
2026-02-18 03:32:54,852 | WARNING |   [ENGI.PA] TwelveData error: HTTPSConnectionPool(host='api.twelvedata.com', port=443): Max retries exceeded with url: /time_serie
2026-02-18 03:33:24,913 | WARNING |   [ENR.DE] TwelveData error: HTTPSConnectionPool(host='api.twelvedata.com', port=443): Max retries exceeded with url: /time_serie
2026-02-18 03:33:36,422 | WARNING |   [ENTRA.OL] TwelveData error: HTTPSConnectionPool(host='api.twelvedata.com', port=443): Max retries exceeded with url: /time_serie
2026-02-18 03:34:06,345 | WARNING |   [EOAN.DE] TwelveData error: HTTPSConnectionPool(host='api.twelvedata.com', port=443): Max retries exceeded with url: /time_serie
2026-02-18 03:34:25,425 | WARNING |   [EOG] TwelveData error: HTTPSConnectionPool(host='api.twelvedata.com', port=443): Max retries exceeded with url: /time_serie
2026-02-18 03:34:54,976 | WARNING |   [EQIX] TwelveData error: HTTPSConnectionPool(host='api.twelvedata.com', port=443): Max retries exceeded with url: /time_serie
2026-02-18 03:35:24,952 | WARNING |   [EQNR.OL] TwelveData error: HTTPSConnectionPool(host='api.twelvedata.com', port=443): Max retries exceeded with url: /time_serie
2026-02-18 03:36:25,440 | WARNING |   [EQR] TwelveData error: HTTPSConnectionPool(host='api.twelvedata.com', port=443): Max retries exceeded with url: /time_serie
2026-02-18 03:37:05,921 | WARNING |   [ERF.PA] TwelveData error: ('Connection aborted.', ConnectionAbortedError(10053, 'En etablert tilkobling ble avbrutt av program
2026-02-18 03:37:25,453 | WARNING |   [ES] TwelveData error: HTTPSConnectionPool(host='api.twelvedata.com', port=443): Max retries exceeded with url: /time_serie
2026-02-18 03:37:54,990 | WARNING |   [ETN] TwelveData error: HTTPSConnectionPool(host='api.twelvedata.com', port=443): Max retries exceeded with url: /time_serie
2026-02-18 03:38:24,963 | WARNING |   [ETSY] TwelveData error: HTTPSConnectionPool(host='api.twelvedata.com', port=443): Max retries exceeded with url: /time_serie
2026-02-18 03:38:54,945 | WARNING |   [EW] TwelveData error: HTTPSConnectionPool(host='api.twelvedata.com', port=443): Max retries exceeded with url: /time_serie
2026-02-18 03:39:24,978 | WARNING |   [EXC] TwelveData error: HTTPSConnectionPool(host='api.twelvedata.com', port=443): Max retries exceeded with url: /time_serie
2026-02-18 03:39:54,882 | WARNING |   [F] TwelveData error: HTTPSConnectionPool(host='api.twelvedata.com', port=443): Max retries exceeded with url: /time_serie
2026-02-18 03:40:25,002 | WARNING |   [FANG] TwelveData error: HTTPSConnectionPool(host='api.twelvedata.com', port=443): Max retries exceeded with url: /time_serie
2026-02-18 03:40:25,002 | INFO |   Progress: 150/421 assets, 2 API calls
2026-02-18 03:40:54,942 | WARNING |   [FCX] TwelveData error: HTTPSConnectionPool(host='api.twelvedata.com', port=443): Max retries exceeded with url: /time_serie
2026-02-18 03:41:25,074 | WARNING |   [FDX] TwelveData error: HTTPSConnectionPool(host='api.twelvedata.com', port=443): Max retries exceeded with url: /time_serie
2026-02-18 03:41:55,319 | WARNING |   [FIVN] TwelveData error: HTTPSConnectionPool(host='api.twelvedata.com', port=443): Max retries exceeded with url: /time_serie
2026-02-18 03:42:25,504 | WARNING |   [FOX] TwelveData error: HTTPSConnectionPool(host='api.twelvedata.com', port=443): Max retries exceeded with url: /time_serie
2026-02-18 03:42:54,869 | WARNING |   [FRE.DE] TwelveData error: HTTPSConnectionPool(host='api.twelvedata.com', port=443): Max retries exceeded with url: /time_serie
2026-02-18 03:43:24,371 | WARNING |   [FRO.OL] TwelveData error: HTTPSConnectionPool(host='api.twelvedata.com', port=443): Max retries exceeded with url: /time_serie
2026-02-18 03:43:36,649 | WARNING |   [FTNT] TwelveData error: HTTPSConnectionPool(host='api.twelvedata.com', port=443): Max retries exceeded with url: /time_serie
2026-02-18 03:44:06,425 | WARNING |   [GD] TwelveData error: HTTPSConnectionPool(host='api.twelvedata.com', port=443): Max retries exceeded with url: /time_serie
2026-02-18 03:44:25,509 | WARNING |   [GE] TwelveData error: HTTPSConnectionPool(host='api.twelvedata.com', port=443): Max retries exceeded with url: /time_serie
2026-02-18 03:44:59,083 | WARNING |   [GILD] TwelveData error: HTTPSConnectionPool(host='api.twelvedata.com', port=443): Max retries exceeded with url: /time_serie
2026-02-18 03:45:25,509 | WARNING |   [GIS] TwelveData error: HTTPSConnectionPool(host='api.twelvedata.com', port=443): Max retries exceeded with url: /time_serie
2026-02-18 03:45:54,891 | WARNING |   [GJF.OL] TwelveData error: HTTPSConnectionPool(host='api.twelvedata.com', port=443): Max retries exceeded with url: /time_serie
2026-02-18 03:46:24,913 | WARNING |   [GLE.PA] TwelveData error: HTTPSConnectionPool(host='api.twelvedata.com', port=443): Max retries exceeded with url: /time_serie
2026-02-18 03:46:54,919 | WARNING |   [GLEN.L] TwelveData error: HTTPSConnectionPool(host='api.twelvedata.com', port=443): Max retries exceeded with url: /time_serie
2026-02-18 03:47:25,410 | WARNING |   [GM] TwelveData error: HTTPSConnectionPool(host='api.twelvedata.com', port=443): Max retries exceeded with url: /time_serie
2026-02-18 03:48:55,325 | WARNING |   [GOOG] TwelveData error: ('Connection aborted.', ConnectionResetError(10054, 'En eksisterende tilkobling ble tvangslukket av 
2026-02-18 03:49:24,623 | WARNING |   [GOOGL] TwelveData error: HTTPSConnectionPool(host='api.twelvedata.com', port=443): Max retries exceeded with url: /time_serie
2026-02-18 03:49:55,679 | WARNING |   [GS] TwelveData error: HTTPSConnectionPool(host='api.twelvedata.com', port=443): Max retries exceeded with url: /time_serie
2026-02-18 03:50:25,446 | WARNING |   [GSK.L] TwelveData error: HTTPSConnectionPool(host='api.twelvedata.com', port=443): Max retries exceeded with url: /time_serie
2026-02-18 03:50:54,929 | WARNING |   [HAFNI.OL] TwelveData error: HTTPSConnectionPool(host='api.twelvedata.com', port=443): Max retries exceeded with url: /time_serie
2026-02-18 03:51:24,961 | WARNING |   [HAL] TwelveData error: HTTPSConnectionPool(host='api.twelvedata.com', port=443): Max retries exceeded with url: /time_serie
2026-02-18 03:51:54,829 | WARNING |   [HD] TwelveData error: HTTPSConnectionPool(host='api.twelvedata.com', port=443): Max retries exceeded with url: /time_serie
2026-02-18 03:52:24,932 | WARNING |   [HEN3.DE] TwelveData error: HTTPSConnectionPool(host='api.twelvedata.com', port=443): Max retries exceeded with url: /time_serie
2026-02-18 03:52:54,955 | WARNING |   [HFG.DE] TwelveData error: HTTPSConnectionPool(host='api.twelvedata.com', port=443): Max retries exceeded with url: /time_serie
2026-02-18 03:53:25,453 | WARNING |   [HLT] TwelveData error: HTTPSConnectionPool(host='api.twelvedata.com', port=443): Max retries exceeded with url: /time_serie
2026-02-18 03:53:37,024 | WARNING |   [HNR1.DE] TwelveData error: HTTPSConnectionPool(host='api.twelvedata.com', port=443): Max retries exceeded with url: /time_serie
2026-02-18 03:54:25,463 | WARNING |   [HO.PA] TwelveData error: HTTPSConnectionPool(host='api.twelvedata.com', port=443): Max retries exceeded with url: /time_serie
2026-02-18 03:54:54,883 | WARNING |   [HON] TwelveData error: HTTPSConnectionPool(host='api.twelvedata.com', port=443): Max retries exceeded with url: /time_serie
2026-02-18 03:55:24,679 | WARNING |   [HSBA.L] TwelveData error: HTTPSConnectionPool(host='api.twelvedata.com', port=443): Max retries exceeded with url: /time_serie
2026-02-18 03:55:55,483 | WARNING |   [HSY] TwelveData error: HTTPSConnectionPool(host='api.twelvedata.com', port=443): Max retries exceeded with url: /time_serie
2026-02-18 03:56:55,272 | WARNING |   [HUBS] TwelveData error: ('Connection aborted.', ConnectionAbortedError(10053, 'En etablert tilkobling ble avbrutt av program
2026-02-18 03:57:24,969 | WARNING |   [HUM] TwelveData error: HTTPSConnectionPool(host='api.twelvedata.com', port=443): Max retries exceeded with url: /time_serie
2026-02-18 03:57:54,900 | WARNING |   [IAG.L] TwelveData error: HTTPSConnectionPool(host='api.twelvedata.com', port=443): Max retries exceeded with url: /time_serie
2026-02-18 03:58:23,935 | WARNING |   [ICE] TwelveData error: HTTPSConnectionPool(host='api.twelvedata.com', port=443): Max retries exceeded with url: /time_serie
2026-02-18 03:58:58,274 | WARNING |   [IFF] TwelveData error: HTTPSConnectionPool(host='api.twelvedata.com', port=443): Max retries exceeded with url: /time_serie
2026-02-18 03:59:25,531 | WARNING |   [IFX.DE] TwelveData error: HTTPSConnectionPool(host='api.twelvedata.com', port=443): Max retries exceeded with url: /time_serie
2026-02-18 04:00:55,476 | WARNING |   [III.L] TwelveData error: ('Connection aborted.', ConnectionResetError(10054, 'En eksisterende tilkobling ble tvangslukket av 
2026-02-18 04:01:24,970 | WARNING |   [INTC] TwelveData error: HTTPSConnectionPool(host='api.twelvedata.com', port=443): Max retries exceeded with url: /time_serie
2026-02-18 04:01:56,286 | WARNING |   [INTU] TwelveData error: HTTPSConnectionPool(host='api.twelvedata.com', port=443): Max retries exceeded with url: /time_serie
2026-02-18 04:02:55,108 | WARNING |   [ISRG] TwelveData error: ('Connection aborted.', ConnectionAbortedError(10053, 'En etablert tilkobling ble avbrutt av program
2026-02-18 04:03:24,818 | WARNING |   [ITW] TwelveData error: HTTPSConnectionPool(host='api.twelvedata.com', port=443): Max retries exceeded with url: /time_serie
2026-02-18 04:03:38,125 | INFO |   [IWM] +1 rows via TWELVEDATA
2026-02-18 04:04:07,423 | WARNING |   [JNJ] TwelveData error: HTTPSConnectionPool(host='api.twelvedata.com', port=443): Max retries exceeded with url: /time_serie
2026-02-18 04:04:26,071 | INFO |   [JPM] +1 rows via TWELVEDATA
2026-02-18 04:06:25,861 | WARNING |   [KHC] TwelveData error: ('Connection aborted.', ConnectionResetError(10054, 'En eksisterende tilkobling ble tvangslukket av 
2026-02-18 04:06:56,723 | WARNING |   [KID.OL] TwelveData error: HTTPSConnectionPool(host='api.twelvedata.com', port=443): Max retries exceeded with url: /time_serie
2026-02-18 04:07:25,474 | WARNING |   [KLAC] TwelveData error: HTTPSConnectionPool(host='api.twelvedata.com', port=443): Max retries exceeded with url: /time_serie
2026-02-18 04:07:54,945 | WARNING |   [KMB] TwelveData error: HTTPSConnectionPool(host='api.twelvedata.com', port=443): Max retries exceeded with url: /time_serie
2026-02-18 04:08:24,956 | WARNING |   [KMI] TwelveData error: HTTPSConnectionPool(host='api.twelvedata.com', port=443): Max retries exceeded with url: /time_serie
2026-02-18 04:08:24,956 | INFO |   Progress: 200/421 assets, 5 API calls
2026-02-18 04:08:59,640 | WARNING |   [KO] TwelveData error: HTTPSConnectionPool(host='api.twelvedata.com', port=443): Max retries exceeded with url: /time_serie
2026-02-18 04:09:25,471 | WARNING |   [KOG.OL] TwelveData error: HTTPSConnectionPool(host='api.twelvedata.com', port=443): Max retries exceeded with url: /time_serie
2026-02-18 04:09:54,867 | WARNING |   [KR] TwelveData error: HTTPSConnectionPool(host='api.twelvedata.com', port=443): Max retries exceeded with url: /time_serie
2026-02-18 04:10:24,905 | WARNING |   [LCID] TwelveData error: HTTPSConnectionPool(host='api.twelvedata.com', port=443): Max retries exceeded with url: /time_serie
2026-02-18 04:10:54,942 | WARNING |   [LEN] TwelveData error: HTTPSConnectionPool(host='api.twelvedata.com', port=443): Max retries exceeded with url: /time_serie
2026-02-18 04:11:25,491 | WARNING |   [LGEN.L] TwelveData error: HTTPSConnectionPool(host='api.twelvedata.com', port=443): Max retries exceeded with url: /time_serie
2026-02-18 04:12:54,911 | WARNING |   [LHX] TwelveData error: HTTPSConnectionPool(host='api.twelvedata.com', port=443): Max retries exceeded with url: /time_serie
2026-02-18 04:13:24,149 | WARNING |   [LIN] TwelveData error: HTTPSConnectionPool(host='api.twelvedata.com', port=443): Max retries exceeded with url: /time_serie
2026-02-18 04:14:07,297 | WARNING |   [LLY] TwelveData error: HTTPSConnectionPool(host='api.twelvedata.com', port=443): Max retries exceeded with url: /time_serie
2026-02-18 04:14:25,531 | WARNING |   [LMT] TwelveData error: HTTPSConnectionPool(host='api.twelvedata.com', port=443): Max retries exceeded with url: /time_serie
2026-02-18 04:14:54,975 | WARNING |   [LOW] TwelveData error: HTTPSConnectionPool(host='api.twelvedata.com', port=443): Max retries exceeded with url: /time_serie
2026-02-18 04:15:24,997 | WARNING |   [LR.PA] TwelveData error: HTTPSConnectionPool(host='api.twelvedata.com', port=443): Max retries exceeded with url: /time_serie
2026-02-18 04:15:54,995 | WARNING |   [LRCX] TwelveData error: HTTPSConnectionPool(host='api.twelvedata.com', port=443): Max retries exceeded with url: /time_serie
2026-02-18 04:16:24,961 | WARNING |   [LSG.OL] TwelveData error: HTTPSConnectionPool(host='api.twelvedata.com', port=443): Max retries exceeded with url: /time_serie
2026-02-18 04:16:54,779 | WARNING |   [LULU] TwelveData error: HTTPSConnectionPool(host='api.twelvedata.com', port=443): Max retries exceeded with url: /time_serie
2026-02-18 04:17:25,429 | WARNING |   [LUV] TwelveData error: HTTPSConnectionPool(host='api.twelvedata.com', port=443): Max retries exceeded with url: /time_serie
2026-02-18 04:18:25,432 | WARNING |   [LYFT] TwelveData error: HTTPSConnectionPool(host='api.twelvedata.com', port=443): Max retries exceeded with url: /time_serie
2026-02-18 04:18:54,655 | WARNING |   [LYV] TwelveData error: HTTPSConnectionPool(host='api.twelvedata.com', port=443): Max retries exceeded with url: /time_serie
2026-02-18 04:19:23,886 | WARNING |   [MA] TwelveData error: HTTPSConnectionPool(host='api.twelvedata.com', port=443): Max retries exceeded with url: /time_serie
2026-02-18 04:19:54,787 | WARNING |   [MAR] TwelveData error: HTTPSConnectionPool(host='api.twelvedata.com', port=443): Max retries exceeded with url: /time_serie
2026-02-18 04:20:24,929 | WARNING |   [MBG.DE] TwelveData error: HTTPSConnectionPool(host='api.twelvedata.com', port=443): Max retries exceeded with url: /time_serie
2026-02-18 04:20:54,850 | WARNING |   [MC.PA] TwelveData error: HTTPSConnectionPool(host='api.twelvedata.com', port=443): Max retries exceeded with url: /time_serie
2026-02-18 04:21:24,929 | WARNING |   [MCD] TwelveData error: HTTPSConnectionPool(host='api.twelvedata.com', port=443): Max retries exceeded with url: /time_serie
