2026-01-18 23:05:03,388 | INFO | ======================================================================
2026-01-18 23:05:03,388 | INFO | IoS-001 BULLETPROOF DAILY PRICE INGEST
2026-01-18 23:05:03,388 | INFO | ======================================================================
2026-01-18 23:05:03,388 | INFO | CEO Directive: CD-IOS-001-DAILY-INGEST-BULLETPROOF-001
2026-01-18 23:05:03,388 | INFO | Executor: STIG (EC-003)
2026-01-18 23:05:03,388 | INFO | Time: 2026-01-18T22:05:03.388618+00:00
2026-01-18 23:05:03,388 | INFO | Asset Class Filter: CRYPTO
2026-01-18 23:05:03,388 | INFO | Dry Run: False
2026-01-18 23:05:03,388 | INFO | Canonical Source: fhq_market.prices (ONLY)
2026-01-18 23:05:03,388 | INFO | ======================================================================
2026-01-18 23:05:03,470 | INFO | Found 46 canonical assets
2026-01-18 23:05:03,972 | INFO | ============================================================
2026-01-18 23:05:03,972 | INFO | ATTEMPTING ALPACA INGEST (Primary Provider)
2026-01-18 23:05:03,972 | INFO | Assets: 46, Rate limit: 200/min
2026-01-18 23:05:03,972 | INFO | ============================================================
2026-01-18 23:05:03,983 | INFO |   [ADA-USD] Stale (22.1h > 6h) - fetching
2026-01-18 23:05:04,935 | WARNING |   [ADA-USD] No data from Alpaca (STALE)
2026-01-18 23:05:05,437 | INFO |   [ALGO-USD] Stale (22.1h > 6h) - fetching
2026-01-18 23:05:05,558 | WARNING |   [ALGO-USD] No data from Alpaca (STALE)
2026-01-18 23:05:06,066 | INFO |   [ATOM-USD] Stale (22.1h > 6h) - fetching
2026-01-18 23:05:06,192 | WARNING |   [ATOM-USD] No data from Alpaca (STALE)
2026-01-18 23:05:06,695 | INFO |   [AVAX-USD] Stale (22.1h > 6h) - fetching
2026-01-18 23:05:06,879 | WARNING |   VOLUME SANITY REJECT: AVAX-USD 2026-01-17 23:00:00 volume=0.89 < threshold=1000 (source=ALPACA)
2026-01-18 23:05:06,890 | WARNING |   VOLUME SANITY REJECT: AVAX-USD 2026-01-18 00:00:00 volume=0.00 < threshold=1000 (source=ALPACA)
2026-01-18 23:05:06,890 | WARNING |   VOLUME SANITY REJECT: AVAX-USD 2026-01-18 01:00:00 volume=0.61 < threshold=1000 (source=ALPACA)
2026-01-18 23:05:06,890 | WARNING |   VOLUME SANITY REJECT: AVAX-USD 2026-01-18 02:00:00 volume=18.51 < threshold=1000 (source=ALPACA)
2026-01-18 23:05:06,890 | WARNING |   VOLUME SANITY REJECT: AVAX-USD 2026-01-18 03:00:00 volume=2.20 < threshold=1000 (source=ALPACA)
2026-01-18 23:05:06,890 | WARNING |   VOLUME SANITY REJECT: AVAX-USD 2026-01-18 04:00:00 volume=8.29 < threshold=1000 (source=ALPACA)
2026-01-18 23:05:06,890 | WARNING |   VOLUME SANITY REJECT: AVAX-USD 2026-01-18 05:00:00 volume=0.00 < threshold=1000 (source=ALPACA)
2026-01-18 23:05:06,900 | WARNING |   VOLUME SANITY REJECT: AVAX-USD 2026-01-18 06:00:00 volume=0.00 < threshold=1000 (source=ALPACA)
2026-01-18 23:05:06,900 | WARNING |   VOLUME SANITY REJECT: AVAX-USD 2026-01-18 07:00:00 volume=1.73 < threshold=1000 (source=ALPACA)
2026-01-18 23:05:06,903 | WARNING |   VOLUME SANITY REJECT: AVAX-USD 2026-01-18 08:00:00 volume=0.42 < threshold=1000 (source=ALPACA)
2026-01-18 23:05:06,913 | WARNING |   VOLUME SANITY REJECT: AVAX-USD 2026-01-18 09:00:00 volume=3.01 < threshold=1000 (source=ALPACA)
2026-01-18 23:05:06,915 | WARNING |   VOLUME SANITY REJECT: AVAX-USD 2026-01-18 10:00:00 volume=17.70 < threshold=1000 (source=ALPACA)
2026-01-18 23:05:06,919 | WARNING |   VOLUME SANITY REJECT: AVAX-USD 2026-01-18 11:00:00 volume=0.00 < threshold=1000 (source=ALPACA)
2026-01-18 23:05:06,924 | WARNING |   VOLUME SANITY REJECT: AVAX-USD 2026-01-18 12:00:00 volume=0.00 < threshold=1000 (source=ALPACA)
2026-01-18 23:05:06,928 | WARNING |   VOLUME SANITY REJECT: AVAX-USD 2026-01-18 13:00:00 volume=0.00 < threshold=1000 (source=ALPACA)
2026-01-18 23:05:06,929 | WARNING |   VOLUME SANITY REJECT: AVAX-USD 2026-01-18 14:00:00 volume=8.87 < threshold=1000 (source=ALPACA)
2026-01-18 23:05:06,931 | WARNING |   VOLUME SANITY REJECT: AVAX-USD 2026-01-18 15:00:00 volume=8.77 < threshold=1000 (source=ALPACA)
2026-01-18 23:05:06,932 | WARNING |   VOLUME SANITY REJECT: AVAX-USD 2026-01-18 16:00:00 volume=9.02 < threshold=1000 (source=ALPACA)
2026-01-18 23:05:06,932 | WARNING |   VOLUME SANITY REJECT: AVAX-USD 2026-01-18 17:00:00 volume=8.13 < threshold=1000 (source=ALPACA)
2026-01-18 23:05:06,932 | WARNING |   VOLUME SANITY REJECT: AVAX-USD 2026-01-18 18:00:00 volume=0.00 < threshold=1000 (source=ALPACA)
2026-01-18 23:05:06,932 | WARNING |   VOLUME SANITY REJECT: AVAX-USD 2026-01-18 19:00:00 volume=0.00 < threshold=1000 (source=ALPACA)
2026-01-18 23:05:06,932 | WARNING |   VOLUME SANITY REJECT: AVAX-USD 2026-01-18 20:00:00 volume=0.00 < threshold=1000 (source=ALPACA)
2026-01-18 23:05:06,932 | WARNING |   VOLUME SANITY REJECT: AVAX-USD 2026-01-18 21:00:00 volume=0.20 < threshold=1000 (source=ALPACA)
2026-01-18 23:05:06,932 | WARNING |   [AVAX-USD] ALL 23 rows REJECTED by volume sanity check (source=ALPACA)
2026-01-18 23:05:06,942 | WARNING |   [AVAX-USD] 0 rows written despite 23 bars received
2026-01-18 23:05:07,461 | INFO |   [AXS-USD] Stale (22.1h > 6h) - fetching
2026-01-18 23:05:07,595 | WARNING |   [AXS-USD] No data from Alpaca (STALE)
2026-01-18 23:05:08,103 | INFO |   [BCH-USD] Stale (22.1h > 6h) - fetching
2026-01-18 23:05:08,235 | WARNING |   VOLUME SANITY REJECT: BCH-USD 2026-01-17 23:00:00 volume=0.00 < threshold=1000 (source=ALPACA)
2026-01-18 23:05:08,235 | WARNING |   VOLUME SANITY REJECT: BCH-USD 2026-01-18 00:00:00 volume=0.00 < threshold=1000 (source=ALPACA)
2026-01-18 23:05:08,235 | WARNING |   VOLUME SANITY REJECT: BCH-USD 2026-01-18 01:00:00 volume=0.00 < threshold=1000 (source=ALPACA)
2026-01-18 23:05:08,235 | WARNING |   VOLUME SANITY REJECT: BCH-USD 2026-01-18 02:00:00 volume=0.03 < threshold=1000 (source=ALPACA)
2026-01-18 23:05:08,235 | WARNING |   VOLUME SANITY REJECT: BCH-USD 2026-01-18 03:00:00 volume=0.00 < threshold=1000 (source=ALPACA)
2026-01-18 23:05:08,235 | WARNING |   VOLUME SANITY REJECT: BCH-USD 2026-01-18 04:00:00 volume=0.18 < threshold=1000 (source=ALPACA)
2026-01-18 23:05:08,247 | WARNING |   VOLUME SANITY REJECT: BCH-USD 2026-01-18 05:00:00 volume=0.01 < threshold=1000 (source=ALPACA)
2026-01-18 23:05:08,247 | WARNING |   VOLUME SANITY REJECT: BCH-USD 2026-01-18 06:00:00 volume=0.00 < threshold=1000 (source=ALPACA)
2026-01-18 23:05:08,247 | WARNING |   VOLUME SANITY REJECT: BCH-USD 2026-01-18 07:00:00 volume=0.01 < threshold=1000 (source=ALPACA)
2026-01-18 23:05:08,247 | WARNING |   VOLUME SANITY REJECT: BCH-USD 2026-01-18 08:00:00 volume=0.00 < threshold=1000 (source=ALPACA)
2026-01-18 23:05:08,247 | WARNING |   VOLUME SANITY REJECT: BCH-USD 2026-01-18 09:00:00 volume=0.00 < threshold=1000 (source=ALPACA)
2026-01-18 23:05:08,247 | WARNING |   VOLUME SANITY REJECT: BCH-USD 2026-01-18 10:00:00 volume=0.00 < threshold=1000 (source=ALPACA)
2026-01-18 23:05:08,256 | WARNING |   VOLUME SANITY REJECT: BCH-USD 2026-01-18 11:00:00 volume=0.00 < threshold=1000 (source=ALPACA)
2026-01-18 23:05:08,256 | WARNING |   VOLUME SANITY REJECT: BCH-USD 2026-01-18 12:00:00 volume=0.02 < threshold=1000 (source=ALPACA)
2026-01-18 23:05:08,256 | WARNING |   VOLUME SANITY REJECT: BCH-USD 2026-01-18 13:00:00 volume=0.01 < threshold=1000 (source=ALPACA)
2026-01-18 23:05:08,256 | WARNING |   VOLUME SANITY REJECT: BCH-USD 2026-01-18 14:00:00 volume=0.00 < threshold=1000 (source=ALPACA)
2026-01-18 23:05:08,256 | WARNING |   VOLUME SANITY REJECT: BCH-USD 2026-01-18 15:00:00 volume=0.04 < threshold=1000 (source=ALPACA)
2026-01-18 23:05:08,256 | WARNING |   VOLUME SANITY REJECT: BCH-USD 2026-01-18 16:00:00 volume=0.02 < threshold=1000 (source=ALPACA)
2026-01-18 23:05:08,256 | WARNING |   VOLUME SANITY REJECT: BCH-USD 2026-01-18 17:00:00 volume=0.00 < threshold=1000 (source=ALPACA)
2026-01-18 23:05:08,267 | WARNING |   VOLUME SANITY REJECT: BCH-USD 2026-01-18 18:00:00 volume=0.03 < threshold=1000 (source=ALPACA)
2026-01-18 23:05:08,267 | WARNING |   VOLUME SANITY REJECT: BCH-USD 2026-01-18 19:00:00 volume=0.00 < threshold=1000 (source=ALPACA)
2026-01-18 23:05:08,267 | WARNING |   VOLUME SANITY REJECT: BCH-USD 2026-01-18 20:00:00 volume=0.00 < threshold=1000 (source=ALPACA)
2026-01-18 23:05:08,267 | WARNING |   VOLUME SANITY REJECT: BCH-USD 2026-01-18 21:00:00 volume=0.01 < threshold=1000 (source=ALPACA)
2026-01-18 23:05:08,267 | WARNING |   VOLUME SANITY REJECT: BCH-USD 2026-01-18 22:00:00 volume=0.00 < threshold=1000 (source=ALPACA)
2026-01-18 23:05:08,267 | WARNING |   [BCH-USD] ALL 24 rows REJECTED by volume sanity check (source=ALPACA)
2026-01-18 23:05:08,267 | WARNING |   [BCH-USD] 0 rows written despite 24 bars received
2026-01-18 23:05:08,774 | INFO |   [BNB-USD] Stale (22.1h > 6h) - fetching
2026-01-18 23:05:08,892 | WARNING |   [BNB-USD] No data from Alpaca (STALE)
2026-01-18 23:05:09,400 | INFO |   [BTC-USD] Stale (22.1h > 6h) - fetching
2026-01-18 23:05:09,533 | WARNING |   VOLUME SANITY REJECT: BTC-USD 2026-01-17 23:00:00 volume=0.00 < threshold=1000 (source=ALPACA)
2026-01-18 23:05:09,533 | WARNING |   VOLUME SANITY REJECT: BTC-USD 2026-01-18 00:00:00 volume=0.02 < threshold=1000 (source=ALPACA)
2026-01-18 23:05:09,543 | WARNING |   VOLUME SANITY REJECT: BTC-USD 2026-01-18 01:00:00 volume=0.00 < threshold=1000 (source=ALPACA)
2026-01-18 23:05:09,543 | WARNING |   VOLUME SANITY REJECT: BTC-USD 2026-01-18 02:00:00 volume=0.02 < threshold=1000 (source=ALPACA)
2026-01-18 23:05:09,543 | WARNING |   VOLUME SANITY REJECT: BTC-USD 2026-01-18 03:00:00 volume=0.00 < threshold=1000 (source=ALPACA)
2026-01-18 23:05:09,543 | WARNING |   VOLUME SANITY REJECT: BTC-USD 2026-01-18 04:00:00 volume=0.01 < threshold=1000 (source=ALPACA)
2026-01-18 23:05:09,543 | WARNING |   VOLUME SANITY REJECT: BTC-USD 2026-01-18 05:00:00 volume=0.02 < threshold=1000 (source=ALPACA)
2026-01-18 23:05:09,553 | WARNING |   VOLUME SANITY REJECT: BTC-USD 2026-01-18 06:00:00 volume=0.00 < threshold=1000 (source=ALPACA)
2026-01-18 23:05:09,553 | WARNING |   VOLUME SANITY REJECT: BTC-USD 2026-01-18 07:00:00 volume=0.00 < threshold=1000 (source=ALPACA)
2026-01-18 23:05:09,553 | WARNING |   VOLUME SANITY REJECT: BTC-USD 2026-01-18 08:00:00 volume=0.01 < threshold=1000 (source=ALPACA)
2026-01-18 23:05:09,553 | WARNING |   VOLUME SANITY REJECT: BTC-USD 2026-01-18 09:00:00 volume=0.02 < threshold=1000 (source=ALPACA)
2026-01-18 23:05:09,553 | WARNING |   VOLUME SANITY REJECT: BTC-USD 2026-01-18 10:00:00 volume=0.02 < threshold=1000 (source=ALPACA)
2026-01-18 23:05:09,553 | WARNING |   VOLUME SANITY REJECT: BTC-USD 2026-01-18 11:00:00 volume=0.01 < threshold=1000 (source=ALPACA)
2026-01-18 23:05:09,553 | WARNING |   VOLUME SANITY REJECT: BTC-USD 2026-01-18 12:00:00 volume=0.01 < threshold=1000 (source=ALPACA)
2026-01-18 23:05:09,564 | WARNING |   VOLUME SANITY REJECT: BTC-USD 2026-01-18 13:00:00 volume=0.00 < threshold=1000 (source=ALPACA)
2026-01-18 23:05:09,564 | WARNING |   VOLUME SANITY REJECT: BTC-USD 2026-01-18 14:00:00 volume=0.00 < threshold=1000 (source=ALPACA)
2026-01-18 23:05:09,564 | WARNING |   VOLUME SANITY REJECT: BTC-USD 2026-01-18 15:00:00 volume=0.09 < threshold=1000 (source=ALPACA)
2026-01-18 23:05:09,564 | WARNING |   VOLUME SANITY REJECT: BTC-USD 2026-01-18 16:00:00 volume=0.03 < threshold=1000 (source=ALPACA)
2026-01-18 23:05:09,564 | WARNING |   VOLUME SANITY REJECT: BTC-USD 2026-01-18 17:00:00 volume=0.01 < threshold=1000 (source=ALPACA)
2026-01-18 23:05:09,564 | WARNING |   VOLUME SANITY REJECT: BTC-USD 2026-01-18 18:00:00 volume=0.01 < threshold=1000 (source=ALPACA)
2026-01-18 23:05:09,564 | WARNING |   VOLUME SANITY REJECT: BTC-USD 2026-01-18 19:00:00 volume=0.02 < threshold=1000 (source=ALPACA)
2026-01-18 23:05:09,574 | WARNING |   VOLUME SANITY REJECT: BTC-USD 2026-01-18 20:00:00 volume=0.05 < threshold=1000 (source=ALPACA)
2026-01-18 23:05:09,574 | WARNING |   VOLUME SANITY REJECT: BTC-USD 2026-01-18 21:00:00 volume=0.00 < threshold=1000 (source=ALPACA)
2026-01-18 23:05:09,574 | WARNING |   VOLUME SANITY REJECT: BTC-USD 2026-01-18 22:00:00 volume=0.00 < threshold=1000 (source=ALPACA)
2026-01-18 23:05:09,574 | WARNING |   [BTC-USD] ALL 24 rows REJECTED by volume sanity check (source=ALPACA)
2026-01-18 23:05:09,574 | WARNING |   [BTC-USD] 0 rows written despite 24 bars received
2026-01-18 23:05:10,081 | INFO |   [CHZ-USD] Stale (22.1h > 6h) - fetching
2026-01-18 23:05:10,210 | WARNING |   [CHZ-USD] No data from Alpaca (STALE)
2026-01-18 23:05:10,723 | INFO |   [CRO-USD] Stale (22.1h > 6h) - fetching
2026-01-18 23:05:10,848 | WARNING |   [CRO-USD] No data from Alpaca (STALE)
2026-01-18 23:05:11,359 | INFO |   [CRV-USD] Stale (22.1h > 6h) - fetching
2026-01-18 23:05:11,507 | WARNING |   VOLUME SANITY REJECT: CRV-USD 2026-01-17 23:00:00 volume=0.00 < threshold=1000 (source=ALPACA)
2026-01-18 23:05:11,507 | WARNING |   VOLUME SANITY REJECT: CRV-USD 2026-01-18 00:00:00 volume=0.00 < threshold=1000 (source=ALPACA)
2026-01-18 23:05:11,507 | WARNING |   VOLUME SANITY REJECT: CRV-USD 2026-01-18 01:00:00 volume=0.00 < threshold=1000 (source=ALPACA)
2026-01-18 23:05:11,507 | WARNING |   VOLUME SANITY REJECT: CRV-USD 2026-01-18 02:00:00 volume=0.00 < threshold=1000 (source=ALPACA)
2026-01-18 23:05:11,507 | WARNING |   VOLUME SANITY REJECT: CRV-USD 2026-01-18 04:00:00 volume=0.00 < threshold=1000 (source=ALPACA)
2026-01-18 23:05:11,518 | WARNING |   VOLUME SANITY REJECT: CRV-USD 2026-01-18 05:00:00 volume=109.31 < threshold=1000 (source=ALPACA)
2026-01-18 23:05:11,518 | WARNING |   VOLUME SANITY REJECT: CRV-USD 2026-01-18 06:00:00 volume=0.00 < threshold=1000 (source=ALPACA)
2026-01-18 23:05:11,518 | WARNING |   VOLUME SANITY REJECT: CRV-USD 2026-01-18 07:00:00 volume=0.00 < threshold=1000 (source=ALPACA)
2026-01-18 23:05:11,518 | WARNING |   VOLUME SANITY REJECT: CRV-USD 2026-01-18 08:00:00 volume=12.51 < threshold=1000 (source=ALPACA)
2026-01-18 23:05:11,518 | WARNING |   VOLUME SANITY REJECT: CRV-USD 2026-01-18 09:00:00 volume=99.46 < threshold=1000 (source=ALPACA)
2026-01-18 23:05:11,518 | WARNING |   VOLUME SANITY REJECT: CRV-USD 2026-01-18 10:00:00 volume=229.21 < threshold=1000 (source=ALPACA)
2026-01-18 23:05:11,518 | WARNING |   VOLUME SANITY REJECT: CRV-USD 2026-01-18 11:00:00 volume=0.00 < threshold=1000 (source=ALPACA)
2026-01-18 23:05:11,528 | WARNING |   VOLUME SANITY REJECT: CRV-USD 2026-01-18 12:00:00 volume=0.00 < threshold=1000 (source=ALPACA)
2026-01-18 23:05:11,528 | WARNING |   VOLUME SANITY REJECT: CRV-USD 2026-01-18 13:00:00 volume=0.00 < threshold=1000 (source=ALPACA)
2026-01-18 23:05:11,528 | WARNING |   VOLUME SANITY REJECT: CRV-USD 2026-01-18 14:00:00 volume=0.00 < threshold=1000 (source=ALPACA)
2026-01-18 23:05:11,528 | WARNING |   VOLUME SANITY REJECT: CRV-USD 2026-01-18 15:00:00 volume=0.00 < threshold=1000 (source=ALPACA)
2026-01-18 23:05:11,528 | WARNING |   VOLUME SANITY REJECT: CRV-USD 2026-01-18 16:00:00 volume=0.00 < threshold=1000 (source=ALPACA)
2026-01-18 23:05:11,528 | WARNING |   VOLUME SANITY REJECT: CRV-USD 2026-01-18 17:00:00 volume=0.00 < threshold=1000 (source=ALPACA)
2026-01-18 23:05:11,528 | WARNING |   VOLUME SANITY REJECT: CRV-USD 2026-01-18 18:00:00 volume=0.00 < threshold=1000 (source=ALPACA)
2026-01-18 23:05:11,538 | WARNING |   VOLUME SANITY REJECT: CRV-USD 2026-01-18 19:00:00 volume=0.00 < threshold=1000 (source=ALPACA)
2026-01-18 23:05:11,538 | WARNING |   VOLUME SANITY REJECT: CRV-USD 2026-01-18 20:00:00 volume=6.60 < threshold=1000 (source=ALPACA)
2026-01-18 23:05:11,538 | WARNING |   VOLUME SANITY REJECT: CRV-USD 2026-01-18 21:00:00 volume=44.10 < threshold=1000 (source=ALPACA)
2026-01-18 23:05:11,538 | WARNING |   VOLUME SANITY REJECT: CRV-USD 2026-01-18 22:00:00 volume=0.00 < threshold=1000 (source=ALPACA)
2026-01-18 23:05:11,559 | WARNING |   [CRV-USD] 23 rows REJECTED by volume sanity, 1 rows INSERTED (source=ALPACA)
2026-01-18 23:05:11,559 | INFO |   [CRV-USD] +1 rows via ALPACA (latest: 2026-01-18 22:00:00+00:00)
2026-01-18 23:05:12,064 | INFO |   [DOGE-USD] Stale (22.1h > 6h) - fetching
2026-01-18 23:05:12,195 | WARNING |   VOLUME SANITY REJECT: DOGE-USD 2026-01-17 23:00:00 volume=0.00 < threshold=1000 (source=ALPACA)
2026-01-18 23:05:12,195 | WARNING |   VOLUME SANITY REJECT: DOGE-USD 2026-01-18 00:00:00 volume=0.00 < threshold=1000 (source=ALPACA)
2026-01-18 23:05:12,195 | WARNING |   VOLUME SANITY REJECT: DOGE-USD 2026-01-18 01:00:00 volume=0.00 < threshold=1000 (source=ALPACA)
2026-01-18 23:05:12,195 | WARNING |   VOLUME SANITY REJECT: DOGE-USD 2026-01-18 03:00:00 volume=202.21 < threshold=1000 (source=ALPACA)
2026-01-18 23:05:12,195 | WARNING |   VOLUME SANITY REJECT: DOGE-USD 2026-01-18 04:00:00 volume=84.30 < threshold=1000 (source=ALPACA)
2026-01-18 23:05:12,195 | WARNING |   VOLUME SANITY REJECT: DOGE-USD 2026-01-18 08:00:00 volume=0.00 < threshold=1000 (source=ALPACA)
2026-01-18 23:05:12,195 | WARNING |   VOLUME SANITY REJECT: DOGE-USD 2026-01-18 09:00:00 volume=34.66 < threshold=1000 (source=ALPACA)
2026-01-18 23:05:12,195 | WARNING |   VOLUME SANITY REJECT: DOGE-USD 2026-01-18 10:00:00 volume=32.62 < threshold=1000 (source=ALPACA)
2026-01-18 23:05:12,195 | WARNING |   VOLUME SANITY REJECT: DOGE-USD 2026-01-18 11:00:00 volume=230.00 < threshold=1000 (source=ALPACA)
2026-01-18 23:05:12,195 | WARNING |   VOLUME SANITY REJECT: DOGE-USD 2026-01-18 13:00:00 volume=0.00 < threshold=1000 (source=ALPACA)
2026-01-18 23:05:12,195 | WARNING |   VOLUME SANITY REJECT: DOGE-USD 2026-01-18 14:00:00 volume=0.00 < threshold=1000 (source=ALPACA)
2026-01-18 23:05:12,195 | WARNING |   VOLUME SANITY REJECT: DOGE-USD 2026-01-18 15:00:00 volume=0.00 < threshold=1000 (source=ALPACA)
2026-01-18 23:05:12,205 | WARNING |   VOLUME SANITY REJECT: DOGE-USD 2026-01-18 17:00:00 volume=63.00 < threshold=1000 (source=ALPACA)
2026-01-18 23:05:12,205 | WARNING |   VOLUME SANITY REJECT: DOGE-USD 2026-01-18 18:00:00 volume=62.84 < threshold=1000 (source=ALPACA)
2026-01-18 23:05:12,206 | WARNING |   VOLUME SANITY REJECT: DOGE-USD 2026-01-18 19:00:00 volume=40.62 < threshold=1000 (source=ALPACA)
2026-01-18 23:05:12,206 | WARNING |   VOLUME SANITY REJECT: DOGE-USD 2026-01-18 21:00:00 volume=33.35 < threshold=1000 (source=ALPACA)
2026-01-18 23:05:12,206 | WARNING |   VOLUME SANITY REJECT: DOGE-USD 2026-01-18 22:00:00 volume=0.00 < threshold=1000 (source=ALPACA)
2026-01-18 23:05:12,215 | WARNING |   [DOGE-USD] 17 rows REJECTED by volume sanity, 7 rows INSERTED (source=ALPACA)
2026-01-18 23:05:12,215 | INFO |   [DOGE-USD] +7 rows via ALPACA (latest: 2026-01-18 22:00:00+00:00)
2026-01-18 23:05:12,718 | INFO |   [DOT-USD] Stale (22.1h > 6h) - fetching
2026-01-18 23:05:12,856 | WARNING |   VOLUME SANITY REJECT: DOT-USD 2026-01-17 23:00:00 volume=8.99 < threshold=1000 (source=ALPACA)
2026-01-18 23:05:12,856 | WARNING |   VOLUME SANITY REJECT: DOT-USD 2026-01-18 00:00:00 volume=6.88 < threshold=1000 (source=ALPACA)
2026-01-18 23:05:12,856 | WARNING |   VOLUME SANITY REJECT: DOT-USD 2026-01-18 01:00:00 volume=1.00 < threshold=1000 (source=ALPACA)
2026-01-18 23:05:12,856 | WARNING |   VOLUME SANITY REJECT: DOT-USD 2026-01-18 02:00:00 volume=0.00 < threshold=1000 (source=ALPACA)
2026-01-18 23:05:12,856 | WARNING |   VOLUME SANITY REJECT: DOT-USD 2026-01-18 03:00:00 volume=9.33 < threshold=1000 (source=ALPACA)
2026-01-18 23:05:12,866 | WARNING |   VOLUME SANITY REJECT: DOT-USD 2026-01-18 04:00:00 volume=40.20 < threshold=1000 (source=ALPACA)
2026-01-18 23:05:12,866 | WARNING |   VOLUME SANITY REJECT: DOT-USD 2026-01-18 05:00:00 volume=6.36 < threshold=1000 (source=ALPACA)
2026-01-18 23:05:12,866 | WARNING |   VOLUME SANITY REJECT: DOT-USD 2026-01-18 06:00:00 volume=0.00 < threshold=1000 (source=ALPACA)
2026-01-18 23:05:12,866 | WARNING |   VOLUME SANITY REJECT: DOT-USD 2026-01-18 07:00:00 volume=2.23 < threshold=1000 (source=ALPACA)
2026-01-18 23:05:12,866 | WARNING |   VOLUME SANITY REJECT: DOT-USD 2026-01-18 08:00:00 volume=47.91 < threshold=1000 (source=ALPACA)
2026-01-18 23:05:12,866 | WARNING |   VOLUME SANITY REJECT: DOT-USD 2026-01-18 09:00:00 volume=20.76 < threshold=1000 (source=ALPACA)
2026-01-18 23:05:12,877 | WARNING |   VOLUME SANITY REJECT: DOT-USD 2026-01-18 10:00:00 volume=165.64 < threshold=1000 (source=ALPACA)
2026-01-18 23:05:12,877 | WARNING |   VOLUME SANITY REJECT: DOT-USD 2026-01-18 11:00:00 volume=6.97 < threshold=1000 (source=ALPACA)
2026-01-18 23:05:12,877 | WARNING |   VOLUME SANITY REJECT: DOT-USD 2026-01-18 12:00:00 volume=2.28 < threshold=1000 (source=ALPACA)
2026-01-18 23:05:12,877 | WARNING |   VOLUME SANITY REJECT: DOT-USD 2026-01-18 13:00:00 volume=2.26 < threshold=1000 (source=ALPACA)
2026-01-18 23:05:12,877 | WARNING |   VOLUME SANITY REJECT: DOT-USD 2026-01-18 14:00:00 volume=56.18 < threshold=1000 (source=ALPACA)
2026-01-18 23:05:12,877 | WARNING |   VOLUME SANITY REJECT: DOT-USD 2026-01-18 15:00:00 volume=68.01 < threshold=1000 (source=ALPACA)
2026-01-18 23:05:12,877 | WARNING |   VOLUME SANITY REJECT: DOT-USD 2026-01-18 16:00:00 volume=3.43 < threshold=1000 (source=ALPACA)
2026-01-18 23:05:12,888 | WARNING |   VOLUME SANITY REJECT: DOT-USD 2026-01-18 17:00:00 volume=1.31 < threshold=1000 (source=ALPACA)
2026-01-18 23:05:12,888 | WARNING |   VOLUME SANITY REJECT: DOT-USD 2026-01-18 18:00:00 volume=0.00 < threshold=1000 (source=ALPACA)
2026-01-18 23:05:12,888 | WARNING |   VOLUME SANITY REJECT: DOT-USD 2026-01-18 19:00:00 volume=0.00 < threshold=1000 (source=ALPACA)
2026-01-18 23:05:12,888 | WARNING |   VOLUME SANITY REJECT: DOT-USD 2026-01-18 20:00:00 volume=0.00 < threshold=1000 (source=ALPACA)
2026-01-18 23:05:12,888 | WARNING |   VOLUME SANITY REJECT: DOT-USD 2026-01-18 21:00:00 volume=1.13 < threshold=1000 (source=ALPACA)
2026-01-18 23:05:12,888 | WARNING |   VOLUME SANITY REJECT: DOT-USD 2026-01-18 22:00:00 volume=0.00 < threshold=1000 (source=ALPACA)
2026-01-18 23:05:12,888 | WARNING |   [DOT-USD] ALL 24 rows REJECTED by volume sanity check (source=ALPACA)
2026-01-18 23:05:12,888 | WARNING |   [DOT-USD] 0 rows written despite 24 bars received
2026-01-18 23:05:13,410 | INFO |   [EOS-USD] Stale (22.1h > 6h) - fetching
2026-01-18 23:05:13,537 | WARNING |   [EOS-USD] No data from Alpaca (STALE)
2026-01-18 23:05:14,038 | INFO |   [ETC-USD] Stale (22.1h > 6h) - fetching
2026-01-18 23:05:14,158 | WARNING |   [ETC-USD] No data from Alpaca (STALE)
2026-01-18 23:05:14,671 | INFO |   [ETH-USD] Stale (22.1h > 6h) - fetching
2026-01-18 23:05:14,809 | WARNING |   VOLUME SANITY REJECT: ETH-USD 2026-01-17 23:00:00 volume=0.00 < threshold=1000 (source=ALPACA)
2026-01-18 23:05:14,809 | WARNING |   VOLUME SANITY REJECT: ETH-USD 2026-01-18 00:00:00 volume=0.08 < threshold=1000 (source=ALPACA)
2026-01-18 23:05:14,809 | WARNING |   VOLUME SANITY REJECT: ETH-USD 2026-01-18 01:00:00 volume=0.01 < threshold=1000 (source=ALPACA)
2026-01-18 23:05:14,814 | WARNING |   VOLUME SANITY REJECT: ETH-USD 2026-01-18 02:00:00 volume=0.04 < threshold=1000 (source=ALPACA)
2026-01-18 23:05:14,814 | WARNING |   VOLUME SANITY REJECT: ETH-USD 2026-01-18 03:00:00 volume=0.01 < threshold=1000 (source=ALPACA)
2026-01-18 23:05:14,814 | WARNING |   VOLUME SANITY REJECT: ETH-USD 2026-01-18 04:00:00 volume=0.01 < threshold=1000 (source=ALPACA)
2026-01-18 23:05:14,814 | WARNING |   VOLUME SANITY REJECT: ETH-USD 2026-01-18 05:00:00 volume=0.08 < threshold=1000 (source=ALPACA)
2026-01-18 23:05:14,819 | WARNING |   VOLUME SANITY REJECT: ETH-USD 2026-01-18 06:00:00 volume=0.01 < threshold=1000 (source=ALPACA)
2026-01-18 23:05:14,819 | WARNING |   VOLUME SANITY REJECT: ETH-USD 2026-01-18 07:00:00 volume=0.07 < threshold=1000 (source=ALPACA)
2026-01-18 23:05:14,819 | WARNING |   VOLUME SANITY REJECT: ETH-USD 2026-01-18 08:00:00 volume=0.10 < threshold=1000 (source=ALPACA)
2026-01-18 23:05:14,819 | WARNING |   VOLUME SANITY REJECT: ETH-USD 2026-01-18 09:00:00 volume=0.01 < threshold=1000 (source=ALPACA)
2026-01-18 23:05:14,819 | WARNING |   VOLUME SANITY REJECT: ETH-USD 2026-01-18 10:00:00 volume=0.61 < threshold=1000 (source=ALPACA)
2026-01-18 23:05:14,819 | WARNING |   VOLUME SANITY REJECT: ETH-USD 2026-01-18 11:00:00 volume=0.02 < threshold=1000 (source=ALPACA)
2026-01-18 23:05:14,830 | WARNING |   VOLUME SANITY REJECT: ETH-USD 2026-01-18 12:00:00 volume=0.03 < threshold=1000 (source=ALPACA)
2026-01-18 23:05:14,830 | WARNING |   VOLUME SANITY REJECT: ETH-USD 2026-01-18 13:00:00 volume=0.02 < threshold=1000 (source=ALPACA)
2026-01-18 23:05:14,830 | WARNING |   VOLUME SANITY REJECT: ETH-USD 2026-01-18 14:00:00 volume=0.25 < threshold=1000 (source=ALPACA)
2026-01-18 23:05:14,830 | WARNING |   VOLUME SANITY REJECT: ETH-USD 2026-01-18 15:00:00 volume=0.02 < threshold=1000 (source=ALPACA)
2026-01-18 23:05:14,830 | WARNING |   VOLUME SANITY REJECT: ETH-USD 2026-01-18 16:00:00 volume=0.05 < threshold=1000 (source=ALPACA)
2026-01-18 23:05:14,830 | WARNING |   VOLUME SANITY REJECT: ETH-USD 2026-01-18 17:00:00 volume=0.03 < threshold=1000 (source=ALPACA)
2026-01-18 23:05:14,830 | WARNING |   VOLUME SANITY REJECT: ETH-USD 2026-01-18 18:00:00 volume=0.02 < threshold=1000 (source=ALPACA)
2026-01-18 23:05:14,840 | WARNING |   VOLUME SANITY REJECT: ETH-USD 2026-01-18 19:00:00 volume=0.40 < threshold=1000 (source=ALPACA)
2026-01-18 23:05:14,840 | WARNING |   VOLUME SANITY REJECT: ETH-USD 2026-01-18 20:00:00 volume=0.07 < threshold=1000 (source=ALPACA)
2026-01-18 23:05:14,840 | WARNING |   VOLUME SANITY REJECT: ETH-USD 2026-01-18 21:00:00 volume=0.50 < threshold=1000 (source=ALPACA)
2026-01-18 23:05:14,840 | WARNING |   VOLUME SANITY REJECT: ETH-USD 2026-01-18 22:00:00 volume=0.00 < threshold=1000 (source=ALPACA)
2026-01-18 23:05:14,840 | WARNING |   [ETH-USD] ALL 24 rows REJECTED by volume sanity check (source=ALPACA)
2026-01-18 23:05:14,840 | WARNING |   [ETH-USD] 0 rows written despite 24 bars received
2026-01-18 23:05:15,351 | INFO |   [FIL-USD] Stale (22.1h > 6h) - fetching
2026-01-18 23:05:15,484 | WARNING |   [FIL-USD] No data from Alpaca (STALE)
2026-01-18 23:05:15,987 | INFO |   [FLOW-USD] Stale (22.1h > 6h) - fetching
2026-01-18 23:05:16,110 | WARNING |   [FLOW-USD] No data from Alpaca (STALE)
2026-01-18 23:05:16,617 | INFO |   [GRT-USD] Stale (32.1h > 6h) - fetching
2026-01-18 23:05:16,751 | WARNING |   VOLUME SANITY REJECT: GRT-USD 2026-01-17 23:00:00 volume=0.00 < threshold=1000 (source=ALPACA)
2026-01-18 23:05:16,751 | WARNING |   VOLUME SANITY REJECT: GRT-USD 2026-01-18 00:00:00 volume=0.00 < threshold=1000 (source=ALPACA)
2026-01-18 23:05:16,751 | WARNING |   VOLUME SANITY REJECT: GRT-USD 2026-01-18 01:00:00 volume=0.00 < threshold=1000 (source=ALPACA)
2026-01-18 23:05:16,751 | WARNING |   VOLUME SANITY REJECT: GRT-USD 2026-01-18 02:00:00 volume=0.00 < threshold=1000 (source=ALPACA)
2026-01-18 23:05:16,751 | WARNING |   VOLUME SANITY REJECT: GRT-USD 2026-01-18 04:00:00 volume=0.00 < threshold=1000 (source=ALPACA)
2026-01-18 23:05:16,761 | WARNING |   VOLUME SANITY REJECT: GRT-USD 2026-01-18 05:00:00 volume=0.00 < threshold=1000 (source=ALPACA)
2026-01-18 23:05:16,762 | WARNING |   VOLUME SANITY REJECT: GRT-USD 2026-01-18 06:00:00 volume=0.00 < threshold=1000 (source=ALPACA)
2026-01-18 23:05:16,762 | WARNING |   VOLUME SANITY REJECT: GRT-USD 2026-01-18 07:00:00 volume=303.14 < threshold=1000 (source=ALPACA)
2026-01-18 23:05:16,762 | WARNING |   VOLUME SANITY REJECT: GRT-USD 2026-01-18 08:00:00 volume=0.00 < threshold=1000 (source=ALPACA)
2026-01-18 23:05:16,762 | WARNING |   VOLUME SANITY REJECT: GRT-USD 2026-01-18 09:00:00 volume=0.00 < threshold=1000 (source=ALPACA)
2026-01-18 23:05:16,762 | WARNING |   VOLUME SANITY REJECT: GRT-USD 2026-01-18 10:00:00 volume=0.00 < threshold=1000 (source=ALPACA)
2026-01-18 23:05:16,762 | WARNING |   VOLUME SANITY REJECT: GRT-USD 2026-01-18 11:00:00 volume=0.00 < threshold=1000 (source=ALPACA)
2026-01-18 23:05:16,772 | WARNING |   VOLUME SANITY REJECT: GRT-USD 2026-01-18 12:00:00 volume=55.01 < threshold=1000 (source=ALPACA)
2026-01-18 23:05:16,772 | WARNING |   VOLUME SANITY REJECT: GRT-USD 2026-01-18 13:00:00 volume=0.00 < threshold=1000 (source=ALPACA)
2026-01-18 23:05:16,772 | WARNING |   VOLUME SANITY REJECT: GRT-USD 2026-01-18 14:00:00 volume=0.00 < threshold=1000 (source=ALPACA)
2026-01-18 23:05:16,772 | WARNING |   VOLUME SANITY REJECT: GRT-USD 2026-01-18 15:00:00 volume=0.00 < threshold=1000 (source=ALPACA)
2026-01-18 23:05:16,772 | WARNING |   VOLUME SANITY REJECT: GRT-USD 2026-01-18 16:00:00 volume=0.00 < threshold=1000 (source=ALPACA)
2026-01-18 23:05:16,772 | WARNING |   VOLUME SANITY REJECT: GRT-USD 2026-01-18 17:00:00 volume=0.00 < threshold=1000 (source=ALPACA)
2026-01-18 23:05:16,772 | WARNING |   VOLUME SANITY REJECT: GRT-USD 2026-01-18 18:00:00 volume=0.00 < threshold=1000 (source=ALPACA)
2026-01-18 23:05:16,782 | WARNING |   VOLUME SANITY REJECT: GRT-USD 2026-01-18 19:00:00 volume=0.00 < threshold=1000 (source=ALPACA)
2026-01-18 23:05:16,783 | WARNING |   VOLUME SANITY REJECT: GRT-USD 2026-01-18 20:00:00 volume=0.00 < threshold=1000 (source=ALPACA)
2026-01-18 23:05:16,783 | WARNING |   VOLUME SANITY REJECT: GRT-USD 2026-01-18 21:00:00 volume=67.07 < threshold=1000 (source=ALPACA)
2026-01-18 23:05:16,783 | WARNING |   VOLUME SANITY REJECT: GRT-USD 2026-01-18 22:00:00 volume=0.00 < threshold=1000 (source=ALPACA)
2026-01-18 23:05:16,792 | WARNING |   [GRT-USD] 23 rows REJECTED by volume sanity, 1 rows INSERTED (source=ALPACA)
2026-01-18 23:05:16,792 | INFO |   [GRT-USD] +1 rows via ALPACA (latest: 2026-01-18 22:00:00+00:00)
2026-01-18 23:05:17,297 | INFO |   [HBAR-USD] Stale (22.1h > 6h) - fetching
2026-01-18 23:05:17,419 | WARNING |   [HBAR-USD] No data from Alpaca (STALE)
2026-01-18 23:05:17,929 | INFO |   [ICP-USD] Stale (22.1h > 6h) - fetching
2026-01-18 23:05:18,042 | WARNING |   [ICP-USD] No data from Alpaca (STALE)
2026-01-18 23:05:18,566 | INFO |   [INJ-USD] Stale (22.1h > 6h) - fetching
2026-01-18 23:05:18,691 | WARNING |   [INJ-USD] No data from Alpaca (STALE)
2026-01-18 23:05:19,195 | INFO |   [LDO-USD] Stale (22.1h > 6h) - fetching
2026-01-18 23:05:19,324 | WARNING |   [LDO-USD] No data from Alpaca (STALE)
2026-01-18 23:05:19,838 | INFO |   [LINK-USD] Stale (22.1h > 6h) - fetching
2026-01-18 23:05:19,974 | WARNING |   VOLUME SANITY REJECT: LINK-USD 2026-01-17 23:00:00 volume=0.78 < threshold=1000 (source=ALPACA)
2026-01-18 23:05:19,974 | WARNING |   VOLUME SANITY REJECT: LINK-USD 2026-01-18 00:00:00 volume=5.35 < threshold=1000 (source=ALPACA)
2026-01-18 23:05:19,974 | WARNING |   VOLUME SANITY REJECT: LINK-USD 2026-01-18 01:00:00 volume=0.00 < threshold=1000 (source=ALPACA)
2026-01-18 23:05:19,974 | WARNING |   VOLUME SANITY REJECT: LINK-USD 2026-01-18 02:00:00 volume=4.54 < threshold=1000 (source=ALPACA)
2026-01-18 23:05:19,974 | WARNING |   VOLUME SANITY REJECT: LINK-USD 2026-01-18 03:00:00 volume=213.35 < threshold=1000 (source=ALPACA)
2026-01-18 23:05:19,974 | WARNING |   VOLUME SANITY REJECT: LINK-USD 2026-01-18 04:00:00 volume=0.33 < threshold=1000 (source=ALPACA)
2026-01-18 23:05:19,981 | WARNING |   VOLUME SANITY REJECT: LINK-USD 2026-01-18 05:00:00 volume=0.43 < threshold=1000 (source=ALPACA)
2026-01-18 23:05:19,981 | WARNING |   VOLUME SANITY REJECT: LINK-USD 2026-01-18 06:00:00 volume=12.19 < threshold=1000 (source=ALPACA)
2026-01-18 23:05:19,981 | WARNING |   VOLUME SANITY REJECT: LINK-USD 2026-01-18 07:00:00 volume=0.43 < threshold=1000 (source=ALPACA)
2026-01-18 23:05:19,981 | WARNING |   VOLUME SANITY REJECT: LINK-USD 2026-01-18 08:00:00 volume=1.20 < threshold=1000 (source=ALPACA)
2026-01-18 23:05:19,981 | WARNING |   VOLUME SANITY REJECT: LINK-USD 2026-01-18 09:00:00 volume=0.68 < threshold=1000 (source=ALPACA)
2026-01-18 23:05:19,981 | WARNING |   VOLUME SANITY REJECT: LINK-USD 2026-01-18 10:00:00 volume=18.52 < threshold=1000 (source=ALPACA)
2026-01-18 23:05:19,981 | WARNING |   VOLUME SANITY REJECT: LINK-USD 2026-01-18 11:00:00 volume=0.00 < threshold=1000 (source=ALPACA)
2026-01-18 23:05:19,981 | WARNING |   VOLUME SANITY REJECT: LINK-USD 2026-01-18 12:00:00 volume=2.58 < threshold=1000 (source=ALPACA)
2026-01-18 23:05:19,981 | WARNING |   VOLUME SANITY REJECT: LINK-USD 2026-01-18 13:00:00 volume=0.00 < threshold=1000 (source=ALPACA)
2026-01-18 23:05:19,981 | WARNING |   VOLUME SANITY REJECT: LINK-USD 2026-01-18 14:00:00 volume=0.36 < threshold=1000 (source=ALPACA)
2026-01-18 23:05:19,981 | WARNING |   VOLUME SANITY REJECT: LINK-USD 2026-01-18 15:00:00 volume=0.64 < threshold=1000 (source=ALPACA)
2026-01-18 23:05:19,981 | WARNING |   VOLUME SANITY REJECT: LINK-USD 2026-01-18 16:00:00 volume=2.27 < threshold=1000 (source=ALPACA)
2026-01-18 23:05:19,981 | WARNING |   VOLUME SANITY REJECT: LINK-USD 2026-01-18 17:00:00 volume=0.71 < threshold=1000 (source=ALPACA)
2026-01-18 23:05:19,981 | WARNING |   VOLUME SANITY REJECT: LINK-USD 2026-01-18 18:00:00 volume=0.00 < threshold=1000 (source=ALPACA)
2026-01-18 23:05:19,992 | WARNING |   VOLUME SANITY REJECT: LINK-USD 2026-01-18 19:00:00 volume=0.48 < threshold=1000 (source=ALPACA)
2026-01-18 23:05:19,992 | WARNING |   VOLUME SANITY REJECT: LINK-USD 2026-01-18 20:00:00 volume=1.87 < threshold=1000 (source=ALPACA)
2026-01-18 23:05:19,992 | WARNING |   VOLUME SANITY REJECT: LINK-USD 2026-01-18 21:00:00 volume=1.82 < threshold=1000 (source=ALPACA)
2026-01-18 23:05:19,992 | WARNING |   VOLUME SANITY REJECT: LINK-USD 2026-01-18 22:00:00 volume=0.00 < threshold=1000 (source=ALPACA)
2026-01-18 23:05:19,992 | WARNING |   [LINK-USD] ALL 24 rows REJECTED by volume sanity check (source=ALPACA)
2026-01-18 23:05:19,992 | WARNING |   [LINK-USD] 0 rows written despite 24 bars received
2026-01-18 23:05:20,496 | INFO |   [LTC-USD] Stale (22.1h > 6h) - fetching
2026-01-18 23:05:20,618 | WARNING |   VOLUME SANITY REJECT: LTC-USD 2026-01-17 23:00:00 volume=0.00 < threshold=1000 (source=ALPACA)
2026-01-18 23:05:20,618 | WARNING |   VOLUME SANITY REJECT: LTC-USD 2026-01-18 00:00:00 volume=0.00 < threshold=1000 (source=ALPACA)
2026-01-18 23:05:20,628 | WARNING |   VOLUME SANITY REJECT: LTC-USD 2026-01-18 01:00:00 volume=5.95 < threshold=1000 (source=ALPACA)
2026-01-18 23:05:20,629 | WARNING |   VOLUME SANITY REJECT: LTC-USD 2026-01-18 02:00:00 volume=0.00 < threshold=1000 (source=ALPACA)
2026-01-18 23:05:20,629 | WARNING |   VOLUME SANITY REJECT: LTC-USD 2026-01-18 03:00:00 volume=0.00 < threshold=1000 (source=ALPACA)
2026-01-18 23:05:20,629 | WARNING |   VOLUME SANITY REJECT: LTC-USD 2026-01-18 04:00:00 volume=0.06 < threshold=1000 (source=ALPACA)
2026-01-18 23:05:20,629 | WARNING |   VOLUME SANITY REJECT: LTC-USD 2026-01-18 05:00:00 volume=0.24 < threshold=1000 (source=ALPACA)
2026-01-18 23:05:20,629 | WARNING |   VOLUME SANITY REJECT: LTC-USD 2026-01-18 06:00:00 volume=0.00 < threshold=1000 (source=ALPACA)
2026-01-18 23:05:20,629 | WARNING |   VOLUME SANITY REJECT: LTC-USD 2026-01-18 07:00:00 volume=0.07 < threshold=1000 (source=ALPACA)
2026-01-18 23:05:20,629 | WARNING |   VOLUME SANITY REJECT: LTC-USD 2026-01-18 08:00:00 volume=0.19 < threshold=1000 (source=ALPACA)
2026-01-18 23:05:20,629 | WARNING |   VOLUME SANITY REJECT: LTC-USD 2026-01-18 09:00:00 volume=0.00 < threshold=1000 (source=ALPACA)
2026-01-18 23:05:20,640 | WARNING |   VOLUME SANITY REJECT: LTC-USD 2026-01-18 10:00:00 volume=0.00 < threshold=1000 (source=ALPACA)
2026-01-18 23:05:20,640 | WARNING |   VOLUME SANITY REJECT: LTC-USD 2026-01-18 11:00:00 volume=1.45 < threshold=1000 (source=ALPACA)
2026-01-18 23:05:20,640 | WARNING |   VOLUME SANITY REJECT: LTC-USD 2026-01-18 12:00:00 volume=10.81 < threshold=1000 (source=ALPACA)
2026-01-18 23:05:20,640 | WARNING |   VOLUME SANITY REJECT: LTC-USD 2026-01-18 13:00:00 volume=0.00 < threshold=1000 (source=ALPACA)
2026-01-18 23:05:20,640 | WARNING |   VOLUME SANITY REJECT: LTC-USD 2026-01-18 14:00:00 volume=0.00 < threshold=1000 (source=ALPACA)
2026-01-18 23:05:20,640 | WARNING |   VOLUME SANITY REJECT: LTC-USD 2026-01-18 15:00:00 volume=0.00 < threshold=1000 (source=ALPACA)
2026-01-18 23:05:20,640 | WARNING |   VOLUME SANITY REJECT: LTC-USD 2026-01-18 16:00:00 volume=0.19 < threshold=1000 (source=ALPACA)
2026-01-18 23:05:20,640 | WARNING |   VOLUME SANITY REJECT: LTC-USD 2026-01-18 17:00:00 volume=0.00 < threshold=1000 (source=ALPACA)
2026-01-18 23:05:20,640 | WARNING |   VOLUME SANITY REJECT: LTC-USD 2026-01-18 18:00:00 volume=0.00 < threshold=1000 (source=ALPACA)
2026-01-18 23:05:20,640 | WARNING |   VOLUME SANITY REJECT: LTC-USD 2026-01-18 19:00:00 volume=127.47 < threshold=1000 (source=ALPACA)
2026-01-18 23:05:20,640 | WARNING |   VOLUME SANITY REJECT: LTC-USD 2026-01-18 20:00:00 volume=0.01 < threshold=1000 (source=ALPACA)
2026-01-18 23:05:20,649 | WARNING |   VOLUME SANITY REJECT: LTC-USD 2026-01-18 21:00:00 volume=0.05 < threshold=1000 (source=ALPACA)
2026-01-18 23:05:20,649 | WARNING |   VOLUME SANITY REJECT: LTC-USD 2026-01-18 22:00:00 volume=0.00 < threshold=1000 (source=ALPACA)
2026-01-18 23:05:20,649 | WARNING |   [LTC-USD] ALL 24 rows REJECTED by volume sanity check (source=ALPACA)
2026-01-18 23:05:20,649 | WARNING |   [LTC-USD] 0 rows written despite 24 bars received
2026-01-18 23:05:21,249 | INFO |   [MANA-USD] Stale (22.1h > 6h) - fetching
2026-01-18 23:05:21,382 | WARNING |   [MANA-USD] No data from Alpaca (STALE)
2026-01-18 23:05:21,891 | INFO |   [MKR-USD] Stale (22.1h > 6h) - fetching
2026-01-18 23:05:22,004 | WARNING |   [MKR-USD] No data from Alpaca (STALE)
2026-01-18 23:05:22,527 | INFO |   [NEAR-USD] Stale (22.1h > 6h) - fetching
2026-01-18 23:05:22,644 | WARNING |   [NEAR-USD] No data from Alpaca (STALE)
2026-01-18 23:05:23,149 | INFO |   [OKB-USD] Stale (22.1h > 6h) - fetching
2026-01-18 23:05:23,285 | WARNING |   [OKB-USD] No data from Alpaca (STALE)
2026-01-18 23:05:23,795 | INFO |   [QNT-USD] Stale (22.1h > 6h) - fetching
2026-01-18 23:05:24,081 | WARNING |   [QNT-USD] No data from Alpaca (STALE)
2026-01-18 23:05:24,589 | INFO |   [RPL-USD] Stale (22.1h > 6h) - fetching
2026-01-18 23:05:24,798 | WARNING |   [RPL-USD] No data from Alpaca (STALE)
2026-01-18 23:05:25,419 | INFO |   [RUNE-USD] Stale (22.1h > 6h) - fetching
2026-01-18 23:05:25,544 | WARNING |   [RUNE-USD] No data from Alpaca (STALE)
2026-01-18 23:05:26,051 | INFO |   [SAND-USD] Stale (22.1h > 6h) - fetching
2026-01-18 23:05:26,169 | WARNING |   [SAND-USD] No data from Alpaca (STALE)
2026-01-18 23:05:26,675 | INFO |   [SHIB-USD] Stale (22.1h > 6h) - fetching
2026-01-18 23:05:26,800 | WARNING |   VOLUME SANITY REJECT: SHIB-USD 2026-01-17 23:00:00 volume=0.00 < threshold=1000 (source=ALPACA)
2026-01-18 23:05:26,800 | WARNING |   VOLUME SANITY REJECT: SHIB-USD 2026-01-18 00:00:00 volume=0.00 < threshold=1000 (source=ALPACA)
2026-01-18 23:05:26,811 | WARNING |   VOLUME SANITY REJECT: SHIB-USD 2026-01-18 01:00:00 volume=0.00 < threshold=1000 (source=ALPACA)
2026-01-18 23:05:26,811 | WARNING |   VOLUME SANITY REJECT: SHIB-USD 2026-01-18 02:00:00 volume=0.00 < threshold=1000 (source=ALPACA)
2026-01-18 23:05:26,811 | WARNING |   VOLUME SANITY REJECT: SHIB-USD 2026-01-18 03:00:00 volume=0.00 < threshold=1000 (source=ALPACA)
2026-01-18 23:05:26,811 | WARNING |   VOLUME SANITY REJECT: SHIB-USD 2026-01-18 05:00:00 volume=0.00 < threshold=1000 (source=ALPACA)
2026-01-18 23:05:26,811 | WARNING |   VOLUME SANITY REJECT: SHIB-USD 2026-01-18 06:00:00 volume=0.00 < threshold=1000 (source=ALPACA)
2026-01-18 23:05:26,811 | WARNING |   VOLUME SANITY REJECT: SHIB-USD 2026-01-18 07:00:00 volume=0.00 < threshold=1000 (source=ALPACA)
2026-01-18 23:05:26,811 | WARNING |   VOLUME SANITY REJECT: SHIB-USD 2026-01-18 08:00:00 volume=0.00 < threshold=1000 (source=ALPACA)
2026-01-18 23:05:26,811 | WARNING |   VOLUME SANITY REJECT: SHIB-USD 2026-01-18 10:00:00 volume=0.00 < threshold=1000 (source=ALPACA)
2026-01-18 23:05:26,811 | WARNING |   VOLUME SANITY REJECT: SHIB-USD 2026-01-18 11:00:00 volume=0.00 < threshold=1000 (source=ALPACA)
2026-01-18 23:05:26,811 | WARNING |   VOLUME SANITY REJECT: SHIB-USD 2026-01-18 12:00:00 volume=0.00 < threshold=1000 (source=ALPACA)
2026-01-18 23:05:26,811 | WARNING |   VOLUME SANITY REJECT: SHIB-USD 2026-01-18 13:00:00 volume=0.00 < threshold=1000 (source=ALPACA)
2026-01-18 23:05:26,811 | WARNING |   VOLUME SANITY REJECT: SHIB-USD 2026-01-18 14:00:00 volume=0.00 < threshold=1000 (source=ALPACA)
2026-01-18 23:05:26,811 | WARNING |   VOLUME SANITY REJECT: SHIB-USD 2026-01-18 15:00:00 volume=0.00 < threshold=1000 (source=ALPACA)
2026-01-18 23:05:26,811 | WARNING |   VOLUME SANITY REJECT: SHIB-USD 2026-01-18 16:00:00 volume=0.00 < threshold=1000 (source=ALPACA)
2026-01-18 23:05:26,811 | WARNING |   VOLUME SANITY REJECT: SHIB-USD 2026-01-18 17:00:00 volume=0.00 < threshold=1000 (source=ALPACA)
2026-01-18 23:05:26,811 | WARNING |   VOLUME SANITY REJECT: SHIB-USD 2026-01-18 18:00:00 volume=0.00 < threshold=1000 (source=ALPACA)
2026-01-18 23:05:26,811 | WARNING |   VOLUME SANITY REJECT: SHIB-USD 2026-01-18 19:00:00 volume=0.00 < threshold=1000 (source=ALPACA)
2026-01-18 23:05:26,811 | WARNING |   VOLUME SANITY REJECT: SHIB-USD 2026-01-18 22:00:00 volume=0.00 < threshold=1000 (source=ALPACA)
2026-01-18 23:05:26,821 | WARNING |   [SHIB-USD] 20 rows REJECTED by volume sanity, 4 rows INSERTED (source=ALPACA)
2026-01-18 23:05:26,821 | INFO |   [SHIB-USD] +4 rows via ALPACA (latest: 2026-01-18 22:00:00+00:00)
2026-01-18 23:05:27,327 | INFO |   [SNX-USD] Stale (22.1h > 6h) - fetching
2026-01-18 23:05:27,450 | WARNING |   [SNX-USD] No data from Alpaca (STALE)
2026-01-18 23:05:27,953 | INFO |   [SOL-USD] Stale (22.1h > 6h) - fetching
2026-01-18 23:05:28,079 | WARNING |   VOLUME SANITY REJECT: SOL-USD 2026-01-17 23:00:00 volume=1.06 < threshold=1000 (source=ALPACA)
2026-01-18 23:05:28,079 | WARNING |   VOLUME SANITY REJECT: SOL-USD 2026-01-18 00:00:00 volume=0.75 < threshold=1000 (source=ALPACA)
2026-01-18 23:05:28,079 | WARNING |   VOLUME SANITY REJECT: SOL-USD 2026-01-18 01:00:00 volume=0.14 < threshold=1000 (source=ALPACA)
2026-01-18 23:05:28,079 | WARNING |   VOLUME SANITY REJECT: SOL-USD 2026-01-18 02:00:00 volume=4.52 < threshold=1000 (source=ALPACA)
2026-01-18 23:05:28,090 | WARNING |   VOLUME SANITY REJECT: SOL-USD 2026-01-18 03:00:00 volume=0.29 < threshold=1000 (source=ALPACA)
2026-01-18 23:05:28,093 | WARNING |   VOLUME SANITY REJECT: SOL-USD 2026-01-18 04:00:00 volume=0.57 < threshold=1000 (source=ALPACA)
2026-01-18 23:05:28,093 | WARNING |   VOLUME SANITY REJECT: SOL-USD 2026-01-18 05:00:00 volume=0.99 < threshold=1000 (source=ALPACA)
2026-01-18 23:05:28,093 | WARNING |   VOLUME SANITY REJECT: SOL-USD 2026-01-18 06:00:00 volume=0.03 < threshold=1000 (source=ALPACA)
2026-01-18 23:05:28,093 | WARNING |   VOLUME SANITY REJECT: SOL-USD 2026-01-18 07:00:00 volume=2.00 < threshold=1000 (source=ALPACA)
2026-01-18 23:05:28,093 | WARNING |   VOLUME SANITY REJECT: SOL-USD 2026-01-18 08:00:00 volume=1.28 < threshold=1000 (source=ALPACA)
2026-01-18 23:05:28,100 | WARNING |   VOLUME SANITY REJECT: SOL-USD 2026-01-18 09:00:00 volume=0.03 < threshold=1000 (source=ALPACA)
2026-01-18 23:05:28,100 | WARNING |   VOLUME SANITY REJECT: SOL-USD 2026-01-18 10:00:00 volume=2.47 < threshold=1000 (source=ALPACA)
2026-01-18 23:05:28,100 | WARNING |   VOLUME SANITY REJECT: SOL-USD 2026-01-18 11:00:00 volume=0.18 < threshold=1000 (source=ALPACA)
2026-01-18 23:05:28,100 | WARNING |   VOLUME SANITY REJECT: SOL-USD 2026-01-18 12:00:00 volume=0.03 < threshold=1000 (source=ALPACA)
2026-01-18 23:05:28,100 | WARNING |   VOLUME SANITY REJECT: SOL-USD 2026-01-18 13:00:00 volume=0.06 < threshold=1000 (source=ALPACA)
2026-01-18 23:05:28,100 | WARNING |   VOLUME SANITY REJECT: SOL-USD 2026-01-18 14:00:00 volume=1.84 < threshold=1000 (source=ALPACA)
2026-01-18 23:05:28,114 | WARNING |   VOLUME SANITY REJECT: SOL-USD 2026-01-18 15:00:00 volume=0.22 < threshold=1000 (source=ALPACA)
2026-01-18 23:05:28,117 | WARNING |   VOLUME SANITY REJECT: SOL-USD 2026-01-18 16:00:00 volume=0.28 < threshold=1000 (source=ALPACA)
2026-01-18 23:05:28,118 | WARNING |   VOLUME SANITY REJECT: SOL-USD 2026-01-18 17:00:00 volume=6.02 < threshold=1000 (source=ALPACA)
2026-01-18 23:05:28,119 | WARNING |   VOLUME SANITY REJECT: SOL-USD 2026-01-18 18:00:00 volume=9.10 < threshold=1000 (source=ALPACA)
2026-01-18 23:05:28,120 | WARNING |   VOLUME SANITY REJECT: SOL-USD 2026-01-18 19:00:00 volume=2.14 < threshold=1000 (source=ALPACA)
2026-01-18 23:05:28,122 | WARNING |   VOLUME SANITY REJECT: SOL-USD 2026-01-18 20:00:00 volume=6.34 < threshold=1000 (source=ALPACA)
2026-01-18 23:05:28,124 | WARNING |   VOLUME SANITY REJECT: SOL-USD 2026-01-18 21:00:00 volume=0.27 < threshold=1000 (source=ALPACA)
2026-01-18 23:05:28,125 | WARNING |   VOLUME SANITY REJECT: SOL-USD 2026-01-18 22:00:00 volume=0.03 < threshold=1000 (source=ALPACA)
2026-01-18 23:05:28,125 | WARNING |   [SOL-USD] ALL 24 rows REJECTED by volume sanity check (source=ALPACA)
2026-01-18 23:05:28,125 | WARNING |   [SOL-USD] 0 rows written despite 24 bars received
2026-01-18 23:05:28,633 | INFO |   [THETA-USD] Stale (22.1h > 6h) - fetching
2026-01-18 23:05:28,750 | WARNING |   [THETA-USD] No data from Alpaca (STALE)
2026-01-18 23:05:29,258 | INFO |   [TRX-USD] Stale (22.1h > 6h) - fetching
2026-01-18 23:05:29,375 | WARNING |   [TRX-USD] No data from Alpaca (STALE)
2026-01-18 23:05:29,886 | INFO |   [UNI-USD] Stale (272.1h > 6h) - fetching
2026-01-18 23:05:30,035 | WARNING |   VOLUME SANITY REJECT: UNI-USD 2026-01-17 23:00:00 volume=0.00 < threshold=1000 (source=ALPACA)
2026-01-18 23:05:30,101 | WARNING |   VOLUME SANITY REJECT: UNI-USD 2026-01-18 00:00:00 volume=2.14 < threshold=1000 (source=ALPACA)
2026-01-18 23:05:30,101 | WARNING |   VOLUME SANITY REJECT: UNI-USD 2026-01-18 02:00:00 volume=17.01 < threshold=1000 (source=ALPACA)
2026-01-18 23:05:30,101 | WARNING |   VOLUME SANITY REJECT: UNI-USD 2026-01-18 03:00:00 volume=5.20 < threshold=1000 (source=ALPACA)
2026-01-18 23:05:30,110 | WARNING |   VOLUME SANITY REJECT: UNI-USD 2026-01-18 04:00:00 volume=0.86 < threshold=1000 (source=ALPACA)
2026-01-18 23:05:30,111 | WARNING |   VOLUME SANITY REJECT: UNI-USD 2026-01-18 05:00:00 volume=4.04 < threshold=1000 (source=ALPACA)
2026-01-18 23:05:30,112 | WARNING |   VOLUME SANITY REJECT: UNI-USD 2026-01-18 06:00:00 volume=0.00 < threshold=1000 (source=ALPACA)
2026-01-18 23:05:30,113 | WARNING |   VOLUME SANITY REJECT: UNI-USD 2026-01-18 07:00:00 volume=0.00 < threshold=1000 (source=ALPACA)
2026-01-18 23:05:30,114 | WARNING |   VOLUME SANITY REJECT: UNI-USD 2026-01-18 08:00:00 volume=13.38 < threshold=1000 (source=ALPACA)
2026-01-18 23:05:30,114 | WARNING |   VOLUME SANITY REJECT: UNI-USD 2026-01-18 09:00:00 volume=8.00 < threshold=1000 (source=ALPACA)
2026-01-18 23:05:30,115 | WARNING |   VOLUME SANITY REJECT: UNI-USD 2026-01-18 10:00:00 volume=107.19 < threshold=1000 (source=ALPACA)
2026-01-18 23:05:30,116 | WARNING |   VOLUME SANITY REJECT: UNI-USD 2026-01-18 11:00:00 volume=0.91 < threshold=1000 (source=ALPACA)
2026-01-18 23:05:30,117 | WARNING |   VOLUME SANITY REJECT: UNI-USD 2026-01-18 12:00:00 volume=1.84 < threshold=1000 (source=ALPACA)
2026-01-18 23:05:30,118 | WARNING |   VOLUME SANITY REJECT: UNI-USD 2026-01-18 13:00:00 volume=1.77 < threshold=1000 (source=ALPACA)
2026-01-18 23:05:30,119 | WARNING |   VOLUME SANITY REJECT: UNI-USD 2026-01-18 14:00:00 volume=0.00 < threshold=1000 (source=ALPACA)
2026-01-18 23:05:30,120 | WARNING |   VOLUME SANITY REJECT: UNI-USD 2026-01-18 15:00:00 volume=0.00 < threshold=1000 (source=ALPACA)
2026-01-18 23:05:30,121 | WARNING |   VOLUME SANITY REJECT: UNI-USD 2026-01-18 16:00:00 volume=0.91 < threshold=1000 (source=ALPACA)
2026-01-18 23:05:30,122 | WARNING |   VOLUME SANITY REJECT: UNI-USD 2026-01-18 17:00:00 volume=0.00 < threshold=1000 (source=ALPACA)
2026-01-18 23:05:30,144 | WARNING |   VOLUME SANITY REJECT: UNI-USD 2026-01-18 18:00:00 volume=34.15 < threshold=1000 (source=ALPACA)
2026-01-18 23:05:30,145 | WARNING |   VOLUME SANITY REJECT: UNI-USD 2026-01-18 19:00:00 volume=0.00 < threshold=1000 (source=ALPACA)
2026-01-18 23:05:30,145 | WARNING |   VOLUME SANITY REJECT: UNI-USD 2026-01-18 20:00:00 volume=0.00 < threshold=1000 (source=ALPACA)
2026-01-18 23:05:30,146 | WARNING |   VOLUME SANITY REJECT: UNI-USD 2026-01-18 21:00:00 volume=0.52 < threshold=1000 (source=ALPACA)
2026-01-18 23:05:30,149 | WARNING |   [UNI-USD] 22 rows REJECTED by volume sanity, 1 rows INSERTED (source=ALPACA)
2026-01-18 23:05:30,149 | INFO |   [UNI-USD] +1 rows via ALPACA (latest: 2026-01-18 21:00:00+00:00)
2026-01-18 23:05:30,651 | INFO |   [VET-USD] Stale (22.1h > 6h) - fetching
2026-01-18 23:05:30,776 | WARNING |   [VET-USD] No data from Alpaca (STALE)
2026-01-18 23:05:31,284 | INFO |   [XLM-USD] Stale (22.1h > 6h) - fetching
2026-01-18 23:05:31,409 | WARNING |   [XLM-USD] No data from Alpaca (STALE)
2026-01-18 23:05:31,917 | INFO |   [XMR-USD] Stale (22.1h > 6h) - fetching
2026-01-18 23:05:32,041 | WARNING |   [XMR-USD] No data from Alpaca (STALE)
2026-01-18 23:05:32,549 | INFO |   [XRP-USD] Stale (22.1h > 6h) - fetching
2026-01-18 23:05:32,683 | WARNING |   VOLUME SANITY REJECT: XRP-USD 2026-01-17 23:00:00 volume=0.00 < threshold=1000 (source=ALPACA)
2026-01-18 23:05:32,683 | WARNING |   VOLUME SANITY REJECT: XRP-USD 2026-01-18 00:00:00 volume=37.43 < threshold=1000 (source=ALPACA)
2026-01-18 23:05:32,683 | WARNING |   VOLUME SANITY REJECT: XRP-USD 2026-01-18 01:00:00 volume=21.07 < threshold=1000 (source=ALPACA)
2026-01-18 23:05:32,683 | WARNING |   VOLUME SANITY REJECT: XRP-USD 2026-01-18 02:00:00 volume=32.77 < threshold=1000 (source=ALPACA)
2026-01-18 23:05:32,683 | WARNING |   VOLUME SANITY REJECT: XRP-USD 2026-01-18 03:00:00 volume=163.99 < threshold=1000 (source=ALPACA)
2026-01-18 23:05:32,691 | WARNING |   VOLUME SANITY REJECT: XRP-USD 2026-01-18 04:00:00 volume=112.08 < threshold=1000 (source=ALPACA)
2026-01-18 23:05:32,693 | WARNING |   VOLUME SANITY REJECT: XRP-USD 2026-01-18 05:00:00 volume=53.65 < threshold=1000 (source=ALPACA)
2026-01-18 23:05:32,693 | WARNING |   VOLUME SANITY REJECT: XRP-USD 2026-01-18 06:00:00 volume=37.69 < threshold=1000 (source=ALPACA)
2026-01-18 23:05:32,693 | WARNING |   VOLUME SANITY REJECT: XRP-USD 2026-01-18 07:00:00 volume=195.76 < threshold=1000 (source=ALPACA)
2026-01-18 23:05:32,693 | WARNING |   VOLUME SANITY REJECT: XRP-USD 2026-01-18 09:00:00 volume=36.19 < threshold=1000 (source=ALPACA)
2026-01-18 23:05:32,693 | WARNING |   VOLUME SANITY REJECT: XRP-USD 2026-01-18 10:00:00 volume=112.73 < threshold=1000 (source=ALPACA)
2026-01-18 23:05:32,703 | WARNING |   VOLUME SANITY REJECT: XRP-USD 2026-01-18 11:00:00 volume=524.63 < threshold=1000 (source=ALPACA)
2026-01-18 23:05:32,703 | WARNING |   VOLUME SANITY REJECT: XRP-USD 2026-01-18 12:00:00 volume=19.28 < threshold=1000 (source=ALPACA)
2026-01-18 23:05:32,703 | WARNING |   VOLUME SANITY REJECT: XRP-USD 2026-01-18 13:00:00 volume=956.35 < threshold=1000 (source=ALPACA)
2026-01-18 23:05:32,703 | WARNING |   VOLUME SANITY REJECT: XRP-USD 2026-01-18 14:00:00 volume=72.90 < threshold=1000 (source=ALPACA)
2026-01-18 23:05:32,709 | WARNING |   VOLUME SANITY REJECT: XRP-USD 2026-01-18 15:00:00 volume=22.97 < threshold=1000 (source=ALPACA)
2026-01-18 23:05:32,709 | WARNING |   VOLUME SANITY REJECT: XRP-USD 2026-01-18 16:00:00 volume=5.78 < threshold=1000 (source=ALPACA)
2026-01-18 23:05:32,713 | WARNING |   VOLUME SANITY REJECT: XRP-USD 2026-01-18 17:00:00 volume=6.09 < threshold=1000 (source=ALPACA)
2026-01-18 23:05:32,713 | WARNING |   VOLUME SANITY REJECT: XRP-USD 2026-01-18 18:00:00 volume=91.88 < threshold=1000 (source=ALPACA)
2026-01-18 23:05:32,713 | WARNING |   VOLUME SANITY REJECT: XRP-USD 2026-01-18 19:00:00 volume=0.00 < threshold=1000 (source=ALPACA)
2026-01-18 23:05:32,713 | WARNING |   VOLUME SANITY REJECT: XRP-USD 2026-01-18 20:00:00 volume=9.54 < threshold=1000 (source=ALPACA)
2026-01-18 23:05:32,713 | WARNING |   VOLUME SANITY REJECT: XRP-USD 2026-01-18 21:00:00 volume=4.05 < threshold=1000 (source=ALPACA)
2026-01-18 23:05:32,713 | WARNING |   VOLUME SANITY REJECT: XRP-USD 2026-01-18 22:00:00 volume=0.00 < threshold=1000 (source=ALPACA)
2026-01-18 23:05:32,724 | WARNING |   [XRP-USD] 23 rows REJECTED by volume sanity, 1 rows INSERTED (source=ALPACA)
2026-01-18 23:05:32,724 | INFO |   [XRP-USD] +1 rows via ALPACA (latest: 2026-01-18 22:00:00+00:00)
2026-01-18 23:05:33,233 | INFO |   [XTZ-USD] Stale (22.1h > 6h) - fetching
2026-01-18 23:05:33,375 | WARNING |   VOLUME SANITY REJECT: XTZ-USD 2026-01-17 23:00:00 volume=0.00 < threshold=1000 (source=ALPACA)
2026-01-18 23:05:33,375 | WARNING |   VOLUME SANITY REJECT: XTZ-USD 2026-01-18 00:00:00 volume=73.91 < threshold=1000 (source=ALPACA)
2026-01-18 23:05:33,375 | WARNING |   VOLUME SANITY REJECT: XTZ-USD 2026-01-18 01:00:00 volume=0.00 < threshold=1000 (source=ALPACA)
2026-01-18 23:05:33,375 | WARNING |   VOLUME SANITY REJECT: XTZ-USD 2026-01-18 02:00:00 volume=0.00 < threshold=1000 (source=ALPACA)
2026-01-18 23:05:33,375 | WARNING |   VOLUME SANITY REJECT: XTZ-USD 2026-01-18 03:00:00 volume=0.00 < threshold=1000 (source=ALPACA)
2026-01-18 23:05:33,375 | WARNING |   VOLUME SANITY REJECT: XTZ-USD 2026-01-18 04:00:00 volume=0.00 < threshold=1000 (source=ALPACA)
2026-01-18 23:05:33,386 | WARNING |   VOLUME SANITY REJECT: XTZ-USD 2026-01-18 05:00:00 volume=0.00 < threshold=1000 (source=ALPACA)
2026-01-18 23:05:33,386 | WARNING |   VOLUME SANITY REJECT: XTZ-USD 2026-01-18 06:00:00 volume=0.00 < threshold=1000 (source=ALPACA)
2026-01-18 23:05:33,386 | WARNING |   VOLUME SANITY REJECT: XTZ-USD 2026-01-18 07:00:00 volume=0.00 < threshold=1000 (source=ALPACA)
2026-01-18 23:05:33,386 | WARNING |   VOLUME SANITY REJECT: XTZ-USD 2026-01-18 08:00:00 volume=0.00 < threshold=1000 (source=ALPACA)
2026-01-18 23:05:33,386 | WARNING |   VOLUME SANITY REJECT: XTZ-USD 2026-01-18 09:00:00 volume=0.00 < threshold=1000 (source=ALPACA)
2026-01-18 23:05:33,394 | WARNING |   VOLUME SANITY REJECT: XTZ-USD 2026-01-18 10:00:00 volume=0.00 < threshold=1000 (source=ALPACA)
2026-01-18 23:05:33,396 | WARNING |   VOLUME SANITY REJECT: XTZ-USD 2026-01-18 11:00:00 volume=0.00 < threshold=1000 (source=ALPACA)
2026-01-18 23:05:33,396 | WARNING |   VOLUME SANITY REJECT: XTZ-USD 2026-01-18 12:00:00 volume=0.00 < threshold=1000 (source=ALPACA)
2026-01-18 23:05:33,396 | WARNING |   VOLUME SANITY REJECT: XTZ-USD 2026-01-18 13:00:00 volume=0.00 < threshold=1000 (source=ALPACA)
2026-01-18 23:05:33,396 | WARNING |   VOLUME SANITY REJECT: XTZ-USD 2026-01-18 14:00:00 volume=0.00 < threshold=1000 (source=ALPACA)
2026-01-18 23:05:33,396 | WARNING |   VOLUME SANITY REJECT: XTZ-USD 2026-01-18 15:00:00 volume=0.00 < threshold=1000 (source=ALPACA)
2026-01-18 23:05:33,396 | WARNING |   VOLUME SANITY REJECT: XTZ-USD 2026-01-18 16:00:00 volume=0.00 < threshold=1000 (source=ALPACA)
2026-01-18 23:05:33,396 | WARNING |   VOLUME SANITY REJECT: XTZ-USD 2026-01-18 17:00:00 volume=0.00 < threshold=1000 (source=ALPACA)
2026-01-18 23:05:33,407 | WARNING |   VOLUME SANITY REJECT: XTZ-USD 2026-01-18 18:00:00 volume=0.00 < threshold=1000 (source=ALPACA)
2026-01-18 23:05:33,407 | WARNING |   VOLUME SANITY REJECT: XTZ-USD 2026-01-18 19:00:00 volume=0.00 < threshold=1000 (source=ALPACA)
2026-01-18 23:05:33,407 | WARNING |   VOLUME SANITY REJECT: XTZ-USD 2026-01-18 20:00:00 volume=0.00 < threshold=1000 (source=ALPACA)
2026-01-18 23:05:33,407 | WARNING |   VOLUME SANITY REJECT: XTZ-USD 2026-01-18 21:00:00 volume=6.21 < threshold=1000 (source=ALPACA)
2026-01-18 23:05:33,407 | WARNING |   VOLUME SANITY REJECT: XTZ-USD 2026-01-18 22:00:00 volume=0.00 < threshold=1000 (source=ALPACA)
2026-01-18 23:05:33,407 | WARNING |   [XTZ-USD] ALL 24 rows REJECTED by volume sanity check (source=ALPACA)
2026-01-18 23:05:33,407 | WARNING |   [XTZ-USD] 0 rows written despite 24 bars received
2026-01-18 23:05:33,924 | INFO |   [ZEC-USD] Stale (22.1h > 6h) - fetching
2026-01-18 23:05:34,056 | WARNING |   [ZEC-USD] No data from Alpaca (STALE)
2026-01-18 23:05:34,557 | INFO |   [AAVE-USD] Stale (22.1h > 6h) - fetching
2026-01-18 23:05:34,697 | WARNING |   VOLUME SANITY REJECT: AAVE-USD 2026-01-17 23:00:00 volume=0.00 < threshold=1000 (source=ALPACA)
2026-01-18 23:05:34,697 | WARNING |   VOLUME SANITY REJECT: AAVE-USD 2026-01-18 00:00:00 volume=0.00 < threshold=1000 (source=ALPACA)
2026-01-18 23:05:34,697 | WARNING |   VOLUME SANITY REJECT: AAVE-USD 2026-01-18 01:00:00 volume=0.00 < threshold=1000 (source=ALPACA)
2026-01-18 23:05:34,707 | WARNING |   VOLUME SANITY REJECT: AAVE-USD 2026-01-18 02:00:00 volume=0.00 < threshold=1000 (source=ALPACA)
2026-01-18 23:05:34,716 | WARNING |   VOLUME SANITY REJECT: AAVE-USD 2026-01-18 03:00:00 volume=0.03 < threshold=1000 (source=ALPACA)
2026-01-18 23:05:34,724 | WARNING |   VOLUME SANITY REJECT: AAVE-USD 2026-01-18 04:00:00 volume=0.00 < threshold=1000 (source=ALPACA)
2026-01-18 23:05:34,727 | WARNING |   VOLUME SANITY REJECT: AAVE-USD 2026-01-18 05:00:00 volume=0.00 < threshold=1000 (source=ALPACA)
2026-01-18 23:05:34,729 | WARNING |   VOLUME SANITY REJECT: AAVE-USD 2026-01-18 06:00:00 volume=0.00 < threshold=1000 (source=ALPACA)
2026-01-18 23:05:34,729 | WARNING |   VOLUME SANITY REJECT: AAVE-USD 2026-01-18 07:00:00 volume=0.00 < threshold=1000 (source=ALPACA)
2026-01-18 23:05:34,729 | WARNING |   VOLUME SANITY REJECT: AAVE-USD 2026-01-18 08:00:00 volume=0.00 < threshold=1000 (source=ALPACA)
2026-01-18 23:05:34,729 | WARNING |   VOLUME SANITY REJECT: AAVE-USD 2026-01-18 09:00:00 volume=0.00 < threshold=1000 (source=ALPACA)
2026-01-18 23:05:34,729 | WARNING |   VOLUME SANITY REJECT: AAVE-USD 2026-01-18 10:00:00 volume=0.03 < threshold=1000 (source=ALPACA)
2026-01-18 23:05:34,729 | WARNING |   VOLUME SANITY REJECT: AAVE-USD 2026-01-18 11:00:00 volume=0.00 < threshold=1000 (source=ALPACA)
2026-01-18 23:05:34,729 | WARNING |   VOLUME SANITY REJECT: AAVE-USD 2026-01-18 12:00:00 volume=0.00 < threshold=1000 (source=ALPACA)
2026-01-18 23:05:34,729 | WARNING |   VOLUME SANITY REJECT: AAVE-USD 2026-01-18 13:00:00 volume=0.00 < threshold=1000 (source=ALPACA)
2026-01-18 23:05:34,729 | WARNING |   VOLUME SANITY REJECT: AAVE-USD 2026-01-18 14:00:00 volume=0.00 < threshold=1000 (source=ALPACA)
2026-01-18 23:05:34,729 | WARNING |   VOLUME SANITY REJECT: AAVE-USD 2026-01-18 15:00:00 volume=0.00 < threshold=1000 (source=ALPACA)
2026-01-18 23:05:34,729 | WARNING |   VOLUME SANITY REJECT: AAVE-USD 2026-01-18 16:00:00 volume=0.03 < threshold=1000 (source=ALPACA)
2026-01-18 23:05:34,729 | WARNING |   VOLUME SANITY REJECT: AAVE-USD 2026-01-18 17:00:00 volume=0.08 < threshold=1000 (source=ALPACA)
2026-01-18 23:05:34,729 | WARNING |   VOLUME SANITY REJECT: AAVE-USD 2026-01-18 18:00:00 volume=0.19 < threshold=1000 (source=ALPACA)
2026-01-18 23:05:34,740 | WARNING |   VOLUME SANITY REJECT: AAVE-USD 2026-01-18 19:00:00 volume=0.00 < threshold=1000 (source=ALPACA)
2026-01-18 23:05:34,740 | WARNING |   VOLUME SANITY REJECT: AAVE-USD 2026-01-18 20:00:00 volume=0.27 < threshold=1000 (source=ALPACA)
2026-01-18 23:05:34,740 | WARNING |   VOLUME SANITY REJECT: AAVE-USD 2026-01-18 21:00:00 volume=0.02 < threshold=1000 (source=ALPACA)
2026-01-18 23:05:34,740 | WARNING |   VOLUME SANITY REJECT: AAVE-USD 2026-01-18 22:00:00 volume=0.00 < threshold=1000 (source=ALPACA)
2026-01-18 23:05:34,740 | WARNING |   [AAVE-USD] ALL 24 rows REJECTED by volume sanity check (source=ALPACA)
2026-01-18 23:05:34,740 | WARNING |   [AAVE-USD] 0 rows written despite 24 bars received
2026-01-18 23:05:35,246 | INFO | Alpaca: Updated 6 assets, 30 remaining
2026-01-18 23:05:35,498 | INFO | ============================================================
2026-01-18 23:05:35,498 | INFO | ATTEMPTING YAHOO FINANCE INGEST (Fallback Provider)
2026-01-18 23:05:35,498 | INFO | Assets: 30, Using BATCH DOWNLOAD (efficient)
2026-01-18 23:05:35,508 | INFO | ============================================================
2026-01-18 23:05:35,508 | INFO |   Checking Yahoo Finance rate limit status...
2026-01-18 23:05:39,563 | ERROR | 
1 Failed download:
2026-01-18 23:05:39,563 | ERROR | ['AAPL']: YFRateLimitError('Too Many Requests. Rate limited. Try after a while.')
2026-01-18 23:05:39,573 | WARNING |   RATE LIMITED - Yahoo Finance is currently blocking requests
2026-01-18 23:05:39,573 | WARNING |   Skipping Yahoo and marking all assets as failed
2026-01-18 23:05:39,573 | INFO | Yahoo: Updated 0 assets, 30 remaining
2026-01-18 23:05:39,573 | INFO | 
============================================================
2026-01-18 23:05:39,573 | INFO | VERIFICATION: Checking Data Freshness
2026-01-18 23:05:39,573 | INFO | ============================================================
2026-01-18 23:05:40,338 | WARNING | VERIFICATION FAILED: 4 assets are stale
2026-01-18 23:05:40,338 | WARNING |   - BT.A.L: 34 days stale (last: 2025-12-15)
2026-01-18 23:05:40,338 | WARNING |   - 1COV.DE: 26 days stale (last: 2025-12-23)
2026-01-18 23:05:40,338 | WARNING |   - TLT: 9 days stale (last: 2026-01-09)
2026-01-18 23:05:40,338 | WARNING |   - GLD: 8 days stale (last: 2026-01-10)
2026-01-18 23:05:40,821 | CRITICAL | ALERT [CRITICAL]: DATA VERIFICATION FAILED: 4 assets still stale after ingest! Updated: 6, Rows: 15
2026-01-18 23:05:40,821 | WARNING | Governance logging failed: column "action_timestamp" of relation "governance_actions_log" does not exist
LINE 3:                     action_type, action_timestamp, action_by...
                                         ^

2026-01-18 23:05:40,821 | WARNING | ALERT [WARNING]: PARTIAL INGEST: 30 assets could not be updated via any provider
2026-01-18 23:05:40,821 | WARNING | Heartbeat recording failed: relation "fhq_monitoring.system_heartbeats" does not exist
LINE 2:                 INSERT INTO fhq_monitoring.system_heartbeats...
                                    ^

2026-01-18 23:05:40,821 | WARNING | Governance logging failed: current transaction is aborted, commands ignored until end of transaction block

2026-01-18 23:05:40,830 | INFO | 
======================================================================
2026-01-18 23:05:40,830 | INFO | BULLETPROOF INGEST COMPLETE
2026-01-18 23:05:40,830 | INFO | ======================================================================
2026-01-18 23:05:40,830 | INFO | Status: PARTIAL
2026-01-18 23:05:40,830 | INFO | Assets Updated: 6
2026-01-18 23:05:40,830 | INFO | Rows Inserted: 15
2026-01-18 23:05:40,830 | INFO | Providers Used: ALPACA, YAHOO
2026-01-18 23:05:40,830 | INFO | Verification: FAILED (4 stale)
2026-01-18 23:05:40,830 | INFO | Elapsed: 37.4s
2026-01-18 23:05:40,830 | INFO | 
Freshness by Asset Class:
2026-01-18 23:05:40,830 | INFO |   CRYPTO: 46/50 fresh (92.0%)
2026-01-18 23:05:40,830 | INFO |   EQUITY: 419/422 fresh (99.3%)
2026-01-18 23:05:40,830 | INFO |   ETF: 0/2 fresh (0.0%)
2026-01-18 23:05:40,830 | INFO |   FX: 24/25 fresh (96.0%)
2026-01-18 23:05:40,830 | INFO | 
Evidence: C:\fhq-market-system\vision-ios\03_FUNCTIONS\evidence\BULLETPROOF_INGEST_2920117e_20260118_230540.json
2026-01-18 23:05:40,830 | INFO | ======================================================================
