2025-12-31 23:00:01,940 | INFO | ======================================================================
2025-12-31 23:00:01,940 | INFO | IoS-001 BULLETPROOF DAILY PRICE INGEST
2025-12-31 23:00:01,940 | INFO | ======================================================================
2025-12-31 23:00:01,940 | INFO | CEO Directive: CD-IOS-001-DAILY-INGEST-BULLETPROOF-001
2025-12-31 23:00:01,940 | INFO | Executor: STIG (EC-003)
2025-12-31 23:00:01,940 | INFO | Time: 2025-12-31T22:00:01.940525+00:00
2025-12-31 23:00:01,940 | INFO | Asset Class Filter: FX
2025-12-31 23:00:01,940 | INFO | Dry Run: False
2025-12-31 23:00:01,940 | INFO | Canonical Source: fhq_market.prices (ONLY)
2025-12-31 23:00:01,940 | INFO | ======================================================================
2025-12-31 23:00:02,031 | INFO | Found 24 canonical assets
2025-12-31 23:00:02,574 | INFO | ============================================================
2025-12-31 23:00:02,575 | INFO | ATTEMPTING ALPACA INGEST (Primary Provider)
2025-12-31 23:00:02,576 | INFO | Assets: 24, Rate limit: 200/min
2025-12-31 23:00:02,576 | INFO | ============================================================
2025-12-31 23:00:02,619 | INFO | Alpaca: Updated 0 assets, 24 remaining
2025-12-31 23:00:03,064 | INFO | ============================================================
2025-12-31 23:00:03,064 | INFO | ATTEMPTING YAHOO FINANCE INGEST (Fallback Provider)
2025-12-31 23:00:03,064 | INFO | Assets: 24, Using BATCH DOWNLOAD (efficient)
2025-12-31 23:00:03,064 | INFO | ============================================================
2025-12-31 23:00:03,064 | INFO |   Checking Yahoo Finance rate limit status...
2025-12-31 23:00:04,512 | INFO |   Rate limit check passed - proceeding with download
2025-12-31 23:00:04,556 | INFO |   Downloading 24 symbols from 2025-12-01 to 2025-12-31
2025-12-31 23:00:04,557 | INFO |   Batch 1/1: 24 symbols
2025-12-31 23:00:07,509 | INFO |   [AUDJPY=X] +1 rows via YAHOO
2025-12-31 23:00:07,524 | INFO |   [AUDUSD=X] +2 rows via YAHOO
2025-12-31 23:00:07,534 | INFO |   [CADJPY=X] +2 rows via YAHOO
2025-12-31 23:00:07,540 | INFO |   [CHFJPY=X] +2 rows via YAHOO
2025-12-31 23:00:07,550 | INFO |   [EURAUD=X] +1 rows via YAHOO
2025-12-31 23:00:07,550 | INFO |   [EURCHF=X] +1 rows via YAHOO
2025-12-31 23:00:07,561 | INFO |   [EURGBP=X] +1 rows via YAHOO
2025-12-31 23:00:07,570 | INFO |   [EURJPY=X] +1 rows via YAHOO
2025-12-31 23:00:07,572 | INFO |   [EURNOK=X] +1 rows via YAHOO
2025-12-31 23:00:07,581 | INFO |   [EURSEK=X] +1 rows via YAHOO
2025-12-31 23:00:07,587 | INFO |   [EURUSD=X] +1 rows via YAHOO
2025-12-31 23:00:07,591 | INFO |   [GBPJPY=X] +2 rows via YAHOO
2025-12-31 23:00:07,602 | INFO |   [GBPUSD=X] +2 rows via YAHOO
2025-12-31 23:00:07,612 | INFO |   [NZDUSD=X] +2 rows via YAHOO
2025-12-31 23:00:07,620 | INFO |   [USDCAD=X] +1 rows via YAHOO
2025-12-31 23:00:07,626 | INFO |   [USDCHF=X] +1 rows via YAHOO
2025-12-31 23:00:07,632 | INFO |   [USDHKD=X] +1 rows via YAHOO
2025-12-31 23:00:07,639 | INFO |   [USDJPY=X] +1 rows via YAHOO
2025-12-31 23:00:07,644 | INFO |   [USDMXN=X] +1 rows via YAHOO
2025-12-31 23:00:07,650 | INFO |   [USDNOK=X] +1 rows via YAHOO
2025-12-31 23:00:07,656 | INFO |   [USDSEK=X] +1 rows via YAHOO
2025-12-31 23:00:07,663 | INFO |   [USDSGD=X] +2 rows via YAHOO
2025-12-31 23:00:07,669 | INFO |   [USDTRY=X] +1 rows via YAHOO
2025-12-31 23:00:07,676 | INFO |   [USDZAR=X] +1 rows via YAHOO
2025-12-31 23:00:07,676 | INFO |   Yahoo ingest complete: 24 updated, 0 failed
2025-12-31 23:00:07,676 | INFO | Yahoo: Updated 24 assets, 0 remaining
2025-12-31 23:00:07,676 | INFO | 
============================================================
2025-12-31 23:00:07,676 | INFO | VERIFICATION: Checking Data Freshness
2025-12-31 23:00:07,676 | INFO | ============================================================
2025-12-31 23:00:08,362 | WARNING | VERIFICATION FAILED: 2 assets are stale
2025-12-31 23:00:08,362 | WARNING |   - BT.A.L: 16 days stale (last: 2025-12-15)
2025-12-31 23:00:08,362 | WARNING |   - 1COV.DE: 8 days stale (last: 2025-12-23)
2025-12-31 23:00:08,907 | CRITICAL | ALERT [CRITICAL]: DATA VERIFICATION FAILED: 2 assets still stale after ingest! Updated: 24, Rows: 31
2025-12-31 23:00:08,907 | WARNING | Governance logging failed: column "action_timestamp" of relation "governance_actions_log" does not exist
LINE 3:                     action_type, action_timestamp, action_by...
                                         ^

2025-12-31 23:00:08,907 | WARNING | Heartbeat recording failed: relation "fhq_monitoring.system_heartbeats" does not exist
LINE 2:                 INSERT INTO fhq_monitoring.system_heartbeats...
                                    ^

2025-12-31 23:00:08,907 | WARNING | Governance logging failed: current transaction is aborted, commands ignored until end of transaction block

2025-12-31 23:00:08,907 | INFO | 
======================================================================
2025-12-31 23:00:08,907 | INFO | BULLETPROOF INGEST COMPLETE
2025-12-31 23:00:08,907 | INFO | ======================================================================
2025-12-31 23:00:08,907 | INFO | Status: SUCCESS
2025-12-31 23:00:08,907 | INFO | Assets Updated: 24
2025-12-31 23:00:08,907 | INFO | Rows Inserted: 31
2025-12-31 23:00:08,907 | INFO | Providers Used: ALPACA, YAHOO
2025-12-31 23:00:08,907 | INFO | Verification: FAILED (2 stale)
2025-12-31 23:00:08,907 | INFO | Elapsed: 7.0s
2025-12-31 23:00:08,907 | INFO | 
Freshness by Asset Class:
2025-12-31 23:00:08,907 | INFO |   CRYPTO: 46/50 fresh (92.0%)
2025-12-31 23:00:08,907 | INFO |   EQUITY: 419/422 fresh (99.3%)
2025-12-31 23:00:08,907 | INFO |   FX: 24/25 fresh (96.0%)
2025-12-31 23:00:08,907 | INFO | 
Evidence: C:\fhq-market-system\vision-ios\03_FUNCTIONS\evidence\BULLETPROOF_INGEST_66a0a096_20251231_230008.json
2025-12-31 23:00:08,907 | INFO | ======================================================================
