2026-01-20 02:05:06,053 | INFO | ======================================================================
2026-01-20 02:05:06,053 | INFO | IoS-001 BULLETPROOF DAILY PRICE INGEST
2026-01-20 02:05:06,054 | INFO | ======================================================================
2026-01-20 02:05:06,054 | INFO | CEO Directive: CD-IOS-001-DAILY-INGEST-BULLETPROOF-001
2026-01-20 02:05:06,054 | INFO | Executor: STIG (EC-003)
2026-01-20 02:05:06,055 | INFO | Time: 2026-01-20T01:05:06.052358+00:00
2026-01-20 02:05:06,055 | INFO | Asset Class Filter: CRYPTO
2026-01-20 02:05:06,055 | INFO | Dry Run: False
2026-01-20 02:05:06,056 | INFO | Canonical Source: fhq_market.prices (ONLY)
2026-01-20 02:05:06,056 | INFO | ======================================================================
2026-01-20 02:05:06,203 | INFO | Found 46 canonical assets
2026-01-20 02:05:07,378 | INFO | ============================================================
2026-01-20 02:05:07,378 | INFO | ATTEMPTING ALPACA INGEST (Primary Provider)
2026-01-20 02:05:07,378 | INFO | Assets: 46, Rate limit: 200/min
2026-01-20 02:05:07,378 | INFO | ============================================================
2026-01-20 02:05:07,411 | INFO |   [GRT-USD] Stale (7.1h > 6h) - fetching
2026-01-20 02:05:08,853 | WARNING |   VOLUME SANITY REJECT: GRT-USD 2026-01-19 02:00:00 volume=0.00 < threshold=1000 (source=ALPACA)
2026-01-20 02:05:08,853 | WARNING |   VOLUME SANITY REJECT: GRT-USD 2026-01-19 04:00:00 volume=73.30 < threshold=1000 (source=ALPACA)
2026-01-20 02:05:08,853 | WARNING |   VOLUME SANITY REJECT: GRT-USD 2026-01-19 05:00:00 volume=0.00 < threshold=1000 (source=ALPACA)
2026-01-20 02:05:08,856 | WARNING |   VOLUME SANITY REJECT: GRT-USD 2026-01-19 06:00:00 volume=0.00 < threshold=1000 (source=ALPACA)
2026-01-20 02:05:08,857 | WARNING |   VOLUME SANITY REJECT: GRT-USD 2026-01-19 07:00:00 volume=0.00 < threshold=1000 (source=ALPACA)
2026-01-20 02:05:08,857 | WARNING |   VOLUME SANITY REJECT: GRT-USD 2026-01-19 08:00:00 volume=0.00 < threshold=1000 (source=ALPACA)
2026-01-20 02:05:08,857 | WARNING |   VOLUME SANITY REJECT: GRT-USD 2026-01-19 09:00:00 volume=0.00 < threshold=1000 (source=ALPACA)
2026-01-20 02:05:08,859 | WARNING |   VOLUME SANITY REJECT: GRT-USD 2026-01-19 10:00:00 volume=0.00 < threshold=1000 (source=ALPACA)
2026-01-20 02:05:08,859 | WARNING |   VOLUME SANITY REJECT: GRT-USD 2026-01-19 11:00:00 volume=0.00 < threshold=1000 (source=ALPACA)
2026-01-20 02:05:08,859 | WARNING |   VOLUME SANITY REJECT: GRT-USD 2026-01-19 12:00:00 volume=867.73 < threshold=1000 (source=ALPACA)
2026-01-20 02:05:08,859 | WARNING |   VOLUME SANITY REJECT: GRT-USD 2026-01-19 13:00:00 volume=0.00 < threshold=1000 (source=ALPACA)
2026-01-20 02:05:08,859 | WARNING |   VOLUME SANITY REJECT: GRT-USD 2026-01-19 15:00:00 volume=50.02 < threshold=1000 (source=ALPACA)
2026-01-20 02:05:08,859 | WARNING |   VOLUME SANITY REJECT: GRT-USD 2026-01-19 16:00:00 volume=137.71 < threshold=1000 (source=ALPACA)
2026-01-20 02:05:08,859 | WARNING |   VOLUME SANITY REJECT: GRT-USD 2026-01-19 17:00:00 volume=74.15 < threshold=1000 (source=ALPACA)
2026-01-20 02:05:08,859 | WARNING |   VOLUME SANITY REJECT: GRT-USD 2026-01-19 19:00:00 volume=0.00 < threshold=1000 (source=ALPACA)
2026-01-20 02:05:08,859 | WARNING |   VOLUME SANITY REJECT: GRT-USD 2026-01-19 20:00:00 volume=0.00 < threshold=1000 (source=ALPACA)
2026-01-20 02:05:08,859 | WARNING |   VOLUME SANITY REJECT: GRT-USD 2026-01-19 21:00:00 volume=0.00 < threshold=1000 (source=ALPACA)
2026-01-20 02:05:08,867 | WARNING |   VOLUME SANITY REJECT: GRT-USD 2026-01-19 22:00:00 volume=50.51 < threshold=1000 (source=ALPACA)
2026-01-20 02:05:08,867 | WARNING |   VOLUME SANITY REJECT: GRT-USD 2026-01-19 23:00:00 volume=0.00 < threshold=1000 (source=ALPACA)
2026-01-20 02:05:08,867 | WARNING |   VOLUME SANITY REJECT: GRT-USD 2026-01-20 00:00:00 volume=0.00 < threshold=1000 (source=ALPACA)
2026-01-20 02:05:08,867 | WARNING |   VOLUME SANITY REJECT: GRT-USD 2026-01-20 01:00:00 volume=0.00 < threshold=1000 (source=ALPACA)
2026-01-20 02:05:08,867 | WARNING |   [GRT-USD] 21 rows REJECTED by volume sanity, 3 rows INSERTED (source=ALPACA)
2026-01-20 02:05:08,877 | INFO |   [GRT-USD] +3 rows via ALPACA (latest: 2026-01-20 01:00:00+00:00)
2026-01-20 02:05:09,395 | INFO |   [UNI-USD] Stale (48.1h > 6h) - fetching
2026-01-20 02:05:09,543 | WARNING |   VOLUME SANITY REJECT: UNI-USD 2026-01-19 02:00:00 volume=3.65 < threshold=1000 (source=ALPACA)
2026-01-20 02:05:09,549 | WARNING |   VOLUME SANITY REJECT: UNI-USD 2026-01-19 03:00:00 volume=9.83 < threshold=1000 (source=ALPACA)
2026-01-20 02:05:09,549 | WARNING |   VOLUME SANITY REJECT: UNI-USD 2026-01-19 04:00:00 volume=10.56 < threshold=1000 (source=ALPACA)
2026-01-20 02:05:09,549 | WARNING |   VOLUME SANITY REJECT: UNI-USD 2026-01-19 05:00:00 volume=0.00 < threshold=1000 (source=ALPACA)
2026-01-20 02:05:09,549 | WARNING |   VOLUME SANITY REJECT: UNI-USD 2026-01-19 06:00:00 volume=0.98 < threshold=1000 (source=ALPACA)
2026-01-20 02:05:09,549 | WARNING |   VOLUME SANITY REJECT: UNI-USD 2026-01-19 07:00:00 volume=0.00 < threshold=1000 (source=ALPACA)
2026-01-20 02:05:09,549 | WARNING |   VOLUME SANITY REJECT: UNI-USD 2026-01-19 08:00:00 volume=3.32 < threshold=1000 (source=ALPACA)
2026-01-20 02:05:09,549 | WARNING |   VOLUME SANITY REJECT: UNI-USD 2026-01-19 09:00:00 volume=0.00 < threshold=1000 (source=ALPACA)
2026-01-20 02:05:09,549 | WARNING |   VOLUME SANITY REJECT: UNI-USD 2026-01-19 10:00:00 volume=0.00 < threshold=1000 (source=ALPACA)
2026-01-20 02:05:09,549 | WARNING |   VOLUME SANITY REJECT: UNI-USD 2026-01-19 11:00:00 volume=39.83 < threshold=1000 (source=ALPACA)
2026-01-20 02:05:09,560 | WARNING |   VOLUME SANITY REJECT: UNI-USD 2026-01-19 12:00:00 volume=5.56 < threshold=1000 (source=ALPACA)
2026-01-20 02:05:09,561 | WARNING |   VOLUME SANITY REJECT: UNI-USD 2026-01-19 13:00:00 volume=0.00 < threshold=1000 (source=ALPACA)
2026-01-20 02:05:09,563 | WARNING |   VOLUME SANITY REJECT: UNI-USD 2026-01-19 14:00:00 volume=58.06 < threshold=1000 (source=ALPACA)
2026-01-20 02:05:09,564 | WARNING |   VOLUME SANITY REJECT: UNI-USD 2026-01-19 15:00:00 volume=3.26 < threshold=1000 (source=ALPACA)
2026-01-20 02:05:09,566 | WARNING |   VOLUME SANITY REJECT: UNI-USD 2026-01-19 16:00:00 volume=0.00 < threshold=1000 (source=ALPACA)
2026-01-20 02:05:09,567 | WARNING |   VOLUME SANITY REJECT: UNI-USD 2026-01-19 17:00:00 volume=0.99 < threshold=1000 (source=ALPACA)
2026-01-20 02:05:09,568 | WARNING |   VOLUME SANITY REJECT: UNI-USD 2026-01-19 18:00:00 volume=0.00 < threshold=1000 (source=ALPACA)
2026-01-20 02:05:09,569 | WARNING |   VOLUME SANITY REJECT: UNI-USD 2026-01-19 19:00:00 volume=126.41 < threshold=1000 (source=ALPACA)
2026-01-20 02:05:09,570 | WARNING |   VOLUME SANITY REJECT: UNI-USD 2026-01-19 20:00:00 volume=0.31 < threshold=1000 (source=ALPACA)
2026-01-20 02:05:09,571 | WARNING |   VOLUME SANITY REJECT: UNI-USD 2026-01-19 21:00:00 volume=0.00 < threshold=1000 (source=ALPACA)
2026-01-20 02:05:09,571 | WARNING |   VOLUME SANITY REJECT: UNI-USD 2026-01-19 22:00:00 volume=0.00 < threshold=1000 (source=ALPACA)
2026-01-20 02:05:09,572 | WARNING |   VOLUME SANITY REJECT: UNI-USD 2026-01-19 23:00:00 volume=0.00 < threshold=1000 (source=ALPACA)
2026-01-20 02:05:09,573 | WARNING |   VOLUME SANITY REJECT: UNI-USD 2026-01-20 00:00:00 volume=0.00 < threshold=1000 (source=ALPACA)
2026-01-20 02:05:09,573 | WARNING |   VOLUME SANITY REJECT: UNI-USD 2026-01-20 01:00:00 volume=0.00 < threshold=1000 (source=ALPACA)
2026-01-20 02:05:09,574 | WARNING |   [UNI-USD] ALL 24 rows REJECTED by volume sanity check (source=ALPACA)
2026-01-20 02:05:09,574 | WARNING |   [UNI-USD] 0 rows written despite 24 bars received
2026-01-20 02:05:10,078 | INFO | Alpaca: Updated 1 assets, 0 remaining
2026-01-20 02:05:10,078 | INFO | 
============================================================
2026-01-20 02:05:10,078 | INFO | VERIFICATION: Checking Data Freshness
2026-01-20 02:05:10,078 | INFO | ============================================================
2026-01-20 02:05:11,384 | WARNING | VERIFICATION FAILED: 280 assets are stale
2026-01-20 02:05:11,384 | WARNING |   - BT.A.L: 36 days stale (last: 2025-12-15)
2026-01-20 02:05:11,384 | WARNING |   - 1COV.DE: 28 days stale (last: 2025-12-23)
2026-01-20 02:05:11,384 | WARNING |   - TLT: 11 days stale (last: 2026-01-09)
2026-01-20 02:05:11,389 | WARNING |   - GLD: 10 days stale (last: 2026-01-10)
2026-01-20 02:05:11,389 | WARNING |   - ADBE: 4 days stale (last: 2026-01-16)
2026-01-20 02:05:11,389 | WARNING |   - ADI: 4 days stale (last: 2026-01-16)
2026-01-20 02:05:11,389 | WARNING |   - ADSK: 4 days stale (last: 2026-01-16)
2026-01-20 02:05:11,389 | WARNING |   - AEP: 4 days stale (last: 2026-01-16)
2026-01-20 02:05:11,389 | WARNING |   - AFL: 4 days stale (last: 2026-01-16)
2026-01-20 02:05:11,389 | WARNING |   - AIG: 4 days stale (last: 2026-01-16)
2026-01-20 02:05:11,389 | WARNING |   ... and 270 more
2026-01-20 02:05:12,144 | CRITICAL | ALERT [CRITICAL]: DATA VERIFICATION FAILED: 280 assets still stale after ingest! Updated: 1, Rows: 3
2026-01-20 02:05:12,154 | WARNING | Governance logging failed: column "action_timestamp" of relation "governance_actions_log" does not exist
LINE 3:                     action_type, action_timestamp, action_by...
                                         ^

2026-01-20 02:05:12,154 | WARNING | Heartbeat recording failed: relation "fhq_monitoring.system_heartbeats" does not exist
LINE 2:                 INSERT INTO fhq_monitoring.system_heartbeats...
                                    ^

2026-01-20 02:05:12,154 | WARNING | Governance logging failed: current transaction is aborted, commands ignored until end of transaction block

2026-01-20 02:05:12,161 | INFO | 
======================================================================
2026-01-20 02:05:12,164 | INFO | BULLETPROOF INGEST COMPLETE
2026-01-20 02:05:12,164 | INFO | ======================================================================
2026-01-20 02:05:12,164 | INFO | Status: SUCCESS
2026-01-20 02:05:12,164 | INFO | Assets Updated: 1
2026-01-20 02:05:12,164 | INFO | Rows Inserted: 3
2026-01-20 02:05:12,164 | INFO | Providers Used: ALPACA
2026-01-20 02:05:12,164 | INFO | Verification: FAILED (280 stale)
2026-01-20 02:05:12,164 | INFO | Elapsed: 6.1s
2026-01-20 02:05:12,164 | INFO | 
Freshness by Asset Class:
2026-01-20 02:05:12,164 | INFO |   CRYPTO: 46/50 fresh (92.0%)
2026-01-20 02:05:12,164 | INFO |   EQUITY: 143/422 fresh (33.9%)
2026-01-20 02:05:12,164 | INFO |   ETF: 0/2 fresh (0.0%)
2026-01-20 02:05:12,164 | INFO |   FX: 24/25 fresh (96.0%)
2026-01-20 02:05:12,164 | INFO | 
Evidence: C:\fhq-market-system\vision-ios\03_FUNCTIONS\evidence\BULLETPROOF_INGEST_31fc2d8f_20260120_020512.json
2026-01-20 02:05:12,164 | INFO | ======================================================================
