2025-12-31 23:30:03,132 | INFO | ======================================================================
2025-12-31 23:30:03,132 | INFO | IoS-001 BULLETPROOF DAILY PRICE INGEST
2025-12-31 23:30:03,132 | INFO | IoS-001 BULLETPROOF DAILY PRICE INGEST
2025-12-31 23:30:03,132 | INFO | ======================================================================
2025-12-31 23:30:03,132 | INFO | CEO Directive: CD-IOS-001-DAILY-INGEST-BULLETPROOF-001
2025-12-31 23:30:03,132 | INFO | Executor: STIG (EC-003)
2025-12-31 23:30:03,132 | INFO | Executor: STIG (EC-003)
2025-12-31 23:30:03,132 | INFO | Time: 2025-12-31T22:30:03.132316+00:00
2025-12-31 23:30:03,132 | INFO | Asset Class Filter: EQUITY
2025-12-31 23:30:03,132 | INFO | Time: 2025-12-31T22:30:03.132316+00:00
2025-12-31 23:30:03,132 | INFO | Dry Run: False
er: FX
2025-12-31 23:30:03,132 | INFO | Canonical Source: fhq_market.prices (ONLY)
2025-12-31 23:30:03,132 | INFO | Canonical Source: fhq_market.prices (ONLY)
==========================
2025-12-31 23:30:03,132 | INFO | ======================================================================
2025-12-31 23:30:03,220 | INFO | Found 24 canonical assets
2025-12-31 23:30:03,220 | INFO | Found 421 canonical assets
2025-12-31 23:30:03,805 | INFO | ============================================================
2025-12-31 23:30:03,805 | INFO | ATTEMPTING ALPACA INGEST (Primary Provider)
2025-12-31 23:30:03,805 | INFO | ATTEMPTING ALPACA INGEST (Primary Provider)
2025-12-31 23:30:03,805 | INFO | Assets: 421, Rate limit: 200/min
2025-12-31 23:30:03,805 | INFO | Assets: 24, Rate limit: 200/min
2025-12-31 23:30:03,805 | INFO | ============================================================
2025-12-31 23:30:03,805 | INFO | ============================================================
2025-12-31 23:30:03,860 | INFO | Alpaca: Updated 0 assets, 0 remaining
2025-12-31 23:30:03,860 | INFO | 
============================================================
2025-12-31 23:30:03,860 | INFO | VERIFICATION: Checking Data Freshness
2025-12-31 23:30:03,861 | INFO | ============================================================
2025-12-31 23:30:04,521 | WARNING | VERIFICATION FAILED: 2 assets are stale
2025-12-31 23:30:04,521 | WARNING |   - BT.A.L: 16 days stale (last: 2025-12-15)
2025-12-31 23:30:04,522 | WARNING |   - 1COV.DE: 8 days stale (last: 2025-12-23)
2025-12-31 23:30:05,050 | CRITICAL | ALERT [CRITICAL]: DATA VERIFICATION FAILED: 2 assets still stale after ingest! Updated: 0, Rows: 0
2025-12-31 23:30:05,054 | WARNING | Governance logging failed: column "action_timestamp" of relation "governance_actions_log" does not exist
LINE 3:                     action_type, action_timestamp, action_by...
                                         ^

2025-12-31 23:30:05,054 | CRITICAL | ALERT [CRITICAL]: ALL INGEST METHODS FAILED - No assets were updated! Manual intervention required.
2025-12-31 23:30:05,054 | WARNING | Heartbeat recording failed: relation "fhq_monitoring.system_heartbeats" does not exist
LINE 2:                 INSERT INTO fhq_monitoring.system_heartbeats...
                                    ^

2025-12-31 23:30:05,054 | WARNING | Governance logging failed: current transaction is aborted, commands ignored until end of transaction block

2025-12-31 23:30:05,062 | INFO | 
======================================================================
2025-12-31 23:30:05,062 | INFO | BULLETPROOF INGEST COMPLETE
2025-12-31 23:30:05,063 | INFO | ======================================================================
2025-12-31 23:30:05,063 | INFO | Status: FAILED
2025-12-31 23:30:05,063 | INFO | Assets Updated: 0
2025-12-31 23:30:05,063 | INFO | Rows Inserted: 0
2025-12-31 23:30:05,063 | INFO | Providers Used: ALPACA
2025-12-31 23:30:05,064 | INFO | Verification: FAILED (2 stale)
2025-12-31 23:30:05,064 | INFO | Elapsed: 1.9s
2025-12-31 23:30:05,064 | INFO | 
Freshness by Asset Class:
2025-12-31 23:30:05,064 | INFO |   CRYPTO: 46/50 fresh (92.0%)
2025-12-31 23:30:05,065 | INFO |   EQUITY: 419/422 fresh (99.3%)
2025-12-31 23:30:05,065 | INFO |   FX: 24/25 fresh (96.0%)
2025-12-31 23:30:05,065 | INFO | 
Evidence: C:\fhq-market-system\vision-ios\03_FUNCTIONS\evidence\BULLETPROOF_INGEST_b5133c38_20251231_233005.json
2025-12-31 23:30:05,065 | INFO | ======================================================================
2025-12-31 23:30:05,503 | WARNING |   [BRK.B] Alpaca error: {"message":"subscription does not permit querying recent SIP data"}

2025-12-31 23:30:06,243 | WARNING |   [BT.A.L] Alpaca error: {"message":"subscription does not permit querying recent SIP data"}

2025-12-31 23:30:07,222 | INFO | Alpaca: Updated 0 assets, 79 remaining
2025-12-31 23:30:07,585 | INFO | ============================================================
2025-12-31 23:30:07,585 | INFO | ATTEMPTING YAHOO FINANCE INGEST (Fallback Provider)
2025-12-31 23:30:07,585 | INFO | Assets: 79, Using BATCH DOWNLOAD (efficient)
2025-12-31 23:30:07,585 | INFO | ============================================================
2025-12-31 23:30:07,585 | INFO |   Checking Yahoo Finance rate limit status...
2025-12-31 23:30:12,465 | ERROR | 
1 Failed download:
2025-12-31 23:30:12,472 | ERROR | ['AAPL']: YFRateLimitError('Too Many Requests. Rate limited. Try after a while.')
2025-12-31 23:30:12,503 | WARNING |   RATE LIMITED - Yahoo Finance is currently blocking requests
2025-12-31 23:30:12,503 | WARNING |   Skipping Yahoo and marking all assets as failed
2025-12-31 23:30:12,503 | INFO | Yahoo: Updated 0 assets, 79 remaining
2025-12-31 23:30:12,503 | INFO | ============================================================
2025-12-31 23:30:12,503 | INFO | ATTEMPTING TWELVEDATA EQUITY INGEST (Backup Provider)
2025-12-31 23:30:12,503 | INFO | Assets: 79, Rate limit: 7/min (90% of free tier)
2025-12-31 23:30:12,503 | INFO | Daily limit: 720 calls (90% of 800)
2025-12-31 23:30:12,503 | INFO | ============================================================
2025-12-31 23:30:12,503 | INFO |   Equity assets: 79, Non-equity: 0
2025-12-31 23:30:13,447 | WARNING |   [1COV.DE] TwelveData error: This symbol is available starting with Grow (Grow plan). Consider upgrading now at https://twelvedata.com/pricing
2025-12-31 23:30:22,545 | WARNING |   [ADS.DE] TwelveData error: This symbol is available starting with Grow (Grow plan). Consider upgrading now at https://twelvedata.com/pricing
2025-12-31 23:30:31,742 | WARNING |   [AIR.DE] TwelveData error: This symbol is available starting with Grow (Grow plan). Consider upgrading now at https://twelvedata.com/pricing
2025-12-31 23:31:18,113 | WARNING |   [ALV.DE] TwelveData error: This symbol is available starting with Grow (Grow plan). Consider upgrading now at https://twelvedata.com/pricing
2025-12-31 23:31:54,897 | WARNING |   [BAS.DE] TwelveData error: This symbol is available starting with Grow (Grow plan). Consider upgrading now at https://twelvedata.com/pricing
2025-12-31 23:32:04,040 | WARNING |   [BAYN.DE] TwelveData error: This symbol is available starting with Grow (Grow plan). Consider upgrading now at https://twelvedata.com/pricing
2025-12-31 23:32:13,171 | WARNING |   [BEI.DE] TwelveData error: This symbol is available starting with Grow (Grow plan). Consider upgrading now at https://twelvedata.com/pricing
2025-12-31 23:32:31,612 | WARNING |   [BMW.DE] TwelveData error: This symbol is available starting with Grow (Grow plan). Consider upgrading now at https://twelvedata.com/pricing
2025-12-31 23:32:40,872 | WARNING |   [BNR.DE] TwelveData error: This symbol is available starting with Grow (Grow plan). Consider upgrading now at https://twelvedata.com/pricing
2025-12-31 23:32:50,068 | WARNING |   [BRK.B] TwelveData error: No data is available on the specified dates. Try setting different start/end dates.
2025-12-31 23:33:17,589 | WARNING |   [CBK.DE] TwelveData error: This symbol is available starting with Grow (Grow plan). Consider upgrading now at https://twelvedata.com/pricing
2025-12-31 23:33:26,932 | WARNING |   [CON.DE] TwelveData error: This symbol is available starting with Grow (Grow plan). Consider upgrading now at https://twelvedata.com/pricing
2025-12-31 23:33:36,047 | WARNING |   [DBK.DE] TwelveData error: This symbol is available starting with Grow (Grow plan). Consider upgrading now at https://twelvedata.com/pricing
2025-12-31 23:33:45,136 | WARNING |   [DHER.DE] TwelveData error: This symbol is available starting with Grow (Grow plan). Consider upgrading now at https://twelvedata.com/pricing
2025-12-31 23:33:54,198 | WARNING |   [DHL.DE] TwelveData error: This symbol is available starting with Grow (Grow plan). Consider upgrading now at https://twelvedata.com/pricing
2025-12-31 23:34:12,450 | WARNING |   [DTE.DE] TwelveData error: This symbol is available starting with Grow (Grow plan). Consider upgrading now at https://twelvedata.com/pricing
2025-12-31 23:34:30,555 | WARNING |   [ENR.DE] TwelveData error: This symbol is available starting with Grow (Grow plan). Consider upgrading now at https://twelvedata.com/pricing
2025-12-31 23:34:48,965 | WARNING |   [EOAN.DE] TwelveData error: This symbol is available starting with Grow (Grow plan). Consider upgrading now at https://twelvedata.com/pricing
2025-12-31 23:35:07,254 | WARNING |   [FRE.DE] TwelveData error: This symbol is available starting with Grow (Grow plan). Consider upgrading now at https://twelvedata.com/pricing
2025-12-31 23:35:44,138 | WARNING |   [HEN3.DE] TwelveData error: This symbol is available starting with Grow (Grow plan). Consider upgrading now at https://twelvedata.com/pricing
2025-12-31 23:35:53,723 | WARNING |   [HFG.DE] TwelveData error: This symbol is available starting with Grow (Grow plan). Consider upgrading now at https://twelvedata.com/pricing
2025-12-31 23:36:02,889 | WARNING |   [HNR1.DE] TwelveData error: This symbol is available starting with Grow (Grow plan). Consider upgrading now at https://twelvedata.com/pricing
2025-12-31 23:36:12,024 | WARNING |   [IFX.DE] TwelveData error: This symbol is available starting with Grow (Grow plan). Consider upgrading now at https://twelvedata.com/pricing
2025-12-31 23:36:49,878 | WARNING |   [MBG.DE] TwelveData error: This symbol is available starting with Grow (Grow plan). Consider upgrading now at https://twelvedata.com/pricing
2025-12-31 23:37:17,319 | WARNING |   [MRK.DE] TwelveData error: This symbol is available starting with Grow (Grow plan). Consider upgrading now at https://twelvedata.com/pricing
2025-12-31 23:37:26,449 | WARNING |   [MTX.DE] TwelveData error: This symbol is available starting with Grow (Grow plan). Consider upgrading now at https://twelvedata.com/pricing
2025-12-31 23:37:35,723 | WARNING |   [MUV2.DE] TwelveData error: This symbol is available starting with Grow (Grow plan). Consider upgrading now at https://twelvedata.com/pricing
2025-12-31 23:38:31,132 | WARNING |   [P911.DE] TwelveData error: This symbol is available starting with Grow (Grow plan). Consider upgrading now at https://twelvedata.com/pricing
2025-12-31 23:38:40,313 | WARNING |   [PAH3.DE] TwelveData error: This symbol is available starting with Grow (Grow plan). Consider upgrading now at https://twelvedata.com/pricing
2025-12-31 23:38:58,756 | WARNING |   [QIA.DE] TwelveData error: This symbol is available starting with Grow (Grow plan). Consider upgrading now at https://twelvedata.com/pricing
2025-12-31 23:39:07,963 | WARNING |   [RHM.DE] TwelveData error: This symbol is available starting with Grow (Grow plan). Consider upgrading now at https://twelvedata.com/pricing
2025-12-31 23:39:17,271 | WARNING |   [RWE.DE] TwelveData error: This symbol is available starting with Grow (Grow plan). Consider upgrading now at https://twelvedata.com/pricing
2025-12-31 23:39:35,447 | WARNING |   [SAP.DE] TwelveData error: This symbol is available starting with Grow (Grow plan). Consider upgrading now at https://twelvedata.com/pricing
2025-12-31 23:39:54,003 | WARNING |   [SHL.DE] TwelveData error: This symbol is available starting with Grow (Grow plan). Consider upgrading now at https://twelvedata.com/pricing
2025-12-31 23:40:03,293 | WARNING |   [SIE.DE] TwelveData error: This symbol is available starting with Grow (Grow plan). Consider upgrading now at https://twelvedata.com/pricing
2025-12-31 23:40:12,388 | WARNING |   [SRT3.DE] TwelveData error: This symbol is available starting with Grow (Grow plan). Consider upgrading now at https://twelvedata.com/pricing
2025-12-31 23:40:48,989 | WARNING |   [SY1.DE] TwelveData error: This symbol is available starting with Grow (Grow plan). Consider upgrading now at https://twelvedata.com/pricing
2025-12-31 23:41:34,749 | WARNING |   [VNA.DE] TwelveData error: This symbol is available starting with Grow (Grow plan). Consider upgrading now at https://twelvedata.com/pricing
2025-12-31 23:41:43,895 | WARNING |   [VOW3.DE] TwelveData error: No data is available on the specified dates. Try setting different start/end dates.
2025-12-31 23:42:11,347 | WARNING |   [ZAL.DE] TwelveData error: This symbol is available starting with Grow (Grow plan). Consider upgrading now at https://twelvedata.com/pricing
2025-12-31 23:42:11,347 | INFO |   TwelveData ingest complete: 0 updated, 79 failed, 79 API calls
2025-12-31 23:42:11,356 | INFO | TwelveData: Updated 0 equity assets, 79 total remaining
2025-12-31 23:42:11,356 | INFO | 
============================================================
2025-12-31 23:42:11,356 | INFO | VERIFICATION: Checking Data Freshness
2025-12-31 23:42:11,356 | INFO | ============================================================
2025-12-31 23:42:11,861 | WARNING | VERIFICATION FAILED: 2 assets are stale
2025-12-31 23:42:11,861 | WARNING |   - BT.A.L: 16 days stale (last: 2025-12-15)
2025-12-31 23:42:11,861 | WARNING |   - 1COV.DE: 8 days stale (last: 2025-12-23)
2025-12-31 23:42:12,431 | CRITICAL | ALERT [CRITICAL]: DATA VERIFICATION FAILED: 2 assets still stale after ingest! Updated: 0, Rows: 0
2025-12-31 23:42:12,431 | WARNING | Governance logging failed: column "action_timestamp" of relation "governance_actions_log" does not exist
LINE 3:                     action_type, action_timestamp, action_by...
                                         ^

2025-12-31 23:42:12,431 | CRITICAL | ALERT [CRITICAL]: ALL INGEST METHODS FAILED - No assets were updated! Manual intervention required.
2025-12-31 23:42:12,431 | WARNING | Heartbeat recording failed: relation "fhq_monitoring.system_heartbeats" does not exist
LINE 2:                 INSERT INTO fhq_monitoring.system_heartbeats...
                                    ^

2025-12-31 23:42:12,431 | WARNING | Governance logging failed: current transaction is aborted, commands ignored until end of transaction block

2025-12-31 23:42:12,441 | INFO | 
======================================================================
2025-12-31 23:42:12,441 | INFO | BULLETPROOF INGEST COMPLETE
2025-12-31 23:42:12,441 | INFO | ======================================================================
2025-12-31 23:42:12,441 | INFO | Status: FAILED
2025-12-31 23:42:12,441 | INFO | Assets Updated: 0
2025-12-31 23:42:12,441 | INFO | Rows Inserted: 0
2025-12-31 23:42:12,441 | INFO | Providers Used: ALPACA, YAHOO, TWELVEDATA
2025-12-31 23:42:12,441 | INFO | Verification: FAILED (2 stale)
2025-12-31 23:42:12,441 | INFO | Elapsed: 729.3s
2025-12-31 23:42:12,441 | INFO | 
Freshness by Asset Class:
2025-12-31 23:42:12,441 | INFO |   CRYPTO: 46/50 fresh (92.0%)
2025-12-31 23:42:12,441 | INFO |   EQUITY: 419/422 fresh (99.3%)
2025-12-31 23:42:12,441 | INFO |   FX: 24/25 fresh (96.0%)
2025-12-31 23:42:12,441 | INFO | 
Evidence: C:\fhq-market-system\vision-ios\03_FUNCTIONS\evidence\BULLETPROOF_INGEST_88d5d64e_20251231_234212.json
2025-12-31 23:42:12,441 | INFO | ======================================================================
