2026-01-08 03:00:04,295 | INFO | ======================================================================
2026-01-08 03:00:04,295 | INFO | IoS-001 BULLETPROOF DAILY PRICE INGEST
2026-01-08 03:00:04,295 | INFO | ======================================================================
2026-01-08 03:00:04,295 | INFO | CEO Directive: CD-IOS-001-DAILY-INGEST-BULLETPROOF-001
2026-01-08 03:00:04,295 | INFO | Executor: STIG (EC-003)
2026-01-08 03:00:04,295 | INFO | Time: 2026-01-08T02:00:04.295422+00:00
2026-01-08 03:00:04,295 | INFO | Asset Class Filter: CRYPTO
2026-01-08 03:00:04,295 | INFO | Dry Run: False
2026-01-08 03:00:04,295 | INFO | Canonical Source: fhq_market.prices (ONLY)
2026-01-08 03:00:04,295 | INFO | ======================================================================
2026-01-08 03:00:04,384 | INFO | Found 46 canonical assets
2026-01-08 03:00:04,873 | INFO | ============================================================
2026-01-08 03:00:04,873 | INFO | ATTEMPTING ALPACA INGEST (Primary Provider)
2026-01-08 03:00:04,873 | INFO | Assets: 46, Rate limit: 200/min
2026-01-08 03:00:04,873 | INFO | ============================================================
2026-01-08 03:00:04,904 | INFO |   [GRT-USD] Stale (7.0h > 6h) - fetching
2026-01-08 03:00:05,810 | WARNING |   VOLUME SANITY REJECT: GRT-USD 2026-01-07 03:00:00 volume=0.00 < threshold=1000 (source=ALPACA)
2026-01-08 03:00:05,810 | WARNING |   VOLUME SANITY REJECT: GRT-USD 2026-01-07 04:00:00 volume=0.00 < threshold=1000 (source=ALPACA)
2026-01-08 03:00:05,810 | WARNING |   VOLUME SANITY REJECT: GRT-USD 2026-01-07 05:00:00 volume=0.00 < threshold=1000 (source=ALPACA)
2026-01-08 03:00:05,818 | WARNING |   VOLUME SANITY REJECT: GRT-USD 2026-01-07 06:00:00 volume=0.00 < threshold=1000 (source=ALPACA)
2026-01-08 03:00:05,819 | WARNING |   VOLUME SANITY REJECT: GRT-USD 2026-01-07 07:00:00 volume=0.00 < threshold=1000 (source=ALPACA)
2026-01-08 03:00:05,820 | WARNING |   VOLUME SANITY REJECT: GRT-USD 2026-01-07 08:00:00 volume=0.00 < threshold=1000 (source=ALPACA)
2026-01-08 03:00:05,820 | WARNING |   VOLUME SANITY REJECT: GRT-USD 2026-01-07 09:00:00 volume=0.00 < threshold=1000 (source=ALPACA)
2026-01-08 03:00:05,820 | WARNING |   VOLUME SANITY REJECT: GRT-USD 2026-01-07 10:00:00 volume=376.52 < threshold=1000 (source=ALPACA)
2026-01-08 03:00:05,820 | WARNING |   VOLUME SANITY REJECT: GRT-USD 2026-01-07 11:00:00 volume=0.00 < threshold=1000 (source=ALPACA)
2026-01-08 03:00:05,820 | WARNING |   VOLUME SANITY REJECT: GRT-USD 2026-01-07 12:00:00 volume=0.00 < threshold=1000 (source=ALPACA)
2026-01-08 03:00:05,820 | WARNING |   VOLUME SANITY REJECT: GRT-USD 2026-01-07 13:00:00 volume=0.00 < threshold=1000 (source=ALPACA)
2026-01-08 03:00:05,831 | WARNING |   VOLUME SANITY REJECT: GRT-USD 2026-01-07 14:00:00 volume=0.00 < threshold=1000 (source=ALPACA)
2026-01-08 03:00:05,832 | WARNING |   VOLUME SANITY REJECT: GRT-USD 2026-01-07 15:00:00 volume=0.04 < threshold=1000 (source=ALPACA)
2026-01-08 03:00:05,834 | WARNING |   VOLUME SANITY REJECT: GRT-USD 2026-01-07 16:00:00 volume=0.00 < threshold=1000 (source=ALPACA)
2026-01-08 03:00:05,836 | WARNING |   VOLUME SANITY REJECT: GRT-USD 2026-01-07 17:00:00 volume=0.00 < threshold=1000 (source=ALPACA)
2026-01-08 03:00:05,837 | WARNING |   VOLUME SANITY REJECT: GRT-USD 2026-01-07 18:00:00 volume=0.00 < threshold=1000 (source=ALPACA)
2026-01-08 03:00:05,839 | WARNING |   VOLUME SANITY REJECT: GRT-USD 2026-01-07 20:00:00 volume=660.89 < threshold=1000 (source=ALPACA)
2026-01-08 03:00:05,841 | WARNING |   VOLUME SANITY REJECT: GRT-USD 2026-01-07 21:00:00 volume=500.00 < threshold=1000 (source=ALPACA)
2026-01-08 03:00:05,843 | WARNING |   VOLUME SANITY REJECT: GRT-USD 2026-01-07 22:00:00 volume=0.00 < threshold=1000 (source=ALPACA)
2026-01-08 03:00:05,844 | WARNING |   VOLUME SANITY REJECT: GRT-USD 2026-01-07 23:00:00 volume=0.00 < threshold=1000 (source=ALPACA)
2026-01-08 03:00:05,847 | WARNING |   VOLUME SANITY REJECT: GRT-USD 2026-01-08 00:00:00 volume=0.00 < threshold=1000 (source=ALPACA)
2026-01-08 03:00:05,847 | WARNING |   VOLUME SANITY REJECT: GRT-USD 2026-01-08 01:00:00 volume=0.00 < threshold=1000 (source=ALPACA)
2026-01-08 03:00:05,852 | WARNING |   [GRT-USD] 22 rows REJECTED by volume sanity, 1 rows INSERTED (source=ALPACA)
2026-01-08 03:00:05,852 | INFO |   [GRT-USD] +1 rows via ALPACA (latest: 2026-01-08 01:00:00+00:00)
2026-01-08 03:00:06,430 | INFO |   [UNI-USD] Stale (12.0h > 6h) - fetching
2026-01-08 03:00:06,593 | WARNING |   VOLUME SANITY REJECT: UNI-USD 2026-01-07 03:00:00 volume=0.00 < threshold=1000 (source=ALPACA)
2026-01-08 03:00:06,593 | WARNING |   VOLUME SANITY REJECT: UNI-USD 2026-01-07 04:00:00 volume=0.00 < threshold=1000 (source=ALPACA)
2026-01-08 03:00:06,593 | WARNING |   VOLUME SANITY REJECT: UNI-USD 2026-01-07 05:00:00 volume=4.97 < threshold=1000 (source=ALPACA)
2026-01-08 03:00:06,598 | WARNING |   VOLUME SANITY REJECT: UNI-USD 2026-01-07 06:00:00 volume=0.64 < threshold=1000 (source=ALPACA)
2026-01-08 03:00:06,598 | WARNING |   VOLUME SANITY REJECT: UNI-USD 2026-01-07 07:00:00 volume=2.65 < threshold=1000 (source=ALPACA)
2026-01-08 03:00:06,602 | WARNING |   VOLUME SANITY REJECT: UNI-USD 2026-01-07 08:00:00 volume=0.00 < threshold=1000 (source=ALPACA)
2026-01-08 03:00:06,608 | WARNING |   VOLUME SANITY REJECT: UNI-USD 2026-01-07 09:00:00 volume=2.05 < threshold=1000 (source=ALPACA)
2026-01-08 03:00:06,614 | WARNING |   VOLUME SANITY REJECT: UNI-USD 2026-01-07 10:00:00 volume=5.51 < threshold=1000 (source=ALPACA)
2026-01-08 03:00:06,616 | WARNING |   VOLUME SANITY REJECT: UNI-USD 2026-01-07 11:00:00 volume=0.16 < threshold=1000 (source=ALPACA)
2026-01-08 03:00:06,620 | WARNING |   VOLUME SANITY REJECT: UNI-USD 2026-01-07 12:00:00 volume=0.52 < threshold=1000 (source=ALPACA)
2026-01-08 03:00:06,624 | WARNING |   VOLUME SANITY REJECT: UNI-USD 2026-01-07 13:00:00 volume=16.72 < threshold=1000 (source=ALPACA)
2026-01-08 03:00:06,629 | WARNING |   VOLUME SANITY REJECT: UNI-USD 2026-01-07 15:00:00 volume=1.38 < threshold=1000 (source=ALPACA)
2026-01-08 03:00:06,631 | WARNING |   VOLUME SANITY REJECT: UNI-USD 2026-01-07 16:00:00 volume=4.53 < threshold=1000 (source=ALPACA)
2026-01-08 03:00:06,632 | WARNING |   VOLUME SANITY REJECT: UNI-USD 2026-01-07 17:00:00 volume=0.00 < threshold=1000 (source=ALPACA)
2026-01-08 03:00:06,634 | WARNING |   VOLUME SANITY REJECT: UNI-USD 2026-01-07 18:00:00 volume=0.00 < threshold=1000 (source=ALPACA)
2026-01-08 03:00:06,636 | WARNING |   VOLUME SANITY REJECT: UNI-USD 2026-01-07 19:00:00 volume=1.37 < threshold=1000 (source=ALPACA)
2026-01-08 03:00:06,637 | WARNING |   VOLUME SANITY REJECT: UNI-USD 2026-01-07 20:00:00 volume=4.75 < threshold=1000 (source=ALPACA)
2026-01-08 03:00:06,639 | WARNING |   VOLUME SANITY REJECT: UNI-USD 2026-01-07 21:00:00 volume=1.63 < threshold=1000 (source=ALPACA)
2026-01-08 03:00:06,641 | WARNING |   VOLUME SANITY REJECT: UNI-USD 2026-01-07 22:00:00 volume=3.37 < threshold=1000 (source=ALPACA)
2026-01-08 03:00:06,642 | WARNING |   VOLUME SANITY REJECT: UNI-USD 2026-01-07 23:00:00 volume=382.04 < threshold=1000 (source=ALPACA)
2026-01-08 03:00:06,642 | WARNING |   VOLUME SANITY REJECT: UNI-USD 2026-01-08 00:00:00 volume=0.49 < threshold=1000 (source=ALPACA)
2026-01-08 03:00:06,642 | WARNING |   VOLUME SANITY REJECT: UNI-USD 2026-01-08 01:00:00 volume=4.35 < threshold=1000 (source=ALPACA)
2026-01-08 03:00:06,642 | WARNING |   [UNI-USD] 22 rows REJECTED by volume sanity, 1 rows INSERTED (source=ALPACA)
2026-01-08 03:00:06,642 | INFO |   [UNI-USD] +1 rows via ALPACA (latest: 2026-01-08 01:00:00+00:00)
2026-01-08 03:00:07,186 | INFO | Alpaca: Updated 2 assets, 0 remaining
2026-01-08 03:00:07,190 | INFO | 
============================================================
2026-01-08 03:00:07,191 | INFO | VERIFICATION: Checking Data Freshness
2026-01-08 03:00:07,191 | INFO | ============================================================
2026-01-08 03:00:07,877 | WARNING | VERIFICATION FAILED: 2 assets are stale
2026-01-08 03:00:07,877 | WARNING |   - BT.A.L: 24 days stale (last: 2025-12-15)
2026-01-08 03:00:07,877 | WARNING |   - 1COV.DE: 16 days stale (last: 2025-12-23)
2026-01-08 03:00:08,459 | CRITICAL | ALERT [CRITICAL]: DATA VERIFICATION FAILED: 2 assets still stale after ingest! Updated: 2, Rows: 2
2026-01-08 03:00:08,463 | WARNING | Governance logging failed: column "action_timestamp" of relation "governance_actions_log" does not exist
LINE 3:                     action_type, action_timestamp, action_by...
                                         ^

2026-01-08 03:00:08,464 | WARNING | Heartbeat recording failed: relation "fhq_monitoring.system_heartbeats" does not exist
LINE 2:                 INSERT INTO fhq_monitoring.system_heartbeats...
                                    ^

2026-01-08 03:00:08,466 | WARNING | Governance logging failed: current transaction is aborted, commands ignored until end of transaction block

2026-01-08 03:00:08,469 | INFO | 
======================================================================
2026-01-08 03:00:08,470 | INFO | BULLETPROOF INGEST COMPLETE
2026-01-08 03:00:08,470 | INFO | ======================================================================
2026-01-08 03:00:08,470 | INFO | Status: SUCCESS
2026-01-08 03:00:08,470 | INFO | Assets Updated: 2
2026-01-08 03:00:08,471 | INFO | Rows Inserted: 2
2026-01-08 03:00:08,471 | INFO | Providers Used: ALPACA
2026-01-08 03:00:08,471 | INFO | Verification: FAILED (2 stale)
2026-01-08 03:00:08,471 | INFO | Elapsed: 4.2s
2026-01-08 03:00:08,471 | INFO | 
Freshness by Asset Class:
2026-01-08 03:00:08,471 | INFO |   CRYPTO: 46/50 fresh (92.0%)
2026-01-08 03:00:08,471 | INFO |   EQUITY: 419/422 fresh (99.3%)
2026-01-08 03:00:08,471 | INFO |   FX: 24/25 fresh (96.0%)
2026-01-08 03:00:08,471 | INFO | 
Evidence: C:\fhq-market-system\vision-ios\03_FUNCTIONS\evidence\BULLETPROOF_INGEST_815520f7_20260108_030008.json
2026-01-08 03:00:08,471 | INFO | ======================================================================
