2026-01-24 23:00:04,987 | INFO | ======================================================================
2026-01-24 23:00:04,996 | INFO | IoS-001 BULLETPROOF DAILY PRICE INGEST
2026-01-24 23:00:04,996 | INFO | ======================================================================
2026-01-24 23:00:04,996 | INFO | CEO Directive: CD-IOS-001-DAILY-INGEST-BULLETPROOF-001
2026-01-24 23:00:04,996 | INFO | Executor: STIG (EC-003)
2026-01-24 23:00:04,996 | INFO | Time: 2026-01-24T22:00:04.987247+00:00
2026-01-24 23:00:04,996 | INFO | Asset Class Filter: EQUITY
2026-01-24 23:00:05,021 | INFO | Dry Run: False
2026-01-24 23:00:05,022 | INFO | Canonical Source: fhq_market.prices (ONLY)
2026-01-24 23:00:05,022 | INFO | ======================================================================
2026-01-24 23:00:05,196 | INFO | Found 421 canonical assets
2026-01-24 23:00:18,301 | INFO | ============================================================
2026-01-24 23:00:18,301 | INFO | ATTEMPTING ALPACA INGEST (Primary Provider)
2026-01-24 23:00:18,306 | INFO | Assets: 421, Rate limit: 200/min
2026-01-24 23:00:18,306 | INFO | ============================================================
2026-01-24 23:00:18,306 | INFO |   [1COV.DE] Stale (790.0h > 18h) - fetching
2026-01-24 23:00:18,306 | INFO |   [ABBV] Stale (46.0h > 18h) - fetching
2026-01-24 23:00:19,326 | WARNING |   [ABBV] Alpaca error: {"message":"subscription does not permit querying recent SIP data"}

2026-01-24 23:00:19,830 | INFO |   [ABNB] Stale (46.0h > 18h) - fetching
2026-01-24 23:00:19,944 | WARNING |   [ABNB] Alpaca error: {"message":"subscription does not permit querying recent SIP data"}

2026-01-24 23:00:20,453 | INFO |   [ABT] Stale (46.0h > 18h) - fetching
2026-01-24 23:00:20,586 | WARNING |   [ABT] Alpaca error: {"message":"subscription does not permit querying recent SIP data"}

2026-01-24 23:00:21,090 | INFO |   [ACA.PA] Stale (46.0h > 18h) - fetching
2026-01-24 23:00:21,090 | INFO |   [ADBE] Stale (46.0h > 18h) - fetching
2026-01-24 23:00:21,212 | WARNING |   [ADBE] Alpaca error: {"message":"subscription does not permit querying recent SIP data"}

2026-01-24 23:00:21,715 | INFO |   [ADI] Stale (46.0h > 18h) - fetching
2026-01-24 23:00:21,846 | WARNING |   [ADI] SIP subscription error (5 consecutive)
2026-01-24 23:00:21,847 | WARNING |   EARLY TERMINATION: Alpaca SIP subscription not available
2026-01-24 23:00:21,848 | WARNING |   Skipping remaining 414 Alpaca assets - will use fallback provider
2026-01-24 23:00:21,853 | INFO | Alpaca: Updated 0 assets, 421 remaining
2026-01-24 23:00:22,348 | INFO | ============================================================
2026-01-24 23:00:22,348 | INFO | ATTEMPTING YAHOO FINANCE INGEST (Fallback Provider)
2026-01-24 23:00:22,348 | INFO | Assets: 421, Using BATCH DOWNLOAD (efficient)
2026-01-24 23:00:22,348 | INFO | ============================================================
2026-01-24 23:00:22,348 | INFO |   Checking Yahoo Finance rate limit status...
2026-01-24 23:00:23,772 | INFO |   Rate limit check passed - proceeding with download
2026-01-24 23:00:24,601 | INFO |   Downloading 421 symbols from 2025-12-16 to 2026-01-24
2026-01-24 23:00:24,601 | INFO |   Batch 1/9: 50 symbols
2026-01-24 23:00:31,843 | INFO |   Batch complete, cooling down 30s...
2026-01-24 23:01:01,849 | INFO |   Batch 2/9: 50 symbols
2026-01-24 23:01:14,547 | ERROR | 404 Client Error: Not Found for url: https://query2.finance.yahoo.com/v10/finance/quoteSummary/BT.A.L?modules=financialData%2CquoteType%2CdefaultKeyStatistics%2CassetProfile%2CsummaryDetail&corsDomain=finance.yahoo.com&formatted=false&symbol=BT.A.L&crumb=0%2FSODhq3guO
2026-01-24 23:01:14,910 | ERROR | 
2 Failed downloads:
2026-01-24 23:01:14,910 | ERROR | ['BRK.B']: YFTzMissingError('possibly delisted; no timezone found')
2026-01-24 23:01:14,910 | ERROR | ['BT.A.L']: AttributeError("'NoneType' object has no attribute 'update'")
2026-01-24 23:01:15,154 | INFO |   Batch complete, cooling down 30s...
2026-01-24 23:01:45,156 | INFO |   Batch 3/9: 50 symbols
2026-01-24 23:01:52,374 | INFO |   Batch complete, cooling down 30s...
2026-01-24 23:02:22,375 | INFO |   Batch 4/9: 50 symbols
2026-01-24 23:02:29,710 | INFO |   Batch complete, cooling down 30s...
2026-01-24 23:02:59,713 | INFO |   Batch 5/9: 50 symbols
2026-01-24 23:03:07,141 | INFO |   Batch complete, cooling down 30s...
2026-01-24 23:03:37,150 | INFO |   Batch 6/9: 50 symbols
2026-01-24 23:03:44,291 | INFO |   Batch complete, cooling down 30s...
2026-01-24 23:04:14,295 | INFO |   Batch 7/9: 50 symbols
2026-01-24 23:04:21,205 | INFO |   Batch complete, cooling down 30s...
2026-01-24 23:04:51,209 | INFO |   Batch 8/9: 50 symbols
2026-01-24 23:04:58,762 | INFO |   Batch complete, cooling down 30s...
2026-01-24 23:05:28,765 | INFO |   Batch 9/9: 21 symbols
2026-01-24 23:05:31,978 | INFO |   Yahoo ingest complete: 0 updated, 2 failed
2026-01-24 23:05:31,980 | INFO | Yahoo: Updated 0 assets, 2 remaining
2026-01-24 23:05:31,980 | INFO | ============================================================
2026-01-24 23:05:31,982 | INFO | ATTEMPTING TWELVEDATA EQUITY INGEST (Backup Provider)
2026-01-24 23:05:31,983 | INFO | Assets: 2, Rate limit: 7/min (90% of free tier)
2026-01-24 23:05:31,983 | INFO | Daily limit: 720 calls (90% of 800)
2026-01-24 23:05:31,983 | INFO | ============================================================
2026-01-24 23:05:31,983 | INFO |   Equity assets: 2, Non-equity: 0
2026-01-24 23:05:32,728 | WARNING |   [BRK.B] TwelveData error: No data is available on the specified dates. Try setting different start/end dates.
2026-01-24 23:05:43,123 | INFO |   TwelveData ingest complete: 0 updated, 2 failed, 2 API calls
2026-01-24 23:05:43,139 | INFO | TwelveData: Updated 0 equity assets, 2 total remaining
2026-01-24 23:05:43,143 | INFO | 
============================================================
2026-01-24 23:05:43,146 | INFO | VERIFICATION: Checking Data Freshness
2026-01-24 23:05:43,147 | INFO | ============================================================
2026-01-24 23:05:44,337 | WARNING | VERIFICATION FAILED: 4 assets are stale
2026-01-24 23:05:44,350 | WARNING |   - BT.A.L: 40 days stale (last: 2025-12-15)
2026-01-24 23:05:44,370 | WARNING |   - 1COV.DE: 32 days stale (last: 2025-12-23)
2026-01-24 23:05:44,376 | WARNING |   - TLT: 15 days stale (last: 2026-01-09)
2026-01-24 23:05:44,379 | WARNING |   - GLD: 14 days stale (last: 2026-01-10)
2026-01-24 23:05:45,882 | CRITICAL | ALERT [CRITICAL]: DATA VERIFICATION FAILED: 4 assets still stale after ingest! Updated: 0, Rows: 0
2026-01-24 23:05:45,901 | WARNING | Governance logging failed: column "action_timestamp" of relation "governance_actions_log" does not exist
LINE 3:                     action_type, action_timestamp, action_by...
                                         ^

2026-01-24 23:05:45,912 | CRITICAL | ALERT [CRITICAL]: ALL INGEST METHODS FAILED - No assets were updated! Manual intervention required.
2026-01-24 23:05:45,912 | WARNING | Heartbeat recording failed: relation "fhq_monitoring.system_heartbeats" does not exist
LINE 2:                 INSERT INTO fhq_monitoring.system_heartbeats...
                                    ^

2026-01-24 23:05:45,912 | WARNING | Governance logging failed: current transaction is aborted, commands ignored until end of transaction block

2026-01-24 23:05:47,253 | INFO | 
======================================================================
2026-01-24 23:05:47,253 | INFO | BULLETPROOF INGEST COMPLETE
2026-01-24 23:05:47,253 | INFO | ======================================================================
2026-01-24 23:05:47,253 | INFO | Status: FAILED
2026-01-24 23:05:47,317 | INFO | Assets Updated: 0
2026-01-24 23:05:47,346 | INFO | Rows Inserted: 0
2026-01-24 23:05:47,346 | INFO | Providers Used: ALPACA, YAHOO, TWELVEDATA
2026-01-24 23:05:47,349 | INFO | Verification: FAILED (4 stale)
2026-01-24 23:05:47,349 | INFO | Elapsed: 340.9s
2026-01-24 23:05:47,350 | INFO | 
Freshness by Asset Class:
2026-01-24 23:05:47,350 | INFO |   CRYPTO: 46/50 fresh (92.0%)
2026-01-24 23:05:47,350 | INFO |   EQUITY: 419/422 fresh (99.3%)
2026-01-24 23:05:47,350 | INFO |   ETF: 0/2 fresh (0.0%)
2026-01-24 23:05:47,350 | INFO |   FX: 24/25 fresh (96.0%)
2026-01-24 23:05:47,350 | INFO | 
Evidence: C:\fhq-market-system\vision-ios\03_FUNCTIONS\evidence\BULLETPROOF_INGEST_9f79e21e_20260124_230545.json
2026-01-24 23:05:47,350 | INFO | ======================================================================
