2025-12-30 02:00:07,835 | INFO | ======================================================================
2025-12-30 02:00:07,835 | INFO | IoS-001 BULLETPROOF DAILY PRICE INGEST
2025-12-30 02:00:07,835 | INFO | ======================================================================
2025-12-30 02:00:07,835 | INFO | CEO Directive: CD-IOS-001-DAILY-INGEST-BULLETPROOF-001
2025-12-30 02:00:07,835 | INFO | Executor: STIG (EC-003)
2025-12-30 02:00:07,835 | INFO | Time: 2025-12-30T01:00:07.835405+00:00
2025-12-30 02:00:07,835 | INFO | Asset Class Filter: CRYPTO
2025-12-30 02:00:07,835 | INFO | Dry Run: False
2025-12-30 02:00:07,835 | INFO | Canonical Source: fhq_market.prices (ONLY)
2025-12-30 02:00:07,835 | INFO | ======================================================================
2025-12-30 02:00:07,931 | INFO | Found 46 canonical assets
2025-12-30 02:00:09,663 | INFO | ============================================================
2025-12-30 02:00:09,663 | INFO | ATTEMPTING ALPACA INGEST (Primary Provider)
2025-12-30 02:00:09,663 | INFO | Assets: 46, Rate limit: 200/min
2025-12-30 02:00:09,663 | INFO | ============================================================
2025-12-30 02:00:11,009 | INFO |   [GRT-USD] +1 rows via ALPACA
2025-12-30 02:00:11,706 | INFO |   [UNI-USD] +1 rows via ALPACA
2025-12-30 02:00:12,231 | INFO | Alpaca: Updated 2 assets, 0 remaining
2025-12-30 02:00:12,231 | INFO | 
============================================================
2025-12-30 02:00:12,231 | INFO | VERIFICATION: Checking Data Freshness
2025-12-30 02:00:12,231 | INFO | ============================================================
2025-12-30 02:00:12,989 | WARNING | VERIFICATION FAILED: 3 assets are stale
2025-12-30 02:00:12,989 | WARNING |   - BT.A.L: 15 days stale (last: 2025-12-15)
2025-12-30 02:00:12,989 | WARNING |   - 1COV.DE: 7 days stale (last: 2025-12-23)
2025-12-30 02:00:12,989 | WARNING |   - BRK.B: 4 days stale (last: 2025-12-26)
2025-12-30 02:00:13,555 | CRITICAL | ALERT [CRITICAL]: DATA VERIFICATION FAILED: 3 assets still stale after ingest! Updated: 2, Rows: 2
2025-12-30 02:00:13,559 | WARNING | Governance logging failed: column "action_timestamp" of relation "governance_actions_log" does not exist
LINE 3:                     action_type, action_timestamp, action_by...
                                         ^

2025-12-30 02:00:13,559 | WARNING | Heartbeat recording failed: relation "fhq_monitoring.system_heartbeats" does not exist
LINE 2:                 INSERT INTO fhq_monitoring.system_heartbeats...
                                    ^

2025-12-30 02:00:13,559 | WARNING | Governance logging failed: current transaction is aborted, commands ignored until end of transaction block

2025-12-30 02:00:13,570 | INFO | 
======================================================================
2025-12-30 02:00:13,570 | INFO | BULLETPROOF INGEST COMPLETE
2025-12-30 02:00:13,570 | INFO | ======================================================================
2025-12-30 02:00:13,570 | INFO | Status: SUCCESS
2025-12-30 02:00:13,570 | INFO | Assets Updated: 2
2025-12-30 02:00:13,570 | INFO | Rows Inserted: 2
2025-12-30 02:00:13,570 | INFO | Providers Used: ALPACA
2025-12-30 02:00:13,570 | INFO | Verification: FAILED (3 stale)
2025-12-30 02:00:13,570 | INFO | Elapsed: 5.7s
2025-12-30 02:00:13,580 | INFO | 
Freshness by Asset Class:
2025-12-30 02:00:13,580 | INFO |   CRYPTO: 46/50 fresh (92.0%)
2025-12-30 02:00:13,580 | INFO |   EQUITY: 418/422 fresh (99.1%)
2025-12-30 02:00:13,580 | INFO |   FX: 24/25 fresh (96.0%)
2025-12-30 02:00:13,580 | INFO | 
Evidence: C:\fhq-market-system\vision-ios\03_FUNCTIONS\evidence\BULLETPROOF_INGEST_86fcb125_20251230_020013.json
2025-12-30 02:00:13,580 | INFO | ======================================================================
