2026-01-09 03:00:03,318 | INFO | ======================================================================
2026-01-09 03:00:03,318 | INFO | IoS-001 BULLETPROOF DAILY PRICE INGEST
2026-01-09 03:00:03,318 | INFO | ======================================================================
2026-01-09 03:00:03,318 | INFO | CEO Directive: CD-IOS-001-DAILY-INGEST-BULLETPROOF-001
2026-01-09 03:00:03,318 | INFO | Executor: STIG (EC-003)
2026-01-09 03:00:03,318 | INFO | Time: 2026-01-09T02:00:03.318761+00:00
2026-01-09 03:00:03,318 | INFO | Asset Class Filter: CRYPTO
2026-01-09 03:00:03,318 | INFO | Dry Run: False
2026-01-09 03:00:03,318 | INFO | Canonical Source: fhq_market.prices (ONLY)
2026-01-09 03:00:03,318 | INFO | ======================================================================
2026-01-09 03:00:03,512 | INFO | Found 46 canonical assets
2026-01-09 03:00:04,019 | INFO | ============================================================
2026-01-09 03:00:04,019 | INFO | ATTEMPTING ALPACA INGEST (Primary Provider)
2026-01-09 03:00:04,019 | INFO | Assets: 46, Rate limit: 200/min
2026-01-09 03:00:04,026 | INFO | ============================================================
2026-01-09 03:00:04,026 | INFO |   [ADA-USD] Stale (26.0h > 6h) - fetching
2026-01-09 03:00:04,913 | WARNING |   [ADA-USD] No data from Alpaca (STALE)
2026-01-09 03:00:05,415 | INFO |   [ALGO-USD] Stale (26.0h > 6h) - fetching
2026-01-09 03:00:05,540 | WARNING |   [ALGO-USD] No data from Alpaca (STALE)
2026-01-09 03:00:06,052 | INFO |   [ATOM-USD] Stale (26.0h > 6h) - fetching
2026-01-09 03:00:06,184 | WARNING |   [ATOM-USD] No data from Alpaca (STALE)
2026-01-09 03:00:06,686 | INFO |   [AVAX-USD] Stale (26.0h > 6h) - fetching
2026-01-09 03:00:06,896 | WARNING |   VOLUME SANITY REJECT: AVAX-USD 2026-01-08 03:00:00 volume=0.00 < threshold=1000 (source=ALPACA)
2026-01-09 03:00:06,907 | WARNING |   VOLUME SANITY REJECT: AVAX-USD 2026-01-08 04:00:00 volume=0.00 < threshold=1000 (source=ALPACA)
2026-01-09 03:00:06,907 | WARNING |   VOLUME SANITY REJECT: AVAX-USD 2026-01-08 05:00:00 volume=0.00 < threshold=1000 (source=ALPACA)
2026-01-09 03:00:06,907 | WARNING |   VOLUME SANITY REJECT: AVAX-USD 2026-01-08 06:00:00 volume=3.59 < threshold=1000 (source=ALPACA)
2026-01-09 03:00:06,907 | WARNING |   VOLUME SANITY REJECT: AVAX-USD 2026-01-08 07:00:00 volume=16.33 < threshold=1000 (source=ALPACA)
2026-01-09 03:00:06,907 | WARNING |   VOLUME SANITY REJECT: AVAX-USD 2026-01-08 08:00:00 volume=0.00 < threshold=1000 (source=ALPACA)
2026-01-09 03:00:06,917 | WARNING |   VOLUME SANITY REJECT: AVAX-USD 2026-01-08 09:00:00 volume=0.00 < threshold=1000 (source=ALPACA)
2026-01-09 03:00:06,917 | WARNING |   VOLUME SANITY REJECT: AVAX-USD 2026-01-08 10:00:00 volume=3.11 < threshold=1000 (source=ALPACA)
2026-01-09 03:00:06,917 | WARNING |   VOLUME SANITY REJECT: AVAX-USD 2026-01-08 11:00:00 volume=1.34 < threshold=1000 (source=ALPACA)
2026-01-09 03:00:06,917 | WARNING |   VOLUME SANITY REJECT: AVAX-USD 2026-01-08 12:00:00 volume=0.00 < threshold=1000 (source=ALPACA)
2026-01-09 03:00:06,917 | WARNING |   VOLUME SANITY REJECT: AVAX-USD 2026-01-08 13:00:00 volume=0.00 < threshold=1000 (source=ALPACA)
2026-01-09 03:00:06,928 | WARNING |   VOLUME SANITY REJECT: AVAX-USD 2026-01-08 14:00:00 volume=341.86 < threshold=1000 (source=ALPACA)
2026-01-09 03:00:06,928 | WARNING |   VOLUME SANITY REJECT: AVAX-USD 2026-01-08 15:00:00 volume=3.57 < threshold=1000 (source=ALPACA)
2026-01-09 03:00:06,928 | WARNING |   VOLUME SANITY REJECT: AVAX-USD 2026-01-08 16:00:00 volume=12.73 < threshold=1000 (source=ALPACA)
2026-01-09 03:00:06,928 | WARNING |   VOLUME SANITY REJECT: AVAX-USD 2026-01-08 17:00:00 volume=23.15 < threshold=1000 (source=ALPACA)
2026-01-09 03:00:06,928 | WARNING |   VOLUME SANITY REJECT: AVAX-USD 2026-01-08 18:00:00 volume=13.59 < threshold=1000 (source=ALPACA)
2026-01-09 03:00:06,928 | WARNING |   VOLUME SANITY REJECT: AVAX-USD 2026-01-08 19:00:00 volume=0.44 < threshold=1000 (source=ALPACA)
2026-01-09 03:00:06,928 | WARNING |   VOLUME SANITY REJECT: AVAX-USD 2026-01-08 20:00:00 volume=2.40 < threshold=1000 (source=ALPACA)
2026-01-09 03:00:06,928 | WARNING |   VOLUME SANITY REJECT: AVAX-USD 2026-01-08 21:00:00 volume=18.83 < threshold=1000 (source=ALPACA)
2026-01-09 03:00:06,938 | WARNING |   VOLUME SANITY REJECT: AVAX-USD 2026-01-08 22:00:00 volume=0.00 < threshold=1000 (source=ALPACA)
2026-01-09 03:00:06,938 | WARNING |   VOLUME SANITY REJECT: AVAX-USD 2026-01-08 23:00:00 volume=0.00 < threshold=1000 (source=ALPACA)
2026-01-09 03:00:06,938 | WARNING |   VOLUME SANITY REJECT: AVAX-USD 2026-01-09 00:00:00 volume=0.00 < threshold=1000 (source=ALPACA)
2026-01-09 03:00:06,938 | WARNING |   VOLUME SANITY REJECT: AVAX-USD 2026-01-09 01:00:00 volume=0.65 < threshold=1000 (source=ALPACA)
2026-01-09 03:00:06,938 | WARNING |   [AVAX-USD] ALL 23 rows REJECTED by volume sanity check (source=ALPACA)
2026-01-09 03:00:06,938 | WARNING |   [AVAX-USD] 0 rows written despite 23 bars received
2026-01-09 03:00:07,449 | INFO |   [AXS-USD] Stale (26.0h > 6h) - fetching
2026-01-09 03:00:07,576 | WARNING |   [AXS-USD] No data from Alpaca (STALE)
2026-01-09 03:00:08,080 | INFO |   [BCH-USD] Stale (26.0h > 6h) - fetching
2026-01-09 03:00:08,234 | WARNING |   VOLUME SANITY REJECT: BCH-USD 2026-01-08 03:00:00 volume=0.18 < threshold=1000 (source=ALPACA)
2026-01-09 03:00:08,235 | WARNING |   VOLUME SANITY REJECT: BCH-USD 2026-01-08 04:00:00 volume=0.11 < threshold=1000 (source=ALPACA)
2026-01-09 03:00:08,236 | WARNING |   VOLUME SANITY REJECT: BCH-USD 2026-01-08 05:00:00 volume=0.01 < threshold=1000 (source=ALPACA)
2026-01-09 03:00:08,238 | WARNING |   VOLUME SANITY REJECT: BCH-USD 2026-01-08 06:00:00 volume=1.34 < threshold=1000 (source=ALPACA)
2026-01-09 03:00:08,240 | WARNING |   VOLUME SANITY REJECT: BCH-USD 2026-01-08 07:00:00 volume=1.55 < threshold=1000 (source=ALPACA)
2026-01-09 03:00:08,241 | WARNING |   VOLUME SANITY REJECT: BCH-USD 2026-01-08 08:00:00 volume=0.03 < threshold=1000 (source=ALPACA)
2026-01-09 03:00:08,243 | WARNING |   VOLUME SANITY REJECT: BCH-USD 2026-01-08 09:00:00 volume=0.05 < threshold=1000 (source=ALPACA)
2026-01-09 03:00:08,253 | WARNING |   VOLUME SANITY REJECT: BCH-USD 2026-01-08 10:00:00 volume=0.07 < threshold=1000 (source=ALPACA)
2026-01-09 03:00:08,254 | WARNING |   VOLUME SANITY REJECT: BCH-USD 2026-01-08 11:00:00 volume=1.52 < threshold=1000 (source=ALPACA)
2026-01-09 03:00:08,255 | WARNING |   VOLUME SANITY REJECT: BCH-USD 2026-01-08 12:00:00 volume=0.04 < threshold=1000 (source=ALPACA)
2026-01-09 03:00:08,256 | WARNING |   VOLUME SANITY REJECT: BCH-USD 2026-01-08 13:00:00 volume=0.05 < threshold=1000 (source=ALPACA)
2026-01-09 03:00:08,257 | WARNING |   VOLUME SANITY REJECT: BCH-USD 2026-01-08 14:00:00 volume=0.04 < threshold=1000 (source=ALPACA)
2026-01-09 03:00:08,259 | WARNING |   VOLUME SANITY REJECT: BCH-USD 2026-01-08 15:00:00 volume=0.30 < threshold=1000 (source=ALPACA)
2026-01-09 03:00:08,260 | WARNING |   VOLUME SANITY REJECT: BCH-USD 2026-01-08 16:00:00 volume=0.06 < threshold=1000 (source=ALPACA)
2026-01-09 03:00:08,265 | WARNING |   VOLUME SANITY REJECT: BCH-USD 2026-01-08 17:00:00 volume=0.04 < threshold=1000 (source=ALPACA)
2026-01-09 03:00:08,266 | WARNING |   VOLUME SANITY REJECT: BCH-USD 2026-01-08 18:00:00 volume=0.02 < threshold=1000 (source=ALPACA)
2026-01-09 03:00:08,267 | WARNING |   VOLUME SANITY REJECT: BCH-USD 2026-01-08 19:00:00 volume=1.26 < threshold=1000 (source=ALPACA)
2026-01-09 03:00:08,268 | WARNING |   VOLUME SANITY REJECT: BCH-USD 2026-01-08 20:00:00 volume=0.52 < threshold=1000 (source=ALPACA)
2026-01-09 03:00:08,269 | WARNING |   VOLUME SANITY REJECT: BCH-USD 2026-01-08 21:00:00 volume=0.00 < threshold=1000 (source=ALPACA)
2026-01-09 03:00:08,270 | WARNING |   VOLUME SANITY REJECT: BCH-USD 2026-01-08 22:00:00 volume=0.00 < threshold=1000 (source=ALPACA)
2026-01-09 03:00:08,270 | WARNING |   VOLUME SANITY REJECT: BCH-USD 2026-01-08 23:00:00 volume=0.02 < threshold=1000 (source=ALPACA)
2026-01-09 03:00:08,271 | WARNING |   VOLUME SANITY REJECT: BCH-USD 2026-01-09 00:00:00 volume=0.01 < threshold=1000 (source=ALPACA)
2026-01-09 03:00:08,272 | WARNING |   VOLUME SANITY REJECT: BCH-USD 2026-01-09 01:00:00 volume=0.00 < threshold=1000 (source=ALPACA)
2026-01-09 03:00:08,272 | WARNING |   [BCH-USD] ALL 23 rows REJECTED by volume sanity check (source=ALPACA)
2026-01-09 03:00:08,273 | WARNING |   [BCH-USD] 0 rows written despite 23 bars received
2026-01-09 03:00:08,775 | INFO |   [BNB-USD] Stale (26.0h > 6h) - fetching
2026-01-09 03:00:08,902 | WARNING |   [BNB-USD] No data from Alpaca (STALE)
2026-01-09 03:00:09,407 | INFO |   [BTC-USD] Stale (26.0h > 6h) - fetching
2026-01-09 03:00:09,543 | WARNING |   VOLUME SANITY REJECT: BTC-USD 2026-01-08 03:00:00 volume=0.02 < threshold=1000 (source=ALPACA)
2026-01-09 03:00:09,544 | WARNING |   VOLUME SANITY REJECT: BTC-USD 2026-01-08 04:00:00 volume=0.00 < threshold=1000 (source=ALPACA)
2026-01-09 03:00:09,544 | WARNING |   VOLUME SANITY REJECT: BTC-USD 2026-01-08 05:00:00 volume=0.01 < threshold=1000 (source=ALPACA)
2026-01-09 03:00:09,544 | WARNING |   VOLUME SANITY REJECT: BTC-USD 2026-01-08 06:00:00 volume=0.03 < threshold=1000 (source=ALPACA)
2026-01-09 03:00:09,544 | WARNING |   VOLUME SANITY REJECT: BTC-USD 2026-01-08 07:00:00 volume=0.04 < threshold=1000 (source=ALPACA)
2026-01-09 03:00:09,544 | WARNING |   VOLUME SANITY REJECT: BTC-USD 2026-01-08 08:00:00 volume=0.01 < threshold=1000 (source=ALPACA)
2026-01-09 03:00:09,544 | WARNING |   VOLUME SANITY REJECT: BTC-USD 2026-01-08 09:00:00 volume=0.00 < threshold=1000 (source=ALPACA)
2026-01-09 03:00:09,544 | WARNING |   VOLUME SANITY REJECT: BTC-USD 2026-01-08 10:00:00 volume=0.04 < threshold=1000 (source=ALPACA)
2026-01-09 03:00:09,544 | WARNING |   VOLUME SANITY REJECT: BTC-USD 2026-01-08 11:00:00 volume=0.00 < threshold=1000 (source=ALPACA)
2026-01-09 03:00:09,544 | WARNING |   VOLUME SANITY REJECT: BTC-USD 2026-01-08 12:00:00 volume=0.01 < threshold=1000 (source=ALPACA)
2026-01-09 03:00:09,544 | WARNING |   VOLUME SANITY REJECT: BTC-USD 2026-01-08 13:00:00 volume=0.01 < threshold=1000 (source=ALPACA)
2026-01-09 03:00:09,544 | WARNING |   VOLUME SANITY REJECT: BTC-USD 2026-01-08 14:00:00 volume=0.10 < threshold=1000 (source=ALPACA)
2026-01-09 03:00:09,552 | WARNING |   VOLUME SANITY REJECT: BTC-USD 2026-01-08 15:00:00 volume=0.02 < threshold=1000 (source=ALPACA)
2026-01-09 03:00:09,552 | WARNING |   VOLUME SANITY REJECT: BTC-USD 2026-01-08 16:00:00 volume=0.02 < threshold=1000 (source=ALPACA)
2026-01-09 03:00:09,552 | WARNING |   VOLUME SANITY REJECT: BTC-USD 2026-01-08 17:00:00 volume=0.05 < threshold=1000 (source=ALPACA)
2026-01-09 03:00:09,552 | WARNING |   VOLUME SANITY REJECT: BTC-USD 2026-01-08 18:00:00 volume=0.12 < threshold=1000 (source=ALPACA)
2026-01-09 03:00:09,552 | WARNING |   VOLUME SANITY REJECT: BTC-USD 2026-01-08 19:00:00 volume=0.02 < threshold=1000 (source=ALPACA)
2026-01-09 03:00:09,552 | WARNING |   VOLUME SANITY REJECT: BTC-USD 2026-01-08 20:00:00 volume=0.07 < threshold=1000 (source=ALPACA)
2026-01-09 03:00:09,552 | WARNING |   VOLUME SANITY REJECT: BTC-USD 2026-01-08 21:00:00 volume=0.00 < threshold=1000 (source=ALPACA)
2026-01-09 03:00:09,552 | WARNING |   VOLUME SANITY REJECT: BTC-USD 2026-01-08 22:00:00 volume=0.01 < threshold=1000 (source=ALPACA)
2026-01-09 03:00:09,552 | WARNING |   VOLUME SANITY REJECT: BTC-USD 2026-01-08 23:00:00 volume=0.01 < threshold=1000 (source=ALPACA)
2026-01-09 03:00:09,552 | WARNING |   VOLUME SANITY REJECT: BTC-USD 2026-01-09 00:00:00 volume=0.01 < threshold=1000 (source=ALPACA)
2026-01-09 03:00:09,552 | WARNING |   VOLUME SANITY REJECT: BTC-USD 2026-01-09 01:00:00 volume=0.00 < threshold=1000 (source=ALPACA)
2026-01-09 03:00:09,552 | WARNING |   [BTC-USD] ALL 23 rows REJECTED by volume sanity check (source=ALPACA)
2026-01-09 03:00:09,552 | WARNING |   [BTC-USD] 0 rows written despite 23 bars received
2026-01-09 03:00:10,061 | INFO |   [CHZ-USD] Stale (26.0h > 6h) - fetching
2026-01-09 03:00:10,186 | WARNING |   [CHZ-USD] No data from Alpaca (STALE)
2026-01-09 03:00:10,742 | INFO |   [CRO-USD] Stale (26.0h > 6h) - fetching
2026-01-09 03:00:10,865 | WARNING |   [CRO-USD] No data from Alpaca (STALE)
2026-01-09 03:00:11,376 | INFO |   [CRV-USD] Stale (26.0h > 6h) - fetching
2026-01-09 03:00:11,516 | WARNING |   VOLUME SANITY REJECT: CRV-USD 2026-01-08 03:00:00 volume=0.00 < threshold=1000 (source=ALPACA)
2026-01-09 03:00:11,516 | WARNING |   VOLUME SANITY REJECT: CRV-USD 2026-01-08 04:00:00 volume=0.00 < threshold=1000 (source=ALPACA)
2026-01-09 03:00:11,516 | WARNING |   VOLUME SANITY REJECT: CRV-USD 2026-01-08 05:00:00 volume=0.00 < threshold=1000 (source=ALPACA)
2026-01-09 03:00:11,527 | WARNING |   VOLUME SANITY REJECT: CRV-USD 2026-01-08 06:00:00 volume=0.00 < threshold=1000 (source=ALPACA)
2026-01-09 03:00:11,527 | WARNING |   VOLUME SANITY REJECT: CRV-USD 2026-01-08 07:00:00 volume=616.70 < threshold=1000 (source=ALPACA)
2026-01-09 03:00:11,527 | WARNING |   VOLUME SANITY REJECT: CRV-USD 2026-01-08 08:00:00 volume=0.00 < threshold=1000 (source=ALPACA)
2026-01-09 03:00:11,527 | WARNING |   VOLUME SANITY REJECT: CRV-USD 2026-01-08 09:00:00 volume=0.00 < threshold=1000 (source=ALPACA)
2026-01-09 03:00:11,527 | WARNING |   VOLUME SANITY REJECT: CRV-USD 2026-01-08 10:00:00 volume=0.00 < threshold=1000 (source=ALPACA)
2026-01-09 03:00:11,527 | WARNING |   VOLUME SANITY REJECT: CRV-USD 2026-01-08 11:00:00 volume=0.00 < threshold=1000 (source=ALPACA)
2026-01-09 03:00:11,537 | WARNING |   VOLUME SANITY REJECT: CRV-USD 2026-01-08 12:00:00 volume=109.31 < threshold=1000 (source=ALPACA)
2026-01-09 03:00:11,538 | WARNING |   VOLUME SANITY REJECT: CRV-USD 2026-01-08 13:00:00 volume=0.00 < threshold=1000 (source=ALPACA)
2026-01-09 03:00:11,540 | WARNING |   VOLUME SANITY REJECT: CRV-USD 2026-01-08 14:00:00 volume=0.00 < threshold=1000 (source=ALPACA)
2026-01-09 03:00:11,542 | WARNING |   VOLUME SANITY REJECT: CRV-USD 2026-01-08 15:00:00 volume=0.00 < threshold=1000 (source=ALPACA)
2026-01-09 03:00:11,543 | WARNING |   VOLUME SANITY REJECT: CRV-USD 2026-01-08 16:00:00 volume=63.96 < threshold=1000 (source=ALPACA)
2026-01-09 03:00:11,545 | WARNING |   VOLUME SANITY REJECT: CRV-USD 2026-01-08 17:00:00 volume=14.92 < threshold=1000 (source=ALPACA)
2026-01-09 03:00:11,546 | WARNING |   VOLUME SANITY REJECT: CRV-USD 2026-01-08 18:00:00 volume=0.00 < threshold=1000 (source=ALPACA)
2026-01-09 03:00:11,547 | WARNING |   VOLUME SANITY REJECT: CRV-USD 2026-01-08 19:00:00 volume=29.85 < threshold=1000 (source=ALPACA)
2026-01-09 03:00:11,547 | WARNING |   VOLUME SANITY REJECT: CRV-USD 2026-01-08 20:00:00 volume=56.51 < threshold=1000 (source=ALPACA)
2026-01-09 03:00:11,547 | WARNING |   VOLUME SANITY REJECT: CRV-USD 2026-01-08 21:00:00 volume=0.00 < threshold=1000 (source=ALPACA)
2026-01-09 03:00:11,547 | WARNING |   VOLUME SANITY REJECT: CRV-USD 2026-01-08 22:00:00 volume=0.00 < threshold=1000 (source=ALPACA)
2026-01-09 03:00:11,547 | WARNING |   VOLUME SANITY REJECT: CRV-USD 2026-01-08 23:00:00 volume=0.00 < threshold=1000 (source=ALPACA)
2026-01-09 03:00:11,547 | WARNING |   VOLUME SANITY REJECT: CRV-USD 2026-01-09 00:00:00 volume=0.00 < threshold=1000 (source=ALPACA)
2026-01-09 03:00:11,557 | WARNING |   VOLUME SANITY REJECT: CRV-USD 2026-01-09 01:00:00 volume=0.00 < threshold=1000 (source=ALPACA)
2026-01-09 03:00:11,558 | WARNING |   [CRV-USD] ALL 23 rows REJECTED by volume sanity check (source=ALPACA)
2026-01-09 03:00:11,558 | WARNING |   [CRV-USD] 0 rows written despite 23 bars received
2026-01-09 03:00:12,063 | INFO |   [DOT-USD] Stale (26.0h > 6h) - fetching
2026-01-09 03:00:12,208 | WARNING |   VOLUME SANITY REJECT: DOT-USD 2026-01-08 03:00:00 volume=97.61 < threshold=1000 (source=ALPACA)
2026-01-09 03:00:12,208 | WARNING |   VOLUME SANITY REJECT: DOT-USD 2026-01-08 04:00:00 volume=7.27 < threshold=1000 (source=ALPACA)
2026-01-09 03:00:12,208 | WARNING |   VOLUME SANITY REJECT: DOT-USD 2026-01-08 05:00:00 volume=0.00 < threshold=1000 (source=ALPACA)
2026-01-09 03:00:12,208 | WARNING |   VOLUME SANITY REJECT: DOT-USD 2026-01-08 06:00:00 volume=1.00 < threshold=1000 (source=ALPACA)
2026-01-09 03:00:12,208 | WARNING |   VOLUME SANITY REJECT: DOT-USD 2026-01-08 07:00:00 volume=26.54 < threshold=1000 (source=ALPACA)
2026-01-09 03:00:12,208 | WARNING |   VOLUME SANITY REJECT: DOT-USD 2026-01-08 08:00:00 volume=12.29 < threshold=1000 (source=ALPACA)
2026-01-09 03:00:12,218 | WARNING |   VOLUME SANITY REJECT: DOT-USD 2026-01-08 09:00:00 volume=14.71 < threshold=1000 (source=ALPACA)
2026-01-09 03:00:12,218 | WARNING |   VOLUME SANITY REJECT: DOT-USD 2026-01-08 10:00:00 volume=48.53 < threshold=1000 (source=ALPACA)
2026-01-09 03:00:12,222 | WARNING |   VOLUME SANITY REJECT: DOT-USD 2026-01-08 11:00:00 volume=11.03 < threshold=1000 (source=ALPACA)
2026-01-09 03:00:12,222 | WARNING |   VOLUME SANITY REJECT: DOT-USD 2026-01-08 12:00:00 volume=236.97 < threshold=1000 (source=ALPACA)
2026-01-09 03:00:12,222 | WARNING |   VOLUME SANITY REJECT: DOT-USD 2026-01-08 13:00:00 volume=1.25 < threshold=1000 (source=ALPACA)
2026-01-09 03:00:12,222 | WARNING |   VOLUME SANITY REJECT: DOT-USD 2026-01-08 14:00:00 volume=0.00 < threshold=1000 (source=ALPACA)
2026-01-09 03:00:12,229 | WARNING |   VOLUME SANITY REJECT: DOT-USD 2026-01-08 15:00:00 volume=2.31 < threshold=1000 (source=ALPACA)
2026-01-09 03:00:12,230 | WARNING |   VOLUME SANITY REJECT: DOT-USD 2026-01-08 16:00:00 volume=5.04 < threshold=1000 (source=ALPACA)
2026-01-09 03:00:12,230 | WARNING |   VOLUME SANITY REJECT: DOT-USD 2026-01-08 17:00:00 volume=7.70 < threshold=1000 (source=ALPACA)
2026-01-09 03:00:12,230 | WARNING |   VOLUME SANITY REJECT: DOT-USD 2026-01-08 18:00:00 volume=105.31 < threshold=1000 (source=ALPACA)
2026-01-09 03:00:12,230 | WARNING |   VOLUME SANITY REJECT: DOT-USD 2026-01-08 19:00:00 volume=134.98 < threshold=1000 (source=ALPACA)
2026-01-09 03:00:12,230 | WARNING |   VOLUME SANITY REJECT: DOT-USD 2026-01-08 20:00:00 volume=0.00 < threshold=1000 (source=ALPACA)
2026-01-09 03:00:12,240 | WARNING |   VOLUME SANITY REJECT: DOT-USD 2026-01-08 21:00:00 volume=0.00 < threshold=1000 (source=ALPACA)
2026-01-09 03:00:12,248 | WARNING |   VOLUME SANITY REJECT: DOT-USD 2026-01-08 22:00:00 volume=0.00 < threshold=1000 (source=ALPACA)
2026-01-09 03:00:12,252 | WARNING |   VOLUME SANITY REJECT: DOT-USD 2026-01-08 23:00:00 volume=0.00 < threshold=1000 (source=ALPACA)
2026-01-09 03:00:12,255 | WARNING |   VOLUME SANITY REJECT: DOT-USD 2026-01-09 00:00:00 volume=0.00 < threshold=1000 (source=ALPACA)
2026-01-09 03:00:12,259 | WARNING |   VOLUME SANITY REJECT: DOT-USD 2026-01-09 01:00:00 volume=0.00 < threshold=1000 (source=ALPACA)
2026-01-09 03:00:12,263 | WARNING |   [DOT-USD] ALL 23 rows REJECTED by volume sanity check (source=ALPACA)
2026-01-09 03:00:12,264 | WARNING |   [DOT-USD] 0 rows written despite 23 bars received
2026-01-09 03:00:12,770 | INFO |   [EOS-USD] Stale (26.0h > 6h) - fetching
2026-01-09 03:00:12,892 | WARNING |   [EOS-USD] No data from Alpaca (STALE)
2026-01-09 03:00:13,446 | INFO |   [ETC-USD] Stale (26.0h > 6h) - fetching
2026-01-09 03:00:13,571 | WARNING |   [ETC-USD] No data from Alpaca (STALE)
2026-01-09 03:00:14,076 | INFO |   [ETH-USD] Stale (26.0h > 6h) - fetching
2026-01-09 03:00:14,218 | WARNING |   VOLUME SANITY REJECT: ETH-USD 2026-01-08 03:00:00 volume=0.20 < threshold=1000 (source=ALPACA)
2026-01-09 03:00:14,222 | WARNING |   VOLUME SANITY REJECT: ETH-USD 2026-01-08 04:00:00 volume=0.01 < threshold=1000 (source=ALPACA)
2026-01-09 03:00:14,224 | WARNING |   VOLUME SANITY REJECT: ETH-USD 2026-01-08 05:00:00 volume=0.10 < threshold=1000 (source=ALPACA)
2026-01-09 03:00:14,225 | WARNING |   VOLUME SANITY REJECT: ETH-USD 2026-01-08 06:00:00 volume=0.60 < threshold=1000 (source=ALPACA)
2026-01-09 03:00:14,225 | WARNING |   VOLUME SANITY REJECT: ETH-USD 2026-01-08 07:00:00 volume=1.36 < threshold=1000 (source=ALPACA)
2026-01-09 03:00:14,225 | WARNING |   VOLUME SANITY REJECT: ETH-USD 2026-01-08 08:00:00 volume=0.05 < threshold=1000 (source=ALPACA)
2026-01-09 03:00:14,225 | WARNING |   VOLUME SANITY REJECT: ETH-USD 2026-01-08 09:00:00 volume=0.04 < threshold=1000 (source=ALPACA)
2026-01-09 03:00:14,225 | WARNING |   VOLUME SANITY REJECT: ETH-USD 2026-01-08 10:00:00 volume=0.42 < threshold=1000 (source=ALPACA)
2026-01-09 03:00:14,233 | WARNING |   VOLUME SANITY REJECT: ETH-USD 2026-01-08 11:00:00 volume=0.27 < threshold=1000 (source=ALPACA)
2026-01-09 03:00:14,233 | WARNING |   VOLUME SANITY REJECT: ETH-USD 2026-01-08 12:00:00 volume=0.10 < threshold=1000 (source=ALPACA)
2026-01-09 03:00:14,233 | WARNING |   VOLUME SANITY REJECT: ETH-USD 2026-01-08 13:00:00 volume=0.01 < threshold=1000 (source=ALPACA)
2026-01-09 03:00:14,233 | WARNING |   VOLUME SANITY REJECT: ETH-USD 2026-01-08 14:00:00 volume=0.81 < threshold=1000 (source=ALPACA)
2026-01-09 03:00:14,239 | WARNING |   VOLUME SANITY REJECT: ETH-USD 2026-01-08 15:00:00 volume=0.03 < threshold=1000 (source=ALPACA)
2026-01-09 03:00:14,243 | WARNING |   VOLUME SANITY REJECT: ETH-USD 2026-01-08 16:00:00 volume=0.45 < threshold=1000 (source=ALPACA)
2026-01-09 03:00:14,249 | WARNING |   VOLUME SANITY REJECT: ETH-USD 2026-01-08 17:00:00 volume=1.35 < threshold=1000 (source=ALPACA)
2026-01-09 03:00:14,255 | WARNING |   VOLUME SANITY REJECT: ETH-USD 2026-01-08 18:00:00 volume=0.07 < threshold=1000 (source=ALPACA)
2026-01-09 03:00:14,260 | WARNING |   VOLUME SANITY REJECT: ETH-USD 2026-01-08 19:00:00 volume=0.25 < threshold=1000 (source=ALPACA)
2026-01-09 03:00:14,264 | WARNING |   VOLUME SANITY REJECT: ETH-USD 2026-01-08 20:00:00 volume=1.35 < threshold=1000 (source=ALPACA)
2026-01-09 03:00:14,267 | WARNING |   VOLUME SANITY REJECT: ETH-USD 2026-01-08 21:00:00 volume=0.01 < threshold=1000 (source=ALPACA)
2026-01-09 03:00:14,269 | WARNING |   VOLUME SANITY REJECT: ETH-USD 2026-01-08 22:00:00 volume=0.02 < threshold=1000 (source=ALPACA)
2026-01-09 03:00:14,272 | WARNING |   VOLUME SANITY REJECT: ETH-USD 2026-01-08 23:00:00 volume=0.20 < threshold=1000 (source=ALPACA)
2026-01-09 03:00:14,276 | WARNING |   VOLUME SANITY REJECT: ETH-USD 2026-01-09 00:00:00 volume=0.00 < threshold=1000 (source=ALPACA)
2026-01-09 03:00:14,280 | WARNING |   VOLUME SANITY REJECT: ETH-USD 2026-01-09 01:00:00 volume=0.03 < threshold=1000 (source=ALPACA)
2026-01-09 03:00:14,282 | WARNING |   [ETH-USD] ALL 23 rows REJECTED by volume sanity check (source=ALPACA)
2026-01-09 03:00:14,282 | WARNING |   [ETH-USD] 0 rows written despite 23 bars received
2026-01-09 03:00:14,788 | INFO |   [FIL-USD] Stale (26.0h > 6h) - fetching
2026-01-09 03:00:14,924 | WARNING |   [FIL-USD] No data from Alpaca (STALE)
2026-01-09 03:00:15,428 | INFO |   [FLOW-USD] Stale (26.0h > 6h) - fetching
2026-01-09 03:00:15,553 | WARNING |   [FLOW-USD] No data from Alpaca (STALE)
2026-01-09 03:00:16,062 | INFO |   [GRT-USD] Stale (31.0h > 6h) - fetching
2026-01-09 03:00:16,188 | WARNING |   VOLUME SANITY REJECT: GRT-USD 2026-01-08 03:00:00 volume=0.00 < threshold=1000 (source=ALPACA)
2026-01-09 03:00:16,198 | WARNING |   VOLUME SANITY REJECT: GRT-USD 2026-01-08 04:00:00 volume=352.08 < threshold=1000 (source=ALPACA)
2026-01-09 03:00:16,198 | WARNING |   VOLUME SANITY REJECT: GRT-USD 2026-01-08 05:00:00 volume=0.00 < threshold=1000 (source=ALPACA)
2026-01-09 03:00:16,198 | WARNING |   VOLUME SANITY REJECT: GRT-USD 2026-01-08 06:00:00 volume=0.00 < threshold=1000 (source=ALPACA)
2026-01-09 03:00:16,198 | WARNING |   VOLUME SANITY REJECT: GRT-USD 2026-01-08 07:00:00 volume=0.00 < threshold=1000 (source=ALPACA)
2026-01-09 03:00:16,198 | WARNING |   VOLUME SANITY REJECT: GRT-USD 2026-01-08 08:00:00 volume=0.00 < threshold=1000 (source=ALPACA)
2026-01-09 03:00:16,198 | WARNING |   VOLUME SANITY REJECT: GRT-USD 2026-01-08 09:00:00 volume=0.00 < threshold=1000 (source=ALPACA)
2026-01-09 03:00:16,198 | WARNING |   VOLUME SANITY REJECT: GRT-USD 2026-01-08 10:00:00 volume=0.00 < threshold=1000 (source=ALPACA)
2026-01-09 03:00:16,209 | WARNING |   VOLUME SANITY REJECT: GRT-USD 2026-01-08 11:00:00 volume=0.00 < threshold=1000 (source=ALPACA)
2026-01-09 03:00:16,209 | WARNING |   VOLUME SANITY REJECT: GRT-USD 2026-01-08 12:00:00 volume=100.00 < threshold=1000 (source=ALPACA)
2026-01-09 03:00:16,209 | WARNING |   VOLUME SANITY REJECT: GRT-USD 2026-01-08 13:00:00 volume=0.00 < threshold=1000 (source=ALPACA)
2026-01-09 03:00:16,209 | WARNING |   VOLUME SANITY REJECT: GRT-USD 2026-01-08 14:00:00 volume=100.00 < threshold=1000 (source=ALPACA)
2026-01-09 03:00:16,209 | WARNING |   VOLUME SANITY REJECT: GRT-USD 2026-01-08 15:00:00 volume=50.00 < threshold=1000 (source=ALPACA)
2026-01-09 03:00:16,219 | WARNING |   VOLUME SANITY REJECT: GRT-USD 2026-01-08 16:00:00 volume=515.49 < threshold=1000 (source=ALPACA)
2026-01-09 03:00:16,219 | WARNING |   VOLUME SANITY REJECT: GRT-USD 2026-01-08 17:00:00 volume=0.00 < threshold=1000 (source=ALPACA)
2026-01-09 03:00:16,219 | WARNING |   VOLUME SANITY REJECT: GRT-USD 2026-01-08 18:00:00 volume=0.00 < threshold=1000 (source=ALPACA)
2026-01-09 03:00:16,219 | WARNING |   VOLUME SANITY REJECT: GRT-USD 2026-01-08 19:00:00 volume=0.00 < threshold=1000 (source=ALPACA)
2026-01-09 03:00:16,228 | WARNING |   VOLUME SANITY REJECT: GRT-USD 2026-01-08 20:00:00 volume=660.64 < threshold=1000 (source=ALPACA)
2026-01-09 03:00:16,245 | WARNING |   VOLUME SANITY REJECT: GRT-USD 2026-01-08 21:00:00 volume=0.00 < threshold=1000 (source=ALPACA)
2026-01-09 03:00:16,248 | WARNING |   VOLUME SANITY REJECT: GRT-USD 2026-01-08 22:00:00 volume=0.00 < threshold=1000 (source=ALPACA)
2026-01-09 03:00:16,252 | WARNING |   VOLUME SANITY REJECT: GRT-USD 2026-01-08 23:00:00 volume=0.00 < threshold=1000 (source=ALPACA)
2026-01-09 03:00:16,256 | WARNING |   VOLUME SANITY REJECT: GRT-USD 2026-01-09 00:00:00 volume=0.00 < threshold=1000 (source=ALPACA)
2026-01-09 03:00:16,260 | WARNING |   VOLUME SANITY REJECT: GRT-USD 2026-01-09 01:00:00 volume=0.00 < threshold=1000 (source=ALPACA)
2026-01-09 03:00:16,261 | WARNING |   [GRT-USD] ALL 23 rows REJECTED by volume sanity check (source=ALPACA)
2026-01-09 03:00:16,262 | WARNING |   [GRT-USD] 0 rows written despite 23 bars received
2026-01-09 03:00:16,767 | INFO |   [HBAR-USD] Stale (26.0h > 6h) - fetching
2026-01-09 03:00:16,895 | WARNING |   [HBAR-USD] No data from Alpaca (STALE)
2026-01-09 03:00:17,398 | INFO |   [ICP-USD] Stale (26.0h > 6h) - fetching
2026-01-09 03:00:17,523 | WARNING |   [ICP-USD] No data from Alpaca (STALE)
2026-01-09 03:00:18,030 | INFO |   [INJ-USD] Stale (26.0h > 6h) - fetching
2026-01-09 03:00:18,162 | WARNING |   [INJ-USD] No data from Alpaca (STALE)
2026-01-09 03:00:18,667 | INFO |   [LDO-USD] Stale (26.0h > 6h) - fetching
2026-01-09 03:00:18,786 | WARNING |   [LDO-USD] No data from Alpaca (STALE)
2026-01-09 03:00:19,297 | INFO |   [LINK-USD] Stale (26.0h > 6h) - fetching
2026-01-09 03:00:19,425 | WARNING |   VOLUME SANITY REJECT: LINK-USD 2026-01-08 03:00:00 volume=3.08 < threshold=1000 (source=ALPACA)
2026-01-09 03:00:19,425 | WARNING |   VOLUME SANITY REJECT: LINK-USD 2026-01-08 04:00:00 volume=15.40 < threshold=1000 (source=ALPACA)
2026-01-09 03:00:19,425 | WARNING |   VOLUME SANITY REJECT: LINK-USD 2026-01-08 05:00:00 volume=0.00 < threshold=1000 (source=ALPACA)
2026-01-09 03:00:19,425 | WARNING |   VOLUME SANITY REJECT: LINK-USD 2026-01-08 06:00:00 volume=94.95 < threshold=1000 (source=ALPACA)
2026-01-09 03:00:19,425 | WARNING |   VOLUME SANITY REJECT: LINK-USD 2026-01-08 07:00:00 volume=1.46 < threshold=1000 (source=ALPACA)
2026-01-09 03:00:19,425 | WARNING |   VOLUME SANITY REJECT: LINK-USD 2026-01-08 08:00:00 volume=5.84 < threshold=1000 (source=ALPACA)
2026-01-09 03:00:19,425 | WARNING |   VOLUME SANITY REJECT: LINK-USD 2026-01-08 09:00:00 volume=0.00 < threshold=1000 (source=ALPACA)
2026-01-09 03:00:19,425 | WARNING |   VOLUME SANITY REJECT: LINK-USD 2026-01-08 10:00:00 volume=11.34 < threshold=1000 (source=ALPACA)
2026-01-09 03:00:19,425 | WARNING |   VOLUME SANITY REJECT: LINK-USD 2026-01-08 11:00:00 volume=1.80 < threshold=1000 (source=ALPACA)
2026-01-09 03:00:19,425 | WARNING |   VOLUME SANITY REJECT: LINK-USD 2026-01-08 12:00:00 volume=9.06 < threshold=1000 (source=ALPACA)
2026-01-09 03:00:19,425 | WARNING |   VOLUME SANITY REJECT: LINK-USD 2026-01-08 13:00:00 volume=32.12 < threshold=1000 (source=ALPACA)
2026-01-09 03:00:19,425 | WARNING |   VOLUME SANITY REJECT: LINK-USD 2026-01-08 14:00:00 volume=5.86 < threshold=1000 (source=ALPACA)
2026-01-09 03:00:19,425 | WARNING |   VOLUME SANITY REJECT: LINK-USD 2026-01-08 15:00:00 volume=2.99 < threshold=1000 (source=ALPACA)
2026-01-09 03:00:19,435 | WARNING |   VOLUME SANITY REJECT: LINK-USD 2026-01-08 16:00:00 volume=14.28 < threshold=1000 (source=ALPACA)
2026-01-09 03:00:19,436 | WARNING |   VOLUME SANITY REJECT: LINK-USD 2026-01-08 17:00:00 volume=14.75 < threshold=1000 (source=ALPACA)
2026-01-09 03:00:19,436 | WARNING |   VOLUME SANITY REJECT: LINK-USD 2026-01-08 18:00:00 volume=16.33 < threshold=1000 (source=ALPACA)
2026-01-09 03:00:19,436 | WARNING |   VOLUME SANITY REJECT: LINK-USD 2026-01-08 19:00:00 volume=0.87 < threshold=1000 (source=ALPACA)
2026-01-09 03:00:19,436 | WARNING |   VOLUME SANITY REJECT: LINK-USD 2026-01-08 20:00:00 volume=0.47 < threshold=1000 (source=ALPACA)
2026-01-09 03:00:19,436 | WARNING |   VOLUME SANITY REJECT: LINK-USD 2026-01-08 21:00:00 volume=0.96 < threshold=1000 (source=ALPACA)
2026-01-09 03:00:19,436 | WARNING |   VOLUME SANITY REJECT: LINK-USD 2026-01-08 22:00:00 volume=0.32 < threshold=1000 (source=ALPACA)
2026-01-09 03:00:19,436 | WARNING |   VOLUME SANITY REJECT: LINK-USD 2026-01-08 23:00:00 volume=0.00 < threshold=1000 (source=ALPACA)
2026-01-09 03:00:19,436 | WARNING |   VOLUME SANITY REJECT: LINK-USD 2026-01-09 00:00:00 volume=24.74 < threshold=1000 (source=ALPACA)
2026-01-09 03:00:19,436 | WARNING |   VOLUME SANITY REJECT: LINK-USD 2026-01-09 01:00:00 volume=29.31 < threshold=1000 (source=ALPACA)
2026-01-09 03:00:19,436 | WARNING |   [LINK-USD] ALL 23 rows REJECTED by volume sanity check (source=ALPACA)
2026-01-09 03:00:19,436 | WARNING |   [LINK-USD] 0 rows written despite 23 bars received
2026-01-09 03:00:19,945 | INFO |   [LTC-USD] Stale (26.0h > 6h) - fetching
2026-01-09 03:00:20,082 | WARNING |   VOLUME SANITY REJECT: LTC-USD 2026-01-08 03:00:00 volume=0.17 < threshold=1000 (source=ALPACA)
2026-01-09 03:00:20,083 | WARNING |   VOLUME SANITY REJECT: LTC-USD 2026-01-08 04:00:00 volume=0.00 < threshold=1000 (source=ALPACA)
2026-01-09 03:00:20,083 | WARNING |   VOLUME SANITY REJECT: LTC-USD 2026-01-08 05:00:00 volume=0.00 < threshold=1000 (source=ALPACA)
2026-01-09 03:00:20,083 | WARNING |   VOLUME SANITY REJECT: LTC-USD 2026-01-08 06:00:00 volume=2.84 < threshold=1000 (source=ALPACA)
2026-01-09 03:00:20,083 | WARNING |   VOLUME SANITY REJECT: LTC-USD 2026-01-08 07:00:00 volume=0.56 < threshold=1000 (source=ALPACA)
2026-01-09 03:00:20,083 | WARNING |   VOLUME SANITY REJECT: LTC-USD 2026-01-08 08:00:00 volume=0.00 < threshold=1000 (source=ALPACA)
2026-01-09 03:00:20,083 | WARNING |   VOLUME SANITY REJECT: LTC-USD 2026-01-08 09:00:00 volume=0.00 < threshold=1000 (source=ALPACA)
2026-01-09 03:00:20,083 | WARNING |   VOLUME SANITY REJECT: LTC-USD 2026-01-08 10:00:00 volume=18.57 < threshold=1000 (source=ALPACA)
2026-01-09 03:00:20,083 | WARNING |   VOLUME SANITY REJECT: LTC-USD 2026-01-08 11:00:00 volume=0.10 < threshold=1000 (source=ALPACA)
2026-01-09 03:00:20,083 | WARNING |   VOLUME SANITY REJECT: LTC-USD 2026-01-08 12:00:00 volume=1.19 < threshold=1000 (source=ALPACA)
2026-01-09 03:00:20,083 | WARNING |   VOLUME SANITY REJECT: LTC-USD 2026-01-08 13:00:00 volume=0.00 < threshold=1000 (source=ALPACA)
2026-01-09 03:00:20,083 | WARNING |   VOLUME SANITY REJECT: LTC-USD 2026-01-08 14:00:00 volume=1.08 < threshold=1000 (source=ALPACA)
2026-01-09 03:00:20,083 | WARNING |   VOLUME SANITY REJECT: LTC-USD 2026-01-08 15:00:00 volume=0.10 < threshold=1000 (source=ALPACA)
2026-01-09 03:00:20,088 | WARNING |   VOLUME SANITY REJECT: LTC-USD 2026-01-08 16:00:00 volume=0.00 < threshold=1000 (source=ALPACA)
2026-01-09 03:00:20,088 | WARNING |   VOLUME SANITY REJECT: LTC-USD 2026-01-08 17:00:00 volume=0.79 < threshold=1000 (source=ALPACA)
2026-01-09 03:00:20,088 | WARNING |   VOLUME SANITY REJECT: LTC-USD 2026-01-08 18:00:00 volume=20.90 < threshold=1000 (source=ALPACA)
2026-01-09 03:00:20,088 | WARNING |   VOLUME SANITY REJECT: LTC-USD 2026-01-08 19:00:00 volume=2.33 < threshold=1000 (source=ALPACA)
2026-01-09 03:00:20,088 | WARNING |   VOLUME SANITY REJECT: LTC-USD 2026-01-08 20:00:00 volume=6.37 < threshold=1000 (source=ALPACA)
2026-01-09 03:00:20,088 | WARNING |   VOLUME SANITY REJECT: LTC-USD 2026-01-08 21:00:00 volume=0.18 < threshold=1000 (source=ALPACA)
2026-01-09 03:00:20,088 | WARNING |   VOLUME SANITY REJECT: LTC-USD 2026-01-08 22:00:00 volume=0.00 < threshold=1000 (source=ALPACA)
2026-01-09 03:00:20,088 | WARNING |   VOLUME SANITY REJECT: LTC-USD 2026-01-08 23:00:00 volume=0.20 < threshold=1000 (source=ALPACA)
2026-01-09 03:00:20,088 | WARNING |   VOLUME SANITY REJECT: LTC-USD 2026-01-09 00:00:00 volume=0.00 < threshold=1000 (source=ALPACA)
2026-01-09 03:00:20,088 | WARNING |   VOLUME SANITY REJECT: LTC-USD 2026-01-09 01:00:00 volume=0.00 < threshold=1000 (source=ALPACA)
2026-01-09 03:00:20,088 | WARNING |   [LTC-USD] ALL 23 rows REJECTED by volume sanity check (source=ALPACA)
2026-01-09 03:00:20,088 | WARNING |   [LTC-USD] 0 rows written despite 23 bars received
2026-01-09 03:00:20,593 | INFO |   [MANA-USD] Stale (26.0h > 6h) - fetching
2026-01-09 03:00:20,725 | WARNING |   [MANA-USD] No data from Alpaca (STALE)
2026-01-09 03:00:21,232 | INFO |   [MKR-USD] Stale (26.0h > 6h) - fetching
2026-01-09 03:00:21,374 | WARNING |   [MKR-USD] No data from Alpaca (STALE)
2026-01-09 03:00:21,882 | INFO |   [NEAR-USD] Stale (26.0h > 6h) - fetching
2026-01-09 03:00:22,003 | WARNING |   [NEAR-USD] No data from Alpaca (STALE)
2026-01-09 03:00:22,504 | INFO |   [OKB-USD] Stale (26.0h > 6h) - fetching
2026-01-09 03:00:22,626 | WARNING |   [OKB-USD] No data from Alpaca (STALE)
2026-01-09 03:00:23,128 | INFO |   [QNT-USD] Stale (26.0h > 6h) - fetching
2026-01-09 03:00:23,248 | WARNING |   [QNT-USD] No data from Alpaca (STALE)
2026-01-09 03:00:23,754 | INFO |   [RPL-USD] Stale (26.0h > 6h) - fetching
2026-01-09 03:00:23,883 | WARNING |   [RPL-USD] No data from Alpaca (STALE)
2026-01-09 03:00:24,387 | INFO |   [RUNE-USD] Stale (26.0h > 6h) - fetching
2026-01-09 03:00:24,507 | WARNING |   [RUNE-USD] No data from Alpaca (STALE)
2026-01-09 03:00:25,012 | INFO |   [SAND-USD] Stale (26.0h > 6h) - fetching
2026-01-09 03:00:25,127 | WARNING |   [SAND-USD] No data from Alpaca (STALE)
2026-01-09 03:00:25,640 | INFO |   [SHIB-USD] Stale (6.0h > 6h) - fetching
2026-01-09 03:00:25,779 | WARNING |   VOLUME SANITY REJECT: SHIB-USD 2026-01-08 03:00:00 volume=0.00 < threshold=1000 (source=ALPACA)
2026-01-09 03:00:25,779 | WARNING |   VOLUME SANITY REJECT: SHIB-USD 2026-01-08 04:00:00 volume=0.00 < threshold=1000 (source=ALPACA)
2026-01-09 03:00:25,779 | WARNING |   VOLUME SANITY REJECT: SHIB-USD 2026-01-08 05:00:00 volume=0.00 < threshold=1000 (source=ALPACA)
2026-01-09 03:00:25,779 | WARNING |   VOLUME SANITY REJECT: SHIB-USD 2026-01-08 06:00:00 volume=0.00 < threshold=1000 (source=ALPACA)
2026-01-09 03:00:25,779 | WARNING |   VOLUME SANITY REJECT: SHIB-USD 2026-01-08 08:00:00 volume=0.00 < threshold=1000 (source=ALPACA)
2026-01-09 03:00:25,779 | WARNING |   VOLUME SANITY REJECT: SHIB-USD 2026-01-08 11:00:00 volume=0.00 < threshold=1000 (source=ALPACA)
2026-01-09 03:00:25,779 | WARNING |   VOLUME SANITY REJECT: SHIB-USD 2026-01-08 13:00:00 volume=0.00 < threshold=1000 (source=ALPACA)
2026-01-09 03:00:25,779 | WARNING |   VOLUME SANITY REJECT: SHIB-USD 2026-01-08 15:00:00 volume=0.00 < threshold=1000 (source=ALPACA)
2026-01-09 03:00:25,779 | WARNING |   VOLUME SANITY REJECT: SHIB-USD 2026-01-08 17:00:00 volume=0.00 < threshold=1000 (source=ALPACA)
2026-01-09 03:00:25,779 | WARNING |   VOLUME SANITY REJECT: SHIB-USD 2026-01-08 18:00:00 volume=0.00 < threshold=1000 (source=ALPACA)
2026-01-09 03:00:25,779 | WARNING |   VOLUME SANITY REJECT: SHIB-USD 2026-01-08 21:00:00 volume=0.00 < threshold=1000 (source=ALPACA)
2026-01-09 03:00:25,779 | WARNING |   VOLUME SANITY REJECT: SHIB-USD 2026-01-08 22:00:00 volume=0.00 < threshold=1000 (source=ALPACA)
2026-01-09 03:00:25,779 | WARNING |   VOLUME SANITY REJECT: SHIB-USD 2026-01-08 23:00:00 volume=0.00 < threshold=1000 (source=ALPACA)
2026-01-09 03:00:25,789 | WARNING |   VOLUME SANITY REJECT: SHIB-USD 2026-01-09 00:00:00 volume=0.00 < threshold=1000 (source=ALPACA)
2026-01-09 03:00:25,789 | WARNING |   VOLUME SANITY REJECT: SHIB-USD 2026-01-09 01:00:00 volume=0.00 < threshold=1000 (source=ALPACA)
2026-01-09 03:00:25,789 | WARNING |   [SHIB-USD] 15 rows REJECTED by volume sanity, 8 rows INSERTED (source=ALPACA)
2026-01-09 03:00:25,800 | INFO |   [SHIB-USD] +8 rows via ALPACA (latest: 2026-01-09 01:00:00+00:00)
2026-01-09 03:00:26,302 | INFO |   [SNX-USD] Stale (26.0h > 6h) - fetching
2026-01-09 03:00:26,426 | WARNING |   [SNX-USD] No data from Alpaca (STALE)
2026-01-09 03:00:26,932 | INFO |   [SOL-USD] Stale (26.0h > 6h) - fetching
2026-01-09 03:00:27,069 | WARNING |   VOLUME SANITY REJECT: SOL-USD 2026-01-08 03:00:00 volume=10.36 < threshold=1000 (source=ALPACA)
2026-01-09 03:00:27,086 | WARNING |   VOLUME SANITY REJECT: SOL-USD 2026-01-08 04:00:00 volume=0.10 < threshold=1000 (source=ALPACA)
2026-01-09 03:00:27,087 | WARNING |   VOLUME SANITY REJECT: SOL-USD 2026-01-08 05:00:00 volume=5.96 < threshold=1000 (source=ALPACA)
2026-01-09 03:00:27,090 | WARNING |   VOLUME SANITY REJECT: SOL-USD 2026-01-08 06:00:00 volume=6.53 < threshold=1000 (source=ALPACA)
2026-01-09 03:00:27,091 | WARNING |   VOLUME SANITY REJECT: SOL-USD 2026-01-08 07:00:00 volume=1.29 < threshold=1000 (source=ALPACA)
2026-01-09 03:00:27,094 | WARNING |   VOLUME SANITY REJECT: SOL-USD 2026-01-08 08:00:00 volume=0.43 < threshold=1000 (source=ALPACA)
2026-01-09 03:00:27,096 | WARNING |   VOLUME SANITY REJECT: SOL-USD 2026-01-08 09:00:00 volume=1.96 < threshold=1000 (source=ALPACA)
2026-01-09 03:00:27,097 | WARNING |   VOLUME SANITY REJECT: SOL-USD 2026-01-08 10:00:00 volume=0.17 < threshold=1000 (source=ALPACA)
2026-01-09 03:00:27,099 | WARNING |   VOLUME SANITY REJECT: SOL-USD 2026-01-08 11:00:00 volume=0.02 < threshold=1000 (source=ALPACA)
2026-01-09 03:00:27,100 | WARNING |   VOLUME SANITY REJECT: SOL-USD 2026-01-08 12:00:00 volume=1.77 < threshold=1000 (source=ALPACA)
2026-01-09 03:00:27,101 | WARNING |   VOLUME SANITY REJECT: SOL-USD 2026-01-08 13:00:00 volume=0.20 < threshold=1000 (source=ALPACA)
2026-01-09 03:00:27,102 | WARNING |   VOLUME SANITY REJECT: SOL-USD 2026-01-08 14:00:00 volume=72.32 < threshold=1000 (source=ALPACA)
2026-01-09 03:00:27,104 | WARNING |   VOLUME SANITY REJECT: SOL-USD 2026-01-08 15:00:00 volume=46.13 < threshold=1000 (source=ALPACA)
2026-01-09 03:00:27,105 | WARNING |   VOLUME SANITY REJECT: SOL-USD 2026-01-08 16:00:00 volume=13.28 < threshold=1000 (source=ALPACA)
2026-01-09 03:00:27,106 | WARNING |   VOLUME SANITY REJECT: SOL-USD 2026-01-08 17:00:00 volume=0.53 < threshold=1000 (source=ALPACA)
2026-01-09 03:00:27,109 | WARNING |   VOLUME SANITY REJECT: SOL-USD 2026-01-08 18:00:00 volume=4.34 < threshold=1000 (source=ALPACA)
2026-01-09 03:00:27,109 | WARNING |   VOLUME SANITY REJECT: SOL-USD 2026-01-08 19:00:00 volume=12.94 < threshold=1000 (source=ALPACA)
2026-01-09 03:00:27,112 | WARNING |   VOLUME SANITY REJECT: SOL-USD 2026-01-08 20:00:00 volume=11.24 < threshold=1000 (source=ALPACA)
2026-01-09 03:00:27,114 | WARNING |   VOLUME SANITY REJECT: SOL-USD 2026-01-08 21:00:00 volume=1.07 < threshold=1000 (source=ALPACA)
2026-01-09 03:00:27,115 | WARNING |   VOLUME SANITY REJECT: SOL-USD 2026-01-08 22:00:00 volume=15.27 < threshold=1000 (source=ALPACA)
2026-01-09 03:00:27,116 | WARNING |   VOLUME SANITY REJECT: SOL-USD 2026-01-08 23:00:00 volume=0.76 < threshold=1000 (source=ALPACA)
2026-01-09 03:00:27,117 | WARNING |   VOLUME SANITY REJECT: SOL-USD 2026-01-09 00:00:00 volume=0.06 < threshold=1000 (source=ALPACA)
2026-01-09 03:00:27,118 | WARNING |   VOLUME SANITY REJECT: SOL-USD 2026-01-09 01:00:00 volume=1.68 < threshold=1000 (source=ALPACA)
2026-01-09 03:00:27,118 | WARNING |   [SOL-USD] ALL 23 rows REJECTED by volume sanity check (source=ALPACA)
2026-01-09 03:00:27,118 | WARNING |   [SOL-USD] 0 rows written despite 23 bars received
2026-01-09 03:00:27,621 | INFO |   [THETA-USD] Stale (26.0h > 6h) - fetching
2026-01-09 03:00:27,741 | WARNING |   [THETA-USD] No data from Alpaca (STALE)
2026-01-09 03:00:28,244 | INFO |   [TRX-USD] Stale (26.0h > 6h) - fetching
2026-01-09 03:00:28,361 | WARNING |   [TRX-USD] No data from Alpaca (STALE)
2026-01-09 03:00:28,866 | INFO |   [UNI-USD] Stale (36.0h > 6h) - fetching
2026-01-09 03:00:28,997 | WARNING |   VOLUME SANITY REJECT: UNI-USD 2026-01-08 03:00:00 volume=0.00 < threshold=1000 (source=ALPACA)
2026-01-09 03:00:29,006 | WARNING |   VOLUME SANITY REJECT: UNI-USD 2026-01-08 04:00:00 volume=0.00 < threshold=1000 (source=ALPACA)
2026-01-09 03:00:29,007 | WARNING |   VOLUME SANITY REJECT: UNI-USD 2026-01-08 05:00:00 volume=0.00 < threshold=1000 (source=ALPACA)
2026-01-09 03:00:29,007 | WARNING |   VOLUME SANITY REJECT: UNI-USD 2026-01-08 06:00:00 volume=2.98 < threshold=1000 (source=ALPACA)
2026-01-09 03:00:29,011 | WARNING |   VOLUME SANITY REJECT: UNI-USD 2026-01-08 07:00:00 volume=19.67 < threshold=1000 (source=ALPACA)
2026-01-09 03:00:29,016 | WARNING |   VOLUME SANITY REJECT: UNI-USD 2026-01-08 08:00:00 volume=0.00 < threshold=1000 (source=ALPACA)
2026-01-09 03:00:29,020 | WARNING |   VOLUME SANITY REJECT: UNI-USD 2026-01-08 09:00:00 volume=0.00 < threshold=1000 (source=ALPACA)
2026-01-09 03:00:29,025 | WARNING |   VOLUME SANITY REJECT: UNI-USD 2026-01-08 10:00:00 volume=290.98 < threshold=1000 (source=ALPACA)
2026-01-09 03:00:29,029 | WARNING |   VOLUME SANITY REJECT: UNI-USD 2026-01-08 11:00:00 volume=0.00 < threshold=1000 (source=ALPACA)
2026-01-09 03:00:29,032 | WARNING |   VOLUME SANITY REJECT: UNI-USD 2026-01-08 12:00:00 volume=13.33 < threshold=1000 (source=ALPACA)
2026-01-09 03:00:29,034 | WARNING |   VOLUME SANITY REJECT: UNI-USD 2026-01-08 13:00:00 volume=9.31 < threshold=1000 (source=ALPACA)
2026-01-09 03:00:29,034 | WARNING |   VOLUME SANITY REJECT: UNI-USD 2026-01-08 14:00:00 volume=14.45 < threshold=1000 (source=ALPACA)
2026-01-09 03:00:29,037 | WARNING |   VOLUME SANITY REJECT: UNI-USD 2026-01-08 15:00:00 volume=0.00 < threshold=1000 (source=ALPACA)
2026-01-09 03:00:29,037 | WARNING |   VOLUME SANITY REJECT: UNI-USD 2026-01-08 16:00:00 volume=0.90 < threshold=1000 (source=ALPACA)
2026-01-09 03:00:29,037 | WARNING |   VOLUME SANITY REJECT: UNI-USD 2026-01-08 17:00:00 volume=4.79 < threshold=1000 (source=ALPACA)
2026-01-09 03:00:29,037 | WARNING |   VOLUME SANITY REJECT: UNI-USD 2026-01-08 18:00:00 volume=1.02 < threshold=1000 (source=ALPACA)
2026-01-09 03:00:29,043 | WARNING |   VOLUME SANITY REJECT: UNI-USD 2026-01-08 19:00:00 volume=1.08 < threshold=1000 (source=ALPACA)
2026-01-09 03:00:29,043 | WARNING |   VOLUME SANITY REJECT: UNI-USD 2026-01-08 20:00:00 volume=9.21 < threshold=1000 (source=ALPACA)
2026-01-09 03:00:29,043 | WARNING |   VOLUME SANITY REJECT: UNI-USD 2026-01-08 21:00:00 volume=0.00 < threshold=1000 (source=ALPACA)
2026-01-09 03:00:29,048 | WARNING |   VOLUME SANITY REJECT: UNI-USD 2026-01-08 22:00:00 volume=1.49 < threshold=1000 (source=ALPACA)
2026-01-09 03:00:29,048 | WARNING |   VOLUME SANITY REJECT: UNI-USD 2026-01-08 23:00:00 volume=0.00 < threshold=1000 (source=ALPACA)
2026-01-09 03:00:29,048 | WARNING |   VOLUME SANITY REJECT: UNI-USD 2026-01-09 00:00:00 volume=0.00 < threshold=1000 (source=ALPACA)
2026-01-09 03:00:29,048 | WARNING |   VOLUME SANITY REJECT: UNI-USD 2026-01-09 01:00:00 volume=16.91 < threshold=1000 (source=ALPACA)
2026-01-09 03:00:29,048 | WARNING |   [UNI-USD] ALL 23 rows REJECTED by volume sanity check (source=ALPACA)
2026-01-09 03:00:29,048 | WARNING |   [UNI-USD] 0 rows written despite 23 bars received
2026-01-09 03:00:29,558 | INFO |   [VET-USD] Stale (26.0h > 6h) - fetching
2026-01-09 03:00:29,676 | WARNING |   [VET-USD] No data from Alpaca (STALE)
2026-01-09 03:00:30,187 | INFO |   [XLM-USD] Stale (26.0h > 6h) - fetching
2026-01-09 03:00:30,320 | WARNING |   [XLM-USD] No data from Alpaca (STALE)
2026-01-09 03:00:30,830 | INFO |   [XMR-USD] Stale (26.0h > 6h) - fetching
2026-01-09 03:00:30,947 | WARNING |   [XMR-USD] No data from Alpaca (STALE)
2026-01-09 03:00:31,464 | INFO |   [XRP-USD] Stale (8.0h > 6h) - fetching
2026-01-09 03:00:31,603 | WARNING |   VOLUME SANITY REJECT: XRP-USD 2026-01-08 03:00:00 volume=338.53 < threshold=1000 (source=ALPACA)
2026-01-09 03:00:31,603 | WARNING |   VOLUME SANITY REJECT: XRP-USD 2026-01-08 04:00:00 volume=41.41 < threshold=1000 (source=ALPACA)
2026-01-09 03:00:31,603 | WARNING |   VOLUME SANITY REJECT: XRP-USD 2026-01-08 05:00:00 volume=500.82 < threshold=1000 (source=ALPACA)
2026-01-09 03:00:31,603 | WARNING |   VOLUME SANITY REJECT: XRP-USD 2026-01-08 06:00:00 volume=812.76 < threshold=1000 (source=ALPACA)
2026-01-09 03:00:31,603 | WARNING |   VOLUME SANITY REJECT: XRP-USD 2026-01-08 07:00:00 volume=283.65 < threshold=1000 (source=ALPACA)
2026-01-09 03:00:31,614 | WARNING |   VOLUME SANITY REJECT: XRP-USD 2026-01-08 09:00:00 volume=133.25 < threshold=1000 (source=ALPACA)
2026-01-09 03:00:31,614 | WARNING |   VOLUME SANITY REJECT: XRP-USD 2026-01-08 11:00:00 volume=236.95 < threshold=1000 (source=ALPACA)
2026-01-09 03:00:31,614 | WARNING |   VOLUME SANITY REJECT: XRP-USD 2026-01-08 12:00:00 volume=329.81 < threshold=1000 (source=ALPACA)
2026-01-09 03:00:31,614 | WARNING |   VOLUME SANITY REJECT: XRP-USD 2026-01-08 13:00:00 volume=302.49 < threshold=1000 (source=ALPACA)
2026-01-09 03:00:31,614 | WARNING |   VOLUME SANITY REJECT: XRP-USD 2026-01-08 14:00:00 volume=562.42 < threshold=1000 (source=ALPACA)
2026-01-09 03:00:31,614 | WARNING |   VOLUME SANITY REJECT: XRP-USD 2026-01-08 15:00:00 volume=428.14 < threshold=1000 (source=ALPACA)
2026-01-09 03:00:31,614 | WARNING |   VOLUME SANITY REJECT: XRP-USD 2026-01-08 16:00:00 volume=482.34 < threshold=1000 (source=ALPACA)
2026-01-09 03:00:31,614 | WARNING |   VOLUME SANITY REJECT: XRP-USD 2026-01-08 17:00:00 volume=242.82 < threshold=1000 (source=ALPACA)
2026-01-09 03:00:31,614 | WARNING |   VOLUME SANITY REJECT: XRP-USD 2026-01-08 19:00:00 volume=21.96 < threshold=1000 (source=ALPACA)
2026-01-09 03:00:31,614 | WARNING |   VOLUME SANITY REJECT: XRP-USD 2026-01-08 20:00:00 volume=592.79 < threshold=1000 (source=ALPACA)
2026-01-09 03:00:31,614 | WARNING |   VOLUME SANITY REJECT: XRP-USD 2026-01-08 21:00:00 volume=24.42 < threshold=1000 (source=ALPACA)
2026-01-09 03:00:31,614 | WARNING |   VOLUME SANITY REJECT: XRP-USD 2026-01-08 22:00:00 volume=762.76 < threshold=1000 (source=ALPACA)
2026-01-09 03:00:31,614 | WARNING |   VOLUME SANITY REJECT: XRP-USD 2026-01-08 23:00:00 volume=24.89 < threshold=1000 (source=ALPACA)
2026-01-09 03:00:31,614 | WARNING |   VOLUME SANITY REJECT: XRP-USD 2026-01-09 00:00:00 volume=19.16 < threshold=1000 (source=ALPACA)
2026-01-09 03:00:31,624 | WARNING |   [XRP-USD] 19 rows REJECTED by volume sanity, 4 rows INSERTED (source=ALPACA)
2026-01-09 03:00:31,624 | INFO |   [XRP-USD] +4 rows via ALPACA (latest: 2026-01-09 01:00:00+00:00)
2026-01-09 03:00:32,130 | INFO |   [XTZ-USD] Stale (26.0h > 6h) - fetching
2026-01-09 03:00:32,264 | WARNING |   VOLUME SANITY REJECT: XTZ-USD 2026-01-08 03:00:00 volume=0.00 < threshold=1000 (source=ALPACA)
2026-01-09 03:00:32,265 | WARNING |   VOLUME SANITY REJECT: XTZ-USD 2026-01-08 04:00:00 volume=0.00 < threshold=1000 (source=ALPACA)
2026-01-09 03:00:32,265 | WARNING |   VOLUME SANITY REJECT: XTZ-USD 2026-01-08 05:00:00 volume=0.00 < threshold=1000 (source=ALPACA)
2026-01-09 03:00:32,266 | WARNING |   VOLUME SANITY REJECT: XTZ-USD 2026-01-08 06:00:00 volume=19.17 < threshold=1000 (source=ALPACA)
2026-01-09 03:00:32,266 | WARNING |   VOLUME SANITY REJECT: XTZ-USD 2026-01-08 07:00:00 volume=0.00 < threshold=1000 (source=ALPACA)
2026-01-09 03:00:32,267 | WARNING |   VOLUME SANITY REJECT: XTZ-USD 2026-01-08 08:00:00 volume=422.17 < threshold=1000 (source=ALPACA)
2026-01-09 03:00:32,267 | WARNING |   VOLUME SANITY REJECT: XTZ-USD 2026-01-08 09:00:00 volume=5.72 < threshold=1000 (source=ALPACA)
2026-01-09 03:00:32,267 | WARNING |   VOLUME SANITY REJECT: XTZ-USD 2026-01-08 10:00:00 volume=0.00 < threshold=1000 (source=ALPACA)
2026-01-09 03:00:32,267 | WARNING |   VOLUME SANITY REJECT: XTZ-USD 2026-01-08 11:00:00 volume=0.00 < threshold=1000 (source=ALPACA)
2026-01-09 03:00:32,267 | WARNING |   VOLUME SANITY REJECT: XTZ-USD 2026-01-08 12:00:00 volume=0.00 < threshold=1000 (source=ALPACA)
2026-01-09 03:00:32,267 | WARNING |   VOLUME SANITY REJECT: XTZ-USD 2026-01-08 13:00:00 volume=0.00 < threshold=1000 (source=ALPACA)
2026-01-09 03:00:32,267 | WARNING |   VOLUME SANITY REJECT: XTZ-USD 2026-01-08 14:00:00 volume=0.00 < threshold=1000 (source=ALPACA)
2026-01-09 03:00:32,267 | WARNING |   VOLUME SANITY REJECT: XTZ-USD 2026-01-08 15:00:00 volume=0.00 < threshold=1000 (source=ALPACA)
2026-01-09 03:00:32,267 | WARNING |   VOLUME SANITY REJECT: XTZ-USD 2026-01-08 16:00:00 volume=0.00 < threshold=1000 (source=ALPACA)
2026-01-09 03:00:32,267 | WARNING |   VOLUME SANITY REJECT: XTZ-USD 2026-01-08 17:00:00 volume=84.25 < threshold=1000 (source=ALPACA)
2026-01-09 03:00:32,267 | WARNING |   VOLUME SANITY REJECT: XTZ-USD 2026-01-08 18:00:00 volume=75.75 < threshold=1000 (source=ALPACA)
2026-01-09 03:00:32,267 | WARNING |   VOLUME SANITY REJECT: XTZ-USD 2026-01-08 19:00:00 volume=32.32 < threshold=1000 (source=ALPACA)
2026-01-09 03:00:32,267 | WARNING |   VOLUME SANITY REJECT: XTZ-USD 2026-01-08 20:00:00 volume=3.17 < threshold=1000 (source=ALPACA)
2026-01-09 03:00:32,267 | WARNING |   VOLUME SANITY REJECT: XTZ-USD 2026-01-08 21:00:00 volume=0.00 < threshold=1000 (source=ALPACA)
2026-01-09 03:00:32,267 | WARNING |   VOLUME SANITY REJECT: XTZ-USD 2026-01-08 22:00:00 volume=0.00 < threshold=1000 (source=ALPACA)
2026-01-09 03:00:32,267 | WARNING |   VOLUME SANITY REJECT: XTZ-USD 2026-01-08 23:00:00 volume=0.00 < threshold=1000 (source=ALPACA)
2026-01-09 03:00:32,267 | WARNING |   VOLUME SANITY REJECT: XTZ-USD 2026-01-09 00:00:00 volume=0.00 < threshold=1000 (source=ALPACA)
2026-01-09 03:00:32,267 | WARNING |   VOLUME SANITY REJECT: XTZ-USD 2026-01-09 01:00:00 volume=0.00 < threshold=1000 (source=ALPACA)
2026-01-09 03:00:32,276 | WARNING |   [XTZ-USD] ALL 23 rows REJECTED by volume sanity check (source=ALPACA)
2026-01-09 03:00:32,276 | WARNING |   [XTZ-USD] 0 rows written despite 23 bars received
2026-01-09 03:00:32,779 | INFO |   [ZEC-USD] Stale (26.0h > 6h) - fetching
2026-01-09 03:00:32,915 | WARNING |   [ZEC-USD] No data from Alpaca (STALE)
2026-01-09 03:00:33,421 | INFO |   [AAVE-USD] Stale (26.0h > 6h) - fetching
2026-01-09 03:00:33,569 | WARNING |   VOLUME SANITY REJECT: AAVE-USD 2026-01-08 03:00:00 volume=0.00 < threshold=1000 (source=ALPACA)
2026-01-09 03:00:33,571 | WARNING |   VOLUME SANITY REJECT: AAVE-USD 2026-01-08 04:00:00 volume=0.00 < threshold=1000 (source=ALPACA)
2026-01-09 03:00:33,573 | WARNING |   VOLUME SANITY REJECT: AAVE-USD 2026-01-08 05:00:00 volume=0.00 < threshold=1000 (source=ALPACA)
2026-01-09 03:00:33,574 | WARNING |   VOLUME SANITY REJECT: AAVE-USD 2026-01-08 06:00:00 volume=0.09 < threshold=1000 (source=ALPACA)
2026-01-09 03:00:33,575 | WARNING |   VOLUME SANITY REJECT: AAVE-USD 2026-01-08 07:00:00 volume=0.00 < threshold=1000 (source=ALPACA)
2026-01-09 03:00:33,577 | WARNING |   VOLUME SANITY REJECT: AAVE-USD 2026-01-08 08:00:00 volume=0.00 < threshold=1000 (source=ALPACA)
2026-01-09 03:00:33,580 | WARNING |   VOLUME SANITY REJECT: AAVE-USD 2026-01-08 09:00:00 volume=0.07 < threshold=1000 (source=ALPACA)
2026-01-09 03:00:33,582 | WARNING |   VOLUME SANITY REJECT: AAVE-USD 2026-01-08 10:00:00 volume=0.45 < threshold=1000 (source=ALPACA)
2026-01-09 03:00:33,583 | WARNING |   VOLUME SANITY REJECT: AAVE-USD 2026-01-08 11:00:00 volume=9.57 < threshold=1000 (source=ALPACA)
2026-01-09 03:00:33,585 | WARNING |   VOLUME SANITY REJECT: AAVE-USD 2026-01-08 12:00:00 volume=0.00 < threshold=1000 (source=ALPACA)
2026-01-09 03:00:33,586 | WARNING |   VOLUME SANITY REJECT: AAVE-USD 2026-01-08 13:00:00 volume=0.00 < threshold=1000 (source=ALPACA)
2026-01-09 03:00:33,588 | WARNING |   VOLUME SANITY REJECT: AAVE-USD 2026-01-08 14:00:00 volume=1.09 < threshold=1000 (source=ALPACA)
2026-01-09 03:00:33,589 | WARNING |   VOLUME SANITY REJECT: AAVE-USD 2026-01-08 15:00:00 volume=0.00 < threshold=1000 (source=ALPACA)
2026-01-09 03:00:33,591 | WARNING |   VOLUME SANITY REJECT: AAVE-USD 2026-01-08 16:00:00 volume=0.63 < threshold=1000 (source=ALPACA)
2026-01-09 03:00:33,594 | WARNING |   VOLUME SANITY REJECT: AAVE-USD 2026-01-08 17:00:00 volume=0.56 < threshold=1000 (source=ALPACA)
2026-01-09 03:00:33,595 | WARNING |   VOLUME SANITY REJECT: AAVE-USD 2026-01-08 18:00:00 volume=1.14 < threshold=1000 (source=ALPACA)
2026-01-09 03:00:33,597 | WARNING |   VOLUME SANITY REJECT: AAVE-USD 2026-01-08 19:00:00 volume=6.08 < threshold=1000 (source=ALPACA)
2026-01-09 03:00:33,599 | WARNING |   VOLUME SANITY REJECT: AAVE-USD 2026-01-08 20:00:00 volume=2.18 < threshold=1000 (source=ALPACA)
2026-01-09 03:00:33,600 | WARNING |   VOLUME SANITY REJECT: AAVE-USD 2026-01-08 21:00:00 volume=0.00 < threshold=1000 (source=ALPACA)
2026-01-09 03:00:33,601 | WARNING |   VOLUME SANITY REJECT: AAVE-USD 2026-01-08 22:00:00 volume=0.13 < threshold=1000 (source=ALPACA)
2026-01-09 03:00:33,603 | WARNING |   VOLUME SANITY REJECT: AAVE-USD 2026-01-08 23:00:00 volume=0.13 < threshold=1000 (source=ALPACA)
2026-01-09 03:00:33,604 | WARNING |   VOLUME SANITY REJECT: AAVE-USD 2026-01-09 00:00:00 volume=0.00 < threshold=1000 (source=ALPACA)
2026-01-09 03:00:33,606 | WARNING |   VOLUME SANITY REJECT: AAVE-USD 2026-01-09 01:00:00 volume=0.00 < threshold=1000 (source=ALPACA)
2026-01-09 03:00:33,607 | WARNING |   [AAVE-USD] ALL 23 rows REJECTED by volume sanity check (source=ALPACA)
2026-01-09 03:00:33,608 | WARNING |   [AAVE-USD] 0 rows written despite 23 bars received
2026-01-09 03:00:34,120 | INFO | Alpaca: Updated 2 assets, 30 remaining
2026-01-09 03:00:34,422 | INFO | ============================================================
2026-01-09 03:00:34,422 | INFO | ATTEMPTING YAHOO FINANCE INGEST (Fallback Provider)
2026-01-09 03:00:34,422 | INFO | Assets: 30, Using BATCH DOWNLOAD (efficient)
2026-01-09 03:00:34,422 | INFO | ============================================================
2026-01-09 03:00:34,422 | INFO |   Checking Yahoo Finance rate limit status...
2026-01-09 03:00:37,074 | ERROR | 
1 Failed download:
2026-01-09 03:00:37,074 | ERROR | ['AAPL']: YFRateLimitError('Too Many Requests. Rate limited. Try after a while.')
2026-01-09 03:00:37,102 | WARNING |   RATE LIMITED - Yahoo Finance is currently blocking requests
2026-01-09 03:00:37,103 | WARNING |   Skipping Yahoo and marking all assets as failed
2026-01-09 03:00:37,103 | INFO | Yahoo: Updated 0 assets, 30 remaining
2026-01-09 03:00:37,103 | INFO | 
============================================================
2026-01-09 03:00:37,104 | INFO | VERIFICATION: Checking Data Freshness
2026-01-09 03:00:37,104 | INFO | ============================================================
2026-01-09 03:00:37,705 | WARNING | VERIFICATION FAILED: 116 assets are stale
2026-01-09 03:00:37,705 | WARNING |   - BT.A.L: 25 days stale (last: 2025-12-15)
2026-01-09 03:00:37,705 | WARNING |   - 1COV.DE: 17 days stale (last: 2025-12-23)
2026-01-09 03:00:37,705 | WARNING |   - CAP.PA: 3 days stale (last: 2026-01-06)
2026-01-09 03:00:37,705 | WARNING |   - CBK.DE: 3 days stale (last: 2026-01-06)
2026-01-09 03:00:37,705 | WARNING |   - CON.DE: 3 days stale (last: 2026-01-06)
2026-01-09 03:00:37,705 | WARNING |   - CPG.L: 3 days stale (last: 2026-01-06)
2026-01-09 03:00:37,706 | WARNING |   - CS.PA: 3 days stale (last: 2026-01-06)
2026-01-09 03:00:37,706 | WARNING |   - DBK.DE: 3 days stale (last: 2026-01-06)
2026-01-09 03:00:37,706 | WARNING |   - DG.PA: 3 days stale (last: 2026-01-06)
2026-01-09 03:00:37,706 | WARNING |   - DGE.L: 3 days stale (last: 2026-01-06)
2026-01-09 03:00:37,706 | WARNING |   ... and 106 more
2026-01-09 03:00:38,151 | CRITICAL | ALERT [CRITICAL]: DATA VERIFICATION FAILED: 116 assets still stale after ingest! Updated: 2, Rows: 12
2026-01-09 03:00:38,156 | WARNING | Governance logging failed: column "action_timestamp" of relation "governance_actions_log" does not exist
LINE 3:                     action_type, action_timestamp, action_by...
                                         ^

2026-01-09 03:00:38,157 | WARNING | ALERT [WARNING]: PARTIAL INGEST: 30 assets could not be updated via any provider
2026-01-09 03:00:38,158 | WARNING | Heartbeat recording failed: relation "fhq_monitoring.system_heartbeats" does not exist
LINE 2:                 INSERT INTO fhq_monitoring.system_heartbeats...
                                    ^

2026-01-09 03:00:38,159 | WARNING | Governance logging failed: current transaction is aborted, commands ignored until end of transaction block

2026-01-09 03:00:38,161 | INFO | 
======================================================================
2026-01-09 03:00:38,162 | INFO | BULLETPROOF INGEST COMPLETE
2026-01-09 03:00:38,162 | INFO | ======================================================================
2026-01-09 03:00:38,163 | INFO | Status: PARTIAL
2026-01-09 03:00:38,163 | INFO | Assets Updated: 2
2026-01-09 03:00:38,163 | INFO | Rows Inserted: 12
2026-01-09 03:00:38,163 | INFO | Providers Used: ALPACA, YAHOO
2026-01-09 03:00:38,164 | INFO | Verification: FAILED (116 stale)
2026-01-09 03:00:38,164 | INFO | Elapsed: 34.8s
2026-01-09 03:00:38,164 | INFO | 
Freshness by Asset Class:
2026-01-09 03:00:38,164 | INFO |   CRYPTO: 46/50 fresh (92.0%)
2026-01-09 03:00:38,165 | INFO |   EQUITY: 305/422 fresh (72.3%)
2026-01-09 03:00:38,165 | INFO |   FX: 24/25 fresh (96.0%)
2026-01-09 03:00:38,165 | INFO | 
Evidence: C:\fhq-market-system\vision-ios\03_FUNCTIONS\evidence\BULLETPROOF_INGEST_5fc455a6_20260109_030038.json
2026-01-09 03:00:38,165 | INFO | ======================================================================
