2026-01-29 23:10:29,930 | INFO | ======================================================================
2026-01-29 23:10:29,931 | INFO | IoS-001 BULLETPROOF DAILY PRICE INGEST
2026-01-29 23:10:29,932 | INFO | ======================================================================
2026-01-29 23:10:29,932 | INFO | CEO Directive: CD-IOS-001-DAILY-INGEST-BULLETPROOF-001
2026-01-29 23:10:29,932 | INFO | Executor: STIG (EC-003)
2026-01-29 23:10:29,933 | INFO | Time: 2026-01-29T22:10:29.930783+00:00
2026-01-29 23:10:29,933 | INFO | Asset Class Filter: FX
2026-01-29 23:10:29,934 | INFO | Dry Run: False
2026-01-29 23:10:29,934 | INFO | Canonical Source: fhq_market.prices (ONLY)
2026-01-29 23:10:29,934 | INFO | ======================================================================
2026-01-29 23:10:30,088 | INFO | Found 24 canonical assets
2026-01-29 23:10:31,611 | INFO | ============================================================
2026-01-29 23:10:31,612 | INFO | ATTEMPTING ALPACA INGEST (Primary Provider)
2026-01-29 23:10:31,612 | INFO | Assets: 24, Rate limit: 200/min
2026-01-29 23:10:31,612 | INFO | ============================================================
2026-01-29 23:10:31,623 | INFO |   [AUDJPY=X] Stale (46.2h > 18h) - fetching
2026-01-29 23:10:31,627 | INFO |   [AUDUSD=X] Stale (46.2h > 18h) - fetching
2026-01-29 23:10:31,629 | INFO |   [CADJPY=X] Stale (46.2h > 18h) - fetching
2026-01-29 23:10:31,632 | INFO |   [CHFJPY=X] Stale (46.2h > 18h) - fetching
2026-01-29 23:10:31,633 | INFO |   [EURAUD=X] Stale (46.2h > 18h) - fetching
2026-01-29 23:10:31,635 | INFO |   [EURCHF=X] Stale (46.2h > 18h) - fetching
2026-01-29 23:10:31,636 | INFO |   [EURGBP=X] Stale (46.2h > 18h) - fetching
2026-01-29 23:10:31,637 | INFO |   [EURJPY=X] Stale (46.2h > 18h) - fetching
2026-01-29 23:10:31,638 | INFO |   [EURNOK=X] Stale (46.2h > 18h) - fetching
2026-01-29 23:10:31,640 | INFO |   [EURSEK=X] Stale (46.2h > 18h) - fetching
2026-01-29 23:10:31,642 | INFO |   [EURUSD=X] Stale (46.2h > 18h) - fetching
2026-01-29 23:10:31,644 | INFO |   [GBPJPY=X] Stale (46.2h > 18h) - fetching
2026-01-29 23:10:31,647 | INFO |   [GBPUSD=X] Stale (46.2h > 18h) - fetching
2026-01-29 23:10:31,649 | INFO |   [NZDUSD=X] Stale (46.2h > 18h) - fetching
2026-01-29 23:10:31,651 | INFO |   [USDCAD=X] Stale (46.2h > 18h) - fetching
2026-01-29 23:10:31,653 | INFO |   [USDCHF=X] Stale (70.2h > 18h) - fetching
2026-01-29 23:10:31,655 | INFO |   [USDHKD=X] Stale (46.2h > 18h) - fetching
2026-01-29 23:10:31,656 | INFO |   [USDJPY=X] Stale (46.2h > 18h) - fetching
2026-01-29 23:10:31,658 | INFO |   [USDMXN=X] Stale (46.2h > 18h) - fetching
2026-01-29 23:10:31,659 | INFO |   [USDNOK=X] Stale (46.2h > 18h) - fetching
2026-01-29 23:10:31,660 | INFO |   [USDSEK=X] Stale (70.2h > 18h) - fetching
2026-01-29 23:10:31,662 | INFO |   [USDSGD=X] Stale (70.2h > 18h) - fetching
2026-01-29 23:10:31,664 | INFO |   [USDTRY=X] Stale (46.2h > 18h) - fetching
2026-01-29 23:10:31,666 | INFO |   [USDZAR=X] Stale (46.2h > 18h) - fetching
2026-01-29 23:10:31,667 | INFO | Alpaca: Updated 0 assets, 24 remaining
2026-01-29 23:10:32,307 | INFO | ============================================================
2026-01-29 23:10:32,307 | INFO | ATTEMPTING YAHOO FINANCE INGEST (Fallback Provider)
2026-01-29 23:10:32,307 | INFO | Assets: 24, Using BATCH DOWNLOAD (efficient)
2026-01-29 23:10:32,307 | INFO | ============================================================
2026-01-29 23:10:32,309 | INFO |   Checking Yahoo Finance rate limit status...
2026-01-29 23:10:35,758 | ERROR | 
1 Failed download:
2026-01-29 23:10:35,759 | ERROR | ['AAPL']: YFRateLimitError('Too Many Requests. Rate limited. Try after a while.')
2026-01-29 23:10:35,793 | WARNING |   RATE LIMITED - Yahoo Finance is currently blocking requests
2026-01-29 23:10:35,794 | WARNING |   Skipping Yahoo and marking all assets as failed
2026-01-29 23:10:35,794 | INFO | Yahoo: Updated 0 assets, 24 remaining
2026-01-29 23:10:35,795 | INFO | ============================================================
2026-01-29 23:10:35,795 | INFO | ATTEMPTING ECB FX INGEST (Backup Provider)
2026-01-29 23:10:35,795 | INFO | Assets: 24, Rate limit: NONE (free API)
2026-01-29 23:10:35,796 | INFO | ============================================================
2026-01-29 23:10:35,796 | INFO |   ECB-supported: 7, Not supported: 17
2026-01-29 23:10:37,679 | INFO |   [EURAUD=X] +1 rows via ECB
2026-01-29 23:10:39,148 | INFO |   [EURCHF=X] +1 rows via ECB
2026-01-29 23:10:40,441 | INFO |   [EURGBP=X] +1 rows via ECB
2026-01-29 23:10:41,732 | INFO |   [EURJPY=X] +1 rows via ECB
2026-01-29 23:10:44,450 | INFO |   [EURNOK=X] +1 rows via ECB
2026-01-29 23:10:45,636 | INFO |   [EURSEK=X] +1 rows via ECB
2026-01-29 23:10:46,929 | INFO |   [EURUSD=X] +1 rows via ECB
2026-01-29 23:10:47,431 | INFO |   ECB ingest complete: 7 updated, 17 failed
2026-01-29 23:10:47,432 | INFO | ECB: Updated 7 FX assets, 17 total remaining
2026-01-29 23:10:47,432 | INFO | ============================================================
2026-01-29 23:10:47,432 | INFO | ATTEMPTING TWELVEDATA FX INGEST (Non-EUR Backup)
2026-01-29 23:10:47,432 | INFO | Assets: 17, Rate limit: 7/min (90% of free tier)
2026-01-29 23:10:47,432 | INFO | ============================================================
2026-01-29 23:10:47,432 | INFO |   FX assets: 17, Non-FX: 0
2026-01-29 23:10:47,983 | WARNING |   [AUDJPY=X] TwelveData error: No data is available on the specified dates. Try setting different start/end dates.
2026-01-29 23:11:00,465 | WARNING |   [AUDUSD=X] TwelveData error: No data is available on the specified dates. Try setting different start/end dates.
2026-01-29 23:11:09,718 | WARNING |   [CADJPY=X] TwelveData error: No data is available on the specified dates. Try setting different start/end dates.
2026-01-29 23:11:18,937 | WARNING |   [CHFJPY=X] TwelveData error: No data is available on the specified dates. Try setting different start/end dates.
2026-01-29 23:11:36,533 | WARNING |   [GBPJPY=X] TwelveData error: No data is available on the specified dates. Try setting different start/end dates.
2026-01-29 23:11:45,957 | WARNING |   [GBPUSD=X] TwelveData error: No data is available on the specified dates. Try setting different start/end dates.
2026-01-29 23:11:55,166 | WARNING |   [NZDUSD=X] TwelveData error: No data is available on the specified dates. Try setting different start/end dates.
2026-01-29 23:12:04,432 | WARNING |   [USDCAD=X] TwelveData error: No data is available on the specified dates. Try setting different start/end dates.
2026-01-29 23:12:14,038 | INFO |   [USDCHF=X] +1 rows via TWELVEDATA_FX
2026-01-29 23:12:23,245 | WARNING |   [USDHKD=X] TwelveData error: No data is available on the specified dates. Try setting different start/end dates.
2026-01-29 23:12:32,457 | WARNING |   [USDJPY=X] TwelveData error: No data is available on the specified dates. Try setting different start/end dates.
2026-01-29 23:12:51,863 | WARNING |   [USDMXN=X] TwelveData error: No data is available on the specified dates. Try setting different start/end dates.
2026-01-29 23:13:01,147 | WARNING |   [USDNOK=X] TwelveData error: No data is available on the specified dates. Try setting different start/end dates.
2026-01-29 23:13:10,410 | INFO |   [USDSEK=X] +1 rows via TWELVEDATA_FX
2026-01-29 23:13:19,739 | INFO |   [USDSGD=X] +1 rows via TWELVEDATA_FX
2026-01-29 23:13:31,608 | WARNING |   [USDTRY=X] TwelveData error: No data is available on the specified dates. Try setting different start/end dates.
2026-01-29 23:13:41,000 | WARNING |   [USDZAR=X] TwelveData error: No data is available on the specified dates. Try setting different start/end dates.
2026-01-29 23:13:41,000 | INFO |   TwelveData FX ingest complete: 3 updated, 14 failed, 17 API calls
2026-01-29 23:13:41,010 | INFO | TwelveData FX: Updated 3 FX assets, 14 total remaining
2026-01-29 23:13:41,010 | INFO | 
============================================================
2026-01-29 23:13:41,020 | INFO | VERIFICATION: Checking Data Freshness
2026-01-29 23:13:41,021 | INFO | ============================================================
2026-01-29 23:13:41,966 | WARNING | VERIFICATION FAILED: 5 assets are stale
2026-01-29 23:13:41,966 | WARNING |   - BT.A.L: 45 days stale (last: 2025-12-15)
2026-01-29 23:13:41,966 | WARNING |   - 1COV.DE: 37 days stale (last: 2025-12-23)
2026-01-29 23:13:41,966 | WARNING |   - TLT: 20 days stale (last: 2026-01-09)
2026-01-29 23:13:41,976 | WARNING |   - GLD: 19 days stale (last: 2026-01-10)
2026-01-29 23:13:41,976 | WARNING |   - UNI-USD: 3 days stale (last: 2026-01-26)
2026-01-29 23:13:42,467 | CRITICAL | ALERT [CRITICAL]: DATA VERIFICATION FAILED: 5 assets still stale after ingest! Updated: 10, Rows: 10
2026-01-29 23:13:42,467 | WARNING | Governance logging failed: column "action_timestamp" of relation "governance_actions_log" does not exist
LINE 3:                     action_type, action_timestamp, action_by...
                                         ^

2026-01-29 23:13:42,477 | WARNING | ALERT [WARNING]: PARTIAL INGEST: 14 assets could not be updated via any provider
2026-01-29 23:13:42,477 | WARNING | Heartbeat recording failed: relation "fhq_monitoring.system_heartbeats" does not exist
LINE 2:                 INSERT INTO fhq_monitoring.system_heartbeats...
                                    ^

2026-01-29 23:13:42,477 | WARNING | Governance logging failed: current transaction is aborted, commands ignored until end of transaction block

2026-01-29 23:13:42,477 | INFO | 
======================================================================
2026-01-29 23:13:42,477 | INFO | BULLETPROOF INGEST COMPLETE
2026-01-29 23:13:42,477 | INFO | ======================================================================
2026-01-29 23:13:42,477 | INFO | Status: PARTIAL
2026-01-29 23:13:42,477 | INFO | Assets Updated: 10
2026-01-29 23:13:42,477 | INFO | Rows Inserted: 10
2026-01-29 23:13:42,477 | INFO | Providers Used: ALPACA, YAHOO, ECB, TWELVEDATA_FX
2026-01-29 23:13:42,477 | INFO | Verification: FAILED (5 stale)
2026-01-29 23:13:42,477 | INFO | Elapsed: 192.5s
2026-01-29 23:13:42,477 | INFO | 
Freshness by Asset Class:
2026-01-29 23:13:42,477 | INFO |   CRYPTO: 45/50 fresh (90.0%)
2026-01-29 23:13:42,477 | INFO |   EQUITY: 419/422 fresh (99.3%)
2026-01-29 23:13:42,487 | INFO |   ETF: 0/2 fresh (0.0%)
2026-01-29 23:13:42,487 | INFO |   FX: 24/25 fresh (96.0%)
2026-01-29 23:13:42,487 | INFO | 
Evidence: C:\fhq-market-system\vision-ios\03_FUNCTIONS\evidence\BULLETPROOF_INGEST_d57de720_20260129_231342.json
2026-01-29 23:13:42,487 | INFO | ======================================================================
