2026-01-26 23:10:04,608 | INFO | ======================================================================
2026-01-26 23:10:04,608 | INFO | IoS-001 BULLETPROOF DAILY PRICE INGEST
2026-01-26 23:10:04,608 | INFO | ======================================================================
2026-01-26 23:10:04,608 | INFO | CEO Directive: CD-IOS-001-DAILY-INGEST-BULLETPROOF-001
2026-01-26 23:10:04,608 | INFO | Executor: STIG (EC-003)
2026-01-26 23:10:04,608 | INFO | Time: 2026-01-26T22:10:04.608250+00:00
2026-01-26 23:10:04,608 | INFO | Asset Class Filter: FX
2026-01-26 23:10:04,608 | INFO | Dry Run: False
2026-01-26 23:10:04,608 | INFO | Canonical Source: fhq_market.prices (ONLY)
2026-01-26 23:10:04,608 | INFO | ======================================================================
2026-01-26 23:10:04,736 | INFO | Found 24 canonical assets
2026-01-26 23:10:05,996 | INFO | ============================================================
2026-01-26 23:10:05,996 | INFO | ATTEMPTING ALPACA INGEST (Primary Provider)
2026-01-26 23:10:06,001 | INFO | Assets: 24, Rate limit: 200/min
2026-01-26 23:10:06,001 | INFO | ============================================================
2026-01-26 23:10:06,011 | INFO |   [AUDJPY=X] Stale (46.2h > 18h) - fetching
2026-01-26 23:10:06,011 | INFO |   [AUDUSD=X] Stale (46.2h > 18h) - fetching
2026-01-26 23:10:06,017 | INFO |   [CADJPY=X] Stale (46.2h > 18h) - fetching
2026-01-26 23:10:06,020 | INFO |   [CHFJPY=X] Stale (46.2h > 18h) - fetching
2026-01-26 23:10:06,020 | INFO |   [EURAUD=X] Stale (46.2h > 18h) - fetching
2026-01-26 23:10:06,020 | INFO |   [EURCHF=X] Stale (46.2h > 18h) - fetching
2026-01-26 23:10:06,020 | INFO |   [EURGBP=X] Stale (46.2h > 18h) - fetching
2026-01-26 23:10:06,027 | INFO |   [EURJPY=X] Stale (46.2h > 18h) - fetching
2026-01-26 23:10:06,027 | INFO |   [EURNOK=X] Stale (46.2h > 18h) - fetching
2026-01-26 23:10:06,031 | INFO |   [EURSEK=X] Stale (46.2h > 18h) - fetching
2026-01-26 23:10:06,031 | INFO |   [EURUSD=X] Stale (46.2h > 18h) - fetching
2026-01-26 23:10:06,035 | INFO |   [GBPJPY=X] Stale (46.2h > 18h) - fetching
2026-01-26 23:10:06,037 | INFO |   [GBPUSD=X] Stale (46.2h > 18h) - fetching
2026-01-26 23:10:06,040 | INFO |   [NZDUSD=X] Stale (46.2h > 18h) - fetching
2026-01-26 23:10:06,042 | INFO |   [USDCAD=X] Stale (46.2h > 18h) - fetching
2026-01-26 23:10:06,044 | INFO |   [USDCHF=X] Stale (46.2h > 18h) - fetching
2026-01-26 23:10:06,046 | INFO |   [USDHKD=X] Stale (46.2h > 18h) - fetching
2026-01-26 23:10:06,047 | INFO |   [USDJPY=X] Stale (46.2h > 18h) - fetching
2026-01-26 23:10:06,050 | INFO |   [USDMXN=X] Stale (46.2h > 18h) - fetching
2026-01-26 23:10:06,051 | INFO |   [USDNOK=X] Stale (46.2h > 18h) - fetching
2026-01-26 23:10:06,051 | INFO |   [USDSEK=X] Stale (46.2h > 18h) - fetching
2026-01-26 23:10:06,055 | INFO |   [USDSGD=X] Stale (46.2h > 18h) - fetching
2026-01-26 23:10:06,057 | INFO |   [USDTRY=X] Stale (46.2h > 18h) - fetching
2026-01-26 23:10:06,059 | INFO |   [USDZAR=X] Stale (46.2h > 18h) - fetching
2026-01-26 23:10:06,060 | INFO | Alpaca: Updated 0 assets, 24 remaining
2026-01-26 23:10:06,493 | INFO | ============================================================
2026-01-26 23:10:06,493 | INFO | ATTEMPTING YAHOO FINANCE INGEST (Fallback Provider)
2026-01-26 23:10:06,493 | INFO | Assets: 24, Using BATCH DOWNLOAD (efficient)
2026-01-26 23:10:06,493 | INFO | ============================================================
2026-01-26 23:10:06,493 | INFO |   Checking Yahoo Finance rate limit status...
2026-01-26 23:10:09,027 | INFO |   Rate limit check passed - proceeding with download
2026-01-26 23:10:09,121 | INFO |   Downloading 24 symbols from 2025-12-27 to 2026-01-26
2026-01-26 23:10:09,133 | INFO |   Batch 1/1: 24 symbols
2026-01-26 23:10:12,098 | INFO |   [AUDJPY=X] +1 rows via YAHOO
2026-01-26 23:10:12,109 | INFO |   [AUDUSD=X] +1 rows via YAHOO
2026-01-26 23:10:12,126 | INFO |   [CADJPY=X] +1 rows via YAHOO
2026-01-26 23:10:12,146 | INFO |   [CHFJPY=X] +1 rows via YAHOO
2026-01-26 23:10:12,161 | INFO |   [EURAUD=X] +1 rows via YAHOO
2026-01-26 23:10:12,174 | INFO |   [EURCHF=X] +1 rows via YAHOO
2026-01-26 23:10:12,185 | INFO |   [EURGBP=X] +1 rows via YAHOO
2026-01-26 23:10:12,197 | INFO |   [EURJPY=X] +1 rows via YAHOO
2026-01-26 23:10:12,208 | INFO |   [EURNOK=X] +1 rows via YAHOO
2026-01-26 23:10:12,219 | INFO |   [EURSEK=X] +1 rows via YAHOO
2026-01-26 23:10:12,225 | INFO |   [EURUSD=X] +1 rows via YAHOO
2026-01-26 23:10:12,250 | INFO |   [GBPJPY=X] +1 rows via YAHOO
2026-01-26 23:10:12,258 | INFO |   [GBPUSD=X] +1 rows via YAHOO
2026-01-26 23:10:12,266 | INFO |   [NZDUSD=X] +1 rows via YAHOO
2026-01-26 23:10:12,274 | INFO |   [USDCAD=X] +1 rows via YAHOO
2026-01-26 23:10:12,282 | INFO |   [USDCHF=X] +1 rows via YAHOO
2026-01-26 23:10:12,291 | INFO |   [USDHKD=X] +1 rows via YAHOO
2026-01-26 23:10:12,309 | INFO |   [USDJPY=X] +1 rows via YAHOO
2026-01-26 23:10:12,316 | INFO |   [USDMXN=X] +1 rows via YAHOO
2026-01-26 23:10:12,326 | INFO |   [USDNOK=X] +1 rows via YAHOO
2026-01-26 23:10:12,336 | INFO |   [USDSEK=X] +1 rows via YAHOO
2026-01-26 23:10:12,347 | INFO |   [USDSGD=X] +1 rows via YAHOO
2026-01-26 23:10:12,356 | INFO |   [USDTRY=X] +1 rows via YAHOO
2026-01-26 23:10:12,367 | INFO |   [USDZAR=X] +1 rows via YAHOO
2026-01-26 23:10:12,367 | INFO |   Yahoo ingest complete: 24 updated, 0 failed
2026-01-26 23:10:12,367 | INFO | Yahoo: Updated 24 assets, 0 remaining
2026-01-26 23:10:12,367 | INFO | 
============================================================
2026-01-26 23:10:12,367 | INFO | VERIFICATION: Checking Data Freshness
2026-01-26 23:10:12,367 | INFO | ============================================================
2026-01-26 23:10:13,514 | WARNING | VERIFICATION FAILED: 333 assets are stale
2026-01-26 23:10:13,514 | WARNING |   - BT.A.L: 42 days stale (last: 2025-12-15)
2026-01-26 23:10:13,514 | WARNING |   - 1COV.DE: 34 days stale (last: 2025-12-23)
2026-01-26 23:10:13,514 | WARNING |   - TLT: 17 days stale (last: 2026-01-09)
2026-01-26 23:10:13,514 | WARNING |   - GLD: 16 days stale (last: 2026-01-10)
2026-01-26 23:10:13,514 | WARNING |   - CTVA: 3 days stale (last: 2026-01-23)
2026-01-26 23:10:13,514 | WARNING |   - CVS: 3 days stale (last: 2026-01-23)
2026-01-26 23:10:13,514 | WARNING |   - CVX: 3 days stale (last: 2026-01-23)
2026-01-26 23:10:13,514 | WARNING |   - D: 3 days stale (last: 2026-01-23)
2026-01-26 23:10:13,514 | WARNING |   - DAL: 3 days stale (last: 2026-01-23)
2026-01-26 23:10:13,514 | WARNING |   - DBK.DE: 3 days stale (last: 2026-01-23)
2026-01-26 23:10:13,514 | WARNING |   ... and 323 more
2026-01-26 23:10:14,412 | CRITICAL | ALERT [CRITICAL]: DATA VERIFICATION FAILED: 333 assets still stale after ingest! Updated: 24, Rows: 24
2026-01-26 23:10:14,438 | WARNING | Governance logging failed: column "action_timestamp" of relation "governance_actions_log" does not exist
LINE 3:                     action_type, action_timestamp, action_by...
                                         ^

2026-01-26 23:10:14,440 | WARNING | Heartbeat recording failed: relation "fhq_monitoring.system_heartbeats" does not exist
LINE 2:                 INSERT INTO fhq_monitoring.system_heartbeats...
                                    ^

2026-01-26 23:10:14,441 | WARNING | Governance logging failed: current transaction is aborted, commands ignored until end of transaction block

2026-01-26 23:10:14,445 | INFO | 
======================================================================
2026-01-26 23:10:14,447 | INFO | BULLETPROOF INGEST COMPLETE
2026-01-26 23:10:14,448 | INFO | ======================================================================
2026-01-26 23:10:14,448 | INFO | Status: SUCCESS
2026-01-26 23:10:14,449 | INFO | Assets Updated: 24
2026-01-26 23:10:14,449 | INFO | Rows Inserted: 24
2026-01-26 23:10:14,450 | INFO | Providers Used: ALPACA, YAHOO
2026-01-26 23:10:14,451 | INFO | Verification: FAILED (333 stale)
2026-01-26 23:10:14,451 | INFO | Elapsed: 9.8s
2026-01-26 23:10:14,452 | INFO | 
Freshness by Asset Class:
2026-01-26 23:10:14,452 | INFO |   CRYPTO: 46/50 fresh (92.0%)
2026-01-26 23:10:14,453 | INFO |   EQUITY: 90/422 fresh (21.3%)
2026-01-26 23:10:14,453 | INFO |   ETF: 0/2 fresh (0.0%)
2026-01-26 23:10:14,454 | INFO |   FX: 24/25 fresh (96.0%)
2026-01-26 23:10:14,454 | INFO | 
Evidence: C:\fhq-market-system\vision-ios\03_FUNCTIONS\evidence\BULLETPROOF_INGEST_6bfe48ed_20260126_231014.json
2026-01-26 23:10:14,455 | INFO | ======================================================================
