2025-12-21 23:00:02,310 | INFO | ======================================================================
2025-12-21 23:00:02,311 | INFO | IoS-001 BULLETPROOF DAILY PRICE INGEST
2025-12-21 23:00:02,311 | INFO | ======================================================================
2025-12-21 23:00:02,312 | INFO | CEO Directive: CD-IOS-001-DAILY-INGEST-BULLETPROOF-001
2025-12-21 23:00:02,312 | INFO | Executor: STIG (EC-003)
2025-12-21 23:00:02,312 | INFO | Time: 2025-12-21T22:00:02.310955+00:00
2025-12-21 23:00:02,312 | INFO | Asset Class Filter: FX
2025-12-21 23:00:02,313 | INFO | Dry Run: False
2025-12-21 23:00:02,313 | INFO | Canonical Source: fhq_market.prices (ONLY)
2025-12-21 23:00:02,313 | INFO | ======================================================================
2025-12-21 23:00:02,377 | INFO | Found 24 canonical assets
2025-12-21 23:00:02,778 | INFO | ============================================================
2025-12-21 23:00:02,779 | INFO | ATTEMPTING ALPACA INGEST (Primary Provider)
2025-12-21 23:00:02,780 | INFO | Assets: 24, Rate limit: 200/min
2025-12-21 23:00:02,781 | INFO | ============================================================
2025-12-21 23:00:02,821 | INFO | Alpaca: Updated 0 assets, 10 remaining
2025-12-21 23:00:03,060 | INFO | ============================================================
2025-12-21 23:00:03,060 | INFO | ATTEMPTING YAHOO FINANCE INGEST (Fallback Provider)
2025-12-21 23:00:03,061 | INFO | Assets: 10, Using BATCH DOWNLOAD (efficient)
2025-12-21 23:00:03,061 | INFO | ============================================================
2025-12-21 23:00:03,061 | INFO |   Checking Yahoo Finance rate limit status...
2025-12-21 23:00:04,676 | INFO |   Rate limit check passed - proceeding with download
2025-12-21 23:00:04,686 | INFO |   Downloading 10 symbols from 2025-11-21 to 2025-12-21
2025-12-21 23:00:04,686 | INFO |   Batch 1/1: 10 symbols
2025-12-21 23:00:05,879 | INFO |   [CHFJPY=X] +1 rows via YAHOO
2025-12-21 23:00:05,887 | INFO |   [EURAUD=X] +1 rows via YAHOO
2025-12-21 23:00:05,899 | INFO |   [EURCHF=X] +1 rows via YAHOO
2025-12-21 23:00:05,905 | INFO |   [EURGBP=X] +1 rows via YAHOO
2025-12-21 23:00:05,905 | INFO |   [EURJPY=X] +1 rows via YAHOO
2025-12-21 23:00:05,913 | INFO |   [EURSEK=X] +1 rows via YAHOO
2025-12-21 23:00:05,923 | INFO |   [USDCHF=X] +1 rows via YAHOO
2025-12-21 23:00:05,934 | INFO |   [USDMXN=X] +1 rows via YAHOO
2025-12-21 23:00:05,945 | INFO |   [USDTRY=X] +1 rows via YAHOO
2025-12-21 23:00:05,945 | INFO |   Yahoo ingest complete: 9 updated, 0 failed
2025-12-21 23:00:05,946 | INFO | Yahoo: Updated 9 assets, 0 remaining
2025-12-21 23:00:05,947 | INFO | 
============================================================
2025-12-21 23:00:05,947 | INFO | VERIFICATION: Checking Data Freshness
2025-12-21 23:00:05,948 | INFO | ============================================================
2025-12-21 23:00:06,658 | WARNING | VERIFICATION FAILED: 2 assets are stale
2025-12-21 23:00:06,658 | WARNING |   - BT.A.L: 6 days stale (last: 2025-12-15)
2025-12-21 23:00:06,661 | WARNING |   - BRK.B: 3 days stale (last: 2025-12-18)
2025-12-21 23:00:07,087 | CRITICAL | ALERT [CRITICAL]: DATA VERIFICATION FAILED: 2 assets still stale after ingest! Updated: 9, Rows: 9
2025-12-21 23:00:07,087 | WARNING | Governance logging failed: column "action_timestamp" of relation "governance_actions_log" does not exist
LINE 3:                     action_type, action_timestamp, action_by...
                                         ^

2025-12-21 23:00:07,087 | WARNING | Heartbeat recording failed: relation "fhq_monitoring.system_heartbeats" does not exist
LINE 2:                 INSERT INTO fhq_monitoring.system_heartbeats...
                                    ^

2025-12-21 23:00:07,087 | WARNING | Governance logging failed: current transaction is aborted, commands ignored until end of transaction block

2025-12-21 23:00:07,087 | INFO | 
======================================================================
2025-12-21 23:00:07,087 | INFO | BULLETPROOF INGEST COMPLETE
2025-12-21 23:00:07,097 | INFO | ======================================================================
2025-12-21 23:00:07,098 | INFO | Status: SUCCESS
2025-12-21 23:00:07,098 | INFO | Assets Updated: 9
2025-12-21 23:00:07,098 | INFO | Rows Inserted: 9
2025-12-21 23:00:07,098 | INFO | Providers Used: ALPACA, YAHOO
2025-12-21 23:00:07,098 | INFO | Verification: FAILED (2 stale)
2025-12-21 23:00:07,098 | INFO | Elapsed: 4.8s
2025-12-21 23:00:07,098 | INFO | 
Freshness by Asset Class:
2025-12-21 23:00:07,098 | INFO |   CRYPTO: 46/50 fresh (92.0%)
2025-12-21 23:00:07,098 | INFO |   EQUITY: 419/422 fresh (99.3%)
2025-12-21 23:00:07,098 | INFO |   FX: 24/25 fresh (96.0%)
2025-12-21 23:00:07,098 | INFO | 
Evidence: C:\fhq-market-system\vision-ios\03_FUNCTIONS\evidence\BULLETPROOF_INGEST_6e239a5b_20251221_230007.json
2025-12-21 23:00:07,098 | INFO | ======================================================================
