2026-02-16 02:50:41,222 | INFO | ======================================================================
2026-02-16 02:50:41,222 | INFO | IoS-001 BULLETPROOF DAILY PRICE INGEST
2026-02-16 02:50:41,222 | INFO | ======================================================================
2026-02-16 02:50:41,222 | INFO | CEO Directive: CD-IOS-001-DAILY-INGEST-BULLETPROOF-001
2026-02-16 02:50:41,222 | INFO | Executor: STIG (EC-003)
2026-02-16 02:50:41,238 | INFO | Time: 2026-02-16T01:50:41.222645+00:00
2026-02-16 02:50:41,238 | INFO | Asset Class Filter: FX
2026-02-16 02:50:41,285 | INFO | Dry Run: False
2026-02-16 02:50:41,332 | INFO | Canonical Source: fhq_market.prices (ONLY)
2026-02-16 02:50:41,347 | INFO | ======================================================================
2026-02-16 02:50:41,488 | INFO | Found 24 canonical assets
2026-02-16 02:50:41,566 | INFO | ======================================================================
2026-02-16 02:50:41,566 | INFO | IoS-001 BULLETPROOF DAILY PRICE INGEST
2026-02-16 02:50:41,566 | INFO | ======================================================================
2026-02-16 02:50:41,566 | INFO | CEO Directive: CD-IOS-001-DAILY-INGEST-BULLETPROOF-001
2026-02-16 02:50:41,566 | INFO | Executor: STIG (EC-003)
2026-02-16 02:50:41,566 | INFO | Time: 2026-02-16T01:50:41.566395+00:00
2026-02-16 02:50:41,566 | INFO | Asset Class Filter: CRYPTO
2026-02-16 02:50:41,566 | INFO | Dry Run: False
2026-02-16 02:50:41,566 | INFO | Canonical Source: fhq_market.prices (ONLY)
2026-02-16 02:50:41,566 | INFO | ======================================================================
2026-02-16 02:50:41,660 | INFO | Found 46 canonical assets
2026-02-16 02:50:42,823 | INFO | ============================================================
2026-02-16 02:50:42,823 | INFO | ATTEMPTING ALPACA INGEST (Primary Provider)
2026-02-16 02:50:42,823 | INFO | Assets: 24, Rate limit: 200/min
2026-02-16 02:50:42,823 | INFO | ============================================================
2026-02-16 02:50:42,823 | INFO |   [AUDJPY=X] Stale (25.8h > 18h) - fetching
2026-02-16 02:50:42,839 | INFO |   [AUDUSD=X] Stale (25.8h > 18h) - fetching
2026-02-16 02:50:42,839 | INFO |   [CADJPY=X] Stale (25.8h > 18h) - fetching
2026-02-16 02:50:42,839 | INFO |   [CHFJPY=X] Stale (25.8h > 18h) - fetching
2026-02-16 02:50:42,839 | INFO |   [EURAUD=X] Stale (73.8h > 18h) - fetching
2026-02-16 02:50:42,839 | INFO |   [EURCHF=X] Stale (73.8h > 18h) - fetching
2026-02-16 02:50:42,839 | INFO |   [EURGBP=X] Stale (49.8h > 18h) - fetching
2026-02-16 02:50:42,839 | INFO |   [EURJPY=X] Stale (25.8h > 18h) - fetching
2026-02-16 02:50:42,839 | INFO |   [EURNOK=X] Stale (49.8h > 18h) - fetching
2026-02-16 02:50:42,839 | INFO |   [EURSEK=X] Stale (49.8h > 18h) - fetching
2026-02-16 02:50:42,839 | INFO |   [EURUSD=X] Stale (73.8h > 18h) - fetching
2026-02-16 02:50:42,839 | INFO |   [GBPJPY=X] Stale (73.8h > 18h) - fetching
2026-02-16 02:50:42,839 | INFO |   [GBPUSD=X] Stale (25.8h > 18h) - fetching
2026-02-16 02:50:42,839 | INFO |   [NZDUSD=X] Stale (49.8h > 18h) - fetching
2026-02-16 02:50:42,855 | INFO |   [USDCAD=X] Stale (49.8h > 18h) - fetching
2026-02-16 02:50:42,855 | INFO |   [USDCHF=X] Stale (49.8h > 18h) - fetching
2026-02-16 02:50:42,855 | INFO |   [USDHKD=X] Stale (73.8h > 18h) - fetching
2026-02-16 02:50:42,855 | INFO |   [USDJPY=X] Stale (49.8h > 18h) - fetching
2026-02-16 02:50:42,855 | INFO |   [USDMXN=X] Stale (73.8h > 18h) - fetching
2026-02-16 02:50:42,855 | INFO |   [USDNOK=X] Stale (49.8h > 18h) - fetching
2026-02-16 02:50:42,855 | INFO |   [USDSEK=X] Stale (25.8h > 18h) - fetching
2026-02-16 02:50:42,870 | INFO |   [USDSGD=X] Stale (49.8h > 18h) - fetching
2026-02-16 02:50:42,870 | INFO |   [USDTRY=X] Stale (49.8h > 18h) - fetching
2026-02-16 02:50:42,870 | INFO |   [USDZAR=X] Stale (49.8h > 18h) - fetching
2026-02-16 02:50:42,870 | INFO | Alpaca: Updated 0 assets, 24 remaining
2026-02-16 02:50:42,917 | INFO | ============================================================
2026-02-16 02:50:42,917 | INFO | ATTEMPTING ALPACA INGEST (Primary Provider)
2026-02-16 02:50:42,917 | INFO | Assets: 46, Rate limit: 200/min
2026-02-16 02:50:42,917 | INFO | ============================================================
2026-02-16 02:50:42,917 | INFO |   [ADA-USD] Stale (25.8h > 6h) - fetching
2026-02-16 02:50:43,752 | INFO | ============================================================
2026-02-16 02:50:43,752 | INFO | ATTEMPTING YAHOO FINANCE INGEST (Fallback Provider)
2026-02-16 02:50:43,768 | INFO | Assets: 24, Using BATCH DOWNLOAD (efficient)
2026-02-16 02:50:43,768 | INFO | ============================================================
2026-02-16 02:50:43,768 | INFO |   Checking Yahoo Finance rate limit status...
2026-02-16 02:50:44,784 | WARNING |   VOLUME SANITY REJECT: ADA-USD 2026-02-15 02:00:00 volume=0.00 < threshold=1000 (source=ALPACA)
2026-02-16 02:50:44,784 | WARNING |   VOLUME SANITY REJECT: ADA-USD 2026-02-15 03:00:00 volume=0.00 < threshold=1000 (source=ALPACA)
2026-02-16 02:50:44,784 | WARNING |   VOLUME SANITY REJECT: ADA-USD 2026-02-15 04:00:00 volume=0.00 < threshold=1000 (source=ALPACA)
2026-02-16 02:50:44,784 | WARNING |   VOLUME SANITY REJECT: ADA-USD 2026-02-15 05:00:00 volume=0.00 < threshold=1000 (source=ALPACA)
2026-02-16 02:50:44,784 | WARNING |   VOLUME SANITY REJECT: ADA-USD 2026-02-15 06:00:00 volume=0.00 < threshold=1000 (source=ALPACA)
2026-02-16 02:50:44,784 | WARNING |   VOLUME SANITY REJECT: ADA-USD 2026-02-15 07:00:00 volume=0.00 < threshold=1000 (source=ALPACA)
2026-02-16 02:50:44,784 | WARNING |   VOLUME SANITY REJECT: ADA-USD 2026-02-15 08:00:00 volume=0.00 < threshold=1000 (source=ALPACA)
2026-02-16 02:50:44,784 | WARNING |   VOLUME SANITY REJECT: ADA-USD 2026-02-15 09:00:00 volume=0.00 < threshold=1000 (source=ALPACA)
2026-02-16 02:50:44,784 | WARNING |   VOLUME SANITY REJECT: ADA-USD 2026-02-15 10:00:00 volume=0.00 < threshold=1000 (source=ALPACA)
2026-02-16 02:50:44,784 | WARNING |   VOLUME SANITY REJECT: ADA-USD 2026-02-15 11:00:00 volume=0.00 < threshold=1000 (source=ALPACA)
2026-02-16 02:50:44,784 | WARNING |   VOLUME SANITY REJECT: ADA-USD 2026-02-15 12:00:00 volume=0.00 < threshold=1000 (source=ALPACA)
2026-02-16 02:50:44,800 | WARNING |   VOLUME SANITY REJECT: ADA-USD 2026-02-15 13:00:00 volume=0.00 < threshold=1000 (source=ALPACA)
2026-02-16 02:50:44,800 | WARNING |   VOLUME SANITY REJECT: ADA-USD 2026-02-15 14:00:00 volume=0.00 < threshold=1000 (source=ALPACA)
2026-02-16 02:50:44,800 | WARNING |   VOLUME SANITY REJECT: ADA-USD 2026-02-15 15:00:00 volume=0.00 < threshold=1000 (source=ALPACA)
2026-02-16 02:50:44,800 | WARNING |   VOLUME SANITY REJECT: ADA-USD 2026-02-15 16:00:00 volume=0.00 < threshold=1000 (source=ALPACA)
2026-02-16 02:50:44,800 | WARNING |   VOLUME SANITY REJECT: ADA-USD 2026-02-15 17:00:00 volume=0.00 < threshold=1000 (source=ALPACA)
2026-02-16 02:50:44,800 | WARNING |   VOLUME SANITY REJECT: ADA-USD 2026-02-15 18:00:00 volume=0.00 < threshold=1000 (source=ALPACA)
2026-02-16 02:50:44,800 | WARNING |   VOLUME SANITY REJECT: ADA-USD 2026-02-15 19:00:00 volume=0.00 < threshold=1000 (source=ALPACA)
2026-02-16 02:50:44,800 | WARNING |   VOLUME SANITY REJECT: ADA-USD 2026-02-15 20:00:00 volume=0.00 < threshold=1000 (source=ALPACA)
2026-02-16 02:50:44,800 | WARNING |   VOLUME SANITY REJECT: ADA-USD 2026-02-15 21:00:00 volume=0.00 < threshold=1000 (source=ALPACA)
2026-02-16 02:50:44,800 | WARNING |   VOLUME SANITY REJECT: ADA-USD 2026-02-15 22:00:00 volume=0.00 < threshold=1000 (source=ALPACA)
2026-02-16 02:50:44,800 | WARNING |   VOLUME SANITY REJECT: ADA-USD 2026-02-15 23:00:00 volume=0.00 < threshold=1000 (source=ALPACA)
2026-02-16 02:50:44,800 | WARNING |   VOLUME SANITY REJECT: ADA-USD 2026-02-16 00:00:00 volume=0.00 < threshold=1000 (source=ALPACA)
2026-02-16 02:50:44,800 | WARNING |   VOLUME SANITY REJECT: ADA-USD 2026-02-16 01:00:00 volume=0.00 < threshold=1000 (source=ALPACA)
2026-02-16 02:50:44,800 | WARNING |   [ADA-USD] ALL 24 rows REJECTED by volume sanity check (source=ALPACA)
2026-02-16 02:50:44,800 | WARNING |   [ADA-USD] 0 rows written despite 24 bars received
2026-02-16 02:50:45,310 | INFO |   [ALGO-USD] Stale (25.8h > 6h) - fetching
2026-02-16 02:51:37,752 | ERROR | 
1 Failed download:
2026-02-16 02:51:37,783 | ERROR | ['AAPL']: ConnectionError(MaxRetryError("HTTPSConnectionPool(host='guce.yahoo.com', port=443): Max retries exceeded with url: /consent (Caused by NewConnectionError('<urllib3.connection.HTTPSConnection object at 0x0000022BBE23D8B0>: Failed to establish a new connection: [WinError 10051] Det ble forsøkt en kontaktoperasjon til et nettverk som ikke kunne nås'))"))
2026-02-16 02:51:37,830 | WARNING |   RATE LIMITED - Yahoo Finance is currently blocking requests
2026-02-16 02:51:37,845 | WARNING |   Skipping Yahoo and marking all assets as failed
2026-02-16 02:51:37,845 | INFO | Yahoo: Updated 0 assets, 24 remaining
2026-02-16 02:51:37,845 | INFO | ============================================================
2026-02-16 02:51:37,845 | INFO | ATTEMPTING ECB FX INGEST (Backup Provider)
2026-02-16 02:51:37,845 | INFO | Assets: 24, Rate limit: NONE (free API)
2026-02-16 02:51:37,845 | INFO | ============================================================
2026-02-16 02:51:37,845 | INFO |   ECB-supported: 7, Not supported: 17
2026-02-16 02:51:51,687 | INFO |   ECB ingest complete: 0 updated, 24 failed
2026-02-16 02:51:51,687 | INFO | ECB: Updated 0 FX assets, 24 total remaining
2026-02-16 02:51:51,687 | INFO | ============================================================
2026-02-16 02:51:51,687 | INFO | ATTEMPTING TWELVEDATA FX INGEST (Non-EUR Backup)
2026-02-16 02:51:51,687 | INFO | Assets: 24, Rate limit: 7/min (90% of free tier)
2026-02-16 02:51:51,687 | INFO | ============================================================
2026-02-16 02:51:51,687 | INFO |   FX assets: 24, Non-FX: 0
2026-02-16 02:51:52,234 | WARNING |   [AUDJPY=X] TwelveData error: No data is available on the specified dates. Try setting different start/end dates.
2026-02-16 02:52:01,440 | WARNING |   [AUDUSD=X] TwelveData error: No data is available on the specified dates. Try setting different start/end dates.
2026-02-16 02:52:10,668 | WARNING |   [CADJPY=X] TwelveData error: No data is available on the specified dates. Try setting different start/end dates.
2026-02-16 02:52:11,742 | WARNING |   [ALGO-USD] No data from Alpaca (STALE)
2026-02-16 02:52:12,263 | INFO |   [ATOM-USD] Stale (25.9h > 6h) - fetching
2026-02-16 02:53:36,788 | WARNING |   [ATOM-USD] Alpaca error: HTTPSConnectionPool(host='data.alpaca.markets', port=443): Max retries exceeded with url: /v1beta3/c
2026-02-16 02:55:36,712 | WARNING |   [CHFJPY=X] TwelveData FX error: HTTPSConnectionPool(host='api.twelvedata.com', port=443): Max retries exceeded with url: /time_serie
2026-02-16 02:55:36,690 | INFO |   [AVAX-USD] Stale (25.9h > 6h) - fetching
2026-02-16 02:57:36,712 | WARNING |   [EURAUD=X] TwelveData FX error: HTTPSConnectionPool(host='api.twelvedata.com', port=443): Max retries exceeded with url: /time_serie
2026-02-16 02:57:36,790 | WARNING |   [AVAX-USD] Alpaca error: ('Connection aborted.', RemoteDisconnected('Remote end closed connection without response'))
2026-02-16 02:59:36,722 | WARNING |   [EURCHF=X] TwelveData FX error: HTTPSConnectionPool(host='api.twelvedata.com', port=443): Max retries exceeded with url: /time_serie
2026-02-16 02:59:36,728 | INFO |   [AXS-USD] Stale (26.0h > 6h) - fetching
2026-02-16 03:01:36,755 | WARNING |   [EURGBP=X] TwelveData FX error: HTTPSConnectionPool(host='api.twelvedata.com', port=443): Max retries exceeded with url: /time_serie
2026-02-16 03:01:36,755 | WARNING |   [AXS-USD] Alpaca error: HTTPSConnectionPool(host='data.alpaca.markets', port=443): Max retries exceeded with url: /v1beta3/c
2026-02-16 03:03:36,749 | INFO |   [BCH-USD] Stale (26.1h > 6h) - fetching
2026-02-16 03:03:36,753 | WARNING |   [EURJPY=X] TwelveData FX error: HTTPSConnectionPool(host='api.twelvedata.com', port=443): Max retries exceeded with url: /time_serie
2026-02-16 03:03:36,754 | WARNING |   [BCH-USD] Alpaca error: HTTPSConnectionPool(host='data.alpaca.markets', port=443): Max retries exceeded with url: /v1beta3/c
2026-02-16 03:05:36,763 | INFO |   [BNB-USD] Stale (26.1h > 6h) - fetching
2026-02-16 03:10:28,521 | WARNING |   [EURNOK=X] TwelveData FX error: ('Connection aborted.', ConnectionAbortedError(10053, 'En etablert tilkobling ble avbrutt av program
2026-02-16 03:10:28,615 | WARNING |   [BNB-USD] Alpaca error: ('Connection aborted.', ConnectionAbortedError(10053, 'En etablert tilkobling ble avbrutt av program
2026-02-16 03:11:36,831 | WARNING |   [EURSEK=X] TwelveData FX error: HTTPSConnectionPool(host='api.twelvedata.com', port=443): Max retries exceeded with url: /time_serie
2026-02-16 03:11:36,831 | INFO |   Progress: 10/24 FX assets, 3 API calls
2026-02-16 03:11:36,831 | INFO |   [BTC-USD] Stale (26.2h > 6h) - fetching
2026-02-16 03:11:41,458 | WARNING |   [BTC-USD] Alpaca error: HTTPSConnectionPool(host='data.alpaca.markets', port=443): Max retries exceeded with url: /v1beta3/c
2026-02-16 03:11:41,973 | INFO |   [CHZ-USD] Stale (26.2h > 6h) - fetching
2026-02-16 03:11:43,325 | WARNING |   [CHZ-USD] No data from Alpaca (STALE)
2026-02-16 03:11:43,832 | INFO |   [CRO-USD] Stale (26.2h > 6h) - fetching
2026-02-16 03:11:44,004 | WARNING |   [CRO-USD] No data from Alpaca (STALE)
2026-02-16 03:11:44,511 | INFO |   [CRV-USD] Stale (26.2h > 6h) - fetching
2026-02-16 03:11:44,718 | WARNING |   VOLUME SANITY REJECT: CRV-USD 2026-02-15 03:00:00 volume=0.00 < threshold=1000 (source=ALPACA)
2026-02-16 03:11:44,718 | WARNING |   VOLUME SANITY REJECT: CRV-USD 2026-02-15 04:00:00 volume=0.00 < threshold=1000 (source=ALPACA)
2026-02-16 03:11:44,718 | WARNING |   VOLUME SANITY REJECT: CRV-USD 2026-02-15 05:00:00 volume=0.00 < threshold=1000 (source=ALPACA)
2026-02-16 03:11:44,718 | WARNING |   VOLUME SANITY REJECT: CRV-USD 2026-02-15 06:00:00 volume=9.42 < threshold=1000 (source=ALPACA)
2026-02-16 03:11:44,718 | WARNING |   VOLUME SANITY REJECT: CRV-USD 2026-02-15 07:00:00 volume=279.74 < threshold=1000 (source=ALPACA)
2026-02-16 03:11:44,718 | WARNING |   VOLUME SANITY REJECT: CRV-USD 2026-02-15 08:00:00 volume=148.26 < threshold=1000 (source=ALPACA)
2026-02-16 03:11:44,718 | WARNING |   VOLUME SANITY REJECT: CRV-USD 2026-02-15 09:00:00 volume=0.00 < threshold=1000 (source=ALPACA)
2026-02-16 03:11:44,718 | WARNING |   VOLUME SANITY REJECT: CRV-USD 2026-02-15 10:00:00 volume=0.00 < threshold=1000 (source=ALPACA)
2026-02-16 03:11:44,718 | WARNING |   VOLUME SANITY REJECT: CRV-USD 2026-02-15 11:00:00 volume=0.00 < threshold=1000 (source=ALPACA)
2026-02-16 03:11:44,718 | WARNING |   VOLUME SANITY REJECT: CRV-USD 2026-02-15 12:00:00 volume=0.00 < threshold=1000 (source=ALPACA)
2026-02-16 03:11:44,734 | WARNING |   VOLUME SANITY REJECT: CRV-USD 2026-02-15 13:00:00 volume=0.00 < threshold=1000 (source=ALPACA)
2026-02-16 03:11:44,734 | WARNING |   VOLUME SANITY REJECT: CRV-USD 2026-02-15 14:00:00 volume=0.00 < threshold=1000 (source=ALPACA)
2026-02-16 03:11:44,734 | WARNING |   VOLUME SANITY REJECT: CRV-USD 2026-02-15 15:00:00 volume=0.00 < threshold=1000 (source=ALPACA)
2026-02-16 03:11:44,734 | WARNING |   VOLUME SANITY REJECT: CRV-USD 2026-02-15 16:00:00 volume=17.55 < threshold=1000 (source=ALPACA)
2026-02-16 03:11:44,734 | WARNING |   VOLUME SANITY REJECT: CRV-USD 2026-02-15 17:00:00 volume=0.00 < threshold=1000 (source=ALPACA)
2026-02-16 03:11:44,734 | WARNING |   VOLUME SANITY REJECT: CRV-USD 2026-02-15 18:00:00 volume=0.00 < threshold=1000 (source=ALPACA)
2026-02-16 03:11:44,734 | WARNING |   VOLUME SANITY REJECT: CRV-USD 2026-02-15 19:00:00 volume=207.67 < threshold=1000 (source=ALPACA)
2026-02-16 03:11:44,734 | WARNING |   VOLUME SANITY REJECT: CRV-USD 2026-02-15 20:00:00 volume=0.00 < threshold=1000 (source=ALPACA)
2026-02-16 03:11:44,734 | WARNING |   VOLUME SANITY REJECT: CRV-USD 2026-02-15 21:00:00 volume=0.00 < threshold=1000 (source=ALPACA)
2026-02-16 03:11:44,734 | WARNING |   VOLUME SANITY REJECT: CRV-USD 2026-02-15 22:00:00 volume=0.00 < threshold=1000 (source=ALPACA)
2026-02-16 03:11:44,734 | WARNING |   VOLUME SANITY REJECT: CRV-USD 2026-02-15 23:00:00 volume=10.09 < threshold=1000 (source=ALPACA)
2026-02-16 03:11:44,734 | WARNING |   VOLUME SANITY REJECT: CRV-USD 2026-02-16 00:00:00 volume=0.00 < threshold=1000 (source=ALPACA)
2026-02-16 03:11:44,734 | WARNING |   VOLUME SANITY REJECT: CRV-USD 2026-02-16 01:00:00 volume=0.00 < threshold=1000 (source=ALPACA)
2026-02-16 03:11:44,734 | WARNING |   VOLUME SANITY REJECT: CRV-USD 2026-02-16 02:00:00 volume=0.00 < threshold=1000 (source=ALPACA)
2026-02-16 03:11:44,734 | WARNING |   [CRV-USD] ALL 24 rows REJECTED by volume sanity check (source=ALPACA)
2026-02-16 03:11:44,734 | WARNING |   [CRV-USD] 0 rows written despite 24 bars received
2026-02-16 03:11:45,243 | INFO |   [DOGE-USD] Stale (26.2h > 6h) - fetching
2026-02-16 03:11:45,682 | WARNING |   VOLUME SANITY REJECT: DOGE-USD 2026-02-15 03:00:00 volume=270.25 < threshold=1000 (source=ALPACA)
2026-02-16 03:11:45,682 | WARNING |   VOLUME SANITY REJECT: DOGE-USD 2026-02-15 04:00:00 volume=128.42 < threshold=1000 (source=ALPACA)
2026-02-16 03:11:45,682 | WARNING |   VOLUME SANITY REJECT: DOGE-USD 2026-02-15 05:00:00 volume=0.00 < threshold=1000 (source=ALPACA)
2026-02-16 03:11:45,682 | WARNING |   VOLUME SANITY REJECT: DOGE-USD 2026-02-15 07:00:00 volume=377.73 < threshold=1000 (source=ALPACA)
2026-02-16 03:11:45,682 | WARNING |   VOLUME SANITY REJECT: DOGE-USD 2026-02-15 09:00:00 volume=0.00 < threshold=1000 (source=ALPACA)
2026-02-16 03:11:45,682 | WARNING |   VOLUME SANITY REJECT: DOGE-USD 2026-02-15 11:00:00 volume=0.00 < threshold=1000 (source=ALPACA)
2026-02-16 03:11:45,682 | WARNING |   VOLUME SANITY REJECT: DOGE-USD 2026-02-15 12:00:00 volume=281.18 < threshold=1000 (source=ALPACA)
2026-02-16 03:11:45,682 | WARNING |   VOLUME SANITY REJECT: DOGE-USD 2026-02-15 13:00:00 volume=220.28 < threshold=1000 (source=ALPACA)
2026-02-16 03:11:45,682 | WARNING |   VOLUME SANITY REJECT: DOGE-USD 2026-02-15 14:00:00 volume=667.48 < threshold=1000 (source=ALPACA)
2026-02-16 03:11:45,682 | WARNING |   VOLUME SANITY REJECT: DOGE-USD 2026-02-15 18:00:00 volume=625.62 < threshold=1000 (source=ALPACA)
2026-02-16 03:11:45,682 | WARNING |   VOLUME SANITY REJECT: DOGE-USD 2026-02-15 20:00:00 volume=649.26 < threshold=1000 (source=ALPACA)
2026-02-16 03:11:45,682 | WARNING |   VOLUME SANITY REJECT: DOGE-USD 2026-02-15 21:00:00 volume=0.00 < threshold=1000 (source=ALPACA)
2026-02-16 03:11:45,682 | WARNING |   VOLUME SANITY REJECT: DOGE-USD 2026-02-15 22:00:00 volume=0.00 < threshold=1000 (source=ALPACA)
2026-02-16 03:11:45,682 | WARNING |   VOLUME SANITY REJECT: DOGE-USD 2026-02-15 23:00:00 volume=0.00 < threshold=1000 (source=ALPACA)
2026-02-16 03:11:45,682 | WARNING |   VOLUME SANITY REJECT: DOGE-USD 2026-02-16 00:00:00 volume=0.00 < threshold=1000 (source=ALPACA)
2026-02-16 03:11:45,682 | WARNING |   VOLUME SANITY REJECT: DOGE-USD 2026-02-16 01:00:00 volume=0.00 < threshold=1000 (source=ALPACA)
2026-02-16 03:11:45,682 | WARNING |   VOLUME SANITY REJECT: DOGE-USD 2026-02-16 02:00:00 volume=0.00 < threshold=1000 (source=ALPACA)
2026-02-16 03:11:45,697 | WARNING |   [DOGE-USD] 17 rows REJECTED by volume sanity, 7 rows INSERTED (source=ALPACA)
2026-02-16 03:11:45,713 | INFO |   [DOGE-USD] +7 rows via ALPACA (latest: 2026-02-16 02:00:00+00:00)
2026-02-16 03:11:46,214 | INFO |   [DOT-USD] Stale (26.2h > 6h) - fetching
2026-02-16 03:11:46,401 | WARNING |   VOLUME SANITY REJECT: DOT-USD 2026-02-15 03:00:00 volume=7.11 < threshold=1000 (source=ALPACA)
2026-02-16 03:11:46,404 | WARNING |   VOLUME SANITY REJECT: DOT-USD 2026-02-15 04:00:00 volume=68.05 < threshold=1000 (source=ALPACA)
2026-02-16 03:11:46,404 | WARNING |   VOLUME SANITY REJECT: DOT-USD 2026-02-15 05:00:00 volume=66.27 < threshold=1000 (source=ALPACA)
2026-02-16 03:11:46,404 | WARNING |   VOLUME SANITY REJECT: DOT-USD 2026-02-15 06:00:00 volume=0.00 < threshold=1000 (source=ALPACA)
2026-02-16 03:11:46,404 | WARNING |   VOLUME SANITY REJECT: DOT-USD 2026-02-15 07:00:00 volume=0.00 < threshold=1000 (source=ALPACA)
2026-02-16 03:11:46,404 | WARNING |   VOLUME SANITY REJECT: DOT-USD 2026-02-15 08:00:00 volume=227.50 < threshold=1000 (source=ALPACA)
2026-02-16 03:11:46,404 | WARNING |   VOLUME SANITY REJECT: DOT-USD 2026-02-15 09:00:00 volume=5.62 < threshold=1000 (source=ALPACA)
2026-02-16 03:11:46,404 | WARNING |   VOLUME SANITY REJECT: DOT-USD 2026-02-15 10:00:00 volume=14.33 < threshold=1000 (source=ALPACA)
2026-02-16 03:11:46,404 | WARNING |   VOLUME SANITY REJECT: DOT-USD 2026-02-15 11:00:00 volume=4.27 < threshold=1000 (source=ALPACA)
2026-02-16 03:11:46,414 | WARNING |   VOLUME SANITY REJECT: DOT-USD 2026-02-15 12:00:00 volume=211.40 < threshold=1000 (source=ALPACA)
2026-02-16 03:11:46,414 | WARNING |   VOLUME SANITY REJECT: DOT-USD 2026-02-15 13:00:00 volume=0.00 < threshold=1000 (source=ALPACA)
2026-02-16 03:11:46,414 | WARNING |   VOLUME SANITY REJECT: DOT-USD 2026-02-15 14:00:00 volume=0.00 < threshold=1000 (source=ALPACA)
2026-02-16 03:11:46,414 | WARNING |   VOLUME SANITY REJECT: DOT-USD 2026-02-15 15:00:00 volume=2.52 < threshold=1000 (source=ALPACA)
2026-02-16 03:11:46,414 | WARNING |   VOLUME SANITY REJECT: DOT-USD 2026-02-15 16:00:00 volume=2.18 < threshold=1000 (source=ALPACA)
2026-02-16 03:11:46,414 | WARNING |   VOLUME SANITY REJECT: DOT-USD 2026-02-15 17:00:00 volume=383.88 < threshold=1000 (source=ALPACA)
2026-02-16 03:11:46,414 | WARNING |   VOLUME SANITY REJECT: DOT-USD 2026-02-15 18:00:00 volume=15.86 < threshold=1000 (source=ALPACA)
2026-02-16 03:11:46,414 | WARNING |   VOLUME SANITY REJECT: DOT-USD 2026-02-15 19:00:00 volume=0.00 < threshold=1000 (source=ALPACA)
2026-02-16 03:11:46,414 | WARNING |   VOLUME SANITY REJECT: DOT-USD 2026-02-15 20:00:00 volume=3.82 < threshold=1000 (source=ALPACA)
2026-02-16 03:11:46,414 | WARNING |   VOLUME SANITY REJECT: DOT-USD 2026-02-15 21:00:00 volume=3.62 < threshold=1000 (source=ALPACA)
2026-02-16 03:11:46,414 | WARNING |   VOLUME SANITY REJECT: DOT-USD 2026-02-15 22:00:00 volume=11.37 < threshold=1000 (source=ALPACA)
2026-02-16 03:11:46,414 | WARNING |   VOLUME SANITY REJECT: DOT-USD 2026-02-15 23:00:00 volume=0.00 < threshold=1000 (source=ALPACA)
2026-02-16 03:11:46,414 | WARNING |   VOLUME SANITY REJECT: DOT-USD 2026-02-16 00:00:00 volume=0.00 < threshold=1000 (source=ALPACA)
2026-02-16 03:11:46,414 | WARNING |   VOLUME SANITY REJECT: DOT-USD 2026-02-16 01:00:00 volume=0.55 < threshold=1000 (source=ALPACA)
2026-02-16 03:11:46,414 | WARNING |   VOLUME SANITY REJECT: DOT-USD 2026-02-16 02:00:00 volume=0.00 < threshold=1000 (source=ALPACA)
2026-02-16 03:11:46,414 | WARNING |   [DOT-USD] ALL 24 rows REJECTED by volume sanity check (source=ALPACA)
2026-02-16 03:11:46,414 | WARNING |   [DOT-USD] 0 rows written despite 24 bars received
2026-02-16 03:13:36,901 | INFO |   [EOS-USD] Stale (26.2h > 6h) - fetching
2026-02-16 03:13:38,437 | INFO |   [EURUSD=X] +2 rows via TWELVEDATA_FX
2026-02-16 03:26:06,319 | WARNING |   [GBPJPY=X] TwelveData FX error: HTTPSConnectionPool(host='api.twelvedata.com', port=443): Read timed out. (read timeout=30)
2026-02-16 03:30:20,153 | WARNING |   [GBPUSD=X] TwelveData FX error: HTTPSConnectionPool(host='api.twelvedata.com', port=443): Max retries exceeded with url: /time_serie
2026-02-16 03:31:36,980 | WARNING |   [NZDUSD=X] TwelveData FX error: HTTPSConnectionPool(host='api.twelvedata.com', port=443): Max retries exceeded with url: /time_serie
2026-02-16 03:41:41,931 | WARNING |   [USDCAD=X] TwelveData FX error: ('Connection aborted.', ConnectionResetError(10054, 'En eksisterende tilkobling ble tvangslukket av 
2026-02-16 03:42:13,116 | INFO |   [USDCHF=X] +1 rows via TWELVEDATA_FX
2026-02-16 03:45:37,071 | WARNING |   [USDHKD=X] TwelveData FX error: HTTPSConnectionPool(host='api.twelvedata.com', port=443): Max retries exceeded with url: /time_serie
2026-02-16 03:49:38,176 | WARNING |   [USDJPY=X] TwelveData FX error: ('Connection aborted.', ConnectionResetError(10054, 'En eksisterende tilkobling ble tvangslukket av 
2026-02-16 03:50:12,530 | WARNING |   [USDMXN=X] TwelveData FX error: HTTPSConnectionPool(host='api.twelvedata.com', port=443): Max retries exceeded with url: /time_serie
2026-02-16 03:52:41,811 | INFO |   [USDNOK=X] +1 rows via TWELVEDATA_FX
2026-02-16 03:52:41,811 | INFO |   Progress: 20/24 FX assets, 6 API calls
2026-02-16 04:00:07,082 | WARNING |   [USDSEK=X] TwelveData FX error: ('Connection aborted.', ConnectionResetError(10054, 'En eksisterende tilkobling ble tvangslukket av 
2026-02-16 04:00:37,280 | WARNING |   [USDSGD=X] TwelveData FX error: HTTPSConnectionPool(host='api.twelvedata.com', port=443): Max retries exceeded with url: /time_serie
2026-02-16 04:00:50,313 | WARNING |   [USDTRY=X] TwelveData FX error: HTTPSConnectionPool(host='api.twelvedata.com', port=443): Max retries exceeded with url: /time_serie
2026-02-16 04:02:20,860 | WARNING |   [USDZAR=X] TwelveData FX error: ('Connection aborted.', ConnectionAbortedError(10053, 'En etablert tilkobling ble avbrutt av program
2026-02-16 04:02:20,860 | INFO |   TwelveData FX ingest complete: 3 updated, 21 failed, 6 API calls
2026-02-16 04:02:20,860 | INFO | TwelveData FX: Updated 3 FX assets, 21 total remaining
2026-02-16 04:02:20,876 | INFO | 
============================================================
2026-02-16 04:02:20,876 | INFO | VERIFICATION: Checking Data Freshness
2026-02-16 04:02:20,876 | INFO | ============================================================
2026-02-16 04:02:50,825 | WARNING | VERIFICATION FAILED: 429 assets are stale
2026-02-16 04:02:50,825 | WARNING |   - BT.A.L: 63 days stale (last: 2025-12-15)
2026-02-16 04:02:50,825 | WARNING |   - 1COV.DE: 55 days stale (last: 2025-12-23)
2026-02-16 04:02:50,825 | WARNING |   - TLT: 38 days stale (last: 2026-01-09)
2026-02-16 04:02:50,825 | WARNING |   - GLD: 37 days stale (last: 2026-01-10)
2026-02-16 04:02:50,825 | WARNING |   - OLT.OL: 6 days stale (last: 2026-02-10)
2026-02-16 04:02:50,825 | WARNING |   - UNI-USD: 5 days stale (last: 2026-02-11)
2026-02-16 04:02:50,825 | WARNING |   - VAR.OL: 4 days stale (last: 2026-02-12)
2026-02-16 04:02:50,825 | WARNING |   - RR.L: 4 days stale (last: 2026-02-12)
2026-02-16 04:02:50,825 | WARNING |   - VIE.PA: 4 days stale (last: 2026-02-12)
2026-02-16 04:02:50,825 | WARNING |   - VIV.PA: 4 days stale (last: 2026-02-12)
2026-02-16 04:02:50,825 | WARNING |   ... and 419 more
2026-02-16 04:02:51,431 | CRITICAL | ALERT [CRITICAL]: DATA VERIFICATION FAILED: 429 assets still stale after ingest! Updated: 3, Rows: 4
2026-02-16 04:02:51,457 | WARNING | Governance logging failed: column "action_timestamp" of relation "governance_actions_log" does not exist
LINE 3:                     action_type, action_timestamp, action_by...
                                         ^

2026-02-16 04:02:51,472 | WARNING | ALERT [WARNING]: PARTIAL INGEST: 21 assets could not be updated via any provider
2026-02-16 04:02:51,472 | WARNING | Heartbeat recording failed: relation "fhq_monitoring.system_heartbeats" does not exist
LINE 2:                 INSERT INTO fhq_monitoring.system_heartbeats...
                                    ^

2026-02-16 04:02:51,488 | WARNING | Governance logging failed: current transaction is aborted, commands ignored until end of transaction block

2026-02-16 04:02:51,504 | INFO | 
======================================================================
2026-02-16 04:02:51,504 | INFO | BULLETPROOF INGEST COMPLETE
2026-02-16 04:02:51,504 | INFO | ======================================================================
2026-02-16 04:02:51,504 | INFO | Status: PARTIAL
2026-02-16 04:02:51,519 | INFO | Assets Updated: 3
2026-02-16 04:02:51,519 | INFO | Rows Inserted: 4
2026-02-16 04:02:51,519 | INFO | Providers Used: ALPACA, YAHOO, ECB, TWELVEDATA_FX
2026-02-16 04:02:51,519 | INFO | Verification: FAILED (429 stale)
2026-02-16 04:02:51,519 | INFO | Elapsed: 4330.3s
2026-02-16 04:02:51,519 | INFO | 
Freshness by Asset Class:
2026-02-16 04:02:51,519 | INFO |   CRYPTO: 45/50 fresh (90.0%)
2026-02-16 04:02:51,519 | INFO |   EQUITY: 0/422 fresh (0.0%)
2026-02-16 04:02:51,519 | INFO |   ETF: 0/2 fresh (0.0%)
2026-02-16 04:02:51,519 | INFO |   FX: 19/25 fresh (76.0%)
2026-02-16 04:02:51,519 | INFO | 
Evidence: C:\fhq-market-system\vision-ios\03_FUNCTIONS\evidence\BULLETPROOF_INGEST_ab51e29b_20260216_040251.json
2026-02-16 04:02:51,519 | INFO | ======================================================================
