2026-01-29 23:05:08,144 | INFO | ======================================================================
2026-01-29 23:05:08,144 | INFO | IoS-001 BULLETPROOF DAILY PRICE INGEST
2026-01-29 23:05:08,144 | INFO | ======================================================================
2026-01-29 23:05:08,144 | INFO | CEO Directive: CD-IOS-001-DAILY-INGEST-BULLETPROOF-001
2026-01-29 23:05:08,144 | INFO | Executor: STIG (EC-003)
2026-01-29 23:05:08,144 | INFO | Time: 2026-01-29T22:05:08.144994+00:00
2026-01-29 23:05:08,144 | INFO | Asset Class Filter: CRYPTO
2026-01-29 23:05:08,144 | INFO | Dry Run: False
2026-01-29 23:05:08,144 | INFO | Canonical Source: fhq_market.prices (ONLY)
2026-01-29 23:05:08,144 | INFO | ======================================================================
2026-01-29 23:05:08,300 | INFO | Found 46 canonical assets
2026-01-29 23:05:09,163 | INFO | ============================================================
2026-01-29 23:05:09,163 | INFO | ATTEMPTING ALPACA INGEST (Primary Provider)
2026-01-29 23:05:09,163 | INFO | Assets: 46, Rate limit: 200/min
2026-01-29 23:05:09,163 | INFO | ============================================================
2026-01-29 23:05:09,173 | INFO |   [ADA-USD] Stale (22.1h > 6h) - fetching
2026-01-29 23:05:10,180 | WARNING |   [ADA-USD] No data from Alpaca (STALE)
2026-01-29 23:05:10,689 | INFO |   [ALGO-USD] Stale (22.1h > 6h) - fetching
2026-01-29 23:05:10,868 | WARNING |   [ALGO-USD] No data from Alpaca (STALE)
2026-01-29 23:05:11,373 | INFO |   [ATOM-USD] Stale (22.1h > 6h) - fetching
2026-01-29 23:05:11,504 | WARNING |   [ATOM-USD] No data from Alpaca (STALE)
2026-01-29 23:05:12,015 | INFO |   [AVAX-USD] Stale (22.1h > 6h) - fetching
2026-01-29 23:05:12,166 | WARNING |   VOLUME SANITY REJECT: AVAX-USD 2026-01-28 23:00:00 volume=3.18 < threshold=1000 (source=ALPACA)
2026-01-29 23:05:12,166 | WARNING |   VOLUME SANITY REJECT: AVAX-USD 2026-01-29 00:00:00 volume=70.66 < threshold=1000 (source=ALPACA)
2026-01-29 23:05:12,166 | WARNING |   VOLUME SANITY REJECT: AVAX-USD 2026-01-29 01:00:00 volume=0.00 < threshold=1000 (source=ALPACA)
2026-01-29 23:05:12,166 | WARNING |   VOLUME SANITY REJECT: AVAX-USD 2026-01-29 02:00:00 volume=0.00 < threshold=1000 (source=ALPACA)
2026-01-29 23:05:12,166 | WARNING |   VOLUME SANITY REJECT: AVAX-USD 2026-01-29 03:00:00 volume=0.00 < threshold=1000 (source=ALPACA)
2026-01-29 23:05:12,166 | WARNING |   VOLUME SANITY REJECT: AVAX-USD 2026-01-29 04:00:00 volume=379.62 < threshold=1000 (source=ALPACA)
2026-01-29 23:05:12,166 | WARNING |   VOLUME SANITY REJECT: AVAX-USD 2026-01-29 05:00:00 volume=0.58 < threshold=1000 (source=ALPACA)
2026-01-29 23:05:12,166 | WARNING |   VOLUME SANITY REJECT: AVAX-USD 2026-01-29 06:00:00 volume=0.55 < threshold=1000 (source=ALPACA)
2026-01-29 23:05:12,166 | WARNING |   VOLUME SANITY REJECT: AVAX-USD 2026-01-29 07:00:00 volume=0.00 < threshold=1000 (source=ALPACA)
2026-01-29 23:05:12,166 | WARNING |   VOLUME SANITY REJECT: AVAX-USD 2026-01-29 08:00:00 volume=0.00 < threshold=1000 (source=ALPACA)
2026-01-29 23:05:12,166 | WARNING |   VOLUME SANITY REJECT: AVAX-USD 2026-01-29 09:00:00 volume=0.00 < threshold=1000 (source=ALPACA)
2026-01-29 23:05:12,166 | WARNING |   VOLUME SANITY REJECT: AVAX-USD 2026-01-29 10:00:00 volume=0.54 < threshold=1000 (source=ALPACA)
2026-01-29 23:05:12,177 | WARNING |   VOLUME SANITY REJECT: AVAX-USD 2026-01-29 11:00:00 volume=2.60 < threshold=1000 (source=ALPACA)
2026-01-29 23:05:12,177 | WARNING |   VOLUME SANITY REJECT: AVAX-USD 2026-01-29 12:00:00 volume=2.98 < threshold=1000 (source=ALPACA)
2026-01-29 23:05:12,178 | WARNING |   VOLUME SANITY REJECT: AVAX-USD 2026-01-29 13:00:00 volume=16.31 < threshold=1000 (source=ALPACA)
2026-01-29 23:05:12,178 | WARNING |   VOLUME SANITY REJECT: AVAX-USD 2026-01-29 14:00:00 volume=43.28 < threshold=1000 (source=ALPACA)
2026-01-29 23:05:12,178 | WARNING |   VOLUME SANITY REJECT: AVAX-USD 2026-01-29 15:00:00 volume=624.22 < threshold=1000 (source=ALPACA)
2026-01-29 23:05:12,178 | WARNING |   VOLUME SANITY REJECT: AVAX-USD 2026-01-29 16:00:00 volume=5.23 < threshold=1000 (source=ALPACA)
2026-01-29 23:05:12,178 | WARNING |   VOLUME SANITY REJECT: AVAX-USD 2026-01-29 17:00:00 volume=5.00 < threshold=1000 (source=ALPACA)
2026-01-29 23:05:12,178 | WARNING |   VOLUME SANITY REJECT: AVAX-USD 2026-01-29 18:00:00 volume=29.56 < threshold=1000 (source=ALPACA)
2026-01-29 23:05:12,178 | WARNING |   VOLUME SANITY REJECT: AVAX-USD 2026-01-29 19:00:00 volume=140.37 < threshold=1000 (source=ALPACA)
2026-01-29 23:05:12,178 | WARNING |   VOLUME SANITY REJECT: AVAX-USD 2026-01-29 20:00:00 volume=0.88 < threshold=1000 (source=ALPACA)
2026-01-29 23:05:12,178 | WARNING |   VOLUME SANITY REJECT: AVAX-USD 2026-01-29 21:00:00 volume=50.00 < threshold=1000 (source=ALPACA)
2026-01-29 23:05:12,178 | WARNING |   VOLUME SANITY REJECT: AVAX-USD 2026-01-29 22:00:00 volume=0.00 < threshold=1000 (source=ALPACA)
2026-01-29 23:05:12,178 | WARNING |   [AVAX-USD] ALL 24 rows REJECTED by volume sanity check (source=ALPACA)
2026-01-29 23:05:12,178 | WARNING |   [AVAX-USD] 0 rows written despite 24 bars received
2026-01-29 23:05:12,685 | INFO |   [AXS-USD] Stale (22.1h > 6h) - fetching
2026-01-29 23:05:12,831 | WARNING |   [AXS-USD] No data from Alpaca (STALE)
2026-01-29 23:05:13,418 | INFO |   [BCH-USD] Stale (22.1h > 6h) - fetching
2026-01-29 23:05:13,582 | WARNING |   VOLUME SANITY REJECT: BCH-USD 2026-01-28 23:00:00 volume=0.00 < threshold=1000 (source=ALPACA)
2026-01-29 23:05:13,582 | WARNING |   VOLUME SANITY REJECT: BCH-USD 2026-01-29 00:00:00 volume=0.00 < threshold=1000 (source=ALPACA)
2026-01-29 23:05:13,582 | WARNING |   VOLUME SANITY REJECT: BCH-USD 2026-01-29 01:00:00 volume=0.00 < threshold=1000 (source=ALPACA)
2026-01-29 23:05:13,582 | WARNING |   VOLUME SANITY REJECT: BCH-USD 2026-01-29 02:00:00 volume=0.04 < threshold=1000 (source=ALPACA)
2026-01-29 23:05:13,592 | WARNING |   VOLUME SANITY REJECT: BCH-USD 2026-01-29 03:00:00 volume=0.96 < threshold=1000 (source=ALPACA)
2026-01-29 23:05:13,592 | WARNING |   VOLUME SANITY REJECT: BCH-USD 2026-01-29 04:00:00 volume=0.04 < threshold=1000 (source=ALPACA)
2026-01-29 23:05:13,592 | WARNING |   VOLUME SANITY REJECT: BCH-USD 2026-01-29 05:00:00 volume=0.00 < threshold=1000 (source=ALPACA)
2026-01-29 23:05:13,600 | WARNING |   VOLUME SANITY REJECT: BCH-USD 2026-01-29 06:00:00 volume=0.01 < threshold=1000 (source=ALPACA)
2026-01-29 23:05:13,602 | WARNING |   VOLUME SANITY REJECT: BCH-USD 2026-01-29 07:00:00 volume=0.00 < threshold=1000 (source=ALPACA)
2026-01-29 23:05:13,604 | WARNING |   VOLUME SANITY REJECT: BCH-USD 2026-01-29 08:00:00 volume=0.01 < threshold=1000 (source=ALPACA)
2026-01-29 23:05:13,609 | WARNING |   VOLUME SANITY REJECT: BCH-USD 2026-01-29 09:00:00 volume=0.02 < threshold=1000 (source=ALPACA)
2026-01-29 23:05:13,625 | WARNING |   VOLUME SANITY REJECT: BCH-USD 2026-01-29 10:00:00 volume=0.00 < threshold=1000 (source=ALPACA)
2026-01-29 23:05:13,646 | WARNING |   VOLUME SANITY REJECT: BCH-USD 2026-01-29 11:00:00 volume=0.00 < threshold=1000 (source=ALPACA)
2026-01-29 23:05:13,646 | WARNING |   VOLUME SANITY REJECT: BCH-USD 2026-01-29 12:00:00 volume=0.01 < threshold=1000 (source=ALPACA)
2026-01-29 23:05:13,647 | WARNING |   VOLUME SANITY REJECT: BCH-USD 2026-01-29 13:00:00 volume=0.03 < threshold=1000 (source=ALPACA)
2026-01-29 23:05:13,647 | WARNING |   VOLUME SANITY REJECT: BCH-USD 2026-01-29 14:00:00 volume=0.02 < threshold=1000 (source=ALPACA)
2026-01-29 23:05:13,647 | WARNING |   VOLUME SANITY REJECT: BCH-USD 2026-01-29 15:00:00 volume=0.01 < threshold=1000 (source=ALPACA)
2026-01-29 23:05:13,651 | WARNING |   VOLUME SANITY REJECT: BCH-USD 2026-01-29 16:00:00 volume=0.03 < threshold=1000 (source=ALPACA)
2026-01-29 23:05:13,651 | WARNING |   VOLUME SANITY REJECT: BCH-USD 2026-01-29 17:00:00 volume=1.65 < threshold=1000 (source=ALPACA)
2026-01-29 23:05:13,652 | WARNING |   VOLUME SANITY REJECT: BCH-USD 2026-01-29 18:00:00 volume=0.01 < threshold=1000 (source=ALPACA)
2026-01-29 23:05:13,654 | WARNING |   VOLUME SANITY REJECT: BCH-USD 2026-01-29 19:00:00 volume=0.00 < threshold=1000 (source=ALPACA)
2026-01-29 23:05:13,656 | WARNING |   VOLUME SANITY REJECT: BCH-USD 2026-01-29 20:00:00 volume=0.00 < threshold=1000 (source=ALPACA)
2026-01-29 23:05:13,657 | WARNING |   VOLUME SANITY REJECT: BCH-USD 2026-01-29 21:00:00 volume=0.00 < threshold=1000 (source=ALPACA)
2026-01-29 23:05:13,658 | WARNING |   VOLUME SANITY REJECT: BCH-USD 2026-01-29 22:00:00 volume=0.00 < threshold=1000 (source=ALPACA)
2026-01-29 23:05:13,659 | WARNING |   [BCH-USD] ALL 24 rows REJECTED by volume sanity check (source=ALPACA)
2026-01-29 23:05:13,659 | WARNING |   [BCH-USD] 0 rows written despite 24 bars received
2026-01-29 23:05:14,160 | INFO |   [BNB-USD] Stale (22.1h > 6h) - fetching
2026-01-29 23:05:14,310 | WARNING |   [BNB-USD] No data from Alpaca (STALE)
2026-01-29 23:05:14,823 | INFO |   [BTC-USD] Stale (22.1h > 6h) - fetching
2026-01-29 23:05:14,953 | WARNING |   VOLUME SANITY REJECT: BTC-USD 2026-01-28 23:00:00 volume=0.00 < threshold=1000 (source=ALPACA)
2026-01-29 23:05:14,954 | WARNING |   VOLUME SANITY REJECT: BTC-USD 2026-01-29 00:00:00 volume=0.00 < threshold=1000 (source=ALPACA)
2026-01-29 23:05:14,954 | WARNING |   VOLUME SANITY REJECT: BTC-USD 2026-01-29 01:00:00 volume=0.09 < threshold=1000 (source=ALPACA)
2026-01-29 23:05:14,955 | WARNING |   VOLUME SANITY REJECT: BTC-USD 2026-01-29 02:00:00 volume=0.01 < threshold=1000 (source=ALPACA)
2026-01-29 23:05:14,956 | WARNING |   VOLUME SANITY REJECT: BTC-USD 2026-01-29 03:00:00 volume=0.06 < threshold=1000 (source=ALPACA)
2026-01-29 23:05:14,956 | WARNING |   VOLUME SANITY REJECT: BTC-USD 2026-01-29 04:00:00 volume=0.13 < threshold=1000 (source=ALPACA)
2026-01-29 23:05:14,957 | WARNING |   VOLUME SANITY REJECT: BTC-USD 2026-01-29 05:00:00 volume=0.13 < threshold=1000 (source=ALPACA)
2026-01-29 23:05:14,957 | WARNING |   VOLUME SANITY REJECT: BTC-USD 2026-01-29 06:00:00 volume=0.03 < threshold=1000 (source=ALPACA)
2026-01-29 23:05:14,958 | WARNING |   VOLUME SANITY REJECT: BTC-USD 2026-01-29 07:00:00 volume=0.04 < threshold=1000 (source=ALPACA)
2026-01-29 23:05:14,959 | WARNING |   VOLUME SANITY REJECT: BTC-USD 2026-01-29 08:00:00 volume=0.02 < threshold=1000 (source=ALPACA)
2026-01-29 23:05:14,959 | WARNING |   VOLUME SANITY REJECT: BTC-USD 2026-01-29 09:00:00 volume=0.02 < threshold=1000 (source=ALPACA)
2026-01-29 23:05:14,960 | WARNING |   VOLUME SANITY REJECT: BTC-USD 2026-01-29 10:00:00 volume=0.02 < threshold=1000 (source=ALPACA)
2026-01-29 23:05:14,960 | WARNING |   VOLUME SANITY REJECT: BTC-USD 2026-01-29 11:00:00 volume=0.01 < threshold=1000 (source=ALPACA)
2026-01-29 23:05:14,961 | WARNING |   VOLUME SANITY REJECT: BTC-USD 2026-01-29 12:00:00 volume=0.12 < threshold=1000 (source=ALPACA)
2026-01-29 23:05:14,962 | WARNING |   VOLUME SANITY REJECT: BTC-USD 2026-01-29 13:00:00 volume=0.17 < threshold=1000 (source=ALPACA)
2026-01-29 23:05:14,962 | WARNING |   VOLUME SANITY REJECT: BTC-USD 2026-01-29 14:00:00 volume=0.11 < threshold=1000 (source=ALPACA)
2026-01-29 23:05:14,963 | WARNING |   VOLUME SANITY REJECT: BTC-USD 2026-01-29 15:00:00 volume=2.90 < threshold=1000 (source=ALPACA)
2026-01-29 23:05:14,964 | WARNING |   VOLUME SANITY REJECT: BTC-USD 2026-01-29 16:00:00 volume=1.56 < threshold=1000 (source=ALPACA)
2026-01-29 23:05:14,964 | WARNING |   VOLUME SANITY REJECT: BTC-USD 2026-01-29 17:00:00 volume=0.32 < threshold=1000 (source=ALPACA)
2026-01-29 23:05:14,965 | WARNING |   VOLUME SANITY REJECT: BTC-USD 2026-01-29 18:00:00 volume=1.00 < threshold=1000 (source=ALPACA)
2026-01-29 23:05:14,966 | WARNING |   VOLUME SANITY REJECT: BTC-USD 2026-01-29 19:00:00 volume=0.31 < threshold=1000 (source=ALPACA)
2026-01-29 23:05:14,967 | WARNING |   VOLUME SANITY REJECT: BTC-USD 2026-01-29 20:00:00 volume=0.12 < threshold=1000 (source=ALPACA)
2026-01-29 23:05:14,968 | WARNING |   VOLUME SANITY REJECT: BTC-USD 2026-01-29 21:00:00 volume=0.08 < threshold=1000 (source=ALPACA)
2026-01-29 23:05:14,969 | WARNING |   VOLUME SANITY REJECT: BTC-USD 2026-01-29 22:00:00 volume=0.00 < threshold=1000 (source=ALPACA)
2026-01-29 23:05:14,969 | WARNING |   [BTC-USD] ALL 24 rows REJECTED by volume sanity check (source=ALPACA)
2026-01-29 23:05:14,970 | WARNING |   [BTC-USD] 0 rows written despite 24 bars received
2026-01-29 23:05:15,473 | INFO |   [CHZ-USD] Stale (22.1h > 6h) - fetching
2026-01-29 23:05:15,597 | WARNING |   [CHZ-USD] No data from Alpaca (STALE)
2026-01-29 23:05:16,136 | INFO |   [CRO-USD] Stale (22.1h > 6h) - fetching
2026-01-29 23:05:16,255 | WARNING |   [CRO-USD] No data from Alpaca (STALE)
2026-01-29 23:05:16,760 | INFO |   [CRV-USD] Stale (22.1h > 6h) - fetching
2026-01-29 23:05:16,893 | WARNING |   VOLUME SANITY REJECT: CRV-USD 2026-01-28 23:00:00 volume=0.00 < threshold=1000 (source=ALPACA)
2026-01-29 23:05:16,893 | WARNING |   VOLUME SANITY REJECT: CRV-USD 2026-01-29 00:00:00 volume=0.00 < threshold=1000 (source=ALPACA)
2026-01-29 23:05:16,893 | WARNING |   VOLUME SANITY REJECT: CRV-USD 2026-01-29 01:00:00 volume=0.00 < threshold=1000 (source=ALPACA)
2026-01-29 23:05:16,893 | WARNING |   VOLUME SANITY REJECT: CRV-USD 2026-01-29 02:00:00 volume=0.00 < threshold=1000 (source=ALPACA)
2026-01-29 23:05:16,893 | WARNING |   VOLUME SANITY REJECT: CRV-USD 2026-01-29 03:00:00 volume=0.00 < threshold=1000 (source=ALPACA)
2026-01-29 23:05:16,903 | WARNING |   VOLUME SANITY REJECT: CRV-USD 2026-01-29 04:00:00 volume=0.00 < threshold=1000 (source=ALPACA)
2026-01-29 23:05:16,903 | WARNING |   VOLUME SANITY REJECT: CRV-USD 2026-01-29 05:00:00 volume=0.00 < threshold=1000 (source=ALPACA)
2026-01-29 23:05:16,904 | WARNING |   VOLUME SANITY REJECT: CRV-USD 2026-01-29 06:00:00 volume=0.00 < threshold=1000 (source=ALPACA)
2026-01-29 23:05:16,904 | WARNING |   VOLUME SANITY REJECT: CRV-USD 2026-01-29 07:00:00 volume=0.00 < threshold=1000 (source=ALPACA)
2026-01-29 23:05:16,905 | WARNING |   VOLUME SANITY REJECT: CRV-USD 2026-01-29 08:00:00 volume=603.86 < threshold=1000 (source=ALPACA)
2026-01-29 23:05:16,906 | WARNING |   VOLUME SANITY REJECT: CRV-USD 2026-01-29 09:00:00 volume=7.51 < threshold=1000 (source=ALPACA)
2026-01-29 23:05:16,906 | WARNING |   VOLUME SANITY REJECT: CRV-USD 2026-01-29 10:00:00 volume=0.00 < threshold=1000 (source=ALPACA)
2026-01-29 23:05:16,907 | WARNING |   VOLUME SANITY REJECT: CRV-USD 2026-01-29 11:00:00 volume=0.00 < threshold=1000 (source=ALPACA)
2026-01-29 23:05:16,907 | WARNING |   VOLUME SANITY REJECT: CRV-USD 2026-01-29 12:00:00 volume=0.00 < threshold=1000 (source=ALPACA)
2026-01-29 23:05:16,908 | WARNING |   VOLUME SANITY REJECT: CRV-USD 2026-01-29 13:00:00 volume=0.00 < threshold=1000 (source=ALPACA)
2026-01-29 23:05:16,909 | WARNING |   VOLUME SANITY REJECT: CRV-USD 2026-01-29 14:00:00 volume=696.31 < threshold=1000 (source=ALPACA)
2026-01-29 23:05:16,910 | WARNING |   VOLUME SANITY REJECT: CRV-USD 2026-01-29 15:00:00 volume=611.00 < threshold=1000 (source=ALPACA)
2026-01-29 23:05:16,910 | WARNING |   VOLUME SANITY REJECT: CRV-USD 2026-01-29 17:00:00 volume=16.08 < threshold=1000 (source=ALPACA)
2026-01-29 23:05:16,911 | WARNING |   VOLUME SANITY REJECT: CRV-USD 2026-01-29 18:00:00 volume=0.00 < threshold=1000 (source=ALPACA)
2026-01-29 23:05:16,912 | WARNING |   VOLUME SANITY REJECT: CRV-USD 2026-01-29 19:00:00 volume=0.00 < threshold=1000 (source=ALPACA)
2026-01-29 23:05:16,912 | WARNING |   VOLUME SANITY REJECT: CRV-USD 2026-01-29 20:00:00 volume=0.00 < threshold=1000 (source=ALPACA)
2026-01-29 23:05:16,913 | WARNING |   VOLUME SANITY REJECT: CRV-USD 2026-01-29 21:00:00 volume=0.00 < threshold=1000 (source=ALPACA)
2026-01-29 23:05:16,914 | WARNING |   VOLUME SANITY REJECT: CRV-USD 2026-01-29 22:00:00 volume=0.00 < threshold=1000 (source=ALPACA)
2026-01-29 23:05:16,921 | WARNING |   [CRV-USD] 23 rows REJECTED by volume sanity, 1 rows INSERTED (source=ALPACA)
2026-01-29 23:05:16,922 | INFO |   [CRV-USD] +1 rows via ALPACA (latest: 2026-01-29 22:00:00+00:00)
2026-01-29 23:05:17,423 | INFO |   [DOGE-USD] Stale (22.1h > 6h) - fetching
2026-01-29 23:05:17,553 | WARNING |   VOLUME SANITY REJECT: DOGE-USD 2026-01-28 23:00:00 volume=0.00 < threshold=1000 (source=ALPACA)
2026-01-29 23:05:17,567 | WARNING |   VOLUME SANITY REJECT: DOGE-USD 2026-01-29 00:00:00 volume=0.00 < threshold=1000 (source=ALPACA)
2026-01-29 23:05:17,587 | WARNING |   VOLUME SANITY REJECT: DOGE-USD 2026-01-29 01:00:00 volume=42.41 < threshold=1000 (source=ALPACA)
2026-01-29 23:05:17,587 | WARNING |   VOLUME SANITY REJECT: DOGE-USD 2026-01-29 03:00:00 volume=237.57 < threshold=1000 (source=ALPACA)
2026-01-29 23:05:17,587 | WARNING |   VOLUME SANITY REJECT: DOGE-USD 2026-01-29 05:00:00 volume=465.95 < threshold=1000 (source=ALPACA)
2026-01-29 23:05:17,587 | WARNING |   VOLUME SANITY REJECT: DOGE-USD 2026-01-29 06:00:00 volume=53.20 < threshold=1000 (source=ALPACA)
2026-01-29 23:05:17,587 | WARNING |   VOLUME SANITY REJECT: DOGE-USD 2026-01-29 07:00:00 volume=654.81 < threshold=1000 (source=ALPACA)
2026-01-29 23:05:17,587 | WARNING |   VOLUME SANITY REJECT: DOGE-USD 2026-01-29 08:00:00 volume=100.00 < threshold=1000 (source=ALPACA)
2026-01-29 23:05:17,587 | WARNING |   VOLUME SANITY REJECT: DOGE-USD 2026-01-29 09:00:00 volume=188.23 < threshold=1000 (source=ALPACA)
2026-01-29 23:05:17,587 | WARNING |   VOLUME SANITY REJECT: DOGE-USD 2026-01-29 10:00:00 volume=657.71 < threshold=1000 (source=ALPACA)
2026-01-29 23:05:17,587 | WARNING |   VOLUME SANITY REJECT: DOGE-USD 2026-01-29 11:00:00 volume=238.19 < threshold=1000 (source=ALPACA)
2026-01-29 23:05:17,587 | WARNING |   VOLUME SANITY REJECT: DOGE-USD 2026-01-29 12:00:00 volume=0.00 < threshold=1000 (source=ALPACA)
2026-01-29 23:05:17,600 | WARNING |   VOLUME SANITY REJECT: DOGE-USD 2026-01-29 21:00:00 volume=549.46 < threshold=1000 (source=ALPACA)
2026-01-29 23:05:17,600 | WARNING |   VOLUME SANITY REJECT: DOGE-USD 2026-01-29 22:00:00 volume=0.00 < threshold=1000 (source=ALPACA)
2026-01-29 23:05:17,611 | WARNING |   [DOGE-USD] 14 rows REJECTED by volume sanity, 10 rows INSERTED (source=ALPACA)
2026-01-29 23:05:17,613 | INFO |   [DOGE-USD] +10 rows via ALPACA (latest: 2026-01-29 22:00:00+00:00)
2026-01-29 23:05:18,117 | INFO |   [DOT-USD] Stale (22.1h > 6h) - fetching
2026-01-29 23:05:18,255 | WARNING |   VOLUME SANITY REJECT: DOT-USD 2026-01-28 23:00:00 volume=60.32 < threshold=1000 (source=ALPACA)
2026-01-29 23:05:18,255 | WARNING |   VOLUME SANITY REJECT: DOT-USD 2026-01-29 00:00:00 volume=53.06 < threshold=1000 (source=ALPACA)
2026-01-29 23:05:18,264 | WARNING |   VOLUME SANITY REJECT: DOT-USD 2026-01-29 01:00:00 volume=0.00 < threshold=1000 (source=ALPACA)
2026-01-29 23:05:18,264 | WARNING |   VOLUME SANITY REJECT: DOT-USD 2026-01-29 02:00:00 volume=6.00 < threshold=1000 (source=ALPACA)
2026-01-29 23:05:18,271 | WARNING |   VOLUME SANITY REJECT: DOT-USD 2026-01-29 03:00:00 volume=96.88 < threshold=1000 (source=ALPACA)
2026-01-29 23:05:18,271 | WARNING |   VOLUME SANITY REJECT: DOT-USD 2026-01-29 04:00:00 volume=15.43 < threshold=1000 (source=ALPACA)
2026-01-29 23:05:18,275 | WARNING |   VOLUME SANITY REJECT: DOT-USD 2026-01-29 05:00:00 volume=4.66 < threshold=1000 (source=ALPACA)
2026-01-29 23:05:18,275 | WARNING |   VOLUME SANITY REJECT: DOT-USD 2026-01-29 06:00:00 volume=9.41 < threshold=1000 (source=ALPACA)
2026-01-29 23:05:18,275 | WARNING |   VOLUME SANITY REJECT: DOT-USD 2026-01-29 07:00:00 volume=5.08 < threshold=1000 (source=ALPACA)
2026-01-29 23:05:18,296 | WARNING |   VOLUME SANITY REJECT: DOT-USD 2026-01-29 08:00:00 volume=0.00 < threshold=1000 (source=ALPACA)
2026-01-29 23:05:18,299 | WARNING |   VOLUME SANITY REJECT: DOT-USD 2026-01-29 09:00:00 volume=7.10 < threshold=1000 (source=ALPACA)
2026-01-29 23:05:18,301 | WARNING |   VOLUME SANITY REJECT: DOT-USD 2026-01-29 10:00:00 volume=15.46 < threshold=1000 (source=ALPACA)
2026-01-29 23:05:18,301 | WARNING |   VOLUME SANITY REJECT: DOT-USD 2026-01-29 11:00:00 volume=10.00 < threshold=1000 (source=ALPACA)
2026-01-29 23:05:18,307 | WARNING |   VOLUME SANITY REJECT: DOT-USD 2026-01-29 12:00:00 volume=255.04 < threshold=1000 (source=ALPACA)
2026-01-29 23:05:18,307 | WARNING |   VOLUME SANITY REJECT: DOT-USD 2026-01-29 13:00:00 volume=0.00 < threshold=1000 (source=ALPACA)
2026-01-29 23:05:18,311 | WARNING |   VOLUME SANITY REJECT: DOT-USD 2026-01-29 14:00:00 volume=20.21 < threshold=1000 (source=ALPACA)
2026-01-29 23:05:18,313 | WARNING |   VOLUME SANITY REJECT: DOT-USD 2026-01-29 15:00:00 volume=369.65 < threshold=1000 (source=ALPACA)
2026-01-29 23:05:18,314 | WARNING |   VOLUME SANITY REJECT: DOT-USD 2026-01-29 16:00:00 volume=47.56 < threshold=1000 (source=ALPACA)
2026-01-29 23:05:18,316 | WARNING |   VOLUME SANITY REJECT: DOT-USD 2026-01-29 17:00:00 volume=0.00 < threshold=1000 (source=ALPACA)
2026-01-29 23:05:18,317 | WARNING |   VOLUME SANITY REJECT: DOT-USD 2026-01-29 18:00:00 volume=158.27 < threshold=1000 (source=ALPACA)
2026-01-29 23:05:18,318 | WARNING |   VOLUME SANITY REJECT: DOT-USD 2026-01-29 19:00:00 volume=99.65 < threshold=1000 (source=ALPACA)
2026-01-29 23:05:18,320 | WARNING |   VOLUME SANITY REJECT: DOT-USD 2026-01-29 21:00:00 volume=22.78 < threshold=1000 (source=ALPACA)
2026-01-29 23:05:18,322 | WARNING |   VOLUME SANITY REJECT: DOT-USD 2026-01-29 22:00:00 volume=0.00 < threshold=1000 (source=ALPACA)
2026-01-29 23:05:18,326 | WARNING |   [DOT-USD] 23 rows REJECTED by volume sanity, 1 rows INSERTED (source=ALPACA)
2026-01-29 23:05:18,326 | INFO |   [DOT-USD] +1 rows via ALPACA (latest: 2026-01-29 22:00:00+00:00)
2026-01-29 23:05:18,830 | INFO |   [EOS-USD] Stale (22.1h > 6h) - fetching
2026-01-29 23:05:18,970 | WARNING |   [EOS-USD] No data from Alpaca (STALE)
2026-01-29 23:05:19,473 | INFO |   [ETC-USD] Stale (22.1h > 6h) - fetching
2026-01-29 23:05:19,594 | WARNING |   [ETC-USD] No data from Alpaca (STALE)
2026-01-29 23:05:20,098 | INFO |   [ETH-USD] Stale (22.1h > 6h) - fetching
2026-01-29 23:05:20,238 | WARNING |   VOLUME SANITY REJECT: ETH-USD 2026-01-28 23:00:00 volume=0.07 < threshold=1000 (source=ALPACA)
2026-01-29 23:05:20,238 | WARNING |   VOLUME SANITY REJECT: ETH-USD 2026-01-29 00:00:00 volume=0.04 < threshold=1000 (source=ALPACA)
2026-01-29 23:05:20,238 | WARNING |   VOLUME SANITY REJECT: ETH-USD 2026-01-29 01:00:00 volume=1.87 < threshold=1000 (source=ALPACA)
2026-01-29 23:05:20,248 | WARNING |   VOLUME SANITY REJECT: ETH-USD 2026-01-29 02:00:00 volume=0.12 < threshold=1000 (source=ALPACA)
2026-01-29 23:05:20,248 | WARNING |   VOLUME SANITY REJECT: ETH-USD 2026-01-29 03:00:00 volume=0.40 < threshold=1000 (source=ALPACA)
2026-01-29 23:05:20,248 | WARNING |   VOLUME SANITY REJECT: ETH-USD 2026-01-29 04:00:00 volume=0.15 < threshold=1000 (source=ALPACA)
2026-01-29 23:05:20,248 | WARNING |   VOLUME SANITY REJECT: ETH-USD 2026-01-29 05:00:00 volume=0.06 < threshold=1000 (source=ALPACA)
2026-01-29 23:05:20,248 | WARNING |   VOLUME SANITY REJECT: ETH-USD 2026-01-29 06:00:00 volume=0.02 < threshold=1000 (source=ALPACA)
2026-01-29 23:05:20,248 | WARNING |   VOLUME SANITY REJECT: ETH-USD 2026-01-29 07:00:00 volume=0.05 < threshold=1000 (source=ALPACA)
2026-01-29 23:05:20,248 | WARNING |   VOLUME SANITY REJECT: ETH-USD 2026-01-29 08:00:00 volume=0.05 < threshold=1000 (source=ALPACA)
2026-01-29 23:05:20,248 | WARNING |   VOLUME SANITY REJECT: ETH-USD 2026-01-29 09:00:00 volume=0.30 < threshold=1000 (source=ALPACA)
2026-01-29 23:05:20,248 | WARNING |   VOLUME SANITY REJECT: ETH-USD 2026-01-29 10:00:00 volume=0.10 < threshold=1000 (source=ALPACA)
2026-01-29 23:05:20,248 | WARNING |   VOLUME SANITY REJECT: ETH-USD 2026-01-29 11:00:00 volume=0.12 < threshold=1000 (source=ALPACA)
2026-01-29 23:05:20,248 | WARNING |   VOLUME SANITY REJECT: ETH-USD 2026-01-29 12:00:00 volume=0.03 < threshold=1000 (source=ALPACA)
2026-01-29 23:05:20,248 | WARNING |   VOLUME SANITY REJECT: ETH-USD 2026-01-29 13:00:00 volume=0.05 < threshold=1000 (source=ALPACA)
2026-01-29 23:05:20,248 | WARNING |   VOLUME SANITY REJECT: ETH-USD 2026-01-29 14:00:00 volume=7.89 < threshold=1000 (source=ALPACA)
2026-01-29 23:05:20,248 | WARNING |   VOLUME SANITY REJECT: ETH-USD 2026-01-29 15:00:00 volume=10.48 < threshold=1000 (source=ALPACA)
2026-01-29 23:05:20,248 | WARNING |   VOLUME SANITY REJECT: ETH-USD 2026-01-29 16:00:00 volume=5.12 < threshold=1000 (source=ALPACA)
2026-01-29 23:05:20,248 | WARNING |   VOLUME SANITY REJECT: ETH-USD 2026-01-29 17:00:00 volume=3.49 < threshold=1000 (source=ALPACA)
2026-01-29 23:05:20,248 | WARNING |   VOLUME SANITY REJECT: ETH-USD 2026-01-29 18:00:00 volume=39.13 < threshold=1000 (source=ALPACA)
2026-01-29 23:05:20,258 | WARNING |   VOLUME SANITY REJECT: ETH-USD 2026-01-29 19:00:00 volume=2.42 < threshold=1000 (source=ALPACA)
2026-01-29 23:05:20,259 | WARNING |   VOLUME SANITY REJECT: ETH-USD 2026-01-29 20:00:00 volume=1.72 < threshold=1000 (source=ALPACA)
2026-01-29 23:05:20,259 | WARNING |   VOLUME SANITY REJECT: ETH-USD 2026-01-29 21:00:00 volume=0.67 < threshold=1000 (source=ALPACA)
2026-01-29 23:05:20,259 | WARNING |   VOLUME SANITY REJECT: ETH-USD 2026-01-29 22:00:00 volume=1.03 < threshold=1000 (source=ALPACA)
2026-01-29 23:05:20,259 | WARNING |   [ETH-USD] ALL 24 rows REJECTED by volume sanity check (source=ALPACA)
2026-01-29 23:05:20,259 | WARNING |   [ETH-USD] 0 rows written despite 24 bars received
2026-01-29 23:05:20,762 | INFO |   [FIL-USD] Stale (22.1h > 6h) - fetching
2026-01-29 23:05:20,880 | WARNING |   [FIL-USD] No data from Alpaca (STALE)
2026-01-29 23:05:21,409 | INFO |   [FLOW-USD] Stale (22.1h > 6h) - fetching
2026-01-29 23:05:21,528 | WARNING |   [FLOW-USD] No data from Alpaca (STALE)
2026-01-29 23:05:22,041 | INFO |   [GRT-USD] Stale (32.1h > 6h) - fetching
2026-01-29 23:05:22,197 | WARNING |   VOLUME SANITY REJECT: GRT-USD 2026-01-28 23:00:00 volume=0.00 < threshold=1000 (source=ALPACA)
2026-01-29 23:05:22,197 | WARNING |   VOLUME SANITY REJECT: GRT-USD 2026-01-29 00:00:00 volume=0.00 < threshold=1000 (source=ALPACA)
2026-01-29 23:05:22,197 | WARNING |   VOLUME SANITY REJECT: GRT-USD 2026-01-29 01:00:00 volume=0.00 < threshold=1000 (source=ALPACA)
2026-01-29 23:05:22,197 | WARNING |   VOLUME SANITY REJECT: GRT-USD 2026-01-29 02:00:00 volume=0.00 < threshold=1000 (source=ALPACA)
2026-01-29 23:05:22,197 | WARNING |   VOLUME SANITY REJECT: GRT-USD 2026-01-29 04:00:00 volume=0.00 < threshold=1000 (source=ALPACA)
2026-01-29 23:05:22,197 | WARNING |   VOLUME SANITY REJECT: GRT-USD 2026-01-29 05:00:00 volume=0.00 < threshold=1000 (source=ALPACA)
2026-01-29 23:05:22,197 | WARNING |   VOLUME SANITY REJECT: GRT-USD 2026-01-29 06:00:00 volume=0.00 < threshold=1000 (source=ALPACA)
2026-01-29 23:05:22,197 | WARNING |   VOLUME SANITY REJECT: GRT-USD 2026-01-29 07:00:00 volume=0.00 < threshold=1000 (source=ALPACA)
2026-01-29 23:05:22,197 | WARNING |   VOLUME SANITY REJECT: GRT-USD 2026-01-29 08:00:00 volume=0.00 < threshold=1000 (source=ALPACA)
2026-01-29 23:05:22,206 | WARNING |   VOLUME SANITY REJECT: GRT-USD 2026-01-29 09:00:00 volume=0.00 < threshold=1000 (source=ALPACA)
2026-01-29 23:05:22,207 | WARNING |   VOLUME SANITY REJECT: GRT-USD 2026-01-29 10:00:00 volume=0.00 < threshold=1000 (source=ALPACA)
2026-01-29 23:05:22,207 | WARNING |   VOLUME SANITY REJECT: GRT-USD 2026-01-29 11:00:00 volume=0.00 < threshold=1000 (source=ALPACA)
2026-01-29 23:05:22,207 | WARNING |   VOLUME SANITY REJECT: GRT-USD 2026-01-29 12:00:00 volume=0.00 < threshold=1000 (source=ALPACA)
2026-01-29 23:05:22,207 | WARNING |   VOLUME SANITY REJECT: GRT-USD 2026-01-29 13:00:00 volume=0.00 < threshold=1000 (source=ALPACA)
2026-01-29 23:05:22,207 | WARNING |   VOLUME SANITY REJECT: GRT-USD 2026-01-29 14:00:00 volume=0.00 < threshold=1000 (source=ALPACA)
2026-01-29 23:05:22,207 | WARNING |   VOLUME SANITY REJECT: GRT-USD 2026-01-29 18:00:00 volume=0.00 < threshold=1000 (source=ALPACA)
2026-01-29 23:05:22,207 | WARNING |   VOLUME SANITY REJECT: GRT-USD 2026-01-29 19:00:00 volume=0.00 < threshold=1000 (source=ALPACA)
2026-01-29 23:05:22,207 | WARNING |   VOLUME SANITY REJECT: GRT-USD 2026-01-29 20:00:00 volume=0.00 < threshold=1000 (source=ALPACA)
2026-01-29 23:05:22,207 | WARNING |   VOLUME SANITY REJECT: GRT-USD 2026-01-29 21:00:00 volume=0.00 < threshold=1000 (source=ALPACA)
2026-01-29 23:05:22,207 | WARNING |   VOLUME SANITY REJECT: GRT-USD 2026-01-29 22:00:00 volume=0.00 < threshold=1000 (source=ALPACA)
2026-01-29 23:05:22,219 | WARNING |   [GRT-USD] 20 rows REJECTED by volume sanity, 4 rows INSERTED (source=ALPACA)
2026-01-29 23:05:22,220 | INFO |   [GRT-USD] +4 rows via ALPACA (latest: 2026-01-29 22:00:00+00:00)
2026-01-29 23:05:22,721 | INFO |   [HBAR-USD] Stale (22.1h > 6h) - fetching
2026-01-29 23:05:22,843 | WARNING |   [HBAR-USD] No data from Alpaca (STALE)
2026-01-29 23:05:23,374 | INFO |   [ICP-USD] Stale (22.1h > 6h) - fetching
2026-01-29 23:05:23,508 | WARNING |   [ICP-USD] No data from Alpaca (STALE)
2026-01-29 23:05:24,016 | INFO |   [INJ-USD] Stale (22.1h > 6h) - fetching
2026-01-29 23:05:24,131 | WARNING |   [INJ-USD] No data from Alpaca (STALE)
2026-01-29 23:05:24,644 | INFO |   [LDO-USD] Stale (22.1h > 6h) - fetching
2026-01-29 23:05:24,766 | WARNING |   [LDO-USD] No data from Alpaca (STALE)
2026-01-29 23:05:25,274 | INFO |   [LINK-USD] Stale (22.1h > 6h) - fetching
2026-01-29 23:05:25,407 | WARNING |   VOLUME SANITY REJECT: LINK-USD 2026-01-28 23:00:00 volume=3.20 < threshold=1000 (source=ALPACA)
2026-01-29 23:05:25,417 | WARNING |   VOLUME SANITY REJECT: LINK-USD 2026-01-29 00:00:00 volume=1.12 < threshold=1000 (source=ALPACA)
2026-01-29 23:05:25,417 | WARNING |   VOLUME SANITY REJECT: LINK-USD 2026-01-29 01:00:00 volume=1.98 < threshold=1000 (source=ALPACA)
2026-01-29 23:05:25,427 | WARNING |   VOLUME SANITY REJECT: LINK-USD 2026-01-29 02:00:00 volume=18.20 < threshold=1000 (source=ALPACA)
2026-01-29 23:05:25,446 | WARNING |   VOLUME SANITY REJECT: LINK-USD 2026-01-29 03:00:00 volume=0.00 < threshold=1000 (source=ALPACA)
2026-01-29 23:05:25,447 | WARNING |   VOLUME SANITY REJECT: LINK-USD 2026-01-29 04:00:00 volume=6.87 < threshold=1000 (source=ALPACA)
2026-01-29 23:05:25,448 | WARNING |   VOLUME SANITY REJECT: LINK-USD 2026-01-29 05:00:00 volume=2.62 < threshold=1000 (source=ALPACA)
2026-01-29 23:05:25,449 | WARNING |   VOLUME SANITY REJECT: LINK-USD 2026-01-29 06:00:00 volume=2.64 < threshold=1000 (source=ALPACA)
2026-01-29 23:05:25,450 | WARNING |   VOLUME SANITY REJECT: LINK-USD 2026-01-29 07:00:00 volume=0.00 < threshold=1000 (source=ALPACA)
2026-01-29 23:05:25,450 | WARNING |   VOLUME SANITY REJECT: LINK-USD 2026-01-29 08:00:00 volume=0.41 < threshold=1000 (source=ALPACA)
2026-01-29 23:05:25,454 | WARNING |   VOLUME SANITY REJECT: LINK-USD 2026-01-29 09:00:00 volume=2.87 < threshold=1000 (source=ALPACA)
2026-01-29 23:05:25,454 | WARNING |   VOLUME SANITY REJECT: LINK-USD 2026-01-29 10:00:00 volume=1.00 < threshold=1000 (source=ALPACA)
2026-01-29 23:05:25,460 | WARNING |   VOLUME SANITY REJECT: LINK-USD 2026-01-29 11:00:00 volume=15.44 < threshold=1000 (source=ALPACA)
2026-01-29 23:05:25,460 | WARNING |   VOLUME SANITY REJECT: LINK-USD 2026-01-29 12:00:00 volume=10.01 < threshold=1000 (source=ALPACA)
2026-01-29 23:05:25,460 | WARNING |   VOLUME SANITY REJECT: LINK-USD 2026-01-29 13:00:00 volume=16.79 < threshold=1000 (source=ALPACA)
2026-01-29 23:05:25,460 | WARNING |   VOLUME SANITY REJECT: LINK-USD 2026-01-29 14:00:00 volume=122.53 < threshold=1000 (source=ALPACA)
2026-01-29 23:05:25,460 | WARNING |   VOLUME SANITY REJECT: LINK-USD 2026-01-29 15:00:00 volume=127.51 < threshold=1000 (source=ALPACA)
2026-01-29 23:05:25,460 | WARNING |   VOLUME SANITY REJECT: LINK-USD 2026-01-29 16:00:00 volume=16.48 < threshold=1000 (source=ALPACA)
2026-01-29 23:05:25,460 | WARNING |   VOLUME SANITY REJECT: LINK-USD 2026-01-29 17:00:00 volume=27.91 < threshold=1000 (source=ALPACA)
2026-01-29 23:05:25,460 | WARNING |   VOLUME SANITY REJECT: LINK-USD 2026-01-29 18:00:00 volume=19.45 < threshold=1000 (source=ALPACA)
2026-01-29 23:05:25,460 | WARNING |   VOLUME SANITY REJECT: LINK-USD 2026-01-29 19:00:00 volume=6.90 < threshold=1000 (source=ALPACA)
2026-01-29 23:05:25,460 | WARNING |   VOLUME SANITY REJECT: LINK-USD 2026-01-29 20:00:00 volume=3.31 < threshold=1000 (source=ALPACA)
2026-01-29 23:05:25,470 | WARNING |   VOLUME SANITY REJECT: LINK-USD 2026-01-29 21:00:00 volume=1.30 < threshold=1000 (source=ALPACA)
2026-01-29 23:05:25,470 | WARNING |   VOLUME SANITY REJECT: LINK-USD 2026-01-29 22:00:00 volume=0.00 < threshold=1000 (source=ALPACA)
2026-01-29 23:05:25,470 | WARNING |   [LINK-USD] ALL 24 rows REJECTED by volume sanity check (source=ALPACA)
2026-01-29 23:05:25,470 | WARNING |   [LINK-USD] 0 rows written despite 24 bars received
2026-01-29 23:05:25,975 | INFO |   [LTC-USD] Stale (22.1h > 6h) - fetching
2026-01-29 23:05:26,115 | WARNING |   VOLUME SANITY REJECT: LTC-USD 2026-01-28 23:00:00 volume=0.00 < threshold=1000 (source=ALPACA)
2026-01-29 23:05:26,115 | WARNING |   VOLUME SANITY REJECT: LTC-USD 2026-01-29 00:00:00 volume=0.00 < threshold=1000 (source=ALPACA)
2026-01-29 23:05:26,118 | WARNING |   VOLUME SANITY REJECT: LTC-USD 2026-01-29 01:00:00 volume=0.00 < threshold=1000 (source=ALPACA)
2026-01-29 23:05:26,118 | WARNING |   VOLUME SANITY REJECT: LTC-USD 2026-01-29 02:00:00 volume=1.26 < threshold=1000 (source=ALPACA)
2026-01-29 23:05:26,118 | WARNING |   VOLUME SANITY REJECT: LTC-USD 2026-01-29 03:00:00 volume=0.30 < threshold=1000 (source=ALPACA)
2026-01-29 23:05:26,118 | WARNING |   VOLUME SANITY REJECT: LTC-USD 2026-01-29 04:00:00 volume=0.15 < threshold=1000 (source=ALPACA)
2026-01-29 23:05:26,118 | WARNING |   VOLUME SANITY REJECT: LTC-USD 2026-01-29 05:00:00 volume=0.00 < threshold=1000 (source=ALPACA)
2026-01-29 23:05:26,118 | WARNING |   VOLUME SANITY REJECT: LTC-USD 2026-01-29 06:00:00 volume=0.00 < threshold=1000 (source=ALPACA)
2026-01-29 23:05:26,118 | WARNING |   VOLUME SANITY REJECT: LTC-USD 2026-01-29 07:00:00 volume=0.00 < threshold=1000 (source=ALPACA)
2026-01-29 23:05:26,118 | WARNING |   VOLUME SANITY REJECT: LTC-USD 2026-01-29 08:00:00 volume=1.57 < threshold=1000 (source=ALPACA)
2026-01-29 23:05:26,118 | WARNING |   VOLUME SANITY REJECT: LTC-USD 2026-01-29 09:00:00 volume=0.00 < threshold=1000 (source=ALPACA)
2026-01-29 23:05:26,118 | WARNING |   VOLUME SANITY REJECT: LTC-USD 2026-01-29 10:00:00 volume=15.00 < threshold=1000 (source=ALPACA)
2026-01-29 23:05:26,118 | WARNING |   VOLUME SANITY REJECT: LTC-USD 2026-01-29 12:00:00 volume=0.00 < threshold=1000 (source=ALPACA)
2026-01-29 23:05:26,118 | WARNING |   VOLUME SANITY REJECT: LTC-USD 2026-01-29 13:00:00 volume=828.45 < threshold=1000 (source=ALPACA)
2026-01-29 23:05:26,118 | WARNING |   VOLUME SANITY REJECT: LTC-USD 2026-01-29 15:00:00 volume=0.08 < threshold=1000 (source=ALPACA)
2026-01-29 23:05:26,128 | WARNING |   VOLUME SANITY REJECT: LTC-USD 2026-01-29 16:00:00 volume=0.00 < threshold=1000 (source=ALPACA)
2026-01-29 23:05:26,128 | WARNING |   VOLUME SANITY REJECT: LTC-USD 2026-01-29 17:00:00 volume=19.85 < threshold=1000 (source=ALPACA)
2026-01-29 23:05:26,128 | WARNING |   VOLUME SANITY REJECT: LTC-USD 2026-01-29 18:00:00 volume=0.74 < threshold=1000 (source=ALPACA)
2026-01-29 23:05:26,128 | WARNING |   VOLUME SANITY REJECT: LTC-USD 2026-01-29 19:00:00 volume=1.22 < threshold=1000 (source=ALPACA)
2026-01-29 23:05:26,128 | WARNING |   VOLUME SANITY REJECT: LTC-USD 2026-01-29 20:00:00 volume=0.85 < threshold=1000 (source=ALPACA)
2026-01-29 23:05:26,128 | WARNING |   VOLUME SANITY REJECT: LTC-USD 2026-01-29 21:00:00 volume=1.85 < threshold=1000 (source=ALPACA)
2026-01-29 23:05:26,128 | WARNING |   VOLUME SANITY REJECT: LTC-USD 2026-01-29 22:00:00 volume=0.00 < threshold=1000 (source=ALPACA)
2026-01-29 23:05:26,128 | WARNING |   [LTC-USD] 22 rows REJECTED by volume sanity, 2 rows INSERTED (source=ALPACA)
2026-01-29 23:05:26,128 | INFO |   [LTC-USD] +2 rows via ALPACA (latest: 2026-01-29 22:00:00+00:00)
2026-01-29 23:05:26,643 | INFO |   [MANA-USD] Stale (22.1h > 6h) - fetching
2026-01-29 23:05:26,785 | WARNING |   [MANA-USD] No data from Alpaca (STALE)
2026-01-29 23:05:27,298 | INFO |   [MKR-USD] Stale (22.1h > 6h) - fetching
2026-01-29 23:05:27,421 | WARNING |   [MKR-USD] No data from Alpaca (STALE)
2026-01-29 23:05:27,924 | INFO |   [NEAR-USD] Stale (22.1h > 6h) - fetching
2026-01-29 23:05:28,045 | WARNING |   [NEAR-USD] No data from Alpaca (STALE)
2026-01-29 23:05:28,547 | INFO |   [OKB-USD] Stale (22.1h > 6h) - fetching
2026-01-29 23:05:28,669 | WARNING |   [OKB-USD] No data from Alpaca (STALE)
2026-01-29 23:05:29,171 | INFO |   [QNT-USD] Stale (22.1h > 6h) - fetching
2026-01-29 23:05:29,304 | WARNING |   [QNT-USD] No data from Alpaca (STALE)
2026-01-29 23:05:29,812 | INFO |   [RPL-USD] Stale (22.1h > 6h) - fetching
2026-01-29 23:05:29,937 | WARNING |   [RPL-USD] No data from Alpaca (STALE)
2026-01-29 23:05:30,607 | INFO |   [RUNE-USD] Stale (22.1h > 6h) - fetching
2026-01-29 23:05:30,775 | WARNING |   [RUNE-USD] No data from Alpaca (STALE)
2026-01-29 23:05:31,285 | INFO |   [SAND-USD] Stale (22.1h > 6h) - fetching
2026-01-29 23:05:31,414 | WARNING |   [SAND-USD] No data from Alpaca (STALE)
2026-01-29 23:05:31,924 | INFO |   [SHIB-USD] Stale (22.1h > 6h) - fetching
2026-01-29 23:05:32,076 | WARNING |   VOLUME SANITY REJECT: SHIB-USD 2026-01-28 23:00:00 volume=0.00 < threshold=1000 (source=ALPACA)
2026-01-29 23:05:32,078 | WARNING |   VOLUME SANITY REJECT: SHIB-USD 2026-01-29 00:00:00 volume=0.00 < threshold=1000 (source=ALPACA)
2026-01-29 23:05:32,079 | WARNING |   VOLUME SANITY REJECT: SHIB-USD 2026-01-29 01:00:00 volume=0.00 < threshold=1000 (source=ALPACA)
2026-01-29 23:05:32,081 | WARNING |   VOLUME SANITY REJECT: SHIB-USD 2026-01-29 02:00:00 volume=0.00 < threshold=1000 (source=ALPACA)
2026-01-29 23:05:32,082 | WARNING |   VOLUME SANITY REJECT: SHIB-USD 2026-01-29 03:00:00 volume=0.00 < threshold=1000 (source=ALPACA)
2026-01-29 23:05:32,083 | WARNING |   VOLUME SANITY REJECT: SHIB-USD 2026-01-29 04:00:00 volume=0.00 < threshold=1000 (source=ALPACA)
2026-01-29 23:05:32,084 | WARNING |   VOLUME SANITY REJECT: SHIB-USD 2026-01-29 05:00:00 volume=0.00 < threshold=1000 (source=ALPACA)
2026-01-29 23:05:32,085 | WARNING |   VOLUME SANITY REJECT: SHIB-USD 2026-01-29 06:00:00 volume=0.00 < threshold=1000 (source=ALPACA)
2026-01-29 23:05:32,086 | WARNING |   VOLUME SANITY REJECT: SHIB-USD 2026-01-29 07:00:00 volume=0.00 < threshold=1000 (source=ALPACA)
2026-01-29 23:05:32,088 | WARNING |   VOLUME SANITY REJECT: SHIB-USD 2026-01-29 10:00:00 volume=0.00 < threshold=1000 (source=ALPACA)
2026-01-29 23:05:32,088 | WARNING |   VOLUME SANITY REJECT: SHIB-USD 2026-01-29 11:00:00 volume=0.00 < threshold=1000 (source=ALPACA)
2026-01-29 23:05:32,088 | WARNING |   VOLUME SANITY REJECT: SHIB-USD 2026-01-29 12:00:00 volume=0.00 < threshold=1000 (source=ALPACA)
2026-01-29 23:05:32,088 | WARNING |   VOLUME SANITY REJECT: SHIB-USD 2026-01-29 13:00:00 volume=0.00 < threshold=1000 (source=ALPACA)
2026-01-29 23:05:32,088 | WARNING |   VOLUME SANITY REJECT: SHIB-USD 2026-01-29 16:00:00 volume=0.00 < threshold=1000 (source=ALPACA)
2026-01-29 23:05:32,104 | WARNING |   VOLUME SANITY REJECT: SHIB-USD 2026-01-29 17:00:00 volume=0.00 < threshold=1000 (source=ALPACA)
2026-01-29 23:05:32,104 | WARNING |   VOLUME SANITY REJECT: SHIB-USD 2026-01-29 21:00:00 volume=0.00 < threshold=1000 (source=ALPACA)
2026-01-29 23:05:32,104 | WARNING |   VOLUME SANITY REJECT: SHIB-USD 2026-01-29 22:00:00 volume=0.00 < threshold=1000 (source=ALPACA)
2026-01-29 23:05:32,115 | WARNING |   [SHIB-USD] 17 rows REJECTED by volume sanity, 7 rows INSERTED (source=ALPACA)
2026-01-29 23:05:32,115 | INFO |   [SHIB-USD] +7 rows via ALPACA (latest: 2026-01-29 22:00:00+00:00)
2026-01-29 23:05:32,623 | INFO |   [SNX-USD] Stale (22.1h > 6h) - fetching
2026-01-29 23:05:32,753 | WARNING |   [SNX-USD] No data from Alpaca (STALE)
2026-01-29 23:05:33,260 | INFO |   [SOL-USD] Stale (22.1h > 6h) - fetching
2026-01-29 23:05:33,398 | WARNING |   VOLUME SANITY REJECT: SOL-USD 2026-01-28 23:00:00 volume=0.25 < threshold=1000 (source=ALPACA)
2026-01-29 23:05:33,398 | WARNING |   VOLUME SANITY REJECT: SOL-USD 2026-01-29 00:00:00 volume=2.10 < threshold=1000 (source=ALPACA)
2026-01-29 23:05:33,398 | WARNING |   VOLUME SANITY REJECT: SOL-USD 2026-01-29 01:00:00 volume=40.74 < threshold=1000 (source=ALPACA)
2026-01-29 23:05:33,398 | WARNING |   VOLUME SANITY REJECT: SOL-USD 2026-01-29 02:00:00 volume=2.11 < threshold=1000 (source=ALPACA)
2026-01-29 23:05:33,398 | WARNING |   VOLUME SANITY REJECT: SOL-USD 2026-01-29 03:00:00 volume=2.57 < threshold=1000 (source=ALPACA)
2026-01-29 23:05:33,398 | WARNING |   VOLUME SANITY REJECT: SOL-USD 2026-01-29 04:00:00 volume=1.53 < threshold=1000 (source=ALPACA)
2026-01-29 23:05:33,398 | WARNING |   VOLUME SANITY REJECT: SOL-USD 2026-01-29 05:00:00 volume=0.41 < threshold=1000 (source=ALPACA)
2026-01-29 23:05:33,398 | WARNING |   VOLUME SANITY REJECT: SOL-USD 2026-01-29 06:00:00 volume=1.20 < threshold=1000 (source=ALPACA)
2026-01-29 23:05:33,398 | WARNING |   VOLUME SANITY REJECT: SOL-USD 2026-01-29 07:00:00 volume=5.16 < threshold=1000 (source=ALPACA)
2026-01-29 23:05:33,398 | WARNING |   VOLUME SANITY REJECT: SOL-USD 2026-01-29 08:00:00 volume=0.75 < threshold=1000 (source=ALPACA)
2026-01-29 23:05:33,398 | WARNING |   VOLUME SANITY REJECT: SOL-USD 2026-01-29 09:00:00 volume=0.27 < threshold=1000 (source=ALPACA)
2026-01-29 23:05:33,408 | WARNING |   VOLUME SANITY REJECT: SOL-USD 2026-01-29 10:00:00 volume=3.14 < threshold=1000 (source=ALPACA)
2026-01-29 23:05:33,408 | WARNING |   VOLUME SANITY REJECT: SOL-USD 2026-01-29 11:00:00 volume=0.10 < threshold=1000 (source=ALPACA)
2026-01-29 23:05:33,408 | WARNING |   VOLUME SANITY REJECT: SOL-USD 2026-01-29 12:00:00 volume=5.11 < threshold=1000 (source=ALPACA)
2026-01-29 23:05:33,408 | WARNING |   VOLUME SANITY REJECT: SOL-USD 2026-01-29 13:00:00 volume=0.56 < threshold=1000 (source=ALPACA)
2026-01-29 23:05:33,408 | WARNING |   VOLUME SANITY REJECT: SOL-USD 2026-01-29 14:00:00 volume=8.50 < threshold=1000 (source=ALPACA)
2026-01-29 23:05:33,408 | WARNING |   VOLUME SANITY REJECT: SOL-USD 2026-01-29 15:00:00 volume=155.24 < threshold=1000 (source=ALPACA)
2026-01-29 23:05:33,408 | WARNING |   VOLUME SANITY REJECT: SOL-USD 2026-01-29 16:00:00 volume=41.40 < threshold=1000 (source=ALPACA)
2026-01-29 23:05:33,408 | WARNING |   VOLUME SANITY REJECT: SOL-USD 2026-01-29 17:00:00 volume=5.25 < threshold=1000 (source=ALPACA)
2026-01-29 23:05:33,408 | WARNING |   VOLUME SANITY REJECT: SOL-USD 2026-01-29 18:00:00 volume=96.57 < threshold=1000 (source=ALPACA)
2026-01-29 23:05:33,408 | WARNING |   VOLUME SANITY REJECT: SOL-USD 2026-01-29 19:00:00 volume=10.92 < threshold=1000 (source=ALPACA)
2026-01-29 23:05:33,408 | WARNING |   VOLUME SANITY REJECT: SOL-USD 2026-01-29 20:00:00 volume=10.33 < threshold=1000 (source=ALPACA)
2026-01-29 23:05:33,408 | WARNING |   VOLUME SANITY REJECT: SOL-USD 2026-01-29 21:00:00 volume=8.77 < threshold=1000 (source=ALPACA)
2026-01-29 23:05:33,408 | WARNING |   VOLUME SANITY REJECT: SOL-USD 2026-01-29 22:00:00 volume=0.00 < threshold=1000 (source=ALPACA)
2026-01-29 23:05:33,408 | WARNING |   [SOL-USD] ALL 24 rows REJECTED by volume sanity check (source=ALPACA)
2026-01-29 23:05:33,408 | WARNING |   [SOL-USD] 0 rows written despite 24 bars received
2026-01-29 23:05:33,918 | INFO |   [THETA-USD] Stale (22.1h > 6h) - fetching
2026-01-29 23:05:34,047 | WARNING |   [THETA-USD] No data from Alpaca (STALE)
2026-01-29 23:05:34,550 | INFO |   [TRX-USD] Stale (22.1h > 6h) - fetching
2026-01-29 23:05:34,678 | WARNING |   [TRX-USD] No data from Alpaca (STALE)
2026-01-29 23:05:35,240 | INFO |   [UNI-USD] Stale (88.1h > 6h) - fetching
2026-01-29 23:05:35,367 | WARNING |   VOLUME SANITY REJECT: UNI-USD 2026-01-28 23:00:00 volume=0.00 < threshold=1000 (source=ALPACA)
2026-01-29 23:05:35,367 | WARNING |   VOLUME SANITY REJECT: UNI-USD 2026-01-29 00:00:00 volume=0.00 < threshold=1000 (source=ALPACA)
2026-01-29 23:05:35,367 | WARNING |   VOLUME SANITY REJECT: UNI-USD 2026-01-29 01:00:00 volume=0.00 < threshold=1000 (source=ALPACA)
2026-01-29 23:05:35,367 | WARNING |   VOLUME SANITY REJECT: UNI-USD 2026-01-29 02:00:00 volume=27.02 < threshold=1000 (source=ALPACA)
2026-01-29 23:05:35,367 | WARNING |   VOLUME SANITY REJECT: UNI-USD 2026-01-29 03:00:00 volume=27.15 < threshold=1000 (source=ALPACA)
2026-01-29 23:05:35,367 | WARNING |   VOLUME SANITY REJECT: UNI-USD 2026-01-29 04:00:00 volume=0.00 < threshold=1000 (source=ALPACA)
2026-01-29 23:05:35,367 | WARNING |   VOLUME SANITY REJECT: UNI-USD 2026-01-29 05:00:00 volume=1.04 < threshold=1000 (source=ALPACA)
2026-01-29 23:05:35,367 | WARNING |   VOLUME SANITY REJECT: UNI-USD 2026-01-29 06:00:00 volume=2.38 < threshold=1000 (source=ALPACA)
2026-01-29 23:05:35,377 | WARNING |   VOLUME SANITY REJECT: UNI-USD 2026-01-29 07:00:00 volume=0.77 < threshold=1000 (source=ALPACA)
2026-01-29 23:05:35,377 | WARNING |   VOLUME SANITY REJECT: UNI-USD 2026-01-29 08:00:00 volume=0.00 < threshold=1000 (source=ALPACA)
2026-01-29 23:05:35,377 | WARNING |   VOLUME SANITY REJECT: UNI-USD 2026-01-29 09:00:00 volume=0.00 < threshold=1000 (source=ALPACA)
2026-01-29 23:05:35,377 | WARNING |   VOLUME SANITY REJECT: UNI-USD 2026-01-29 10:00:00 volume=0.00 < threshold=1000 (source=ALPACA)
2026-01-29 23:05:35,377 | WARNING |   VOLUME SANITY REJECT: UNI-USD 2026-01-29 11:00:00 volume=0.00 < threshold=1000 (source=ALPACA)
2026-01-29 23:05:35,377 | WARNING |   VOLUME SANITY REJECT: UNI-USD 2026-01-29 12:00:00 volume=1.05 < threshold=1000 (source=ALPACA)
2026-01-29 23:05:35,377 | WARNING |   VOLUME SANITY REJECT: UNI-USD 2026-01-29 13:00:00 volume=6.20 < threshold=1000 (source=ALPACA)
2026-01-29 23:05:35,377 | WARNING |   VOLUME SANITY REJECT: UNI-USD 2026-01-29 14:00:00 volume=1.78 < threshold=1000 (source=ALPACA)
2026-01-29 23:05:35,377 | WARNING |   VOLUME SANITY REJECT: UNI-USD 2026-01-29 15:00:00 volume=250.00 < threshold=1000 (source=ALPACA)
2026-01-29 23:05:35,377 | WARNING |   VOLUME SANITY REJECT: UNI-USD 2026-01-29 16:00:00 volume=65.49 < threshold=1000 (source=ALPACA)
2026-01-29 23:05:35,377 | WARNING |   VOLUME SANITY REJECT: UNI-USD 2026-01-29 17:00:00 volume=0.00 < threshold=1000 (source=ALPACA)
2026-01-29 23:05:35,377 | WARNING |   VOLUME SANITY REJECT: UNI-USD 2026-01-29 18:00:00 volume=0.00 < threshold=1000 (source=ALPACA)
2026-01-29 23:05:35,377 | WARNING |   VOLUME SANITY REJECT: UNI-USD 2026-01-29 19:00:00 volume=5.00 < threshold=1000 (source=ALPACA)
2026-01-29 23:05:35,377 | WARNING |   VOLUME SANITY REJECT: UNI-USD 2026-01-29 20:00:00 volume=0.00 < threshold=1000 (source=ALPACA)
2026-01-29 23:05:35,377 | WARNING |   VOLUME SANITY REJECT: UNI-USD 2026-01-29 21:00:00 volume=2.47 < threshold=1000 (source=ALPACA)
2026-01-29 23:05:35,377 | WARNING |   VOLUME SANITY REJECT: UNI-USD 2026-01-29 22:00:00 volume=0.00 < threshold=1000 (source=ALPACA)
2026-01-29 23:05:35,387 | WARNING |   [UNI-USD] ALL 24 rows REJECTED by volume sanity check (source=ALPACA)
2026-01-29 23:05:35,387 | WARNING |   [UNI-USD] 0 rows written despite 24 bars received
2026-01-29 23:05:35,922 | INFO |   [VET-USD] Stale (22.1h > 6h) - fetching
2026-01-29 23:05:36,069 | WARNING |   [VET-USD] No data from Alpaca (STALE)
2026-01-29 23:05:36,580 | INFO |   [XLM-USD] Stale (22.1h > 6h) - fetching
2026-01-29 23:05:36,705 | WARNING |   [XLM-USD] No data from Alpaca (STALE)
2026-01-29 23:05:37,215 | INFO |   [XMR-USD] Stale (22.1h > 6h) - fetching
2026-01-29 23:05:37,354 | WARNING |   [XMR-USD] No data from Alpaca (STALE)
2026-01-29 23:05:37,856 | INFO |   [XRP-USD] Stale (22.1h > 6h) - fetching
2026-01-29 23:05:37,987 | WARNING |   VOLUME SANITY REJECT: XRP-USD 2026-01-28 23:00:00 volume=2.61 < threshold=1000 (source=ALPACA)
2026-01-29 23:05:37,987 | WARNING |   VOLUME SANITY REJECT: XRP-USD 2026-01-29 00:00:00 volume=7.42 < threshold=1000 (source=ALPACA)
2026-01-29 23:05:37,987 | WARNING |   VOLUME SANITY REJECT: XRP-USD 2026-01-29 01:00:00 volume=346.70 < threshold=1000 (source=ALPACA)
2026-01-29 23:05:37,996 | WARNING |   VOLUME SANITY REJECT: XRP-USD 2026-01-29 02:00:00 volume=140.01 < threshold=1000 (source=ALPACA)
2026-01-29 23:05:37,996 | WARNING |   VOLUME SANITY REJECT: XRP-USD 2026-01-29 03:00:00 volume=194.49 < threshold=1000 (source=ALPACA)
2026-01-29 23:05:37,996 | WARNING |   VOLUME SANITY REJECT: XRP-USD 2026-01-29 05:00:00 volume=68.00 < threshold=1000 (source=ALPACA)
2026-01-29 23:05:37,996 | WARNING |   VOLUME SANITY REJECT: XRP-USD 2026-01-29 06:00:00 volume=59.84 < threshold=1000 (source=ALPACA)
2026-01-29 23:05:37,996 | WARNING |   VOLUME SANITY REJECT: XRP-USD 2026-01-29 08:00:00 volume=54.82 < threshold=1000 (source=ALPACA)
2026-01-29 23:05:37,996 | WARNING |   VOLUME SANITY REJECT: XRP-USD 2026-01-29 09:00:00 volume=21.22 < threshold=1000 (source=ALPACA)
2026-01-29 23:05:37,996 | WARNING |   VOLUME SANITY REJECT: XRP-USD 2026-01-29 10:00:00 volume=287.20 < threshold=1000 (source=ALPACA)
2026-01-29 23:05:37,996 | WARNING |   VOLUME SANITY REJECT: XRP-USD 2026-01-29 11:00:00 volume=0.89 < threshold=1000 (source=ALPACA)
2026-01-29 23:05:37,996 | WARNING |   VOLUME SANITY REJECT: XRP-USD 2026-01-29 13:00:00 volume=304.00 < threshold=1000 (source=ALPACA)
2026-01-29 23:05:37,996 | WARNING |   VOLUME SANITY REJECT: XRP-USD 2026-01-29 16:00:00 volume=439.33 < threshold=1000 (source=ALPACA)
2026-01-29 23:05:37,996 | WARNING |   VOLUME SANITY REJECT: XRP-USD 2026-01-29 17:00:00 volume=256.78 < threshold=1000 (source=ALPACA)
2026-01-29 23:05:37,996 | WARNING |   VOLUME SANITY REJECT: XRP-USD 2026-01-29 18:00:00 volume=592.52 < threshold=1000 (source=ALPACA)
2026-01-29 23:05:37,996 | WARNING |   VOLUME SANITY REJECT: XRP-USD 2026-01-29 20:00:00 volume=267.91 < threshold=1000 (source=ALPACA)
2026-01-29 23:05:37,996 | WARNING |   VOLUME SANITY REJECT: XRP-USD 2026-01-29 21:00:00 volume=824.47 < threshold=1000 (source=ALPACA)
2026-01-29 23:05:37,996 | WARNING |   VOLUME SANITY REJECT: XRP-USD 2026-01-29 22:00:00 volume=0.00 < threshold=1000 (source=ALPACA)
2026-01-29 23:05:38,017 | WARNING |   [XRP-USD] 18 rows REJECTED by volume sanity, 6 rows INSERTED (source=ALPACA)
2026-01-29 23:05:38,017 | INFO |   [XRP-USD] +6 rows via ALPACA (latest: 2026-01-29 22:00:00+00:00)
2026-01-29 23:05:38,522 | INFO |   [XTZ-USD] Stale (22.1h > 6h) - fetching
2026-01-29 23:05:38,656 | WARNING |   VOLUME SANITY REJECT: XTZ-USD 2026-01-28 23:00:00 volume=0.00 < threshold=1000 (source=ALPACA)
2026-01-29 23:05:38,656 | WARNING |   VOLUME SANITY REJECT: XTZ-USD 2026-01-29 00:00:00 volume=0.00 < threshold=1000 (source=ALPACA)
2026-01-29 23:05:38,656 | WARNING |   VOLUME SANITY REJECT: XTZ-USD 2026-01-29 01:00:00 volume=12.93 < threshold=1000 (source=ALPACA)
2026-01-29 23:05:38,656 | WARNING |   VOLUME SANITY REJECT: XTZ-USD 2026-01-29 02:00:00 volume=2.58 < threshold=1000 (source=ALPACA)
2026-01-29 23:05:38,656 | WARNING |   VOLUME SANITY REJECT: XTZ-USD 2026-01-29 03:00:00 volume=4.53 < threshold=1000 (source=ALPACA)
2026-01-29 23:05:38,656 | WARNING |   VOLUME SANITY REJECT: XTZ-USD 2026-01-29 04:00:00 volume=0.00 < threshold=1000 (source=ALPACA)
2026-01-29 23:05:38,656 | WARNING |   VOLUME SANITY REJECT: XTZ-USD 2026-01-29 05:00:00 volume=0.00 < threshold=1000 (source=ALPACA)
2026-01-29 23:05:38,656 | WARNING |   VOLUME SANITY REJECT: XTZ-USD 2026-01-29 06:00:00 volume=0.00 < threshold=1000 (source=ALPACA)
2026-01-29 23:05:38,656 | WARNING |   VOLUME SANITY REJECT: XTZ-USD 2026-01-29 07:00:00 volume=0.00 < threshold=1000 (source=ALPACA)
2026-01-29 23:05:38,656 | WARNING |   VOLUME SANITY REJECT: XTZ-USD 2026-01-29 08:00:00 volume=0.00 < threshold=1000 (source=ALPACA)
2026-01-29 23:05:38,656 | WARNING |   VOLUME SANITY REJECT: XTZ-USD 2026-01-29 09:00:00 volume=0.00 < threshold=1000 (source=ALPACA)
2026-01-29 23:05:38,656 | WARNING |   VOLUME SANITY REJECT: XTZ-USD 2026-01-29 10:00:00 volume=0.00 < threshold=1000 (source=ALPACA)
2026-01-29 23:05:38,656 | WARNING |   VOLUME SANITY REJECT: XTZ-USD 2026-01-29 11:00:00 volume=0.00 < threshold=1000 (source=ALPACA)
2026-01-29 23:05:38,656 | WARNING |   VOLUME SANITY REJECT: XTZ-USD 2026-01-29 12:00:00 volume=0.00 < threshold=1000 (source=ALPACA)
2026-01-29 23:05:38,656 | WARNING |   VOLUME SANITY REJECT: XTZ-USD 2026-01-29 13:00:00 volume=0.00 < threshold=1000 (source=ALPACA)
2026-01-29 23:05:38,667 | WARNING |   VOLUME SANITY REJECT: XTZ-USD 2026-01-29 14:00:00 volume=0.00 < threshold=1000 (source=ALPACA)
2026-01-29 23:05:38,667 | WARNING |   VOLUME SANITY REJECT: XTZ-USD 2026-01-29 15:00:00 volume=0.00 < threshold=1000 (source=ALPACA)
2026-01-29 23:05:38,667 | WARNING |   VOLUME SANITY REJECT: XTZ-USD 2026-01-29 16:00:00 volume=0.00 < threshold=1000 (source=ALPACA)
2026-01-29 23:05:38,667 | WARNING |   VOLUME SANITY REJECT: XTZ-USD 2026-01-29 17:00:00 volume=0.00 < threshold=1000 (source=ALPACA)
2026-01-29 23:05:38,667 | WARNING |   VOLUME SANITY REJECT: XTZ-USD 2026-01-29 18:00:00 volume=172.26 < threshold=1000 (source=ALPACA)
2026-01-29 23:05:38,667 | WARNING |   VOLUME SANITY REJECT: XTZ-USD 2026-01-29 19:00:00 volume=0.00 < threshold=1000 (source=ALPACA)
2026-01-29 23:05:38,667 | WARNING |   VOLUME SANITY REJECT: XTZ-USD 2026-01-29 20:00:00 volume=1.11 < threshold=1000 (source=ALPACA)
2026-01-29 23:05:38,667 | WARNING |   VOLUME SANITY REJECT: XTZ-USD 2026-01-29 21:00:00 volume=0.00 < threshold=1000 (source=ALPACA)
2026-01-29 23:05:38,667 | WARNING |   VOLUME SANITY REJECT: XTZ-USD 2026-01-29 22:00:00 volume=0.00 < threshold=1000 (source=ALPACA)
2026-01-29 23:05:38,667 | WARNING |   [XTZ-USD] ALL 24 rows REJECTED by volume sanity check (source=ALPACA)
2026-01-29 23:05:38,667 | WARNING |   [XTZ-USD] 0 rows written despite 24 bars received
2026-01-29 23:05:39,172 | INFO |   [ZEC-USD] Stale (22.1h > 6h) - fetching
2026-01-29 23:05:39,311 | WARNING |   [ZEC-USD] No data from Alpaca (STALE)
2026-01-29 23:05:39,823 | INFO |   [AAVE-USD] Stale (22.1h > 6h) - fetching
2026-01-29 23:05:39,962 | WARNING |   VOLUME SANITY REJECT: AAVE-USD 2026-01-28 23:00:00 volume=0.00 < threshold=1000 (source=ALPACA)
2026-01-29 23:05:39,965 | WARNING |   VOLUME SANITY REJECT: AAVE-USD 2026-01-29 00:00:00 volume=4.96 < threshold=1000 (source=ALPACA)
2026-01-29 23:05:39,965 | WARNING |   VOLUME SANITY REJECT: AAVE-USD 2026-01-29 01:00:00 volume=0.00 < threshold=1000 (source=ALPACA)
2026-01-29 23:05:39,965 | WARNING |   VOLUME SANITY REJECT: AAVE-USD 2026-01-29 02:00:00 volume=0.60 < threshold=1000 (source=ALPACA)
2026-01-29 23:05:39,965 | WARNING |   VOLUME SANITY REJECT: AAVE-USD 2026-01-29 03:00:00 volume=5.21 < threshold=1000 (source=ALPACA)
2026-01-29 23:05:39,965 | WARNING |   VOLUME SANITY REJECT: AAVE-USD 2026-01-29 04:00:00 volume=0.00 < threshold=1000 (source=ALPACA)
2026-01-29 23:05:39,975 | WARNING |   VOLUME SANITY REJECT: AAVE-USD 2026-01-29 05:00:00 volume=0.07 < threshold=1000 (source=ALPACA)
2026-01-29 23:05:39,975 | WARNING |   VOLUME SANITY REJECT: AAVE-USD 2026-01-29 06:00:00 volume=0.04 < threshold=1000 (source=ALPACA)
2026-01-29 23:05:39,975 | WARNING |   VOLUME SANITY REJECT: AAVE-USD 2026-01-29 07:00:00 volume=0.00 < threshold=1000 (source=ALPACA)
2026-01-29 23:05:39,975 | WARNING |   VOLUME SANITY REJECT: AAVE-USD 2026-01-29 08:00:00 volume=0.08 < threshold=1000 (source=ALPACA)
2026-01-29 23:05:39,975 | WARNING |   VOLUME SANITY REJECT: AAVE-USD 2026-01-29 09:00:00 volume=0.02 < threshold=1000 (source=ALPACA)
2026-01-29 23:05:39,986 | WARNING |   VOLUME SANITY REJECT: AAVE-USD 2026-01-29 10:00:00 volume=0.00 < threshold=1000 (source=ALPACA)
2026-01-29 23:05:39,986 | WARNING |   VOLUME SANITY REJECT: AAVE-USD 2026-01-29 11:00:00 volume=0.05 < threshold=1000 (source=ALPACA)
2026-01-29 23:05:39,986 | WARNING |   VOLUME SANITY REJECT: AAVE-USD 2026-01-29 12:00:00 volume=37.66 < threshold=1000 (source=ALPACA)
2026-01-29 23:05:39,986 | WARNING |   VOLUME SANITY REJECT: AAVE-USD 2026-01-29 13:00:00 volume=0.00 < threshold=1000 (source=ALPACA)
2026-01-29 23:05:39,986 | WARNING |   VOLUME SANITY REJECT: AAVE-USD 2026-01-29 14:00:00 volume=0.06 < threshold=1000 (source=ALPACA)
2026-01-29 23:05:39,996 | WARNING |   VOLUME SANITY REJECT: AAVE-USD 2026-01-29 15:00:00 volume=0.80 < threshold=1000 (source=ALPACA)
2026-01-29 23:05:39,996 | WARNING |   VOLUME SANITY REJECT: AAVE-USD 2026-01-29 16:00:00 volume=3.30 < threshold=1000 (source=ALPACA)
2026-01-29 23:05:39,996 | WARNING |   VOLUME SANITY REJECT: AAVE-USD 2026-01-29 17:00:00 volume=0.03 < threshold=1000 (source=ALPACA)
2026-01-29 23:05:39,996 | WARNING |   VOLUME SANITY REJECT: AAVE-USD 2026-01-29 18:00:00 volume=0.64 < threshold=1000 (source=ALPACA)
2026-01-29 23:05:39,996 | WARNING |   VOLUME SANITY REJECT: AAVE-USD 2026-01-29 19:00:00 volume=0.25 < threshold=1000 (source=ALPACA)
2026-01-29 23:05:39,996 | WARNING |   VOLUME SANITY REJECT: AAVE-USD 2026-01-29 20:00:00 volume=0.00 < threshold=1000 (source=ALPACA)
2026-01-29 23:05:40,006 | WARNING |   VOLUME SANITY REJECT: AAVE-USD 2026-01-29 21:00:00 volume=0.00 < threshold=1000 (source=ALPACA)
2026-01-29 23:05:40,006 | WARNING |   VOLUME SANITY REJECT: AAVE-USD 2026-01-29 22:00:00 volume=0.00 < threshold=1000 (source=ALPACA)
2026-01-29 23:05:40,006 | WARNING |   [AAVE-USD] ALL 24 rows REJECTED by volume sanity check (source=ALPACA)
2026-01-29 23:05:40,006 | WARNING |   [AAVE-USD] 0 rows written despite 24 bars received
2026-01-29 23:05:40,633 | INFO | Alpaca: Updated 7 assets, 30 remaining
2026-01-29 23:05:41,068 | INFO | ============================================================
2026-01-29 23:05:41,069 | INFO | ATTEMPTING YAHOO FINANCE INGEST (Fallback Provider)
2026-01-29 23:05:41,069 | INFO | Assets: 30, Using BATCH DOWNLOAD (efficient)
2026-01-29 23:05:41,069 | INFO | ============================================================
2026-01-29 23:05:41,069 | INFO |   Checking Yahoo Finance rate limit status...
2026-01-29 23:05:48,190 | ERROR | 
1 Failed download:
2026-01-29 23:05:48,190 | ERROR | ['AAPL']: YFRateLimitError('Too Many Requests. Rate limited. Try after a while.')
2026-01-29 23:05:48,210 | WARNING |   RATE LIMITED - Yahoo Finance is currently blocking requests
2026-01-29 23:05:48,210 | WARNING |   Skipping Yahoo and marking all assets as failed
2026-01-29 23:05:48,210 | INFO | Yahoo: Updated 0 assets, 30 remaining
2026-01-29 23:05:48,210 | INFO | 
============================================================
2026-01-29 23:05:48,210 | INFO | VERIFICATION: Checking Data Freshness
2026-01-29 23:05:48,210 | INFO | ============================================================
2026-01-29 23:05:49,438 | WARNING | VERIFICATION FAILED: 5 assets are stale
2026-01-29 23:05:49,439 | WARNING |   - BT.A.L: 45 days stale (last: 2025-12-15)
2026-01-29 23:05:49,439 | WARNING |   - 1COV.DE: 37 days stale (last: 2025-12-23)
2026-01-29 23:05:49,439 | WARNING |   - TLT: 20 days stale (last: 2026-01-09)
2026-01-29 23:05:49,439 | WARNING |   - GLD: 19 days stale (last: 2026-01-10)
2026-01-29 23:05:49,439 | WARNING |   - UNI-USD: 3 days stale (last: 2026-01-26)
2026-01-29 23:05:50,363 | CRITICAL | ALERT [CRITICAL]: DATA VERIFICATION FAILED: 5 assets still stale after ingest! Updated: 7, Rows: 31
2026-01-29 23:05:50,367 | WARNING | Governance logging failed: column "action_timestamp" of relation "governance_actions_log" does not exist
LINE 3:                     action_type, action_timestamp, action_by...
                                         ^

2026-01-29 23:05:50,368 | WARNING | ALERT [WARNING]: PARTIAL INGEST: 30 assets could not be updated via any provider
2026-01-29 23:05:50,370 | WARNING | Heartbeat recording failed: relation "fhq_monitoring.system_heartbeats" does not exist
LINE 2:                 INSERT INTO fhq_monitoring.system_heartbeats...
                                    ^

2026-01-29 23:05:50,371 | WARNING | Governance logging failed: current transaction is aborted, commands ignored until end of transaction block

2026-01-29 23:05:50,372 | INFO | 
======================================================================
2026-01-29 23:05:50,372 | INFO | BULLETPROOF INGEST COMPLETE
2026-01-29 23:05:50,372 | INFO | ======================================================================
2026-01-29 23:05:50,372 | INFO | Status: PARTIAL
2026-01-29 23:05:50,372 | INFO | Assets Updated: 7
2026-01-29 23:05:50,372 | INFO | Rows Inserted: 31
2026-01-29 23:05:50,372 | INFO | Providers Used: ALPACA, YAHOO
2026-01-29 23:05:50,372 | INFO | Verification: FAILED (5 stale)
2026-01-29 23:05:50,372 | INFO | Elapsed: 42.2s
2026-01-29 23:05:50,372 | INFO | 
Freshness by Asset Class:
2026-01-29 23:05:50,372 | INFO |   CRYPTO: 45/50 fresh (90.0%)
2026-01-29 23:05:50,382 | INFO |   EQUITY: 419/422 fresh (99.3%)
2026-01-29 23:05:50,382 | INFO |   ETF: 0/2 fresh (0.0%)
2026-01-29 23:05:50,382 | INFO |   FX: 24/25 fresh (96.0%)
2026-01-29 23:05:50,382 | INFO | 
Evidence: C:\fhq-market-system\vision-ios\03_FUNCTIONS\evidence\BULLETPROOF_INGEST_4e06231e_20260129_230550.json
2026-01-29 23:05:50,382 | INFO | ======================================================================
