2025-12-27 02:00:09,205 | INFO | ======================================================================
2025-12-27 02:00:09,205 | INFO | IoS-001 BULLETPROOF DAILY PRICE INGEST
2025-12-27 02:00:09,205 | INFO | ======================================================================
2025-12-27 02:00:09,205 | INFO | CEO Directive: CD-IOS-001-DAILY-INGEST-BULLETPROOF-001
2025-12-27 02:00:09,205 | INFO | Executor: STIG (EC-003)
2025-12-27 02:00:09,205 | INFO | Time: 2025-12-27T01:00:09.205861+00:00
2025-12-27 02:00:09,205 | INFO | Asset Class Filter: CRYPTO
2025-12-27 02:00:09,236 | INFO | Dry Run: False
2025-12-27 02:00:09,237 | INFO | Canonical Source: fhq_market.prices (ONLY)
2025-12-27 02:00:09,237 | INFO | ======================================================================
2025-12-27 02:00:09,327 | INFO | Found 46 canonical assets
2025-12-27 02:00:11,252 | INFO | ============================================================
2025-12-27 02:00:11,252 | INFO | ATTEMPTING ALPACA INGEST (Primary Provider)
2025-12-27 02:00:11,252 | INFO | Assets: 46, Rate limit: 200/min
2025-12-27 02:00:11,252 | INFO | ============================================================
2025-12-27 02:00:15,467 | INFO |   [AVAX-USD] +1 rows via ALPACA
2025-12-27 02:00:16,717 | INFO |   [BCH-USD] +1 rows via ALPACA
2025-12-27 02:00:17,994 | INFO |   [BTC-USD] +1 rows via ALPACA
2025-12-27 02:00:19,879 | INFO |   [CRV-USD] +1 rows via ALPACA
2025-12-27 02:00:20,516 | INFO |   [DOGE-USD] +1 rows via ALPACA
2025-12-27 02:00:21,136 | INFO |   [DOT-USD] +1 rows via ALPACA
2025-12-27 02:00:23,046 | INFO |   [ETH-USD] +1 rows via ALPACA
2025-12-27 02:00:24,925 | INFO |   [GRT-USD] +1 rows via ALPACA
2025-12-27 02:00:28,143 | INFO |   [LINK-USD] +1 rows via ALPACA
2025-12-27 02:00:28,788 | INFO |   [LTC-USD] +1 rows via ALPACA
2025-12-27 02:00:34,443 | INFO |   [SHIB-USD] +1 rows via ALPACA
2025-12-27 02:00:35,712 | INFO |   [SOL-USD] +1 rows via ALPACA
2025-12-27 02:00:37,606 | INFO |   [UNI-USD] +1 rows via ALPACA
2025-12-27 02:00:40,133 | INFO |   [XRP-USD] +1 rows via ALPACA
2025-12-27 02:00:40,766 | INFO |   [XTZ-USD] +1 rows via ALPACA
2025-12-27 02:00:42,041 | INFO |   [AAVE-USD] +1 rows via ALPACA
2025-12-27 02:00:42,551 | INFO | Alpaca: Updated 16 assets, 30 remaining
2025-12-27 02:00:46,266 | INFO | ============================================================
2025-12-27 02:00:46,266 | INFO | ATTEMPTING YAHOO FINANCE INGEST (Fallback Provider)
2025-12-27 02:00:46,266 | INFO | Assets: 30, Using BATCH DOWNLOAD (efficient)
2025-12-27 02:00:46,266 | INFO | ============================================================
2025-12-27 02:00:46,266 | INFO |   Checking Yahoo Finance rate limit status...
2025-12-27 02:00:52,973 | ERROR | 
1 Failed download:
2025-12-27 02:00:52,973 | ERROR | ['AAPL']: YFRateLimitError('Too Many Requests. Rate limited. Try after a while.')
2025-12-27 02:00:53,447 | WARNING |   RATE LIMITED - Yahoo Finance is currently blocking requests
2025-12-27 02:00:53,447 | WARNING |   Skipping Yahoo and marking all assets as failed
2025-12-27 02:00:53,447 | INFO | Yahoo: Updated 0 assets, 30 remaining
2025-12-27 02:00:53,447 | INFO | 
============================================================
2025-12-27 02:00:53,447 | INFO | VERIFICATION: Checking Data Freshness
2025-12-27 02:00:53,454 | INFO | ============================================================
2025-12-27 02:00:54,334 | WARNING | VERIFICATION FAILED: 146 assets are stale
2025-12-27 02:00:54,337 | WARNING |   - BT.A.L: 12 days stale (last: 2025-12-15)
2025-12-27 02:00:54,338 | WARNING |   - ADS.DE: 4 days stale (last: 2025-12-23)
2025-12-27 02:00:54,340 | WARNING |   - RWE.DE: 4 days stale (last: 2025-12-23)
2025-12-27 02:00:54,340 | WARNING |   - AUTO.OL: 4 days stale (last: 2025-12-23)
2025-12-27 02:00:54,342 | WARNING |   - BAKKA.OL: 4 days stale (last: 2025-12-23)
2025-12-27 02:00:54,343 | WARNING |   - BAS.DE: 4 days stale (last: 2025-12-23)
2025-12-27 02:00:54,343 | WARNING |   - BAYN.DE: 4 days stale (last: 2025-12-23)
2025-12-27 02:00:54,343 | WARNING |   - BEI.DE: 4 days stale (last: 2025-12-23)
2025-12-27 02:00:54,343 | WARNING |   - BEWI.OL: 4 days stale (last: 2025-12-23)
2025-12-27 02:00:54,343 | WARNING |   - BMW.DE: 4 days stale (last: 2025-12-23)
2025-12-27 02:00:54,343 | WARNING |   ... and 136 more
2025-12-27 02:00:56,484 | CRITICAL | ALERT [CRITICAL]: DATA VERIFICATION FAILED: 146 assets still stale after ingest! Updated: 16, Rows: 16
2025-12-27 02:00:56,501 | WARNING | Governance logging failed: column "action_timestamp" of relation "governance_actions_log" does not exist
LINE 3:                     action_type, action_timestamp, action_by...
                                         ^

2025-12-27 02:00:56,505 | WARNING | ALERT [WARNING]: PARTIAL INGEST: 30 assets could not be updated via any provider
2025-12-27 02:00:56,516 | WARNING | Heartbeat recording failed: relation "fhq_monitoring.system_heartbeats" does not exist
LINE 2:                 INSERT INTO fhq_monitoring.system_heartbeats...
                                    ^

2025-12-27 02:00:56,522 | WARNING | Governance logging failed: current transaction is aborted, commands ignored until end of transaction block

2025-12-27 02:00:56,647 | INFO | 
======================================================================
2025-12-27 02:00:56,743 | INFO | BULLETPROOF INGEST COMPLETE
2025-12-27 02:00:56,835 | INFO | ======================================================================
2025-12-27 02:00:56,843 | INFO | Status: PARTIAL
2025-12-27 02:00:56,845 | INFO | Assets Updated: 16
2025-12-27 02:00:56,849 | INFO | Rows Inserted: 16
2025-12-27 02:00:56,865 | INFO | Providers Used: ALPACA, YAHOO
2025-12-27 02:00:56,868 | INFO | Verification: FAILED (146 stale)
2025-12-27 02:00:56,869 | INFO | Elapsed: 47.3s
2025-12-27 02:00:56,871 | INFO | 
Freshness by Asset Class:
2025-12-27 02:00:56,871 | INFO |   CRYPTO: 46/50 fresh (92.0%)
2025-12-27 02:00:56,871 | INFO |   EQUITY: 275/422 fresh (65.2%)
2025-12-27 02:00:56,871 | INFO |   FX: 24/25 fresh (96.0%)
2025-12-27 02:00:56,871 | INFO | 
Evidence: C:\fhq-market-system\vision-ios\03_FUNCTIONS\evidence\BULLETPROOF_INGEST_9c83aed7_20251227_020056.json
2025-12-27 02:00:56,871 | INFO | ======================================================================
