2026-02-08 02:05:04,085 | INFO | ======================================================================
2026-02-08 02:05:04,085 | INFO | IoS-001 BULLETPROOF DAILY PRICE INGEST
2026-02-08 02:05:04,085 | INFO | ======================================================================
2026-02-08 02:05:04,085 | INFO | CEO Directive: CD-IOS-001-DAILY-INGEST-BULLETPROOF-001
2026-02-08 02:05:04,085 | INFO | Executor: STIG (EC-003)
2026-02-08 02:05:04,085 | INFO | Time: 2026-02-08T01:05:04.085636+00:00
2026-02-08 02:05:04,085 | INFO | Asset Class Filter: CRYPTO
2026-02-08 02:05:04,105 | INFO | Dry Run: False
2026-02-08 02:05:04,106 | INFO | Canonical Source: fhq_market.prices (ONLY)
2026-02-08 02:05:04,106 | INFO | ======================================================================
2026-02-08 02:05:04,320 | INFO | Found 46 canonical assets
2026-02-08 02:05:05,186 | INFO | ============================================================
2026-02-08 02:05:05,186 | INFO | ATTEMPTING ALPACA INGEST (Primary Provider)
2026-02-08 02:05:05,186 | INFO | Assets: 46, Rate limit: 200/min
2026-02-08 02:05:05,186 | INFO | ============================================================
2026-02-08 02:05:05,206 | INFO |   [GRT-USD] Stale (10.1h > 6h) - fetching
2026-02-08 02:05:06,268 | WARNING |   VOLUME SANITY REJECT: GRT-USD 2026-02-07 02:00:00 volume=0.00 < threshold=1000 (source=ALPACA)
2026-02-08 02:05:06,268 | WARNING |   VOLUME SANITY REJECT: GRT-USD 2026-02-07 03:00:00 volume=0.00 < threshold=1000 (source=ALPACA)
2026-02-08 02:05:06,268 | WARNING |   VOLUME SANITY REJECT: GRT-USD 2026-02-07 04:00:00 volume=0.00 < threshold=1000 (source=ALPACA)
2026-02-08 02:05:06,268 | WARNING |   VOLUME SANITY REJECT: GRT-USD 2026-02-07 05:00:00 volume=40.52 < threshold=1000 (source=ALPACA)
2026-02-08 02:05:06,268 | WARNING |   VOLUME SANITY REJECT: GRT-USD 2026-02-07 06:00:00 volume=0.00 < threshold=1000 (source=ALPACA)
2026-02-08 02:05:06,268 | WARNING |   VOLUME SANITY REJECT: GRT-USD 2026-02-07 07:00:00 volume=0.00 < threshold=1000 (source=ALPACA)
2026-02-08 02:05:06,268 | WARNING |   VOLUME SANITY REJECT: GRT-USD 2026-02-07 08:00:00 volume=0.00 < threshold=1000 (source=ALPACA)
2026-02-08 02:05:06,268 | WARNING |   VOLUME SANITY REJECT: GRT-USD 2026-02-07 09:00:00 volume=34.88 < threshold=1000 (source=ALPACA)
2026-02-08 02:05:06,268 | WARNING |   VOLUME SANITY REJECT: GRT-USD 2026-02-07 11:00:00 volume=0.00 < threshold=1000 (source=ALPACA)
2026-02-08 02:05:06,268 | WARNING |   VOLUME SANITY REJECT: GRT-USD 2026-02-07 12:00:00 volume=0.00 < threshold=1000 (source=ALPACA)
2026-02-08 02:05:06,268 | WARNING |   VOLUME SANITY REJECT: GRT-USD 2026-02-07 13:00:00 volume=0.00 < threshold=1000 (source=ALPACA)
2026-02-08 02:05:06,268 | WARNING |   VOLUME SANITY REJECT: GRT-USD 2026-02-07 14:00:00 volume=0.00 < threshold=1000 (source=ALPACA)
2026-02-08 02:05:06,268 | WARNING |   VOLUME SANITY REJECT: GRT-USD 2026-02-07 16:00:00 volume=0.00 < threshold=1000 (source=ALPACA)
2026-02-08 02:05:06,268 | WARNING |   VOLUME SANITY REJECT: GRT-USD 2026-02-07 17:00:00 volume=0.00 < threshold=1000 (source=ALPACA)
2026-02-08 02:05:06,268 | WARNING |   VOLUME SANITY REJECT: GRT-USD 2026-02-07 18:00:00 volume=0.00 < threshold=1000 (source=ALPACA)
2026-02-08 02:05:06,268 | WARNING |   VOLUME SANITY REJECT: GRT-USD 2026-02-07 19:00:00 volume=0.00 < threshold=1000 (source=ALPACA)
2026-02-08 02:05:06,268 | WARNING |   VOLUME SANITY REJECT: GRT-USD 2026-02-07 20:00:00 volume=274.66 < threshold=1000 (source=ALPACA)
2026-02-08 02:05:06,268 | WARNING |   VOLUME SANITY REJECT: GRT-USD 2026-02-07 21:00:00 volume=0.00 < threshold=1000 (source=ALPACA)
2026-02-08 02:05:06,268 | WARNING |   VOLUME SANITY REJECT: GRT-USD 2026-02-07 22:00:00 volume=0.00 < threshold=1000 (source=ALPACA)
2026-02-08 02:05:06,268 | WARNING |   VOLUME SANITY REJECT: GRT-USD 2026-02-07 23:00:00 volume=0.00 < threshold=1000 (source=ALPACA)
2026-02-08 02:05:06,268 | WARNING |   VOLUME SANITY REJECT: GRT-USD 2026-02-08 00:00:00 volume=0.00 < threshold=1000 (source=ALPACA)
2026-02-08 02:05:06,268 | WARNING |   VOLUME SANITY REJECT: GRT-USD 2026-02-08 01:00:00 volume=0.00 < threshold=1000 (source=ALPACA)
2026-02-08 02:05:06,278 | WARNING |   [GRT-USD] 22 rows REJECTED by volume sanity, 2 rows INSERTED (source=ALPACA)
2026-02-08 02:05:06,278 | INFO |   [GRT-USD] +2 rows via ALPACA (latest: 2026-02-08 01:00:00+00:00)
2026-02-08 02:05:06,803 | INFO | Alpaca: Updated 1 assets, 0 remaining
2026-02-08 02:05:06,803 | INFO | 
============================================================
2026-02-08 02:05:06,803 | INFO | VERIFICATION: Checking Data Freshness
2026-02-08 02:05:06,803 | INFO | ============================================================
2026-02-08 02:05:07,742 | WARNING | VERIFICATION FAILED: 5 assets are stale
2026-02-08 02:05:07,742 | WARNING |   - BT.A.L: 55 days stale (last: 2025-12-15)
2026-02-08 02:05:07,742 | WARNING |   - 1COV.DE: 47 days stale (last: 2025-12-23)
2026-02-08 02:05:07,742 | WARNING |   - TLT: 30 days stale (last: 2026-01-09)
2026-02-08 02:05:07,742 | WARNING |   - GLD: 29 days stale (last: 2026-01-10)
2026-02-08 02:05:07,742 | WARNING |   - OLT.OL: 3 days stale (last: 2026-02-05)
2026-02-08 02:05:08,497 | CRITICAL | ALERT [CRITICAL]: DATA VERIFICATION FAILED: 5 assets still stale after ingest! Updated: 1, Rows: 2
2026-02-08 02:05:08,509 | WARNING | Governance logging failed: column "action_timestamp" of relation "governance_actions_log" does not exist
LINE 3:                     action_type, action_timestamp, action_by...
                                         ^

2026-02-08 02:05:08,515 | WARNING | Heartbeat recording failed: relation "fhq_monitoring.system_heartbeats" does not exist
LINE 2:                 INSERT INTO fhq_monitoring.system_heartbeats...
                                    ^

2026-02-08 02:05:08,520 | WARNING | Governance logging failed: current transaction is aborted, commands ignored until end of transaction block

2026-02-08 02:05:08,522 | INFO | 
======================================================================
2026-02-08 02:05:08,522 | INFO | BULLETPROOF INGEST COMPLETE
2026-02-08 02:05:08,522 | INFO | ======================================================================
2026-02-08 02:05:08,522 | INFO | Status: SUCCESS
2026-02-08 02:05:08,522 | INFO | Assets Updated: 1
2026-02-08 02:05:08,522 | INFO | Rows Inserted: 2
2026-02-08 02:05:08,522 | INFO | Providers Used: ALPACA
2026-02-08 02:05:08,522 | INFO | Verification: FAILED (5 stale)
2026-02-08 02:05:08,522 | INFO | Elapsed: 4.4s
2026-02-08 02:05:08,522 | INFO | 
Freshness by Asset Class:
2026-02-08 02:05:08,530 | INFO |   CRYPTO: 46/50 fresh (92.0%)
2026-02-08 02:05:08,530 | INFO |   EQUITY: 418/422 fresh (99.1%)
2026-02-08 02:05:08,530 | INFO |   ETF: 0/2 fresh (0.0%)
2026-02-08 02:05:08,530 | INFO |   FX: 24/25 fresh (96.0%)
2026-02-08 02:05:08,530 | INFO | 
Evidence: C:\fhq-market-system\vision-ios\03_FUNCTIONS\evidence\BULLETPROOF_INGEST_013bc23e_20260208_020508.json
2026-02-08 02:05:08,530 | INFO | ======================================================================
