2026-01-19 23:10:03,995 | INFO | ======================================================================
2026-01-19 23:10:03,995 | INFO | IoS-001 BULLETPROOF DAILY PRICE INGEST
2026-01-19 23:10:03,995 | INFO | ======================================================================
2026-01-19 23:10:03,995 | INFO | CEO Directive: CD-IOS-001-DAILY-INGEST-BULLETPROOF-001
2026-01-19 23:10:03,995 | INFO | Executor: STIG (EC-003)
2026-01-19 23:10:03,996 | INFO | Time: 2026-01-19T22:10:03.994173+00:00
2026-01-19 23:10:03,996 | INFO | Asset Class Filter: FX
2026-01-19 23:10:03,996 | INFO | Dry Run: False
2026-01-19 23:10:03,996 | INFO | Canonical Source: fhq_market.prices (ONLY)
2026-01-19 23:10:03,996 | INFO | ======================================================================
2026-01-19 23:10:04,067 | INFO | Found 24 canonical assets
2026-01-19 23:10:04,773 | INFO | ============================================================
2026-01-19 23:10:04,773 | INFO | ATTEMPTING ALPACA INGEST (Primary Provider)
2026-01-19 23:10:04,773 | INFO | Assets: 24, Rate limit: 200/min
2026-01-19 23:10:04,783 | INFO | ============================================================
2026-01-19 23:10:04,783 | INFO |   [AUDJPY=X] Stale (22.2h > 18h) - fetching
2026-01-19 23:10:04,793 | INFO |   [AUDUSD=X] Stale (22.2h > 18h) - fetching
2026-01-19 23:10:04,793 | INFO |   [CADJPY=X] Stale (22.2h > 18h) - fetching
2026-01-19 23:10:04,793 | INFO |   [CHFJPY=X] Stale (22.2h > 18h) - fetching
2026-01-19 23:10:04,793 | INFO |   [EURAUD=X] Stale (22.2h > 18h) - fetching
2026-01-19 23:10:04,793 | INFO |   [EURCHF=X] Stale (22.2h > 18h) - fetching
2026-01-19 23:10:04,793 | INFO |   [EURGBP=X] Stale (22.2h > 18h) - fetching
2026-01-19 23:10:04,793 | INFO |   [EURJPY=X] Stale (22.2h > 18h) - fetching
2026-01-19 23:10:04,793 | INFO |   [EURNOK=X] Stale (22.2h > 18h) - fetching
2026-01-19 23:10:04,793 | INFO |   [EURSEK=X] Stale (22.2h > 18h) - fetching
2026-01-19 23:10:04,793 | INFO |   [EURUSD=X] Stale (22.2h > 18h) - fetching
2026-01-19 23:10:04,804 | INFO |   [GBPJPY=X] Stale (22.2h > 18h) - fetching
2026-01-19 23:10:04,804 | INFO |   [GBPUSD=X] Stale (22.2h > 18h) - fetching
2026-01-19 23:10:04,804 | INFO |   [NZDUSD=X] Stale (22.2h > 18h) - fetching
2026-01-19 23:10:04,804 | INFO |   [USDCAD=X] Stale (22.2h > 18h) - fetching
2026-01-19 23:10:04,804 | INFO |   [USDCHF=X] Stale (22.2h > 18h) - fetching
2026-01-19 23:10:04,804 | INFO |   [USDHKD=X] Stale (22.2h > 18h) - fetching
2026-01-19 23:10:04,804 | INFO |   [USDJPY=X] Stale (22.2h > 18h) - fetching
2026-01-19 23:10:04,804 | INFO |   [USDMXN=X] Stale (22.2h > 18h) - fetching
2026-01-19 23:10:04,804 | INFO |   [USDNOK=X] Stale (22.2h > 18h) - fetching
2026-01-19 23:10:04,804 | INFO |   [USDSEK=X] Stale (22.2h > 18h) - fetching
2026-01-19 23:10:04,813 | INFO |   [USDSGD=X] Stale (22.2h > 18h) - fetching
2026-01-19 23:10:04,813 | INFO |   [USDTRY=X] Stale (22.2h > 18h) - fetching
2026-01-19 23:10:04,813 | INFO |   [USDZAR=X] Stale (22.2h > 18h) - fetching
2026-01-19 23:10:04,816 | INFO | Alpaca: Updated 0 assets, 24 remaining
2026-01-19 23:10:05,207 | INFO | ============================================================
2026-01-19 23:10:05,207 | INFO | ATTEMPTING YAHOO FINANCE INGEST (Fallback Provider)
2026-01-19 23:10:05,207 | INFO | Assets: 24, Using BATCH DOWNLOAD (efficient)
2026-01-19 23:10:05,208 | INFO | ============================================================
2026-01-19 23:10:05,208 | INFO |   Checking Yahoo Finance rate limit status...
2026-01-19 23:10:06,556 | INFO |   Rate limit check passed - proceeding with download
2026-01-19 23:10:06,653 | INFO |   Downloading 24 symbols from 2025-12-20 to 2026-01-19
2026-01-19 23:10:06,655 | INFO |   Batch 1/1: 24 symbols
2026-01-19 23:10:09,638 | INFO |   [USDZAR=X] +1 rows via YAHOO
2026-01-19 23:10:09,639 | INFO |   Yahoo ingest complete: 1 updated, 0 failed
2026-01-19 23:10:09,639 | INFO | Yahoo: Updated 1 assets, 0 remaining
2026-01-19 23:10:09,639 | INFO | 
============================================================
2026-01-19 23:10:09,639 | INFO | VERIFICATION: Checking Data Freshness
2026-01-19 23:10:09,640 | INFO | ============================================================
2026-01-19 23:10:10,291 | WARNING | VERIFICATION FAILED: 280 assets are stale
2026-01-19 23:10:10,291 | WARNING |   - BT.A.L: 35 days stale (last: 2025-12-15)
2026-01-19 23:10:10,292 | WARNING |   - 1COV.DE: 27 days stale (last: 2025-12-23)
2026-01-19 23:10:10,292 | WARNING |   - TLT: 10 days stale (last: 2026-01-09)
2026-01-19 23:10:10,292 | WARNING |   - GLD: 9 days stale (last: 2026-01-10)
2026-01-19 23:10:10,292 | WARNING |   - ADBE: 3 days stale (last: 2026-01-16)
2026-01-19 23:10:10,292 | WARNING |   - ADI: 3 days stale (last: 2026-01-16)
2026-01-19 23:10:10,292 | WARNING |   - ADSK: 3 days stale (last: 2026-01-16)
2026-01-19 23:10:10,293 | WARNING |   - AEP: 3 days stale (last: 2026-01-16)
2026-01-19 23:10:10,293 | WARNING |   - AFL: 3 days stale (last: 2026-01-16)
2026-01-19 23:10:10,293 | WARNING |   - AIG: 3 days stale (last: 2026-01-16)
2026-01-19 23:10:10,293 | WARNING |   ... and 270 more
2026-01-19 23:10:10,735 | CRITICAL | ALERT [CRITICAL]: DATA VERIFICATION FAILED: 280 assets still stale after ingest! Updated: 1, Rows: 1
2026-01-19 23:10:10,738 | WARNING | Governance logging failed: column "action_timestamp" of relation "governance_actions_log" does not exist
LINE 3:                     action_type, action_timestamp, action_by...
                                         ^

2026-01-19 23:10:10,740 | WARNING | Heartbeat recording failed: relation "fhq_monitoring.system_heartbeats" does not exist
LINE 2:                 INSERT INTO fhq_monitoring.system_heartbeats...
                                    ^

2026-01-19 23:10:10,741 | WARNING | Governance logging failed: current transaction is aborted, commands ignored until end of transaction block

2026-01-19 23:10:10,743 | INFO | 
======================================================================
2026-01-19 23:10:10,743 | INFO | BULLETPROOF INGEST COMPLETE
2026-01-19 23:10:10,744 | INFO | ======================================================================
2026-01-19 23:10:10,744 | INFO | Status: SUCCESS
2026-01-19 23:10:10,744 | INFO | Assets Updated: 1
2026-01-19 23:10:10,744 | INFO | Rows Inserted: 1
2026-01-19 23:10:10,744 | INFO | Providers Used: ALPACA, YAHOO
2026-01-19 23:10:10,745 | INFO | Verification: FAILED (280 stale)
2026-01-19 23:10:10,745 | INFO | Elapsed: 6.7s
2026-01-19 23:10:10,745 | INFO | 
Freshness by Asset Class:
2026-01-19 23:10:10,745 | INFO |   CRYPTO: 46/50 fresh (92.0%)
2026-01-19 23:10:10,745 | INFO |   EQUITY: 143/422 fresh (33.9%)
2026-01-19 23:10:10,745 | INFO |   ETF: 0/2 fresh (0.0%)
2026-01-19 23:10:10,746 | INFO |   FX: 24/25 fresh (96.0%)
2026-01-19 23:10:10,746 | INFO | 
Evidence: C:\fhq-market-system\vision-ios\03_FUNCTIONS\evidence\BULLETPROOF_INGEST_8da8486e_20260119_231010.json
2026-01-19 23:10:10,746 | INFO | ======================================================================
