2026-02-07 02:05:05,359 | INFO | ======================================================================
2026-02-07 02:05:05,360 | INFO | IoS-001 BULLETPROOF DAILY PRICE INGEST
2026-02-07 02:05:05,360 | INFO | ======================================================================
2026-02-07 02:05:05,360 | INFO | CEO Directive: CD-IOS-001-DAILY-INGEST-BULLETPROOF-001
2026-02-07 02:05:05,361 | INFO | Executor: STIG (EC-003)
2026-02-07 02:05:05,361 | INFO | Time: 2026-02-07T01:05:05.359303+00:00
2026-02-07 02:05:05,361 | INFO | Asset Class Filter: CRYPTO
2026-02-07 02:05:05,362 | INFO | Dry Run: False
2026-02-07 02:05:05,404 | INFO | Canonical Source: fhq_market.prices (ONLY)
2026-02-07 02:05:05,430 | INFO | ======================================================================
2026-02-07 02:05:05,666 | INFO | Found 46 canonical assets
2026-02-07 02:05:06,954 | INFO | ============================================================
2026-02-07 02:05:06,954 | INFO | ATTEMPTING ALPACA INGEST (Primary Provider)
2026-02-07 02:05:06,954 | INFO | Assets: 46, Rate limit: 200/min
2026-02-07 02:05:06,954 | INFO | ============================================================
2026-02-07 02:05:06,979 | INFO |   [ADA-USD] Stale (25.1h > 6h) - fetching
2026-02-07 02:05:08,722 | WARNING |   [ADA-USD] No data from Alpaca (STALE)
2026-02-07 02:05:09,222 | INFO |   [ALGO-USD] Stale (25.1h > 6h) - fetching
2026-02-07 02:05:09,343 | WARNING |   [ALGO-USD] No data from Alpaca (STALE)
2026-02-07 02:05:09,846 | INFO |   [ATOM-USD] Stale (25.1h > 6h) - fetching
2026-02-07 02:05:09,961 | WARNING |   [ATOM-USD] No data from Alpaca (STALE)
2026-02-07 02:05:10,473 | INFO |   [AXS-USD] Stale (25.1h > 6h) - fetching
2026-02-07 02:05:10,595 | WARNING |   [AXS-USD] No data from Alpaca (STALE)
2026-02-07 02:05:11,098 | INFO |   [BCH-USD] Stale (25.1h > 6h) - fetching
2026-02-07 02:05:11,529 | WARNING |   VOLUME SANITY REJECT: BCH-USD 2026-02-06 02:00:00 volume=0.33 < threshold=1000 (source=ALPACA)
2026-02-07 02:05:11,530 | WARNING |   VOLUME SANITY REJECT: BCH-USD 2026-02-06 03:00:00 volume=0.09 < threshold=1000 (source=ALPACA)
2026-02-07 02:05:11,531 | WARNING |   VOLUME SANITY REJECT: BCH-USD 2026-02-06 04:00:00 volume=0.00 < threshold=1000 (source=ALPACA)
2026-02-07 02:05:11,532 | WARNING |   VOLUME SANITY REJECT: BCH-USD 2026-02-06 05:00:00 volume=0.00 < threshold=1000 (source=ALPACA)
2026-02-07 02:05:11,532 | WARNING |   VOLUME SANITY REJECT: BCH-USD 2026-02-06 06:00:00 volume=0.16 < threshold=1000 (source=ALPACA)
2026-02-07 02:05:11,533 | WARNING |   VOLUME SANITY REJECT: BCH-USD 2026-02-06 07:00:00 volume=0.00 < threshold=1000 (source=ALPACA)
2026-02-07 02:05:11,534 | WARNING |   VOLUME SANITY REJECT: BCH-USD 2026-02-06 08:00:00 volume=0.00 < threshold=1000 (source=ALPACA)
2026-02-07 02:05:11,535 | WARNING |   VOLUME SANITY REJECT: BCH-USD 2026-02-06 09:00:00 volume=0.02 < threshold=1000 (source=ALPACA)
2026-02-07 02:05:11,536 | WARNING |   VOLUME SANITY REJECT: BCH-USD 2026-02-06 10:00:00 volume=0.00 < threshold=1000 (source=ALPACA)
2026-02-07 02:05:11,537 | WARNING |   VOLUME SANITY REJECT: BCH-USD 2026-02-06 11:00:00 volume=0.01 < threshold=1000 (source=ALPACA)
2026-02-07 02:05:11,537 | WARNING |   VOLUME SANITY REJECT: BCH-USD 2026-02-06 12:00:00 volume=0.00 < threshold=1000 (source=ALPACA)
2026-02-07 02:05:11,538 | WARNING |   VOLUME SANITY REJECT: BCH-USD 2026-02-06 13:00:00 volume=0.32 < threshold=1000 (source=ALPACA)
2026-02-07 02:05:11,539 | WARNING |   VOLUME SANITY REJECT: BCH-USD 2026-02-06 14:00:00 volume=1.15 < threshold=1000 (source=ALPACA)
2026-02-07 02:05:11,539 | WARNING |   VOLUME SANITY REJECT: BCH-USD 2026-02-06 15:00:00 volume=0.01 < threshold=1000 (source=ALPACA)
2026-02-07 02:05:11,541 | WARNING |   VOLUME SANITY REJECT: BCH-USD 2026-02-06 16:00:00 volume=0.02 < threshold=1000 (source=ALPACA)
2026-02-07 02:05:11,541 | WARNING |   VOLUME SANITY REJECT: BCH-USD 2026-02-06 17:00:00 volume=0.00 < threshold=1000 (source=ALPACA)
2026-02-07 02:05:11,541 | WARNING |   VOLUME SANITY REJECT: BCH-USD 2026-02-06 18:00:00 volume=0.00 < threshold=1000 (source=ALPACA)
2026-02-07 02:05:11,541 | WARNING |   VOLUME SANITY REJECT: BCH-USD 2026-02-06 19:00:00 volume=0.03 < threshold=1000 (source=ALPACA)
2026-02-07 02:05:11,541 | WARNING |   VOLUME SANITY REJECT: BCH-USD 2026-02-06 20:00:00 volume=0.00 < threshold=1000 (source=ALPACA)
2026-02-07 02:05:11,541 | WARNING |   VOLUME SANITY REJECT: BCH-USD 2026-02-06 21:00:00 volume=0.00 < threshold=1000 (source=ALPACA)
2026-02-07 02:05:11,541 | WARNING |   VOLUME SANITY REJECT: BCH-USD 2026-02-06 22:00:00 volume=0.00 < threshold=1000 (source=ALPACA)
2026-02-07 02:05:11,547 | WARNING |   VOLUME SANITY REJECT: BCH-USD 2026-02-06 23:00:00 volume=0.17 < threshold=1000 (source=ALPACA)
2026-02-07 02:05:11,548 | WARNING |   VOLUME SANITY REJECT: BCH-USD 2026-02-07 00:00:00 volume=0.01 < threshold=1000 (source=ALPACA)
2026-02-07 02:05:11,549 | WARNING |   VOLUME SANITY REJECT: BCH-USD 2026-02-07 01:00:00 volume=0.00 < threshold=1000 (source=ALPACA)
2026-02-07 02:05:11,549 | WARNING |   [BCH-USD] ALL 24 rows REJECTED by volume sanity check (source=ALPACA)
2026-02-07 02:05:11,549 | WARNING |   [BCH-USD] 0 rows written despite 24 bars received
2026-02-07 02:05:12,053 | INFO |   [BNB-USD] Stale (25.1h > 6h) - fetching
2026-02-07 02:05:12,178 | WARNING |   [BNB-USD] No data from Alpaca (STALE)
2026-02-07 02:05:12,680 | INFO |   [BTC-USD] Stale (25.1h > 6h) - fetching
2026-02-07 02:05:12,809 | WARNING |   VOLUME SANITY REJECT: BTC-USD 2026-02-06 02:00:00 volume=0.11 < threshold=1000 (source=ALPACA)
2026-02-07 02:05:12,809 | WARNING |   VOLUME SANITY REJECT: BTC-USD 2026-02-06 03:00:00 volume=0.24 < threshold=1000 (source=ALPACA)
2026-02-07 02:05:12,809 | WARNING |   VOLUME SANITY REJECT: BTC-USD 2026-02-06 04:00:00 volume=0.35 < threshold=1000 (source=ALPACA)
2026-02-07 02:05:12,809 | WARNING |   VOLUME SANITY REJECT: BTC-USD 2026-02-06 05:00:00 volume=0.19 < threshold=1000 (source=ALPACA)
2026-02-07 02:05:12,809 | WARNING |   VOLUME SANITY REJECT: BTC-USD 2026-02-06 06:00:00 volume=0.09 < threshold=1000 (source=ALPACA)
2026-02-07 02:05:12,809 | WARNING |   VOLUME SANITY REJECT: BTC-USD 2026-02-06 07:00:00 volume=1.27 < threshold=1000 (source=ALPACA)
2026-02-07 02:05:12,809 | WARNING |   VOLUME SANITY REJECT: BTC-USD 2026-02-06 08:00:00 volume=0.11 < threshold=1000 (source=ALPACA)
2026-02-07 02:05:12,809 | WARNING |   VOLUME SANITY REJECT: BTC-USD 2026-02-06 09:00:00 volume=0.85 < threshold=1000 (source=ALPACA)
2026-02-07 02:05:12,820 | WARNING |   VOLUME SANITY REJECT: BTC-USD 2026-02-06 10:00:00 volume=0.78 < threshold=1000 (source=ALPACA)
2026-02-07 02:05:12,820 | WARNING |   VOLUME SANITY REJECT: BTC-USD 2026-02-06 11:00:00 volume=0.20 < threshold=1000 (source=ALPACA)
2026-02-07 02:05:12,820 | WARNING |   VOLUME SANITY REJECT: BTC-USD 2026-02-06 12:00:00 volume=0.46 < threshold=1000 (source=ALPACA)
2026-02-07 02:05:12,820 | WARNING |   VOLUME SANITY REJECT: BTC-USD 2026-02-06 13:00:00 volume=0.71 < threshold=1000 (source=ALPACA)
2026-02-07 02:05:12,820 | WARNING |   VOLUME SANITY REJECT: BTC-USD 2026-02-06 14:00:00 volume=0.72 < threshold=1000 (source=ALPACA)
2026-02-07 02:05:12,820 | WARNING |   VOLUME SANITY REJECT: BTC-USD 2026-02-06 15:00:00 volume=2.07 < threshold=1000 (source=ALPACA)
2026-02-07 02:05:12,820 | WARNING |   VOLUME SANITY REJECT: BTC-USD 2026-02-06 16:00:00 volume=1.57 < threshold=1000 (source=ALPACA)
2026-02-07 02:05:12,820 | WARNING |   VOLUME SANITY REJECT: BTC-USD 2026-02-06 17:00:00 volume=0.82 < threshold=1000 (source=ALPACA)
2026-02-07 02:05:12,820 | WARNING |   VOLUME SANITY REJECT: BTC-USD 2026-02-06 18:00:00 volume=1.74 < threshold=1000 (source=ALPACA)
2026-02-07 02:05:12,820 | WARNING |   VOLUME SANITY REJECT: BTC-USD 2026-02-06 19:00:00 volume=0.42 < threshold=1000 (source=ALPACA)
2026-02-07 02:05:12,820 | WARNING |   VOLUME SANITY REJECT: BTC-USD 2026-02-06 20:00:00 volume=0.52 < threshold=1000 (source=ALPACA)
2026-02-07 02:05:12,820 | WARNING |   VOLUME SANITY REJECT: BTC-USD 2026-02-06 21:00:00 volume=1.08 < threshold=1000 (source=ALPACA)
2026-02-07 02:05:12,820 | WARNING |   VOLUME SANITY REJECT: BTC-USD 2026-02-06 22:00:00 volume=0.16 < threshold=1000 (source=ALPACA)
2026-02-07 02:05:12,830 | WARNING |   VOLUME SANITY REJECT: BTC-USD 2026-02-06 23:00:00 volume=0.09 < threshold=1000 (source=ALPACA)
2026-02-07 02:05:12,830 | WARNING |   VOLUME SANITY REJECT: BTC-USD 2026-02-07 00:00:00 volume=0.41 < threshold=1000 (source=ALPACA)
2026-02-07 02:05:12,830 | WARNING |   VOLUME SANITY REJECT: BTC-USD 2026-02-07 01:00:00 volume=0.00 < threshold=1000 (source=ALPACA)
2026-02-07 02:05:12,830 | WARNING |   [BTC-USD] ALL 24 rows REJECTED by volume sanity check (source=ALPACA)
2026-02-07 02:05:12,830 | WARNING |   [BTC-USD] 0 rows written despite 24 bars received
2026-02-07 02:05:13,334 | INFO |   [CHZ-USD] Stale (25.1h > 6h) - fetching
2026-02-07 02:05:13,459 | WARNING |   [CHZ-USD] No data from Alpaca (STALE)
2026-02-07 02:05:13,961 | INFO |   [CRO-USD] Stale (25.1h > 6h) - fetching
2026-02-07 02:05:14,084 | WARNING |   [CRO-USD] No data from Alpaca (STALE)
2026-02-07 02:05:14,587 | INFO |   [CRV-USD] Stale (9.1h > 6h) - fetching
2026-02-07 02:05:14,710 | WARNING |   VOLUME SANITY REJECT: CRV-USD 2026-02-06 02:00:00 volume=0.00 < threshold=1000 (source=ALPACA)
2026-02-07 02:05:14,710 | WARNING |   VOLUME SANITY REJECT: CRV-USD 2026-02-06 03:00:00 volume=0.00 < threshold=1000 (source=ALPACA)
2026-02-07 02:05:14,710 | WARNING |   VOLUME SANITY REJECT: CRV-USD 2026-02-06 04:00:00 volume=0.00 < threshold=1000 (source=ALPACA)
2026-02-07 02:05:14,710 | WARNING |   VOLUME SANITY REJECT: CRV-USD 2026-02-06 05:00:00 volume=0.00 < threshold=1000 (source=ALPACA)
2026-02-07 02:05:14,718 | WARNING |   VOLUME SANITY REJECT: CRV-USD 2026-02-06 06:00:00 volume=59.67 < threshold=1000 (source=ALPACA)
2026-02-07 02:05:14,718 | WARNING |   VOLUME SANITY REJECT: CRV-USD 2026-02-06 07:00:00 volume=0.00 < threshold=1000 (source=ALPACA)
2026-02-07 02:05:14,718 | WARNING |   VOLUME SANITY REJECT: CRV-USD 2026-02-06 08:00:00 volume=0.00 < threshold=1000 (source=ALPACA)
2026-02-07 02:05:14,720 | WARNING |   VOLUME SANITY REJECT: CRV-USD 2026-02-06 09:00:00 volume=0.00 < threshold=1000 (source=ALPACA)
2026-02-07 02:05:14,720 | WARNING |   VOLUME SANITY REJECT: CRV-USD 2026-02-06 10:00:00 volume=0.00 < threshold=1000 (source=ALPACA)
2026-02-07 02:05:14,720 | WARNING |   VOLUME SANITY REJECT: CRV-USD 2026-02-06 11:00:00 volume=0.00 < threshold=1000 (source=ALPACA)
2026-02-07 02:05:14,720 | WARNING |   VOLUME SANITY REJECT: CRV-USD 2026-02-06 12:00:00 volume=0.00 < threshold=1000 (source=ALPACA)
2026-02-07 02:05:14,720 | WARNING |   VOLUME SANITY REJECT: CRV-USD 2026-02-06 14:00:00 volume=175.52 < threshold=1000 (source=ALPACA)
2026-02-07 02:05:14,720 | WARNING |   VOLUME SANITY REJECT: CRV-USD 2026-02-06 15:00:00 volume=0.00 < threshold=1000 (source=ALPACA)
2026-02-07 02:05:14,720 | WARNING |   VOLUME SANITY REJECT: CRV-USD 2026-02-06 17:00:00 volume=260.84 < threshold=1000 (source=ALPACA)
2026-02-07 02:05:14,720 | WARNING |   VOLUME SANITY REJECT: CRV-USD 2026-02-06 18:00:00 volume=0.00 < threshold=1000 (source=ALPACA)
2026-02-07 02:05:14,720 | WARNING |   VOLUME SANITY REJECT: CRV-USD 2026-02-06 19:00:00 volume=0.00 < threshold=1000 (source=ALPACA)
2026-02-07 02:05:14,720 | WARNING |   VOLUME SANITY REJECT: CRV-USD 2026-02-06 20:00:00 volume=0.00 < threshold=1000 (source=ALPACA)
2026-02-07 02:05:14,720 | WARNING |   VOLUME SANITY REJECT: CRV-USD 2026-02-06 21:00:00 volume=0.00 < threshold=1000 (source=ALPACA)
2026-02-07 02:05:14,720 | WARNING |   VOLUME SANITY REJECT: CRV-USD 2026-02-06 22:00:00 volume=0.00 < threshold=1000 (source=ALPACA)
2026-02-07 02:05:14,720 | WARNING |   VOLUME SANITY REJECT: CRV-USD 2026-02-06 23:00:00 volume=0.00 < threshold=1000 (source=ALPACA)
2026-02-07 02:05:14,720 | WARNING |   VOLUME SANITY REJECT: CRV-USD 2026-02-07 00:00:00 volume=0.00 < threshold=1000 (source=ALPACA)
2026-02-07 02:05:14,720 | WARNING |   VOLUME SANITY REJECT: CRV-USD 2026-02-07 01:00:00 volume=0.00 < threshold=1000 (source=ALPACA)
2026-02-07 02:05:14,734 | WARNING |   [CRV-USD] 22 rows REJECTED by volume sanity, 2 rows INSERTED (source=ALPACA)
2026-02-07 02:05:14,735 | INFO |   [CRV-USD] +2 rows via ALPACA (latest: 2026-02-07 01:00:00+00:00)
2026-02-07 02:05:15,240 | INFO |   [DOT-USD] Stale (25.1h > 6h) - fetching
2026-02-07 02:05:15,375 | WARNING |   VOLUME SANITY REJECT: DOT-USD 2026-02-06 02:00:00 volume=9.09 < threshold=1000 (source=ALPACA)
2026-02-07 02:05:15,376 | WARNING |   VOLUME SANITY REJECT: DOT-USD 2026-02-06 03:00:00 volume=27.77 < threshold=1000 (source=ALPACA)
2026-02-07 02:05:15,376 | WARNING |   VOLUME SANITY REJECT: DOT-USD 2026-02-06 04:00:00 volume=0.00 < threshold=1000 (source=ALPACA)
2026-02-07 02:05:15,377 | WARNING |   VOLUME SANITY REJECT: DOT-USD 2026-02-06 05:00:00 volume=36.43 < threshold=1000 (source=ALPACA)
2026-02-07 02:05:15,377 | WARNING |   VOLUME SANITY REJECT: DOT-USD 2026-02-06 06:00:00 volume=100.00 < threshold=1000 (source=ALPACA)
2026-02-07 02:05:15,378 | WARNING |   VOLUME SANITY REJECT: DOT-USD 2026-02-06 07:00:00 volume=0.00 < threshold=1000 (source=ALPACA)
2026-02-07 02:05:15,378 | WARNING |   VOLUME SANITY REJECT: DOT-USD 2026-02-06 08:00:00 volume=0.00 < threshold=1000 (source=ALPACA)
2026-02-07 02:05:15,379 | WARNING |   VOLUME SANITY REJECT: DOT-USD 2026-02-06 09:00:00 volume=10.00 < threshold=1000 (source=ALPACA)
2026-02-07 02:05:15,379 | WARNING |   VOLUME SANITY REJECT: DOT-USD 2026-02-06 10:00:00 volume=12.51 < threshold=1000 (source=ALPACA)
2026-02-07 02:05:15,379 | WARNING |   VOLUME SANITY REJECT: DOT-USD 2026-02-06 11:00:00 volume=0.00 < threshold=1000 (source=ALPACA)
2026-02-07 02:05:15,380 | WARNING |   VOLUME SANITY REJECT: DOT-USD 2026-02-06 12:00:00 volume=0.00 < threshold=1000 (source=ALPACA)
2026-02-07 02:05:15,380 | WARNING |   VOLUME SANITY REJECT: DOT-USD 2026-02-06 13:00:00 volume=134.68 < threshold=1000 (source=ALPACA)
2026-02-07 02:05:15,381 | WARNING |   VOLUME SANITY REJECT: DOT-USD 2026-02-06 14:00:00 volume=596.42 < threshold=1000 (source=ALPACA)
2026-02-07 02:05:15,381 | WARNING |   VOLUME SANITY REJECT: DOT-USD 2026-02-06 15:00:00 volume=88.59 < threshold=1000 (source=ALPACA)
2026-02-07 02:05:15,382 | WARNING |   VOLUME SANITY REJECT: DOT-USD 2026-02-06 16:00:00 volume=0.00 < threshold=1000 (source=ALPACA)
2026-02-07 02:05:15,382 | WARNING |   VOLUME SANITY REJECT: DOT-USD 2026-02-06 17:00:00 volume=28.06 < threshold=1000 (source=ALPACA)
2026-02-07 02:05:15,382 | WARNING |   VOLUME SANITY REJECT: DOT-USD 2026-02-06 18:00:00 volume=80.81 < threshold=1000 (source=ALPACA)
2026-02-07 02:05:15,382 | WARNING |   VOLUME SANITY REJECT: DOT-USD 2026-02-06 19:00:00 volume=7.69 < threshold=1000 (source=ALPACA)
2026-02-07 02:05:15,382 | WARNING |   VOLUME SANITY REJECT: DOT-USD 2026-02-06 20:00:00 volume=1.28 < threshold=1000 (source=ALPACA)
2026-02-07 02:05:15,382 | WARNING |   VOLUME SANITY REJECT: DOT-USD 2026-02-06 21:00:00 volume=0.00 < threshold=1000 (source=ALPACA)
2026-02-07 02:05:15,382 | WARNING |   VOLUME SANITY REJECT: DOT-USD 2026-02-06 22:00:00 volume=0.00 < threshold=1000 (source=ALPACA)
2026-02-07 02:05:15,382 | WARNING |   VOLUME SANITY REJECT: DOT-USD 2026-02-06 23:00:00 volume=10.00 < threshold=1000 (source=ALPACA)
2026-02-07 02:05:15,386 | WARNING |   VOLUME SANITY REJECT: DOT-USD 2026-02-07 00:00:00 volume=7.00 < threshold=1000 (source=ALPACA)
2026-02-07 02:05:15,387 | WARNING |   VOLUME SANITY REJECT: DOT-USD 2026-02-07 01:00:00 volume=0.00 < threshold=1000 (source=ALPACA)
2026-02-07 02:05:15,387 | WARNING |   [DOT-USD] ALL 24 rows REJECTED by volume sanity check (source=ALPACA)
2026-02-07 02:05:15,387 | WARNING |   [DOT-USD] 0 rows written despite 24 bars received
2026-02-07 02:05:15,890 | INFO |   [EOS-USD] Stale (25.1h > 6h) - fetching
2026-02-07 02:05:16,011 | WARNING |   [EOS-USD] No data from Alpaca (STALE)
2026-02-07 02:05:16,513 | INFO |   [ETC-USD] Stale (25.1h > 6h) - fetching
2026-02-07 02:05:16,628 | WARNING |   [ETC-USD] No data from Alpaca (STALE)
2026-02-07 02:05:17,141 | INFO |   [ETH-USD] Stale (25.1h > 6h) - fetching
2026-02-07 02:05:17,288 | WARNING |   VOLUME SANITY REJECT: ETH-USD 2026-02-06 02:00:00 volume=0.20 < threshold=1000 (source=ALPACA)
2026-02-07 02:05:17,288 | WARNING |   VOLUME SANITY REJECT: ETH-USD 2026-02-06 03:00:00 volume=0.36 < threshold=1000 (source=ALPACA)
2026-02-07 02:05:17,288 | WARNING |   VOLUME SANITY REJECT: ETH-USD 2026-02-06 04:00:00 volume=5.57 < threshold=1000 (source=ALPACA)
2026-02-07 02:05:17,295 | WARNING |   VOLUME SANITY REJECT: ETH-USD 2026-02-06 05:00:00 volume=1.21 < threshold=1000 (source=ALPACA)
2026-02-07 02:05:17,295 | WARNING |   VOLUME SANITY REJECT: ETH-USD 2026-02-06 06:00:00 volume=2.06 < threshold=1000 (source=ALPACA)
2026-02-07 02:05:17,295 | WARNING |   VOLUME SANITY REJECT: ETH-USD 2026-02-06 07:00:00 volume=1.48 < threshold=1000 (source=ALPACA)
2026-02-07 02:05:17,295 | WARNING |   VOLUME SANITY REJECT: ETH-USD 2026-02-06 08:00:00 volume=0.87 < threshold=1000 (source=ALPACA)
2026-02-07 02:05:17,295 | WARNING |   VOLUME SANITY REJECT: ETH-USD 2026-02-06 09:00:00 volume=7.85 < threshold=1000 (source=ALPACA)
2026-02-07 02:05:17,295 | WARNING |   VOLUME SANITY REJECT: ETH-USD 2026-02-06 10:00:00 volume=7.83 < threshold=1000 (source=ALPACA)
2026-02-07 02:05:17,295 | WARNING |   VOLUME SANITY REJECT: ETH-USD 2026-02-06 11:00:00 volume=2.85 < threshold=1000 (source=ALPACA)
2026-02-07 02:05:17,295 | WARNING |   VOLUME SANITY REJECT: ETH-USD 2026-02-06 12:00:00 volume=2.55 < threshold=1000 (source=ALPACA)
2026-02-07 02:05:17,301 | WARNING |   VOLUME SANITY REJECT: ETH-USD 2026-02-06 13:00:00 volume=1.99 < threshold=1000 (source=ALPACA)
2026-02-07 02:05:17,302 | WARNING |   VOLUME SANITY REJECT: ETH-USD 2026-02-06 14:00:00 volume=7.97 < threshold=1000 (source=ALPACA)
2026-02-07 02:05:17,302 | WARNING |   VOLUME SANITY REJECT: ETH-USD 2026-02-06 15:00:00 volume=10.00 < threshold=1000 (source=ALPACA)
2026-02-07 02:05:17,302 | WARNING |   VOLUME SANITY REJECT: ETH-USD 2026-02-06 16:00:00 volume=8.82 < threshold=1000 (source=ALPACA)
2026-02-07 02:05:17,302 | WARNING |   VOLUME SANITY REJECT: ETH-USD 2026-02-06 17:00:00 volume=7.90 < threshold=1000 (source=ALPACA)
2026-02-07 02:05:17,306 | WARNING |   VOLUME SANITY REJECT: ETH-USD 2026-02-06 18:00:00 volume=11.36 < threshold=1000 (source=ALPACA)
2026-02-07 02:05:17,306 | WARNING |   VOLUME SANITY REJECT: ETH-USD 2026-02-06 19:00:00 volume=6.89 < threshold=1000 (source=ALPACA)
2026-02-07 02:05:17,306 | WARNING |   VOLUME SANITY REJECT: ETH-USD 2026-02-06 20:00:00 volume=0.18 < threshold=1000 (source=ALPACA)
2026-02-07 02:05:17,306 | WARNING |   VOLUME SANITY REJECT: ETH-USD 2026-02-06 21:00:00 volume=24.79 < threshold=1000 (source=ALPACA)
2026-02-07 02:05:17,306 | WARNING |   VOLUME SANITY REJECT: ETH-USD 2026-02-06 22:00:00 volume=2.71 < threshold=1000 (source=ALPACA)
2026-02-07 02:05:17,316 | WARNING |   VOLUME SANITY REJECT: ETH-USD 2026-02-06 23:00:00 volume=0.25 < threshold=1000 (source=ALPACA)
2026-02-07 02:05:17,316 | WARNING |   VOLUME SANITY REJECT: ETH-USD 2026-02-07 00:00:00 volume=0.26 < threshold=1000 (source=ALPACA)
2026-02-07 02:05:17,316 | WARNING |   VOLUME SANITY REJECT: ETH-USD 2026-02-07 01:00:00 volume=0.00 < threshold=1000 (source=ALPACA)
2026-02-07 02:05:17,316 | WARNING |   [ETH-USD] ALL 24 rows REJECTED by volume sanity check (source=ALPACA)
2026-02-07 02:05:17,316 | WARNING |   [ETH-USD] 0 rows written despite 24 bars received
2026-02-07 02:05:17,820 | INFO |   [FIL-USD] Stale (25.1h > 6h) - fetching
2026-02-07 02:05:17,943 | WARNING |   [FIL-USD] No data from Alpaca (STALE)
2026-02-07 02:05:18,446 | INFO |   [FLOW-USD] Stale (25.1h > 6h) - fetching
2026-02-07 02:05:18,591 | WARNING |   [FLOW-USD] No data from Alpaca (STALE)
2026-02-07 02:05:19,104 | INFO |   [HBAR-USD] Stale (25.1h > 6h) - fetching
2026-02-07 02:05:19,219 | WARNING |   [HBAR-USD] No data from Alpaca (STALE)
2026-02-07 02:05:19,730 | INFO |   [ICP-USD] Stale (25.1h > 6h) - fetching
2026-02-07 02:05:19,850 | WARNING |   [ICP-USD] No data from Alpaca (STALE)
2026-02-07 02:05:20,354 | INFO |   [INJ-USD] Stale (25.1h > 6h) - fetching
2026-02-07 02:05:20,471 | WARNING |   [INJ-USD] No data from Alpaca (STALE)
2026-02-07 02:05:20,977 | INFO |   [LDO-USD] Stale (25.1h > 6h) - fetching
2026-02-07 02:05:21,118 | WARNING |   [LDO-USD] No data from Alpaca (STALE)
2026-02-07 02:05:21,624 | INFO |   [LINK-USD] Stale (16.1h > 6h) - fetching
2026-02-07 02:05:21,753 | WARNING |   VOLUME SANITY REJECT: LINK-USD 2026-02-06 02:00:00 volume=19.13 < threshold=1000 (source=ALPACA)
2026-02-07 02:05:21,753 | WARNING |   VOLUME SANITY REJECT: LINK-USD 2026-02-06 03:00:00 volume=6.22 < threshold=1000 (source=ALPACA)
2026-02-07 02:05:21,754 | WARNING |   VOLUME SANITY REJECT: LINK-USD 2026-02-06 04:00:00 volume=17.30 < threshold=1000 (source=ALPACA)
2026-02-07 02:05:21,755 | WARNING |   VOLUME SANITY REJECT: LINK-USD 2026-02-06 06:00:00 volume=50.90 < threshold=1000 (source=ALPACA)
2026-02-07 02:05:21,756 | WARNING |   VOLUME SANITY REJECT: LINK-USD 2026-02-06 07:00:00 volume=268.91 < threshold=1000 (source=ALPACA)
2026-02-07 02:05:21,757 | WARNING |   VOLUME SANITY REJECT: LINK-USD 2026-02-06 10:00:00 volume=0.99 < threshold=1000 (source=ALPACA)
2026-02-07 02:05:21,757 | WARNING |   VOLUME SANITY REJECT: LINK-USD 2026-02-06 11:00:00 volume=3.24 < threshold=1000 (source=ALPACA)
2026-02-07 02:05:21,757 | WARNING |   VOLUME SANITY REJECT: LINK-USD 2026-02-06 12:00:00 volume=0.35 < threshold=1000 (source=ALPACA)
2026-02-07 02:05:21,757 | WARNING |   VOLUME SANITY REJECT: LINK-USD 2026-02-06 13:00:00 volume=6.99 < threshold=1000 (source=ALPACA)
2026-02-07 02:05:21,757 | WARNING |   VOLUME SANITY REJECT: LINK-USD 2026-02-06 14:00:00 volume=36.76 < threshold=1000 (source=ALPACA)
2026-02-07 02:05:21,757 | WARNING |   VOLUME SANITY REJECT: LINK-USD 2026-02-06 15:00:00 volume=97.80 < threshold=1000 (source=ALPACA)
2026-02-07 02:05:21,757 | WARNING |   VOLUME SANITY REJECT: LINK-USD 2026-02-06 16:00:00 volume=5.21 < threshold=1000 (source=ALPACA)
2026-02-07 02:05:21,757 | WARNING |   VOLUME SANITY REJECT: LINK-USD 2026-02-06 17:00:00 volume=96.00 < threshold=1000 (source=ALPACA)
2026-02-07 02:05:21,757 | WARNING |   VOLUME SANITY REJECT: LINK-USD 2026-02-06 18:00:00 volume=36.06 < threshold=1000 (source=ALPACA)
2026-02-07 02:05:21,757 | WARNING |   VOLUME SANITY REJECT: LINK-USD 2026-02-06 19:00:00 volume=8.34 < threshold=1000 (source=ALPACA)
2026-02-07 02:05:21,757 | WARNING |   VOLUME SANITY REJECT: LINK-USD 2026-02-06 20:00:00 volume=89.01 < threshold=1000 (source=ALPACA)
2026-02-07 02:05:21,764 | WARNING |   VOLUME SANITY REJECT: LINK-USD 2026-02-06 21:00:00 volume=69.39 < threshold=1000 (source=ALPACA)
2026-02-07 02:05:21,764 | WARNING |   VOLUME SANITY REJECT: LINK-USD 2026-02-06 22:00:00 volume=36.11 < threshold=1000 (source=ALPACA)
2026-02-07 02:05:21,764 | WARNING |   VOLUME SANITY REJECT: LINK-USD 2026-02-06 23:00:00 volume=3.19 < threshold=1000 (source=ALPACA)
2026-02-07 02:05:21,764 | WARNING |   VOLUME SANITY REJECT: LINK-USD 2026-02-07 01:00:00 volume=0.00 < threshold=1000 (source=ALPACA)
2026-02-07 02:05:21,785 | WARNING |   [LINK-USD] 20 rows REJECTED by volume sanity, 4 rows INSERTED (source=ALPACA)
2026-02-07 02:05:21,785 | INFO |   [LINK-USD] +4 rows via ALPACA (latest: 2026-02-07 01:00:00+00:00)
2026-02-07 02:05:22,288 | INFO |   [LTC-USD] Stale (25.1h > 6h) - fetching
2026-02-07 02:05:22,412 | WARNING |   VOLUME SANITY REJECT: LTC-USD 2026-02-06 02:00:00 volume=2.71 < threshold=1000 (source=ALPACA)
2026-02-07 02:05:22,412 | WARNING |   VOLUME SANITY REJECT: LTC-USD 2026-02-06 03:00:00 volume=0.00 < threshold=1000 (source=ALPACA)
2026-02-07 02:05:22,412 | WARNING |   VOLUME SANITY REJECT: LTC-USD 2026-02-06 04:00:00 volume=0.02 < threshold=1000 (source=ALPACA)
2026-02-07 02:05:22,412 | WARNING |   VOLUME SANITY REJECT: LTC-USD 2026-02-06 05:00:00 volume=12.09 < threshold=1000 (source=ALPACA)
2026-02-07 02:05:22,412 | WARNING |   VOLUME SANITY REJECT: LTC-USD 2026-02-06 06:00:00 volume=0.49 < threshold=1000 (source=ALPACA)
2026-02-07 02:05:22,422 | WARNING |   VOLUME SANITY REJECT: LTC-USD 2026-02-06 07:00:00 volume=0.00 < threshold=1000 (source=ALPACA)
2026-02-07 02:05:22,423 | WARNING |   VOLUME SANITY REJECT: LTC-USD 2026-02-06 08:00:00 volume=0.00 < threshold=1000 (source=ALPACA)
2026-02-07 02:05:22,433 | WARNING |   VOLUME SANITY REJECT: LTC-USD 2026-02-06 09:00:00 volume=0.00 < threshold=1000 (source=ALPACA)
2026-02-07 02:05:22,453 | WARNING |   VOLUME SANITY REJECT: LTC-USD 2026-02-06 10:00:00 volume=105.31 < threshold=1000 (source=ALPACA)
2026-02-07 02:05:22,464 | WARNING |   VOLUME SANITY REJECT: LTC-USD 2026-02-06 11:00:00 volume=2.53 < threshold=1000 (source=ALPACA)
2026-02-07 02:05:22,464 | WARNING |   VOLUME SANITY REJECT: LTC-USD 2026-02-06 12:00:00 volume=10.04 < threshold=1000 (source=ALPACA)
2026-02-07 02:05:22,474 | WARNING |   VOLUME SANITY REJECT: LTC-USD 2026-02-06 13:00:00 volume=0.00 < threshold=1000 (source=ALPACA)
2026-02-07 02:05:22,491 | WARNING |   VOLUME SANITY REJECT: LTC-USD 2026-02-06 14:00:00 volume=18.61 < threshold=1000 (source=ALPACA)
2026-02-07 02:05:22,508 | WARNING |   VOLUME SANITY REJECT: LTC-USD 2026-02-06 15:00:00 volume=3.74 < threshold=1000 (source=ALPACA)
2026-02-07 02:05:22,508 | WARNING |   VOLUME SANITY REJECT: LTC-USD 2026-02-06 16:00:00 volume=0.30 < threshold=1000 (source=ALPACA)
2026-02-07 02:05:22,508 | WARNING |   VOLUME SANITY REJECT: LTC-USD 2026-02-06 17:00:00 volume=0.00 < threshold=1000 (source=ALPACA)
2026-02-07 02:05:22,508 | WARNING |   VOLUME SANITY REJECT: LTC-USD 2026-02-06 18:00:00 volume=17.71 < threshold=1000 (source=ALPACA)
2026-02-07 02:05:22,508 | WARNING |   VOLUME SANITY REJECT: LTC-USD 2026-02-06 19:00:00 volume=0.62 < threshold=1000 (source=ALPACA)
2026-02-07 02:05:22,508 | WARNING |   VOLUME SANITY REJECT: LTC-USD 2026-02-06 20:00:00 volume=23.72 < threshold=1000 (source=ALPACA)
2026-02-07 02:05:22,508 | WARNING |   VOLUME SANITY REJECT: LTC-USD 2026-02-06 21:00:00 volume=0.00 < threshold=1000 (source=ALPACA)
2026-02-07 02:05:22,516 | WARNING |   VOLUME SANITY REJECT: LTC-USD 2026-02-06 22:00:00 volume=6.31 < threshold=1000 (source=ALPACA)
2026-02-07 02:05:22,547 | WARNING |   VOLUME SANITY REJECT: LTC-USD 2026-02-06 23:00:00 volume=0.00 < threshold=1000 (source=ALPACA)
2026-02-07 02:05:22,547 | WARNING |   VOLUME SANITY REJECT: LTC-USD 2026-02-07 00:00:00 volume=0.00 < threshold=1000 (source=ALPACA)
2026-02-07 02:05:22,547 | WARNING |   VOLUME SANITY REJECT: LTC-USD 2026-02-07 01:00:00 volume=0.00 < threshold=1000 (source=ALPACA)
2026-02-07 02:05:22,547 | WARNING |   [LTC-USD] ALL 24 rows REJECTED by volume sanity check (source=ALPACA)
2026-02-07 02:05:22,547 | WARNING |   [LTC-USD] 0 rows written despite 24 bars received
2026-02-07 02:05:23,056 | INFO |   [MANA-USD] Stale (25.1h > 6h) - fetching
2026-02-07 02:05:23,175 | WARNING |   [MANA-USD] No data from Alpaca (STALE)
2026-02-07 02:05:23,697 | INFO |   [MKR-USD] Stale (25.1h > 6h) - fetching
2026-02-07 02:05:23,851 | WARNING |   [MKR-USD] No data from Alpaca (STALE)
2026-02-07 02:05:24,363 | INFO |   [NEAR-USD] Stale (25.1h > 6h) - fetching
2026-02-07 02:05:24,477 | WARNING |   [NEAR-USD] No data from Alpaca (STALE)
2026-02-07 02:05:24,985 | INFO |   [OKB-USD] Stale (25.1h > 6h) - fetching
2026-02-07 02:05:25,117 | WARNING |   [OKB-USD] No data from Alpaca (STALE)
2026-02-07 02:05:25,627 | INFO |   [QNT-USD] Stale (25.1h > 6h) - fetching
2026-02-07 02:05:25,744 | WARNING |   [QNT-USD] No data from Alpaca (STALE)
2026-02-07 02:05:26,248 | INFO |   [RPL-USD] Stale (25.1h > 6h) - fetching
2026-02-07 02:05:26,377 | WARNING |   [RPL-USD] No data from Alpaca (STALE)
2026-02-07 02:05:26,882 | INFO |   [RUNE-USD] Stale (25.1h > 6h) - fetching
2026-02-07 02:05:26,998 | WARNING |   [RUNE-USD] No data from Alpaca (STALE)
2026-02-07 02:05:27,503 | INFO |   [SAND-USD] Stale (25.1h > 6h) - fetching
2026-02-07 02:05:27,617 | WARNING |   [SAND-USD] No data from Alpaca (STALE)
2026-02-07 02:05:28,128 | INFO |   [SHIB-USD] Stale (6.1h > 6h) - fetching
2026-02-07 02:05:28,260 | WARNING |   VOLUME SANITY REJECT: SHIB-USD 2026-02-06 02:00:00 volume=0.00 < threshold=1000 (source=ALPACA)
2026-02-07 02:05:28,274 | WARNING |   VOLUME SANITY REJECT: SHIB-USD 2026-02-06 03:00:00 volume=0.00 < threshold=1000 (source=ALPACA)
2026-02-07 02:05:28,281 | WARNING |   VOLUME SANITY REJECT: SHIB-USD 2026-02-06 05:00:00 volume=0.00 < threshold=1000 (source=ALPACA)
2026-02-07 02:05:28,299 | WARNING |   VOLUME SANITY REJECT: SHIB-USD 2026-02-06 06:00:00 volume=0.00 < threshold=1000 (source=ALPACA)
2026-02-07 02:05:28,315 | WARNING |   VOLUME SANITY REJECT: SHIB-USD 2026-02-06 07:00:00 volume=0.00 < threshold=1000 (source=ALPACA)
2026-02-07 02:05:28,321 | WARNING |   VOLUME SANITY REJECT: SHIB-USD 2026-02-06 08:00:00 volume=0.00 < threshold=1000 (source=ALPACA)
2026-02-07 02:05:28,324 | WARNING |   VOLUME SANITY REJECT: SHIB-USD 2026-02-06 10:00:00 volume=0.00 < threshold=1000 (source=ALPACA)
2026-02-07 02:05:28,340 | WARNING |   VOLUME SANITY REJECT: SHIB-USD 2026-02-06 13:00:00 volume=0.00 < threshold=1000 (source=ALPACA)
2026-02-07 02:05:28,348 | WARNING |   VOLUME SANITY REJECT: SHIB-USD 2026-02-06 14:00:00 volume=0.00 < threshold=1000 (source=ALPACA)
2026-02-07 02:05:28,349 | WARNING |   VOLUME SANITY REJECT: SHIB-USD 2026-02-06 15:00:00 volume=0.00 < threshold=1000 (source=ALPACA)
2026-02-07 02:05:28,350 | WARNING |   VOLUME SANITY REJECT: SHIB-USD 2026-02-06 18:00:00 volume=0.00 < threshold=1000 (source=ALPACA)
2026-02-07 02:05:28,353 | WARNING |   VOLUME SANITY REJECT: SHIB-USD 2026-02-06 20:00:00 volume=0.00 < threshold=1000 (source=ALPACA)
2026-02-07 02:05:28,354 | WARNING |   VOLUME SANITY REJECT: SHIB-USD 2026-02-06 21:00:00 volume=0.00 < threshold=1000 (source=ALPACA)
2026-02-07 02:05:28,362 | WARNING |   VOLUME SANITY REJECT: SHIB-USD 2026-02-06 22:00:00 volume=0.00 < threshold=1000 (source=ALPACA)
2026-02-07 02:05:28,363 | WARNING |   VOLUME SANITY REJECT: SHIB-USD 2026-02-07 00:00:00 volume=0.00 < threshold=1000 (source=ALPACA)
2026-02-07 02:05:28,364 | WARNING |   VOLUME SANITY REJECT: SHIB-USD 2026-02-07 01:00:00 volume=0.00 < threshold=1000 (source=ALPACA)
2026-02-07 02:05:28,371 | WARNING |   [SHIB-USD] 16 rows REJECTED by volume sanity, 8 rows INSERTED (source=ALPACA)
2026-02-07 02:05:28,375 | INFO |   [SHIB-USD] +8 rows via ALPACA (latest: 2026-02-07 01:00:00+00:00)
2026-02-07 02:05:28,878 | INFO |   [SNX-USD] Stale (25.1h > 6h) - fetching
2026-02-07 02:05:29,001 | WARNING |   [SNX-USD] No data from Alpaca (STALE)
2026-02-07 02:05:29,502 | INFO |   [SOL-USD] Stale (25.1h > 6h) - fetching
2026-02-07 02:05:29,635 | WARNING |   VOLUME SANITY REJECT: SOL-USD 2026-02-06 02:00:00 volume=69.78 < threshold=1000 (source=ALPACA)
2026-02-07 02:05:29,635 | WARNING |   VOLUME SANITY REJECT: SOL-USD 2026-02-06 03:00:00 volume=8.47 < threshold=1000 (source=ALPACA)
2026-02-07 02:05:29,635 | WARNING |   VOLUME SANITY REJECT: SOL-USD 2026-02-06 04:00:00 volume=434.19 < threshold=1000 (source=ALPACA)
2026-02-07 02:05:29,635 | WARNING |   VOLUME SANITY REJECT: SOL-USD 2026-02-06 05:00:00 volume=109.97 < threshold=1000 (source=ALPACA)
2026-02-07 02:05:29,635 | WARNING |   VOLUME SANITY REJECT: SOL-USD 2026-02-06 06:00:00 volume=22.81 < threshold=1000 (source=ALPACA)
2026-02-07 02:05:29,635 | WARNING |   VOLUME SANITY REJECT: SOL-USD 2026-02-06 07:00:00 volume=480.76 < threshold=1000 (source=ALPACA)
2026-02-07 02:05:29,635 | WARNING |   VOLUME SANITY REJECT: SOL-USD 2026-02-06 08:00:00 volume=4.15 < threshold=1000 (source=ALPACA)
2026-02-07 02:05:29,635 | WARNING |   VOLUME SANITY REJECT: SOL-USD 2026-02-06 09:00:00 volume=409.99 < threshold=1000 (source=ALPACA)
2026-02-07 02:05:29,635 | WARNING |   VOLUME SANITY REJECT: SOL-USD 2026-02-06 10:00:00 volume=17.16 < threshold=1000 (source=ALPACA)
2026-02-07 02:05:29,635 | WARNING |   VOLUME SANITY REJECT: SOL-USD 2026-02-06 11:00:00 volume=39.50 < threshold=1000 (source=ALPACA)
2026-02-07 02:05:29,635 | WARNING |   VOLUME SANITY REJECT: SOL-USD 2026-02-06 12:00:00 volume=70.25 < threshold=1000 (source=ALPACA)
2026-02-07 02:05:29,635 | WARNING |   VOLUME SANITY REJECT: SOL-USD 2026-02-06 13:00:00 volume=42.61 < threshold=1000 (source=ALPACA)
2026-02-07 02:05:29,635 | WARNING |   VOLUME SANITY REJECT: SOL-USD 2026-02-06 14:00:00 volume=97.40 < threshold=1000 (source=ALPACA)
2026-02-07 02:05:29,635 | WARNING |   VOLUME SANITY REJECT: SOL-USD 2026-02-06 15:00:00 volume=40.74 < threshold=1000 (source=ALPACA)
2026-02-07 02:05:29,635 | WARNING |   VOLUME SANITY REJECT: SOL-USD 2026-02-06 16:00:00 volume=47.31 < threshold=1000 (source=ALPACA)
2026-02-07 02:05:29,646 | WARNING |   VOLUME SANITY REJECT: SOL-USD 2026-02-06 17:00:00 volume=85.95 < threshold=1000 (source=ALPACA)
2026-02-07 02:05:29,646 | WARNING |   VOLUME SANITY REJECT: SOL-USD 2026-02-06 18:00:00 volume=524.85 < threshold=1000 (source=ALPACA)
2026-02-07 02:05:29,646 | WARNING |   VOLUME SANITY REJECT: SOL-USD 2026-02-06 19:00:00 volume=243.11 < threshold=1000 (source=ALPACA)
2026-02-07 02:05:29,646 | WARNING |   VOLUME SANITY REJECT: SOL-USD 2026-02-06 20:00:00 volume=223.58 < threshold=1000 (source=ALPACA)
2026-02-07 02:05:29,646 | WARNING |   VOLUME SANITY REJECT: SOL-USD 2026-02-06 21:00:00 volume=132.23 < threshold=1000 (source=ALPACA)
2026-02-07 02:05:29,646 | WARNING |   VOLUME SANITY REJECT: SOL-USD 2026-02-06 22:00:00 volume=72.69 < threshold=1000 (source=ALPACA)
2026-02-07 02:05:29,646 | WARNING |   VOLUME SANITY REJECT: SOL-USD 2026-02-06 23:00:00 volume=438.61 < threshold=1000 (source=ALPACA)
2026-02-07 02:05:29,646 | WARNING |   VOLUME SANITY REJECT: SOL-USD 2026-02-07 00:00:00 volume=0.00 < threshold=1000 (source=ALPACA)
2026-02-07 02:05:29,646 | WARNING |   VOLUME SANITY REJECT: SOL-USD 2026-02-07 01:00:00 volume=0.00 < threshold=1000 (source=ALPACA)
2026-02-07 02:05:29,646 | WARNING |   [SOL-USD] ALL 24 rows REJECTED by volume sanity check (source=ALPACA)
2026-02-07 02:05:29,646 | WARNING |   [SOL-USD] 0 rows written despite 24 bars received
2026-02-07 02:05:30,154 | INFO |   [THETA-USD] Stale (25.1h > 6h) - fetching
2026-02-07 02:05:30,297 | WARNING |   [THETA-USD] No data from Alpaca (STALE)
2026-02-07 02:05:30,803 | INFO |   [TRX-USD] Stale (25.1h > 6h) - fetching
2026-02-07 02:05:31,370 | WARNING |   [TRX-USD] No data from Alpaca (STALE)
2026-02-07 02:05:31,873 | INFO |   [UNI-USD] Stale (25.1h > 6h) - fetching
2026-02-07 02:05:31,999 | WARNING |   VOLUME SANITY REJECT: UNI-USD 2026-02-06 02:00:00 volume=826.28 < threshold=1000 (source=ALPACA)
2026-02-07 02:05:31,999 | WARNING |   VOLUME SANITY REJECT: UNI-USD 2026-02-06 03:00:00 volume=1.59 < threshold=1000 (source=ALPACA)
2026-02-07 02:05:31,999 | WARNING |   VOLUME SANITY REJECT: UNI-USD 2026-02-06 04:00:00 volume=24.26 < threshold=1000 (source=ALPACA)
2026-02-07 02:05:32,010 | WARNING |   VOLUME SANITY REJECT: UNI-USD 2026-02-06 05:00:00 volume=23.91 < threshold=1000 (source=ALPACA)
2026-02-07 02:05:32,010 | WARNING |   VOLUME SANITY REJECT: UNI-USD 2026-02-06 06:00:00 volume=0.00 < threshold=1000 (source=ALPACA)
2026-02-07 02:05:32,010 | WARNING |   VOLUME SANITY REJECT: UNI-USD 2026-02-06 07:00:00 volume=37.08 < threshold=1000 (source=ALPACA)
2026-02-07 02:05:32,010 | WARNING |   VOLUME SANITY REJECT: UNI-USD 2026-02-06 08:00:00 volume=0.00 < threshold=1000 (source=ALPACA)
2026-02-07 02:05:32,010 | WARNING |   VOLUME SANITY REJECT: UNI-USD 2026-02-06 09:00:00 volume=28.16 < threshold=1000 (source=ALPACA)
2026-02-07 02:05:32,010 | WARNING |   VOLUME SANITY REJECT: UNI-USD 2026-02-06 10:00:00 volume=0.00 < threshold=1000 (source=ALPACA)
2026-02-07 02:05:32,010 | WARNING |   VOLUME SANITY REJECT: UNI-USD 2026-02-06 11:00:00 volume=1.96 < threshold=1000 (source=ALPACA)
2026-02-07 02:05:32,010 | WARNING |   VOLUME SANITY REJECT: UNI-USD 2026-02-06 12:00:00 volume=0.00 < threshold=1000 (source=ALPACA)
2026-02-07 02:05:32,010 | WARNING |   VOLUME SANITY REJECT: UNI-USD 2026-02-06 13:00:00 volume=10.43 < threshold=1000 (source=ALPACA)
2026-02-07 02:05:32,010 | WARNING |   VOLUME SANITY REJECT: UNI-USD 2026-02-06 14:00:00 volume=11.28 < threshold=1000 (source=ALPACA)
2026-02-07 02:05:32,010 | WARNING |   VOLUME SANITY REJECT: UNI-USD 2026-02-06 15:00:00 volume=5.62 < threshold=1000 (source=ALPACA)
2026-02-07 02:05:32,010 | WARNING |   VOLUME SANITY REJECT: UNI-USD 2026-02-06 16:00:00 volume=200.00 < threshold=1000 (source=ALPACA)
2026-02-07 02:05:32,010 | WARNING |   VOLUME SANITY REJECT: UNI-USD 2026-02-06 17:00:00 volume=25.00 < threshold=1000 (source=ALPACA)
2026-02-07 02:05:32,010 | WARNING |   VOLUME SANITY REJECT: UNI-USD 2026-02-06 18:00:00 volume=492.07 < threshold=1000 (source=ALPACA)
2026-02-07 02:05:32,010 | WARNING |   VOLUME SANITY REJECT: UNI-USD 2026-02-06 19:00:00 volume=0.00 < threshold=1000 (source=ALPACA)
2026-02-07 02:05:32,010 | WARNING |   VOLUME SANITY REJECT: UNI-USD 2026-02-06 20:00:00 volume=498.00 < threshold=1000 (source=ALPACA)
2026-02-07 02:05:32,019 | WARNING |   VOLUME SANITY REJECT: UNI-USD 2026-02-06 21:00:00 volume=0.83 < threshold=1000 (source=ALPACA)
2026-02-07 02:05:32,019 | WARNING |   VOLUME SANITY REJECT: UNI-USD 2026-02-06 22:00:00 volume=17.65 < threshold=1000 (source=ALPACA)
2026-02-07 02:05:32,019 | WARNING |   VOLUME SANITY REJECT: UNI-USD 2026-02-06 23:00:00 volume=10.30 < threshold=1000 (source=ALPACA)
2026-02-07 02:05:32,019 | WARNING |   VOLUME SANITY REJECT: UNI-USD 2026-02-07 00:00:00 volume=61.83 < threshold=1000 (source=ALPACA)
2026-02-07 02:05:32,019 | WARNING |   VOLUME SANITY REJECT: UNI-USD 2026-02-07 01:00:00 volume=0.00 < threshold=1000 (source=ALPACA)
2026-02-07 02:05:32,019 | WARNING |   [UNI-USD] ALL 24 rows REJECTED by volume sanity check (source=ALPACA)
2026-02-07 02:05:32,019 | WARNING |   [UNI-USD] 0 rows written despite 24 bars received
2026-02-07 02:05:32,524 | INFO |   [VET-USD] Stale (25.1h > 6h) - fetching
2026-02-07 02:05:32,655 | WARNING |   [VET-USD] No data from Alpaca (STALE)
2026-02-07 02:05:33,167 | INFO |   [XLM-USD] Stale (25.1h > 6h) - fetching
2026-02-07 02:05:33,285 | WARNING |   [XLM-USD] No data from Alpaca (STALE)
2026-02-07 02:05:33,794 | INFO |   [XMR-USD] Stale (25.1h > 6h) - fetching
2026-02-07 02:05:33,916 | WARNING |   [XMR-USD] No data from Alpaca (STALE)
2026-02-07 02:05:34,417 | INFO |   [XTZ-USD] Stale (25.1h > 6h) - fetching
2026-02-07 02:05:34,550 | WARNING |   VOLUME SANITY REJECT: XTZ-USD 2026-02-06 02:00:00 volume=0.00 < threshold=1000 (source=ALPACA)
2026-02-07 02:05:34,550 | WARNING |   VOLUME SANITY REJECT: XTZ-USD 2026-02-06 03:00:00 volume=0.00 < threshold=1000 (source=ALPACA)
2026-02-07 02:05:34,551 | WARNING |   VOLUME SANITY REJECT: XTZ-USD 2026-02-06 04:00:00 volume=0.00 < threshold=1000 (source=ALPACA)
2026-02-07 02:05:34,551 | WARNING |   VOLUME SANITY REJECT: XTZ-USD 2026-02-06 05:00:00 volume=0.00 < threshold=1000 (source=ALPACA)
2026-02-07 02:05:34,552 | WARNING |   VOLUME SANITY REJECT: XTZ-USD 2026-02-06 06:00:00 volume=0.00 < threshold=1000 (source=ALPACA)
2026-02-07 02:05:34,552 | WARNING |   VOLUME SANITY REJECT: XTZ-USD 2026-02-06 07:00:00 volume=0.00 < threshold=1000 (source=ALPACA)
2026-02-07 02:05:34,552 | WARNING |   VOLUME SANITY REJECT: XTZ-USD 2026-02-06 08:00:00 volume=0.00 < threshold=1000 (source=ALPACA)
2026-02-07 02:05:34,553 | WARNING |   VOLUME SANITY REJECT: XTZ-USD 2026-02-06 09:00:00 volume=0.00 < threshold=1000 (source=ALPACA)
2026-02-07 02:05:34,553 | WARNING |   VOLUME SANITY REJECT: XTZ-USD 2026-02-06 10:00:00 volume=0.00 < threshold=1000 (source=ALPACA)
2026-02-07 02:05:34,554 | WARNING |   VOLUME SANITY REJECT: XTZ-USD 2026-02-06 11:00:00 volume=0.00 < threshold=1000 (source=ALPACA)
2026-02-07 02:05:34,555 | WARNING |   VOLUME SANITY REJECT: XTZ-USD 2026-02-06 12:00:00 volume=0.00 < threshold=1000 (source=ALPACA)
2026-02-07 02:05:34,555 | WARNING |   VOLUME SANITY REJECT: XTZ-USD 2026-02-06 13:00:00 volume=0.00 < threshold=1000 (source=ALPACA)
2026-02-07 02:05:34,556 | WARNING |   VOLUME SANITY REJECT: XTZ-USD 2026-02-06 14:00:00 volume=903.28 < threshold=1000 (source=ALPACA)
2026-02-07 02:05:34,557 | WARNING |   VOLUME SANITY REJECT: XTZ-USD 2026-02-06 15:00:00 volume=0.00 < threshold=1000 (source=ALPACA)
2026-02-07 02:05:34,558 | WARNING |   VOLUME SANITY REJECT: XTZ-USD 2026-02-06 16:00:00 volume=0.00 < threshold=1000 (source=ALPACA)
2026-02-07 02:05:34,559 | WARNING |   VOLUME SANITY REJECT: XTZ-USD 2026-02-06 17:00:00 volume=0.00 < threshold=1000 (source=ALPACA)
2026-02-07 02:05:34,560 | WARNING |   VOLUME SANITY REJECT: XTZ-USD 2026-02-06 18:00:00 volume=0.00 < threshold=1000 (source=ALPACA)
2026-02-07 02:05:34,561 | WARNING |   VOLUME SANITY REJECT: XTZ-USD 2026-02-06 19:00:00 volume=0.00 < threshold=1000 (source=ALPACA)
2026-02-07 02:05:34,561 | WARNING |   VOLUME SANITY REJECT: XTZ-USD 2026-02-06 20:00:00 volume=0.00 < threshold=1000 (source=ALPACA)
2026-02-07 02:05:34,562 | WARNING |   VOLUME SANITY REJECT: XTZ-USD 2026-02-06 21:00:00 volume=0.00 < threshold=1000 (source=ALPACA)
2026-02-07 02:05:34,563 | WARNING |   VOLUME SANITY REJECT: XTZ-USD 2026-02-06 22:00:00 volume=0.00 < threshold=1000 (source=ALPACA)
2026-02-07 02:05:34,563 | WARNING |   VOLUME SANITY REJECT: XTZ-USD 2026-02-06 23:00:00 volume=0.00 < threshold=1000 (source=ALPACA)
2026-02-07 02:05:34,564 | WARNING |   VOLUME SANITY REJECT: XTZ-USD 2026-02-07 00:00:00 volume=49.93 < threshold=1000 (source=ALPACA)
2026-02-07 02:05:34,564 | WARNING |   VOLUME SANITY REJECT: XTZ-USD 2026-02-07 01:00:00 volume=0.00 < threshold=1000 (source=ALPACA)
2026-02-07 02:05:34,565 | WARNING |   [XTZ-USD] ALL 24 rows REJECTED by volume sanity check (source=ALPACA)
2026-02-07 02:05:34,565 | WARNING |   [XTZ-USD] 0 rows written despite 24 bars received
2026-02-07 02:05:35,074 | INFO |   [ZEC-USD] Stale (25.1h > 6h) - fetching
2026-02-07 02:05:35,221 | WARNING |   [ZEC-USD] No data from Alpaca (STALE)
2026-02-07 02:05:35,733 | INFO |   [AAVE-USD] Stale (25.1h > 6h) - fetching
2026-02-07 02:05:35,882 | WARNING |   VOLUME SANITY REJECT: AAVE-USD 2026-02-06 02:00:00 volume=0.07 < threshold=1000 (source=ALPACA)
2026-02-07 02:05:35,882 | WARNING |   VOLUME SANITY REJECT: AAVE-USD 2026-02-06 03:00:00 volume=0.04 < threshold=1000 (source=ALPACA)
2026-02-07 02:05:35,882 | WARNING |   VOLUME SANITY REJECT: AAVE-USD 2026-02-06 04:00:00 volume=0.04 < threshold=1000 (source=ALPACA)
2026-02-07 02:05:35,882 | WARNING |   VOLUME SANITY REJECT: AAVE-USD 2026-02-06 05:00:00 volume=0.32 < threshold=1000 (source=ALPACA)
2026-02-07 02:05:35,882 | WARNING |   VOLUME SANITY REJECT: AAVE-USD 2026-02-06 06:00:00 volume=4.03 < threshold=1000 (source=ALPACA)
2026-02-07 02:05:35,882 | WARNING |   VOLUME SANITY REJECT: AAVE-USD 2026-02-06 07:00:00 volume=0.00 < threshold=1000 (source=ALPACA)
2026-02-07 02:05:35,882 | WARNING |   VOLUME SANITY REJECT: AAVE-USD 2026-02-06 08:00:00 volume=0.00 < threshold=1000 (source=ALPACA)
2026-02-07 02:05:35,882 | WARNING |   VOLUME SANITY REJECT: AAVE-USD 2026-02-06 09:00:00 volume=0.00 < threshold=1000 (source=ALPACA)
2026-02-07 02:05:35,882 | WARNING |   VOLUME SANITY REJECT: AAVE-USD 2026-02-06 10:00:00 volume=0.00 < threshold=1000 (source=ALPACA)
2026-02-07 02:05:35,882 | WARNING |   VOLUME SANITY REJECT: AAVE-USD 2026-02-06 11:00:00 volume=0.68 < threshold=1000 (source=ALPACA)
2026-02-07 02:05:35,893 | WARNING |   VOLUME SANITY REJECT: AAVE-USD 2026-02-06 12:00:00 volume=10.03 < threshold=1000 (source=ALPACA)
2026-02-07 02:05:35,893 | WARNING |   VOLUME SANITY REJECT: AAVE-USD 2026-02-06 13:00:00 volume=0.27 < threshold=1000 (source=ALPACA)
2026-02-07 02:05:35,902 | WARNING |   VOLUME SANITY REJECT: AAVE-USD 2026-02-06 14:00:00 volume=3.86 < threshold=1000 (source=ALPACA)
2026-02-07 02:05:35,902 | WARNING |   VOLUME SANITY REJECT: AAVE-USD 2026-02-06 15:00:00 volume=0.94 < threshold=1000 (source=ALPACA)
2026-02-07 02:05:35,904 | WARNING |   VOLUME SANITY REJECT: AAVE-USD 2026-02-06 16:00:00 volume=0.89 < threshold=1000 (source=ALPACA)
2026-02-07 02:05:35,905 | WARNING |   VOLUME SANITY REJECT: AAVE-USD 2026-02-06 17:00:00 volume=1.01 < threshold=1000 (source=ALPACA)
2026-02-07 02:05:35,906 | WARNING |   VOLUME SANITY REJECT: AAVE-USD 2026-02-06 18:00:00 volume=1.76 < threshold=1000 (source=ALPACA)
2026-02-07 02:05:35,916 | WARNING |   VOLUME SANITY REJECT: AAVE-USD 2026-02-06 19:00:00 volume=0.00 < threshold=1000 (source=ALPACA)
2026-02-07 02:05:35,917 | WARNING |   VOLUME SANITY REJECT: AAVE-USD 2026-02-06 20:00:00 volume=1.00 < threshold=1000 (source=ALPACA)
2026-02-07 02:05:35,919 | WARNING |   VOLUME SANITY REJECT: AAVE-USD 2026-02-06 21:00:00 volume=2.07 < threshold=1000 (source=ALPACA)
2026-02-07 02:05:35,920 | WARNING |   VOLUME SANITY REJECT: AAVE-USD 2026-02-06 22:00:00 volume=0.00 < threshold=1000 (source=ALPACA)
2026-02-07 02:05:35,920 | WARNING |   VOLUME SANITY REJECT: AAVE-USD 2026-02-06 23:00:00 volume=42.28 < threshold=1000 (source=ALPACA)
2026-02-07 02:05:35,921 | WARNING |   VOLUME SANITY REJECT: AAVE-USD 2026-02-07 00:00:00 volume=0.00 < threshold=1000 (source=ALPACA)
2026-02-07 02:05:35,930 | WARNING |   VOLUME SANITY REJECT: AAVE-USD 2026-02-07 01:00:00 volume=0.00 < threshold=1000 (source=ALPACA)
2026-02-07 02:05:35,930 | WARNING |   [AAVE-USD] ALL 24 rows REJECTED by volume sanity check (source=ALPACA)
2026-02-07 02:05:35,930 | WARNING |   [AAVE-USD] 0 rows written despite 24 bars received
2026-02-07 02:05:36,433 | INFO | Alpaca: Updated 3 assets, 30 remaining
2026-02-07 02:05:37,073 | INFO | ============================================================
2026-02-07 02:05:37,073 | INFO | ATTEMPTING YAHOO FINANCE INGEST (Fallback Provider)
2026-02-07 02:05:37,073 | INFO | Assets: 30, Using BATCH DOWNLOAD (efficient)
2026-02-07 02:05:37,073 | INFO | ============================================================
2026-02-07 02:05:37,073 | INFO |   Checking Yahoo Finance rate limit status...
2026-02-07 02:05:54,109 | ERROR | 
1 Failed download:
2026-02-07 02:05:54,109 | ERROR | ['AAPL']: YFRateLimitError('Too Many Requests. Rate limited. Try after a while.')
2026-02-07 02:05:54,120 | WARNING |   RATE LIMITED - Yahoo Finance is currently blocking requests
2026-02-07 02:05:54,120 | WARNING |   Skipping Yahoo and marking all assets as failed
2026-02-07 02:05:54,120 | INFO | Yahoo: Updated 0 assets, 30 remaining
2026-02-07 02:05:54,120 | INFO | 
============================================================
2026-02-07 02:05:54,120 | INFO | VERIFICATION: Checking Data Freshness
2026-02-07 02:05:54,120 | INFO | ============================================================
2026-02-07 02:05:55,441 | WARNING | VERIFICATION FAILED: 4 assets are stale
2026-02-07 02:05:55,441 | WARNING |   - BT.A.L: 54 days stale (last: 2025-12-15)
2026-02-07 02:05:55,441 | WARNING |   - 1COV.DE: 46 days stale (last: 2025-12-23)
2026-02-07 02:05:55,441 | WARNING |   - TLT: 29 days stale (last: 2026-01-09)
2026-02-07 02:05:55,441 | WARNING |   - GLD: 28 days stale (last: 2026-01-10)
2026-02-07 02:05:56,239 | CRITICAL | ALERT [CRITICAL]: DATA VERIFICATION FAILED: 4 assets still stale after ingest! Updated: 3, Rows: 14
2026-02-07 02:05:56,239 | WARNING | Governance logging failed: column "action_timestamp" of relation "governance_actions_log" does not exist
LINE 3:                     action_type, action_timestamp, action_by...
                                         ^

2026-02-07 02:05:56,239 | WARNING | ALERT [WARNING]: PARTIAL INGEST: 30 assets could not be updated via any provider
2026-02-07 02:05:56,250 | WARNING | Heartbeat recording failed: relation "fhq_monitoring.system_heartbeats" does not exist
LINE 2:                 INSERT INTO fhq_monitoring.system_heartbeats...
                                    ^

2026-02-07 02:05:56,250 | WARNING | Governance logging failed: current transaction is aborted, commands ignored until end of transaction block

2026-02-07 02:05:56,250 | INFO | 
======================================================================
2026-02-07 02:05:56,250 | INFO | BULLETPROOF INGEST COMPLETE
2026-02-07 02:05:56,250 | INFO | ======================================================================
2026-02-07 02:05:56,250 | INFO | Status: PARTIAL
2026-02-07 02:05:56,250 | INFO | Assets Updated: 3
2026-02-07 02:05:56,255 | INFO | Rows Inserted: 14
2026-02-07 02:05:56,255 | INFO | Providers Used: ALPACA, YAHOO
2026-02-07 02:05:56,255 | INFO | Verification: FAILED (4 stale)
2026-02-07 02:05:56,255 | INFO | Elapsed: 50.9s
2026-02-07 02:05:56,255 | INFO | 
Freshness by Asset Class:
2026-02-07 02:05:56,255 | INFO |   CRYPTO: 46/50 fresh (92.0%)
2026-02-07 02:05:56,255 | INFO |   EQUITY: 419/422 fresh (99.3%)
2026-02-07 02:05:56,255 | INFO |   ETF: 0/2 fresh (0.0%)
2026-02-07 02:05:56,255 | INFO |   FX: 24/25 fresh (96.0%)
2026-02-07 02:05:56,255 | INFO | 
Evidence: C:\fhq-market-system\vision-ios\03_FUNCTIONS\evidence\BULLETPROOF_INGEST_bedd4a9c_20260207_020556.json
2026-02-07 02:05:56,255 | INFO | ======================================================================
