2026-02-06 23:10:03,737 | INFO | ======================================================================
2026-02-06 23:10:03,737 | INFO | IoS-001 BULLETPROOF DAILY PRICE INGEST
2026-02-06 23:10:03,748 | INFO | ======================================================================
2026-02-06 23:10:03,748 | INFO | CEO Directive: CD-IOS-001-DAILY-INGEST-BULLETPROOF-001
2026-02-06 23:10:03,748 | INFO | Executor: STIG (EC-003)
2026-02-06 23:10:03,748 | INFO | Time: 2026-02-06T22:10:03.737396+00:00
2026-02-06 23:10:03,748 | INFO | Asset Class Filter: FX
2026-02-06 23:10:03,748 | INFO | Dry Run: False
2026-02-06 23:10:03,748 | INFO | Canonical Source: fhq_market.prices (ONLY)
2026-02-06 23:10:03,748 | INFO | ======================================================================
2026-02-06 23:10:03,839 | INFO | Found 24 canonical assets
2026-02-06 23:10:04,673 | INFO | ============================================================
2026-02-06 23:10:04,673 | INFO | ATTEMPTING ALPACA INGEST (Primary Provider)
2026-02-06 23:10:04,673 | INFO | Assets: 24, Rate limit: 200/min
2026-02-06 23:10:04,673 | INFO | ============================================================
2026-02-06 23:10:04,690 | INFO |   [AUDJPY=X] Stale (22.2h > 18h) - fetching
2026-02-06 23:10:04,693 | INFO |   [AUDUSD=X] Stale (22.2h > 18h) - fetching
2026-02-06 23:10:04,695 | INFO |   [CADJPY=X] Stale (22.2h > 18h) - fetching
2026-02-06 23:10:04,695 | INFO |   [CHFJPY=X] Stale (22.2h > 18h) - fetching
2026-02-06 23:10:04,695 | INFO |   [EURAUD=X] Stale (22.2h > 18h) - fetching
2026-02-06 23:10:04,695 | INFO |   [EURCHF=X] Stale (22.2h > 18h) - fetching
2026-02-06 23:10:04,695 | INFO |   [EURGBP=X] Stale (22.2h > 18h) - fetching
2026-02-06 23:10:04,695 | INFO |   [EURJPY=X] Stale (22.2h > 18h) - fetching
2026-02-06 23:10:04,695 | INFO |   [EURNOK=X] Stale (22.2h > 18h) - fetching
2026-02-06 23:10:04,704 | INFO |   [EURSEK=X] Stale (22.2h > 18h) - fetching
2026-02-06 23:10:04,728 | INFO |   [EURUSD=X] Stale (22.2h > 18h) - fetching
2026-02-06 23:10:04,731 | INFO |   [GBPJPY=X] Stale (22.2h > 18h) - fetching
2026-02-06 23:10:04,734 | INFO |   [GBPUSD=X] Stale (22.2h > 18h) - fetching
2026-02-06 23:10:04,739 | INFO |   [NZDUSD=X] Stale (22.2h > 18h) - fetching
2026-02-06 23:10:04,743 | INFO |   [USDCAD=X] Stale (22.2h > 18h) - fetching
2026-02-06 23:10:04,750 | INFO |   [USDCHF=X] Stale (22.2h > 18h) - fetching
2026-02-06 23:10:04,753 | INFO |   [USDHKD=X] Stale (22.2h > 18h) - fetching
2026-02-06 23:10:04,759 | INFO |   [USDJPY=X] Stale (22.2h > 18h) - fetching
2026-02-06 23:10:04,762 | INFO |   [USDMXN=X] Stale (22.2h > 18h) - fetching
2026-02-06 23:10:04,765 | INFO |   [USDNOK=X] Stale (22.2h > 18h) - fetching
2026-02-06 23:10:04,773 | INFO |   [USDSEK=X] Stale (22.2h > 18h) - fetching
2026-02-06 23:10:04,798 | INFO |   [USDSGD=X] Stale (22.2h > 18h) - fetching
2026-02-06 23:10:04,801 | INFO |   [USDTRY=X] Stale (22.2h > 18h) - fetching
2026-02-06 23:10:04,811 | INFO |   [USDZAR=X] Stale (22.2h > 18h) - fetching
2026-02-06 23:10:04,811 | INFO | Alpaca: Updated 0 assets, 24 remaining
2026-02-06 23:10:05,549 | INFO | ============================================================
2026-02-06 23:10:05,552 | INFO | ATTEMPTING YAHOO FINANCE INGEST (Fallback Provider)
2026-02-06 23:10:05,553 | INFO | Assets: 24, Using BATCH DOWNLOAD (efficient)
2026-02-06 23:10:05,553 | INFO | ============================================================
2026-02-06 23:10:05,556 | INFO |   Checking Yahoo Finance rate limit status...
2026-02-06 23:10:07,945 | INFO |   Rate limit check passed - proceeding with download
2026-02-06 23:10:08,041 | INFO |   Downloading 24 symbols from 2026-01-07 to 2026-02-06
2026-02-06 23:10:08,150 | INFO |   Batch 1/1: 24 symbols
2026-02-06 23:10:10,793 | INFO |   [USDCHF=X] +1 rows via YAHOO
2026-02-06 23:10:10,813 | INFO |   [USDNOK=X] +1 rows via YAHOO
2026-02-06 23:10:10,826 | INFO |   [USDSEK=X] +1 rows via YAHOO
2026-02-06 23:10:10,834 | INFO |   [USDSGD=X] +1 rows via YAHOO
2026-02-06 23:10:10,834 | INFO |   Yahoo ingest complete: 4 updated, 0 failed
2026-02-06 23:10:10,834 | INFO | Yahoo: Updated 4 assets, 0 remaining
2026-02-06 23:10:10,834 | INFO | 
============================================================
2026-02-06 23:10:10,834 | INFO | VERIFICATION: Checking Data Freshness
2026-02-06 23:10:10,834 | INFO | ============================================================
2026-02-06 23:10:11,889 | WARNING | VERIFICATION FAILED: 5 assets are stale
2026-02-06 23:10:11,909 | WARNING |   - BT.A.L: 53 days stale (last: 2025-12-15)
2026-02-06 23:10:11,912 | WARNING |   - 1COV.DE: 45 days stale (last: 2025-12-23)
2026-02-06 23:10:11,912 | WARNING |   - TLT: 28 days stale (last: 2026-01-09)
2026-02-06 23:10:11,912 | WARNING |   - GLD: 27 days stale (last: 2026-01-10)
2026-02-06 23:10:11,913 | WARNING |   - OLT.OL: 9 days stale (last: 2026-01-28)
2026-02-06 23:10:13,631 | CRITICAL | ALERT [CRITICAL]: DATA VERIFICATION FAILED: 5 assets still stale after ingest! Updated: 4, Rows: 4
2026-02-06 23:10:13,631 | WARNING | Governance logging failed: column "action_timestamp" of relation "governance_actions_log" does not exist
LINE 3:                     action_type, action_timestamp, action_by...
                                         ^

2026-02-06 23:10:13,631 | WARNING | Heartbeat recording failed: relation "fhq_monitoring.system_heartbeats" does not exist
LINE 2:                 INSERT INTO fhq_monitoring.system_heartbeats...
                                    ^

2026-02-06 23:10:13,631 | WARNING | Governance logging failed: current transaction is aborted, commands ignored until end of transaction block

2026-02-06 23:10:13,640 | INFO | 
======================================================================
2026-02-06 23:10:13,640 | INFO | BULLETPROOF INGEST COMPLETE
2026-02-06 23:10:13,640 | INFO | ======================================================================
2026-02-06 23:10:13,640 | INFO | Status: SUCCESS
2026-02-06 23:10:13,640 | INFO | Assets Updated: 4
2026-02-06 23:10:13,640 | INFO | Rows Inserted: 4
2026-02-06 23:10:13,640 | INFO | Providers Used: ALPACA, YAHOO
2026-02-06 23:10:13,640 | INFO | Verification: FAILED (5 stale)
2026-02-06 23:10:13,640 | INFO | Elapsed: 9.9s
2026-02-06 23:10:13,640 | INFO | 
Freshness by Asset Class:
2026-02-06 23:10:13,640 | INFO |   CRYPTO: 46/50 fresh (92.0%)
2026-02-06 23:10:13,640 | INFO |   EQUITY: 418/422 fresh (99.1%)
2026-02-06 23:10:13,640 | INFO |   ETF: 0/2 fresh (0.0%)
2026-02-06 23:10:13,640 | INFO |   FX: 24/25 fresh (96.0%)
2026-02-06 23:10:13,640 | INFO | 
Evidence: C:\fhq-market-system\vision-ios\03_FUNCTIONS\evidence\BULLETPROOF_INGEST_b0385076_20260206_231013.json
2026-02-06 23:10:13,640 | INFO | ======================================================================
