2026-01-25 02:10:07,147 | INFO | ======================================================================
2026-01-25 02:10:07,147 | INFO | IoS-001 BULLETPROOF DAILY PRICE INGEST
2026-01-25 02:10:07,147 | INFO | ======================================================================
2026-01-25 02:10:07,147 | INFO | CEO Directive: CD-IOS-001-DAILY-INGEST-BULLETPROOF-001
2026-01-25 02:10:07,147 | INFO | Executor: STIG (EC-003)
2026-01-25 02:10:07,147 | INFO | Time: 2026-01-25T01:10:07.147724+00:00
2026-01-25 02:10:07,147 | INFO | Asset Class Filter: FX
2026-01-25 02:10:07,147 | INFO | Dry Run: False
2026-01-25 02:10:07,147 | INFO | Canonical Source: fhq_market.prices (ONLY)
2026-01-25 02:10:07,147 | INFO | ======================================================================
2026-01-25 02:10:07,342 | INFO | Found 24 canonical assets
2026-01-25 02:10:08,538 | INFO | ============================================================
2026-01-25 02:10:08,539 | INFO | ATTEMPTING ALPACA INGEST (Primary Provider)
2026-01-25 02:10:08,539 | INFO | Assets: 24, Rate limit: 200/min
2026-01-25 02:10:08,539 | INFO | ============================================================
2026-01-25 02:10:08,552 | INFO |   [AUDJPY=X] Stale (49.2h > 18h) - fetching
2026-01-25 02:10:08,553 | INFO |   [AUDUSD=X] Stale (49.2h > 18h) - fetching
2026-01-25 02:10:08,555 | INFO |   [CADJPY=X] Stale (49.2h > 18h) - fetching
2026-01-25 02:10:08,556 | INFO |   [CHFJPY=X] Stale (49.2h > 18h) - fetching
2026-01-25 02:10:08,558 | INFO |   [EURAUD=X] Stale (49.2h > 18h) - fetching
2026-01-25 02:10:08,560 | INFO |   [EURCHF=X] Stale (49.2h > 18h) - fetching
2026-01-25 02:10:08,561 | INFO |   [EURGBP=X] Stale (49.2h > 18h) - fetching
2026-01-25 02:10:08,562 | INFO |   [EURJPY=X] Stale (49.2h > 18h) - fetching
2026-01-25 02:10:08,564 | INFO |   [EURNOK=X] Stale (49.2h > 18h) - fetching
2026-01-25 02:10:08,565 | INFO |   [EURSEK=X] Stale (49.2h > 18h) - fetching
2026-01-25 02:10:08,568 | INFO |   [EURUSD=X] Stale (49.2h > 18h) - fetching
2026-01-25 02:10:08,569 | INFO |   [GBPJPY=X] Stale (49.2h > 18h) - fetching
2026-01-25 02:10:08,571 | INFO |   [GBPUSD=X] Stale (49.2h > 18h) - fetching
2026-01-25 02:10:08,572 | INFO |   [NZDUSD=X] Stale (49.2h > 18h) - fetching
2026-01-25 02:10:08,574 | INFO |   [USDCAD=X] Stale (49.2h > 18h) - fetching
2026-01-25 02:10:08,576 | INFO |   [USDCHF=X] Stale (49.2h > 18h) - fetching
2026-01-25 02:10:08,577 | INFO |   [USDHKD=X] Stale (49.2h > 18h) - fetching
2026-01-25 02:10:08,578 | INFO |   [USDJPY=X] Stale (49.2h > 18h) - fetching
2026-01-25 02:10:08,580 | INFO |   [USDMXN=X] Stale (49.2h > 18h) - fetching
2026-01-25 02:10:08,581 | INFO |   [USDNOK=X] Stale (49.2h > 18h) - fetching
2026-01-25 02:10:08,584 | INFO |   [USDSEK=X] Stale (49.2h > 18h) - fetching
2026-01-25 02:10:08,585 | INFO |   [USDSGD=X] Stale (49.2h > 18h) - fetching
2026-01-25 02:10:08,587 | INFO |   [USDTRY=X] Stale (49.2h > 18h) - fetching
2026-01-25 02:10:08,588 | INFO |   [USDZAR=X] Stale (49.2h > 18h) - fetching
2026-01-25 02:10:08,588 | INFO | Alpaca: Updated 0 assets, 24 remaining
2026-01-25 02:10:09,004 | INFO | ============================================================
2026-01-25 02:10:09,004 | INFO | ATTEMPTING YAHOO FINANCE INGEST (Fallback Provider)
2026-01-25 02:10:09,004 | INFO | Assets: 24, Using BATCH DOWNLOAD (efficient)
2026-01-25 02:10:09,004 | INFO | ============================================================
2026-01-25 02:10:09,004 | INFO |   Checking Yahoo Finance rate limit status...
2026-01-25 02:10:13,179 | ERROR | 
1 Failed download:
2026-01-25 02:10:13,180 | ERROR | ['AAPL']: YFRateLimitError('Too Many Requests. Rate limited. Try after a while.')
2026-01-25 02:10:13,288 | WARNING |   RATE LIMITED - Yahoo Finance is currently blocking requests
2026-01-25 02:10:13,288 | WARNING |   Skipping Yahoo and marking all assets as failed
2026-01-25 02:10:13,288 | INFO | Yahoo: Updated 0 assets, 24 remaining
2026-01-25 02:10:13,288 | INFO | ============================================================
2026-01-25 02:10:13,288 | INFO | ATTEMPTING ECB FX INGEST (Backup Provider)
2026-01-25 02:10:13,288 | INFO | Assets: 24, Rate limit: NONE (free API)
2026-01-25 02:10:13,288 | INFO | ============================================================
2026-01-25 02:10:13,288 | INFO |   ECB-supported: 7, Not supported: 17
2026-01-25 02:10:24,110 | INFO |   ECB ingest complete: 0 updated, 24 failed
2026-01-25 02:10:24,110 | INFO | ECB: Updated 0 FX assets, 24 total remaining
2026-01-25 02:10:24,110 | INFO | ============================================================
2026-01-25 02:10:24,114 | INFO | ATTEMPTING TWELVEDATA FX INGEST (Non-EUR Backup)
2026-01-25 02:10:24,114 | INFO | Assets: 24, Rate limit: 7/min (90% of free tier)
2026-01-25 02:10:24,114 | INFO | ============================================================
2026-01-25 02:10:24,114 | INFO |   FX assets: 24, Non-FX: 0
2026-01-25 02:10:25,054 | INFO |   [AUDJPY=X] +1 rows via TWELVEDATA_FX
2026-01-25 02:10:34,947 | INFO |   [AUDUSD=X] +1 rows via TWELVEDATA_FX
2026-01-25 02:10:44,348 | INFO |   [CADJPY=X] +1 rows via TWELVEDATA_FX
2026-01-25 02:10:53,801 | INFO |   [CHFJPY=X] +1 rows via TWELVEDATA_FX
2026-01-25 02:11:03,361 | INFO |   [EURAUD=X] +1 rows via TWELVEDATA_FX
2026-01-25 02:11:20,422 | INFO |   [EURCHF=X] +1 rows via TWELVEDATA_FX
2026-01-25 02:11:29,959 | INFO |   [EURGBP=X] +1 rows via TWELVEDATA_FX
2026-01-25 02:11:40,456 | INFO |   [EURJPY=X] +1 rows via TWELVEDATA_FX
2026-01-25 02:11:49,916 | INFO |   [EURNOK=X] +1 rows via TWELVEDATA_FX
2026-01-25 02:11:59,443 | INFO |   [EURSEK=X] +1 rows via TWELVEDATA_FX
2026-01-25 02:11:59,443 | INFO |   Progress: 10/24 FX assets, 10 API calls
2026-01-25 02:12:08,788 | INFO |   [EURUSD=X] +1 rows via TWELVEDATA_FX
2026-01-25 02:12:18,508 | INFO |   [GBPJPY=X] +1 rows via TWELVEDATA_FX
2026-01-25 02:12:39,235 | INFO |   [GBPUSD=X] +1 rows via TWELVEDATA_FX
2026-01-25 02:12:51,030 | INFO |   [NZDUSD=X] +1 rows via TWELVEDATA_FX
2026-01-25 02:13:03,260 | INFO |   [USDCAD=X] +1 rows via TWELVEDATA_FX
2026-01-25 02:13:13,696 | INFO |   [USDCHF=X] +1 rows via TWELVEDATA_FX
2026-01-25 02:13:24,415 | INFO |   [USDHKD=X] +1 rows via TWELVEDATA_FX
2026-01-25 02:13:35,040 | INFO |   [USDJPY=X] +1 rows via TWELVEDATA_FX
2026-01-25 02:13:56,347 | INFO |   [USDMXN=X] +1 rows via TWELVEDATA_FX
2026-01-25 02:14:06,648 | INFO |   [USDNOK=X] +1 rows via TWELVEDATA_FX
2026-01-25 02:14:06,650 | INFO |   Progress: 20/24 FX assets, 20 API calls
2026-01-25 02:14:18,629 | INFO |   [USDSEK=X] +1 rows via TWELVEDATA_FX
2026-01-25 02:14:28,868 | INFO |   [USDSGD=X] +1 rows via TWELVEDATA_FX
2026-01-25 02:14:39,901 | INFO |   [USDTRY=X] +1 rows via TWELVEDATA_FX
2026-01-25 02:14:52,165 | INFO |   [USDZAR=X] +1 rows via TWELVEDATA_FX
2026-01-25 02:14:52,166 | INFO |   TwelveData FX ingest complete: 24 updated, 0 failed, 24 API calls
2026-01-25 02:14:52,182 | INFO | TwelveData FX: Updated 24 FX assets, 0 total remaining
2026-01-25 02:14:52,183 | INFO | 
============================================================
2026-01-25 02:14:52,184 | INFO | VERIFICATION: Checking Data Freshness
2026-01-25 02:14:52,184 | INFO | ============================================================
2026-01-25 02:14:53,979 | WARNING | VERIFICATION FAILED: 5 assets are stale
2026-01-25 02:14:53,980 | WARNING |   - BT.A.L: 41 days stale (last: 2025-12-15)
2026-01-25 02:14:53,981 | WARNING |   - 1COV.DE: 33 days stale (last: 2025-12-23)
2026-01-25 02:14:53,982 | WARNING |   - TLT: 16 days stale (last: 2026-01-09)
2026-01-25 02:14:53,982 | WARNING |   - GLD: 15 days stale (last: 2026-01-10)
2026-01-25 02:14:53,983 | WARNING |   - UNI-USD: 3 days stale (last: 2026-01-22)
2026-01-25 02:14:55,284 | CRITICAL | ALERT [CRITICAL]: DATA VERIFICATION FAILED: 5 assets still stale after ingest! Updated: 24, Rows: 24
2026-01-25 02:14:55,294 | WARNING | Governance logging failed: column "action_timestamp" of relation "governance_actions_log" does not exist
LINE 3:                     action_type, action_timestamp, action_by...
                                         ^

2026-01-25 02:14:55,299 | WARNING | Heartbeat recording failed: relation "fhq_monitoring.system_heartbeats" does not exist
LINE 2:                 INSERT INTO fhq_monitoring.system_heartbeats...
                                    ^

2026-01-25 02:14:55,300 | WARNING | Governance logging failed: current transaction is aborted, commands ignored until end of transaction block

2026-01-25 02:14:55,310 | INFO | 
======================================================================
2026-01-25 02:14:55,310 | INFO | BULLETPROOF INGEST COMPLETE
2026-01-25 02:14:55,320 | INFO | ======================================================================
2026-01-25 02:14:55,321 | INFO | Status: SUCCESS
2026-01-25 02:14:55,321 | INFO | Assets Updated: 24
2026-01-25 02:14:55,322 | INFO | Rows Inserted: 24
2026-01-25 02:14:55,322 | INFO | Providers Used: ALPACA, YAHOO, ECB, TWELVEDATA_FX
2026-01-25 02:14:55,323 | INFO | Verification: FAILED (5 stale)
2026-01-25 02:14:55,323 | INFO | Elapsed: 288.1s
2026-01-25 02:14:55,323 | INFO | 
Freshness by Asset Class:
2026-01-25 02:14:55,323 | INFO |   CRYPTO: 45/50 fresh (90.0%)
2026-01-25 02:14:55,323 | INFO |   EQUITY: 419/422 fresh (99.3%)
2026-01-25 02:14:55,324 | INFO |   ETF: 0/2 fresh (0.0%)
2026-01-25 02:14:55,324 | INFO |   FX: 24/25 fresh (96.0%)
2026-01-25 02:14:55,324 | INFO | 
Evidence: C:\fhq-market-system\vision-ios\03_FUNCTIONS\evidence\BULLETPROOF_INGEST_4a84bb2a_20260125_021455.json
2026-01-25 02:14:55,325 | INFO | ======================================================================
