2026-01-04 02:00:07,905 | INFO | ======================================================================
2026-01-04 02:00:07,906 | INFO | IoS-001 BULLETPROOF DAILY PRICE INGEST
2026-01-04 02:00:07,906 | INFO | ======================================================================
2026-01-04 02:00:07,906 | INFO | CEO Directive: CD-IOS-001-DAILY-INGEST-BULLETPROOF-001
2026-01-04 02:00:07,906 | INFO | Executor: STIG (EC-003)
2026-01-04 02:00:07,907 | INFO | Time: 2026-01-04T01:00:07.905719+00:00
2026-01-04 02:00:07,907 | INFO | Asset Class Filter: CRYPTO
2026-01-04 02:00:07,908 | INFO | Dry Run: False
2026-01-04 02:00:07,909 | INFO | Canonical Source: fhq_market.prices (ONLY)
2026-01-04 02:00:07,909 | INFO | ======================================================================
2026-01-04 02:00:07,995 | INFO | Found 46 canonical assets
2026-01-04 02:00:09,343 | INFO | ============================================================
2026-01-04 02:00:09,343 | INFO | ATTEMPTING ALPACA INGEST (Primary Provider)
2026-01-04 02:00:09,343 | INFO | Assets: 46, Rate limit: 200/min
2026-01-04 02:00:09,343 | INFO | ============================================================
2026-01-04 02:00:12,328 | WARNING |   VOLUME SANITY REJECT: AVAX-USD 2026-01-04 00:00:00 volume=28.85 < threshold=1000 (source=ALPACA)
2026-01-04 02:00:12,328 | WARNING |   [AVAX-USD] ALL 1 rows REJECTED by volume sanity check (source=ALPACA)
2026-01-04 02:00:13,594 | WARNING |   VOLUME SANITY REJECT: BCH-USD 2026-01-04 00:00:00 volume=0.04 < threshold=1000 (source=ALPACA)
2026-01-04 02:00:13,594 | WARNING |   [BCH-USD] ALL 1 rows REJECTED by volume sanity check (source=ALPACA)
2026-01-04 02:00:14,870 | WARNING |   VOLUME SANITY REJECT: BTC-USD 2026-01-04 00:00:00 volume=0.12 < threshold=1000 (source=ALPACA)
2026-01-04 02:00:14,871 | WARNING |   [BTC-USD] ALL 1 rows REJECTED by volume sanity check (source=ALPACA)
2026-01-04 02:00:16,768 | WARNING |   VOLUME SANITY REJECT: CRV-USD 2026-01-04 00:00:00 volume=0.00 < threshold=1000 (source=ALPACA)
2026-01-04 02:00:16,768 | WARNING |   [CRV-USD] ALL 1 rows REJECTED by volume sanity check (source=ALPACA)
2026-01-04 02:00:17,414 | INFO |   [DOGE-USD] +1 rows via ALPACA
2026-01-04 02:00:18,043 | WARNING |   VOLUME SANITY REJECT: DOT-USD 2026-01-04 00:00:00 volume=10.55 < threshold=1000 (source=ALPACA)
2026-01-04 02:00:18,043 | WARNING |   [DOT-USD] ALL 1 rows REJECTED by volume sanity check (source=ALPACA)
2026-01-04 02:00:19,942 | WARNING |   VOLUME SANITY REJECT: ETH-USD 2026-01-04 00:00:00 volume=0.06 < threshold=1000 (source=ALPACA)
2026-01-04 02:00:19,942 | WARNING |   [ETH-USD] ALL 1 rows REJECTED by volume sanity check (source=ALPACA)
2026-01-04 02:00:21,832 | WARNING |   VOLUME SANITY REJECT: GRT-USD 2026-01-04 00:00:00 volume=0.00 < threshold=1000 (source=ALPACA)
2026-01-04 02:00:21,834 | WARNING |   [GRT-USD] 1 rows REJECTED by volume sanity, 1 rows INSERTED (source=ALPACA)
2026-01-04 02:00:21,834 | INFO |   [GRT-USD] +1 rows via ALPACA
2026-01-04 02:00:25,058 | WARNING |   VOLUME SANITY REJECT: LINK-USD 2026-01-04 00:00:00 volume=1.74 < threshold=1000 (source=ALPACA)
2026-01-04 02:00:25,058 | WARNING |   [LINK-USD] ALL 1 rows REJECTED by volume sanity check (source=ALPACA)
2026-01-04 02:00:25,688 | WARNING |   VOLUME SANITY REJECT: LTC-USD 2026-01-04 00:00:00 volume=0.00 < threshold=1000 (source=ALPACA)
2026-01-04 02:00:25,688 | WARNING |   [LTC-USD] ALL 1 rows REJECTED by volume sanity check (source=ALPACA)
2026-01-04 02:00:31,394 | WARNING |   VOLUME SANITY REJECT: SHIB-USD 2026-01-04 00:00:00 volume=0.00 < threshold=1000 (source=ALPACA)
2026-01-04 02:00:31,394 | WARNING |   [SHIB-USD] ALL 1 rows REJECTED by volume sanity check (source=ALPACA)
2026-01-04 02:00:32,662 | WARNING |   VOLUME SANITY REJECT: SOL-USD 2026-01-04 00:00:00 volume=6.23 < threshold=1000 (source=ALPACA)
2026-01-04 02:00:32,662 | WARNING |   [SOL-USD] ALL 1 rows REJECTED by volume sanity check (source=ALPACA)
2026-01-04 02:00:34,607 | WARNING |   VOLUME SANITY REJECT: UNI-USD 2025-12-31 00:00:00 volume=84.47 < threshold=1000 (source=ALPACA)
2026-01-04 02:00:34,607 | WARNING |   VOLUME SANITY REJECT: UNI-USD 2026-01-01 00:00:00 volume=651.97 < threshold=1000 (source=ALPACA)
2026-01-04 02:00:34,607 | WARNING |   VOLUME SANITY REJECT: UNI-USD 2026-01-02 00:00:00 volume=767.04 < threshold=1000 (source=ALPACA)
2026-01-04 02:00:34,611 | WARNING |   VOLUME SANITY REJECT: UNI-USD 2026-01-03 00:00:00 volume=308.69 < threshold=1000 (source=ALPACA)
2026-01-04 02:00:34,611 | WARNING |   VOLUME SANITY REJECT: UNI-USD 2026-01-04 00:00:00 volume=3.87 < threshold=1000 (source=ALPACA)
2026-01-04 02:00:34,611 | WARNING |   [UNI-USD] ALL 5 rows REJECTED by volume sanity check (source=ALPACA)
2026-01-04 02:00:37,124 | WARNING |   VOLUME SANITY REJECT: XRP-USD 2026-01-04 00:00:00 volume=115.76 < threshold=1000 (source=ALPACA)
2026-01-04 02:00:37,124 | WARNING |   [XRP-USD] ALL 1 rows REJECTED by volume sanity check (source=ALPACA)
2026-01-04 02:00:37,758 | WARNING |   VOLUME SANITY REJECT: XTZ-USD 2026-01-04 00:00:00 volume=0.00 < threshold=1000 (source=ALPACA)
2026-01-04 02:00:37,758 | WARNING |   [XTZ-USD] ALL 1 rows REJECTED by volume sanity check (source=ALPACA)
2026-01-04 02:00:39,024 | WARNING |   VOLUME SANITY REJECT: AAVE-USD 2026-01-04 00:00:00 volume=0.00 < threshold=1000 (source=ALPACA)
2026-01-04 02:00:39,026 | WARNING |   [AAVE-USD] ALL 1 rows REJECTED by volume sanity check (source=ALPACA)
2026-01-04 02:00:39,527 | INFO | Alpaca: Updated 2 assets, 30 remaining
2026-01-04 02:00:40,460 | INFO | ============================================================
2026-01-04 02:00:40,460 | INFO | ATTEMPTING YAHOO FINANCE INGEST (Fallback Provider)
2026-01-04 02:00:40,460 | INFO | Assets: 30, Using BATCH DOWNLOAD (efficient)
2026-01-04 02:00:40,460 | INFO | ============================================================
2026-01-04 02:00:40,460 | INFO |   Checking Yahoo Finance rate limit status...
2026-01-04 02:00:46,473 | ERROR | 
1 Failed download:
2026-01-04 02:00:46,473 | ERROR | ['AAPL']: YFRateLimitError('Too Many Requests. Rate limited. Try after a while.')
2026-01-04 02:00:46,617 | WARNING |   RATE LIMITED - Yahoo Finance is currently blocking requests
2026-01-04 02:00:46,617 | WARNING |   Skipping Yahoo and marking all assets as failed
2026-01-04 02:00:46,617 | INFO | Yahoo: Updated 0 assets, 30 remaining
2026-01-04 02:00:46,617 | INFO | 
============================================================
2026-01-04 02:00:46,617 | INFO | VERIFICATION: Checking Data Freshness
2026-01-04 02:00:46,617 | INFO | ============================================================
2026-01-04 02:00:47,365 | WARNING | VERIFICATION FAILED: 271 assets are stale
2026-01-04 02:00:47,365 | WARNING |   - BT.A.L: 20 days stale (last: 2025-12-15)
2026-01-04 02:00:47,365 | WARNING |   - 1COV.DE: 12 days stale (last: 2025-12-23)
2026-01-04 02:00:47,365 | WARNING |   - MRK.DE: 6 days stale (last: 2025-12-29)
2026-01-04 02:00:47,365 | WARNING |   - ENTRA.OL: 5 days stale (last: 2025-12-30)
2026-01-04 02:00:47,365 | WARNING |   - FRE.DE: 5 days stale (last: 2025-12-30)
2026-01-04 02:00:47,365 | WARNING |   - OLT.OL: 5 days stale (last: 2025-12-30)
2026-01-04 02:00:47,365 | WARNING |   - FRO.OL: 5 days stale (last: 2025-12-30)
2026-01-04 02:00:47,365 | WARNING |   - HAFNI.OL: 5 days stale (last: 2025-12-30)
2026-01-04 02:00:47,365 | WARNING |   - ORK.OL: 5 days stale (last: 2025-12-30)
2026-01-04 02:00:47,365 | WARNING |   - P911.DE: 5 days stale (last: 2025-12-30)
2026-01-04 02:00:47,365 | WARNING |   ... and 261 more
2026-01-04 02:00:47,942 | CRITICAL | ALERT [CRITICAL]: DATA VERIFICATION FAILED: 271 assets still stale after ingest! Updated: 2, Rows: 2
2026-01-04 02:00:47,951 | WARNING | Governance logging failed: column "action_timestamp" of relation "governance_actions_log" does not exist
LINE 3:                     action_type, action_timestamp, action_by...
                                         ^

2026-01-04 02:00:47,951 | WARNING | ALERT [WARNING]: PARTIAL INGEST: 30 assets could not be updated via any provider
2026-01-04 02:00:47,951 | WARNING | Heartbeat recording failed: relation "fhq_monitoring.system_heartbeats" does not exist
LINE 2:                 INSERT INTO fhq_monitoring.system_heartbeats...
                                    ^

2026-01-04 02:00:47,951 | WARNING | Governance logging failed: current transaction is aborted, commands ignored until end of transaction block

2026-01-04 02:00:47,982 | INFO | 
======================================================================
2026-01-04 02:00:47,982 | INFO | BULLETPROOF INGEST COMPLETE
2026-01-04 02:00:47,982 | INFO | ======================================================================
2026-01-04 02:00:47,982 | INFO | Status: PARTIAL
2026-01-04 02:00:47,982 | INFO | Assets Updated: 2
2026-01-04 02:00:47,982 | INFO | Rows Inserted: 2
2026-01-04 02:00:47,982 | INFO | Providers Used: ALPACA, YAHOO
2026-01-04 02:00:47,982 | INFO | Verification: FAILED (271 stale)
2026-01-04 02:00:47,982 | INFO | Elapsed: 40.0s
2026-01-04 02:00:47,982 | INFO | 
Freshness by Asset Class:
2026-01-04 02:00:47,982 | INFO |   CRYPTO: 45/50 fresh (90.0%)
2026-01-04 02:00:47,982 | INFO |   EQUITY: 175/422 fresh (41.5%)
2026-01-04 02:00:47,982 | INFO |   FX: 0/25 fresh (0.0%)
2026-01-04 02:00:47,982 | INFO | 
Evidence: C:\fhq-market-system\vision-ios\03_FUNCTIONS\evidence\BULLETPROOF_INGEST_c86e2544_20260104_020047.json
2026-01-04 02:00:47,982 | INFO | ======================================================================
