2026-01-24 02:05:05,072 | INFO | ======================================================================
2026-01-24 02:05:05,072 | INFO | IoS-001 BULLETPROOF DAILY PRICE INGEST
2026-01-24 02:05:05,072 | INFO | ======================================================================
2026-01-24 02:05:05,072 | INFO | CEO Directive: CD-IOS-001-DAILY-INGEST-BULLETPROOF-001
2026-01-24 02:05:05,072 | INFO | Executor: STIG (EC-003)
2026-01-24 02:05:05,072 | INFO | Time: 2026-01-24T01:05:05.072233+00:00
2026-01-24 02:05:05,072 | INFO | Asset Class Filter: CRYPTO
2026-01-24 02:05:05,072 | INFO | Dry Run: False
2026-01-24 02:05:05,072 | INFO | Canonical Source: fhq_market.prices (ONLY)
2026-01-24 02:05:05,072 | INFO | ======================================================================
2026-01-24 02:05:05,206 | INFO | Found 46 canonical assets
2026-01-24 02:05:06,020 | INFO | ============================================================
2026-01-24 02:05:06,020 | INFO | ATTEMPTING ALPACA INGEST (Primary Provider)
2026-01-24 02:05:06,021 | INFO | Assets: 46, Rate limit: 200/min
2026-01-24 02:05:06,021 | INFO | ============================================================
2026-01-24 02:05:06,027 | INFO |   [ADA-USD] Stale (25.1h > 6h) - fetching
2026-01-24 02:05:06,907 | WARNING |   [ADA-USD] No data from Alpaca (STALE)
2026-01-24 02:05:07,409 | INFO |   [ALGO-USD] Stale (25.1h > 6h) - fetching
2026-01-24 02:05:07,535 | WARNING |   [ALGO-USD] No data from Alpaca (STALE)
2026-01-24 02:05:08,037 | INFO |   [ATOM-USD] Stale (25.1h > 6h) - fetching
2026-01-24 02:05:08,166 | WARNING |   [ATOM-USD] No data from Alpaca (STALE)
2026-01-24 02:05:08,667 | INFO |   [AVAX-USD] Stale (25.1h > 6h) - fetching
2026-01-24 02:05:08,805 | WARNING |   VOLUME SANITY REJECT: AVAX-USD 2026-01-23 02:00:00 volume=1.00 < threshold=1000 (source=ALPACA)
2026-01-24 02:05:08,805 | WARNING |   VOLUME SANITY REJECT: AVAX-USD 2026-01-23 03:00:00 volume=0.00 < threshold=1000 (source=ALPACA)
2026-01-24 02:05:08,805 | WARNING |   VOLUME SANITY REJECT: AVAX-USD 2026-01-23 04:00:00 volume=0.00 < threshold=1000 (source=ALPACA)
2026-01-24 02:05:08,815 | WARNING |   VOLUME SANITY REJECT: AVAX-USD 2026-01-23 05:00:00 volume=28.28 < threshold=1000 (source=ALPACA)
2026-01-24 02:05:08,816 | WARNING |   VOLUME SANITY REJECT: AVAX-USD 2026-01-23 06:00:00 volume=0.00 < threshold=1000 (source=ALPACA)
2026-01-24 02:05:08,816 | WARNING |   VOLUME SANITY REJECT: AVAX-USD 2026-01-23 07:00:00 volume=0.00 < threshold=1000 (source=ALPACA)
2026-01-24 02:05:08,816 | WARNING |   VOLUME SANITY REJECT: AVAX-USD 2026-01-23 08:00:00 volume=0.00 < threshold=1000 (source=ALPACA)
2026-01-24 02:05:08,816 | WARNING |   VOLUME SANITY REJECT: AVAX-USD 2026-01-23 09:00:00 volume=0.67 < threshold=1000 (source=ALPACA)
2026-01-24 02:05:08,816 | WARNING |   VOLUME SANITY REJECT: AVAX-USD 2026-01-23 10:00:00 volume=0.00 < threshold=1000 (source=ALPACA)
2026-01-24 02:05:08,816 | WARNING |   VOLUME SANITY REJECT: AVAX-USD 2026-01-23 11:00:00 volume=1.47 < threshold=1000 (source=ALPACA)
2026-01-24 02:05:08,816 | WARNING |   VOLUME SANITY REJECT: AVAX-USD 2026-01-23 12:00:00 volume=0.00 < threshold=1000 (source=ALPACA)
2026-01-24 02:05:08,816 | WARNING |   VOLUME SANITY REJECT: AVAX-USD 2026-01-23 13:00:00 volume=1.81 < threshold=1000 (source=ALPACA)
2026-01-24 02:05:08,816 | WARNING |   VOLUME SANITY REJECT: AVAX-USD 2026-01-23 14:00:00 volume=10.00 < threshold=1000 (source=ALPACA)
2026-01-24 02:05:08,816 | WARNING |   VOLUME SANITY REJECT: AVAX-USD 2026-01-23 15:00:00 volume=413.13 < threshold=1000 (source=ALPACA)
2026-01-24 02:05:08,816 | WARNING |   VOLUME SANITY REJECT: AVAX-USD 2026-01-23 16:00:00 volume=0.00 < threshold=1000 (source=ALPACA)
2026-01-24 02:05:08,816 | WARNING |   VOLUME SANITY REJECT: AVAX-USD 2026-01-23 17:00:00 volume=19.98 < threshold=1000 (source=ALPACA)
2026-01-24 02:05:08,816 | WARNING |   VOLUME SANITY REJECT: AVAX-USD 2026-01-23 18:00:00 volume=0.00 < threshold=1000 (source=ALPACA)
2026-01-24 02:05:08,816 | WARNING |   VOLUME SANITY REJECT: AVAX-USD 2026-01-23 19:00:00 volume=59.33 < threshold=1000 (source=ALPACA)
2026-01-24 02:05:08,816 | WARNING |   VOLUME SANITY REJECT: AVAX-USD 2026-01-23 20:00:00 volume=2.43 < threshold=1000 (source=ALPACA)
2026-01-24 02:05:08,816 | WARNING |   VOLUME SANITY REJECT: AVAX-USD 2026-01-23 21:00:00 volume=0.00 < threshold=1000 (source=ALPACA)
2026-01-24 02:05:08,816 | WARNING |   VOLUME SANITY REJECT: AVAX-USD 2026-01-23 22:00:00 volume=0.00 < threshold=1000 (source=ALPACA)
2026-01-24 02:05:08,816 | WARNING |   VOLUME SANITY REJECT: AVAX-USD 2026-01-23 23:00:00 volume=0.00 < threshold=1000 (source=ALPACA)
2026-01-24 02:05:08,816 | WARNING |   VOLUME SANITY REJECT: AVAX-USD 2026-01-24 00:00:00 volume=0.00 < threshold=1000 (source=ALPACA)
2026-01-24 02:05:08,816 | WARNING |   VOLUME SANITY REJECT: AVAX-USD 2026-01-24 01:00:00 volume=0.00 < threshold=1000 (source=ALPACA)
2026-01-24 02:05:08,816 | WARNING |   [AVAX-USD] ALL 24 rows REJECTED by volume sanity check (source=ALPACA)
2026-01-24 02:05:08,816 | WARNING |   [AVAX-USD] 0 rows written despite 24 bars received
2026-01-24 02:05:09,325 | INFO |   [AXS-USD] Stale (25.1h > 6h) - fetching
2026-01-24 02:05:09,447 | WARNING |   [AXS-USD] No data from Alpaca (STALE)
2026-01-24 02:05:09,951 | INFO |   [BCH-USD] Stale (25.1h > 6h) - fetching
2026-01-24 02:05:10,079 | WARNING |   VOLUME SANITY REJECT: BCH-USD 2026-01-23 02:00:00 volume=0.00 < threshold=1000 (source=ALPACA)
2026-01-24 02:05:10,079 | WARNING |   VOLUME SANITY REJECT: BCH-USD 2026-01-23 03:00:00 volume=0.03 < threshold=1000 (source=ALPACA)
2026-01-24 02:05:10,079 | WARNING |   VOLUME SANITY REJECT: BCH-USD 2026-01-23 04:00:00 volume=0.00 < threshold=1000 (source=ALPACA)
2026-01-24 02:05:10,079 | WARNING |   VOLUME SANITY REJECT: BCH-USD 2026-01-23 05:00:00 volume=0.30 < threshold=1000 (source=ALPACA)
2026-01-24 02:05:10,079 | WARNING |   VOLUME SANITY REJECT: BCH-USD 2026-01-23 06:00:00 volume=0.00 < threshold=1000 (source=ALPACA)
2026-01-24 02:05:10,079 | WARNING |   VOLUME SANITY REJECT: BCH-USD 2026-01-23 07:00:00 volume=0.02 < threshold=1000 (source=ALPACA)
2026-01-24 02:05:10,089 | WARNING |   VOLUME SANITY REJECT: BCH-USD 2026-01-23 08:00:00 volume=0.00 < threshold=1000 (source=ALPACA)
2026-01-24 02:05:10,089 | WARNING |   VOLUME SANITY REJECT: BCH-USD 2026-01-23 09:00:00 volume=0.00 < threshold=1000 (source=ALPACA)
2026-01-24 02:05:10,089 | WARNING |   VOLUME SANITY REJECT: BCH-USD 2026-01-23 10:00:00 volume=0.00 < threshold=1000 (source=ALPACA)
2026-01-24 02:05:10,089 | WARNING |   VOLUME SANITY REJECT: BCH-USD 2026-01-23 11:00:00 volume=0.00 < threshold=1000 (source=ALPACA)
2026-01-24 02:05:10,089 | WARNING |   VOLUME SANITY REJECT: BCH-USD 2026-01-23 12:00:00 volume=0.01 < threshold=1000 (source=ALPACA)
2026-01-24 02:05:10,089 | WARNING |   VOLUME SANITY REJECT: BCH-USD 2026-01-23 13:00:00 volume=0.04 < threshold=1000 (source=ALPACA)
2026-01-24 02:05:10,089 | WARNING |   VOLUME SANITY REJECT: BCH-USD 2026-01-23 14:00:00 volume=0.00 < threshold=1000 (source=ALPACA)
2026-01-24 02:05:10,089 | WARNING |   VOLUME SANITY REJECT: BCH-USD 2026-01-23 15:00:00 volume=0.00 < threshold=1000 (source=ALPACA)
2026-01-24 02:05:10,089 | WARNING |   VOLUME SANITY REJECT: BCH-USD 2026-01-23 16:00:00 volume=0.01 < threshold=1000 (source=ALPACA)
2026-01-24 02:05:10,089 | WARNING |   VOLUME SANITY REJECT: BCH-USD 2026-01-23 17:00:00 volume=0.01 < threshold=1000 (source=ALPACA)
2026-01-24 02:05:10,089 | WARNING |   VOLUME SANITY REJECT: BCH-USD 2026-01-23 18:00:00 volume=0.17 < threshold=1000 (source=ALPACA)
2026-01-24 02:05:10,089 | WARNING |   VOLUME SANITY REJECT: BCH-USD 2026-01-23 19:00:00 volume=0.00 < threshold=1000 (source=ALPACA)
2026-01-24 02:05:10,089 | WARNING |   VOLUME SANITY REJECT: BCH-USD 2026-01-23 20:00:00 volume=0.00 < threshold=1000 (source=ALPACA)
2026-01-24 02:05:10,089 | WARNING |   VOLUME SANITY REJECT: BCH-USD 2026-01-23 21:00:00 volume=0.04 < threshold=1000 (source=ALPACA)
2026-01-24 02:05:10,089 | WARNING |   VOLUME SANITY REJECT: BCH-USD 2026-01-23 22:00:00 volume=0.01 < threshold=1000 (source=ALPACA)
2026-01-24 02:05:10,089 | WARNING |   VOLUME SANITY REJECT: BCH-USD 2026-01-23 23:00:00 volume=0.00 < threshold=1000 (source=ALPACA)
2026-01-24 02:05:10,099 | WARNING |   VOLUME SANITY REJECT: BCH-USD 2026-01-24 00:00:00 volume=0.01 < threshold=1000 (source=ALPACA)
2026-01-24 02:05:10,099 | WARNING |   [BCH-USD] ALL 23 rows REJECTED by volume sanity check (source=ALPACA)
2026-01-24 02:05:10,099 | WARNING |   [BCH-USD] 0 rows written despite 23 bars received
2026-01-24 02:05:10,601 | INFO |   [BNB-USD] Stale (25.1h > 6h) - fetching
2026-01-24 02:05:10,725 | WARNING |   [BNB-USD] No data from Alpaca (STALE)
2026-01-24 02:05:11,231 | INFO |   [BTC-USD] Stale (25.1h > 6h) - fetching
2026-01-24 02:05:11,369 | WARNING |   VOLUME SANITY REJECT: BTC-USD 2026-01-23 02:00:00 volume=0.00 < threshold=1000 (source=ALPACA)
2026-01-24 02:05:11,369 | WARNING |   VOLUME SANITY REJECT: BTC-USD 2026-01-23 03:00:00 volume=0.00 < threshold=1000 (source=ALPACA)
2026-01-24 02:05:11,369 | WARNING |   VOLUME SANITY REJECT: BTC-USD 2026-01-23 04:00:00 volume=0.06 < threshold=1000 (source=ALPACA)
2026-01-24 02:05:11,369 | WARNING |   VOLUME SANITY REJECT: BTC-USD 2026-01-23 05:00:00 volume=0.21 < threshold=1000 (source=ALPACA)
2026-01-24 02:05:11,369 | WARNING |   VOLUME SANITY REJECT: BTC-USD 2026-01-23 06:00:00 volume=0.00 < threshold=1000 (source=ALPACA)
2026-01-24 02:05:11,369 | WARNING |   VOLUME SANITY REJECT: BTC-USD 2026-01-23 07:00:00 volume=0.01 < threshold=1000 (source=ALPACA)
2026-01-24 02:05:11,373 | WARNING |   VOLUME SANITY REJECT: BTC-USD 2026-01-23 08:00:00 volume=0.04 < threshold=1000 (source=ALPACA)
2026-01-24 02:05:11,373 | WARNING |   VOLUME SANITY REJECT: BTC-USD 2026-01-23 09:00:00 volume=0.02 < threshold=1000 (source=ALPACA)
2026-01-24 02:05:11,373 | WARNING |   VOLUME SANITY REJECT: BTC-USD 2026-01-23 10:00:00 volume=0.00 < threshold=1000 (source=ALPACA)
2026-01-24 02:05:11,373 | WARNING |   VOLUME SANITY REJECT: BTC-USD 2026-01-23 11:00:00 volume=0.59 < threshold=1000 (source=ALPACA)
2026-01-24 02:05:11,373 | WARNING |   VOLUME SANITY REJECT: BTC-USD 2026-01-23 12:00:00 volume=0.04 < threshold=1000 (source=ALPACA)
2026-01-24 02:05:11,373 | WARNING |   VOLUME SANITY REJECT: BTC-USD 2026-01-23 13:00:00 volume=0.00 < threshold=1000 (source=ALPACA)
2026-01-24 02:05:11,373 | WARNING |   VOLUME SANITY REJECT: BTC-USD 2026-01-23 14:00:00 volume=0.04 < threshold=1000 (source=ALPACA)
2026-01-24 02:05:11,373 | WARNING |   VOLUME SANITY REJECT: BTC-USD 2026-01-23 15:00:00 volume=0.02 < threshold=1000 (source=ALPACA)
2026-01-24 02:05:11,373 | WARNING |   VOLUME SANITY REJECT: BTC-USD 2026-01-23 16:00:00 volume=0.34 < threshold=1000 (source=ALPACA)
2026-01-24 02:05:11,373 | WARNING |   VOLUME SANITY REJECT: BTC-USD 2026-01-23 17:00:00 volume=0.87 < threshold=1000 (source=ALPACA)
2026-01-24 02:05:11,373 | WARNING |   VOLUME SANITY REJECT: BTC-USD 2026-01-23 18:00:00 volume=0.00 < threshold=1000 (source=ALPACA)
2026-01-24 02:05:11,373 | WARNING |   VOLUME SANITY REJECT: BTC-USD 2026-01-23 19:00:00 volume=0.16 < threshold=1000 (source=ALPACA)
2026-01-24 02:05:11,373 | WARNING |   VOLUME SANITY REJECT: BTC-USD 2026-01-23 20:00:00 volume=0.02 < threshold=1000 (source=ALPACA)
2026-01-24 02:05:11,373 | WARNING |   VOLUME SANITY REJECT: BTC-USD 2026-01-23 21:00:00 volume=0.03 < threshold=1000 (source=ALPACA)
2026-01-24 02:05:11,373 | WARNING |   VOLUME SANITY REJECT: BTC-USD 2026-01-23 22:00:00 volume=0.00 < threshold=1000 (source=ALPACA)
2026-01-24 02:05:11,373 | WARNING |   VOLUME SANITY REJECT: BTC-USD 2026-01-23 23:00:00 volume=0.00 < threshold=1000 (source=ALPACA)
2026-01-24 02:05:11,383 | WARNING |   VOLUME SANITY REJECT: BTC-USD 2026-01-24 00:00:00 volume=0.02 < threshold=1000 (source=ALPACA)
2026-01-24 02:05:11,383 | WARNING |   VOLUME SANITY REJECT: BTC-USD 2026-01-24 01:00:00 volume=0.00 < threshold=1000 (source=ALPACA)
2026-01-24 02:05:11,383 | WARNING |   [BTC-USD] ALL 24 rows REJECTED by volume sanity check (source=ALPACA)
2026-01-24 02:05:11,383 | WARNING |   [BTC-USD] 0 rows written despite 24 bars received
2026-01-24 02:05:11,885 | INFO |   [CHZ-USD] Stale (25.1h > 6h) - fetching
2026-01-24 02:05:12,009 | WARNING |   [CHZ-USD] No data from Alpaca (STALE)
2026-01-24 02:05:12,515 | INFO |   [CRO-USD] Stale (25.1h > 6h) - fetching
2026-01-24 02:05:12,637 | WARNING |   [CRO-USD] No data from Alpaca (STALE)
2026-01-24 02:05:13,141 | INFO |   [CRV-USD] Stale (25.1h > 6h) - fetching
2026-01-24 02:05:13,283 | WARNING |   VOLUME SANITY REJECT: CRV-USD 2026-01-23 02:00:00 volume=0.00 < threshold=1000 (source=ALPACA)
2026-01-24 02:05:13,284 | WARNING |   VOLUME SANITY REJECT: CRV-USD 2026-01-23 03:00:00 volume=0.00 < threshold=1000 (source=ALPACA)
2026-01-24 02:05:13,287 | WARNING |   VOLUME SANITY REJECT: CRV-USD 2026-01-23 04:00:00 volume=0.00 < threshold=1000 (source=ALPACA)
2026-01-24 02:05:13,288 | WARNING |   VOLUME SANITY REJECT: CRV-USD 2026-01-23 05:00:00 volume=0.00 < threshold=1000 (source=ALPACA)
2026-01-24 02:05:13,289 | WARNING |   VOLUME SANITY REJECT: CRV-USD 2026-01-23 06:00:00 volume=0.00 < threshold=1000 (source=ALPACA)
2026-01-24 02:05:13,290 | WARNING |   VOLUME SANITY REJECT: CRV-USD 2026-01-23 07:00:00 volume=0.00 < threshold=1000 (source=ALPACA)
2026-01-24 02:05:13,293 | WARNING |   VOLUME SANITY REJECT: CRV-USD 2026-01-23 08:00:00 volume=0.00 < threshold=1000 (source=ALPACA)
2026-01-24 02:05:13,294 | WARNING |   VOLUME SANITY REJECT: CRV-USD 2026-01-23 09:00:00 volume=0.00 < threshold=1000 (source=ALPACA)
2026-01-24 02:05:13,295 | WARNING |   VOLUME SANITY REJECT: CRV-USD 2026-01-23 10:00:00 volume=0.00 < threshold=1000 (source=ALPACA)
2026-01-24 02:05:13,296 | WARNING |   VOLUME SANITY REJECT: CRV-USD 2026-01-23 11:00:00 volume=0.00 < threshold=1000 (source=ALPACA)
2026-01-24 02:05:13,297 | WARNING |   VOLUME SANITY REJECT: CRV-USD 2026-01-23 12:00:00 volume=0.00 < threshold=1000 (source=ALPACA)
2026-01-24 02:05:13,298 | WARNING |   VOLUME SANITY REJECT: CRV-USD 2026-01-23 13:00:00 volume=0.00 < threshold=1000 (source=ALPACA)
2026-01-24 02:05:13,299 | WARNING |   VOLUME SANITY REJECT: CRV-USD 2026-01-23 14:00:00 volume=0.00 < threshold=1000 (source=ALPACA)
2026-01-24 02:05:13,299 | WARNING |   VOLUME SANITY REJECT: CRV-USD 2026-01-23 15:00:00 volume=0.00 < threshold=1000 (source=ALPACA)
2026-01-24 02:05:13,301 | WARNING |   VOLUME SANITY REJECT: CRV-USD 2026-01-23 16:00:00 volume=69.54 < threshold=1000 (source=ALPACA)
2026-01-24 02:05:13,301 | WARNING |   VOLUME SANITY REJECT: CRV-USD 2026-01-23 17:00:00 volume=0.00 < threshold=1000 (source=ALPACA)
2026-01-24 02:05:13,302 | WARNING |   VOLUME SANITY REJECT: CRV-USD 2026-01-23 18:00:00 volume=0.00 < threshold=1000 (source=ALPACA)
2026-01-24 02:05:13,303 | WARNING |   VOLUME SANITY REJECT: CRV-USD 2026-01-23 19:00:00 volume=200.00 < threshold=1000 (source=ALPACA)
2026-01-24 02:05:13,304 | WARNING |   VOLUME SANITY REJECT: CRV-USD 2026-01-23 20:00:00 volume=103.23 < threshold=1000 (source=ALPACA)
2026-01-24 02:05:13,305 | WARNING |   VOLUME SANITY REJECT: CRV-USD 2026-01-23 21:00:00 volume=0.00 < threshold=1000 (source=ALPACA)
2026-01-24 02:05:13,305 | WARNING |   VOLUME SANITY REJECT: CRV-USD 2026-01-23 22:00:00 volume=0.00 < threshold=1000 (source=ALPACA)
2026-01-24 02:05:13,306 | WARNING |   VOLUME SANITY REJECT: CRV-USD 2026-01-23 23:00:00 volume=0.00 < threshold=1000 (source=ALPACA)
2026-01-24 02:05:13,308 | WARNING |   VOLUME SANITY REJECT: CRV-USD 2026-01-24 00:00:00 volume=0.00 < threshold=1000 (source=ALPACA)
2026-01-24 02:05:13,309 | WARNING |   VOLUME SANITY REJECT: CRV-USD 2026-01-24 01:00:00 volume=0.00 < threshold=1000 (source=ALPACA)
2026-01-24 02:05:13,309 | WARNING |   [CRV-USD] ALL 24 rows REJECTED by volume sanity check (source=ALPACA)
2026-01-24 02:05:13,310 | WARNING |   [CRV-USD] 0 rows written despite 24 bars received
2026-01-24 02:05:13,810 | INFO |   [DOGE-USD] Stale (6.1h > 6h) - fetching
2026-01-24 02:05:13,947 | WARNING |   VOLUME SANITY REJECT: DOGE-USD 2026-01-23 03:00:00 volume=0.00 < threshold=1000 (source=ALPACA)
2026-01-24 02:05:13,948 | WARNING |   VOLUME SANITY REJECT: DOGE-USD 2026-01-23 04:00:00 volume=84.51 < threshold=1000 (source=ALPACA)
2026-01-24 02:05:13,949 | WARNING |   VOLUME SANITY REJECT: DOGE-USD 2026-01-23 06:00:00 volume=7.82 < threshold=1000 (source=ALPACA)
2026-01-24 02:05:13,950 | WARNING |   VOLUME SANITY REJECT: DOGE-USD 2026-01-23 07:00:00 volume=0.00 < threshold=1000 (source=ALPACA)
2026-01-24 02:05:13,951 | WARNING |   VOLUME SANITY REJECT: DOGE-USD 2026-01-23 08:00:00 volume=0.00 < threshold=1000 (source=ALPACA)
2026-01-24 02:05:13,951 | WARNING |   VOLUME SANITY REJECT: DOGE-USD 2026-01-23 09:00:00 volume=0.00 < threshold=1000 (source=ALPACA)
2026-01-24 02:05:13,951 | WARNING |   VOLUME SANITY REJECT: DOGE-USD 2026-01-23 10:00:00 volume=0.00 < threshold=1000 (source=ALPACA)
2026-01-24 02:05:13,952 | WARNING |   VOLUME SANITY REJECT: DOGE-USD 2026-01-23 11:00:00 volume=0.00 < threshold=1000 (source=ALPACA)
2026-01-24 02:05:13,953 | WARNING |   VOLUME SANITY REJECT: DOGE-USD 2026-01-23 12:00:00 volume=0.00 < threshold=1000 (source=ALPACA)
2026-01-24 02:05:13,953 | WARNING |   VOLUME SANITY REJECT: DOGE-USD 2026-01-23 13:00:00 volume=92.94 < threshold=1000 (source=ALPACA)
2026-01-24 02:05:13,953 | WARNING |   VOLUME SANITY REJECT: DOGE-USD 2026-01-23 15:00:00 volume=0.00 < threshold=1000 (source=ALPACA)
2026-01-24 02:05:13,953 | WARNING |   VOLUME SANITY REJECT: DOGE-USD 2026-01-23 20:00:00 volume=28.13 < threshold=1000 (source=ALPACA)
2026-01-24 02:05:13,953 | WARNING |   VOLUME SANITY REJECT: DOGE-USD 2026-01-23 21:00:00 volume=203.00 < threshold=1000 (source=ALPACA)
2026-01-24 02:05:13,953 | WARNING |   VOLUME SANITY REJECT: DOGE-USD 2026-01-23 22:00:00 volume=8.01 < threshold=1000 (source=ALPACA)
2026-01-24 02:05:13,953 | WARNING |   VOLUME SANITY REJECT: DOGE-USD 2026-01-23 23:00:00 volume=0.00 < threshold=1000 (source=ALPACA)
2026-01-24 02:05:13,953 | WARNING |   VOLUME SANITY REJECT: DOGE-USD 2026-01-24 01:00:00 volume=387.79 < threshold=1000 (source=ALPACA)
2026-01-24 02:05:14,014 | WARNING |   [DOGE-USD] 16 rows REJECTED by volume sanity, 8 rows INSERTED (source=ALPACA)
2026-01-24 02:05:14,014 | INFO |   [DOGE-USD] +8 rows via ALPACA (latest: 2026-01-24 01:00:00+00:00)
2026-01-24 02:05:14,515 | INFO |   [DOT-USD] Stale (25.1h > 6h) - fetching
2026-01-24 02:05:14,651 | WARNING |   VOLUME SANITY REJECT: DOT-USD 2026-01-23 02:00:00 volume=0.00 < threshold=1000 (source=ALPACA)
2026-01-24 02:05:14,652 | WARNING |   VOLUME SANITY REJECT: DOT-USD 2026-01-23 03:00:00 volume=2.70 < threshold=1000 (source=ALPACA)
2026-01-24 02:05:14,652 | WARNING |   VOLUME SANITY REJECT: DOT-USD 2026-01-23 04:00:00 volume=1.37 < threshold=1000 (source=ALPACA)
2026-01-24 02:05:14,653 | WARNING |   VOLUME SANITY REJECT: DOT-USD 2026-01-23 05:00:00 volume=7.55 < threshold=1000 (source=ALPACA)
2026-01-24 02:05:14,654 | WARNING |   VOLUME SANITY REJECT: DOT-USD 2026-01-23 06:00:00 volume=0.00 < threshold=1000 (source=ALPACA)
2026-01-24 02:05:14,654 | WARNING |   VOLUME SANITY REJECT: DOT-USD 2026-01-23 07:00:00 volume=261.07 < threshold=1000 (source=ALPACA)
2026-01-24 02:05:14,655 | WARNING |   VOLUME SANITY REJECT: DOT-USD 2026-01-23 08:00:00 volume=0.00 < threshold=1000 (source=ALPACA)
2026-01-24 02:05:14,656 | WARNING |   VOLUME SANITY REJECT: DOT-USD 2026-01-23 09:00:00 volume=5.00 < threshold=1000 (source=ALPACA)
2026-01-24 02:05:14,656 | WARNING |   VOLUME SANITY REJECT: DOT-USD 2026-01-23 10:00:00 volume=0.00 < threshold=1000 (source=ALPACA)
2026-01-24 02:05:14,656 | WARNING |   VOLUME SANITY REJECT: DOT-USD 2026-01-23 11:00:00 volume=0.00 < threshold=1000 (source=ALPACA)
2026-01-24 02:05:14,657 | WARNING |   VOLUME SANITY REJECT: DOT-USD 2026-01-23 12:00:00 volume=0.00 < threshold=1000 (source=ALPACA)
2026-01-24 02:05:14,657 | WARNING |   VOLUME SANITY REJECT: DOT-USD 2026-01-23 13:00:00 volume=0.00 < threshold=1000 (source=ALPACA)
2026-01-24 02:05:14,658 | WARNING |   VOLUME SANITY REJECT: DOT-USD 2026-01-23 14:00:00 volume=14.45 < threshold=1000 (source=ALPACA)
2026-01-24 02:05:14,658 | WARNING |   VOLUME SANITY REJECT: DOT-USD 2026-01-23 15:00:00 volume=83.76 < threshold=1000 (source=ALPACA)
2026-01-24 02:05:14,659 | WARNING |   VOLUME SANITY REJECT: DOT-USD 2026-01-23 16:00:00 volume=44.08 < threshold=1000 (source=ALPACA)
2026-01-24 02:05:14,659 | WARNING |   VOLUME SANITY REJECT: DOT-USD 2026-01-23 17:00:00 volume=4.23 < threshold=1000 (source=ALPACA)
2026-01-24 02:05:14,660 | WARNING |   VOLUME SANITY REJECT: DOT-USD 2026-01-23 18:00:00 volume=26.87 < threshold=1000 (source=ALPACA)
2026-01-24 02:05:14,661 | WARNING |   VOLUME SANITY REJECT: DOT-USD 2026-01-23 19:00:00 volume=43.71 < threshold=1000 (source=ALPACA)
2026-01-24 02:05:14,662 | WARNING |   VOLUME SANITY REJECT: DOT-USD 2026-01-23 20:00:00 volume=0.00 < threshold=1000 (source=ALPACA)
2026-01-24 02:05:14,663 | WARNING |   VOLUME SANITY REJECT: DOT-USD 2026-01-23 21:00:00 volume=0.00 < threshold=1000 (source=ALPACA)
2026-01-24 02:05:14,663 | WARNING |   VOLUME SANITY REJECT: DOT-USD 2026-01-23 22:00:00 volume=13.44 < threshold=1000 (source=ALPACA)
2026-01-24 02:05:14,664 | WARNING |   VOLUME SANITY REJECT: DOT-USD 2026-01-23 23:00:00 volume=0.00 < threshold=1000 (source=ALPACA)
2026-01-24 02:05:14,665 | WARNING |   VOLUME SANITY REJECT: DOT-USD 2026-01-24 00:00:00 volume=8.57 < threshold=1000 (source=ALPACA)
2026-01-24 02:05:14,665 | WARNING |   VOLUME SANITY REJECT: DOT-USD 2026-01-24 01:00:00 volume=0.00 < threshold=1000 (source=ALPACA)
2026-01-24 02:05:14,666 | WARNING |   [DOT-USD] ALL 24 rows REJECTED by volume sanity check (source=ALPACA)
2026-01-24 02:05:14,667 | WARNING |   [DOT-USD] 0 rows written despite 24 bars received
2026-01-24 02:05:15,170 | INFO |   [EOS-USD] Stale (25.1h > 6h) - fetching
2026-01-24 02:05:15,293 | WARNING |   [EOS-USD] No data from Alpaca (STALE)
2026-01-24 02:05:15,798 | INFO |   [ETC-USD] Stale (25.1h > 6h) - fetching
2026-01-24 02:05:15,932 | WARNING |   [ETC-USD] No data from Alpaca (STALE)
2026-01-24 02:05:16,437 | INFO |   [ETH-USD] Stale (25.1h > 6h) - fetching
2026-01-24 02:05:16,591 | WARNING |   VOLUME SANITY REJECT: ETH-USD 2026-01-23 02:00:00 volume=0.09 < threshold=1000 (source=ALPACA)
2026-01-24 02:05:16,591 | WARNING |   VOLUME SANITY REJECT: ETH-USD 2026-01-23 03:00:00 volume=0.02 < threshold=1000 (source=ALPACA)
2026-01-24 02:05:16,591 | WARNING |   VOLUME SANITY REJECT: ETH-USD 2026-01-23 04:00:00 volume=0.04 < threshold=1000 (source=ALPACA)
2026-01-24 02:05:16,591 | WARNING |   VOLUME SANITY REJECT: ETH-USD 2026-01-23 05:00:00 volume=0.69 < threshold=1000 (source=ALPACA)
2026-01-24 02:05:16,591 | WARNING |   VOLUME SANITY REJECT: ETH-USD 2026-01-23 06:00:00 volume=0.00 < threshold=1000 (source=ALPACA)
2026-01-24 02:05:16,591 | WARNING |   VOLUME SANITY REJECT: ETH-USD 2026-01-23 07:00:00 volume=0.01 < threshold=1000 (source=ALPACA)
2026-01-24 02:05:16,591 | WARNING |   VOLUME SANITY REJECT: ETH-USD 2026-01-23 08:00:00 volume=0.13 < threshold=1000 (source=ALPACA)
2026-01-24 02:05:16,591 | WARNING |   VOLUME SANITY REJECT: ETH-USD 2026-01-23 09:00:00 volume=0.53 < threshold=1000 (source=ALPACA)
2026-01-24 02:05:16,591 | WARNING |   VOLUME SANITY REJECT: ETH-USD 2026-01-23 10:00:00 volume=0.06 < threshold=1000 (source=ALPACA)
2026-01-24 02:05:16,591 | WARNING |   VOLUME SANITY REJECT: ETH-USD 2026-01-23 11:00:00 volume=0.26 < threshold=1000 (source=ALPACA)
2026-01-24 02:05:16,591 | WARNING |   VOLUME SANITY REJECT: ETH-USD 2026-01-23 12:00:00 volume=0.02 < threshold=1000 (source=ALPACA)
2026-01-24 02:05:16,591 | WARNING |   VOLUME SANITY REJECT: ETH-USD 2026-01-23 13:00:00 volume=24.04 < threshold=1000 (source=ALPACA)
2026-01-24 02:05:16,591 | WARNING |   VOLUME SANITY REJECT: ETH-USD 2026-01-23 14:00:00 volume=0.23 < threshold=1000 (source=ALPACA)
2026-01-24 02:05:16,591 | WARNING |   VOLUME SANITY REJECT: ETH-USD 2026-01-23 15:00:00 volume=1.87 < threshold=1000 (source=ALPACA)
2026-01-24 02:05:16,591 | WARNING |   VOLUME SANITY REJECT: ETH-USD 2026-01-23 16:00:00 volume=0.16 < threshold=1000 (source=ALPACA)
2026-01-24 02:05:16,591 | WARNING |   VOLUME SANITY REJECT: ETH-USD 2026-01-23 17:00:00 volume=3.10 < threshold=1000 (source=ALPACA)
2026-01-24 02:05:16,591 | WARNING |   VOLUME SANITY REJECT: ETH-USD 2026-01-23 18:00:00 volume=0.06 < threshold=1000 (source=ALPACA)
2026-01-24 02:05:16,601 | WARNING |   VOLUME SANITY REJECT: ETH-USD 2026-01-23 19:00:00 volume=0.80 < threshold=1000 (source=ALPACA)
2026-01-24 02:05:16,602 | WARNING |   VOLUME SANITY REJECT: ETH-USD 2026-01-23 20:00:00 volume=0.01 < threshold=1000 (source=ALPACA)
2026-01-24 02:05:16,602 | WARNING |   VOLUME SANITY REJECT: ETH-USD 2026-01-23 21:00:00 volume=0.01 < threshold=1000 (source=ALPACA)
2026-01-24 02:05:16,602 | WARNING |   VOLUME SANITY REJECT: ETH-USD 2026-01-23 22:00:00 volume=0.01 < threshold=1000 (source=ALPACA)
2026-01-24 02:05:16,602 | WARNING |   VOLUME SANITY REJECT: ETH-USD 2026-01-23 23:00:00 volume=0.01 < threshold=1000 (source=ALPACA)
2026-01-24 02:05:16,602 | WARNING |   VOLUME SANITY REJECT: ETH-USD 2026-01-24 00:00:00 volume=0.07 < threshold=1000 (source=ALPACA)
2026-01-24 02:05:16,602 | WARNING |   VOLUME SANITY REJECT: ETH-USD 2026-01-24 01:00:00 volume=0.00 < threshold=1000 (source=ALPACA)
2026-01-24 02:05:16,602 | WARNING |   [ETH-USD] ALL 24 rows REJECTED by volume sanity check (source=ALPACA)
2026-01-24 02:05:16,602 | WARNING |   [ETH-USD] 0 rows written despite 24 bars received
2026-01-24 02:05:17,110 | INFO |   [FIL-USD] Stale (25.1h > 6h) - fetching
2026-01-24 02:05:17,233 | WARNING |   [FIL-USD] No data from Alpaca (STALE)
2026-01-24 02:05:17,735 | INFO |   [FLOW-USD] Stale (25.1h > 6h) - fetching
2026-01-24 02:05:17,863 | WARNING |   [FLOW-USD] No data from Alpaca (STALE)
2026-01-24 02:05:18,371 | INFO |   [GRT-USD] Stale (10.1h > 6h) - fetching
2026-01-24 02:05:18,512 | WARNING |   VOLUME SANITY REJECT: GRT-USD 2026-01-23 02:00:00 volume=0.00 < threshold=1000 (source=ALPACA)
2026-01-24 02:05:18,522 | WARNING |   VOLUME SANITY REJECT: GRT-USD 2026-01-23 03:00:00 volume=0.00 < threshold=1000 (source=ALPACA)
2026-01-24 02:05:18,522 | WARNING |   VOLUME SANITY REJECT: GRT-USD 2026-01-23 04:00:00 volume=0.00 < threshold=1000 (source=ALPACA)
2026-01-24 02:05:18,522 | WARNING |   VOLUME SANITY REJECT: GRT-USD 2026-01-23 05:00:00 volume=0.00 < threshold=1000 (source=ALPACA)
2026-01-24 02:05:18,522 | WARNING |   VOLUME SANITY REJECT: GRT-USD 2026-01-23 06:00:00 volume=909.46 < threshold=1000 (source=ALPACA)
2026-01-24 02:05:18,522 | WARNING |   VOLUME SANITY REJECT: GRT-USD 2026-01-23 07:00:00 volume=61.35 < threshold=1000 (source=ALPACA)
2026-01-24 02:05:18,522 | WARNING |   VOLUME SANITY REJECT: GRT-USD 2026-01-23 08:00:00 volume=0.00 < threshold=1000 (source=ALPACA)
2026-01-24 02:05:18,522 | WARNING |   VOLUME SANITY REJECT: GRT-USD 2026-01-23 09:00:00 volume=0.00 < threshold=1000 (source=ALPACA)
2026-01-24 02:05:18,522 | WARNING |   VOLUME SANITY REJECT: GRT-USD 2026-01-23 10:00:00 volume=0.00 < threshold=1000 (source=ALPACA)
2026-01-24 02:05:18,557 | WARNING |   VOLUME SANITY REJECT: GRT-USD 2026-01-23 11:00:00 volume=0.00 < threshold=1000 (source=ALPACA)
2026-01-24 02:05:18,558 | WARNING |   VOLUME SANITY REJECT: GRT-USD 2026-01-23 12:00:00 volume=0.00 < threshold=1000 (source=ALPACA)
2026-01-24 02:05:18,559 | WARNING |   VOLUME SANITY REJECT: GRT-USD 2026-01-23 13:00:00 volume=0.00 < threshold=1000 (source=ALPACA)
2026-01-24 02:05:18,560 | WARNING |   VOLUME SANITY REJECT: GRT-USD 2026-01-23 14:00:00 volume=0.00 < threshold=1000 (source=ALPACA)
2026-01-24 02:05:18,562 | WARNING |   VOLUME SANITY REJECT: GRT-USD 2026-01-23 16:00:00 volume=52.46 < threshold=1000 (source=ALPACA)
2026-01-24 02:05:18,563 | WARNING |   VOLUME SANITY REJECT: GRT-USD 2026-01-23 17:00:00 volume=0.00 < threshold=1000 (source=ALPACA)
2026-01-24 02:05:18,564 | WARNING |   VOLUME SANITY REJECT: GRT-USD 2026-01-23 18:00:00 volume=0.00 < threshold=1000 (source=ALPACA)
2026-01-24 02:05:18,565 | WARNING |   VOLUME SANITY REJECT: GRT-USD 2026-01-23 19:00:00 volume=26.39 < threshold=1000 (source=ALPACA)
2026-01-24 02:05:18,567 | WARNING |   VOLUME SANITY REJECT: GRT-USD 2026-01-23 20:00:00 volume=0.00 < threshold=1000 (source=ALPACA)
2026-01-24 02:05:18,568 | WARNING |   VOLUME SANITY REJECT: GRT-USD 2026-01-23 21:00:00 volume=0.00 < threshold=1000 (source=ALPACA)
2026-01-24 02:05:18,569 | WARNING |   VOLUME SANITY REJECT: GRT-USD 2026-01-23 22:00:00 volume=0.00 < threshold=1000 (source=ALPACA)
2026-01-24 02:05:18,571 | WARNING |   VOLUME SANITY REJECT: GRT-USD 2026-01-23 23:00:00 volume=0.00 < threshold=1000 (source=ALPACA)
2026-01-24 02:05:18,572 | WARNING |   VOLUME SANITY REJECT: GRT-USD 2026-01-24 00:00:00 volume=0.00 < threshold=1000 (source=ALPACA)
2026-01-24 02:05:18,574 | WARNING |   VOLUME SANITY REJECT: GRT-USD 2026-01-24 01:00:00 volume=0.00 < threshold=1000 (source=ALPACA)
2026-01-24 02:05:18,576 | WARNING |   [GRT-USD] 23 rows REJECTED by volume sanity, 1 rows INSERTED (source=ALPACA)
2026-01-24 02:05:18,578 | INFO |   [GRT-USD] +1 rows via ALPACA (latest: 2026-01-24 01:00:00+00:00)
2026-01-24 02:05:19,115 | INFO |   [HBAR-USD] Stale (25.1h > 6h) - fetching
2026-01-24 02:05:19,328 | WARNING |   [HBAR-USD] No data from Alpaca (STALE)
2026-01-24 02:05:19,881 | INFO |   [ICP-USD] Stale (25.1h > 6h) - fetching
2026-01-24 02:05:20,045 | WARNING |   [ICP-USD] No data from Alpaca (STALE)
2026-01-24 02:05:20,550 | INFO |   [INJ-USD] Stale (25.1h > 6h) - fetching
2026-01-24 02:05:20,682 | WARNING |   [INJ-USD] No data from Alpaca (STALE)
2026-01-24 02:05:21,191 | INFO |   [LDO-USD] Stale (25.1h > 6h) - fetching
2026-01-24 02:05:21,314 | WARNING |   [LDO-USD] No data from Alpaca (STALE)
2026-01-24 02:05:21,830 | INFO |   [LINK-USD] Stale (25.1h > 6h) - fetching
2026-01-24 02:05:21,964 | WARNING |   VOLUME SANITY REJECT: LINK-USD 2026-01-23 02:00:00 volume=0.00 < threshold=1000 (source=ALPACA)
2026-01-24 02:05:22,056 | WARNING |   VOLUME SANITY REJECT: LINK-USD 2026-01-23 03:00:00 volume=3.38 < threshold=1000 (source=ALPACA)
2026-01-24 02:05:22,092 | WARNING |   VOLUME SANITY REJECT: LINK-USD 2026-01-23 04:00:00 volume=0.81 < threshold=1000 (source=ALPACA)
2026-01-24 02:05:22,119 | WARNING |   VOLUME SANITY REJECT: LINK-USD 2026-01-23 05:00:00 volume=23.14 < threshold=1000 (source=ALPACA)
2026-01-24 02:05:22,119 | WARNING |   VOLUME SANITY REJECT: LINK-USD 2026-01-23 06:00:00 volume=3.34 < threshold=1000 (source=ALPACA)
2026-01-24 02:05:22,119 | WARNING |   VOLUME SANITY REJECT: LINK-USD 2026-01-23 07:00:00 volume=3.39 < threshold=1000 (source=ALPACA)
2026-01-24 02:05:22,131 | WARNING |   VOLUME SANITY REJECT: LINK-USD 2026-01-23 08:00:00 volume=0.00 < threshold=1000 (source=ALPACA)
2026-01-24 02:05:22,141 | WARNING |   VOLUME SANITY REJECT: LINK-USD 2026-01-23 09:00:00 volume=0.00 < threshold=1000 (source=ALPACA)
2026-01-24 02:05:22,162 | WARNING |   VOLUME SANITY REJECT: LINK-USD 2026-01-23 10:00:00 volume=9.12 < threshold=1000 (source=ALPACA)
2026-01-24 02:05:22,178 | WARNING |   VOLUME SANITY REJECT: LINK-USD 2026-01-23 11:00:00 volume=0.00 < threshold=1000 (source=ALPACA)
2026-01-24 02:05:22,180 | WARNING |   VOLUME SANITY REJECT: LINK-USD 2026-01-23 12:00:00 volume=3.41 < threshold=1000 (source=ALPACA)
2026-01-24 02:05:22,185 | WARNING |   VOLUME SANITY REJECT: LINK-USD 2026-01-23 13:00:00 volume=0.00 < threshold=1000 (source=ALPACA)
2026-01-24 02:05:22,186 | WARNING |   VOLUME SANITY REJECT: LINK-USD 2026-01-23 14:00:00 volume=4.19 < threshold=1000 (source=ALPACA)
2026-01-24 02:05:22,186 | WARNING |   VOLUME SANITY REJECT: LINK-USD 2026-01-23 15:00:00 volume=3.27 < threshold=1000 (source=ALPACA)
2026-01-24 02:05:22,186 | WARNING |   VOLUME SANITY REJECT: LINK-USD 2026-01-23 16:00:00 volume=0.00 < threshold=1000 (source=ALPACA)
2026-01-24 02:05:22,186 | WARNING |   VOLUME SANITY REJECT: LINK-USD 2026-01-23 17:00:00 volume=0.00 < threshold=1000 (source=ALPACA)
2026-01-24 02:05:22,186 | WARNING |   VOLUME SANITY REJECT: LINK-USD 2026-01-23 18:00:00 volume=11.57 < threshold=1000 (source=ALPACA)
2026-01-24 02:05:22,186 | WARNING |   VOLUME SANITY REJECT: LINK-USD 2026-01-23 19:00:00 volume=4.07 < threshold=1000 (source=ALPACA)
2026-01-24 02:05:22,186 | WARNING |   VOLUME SANITY REJECT: LINK-USD 2026-01-23 20:00:00 volume=0.10 < threshold=1000 (source=ALPACA)
2026-01-24 02:05:22,186 | WARNING |   VOLUME SANITY REJECT: LINK-USD 2026-01-23 21:00:00 volume=0.00 < threshold=1000 (source=ALPACA)
2026-01-24 02:05:22,186 | WARNING |   VOLUME SANITY REJECT: LINK-USD 2026-01-23 22:00:00 volume=0.69 < threshold=1000 (source=ALPACA)
2026-01-24 02:05:22,186 | WARNING |   VOLUME SANITY REJECT: LINK-USD 2026-01-23 23:00:00 volume=0.00 < threshold=1000 (source=ALPACA)
2026-01-24 02:05:22,193 | WARNING |   VOLUME SANITY REJECT: LINK-USD 2026-01-24 00:00:00 volume=0.00 < threshold=1000 (source=ALPACA)
2026-01-24 02:05:22,193 | WARNING |   VOLUME SANITY REJECT: LINK-USD 2026-01-24 01:00:00 volume=0.00 < threshold=1000 (source=ALPACA)
2026-01-24 02:05:22,193 | WARNING |   [LINK-USD] ALL 24 rows REJECTED by volume sanity check (source=ALPACA)
2026-01-24 02:05:22,193 | WARNING |   [LINK-USD] 0 rows written despite 24 bars received
2026-01-24 02:05:22,696 | INFO |   [LTC-USD] Stale (25.1h > 6h) - fetching
2026-01-24 02:05:22,839 | WARNING |   VOLUME SANITY REJECT: LTC-USD 2026-01-23 02:00:00 volume=0.00 < threshold=1000 (source=ALPACA)
2026-01-24 02:05:22,864 | WARNING |   VOLUME SANITY REJECT: LTC-USD 2026-01-23 03:00:00 volume=0.00 < threshold=1000 (source=ALPACA)
2026-01-24 02:05:22,865 | WARNING |   VOLUME SANITY REJECT: LTC-USD 2026-01-23 04:00:00 volume=0.00 < threshold=1000 (source=ALPACA)
2026-01-24 02:05:22,870 | WARNING |   VOLUME SANITY REJECT: LTC-USD 2026-01-23 05:00:00 volume=3.94 < threshold=1000 (source=ALPACA)
2026-01-24 02:05:22,902 | WARNING |   VOLUME SANITY REJECT: LTC-USD 2026-01-23 06:00:00 volume=0.00 < threshold=1000 (source=ALPACA)
2026-01-24 02:05:22,923 | WARNING |   VOLUME SANITY REJECT: LTC-USD 2026-01-23 07:00:00 volume=0.00 < threshold=1000 (source=ALPACA)
2026-01-24 02:05:22,923 | WARNING |   VOLUME SANITY REJECT: LTC-USD 2026-01-23 08:00:00 volume=0.00 < threshold=1000 (source=ALPACA)
2026-01-24 02:05:22,923 | WARNING |   VOLUME SANITY REJECT: LTC-USD 2026-01-23 09:00:00 volume=11.59 < threshold=1000 (source=ALPACA)
2026-01-24 02:05:23,219 | WARNING |   VOLUME SANITY REJECT: LTC-USD 2026-01-23 10:00:00 volume=0.00 < threshold=1000 (source=ALPACA)
2026-01-24 02:05:23,219 | WARNING |   VOLUME SANITY REJECT: LTC-USD 2026-01-23 11:00:00 volume=0.84 < threshold=1000 (source=ALPACA)
2026-01-24 02:05:23,219 | WARNING |   VOLUME SANITY REJECT: LTC-USD 2026-01-23 12:00:00 volume=0.00 < threshold=1000 (source=ALPACA)
2026-01-24 02:05:23,219 | WARNING |   VOLUME SANITY REJECT: LTC-USD 2026-01-23 13:00:00 volume=0.37 < threshold=1000 (source=ALPACA)
2026-01-24 02:05:23,219 | WARNING |   VOLUME SANITY REJECT: LTC-USD 2026-01-23 14:00:00 volume=0.00 < threshold=1000 (source=ALPACA)
2026-01-24 02:05:23,219 | WARNING |   VOLUME SANITY REJECT: LTC-USD 2026-01-23 15:00:00 volume=0.00 < threshold=1000 (source=ALPACA)
2026-01-24 02:05:23,219 | WARNING |   VOLUME SANITY REJECT: LTC-USD 2026-01-23 16:00:00 volume=162.00 < threshold=1000 (source=ALPACA)
2026-01-24 02:05:23,228 | WARNING |   VOLUME SANITY REJECT: LTC-USD 2026-01-23 17:00:00 volume=0.00 < threshold=1000 (source=ALPACA)
2026-01-24 02:05:23,228 | WARNING |   VOLUME SANITY REJECT: LTC-USD 2026-01-23 18:00:00 volume=2.11 < threshold=1000 (source=ALPACA)
2026-01-24 02:05:23,228 | WARNING |   VOLUME SANITY REJECT: LTC-USD 2026-01-23 19:00:00 volume=15.12 < threshold=1000 (source=ALPACA)
2026-01-24 02:05:23,229 | WARNING |   VOLUME SANITY REJECT: LTC-USD 2026-01-23 20:00:00 volume=5.83 < threshold=1000 (source=ALPACA)
2026-01-24 02:05:23,229 | WARNING |   VOLUME SANITY REJECT: LTC-USD 2026-01-23 21:00:00 volume=0.00 < threshold=1000 (source=ALPACA)
2026-01-24 02:05:23,229 | WARNING |   VOLUME SANITY REJECT: LTC-USD 2026-01-23 22:00:00 volume=0.13 < threshold=1000 (source=ALPACA)
2026-01-24 02:05:23,229 | WARNING |   VOLUME SANITY REJECT: LTC-USD 2026-01-23 23:00:00 volume=0.24 < threshold=1000 (source=ALPACA)
2026-01-24 02:05:23,229 | WARNING |   VOLUME SANITY REJECT: LTC-USD 2026-01-24 00:00:00 volume=0.00 < threshold=1000 (source=ALPACA)
2026-01-24 02:05:23,233 | WARNING |   VOLUME SANITY REJECT: LTC-USD 2026-01-24 01:00:00 volume=0.00 < threshold=1000 (source=ALPACA)
2026-01-24 02:05:23,233 | WARNING |   [LTC-USD] ALL 24 rows REJECTED by volume sanity check (source=ALPACA)
2026-01-24 02:05:23,233 | WARNING |   [LTC-USD] 0 rows written despite 24 bars received
2026-01-24 02:05:23,794 | INFO |   [MANA-USD] Stale (25.1h > 6h) - fetching
2026-01-24 02:05:23,918 | WARNING |   [MANA-USD] No data from Alpaca (STALE)
2026-01-24 02:05:24,424 | INFO |   [MKR-USD] Stale (25.1h > 6h) - fetching
2026-01-24 02:05:24,557 | WARNING |   [MKR-USD] No data from Alpaca (STALE)
2026-01-24 02:05:25,062 | INFO |   [NEAR-USD] Stale (25.1h > 6h) - fetching
2026-01-24 02:05:25,185 | WARNING |   [NEAR-USD] No data from Alpaca (STALE)
2026-01-24 02:05:25,691 | INFO |   [OKB-USD] Stale (25.1h > 6h) - fetching
2026-01-24 02:05:25,813 | WARNING |   [OKB-USD] No data from Alpaca (STALE)
2026-01-24 02:05:26,319 | INFO |   [QNT-USD] Stale (25.1h > 6h) - fetching
2026-01-24 02:05:26,460 | WARNING |   [QNT-USD] No data from Alpaca (STALE)
2026-01-24 02:05:26,966 | INFO |   [RPL-USD] Stale (25.1h > 6h) - fetching
2026-01-24 02:05:27,097 | WARNING |   [RPL-USD] No data from Alpaca (STALE)
2026-01-24 02:05:27,599 | INFO |   [RUNE-USD] Stale (25.1h > 6h) - fetching
2026-01-24 02:05:27,727 | WARNING |   [RUNE-USD] No data from Alpaca (STALE)
2026-01-24 02:05:28,228 | INFO |   [SAND-USD] Stale (25.1h > 6h) - fetching
2026-01-24 02:05:28,353 | WARNING |   [SAND-USD] No data from Alpaca (STALE)
2026-01-24 02:05:28,857 | INFO |   [SNX-USD] Stale (25.1h > 6h) - fetching
2026-01-24 02:05:28,990 | WARNING |   [SNX-USD] No data from Alpaca (STALE)
2026-01-24 02:05:29,491 | INFO |   [SOL-USD] Stale (25.1h > 6h) - fetching
2026-01-24 02:05:29,624 | WARNING |   VOLUME SANITY REJECT: SOL-USD 2026-01-23 02:00:00 volume=2.75 < threshold=1000 (source=ALPACA)
2026-01-24 02:05:29,624 | WARNING |   VOLUME SANITY REJECT: SOL-USD 2026-01-23 03:00:00 volume=0.13 < threshold=1000 (source=ALPACA)
2026-01-24 02:05:29,624 | WARNING |   VOLUME SANITY REJECT: SOL-USD 2026-01-23 04:00:00 volume=20.59 < threshold=1000 (source=ALPACA)
2026-01-24 02:05:29,624 | WARNING |   VOLUME SANITY REJECT: SOL-USD 2026-01-23 05:00:00 volume=2.48 < threshold=1000 (source=ALPACA)
2026-01-24 02:05:29,624 | WARNING |   VOLUME SANITY REJECT: SOL-USD 2026-01-23 06:00:00 volume=0.59 < threshold=1000 (source=ALPACA)
2026-01-24 02:05:29,624 | WARNING |   VOLUME SANITY REJECT: SOL-USD 2026-01-23 07:00:00 volume=0.00 < threshold=1000 (source=ALPACA)
2026-01-24 02:05:29,627 | WARNING |   VOLUME SANITY REJECT: SOL-USD 2026-01-23 08:00:00 volume=2.76 < threshold=1000 (source=ALPACA)
2026-01-24 02:05:29,627 | WARNING |   VOLUME SANITY REJECT: SOL-USD 2026-01-23 09:00:00 volume=1.47 < threshold=1000 (source=ALPACA)
2026-01-24 02:05:29,627 | WARNING |   VOLUME SANITY REJECT: SOL-USD 2026-01-23 10:00:00 volume=3.89 < threshold=1000 (source=ALPACA)
2026-01-24 02:05:29,627 | WARNING |   VOLUME SANITY REJECT: SOL-USD 2026-01-23 11:00:00 volume=0.26 < threshold=1000 (source=ALPACA)
2026-01-24 02:05:29,627 | WARNING |   VOLUME SANITY REJECT: SOL-USD 2026-01-23 12:00:00 volume=136.93 < threshold=1000 (source=ALPACA)
2026-01-24 02:05:29,630 | WARNING |   VOLUME SANITY REJECT: SOL-USD 2026-01-23 13:00:00 volume=1.01 < threshold=1000 (source=ALPACA)
2026-01-24 02:05:29,630 | WARNING |   VOLUME SANITY REJECT: SOL-USD 2026-01-23 14:00:00 volume=0.87 < threshold=1000 (source=ALPACA)
2026-01-24 02:05:29,630 | WARNING |   VOLUME SANITY REJECT: SOL-USD 2026-01-23 15:00:00 volume=13.76 < threshold=1000 (source=ALPACA)
2026-01-24 02:05:29,630 | WARNING |   VOLUME SANITY REJECT: SOL-USD 2026-01-23 16:00:00 volume=0.23 < threshold=1000 (source=ALPACA)
2026-01-24 02:05:29,630 | WARNING |   VOLUME SANITY REJECT: SOL-USD 2026-01-23 17:00:00 volume=0.33 < threshold=1000 (source=ALPACA)
2026-01-24 02:05:29,630 | WARNING |   VOLUME SANITY REJECT: SOL-USD 2026-01-23 18:00:00 volume=0.17 < threshold=1000 (source=ALPACA)
2026-01-24 02:05:29,630 | WARNING |   VOLUME SANITY REJECT: SOL-USD 2026-01-23 19:00:00 volume=13.57 < threshold=1000 (source=ALPACA)
2026-01-24 02:05:29,630 | WARNING |   VOLUME SANITY REJECT: SOL-USD 2026-01-23 20:00:00 volume=4.41 < threshold=1000 (source=ALPACA)
2026-01-24 02:05:29,630 | WARNING |   VOLUME SANITY REJECT: SOL-USD 2026-01-23 21:00:00 volume=1.91 < threshold=1000 (source=ALPACA)
2026-01-24 02:05:29,630 | WARNING |   VOLUME SANITY REJECT: SOL-USD 2026-01-23 22:00:00 volume=0.18 < threshold=1000 (source=ALPACA)
2026-01-24 02:05:29,630 | WARNING |   VOLUME SANITY REJECT: SOL-USD 2026-01-23 23:00:00 volume=0.20 < threshold=1000 (source=ALPACA)
2026-01-24 02:05:29,630 | WARNING |   VOLUME SANITY REJECT: SOL-USD 2026-01-24 00:00:00 volume=1.67 < threshold=1000 (source=ALPACA)
2026-01-24 02:05:29,630 | WARNING |   VOLUME SANITY REJECT: SOL-USD 2026-01-24 01:00:00 volume=0.00 < threshold=1000 (source=ALPACA)
2026-01-24 02:05:29,630 | WARNING |   [SOL-USD] ALL 24 rows REJECTED by volume sanity check (source=ALPACA)
2026-01-24 02:05:29,630 | WARNING |   [SOL-USD] 0 rows written despite 24 bars received
2026-01-24 02:05:30,137 | INFO |   [THETA-USD] Stale (25.1h > 6h) - fetching
2026-01-24 02:05:30,255 | WARNING |   [THETA-USD] No data from Alpaca (STALE)
2026-01-24 02:05:30,762 | INFO |   [TRX-USD] Stale (25.1h > 6h) - fetching
2026-01-24 02:05:30,883 | WARNING |   [TRX-USD] No data from Alpaca (STALE)
2026-01-24 02:05:31,386 | INFO |   [UNI-USD] Stale (46.1h > 6h) - fetching
2026-01-24 02:05:31,519 | WARNING |   VOLUME SANITY REJECT: UNI-USD 2026-01-23 02:00:00 volume=1.94 < threshold=1000 (source=ALPACA)
2026-01-24 02:05:31,519 | WARNING |   VOLUME SANITY REJECT: UNI-USD 2026-01-23 03:00:00 volume=0.00 < threshold=1000 (source=ALPACA)
2026-01-24 02:05:31,519 | WARNING |   VOLUME SANITY REJECT: UNI-USD 2026-01-23 04:00:00 volume=7.57 < threshold=1000 (source=ALPACA)
2026-01-24 02:05:31,519 | WARNING |   VOLUME SANITY REJECT: UNI-USD 2026-01-23 05:00:00 volume=61.94 < threshold=1000 (source=ALPACA)
2026-01-24 02:05:31,519 | WARNING |   VOLUME SANITY REJECT: UNI-USD 2026-01-23 06:00:00 volume=0.00 < threshold=1000 (source=ALPACA)
2026-01-24 02:05:31,519 | WARNING |   VOLUME SANITY REJECT: UNI-USD 2026-01-23 07:00:00 volume=0.00 < threshold=1000 (source=ALPACA)
2026-01-24 02:05:31,519 | WARNING |   VOLUME SANITY REJECT: UNI-USD 2026-01-23 08:00:00 volume=0.00 < threshold=1000 (source=ALPACA)
2026-01-24 02:05:31,519 | WARNING |   VOLUME SANITY REJECT: UNI-USD 2026-01-23 09:00:00 volume=0.00 < threshold=1000 (source=ALPACA)
2026-01-24 02:05:31,519 | WARNING |   VOLUME SANITY REJECT: UNI-USD 2026-01-23 10:00:00 volume=0.00 < threshold=1000 (source=ALPACA)
2026-01-24 02:05:31,519 | WARNING |   VOLUME SANITY REJECT: UNI-USD 2026-01-23 11:00:00 volume=0.00 < threshold=1000 (source=ALPACA)
2026-01-24 02:05:31,519 | WARNING |   VOLUME SANITY REJECT: UNI-USD 2026-01-23 12:00:00 volume=0.00 < threshold=1000 (source=ALPACA)
2026-01-24 02:05:31,519 | WARNING |   VOLUME SANITY REJECT: UNI-USD 2026-01-23 13:00:00 volume=0.00 < threshold=1000 (source=ALPACA)
2026-01-24 02:05:31,519 | WARNING |   VOLUME SANITY REJECT: UNI-USD 2026-01-23 14:00:00 volume=0.00 < threshold=1000 (source=ALPACA)
2026-01-24 02:05:31,519 | WARNING |   VOLUME SANITY REJECT: UNI-USD 2026-01-23 15:00:00 volume=1.52 < threshold=1000 (source=ALPACA)
2026-01-24 02:05:31,519 | WARNING |   VOLUME SANITY REJECT: UNI-USD 2026-01-23 16:00:00 volume=1.09 < threshold=1000 (source=ALPACA)
2026-01-24 02:05:31,519 | WARNING |   VOLUME SANITY REJECT: UNI-USD 2026-01-23 17:00:00 volume=0.00 < threshold=1000 (source=ALPACA)
2026-01-24 02:05:31,519 | WARNING |   VOLUME SANITY REJECT: UNI-USD 2026-01-23 18:00:00 volume=0.00 < threshold=1000 (source=ALPACA)
2026-01-24 02:05:31,519 | WARNING |   VOLUME SANITY REJECT: UNI-USD 2026-01-23 19:00:00 volume=0.00 < threshold=1000 (source=ALPACA)
2026-01-24 02:05:31,519 | WARNING |   VOLUME SANITY REJECT: UNI-USD 2026-01-23 20:00:00 volume=0.48 < threshold=1000 (source=ALPACA)
2026-01-24 02:05:31,529 | WARNING |   VOLUME SANITY REJECT: UNI-USD 2026-01-23 21:00:00 volume=30.34 < threshold=1000 (source=ALPACA)
2026-01-24 02:05:31,529 | WARNING |   VOLUME SANITY REJECT: UNI-USD 2026-01-23 22:00:00 volume=0.00 < threshold=1000 (source=ALPACA)
2026-01-24 02:05:31,529 | WARNING |   VOLUME SANITY REJECT: UNI-USD 2026-01-23 23:00:00 volume=0.00 < threshold=1000 (source=ALPACA)
2026-01-24 02:05:31,529 | WARNING |   VOLUME SANITY REJECT: UNI-USD 2026-01-24 00:00:00 volume=0.00 < threshold=1000 (source=ALPACA)
2026-01-24 02:05:31,529 | WARNING |   VOLUME SANITY REJECT: UNI-USD 2026-01-24 01:00:00 volume=0.00 < threshold=1000 (source=ALPACA)
2026-01-24 02:05:31,529 | WARNING |   [UNI-USD] ALL 24 rows REJECTED by volume sanity check (source=ALPACA)
2026-01-24 02:05:31,529 | WARNING |   [UNI-USD] 0 rows written despite 24 bars received
2026-01-24 02:05:32,034 | INFO |   [VET-USD] Stale (25.1h > 6h) - fetching
2026-01-24 02:05:32,165 | WARNING |   [VET-USD] No data from Alpaca (STALE)
2026-01-24 02:05:32,666 | INFO |   [XLM-USD] Stale (25.1h > 6h) - fetching
2026-01-24 02:05:32,796 | WARNING |   [XLM-USD] No data from Alpaca (STALE)
2026-01-24 02:05:33,298 | INFO |   [XMR-USD] Stale (25.1h > 6h) - fetching
2026-01-24 02:05:33,423 | WARNING |   [XMR-USD] No data from Alpaca (STALE)
2026-01-24 02:05:33,926 | INFO |   [XTZ-USD] Stale (25.1h > 6h) - fetching
2026-01-24 02:05:34,059 | WARNING |   VOLUME SANITY REJECT: XTZ-USD 2026-01-23 02:00:00 volume=0.00 < threshold=1000 (source=ALPACA)
2026-01-24 02:05:34,059 | WARNING |   VOLUME SANITY REJECT: XTZ-USD 2026-01-23 03:00:00 volume=0.00 < threshold=1000 (source=ALPACA)
2026-01-24 02:05:34,060 | WARNING |   VOLUME SANITY REJECT: XTZ-USD 2026-01-23 04:00:00 volume=0.00 < threshold=1000 (source=ALPACA)
2026-01-24 02:05:34,060 | WARNING |   VOLUME SANITY REJECT: XTZ-USD 2026-01-23 05:00:00 volume=0.00 < threshold=1000 (source=ALPACA)
2026-01-24 02:05:34,060 | WARNING |   VOLUME SANITY REJECT: XTZ-USD 2026-01-23 06:00:00 volume=0.00 < threshold=1000 (source=ALPACA)
2026-01-24 02:05:34,061 | WARNING |   VOLUME SANITY REJECT: XTZ-USD 2026-01-23 07:00:00 volume=0.00 < threshold=1000 (source=ALPACA)
2026-01-24 02:05:34,061 | WARNING |   VOLUME SANITY REJECT: XTZ-USD 2026-01-23 08:00:00 volume=0.00 < threshold=1000 (source=ALPACA)
2026-01-24 02:05:34,062 | WARNING |   VOLUME SANITY REJECT: XTZ-USD 2026-01-23 09:00:00 volume=0.00 < threshold=1000 (source=ALPACA)
2026-01-24 02:05:34,062 | WARNING |   VOLUME SANITY REJECT: XTZ-USD 2026-01-23 10:00:00 volume=0.00 < threshold=1000 (source=ALPACA)
2026-01-24 02:05:34,062 | WARNING |   VOLUME SANITY REJECT: XTZ-USD 2026-01-23 11:00:00 volume=0.00 < threshold=1000 (source=ALPACA)
2026-01-24 02:05:34,063 | WARNING |   VOLUME SANITY REJECT: XTZ-USD 2026-01-23 12:00:00 volume=0.00 < threshold=1000 (source=ALPACA)
2026-01-24 02:05:34,063 | WARNING |   VOLUME SANITY REJECT: XTZ-USD 2026-01-23 13:00:00 volume=0.00 < threshold=1000 (source=ALPACA)
2026-01-24 02:05:34,064 | WARNING |   VOLUME SANITY REJECT: XTZ-USD 2026-01-23 14:00:00 volume=0.00 < threshold=1000 (source=ALPACA)
2026-01-24 02:05:34,064 | WARNING |   VOLUME SANITY REJECT: XTZ-USD 2026-01-23 15:00:00 volume=0.00 < threshold=1000 (source=ALPACA)
2026-01-24 02:05:34,064 | WARNING |   VOLUME SANITY REJECT: XTZ-USD 2026-01-23 16:00:00 volume=2.27 < threshold=1000 (source=ALPACA)
2026-01-24 02:05:34,065 | WARNING |   VOLUME SANITY REJECT: XTZ-USD 2026-01-23 17:00:00 volume=0.00 < threshold=1000 (source=ALPACA)
2026-01-24 02:05:34,065 | WARNING |   VOLUME SANITY REJECT: XTZ-USD 2026-01-23 18:00:00 volume=0.00 < threshold=1000 (source=ALPACA)
2026-01-24 02:05:34,066 | WARNING |   VOLUME SANITY REJECT: XTZ-USD 2026-01-23 19:00:00 volume=0.00 < threshold=1000 (source=ALPACA)
2026-01-24 02:05:34,066 | WARNING |   VOLUME SANITY REJECT: XTZ-USD 2026-01-23 20:00:00 volume=0.00 < threshold=1000 (source=ALPACA)
2026-01-24 02:05:34,066 | WARNING |   VOLUME SANITY REJECT: XTZ-USD 2026-01-23 21:00:00 volume=0.00 < threshold=1000 (source=ALPACA)
2026-01-24 02:05:34,067 | WARNING |   VOLUME SANITY REJECT: XTZ-USD 2026-01-23 22:00:00 volume=0.00 < threshold=1000 (source=ALPACA)
2026-01-24 02:05:34,067 | WARNING |   VOLUME SANITY REJECT: XTZ-USD 2026-01-23 23:00:00 volume=0.00 < threshold=1000 (source=ALPACA)
2026-01-24 02:05:34,068 | WARNING |   VOLUME SANITY REJECT: XTZ-USD 2026-01-24 00:00:00 volume=0.00 < threshold=1000 (source=ALPACA)
2026-01-24 02:05:34,068 | WARNING |   VOLUME SANITY REJECT: XTZ-USD 2026-01-24 01:00:00 volume=0.00 < threshold=1000 (source=ALPACA)
2026-01-24 02:05:34,068 | WARNING |   [XTZ-USD] ALL 24 rows REJECTED by volume sanity check (source=ALPACA)
2026-01-24 02:05:34,068 | WARNING |   [XTZ-USD] 0 rows written despite 24 bars received
2026-01-24 02:05:34,570 | INFO |   [ZEC-USD] Stale (25.1h > 6h) - fetching
2026-01-24 02:05:34,693 | WARNING |   [ZEC-USD] No data from Alpaca (STALE)
2026-01-24 02:05:35,194 | INFO |   [AAVE-USD] Stale (25.1h > 6h) - fetching
2026-01-24 02:05:35,330 | WARNING |   VOLUME SANITY REJECT: AAVE-USD 2026-01-23 02:00:00 volume=0.00 < threshold=1000 (source=ALPACA)
2026-01-24 02:05:35,330 | WARNING |   VOLUME SANITY REJECT: AAVE-USD 2026-01-23 03:00:00 volume=0.00 < threshold=1000 (source=ALPACA)
2026-01-24 02:05:35,330 | WARNING |   VOLUME SANITY REJECT: AAVE-USD 2026-01-23 04:00:00 volume=0.00 < threshold=1000 (source=ALPACA)
2026-01-24 02:05:35,330 | WARNING |   VOLUME SANITY REJECT: AAVE-USD 2026-01-23 05:00:00 volume=1.80 < threshold=1000 (source=ALPACA)
2026-01-24 02:05:35,330 | WARNING |   VOLUME SANITY REJECT: AAVE-USD 2026-01-23 06:00:00 volume=0.00 < threshold=1000 (source=ALPACA)
2026-01-24 02:05:35,330 | WARNING |   VOLUME SANITY REJECT: AAVE-USD 2026-01-23 07:00:00 volume=0.06 < threshold=1000 (source=ALPACA)
2026-01-24 02:05:35,330 | WARNING |   VOLUME SANITY REJECT: AAVE-USD 2026-01-23 08:00:00 volume=0.00 < threshold=1000 (source=ALPACA)
2026-01-24 02:05:35,330 | WARNING |   VOLUME SANITY REJECT: AAVE-USD 2026-01-23 09:00:00 volume=0.34 < threshold=1000 (source=ALPACA)
2026-01-24 02:05:35,330 | WARNING |   VOLUME SANITY REJECT: AAVE-USD 2026-01-23 10:00:00 volume=0.00 < threshold=1000 (source=ALPACA)
2026-01-24 02:05:35,330 | WARNING |   VOLUME SANITY REJECT: AAVE-USD 2026-01-23 11:00:00 volume=0.16 < threshold=1000 (source=ALPACA)
2026-01-24 02:05:35,330 | WARNING |   VOLUME SANITY REJECT: AAVE-USD 2026-01-23 12:00:00 volume=0.01 < threshold=1000 (source=ALPACA)
2026-01-24 02:05:35,330 | WARNING |   VOLUME SANITY REJECT: AAVE-USD 2026-01-23 13:00:00 volume=0.00 < threshold=1000 (source=ALPACA)
2026-01-24 02:05:35,341 | WARNING |   VOLUME SANITY REJECT: AAVE-USD 2026-01-23 14:00:00 volume=0.00 < threshold=1000 (source=ALPACA)
2026-01-24 02:05:35,342 | WARNING |   VOLUME SANITY REJECT: AAVE-USD 2026-01-23 15:00:00 volume=0.00 < threshold=1000 (source=ALPACA)
2026-01-24 02:05:35,343 | WARNING |   VOLUME SANITY REJECT: AAVE-USD 2026-01-23 16:00:00 volume=0.00 < threshold=1000 (source=ALPACA)
2026-01-24 02:05:35,343 | WARNING |   VOLUME SANITY REJECT: AAVE-USD 2026-01-23 17:00:00 volume=0.00 < threshold=1000 (source=ALPACA)
2026-01-24 02:05:35,343 | WARNING |   VOLUME SANITY REJECT: AAVE-USD 2026-01-23 18:00:00 volume=65.00 < threshold=1000 (source=ALPACA)
2026-01-24 02:05:35,343 | WARNING |   VOLUME SANITY REJECT: AAVE-USD 2026-01-23 19:00:00 volume=0.30 < threshold=1000 (source=ALPACA)
2026-01-24 02:05:35,343 | WARNING |   VOLUME SANITY REJECT: AAVE-USD 2026-01-23 20:00:00 volume=0.00 < threshold=1000 (source=ALPACA)
2026-01-24 02:05:35,343 | WARNING |   VOLUME SANITY REJECT: AAVE-USD 2026-01-23 21:00:00 volume=0.00 < threshold=1000 (source=ALPACA)
2026-01-24 02:05:35,343 | WARNING |   VOLUME SANITY REJECT: AAVE-USD 2026-01-23 22:00:00 volume=0.00 < threshold=1000 (source=ALPACA)
2026-01-24 02:05:35,343 | WARNING |   VOLUME SANITY REJECT: AAVE-USD 2026-01-23 23:00:00 volume=0.00 < threshold=1000 (source=ALPACA)
2026-01-24 02:05:35,343 | WARNING |   VOLUME SANITY REJECT: AAVE-USD 2026-01-24 00:00:00 volume=0.00 < threshold=1000 (source=ALPACA)
2026-01-24 02:05:35,343 | WARNING |   VOLUME SANITY REJECT: AAVE-USD 2026-01-24 01:00:00 volume=0.00 < threshold=1000 (source=ALPACA)
2026-01-24 02:05:35,350 | WARNING |   [AAVE-USD] ALL 24 rows REJECTED by volume sanity check (source=ALPACA)
2026-01-24 02:05:35,350 | WARNING |   [AAVE-USD] 0 rows written despite 24 bars received
2026-01-24 02:05:35,852 | INFO | Alpaca: Updated 2 assets, 30 remaining
2026-01-24 02:05:36,257 | INFO | ============================================================
2026-01-24 02:05:36,257 | INFO | ATTEMPTING YAHOO FINANCE INGEST (Fallback Provider)
2026-01-24 02:05:36,257 | INFO | Assets: 30, Using BATCH DOWNLOAD (efficient)
2026-01-24 02:05:36,258 | INFO | ============================================================
2026-01-24 02:05:36,258 | INFO |   Checking Yahoo Finance rate limit status...
2026-01-24 02:05:39,709 | ERROR | 
1 Failed download:
2026-01-24 02:05:39,709 | ERROR | ['AAPL']: YFRateLimitError('Too Many Requests. Rate limited. Try after a while.')
2026-01-24 02:05:39,719 | WARNING |   RATE LIMITED - Yahoo Finance is currently blocking requests
2026-01-24 02:05:39,719 | WARNING |   Skipping Yahoo and marking all assets as failed
2026-01-24 02:05:39,719 | INFO | Yahoo: Updated 0 assets, 30 remaining
2026-01-24 02:05:39,719 | INFO | 
============================================================
2026-01-24 02:05:39,719 | INFO | VERIFICATION: Checking Data Freshness
2026-01-24 02:05:39,719 | INFO | ============================================================
2026-01-24 02:05:40,706 | WARNING | VERIFICATION FAILED: 4 assets are stale
2026-01-24 02:05:40,706 | WARNING |   - BT.A.L: 40 days stale (last: 2025-12-15)
2026-01-24 02:05:40,706 | WARNING |   - 1COV.DE: 32 days stale (last: 2025-12-23)
2026-01-24 02:05:40,706 | WARNING |   - TLT: 15 days stale (last: 2026-01-09)
2026-01-24 02:05:40,706 | WARNING |   - GLD: 14 days stale (last: 2026-01-10)
2026-01-24 02:05:41,388 | CRITICAL | ALERT [CRITICAL]: DATA VERIFICATION FAILED: 4 assets still stale after ingest! Updated: 2, Rows: 9
2026-01-24 02:05:41,394 | WARNING | Governance logging failed: column "action_timestamp" of relation "governance_actions_log" does not exist
LINE 3:                     action_type, action_timestamp, action_by...
                                         ^

2026-01-24 02:05:41,394 | WARNING | ALERT [WARNING]: PARTIAL INGEST: 30 assets could not be updated via any provider
2026-01-24 02:05:41,396 | WARNING | Heartbeat recording failed: relation "fhq_monitoring.system_heartbeats" does not exist
LINE 2:                 INSERT INTO fhq_monitoring.system_heartbeats...
                                    ^

2026-01-24 02:05:41,397 | WARNING | Governance logging failed: current transaction is aborted, commands ignored until end of transaction block

2026-01-24 02:05:41,400 | INFO | 
======================================================================
2026-01-24 02:05:41,400 | INFO | BULLETPROOF INGEST COMPLETE
2026-01-24 02:05:41,401 | INFO | ======================================================================
2026-01-24 02:05:41,401 | INFO | Status: PARTIAL
2026-01-24 02:05:41,401 | INFO | Assets Updated: 2
2026-01-24 02:05:41,401 | INFO | Rows Inserted: 9
2026-01-24 02:05:41,402 | INFO | Providers Used: ALPACA, YAHOO
2026-01-24 02:05:41,402 | INFO | Verification: FAILED (4 stale)
2026-01-24 02:05:41,402 | INFO | Elapsed: 36.3s
2026-01-24 02:05:41,403 | INFO | 
Freshness by Asset Class:
2026-01-24 02:05:41,403 | INFO |   CRYPTO: 46/50 fresh (92.0%)
2026-01-24 02:05:41,403 | INFO |   EQUITY: 419/422 fresh (99.3%)
2026-01-24 02:05:41,403 | INFO |   ETF: 0/2 fresh (0.0%)
2026-01-24 02:05:41,403 | INFO |   FX: 24/25 fresh (96.0%)
2026-01-24 02:05:41,403 | INFO | 
Evidence: C:\fhq-market-system\vision-ios\03_FUNCTIONS\evidence\BULLETPROOF_INGEST_3bc22b1c_20260124_020541.json
2026-01-24 02:05:41,403 | INFO | ======================================================================
