2026-01-17 23:05:04,932 | INFO | ======================================================================
2026-01-17 23:05:04,932 | INFO | IoS-001 BULLETPROOF DAILY PRICE INGEST
2026-01-17 23:05:04,932 | INFO | ======================================================================
2026-01-17 23:05:04,932 | INFO | CEO Directive: CD-IOS-001-DAILY-INGEST-BULLETPROOF-001
2026-01-17 23:05:04,932 | INFO | Executor: STIG (EC-003)
2026-01-17 23:05:04,932 | INFO | Time: 2026-01-17T22:05:04.932618+00:00
2026-01-17 23:05:04,932 | INFO | Asset Class Filter: CRYPTO
2026-01-17 23:05:04,932 | INFO | Dry Run: False
2026-01-17 23:05:04,932 | INFO | Canonical Source: fhq_market.prices (ONLY)
2026-01-17 23:05:04,932 | INFO | ======================================================================
2026-01-17 23:05:05,139 | INFO | Found 46 canonical assets
2026-01-17 23:05:06,539 | INFO | ============================================================
2026-01-17 23:05:06,539 | INFO | ATTEMPTING ALPACA INGEST (Primary Provider)
2026-01-17 23:05:06,539 | INFO | Assets: 46, Rate limit: 200/min
2026-01-17 23:05:06,539 | INFO | ============================================================
2026-01-17 23:05:06,549 | INFO |   [ADA-USD] Stale (22.1h > 6h) - fetching
2026-01-17 23:05:16,295 | WARNING |   [ADA-USD] No data from Alpaca (STALE)
2026-01-17 23:05:16,918 | INFO |   [ALGO-USD] Stale (22.1h > 6h) - fetching
2026-01-17 23:05:17,104 | WARNING |   [ALGO-USD] No data from Alpaca (STALE)
2026-01-17 23:05:17,668 | INFO |   [ATOM-USD] Stale (22.1h > 6h) - fetching
2026-01-17 23:05:17,805 | WARNING |   [ATOM-USD] No data from Alpaca (STALE)
2026-01-17 23:05:18,313 | INFO |   [AVAX-USD] Stale (22.1h > 6h) - fetching
2026-01-17 23:05:18,944 | WARNING |   VOLUME SANITY REJECT: AVAX-USD 2026-01-16 23:00:00 volume=0.36 < threshold=1000 (source=ALPACA)
2026-01-17 23:05:18,945 | WARNING |   VOLUME SANITY REJECT: AVAX-USD 2026-01-17 00:00:00 volume=0.00 < threshold=1000 (source=ALPACA)
2026-01-17 23:05:18,946 | WARNING |   VOLUME SANITY REJECT: AVAX-USD 2026-01-17 01:00:00 volume=0.93 < threshold=1000 (source=ALPACA)
2026-01-17 23:05:18,947 | WARNING |   VOLUME SANITY REJECT: AVAX-USD 2026-01-17 02:00:00 volume=1.47 < threshold=1000 (source=ALPACA)
2026-01-17 23:05:18,948 | WARNING |   VOLUME SANITY REJECT: AVAX-USD 2026-01-17 03:00:00 volume=2.22 < threshold=1000 (source=ALPACA)
2026-01-17 23:05:18,949 | WARNING |   VOLUME SANITY REJECT: AVAX-USD 2026-01-17 04:00:00 volume=2.58 < threshold=1000 (source=ALPACA)
2026-01-17 23:05:18,949 | WARNING |   VOLUME SANITY REJECT: AVAX-USD 2026-01-17 05:00:00 volume=5.80 < threshold=1000 (source=ALPACA)
2026-01-17 23:05:18,950 | WARNING |   VOLUME SANITY REJECT: AVAX-USD 2026-01-17 06:00:00 volume=11.09 < threshold=1000 (source=ALPACA)
2026-01-17 23:05:18,951 | WARNING |   VOLUME SANITY REJECT: AVAX-USD 2026-01-17 07:00:00 volume=0.48 < threshold=1000 (source=ALPACA)
2026-01-17 23:05:18,952 | WARNING |   VOLUME SANITY REJECT: AVAX-USD 2026-01-17 08:00:00 volume=4.39 < threshold=1000 (source=ALPACA)
2026-01-17 23:05:18,952 | WARNING |   VOLUME SANITY REJECT: AVAX-USD 2026-01-17 09:00:00 volume=0.14 < threshold=1000 (source=ALPACA)
2026-01-17 23:05:18,953 | WARNING |   VOLUME SANITY REJECT: AVAX-USD 2026-01-17 10:00:00 volume=2.02 < threshold=1000 (source=ALPACA)
2026-01-17 23:05:18,954 | WARNING |   VOLUME SANITY REJECT: AVAX-USD 2026-01-17 11:00:00 volume=0.00 < threshold=1000 (source=ALPACA)
2026-01-17 23:05:18,955 | WARNING |   VOLUME SANITY REJECT: AVAX-USD 2026-01-17 12:00:00 volume=0.00 < threshold=1000 (source=ALPACA)
2026-01-17 23:05:18,955 | WARNING |   VOLUME SANITY REJECT: AVAX-USD 2026-01-17 13:00:00 volume=13.32 < threshold=1000 (source=ALPACA)
2026-01-17 23:05:18,956 | WARNING |   VOLUME SANITY REJECT: AVAX-USD 2026-01-17 14:00:00 volume=67.61 < threshold=1000 (source=ALPACA)
2026-01-17 23:05:18,957 | WARNING |   VOLUME SANITY REJECT: AVAX-USD 2026-01-17 15:00:00 volume=13.16 < threshold=1000 (source=ALPACA)
2026-01-17 23:05:18,957 | WARNING |   VOLUME SANITY REJECT: AVAX-USD 2026-01-17 16:00:00 volume=1.23 < threshold=1000 (source=ALPACA)
2026-01-17 23:05:18,958 | WARNING |   VOLUME SANITY REJECT: AVAX-USD 2026-01-17 17:00:00 volume=0.38 < threshold=1000 (source=ALPACA)
2026-01-17 23:05:18,959 | WARNING |   VOLUME SANITY REJECT: AVAX-USD 2026-01-17 18:00:00 volume=0.00 < threshold=1000 (source=ALPACA)
2026-01-17 23:05:18,959 | WARNING |   VOLUME SANITY REJECT: AVAX-USD 2026-01-17 19:00:00 volume=0.00 < threshold=1000 (source=ALPACA)
2026-01-17 23:05:18,960 | WARNING |   VOLUME SANITY REJECT: AVAX-USD 2026-01-17 20:00:00 volume=34.84 < threshold=1000 (source=ALPACA)
2026-01-17 23:05:18,961 | WARNING |   VOLUME SANITY REJECT: AVAX-USD 2026-01-17 21:00:00 volume=31.76 < threshold=1000 (source=ALPACA)
2026-01-17 23:05:18,961 | WARNING |   [AVAX-USD] ALL 23 rows REJECTED by volume sanity check (source=ALPACA)
2026-01-17 23:05:18,962 | WARNING |   [AVAX-USD] 0 rows written despite 23 bars received
2026-01-17 23:05:19,597 | INFO |   [AXS-USD] Stale (22.1h > 6h) - fetching
2026-01-17 23:05:19,742 | WARNING |   [AXS-USD] No data from Alpaca (STALE)
2026-01-17 23:05:20,306 | INFO |   [BCH-USD] Stale (22.1h > 6h) - fetching
2026-01-17 23:05:20,441 | WARNING |   VOLUME SANITY REJECT: BCH-USD 2026-01-16 23:00:00 volume=0.00 < threshold=1000 (source=ALPACA)
2026-01-17 23:05:20,442 | WARNING |   VOLUME SANITY REJECT: BCH-USD 2026-01-17 00:00:00 volume=0.00 < threshold=1000 (source=ALPACA)
2026-01-17 23:05:20,442 | WARNING |   VOLUME SANITY REJECT: BCH-USD 2026-01-17 01:00:00 volume=0.01 < threshold=1000 (source=ALPACA)
2026-01-17 23:05:20,442 | WARNING |   VOLUME SANITY REJECT: BCH-USD 2026-01-17 02:00:00 volume=0.01 < threshold=1000 (source=ALPACA)
2026-01-17 23:05:20,442 | WARNING |   VOLUME SANITY REJECT: BCH-USD 2026-01-17 03:00:00 volume=0.01 < threshold=1000 (source=ALPACA)
2026-01-17 23:05:20,442 | WARNING |   VOLUME SANITY REJECT: BCH-USD 2026-01-17 04:00:00 volume=0.66 < threshold=1000 (source=ALPACA)
2026-01-17 23:05:20,442 | WARNING |   VOLUME SANITY REJECT: BCH-USD 2026-01-17 05:00:00 volume=0.00 < threshold=1000 (source=ALPACA)
2026-01-17 23:05:20,442 | WARNING |   VOLUME SANITY REJECT: BCH-USD 2026-01-17 06:00:00 volume=0.02 < threshold=1000 (source=ALPACA)
2026-01-17 23:05:20,442 | WARNING |   VOLUME SANITY REJECT: BCH-USD 2026-01-17 07:00:00 volume=0.00 < threshold=1000 (source=ALPACA)
2026-01-17 23:05:20,447 | WARNING |   VOLUME SANITY REJECT: BCH-USD 2026-01-17 08:00:00 volume=0.02 < threshold=1000 (source=ALPACA)
2026-01-17 23:05:20,448 | WARNING |   VOLUME SANITY REJECT: BCH-USD 2026-01-17 09:00:00 volume=0.01 < threshold=1000 (source=ALPACA)
2026-01-17 23:05:20,449 | WARNING |   VOLUME SANITY REJECT: BCH-USD 2026-01-17 10:00:00 volume=0.10 < threshold=1000 (source=ALPACA)
2026-01-17 23:05:20,452 | WARNING |   VOLUME SANITY REJECT: BCH-USD 2026-01-17 11:00:00 volume=0.00 < threshold=1000 (source=ALPACA)
2026-01-17 23:05:20,452 | WARNING |   VOLUME SANITY REJECT: BCH-USD 2026-01-17 12:00:00 volume=0.01 < threshold=1000 (source=ALPACA)
2026-01-17 23:05:20,452 | WARNING |   VOLUME SANITY REJECT: BCH-USD 2026-01-17 13:00:00 volume=0.00 < threshold=1000 (source=ALPACA)
2026-01-17 23:05:20,452 | WARNING |   VOLUME SANITY REJECT: BCH-USD 2026-01-17 14:00:00 volume=0.00 < threshold=1000 (source=ALPACA)
2026-01-17 23:05:20,452 | WARNING |   VOLUME SANITY REJECT: BCH-USD 2026-01-17 15:00:00 volume=0.00 < threshold=1000 (source=ALPACA)
2026-01-17 23:05:20,452 | WARNING |   VOLUME SANITY REJECT: BCH-USD 2026-01-17 16:00:00 volume=0.01 < threshold=1000 (source=ALPACA)
2026-01-17 23:05:20,452 | WARNING |   VOLUME SANITY REJECT: BCH-USD 2026-01-17 17:00:00 volume=0.01 < threshold=1000 (source=ALPACA)
2026-01-17 23:05:20,452 | WARNING |   VOLUME SANITY REJECT: BCH-USD 2026-01-17 18:00:00 volume=0.00 < threshold=1000 (source=ALPACA)
2026-01-17 23:05:20,452 | WARNING |   VOLUME SANITY REJECT: BCH-USD 2026-01-17 19:00:00 volume=0.00 < threshold=1000 (source=ALPACA)
2026-01-17 23:05:20,452 | WARNING |   VOLUME SANITY REJECT: BCH-USD 2026-01-17 20:00:00 volume=0.92 < threshold=1000 (source=ALPACA)
2026-01-17 23:05:20,462 | WARNING |   VOLUME SANITY REJECT: BCH-USD 2026-01-17 21:00:00 volume=0.00 < threshold=1000 (source=ALPACA)
2026-01-17 23:05:20,462 | WARNING |   VOLUME SANITY REJECT: BCH-USD 2026-01-17 22:00:00 volume=0.00 < threshold=1000 (source=ALPACA)
2026-01-17 23:05:20,462 | WARNING |   [BCH-USD] ALL 24 rows REJECTED by volume sanity check (source=ALPACA)
2026-01-17 23:05:20,463 | WARNING |   [BCH-USD] 0 rows written despite 24 bars received
2026-01-17 23:05:20,965 | INFO |   [BNB-USD] Stale (22.1h > 6h) - fetching
2026-01-17 23:05:21,095 | WARNING |   [BNB-USD] No data from Alpaca (STALE)
2026-01-17 23:05:21,612 | INFO |   [BTC-USD] Stale (22.1h > 6h) - fetching
2026-01-17 23:05:21,748 | WARNING |   VOLUME SANITY REJECT: BTC-USD 2026-01-16 23:00:00 volume=0.00 < threshold=1000 (source=ALPACA)
2026-01-17 23:05:21,750 | WARNING |   VOLUME SANITY REJECT: BTC-USD 2026-01-17 00:00:00 volume=0.01 < threshold=1000 (source=ALPACA)
2026-01-17 23:05:21,751 | WARNING |   VOLUME SANITY REJECT: BTC-USD 2026-01-17 01:00:00 volume=0.01 < threshold=1000 (source=ALPACA)
2026-01-17 23:05:21,754 | WARNING |   VOLUME SANITY REJECT: BTC-USD 2026-01-17 02:00:00 volume=0.01 < threshold=1000 (source=ALPACA)
2026-01-17 23:05:21,755 | WARNING |   VOLUME SANITY REJECT: BTC-USD 2026-01-17 03:00:00 volume=0.01 < threshold=1000 (source=ALPACA)
2026-01-17 23:05:21,757 | WARNING |   VOLUME SANITY REJECT: BTC-USD 2026-01-17 04:00:00 volume=0.00 < threshold=1000 (source=ALPACA)
2026-01-17 23:05:21,758 | WARNING |   VOLUME SANITY REJECT: BTC-USD 2026-01-17 05:00:00 volume=0.01 < threshold=1000 (source=ALPACA)
2026-01-17 23:05:21,760 | WARNING |   VOLUME SANITY REJECT: BTC-USD 2026-01-17 06:00:00 volume=0.05 < threshold=1000 (source=ALPACA)
2026-01-17 23:05:21,761 | WARNING |   VOLUME SANITY REJECT: BTC-USD 2026-01-17 07:00:00 volume=0.00 < threshold=1000 (source=ALPACA)
2026-01-17 23:05:21,762 | WARNING |   VOLUME SANITY REJECT: BTC-USD 2026-01-17 08:00:00 volume=0.00 < threshold=1000 (source=ALPACA)
2026-01-17 23:05:21,763 | WARNING |   VOLUME SANITY REJECT: BTC-USD 2026-01-17 09:00:00 volume=0.00 < threshold=1000 (source=ALPACA)
2026-01-17 23:05:21,765 | WARNING |   VOLUME SANITY REJECT: BTC-USD 2026-01-17 10:00:00 volume=0.00 < threshold=1000 (source=ALPACA)
2026-01-17 23:05:21,766 | WARNING |   VOLUME SANITY REJECT: BTC-USD 2026-01-17 11:00:00 volume=0.00 < threshold=1000 (source=ALPACA)
2026-01-17 23:05:21,767 | WARNING |   VOLUME SANITY REJECT: BTC-USD 2026-01-17 12:00:00 volume=0.02 < threshold=1000 (source=ALPACA)
2026-01-17 23:05:21,772 | WARNING |   VOLUME SANITY REJECT: BTC-USD 2026-01-17 13:00:00 volume=0.01 < threshold=1000 (source=ALPACA)
2026-01-17 23:05:21,773 | WARNING |   VOLUME SANITY REJECT: BTC-USD 2026-01-17 14:00:00 volume=0.05 < threshold=1000 (source=ALPACA)
2026-01-17 23:05:21,775 | WARNING |   VOLUME SANITY REJECT: BTC-USD 2026-01-17 15:00:00 volume=0.03 < threshold=1000 (source=ALPACA)
2026-01-17 23:05:21,777 | WARNING |   VOLUME SANITY REJECT: BTC-USD 2026-01-17 16:00:00 volume=0.01 < threshold=1000 (source=ALPACA)
2026-01-17 23:05:21,787 | WARNING |   VOLUME SANITY REJECT: BTC-USD 2026-01-17 17:00:00 volume=0.01 < threshold=1000 (source=ALPACA)
2026-01-17 23:05:21,799 | WARNING |   VOLUME SANITY REJECT: BTC-USD 2026-01-17 18:00:00 volume=0.00 < threshold=1000 (source=ALPACA)
2026-01-17 23:05:21,812 | WARNING |   VOLUME SANITY REJECT: BTC-USD 2026-01-17 19:00:00 volume=0.01 < threshold=1000 (source=ALPACA)
2026-01-17 23:05:21,814 | WARNING |   VOLUME SANITY REJECT: BTC-USD 2026-01-17 20:00:00 volume=0.01 < threshold=1000 (source=ALPACA)
2026-01-17 23:05:21,828 | WARNING |   VOLUME SANITY REJECT: BTC-USD 2026-01-17 21:00:00 volume=0.00 < threshold=1000 (source=ALPACA)
2026-01-17 23:05:21,841 | WARNING |   VOLUME SANITY REJECT: BTC-USD 2026-01-17 22:00:00 volume=0.00 < threshold=1000 (source=ALPACA)
2026-01-17 23:05:21,841 | WARNING |   [BTC-USD] ALL 24 rows REJECTED by volume sanity check (source=ALPACA)
2026-01-17 23:05:21,842 | WARNING |   [BTC-USD] 0 rows written despite 24 bars received
2026-01-17 23:05:22,347 | INFO |   [CHZ-USD] Stale (22.1h > 6h) - fetching
2026-01-17 23:05:22,739 | WARNING |   [CHZ-USD] No data from Alpaca (STALE)
2026-01-17 23:05:23,248 | INFO |   [CRO-USD] Stale (22.1h > 6h) - fetching
2026-01-17 23:05:23,402 | WARNING |   [CRO-USD] No data from Alpaca (STALE)
2026-01-17 23:05:24,352 | INFO |   [CRV-USD] Stale (22.1h > 6h) - fetching
2026-01-17 23:05:36,724 | WARNING |   VOLUME SANITY REJECT: CRV-USD 2026-01-16 23:00:00 volume=0.00 < threshold=1000 (source=ALPACA)
2026-01-17 23:05:36,795 | WARNING |   VOLUME SANITY REJECT: CRV-USD 2026-01-17 00:00:00 volume=0.00 < threshold=1000 (source=ALPACA)
2026-01-17 23:05:36,809 | WARNING |   VOLUME SANITY REJECT: CRV-USD 2026-01-17 01:00:00 volume=0.00 < threshold=1000 (source=ALPACA)
2026-01-17 23:05:36,811 | WARNING |   VOLUME SANITY REJECT: CRV-USD 2026-01-17 02:00:00 volume=0.00 < threshold=1000 (source=ALPACA)
2026-01-17 23:05:36,813 | WARNING |   VOLUME SANITY REJECT: CRV-USD 2026-01-17 03:00:00 volume=0.00 < threshold=1000 (source=ALPACA)
2026-01-17 23:05:36,814 | WARNING |   VOLUME SANITY REJECT: CRV-USD 2026-01-17 04:00:00 volume=0.00 < threshold=1000 (source=ALPACA)
2026-01-17 23:05:36,814 | WARNING |   VOLUME SANITY REJECT: CRV-USD 2026-01-17 05:00:00 volume=0.00 < threshold=1000 (source=ALPACA)
2026-01-17 23:05:36,815 | WARNING |   VOLUME SANITY REJECT: CRV-USD 2026-01-17 06:00:00 volume=0.00 < threshold=1000 (source=ALPACA)
2026-01-17 23:05:36,816 | WARNING |   VOLUME SANITY REJECT: CRV-USD 2026-01-17 07:00:00 volume=0.00 < threshold=1000 (source=ALPACA)
2026-01-17 23:05:36,824 | WARNING |   VOLUME SANITY REJECT: CRV-USD 2026-01-17 08:00:00 volume=0.00 < threshold=1000 (source=ALPACA)
2026-01-17 23:05:36,825 | WARNING |   VOLUME SANITY REJECT: CRV-USD 2026-01-17 09:00:00 volume=0.00 < threshold=1000 (source=ALPACA)
2026-01-17 23:05:36,826 | WARNING |   VOLUME SANITY REJECT: CRV-USD 2026-01-17 10:00:00 volume=0.00 < threshold=1000 (source=ALPACA)
2026-01-17 23:05:36,827 | WARNING |   VOLUME SANITY REJECT: CRV-USD 2026-01-17 11:00:00 volume=0.00 < threshold=1000 (source=ALPACA)
2026-01-17 23:05:36,828 | WARNING |   VOLUME SANITY REJECT: CRV-USD 2026-01-17 12:00:00 volume=0.00 < threshold=1000 (source=ALPACA)
2026-01-17 23:05:36,829 | WARNING |   VOLUME SANITY REJECT: CRV-USD 2026-01-17 13:00:00 volume=0.00 < threshold=1000 (source=ALPACA)
2026-01-17 23:05:36,830 | WARNING |   VOLUME SANITY REJECT: CRV-USD 2026-01-17 14:00:00 volume=80.67 < threshold=1000 (source=ALPACA)
2026-01-17 23:05:36,967 | WARNING |   VOLUME SANITY REJECT: CRV-USD 2026-01-17 16:00:00 volume=0.00 < threshold=1000 (source=ALPACA)
2026-01-17 23:05:36,968 | WARNING |   VOLUME SANITY REJECT: CRV-USD 2026-01-17 17:00:00 volume=0.00 < threshold=1000 (source=ALPACA)
2026-01-17 23:05:36,977 | WARNING |   VOLUME SANITY REJECT: CRV-USD 2026-01-17 18:00:00 volume=0.00 < threshold=1000 (source=ALPACA)
2026-01-17 23:05:36,999 | WARNING |   VOLUME SANITY REJECT: CRV-USD 2026-01-17 19:00:00 volume=74.61 < threshold=1000 (source=ALPACA)
2026-01-17 23:05:37,000 | WARNING |   VOLUME SANITY REJECT: CRV-USD 2026-01-17 20:00:00 volume=0.00 < threshold=1000 (source=ALPACA)
2026-01-17 23:05:37,001 | WARNING |   VOLUME SANITY REJECT: CRV-USD 2026-01-17 21:00:00 volume=0.00 < threshold=1000 (source=ALPACA)
2026-01-17 23:05:37,006 | WARNING |   VOLUME SANITY REJECT: CRV-USD 2026-01-17 22:00:00 volume=0.00 < threshold=1000 (source=ALPACA)
2026-01-17 23:05:37,459 | WARNING |   [CRV-USD] 23 rows REJECTED by volume sanity, 1 rows INSERTED (source=ALPACA)
2026-01-17 23:05:37,551 | INFO |   [CRV-USD] +1 rows via ALPACA (latest: 2026-01-17 22:00:00+00:00)
2026-01-17 23:05:38,660 | INFO |   [DOGE-USD] Stale (22.1h > 6h) - fetching
2026-01-17 23:05:39,037 | WARNING |   VOLUME SANITY REJECT: DOGE-USD 2026-01-16 23:00:00 volume=0.00 < threshold=1000 (source=ALPACA)
2026-01-17 23:05:39,038 | WARNING |   VOLUME SANITY REJECT: DOGE-USD 2026-01-17 00:00:00 volume=0.00 < threshold=1000 (source=ALPACA)
2026-01-17 23:05:39,039 | WARNING |   VOLUME SANITY REJECT: DOGE-USD 2026-01-17 02:00:00 volume=228.12 < threshold=1000 (source=ALPACA)
2026-01-17 23:05:39,040 | WARNING |   VOLUME SANITY REJECT: DOGE-USD 2026-01-17 03:00:00 volume=218.56 < threshold=1000 (source=ALPACA)
2026-01-17 23:05:39,040 | WARNING |   VOLUME SANITY REJECT: DOGE-USD 2026-01-17 04:00:00 volume=254.66 < threshold=1000 (source=ALPACA)
2026-01-17 23:05:39,041 | WARNING |   VOLUME SANITY REJECT: DOGE-USD 2026-01-17 05:00:00 volume=500.00 < threshold=1000 (source=ALPACA)
2026-01-17 23:05:39,042 | WARNING |   VOLUME SANITY REJECT: DOGE-USD 2026-01-17 06:00:00 volume=0.00 < threshold=1000 (source=ALPACA)
2026-01-17 23:05:39,044 | WARNING |   VOLUME SANITY REJECT: DOGE-USD 2026-01-17 08:00:00 volume=0.00 < threshold=1000 (source=ALPACA)
2026-01-17 23:05:39,044 | WARNING |   VOLUME SANITY REJECT: DOGE-USD 2026-01-17 09:00:00 volume=0.00 < threshold=1000 (source=ALPACA)
2026-01-17 23:05:39,045 | WARNING |   VOLUME SANITY REJECT: DOGE-USD 2026-01-17 10:00:00 volume=0.00 < threshold=1000 (source=ALPACA)
2026-01-17 23:05:39,045 | WARNING |   VOLUME SANITY REJECT: DOGE-USD 2026-01-17 11:00:00 volume=0.00 < threshold=1000 (source=ALPACA)
2026-01-17 23:05:39,046 | WARNING |   VOLUME SANITY REJECT: DOGE-USD 2026-01-17 12:00:00 volume=0.00 < threshold=1000 (source=ALPACA)
2026-01-17 23:05:39,047 | WARNING |   VOLUME SANITY REJECT: DOGE-USD 2026-01-17 13:00:00 volume=0.00 < threshold=1000 (source=ALPACA)
2026-01-17 23:05:39,047 | WARNING |   VOLUME SANITY REJECT: DOGE-USD 2026-01-17 15:00:00 volume=111.19 < threshold=1000 (source=ALPACA)
2026-01-17 23:05:39,048 | WARNING |   VOLUME SANITY REJECT: DOGE-USD 2026-01-17 16:00:00 volume=21.02 < threshold=1000 (source=ALPACA)
2026-01-17 23:05:39,048 | WARNING |   VOLUME SANITY REJECT: DOGE-USD 2026-01-17 17:00:00 volume=14.09 < threshold=1000 (source=ALPACA)
2026-01-17 23:05:39,049 | WARNING |   VOLUME SANITY REJECT: DOGE-USD 2026-01-17 18:00:00 volume=0.00 < threshold=1000 (source=ALPACA)
2026-01-17 23:05:39,049 | WARNING |   VOLUME SANITY REJECT: DOGE-USD 2026-01-17 19:00:00 volume=0.00 < threshold=1000 (source=ALPACA)
2026-01-17 23:05:39,050 | WARNING |   VOLUME SANITY REJECT: DOGE-USD 2026-01-17 20:00:00 volume=183.52 < threshold=1000 (source=ALPACA)
2026-01-17 23:05:39,053 | WARNING |   VOLUME SANITY REJECT: DOGE-USD 2026-01-17 22:00:00 volume=0.00 < threshold=1000 (source=ALPACA)
2026-01-17 23:05:39,061 | WARNING |   [DOGE-USD] 20 rows REJECTED by volume sanity, 4 rows INSERTED (source=ALPACA)
2026-01-17 23:05:39,062 | INFO |   [DOGE-USD] +4 rows via ALPACA (latest: 2026-01-17 22:00:00+00:00)
2026-01-17 23:05:39,595 | INFO |   [DOT-USD] Stale (22.1h > 6h) - fetching
2026-01-17 23:05:40,372 | WARNING |   VOLUME SANITY REJECT: DOT-USD 2026-01-16 23:00:00 volume=2.95 < threshold=1000 (source=ALPACA)
2026-01-17 23:05:40,377 | WARNING |   VOLUME SANITY REJECT: DOT-USD 2026-01-17 00:00:00 volume=0.00 < threshold=1000 (source=ALPACA)
2026-01-17 23:05:40,378 | WARNING |   VOLUME SANITY REJECT: DOT-USD 2026-01-17 01:00:00 volume=2.30 < threshold=1000 (source=ALPACA)
2026-01-17 23:05:40,379 | WARNING |   VOLUME SANITY REJECT: DOT-USD 2026-01-17 02:00:00 volume=9.43 < threshold=1000 (source=ALPACA)
2026-01-17 23:05:40,386 | WARNING |   VOLUME SANITY REJECT: DOT-USD 2026-01-17 03:00:00 volume=24.03 < threshold=1000 (source=ALPACA)
2026-01-17 23:05:40,388 | WARNING |   VOLUME SANITY REJECT: DOT-USD 2026-01-17 04:00:00 volume=14.15 < threshold=1000 (source=ALPACA)
2026-01-17 23:05:40,393 | WARNING |   VOLUME SANITY REJECT: DOT-USD 2026-01-17 05:00:00 volume=41.16 < threshold=1000 (source=ALPACA)
2026-01-17 23:05:40,410 | WARNING |   VOLUME SANITY REJECT: DOT-USD 2026-01-17 06:00:00 volume=0.00 < threshold=1000 (source=ALPACA)
2026-01-17 23:05:40,411 | WARNING |   VOLUME SANITY REJECT: DOT-USD 2026-01-17 07:00:00 volume=2.27 < threshold=1000 (source=ALPACA)
2026-01-17 23:05:40,412 | WARNING |   VOLUME SANITY REJECT: DOT-USD 2026-01-17 08:00:00 volume=116.73 < threshold=1000 (source=ALPACA)
2026-01-17 23:05:40,413 | WARNING |   VOLUME SANITY REJECT: DOT-USD 2026-01-17 09:00:00 volume=34.76 < threshold=1000 (source=ALPACA)
2026-01-17 23:05:40,413 | WARNING |   VOLUME SANITY REJECT: DOT-USD 2026-01-17 10:00:00 volume=25.67 < threshold=1000 (source=ALPACA)
2026-01-17 23:05:40,418 | WARNING |   VOLUME SANITY REJECT: DOT-USD 2026-01-17 11:00:00 volume=88.26 < threshold=1000 (source=ALPACA)
2026-01-17 23:05:40,418 | WARNING |   VOLUME SANITY REJECT: DOT-USD 2026-01-17 12:00:00 volume=19.86 < threshold=1000 (source=ALPACA)
2026-01-17 23:05:40,419 | WARNING |   VOLUME SANITY REJECT: DOT-USD 2026-01-17 13:00:00 volume=88.90 < threshold=1000 (source=ALPACA)
2026-01-17 23:05:40,420 | WARNING |   VOLUME SANITY REJECT: DOT-USD 2026-01-17 14:00:00 volume=80.75 < threshold=1000 (source=ALPACA)
2026-01-17 23:05:40,421 | WARNING |   VOLUME SANITY REJECT: DOT-USD 2026-01-17 15:00:00 volume=22.10 < threshold=1000 (source=ALPACA)
2026-01-17 23:05:40,422 | WARNING |   VOLUME SANITY REJECT: DOT-USD 2026-01-17 16:00:00 volume=13.34 < threshold=1000 (source=ALPACA)
2026-01-17 23:05:40,423 | WARNING |   VOLUME SANITY REJECT: DOT-USD 2026-01-17 17:00:00 volume=1.20 < threshold=1000 (source=ALPACA)
2026-01-17 23:05:40,423 | WARNING |   VOLUME SANITY REJECT: DOT-USD 2026-01-17 18:00:00 volume=22.15 < threshold=1000 (source=ALPACA)
2026-01-17 23:05:40,424 | WARNING |   VOLUME SANITY REJECT: DOT-USD 2026-01-17 19:00:00 volume=17.62 < threshold=1000 (source=ALPACA)
2026-01-17 23:05:40,426 | WARNING |   VOLUME SANITY REJECT: DOT-USD 2026-01-17 20:00:00 volume=22.03 < threshold=1000 (source=ALPACA)
2026-01-17 23:05:40,427 | WARNING |   VOLUME SANITY REJECT: DOT-USD 2026-01-17 21:00:00 volume=42.78 < threshold=1000 (source=ALPACA)
2026-01-17 23:05:40,433 | WARNING |   VOLUME SANITY REJECT: DOT-USD 2026-01-17 22:00:00 volume=0.00 < threshold=1000 (source=ALPACA)
2026-01-17 23:05:40,435 | WARNING |   [DOT-USD] ALL 24 rows REJECTED by volume sanity check (source=ALPACA)
2026-01-17 23:05:40,437 | WARNING |   [DOT-USD] 0 rows written despite 24 bars received
2026-01-17 23:05:41,709 | INFO |   [EOS-USD] Stale (22.1h > 6h) - fetching
2026-01-17 23:05:41,897 | WARNING |   [EOS-USD] No data from Alpaca (STALE)
2026-01-17 23:05:43,082 | INFO |   [ETC-USD] Stale (22.1h > 6h) - fetching
2026-01-17 23:05:43,219 | WARNING |   [ETC-USD] No data from Alpaca (STALE)
2026-01-17 23:05:43,725 | INFO |   [ETH-USD] Stale (22.1h > 6h) - fetching
2026-01-17 23:05:43,863 | WARNING |   VOLUME SANITY REJECT: ETH-USD 2026-01-16 23:00:00 volume=0.01 < threshold=1000 (source=ALPACA)
2026-01-17 23:05:43,877 | WARNING |   VOLUME SANITY REJECT: ETH-USD 2026-01-17 00:00:00 volume=0.07 < threshold=1000 (source=ALPACA)
2026-01-17 23:05:43,877 | WARNING |   VOLUME SANITY REJECT: ETH-USD 2026-01-17 01:00:00 volume=0.03 < threshold=1000 (source=ALPACA)
2026-01-17 23:05:43,877 | WARNING |   VOLUME SANITY REJECT: ETH-USD 2026-01-17 02:00:00 volume=0.01 < threshold=1000 (source=ALPACA)
2026-01-17 23:05:43,877 | WARNING |   VOLUME SANITY REJECT: ETH-USD 2026-01-17 03:00:00 volume=0.02 < threshold=1000 (source=ALPACA)
2026-01-17 23:05:43,877 | WARNING |   VOLUME SANITY REJECT: ETH-USD 2026-01-17 04:00:00 volume=0.02 < threshold=1000 (source=ALPACA)
2026-01-17 23:05:43,877 | WARNING |   VOLUME SANITY REJECT: ETH-USD 2026-01-17 05:00:00 volume=0.04 < threshold=1000 (source=ALPACA)
2026-01-17 23:05:43,886 | WARNING |   VOLUME SANITY REJECT: ETH-USD 2026-01-17 06:00:00 volume=0.11 < threshold=1000 (source=ALPACA)
2026-01-17 23:05:43,886 | WARNING |   VOLUME SANITY REJECT: ETH-USD 2026-01-17 07:00:00 volume=0.05 < threshold=1000 (source=ALPACA)
2026-01-17 23:05:43,886 | WARNING |   VOLUME SANITY REJECT: ETH-USD 2026-01-17 08:00:00 volume=0.30 < threshold=1000 (source=ALPACA)
2026-01-17 23:05:43,886 | WARNING |   VOLUME SANITY REJECT: ETH-USD 2026-01-17 09:00:00 volume=0.02 < threshold=1000 (source=ALPACA)
2026-01-17 23:05:43,886 | WARNING |   VOLUME SANITY REJECT: ETH-USD 2026-01-17 10:00:00 volume=0.01 < threshold=1000 (source=ALPACA)
2026-01-17 23:05:43,886 | WARNING |   VOLUME SANITY REJECT: ETH-USD 2026-01-17 11:00:00 volume=0.04 < threshold=1000 (source=ALPACA)
2026-01-17 23:05:43,886 | WARNING |   VOLUME SANITY REJECT: ETH-USD 2026-01-17 12:00:00 volume=1.18 < threshold=1000 (source=ALPACA)
2026-01-17 23:05:43,886 | WARNING |   VOLUME SANITY REJECT: ETH-USD 2026-01-17 13:00:00 volume=0.00 < threshold=1000 (source=ALPACA)
2026-01-17 23:05:43,886 | WARNING |   VOLUME SANITY REJECT: ETH-USD 2026-01-17 14:00:00 volume=0.26 < threshold=1000 (source=ALPACA)
2026-01-17 23:05:43,886 | WARNING |   VOLUME SANITY REJECT: ETH-USD 2026-01-17 15:00:00 volume=0.01 < threshold=1000 (source=ALPACA)
2026-01-17 23:05:43,886 | WARNING |   VOLUME SANITY REJECT: ETH-USD 2026-01-17 16:00:00 volume=0.02 < threshold=1000 (source=ALPACA)
2026-01-17 23:05:43,886 | WARNING |   VOLUME SANITY REJECT: ETH-USD 2026-01-17 17:00:00 volume=0.01 < threshold=1000 (source=ALPACA)
2026-01-17 23:05:43,886 | WARNING |   VOLUME SANITY REJECT: ETH-USD 2026-01-17 18:00:00 volume=0.13 < threshold=1000 (source=ALPACA)
2026-01-17 23:05:43,886 | WARNING |   VOLUME SANITY REJECT: ETH-USD 2026-01-17 19:00:00 volume=0.00 < threshold=1000 (source=ALPACA)
2026-01-17 23:05:43,896 | WARNING |   VOLUME SANITY REJECT: ETH-USD 2026-01-17 20:00:00 volume=0.15 < threshold=1000 (source=ALPACA)
2026-01-17 23:05:43,897 | WARNING |   VOLUME SANITY REJECT: ETH-USD 2026-01-17 21:00:00 volume=0.08 < threshold=1000 (source=ALPACA)
2026-01-17 23:05:43,897 | WARNING |   VOLUME SANITY REJECT: ETH-USD 2026-01-17 22:00:00 volume=0.00 < threshold=1000 (source=ALPACA)
2026-01-17 23:05:43,897 | WARNING |   [ETH-USD] ALL 24 rows REJECTED by volume sanity check (source=ALPACA)
2026-01-17 23:05:43,897 | WARNING |   [ETH-USD] 0 rows written despite 24 bars received
2026-01-17 23:05:44,405 | INFO |   [FIL-USD] Stale (22.1h > 6h) - fetching
2026-01-17 23:05:44,530 | WARNING |   [FIL-USD] No data from Alpaca (STALE)
2026-01-17 23:05:45,031 | INFO |   [FLOW-USD] Stale (22.1h > 6h) - fetching
2026-01-17 23:05:45,163 | WARNING |   [FLOW-USD] No data from Alpaca (STALE)
2026-01-17 23:05:45,743 | INFO |   [GRT-USD] Stale (78.1h > 6h) - fetching
2026-01-17 23:05:45,868 | WARNING |   VOLUME SANITY REJECT: GRT-USD 2026-01-16 23:00:00 volume=0.00 < threshold=1000 (source=ALPACA)
2026-01-17 23:05:45,868 | WARNING |   VOLUME SANITY REJECT: GRT-USD 2026-01-17 00:00:00 volume=0.00 < threshold=1000 (source=ALPACA)
2026-01-17 23:05:45,868 | WARNING |   VOLUME SANITY REJECT: GRT-USD 2026-01-17 01:00:00 volume=0.00 < threshold=1000 (source=ALPACA)
2026-01-17 23:05:45,879 | WARNING |   VOLUME SANITY REJECT: GRT-USD 2026-01-17 02:00:00 volume=0.00 < threshold=1000 (source=ALPACA)
2026-01-17 23:05:45,879 | WARNING |   VOLUME SANITY REJECT: GRT-USD 2026-01-17 03:00:00 volume=0.00 < threshold=1000 (source=ALPACA)
2026-01-17 23:05:45,879 | WARNING |   VOLUME SANITY REJECT: GRT-USD 2026-01-17 04:00:00 volume=0.00 < threshold=1000 (source=ALPACA)
2026-01-17 23:05:45,879 | WARNING |   VOLUME SANITY REJECT: GRT-USD 2026-01-17 05:00:00 volume=0.00 < threshold=1000 (source=ALPACA)
2026-01-17 23:05:45,879 | WARNING |   VOLUME SANITY REJECT: GRT-USD 2026-01-17 06:00:00 volume=0.00 < threshold=1000 (source=ALPACA)
2026-01-17 23:05:45,879 | WARNING |   VOLUME SANITY REJECT: GRT-USD 2026-01-17 07:00:00 volume=0.00 < threshold=1000 (source=ALPACA)
2026-01-17 23:05:45,879 | WARNING |   VOLUME SANITY REJECT: GRT-USD 2026-01-17 08:00:00 volume=0.00 < threshold=1000 (source=ALPACA)
2026-01-17 23:05:45,879 | WARNING |   VOLUME SANITY REJECT: GRT-USD 2026-01-17 09:00:00 volume=0.00 < threshold=1000 (source=ALPACA)
2026-01-17 23:05:45,889 | WARNING |   VOLUME SANITY REJECT: GRT-USD 2026-01-17 10:00:00 volume=570.53 < threshold=1000 (source=ALPACA)
2026-01-17 23:05:45,889 | WARNING |   VOLUME SANITY REJECT: GRT-USD 2026-01-17 11:00:00 volume=0.00 < threshold=1000 (source=ALPACA)
2026-01-17 23:05:45,889 | WARNING |   VOLUME SANITY REJECT: GRT-USD 2026-01-17 13:00:00 volume=0.00 < threshold=1000 (source=ALPACA)
2026-01-17 23:05:45,889 | WARNING |   VOLUME SANITY REJECT: GRT-USD 2026-01-17 15:00:00 volume=0.00 < threshold=1000 (source=ALPACA)
2026-01-17 23:05:45,889 | WARNING |   VOLUME SANITY REJECT: GRT-USD 2026-01-17 16:00:00 volume=0.00 < threshold=1000 (source=ALPACA)
2026-01-17 23:05:45,889 | WARNING |   VOLUME SANITY REJECT: GRT-USD 2026-01-17 17:00:00 volume=0.00 < threshold=1000 (source=ALPACA)
2026-01-17 23:05:45,889 | WARNING |   VOLUME SANITY REJECT: GRT-USD 2026-01-17 18:00:00 volume=0.00 < threshold=1000 (source=ALPACA)
2026-01-17 23:05:45,889 | WARNING |   VOLUME SANITY REJECT: GRT-USD 2026-01-17 19:00:00 volume=0.00 < threshold=1000 (source=ALPACA)
2026-01-17 23:05:45,889 | WARNING |   VOLUME SANITY REJECT: GRT-USD 2026-01-17 20:00:00 volume=0.00 < threshold=1000 (source=ALPACA)
2026-01-17 23:05:45,889 | WARNING |   VOLUME SANITY REJECT: GRT-USD 2026-01-17 21:00:00 volume=756.34 < threshold=1000 (source=ALPACA)
2026-01-17 23:05:45,889 | WARNING |   VOLUME SANITY REJECT: GRT-USD 2026-01-17 22:00:00 volume=0.00 < threshold=1000 (source=ALPACA)
2026-01-17 23:05:45,914 | WARNING |   [GRT-USD] 22 rows REJECTED by volume sanity, 2 rows INSERTED (source=ALPACA)
2026-01-17 23:05:45,914 | INFO |   [GRT-USD] +2 rows via ALPACA (latest: 2026-01-17 22:00:00+00:00)
2026-01-17 23:05:46,460 | INFO |   [HBAR-USD] Stale (22.1h > 6h) - fetching
2026-01-17 23:05:46,623 | WARNING |   [HBAR-USD] No data from Alpaca (STALE)
2026-01-17 23:05:47,135 | INFO |   [ICP-USD] Stale (22.1h > 6h) - fetching
2026-01-17 23:05:47,254 | WARNING |   [ICP-USD] No data from Alpaca (STALE)
2026-01-17 23:05:47,760 | INFO |   [INJ-USD] Stale (22.1h > 6h) - fetching
2026-01-17 23:05:47,882 | WARNING |   [INJ-USD] No data from Alpaca (STALE)
2026-01-17 23:05:48,399 | INFO |   [LDO-USD] Stale (22.1h > 6h) - fetching
2026-01-17 23:05:48,529 | WARNING |   [LDO-USD] No data from Alpaca (STALE)
2026-01-17 23:05:49,034 | INFO |   [LINK-USD] Stale (22.1h > 6h) - fetching
2026-01-17 23:05:49,179 | WARNING |   VOLUME SANITY REJECT: LINK-USD 2026-01-16 23:00:00 volume=0.00 < threshold=1000 (source=ALPACA)
2026-01-17 23:05:49,189 | WARNING |   VOLUME SANITY REJECT: LINK-USD 2026-01-17 00:00:00 volume=0.00 < threshold=1000 (source=ALPACA)
2026-01-17 23:05:49,192 | WARNING |   VOLUME SANITY REJECT: LINK-USD 2026-01-17 01:00:00 volume=6.31 < threshold=1000 (source=ALPACA)
2026-01-17 23:05:49,192 | WARNING |   VOLUME SANITY REJECT: LINK-USD 2026-01-17 02:00:00 volume=0.00 < threshold=1000 (source=ALPACA)
2026-01-17 23:05:49,192 | WARNING |   VOLUME SANITY REJECT: LINK-USD 2026-01-17 03:00:00 volume=1.60 < threshold=1000 (source=ALPACA)
2026-01-17 23:05:49,192 | WARNING |   VOLUME SANITY REJECT: LINK-USD 2026-01-17 04:00:00 volume=2.00 < threshold=1000 (source=ALPACA)
2026-01-17 23:05:49,192 | WARNING |   VOLUME SANITY REJECT: LINK-USD 2026-01-17 05:00:00 volume=12.71 < threshold=1000 (source=ALPACA)
2026-01-17 23:05:49,202 | WARNING |   VOLUME SANITY REJECT: LINK-USD 2026-01-17 06:00:00 volume=0.00 < threshold=1000 (source=ALPACA)
2026-01-17 23:05:49,202 | WARNING |   VOLUME SANITY REJECT: LINK-USD 2026-01-17 07:00:00 volume=0.00 < threshold=1000 (source=ALPACA)
2026-01-17 23:05:49,262 | WARNING |   VOLUME SANITY REJECT: LINK-USD 2026-01-17 08:00:00 volume=0.36 < threshold=1000 (source=ALPACA)
2026-01-17 23:05:49,262 | WARNING |   VOLUME SANITY REJECT: LINK-USD 2026-01-17 09:00:00 volume=1.98 < threshold=1000 (source=ALPACA)
2026-01-17 23:05:49,267 | WARNING |   VOLUME SANITY REJECT: LINK-USD 2026-01-17 10:00:00 volume=4.18 < threshold=1000 (source=ALPACA)
2026-01-17 23:05:49,267 | WARNING |   VOLUME SANITY REJECT: LINK-USD 2026-01-17 11:00:00 volume=0.36 < threshold=1000 (source=ALPACA)
2026-01-17 23:05:49,267 | WARNING |   VOLUME SANITY REJECT: LINK-USD 2026-01-17 12:00:00 volume=0.00 < threshold=1000 (source=ALPACA)
2026-01-17 23:05:49,301 | WARNING |   VOLUME SANITY REJECT: LINK-USD 2026-01-17 13:00:00 volume=3.65 < threshold=1000 (source=ALPACA)
2026-01-17 23:05:49,302 | WARNING |   VOLUME SANITY REJECT: LINK-USD 2026-01-17 14:00:00 volume=4.81 < threshold=1000 (source=ALPACA)
2026-01-17 23:05:49,306 | WARNING |   VOLUME SANITY REJECT: LINK-USD 2026-01-17 15:00:00 volume=1.18 < threshold=1000 (source=ALPACA)
2026-01-17 23:05:49,310 | WARNING |   VOLUME SANITY REJECT: LINK-USD 2026-01-17 16:00:00 volume=3.14 < threshold=1000 (source=ALPACA)
2026-01-17 23:05:49,311 | WARNING |   VOLUME SANITY REJECT: LINK-USD 2026-01-17 17:00:00 volume=177.49 < threshold=1000 (source=ALPACA)
2026-01-17 23:05:49,312 | WARNING |   VOLUME SANITY REJECT: LINK-USD 2026-01-17 18:00:00 volume=2.09 < threshold=1000 (source=ALPACA)
2026-01-17 23:05:49,314 | WARNING |   VOLUME SANITY REJECT: LINK-USD 2026-01-17 19:00:00 volume=0.36 < threshold=1000 (source=ALPACA)
2026-01-17 23:05:49,315 | WARNING |   VOLUME SANITY REJECT: LINK-USD 2026-01-17 20:00:00 volume=24.57 < threshold=1000 (source=ALPACA)
2026-01-17 23:05:49,316 | WARNING |   VOLUME SANITY REJECT: LINK-USD 2026-01-17 21:00:00 volume=7.25 < threshold=1000 (source=ALPACA)
2026-01-17 23:05:49,318 | WARNING |   VOLUME SANITY REJECT: LINK-USD 2026-01-17 22:00:00 volume=0.00 < threshold=1000 (source=ALPACA)
2026-01-17 23:05:49,319 | WARNING |   [LINK-USD] ALL 24 rows REJECTED by volume sanity check (source=ALPACA)
2026-01-17 23:05:49,319 | WARNING |   [LINK-USD] 0 rows written despite 24 bars received
2026-01-17 23:05:50,212 | INFO |   [LTC-USD] Stale (22.1h > 6h) - fetching
2026-01-17 23:05:50,476 | WARNING |   VOLUME SANITY REJECT: LTC-USD 2026-01-16 23:00:00 volume=1.21 < threshold=1000 (source=ALPACA)
2026-01-17 23:05:50,479 | WARNING |   VOLUME SANITY REJECT: LTC-USD 2026-01-17 00:00:00 volume=0.01 < threshold=1000 (source=ALPACA)
2026-01-17 23:05:50,483 | WARNING |   VOLUME SANITY REJECT: LTC-USD 2026-01-17 01:00:00 volume=3.23 < threshold=1000 (source=ALPACA)
2026-01-17 23:05:50,484 | WARNING |   VOLUME SANITY REJECT: LTC-USD 2026-01-17 02:00:00 volume=0.11 < threshold=1000 (source=ALPACA)
2026-01-17 23:05:50,484 | WARNING |   VOLUME SANITY REJECT: LTC-USD 2026-01-17 03:00:00 volume=0.00 < threshold=1000 (source=ALPACA)
2026-01-17 23:05:50,486 | WARNING |   VOLUME SANITY REJECT: LTC-USD 2026-01-17 04:00:00 volume=0.00 < threshold=1000 (source=ALPACA)
2026-01-17 23:05:50,487 | WARNING |   VOLUME SANITY REJECT: LTC-USD 2026-01-17 05:00:00 volume=1.10 < threshold=1000 (source=ALPACA)
2026-01-17 23:05:50,487 | WARNING |   VOLUME SANITY REJECT: LTC-USD 2026-01-17 06:00:00 volume=1.40 < threshold=1000 (source=ALPACA)
2026-01-17 23:05:50,489 | WARNING |   VOLUME SANITY REJECT: LTC-USD 2026-01-17 07:00:00 volume=0.00 < threshold=1000 (source=ALPACA)
2026-01-17 23:05:50,493 | WARNING |   VOLUME SANITY REJECT: LTC-USD 2026-01-17 08:00:00 volume=0.27 < threshold=1000 (source=ALPACA)
2026-01-17 23:05:50,509 | WARNING |   VOLUME SANITY REJECT: LTC-USD 2026-01-17 09:00:00 volume=0.09 < threshold=1000 (source=ALPACA)
2026-01-17 23:05:50,510 | WARNING |   VOLUME SANITY REJECT: LTC-USD 2026-01-17 10:00:00 volume=1.18 < threshold=1000 (source=ALPACA)
2026-01-17 23:05:50,511 | WARNING |   VOLUME SANITY REJECT: LTC-USD 2026-01-17 11:00:00 volume=0.00 < threshold=1000 (source=ALPACA)
2026-01-17 23:05:50,512 | WARNING |   VOLUME SANITY REJECT: LTC-USD 2026-01-17 12:00:00 volume=3.91 < threshold=1000 (source=ALPACA)
2026-01-17 23:05:50,513 | WARNING |   VOLUME SANITY REJECT: LTC-USD 2026-01-17 13:00:00 volume=0.00 < threshold=1000 (source=ALPACA)
2026-01-17 23:05:50,514 | WARNING |   VOLUME SANITY REJECT: LTC-USD 2026-01-17 14:00:00 volume=0.44 < threshold=1000 (source=ALPACA)
2026-01-17 23:05:50,515 | WARNING |   VOLUME SANITY REJECT: LTC-USD 2026-01-17 15:00:00 volume=5.95 < threshold=1000 (source=ALPACA)
2026-01-17 23:05:50,516 | WARNING |   VOLUME SANITY REJECT: LTC-USD 2026-01-17 16:00:00 volume=0.00 < threshold=1000 (source=ALPACA)
2026-01-17 23:05:50,518 | WARNING |   VOLUME SANITY REJECT: LTC-USD 2026-01-17 17:00:00 volume=0.00 < threshold=1000 (source=ALPACA)
2026-01-17 23:05:50,519 | WARNING |   VOLUME SANITY REJECT: LTC-USD 2026-01-17 18:00:00 volume=1.01 < threshold=1000 (source=ALPACA)
2026-01-17 23:05:50,519 | WARNING |   VOLUME SANITY REJECT: LTC-USD 2026-01-17 19:00:00 volume=0.00 < threshold=1000 (source=ALPACA)
2026-01-17 23:05:50,520 | WARNING |   VOLUME SANITY REJECT: LTC-USD 2026-01-17 20:00:00 volume=3.23 < threshold=1000 (source=ALPACA)
2026-01-17 23:05:50,520 | WARNING |   VOLUME SANITY REJECT: LTC-USD 2026-01-17 21:00:00 volume=0.00 < threshold=1000 (source=ALPACA)
2026-01-17 23:05:50,520 | WARNING |   VOLUME SANITY REJECT: LTC-USD 2026-01-17 22:00:00 volume=0.00 < threshold=1000 (source=ALPACA)
2026-01-17 23:05:50,521 | WARNING |   [LTC-USD] ALL 24 rows REJECTED by volume sanity check (source=ALPACA)
2026-01-17 23:05:50,522 | WARNING |   [LTC-USD] 0 rows written despite 24 bars received
2026-01-17 23:05:51,025 | INFO |   [MANA-USD] Stale (22.1h > 6h) - fetching
2026-01-17 23:05:51,143 | WARNING |   [MANA-USD] No data from Alpaca (STALE)
2026-01-17 23:05:51,648 | INFO |   [MKR-USD] Stale (22.1h > 6h) - fetching
2026-01-17 23:05:51,773 | WARNING |   [MKR-USD] No data from Alpaca (STALE)
2026-01-17 23:05:52,274 | INFO |   [NEAR-USD] Stale (22.1h > 6h) - fetching
2026-01-17 23:05:52,400 | WARNING |   [NEAR-USD] No data from Alpaca (STALE)
2026-01-17 23:05:52,913 | INFO |   [OKB-USD] Stale (22.1h > 6h) - fetching
2026-01-17 23:05:53,052 | WARNING |   [OKB-USD] No data from Alpaca (STALE)
2026-01-17 23:05:53,571 | INFO |   [QNT-USD] Stale (22.1h > 6h) - fetching
2026-01-17 23:05:53,696 | WARNING |   [QNT-USD] No data from Alpaca (STALE)
2026-01-17 23:05:54,197 | INFO |   [RPL-USD] Stale (22.1h > 6h) - fetching
2026-01-17 23:05:54,315 | WARNING |   [RPL-USD] No data from Alpaca (STALE)
2026-01-17 23:05:55,096 | INFO |   [RUNE-USD] Stale (22.1h > 6h) - fetching
2026-01-17 23:05:55,217 | WARNING |   [RUNE-USD] No data from Alpaca (STALE)
2026-01-17 23:05:55,719 | INFO |   [SAND-USD] Stale (22.1h > 6h) - fetching
2026-01-17 23:05:55,845 | WARNING |   [SAND-USD] No data from Alpaca (STALE)
2026-01-17 23:05:56,347 | INFO |   [SHIB-USD] Stale (22.1h > 6h) - fetching
2026-01-17 23:05:56,498 | WARNING |   VOLUME SANITY REJECT: SHIB-USD 2026-01-17 00:00:00 volume=0.00 < threshold=1000 (source=ALPACA)
2026-01-17 23:05:56,500 | WARNING |   VOLUME SANITY REJECT: SHIB-USD 2026-01-17 01:00:00 volume=0.00 < threshold=1000 (source=ALPACA)
2026-01-17 23:05:56,502 | WARNING |   VOLUME SANITY REJECT: SHIB-USD 2026-01-17 02:00:00 volume=0.00 < threshold=1000 (source=ALPACA)
2026-01-17 23:05:56,505 | WARNING |   VOLUME SANITY REJECT: SHIB-USD 2026-01-17 03:00:00 volume=0.00 < threshold=1000 (source=ALPACA)
2026-01-17 23:05:56,506 | WARNING |   VOLUME SANITY REJECT: SHIB-USD 2026-01-17 04:00:00 volume=0.00 < threshold=1000 (source=ALPACA)
2026-01-17 23:05:56,508 | WARNING |   VOLUME SANITY REJECT: SHIB-USD 2026-01-17 05:00:00 volume=0.00 < threshold=1000 (source=ALPACA)
2026-01-17 23:05:56,510 | WARNING |   VOLUME SANITY REJECT: SHIB-USD 2026-01-17 06:00:00 volume=0.00 < threshold=1000 (source=ALPACA)
2026-01-17 23:05:56,511 | WARNING |   VOLUME SANITY REJECT: SHIB-USD 2026-01-17 07:00:00 volume=0.00 < threshold=1000 (source=ALPACA)
2026-01-17 23:05:56,512 | WARNING |   VOLUME SANITY REJECT: SHIB-USD 2026-01-17 08:00:00 volume=0.00 < threshold=1000 (source=ALPACA)
2026-01-17 23:05:56,513 | WARNING |   VOLUME SANITY REJECT: SHIB-USD 2026-01-17 09:00:00 volume=0.00 < threshold=1000 (source=ALPACA)
2026-01-17 23:05:56,514 | WARNING |   VOLUME SANITY REJECT: SHIB-USD 2026-01-17 10:00:00 volume=0.00 < threshold=1000 (source=ALPACA)
2026-01-17 23:05:56,516 | WARNING |   VOLUME SANITY REJECT: SHIB-USD 2026-01-17 11:00:00 volume=0.00 < threshold=1000 (source=ALPACA)
2026-01-17 23:05:56,517 | WARNING |   VOLUME SANITY REJECT: SHIB-USD 2026-01-17 13:00:00 volume=0.00 < threshold=1000 (source=ALPACA)
2026-01-17 23:05:56,518 | WARNING |   VOLUME SANITY REJECT: SHIB-USD 2026-01-17 15:00:00 volume=0.00 < threshold=1000 (source=ALPACA)
2026-01-17 23:05:56,519 | WARNING |   VOLUME SANITY REJECT: SHIB-USD 2026-01-17 16:00:00 volume=0.00 < threshold=1000 (source=ALPACA)
2026-01-17 23:05:56,520 | WARNING |   VOLUME SANITY REJECT: SHIB-USD 2026-01-17 17:00:00 volume=0.00 < threshold=1000 (source=ALPACA)
2026-01-17 23:05:56,520 | WARNING |   VOLUME SANITY REJECT: SHIB-USD 2026-01-17 18:00:00 volume=0.00 < threshold=1000 (source=ALPACA)
2026-01-17 23:05:56,521 | WARNING |   VOLUME SANITY REJECT: SHIB-USD 2026-01-17 19:00:00 volume=0.00 < threshold=1000 (source=ALPACA)
2026-01-17 23:05:56,523 | WARNING |   VOLUME SANITY REJECT: SHIB-USD 2026-01-17 21:00:00 volume=0.00 < threshold=1000 (source=ALPACA)
2026-01-17 23:05:56,523 | WARNING |   VOLUME SANITY REJECT: SHIB-USD 2026-01-17 22:00:00 volume=0.00 < threshold=1000 (source=ALPACA)
2026-01-17 23:05:56,538 | WARNING |   [SHIB-USD] 20 rows REJECTED by volume sanity, 4 rows INSERTED (source=ALPACA)
2026-01-17 23:05:56,539 | INFO |   [SHIB-USD] +4 rows via ALPACA (latest: 2026-01-17 22:00:00+00:00)
2026-01-17 23:05:57,043 | INFO |   [SNX-USD] Stale (22.1h > 6h) - fetching
2026-01-17 23:05:57,169 | WARNING |   [SNX-USD] No data from Alpaca (STALE)
2026-01-17 23:05:57,671 | INFO |   [SOL-USD] Stale (22.1h > 6h) - fetching
2026-01-17 23:05:57,820 | WARNING |   VOLUME SANITY REJECT: SOL-USD 2026-01-16 23:00:00 volume=0.24 < threshold=1000 (source=ALPACA)
2026-01-17 23:05:57,820 | WARNING |   VOLUME SANITY REJECT: SOL-USD 2026-01-17 00:00:00 volume=0.38 < threshold=1000 (source=ALPACA)
2026-01-17 23:05:57,820 | WARNING |   VOLUME SANITY REJECT: SOL-USD 2026-01-17 01:00:00 volume=0.06 < threshold=1000 (source=ALPACA)
2026-01-17 23:05:57,820 | WARNING |   VOLUME SANITY REJECT: SOL-USD 2026-01-17 02:00:00 volume=1.67 < threshold=1000 (source=ALPACA)
2026-01-17 23:05:57,820 | WARNING |   VOLUME SANITY REJECT: SOL-USD 2026-01-17 03:00:00 volume=1.04 < threshold=1000 (source=ALPACA)
2026-01-17 23:05:57,820 | WARNING |   VOLUME SANITY REJECT: SOL-USD 2026-01-17 04:00:00 volume=0.23 < threshold=1000 (source=ALPACA)
2026-01-17 23:05:57,820 | WARNING |   VOLUME SANITY REJECT: SOL-USD 2026-01-17 05:00:00 volume=0.26 < threshold=1000 (source=ALPACA)
2026-01-17 23:05:57,820 | WARNING |   VOLUME SANITY REJECT: SOL-USD 2026-01-17 06:00:00 volume=0.14 < threshold=1000 (source=ALPACA)
2026-01-17 23:05:57,820 | WARNING |   VOLUME SANITY REJECT: SOL-USD 2026-01-17 07:00:00 volume=1.02 < threshold=1000 (source=ALPACA)
2026-01-17 23:05:57,829 | WARNING |   VOLUME SANITY REJECT: SOL-USD 2026-01-17 08:00:00 volume=5.00 < threshold=1000 (source=ALPACA)
2026-01-17 23:05:57,829 | WARNING |   VOLUME SANITY REJECT: SOL-USD 2026-01-17 09:00:00 volume=0.13 < threshold=1000 (source=ALPACA)
2026-01-17 23:05:57,829 | WARNING |   VOLUME SANITY REJECT: SOL-USD 2026-01-17 10:00:00 volume=0.78 < threshold=1000 (source=ALPACA)
2026-01-17 23:05:57,829 | WARNING |   VOLUME SANITY REJECT: SOL-USD 2026-01-17 11:00:00 volume=1.53 < threshold=1000 (source=ALPACA)
2026-01-17 23:05:57,829 | WARNING |   VOLUME SANITY REJECT: SOL-USD 2026-01-17 12:00:00 volume=0.16 < threshold=1000 (source=ALPACA)
2026-01-17 23:05:57,829 | WARNING |   VOLUME SANITY REJECT: SOL-USD 2026-01-17 13:00:00 volume=0.36 < threshold=1000 (source=ALPACA)
2026-01-17 23:05:57,829 | WARNING |   VOLUME SANITY REJECT: SOL-USD 2026-01-17 14:00:00 volume=0.15 < threshold=1000 (source=ALPACA)
2026-01-17 23:05:57,829 | WARNING |   VOLUME SANITY REJECT: SOL-USD 2026-01-17 15:00:00 volume=0.39 < threshold=1000 (source=ALPACA)
2026-01-17 23:05:57,829 | WARNING |   VOLUME SANITY REJECT: SOL-USD 2026-01-17 16:00:00 volume=0.41 < threshold=1000 (source=ALPACA)
2026-01-17 23:05:57,829 | WARNING |   VOLUME SANITY REJECT: SOL-USD 2026-01-17 17:00:00 volume=0.81 < threshold=1000 (source=ALPACA)
2026-01-17 23:05:57,829 | WARNING |   VOLUME SANITY REJECT: SOL-USD 2026-01-17 18:00:00 volume=6.09 < threshold=1000 (source=ALPACA)
2026-01-17 23:05:57,829 | WARNING |   VOLUME SANITY REJECT: SOL-USD 2026-01-17 19:00:00 volume=0.03 < threshold=1000 (source=ALPACA)
2026-01-17 23:05:57,829 | WARNING |   VOLUME SANITY REJECT: SOL-USD 2026-01-17 20:00:00 volume=0.27 < threshold=1000 (source=ALPACA)
2026-01-17 23:05:57,829 | WARNING |   VOLUME SANITY REJECT: SOL-USD 2026-01-17 21:00:00 volume=0.09 < threshold=1000 (source=ALPACA)
2026-01-17 23:05:57,829 | WARNING |   VOLUME SANITY REJECT: SOL-USD 2026-01-17 22:00:00 volume=0.00 < threshold=1000 (source=ALPACA)
2026-01-17 23:05:57,829 | WARNING |   [SOL-USD] ALL 24 rows REJECTED by volume sanity check (source=ALPACA)
2026-01-17 23:05:57,829 | WARNING |   [SOL-USD] 0 rows written despite 24 bars received
2026-01-17 23:05:58,425 | INFO |   [THETA-USD] Stale (22.1h > 6h) - fetching
2026-01-17 23:05:58,620 | WARNING |   [THETA-USD] No data from Alpaca (STALE)
2026-01-17 23:05:59,172 | INFO |   [TRX-USD] Stale (22.1h > 6h) - fetching
2026-01-17 23:05:59,312 | WARNING |   [TRX-USD] No data from Alpaca (STALE)
2026-01-17 23:05:59,820 | INFO |   [UNI-USD] Stale (248.1h > 6h) - fetching
2026-01-17 23:05:59,953 | WARNING |   VOLUME SANITY REJECT: UNI-USD 2026-01-16 23:00:00 volume=0.00 < threshold=1000 (source=ALPACA)
2026-01-17 23:05:59,953 | WARNING |   VOLUME SANITY REJECT: UNI-USD 2026-01-17 00:00:00 volume=0.00 < threshold=1000 (source=ALPACA)
2026-01-17 23:05:59,953 | WARNING |   VOLUME SANITY REJECT: UNI-USD 2026-01-17 01:00:00 volume=0.00 < threshold=1000 (source=ALPACA)
2026-01-17 23:05:59,953 | WARNING |   VOLUME SANITY REJECT: UNI-USD 2026-01-17 02:00:00 volume=0.00 < threshold=1000 (source=ALPACA)
2026-01-17 23:05:59,953 | WARNING |   VOLUME SANITY REJECT: UNI-USD 2026-01-17 03:00:00 volume=1.55 < threshold=1000 (source=ALPACA)
2026-01-17 23:05:59,953 | WARNING |   VOLUME SANITY REJECT: UNI-USD 2026-01-17 04:00:00 volume=0.00 < threshold=1000 (source=ALPACA)
2026-01-17 23:05:59,953 | WARNING |   VOLUME SANITY REJECT: UNI-USD 2026-01-17 05:00:00 volume=2.21 < threshold=1000 (source=ALPACA)
2026-01-17 23:05:59,953 | WARNING |   VOLUME SANITY REJECT: UNI-USD 2026-01-17 06:00:00 volume=0.92 < threshold=1000 (source=ALPACA)
2026-01-17 23:05:59,953 | WARNING |   VOLUME SANITY REJECT: UNI-USD 2026-01-17 07:00:00 volume=1.15 < threshold=1000 (source=ALPACA)
2026-01-17 23:05:59,953 | WARNING |   VOLUME SANITY REJECT: UNI-USD 2026-01-17 08:00:00 volume=0.00 < threshold=1000 (source=ALPACA)
2026-01-17 23:05:59,953 | WARNING |   VOLUME SANITY REJECT: UNI-USD 2026-01-17 09:00:00 volume=0.99 < threshold=1000 (source=ALPACA)
2026-01-17 23:05:59,953 | WARNING |   VOLUME SANITY REJECT: UNI-USD 2026-01-17 10:00:00 volume=0.91 < threshold=1000 (source=ALPACA)
2026-01-17 23:05:59,953 | WARNING |   VOLUME SANITY REJECT: UNI-USD 2026-01-17 11:00:00 volume=0.00 < threshold=1000 (source=ALPACA)
2026-01-17 23:05:59,953 | WARNING |   VOLUME SANITY REJECT: UNI-USD 2026-01-17 12:00:00 volume=2.74 < threshold=1000 (source=ALPACA)
2026-01-17 23:05:59,953 | WARNING |   VOLUME SANITY REJECT: UNI-USD 2026-01-17 13:00:00 volume=0.00 < threshold=1000 (source=ALPACA)
2026-01-17 23:05:59,953 | WARNING |   VOLUME SANITY REJECT: UNI-USD 2026-01-17 14:00:00 volume=6.10 < threshold=1000 (source=ALPACA)
2026-01-17 23:05:59,963 | WARNING |   VOLUME SANITY REJECT: UNI-USD 2026-01-17 15:00:00 volume=0.00 < threshold=1000 (source=ALPACA)
2026-01-17 23:05:59,963 | WARNING |   VOLUME SANITY REJECT: UNI-USD 2026-01-17 16:00:00 volume=0.00 < threshold=1000 (source=ALPACA)
2026-01-17 23:05:59,963 | WARNING |   VOLUME SANITY REJECT: UNI-USD 2026-01-17 17:00:00 volume=1.50 < threshold=1000 (source=ALPACA)
2026-01-17 23:05:59,963 | WARNING |   VOLUME SANITY REJECT: UNI-USD 2026-01-17 18:00:00 volume=6.90 < threshold=1000 (source=ALPACA)
2026-01-17 23:05:59,963 | WARNING |   VOLUME SANITY REJECT: UNI-USD 2026-01-17 19:00:00 volume=0.00 < threshold=1000 (source=ALPACA)
2026-01-17 23:05:59,963 | WARNING |   VOLUME SANITY REJECT: UNI-USD 2026-01-17 20:00:00 volume=40.41 < threshold=1000 (source=ALPACA)
2026-01-17 23:05:59,963 | WARNING |   VOLUME SANITY REJECT: UNI-USD 2026-01-17 21:00:00 volume=0.00 < threshold=1000 (source=ALPACA)
2026-01-17 23:05:59,963 | WARNING |   VOLUME SANITY REJECT: UNI-USD 2026-01-17 22:00:00 volume=0.00 < threshold=1000 (source=ALPACA)
2026-01-17 23:05:59,963 | WARNING |   [UNI-USD] ALL 24 rows REJECTED by volume sanity check (source=ALPACA)
2026-01-17 23:05:59,963 | WARNING |   [UNI-USD] 0 rows written despite 24 bars received
2026-01-17 23:06:00,469 | INFO |   [VET-USD] Stale (22.1h > 6h) - fetching
2026-01-17 23:06:00,585 | WARNING |   [VET-USD] No data from Alpaca (STALE)
2026-01-17 23:06:01,093 | INFO |   [XLM-USD] Stale (22.1h > 6h) - fetching
2026-01-17 23:06:01,218 | WARNING |   [XLM-USD] No data from Alpaca (STALE)
2026-01-17 23:06:01,721 | INFO |   [XMR-USD] Stale (22.1h > 6h) - fetching
2026-01-17 23:06:01,840 | WARNING |   [XMR-USD] No data from Alpaca (STALE)
2026-01-17 23:06:02,346 | INFO |   [XRP-USD] Stale (22.1h > 6h) - fetching
2026-01-17 23:06:02,492 | WARNING |   VOLUME SANITY REJECT: XRP-USD 2026-01-16 23:00:00 volume=431.41 < threshold=1000 (source=ALPACA)
2026-01-17 23:06:02,494 | WARNING |   VOLUME SANITY REJECT: XRP-USD 2026-01-17 00:00:00 volume=35.04 < threshold=1000 (source=ALPACA)
2026-01-17 23:06:02,497 | WARNING |   VOLUME SANITY REJECT: XRP-USD 2026-01-17 01:00:00 volume=32.95 < threshold=1000 (source=ALPACA)
2026-01-17 23:06:02,499 | WARNING |   VOLUME SANITY REJECT: XRP-USD 2026-01-17 02:00:00 volume=0.00 < threshold=1000 (source=ALPACA)
2026-01-17 23:06:02,503 | WARNING |   VOLUME SANITY REJECT: XRP-USD 2026-01-17 03:00:00 volume=46.04 < threshold=1000 (source=ALPACA)
2026-01-17 23:06:02,507 | WARNING |   VOLUME SANITY REJECT: XRP-USD 2026-01-17 04:00:00 volume=74.53 < threshold=1000 (source=ALPACA)
2026-01-17 23:06:02,511 | WARNING |   VOLUME SANITY REJECT: XRP-USD 2026-01-17 05:00:00 volume=114.20 < threshold=1000 (source=ALPACA)
2026-01-17 23:06:02,528 | WARNING |   VOLUME SANITY REJECT: XRP-USD 2026-01-17 06:00:00 volume=93.52 < threshold=1000 (source=ALPACA)
2026-01-17 23:06:02,533 | WARNING |   VOLUME SANITY REJECT: XRP-USD 2026-01-17 07:00:00 volume=103.72 < threshold=1000 (source=ALPACA)
2026-01-17 23:06:02,534 | WARNING |   VOLUME SANITY REJECT: XRP-USD 2026-01-17 08:00:00 volume=73.25 < threshold=1000 (source=ALPACA)
2026-01-17 23:06:02,536 | WARNING |   VOLUME SANITY REJECT: XRP-USD 2026-01-17 09:00:00 volume=70.71 < threshold=1000 (source=ALPACA)
2026-01-17 23:06:02,538 | WARNING |   VOLUME SANITY REJECT: XRP-USD 2026-01-17 10:00:00 volume=10.69 < threshold=1000 (source=ALPACA)
2026-01-17 23:06:02,540 | WARNING |   VOLUME SANITY REJECT: XRP-USD 2026-01-17 11:00:00 volume=0.00 < threshold=1000 (source=ALPACA)
2026-01-17 23:06:02,541 | WARNING |   VOLUME SANITY REJECT: XRP-USD 2026-01-17 12:00:00 volume=209.12 < threshold=1000 (source=ALPACA)
2026-01-17 23:06:02,553 | WARNING |   VOLUME SANITY REJECT: XRP-USD 2026-01-17 13:00:00 volume=19.15 < threshold=1000 (source=ALPACA)
2026-01-17 23:06:02,553 | WARNING |   VOLUME SANITY REJECT: XRP-USD 2026-01-17 14:00:00 volume=65.91 < threshold=1000 (source=ALPACA)
2026-01-17 23:06:02,553 | WARNING |   VOLUME SANITY REJECT: XRP-USD 2026-01-17 15:00:00 volume=75.73 < threshold=1000 (source=ALPACA)
2026-01-17 23:06:02,553 | WARNING |   VOLUME SANITY REJECT: XRP-USD 2026-01-17 16:00:00 volume=28.18 < threshold=1000 (source=ALPACA)
2026-01-17 23:06:02,553 | WARNING |   VOLUME SANITY REJECT: XRP-USD 2026-01-17 17:00:00 volume=7.31 < threshold=1000 (source=ALPACA)
2026-01-17 23:06:02,553 | WARNING |   VOLUME SANITY REJECT: XRP-USD 2026-01-17 18:00:00 volume=103.61 < threshold=1000 (source=ALPACA)
2026-01-17 23:06:02,553 | WARNING |   VOLUME SANITY REJECT: XRP-USD 2026-01-17 19:00:00 volume=6.70 < threshold=1000 (source=ALPACA)
2026-01-17 23:06:02,570 | WARNING |   VOLUME SANITY REJECT: XRP-USD 2026-01-17 21:00:00 volume=0.00 < threshold=1000 (source=ALPACA)
2026-01-17 23:06:02,570 | WARNING |   VOLUME SANITY REJECT: XRP-USD 2026-01-17 22:00:00 volume=0.00 < threshold=1000 (source=ALPACA)
2026-01-17 23:06:02,583 | WARNING |   [XRP-USD] 23 rows REJECTED by volume sanity, 1 rows INSERTED (source=ALPACA)
2026-01-17 23:06:02,584 | INFO |   [XRP-USD] +1 rows via ALPACA (latest: 2026-01-17 22:00:00+00:00)
2026-01-17 23:06:03,100 | INFO |   [XTZ-USD] Stale (22.1h > 6h) - fetching
2026-01-17 23:06:03,241 | WARNING |   VOLUME SANITY REJECT: XTZ-USD 2026-01-16 23:00:00 volume=0.00 < threshold=1000 (source=ALPACA)
2026-01-17 23:06:03,284 | WARNING |   VOLUME SANITY REJECT: XTZ-USD 2026-01-17 00:00:00 volume=12.45 < threshold=1000 (source=ALPACA)
2026-01-17 23:06:03,286 | WARNING |   VOLUME SANITY REJECT: XTZ-USD 2026-01-17 01:00:00 volume=0.00 < threshold=1000 (source=ALPACA)
2026-01-17 23:06:03,290 | WARNING |   VOLUME SANITY REJECT: XTZ-USD 2026-01-17 02:00:00 volume=0.00 < threshold=1000 (source=ALPACA)
2026-01-17 23:06:03,292 | WARNING |   VOLUME SANITY REJECT: XTZ-USD 2026-01-17 03:00:00 volume=0.00 < threshold=1000 (source=ALPACA)
2026-01-17 23:06:03,294 | WARNING |   VOLUME SANITY REJECT: XTZ-USD 2026-01-17 04:00:00 volume=0.00 < threshold=1000 (source=ALPACA)
2026-01-17 23:06:03,294 | WARNING |   VOLUME SANITY REJECT: XTZ-USD 2026-01-17 05:00:00 volume=0.00 < threshold=1000 (source=ALPACA)
2026-01-17 23:06:03,298 | WARNING |   VOLUME SANITY REJECT: XTZ-USD 2026-01-17 06:00:00 volume=0.00 < threshold=1000 (source=ALPACA)
2026-01-17 23:06:03,299 | WARNING |   VOLUME SANITY REJECT: XTZ-USD 2026-01-17 07:00:00 volume=0.00 < threshold=1000 (source=ALPACA)
2026-01-17 23:06:03,302 | WARNING |   VOLUME SANITY REJECT: XTZ-USD 2026-01-17 08:00:00 volume=0.00 < threshold=1000 (source=ALPACA)
2026-01-17 23:06:03,303 | WARNING |   VOLUME SANITY REJECT: XTZ-USD 2026-01-17 09:00:00 volume=0.00 < threshold=1000 (source=ALPACA)
2026-01-17 23:06:03,305 | WARNING |   VOLUME SANITY REJECT: XTZ-USD 2026-01-17 10:00:00 volume=0.00 < threshold=1000 (source=ALPACA)
2026-01-17 23:06:03,306 | WARNING |   VOLUME SANITY REJECT: XTZ-USD 2026-01-17 11:00:00 volume=0.00 < threshold=1000 (source=ALPACA)
2026-01-17 23:06:03,308 | WARNING |   VOLUME SANITY REJECT: XTZ-USD 2026-01-17 12:00:00 volume=0.00 < threshold=1000 (source=ALPACA)
2026-01-17 23:06:03,308 | WARNING |   VOLUME SANITY REJECT: XTZ-USD 2026-01-17 13:00:00 volume=0.00 < threshold=1000 (source=ALPACA)
2026-01-17 23:06:03,309 | WARNING |   VOLUME SANITY REJECT: XTZ-USD 2026-01-17 14:00:00 volume=58.26 < threshold=1000 (source=ALPACA)
2026-01-17 23:06:03,311 | WARNING |   VOLUME SANITY REJECT: XTZ-USD 2026-01-17 15:00:00 volume=0.00 < threshold=1000 (source=ALPACA)
2026-01-17 23:06:03,312 | WARNING |   VOLUME SANITY REJECT: XTZ-USD 2026-01-17 16:00:00 volume=0.00 < threshold=1000 (source=ALPACA)
2026-01-17 23:06:03,312 | WARNING |   VOLUME SANITY REJECT: XTZ-USD 2026-01-17 17:00:00 volume=0.00 < threshold=1000 (source=ALPACA)
2026-01-17 23:06:03,313 | WARNING |   VOLUME SANITY REJECT: XTZ-USD 2026-01-17 18:00:00 volume=0.00 < threshold=1000 (source=ALPACA)
2026-01-17 23:06:03,315 | WARNING |   VOLUME SANITY REJECT: XTZ-USD 2026-01-17 19:00:00 volume=0.00 < threshold=1000 (source=ALPACA)
2026-01-17 23:06:03,323 | WARNING |   VOLUME SANITY REJECT: XTZ-USD 2026-01-17 20:00:00 volume=0.00 < threshold=1000 (source=ALPACA)
2026-01-17 23:06:03,331 | WARNING |   VOLUME SANITY REJECT: XTZ-USD 2026-01-17 21:00:00 volume=74.09 < threshold=1000 (source=ALPACA)
2026-01-17 23:06:03,332 | WARNING |   VOLUME SANITY REJECT: XTZ-USD 2026-01-17 22:00:00 volume=0.00 < threshold=1000 (source=ALPACA)
2026-01-17 23:06:03,333 | WARNING |   [XTZ-USD] ALL 24 rows REJECTED by volume sanity check (source=ALPACA)
2026-01-17 23:06:03,333 | WARNING |   [XTZ-USD] 0 rows written despite 24 bars received
2026-01-17 23:06:04,606 | INFO |   [ZEC-USD] Stale (22.1h > 6h) - fetching
2026-01-17 23:06:04,936 | WARNING |   [ZEC-USD] No data from Alpaca (STALE)
2026-01-17 23:06:05,440 | INFO |   [AAVE-USD] Stale (22.1h > 6h) - fetching
2026-01-17 23:06:05,611 | WARNING |   VOLUME SANITY REJECT: AAVE-USD 2026-01-16 23:00:00 volume=0.08 < threshold=1000 (source=ALPACA)
2026-01-17 23:06:05,613 | WARNING |   VOLUME SANITY REJECT: AAVE-USD 2026-01-17 00:00:00 volume=0.41 < threshold=1000 (source=ALPACA)
2026-01-17 23:06:05,617 | WARNING |   VOLUME SANITY REJECT: AAVE-USD 2026-01-17 01:00:00 volume=0.35 < threshold=1000 (source=ALPACA)
2026-01-17 23:06:05,618 | WARNING |   VOLUME SANITY REJECT: AAVE-USD 2026-01-17 02:00:00 volume=0.08 < threshold=1000 (source=ALPACA)
2026-01-17 23:06:05,619 | WARNING |   VOLUME SANITY REJECT: AAVE-USD 2026-01-17 03:00:00 volume=0.00 < threshold=1000 (source=ALPACA)
2026-01-17 23:06:05,622 | WARNING |   VOLUME SANITY REJECT: AAVE-USD 2026-01-17 04:00:00 volume=0.00 < threshold=1000 (source=ALPACA)
2026-01-17 23:06:05,625 | WARNING |   VOLUME SANITY REJECT: AAVE-USD 2026-01-17 05:00:00 volume=0.46 < threshold=1000 (source=ALPACA)
2026-01-17 23:06:05,625 | WARNING |   VOLUME SANITY REJECT: AAVE-USD 2026-01-17 06:00:00 volume=0.61 < threshold=1000 (source=ALPACA)
2026-01-17 23:06:05,625 | WARNING |   VOLUME SANITY REJECT: AAVE-USD 2026-01-17 07:00:00 volume=0.08 < threshold=1000 (source=ALPACA)
2026-01-17 23:06:05,625 | WARNING |   VOLUME SANITY REJECT: AAVE-USD 2026-01-17 08:00:00 volume=0.53 < threshold=1000 (source=ALPACA)
2026-01-17 23:06:05,625 | WARNING |   VOLUME SANITY REJECT: AAVE-USD 2026-01-17 09:00:00 volume=3.13 < threshold=1000 (source=ALPACA)
2026-01-17 23:06:05,633 | WARNING |   VOLUME SANITY REJECT: AAVE-USD 2026-01-17 10:00:00 volume=0.53 < threshold=1000 (source=ALPACA)
2026-01-17 23:06:05,635 | WARNING |   VOLUME SANITY REJECT: AAVE-USD 2026-01-17 11:00:00 volume=0.00 < threshold=1000 (source=ALPACA)
2026-01-17 23:06:05,635 | WARNING |   VOLUME SANITY REJECT: AAVE-USD 2026-01-17 12:00:00 volume=0.02 < threshold=1000 (source=ALPACA)
2026-01-17 23:06:05,635 | WARNING |   VOLUME SANITY REJECT: AAVE-USD 2026-01-17 13:00:00 volume=1.06 < threshold=1000 (source=ALPACA)
2026-01-17 23:06:05,635 | WARNING |   VOLUME SANITY REJECT: AAVE-USD 2026-01-17 14:00:00 volume=1.70 < threshold=1000 (source=ALPACA)
2026-01-17 23:06:05,635 | WARNING |   VOLUME SANITY REJECT: AAVE-USD 2026-01-17 15:00:00 volume=0.58 < threshold=1000 (source=ALPACA)
2026-01-17 23:06:05,635 | WARNING |   VOLUME SANITY REJECT: AAVE-USD 2026-01-17 16:00:00 volume=0.12 < threshold=1000 (source=ALPACA)
2026-01-17 23:06:05,635 | WARNING |   VOLUME SANITY REJECT: AAVE-USD 2026-01-17 17:00:00 volume=0.00 < threshold=1000 (source=ALPACA)
2026-01-17 23:06:05,635 | WARNING |   VOLUME SANITY REJECT: AAVE-USD 2026-01-17 18:00:00 volume=0.00 < threshold=1000 (source=ALPACA)
2026-01-17 23:06:05,635 | WARNING |   VOLUME SANITY REJECT: AAVE-USD 2026-01-17 19:00:00 volume=0.00 < threshold=1000 (source=ALPACA)
2026-01-17 23:06:05,635 | WARNING |   VOLUME SANITY REJECT: AAVE-USD 2026-01-17 20:00:00 volume=0.00 < threshold=1000 (source=ALPACA)
2026-01-17 23:06:05,635 | WARNING |   VOLUME SANITY REJECT: AAVE-USD 2026-01-17 21:00:00 volume=0.00 < threshold=1000 (source=ALPACA)
2026-01-17 23:06:05,635 | WARNING |   VOLUME SANITY REJECT: AAVE-USD 2026-01-17 22:00:00 volume=0.00 < threshold=1000 (source=ALPACA)
2026-01-17 23:06:05,635 | WARNING |   [AAVE-USD] ALL 24 rows REJECTED by volume sanity check (source=ALPACA)
2026-01-17 23:06:05,635 | WARNING |   [AAVE-USD] 0 rows written despite 24 bars received
2026-01-17 23:06:06,215 | INFO | Alpaca: Updated 5 assets, 30 remaining
2026-01-17 23:06:07,423 | INFO | ============================================================
2026-01-17 23:06:07,424 | INFO | ATTEMPTING YAHOO FINANCE INGEST (Fallback Provider)
2026-01-17 23:06:07,424 | INFO | Assets: 30, Using BATCH DOWNLOAD (efficient)
2026-01-17 23:06:07,424 | INFO | ============================================================
2026-01-17 23:06:07,424 | INFO |   Checking Yahoo Finance rate limit status...
2026-01-17 23:06:12,416 | ERROR | 
1 Failed download:
2026-01-17 23:06:12,416 | ERROR | ['AAPL']: YFRateLimitError('Too Many Requests. Rate limited. Try after a while.')
2026-01-17 23:06:12,448 | WARNING |   RATE LIMITED - Yahoo Finance is currently blocking requests
2026-01-17 23:06:12,448 | WARNING |   Skipping Yahoo and marking all assets as failed
2026-01-17 23:06:12,448 | INFO | Yahoo: Updated 0 assets, 30 remaining
2026-01-17 23:06:12,448 | INFO | 
============================================================
2026-01-17 23:06:12,448 | INFO | VERIFICATION: Checking Data Freshness
2026-01-17 23:06:12,448 | INFO | ============================================================
2026-01-17 23:06:13,303 | WARNING | VERIFICATION FAILED: 5 assets are stale
2026-01-17 23:06:13,303 | WARNING |   - BT.A.L: 33 days stale (last: 2025-12-15)
2026-01-17 23:06:13,303 | WARNING |   - 1COV.DE: 25 days stale (last: 2025-12-23)
2026-01-17 23:06:13,303 | WARNING |   - UNI-USD: 10 days stale (last: 2026-01-07)
2026-01-17 23:06:13,303 | WARNING |   - TLT: 8 days stale (last: 2026-01-09)
2026-01-17 23:06:13,303 | WARNING |   - GLD: 7 days stale (last: 2026-01-10)
2026-01-17 23:06:14,225 | CRITICAL | ALERT [CRITICAL]: DATA VERIFICATION FAILED: 5 assets still stale after ingest! Updated: 5, Rows: 12
2026-01-17 23:06:14,283 | WARNING | Governance logging failed: column "action_timestamp" of relation "governance_actions_log" does not exist
LINE 3:                     action_type, action_timestamp, action_by...
                                         ^

2026-01-17 23:06:14,285 | WARNING | ALERT [WARNING]: PARTIAL INGEST: 30 assets could not be updated via any provider
2026-01-17 23:06:14,286 | WARNING | Heartbeat recording failed: relation "fhq_monitoring.system_heartbeats" does not exist
LINE 2:                 INSERT INTO fhq_monitoring.system_heartbeats...
                                    ^

2026-01-17 23:06:14,288 | WARNING | Governance logging failed: current transaction is aborted, commands ignored until end of transaction block

2026-01-17 23:06:14,291 | INFO | 
======================================================================
2026-01-17 23:06:14,292 | INFO | BULLETPROOF INGEST COMPLETE
2026-01-17 23:06:14,292 | INFO | ======================================================================
2026-01-17 23:06:14,292 | INFO | Status: PARTIAL
2026-01-17 23:06:14,292 | INFO | Assets Updated: 5
2026-01-17 23:06:14,292 | INFO | Rows Inserted: 12
2026-01-17 23:06:14,292 | INFO | Providers Used: ALPACA, YAHOO
2026-01-17 23:06:14,293 | INFO | Verification: FAILED (5 stale)
2026-01-17 23:06:14,293 | INFO | Elapsed: 69.4s
2026-01-17 23:06:14,293 | INFO | 
Freshness by Asset Class:
2026-01-17 23:06:14,293 | INFO |   CRYPTO: 45/50 fresh (90.0%)
2026-01-17 23:06:14,293 | INFO |   EQUITY: 419/422 fresh (99.3%)
2026-01-17 23:06:14,293 | INFO |   ETF: 0/2 fresh (0.0%)
2026-01-17 23:06:14,294 | INFO |   FX: 24/25 fresh (96.0%)
2026-01-17 23:06:14,294 | INFO | 
Evidence: C:\fhq-market-system\vision-ios\03_FUNCTIONS\evidence\BULLETPROOF_INGEST_de319ee2_20260117_230614.json
2026-01-17 23:06:14,294 | INFO | ======================================================================
