2026-02-06 23:05:21,324 | INFO | ======================================================================
2026-02-06 23:05:21,324 | INFO | IoS-001 BULLETPROOF DAILY PRICE INGEST
2026-02-06 23:05:21,324 | INFO | ======================================================================
2026-02-06 23:05:21,334 | INFO | CEO Directive: CD-IOS-001-DAILY-INGEST-BULLETPROOF-001
2026-02-06 23:05:21,334 | INFO | Executor: STIG (EC-003)
2026-02-06 23:05:21,334 | INFO | Time: 2026-02-06T22:05:21.324744+00:00
2026-02-06 23:05:21,334 | INFO | Asset Class Filter: CRYPTO
2026-02-06 23:05:21,334 | INFO | Dry Run: False
2026-02-06 23:05:21,334 | INFO | Canonical Source: fhq_market.prices (ONLY)
2026-02-06 23:05:21,334 | INFO | ======================================================================
2026-02-06 23:05:21,467 | INFO | Found 46 canonical assets
2026-02-06 23:05:22,635 | INFO | ============================================================
2026-02-06 23:05:22,635 | INFO | ATTEMPTING ALPACA INGEST (Primary Provider)
2026-02-06 23:05:22,635 | INFO | Assets: 46, Rate limit: 200/min
2026-02-06 23:05:22,635 | INFO | ============================================================
2026-02-06 23:05:22,645 | INFO |   [ADA-USD] Stale (22.1h > 6h) - fetching
2026-02-06 23:05:24,639 | WARNING |   [ADA-USD] No data from Alpaca (STALE)
2026-02-06 23:05:25,140 | INFO |   [ALGO-USD] Stale (22.1h > 6h) - fetching
2026-02-06 23:05:25,268 | WARNING |   [ALGO-USD] No data from Alpaca (STALE)
2026-02-06 23:05:25,771 | INFO |   [ATOM-USD] Stale (22.1h > 6h) - fetching
2026-02-06 23:05:25,963 | WARNING |   [ATOM-USD] No data from Alpaca (STALE)
2026-02-06 23:05:26,464 | INFO |   [AVAX-USD] Stale (22.1h > 6h) - fetching
2026-02-06 23:05:26,606 | WARNING |   VOLUME SANITY REJECT: AVAX-USD 2026-02-05 23:00:00 volume=95.65 < threshold=1000 (source=ALPACA)
2026-02-06 23:05:26,607 | WARNING |   VOLUME SANITY REJECT: AVAX-USD 2026-02-06 00:00:00 volume=1.25 < threshold=1000 (source=ALPACA)
2026-02-06 23:05:26,608 | WARNING |   VOLUME SANITY REJECT: AVAX-USD 2026-02-06 01:00:00 volume=2.55 < threshold=1000 (source=ALPACA)
2026-02-06 23:05:26,609 | WARNING |   VOLUME SANITY REJECT: AVAX-USD 2026-02-06 02:00:00 volume=3.25 < threshold=1000 (source=ALPACA)
2026-02-06 23:05:26,609 | WARNING |   VOLUME SANITY REJECT: AVAX-USD 2026-02-06 03:00:00 volume=1.05 < threshold=1000 (source=ALPACA)
2026-02-06 23:05:26,610 | WARNING |   VOLUME SANITY REJECT: AVAX-USD 2026-02-06 04:00:00 volume=0.53 < threshold=1000 (source=ALPACA)
2026-02-06 23:05:26,610 | WARNING |   VOLUME SANITY REJECT: AVAX-USD 2026-02-06 05:00:00 volume=14.58 < threshold=1000 (source=ALPACA)
2026-02-06 23:05:26,612 | WARNING |   VOLUME SANITY REJECT: AVAX-USD 2026-02-06 06:00:00 volume=3.39 < threshold=1000 (source=ALPACA)
2026-02-06 23:05:26,612 | WARNING |   VOLUME SANITY REJECT: AVAX-USD 2026-02-06 07:00:00 volume=0.00 < threshold=1000 (source=ALPACA)
2026-02-06 23:05:26,613 | WARNING |   VOLUME SANITY REJECT: AVAX-USD 2026-02-06 08:00:00 volume=6.34 < threshold=1000 (source=ALPACA)
2026-02-06 23:05:26,613 | WARNING |   VOLUME SANITY REJECT: AVAX-USD 2026-02-06 09:00:00 volume=46.87 < threshold=1000 (source=ALPACA)
2026-02-06 23:05:26,614 | WARNING |   VOLUME SANITY REJECT: AVAX-USD 2026-02-06 10:00:00 volume=6.19 < threshold=1000 (source=ALPACA)
2026-02-06 23:05:26,615 | WARNING |   VOLUME SANITY REJECT: AVAX-USD 2026-02-06 11:00:00 volume=1.98 < threshold=1000 (source=ALPACA)
2026-02-06 23:05:26,616 | WARNING |   VOLUME SANITY REJECT: AVAX-USD 2026-02-06 12:00:00 volume=0.00 < threshold=1000 (source=ALPACA)
2026-02-06 23:05:26,616 | WARNING |   VOLUME SANITY REJECT: AVAX-USD 2026-02-06 13:00:00 volume=30.68 < threshold=1000 (source=ALPACA)
2026-02-06 23:05:26,616 | WARNING |   VOLUME SANITY REJECT: AVAX-USD 2026-02-06 14:00:00 volume=48.30 < threshold=1000 (source=ALPACA)
2026-02-06 23:05:26,617 | WARNING |   VOLUME SANITY REJECT: AVAX-USD 2026-02-06 15:00:00 volume=20.34 < threshold=1000 (source=ALPACA)
2026-02-06 23:05:26,617 | WARNING |   VOLUME SANITY REJECT: AVAX-USD 2026-02-06 16:00:00 volume=22.31 < threshold=1000 (source=ALPACA)
2026-02-06 23:05:26,618 | WARNING |   VOLUME SANITY REJECT: AVAX-USD 2026-02-06 17:00:00 volume=0.00 < threshold=1000 (source=ALPACA)
2026-02-06 23:05:26,618 | WARNING |   VOLUME SANITY REJECT: AVAX-USD 2026-02-06 18:00:00 volume=39.80 < threshold=1000 (source=ALPACA)
2026-02-06 23:05:26,619 | WARNING |   VOLUME SANITY REJECT: AVAX-USD 2026-02-06 19:00:00 volume=2.67 < threshold=1000 (source=ALPACA)
2026-02-06 23:05:26,620 | WARNING |   VOLUME SANITY REJECT: AVAX-USD 2026-02-06 21:00:00 volume=29.48 < threshold=1000 (source=ALPACA)
2026-02-06 23:05:26,620 | WARNING |   VOLUME SANITY REJECT: AVAX-USD 2026-02-06 22:00:00 volume=0.00 < threshold=1000 (source=ALPACA)
2026-02-06 23:05:26,628 | WARNING |   [AVAX-USD] 23 rows REJECTED by volume sanity, 1 rows INSERTED (source=ALPACA)
2026-02-06 23:05:26,629 | INFO |   [AVAX-USD] +1 rows via ALPACA (latest: 2026-02-06 22:00:00+00:00)
2026-02-06 23:05:27,131 | INFO |   [AXS-USD] Stale (22.1h > 6h) - fetching
2026-02-06 23:05:27,249 | WARNING |   [AXS-USD] No data from Alpaca (STALE)
2026-02-06 23:05:27,753 | INFO |   [BCH-USD] Stale (22.1h > 6h) - fetching
2026-02-06 23:05:27,887 | WARNING |   VOLUME SANITY REJECT: BCH-USD 2026-02-05 23:00:00 volume=1.00 < threshold=1000 (source=ALPACA)
2026-02-06 23:05:27,888 | WARNING |   VOLUME SANITY REJECT: BCH-USD 2026-02-06 00:00:00 volume=0.25 < threshold=1000 (source=ALPACA)
2026-02-06 23:05:27,889 | WARNING |   VOLUME SANITY REJECT: BCH-USD 2026-02-06 01:00:00 volume=0.00 < threshold=1000 (source=ALPACA)
2026-02-06 23:05:27,890 | WARNING |   VOLUME SANITY REJECT: BCH-USD 2026-02-06 02:00:00 volume=0.33 < threshold=1000 (source=ALPACA)
2026-02-06 23:05:27,891 | WARNING |   VOLUME SANITY REJECT: BCH-USD 2026-02-06 03:00:00 volume=0.09 < threshold=1000 (source=ALPACA)
2026-02-06 23:05:27,894 | WARNING |   VOLUME SANITY REJECT: BCH-USD 2026-02-06 04:00:00 volume=0.00 < threshold=1000 (source=ALPACA)
2026-02-06 23:05:27,897 | WARNING |   VOLUME SANITY REJECT: BCH-USD 2026-02-06 05:00:00 volume=0.00 < threshold=1000 (source=ALPACA)
2026-02-06 23:05:27,898 | WARNING |   VOLUME SANITY REJECT: BCH-USD 2026-02-06 06:00:00 volume=0.16 < threshold=1000 (source=ALPACA)
2026-02-06 23:05:27,899 | WARNING |   VOLUME SANITY REJECT: BCH-USD 2026-02-06 07:00:00 volume=0.00 < threshold=1000 (source=ALPACA)
2026-02-06 23:05:27,900 | WARNING |   VOLUME SANITY REJECT: BCH-USD 2026-02-06 08:00:00 volume=0.00 < threshold=1000 (source=ALPACA)
2026-02-06 23:05:27,900 | WARNING |   VOLUME SANITY REJECT: BCH-USD 2026-02-06 09:00:00 volume=0.02 < threshold=1000 (source=ALPACA)
2026-02-06 23:05:27,902 | WARNING |   VOLUME SANITY REJECT: BCH-USD 2026-02-06 10:00:00 volume=0.00 < threshold=1000 (source=ALPACA)
2026-02-06 23:05:27,903 | WARNING |   VOLUME SANITY REJECT: BCH-USD 2026-02-06 11:00:00 volume=0.01 < threshold=1000 (source=ALPACA)
2026-02-06 23:05:27,903 | WARNING |   VOLUME SANITY REJECT: BCH-USD 2026-02-06 12:00:00 volume=0.00 < threshold=1000 (source=ALPACA)
2026-02-06 23:05:27,905 | WARNING |   VOLUME SANITY REJECT: BCH-USD 2026-02-06 13:00:00 volume=0.32 < threshold=1000 (source=ALPACA)
2026-02-06 23:05:27,905 | WARNING |   VOLUME SANITY REJECT: BCH-USD 2026-02-06 14:00:00 volume=1.15 < threshold=1000 (source=ALPACA)
2026-02-06 23:05:27,906 | WARNING |   VOLUME SANITY REJECT: BCH-USD 2026-02-06 15:00:00 volume=0.01 < threshold=1000 (source=ALPACA)
2026-02-06 23:05:27,907 | WARNING |   VOLUME SANITY REJECT: BCH-USD 2026-02-06 16:00:00 volume=0.02 < threshold=1000 (source=ALPACA)
2026-02-06 23:05:27,908 | WARNING |   VOLUME SANITY REJECT: BCH-USD 2026-02-06 17:00:00 volume=0.00 < threshold=1000 (source=ALPACA)
2026-02-06 23:05:27,909 | WARNING |   VOLUME SANITY REJECT: BCH-USD 2026-02-06 18:00:00 volume=0.00 < threshold=1000 (source=ALPACA)
2026-02-06 23:05:27,910 | WARNING |   VOLUME SANITY REJECT: BCH-USD 2026-02-06 19:00:00 volume=0.03 < threshold=1000 (source=ALPACA)
2026-02-06 23:05:27,911 | WARNING |   VOLUME SANITY REJECT: BCH-USD 2026-02-06 20:00:00 volume=0.00 < threshold=1000 (source=ALPACA)
2026-02-06 23:05:27,913 | WARNING |   VOLUME SANITY REJECT: BCH-USD 2026-02-06 21:00:00 volume=0.00 < threshold=1000 (source=ALPACA)
2026-02-06 23:05:27,915 | WARNING |   VOLUME SANITY REJECT: BCH-USD 2026-02-06 22:00:00 volume=0.00 < threshold=1000 (source=ALPACA)
2026-02-06 23:05:27,915 | WARNING |   [BCH-USD] ALL 24 rows REJECTED by volume sanity check (source=ALPACA)
2026-02-06 23:05:27,916 | WARNING |   [BCH-USD] 0 rows written despite 24 bars received
2026-02-06 23:05:28,416 | INFO |   [BNB-USD] Stale (22.1h > 6h) - fetching
2026-02-06 23:05:28,538 | WARNING |   [BNB-USD] No data from Alpaca (STALE)
2026-02-06 23:05:29,046 | INFO |   [BTC-USD] Stale (22.1h > 6h) - fetching
2026-02-06 23:05:29,189 | WARNING |   VOLUME SANITY REJECT: BTC-USD 2026-02-05 23:00:00 volume=0.04 < threshold=1000 (source=ALPACA)
2026-02-06 23:05:29,189 | WARNING |   VOLUME SANITY REJECT: BTC-USD 2026-02-06 00:00:00 volume=0.80 < threshold=1000 (source=ALPACA)
2026-02-06 23:05:29,189 | WARNING |   VOLUME SANITY REJECT: BTC-USD 2026-02-06 01:00:00 volume=0.20 < threshold=1000 (source=ALPACA)
2026-02-06 23:05:29,189 | WARNING |   VOLUME SANITY REJECT: BTC-USD 2026-02-06 02:00:00 volume=0.11 < threshold=1000 (source=ALPACA)
2026-02-06 23:05:29,189 | WARNING |   VOLUME SANITY REJECT: BTC-USD 2026-02-06 03:00:00 volume=0.24 < threshold=1000 (source=ALPACA)
2026-02-06 23:05:29,189 | WARNING |   VOLUME SANITY REJECT: BTC-USD 2026-02-06 04:00:00 volume=0.35 < threshold=1000 (source=ALPACA)
2026-02-06 23:05:29,189 | WARNING |   VOLUME SANITY REJECT: BTC-USD 2026-02-06 05:00:00 volume=0.19 < threshold=1000 (source=ALPACA)
2026-02-06 23:05:29,189 | WARNING |   VOLUME SANITY REJECT: BTC-USD 2026-02-06 06:00:00 volume=0.09 < threshold=1000 (source=ALPACA)
2026-02-06 23:05:29,189 | WARNING |   VOLUME SANITY REJECT: BTC-USD 2026-02-06 07:00:00 volume=1.27 < threshold=1000 (source=ALPACA)
2026-02-06 23:05:29,197 | WARNING |   VOLUME SANITY REJECT: BTC-USD 2026-02-06 08:00:00 volume=0.11 < threshold=1000 (source=ALPACA)
2026-02-06 23:05:29,197 | WARNING |   VOLUME SANITY REJECT: BTC-USD 2026-02-06 09:00:00 volume=0.85 < threshold=1000 (source=ALPACA)
2026-02-06 23:05:29,197 | WARNING |   VOLUME SANITY REJECT: BTC-USD 2026-02-06 10:00:00 volume=0.78 < threshold=1000 (source=ALPACA)
2026-02-06 23:05:29,197 | WARNING |   VOLUME SANITY REJECT: BTC-USD 2026-02-06 11:00:00 volume=0.20 < threshold=1000 (source=ALPACA)
2026-02-06 23:05:29,197 | WARNING |   VOLUME SANITY REJECT: BTC-USD 2026-02-06 12:00:00 volume=0.46 < threshold=1000 (source=ALPACA)
2026-02-06 23:05:29,197 | WARNING |   VOLUME SANITY REJECT: BTC-USD 2026-02-06 13:00:00 volume=0.71 < threshold=1000 (source=ALPACA)
2026-02-06 23:05:29,197 | WARNING |   VOLUME SANITY REJECT: BTC-USD 2026-02-06 14:00:00 volume=0.72 < threshold=1000 (source=ALPACA)
2026-02-06 23:05:29,197 | WARNING |   VOLUME SANITY REJECT: BTC-USD 2026-02-06 15:00:00 volume=2.07 < threshold=1000 (source=ALPACA)
2026-02-06 23:05:29,197 | WARNING |   VOLUME SANITY REJECT: BTC-USD 2026-02-06 16:00:00 volume=1.57 < threshold=1000 (source=ALPACA)
2026-02-06 23:05:29,197 | WARNING |   VOLUME SANITY REJECT: BTC-USD 2026-02-06 17:00:00 volume=0.82 < threshold=1000 (source=ALPACA)
2026-02-06 23:05:29,197 | WARNING |   VOLUME SANITY REJECT: BTC-USD 2026-02-06 18:00:00 volume=1.74 < threshold=1000 (source=ALPACA)
2026-02-06 23:05:29,197 | WARNING |   VOLUME SANITY REJECT: BTC-USD 2026-02-06 19:00:00 volume=0.42 < threshold=1000 (source=ALPACA)
2026-02-06 23:05:29,197 | WARNING |   VOLUME SANITY REJECT: BTC-USD 2026-02-06 20:00:00 volume=0.52 < threshold=1000 (source=ALPACA)
2026-02-06 23:05:29,197 | WARNING |   VOLUME SANITY REJECT: BTC-USD 2026-02-06 21:00:00 volume=1.08 < threshold=1000 (source=ALPACA)
2026-02-06 23:05:29,197 | WARNING |   VOLUME SANITY REJECT: BTC-USD 2026-02-06 22:00:00 volume=0.02 < threshold=1000 (source=ALPACA)
2026-02-06 23:05:29,197 | WARNING |   [BTC-USD] ALL 24 rows REJECTED by volume sanity check (source=ALPACA)
2026-02-06 23:05:29,197 | WARNING |   [BTC-USD] 0 rows written despite 24 bars received
2026-02-06 23:05:29,706 | INFO |   [CHZ-USD] Stale (22.1h > 6h) - fetching
2026-02-06 23:05:29,829 | WARNING |   [CHZ-USD] No data from Alpaca (STALE)
2026-02-06 23:05:30,331 | INFO |   [CRO-USD] Stale (22.1h > 6h) - fetching
2026-02-06 23:05:30,456 | WARNING |   [CRO-USD] No data from Alpaca (STALE)
2026-02-06 23:05:30,958 | INFO |   [CRV-USD] Stale (22.1h > 6h) - fetching
2026-02-06 23:05:31,113 | WARNING |   VOLUME SANITY REJECT: CRV-USD 2026-02-05 23:00:00 volume=0.00 < threshold=1000 (source=ALPACA)
2026-02-06 23:05:31,113 | WARNING |   VOLUME SANITY REJECT: CRV-USD 2026-02-06 00:00:00 volume=519.47 < threshold=1000 (source=ALPACA)
2026-02-06 23:05:31,113 | WARNING |   VOLUME SANITY REJECT: CRV-USD 2026-02-06 01:00:00 volume=0.00 < threshold=1000 (source=ALPACA)
2026-02-06 23:05:31,113 | WARNING |   VOLUME SANITY REJECT: CRV-USD 2026-02-06 02:00:00 volume=0.00 < threshold=1000 (source=ALPACA)
2026-02-06 23:05:31,123 | WARNING |   VOLUME SANITY REJECT: CRV-USD 2026-02-06 03:00:00 volume=0.00 < threshold=1000 (source=ALPACA)
2026-02-06 23:05:31,123 | WARNING |   VOLUME SANITY REJECT: CRV-USD 2026-02-06 04:00:00 volume=0.00 < threshold=1000 (source=ALPACA)
2026-02-06 23:05:31,123 | WARNING |   VOLUME SANITY REJECT: CRV-USD 2026-02-06 05:00:00 volume=0.00 < threshold=1000 (source=ALPACA)
2026-02-06 23:05:31,123 | WARNING |   VOLUME SANITY REJECT: CRV-USD 2026-02-06 06:00:00 volume=59.67 < threshold=1000 (source=ALPACA)
2026-02-06 23:05:31,123 | WARNING |   VOLUME SANITY REJECT: CRV-USD 2026-02-06 07:00:00 volume=0.00 < threshold=1000 (source=ALPACA)
2026-02-06 23:05:31,123 | WARNING |   VOLUME SANITY REJECT: CRV-USD 2026-02-06 08:00:00 volume=0.00 < threshold=1000 (source=ALPACA)
2026-02-06 23:05:31,123 | WARNING |   VOLUME SANITY REJECT: CRV-USD 2026-02-06 09:00:00 volume=0.00 < threshold=1000 (source=ALPACA)
2026-02-06 23:05:31,123 | WARNING |   VOLUME SANITY REJECT: CRV-USD 2026-02-06 10:00:00 volume=0.00 < threshold=1000 (source=ALPACA)
2026-02-06 23:05:31,123 | WARNING |   VOLUME SANITY REJECT: CRV-USD 2026-02-06 11:00:00 volume=0.00 < threshold=1000 (source=ALPACA)
2026-02-06 23:05:31,123 | WARNING |   VOLUME SANITY REJECT: CRV-USD 2026-02-06 12:00:00 volume=0.00 < threshold=1000 (source=ALPACA)
2026-02-06 23:05:31,123 | WARNING |   VOLUME SANITY REJECT: CRV-USD 2026-02-06 14:00:00 volume=175.52 < threshold=1000 (source=ALPACA)
2026-02-06 23:05:31,123 | WARNING |   VOLUME SANITY REJECT: CRV-USD 2026-02-06 15:00:00 volume=0.00 < threshold=1000 (source=ALPACA)
2026-02-06 23:05:31,123 | WARNING |   VOLUME SANITY REJECT: CRV-USD 2026-02-06 17:00:00 volume=260.84 < threshold=1000 (source=ALPACA)
2026-02-06 23:05:31,123 | WARNING |   VOLUME SANITY REJECT: CRV-USD 2026-02-06 18:00:00 volume=0.00 < threshold=1000 (source=ALPACA)
2026-02-06 23:05:31,123 | WARNING |   VOLUME SANITY REJECT: CRV-USD 2026-02-06 19:00:00 volume=0.00 < threshold=1000 (source=ALPACA)
2026-02-06 23:05:31,123 | WARNING |   VOLUME SANITY REJECT: CRV-USD 2026-02-06 20:00:00 volume=0.00 < threshold=1000 (source=ALPACA)
2026-02-06 23:05:31,123 | WARNING |   VOLUME SANITY REJECT: CRV-USD 2026-02-06 21:00:00 volume=0.00 < threshold=1000 (source=ALPACA)
2026-02-06 23:05:31,123 | WARNING |   VOLUME SANITY REJECT: CRV-USD 2026-02-06 22:00:00 volume=0.00 < threshold=1000 (source=ALPACA)
2026-02-06 23:05:31,133 | WARNING |   [CRV-USD] 22 rows REJECTED by volume sanity, 2 rows INSERTED (source=ALPACA)
2026-02-06 23:05:31,133 | INFO |   [CRV-USD] +2 rows via ALPACA (latest: 2026-02-06 22:00:00+00:00)
2026-02-06 23:05:31,640 | INFO |   [DOGE-USD] Stale (22.1h > 6h) - fetching
2026-02-06 23:05:31,769 | WARNING |   VOLUME SANITY REJECT: DOGE-USD 2026-02-06 02:00:00 volume=0.00 < threshold=1000 (source=ALPACA)
2026-02-06 23:05:31,769 | WARNING |   VOLUME SANITY REJECT: DOGE-USD 2026-02-06 04:00:00 volume=574.43 < threshold=1000 (source=ALPACA)
2026-02-06 23:05:31,769 | WARNING |   VOLUME SANITY REJECT: DOGE-USD 2026-02-06 05:00:00 volume=954.91 < threshold=1000 (source=ALPACA)
2026-02-06 23:05:31,769 | WARNING |   VOLUME SANITY REJECT: DOGE-USD 2026-02-06 07:00:00 volume=255.77 < threshold=1000 (source=ALPACA)
2026-02-06 23:05:31,769 | WARNING |   VOLUME SANITY REJECT: DOGE-USD 2026-02-06 08:00:00 volume=831.23 < threshold=1000 (source=ALPACA)
2026-02-06 23:05:31,780 | WARNING |   VOLUME SANITY REJECT: DOGE-USD 2026-02-06 19:00:00 volume=466.66 < threshold=1000 (source=ALPACA)
2026-02-06 23:05:31,781 | WARNING |   VOLUME SANITY REJECT: DOGE-USD 2026-02-06 22:00:00 volume=0.00 < threshold=1000 (source=ALPACA)
2026-02-06 23:05:31,789 | WARNING |   [DOGE-USD] 7 rows REJECTED by volume sanity, 17 rows INSERTED (source=ALPACA)
2026-02-06 23:05:31,789 | INFO |   [DOGE-USD] +17 rows via ALPACA (latest: 2026-02-06 22:00:00+00:00)
2026-02-06 23:05:32,298 | INFO |   [DOT-USD] Stale (22.1h > 6h) - fetching
2026-02-06 23:05:32,426 | WARNING |   VOLUME SANITY REJECT: DOT-USD 2026-02-05 23:00:00 volume=452.62 < threshold=1000 (source=ALPACA)
2026-02-06 23:05:32,427 | WARNING |   VOLUME SANITY REJECT: DOT-USD 2026-02-06 00:00:00 volume=663.04 < threshold=1000 (source=ALPACA)
2026-02-06 23:05:32,427 | WARNING |   VOLUME SANITY REJECT: DOT-USD 2026-02-06 01:00:00 volume=0.00 < threshold=1000 (source=ALPACA)
2026-02-06 23:05:32,428 | WARNING |   VOLUME SANITY REJECT: DOT-USD 2026-02-06 02:00:00 volume=9.09 < threshold=1000 (source=ALPACA)
2026-02-06 23:05:32,428 | WARNING |   VOLUME SANITY REJECT: DOT-USD 2026-02-06 03:00:00 volume=27.77 < threshold=1000 (source=ALPACA)
2026-02-06 23:05:32,428 | WARNING |   VOLUME SANITY REJECT: DOT-USD 2026-02-06 04:00:00 volume=0.00 < threshold=1000 (source=ALPACA)
2026-02-06 23:05:32,428 | WARNING |   VOLUME SANITY REJECT: DOT-USD 2026-02-06 05:00:00 volume=36.43 < threshold=1000 (source=ALPACA)
2026-02-06 23:05:32,429 | WARNING |   VOLUME SANITY REJECT: DOT-USD 2026-02-06 06:00:00 volume=100.00 < threshold=1000 (source=ALPACA)
2026-02-06 23:05:32,429 | WARNING |   VOLUME SANITY REJECT: DOT-USD 2026-02-06 07:00:00 volume=0.00 < threshold=1000 (source=ALPACA)
2026-02-06 23:05:32,429 | WARNING |   VOLUME SANITY REJECT: DOT-USD 2026-02-06 08:00:00 volume=0.00 < threshold=1000 (source=ALPACA)
2026-02-06 23:05:32,429 | WARNING |   VOLUME SANITY REJECT: DOT-USD 2026-02-06 09:00:00 volume=10.00 < threshold=1000 (source=ALPACA)
2026-02-06 23:05:32,429 | WARNING |   VOLUME SANITY REJECT: DOT-USD 2026-02-06 10:00:00 volume=12.51 < threshold=1000 (source=ALPACA)
2026-02-06 23:05:32,429 | WARNING |   VOLUME SANITY REJECT: DOT-USD 2026-02-06 11:00:00 volume=0.00 < threshold=1000 (source=ALPACA)
2026-02-06 23:05:32,429 | WARNING |   VOLUME SANITY REJECT: DOT-USD 2026-02-06 12:00:00 volume=0.00 < threshold=1000 (source=ALPACA)
2026-02-06 23:05:32,429 | WARNING |   VOLUME SANITY REJECT: DOT-USD 2026-02-06 13:00:00 volume=134.68 < threshold=1000 (source=ALPACA)
2026-02-06 23:05:32,429 | WARNING |   VOLUME SANITY REJECT: DOT-USD 2026-02-06 14:00:00 volume=596.42 < threshold=1000 (source=ALPACA)
2026-02-06 23:05:32,429 | WARNING |   VOLUME SANITY REJECT: DOT-USD 2026-02-06 15:00:00 volume=88.59 < threshold=1000 (source=ALPACA)
2026-02-06 23:05:32,429 | WARNING |   VOLUME SANITY REJECT: DOT-USD 2026-02-06 16:00:00 volume=0.00 < threshold=1000 (source=ALPACA)
2026-02-06 23:05:32,429 | WARNING |   VOLUME SANITY REJECT: DOT-USD 2026-02-06 17:00:00 volume=28.06 < threshold=1000 (source=ALPACA)
2026-02-06 23:05:32,429 | WARNING |   VOLUME SANITY REJECT: DOT-USD 2026-02-06 18:00:00 volume=80.81 < threshold=1000 (source=ALPACA)
2026-02-06 23:05:32,429 | WARNING |   VOLUME SANITY REJECT: DOT-USD 2026-02-06 19:00:00 volume=7.69 < threshold=1000 (source=ALPACA)
2026-02-06 23:05:32,429 | WARNING |   VOLUME SANITY REJECT: DOT-USD 2026-02-06 20:00:00 volume=1.28 < threshold=1000 (source=ALPACA)
2026-02-06 23:05:32,429 | WARNING |   VOLUME SANITY REJECT: DOT-USD 2026-02-06 21:00:00 volume=0.00 < threshold=1000 (source=ALPACA)
2026-02-06 23:05:32,429 | WARNING |   VOLUME SANITY REJECT: DOT-USD 2026-02-06 22:00:00 volume=0.00 < threshold=1000 (source=ALPACA)
2026-02-06 23:05:32,429 | WARNING |   [DOT-USD] ALL 24 rows REJECTED by volume sanity check (source=ALPACA)
2026-02-06 23:05:32,429 | WARNING |   [DOT-USD] 0 rows written despite 24 bars received
2026-02-06 23:05:32,940 | INFO |   [EOS-USD] Stale (22.1h > 6h) - fetching
2026-02-06 23:05:33,063 | WARNING |   [EOS-USD] No data from Alpaca (STALE)
2026-02-06 23:05:33,567 | INFO |   [ETC-USD] Stale (22.1h > 6h) - fetching
2026-02-06 23:05:33,689 | WARNING |   [ETC-USD] No data from Alpaca (STALE)
2026-02-06 23:05:34,192 | INFO |   [ETH-USD] Stale (22.1h > 6h) - fetching
2026-02-06 23:05:34,319 | WARNING |   VOLUME SANITY REJECT: ETH-USD 2026-02-05 23:00:00 volume=1.24 < threshold=1000 (source=ALPACA)
2026-02-06 23:05:34,319 | WARNING |   VOLUME SANITY REJECT: ETH-USD 2026-02-06 00:00:00 volume=15.61 < threshold=1000 (source=ALPACA)
2026-02-06 23:05:34,319 | WARNING |   VOLUME SANITY REJECT: ETH-USD 2026-02-06 01:00:00 volume=1.61 < threshold=1000 (source=ALPACA)
2026-02-06 23:05:34,319 | WARNING |   VOLUME SANITY REJECT: ETH-USD 2026-02-06 02:00:00 volume=0.20 < threshold=1000 (source=ALPACA)
2026-02-06 23:05:34,319 | WARNING |   VOLUME SANITY REJECT: ETH-USD 2026-02-06 03:00:00 volume=0.36 < threshold=1000 (source=ALPACA)
2026-02-06 23:05:34,319 | WARNING |   VOLUME SANITY REJECT: ETH-USD 2026-02-06 04:00:00 volume=5.57 < threshold=1000 (source=ALPACA)
2026-02-06 23:05:34,319 | WARNING |   VOLUME SANITY REJECT: ETH-USD 2026-02-06 05:00:00 volume=1.21 < threshold=1000 (source=ALPACA)
2026-02-06 23:05:34,319 | WARNING |   VOLUME SANITY REJECT: ETH-USD 2026-02-06 06:00:00 volume=2.06 < threshold=1000 (source=ALPACA)
2026-02-06 23:05:34,319 | WARNING |   VOLUME SANITY REJECT: ETH-USD 2026-02-06 07:00:00 volume=1.48 < threshold=1000 (source=ALPACA)
2026-02-06 23:05:34,319 | WARNING |   VOLUME SANITY REJECT: ETH-USD 2026-02-06 08:00:00 volume=0.87 < threshold=1000 (source=ALPACA)
2026-02-06 23:05:34,319 | WARNING |   VOLUME SANITY REJECT: ETH-USD 2026-02-06 09:00:00 volume=7.85 < threshold=1000 (source=ALPACA)
2026-02-06 23:05:34,319 | WARNING |   VOLUME SANITY REJECT: ETH-USD 2026-02-06 10:00:00 volume=7.83 < threshold=1000 (source=ALPACA)
2026-02-06 23:05:34,319 | WARNING |   VOLUME SANITY REJECT: ETH-USD 2026-02-06 11:00:00 volume=2.85 < threshold=1000 (source=ALPACA)
2026-02-06 23:05:34,330 | WARNING |   VOLUME SANITY REJECT: ETH-USD 2026-02-06 12:00:00 volume=2.55 < threshold=1000 (source=ALPACA)
2026-02-06 23:05:34,330 | WARNING |   VOLUME SANITY REJECT: ETH-USD 2026-02-06 13:00:00 volume=1.99 < threshold=1000 (source=ALPACA)
2026-02-06 23:05:34,330 | WARNING |   VOLUME SANITY REJECT: ETH-USD 2026-02-06 14:00:00 volume=7.97 < threshold=1000 (source=ALPACA)
2026-02-06 23:05:34,330 | WARNING |   VOLUME SANITY REJECT: ETH-USD 2026-02-06 15:00:00 volume=10.00 < threshold=1000 (source=ALPACA)
2026-02-06 23:05:34,330 | WARNING |   VOLUME SANITY REJECT: ETH-USD 2026-02-06 16:00:00 volume=8.82 < threshold=1000 (source=ALPACA)
2026-02-06 23:05:34,330 | WARNING |   VOLUME SANITY REJECT: ETH-USD 2026-02-06 17:00:00 volume=7.90 < threshold=1000 (source=ALPACA)
2026-02-06 23:05:34,330 | WARNING |   VOLUME SANITY REJECT: ETH-USD 2026-02-06 18:00:00 volume=11.36 < threshold=1000 (source=ALPACA)
2026-02-06 23:05:34,330 | WARNING |   VOLUME SANITY REJECT: ETH-USD 2026-02-06 19:00:00 volume=6.89 < threshold=1000 (source=ALPACA)
2026-02-06 23:05:34,330 | WARNING |   VOLUME SANITY REJECT: ETH-USD 2026-02-06 20:00:00 volume=0.18 < threshold=1000 (source=ALPACA)
2026-02-06 23:05:34,330 | WARNING |   VOLUME SANITY REJECT: ETH-USD 2026-02-06 21:00:00 volume=24.79 < threshold=1000 (source=ALPACA)
2026-02-06 23:05:34,330 | WARNING |   VOLUME SANITY REJECT: ETH-USD 2026-02-06 22:00:00 volume=0.00 < threshold=1000 (source=ALPACA)
2026-02-06 23:05:34,330 | WARNING |   [ETH-USD] ALL 24 rows REJECTED by volume sanity check (source=ALPACA)
2026-02-06 23:05:34,330 | WARNING |   [ETH-USD] 0 rows written despite 24 bars received
2026-02-06 23:05:34,837 | INFO |   [FIL-USD] Stale (22.1h > 6h) - fetching
2026-02-06 23:05:34,949 | WARNING |   [FIL-USD] No data from Alpaca (STALE)
2026-02-06 23:05:35,459 | INFO |   [FLOW-USD] Stale (22.1h > 6h) - fetching
2026-02-06 23:05:35,586 | WARNING |   [FLOW-USD] No data from Alpaca (STALE)
2026-02-06 23:05:36,088 | INFO |   [GRT-USD] Stale (25.1h > 6h) - fetching
2026-02-06 23:05:36,222 | WARNING |   VOLUME SANITY REJECT: GRT-USD 2026-02-05 23:00:00 volume=0.00 < threshold=1000 (source=ALPACA)
2026-02-06 23:05:36,222 | WARNING |   VOLUME SANITY REJECT: GRT-USD 2026-02-06 00:00:00 volume=0.00 < threshold=1000 (source=ALPACA)
2026-02-06 23:05:36,222 | WARNING |   VOLUME SANITY REJECT: GRT-USD 2026-02-06 01:00:00 volume=821.41 < threshold=1000 (source=ALPACA)
2026-02-06 23:05:36,222 | WARNING |   VOLUME SANITY REJECT: GRT-USD 2026-02-06 02:00:00 volume=0.00 < threshold=1000 (source=ALPACA)
2026-02-06 23:05:36,222 | WARNING |   VOLUME SANITY REJECT: GRT-USD 2026-02-06 03:00:00 volume=0.00 < threshold=1000 (source=ALPACA)
2026-02-06 23:05:36,233 | WARNING |   VOLUME SANITY REJECT: GRT-USD 2026-02-06 04:00:00 volume=0.00 < threshold=1000 (source=ALPACA)
2026-02-06 23:05:36,233 | WARNING |   VOLUME SANITY REJECT: GRT-USD 2026-02-06 06:00:00 volume=0.00 < threshold=1000 (source=ALPACA)
2026-02-06 23:05:36,243 | WARNING |   VOLUME SANITY REJECT: GRT-USD 2026-02-06 07:00:00 volume=0.00 < threshold=1000 (source=ALPACA)
2026-02-06 23:05:36,243 | WARNING |   VOLUME SANITY REJECT: GRT-USD 2026-02-06 08:00:00 volume=37.26 < threshold=1000 (source=ALPACA)
2026-02-06 23:05:36,246 | WARNING |   VOLUME SANITY REJECT: GRT-USD 2026-02-06 09:00:00 volume=0.00 < threshold=1000 (source=ALPACA)
2026-02-06 23:05:36,246 | WARNING |   VOLUME SANITY REJECT: GRT-USD 2026-02-06 10:00:00 volume=0.00 < threshold=1000 (source=ALPACA)
2026-02-06 23:05:36,246 | WARNING |   VOLUME SANITY REJECT: GRT-USD 2026-02-06 11:00:00 volume=819.36 < threshold=1000 (source=ALPACA)
2026-02-06 23:05:36,246 | WARNING |   VOLUME SANITY REJECT: GRT-USD 2026-02-06 12:00:00 volume=0.00 < threshold=1000 (source=ALPACA)
2026-02-06 23:05:36,254 | WARNING |   VOLUME SANITY REJECT: GRT-USD 2026-02-06 13:00:00 volume=0.00 < threshold=1000 (source=ALPACA)
2026-02-06 23:05:36,254 | WARNING |   VOLUME SANITY REJECT: GRT-USD 2026-02-06 14:00:00 volume=0.00 < threshold=1000 (source=ALPACA)
2026-02-06 23:05:36,254 | WARNING |   VOLUME SANITY REJECT: GRT-USD 2026-02-06 16:00:00 volume=0.00 < threshold=1000 (source=ALPACA)
2026-02-06 23:05:36,254 | WARNING |   VOLUME SANITY REJECT: GRT-USD 2026-02-06 18:00:00 volume=0.00 < threshold=1000 (source=ALPACA)
2026-02-06 23:05:36,263 | WARNING |   VOLUME SANITY REJECT: GRT-USD 2026-02-06 19:00:00 volume=0.00 < threshold=1000 (source=ALPACA)
2026-02-06 23:05:36,263 | WARNING |   VOLUME SANITY REJECT: GRT-USD 2026-02-06 21:00:00 volume=0.00 < threshold=1000 (source=ALPACA)
2026-02-06 23:05:36,263 | WARNING |   VOLUME SANITY REJECT: GRT-USD 2026-02-06 22:00:00 volume=0.00 < threshold=1000 (source=ALPACA)
2026-02-06 23:05:36,263 | WARNING |   [GRT-USD] 20 rows REJECTED by volume sanity, 4 rows INSERTED (source=ALPACA)
2026-02-06 23:05:36,263 | INFO |   [GRT-USD] +4 rows via ALPACA (latest: 2026-02-06 22:00:00+00:00)
2026-02-06 23:05:36,774 | INFO |   [HBAR-USD] Stale (22.1h > 6h) - fetching
2026-02-06 23:05:36,895 | WARNING |   [HBAR-USD] No data from Alpaca (STALE)
2026-02-06 23:05:37,396 | INFO |   [ICP-USD] Stale (22.1h > 6h) - fetching
2026-02-06 23:05:37,520 | WARNING |   [ICP-USD] No data from Alpaca (STALE)
2026-02-06 23:05:38,026 | INFO |   [INJ-USD] Stale (22.1h > 6h) - fetching
2026-02-06 23:05:38,150 | WARNING |   [INJ-USD] No data from Alpaca (STALE)
2026-02-06 23:05:38,655 | INFO |   [LDO-USD] Stale (22.1h > 6h) - fetching
2026-02-06 23:05:38,779 | WARNING |   [LDO-USD] No data from Alpaca (STALE)
2026-02-06 23:05:39,286 | INFO |   [LINK-USD] Stale (22.1h > 6h) - fetching
2026-02-06 23:05:39,419 | WARNING |   VOLUME SANITY REJECT: LINK-USD 2026-02-06 00:00:00 volume=28.47 < threshold=1000 (source=ALPACA)
2026-02-06 23:05:39,420 | WARNING |   VOLUME SANITY REJECT: LINK-USD 2026-02-06 01:00:00 volume=1.61 < threshold=1000 (source=ALPACA)
2026-02-06 23:05:39,421 | WARNING |   VOLUME SANITY REJECT: LINK-USD 2026-02-06 02:00:00 volume=19.13 < threshold=1000 (source=ALPACA)
2026-02-06 23:05:39,421 | WARNING |   VOLUME SANITY REJECT: LINK-USD 2026-02-06 03:00:00 volume=6.22 < threshold=1000 (source=ALPACA)
2026-02-06 23:05:39,422 | WARNING |   VOLUME SANITY REJECT: LINK-USD 2026-02-06 04:00:00 volume=17.30 < threshold=1000 (source=ALPACA)
2026-02-06 23:05:39,422 | WARNING |   VOLUME SANITY REJECT: LINK-USD 2026-02-06 06:00:00 volume=50.90 < threshold=1000 (source=ALPACA)
2026-02-06 23:05:39,423 | WARNING |   VOLUME SANITY REJECT: LINK-USD 2026-02-06 07:00:00 volume=268.91 < threshold=1000 (source=ALPACA)
2026-02-06 23:05:39,423 | WARNING |   VOLUME SANITY REJECT: LINK-USD 2026-02-06 10:00:00 volume=0.99 < threshold=1000 (source=ALPACA)
2026-02-06 23:05:39,424 | WARNING |   VOLUME SANITY REJECT: LINK-USD 2026-02-06 11:00:00 volume=3.24 < threshold=1000 (source=ALPACA)
2026-02-06 23:05:39,424 | WARNING |   VOLUME SANITY REJECT: LINK-USD 2026-02-06 12:00:00 volume=0.35 < threshold=1000 (source=ALPACA)
2026-02-06 23:05:39,425 | WARNING |   VOLUME SANITY REJECT: LINK-USD 2026-02-06 13:00:00 volume=6.99 < threshold=1000 (source=ALPACA)
2026-02-06 23:05:39,425 | WARNING |   VOLUME SANITY REJECT: LINK-USD 2026-02-06 14:00:00 volume=36.76 < threshold=1000 (source=ALPACA)
2026-02-06 23:05:39,426 | WARNING |   VOLUME SANITY REJECT: LINK-USD 2026-02-06 15:00:00 volume=97.80 < threshold=1000 (source=ALPACA)
2026-02-06 23:05:39,426 | WARNING |   VOLUME SANITY REJECT: LINK-USD 2026-02-06 16:00:00 volume=5.21 < threshold=1000 (source=ALPACA)
2026-02-06 23:05:39,427 | WARNING |   VOLUME SANITY REJECT: LINK-USD 2026-02-06 17:00:00 volume=96.00 < threshold=1000 (source=ALPACA)
2026-02-06 23:05:39,427 | WARNING |   VOLUME SANITY REJECT: LINK-USD 2026-02-06 18:00:00 volume=36.06 < threshold=1000 (source=ALPACA)
2026-02-06 23:05:39,427 | WARNING |   VOLUME SANITY REJECT: LINK-USD 2026-02-06 19:00:00 volume=8.34 < threshold=1000 (source=ALPACA)
2026-02-06 23:05:39,428 | WARNING |   VOLUME SANITY REJECT: LINK-USD 2026-02-06 20:00:00 volume=89.01 < threshold=1000 (source=ALPACA)
2026-02-06 23:05:39,428 | WARNING |   VOLUME SANITY REJECT: LINK-USD 2026-02-06 21:00:00 volume=69.39 < threshold=1000 (source=ALPACA)
2026-02-06 23:05:39,429 | WARNING |   VOLUME SANITY REJECT: LINK-USD 2026-02-06 22:00:00 volume=0.00 < threshold=1000 (source=ALPACA)
2026-02-06 23:05:39,432 | WARNING |   [LINK-USD] 20 rows REJECTED by volume sanity, 4 rows INSERTED (source=ALPACA)
2026-02-06 23:05:39,432 | INFO |   [LINK-USD] +4 rows via ALPACA (latest: 2026-02-06 22:00:00+00:00)
2026-02-06 23:05:39,936 | INFO |   [LTC-USD] Stale (22.1h > 6h) - fetching
2026-02-06 23:05:40,065 | WARNING |   VOLUME SANITY REJECT: LTC-USD 2026-02-05 23:00:00 volume=0.36 < threshold=1000 (source=ALPACA)
2026-02-06 23:05:40,065 | WARNING |   VOLUME SANITY REJECT: LTC-USD 2026-02-06 00:00:00 volume=74.23 < threshold=1000 (source=ALPACA)
2026-02-06 23:05:40,065 | WARNING |   VOLUME SANITY REJECT: LTC-USD 2026-02-06 01:00:00 volume=0.86 < threshold=1000 (source=ALPACA)
2026-02-06 23:05:40,065 | WARNING |   VOLUME SANITY REJECT: LTC-USD 2026-02-06 02:00:00 volume=2.71 < threshold=1000 (source=ALPACA)
2026-02-06 23:05:40,077 | WARNING |   VOLUME SANITY REJECT: LTC-USD 2026-02-06 03:00:00 volume=0.00 < threshold=1000 (source=ALPACA)
2026-02-06 23:05:40,077 | WARNING |   VOLUME SANITY REJECT: LTC-USD 2026-02-06 04:00:00 volume=0.02 < threshold=1000 (source=ALPACA)
2026-02-06 23:05:40,077 | WARNING |   VOLUME SANITY REJECT: LTC-USD 2026-02-06 05:00:00 volume=12.09 < threshold=1000 (source=ALPACA)
2026-02-06 23:05:40,077 | WARNING |   VOLUME SANITY REJECT: LTC-USD 2026-02-06 06:00:00 volume=0.49 < threshold=1000 (source=ALPACA)
2026-02-06 23:05:40,077 | WARNING |   VOLUME SANITY REJECT: LTC-USD 2026-02-06 07:00:00 volume=0.00 < threshold=1000 (source=ALPACA)
2026-02-06 23:05:40,077 | WARNING |   VOLUME SANITY REJECT: LTC-USD 2026-02-06 08:00:00 volume=0.00 < threshold=1000 (source=ALPACA)
2026-02-06 23:05:40,077 | WARNING |   VOLUME SANITY REJECT: LTC-USD 2026-02-06 09:00:00 volume=0.00 < threshold=1000 (source=ALPACA)
2026-02-06 23:05:40,077 | WARNING |   VOLUME SANITY REJECT: LTC-USD 2026-02-06 10:00:00 volume=105.31 < threshold=1000 (source=ALPACA)
2026-02-06 23:05:40,087 | WARNING |   VOLUME SANITY REJECT: LTC-USD 2026-02-06 11:00:00 volume=2.53 < threshold=1000 (source=ALPACA)
2026-02-06 23:05:40,088 | WARNING |   VOLUME SANITY REJECT: LTC-USD 2026-02-06 12:00:00 volume=10.04 < threshold=1000 (source=ALPACA)
2026-02-06 23:05:40,088 | WARNING |   VOLUME SANITY REJECT: LTC-USD 2026-02-06 13:00:00 volume=0.00 < threshold=1000 (source=ALPACA)
2026-02-06 23:05:40,088 | WARNING |   VOLUME SANITY REJECT: LTC-USD 2026-02-06 14:00:00 volume=18.61 < threshold=1000 (source=ALPACA)
2026-02-06 23:05:40,088 | WARNING |   VOLUME SANITY REJECT: LTC-USD 2026-02-06 15:00:00 volume=3.74 < threshold=1000 (source=ALPACA)
2026-02-06 23:05:40,088 | WARNING |   VOLUME SANITY REJECT: LTC-USD 2026-02-06 16:00:00 volume=0.30 < threshold=1000 (source=ALPACA)
2026-02-06 23:05:40,088 | WARNING |   VOLUME SANITY REJECT: LTC-USD 2026-02-06 17:00:00 volume=0.00 < threshold=1000 (source=ALPACA)
2026-02-06 23:05:40,088 | WARNING |   VOLUME SANITY REJECT: LTC-USD 2026-02-06 18:00:00 volume=17.71 < threshold=1000 (source=ALPACA)
2026-02-06 23:05:40,088 | WARNING |   VOLUME SANITY REJECT: LTC-USD 2026-02-06 19:00:00 volume=0.62 < threshold=1000 (source=ALPACA)
2026-02-06 23:05:40,088 | WARNING |   VOLUME SANITY REJECT: LTC-USD 2026-02-06 20:00:00 volume=23.72 < threshold=1000 (source=ALPACA)
2026-02-06 23:05:40,088 | WARNING |   VOLUME SANITY REJECT: LTC-USD 2026-02-06 21:00:00 volume=0.00 < threshold=1000 (source=ALPACA)
2026-02-06 23:05:40,088 | WARNING |   VOLUME SANITY REJECT: LTC-USD 2026-02-06 22:00:00 volume=0.00 < threshold=1000 (source=ALPACA)
2026-02-06 23:05:40,088 | WARNING |   [LTC-USD] ALL 24 rows REJECTED by volume sanity check (source=ALPACA)
2026-02-06 23:05:40,088 | WARNING |   [LTC-USD] 0 rows written despite 24 bars received
2026-02-06 23:05:40,596 | INFO |   [MANA-USD] Stale (22.1h > 6h) - fetching
2026-02-06 23:05:40,719 | WARNING |   [MANA-USD] No data from Alpaca (STALE)
2026-02-06 23:05:41,220 | INFO |   [MKR-USD] Stale (22.1h > 6h) - fetching
2026-02-06 23:05:41,344 | WARNING |   [MKR-USD] No data from Alpaca (STALE)
2026-02-06 23:05:41,853 | INFO |   [NEAR-USD] Stale (22.1h > 6h) - fetching
2026-02-06 23:05:41,974 | WARNING |   [NEAR-USD] No data from Alpaca (STALE)
2026-02-06 23:05:42,482 | INFO |   [OKB-USD] Stale (22.1h > 6h) - fetching
2026-02-06 23:05:42,598 | WARNING |   [OKB-USD] No data from Alpaca (STALE)
2026-02-06 23:05:43,114 | INFO |   [QNT-USD] Stale (22.1h > 6h) - fetching
2026-02-06 23:05:43,233 | WARNING |   [QNT-USD] No data from Alpaca (STALE)
2026-02-06 23:05:43,734 | INFO |   [RPL-USD] Stale (22.1h > 6h) - fetching
2026-02-06 23:05:43,860 | WARNING |   [RPL-USD] No data from Alpaca (STALE)
2026-02-06 23:05:44,365 | INFO |   [RUNE-USD] Stale (22.1h > 6h) - fetching
2026-02-06 23:05:44,479 | WARNING |   [RUNE-USD] No data from Alpaca (STALE)
2026-02-06 23:05:44,987 | INFO |   [SAND-USD] Stale (22.1h > 6h) - fetching
2026-02-06 23:05:45,114 | WARNING |   [SAND-USD] No data from Alpaca (STALE)
2026-02-06 23:05:45,626 | INFO |   [SHIB-USD] Stale (22.1h > 6h) - fetching
2026-02-06 23:05:45,751 | WARNING |   VOLUME SANITY REJECT: SHIB-USD 2026-02-06 02:00:00 volume=0.00 < threshold=1000 (source=ALPACA)
2026-02-06 23:05:45,751 | WARNING |   VOLUME SANITY REJECT: SHIB-USD 2026-02-06 03:00:00 volume=0.00 < threshold=1000 (source=ALPACA)
2026-02-06 23:05:45,751 | WARNING |   VOLUME SANITY REJECT: SHIB-USD 2026-02-06 05:00:00 volume=0.00 < threshold=1000 (source=ALPACA)
2026-02-06 23:05:45,751 | WARNING |   VOLUME SANITY REJECT: SHIB-USD 2026-02-06 06:00:00 volume=0.00 < threshold=1000 (source=ALPACA)
2026-02-06 23:05:45,751 | WARNING |   VOLUME SANITY REJECT: SHIB-USD 2026-02-06 07:00:00 volume=0.00 < threshold=1000 (source=ALPACA)
2026-02-06 23:05:45,751 | WARNING |   VOLUME SANITY REJECT: SHIB-USD 2026-02-06 08:00:00 volume=0.00 < threshold=1000 (source=ALPACA)
2026-02-06 23:05:45,761 | WARNING |   VOLUME SANITY REJECT: SHIB-USD 2026-02-06 10:00:00 volume=0.00 < threshold=1000 (source=ALPACA)
2026-02-06 23:05:45,761 | WARNING |   VOLUME SANITY REJECT: SHIB-USD 2026-02-06 13:00:00 volume=0.00 < threshold=1000 (source=ALPACA)
2026-02-06 23:05:45,761 | WARNING |   VOLUME SANITY REJECT: SHIB-USD 2026-02-06 14:00:00 volume=0.00 < threshold=1000 (source=ALPACA)
2026-02-06 23:05:45,761 | WARNING |   VOLUME SANITY REJECT: SHIB-USD 2026-02-06 15:00:00 volume=0.00 < threshold=1000 (source=ALPACA)
2026-02-06 23:05:45,761 | WARNING |   VOLUME SANITY REJECT: SHIB-USD 2026-02-06 18:00:00 volume=0.00 < threshold=1000 (source=ALPACA)
2026-02-06 23:05:45,761 | WARNING |   VOLUME SANITY REJECT: SHIB-USD 2026-02-06 20:00:00 volume=0.00 < threshold=1000 (source=ALPACA)
2026-02-06 23:05:45,761 | WARNING |   VOLUME SANITY REJECT: SHIB-USD 2026-02-06 21:00:00 volume=0.00 < threshold=1000 (source=ALPACA)
2026-02-06 23:05:45,761 | WARNING |   VOLUME SANITY REJECT: SHIB-USD 2026-02-06 22:00:00 volume=0.00 < threshold=1000 (source=ALPACA)
2026-02-06 23:05:45,771 | WARNING |   [SHIB-USD] 14 rows REJECTED by volume sanity, 10 rows INSERTED (source=ALPACA)
2026-02-06 23:05:45,771 | INFO |   [SHIB-USD] +10 rows via ALPACA (latest: 2026-02-06 22:00:00+00:00)
2026-02-06 23:05:46,280 | INFO |   [SNX-USD] Stale (22.1h > 6h) - fetching
2026-02-06 23:05:46,405 | WARNING |   [SNX-USD] No data from Alpaca (STALE)
2026-02-06 23:05:46,911 | INFO |   [SOL-USD] Stale (22.1h > 6h) - fetching
2026-02-06 23:05:47,041 | WARNING |   VOLUME SANITY REJECT: SOL-USD 2026-02-05 23:00:00 volume=1.35 < threshold=1000 (source=ALPACA)
2026-02-06 23:05:47,041 | WARNING |   VOLUME SANITY REJECT: SOL-USD 2026-02-06 00:00:00 volume=634.21 < threshold=1000 (source=ALPACA)
2026-02-06 23:05:47,041 | WARNING |   VOLUME SANITY REJECT: SOL-USD 2026-02-06 01:00:00 volume=146.99 < threshold=1000 (source=ALPACA)
2026-02-06 23:05:47,050 | WARNING |   VOLUME SANITY REJECT: SOL-USD 2026-02-06 02:00:00 volume=69.78 < threshold=1000 (source=ALPACA)
2026-02-06 23:05:47,050 | WARNING |   VOLUME SANITY REJECT: SOL-USD 2026-02-06 03:00:00 volume=8.47 < threshold=1000 (source=ALPACA)
2026-02-06 23:05:47,050 | WARNING |   VOLUME SANITY REJECT: SOL-USD 2026-02-06 04:00:00 volume=434.19 < threshold=1000 (source=ALPACA)
2026-02-06 23:05:47,050 | WARNING |   VOLUME SANITY REJECT: SOL-USD 2026-02-06 05:00:00 volume=109.97 < threshold=1000 (source=ALPACA)
2026-02-06 23:05:47,050 | WARNING |   VOLUME SANITY REJECT: SOL-USD 2026-02-06 06:00:00 volume=22.81 < threshold=1000 (source=ALPACA)
2026-02-06 23:05:47,050 | WARNING |   VOLUME SANITY REJECT: SOL-USD 2026-02-06 07:00:00 volume=480.76 < threshold=1000 (source=ALPACA)
2026-02-06 23:05:47,050 | WARNING |   VOLUME SANITY REJECT: SOL-USD 2026-02-06 08:00:00 volume=4.15 < threshold=1000 (source=ALPACA)
2026-02-06 23:05:47,061 | WARNING |   VOLUME SANITY REJECT: SOL-USD 2026-02-06 09:00:00 volume=409.99 < threshold=1000 (source=ALPACA)
2026-02-06 23:05:47,061 | WARNING |   VOLUME SANITY REJECT: SOL-USD 2026-02-06 10:00:00 volume=17.16 < threshold=1000 (source=ALPACA)
2026-02-06 23:05:47,061 | WARNING |   VOLUME SANITY REJECT: SOL-USD 2026-02-06 11:00:00 volume=39.50 < threshold=1000 (source=ALPACA)
2026-02-06 23:05:47,061 | WARNING |   VOLUME SANITY REJECT: SOL-USD 2026-02-06 12:00:00 volume=70.25 < threshold=1000 (source=ALPACA)
2026-02-06 23:05:47,061 | WARNING |   VOLUME SANITY REJECT: SOL-USD 2026-02-06 13:00:00 volume=42.61 < threshold=1000 (source=ALPACA)
2026-02-06 23:05:47,067 | WARNING |   VOLUME SANITY REJECT: SOL-USD 2026-02-06 14:00:00 volume=97.40 < threshold=1000 (source=ALPACA)
2026-02-06 23:05:47,067 | WARNING |   VOLUME SANITY REJECT: SOL-USD 2026-02-06 15:00:00 volume=40.74 < threshold=1000 (source=ALPACA)
2026-02-06 23:05:47,067 | WARNING |   VOLUME SANITY REJECT: SOL-USD 2026-02-06 16:00:00 volume=47.31 < threshold=1000 (source=ALPACA)
2026-02-06 23:05:47,071 | WARNING |   VOLUME SANITY REJECT: SOL-USD 2026-02-06 17:00:00 volume=85.95 < threshold=1000 (source=ALPACA)
2026-02-06 23:05:47,071 | WARNING |   VOLUME SANITY REJECT: SOL-USD 2026-02-06 18:00:00 volume=524.85 < threshold=1000 (source=ALPACA)
2026-02-06 23:05:47,071 | WARNING |   VOLUME SANITY REJECT: SOL-USD 2026-02-06 19:00:00 volume=243.11 < threshold=1000 (source=ALPACA)
2026-02-06 23:05:47,071 | WARNING |   VOLUME SANITY REJECT: SOL-USD 2026-02-06 20:00:00 volume=223.58 < threshold=1000 (source=ALPACA)
2026-02-06 23:05:47,071 | WARNING |   VOLUME SANITY REJECT: SOL-USD 2026-02-06 21:00:00 volume=132.23 < threshold=1000 (source=ALPACA)
2026-02-06 23:05:47,071 | WARNING |   VOLUME SANITY REJECT: SOL-USD 2026-02-06 22:00:00 volume=0.06 < threshold=1000 (source=ALPACA)
2026-02-06 23:05:47,071 | WARNING |   [SOL-USD] ALL 24 rows REJECTED by volume sanity check (source=ALPACA)
2026-02-06 23:05:47,071 | WARNING |   [SOL-USD] 0 rows written despite 24 bars received
2026-02-06 23:05:47,582 | INFO |   [THETA-USD] Stale (22.1h > 6h) - fetching
2026-02-06 23:05:47,706 | WARNING |   [THETA-USD] No data from Alpaca (STALE)
2026-02-06 23:05:48,216 | INFO |   [TRX-USD] Stale (22.1h > 6h) - fetching
2026-02-06 23:05:48,340 | WARNING |   [TRX-USD] No data from Alpaca (STALE)
2026-02-06 23:05:48,848 | INFO |   [UNI-USD] Stale (22.1h > 6h) - fetching
2026-02-06 23:05:48,969 | WARNING |   VOLUME SANITY REJECT: UNI-USD 2026-02-05 23:00:00 volume=178.82 < threshold=1000 (source=ALPACA)
2026-02-06 23:05:48,969 | WARNING |   VOLUME SANITY REJECT: UNI-USD 2026-02-06 01:00:00 volume=6.00 < threshold=1000 (source=ALPACA)
2026-02-06 23:05:48,969 | WARNING |   VOLUME SANITY REJECT: UNI-USD 2026-02-06 02:00:00 volume=826.28 < threshold=1000 (source=ALPACA)
2026-02-06 23:05:48,979 | WARNING |   VOLUME SANITY REJECT: UNI-USD 2026-02-06 03:00:00 volume=1.59 < threshold=1000 (source=ALPACA)
2026-02-06 23:05:48,979 | WARNING |   VOLUME SANITY REJECT: UNI-USD 2026-02-06 04:00:00 volume=24.26 < threshold=1000 (source=ALPACA)
2026-02-06 23:05:48,979 | WARNING |   VOLUME SANITY REJECT: UNI-USD 2026-02-06 05:00:00 volume=23.91 < threshold=1000 (source=ALPACA)
2026-02-06 23:05:48,979 | WARNING |   VOLUME SANITY REJECT: UNI-USD 2026-02-06 06:00:00 volume=0.00 < threshold=1000 (source=ALPACA)
2026-02-06 23:05:48,979 | WARNING |   VOLUME SANITY REJECT: UNI-USD 2026-02-06 07:00:00 volume=37.08 < threshold=1000 (source=ALPACA)
2026-02-06 23:05:48,979 | WARNING |   VOLUME SANITY REJECT: UNI-USD 2026-02-06 08:00:00 volume=0.00 < threshold=1000 (source=ALPACA)
2026-02-06 23:05:48,979 | WARNING |   VOLUME SANITY REJECT: UNI-USD 2026-02-06 09:00:00 volume=28.16 < threshold=1000 (source=ALPACA)
2026-02-06 23:05:48,979 | WARNING |   VOLUME SANITY REJECT: UNI-USD 2026-02-06 10:00:00 volume=0.00 < threshold=1000 (source=ALPACA)
2026-02-06 23:05:48,979 | WARNING |   VOLUME SANITY REJECT: UNI-USD 2026-02-06 11:00:00 volume=1.96 < threshold=1000 (source=ALPACA)
2026-02-06 23:05:48,979 | WARNING |   VOLUME SANITY REJECT: UNI-USD 2026-02-06 12:00:00 volume=0.00 < threshold=1000 (source=ALPACA)
2026-02-06 23:05:48,979 | WARNING |   VOLUME SANITY REJECT: UNI-USD 2026-02-06 13:00:00 volume=10.43 < threshold=1000 (source=ALPACA)
2026-02-06 23:05:48,979 | WARNING |   VOLUME SANITY REJECT: UNI-USD 2026-02-06 14:00:00 volume=11.28 < threshold=1000 (source=ALPACA)
2026-02-06 23:05:48,979 | WARNING |   VOLUME SANITY REJECT: UNI-USD 2026-02-06 15:00:00 volume=5.62 < threshold=1000 (source=ALPACA)
2026-02-06 23:05:48,979 | WARNING |   VOLUME SANITY REJECT: UNI-USD 2026-02-06 16:00:00 volume=200.00 < threshold=1000 (source=ALPACA)
2026-02-06 23:05:48,979 | WARNING |   VOLUME SANITY REJECT: UNI-USD 2026-02-06 17:00:00 volume=25.00 < threshold=1000 (source=ALPACA)
2026-02-06 23:05:48,979 | WARNING |   VOLUME SANITY REJECT: UNI-USD 2026-02-06 18:00:00 volume=492.07 < threshold=1000 (source=ALPACA)
2026-02-06 23:05:48,979 | WARNING |   VOLUME SANITY REJECT: UNI-USD 2026-02-06 19:00:00 volume=0.00 < threshold=1000 (source=ALPACA)
2026-02-06 23:05:48,979 | WARNING |   VOLUME SANITY REJECT: UNI-USD 2026-02-06 20:00:00 volume=498.00 < threshold=1000 (source=ALPACA)
2026-02-06 23:05:48,979 | WARNING |   VOLUME SANITY REJECT: UNI-USD 2026-02-06 21:00:00 volume=0.83 < threshold=1000 (source=ALPACA)
2026-02-06 23:05:48,979 | WARNING |   VOLUME SANITY REJECT: UNI-USD 2026-02-06 22:00:00 volume=0.42 < threshold=1000 (source=ALPACA)
2026-02-06 23:05:48,979 | WARNING |   [UNI-USD] 23 rows REJECTED by volume sanity, 1 rows INSERTED (source=ALPACA)
2026-02-06 23:05:48,979 | INFO |   [UNI-USD] +1 rows via ALPACA (latest: 2026-02-06 22:00:00+00:00)
2026-02-06 23:05:49,491 | INFO |   [VET-USD] Stale (22.1h > 6h) - fetching
2026-02-06 23:05:49,614 | WARNING |   [VET-USD] No data from Alpaca (STALE)
2026-02-06 23:05:50,128 | INFO |   [XLM-USD] Stale (22.1h > 6h) - fetching
2026-02-06 23:05:50,249 | WARNING |   [XLM-USD] No data from Alpaca (STALE)
2026-02-06 23:05:50,751 | INFO |   [XMR-USD] Stale (22.1h > 6h) - fetching
2026-02-06 23:05:50,872 | WARNING |   [XMR-USD] No data from Alpaca (STALE)
2026-02-06 23:05:51,374 | INFO |   [XRP-USD] Stale (22.1h > 6h) - fetching
2026-02-06 23:05:51,500 | WARNING |   VOLUME SANITY REJECT: XRP-USD 2026-02-05 23:00:00 volume=620.34 < threshold=1000 (source=ALPACA)
2026-02-06 23:05:51,500 | WARNING |   VOLUME SANITY REJECT: XRP-USD 2026-02-06 03:00:00 volume=841.61 < threshold=1000 (source=ALPACA)
2026-02-06 23:05:51,500 | WARNING |   VOLUME SANITY REJECT: XRP-USD 2026-02-06 08:00:00 volume=518.15 < threshold=1000 (source=ALPACA)
2026-02-06 23:05:51,500 | WARNING |   VOLUME SANITY REJECT: XRP-USD 2026-02-06 09:00:00 volume=358.84 < threshold=1000 (source=ALPACA)
2026-02-06 23:05:51,510 | WARNING |   VOLUME SANITY REJECT: XRP-USD 2026-02-06 10:00:00 volume=881.63 < threshold=1000 (source=ALPACA)
2026-02-06 23:05:51,511 | WARNING |   VOLUME SANITY REJECT: XRP-USD 2026-02-06 19:00:00 volume=458.33 < threshold=1000 (source=ALPACA)
2026-02-06 23:05:51,511 | WARNING |   VOLUME SANITY REJECT: XRP-USD 2026-02-06 20:00:00 volume=590.05 < threshold=1000 (source=ALPACA)
2026-02-06 23:05:51,511 | WARNING |   VOLUME SANITY REJECT: XRP-USD 2026-02-06 22:00:00 volume=0.00 < threshold=1000 (source=ALPACA)
2026-02-06 23:05:51,520 | WARNING |   [XRP-USD] 8 rows REJECTED by volume sanity, 16 rows INSERTED (source=ALPACA)
2026-02-06 23:05:51,520 | INFO |   [XRP-USD] +16 rows via ALPACA (latest: 2026-02-06 22:00:00+00:00)
2026-02-06 23:05:52,025 | INFO |   [XTZ-USD] Stale (22.1h > 6h) - fetching
2026-02-06 23:05:52,162 | WARNING |   VOLUME SANITY REJECT: XTZ-USD 2026-02-05 23:00:00 volume=0.00 < threshold=1000 (source=ALPACA)
2026-02-06 23:05:52,162 | WARNING |   VOLUME SANITY REJECT: XTZ-USD 2026-02-06 01:00:00 volume=0.00 < threshold=1000 (source=ALPACA)
2026-02-06 23:05:52,162 | WARNING |   VOLUME SANITY REJECT: XTZ-USD 2026-02-06 02:00:00 volume=0.00 < threshold=1000 (source=ALPACA)
2026-02-06 23:05:52,162 | WARNING |   VOLUME SANITY REJECT: XTZ-USD 2026-02-06 03:00:00 volume=0.00 < threshold=1000 (source=ALPACA)
2026-02-06 23:05:52,162 | WARNING |   VOLUME SANITY REJECT: XTZ-USD 2026-02-06 04:00:00 volume=0.00 < threshold=1000 (source=ALPACA)
2026-02-06 23:05:52,162 | WARNING |   VOLUME SANITY REJECT: XTZ-USD 2026-02-06 05:00:00 volume=0.00 < threshold=1000 (source=ALPACA)
2026-02-06 23:05:52,173 | WARNING |   VOLUME SANITY REJECT: XTZ-USD 2026-02-06 06:00:00 volume=0.00 < threshold=1000 (source=ALPACA)
2026-02-06 23:05:52,173 | WARNING |   VOLUME SANITY REJECT: XTZ-USD 2026-02-06 07:00:00 volume=0.00 < threshold=1000 (source=ALPACA)
2026-02-06 23:05:52,173 | WARNING |   VOLUME SANITY REJECT: XTZ-USD 2026-02-06 08:00:00 volume=0.00 < threshold=1000 (source=ALPACA)
2026-02-06 23:05:52,173 | WARNING |   VOLUME SANITY REJECT: XTZ-USD 2026-02-06 09:00:00 volume=0.00 < threshold=1000 (source=ALPACA)
2026-02-06 23:05:52,173 | WARNING |   VOLUME SANITY REJECT: XTZ-USD 2026-02-06 10:00:00 volume=0.00 < threshold=1000 (source=ALPACA)
2026-02-06 23:05:52,173 | WARNING |   VOLUME SANITY REJECT: XTZ-USD 2026-02-06 11:00:00 volume=0.00 < threshold=1000 (source=ALPACA)
2026-02-06 23:05:52,183 | WARNING |   VOLUME SANITY REJECT: XTZ-USD 2026-02-06 12:00:00 volume=0.00 < threshold=1000 (source=ALPACA)
2026-02-06 23:05:52,183 | WARNING |   VOLUME SANITY REJECT: XTZ-USD 2026-02-06 13:00:00 volume=0.00 < threshold=1000 (source=ALPACA)
2026-02-06 23:05:52,194 | WARNING |   VOLUME SANITY REJECT: XTZ-USD 2026-02-06 14:00:00 volume=903.28 < threshold=1000 (source=ALPACA)
2026-02-06 23:05:52,196 | WARNING |   VOLUME SANITY REJECT: XTZ-USD 2026-02-06 15:00:00 volume=0.00 < threshold=1000 (source=ALPACA)
2026-02-06 23:05:52,199 | WARNING |   VOLUME SANITY REJECT: XTZ-USD 2026-02-06 16:00:00 volume=0.00 < threshold=1000 (source=ALPACA)
2026-02-06 23:05:52,201 | WARNING |   VOLUME SANITY REJECT: XTZ-USD 2026-02-06 17:00:00 volume=0.00 < threshold=1000 (source=ALPACA)
2026-02-06 23:05:52,201 | WARNING |   VOLUME SANITY REJECT: XTZ-USD 2026-02-06 18:00:00 volume=0.00 < threshold=1000 (source=ALPACA)
2026-02-06 23:05:52,211 | WARNING |   VOLUME SANITY REJECT: XTZ-USD 2026-02-06 19:00:00 volume=0.00 < threshold=1000 (source=ALPACA)
2026-02-06 23:05:52,211 | WARNING |   VOLUME SANITY REJECT: XTZ-USD 2026-02-06 20:00:00 volume=0.00 < threshold=1000 (source=ALPACA)
2026-02-06 23:05:52,214 | WARNING |   VOLUME SANITY REJECT: XTZ-USD 2026-02-06 21:00:00 volume=0.00 < threshold=1000 (source=ALPACA)
2026-02-06 23:05:52,214 | WARNING |   VOLUME SANITY REJECT: XTZ-USD 2026-02-06 22:00:00 volume=0.00 < threshold=1000 (source=ALPACA)
2026-02-06 23:05:52,214 | WARNING |   [XTZ-USD] 23 rows REJECTED by volume sanity, 1 rows INSERTED (source=ALPACA)
2026-02-06 23:05:52,214 | INFO |   [XTZ-USD] +1 rows via ALPACA (latest: 2026-02-06 22:00:00+00:00)
2026-02-06 23:05:52,722 | INFO |   [ZEC-USD] Stale (22.1h > 6h) - fetching
2026-02-06 23:05:52,840 | WARNING |   [ZEC-USD] No data from Alpaca (STALE)
2026-02-06 23:05:53,341 | INFO |   [AAVE-USD] Stale (22.1h > 6h) - fetching
2026-02-06 23:05:53,483 | WARNING |   VOLUME SANITY REJECT: AAVE-USD 2026-02-05 23:00:00 volume=0.00 < threshold=1000 (source=ALPACA)
2026-02-06 23:05:53,484 | WARNING |   VOLUME SANITY REJECT: AAVE-USD 2026-02-06 00:00:00 volume=0.60 < threshold=1000 (source=ALPACA)
2026-02-06 23:05:53,486 | WARNING |   VOLUME SANITY REJECT: AAVE-USD 2026-02-06 01:00:00 volume=6.52 < threshold=1000 (source=ALPACA)
2026-02-06 23:05:53,487 | WARNING |   VOLUME SANITY REJECT: AAVE-USD 2026-02-06 02:00:00 volume=0.07 < threshold=1000 (source=ALPACA)
2026-02-06 23:05:53,489 | WARNING |   VOLUME SANITY REJECT: AAVE-USD 2026-02-06 03:00:00 volume=0.04 < threshold=1000 (source=ALPACA)
2026-02-06 23:05:53,490 | WARNING |   VOLUME SANITY REJECT: AAVE-USD 2026-02-06 04:00:00 volume=0.04 < threshold=1000 (source=ALPACA)
2026-02-06 23:05:53,492 | WARNING |   VOLUME SANITY REJECT: AAVE-USD 2026-02-06 05:00:00 volume=0.32 < threshold=1000 (source=ALPACA)
2026-02-06 23:05:53,494 | WARNING |   VOLUME SANITY REJECT: AAVE-USD 2026-02-06 06:00:00 volume=4.03 < threshold=1000 (source=ALPACA)
2026-02-06 23:05:53,496 | WARNING |   VOLUME SANITY REJECT: AAVE-USD 2026-02-06 07:00:00 volume=0.00 < threshold=1000 (source=ALPACA)
2026-02-06 23:05:53,498 | WARNING |   VOLUME SANITY REJECT: AAVE-USD 2026-02-06 08:00:00 volume=0.00 < threshold=1000 (source=ALPACA)
2026-02-06 23:05:53,500 | WARNING |   VOLUME SANITY REJECT: AAVE-USD 2026-02-06 09:00:00 volume=0.00 < threshold=1000 (source=ALPACA)
2026-02-06 23:05:53,502 | WARNING |   VOLUME SANITY REJECT: AAVE-USD 2026-02-06 10:00:00 volume=0.00 < threshold=1000 (source=ALPACA)
2026-02-06 23:05:53,504 | WARNING |   VOLUME SANITY REJECT: AAVE-USD 2026-02-06 11:00:00 volume=0.68 < threshold=1000 (source=ALPACA)
2026-02-06 23:05:53,506 | WARNING |   VOLUME SANITY REJECT: AAVE-USD 2026-02-06 12:00:00 volume=10.03 < threshold=1000 (source=ALPACA)
2026-02-06 23:05:53,507 | WARNING |   VOLUME SANITY REJECT: AAVE-USD 2026-02-06 13:00:00 volume=0.27 < threshold=1000 (source=ALPACA)
2026-02-06 23:05:53,509 | WARNING |   VOLUME SANITY REJECT: AAVE-USD 2026-02-06 14:00:00 volume=3.86 < threshold=1000 (source=ALPACA)
2026-02-06 23:05:53,509 | WARNING |   VOLUME SANITY REJECT: AAVE-USD 2026-02-06 15:00:00 volume=0.94 < threshold=1000 (source=ALPACA)
2026-02-06 23:05:53,509 | WARNING |   VOLUME SANITY REJECT: AAVE-USD 2026-02-06 16:00:00 volume=0.89 < threshold=1000 (source=ALPACA)
2026-02-06 23:05:53,509 | WARNING |   VOLUME SANITY REJECT: AAVE-USD 2026-02-06 17:00:00 volume=1.01 < threshold=1000 (source=ALPACA)
2026-02-06 23:05:53,509 | WARNING |   VOLUME SANITY REJECT: AAVE-USD 2026-02-06 18:00:00 volume=1.76 < threshold=1000 (source=ALPACA)
2026-02-06 23:05:53,509 | WARNING |   VOLUME SANITY REJECT: AAVE-USD 2026-02-06 19:00:00 volume=0.00 < threshold=1000 (source=ALPACA)
2026-02-06 23:05:53,519 | WARNING |   VOLUME SANITY REJECT: AAVE-USD 2026-02-06 20:00:00 volume=1.00 < threshold=1000 (source=ALPACA)
2026-02-06 23:05:53,519 | WARNING |   VOLUME SANITY REJECT: AAVE-USD 2026-02-06 21:00:00 volume=2.07 < threshold=1000 (source=ALPACA)
2026-02-06 23:05:53,519 | WARNING |   VOLUME SANITY REJECT: AAVE-USD 2026-02-06 22:00:00 volume=0.00 < threshold=1000 (source=ALPACA)
2026-02-06 23:05:53,519 | WARNING |   [AAVE-USD] ALL 24 rows REJECTED by volume sanity check (source=ALPACA)
2026-02-06 23:05:53,519 | WARNING |   [AAVE-USD] 0 rows written despite 24 bars received
2026-02-06 23:05:54,027 | INFO | Alpaca: Updated 9 assets, 30 remaining
2026-02-06 23:05:54,294 | INFO | ============================================================
2026-02-06 23:05:54,294 | INFO | ATTEMPTING YAHOO FINANCE INGEST (Fallback Provider)
2026-02-06 23:05:54,294 | INFO | Assets: 30, Using BATCH DOWNLOAD (efficient)
2026-02-06 23:05:54,294 | INFO | ============================================================
2026-02-06 23:05:54,294 | INFO |   Checking Yahoo Finance rate limit status...
2026-02-06 23:05:57,422 | ERROR | 
1 Failed download:
2026-02-06 23:05:57,458 | ERROR | ['AAPL']: YFRateLimitError('Too Many Requests. Rate limited. Try after a while.')
2026-02-06 23:05:57,468 | WARNING |   RATE LIMITED - Yahoo Finance is currently blocking requests
2026-02-06 23:05:57,468 | WARNING |   Skipping Yahoo and marking all assets as failed
2026-02-06 23:05:57,468 | INFO | Yahoo: Updated 0 assets, 30 remaining
2026-02-06 23:05:57,468 | INFO | 
============================================================
2026-02-06 23:05:57,468 | INFO | VERIFICATION: Checking Data Freshness
2026-02-06 23:05:57,477 | INFO | ============================================================
2026-02-06 23:05:58,739 | WARNING | VERIFICATION FAILED: 5 assets are stale
2026-02-06 23:05:58,739 | WARNING |   - BT.A.L: 53 days stale (last: 2025-12-15)
2026-02-06 23:05:58,740 | WARNING |   - 1COV.DE: 45 days stale (last: 2025-12-23)
2026-02-06 23:05:58,741 | WARNING |   - TLT: 28 days stale (last: 2026-01-09)
2026-02-06 23:05:58,742 | WARNING |   - GLD: 27 days stale (last: 2026-01-10)
2026-02-06 23:05:58,742 | WARNING |   - OLT.OL: 9 days stale (last: 2026-01-28)
2026-02-06 23:05:59,531 | CRITICAL | ALERT [CRITICAL]: DATA VERIFICATION FAILED: 5 assets still stale after ingest! Updated: 9, Rows: 56
2026-02-06 23:05:59,531 | WARNING | Governance logging failed: column "action_timestamp" of relation "governance_actions_log" does not exist
LINE 3:                     action_type, action_timestamp, action_by...
                                         ^

2026-02-06 23:05:59,531 | WARNING | ALERT [WARNING]: PARTIAL INGEST: 30 assets could not be updated via any provider
2026-02-06 23:05:59,531 | WARNING | Heartbeat recording failed: relation "fhq_monitoring.system_heartbeats" does not exist
LINE 2:                 INSERT INTO fhq_monitoring.system_heartbeats...
                                    ^

2026-02-06 23:05:59,531 | WARNING | Governance logging failed: current transaction is aborted, commands ignored until end of transaction block

2026-02-06 23:05:59,540 | INFO | 
======================================================================
2026-02-06 23:05:59,540 | INFO | BULLETPROOF INGEST COMPLETE
2026-02-06 23:05:59,540 | INFO | ======================================================================
2026-02-06 23:05:59,540 | INFO | Status: PARTIAL
2026-02-06 23:05:59,540 | INFO | Assets Updated: 9
2026-02-06 23:05:59,540 | INFO | Rows Inserted: 56
2026-02-06 23:05:59,540 | INFO | Providers Used: ALPACA, YAHOO
2026-02-06 23:05:59,540 | INFO | Verification: FAILED (5 stale)
2026-02-06 23:05:59,540 | INFO | Elapsed: 38.2s
2026-02-06 23:05:59,540 | INFO | 
Freshness by Asset Class:
2026-02-06 23:05:59,540 | INFO |   CRYPTO: 46/50 fresh (92.0%)
2026-02-06 23:05:59,540 | INFO |   EQUITY: 418/422 fresh (99.1%)
2026-02-06 23:05:59,540 | INFO |   ETF: 0/2 fresh (0.0%)
2026-02-06 23:05:59,540 | INFO |   FX: 24/25 fresh (96.0%)
2026-02-06 23:05:59,540 | INFO | 
Evidence: C:\fhq-market-system\vision-ios\03_FUNCTIONS\evidence\BULLETPROOF_INGEST_740917ff_20260206_230559.json
2026-02-06 23:05:59,540 | INFO | ======================================================================
