2026-02-11 02:10:03,664 | INFO | ======================================================================
2026-02-11 02:10:03,664 | INFO | IoS-001 BULLETPROOF DAILY PRICE INGEST
2026-02-11 02:10:03,665 | INFO | ======================================================================
2026-02-11 02:10:03,665 | INFO | CEO Directive: CD-IOS-001-DAILY-INGEST-BULLETPROOF-001
2026-02-11 02:10:03,665 | INFO | Executor: STIG (EC-003)
2026-02-11 02:10:03,666 | INFO | Time: 2026-02-11T01:10:03.664455+00:00
2026-02-11 02:10:03,666 | INFO | Asset Class Filter: FX
2026-02-11 02:10:03,666 | INFO | Dry Run: False
2026-02-11 02:10:03,667 | INFO | Canonical Source: fhq_market.prices (ONLY)
2026-02-11 02:10:03,667 | INFO | ======================================================================
2026-02-11 02:10:03,794 | INFO | Found 24 canonical assets
2026-02-11 02:10:04,672 | INFO | ============================================================
2026-02-11 02:10:04,672 | INFO | ATTEMPTING ALPACA INGEST (Primary Provider)
2026-02-11 02:10:04,672 | INFO | Assets: 24, Rate limit: 200/min
2026-02-11 02:10:04,672 | INFO | ============================================================
2026-02-11 02:10:04,685 | INFO |   [AUDJPY=X] Stale (25.2h > 18h) - fetching
2026-02-11 02:10:04,685 | INFO |   [AUDUSD=X] Stale (25.2h > 18h) - fetching
2026-02-11 02:10:04,685 | INFO |   [CADJPY=X] Stale (25.2h > 18h) - fetching
2026-02-11 02:10:04,685 | INFO |   [CHFJPY=X] Stale (25.2h > 18h) - fetching
2026-02-11 02:10:04,685 | INFO |   [EURAUD=X] Stale (25.2h > 18h) - fetching
2026-02-11 02:10:04,696 | INFO |   [EURCHF=X] Stale (25.2h > 18h) - fetching
2026-02-11 02:10:04,696 | INFO |   [EURGBP=X] Stale (25.2h > 18h) - fetching
2026-02-11 02:10:04,696 | INFO |   [EURJPY=X] Stale (25.2h > 18h) - fetching
2026-02-11 02:10:04,696 | INFO |   [EURNOK=X] Stale (25.2h > 18h) - fetching
2026-02-11 02:10:04,696 | INFO |   [EURSEK=X] Stale (25.2h > 18h) - fetching
2026-02-11 02:10:04,696 | INFO |   [EURUSD=X] Stale (25.2h > 18h) - fetching
2026-02-11 02:10:04,696 | INFO |   [GBPJPY=X] Stale (25.2h > 18h) - fetching
2026-02-11 02:10:04,705 | INFO |   [GBPUSD=X] Stale (25.2h > 18h) - fetching
2026-02-11 02:10:04,705 | INFO |   [NZDUSD=X] Stale (25.2h > 18h) - fetching
2026-02-11 02:10:04,705 | INFO |   [USDCAD=X] Stale (25.2h > 18h) - fetching
2026-02-11 02:10:04,705 | INFO |   [USDCHF=X] Stale (25.2h > 18h) - fetching
2026-02-11 02:10:04,713 | INFO |   [USDHKD=X] Stale (25.2h > 18h) - fetching
2026-02-11 02:10:04,715 | INFO |   [USDJPY=X] Stale (25.2h > 18h) - fetching
2026-02-11 02:10:04,717 | INFO |   [USDMXN=X] Stale (25.2h > 18h) - fetching
2026-02-11 02:10:04,718 | INFO |   [USDNOK=X] Stale (25.2h > 18h) - fetching
2026-02-11 02:10:04,720 | INFO |   [USDSEK=X] Stale (25.2h > 18h) - fetching
2026-02-11 02:10:04,721 | INFO |   [USDSGD=X] Stale (25.2h > 18h) - fetching
2026-02-11 02:10:04,723 | INFO |   [USDTRY=X] Stale (25.2h > 18h) - fetching
2026-02-11 02:10:04,724 | INFO |   [USDZAR=X] Stale (25.2h > 18h) - fetching
2026-02-11 02:10:04,724 | INFO | Alpaca: Updated 0 assets, 24 remaining
2026-02-11 02:10:05,194 | INFO | ============================================================
2026-02-11 02:10:05,194 | INFO | ATTEMPTING YAHOO FINANCE INGEST (Fallback Provider)
2026-02-11 02:10:05,194 | INFO | Assets: 24, Using BATCH DOWNLOAD (efficient)
2026-02-11 02:10:05,194 | INFO | ============================================================
2026-02-11 02:10:05,194 | INFO |   Checking Yahoo Finance rate limit status...
2026-02-11 02:10:09,740 | ERROR | 
1 Failed download:
2026-02-11 02:10:09,740 | ERROR | ['AAPL']: YFRateLimitError('Too Many Requests. Rate limited. Try after a while.')
2026-02-11 02:10:09,767 | WARNING |   RATE LIMITED - Yahoo Finance is currently blocking requests
2026-02-11 02:10:09,767 | WARNING |   Skipping Yahoo and marking all assets as failed
2026-02-11 02:10:09,767 | INFO | Yahoo: Updated 0 assets, 24 remaining
2026-02-11 02:10:09,767 | INFO | ============================================================
2026-02-11 02:10:09,767 | INFO | ATTEMPTING ECB FX INGEST (Backup Provider)
2026-02-11 02:10:09,767 | INFO | Assets: 24, Rate limit: NONE (free API)
2026-02-11 02:10:09,767 | INFO | ============================================================
2026-02-11 02:10:09,767 | INFO |   ECB-supported: 7, Not supported: 17
2026-02-11 02:10:18,233 | INFO |   ECB ingest complete: 0 updated, 24 failed
2026-02-11 02:10:18,233 | INFO | ECB: Updated 0 FX assets, 24 total remaining
2026-02-11 02:10:18,233 | INFO | ============================================================
2026-02-11 02:10:18,233 | INFO | ATTEMPTING TWELVEDATA FX INGEST (Non-EUR Backup)
2026-02-11 02:10:18,233 | INFO | Assets: 24, Rate limit: 7/min (90% of free tier)
2026-02-11 02:10:18,233 | INFO | ============================================================
2026-02-11 02:10:18,233 | INFO |   FX assets: 24, Non-FX: 0
2026-02-11 02:10:18,738 | WARNING |   [AUDJPY=X] TwelveData error: No data is available on the specified dates. Try setting different start/end dates.
2026-02-11 02:10:27,866 | WARNING |   [AUDUSD=X] TwelveData error: No data is available on the specified dates. Try setting different start/end dates.
2026-02-11 02:10:36,965 | WARNING |   [CADJPY=X] TwelveData error: No data is available on the specified dates. Try setting different start/end dates.
2026-02-11 02:10:46,062 | WARNING |   [CHFJPY=X] TwelveData error: You have run out of API credits for the current minute. 9 API credits were used, with the current limit being 8. Wait for the next minute or consider switching to a higher tier plan at https://twelvedata.com/pricing
2026-02-11 02:10:56,453 | WARNING |   [EURAUD=X] TwelveData error: You have run out of API credits for the current minute. 11 API credits were used, with the current limit being 8. Wait for the next minute or consider switching to a higher tier plan at https://twelvedata.com/pricing
2026-02-11 02:11:05,729 | WARNING |   [EURCHF=X] TwelveData error: No data is available on the specified dates. Try setting different start/end dates.
2026-02-11 02:11:15,143 | WARNING |   [EURGBP=X] TwelveData error: No data is available on the specified dates. Try setting different start/end dates.
2026-02-11 02:11:24,233 | WARNING |   [EURJPY=X] TwelveData error: No data is available on the specified dates. Try setting different start/end dates.
2026-02-11 02:11:33,412 | WARNING |   [EURNOK=X] TwelveData error: No data is available on the specified dates. Try setting different start/end dates.
2026-02-11 02:11:42,497 | WARNING |   [EURSEK=X] TwelveData error: You have run out of API credits for the current minute. 10 API credits were used, with the current limit being 8. Wait for the next minute or consider switching to a higher tier plan at https://twelvedata.com/pricing
2026-02-11 02:11:51,651 | WARNING |   [EURUSD=X] TwelveData error: You have run out of API credits for the current minute. 12 API credits were used, with the current limit being 8. Wait for the next minute or consider switching to a higher tier plan at https://twelvedata.com/pricing
2026-02-11 02:12:00,731 | WARNING |   [GBPJPY=X] TwelveData error: You have run out of API credits for the current minute. 14 API credits were used, with the current limit being 8. Wait for the next minute or consider switching to a higher tier plan at https://twelvedata.com/pricing
2026-02-11 02:12:19,260 | WARNING |   [GBPUSD=X] TwelveData error: No data is available on the specified dates. Try setting different start/end dates.
2026-02-11 02:12:28,508 | WARNING |   [NZDUSD=X] TwelveData error: No data is available on the specified dates. Try setting different start/end dates.
2026-02-11 02:12:37,714 | WARNING |   [USDCAD=X] TwelveData error: No data is available on the specified dates. Try setting different start/end dates.
2026-02-11 02:12:46,881 | WARNING |   [USDCHF=X] TwelveData error: No data is available on the specified dates. Try setting different start/end dates.
2026-02-11 02:12:56,122 | WARNING |   [USDHKD=X] TwelveData error: You have run out of API credits for the current minute. 10 API credits were used, with the current limit being 8. Wait for the next minute or consider switching to a higher tier plan at https://twelvedata.com/pricing
2026-02-11 02:13:05,366 | WARNING |   [USDJPY=X] TwelveData error: No data is available on the specified dates. Try setting different start/end dates.
2026-02-11 02:13:14,533 | WARNING |   [USDMXN=X] TwelveData error: No data is available on the specified dates. Try setting different start/end dates.
2026-02-11 02:13:29,133 | WARNING |   [USDNOK=X] TwelveData error: No data is available on the specified dates. Try setting different start/end dates.
2026-02-11 02:13:38,415 | WARNING |   [USDSEK=X] TwelveData error: No data is available on the specified dates. Try setting different start/end dates.
2026-02-11 02:13:47,566 | WARNING |   [USDSGD=X] TwelveData error: You have run out of API credits for the current minute. 10 API credits were used, with the current limit being 8. Wait for the next minute or consider switching to a higher tier plan at https://twelvedata.com/pricing
2026-02-11 02:13:56,762 | WARNING |   [USDTRY=X] TwelveData error: You have run out of API credits for the current minute. 12 API credits were used, with the current limit being 8. Wait for the next minute or consider switching to a higher tier plan at https://twelvedata.com/pricing
2026-02-11 02:14:06,127 | WARNING |   [USDZAR=X] TwelveData error: No data is available on the specified dates. Try setting different start/end dates.
2026-02-11 02:14:06,128 | INFO |   TwelveData FX ingest complete: 0 updated, 24 failed, 24 API calls
2026-02-11 02:14:06,131 | INFO | TwelveData FX: Updated 0 FX assets, 24 total remaining
2026-02-11 02:14:06,132 | INFO | 
============================================================
2026-02-11 02:14:06,132 | INFO | VERIFICATION: Checking Data Freshness
2026-02-11 02:14:06,132 | INFO | ============================================================
2026-02-11 02:14:07,177 | WARNING | VERIFICATION FAILED: 23 assets are stale
2026-02-11 02:14:07,178 | WARNING |   - BT.A.L: 58 days stale (last: 2025-12-15)
2026-02-11 02:14:07,179 | WARNING |   - 1COV.DE: 50 days stale (last: 2025-12-23)
2026-02-11 02:14:07,180 | WARNING |   - TLT: 33 days stale (last: 2026-01-09)
2026-02-11 02:14:07,181 | WARNING |   - GLD: 32 days stale (last: 2026-01-10)
2026-02-11 02:14:07,181 | WARNING |   - OLT.OL: 6 days stale (last: 2026-02-05)
2026-02-11 02:14:07,181 | WARNING |   - TSCO.L: 5 days stale (last: 2026-02-06)
2026-02-11 02:14:07,182 | WARNING |   - TTE.PA: 5 days stale (last: 2026-02-06)
2026-02-11 02:14:07,182 | WARNING |   - ULVR.L: 5 days stale (last: 2026-02-06)
2026-02-11 02:14:07,183 | WARNING |   - URW.PA: 5 days stale (last: 2026-02-06)
2026-02-11 02:14:07,183 | WARNING |   - VAR.OL: 5 days stale (last: 2026-02-06)
2026-02-11 02:14:07,183 | WARNING |   ... and 13 more
2026-02-11 02:14:07,887 | CRITICAL | ALERT [CRITICAL]: DATA VERIFICATION FAILED: 23 assets still stale after ingest! Updated: 0, Rows: 0
2026-02-11 02:14:07,891 | WARNING | Governance logging failed: column "action_timestamp" of relation "governance_actions_log" does not exist
LINE 3:                     action_type, action_timestamp, action_by...
                                         ^

2026-02-11 02:14:07,891 | CRITICAL | ALERT [CRITICAL]: ALL INGEST METHODS FAILED - No assets were updated! Manual intervention required.
2026-02-11 02:14:07,893 | WARNING | Heartbeat recording failed: relation "fhq_monitoring.system_heartbeats" does not exist
LINE 2:                 INSERT INTO fhq_monitoring.system_heartbeats...
                                    ^

2026-02-11 02:14:07,894 | WARNING | Governance logging failed: current transaction is aborted, commands ignored until end of transaction block

2026-02-11 02:14:07,900 | INFO | 
======================================================================
2026-02-11 02:14:07,900 | INFO | BULLETPROOF INGEST COMPLETE
2026-02-11 02:14:07,901 | INFO | ======================================================================
2026-02-11 02:14:07,901 | INFO | Status: FAILED
2026-02-11 02:14:07,901 | INFO | Assets Updated: 0
2026-02-11 02:14:07,901 | INFO | Rows Inserted: 0
2026-02-11 02:14:07,902 | INFO | Providers Used: ALPACA, YAHOO, ECB, TWELVEDATA_FX
2026-02-11 02:14:07,902 | INFO | Verification: FAILED (23 stale)
2026-02-11 02:14:07,902 | INFO | Elapsed: 244.2s
2026-02-11 02:14:07,903 | INFO | 
Freshness by Asset Class:
2026-02-11 02:14:07,903 | INFO |   CRYPTO: 46/50 fresh (92.0%)
2026-02-11 02:14:07,903 | INFO |   EQUITY: 400/422 fresh (94.8%)
2026-02-11 02:14:07,904 | INFO |   ETF: 0/2 fresh (0.0%)
2026-02-11 02:14:07,904 | INFO |   FX: 24/25 fresh (96.0%)
2026-02-11 02:14:07,904 | INFO | 
Evidence: C:\fhq-market-system\vision-ios\03_FUNCTIONS\evidence\BULLETPROOF_INGEST_dc1d139a_20260211_021407.json
2026-02-11 02:14:07,905 | INFO | ======================================================================
