2025-12-11 21:20:14,753 | INFO | ======================================================================
2025-12-11 21:20:14,753 | INFO | IoS-001 COLAB PRICE IMPORTER
2025-12-11 21:20:14,754 | INFO | ======================================================================
2025-12-11 21:20:14,997 | INFO | Loaded 295 asset mappings
2025-12-11 21:20:14,997 | INFO | Found 20 CSV files to process
2025-12-11 21:20:14,997 | INFO | Processing: CRYPTO_batch_1_prices.csv
2025-12-11 21:20:15,533 | INFO | Processing: CRYPTO_batch_2_prices.csv
2025-12-11 21:20:15,750 | INFO | Processing: FRENCH_batch_1_prices.csv
2025-12-11 21:20:16,228 | INFO | Processing: FRENCH_batch_2_prices.csv
2025-12-11 21:20:16,372 | INFO | Processing: FX_batch_1_prices.csv
2025-12-11 21:20:16,780 | INFO | Processing: GERMAN_batch_1_prices.csv
2025-12-11 21:20:17,528 | INFO | Processing: GERMAN_batch_2_prices.csv
2025-12-11 21:20:17,795 | INFO | Processing: OSLO_batch_1_prices.csv
2025-12-11 21:20:18,477 | INFO | Processing: OSLO_batch_2_prices.csv
2025-12-11 21:20:18,824 | INFO | Processing: UK_batch_1_prices.csv
2025-12-11 21:20:19,373 | INFO | Processing: UK_batch_2_prices.csv
2025-12-11 21:20:19,416 | INFO | Processing: US_EQUITY_batch_10_prices.csv
2025-12-11 21:20:19,551 | INFO | Processing: US_EQUITY_batch_2_prices.csv
2025-12-11 21:20:20,117 | INFO | Processing: US_EQUITY_batch_3_prices.csv
2025-12-11 21:20:21,237 | INFO | Processing: US_EQUITY_batch_4_prices.csv
2025-12-11 21:20:21,968 | INFO | Processing: US_EQUITY_batch_5_prices.csv
2025-12-11 21:20:22,378 | INFO | Processing: US_EQUITY_batch_6_prices.csv
2025-12-11 21:20:22,841 | INFO | Processing: US_EQUITY_batch_7_prices.csv
2025-12-11 21:20:23,150 | INFO | Processing: US_EQUITY_batch_8_prices.csv
2025-12-11 21:20:23,642 | INFO | Processing: US_EQUITY_batch_9_prices.csv
2025-12-11 21:20:24,169 | INFO | 
2025-12-11 21:20:24,169 | INFO | ======================================================================
2025-12-11 21:20:24,170 | INFO | IMPORT COMPLETE
2025-12-11 21:20:24,170 | INFO | ======================================================================
2025-12-11 21:20:24,170 | INFO | CSV files processed: 20
2025-12-11 21:20:24,170 | INFO | Tickers found: 20
2025-12-11 21:20:24,170 | INFO | Tickers imported: 0
2025-12-11 21:20:24,170 | INFO | Total rows inserted: 0
2025-12-11 21:20:24,170 | INFO | Errors: 20
2025-12-11 21:20:24,171 | INFO | Evidence: C:\fhq-market-system\vision-ios\03_FUNCTIONS\evidence\COLAB_IMPORT_20251211_212024.json
2025-12-11 21:20:24,171 | INFO | ======================================================================
