2026-02-05 15:38:17,814 | INFO | ======================================================================
2026-02-05 15:38:17,814 | INFO | IoS-001 DAILY PRICE INGEST
2026-02-05 15:38:17,814 | INFO | Executor: LINE (EC-004)
2026-02-05 15:38:17,814 | INFO | Authority: CEO_DIRECTIVE_LINE_DAILY_INGEST_ACTIVATION_20251212
2026-02-05 15:38:17,814 | INFO | Time: 2026-02-05T14:38:17.814629+00:00
2026-02-05 15:38:17,814 | INFO | Asset Class Filter: ALL
2026-02-05 15:38:17,824 | INFO | Dry Run: False
2026-02-05 15:38:17,824 | INFO | ======================================================================
2026-02-05 15:38:18,282 | INFO | Found 491 VEGA-attested assets
2026-02-05 15:38:18,283 | INFO | 
============================================================
2026-02-05 15:38:18,283 | INFO | Processing CRYPTO: 46 assets
2026-02-05 15:38:18,283 | INFO | Schedule: Daily 01:00 UTC
2026-02-05 15:38:18,283 | INFO | ============================================================
2026-02-05 15:38:18,283 | INFO | 
  Batch 1/2 (25 assets)
2026-02-05 15:38:20,081 | ERROR | $GRT-USD: possibly delisted; no price data found  (1d 2026-02-04 -> 2026-02-06)
2026-02-05 15:38:23,104 | INFO |   Batch complete, waiting 60s...
2026-02-05 15:39:23,107 | INFO | 
  Batch 2/2 (21 assets)
2026-02-05 15:39:23,323 | ERROR | $UNI-USD: possibly delisted; no price data found  (1d 2026-02-01 -> 2026-02-06)
2026-02-05 15:39:26,359 | INFO | 
============================================================
2026-02-05 15:39:26,359 | INFO | Processing EQUITY: 421 assets
2026-02-05 15:39:26,359 | INFO | Schedule: Weekdays 22:00 UTC
2026-02-05 15:39:26,359 | INFO | ============================================================
2026-02-05 15:39:26,359 | INFO | 
  Batch 1/17 (25 assets)
2026-02-05 15:39:26,536 | ERROR | $1COV.DE: possibly delisted; no price data found  (1d 2025-12-24 -> 2026-02-06)
2026-02-05 15:39:29,722 | INFO |     [ABBV] +1 rows
2026-02-05 15:39:32,838 | INFO |     [ABNB] +1 rows
2026-02-05 15:39:36,018 | INFO |     [ABT] +1 rows
2026-02-05 15:39:39,161 | INFO |     [ADBE] +1 rows
2026-02-05 15:39:42,323 | INFO |     [ADI] +1 rows
2026-02-05 15:39:45,549 | INFO |     [ADSK] +1 rows
2026-02-05 15:39:48,759 | INFO |     [AEP] +1 rows
2026-02-05 15:39:51,901 | INFO |     [AFL] +1 rows
2026-02-05 15:39:55,077 | INFO |     [AIG] +1 rows
2026-02-05 15:39:58,194 | INFO |     [AKAM] +1 rows
2026-02-05 15:40:01,376 | INFO |     [ALB] +1 rows
2026-02-05 15:40:04,511 | INFO |     [ALL] +1 rows
2026-02-05 15:40:07,815 | INFO |     [AMAT] +1 rows
2026-02-05 15:40:10,817 | INFO |   Batch complete, waiting 60s...
2026-02-05 15:41:10,818 | INFO | 
  Batch 2/17 (25 assets)
2026-02-05 15:41:11,026 | INFO |     [AMD] +1 rows
2026-02-05 15:41:14,293 | INFO |     [AMGN] +1 rows
2026-02-05 15:41:17,407 | INFO |     [AMT] +1 rows
2026-02-05 15:41:20,506 | INFO |     [AMZN] +1 rows
2026-02-05 15:41:23,773 | INFO |     [AON] +1 rows
2026-02-05 15:41:26,930 | INFO |     [APD] +1 rows
2026-02-05 15:41:30,061 | INFO |     [ASML] +1 rows
2026-02-05 15:41:33,240 | INFO |     [AVB] +1 rows
2026-02-05 15:41:36,350 | INFO |     [AVGO] +1 rows
2026-02-05 15:41:39,484 | INFO |     [AWK] +1 rows
2026-02-05 15:41:42,669 | INFO |     [AXP] +1 rows
2026-02-05 15:41:45,780 | INFO |     [AZO] +1 rows
2026-02-05 15:41:48,984 | INFO |     [BA] +1 rows
2026-02-05 15:41:52,149 | INFO |     [BAC] +1 rows
2026-02-05 15:41:55,156 | INFO |   Batch complete, waiting 60s...
2026-02-05 15:42:55,161 | INFO | 
  Batch 3/17 (25 assets)
2026-02-05 15:42:55,286 | INFO |     [BKNG] +1 rows
2026-02-05 15:42:58,477 | INFO |     [BKR] +1 rows
2026-02-05 15:43:01,648 | INFO |     [BLK] +1 rows
2026-02-05 15:43:04,865 | INFO |     [BMY] +1 rows
2026-02-05 15:43:08,129 | INFO |     [BP.L] +1 rows
2026-02-05 15:43:15,694 | ERROR | $BRK.B: possibly delisted; no timezone found
