2026-02-08 17:07:17,469 | INFO | ======================================================================
2026-02-08 17:07:17,469 | INFO | IoS-001 DAILY PRICE INGEST
2026-02-08 17:07:17,469 | INFO | Executor: LINE (EC-004)
2026-02-08 17:07:17,469 | INFO | Authority: CEO_DIRECTIVE_LINE_DAILY_INGEST_ACTIVATION_20251212
2026-02-08 17:07:17,469 | INFO | Amendment: CEO-DIR-2026-119 (Rate Limit Mitigation)
2026-02-08 17:07:17,469 | INFO | Time: 2026-02-08T16:07:17.469784+00:00
2026-02-08 17:07:17,469 | INFO | Asset Class Filter: ALL
2026-02-08 17:07:17,469 | INFO | Batch Mode: True
2026-02-08 17:07:17,469 | INFO | Dry Run: False
2026-02-08 17:07:17,469 | INFO | ======================================================================
2026-02-08 17:07:17,717 | INFO | Found 491 VEGA-attested assets
2026-02-08 17:07:17,717 | INFO | 
============================================================
2026-02-08 17:07:17,717 | INFO | Processing CRYPTO: 46 assets
2026-02-08 17:07:17,717 | INFO | Schedule: Daily 01:00 UTC
2026-02-08 17:07:17,717 | INFO | ============================================================
2026-02-08 17:07:17,717 | INFO |   Using BATCH MODE (CEO-DIR-2026-119)
2026-02-08 17:07:17,717 | INFO | 
  Batch 1/5 (10 tickers)
2026-02-08 17:07:17,773 | INFO |     All assets up to date
2026-02-08 17:07:17,773 | INFO | 
  Batch 2/5 (10 tickers)
2026-02-08 17:07:17,813 | INFO |     Batch download: 1 tickers
2026-02-08 17:07:19,007 | ERROR | 
1 Failed download:
2026-02-08 17:07:19,007 | ERROR | ['GRT-USD']: YFPricesMissingError('possibly delisted; no price data found  (1d 2026-02-08 -> 2026-02-09)')
2026-02-08 17:07:19,013 | INFO |   Batch complete, waiting 120s...
2026-02-08 17:09:19,014 | INFO | 
  Batch 3/5 (10 tickers)
2026-02-08 17:09:19,055 | INFO |     All assets up to date
2026-02-08 17:09:19,055 | INFO | 
  Batch 4/5 (10 tickers)
2026-02-08 17:09:19,097 | INFO |     Batch download: 1 tickers
2026-02-08 17:09:19,521 | ERROR | 
1 Failed download:
2026-02-08 17:09:19,521 | ERROR | ['UNI-USD']: YFPricesMissingError('possibly delisted; no price data found  (1d 2026-02-08 -> 2026-02-09)')
2026-02-08 17:09:19,532 | INFO |   Batch complete, waiting 120s...
2026-02-08 17:11:19,533 | INFO | 
  Batch 5/5 (6 tickers)
2026-02-08 17:11:19,578 | INFO |     All assets up to date
2026-02-08 17:11:19,578 | INFO | 
============================================================
2026-02-08 17:11:19,578 | INFO | Processing EQUITY: 421 assets
2026-02-08 17:11:19,578 | INFO | Schedule: Weekdays 22:00 UTC
2026-02-08 17:11:19,578 | INFO | ============================================================
2026-02-08 17:11:19,578 | INFO |   Market closed for EQUITY today, skipping
2026-02-08 17:11:19,578 | INFO | 
============================================================
2026-02-08 17:11:19,578 | INFO | Processing FX: 24 assets
2026-02-08 17:11:19,578 | INFO | Schedule: Sun-Thu 22:00 UTC
2026-02-08 17:11:19,578 | INFO | ============================================================
2026-02-08 17:11:19,578 | INFO |   Using BATCH MODE (CEO-DIR-2026-119)
2026-02-08 17:11:19,578 | INFO | 
  Batch 1/3 (10 tickers)
2026-02-08 17:11:19,620 | INFO |     Batch download: 9 tickers
2026-02-08 17:11:21,209 | INFO |     [AUDJPY=X] +1 rows
2026-02-08 17:11:21,218 | INFO |     [CADJPY=X] +1 rows
2026-02-08 17:11:21,223 | INFO |     [CHFJPY=X] +1 rows
2026-02-08 17:11:21,227 | INFO |     [EURAUD=X] +1 rows
2026-02-08 17:11:21,230 | INFO |     [EURCHF=X] +1 rows
2026-02-08 17:11:21,230 | INFO |     [EURGBP=X] +1 rows
2026-02-08 17:11:21,230 | INFO |     [EURJPY=X] +1 rows
2026-02-08 17:11:21,230 | INFO |     [EURNOK=X] +1 rows
2026-02-08 17:11:21,240 | INFO |     [EURSEK=X] +1 rows
2026-02-08 17:11:21,240 | INFO |   Batch complete, waiting 120s...
