2026-02-14 21:50:16,956 | INFO | ======================================================================
2026-02-14 21:50:16,956 | INFO | IoS-001 DAILY PRICE INGEST
2026-02-14 21:50:16,956 | INFO | Executor: LINE (EC-004)
2026-02-14 21:50:16,957 | INFO | Authority: CEO_DIRECTIVE_LINE_DAILY_INGEST_ACTIVATION_20251212
2026-02-14 21:50:16,957 | INFO | Amendment: CEO-DIR-2026-119 (Rate Limit Mitigation)
2026-02-14 21:50:16,957 | INFO | Time: 2026-02-14T20:50:16.957329+00:00
2026-02-14 21:50:16,957 | INFO | Asset Class Filter: ALL
2026-02-14 21:50:16,957 | INFO | Batch Mode: True
2026-02-14 21:50:16,959 | INFO | Dry Run: False
2026-02-14 21:50:16,959 | INFO | ======================================================================
2026-02-14 21:50:17,121 | INFO | Found 491 VEGA-attested assets
2026-02-14 21:50:17,121 | INFO | 
============================================================
2026-02-14 21:50:17,121 | INFO | Processing CRYPTO: 46 assets
2026-02-14 21:50:17,121 | INFO | Schedule: Daily 01:00 UTC
2026-02-14 21:50:17,121 | INFO | ============================================================
2026-02-14 21:50:17,121 | INFO |   Using BATCH MODE (CEO-DIR-2026-119)
2026-02-14 21:50:17,121 | INFO | 
  Batch 1/5 (10 tickers)
2026-02-14 21:50:17,137 | INFO |     All assets up to date
2026-02-14 21:50:17,137 | INFO | 
  Batch 2/5 (10 tickers)
2026-02-14 21:50:17,137 | INFO |     Batch download: 1 tickers
2026-02-14 21:50:21,530 | ERROR | 
1 Failed download:
2026-02-14 21:50:21,530 | ERROR | ['GRT-USD']: YFRateLimitError('Too Many Requests. Rate limited. Try after a while.')
2026-02-14 21:50:21,530 | INFO |   Batch complete, waiting 120s...
2026-02-14 21:52:21,546 | INFO | 
  Batch 3/5 (10 tickers)
2026-02-14 21:52:21,572 | INFO |     All assets up to date
2026-02-14 21:52:21,572 | INFO | 
  Batch 4/5 (10 tickers)
2026-02-14 21:52:21,595 | INFO |     Batch download: 1 tickers
2026-02-14 21:52:24,629 | ERROR | 
1 Failed download:
2026-02-14 21:52:24,629 | ERROR | ['UNI-USD']: YFRateLimitError('Too Many Requests. Rate limited. Try after a while.')
2026-02-14 21:52:24,632 | INFO |   Batch complete, waiting 120s...
2026-02-14 21:54:24,633 | INFO | 
  Batch 5/5 (6 tickers)
2026-02-14 21:54:24,652 | INFO |     All assets up to date
2026-02-14 21:54:24,652 | INFO | 
============================================================
2026-02-14 21:54:24,652 | INFO | Processing EQUITY: 421 assets
2026-02-14 21:54:24,652 | INFO | Schedule: Weekdays 22:00 UTC
2026-02-14 21:54:24,652 | INFO | ============================================================
2026-02-14 21:54:24,652 | INFO |   Market closed for EQUITY today, skipping
2026-02-14 21:54:24,652 | INFO | 
============================================================
2026-02-14 21:54:24,652 | INFO | Processing FX: 24 assets
2026-02-14 21:54:24,652 | INFO | Schedule: Sun-Thu 22:00 UTC
2026-02-14 21:54:24,652 | INFO | ============================================================
2026-02-14 21:54:24,652 | INFO |   Market closed for FX today, skipping
2026-02-14 21:54:24,652 | WARNING | Heartbeat recording failed: relation "fhq_monitoring.system_heartbeats" does not exist
LINE 2:                 INSERT INTO fhq_monitoring.system_heartbeats...
                                    ^

2026-02-14 21:54:24,652 | INFO | 
======================================================================
2026-02-14 21:54:24,652 | INFO | DAILY INGEST COMPLETE
2026-02-14 21:54:24,652 | INFO | ======================================================================
2026-02-14 21:54:24,652 | INFO | Assets Processed: 46
2026-02-14 21:54:24,652 | INFO | Assets Updated:   0
2026-02-14 21:54:24,652 | INFO | Rows Inserted:    0
2026-02-14 21:54:24,652 | INFO |   CRYPTO: 0 assets, 0 rows
2026-02-14 21:54:24,652 | INFO | Evidence: C:\fhq-market-system\vision-ios\03_FUNCTIONS\evidence\IOS001_DAILY_INGEST_e646f63a_20260214_215424.json
2026-02-14 21:54:24,652 | INFO | ======================================================================
