2026-01-05 21:41:40,548 | INFO | ======================================================================
2026-01-05 21:41:40,548 | INFO | IoS-001 DAILY PRICE INGEST
2026-01-05 21:41:40,548 | INFO | Executor: LINE (EC-004)
2026-01-05 21:41:40,548 | INFO | Authority: CEO_DIRECTIVE_LINE_DAILY_INGEST_ACTIVATION_20251212
2026-01-05 21:41:40,548 | INFO | Time: 2026-01-05T20:41:40.548276+00:00
2026-01-05 21:41:40,548 | INFO | Asset Class Filter: ALL
2026-01-05 21:41:40,548 | INFO | Dry Run: False
2026-01-05 21:41:40,548 | INFO | ======================================================================
2026-01-05 21:41:40,810 | INFO | Found 491 VEGA-attested assets
2026-01-05 21:41:40,810 | INFO | 
============================================================
2026-01-05 21:41:40,810 | INFO | Processing CRYPTO: 46 assets
2026-01-05 21:41:40,810 | INFO | Schedule: Daily 01:00 UTC
2026-01-05 21:41:40,810 | INFO | ============================================================
2026-01-05 21:41:40,810 | INFO | 
  Batch 1/2 (25 assets)
2026-01-05 21:41:44,553 | WARNING |   [GRT-USD] Fetch error: Too Many Requests. Rate limited. Try after a while.
2026-01-05 21:41:47,563 | INFO |   Batch complete, waiting 60s...
2026-01-05 21:42:47,568 | INFO | 
  Batch 2/2 (21 assets)
2026-01-05 21:42:48,911 | WARNING |   [UNI-USD] Fetch error: Too Many Requests. Rate limited. Try after a while.
2026-01-05 21:42:51,952 | INFO | 
============================================================
2026-01-05 21:42:51,952 | INFO | Processing EQUITY: 421 assets
2026-01-05 21:42:51,952 | INFO | Schedule: Weekdays 22:00 UTC
2026-01-05 21:42:51,952 | INFO | ============================================================
2026-01-05 21:42:51,952 | INFO | 
  Batch 1/17 (25 assets)
2026-01-05 21:42:53,485 | WARNING |   [1COV.DE] Fetch error: Too Many Requests. Rate limited. Try after a while.
2026-01-05 21:42:56,529 | INFO |   Batch complete, waiting 60s...
2026-01-05 21:43:56,536 | INFO | 
  Batch 2/17 (25 assets)
2026-01-05 21:43:56,604 | INFO |   Batch complete, waiting 60s...
2026-01-05 21:44:56,604 | INFO | 
  Batch 3/17 (25 assets)
2026-01-05 21:44:59,997 | WARNING |   [BRK.B] Fetch error: Too Many Requests. Rate limited. Try after a while.
2026-01-05 21:45:04,543 | WARNING |   [BT.A.L] Fetch error: Too Many Requests. Rate limited. Try after a while.
2026-01-05 21:45:07,568 | INFO |   Batch complete, waiting 60s...
2026-01-05 21:46:07,569 | INFO | 
  Batch 4/17 (25 assets)
2026-01-05 21:46:09,965 | WARNING |   [CF] Fetch error: Too Many Requests. Rate limited. Try after a while.
2026-01-05 21:46:14,381 | WARNING |   [CHD] Fetch error: Too Many Requests. Rate limited. Try after a while.
2026-01-05 21:46:18,728 | WARNING |   [CHTR] Fetch error: Too Many Requests. Rate limited. Try after a while.
2026-01-05 21:46:22,762 | WARNING |   [CI] Fetch error: Too Many Requests. Rate limited. Try after a while.
2026-01-05 21:46:26,986 | WARNING |   [CL] Fetch error: Too Many Requests. Rate limited. Try after a while.
2026-01-05 21:46:31,361 | WARNING |   [CLX] Fetch error: Too Many Requests. Rate limited. Try after a while.
2026-01-05 21:46:35,625 | WARNING |   [CMCSA] Fetch error: Too Many Requests. Rate limited. Try after a while.
