2026-01-10 19:23:28,100 | INFO | ======================================================================
2026-01-10 19:23:28,100 | INFO | IoS-001 DAILY PRICE INGEST
2026-01-10 19:23:28,100 | INFO | Executor: LINE (EC-004)
2026-01-10 19:23:28,100 | INFO | Authority: CEO_DIRECTIVE_LINE_DAILY_INGEST_ACTIVATION_20251212
2026-01-10 19:23:28,100 | INFO | Time: 2026-01-10T18:23:28.100393+00:00
2026-01-10 19:23:28,100 | INFO | Asset Class Filter: ALL
2026-01-10 19:23:28,100 | INFO | Dry Run: False
2026-01-10 19:23:28,100 | INFO | ======================================================================
2026-01-10 19:23:28,397 | INFO | Found 491 VEGA-attested assets
2026-01-10 19:23:28,397 | INFO | 
============================================================
2026-01-10 19:23:28,397 | INFO | Processing CRYPTO: 46 assets
2026-01-10 19:23:28,397 | INFO | Schedule: Daily 01:00 UTC
2026-01-10 19:23:28,407 | INFO | ============================================================
2026-01-10 19:23:28,407 | INFO | 
  Batch 1/2 (25 assets)
2026-01-10 19:23:32,878 | WARNING |   [GRT-USD] Fetch error: Too Many Requests. Rate limited. Try after a while.
2026-01-10 19:23:35,933 | INFO |   Batch complete, waiting 60s...
2026-01-10 19:24:35,935 | INFO | 
  Batch 2/2 (21 assets)
2026-01-10 19:24:38,210 | WARNING |   [UNI-USD] Fetch error: Too Many Requests. Rate limited. Try after a while.
2026-01-10 19:24:41,235 | INFO | 
============================================================
2026-01-10 19:24:41,236 | INFO | Processing EQUITY: 421 assets
2026-01-10 19:24:41,236 | INFO | Schedule: Weekdays 22:00 UTC
2026-01-10 19:24:41,236 | INFO | ============================================================
2026-01-10 19:24:41,236 | INFO |   Market closed for EQUITY today, skipping
2026-01-10 19:24:41,236 | INFO | 
============================================================
2026-01-10 19:24:41,236 | INFO | Processing FX: 24 assets
2026-01-10 19:24:41,236 | INFO | Schedule: Sun-Thu 22:00 UTC
2026-01-10 19:24:41,236 | INFO | ============================================================
2026-01-10 19:24:41,236 | INFO |   Market closed for FX today, skipping
2026-01-10 19:24:41,238 | WARNING | Heartbeat recording failed: relation "fhq_monitoring.system_heartbeats" does not exist
LINE 2:                 INSERT INTO fhq_monitoring.system_heartbeats...
                                    ^

2026-01-10 19:24:41,240 | INFO | 
======================================================================
2026-01-10 19:24:41,240 | INFO | DAILY INGEST COMPLETE
2026-01-10 19:24:41,240 | INFO | ======================================================================
2026-01-10 19:24:41,240 | INFO | Assets Processed: 46
2026-01-10 19:24:41,240 | INFO | Assets Updated:   0
2026-01-10 19:24:41,240 | INFO | Rows Inserted:    0
2026-01-10 19:24:41,240 | INFO |   CRYPTO: 0 assets, 0 rows
2026-01-10 19:24:41,240 | INFO | Evidence: C:\fhq-market-system\vision-ios\03_FUNCTIONS\evidence\IOS001_DAILY_INGEST_fc4b47a8_20260110_192441.json
2026-01-10 19:24:41,240 | INFO | ======================================================================
