2025-12-25 21:44:44,889 | INFO | ======================================================================
2025-12-25 21:44:44,889 | INFO | IoS-001 DAILY PRICE INGEST
2025-12-25 21:44:44,889 | INFO | Executor: LINE (EC-004)
2025-12-25 21:44:44,889 | INFO | Authority: CEO_DIRECTIVE_LINE_DAILY_INGEST_ACTIVATION_20251212
2025-12-25 21:44:44,889 | INFO | Time: 2025-12-25T20:44:44.889500+00:00
2025-12-25 21:44:44,889 | INFO | Asset Class Filter: ALL
2025-12-25 21:44:44,889 | INFO | Dry Run: False
2025-12-25 21:44:44,889 | INFO | ======================================================================
2025-12-25 21:44:45,028 | INFO | Found 463 VEGA-attested assets
2025-12-25 21:44:45,028 | INFO | 
============================================================
2025-12-25 21:44:45,028 | INFO | Processing CRYPTO: 45 assets
2025-12-25 21:44:45,028 | INFO | Schedule: Daily 01:00 UTC
2025-12-25 21:44:45,028 | INFO | ============================================================
2025-12-25 21:44:45,028 | INFO | 
  Batch 1/2 (25 assets)
2025-12-25 21:44:45,088 | INFO |   Batch complete, waiting 60s...
2025-12-25 21:45:45,089 | INFO | 
  Batch 2/2 (20 assets)
2025-12-25 21:45:45,183 | INFO | 
============================================================
2025-12-25 21:45:45,183 | INFO | Processing EQUITY: 394 assets
2025-12-25 21:45:45,183 | INFO | Schedule: Weekdays 22:00 UTC
2025-12-25 21:45:45,183 | INFO | ============================================================
2025-12-25 21:45:45,183 | INFO | 
  Batch 1/16 (25 assets)
2025-12-25 21:45:48,236 | WARNING |   [1COV.DE] Fetch error: Too Many Requests. Rate limited. Try after a while.
2025-12-25 21:45:52,217 | WARNING |   [ABBV] Fetch error: Too Many Requests. Rate limited. Try after a while.
2025-12-25 21:45:56,201 | WARNING |   [ABNB] Fetch error: Too Many Requests. Rate limited. Try after a while.
2025-12-25 21:46:00,439 | WARNING |   [ABT] Fetch error: Too Many Requests. Rate limited. Try after a while.
2025-12-25 21:46:04,415 | WARNING |   [ACA.PA] Fetch error: Too Many Requests. Rate limited. Try after a while.
2025-12-25 21:46:08,797 | WARNING |   [ADBE] Fetch error: Too Many Requests. Rate limited. Try after a while.
2025-12-25 21:46:13,476 | WARNING |   [ADI] Fetch error: Too Many Requests. Rate limited. Try after a while.
2025-12-25 21:46:17,684 | WARNING |   [ADS.DE] Fetch error: Too Many Requests. Rate limited. Try after a while.
2025-12-25 21:46:21,787 | WARNING |   [ADSK] Fetch error: Too Many Requests. Rate limited. Try after a while.
2025-12-25 21:46:25,876 | WARNING |   [AEP] Fetch error: Too Many Requests. Rate limited. Try after a while.
2025-12-25 21:46:29,955 | WARNING |   [AFL] Fetch error: Too Many Requests. Rate limited. Try after a while.
2025-12-25 21:46:33,889 | WARNING |   [AI.PA] Fetch error: Too Many Requests. Rate limited. Try after a while.
2025-12-25 21:46:38,468 | WARNING |   [AIG] Fetch error: Too Many Requests. Rate limited. Try after a while.
2025-12-25 21:46:42,462 | WARNING |   [AIR.DE] Fetch error: Too Many Requests. Rate limited. Try after a while.
2025-12-25 21:46:46,497 | WARNING |   [AIR.PA] Fetch error: Too Many Requests. Rate limited. Try after a while.
2025-12-25 21:46:50,943 | WARNING |   [AKAM] Fetch error: Too Many Requests. Rate limited. Try after a while.
2025-12-25 21:46:54,923 | WARNING |   [AKER.OL] Fetch error: Too Many Requests. Rate limited. Try after a while.
2025-12-25 21:46:59,232 | WARNING |   [AKRBP.OL] Fetch error: Too Many Requests. Rate limited. Try after a while.
2025-12-25 21:47:03,273 | WARNING |   [AKSO.OL] Fetch error: Too Many Requests. Rate limited. Try after a while.
2025-12-25 21:47:07,282 | WARNING |   [AKVA.OL] Fetch error: Too Many Requests. Rate limited. Try after a while.
2025-12-25 21:47:11,506 | WARNING |   [ALB] Fetch error: Too Many Requests. Rate limited. Try after a while.
2025-12-25 21:47:15,535 | WARNING |   [ALL] Fetch error: Too Many Requests. Rate limited. Try after a while.
2025-12-25 21:47:19,506 | WARNING |   [ALO.PA] Fetch error: Too Many Requests. Rate limited. Try after a while.
2025-12-25 21:47:23,533 | WARNING |   [ALV.DE] Fetch error: Too Many Requests. Rate limited. Try after a while.
2025-12-25 21:47:27,585 | WARNING |   [AMAT] Fetch error: Too Many Requests. Rate limited. Try after a while.
2025-12-25 21:47:30,588 | INFO |   Batch complete, waiting 60s...
2025-12-25 21:48:30,589 | INFO | 
  Batch 2/16 (25 assets)
2025-12-25 21:48:32,336 | WARNING |   [AMD] Fetch error: Too Many Requests. Rate limited. Try after a while.
2025-12-25 21:48:36,479 | WARNING |   [AMGN] Fetch error: Too Many Requests. Rate limited. Try after a while.
2025-12-25 21:48:40,469 | WARNING |   [AMT] Fetch error: Too Many Requests. Rate limited. Try after a while.
2025-12-25 21:48:44,702 | WARNING |   [AON] Fetch error: Too Many Requests. Rate limited. Try after a while.
2025-12-25 21:48:48,895 | WARNING |   [APD] Fetch error: Too Many Requests. Rate limited. Try after a while.
2025-12-25 21:48:52,647 | WARNING |   [ATO.PA] Fetch error: Too Many Requests. Rate limited. Try after a while.
2025-12-25 21:48:56,713 | WARNING |   [AUSS.OL] Fetch error: Too Many Requests. Rate limited. Try after a while.
2025-12-25 21:49:01,213 | WARNING |   [AUTO.OL] Fetch error: Too Many Requests. Rate limited. Try after a while.
2025-12-25 21:49:05,273 | WARNING |   [AV.L] Fetch error: Too Many Requests. Rate limited. Try after a while.
2025-12-25 21:49:09,330 | WARNING |   [AVB] Fetch error: Too Many Requests. Rate limited. Try after a while.
2025-12-25 21:49:13,464 | WARNING |   [AVGO] Fetch error: Too Many Requests. Rate limited. Try after a while.
2025-12-25 21:49:17,592 | WARNING |   [AWK] Fetch error: Too Many Requests. Rate limited. Try after a while.
2025-12-25 21:49:21,953 | WARNING |   [AXP] Fetch error: Too Many Requests. Rate limited. Try after a while.
2025-12-25 21:49:26,145 | WARNING |   [AZN.L] Fetch error: Too Many Requests. Rate limited. Try after a while.
2025-12-25 21:49:30,330 | WARNING |   [AZO] Fetch error: Too Many Requests. Rate limited. Try after a while.
2025-12-25 21:49:34,297 | WARNING |   [BA] Fetch error: Too Many Requests. Rate limited. Try after a while.
2025-12-25 21:49:38,299 | WARNING |   [BA.L] Fetch error: Too Many Requests. Rate limited. Try after a while.
2025-12-25 21:49:42,521 | WARNING |   [BAC] Fetch error: Too Many Requests. Rate limited. Try after a while.
