2026-01-30 07:24:07,745 | INFO | ======================================================================
2026-01-30 07:24:07,745 | INFO | IoS-001 DAILY PRICE INGEST
2026-01-30 07:24:07,745 | INFO | Executor: LINE (EC-004)
2026-01-30 07:24:07,745 | INFO | Authority: CEO_DIRECTIVE_LINE_DAILY_INGEST_ACTIVATION_20251212
2026-01-30 07:24:07,745 | INFO | Time: 2026-01-30T06:24:07.745834+00:00
2026-01-30 07:24:07,745 | INFO | Asset Class Filter: ALL
2026-01-30 07:24:07,745 | INFO | Dry Run: False
2026-01-30 07:24:07,745 | INFO | ======================================================================
2026-01-30 07:24:08,046 | INFO | Found 491 VEGA-attested assets
2026-01-30 07:24:08,046 | INFO | 
============================================================
2026-01-30 07:24:08,046 | INFO | Processing CRYPTO: 46 assets
2026-01-30 07:24:08,046 | INFO | Schedule: Daily 01:00 UTC
2026-01-30 07:24:08,046 | INFO | ============================================================
2026-01-30 07:24:08,046 | INFO | 
  Batch 1/2 (25 assets)
2026-01-30 07:24:10,996 | WARNING |   [GRT-USD] Fetch error: Too Many Requests. Rate limited. Try after a while.
2026-01-30 07:24:14,041 | INFO |   Batch complete, waiting 60s...
2026-01-30 07:25:14,044 | INFO | 
  Batch 2/2 (21 assets)
2026-01-30 07:25:15,886 | WARNING |   [UNI-USD] Fetch error: Too Many Requests. Rate limited. Try after a while.
2026-01-30 07:25:18,936 | INFO | 
============================================================
2026-01-30 07:25:18,936 | INFO | Processing EQUITY: 421 assets
2026-01-30 07:25:18,936 | INFO | Schedule: Weekdays 22:00 UTC
2026-01-30 07:25:18,936 | INFO | ============================================================
2026-01-30 07:25:18,936 | INFO | 
  Batch 1/17 (25 assets)
2026-01-30 07:25:20,245 | WARNING |   [1COV.DE] Fetch error: Too Many Requests. Rate limited. Try after a while.
2026-01-30 07:25:24,257 | WARNING |   [ABBV] Fetch error: Too Many Requests. Rate limited. Try after a while.
2026-01-30 07:25:28,257 | WARNING |   [ABNB] Fetch error: Too Many Requests. Rate limited. Try after a while.
2026-01-30 07:25:32,573 | WARNING |   [ABT] Fetch error: Too Many Requests. Rate limited. Try after a while.
2026-01-30 07:25:36,602 | WARNING |   [ACA.PA] Fetch error: Too Many Requests. Rate limited. Try after a while.
2026-01-30 07:25:40,787 | WARNING |   [ADBE] Fetch error: Too Many Requests. Rate limited. Try after a while.
2026-01-30 07:25:44,940 | WARNING |   [ADI] Fetch error: Too Many Requests. Rate limited. Try after a while.
2026-01-30 07:25:49,110 | WARNING |   [ADS.DE] Fetch error: Too Many Requests. Rate limited. Try after a while.
2026-01-30 07:25:53,183 | WARNING |   [ADSK] Fetch error: Too Many Requests. Rate limited. Try after a while.
2026-01-30 07:25:57,249 | WARNING |   [AEP] Fetch error: Too Many Requests. Rate limited. Try after a while.
2026-01-30 07:26:01,386 | WARNING |   [AFL] Fetch error: Too Many Requests. Rate limited. Try after a while.
2026-01-30 07:26:05,445 | WARNING |   [AI.PA] Fetch error: Too Many Requests. Rate limited. Try after a while.
2026-01-30 07:26:09,634 | WARNING |   [AIG] Fetch error: Too Many Requests. Rate limited. Try after a while.
2026-01-30 07:26:13,750 | WARNING |   [AIR.DE] Fetch error: Too Many Requests. Rate limited. Try after a while.
2026-01-30 07:26:18,042 | WARNING |   [AIR.PA] Fetch error: Too Many Requests. Rate limited. Try after a while.
2026-01-30 07:26:22,508 | WARNING |   [AKAM] Fetch error: Too Many Requests. Rate limited. Try after a while.
2026-01-30 07:26:26,376 | WARNING |   [AKER.OL] Fetch error: Too Many Requests. Rate limited. Try after a while.
2026-01-30 07:26:30,529 | WARNING |   [AKRBP.OL] Fetch error: Too Many Requests. Rate limited. Try after a while.
2026-01-30 07:26:34,562 | WARNING |   [AKSO.OL] Fetch error: Too Many Requests. Rate limited. Try after a while.
2026-01-30 07:26:38,740 | WARNING |   [AKVA.OL] Fetch error: Too Many Requests. Rate limited. Try after a while.
2026-01-30 07:26:42,824 | WARNING |   [ALB] Fetch error: Too Many Requests. Rate limited. Try after a while.
2026-01-30 07:26:46,806 | WARNING |   [ALL] Fetch error: Too Many Requests. Rate limited. Try after a while.
2026-01-30 07:26:50,960 | WARNING |   [ALO.PA] Fetch error: Too Many Requests. Rate limited. Try after a while.
2026-01-30 07:26:54,909 | WARNING |   [ALV.DE] Fetch error: Too Many Requests. Rate limited. Try after a while.
2026-01-30 07:26:58,867 | WARNING |   [AMAT] Fetch error: Too Many Requests. Rate limited. Try after a while.
2026-01-30 07:27:01,870 | INFO |   Batch complete, waiting 60s...
2026-01-30 07:28:01,872 | INFO | 
  Batch 2/17 (25 assets)
2026-01-30 07:28:03,926 | WARNING |   [AMD] Fetch error: Too Many Requests. Rate limited. Try after a while.
2026-01-30 07:28:08,110 | WARNING |   [AMGN] Fetch error: Too Many Requests. Rate limited. Try after a while.
2026-01-30 07:28:12,595 | WARNING |   [AMT] Fetch error: Too Many Requests. Rate limited. Try after a while.
2026-01-30 07:28:17,146 | WARNING |   [AMZN] Fetch error: Too Many Requests. Rate limited. Try after a while.
2026-01-30 07:28:21,515 | WARNING |   [AON] Fetch error: Too Many Requests. Rate limited. Try after a while.
2026-01-30 07:28:25,496 | WARNING |   [APD] Fetch error: Too Many Requests. Rate limited. Try after a while.
2026-01-30 07:28:29,546 | WARNING |   [ASML] Fetch error: Too Many Requests. Rate limited. Try after a while.
2026-01-30 07:28:33,682 | WARNING |   [ATO.PA] Fetch error: Too Many Requests. Rate limited. Try after a while.
2026-01-30 07:28:37,931 | WARNING |   [AUSS.OL] Fetch error: Too Many Requests. Rate limited. Try after a while.
2026-01-30 07:28:42,173 | WARNING |   [AUTO.OL] Fetch error: Too Many Requests. Rate limited. Try after a while.
2026-01-30 07:28:46,144 | WARNING |   [AV.L] Fetch error: Too Many Requests. Rate limited. Try after a while.
2026-01-30 07:28:50,139 | WARNING |   [AVB] Fetch error: Too Many Requests. Rate limited. Try after a while.
2026-01-30 07:28:54,213 | WARNING |   [AVGO] Fetch error: Too Many Requests. Rate limited. Try after a while.
2026-01-30 07:28:58,210 | WARNING |   [AWK] Fetch error: Too Many Requests. Rate limited. Try after a while.
2026-01-30 07:29:02,532 | WARNING |   [AXP] Fetch error: Too Many Requests. Rate limited. Try after a while.
