2026-01-03 18:37:06,854 | INFO | ======================================================================
2026-01-03 18:37:06,854 | INFO | IoS-001 DAILY PRICE INGEST
2026-01-03 18:37:06,854 | INFO | Executor: LINE (EC-004)
2026-01-03 18:37:06,854 | INFO | Authority: CEO_DIRECTIVE_LINE_DAILY_INGEST_ACTIVATION_20251212
2026-01-03 18:37:06,854 | INFO | Time: 2026-01-03T17:37:06.854232+00:00
2026-01-03 18:37:06,854 | INFO | Asset Class Filter: ALL
2026-01-03 18:37:06,854 | INFO | Dry Run: False
2026-01-03 18:37:06,854 | INFO | ======================================================================
2026-01-03 18:37:07,099 | INFO | Found 491 VEGA-attested assets
2026-01-03 18:37:07,099 | INFO | 
============================================================
2026-01-03 18:37:07,099 | INFO | Processing CRYPTO: 46 assets
2026-01-03 18:37:07,099 | INFO | Schedule: Daily 01:00 UTC
2026-01-03 18:37:07,099 | INFO | ============================================================
2026-01-03 18:37:07,099 | INFO | 
  Batch 1/2 (25 assets)
2026-01-03 18:37:08,168 | ERROR | $GRT-USD: possibly delisted; no price data found  (1d 2026-01-03 -> 2026-01-04)
2026-01-03 18:37:11,197 | INFO |   Batch complete, waiting 60s...
2026-01-03 18:38:11,198 | INFO | 
  Batch 2/2 (21 assets)
2026-01-03 18:38:11,297 | ERROR | $UNI-USD: possibly delisted; no price data found  (1d 2025-12-31 -> 2026-01-04)
2026-01-03 18:38:14,321 | INFO | 
============================================================
2026-01-03 18:38:14,331 | INFO | Processing EQUITY: 421 assets
2026-01-03 18:38:14,332 | INFO | Schedule: Weekdays 22:00 UTC
2026-01-03 18:38:14,332 | INFO | ============================================================
2026-01-03 18:38:14,332 | INFO |   Market closed for EQUITY today, skipping
2026-01-03 18:38:14,332 | INFO | 
============================================================
2026-01-03 18:38:14,332 | INFO | Processing FX: 24 assets
2026-01-03 18:38:14,332 | INFO | Schedule: Sun-Thu 22:00 UTC
2026-01-03 18:38:14,332 | INFO | ============================================================
2026-01-03 18:38:14,332 | INFO |   Market closed for FX today, skipping
2026-01-03 18:38:14,339 | WARNING | Heartbeat recording failed: relation "fhq_monitoring.system_heartbeats" does not exist
LINE 2:                 INSERT INTO fhq_monitoring.system_heartbeats...
                                    ^

2026-01-03 18:38:14,342 | INFO | 
======================================================================
2026-01-03 18:38:14,342 | INFO | DAILY INGEST COMPLETE
2026-01-03 18:38:14,342 | INFO | ======================================================================
2026-01-03 18:38:14,342 | INFO | Assets Processed: 46
2026-01-03 18:38:14,342 | INFO | Assets Updated:   0
2026-01-03 18:38:14,342 | INFO | Rows Inserted:    0
2026-01-03 18:38:14,342 | INFO |   CRYPTO: 0 assets, 0 rows
2026-01-03 18:38:14,344 | INFO | Evidence: C:\fhq-market-system\vision-ios\03_FUNCTIONS\evidence\IOS001_DAILY_INGEST_bd2d3e1d_20260103_183814.json
2026-01-03 18:38:14,344 | INFO | ======================================================================
