2026-01-22 02:11:35,178 | INFO | ======================================================================
2026-01-22 02:11:35,178 | INFO | IoS-001 DAILY PRICE INGEST
2026-01-22 02:11:35,178 | INFO | Executor: LINE (EC-004)
2026-01-22 02:11:35,178 | INFO | Authority: CEO_DIRECTIVE_LINE_DAILY_INGEST_ACTIVATION_20251212
2026-01-22 02:11:35,178 | INFO | Time: 2026-01-22T01:11:35.178790+00:00
2026-01-22 02:11:35,178 | INFO | Asset Class Filter: ALL
2026-01-22 02:11:35,178 | INFO | Dry Run: False
2026-01-22 02:11:35,178 | INFO | ======================================================================
2026-01-22 02:11:35,559 | INFO | Found 491 VEGA-attested assets
2026-01-22 02:11:35,559 | INFO | 
============================================================
2026-01-22 02:11:35,559 | INFO | Processing CRYPTO: 46 assets
2026-01-22 02:11:35,559 | INFO | Schedule: Daily 01:00 UTC
2026-01-22 02:11:35,559 | INFO | ============================================================
2026-01-22 02:11:35,559 | INFO | 
  Batch 1/2 (25 assets)
2026-01-22 02:11:39,633 | WARNING |   [ADA-USD] Fetch error: Too Many Requests. Rate limited. Try after a while.
2026-01-22 02:11:43,701 | WARNING |   [ALGO-USD] Fetch error: Too Many Requests. Rate limited. Try after a while.
2026-01-22 02:11:47,769 | WARNING |   [ATOM-USD] Fetch error: Too Many Requests. Rate limited. Try after a while.
2026-01-22 02:11:51,804 | WARNING |   [AVAX-USD] Fetch error: Too Many Requests. Rate limited. Try after a while.
2026-01-22 02:11:55,969 | WARNING |   [AXS-USD] Fetch error: Too Many Requests. Rate limited. Try after a while.
2026-01-22 02:12:00,121 | WARNING |   [BCH-USD] Fetch error: Too Many Requests. Rate limited. Try after a while.
2026-01-22 02:12:03,982 | WARNING |   [BNB-USD] Fetch error: Too Many Requests. Rate limited. Try after a while.
2026-01-22 02:12:07,950 | WARNING |   [BTC-USD] Fetch error: Too Many Requests. Rate limited. Try after a while.
2026-01-22 02:12:11,768 | WARNING |   [CHZ-USD] Fetch error: Too Many Requests. Rate limited. Try after a while.
2026-01-22 02:12:16,222 | WARNING |   [CRO-USD] Fetch error: Too Many Requests. Rate limited. Try after a while.
2026-01-22 02:12:20,579 | WARNING |   [CRV-USD] Fetch error: Too Many Requests. Rate limited. Try after a while.
2026-01-22 02:12:24,962 | WARNING |   [DOGE-USD] Fetch error: Too Many Requests. Rate limited. Try after a while.
2026-01-22 02:12:29,134 | WARNING |   [DOT-USD] Fetch error: Too Many Requests. Rate limited. Try after a while.
2026-01-22 02:12:33,567 | WARNING |   [EOS-USD] Fetch error: Too Many Requests. Rate limited. Try after a while.
2026-01-22 02:12:37,675 | WARNING |   [ETC-USD] Fetch error: Too Many Requests. Rate limited. Try after a while.
2026-01-22 02:12:42,128 | WARNING |   [ETH-USD] Fetch error: Too Many Requests. Rate limited. Try after a while.
2026-01-22 02:12:47,895 | WARNING |   [FIL-USD] Fetch error: Too Many Requests. Rate limited. Try after a while.
2026-01-22 02:12:52,086 | WARNING |   [FLOW-USD] Fetch error: Too Many Requests. Rate limited. Try after a while.
2026-01-22 02:12:56,551 | WARNING |   [GRT-USD] Fetch error: Too Many Requests. Rate limited. Try after a while.
2026-01-22 02:13:00,610 | WARNING |   [HBAR-USD] Fetch error: Too Many Requests. Rate limited. Try after a while.
2026-01-22 02:13:04,633 | WARNING |   [ICP-USD] Fetch error: Too Many Requests. Rate limited. Try after a while.
2026-01-22 02:13:08,901 | WARNING |   [INJ-USD] Fetch error: Too Many Requests. Rate limited. Try after a while.
2026-01-22 02:13:12,882 | WARNING |   [LDO-USD] Fetch error: Too Many Requests. Rate limited. Try after a while.
2026-01-22 02:13:17,105 | WARNING |   [LINK-USD] Fetch error: Too Many Requests. Rate limited. Try after a while.
2026-01-22 02:13:21,244 | WARNING |   [LTC-USD] Fetch error: Too Many Requests. Rate limited. Try after a while.
2026-01-22 02:13:24,245 | INFO |   Batch complete, waiting 60s...
2026-01-22 02:14:24,246 | INFO | 
  Batch 2/2 (21 assets)
2026-01-22 02:14:26,067 | WARNING |   [MANA-USD] Fetch error: Too Many Requests. Rate limited. Try after a while.
2026-01-22 02:14:30,145 | WARNING |   [MKR-USD] Fetch error: Too Many Requests. Rate limited. Try after a while.
2026-01-22 02:14:34,076 | WARNING |   [NEAR-USD] Fetch error: Too Many Requests. Rate limited. Try after a while.
2026-01-22 02:14:37,903 | WARNING |   [OKB-USD] Fetch error: Too Many Requests. Rate limited. Try after a while.
2026-01-22 02:14:42,064 | WARNING |   [QNT-USD] Fetch error: Too Many Requests. Rate limited. Try after a while.
2026-01-22 02:14:46,283 | WARNING |   [RPL-USD] Fetch error: Too Many Requests. Rate limited. Try after a while.
2026-01-22 02:14:50,435 | WARNING |   [RUNE-USD] Fetch error: Too Many Requests. Rate limited. Try after a while.
2026-01-22 02:14:54,461 | WARNING |   [SAND-USD] Fetch error: Too Many Requests. Rate limited. Try after a while.
2026-01-22 02:14:58,390 | WARNING |   [SHIB-USD] Fetch error: Too Many Requests. Rate limited. Try after a while.
2026-01-22 02:15:02,813 | WARNING |   [SNX-USD] Fetch error: Too Many Requests. Rate limited. Try after a while.
2026-01-22 02:15:06,749 | WARNING |   [SOL-USD] Fetch error: Too Many Requests. Rate limited. Try after a while.
2026-01-22 02:15:10,686 | WARNING |   [THETA-USD] Fetch error: Too Many Requests. Rate limited. Try after a while.
2026-01-22 02:15:14,552 | WARNING |   [TRX-USD] Fetch error: Too Many Requests. Rate limited. Try after a while.
2026-01-22 02:15:18,623 | WARNING |   [UNI-USD] Fetch error: Too Many Requests. Rate limited. Try after a while.
2026-01-22 02:15:22,593 | WARNING |   [VET-USD] Fetch error: Too Many Requests. Rate limited. Try after a while.
2026-01-22 02:15:26,496 | WARNING |   [XLM-USD] Fetch error: Too Many Requests. Rate limited. Try after a while.
2026-01-22 02:15:30,720 | WARNING |   [XMR-USD] Fetch error: Too Many Requests. Rate limited. Try after a while.
2026-01-22 02:15:35,124 | WARNING |   [XRP-USD] Fetch error: Too Many Requests. Rate limited. Try after a while.
2026-01-22 02:15:39,240 | WARNING |   [XTZ-USD] Fetch error: Too Many Requests. Rate limited. Try after a while.
2026-01-22 02:15:43,056 | WARNING |   [ZEC-USD] Fetch error: Too Many Requests. Rate limited. Try after a while.
2026-01-22 02:15:47,181 | WARNING |   [AAVE-USD] Fetch error: Too Many Requests. Rate limited. Try after a while.
2026-01-22 02:15:50,182 | INFO | 
============================================================
2026-01-22 02:15:50,182 | INFO | Processing EQUITY: 421 assets
2026-01-22 02:15:50,182 | INFO | Schedule: Weekdays 22:00 UTC
2026-01-22 02:15:50,182 | INFO | ============================================================
2026-01-22 02:15:50,182 | INFO | 
  Batch 1/17 (25 assets)
2026-01-22 02:15:58,125 | WARNING |   [1COV.DE] Fetch error: Too Many Requests. Rate limited. Try after a while.
2026-01-22 02:16:02,302 | WARNING |   [ABBV] Fetch error: Too Many Requests. Rate limited. Try after a while.
2026-01-22 02:16:06,175 | WARNING |   [ABNB] Fetch error: Too Many Requests. Rate limited. Try after a while.
2026-01-22 02:16:10,118 | WARNING |   [ABT] Fetch error: Too Many Requests. Rate limited. Try after a while.
2026-01-22 02:16:14,107 | WARNING |   [ACA.PA] Fetch error: Too Many Requests. Rate limited. Try after a while.
2026-01-22 02:16:18,157 | WARNING |   [ADBE] Fetch error: Too Many Requests. Rate limited. Try after a while.
2026-01-22 02:16:22,242 | WARNING |   [ADI] Fetch error: Too Many Requests. Rate limited. Try after a while.
2026-01-22 02:16:26,238 | WARNING |   [ADS.DE] Fetch error: Too Many Requests. Rate limited. Try after a while.
2026-01-22 02:16:30,392 | WARNING |   [ADSK] Fetch error: Too Many Requests. Rate limited. Try after a while.
