2025-12-20 19:05:03,322 | INFO | ======================================================================
2025-12-20 19:05:03,322 | INFO | IoS-001 DAILY PRICE INGEST
2025-12-20 19:05:03,322 | INFO | Executor: LINE (EC-004)
2025-12-20 19:05:03,322 | INFO | Authority: CEO_DIRECTIVE_LINE_DAILY_INGEST_ACTIVATION_20251212
2025-12-20 19:05:03,322 | INFO | Time: 2025-12-20T18:05:03.322513+00:00
2025-12-20 19:05:03,322 | INFO | Asset Class Filter: ALL
2025-12-20 19:05:03,322 | INFO | Dry Run: False
2025-12-20 19:05:03,322 | INFO | ======================================================================
2025-12-20 19:05:03,477 | INFO | Found 463 VEGA-attested assets
2025-12-20 19:05:03,477 | INFO | 
============================================================
2025-12-20 19:05:03,477 | INFO | Processing CRYPTO: 45 assets
2025-12-20 19:05:03,477 | INFO | Schedule: Daily 01:00 UTC
2025-12-20 19:05:03,477 | INFO | ============================================================
2025-12-20 19:05:03,477 | INFO | 
  Batch 1/2 (25 assets)
2025-12-20 19:05:03,508 | INFO |   Batch complete, waiting 60s...
2025-12-20 19:06:03,514 | INFO | 
  Batch 2/2 (20 assets)
2025-12-20 19:06:03,570 | INFO | 
============================================================
2025-12-20 19:06:03,570 | INFO | Processing EQUITY: 394 assets
2025-12-20 19:06:03,570 | INFO | Schedule: Weekdays 22:00 UTC
2025-12-20 19:06:03,570 | INFO | ============================================================
2025-12-20 19:06:03,570 | INFO |   Market closed for EQUITY today, skipping
2025-12-20 19:06:03,570 | INFO | 
============================================================
2025-12-20 19:06:03,570 | INFO | Processing FX: 24 assets
2025-12-20 19:06:03,570 | INFO | Schedule: Sun-Thu 22:00 UTC
2025-12-20 19:06:03,570 | INFO | ============================================================
2025-12-20 19:06:03,570 | INFO |   Market closed for FX today, skipping
2025-12-20 19:06:03,570 | WARNING | Heartbeat recording failed: relation "fhq_monitoring.system_heartbeats" does not exist
LINE 2:                 INSERT INTO fhq_monitoring.system_heartbeats...
                                    ^

2025-12-20 19:06:03,570 | INFO | 
======================================================================
2025-12-20 19:06:03,580 | INFO | DAILY INGEST COMPLETE
2025-12-20 19:06:03,580 | INFO | ======================================================================
2025-12-20 19:06:03,580 | INFO | Assets Processed: 45
2025-12-20 19:06:03,580 | INFO | Assets Updated:   0
2025-12-20 19:06:03,580 | INFO | Rows Inserted:    0
2025-12-20 19:06:03,581 | INFO |   CRYPTO: 0 assets, 0 rows
2025-12-20 19:06:03,581 | INFO | Evidence: C:\fhq-market-system\vision-ios\03_FUNCTIONS\evidence\IOS001_DAILY_INGEST_5fd9af46_20251220_190603.json
2025-12-20 19:06:03,581 | INFO | ======================================================================
