2025-12-28 00:40:21,046 | INFO | ======================================================================
2025-12-28 00:40:21,050 | INFO | IoS-001 DAILY PRICE INGEST
2025-12-28 00:40:21,050 | INFO | Executor: LINE (EC-004)
2025-12-28 00:40:21,050 | INFO | Authority: CEO_DIRECTIVE_LINE_DAILY_INGEST_ACTIVATION_20251212
2025-12-28 00:40:21,050 | INFO | Time: 2025-12-27T23:40:21.050845+00:00
2025-12-28 00:40:21,050 | INFO | Asset Class Filter: ALL
2025-12-28 00:40:21,050 | INFO | Dry Run: False
2025-12-28 00:40:21,050 | INFO | ======================================================================
2025-12-28 00:40:21,485 | INFO | Found 490 VEGA-attested assets
2025-12-28 00:40:21,486 | INFO | 
============================================================
2025-12-28 00:40:21,486 | INFO | Processing CRYPTO: 46 assets
2025-12-28 00:40:21,486 | INFO | Schedule: Daily 01:00 UTC
2025-12-28 00:40:21,486 | INFO | ============================================================
2025-12-28 00:40:21,486 | INFO | 
  Batch 1/2 (25 assets)
2025-12-28 00:40:24,190 | WARNING |   [ADA-USD] Fetch error: Too Many Requests. Rate limited. Try after a while.
2025-12-28 00:40:28,384 | WARNING |   [ALGO-USD] Fetch error: Too Many Requests. Rate limited. Try after a while.
2025-12-28 00:40:32,575 | WARNING |   [ATOM-USD] Fetch error: Too Many Requests. Rate limited. Try after a while.
2025-12-28 00:40:36,686 | WARNING |   [AVAX-USD] Fetch error: Too Many Requests. Rate limited. Try after a while.
2025-12-28 00:40:40,882 | WARNING |   [AXS-USD] Fetch error: Too Many Requests. Rate limited. Try after a while.
2025-12-28 00:40:44,842 | WARNING |   [BCH-USD] Fetch error: Too Many Requests. Rate limited. Try after a while.
2025-12-28 00:40:48,963 | WARNING |   [BNB-USD] Fetch error: Too Many Requests. Rate limited. Try after a while.
2025-12-28 00:40:53,178 | WARNING |   [BTC-USD] Fetch error: Too Many Requests. Rate limited. Try after a while.
2025-12-28 00:40:56,936 | WARNING |   [CHZ-USD] Fetch error: Too Many Requests. Rate limited. Try after a while.
2025-12-28 00:41:01,211 | WARNING |   [CRO-USD] Fetch error: Too Many Requests. Rate limited. Try after a while.
2025-12-28 00:41:05,228 | WARNING |   [CRV-USD] Fetch error: Too Many Requests. Rate limited. Try after a while.
2025-12-28 00:41:09,212 | WARNING |   [DOGE-USD] Fetch error: Too Many Requests. Rate limited. Try after a while.
2025-12-28 00:41:13,378 | WARNING |   [DOT-USD] Fetch error: Too Many Requests. Rate limited. Try after a while.
2025-12-28 00:41:17,821 | WARNING |   [EOS-USD] Fetch error: Too Many Requests. Rate limited. Try after a while.
2025-12-28 00:41:21,950 | WARNING |   [ETC-USD] Fetch error: Too Many Requests. Rate limited. Try after a while.
2025-12-28 00:41:26,265 | WARNING |   [ETH-USD] Fetch error: Too Many Requests. Rate limited. Try after a while.
2025-12-28 00:41:30,545 | WARNING |   [FIL-USD] Fetch error: Too Many Requests. Rate limited. Try after a while.
2025-12-28 00:41:34,459 | WARNING |   [FLOW-USD] Fetch error: Too Many Requests. Rate limited. Try after a while.
2025-12-28 00:41:38,447 | WARNING |   [GRT-USD] Fetch error: Too Many Requests. Rate limited. Try after a while.
2025-12-28 00:41:42,455 | WARNING |   [HBAR-USD] Fetch error: Too Many Requests. Rate limited. Try after a while.
2025-12-28 00:41:46,613 | WARNING |   [ICP-USD] Fetch error: Too Many Requests. Rate limited. Try after a while.
2025-12-28 00:41:50,491 | WARNING |   [INJ-USD] Fetch error: Too Many Requests. Rate limited. Try after a while.
2025-12-28 00:41:54,926 | WARNING |   [LDO-USD] Fetch error: Too Many Requests. Rate limited. Try after a while.
2025-12-28 00:41:58,923 | WARNING |   [LINK-USD] Fetch error: Too Many Requests. Rate limited. Try after a while.
2025-12-28 00:42:03,155 | WARNING |   [LTC-USD] Fetch error: Too Many Requests. Rate limited. Try after a while.
2025-12-28 00:42:06,157 | INFO |   Batch complete, waiting 60s...
2025-12-28 00:43:06,158 | INFO | 
  Batch 2/2 (21 assets)
2025-12-28 00:43:07,998 | WARNING |   [MANA-USD] Fetch error: Too Many Requests. Rate limited. Try after a while.
2025-12-28 00:43:12,174 | WARNING |   [MKR-USD] Fetch error: Too Many Requests. Rate limited. Try after a while.
2025-12-28 00:43:16,562 | WARNING |   [NEAR-USD] Fetch error: Too Many Requests. Rate limited. Try after a while.
2025-12-28 00:43:20,998 | WARNING |   [OKB-USD] Fetch error: Too Many Requests. Rate limited. Try after a while.
2025-12-28 00:43:24,923 | WARNING |   [QNT-USD] Fetch error: Too Many Requests. Rate limited. Try after a while.
2025-12-28 00:43:29,090 | WARNING |   [RPL-USD] Fetch error: Too Many Requests. Rate limited. Try after a while.
2025-12-28 00:43:33,166 | WARNING |   [RUNE-USD] Fetch error: Too Many Requests. Rate limited. Try after a while.
2025-12-28 00:43:37,084 | WARNING |   [SAND-USD] Fetch error: Too Many Requests. Rate limited. Try after a while.
2025-12-28 00:43:41,248 | WARNING |   [SHIB-USD] Fetch error: Too Many Requests. Rate limited. Try after a while.
2025-12-28 00:43:45,411 | WARNING |   [SNX-USD] Fetch error: Too Many Requests. Rate limited. Try after a while.
2025-12-28 00:43:49,386 | WARNING |   [SOL-USD] Fetch error: Too Many Requests. Rate limited. Try after a while.
2025-12-28 00:43:53,369 | WARNING |   [THETA-USD] Fetch error: Too Many Requests. Rate limited. Try after a while.
2025-12-28 00:43:57,352 | WARNING |   [TRX-USD] Fetch error: Too Many Requests. Rate limited. Try after a while.
2025-12-28 00:44:01,655 | WARNING |   [UNI-USD] Fetch error: Too Many Requests. Rate limited. Try after a while.
2025-12-28 00:44:06,007 | WARNING |   [VET-USD] Fetch error: Too Many Requests. Rate limited. Try after a while.
2025-12-28 00:44:10,324 | WARNING |   [XLM-USD] Fetch error: Too Many Requests. Rate limited. Try after a while.
2025-12-28 00:44:14,224 | WARNING |   [XMR-USD] Fetch error: Too Many Requests. Rate limited. Try after a while.
2025-12-28 00:44:18,157 | WARNING |   [XRP-USD] Fetch error: Too Many Requests. Rate limited. Try after a while.
2025-12-28 00:44:22,158 | WARNING |   [XTZ-USD] Fetch error: Too Many Requests. Rate limited. Try after a while.
2025-12-28 00:44:26,101 | WARNING |   [ZEC-USD] Fetch error: Too Many Requests. Rate limited. Try after a while.
2025-12-28 00:44:30,203 | WARNING |   [AAVE-USD] Fetch error: Too Many Requests. Rate limited. Try after a while.
2025-12-28 00:44:33,205 | INFO | 
============================================================
2025-12-28 00:44:33,206 | INFO | Processing EQUITY: 420 assets
2025-12-28 00:44:33,206 | INFO | Schedule: Weekdays 22:00 UTC
2025-12-28 00:44:33,206 | INFO | ============================================================
2025-12-28 00:44:33,206 | INFO |   Market closed for EQUITY today, skipping
2025-12-28 00:44:33,211 | INFO | 
============================================================
2025-12-28 00:44:33,212 | INFO | Processing FX: 24 assets
2025-12-28 00:44:33,213 | INFO | Schedule: Sun-Thu 22:00 UTC
2025-12-28 00:44:33,214 | INFO | ============================================================
2025-12-28 00:44:33,214 | INFO |   Market closed for FX today, skipping
2025-12-28 00:44:33,220 | WARNING | Heartbeat recording failed: relation "fhq_monitoring.system_heartbeats" does not exist
LINE 2:                 INSERT INTO fhq_monitoring.system_heartbeats...
                                    ^

2025-12-28 00:44:33,227 | INFO | 
======================================================================
2025-12-28 00:44:33,228 | INFO | DAILY INGEST COMPLETE
2025-12-28 00:44:33,229 | INFO | ======================================================================
2025-12-28 00:44:33,230 | INFO | Assets Processed: 46
2025-12-28 00:44:33,231 | INFO | Assets Updated:   0
2025-12-28 00:44:33,231 | INFO | Rows Inserted:    0
2025-12-28 00:44:33,232 | INFO |   CRYPTO: 0 assets, 0 rows
2025-12-28 00:44:33,233 | INFO | Evidence: C:\fhq-market-system\vision-ios\03_FUNCTIONS\evidence\IOS001_DAILY_INGEST_a509028e_20251228_004433.json
2025-12-28 00:44:33,233 | INFO | ======================================================================
