2026-01-22 01:01:27,864 | INFO | ======================================================================
2026-01-22 01:01:27,864 | INFO | IoS-001 DAILY PRICE INGEST
2026-01-22 01:01:27,864 | INFO | Executor: LINE (EC-004)
2026-01-22 01:01:27,864 | INFO | Authority: CEO_DIRECTIVE_LINE_DAILY_INGEST_ACTIVATION_20251212
2026-01-22 01:01:27,864 | INFO | Time: 2026-01-22T00:01:27.864243+00:00
2026-01-22 01:01:27,864 | INFO | Asset Class Filter: ALL
2026-01-22 01:01:27,864 | INFO | Dry Run: False
2026-01-22 01:01:27,864 | INFO | ======================================================================
2026-01-22 01:01:28,154 | INFO | Found 491 VEGA-attested assets
2026-01-22 01:01:28,154 | INFO | 
============================================================
2026-01-22 01:01:28,154 | INFO | Processing CRYPTO: 46 assets
2026-01-22 01:01:28,154 | INFO | Schedule: Daily 01:00 UTC
2026-01-22 01:01:28,154 | INFO | ============================================================
2026-01-22 01:01:28,154 | INFO | 
  Batch 1/2 (25 assets)
2026-01-22 01:01:31,347 | WARNING |   [ADA-USD] Fetch error: Too Many Requests. Rate limited. Try after a while.
2026-01-22 01:01:35,530 | WARNING |   [ALGO-USD] Fetch error: Too Many Requests. Rate limited. Try after a while.
2026-01-22 01:01:39,585 | WARNING |   [ATOM-USD] Fetch error: Too Many Requests. Rate limited. Try after a while.
2026-01-22 01:01:43,850 | WARNING |   [AVAX-USD] Fetch error: Too Many Requests. Rate limited. Try after a while.
2026-01-22 01:01:47,843 | WARNING |   [AXS-USD] Fetch error: Too Many Requests. Rate limited. Try after a while.
2026-01-22 01:01:52,678 | WARNING |   [BCH-USD] Fetch error: Too Many Requests. Rate limited. Try after a while.
2026-01-22 01:01:56,727 | WARNING |   [BNB-USD] Fetch error: Too Many Requests. Rate limited. Try after a while.
2026-01-22 01:02:01,131 | WARNING |   [BTC-USD] Fetch error: Too Many Requests. Rate limited. Try after a while.
2026-01-22 01:02:05,267 | WARNING |   [CHZ-USD] Fetch error: Too Many Requests. Rate limited. Try after a while.
2026-01-22 01:02:09,350 | WARNING |   [CRO-USD] Fetch error: Too Many Requests. Rate limited. Try after a while.
2026-01-22 01:02:13,240 | WARNING |   [CRV-USD] Fetch error: Too Many Requests. Rate limited. Try after a while.
2026-01-22 01:02:17,336 | WARNING |   [DOGE-USD] Fetch error: Too Many Requests. Rate limited. Try after a while.
2026-01-22 01:02:21,628 | WARNING |   [DOT-USD] Fetch error: Too Many Requests. Rate limited. Try after a while.
2026-01-22 01:02:26,188 | WARNING |   [EOS-USD] Fetch error: Too Many Requests. Rate limited. Try after a while.
2026-01-22 01:02:30,703 | WARNING |   [ETC-USD] Fetch error: Too Many Requests. Rate limited. Try after a while.
2026-01-22 01:02:34,589 | WARNING |   [ETH-USD] Fetch error: Too Many Requests. Rate limited. Try after a while.
2026-01-22 01:02:38,894 | WARNING |   [FIL-USD] Fetch error: Too Many Requests. Rate limited. Try after a while.
2026-01-22 01:02:42,832 | WARNING |   [FLOW-USD] Fetch error: Too Many Requests. Rate limited. Try after a while.
2026-01-22 01:02:47,487 | WARNING |   [GRT-USD] Fetch error: Too Many Requests. Rate limited. Try after a while.
2026-01-22 01:02:52,035 | WARNING |   [HBAR-USD] Fetch error: Too Many Requests. Rate limited. Try after a while.
2026-01-22 01:02:56,371 | WARNING |   [ICP-USD] Fetch error: Too Many Requests. Rate limited. Try after a while.
2026-01-22 01:03:00,720 | WARNING |   [INJ-USD] Fetch error: Too Many Requests. Rate limited. Try after a while.
2026-01-22 01:03:05,339 | WARNING |   [LDO-USD] Fetch error: Too Many Requests. Rate limited. Try after a while.
2026-01-22 01:03:09,756 | WARNING |   [LINK-USD] Fetch error: Too Many Requests. Rate limited. Try after a while.
2026-01-22 01:03:13,915 | WARNING |   [LTC-USD] Fetch error: Too Many Requests. Rate limited. Try after a while.
2026-01-22 01:03:16,916 | INFO |   Batch complete, waiting 60s...
2026-01-22 01:04:16,919 | INFO | 
  Batch 2/2 (21 assets)
2026-01-22 01:04:19,455 | WARNING |   [MANA-USD] Fetch error: Too Many Requests. Rate limited. Try after a while.
2026-01-22 01:04:23,285 | WARNING |   [MKR-USD] Fetch error: Too Many Requests. Rate limited. Try after a while.
2026-01-22 01:04:27,390 | WARNING |   [NEAR-USD] Fetch error: Too Many Requests. Rate limited. Try after a while.
2026-01-22 01:04:31,778 | WARNING |   [OKB-USD] Fetch error: Too Many Requests. Rate limited. Try after a while.
2026-01-22 01:04:35,846 | WARNING |   [QNT-USD] Fetch error: Too Many Requests. Rate limited. Try after a while.
2026-01-22 01:04:40,013 | WARNING |   [RPL-USD] Fetch error: Too Many Requests. Rate limited. Try after a while.
2026-01-22 01:04:44,159 | WARNING |   [RUNE-USD] Fetch error: Too Many Requests. Rate limited. Try after a while.
2026-01-22 01:04:48,353 | WARNING |   [SAND-USD] Fetch error: Too Many Requests. Rate limited. Try after a while.
2026-01-22 01:04:52,137 | WARNING |   [SHIB-USD] Fetch error: Too Many Requests. Rate limited. Try after a while.
2026-01-22 01:04:56,202 | WARNING |   [SNX-USD] Fetch error: Too Many Requests. Rate limited. Try after a while.
2026-01-22 01:05:00,538 | WARNING |   [SOL-USD] Fetch error: Too Many Requests. Rate limited. Try after a while.
2026-01-22 01:05:04,651 | WARNING |   [THETA-USD] Fetch error: Too Many Requests. Rate limited. Try after a while.
2026-01-22 01:05:08,868 | WARNING |   [TRX-USD] Fetch error: Too Many Requests. Rate limited. Try after a while.
2026-01-22 01:05:13,122 | WARNING |   [UNI-USD] Fetch error: Too Many Requests. Rate limited. Try after a while.
2026-01-22 01:05:17,340 | WARNING |   [VET-USD] Fetch error: Too Many Requests. Rate limited. Try after a while.
2026-01-22 01:05:21,999 | WARNING |   [XLM-USD] Fetch error: Too Many Requests. Rate limited. Try after a while.
2026-01-22 01:05:26,471 | WARNING |   [XMR-USD] Fetch error: Too Many Requests. Rate limited. Try after a while.
2026-01-22 01:05:31,378 | WARNING |   [XRP-USD] Fetch error: Too Many Requests. Rate limited. Try after a while.
2026-01-22 01:05:35,664 | WARNING |   [XTZ-USD] Fetch error: Too Many Requests. Rate limited. Try after a while.
2026-01-22 01:05:39,322 | WARNING |   [ZEC-USD] Fetch error: Too Many Requests. Rate limited. Try after a while.
2026-01-22 01:05:43,627 | WARNING |   [AAVE-USD] Fetch error: Too Many Requests. Rate limited. Try after a while.
2026-01-22 01:05:46,634 | INFO | 
============================================================
2026-01-22 01:05:46,634 | INFO | Processing EQUITY: 421 assets
2026-01-22 01:05:46,634 | INFO | Schedule: Weekdays 22:00 UTC
2026-01-22 01:05:46,634 | INFO | ============================================================
2026-01-22 01:05:46,634 | INFO | 
  Batch 1/17 (25 assets)
2026-01-22 01:05:48,267 | WARNING |   [1COV.DE] Fetch error: Too Many Requests. Rate limited. Try after a while.
2026-01-22 01:05:52,456 | WARNING |   [ABBV] Fetch error: Too Many Requests. Rate limited. Try after a while.
2026-01-22 01:05:56,760 | WARNING |   [ABNB] Fetch error: Too Many Requests. Rate limited. Try after a while.
2026-01-22 01:06:01,300 | WARNING |   [ABT] Fetch error: Too Many Requests. Rate limited. Try after a while.
2026-01-22 01:06:05,356 | WARNING |   [ACA.PA] Fetch error: Too Many Requests. Rate limited. Try after a while.
2026-01-22 01:06:09,697 | WARNING |   [ADBE] Fetch error: Too Many Requests. Rate limited. Try after a while.
2026-01-22 01:06:13,980 | WARNING |   [ADI] Fetch error: Too Many Requests. Rate limited. Try after a while.
2026-01-22 01:06:18,431 | WARNING |   [ADS.DE] Fetch error: Too Many Requests. Rate limited. Try after a while.
2026-01-22 01:06:22,541 | WARNING |   [ADSK] Fetch error: Too Many Requests. Rate limited. Try after a while.
