2026-02-08 04:13:01,583 | INFO | ======================================================================
2026-02-08 04:13:01,583 | INFO | IoS-001 DAILY PRICE INGEST
2026-02-08 04:13:01,583 | INFO | Executor: LINE (EC-004)
2026-02-08 04:13:01,583 | INFO | Authority: CEO_DIRECTIVE_LINE_DAILY_INGEST_ACTIVATION_20251212
2026-02-08 04:13:01,583 | INFO | Amendment: CEO-DIR-2026-119 (Rate Limit Mitigation)
2026-02-08 04:13:01,583 | INFO | Time: 2026-02-08T03:13:01.583603+00:00
2026-02-08 04:13:01,583 | INFO | Asset Class Filter: ALL
2026-02-08 04:13:01,583 | INFO | Batch Mode: True
2026-02-08 04:13:01,583 | INFO | Dry Run: False
2026-02-08 04:13:01,583 | INFO | ======================================================================
2026-02-08 04:13:01,850 | INFO | Found 491 VEGA-attested assets
2026-02-08 04:13:01,850 | INFO | 
============================================================
2026-02-08 04:13:01,850 | INFO | Processing CRYPTO: 46 assets
2026-02-08 04:13:01,850 | INFO | Schedule: Daily 01:00 UTC
2026-02-08 04:13:01,850 | INFO | ============================================================
2026-02-08 04:13:01,850 | INFO |   Using BATCH MODE (CEO-DIR-2026-119)
2026-02-08 04:13:01,850 | INFO | 
  Batch 1/5 (10 tickers)
2026-02-08 04:13:01,860 | INFO |     All assets up to date
2026-02-08 04:13:01,860 | INFO | 
  Batch 2/5 (10 tickers)
2026-02-08 04:13:01,870 | INFO |     Batch download: 1 tickers
2026-02-08 04:13:05,050 | ERROR | 
1 Failed download:
2026-02-08 04:13:05,050 | ERROR | ['GRT-USD']: YFRateLimitError('Too Many Requests. Rate limited. Try after a while.')
2026-02-08 04:13:05,057 | INFO |   Batch complete, waiting 120s...
2026-02-08 04:15:05,063 | INFO | 
  Batch 3/5 (10 tickers)
2026-02-08 04:15:05,109 | INFO |     All assets up to date
2026-02-08 04:15:05,109 | INFO | 
  Batch 4/5 (10 tickers)
2026-02-08 04:15:05,161 | INFO |     Batch download: 1 tickers
2026-02-08 04:15:07,935 | ERROR | 
1 Failed download:
2026-02-08 04:15:07,935 | ERROR | ['UNI-USD']: YFRateLimitError('Too Many Requests. Rate limited. Try after a while.')
2026-02-08 04:15:07,945 | INFO |   Batch complete, waiting 120s...
2026-02-08 04:17:07,947 | INFO | 
  Batch 5/5 (6 tickers)
2026-02-08 04:17:07,990 | INFO |     All assets up to date
2026-02-08 04:17:07,990 | INFO | 
============================================================
2026-02-08 04:17:07,990 | INFO | Processing EQUITY: 421 assets
2026-02-08 04:17:07,990 | INFO | Schedule: Weekdays 22:00 UTC
2026-02-08 04:17:07,990 | INFO | ============================================================
2026-02-08 04:17:07,990 | INFO |   Market closed for EQUITY today, skipping
2026-02-08 04:17:07,990 | INFO | 
============================================================
2026-02-08 04:17:07,990 | INFO | Processing FX: 24 assets
2026-02-08 04:17:07,990 | INFO | Schedule: Sun-Thu 22:00 UTC
2026-02-08 04:17:08,000 | INFO | ============================================================
2026-02-08 04:17:08,001 | INFO |   Using BATCH MODE (CEO-DIR-2026-119)
2026-02-08 04:17:08,001 | INFO | 
  Batch 1/3 (10 tickers)
2026-02-08 04:17:08,031 | INFO |     Batch download: 10 tickers
2026-02-08 04:17:19,851 | ERROR | 
10 Failed downloads:
2026-02-08 04:17:19,851 | ERROR | ['EURGBP=X', 'EURCHF=X', 'EURSEK=X', 'AUDJPY=X', 'EURNOK=X', 'EURAUD=X', 'CHFJPY=X', 'EURJPY=X', 'AUDUSD=X', 'CADJPY=X']: YFRateLimitError('Too Many Requests. Rate limited. Try after a while.')
2026-02-08 04:17:19,862 | INFO |   Batch complete, waiting 120s...
