2025-12-29 12:50:25,892 | INFO | ======================================================================
2025-12-29 12:50:25,902 | INFO | IoS-001 DAILY PRICE INGEST
2025-12-29 12:50:25,902 | INFO | Executor: LINE (EC-004)
2025-12-29 12:50:25,902 | INFO | Authority: CEO_DIRECTIVE_LINE_DAILY_INGEST_ACTIVATION_20251212
2025-12-29 12:50:25,902 | INFO | Time: 2025-12-29T11:50:25.902851+00:00
2025-12-29 12:50:25,903 | INFO | Asset Class Filter: ALL
2025-12-29 12:50:25,903 | INFO | Dry Run: False
2025-12-29 12:50:25,903 | INFO | ======================================================================
2025-12-29 12:50:26,255 | INFO | Found 490 VEGA-attested assets
2025-12-29 12:50:26,255 | INFO | 
============================================================
2025-12-29 12:50:26,255 | INFO | Processing CRYPTO: 46 assets
2025-12-29 12:50:26,255 | INFO | Schedule: Daily 01:00 UTC
2025-12-29 12:50:26,255 | INFO | ============================================================
2025-12-29 12:50:26,260 | INFO | 
  Batch 1/2 (25 assets)
2025-12-29 12:50:26,300 | INFO |   Batch complete, waiting 60s...
2025-12-29 12:51:26,301 | INFO | 
  Batch 2/2 (21 assets)
2025-12-29 12:51:26,337 | INFO | 
============================================================
2025-12-29 12:51:26,337 | INFO | Processing EQUITY: 420 assets
2025-12-29 12:51:26,337 | INFO | Schedule: Weekdays 22:00 UTC
2025-12-29 12:51:26,337 | INFO | ============================================================
2025-12-29 12:51:26,337 | INFO | 
  Batch 1/17 (25 assets)
2025-12-29 12:51:29,469 | WARNING |   [1COV.DE] Fetch error: Too Many Requests. Rate limited. Try after a while.
2025-12-29 12:51:33,311 | WARNING |   [ABBV] Fetch error: Too Many Requests. Rate limited. Try after a while.
2025-12-29 12:51:37,220 | WARNING |   [ABNB] Fetch error: Too Many Requests. Rate limited. Try after a while.
2025-12-29 12:51:41,728 | WARNING |   [ABT] Fetch error: Too Many Requests. Rate limited. Try after a while.
2025-12-29 12:51:46,155 | WARNING |   [ADBE] Fetch error: Too Many Requests. Rate limited. Try after a while.
2025-12-29 12:51:50,431 | WARNING |   [ADI] Fetch error: Too Many Requests. Rate limited. Try after a while.
2025-12-29 12:51:54,480 | WARNING |   [ADSK] Fetch error: Too Many Requests. Rate limited. Try after a while.
2025-12-29 12:51:58,632 | WARNING |   [AEP] Fetch error: Too Many Requests. Rate limited. Try after a while.
2025-12-29 12:52:02,714 | WARNING |   [AFL] Fetch error: Too Many Requests. Rate limited. Try after a while.
2025-12-29 12:52:06,944 | WARNING |   [AIG] Fetch error: Too Many Requests. Rate limited. Try after a while.
2025-12-29 12:52:11,206 | WARNING |   [AKAM] Fetch error: Too Many Requests. Rate limited. Try after a while.
2025-12-29 12:52:15,276 | WARNING |   [ALB] Fetch error: Too Many Requests. Rate limited. Try after a while.
2025-12-29 12:52:19,702 | WARNING |   [ALL] Fetch error: Too Many Requests. Rate limited. Try after a while.
2025-12-29 12:52:23,663 | WARNING |   [AMAT] Fetch error: Too Many Requests. Rate limited. Try after a while.
2025-12-29 12:52:26,668 | INFO |   Batch complete, waiting 60s...
2025-12-29 12:53:26,669 | INFO | 
  Batch 2/17 (25 assets)
2025-12-29 12:53:28,988 | WARNING |   [AMD] Fetch error: Too Many Requests. Rate limited. Try after a while.
2025-12-29 12:53:33,316 | WARNING |   [AMGN] Fetch error: Too Many Requests. Rate limited. Try after a while.
2025-12-29 12:53:37,085 | WARNING |   [AMT] Fetch error: Too Many Requests. Rate limited. Try after a while.
2025-12-29 12:53:41,121 | WARNING |   [AMZN] Fetch error: Too Many Requests. Rate limited. Try after a while.
2025-12-29 12:53:45,293 | WARNING |   [AON] Fetch error: Too Many Requests. Rate limited. Try after a while.
2025-12-29 12:53:49,453 | WARNING |   [APD] Fetch error: Too Many Requests. Rate limited. Try after a while.
2025-12-29 12:53:53,639 | WARNING |   [ASML] Fetch error: Too Many Requests. Rate limited. Try after a while.
2025-12-29 12:53:57,932 | WARNING |   [AVB] Fetch error: Too Many Requests. Rate limited. Try after a while.
2025-12-29 12:54:02,067 | WARNING |   [AVGO] Fetch error: Too Many Requests. Rate limited. Try after a while.
2025-12-29 12:54:06,151 | WARNING |   [AWK] Fetch error: Too Many Requests. Rate limited. Try after a while.
2025-12-29 12:54:10,427 | WARNING |   [AXP] Fetch error: Too Many Requests. Rate limited. Try after a while.
2025-12-29 12:54:14,707 | WARNING |   [AZO] Fetch error: Too Many Requests. Rate limited. Try after a while.
2025-12-29 12:54:18,441 | WARNING |   [BA] Fetch error: Too Many Requests. Rate limited. Try after a while.
2025-12-29 12:54:22,696 | WARNING |   [BAC] Fetch error: Too Many Requests. Rate limited. Try after a while.
2025-12-29 12:54:25,708 | INFO |   Batch complete, waiting 60s...
