2026-01-25 12:58:45,868 | INFO | ======================================================================
2026-01-25 12:58:45,869 | INFO | IoS-001 DAILY PRICE INGEST
2026-01-25 12:58:45,869 | INFO | Executor: LINE (EC-004)
2026-01-25 12:58:45,869 | INFO | Authority: CEO_DIRECTIVE_LINE_DAILY_INGEST_ACTIVATION_20251212
2026-01-25 12:58:45,870 | INFO | Time: 2026-01-25T11:58:45.870161+00:00
2026-01-25 12:58:45,871 | INFO | Asset Class Filter: ALL
2026-01-25 12:58:45,871 | INFO | Dry Run: False
2026-01-25 12:58:45,872 | INFO | ======================================================================
2026-01-25 12:58:46,354 | INFO | Found 491 VEGA-attested assets
2026-01-25 12:58:46,354 | INFO | 
============================================================
2026-01-25 12:58:46,354 | INFO | Processing CRYPTO: 46 assets
2026-01-25 12:58:46,354 | INFO | Schedule: Daily 01:00 UTC
2026-01-25 12:58:46,354 | INFO | ============================================================
2026-01-25 12:58:46,354 | INFO | 
  Batch 1/2 (25 assets)
2026-01-25 12:58:50,868 | WARNING |   [GRT-USD] Fetch error: Too Many Requests. Rate limited. Try after a while.
2026-01-25 12:58:53,878 | INFO |   Batch complete, waiting 60s...
2026-01-25 12:59:53,883 | INFO | 
  Batch 2/2 (21 assets)
2026-01-25 12:59:56,624 | WARNING |   [UNI-USD] Fetch error: Too Many Requests. Rate limited. Try after a while.
2026-01-25 12:59:59,660 | INFO | 
============================================================
2026-01-25 12:59:59,660 | INFO | Processing EQUITY: 421 assets
2026-01-25 12:59:59,660 | INFO | Schedule: Weekdays 22:00 UTC
2026-01-25 12:59:59,660 | INFO | ============================================================
2026-01-25 12:59:59,660 | INFO |   Market closed for EQUITY today, skipping
2026-01-25 12:59:59,660 | INFO | 
============================================================
2026-01-25 12:59:59,660 | INFO | Processing FX: 24 assets
2026-01-25 12:59:59,660 | INFO | Schedule: Sun-Thu 22:00 UTC
2026-01-25 12:59:59,660 | INFO | ============================================================
2026-01-25 12:59:59,660 | INFO | 
  Batch 1/1 (24 assets)
2026-01-25 13:00:06,129 | WARNING |   [AUDJPY=X] Fetch error: Too Many Requests. Rate limited. Try after a while.
2026-01-25 13:00:10,584 | WARNING |   [CADJPY=X] Fetch error: Too Many Requests. Rate limited. Try after a while.
2026-01-25 13:00:14,702 | WARNING |   [CHFJPY=X] Fetch error: Too Many Requests. Rate limited. Try after a while.
2026-01-25 13:00:18,764 | WARNING |   [EURAUD=X] Fetch error: Too Many Requests. Rate limited. Try after a while.
2026-01-25 13:00:23,170 | WARNING |   [EURCHF=X] Fetch error: Too Many Requests. Rate limited. Try after a while.
2026-01-25 13:00:27,256 | WARNING |   [EURGBP=X] Fetch error: Too Many Requests. Rate limited. Try after a while.
2026-01-25 13:00:31,543 | WARNING |   [EURJPY=X] Fetch error: Too Many Requests. Rate limited. Try after a while.
2026-01-25 13:00:35,782 | WARNING |   [EURNOK=X] Fetch error: Too Many Requests. Rate limited. Try after a while.
2026-01-25 13:00:39,501 | WARNING |   [EURSEK=X] Fetch error: Too Many Requests. Rate limited. Try after a while.
2026-01-25 13:00:43,370 | WARNING |   [EURUSD=X] Fetch error: Too Many Requests. Rate limited. Try after a while.
2026-01-25 13:00:47,489 | WARNING |   [GBPJPY=X] Fetch error: Too Many Requests. Rate limited. Try after a while.
2026-01-25 13:00:51,645 | WARNING |   [GBPUSD=X] Fetch error: Too Many Requests. Rate limited. Try after a while.
2026-01-25 13:00:56,067 | WARNING |   [USDJPY=X] Fetch error: Too Many Requests. Rate limited. Try after a while.
2026-01-25 13:01:00,559 | WARNING |   [USDMXN=X] Fetch error: Too Many Requests. Rate limited. Try after a while.
2026-01-25 13:01:04,872 | WARNING |   [USDNOK=X] Fetch error: Too Many Requests. Rate limited. Try after a while.
2026-01-25 13:01:08,674 | WARNING |   [USDSEK=X] Fetch error: Too Many Requests. Rate limited. Try after a while.
2026-01-25 13:01:12,982 | WARNING |   [USDTRY=X] Fetch error: Too Many Requests. Rate limited. Try after a while.
2026-01-25 13:01:15,987 | WARNING | Heartbeat recording failed: relation "fhq_monitoring.system_heartbeats" does not exist
LINE 2:                 INSERT INTO fhq_monitoring.system_heartbeats...
                                    ^

2026-01-25 13:01:15,997 | INFO | 
======================================================================
2026-01-25 13:01:15,997 | INFO | DAILY INGEST COMPLETE
2026-01-25 13:01:15,997 | INFO | ======================================================================
2026-01-25 13:01:15,997 | INFO | Assets Processed: 70
2026-01-25 13:01:15,997 | INFO | Assets Updated:   0
2026-01-25 13:01:15,997 | INFO | Rows Inserted:    0
2026-01-25 13:01:15,997 | INFO |   CRYPTO: 0 assets, 0 rows
2026-01-25 13:01:15,997 | INFO |   FX: 0 assets, 0 rows
2026-01-25 13:01:15,997 | INFO | Evidence: C:\fhq-market-system\vision-ios\03_FUNCTIONS\evidence\IOS001_DAILY_INGEST_0c5bdc0d_20260125_130115.json
2026-01-25 13:01:15,997 | INFO | ======================================================================
