2026-01-20 18:13:28,870 | INFO | ======================================================================
2026-01-20 18:13:28,870 | INFO | IoS-001 DAILY PRICE INGEST
2026-01-20 18:13:28,870 | INFO | Executor: LINE (EC-004)
2026-01-20 18:13:28,870 | INFO | Authority: CEO_DIRECTIVE_LINE_DAILY_INGEST_ACTIVATION_20251212
2026-01-20 18:13:28,870 | INFO | Time: 2026-01-20T17:13:28.870908+00:00
2026-01-20 18:13:28,870 | INFO | Asset Class Filter: ALL
2026-01-20 18:13:28,870 | INFO | Dry Run: False
2026-01-20 18:13:28,870 | INFO | ======================================================================
2026-01-20 18:13:29,207 | INFO | Found 491 VEGA-attested assets
2026-01-20 18:13:29,207 | INFO | 
============================================================
2026-01-20 18:13:29,207 | INFO | Processing CRYPTO: 46 assets
2026-01-20 18:13:29,207 | INFO | Schedule: Daily 01:00 UTC
2026-01-20 18:13:29,207 | INFO | ============================================================
2026-01-20 18:13:29,207 | INFO | 
  Batch 1/2 (25 assets)
2026-01-20 18:13:29,299 | INFO |   Batch complete, waiting 60s...
2026-01-20 18:14:29,301 | INFO | 
  Batch 2/2 (21 assets)
2026-01-20 18:14:29,372 | INFO | 
============================================================
2026-01-20 18:14:29,372 | INFO | Processing EQUITY: 421 assets
2026-01-20 18:14:29,373 | INFO | Schedule: Weekdays 22:00 UTC
2026-01-20 18:14:29,373 | INFO | ============================================================
2026-01-20 18:14:29,373 | INFO | 
  Batch 1/17 (25 assets)
2026-01-20 18:14:34,089 | WARNING |   [1COV.DE] Fetch error: Too Many Requests. Rate limited. Try after a while.
2026-01-20 18:14:38,568 | WARNING |   [ABBV] Fetch error: Too Many Requests. Rate limited. Try after a while.
2026-01-20 18:14:42,708 | WARNING |   [ABNB] Fetch error: Too Many Requests. Rate limited. Try after a while.
2026-01-20 18:14:47,061 | WARNING |   [ABT] Fetch error: Too Many Requests. Rate limited. Try after a while.
2026-01-20 18:14:51,311 | WARNING |   [ADBE] Fetch error: Too Many Requests. Rate limited. Try after a while.
2026-01-20 18:14:55,297 | WARNING |   [ADI] Fetch error: Too Many Requests. Rate limited. Try after a while.
2026-01-20 18:14:59,628 | WARNING |   [ADSK] Fetch error: Too Many Requests. Rate limited. Try after a while.
2026-01-20 18:15:03,805 | WARNING |   [AEP] Fetch error: Too Many Requests. Rate limited. Try after a while.
2026-01-20 18:15:08,396 | WARNING |   [AFL] Fetch error: Too Many Requests. Rate limited. Try after a while.
2026-01-20 18:15:13,006 | WARNING |   [AIG] Fetch error: Too Many Requests. Rate limited. Try after a while.
2026-01-20 18:15:17,501 | WARNING |   [AKAM] Fetch error: Too Many Requests. Rate limited. Try after a while.
2026-01-20 18:15:22,135 | WARNING |   [ALB] Fetch error: Too Many Requests. Rate limited. Try after a while.
2026-01-20 18:15:26,563 | WARNING |   [ALL] Fetch error: Too Many Requests. Rate limited. Try after a while.
2026-01-20 18:15:31,012 | WARNING |   [AMAT] Fetch error: Too Many Requests. Rate limited. Try after a while.
2026-01-20 18:15:34,012 | INFO |   Batch complete, waiting 60s...
2026-01-20 18:16:34,013 | INFO | 
  Batch 2/17 (25 assets)
2026-01-20 18:16:35,608 | WARNING |   [AMD] Fetch error: Too Many Requests. Rate limited. Try after a while.
2026-01-20 18:16:40,149 | WARNING |   [AMGN] Fetch error: Too Many Requests. Rate limited. Try after a while.
2026-01-20 18:16:44,187 | WARNING |   [AMT] Fetch error: Too Many Requests. Rate limited. Try after a while.
2026-01-20 18:16:48,214 | WARNING |   [AMZN] Fetch error: Too Many Requests. Rate limited. Try after a while.
2026-01-20 18:16:52,270 | WARNING |   [AON] Fetch error: Too Many Requests. Rate limited. Try after a while.
2026-01-20 18:16:56,169 | WARNING |   [APD] Fetch error: Too Many Requests. Rate limited. Try after a while.
2026-01-20 18:17:00,254 | WARNING |   [ASML] Fetch error: Too Many Requests. Rate limited. Try after a while.
2026-01-20 18:17:04,336 | WARNING |   [AVB] Fetch error: Too Many Requests. Rate limited. Try after a while.
2026-01-20 18:17:08,527 | WARNING |   [AVGO] Fetch error: Too Many Requests. Rate limited. Try after a while.
2026-01-20 18:17:13,007 | WARNING |   [AWK] Fetch error: Too Many Requests. Rate limited. Try after a while.
2026-01-20 18:17:16,875 | WARNING |   [AXP] Fetch error: Too Many Requests. Rate limited. Try after a while.
2026-01-20 18:17:21,194 | WARNING |   [AZO] Fetch error: Too Many Requests. Rate limited. Try after a while.
2026-01-20 18:17:25,193 | WARNING |   [BA] Fetch error: Too Many Requests. Rate limited. Try after a while.
2026-01-20 18:17:29,604 | WARNING |   [BAC] Fetch error: Too Many Requests. Rate limited. Try after a while.
2026-01-20 18:17:32,618 | INFO |   Batch complete, waiting 60s...
