2026-02-09 12:05:11,746 | INFO | ======================================================================
2026-02-09 12:05:11,746 | INFO | IoS-001 DAILY PRICE INGEST
2026-02-09 12:05:11,746 | INFO | Executor: LINE (EC-004)
2026-02-09 12:05:11,746 | INFO | Authority: CEO_DIRECTIVE_LINE_DAILY_INGEST_ACTIVATION_20251212
2026-02-09 12:05:11,746 | INFO | Amendment: CEO-DIR-2026-119 (Rate Limit Mitigation)
2026-02-09 12:05:11,746 | INFO | Time: 2026-02-09T11:05:11.746595+00:00
2026-02-09 12:05:11,746 | INFO | Asset Class Filter: ALL
2026-02-09 12:05:11,746 | INFO | Batch Mode: True
2026-02-09 12:05:11,746 | INFO | Dry Run: False
2026-02-09 12:05:11,756 | INFO | ======================================================================
2026-02-09 12:05:12,123 | INFO | Found 491 VEGA-attested assets
2026-02-09 12:05:12,123 | INFO | 
============================================================
2026-02-09 12:05:12,123 | INFO | Processing CRYPTO: 46 assets
2026-02-09 12:05:12,123 | INFO | Schedule: Daily 01:00 UTC
2026-02-09 12:05:12,123 | INFO | ============================================================
2026-02-09 12:05:12,123 | INFO |   Using BATCH MODE (CEO-DIR-2026-119)
2026-02-09 12:05:12,123 | INFO | 
  Batch 1/5 (10 tickers)
2026-02-09 12:05:12,204 | INFO |     All assets up to date
2026-02-09 12:05:12,204 | INFO | 
  Batch 2/5 (10 tickers)
2026-02-09 12:05:12,270 | INFO |     Batch download: 1 tickers
2026-02-09 12:05:15,121 | ERROR | 
1 Failed download:
2026-02-09 12:05:15,121 | ERROR | ['GRT-USD']: YFRateLimitError('Too Many Requests. Rate limited. Try after a while.')
2026-02-09 12:05:15,127 | INFO |   Batch complete, waiting 120s...
2026-02-09 12:07:15,128 | INFO | 
  Batch 3/5 (10 tickers)
2026-02-09 12:07:15,176 | INFO |     All assets up to date
2026-02-09 12:07:15,176 | INFO | 
  Batch 4/5 (10 tickers)
2026-02-09 12:07:15,230 | INFO |     Batch download: 1 tickers
2026-02-09 12:07:18,238 | ERROR | 
1 Failed download:
2026-02-09 12:07:18,238 | ERROR | ['UNI-USD']: YFRateLimitError('Too Many Requests. Rate limited. Try after a while.')
2026-02-09 12:07:18,248 | INFO |   Batch complete, waiting 120s...
2026-02-09 12:09:18,250 | INFO | 
  Batch 5/5 (6 tickers)
2026-02-09 12:09:18,278 | INFO |     All assets up to date
2026-02-09 12:09:18,278 | INFO | 
============================================================
2026-02-09 12:09:18,278 | INFO | Processing EQUITY: 421 assets
2026-02-09 12:09:18,278 | INFO | Schedule: Weekdays 22:00 UTC
2026-02-09 12:09:18,278 | INFO | ============================================================
2026-02-09 12:09:18,278 | INFO |   Using BATCH MODE (CEO-DIR-2026-119)
2026-02-09 12:09:18,278 | INFO | 
  Batch 1/43 (10 tickers)
2026-02-09 12:09:18,309 | INFO |     Batch download: 8 tickers
2026-02-09 12:09:29,012 | ERROR | 
8 Failed downloads:
2026-02-09 12:09:29,012 | ERROR | ['ABT', 'ADSK', 'ABNB', '1COV.DE', 'ADBE', 'ADI', 'ABBV', 'AEP']: YFRateLimitError('Too Many Requests. Rate limited. Try after a while.')
2026-02-09 12:09:29,023 | INFO |   Batch complete, waiting 120s...
