2026-01-28 09:54:30,352 | INFO | ======================================================================
2026-01-28 09:54:30,352 | INFO | IoS-001 DAILY PRICE INGEST
2026-01-28 09:54:30,353 | INFO | Executor: LINE (EC-004)
2026-01-28 09:54:30,353 | INFO | Authority: CEO_DIRECTIVE_LINE_DAILY_INGEST_ACTIVATION_20251212
2026-01-28 09:54:30,353 | INFO | Time: 2026-01-28T08:54:30.353194+00:00
2026-01-28 09:54:30,353 | INFO | Asset Class Filter: ALL
2026-01-28 09:54:30,353 | INFO | Dry Run: False
2026-01-28 09:54:30,353 | INFO | ======================================================================
2026-01-28 09:54:30,753 | INFO | Found 491 VEGA-attested assets
2026-01-28 09:54:30,753 | INFO | 
============================================================
2026-01-28 09:54:30,753 | INFO | Processing CRYPTO: 46 assets
2026-01-28 09:54:30,753 | INFO | Schedule: Daily 01:00 UTC
2026-01-28 09:54:30,753 | INFO | ============================================================
2026-01-28 09:54:30,753 | INFO | 
  Batch 1/2 (25 assets)
2026-01-28 09:54:33,774 | WARNING |   [GRT-USD] Fetch error: Too Many Requests. Rate limited. Try after a while.
2026-01-28 09:54:36,822 | INFO |   Batch complete, waiting 60s...
2026-01-28 09:55:36,825 | INFO | 
  Batch 2/2 (21 assets)
2026-01-28 09:55:38,428 | WARNING |   [UNI-USD] Fetch error: Too Many Requests. Rate limited. Try after a while.
2026-01-28 09:55:41,453 | INFO | 
============================================================
2026-01-28 09:55:41,453 | INFO | Processing EQUITY: 421 assets
2026-01-28 09:55:41,453 | INFO | Schedule: Weekdays 22:00 UTC
2026-01-28 09:55:41,453 | INFO | ============================================================
2026-01-28 09:55:41,453 | INFO | 
  Batch 1/17 (25 assets)
2026-01-28 09:55:42,950 | WARNING |   [1COV.DE] Fetch error: Too Many Requests. Rate limited. Try after a while.
2026-01-28 09:55:47,035 | WARNING |   [ABBV] Fetch error: Too Many Requests. Rate limited. Try after a while.
2026-01-28 09:55:51,229 | WARNING |   [ABNB] Fetch error: Too Many Requests. Rate limited. Try after a while.
2026-01-28 09:55:55,218 | WARNING |   [ABT] Fetch error: Too Many Requests. Rate limited. Try after a while.
2026-01-28 09:55:59,082 | WARNING |   [ADBE] Fetch error: Too Many Requests. Rate limited. Try after a while.
2026-01-28 09:56:03,126 | WARNING |   [ADI] Fetch error: Too Many Requests. Rate limited. Try after a while.
2026-01-28 09:56:07,531 | WARNING |   [ADSK] Fetch error: Too Many Requests. Rate limited. Try after a while.
2026-01-28 09:56:11,912 | WARNING |   [AEP] Fetch error: Too Many Requests. Rate limited. Try after a while.
2026-01-28 09:56:15,811 | WARNING |   [AFL] Fetch error: Too Many Requests. Rate limited. Try after a while.
2026-01-28 09:56:20,006 | WARNING |   [AIG] Fetch error: Too Many Requests. Rate limited. Try after a while.
2026-01-28 09:56:24,018 | WARNING |   [AKAM] Fetch error: Too Many Requests. Rate limited. Try after a while.
2026-01-28 09:56:28,188 | WARNING |   [ALB] Fetch error: Too Many Requests. Rate limited. Try after a while.
2026-01-28 09:56:32,578 | WARNING |   [ALL] Fetch error: Too Many Requests. Rate limited. Try after a while.
2026-01-28 09:56:36,582 | WARNING |   [AMAT] Fetch error: Too Many Requests. Rate limited. Try after a while.
2026-01-28 09:56:39,587 | INFO |   Batch complete, waiting 60s...
2026-01-28 09:57:39,589 | INFO | 
  Batch 2/17 (25 assets)
2026-01-28 09:57:41,081 | WARNING |   [AMD] Fetch error: Too Many Requests. Rate limited. Try after a while.
2026-01-28 09:57:45,039 | WARNING |   [AMGN] Fetch error: Too Many Requests. Rate limited. Try after a while.
2026-01-28 09:57:49,278 | WARNING |   [AMT] Fetch error: Too Many Requests. Rate limited. Try after a while.
2026-01-28 09:57:53,475 | WARNING |   [AMZN] Fetch error: Too Many Requests. Rate limited. Try after a while.
2026-01-28 09:57:57,879 | WARNING |   [AON] Fetch error: Too Many Requests. Rate limited. Try after a while.
2026-01-28 09:58:01,914 | WARNING |   [APD] Fetch error: Too Many Requests. Rate limited. Try after a while.
2026-01-28 09:58:05,992 | WARNING |   [ASML] Fetch error: Too Many Requests. Rate limited. Try after a while.
2026-01-28 09:58:10,123 | WARNING |   [AVB] Fetch error: Too Many Requests. Rate limited. Try after a while.
2026-01-28 09:58:14,220 | WARNING |   [AVGO] Fetch error: Too Many Requests. Rate limited. Try after a while.
2026-01-28 09:58:18,266 | WARNING |   [AWK] Fetch error: Too Many Requests. Rate limited. Try after a while.
2026-01-28 09:58:22,265 | WARNING |   [AXP] Fetch error: Too Many Requests. Rate limited. Try after a while.
2026-01-28 09:58:26,447 | WARNING |   [AZO] Fetch error: Too Many Requests. Rate limited. Try after a while.
2026-01-28 09:58:30,668 | WARNING |   [BA] Fetch error: Too Many Requests. Rate limited. Try after a while.
2026-01-28 09:58:34,984 | WARNING |   [BAC] Fetch error: Too Many Requests. Rate limited. Try after a while.
2026-01-28 09:58:38,006 | INFO |   Batch complete, waiting 60s...
