2026-02-10 13:55:15,545 | INFO | ======================================================================
2026-02-10 13:55:15,555 | INFO | IoS-001 DAILY PRICE INGEST
2026-02-10 13:55:15,555 | INFO | Executor: LINE (EC-004)
2026-02-10 13:55:15,555 | INFO | Authority: CEO_DIRECTIVE_LINE_DAILY_INGEST_ACTIVATION_20251212
2026-02-10 13:55:15,555 | INFO | Amendment: CEO-DIR-2026-119 (Rate Limit Mitigation)
2026-02-10 13:55:15,555 | INFO | Time: 2026-02-10T12:55:15.555178+00:00
2026-02-10 13:55:15,555 | INFO | Asset Class Filter: ALL
2026-02-10 13:55:15,555 | INFO | Batch Mode: True
2026-02-10 13:55:15,555 | INFO | Dry Run: False
2026-02-10 13:55:15,555 | INFO | ======================================================================
2026-02-10 13:55:15,827 | INFO | Found 491 VEGA-attested assets
2026-02-10 13:55:15,827 | INFO | 
============================================================
2026-02-10 13:55:15,827 | INFO | Processing CRYPTO: 46 assets
2026-02-10 13:55:15,827 | INFO | Schedule: Daily 01:00 UTC
2026-02-10 13:55:15,827 | INFO | ============================================================
2026-02-10 13:55:15,827 | INFO |   Using BATCH MODE (CEO-DIR-2026-119)
2026-02-10 13:55:15,827 | INFO | 
  Batch 1/5 (10 tickers)
2026-02-10 13:55:15,868 | INFO |     All assets up to date
2026-02-10 13:55:15,868 | INFO | 
  Batch 2/5 (10 tickers)
2026-02-10 13:55:15,902 | INFO |     Batch download: 1 tickers
2026-02-10 13:55:18,908 | ERROR | 
1 Failed download:
2026-02-10 13:55:18,908 | ERROR | ['GRT-USD']: YFRateLimitError('Too Many Requests. Rate limited. Try after a while.')
2026-02-10 13:55:18,915 | INFO |   Batch complete, waiting 120s...
2026-02-10 13:57:18,917 | INFO | 
  Batch 3/5 (10 tickers)
2026-02-10 13:57:18,993 | INFO |     All assets up to date
2026-02-10 13:57:18,993 | INFO | 
  Batch 4/5 (10 tickers)
2026-02-10 13:57:19,041 | INFO |     Batch download: 1 tickers
2026-02-10 13:57:21,740 | ERROR | 
1 Failed download:
2026-02-10 13:57:21,740 | ERROR | ['UNI-USD']: YFRateLimitError('Too Many Requests. Rate limited. Try after a while.')
2026-02-10 13:57:21,745 | INFO |   Batch complete, waiting 120s...
2026-02-10 13:59:21,747 | INFO | 
  Batch 5/5 (6 tickers)
2026-02-10 13:59:21,767 | INFO |     All assets up to date
2026-02-10 13:59:21,767 | INFO | 
============================================================
2026-02-10 13:59:21,767 | INFO | Processing EQUITY: 421 assets
2026-02-10 13:59:21,768 | INFO | Schedule: Weekdays 22:00 UTC
2026-02-10 13:59:21,768 | INFO | ============================================================
2026-02-10 13:59:21,768 | INFO |   Using BATCH MODE (CEO-DIR-2026-119)
2026-02-10 13:59:21,768 | INFO | 
  Batch 1/43 (10 tickers)
2026-02-10 13:59:21,783 | INFO |     Batch download: 8 tickers
2026-02-10 13:59:32,570 | ERROR | 
8 Failed downloads:
2026-02-10 13:59:32,570 | ERROR | ['ABBV', 'AEP', 'ABT', 'ADI', 'ADBE', 'ADSK', 'ABNB', '1COV.DE']: YFRateLimitError('Too Many Requests. Rate limited. Try after a while.')
2026-02-10 13:59:32,580 | INFO |   Batch complete, waiting 120s...
