2026-02-04 17:17:55,821 | INFO | ======================================================================
2026-02-04 17:17:55,822 | INFO | IoS-001 DAILY PRICE INGEST
2026-02-04 17:17:55,822 | INFO | Executor: LINE (EC-004)
2026-02-04 17:17:55,822 | INFO | Authority: CEO_DIRECTIVE_LINE_DAILY_INGEST_ACTIVATION_20251212
2026-02-04 17:17:55,822 | INFO | Time: 2026-02-04T16:17:55.822668+00:00
2026-02-04 17:17:55,822 | INFO | Asset Class Filter: ALL
2026-02-04 17:17:55,823 | INFO | Dry Run: False
2026-02-04 17:17:55,823 | INFO | ======================================================================
2026-02-04 17:17:56,195 | INFO | Found 491 VEGA-attested assets
2026-02-04 17:17:56,195 | INFO | 
============================================================
2026-02-04 17:17:56,196 | INFO | Processing CRYPTO: 46 assets
2026-02-04 17:17:56,196 | INFO | Schedule: Daily 01:00 UTC
2026-02-04 17:17:56,196 | INFO | ============================================================
2026-02-04 17:17:56,196 | INFO | 
  Batch 1/2 (25 assets)
2026-02-04 17:18:00,491 | WARNING |   [GRT-USD] Fetch error: Too Many Requests. Rate limited. Try after a while.
2026-02-04 17:18:03,509 | INFO |   Batch complete, waiting 60s...
2026-02-04 17:19:03,510 | INFO | 
  Batch 2/2 (21 assets)
2026-02-04 17:19:05,574 | WARNING |   [UNI-USD] Fetch error: Too Many Requests. Rate limited. Try after a while.
2026-02-04 17:19:08,642 | INFO | 
============================================================
2026-02-04 17:19:08,646 | INFO | Processing EQUITY: 421 assets
2026-02-04 17:19:08,646 | INFO | Schedule: Weekdays 22:00 UTC
2026-02-04 17:19:08,646 | INFO | ============================================================
2026-02-04 17:19:08,646 | INFO | 
  Batch 1/17 (25 assets)
2026-02-04 17:19:10,205 | WARNING |   [1COV.DE] Fetch error: Too Many Requests. Rate limited. Try after a while.
2026-02-04 17:19:13,252 | INFO |   Batch complete, waiting 60s...
2026-02-04 17:20:13,256 | INFO | 
  Batch 2/17 (25 assets)
2026-02-04 17:20:13,328 | INFO |   Batch complete, waiting 60s...
2026-02-04 17:21:13,329 | INFO | 
  Batch 3/17 (25 assets)
2026-02-04 17:21:18,521 | WARNING |   [BRK.B] Fetch error: Too Many Requests. Rate limited. Try after a while.
2026-02-04 17:21:22,892 | WARNING |   [BT.A.L] Fetch error: Too Many Requests. Rate limited. Try after a while.
2026-02-04 17:21:25,918 | INFO |   Batch complete, waiting 60s...
2026-02-04 17:22:25,919 | INFO | 
  Batch 4/17 (25 assets)
2026-02-04 17:22:28,384 | WARNING |   [CHD] Fetch error: Too Many Requests. Rate limited. Try after a while.
2026-02-04 17:22:32,631 | WARNING |   [CHTR] Fetch error: Too Many Requests. Rate limited. Try after a while.
2026-02-04 17:22:36,711 | WARNING |   [CI] Fetch error: Too Many Requests. Rate limited. Try after a while.
2026-02-04 17:22:41,340 | WARNING |   [CL] Fetch error: Too Many Requests. Rate limited. Try after a while.
2026-02-04 17:22:45,457 | WARNING |   [CLX] Fetch error: Too Many Requests. Rate limited. Try after a while.
2026-02-04 17:22:49,579 | WARNING |   [CMCSA] Fetch error: Too Many Requests. Rate limited. Try after a while.
