2026-01-04 05:20:02,087 | INFO | ======================================================================
2026-01-04 05:20:02,087 | INFO | IoS-001 DAILY PRICE INGEST
2026-01-04 05:20:02,088 | INFO | Executor: LINE (EC-004)
2026-01-04 05:20:02,088 | INFO | Authority: CEO_DIRECTIVE_LINE_DAILY_INGEST_ACTIVATION_20251212
2026-01-04 05:20:02,088 | INFO | Time: 2026-01-04T04:20:02.088353+00:00
2026-01-04 05:20:02,088 | INFO | Asset Class Filter: ALL
2026-01-04 05:20:02,088 | INFO | Dry Run: False
2026-01-04 05:20:02,088 | INFO | ======================================================================
2026-01-04 05:20:02,332 | INFO | Found 491 VEGA-attested assets
2026-01-04 05:20:02,332 | INFO | 
============================================================
2026-01-04 05:20:02,332 | INFO | Processing CRYPTO: 46 assets
2026-01-04 05:20:02,332 | INFO | Schedule: Daily 01:00 UTC
2026-01-04 05:20:02,332 | INFO | ============================================================
2026-01-04 05:20:02,332 | INFO | 
  Batch 1/2 (25 assets)
2026-01-04 05:20:05,165 | WARNING |   [GRT-USD] Fetch error: Too Many Requests. Rate limited. Try after a while.
2026-01-04 05:20:08,183 | INFO |   Batch complete, waiting 60s...
2026-01-04 05:21:08,188 | INFO | 
  Batch 2/2 (21 assets)
2026-01-04 05:21:09,667 | WARNING |   [UNI-USD] Fetch error: Too Many Requests. Rate limited. Try after a while.
2026-01-04 05:21:12,686 | INFO | 
============================================================
2026-01-04 05:21:12,686 | INFO | Processing EQUITY: 421 assets
2026-01-04 05:21:12,686 | INFO | Schedule: Weekdays 22:00 UTC
2026-01-04 05:21:12,686 | INFO | ============================================================
2026-01-04 05:21:12,686 | INFO |   Market closed for EQUITY today, skipping
2026-01-04 05:21:12,686 | INFO | 
============================================================
2026-01-04 05:21:12,686 | INFO | Processing FX: 24 assets
2026-01-04 05:21:12,686 | INFO | Schedule: Sun-Thu 22:00 UTC
2026-01-04 05:21:12,686 | INFO | ============================================================
2026-01-04 05:21:12,692 | INFO | 
  Batch 1/1 (24 assets)
2026-01-04 05:21:13,999 | WARNING |   [AUDJPY=X] Fetch error: Too Many Requests. Rate limited. Try after a while.
2026-01-04 05:21:17,994 | WARNING |   [AUDUSD=X] Fetch error: Too Many Requests. Rate limited. Try after a while.
2026-01-04 05:21:22,050 | WARNING |   [CADJPY=X] Fetch error: Too Many Requests. Rate limited. Try after a while.
2026-01-04 05:21:26,353 | WARNING |   [CHFJPY=X] Fetch error: Too Many Requests. Rate limited. Try after a while.
2026-01-04 05:21:30,929 | WARNING |   [EURAUD=X] Fetch error: Too Many Requests. Rate limited. Try after a while.
2026-01-04 05:21:34,783 | WARNING |   [EURCHF=X] Fetch error: Too Many Requests. Rate limited. Try after a while.
2026-01-04 05:21:39,436 | WARNING |   [EURGBP=X] Fetch error: Too Many Requests. Rate limited. Try after a while.
2026-01-04 05:21:43,686 | WARNING |   [EURJPY=X] Fetch error: Too Many Requests. Rate limited. Try after a while.
2026-01-04 05:21:48,055 | WARNING |   [EURNOK=X] Fetch error: Too Many Requests. Rate limited. Try after a while.
2026-01-04 05:21:52,333 | WARNING |   [EURSEK=X] Fetch error: Too Many Requests. Rate limited. Try after a while.
2026-01-04 05:21:57,047 | WARNING |   [EURUSD=X] Fetch error: Too Many Requests. Rate limited. Try after a while.
2026-01-04 05:22:01,273 | WARNING |   [GBPJPY=X] Fetch error: Too Many Requests. Rate limited. Try after a while.
2026-01-04 05:22:05,169 | WARNING |   [NZDUSD=X] Fetch error: Too Many Requests. Rate limited. Try after a while.
2026-01-04 05:22:09,332 | WARNING |   [USDCAD=X] Fetch error: Too Many Requests. Rate limited. Try after a while.
2026-01-04 05:22:13,351 | WARNING |   [USDCHF=X] Fetch error: Too Many Requests. Rate limited. Try after a while.
2026-01-04 05:22:17,137 | WARNING |   [USDHKD=X] Fetch error: Too Many Requests. Rate limited. Try after a while.
2026-01-04 05:22:21,236 | WARNING |   [USDJPY=X] Fetch error: Too Many Requests. Rate limited. Try after a while.
2026-01-04 05:22:25,356 | WARNING |   [USDMXN=X] Fetch error: Too Many Requests. Rate limited. Try after a while.
2026-01-04 05:22:29,391 | WARNING |   [USDNOK=X] Fetch error: Too Many Requests. Rate limited. Try after a while.
2026-01-04 05:22:33,603 | WARNING |   [USDSEK=X] Fetch error: Too Many Requests. Rate limited. Try after a while.
2026-01-04 05:22:37,736 | WARNING |   [USDSGD=X] Fetch error: Too Many Requests. Rate limited. Try after a while.
2026-01-04 05:22:41,849 | WARNING |   [USDTRY=X] Fetch error: Too Many Requests. Rate limited. Try after a while.
2026-01-04 05:22:46,346 | WARNING |   [USDZAR=X] Fetch error: Too Many Requests. Rate limited. Try after a while.
2026-01-04 05:22:49,357 | WARNING | Heartbeat recording failed: relation "fhq_monitoring.system_heartbeats" does not exist
LINE 2:                 INSERT INTO fhq_monitoring.system_heartbeats...
                                    ^

2026-01-04 05:22:49,359 | INFO | 
======================================================================
2026-01-04 05:22:49,359 | INFO | DAILY INGEST COMPLETE
2026-01-04 05:22:49,359 | INFO | ======================================================================
2026-01-04 05:22:49,359 | INFO | Assets Processed: 70
2026-01-04 05:22:49,359 | INFO | Assets Updated:   0
2026-01-04 05:22:49,359 | INFO | Rows Inserted:    0
2026-01-04 05:22:49,359 | INFO |   CRYPTO: 0 assets, 0 rows
2026-01-04 05:22:49,359 | INFO |   FX: 0 assets, 0 rows
2026-01-04 05:22:49,359 | INFO | Evidence: C:\fhq-market-system\vision-ios\03_FUNCTIONS\evidence\IOS001_DAILY_INGEST_9d9990d4_20260104_052249.json
2026-01-04 05:22:49,359 | INFO | ======================================================================
