2026-01-14 01:54:06,714 | INFO | ======================================================================
2026-01-14 01:54:06,714 | INFO | IoS-001 DAILY PRICE INGEST
2026-01-14 01:54:06,715 | INFO | Executor: LINE (EC-004)
2026-01-14 01:54:06,715 | INFO | Authority: CEO_DIRECTIVE_LINE_DAILY_INGEST_ACTIVATION_20251212
2026-01-14 01:54:06,715 | INFO | Time: 2026-01-14T00:54:06.715002+00:00
2026-01-14 01:54:06,715 | INFO | Asset Class Filter: ALL
2026-01-14 01:54:06,715 | INFO | Dry Run: False
2026-01-14 01:54:06,715 | INFO | ======================================================================
2026-01-14 01:54:07,070 | INFO | Found 491 VEGA-attested assets
2026-01-14 01:54:07,070 | INFO | 
============================================================
2026-01-14 01:54:07,070 | INFO | Processing CRYPTO: 46 assets
2026-01-14 01:54:07,071 | INFO | Schedule: Daily 01:00 UTC
2026-01-14 01:54:07,071 | INFO | ============================================================
2026-01-14 01:54:07,071 | INFO | 
  Batch 1/2 (25 assets)
2026-01-14 01:54:10,601 | WARNING |   [ADA-USD] Fetch error: Too Many Requests. Rate limited. Try after a while.
2026-01-14 01:54:14,602 | WARNING |   [ALGO-USD] Fetch error: Too Many Requests. Rate limited. Try after a while.
2026-01-14 01:54:18,614 | WARNING |   [ATOM-USD] Fetch error: Too Many Requests. Rate limited. Try after a while.
2026-01-14 01:54:22,982 | WARNING |   [AVAX-USD] Fetch error: Too Many Requests. Rate limited. Try after a while.
2026-01-14 01:54:27,041 | WARNING |   [AXS-USD] Fetch error: Too Many Requests. Rate limited. Try after a while.
2026-01-14 01:54:30,809 | WARNING |   [BCH-USD] Fetch error: Too Many Requests. Rate limited. Try after a while.
2026-01-14 01:54:35,542 | WARNING |   [BNB-USD] Fetch error: Too Many Requests. Rate limited. Try after a while.
2026-01-14 01:54:39,534 | WARNING |   [BTC-USD] Fetch error: Too Many Requests. Rate limited. Try after a while.
2026-01-14 01:54:43,318 | WARNING |   [CHZ-USD] Fetch error: Too Many Requests. Rate limited. Try after a while.
2026-01-14 01:54:47,756 | WARNING |   [CRO-USD] Fetch error: Too Many Requests. Rate limited. Try after a while.
2026-01-14 01:54:52,182 | WARNING |   [CRV-USD] Fetch error: Too Many Requests. Rate limited. Try after a while.
2026-01-14 01:54:56,199 | WARNING |   [DOGE-USD] Fetch error: Too Many Requests. Rate limited. Try after a while.
2026-01-14 01:55:00,436 | WARNING |   [DOT-USD] Fetch error: Too Many Requests. Rate limited. Try after a while.
2026-01-14 01:55:04,476 | WARNING |   [EOS-USD] Fetch error: Too Many Requests. Rate limited. Try after a while.
2026-01-14 01:55:08,656 | WARNING |   [ETC-USD] Fetch error: Too Many Requests. Rate limited. Try after a while.
2026-01-14 01:55:12,647 | WARNING |   [ETH-USD] Fetch error: Too Many Requests. Rate limited. Try after a while.
2026-01-14 01:55:16,989 | WARNING |   [FIL-USD] Fetch error: Too Many Requests. Rate limited. Try after a while.
2026-01-14 01:55:21,482 | WARNING |   [FLOW-USD] Fetch error: Too Many Requests. Rate limited. Try after a while.
2026-01-14 01:55:26,076 | WARNING |   [GRT-USD] Fetch error: Too Many Requests. Rate limited. Try after a while.
2026-01-14 01:55:30,593 | WARNING |   [HBAR-USD] Fetch error: Too Many Requests. Rate limited. Try after a while.
2026-01-14 01:55:34,395 | WARNING |   [ICP-USD] Fetch error: Too Many Requests. Rate limited. Try after a while.
2026-01-14 01:55:38,311 | WARNING |   [INJ-USD] Fetch error: Too Many Requests. Rate limited. Try after a while.
2026-01-14 01:55:42,295 | WARNING |   [LDO-USD] Fetch error: Too Many Requests. Rate limited. Try after a while.
2026-01-14 01:55:46,578 | WARNING |   [LINK-USD] Fetch error: Too Many Requests. Rate limited. Try after a while.
2026-01-14 01:55:50,926 | WARNING |   [LTC-USD] Fetch error: Too Many Requests. Rate limited. Try after a while.
2026-01-14 01:55:53,928 | INFO |   Batch complete, waiting 60s...
2026-01-14 01:56:53,929 | INFO | 
  Batch 2/2 (21 assets)
2026-01-14 01:56:56,288 | WARNING |   [MANA-USD] Fetch error: Too Many Requests. Rate limited. Try after a while.
2026-01-14 01:57:00,473 | WARNING |   [MKR-USD] Fetch error: Too Many Requests. Rate limited. Try after a while.
2026-01-14 01:57:04,776 | WARNING |   [NEAR-USD] Fetch error: Too Many Requests. Rate limited. Try after a while.
2026-01-14 01:57:09,051 | WARNING |   [OKB-USD] Fetch error: Too Many Requests. Rate limited. Try after a while.
2026-01-14 01:57:13,241 | WARNING |   [QNT-USD] Fetch error: Too Many Requests. Rate limited. Try after a while.
2026-01-14 01:57:16,969 | WARNING |   [RPL-USD] Fetch error: Too Many Requests. Rate limited. Try after a while.
2026-01-14 01:57:21,163 | WARNING |   [RUNE-USD] Fetch error: Too Many Requests. Rate limited. Try after a while.
2026-01-14 01:57:25,135 | WARNING |   [SAND-USD] Fetch error: Too Many Requests. Rate limited. Try after a while.
2026-01-14 01:57:29,395 | WARNING |   [SHIB-USD] Fetch error: Too Many Requests. Rate limited. Try after a while.
2026-01-14 01:57:33,468 | WARNING |   [SNX-USD] Fetch error: Too Many Requests. Rate limited. Try after a while.
2026-01-14 01:57:37,468 | WARNING |   [SOL-USD] Fetch error: Too Many Requests. Rate limited. Try after a while.
2026-01-14 01:57:41,929 | WARNING |   [THETA-USD] Fetch error: Too Many Requests. Rate limited. Try after a while.
2026-01-14 01:57:45,857 | WARNING |   [TRX-USD] Fetch error: Too Many Requests. Rate limited. Try after a while.
2026-01-14 01:57:50,003 | WARNING |   [UNI-USD] Fetch error: Too Many Requests. Rate limited. Try after a while.
2026-01-14 01:57:53,878 | WARNING |   [VET-USD] Fetch error: Too Many Requests. Rate limited. Try after a while.
2026-01-14 01:57:57,955 | WARNING |   [XLM-USD] Fetch error: Too Many Requests. Rate limited. Try after a while.
2026-01-14 01:58:02,098 | WARNING |   [XMR-USD] Fetch error: Too Many Requests. Rate limited. Try after a while.
2026-01-14 01:58:06,279 | WARNING |   [XRP-USD] Fetch error: Too Many Requests. Rate limited. Try after a while.
2026-01-14 01:58:16,040 | WARNING |   [XTZ-USD] Fetch error: Too Many Requests. Rate limited. Try after a while.
2026-01-14 01:58:20,500 | WARNING |   [ZEC-USD] Fetch error: Too Many Requests. Rate limited. Try after a while.
2026-01-14 01:58:24,580 | WARNING |   [AAVE-USD] Fetch error: Too Many Requests. Rate limited. Try after a while.
2026-01-14 01:58:27,581 | INFO | 
============================================================
2026-01-14 01:58:27,581 | INFO | Processing EQUITY: 421 assets
2026-01-14 01:58:27,582 | INFO | Schedule: Weekdays 22:00 UTC
2026-01-14 01:58:27,582 | INFO | ============================================================
2026-01-14 01:58:27,583 | INFO | 
  Batch 1/17 (25 assets)
2026-01-14 01:58:28,794 | WARNING |   [1COV.DE] Fetch error: Too Many Requests. Rate limited. Try after a while.
2026-01-14 01:58:32,807 | WARNING |   [ABBV] Fetch error: Too Many Requests. Rate limited. Try after a while.
2026-01-14 01:58:36,854 | WARNING |   [ABNB] Fetch error: Too Many Requests. Rate limited. Try after a while.
2026-01-14 01:58:41,326 | WARNING |   [ABT] Fetch error: Too Many Requests. Rate limited. Try after a while.
2026-01-14 01:58:45,587 | WARNING |   [ACA.PA] Fetch error: Too Many Requests. Rate limited. Try after a while.
2026-01-14 01:58:49,832 | WARNING |   [ADBE] Fetch error: Too Many Requests. Rate limited. Try after a while.
2026-01-14 01:58:53,639 | WARNING |   [ADI] Fetch error: Too Many Requests. Rate limited. Try after a while.
2026-01-14 01:58:57,478 | WARNING |   [ADS.DE] Fetch error: Too Many Requests. Rate limited. Try after a while.
2026-01-14 01:59:01,736 | WARNING |   [ADSK] Fetch error: Too Many Requests. Rate limited. Try after a while.
