2026-02-12 15:30:53,279 | INFO | ======================================================================
2026-02-12 15:30:53,279 | INFO | IoS-001 DAILY PRICE INGEST
2026-02-12 15:30:53,279 | INFO | Executor: LINE (EC-004)
2026-02-12 15:30:53,279 | INFO | Authority: CEO_DIRECTIVE_LINE_DAILY_INGEST_ACTIVATION_20251212
2026-02-12 15:30:53,279 | INFO | Amendment: CEO-DIR-2026-119 (Rate Limit Mitigation)
2026-02-12 15:30:53,279 | INFO | Time: 2026-02-12T14:30:53.279217+00:00
2026-02-12 15:30:53,279 | INFO | Asset Class Filter: ALL
2026-02-12 15:30:53,279 | INFO | Batch Mode: True
2026-02-12 15:30:53,279 | INFO | Dry Run: False
2026-02-12 15:30:53,279 | INFO | ======================================================================
2026-02-12 15:30:53,552 | INFO | Found 491 VEGA-attested assets
2026-02-12 15:30:53,552 | INFO | 
============================================================
2026-02-12 15:30:53,552 | INFO | Processing CRYPTO: 46 assets
2026-02-12 15:30:53,552 | INFO | Schedule: Daily 01:00 UTC
2026-02-12 15:30:53,552 | INFO | ============================================================
2026-02-12 15:30:53,552 | INFO |   Using BATCH MODE (CEO-DIR-2026-119)
2026-02-12 15:30:53,552 | INFO | 
  Batch 1/5 (10 tickers)
2026-02-12 15:30:53,595 | INFO |     All assets up to date
2026-02-12 15:30:53,595 | INFO | 
  Batch 2/5 (10 tickers)
2026-02-12 15:30:53,614 | INFO |     Batch download: 1 tickers
2026-02-12 15:30:56,852 | ERROR | 
1 Failed download:
2026-02-12 15:30:56,852 | ERROR | ['GRT-USD']: YFRateLimitError('Too Many Requests. Rate limited. Try after a while.')
2026-02-12 15:30:56,857 | INFO |   Batch complete, waiting 120s...
2026-02-12 15:32:56,857 | INFO | 
  Batch 3/5 (10 tickers)
2026-02-12 15:32:56,938 | INFO |     All assets up to date
2026-02-12 15:32:56,939 | INFO | 
  Batch 4/5 (10 tickers)
2026-02-12 15:32:57,008 | INFO |     Batch download: 1 tickers
2026-02-12 15:32:59,995 | ERROR | 
1 Failed download:
2026-02-12 15:32:59,995 | ERROR | ['UNI-USD']: YFRateLimitError('Too Many Requests. Rate limited. Try after a while.')
2026-02-12 15:32:59,999 | INFO |   Batch complete, waiting 120s...
2026-02-12 15:34:59,999 | INFO | 
  Batch 5/5 (6 tickers)
2026-02-12 15:35:00,016 | INFO |     All assets up to date
2026-02-12 15:35:00,017 | INFO | 
============================================================
2026-02-12 15:35:00,017 | INFO | Processing EQUITY: 421 assets
2026-02-12 15:35:00,017 | INFO | Schedule: Weekdays 22:00 UTC
2026-02-12 15:35:00,017 | INFO | ============================================================
2026-02-12 15:35:00,017 | INFO |   Using BATCH MODE (CEO-DIR-2026-119)
2026-02-12 15:35:00,017 | INFO | 
  Batch 1/43 (10 tickers)
2026-02-12 15:35:00,038 | INFO |     Batch download: 8 tickers
2026-02-12 15:35:12,510 | ERROR | 
8 Failed downloads:
2026-02-12 15:35:12,510 | ERROR | ['1COV.DE', 'AEP', 'ADBE', 'ABBV', 'ABNB', 'ADSK', 'ADI', 'ABT']: YFRateLimitError('Too Many Requests. Rate limited. Try after a while.')
2026-02-12 15:35:12,510 | INFO |   Batch complete, waiting 120s...
