2026-02-13 02:00:18,735 | INFO | ======================================================================
2026-02-13 02:00:18,735 | INFO | IoS-001 DAILY PRICE INGEST
2026-02-13 02:00:18,735 | INFO | Executor: LINE (EC-004)
2026-02-13 02:00:18,742 | INFO | Authority: CEO_DIRECTIVE_LINE_DAILY_INGEST_ACTIVATION_20251212
2026-02-13 02:00:18,743 | INFO | Amendment: CEO-DIR-2026-119 (Rate Limit Mitigation)
2026-02-13 02:00:18,744 | INFO | Time: 2026-02-13T01:00:18.744222+00:00
2026-02-13 02:00:18,744 | INFO | Asset Class Filter: CRYPTO
2026-02-13 02:00:18,744 | INFO | Batch Mode: True
2026-02-13 02:00:18,744 | INFO | Dry Run: False
2026-02-13 02:00:18,744 | INFO | ======================================================================
2026-02-13 02:00:19,130 | INFO | Found 46 VEGA-attested assets
2026-02-13 02:00:19,132 | INFO | 
============================================================
2026-02-13 02:00:19,132 | INFO | Processing CRYPTO: 46 assets
2026-02-13 02:00:19,134 | INFO | Schedule: Daily 01:00 UTC
2026-02-13 02:00:19,134 | INFO | ============================================================
2026-02-13 02:00:19,135 | INFO |   Using BATCH MODE (CEO-DIR-2026-119)
2026-02-13 02:00:19,135 | INFO | 
  Batch 1/5 (10 tickers)
2026-02-13 02:00:19,192 | INFO |     All assets up to date
2026-02-13 02:00:19,192 | INFO | 
  Batch 2/5 (10 tickers)
2026-02-13 02:00:19,239 | INFO |     Batch download: 1 tickers
2026-02-13 02:00:21,829 | ERROR | 
1 Failed download:
2026-02-13 02:00:21,829 | ERROR | ['GRT-USD']: YFPricesMissingError('possibly delisted; no price data found  (1d 2026-02-13 -> 2026-02-14)')
2026-02-13 02:00:22,010 | INFO |   Batch complete, waiting 120s...
2026-02-13 02:02:22,034 | INFO | 
  Batch 3/5 (10 tickers)
2026-02-13 02:02:22,093 | INFO |     All assets up to date
2026-02-13 02:02:22,093 | INFO | 
  Batch 4/5 (10 tickers)
2026-02-13 02:02:22,175 | INFO |     Batch download: 10 tickers
2026-02-13 02:02:24,240 | ERROR | 
1 Failed download:
2026-02-13 02:02:24,247 | ERROR | ['UNI-USD']: YFPricesMissingError('possibly delisted; no price data found  (1d 2026-02-12 -> 2026-02-14)')
2026-02-13 02:02:24,338 | INFO |     [RPL-USD] +1 rows
2026-02-13 02:02:24,338 | INFO |     [RUNE-USD] +1 rows
2026-02-13 02:02:24,356 | INFO |     [SAND-USD] +1 rows
2026-02-13 02:02:24,359 | INFO |     [SHIB-USD] +1 rows
2026-02-13 02:02:24,371 | INFO |     [SNX-USD] +1 rows
2026-02-13 02:02:24,380 | INFO |     [SOL-USD] +1 rows
2026-02-13 02:02:24,389 | INFO |     [THETA-USD] +1 rows
2026-02-13 02:02:24,399 | INFO |     [TRX-USD] +1 rows
2026-02-13 02:02:24,426 | INFO |     [VET-USD] +1 rows
2026-02-13 02:02:24,437 | INFO |   Batch complete, waiting 120s...
2026-02-13 02:04:24,444 | INFO | 
  Batch 5/5 (6 tickers)
2026-02-13 02:04:24,465 | INFO |     Batch download: 6 tickers
2026-02-13 02:04:25,819 | INFO |     [XLM-USD] +1 rows
2026-02-13 02:04:25,822 | INFO |     [XMR-USD] +1 rows
2026-02-13 02:04:25,831 | INFO |     [XRP-USD] +1 rows
2026-02-13 02:04:25,843 | INFO |     [XTZ-USD] +1 rows
2026-02-13 02:04:25,852 | INFO |     [ZEC-USD] +1 rows
2026-02-13 02:04:25,852 | INFO |     [AAVE-USD] +1 rows
2026-02-13 02:04:25,862 | WARNING | Heartbeat recording failed: relation "fhq_monitoring.system_heartbeats" does not exist
LINE 2:                 INSERT INTO fhq_monitoring.system_heartbeats...
                                    ^

2026-02-13 02:04:25,862 | INFO | 
======================================================================
2026-02-13 02:04:25,873 | INFO | DAILY INGEST COMPLETE
2026-02-13 02:04:25,873 | INFO | ======================================================================
2026-02-13 02:04:25,873 | INFO | Assets Processed: 46
2026-02-13 02:04:25,873 | INFO | Assets Updated:   15
2026-02-13 02:04:25,873 | INFO | Rows Inserted:    15
2026-02-13 02:04:25,873 | INFO |   CRYPTO: 15 assets, 15 rows
2026-02-13 02:04:25,883 | INFO | Evidence: C:\fhq-market-system\vision-ios\03_FUNCTIONS\evidence\IOS001_DAILY_INGEST_871b96e1_20260213_020425.json
2026-02-13 02:04:25,883 | INFO | ======================================================================
