2026-02-14 01:32:59,411 | INFO | ======================================================================
2026-02-14 01:32:59,412 | INFO | IoS-001 DAILY PRICE INGEST
2026-02-14 01:32:59,412 | INFO | Executor: LINE (EC-004)
2026-02-14 01:32:59,412 | INFO | Authority: CEO_DIRECTIVE_LINE_DAILY_INGEST_ACTIVATION_20251212
2026-02-14 01:32:59,412 | INFO | Amendment: CEO-DIR-2026-119 (Rate Limit Mitigation)
2026-02-14 01:32:59,412 | INFO | Time: 2026-02-14T00:32:59.412850+00:00
2026-02-14 01:32:59,412 | INFO | Asset Class Filter: ALL
2026-02-14 01:32:59,412 | INFO | Batch Mode: True
2026-02-14 01:32:59,412 | INFO | Dry Run: False
2026-02-14 01:32:59,413 | INFO | ======================================================================
2026-02-14 01:32:59,592 | INFO | Found 491 VEGA-attested assets
2026-02-14 01:32:59,592 | INFO | 
============================================================
2026-02-14 01:32:59,592 | INFO | Processing CRYPTO: 46 assets
2026-02-14 01:32:59,592 | INFO | Schedule: Daily 01:00 UTC
2026-02-14 01:32:59,592 | INFO | ============================================================
2026-02-14 01:32:59,592 | INFO |   Using BATCH MODE (CEO-DIR-2026-119)
2026-02-14 01:32:59,592 | INFO | 
  Batch 1/5 (10 tickers)
2026-02-14 01:32:59,604 | INFO |     All assets up to date
2026-02-14 01:32:59,604 | INFO | 
  Batch 2/5 (10 tickers)
2026-02-14 01:32:59,608 | INFO |     Batch download: 1 tickers
2026-02-14 01:33:00,683 | ERROR | 
1 Failed download:
2026-02-14 01:33:00,684 | ERROR | ['GRT-USD']: YFPricesMissingError('possibly delisted; no price data found  (1d 2026-02-14 -> 2026-02-15)')
2026-02-14 01:33:00,690 | INFO |   Batch complete, waiting 120s...
2026-02-14 01:35:00,692 | INFO | 
  Batch 3/5 (10 tickers)
2026-02-14 01:35:00,736 | INFO |     All assets up to date
2026-02-14 01:35:00,737 | INFO | 
  Batch 4/5 (10 tickers)
2026-02-14 01:35:00,755 | INFO |     Batch download: 1 tickers
2026-02-14 01:35:01,168 | ERROR | 
1 Failed download:
2026-02-14 01:35:01,168 | ERROR | ['UNI-USD']: YFPricesMissingError('possibly delisted; no price data found  (1d 2026-02-12 -> 2026-02-15)')
2026-02-14 01:35:01,169 | INFO |   Batch complete, waiting 120s...
2026-02-14 01:37:01,173 | INFO | 
  Batch 5/5 (6 tickers)
2026-02-14 01:37:01,188 | INFO |     All assets up to date
2026-02-14 01:37:01,188 | INFO | 
============================================================
2026-02-14 01:37:01,188 | INFO | Processing EQUITY: 421 assets
2026-02-14 01:37:01,188 | INFO | Schedule: Weekdays 22:00 UTC
2026-02-14 01:37:01,188 | INFO | ============================================================
2026-02-14 01:37:01,188 | INFO |   Market closed for EQUITY today, skipping
2026-02-14 01:37:01,188 | INFO | 
============================================================
2026-02-14 01:37:01,188 | INFO | Processing FX: 24 assets
2026-02-14 01:37:01,188 | INFO | Schedule: Sun-Thu 22:00 UTC
2026-02-14 01:37:01,188 | INFO | ============================================================
2026-02-14 01:37:01,188 | INFO |   Market closed for FX today, skipping
2026-02-14 01:37:01,188 | WARNING | Heartbeat recording failed: relation "fhq_monitoring.system_heartbeats" does not exist
LINE 2:                 INSERT INTO fhq_monitoring.system_heartbeats...
                                    ^

2026-02-14 01:37:01,204 | INFO | 
======================================================================
2026-02-14 01:37:01,204 | INFO | DAILY INGEST COMPLETE
2026-02-14 01:37:01,204 | INFO | ======================================================================
2026-02-14 01:37:01,204 | INFO | Assets Processed: 46
2026-02-14 01:37:01,204 | INFO | Assets Updated:   0
2026-02-14 01:37:01,204 | INFO | Rows Inserted:    0
2026-02-14 01:37:01,204 | INFO |   CRYPTO: 0 assets, 0 rows
2026-02-14 01:37:01,204 | INFO | Evidence: C:\fhq-market-system\vision-ios\03_FUNCTIONS\evidence\IOS001_DAILY_INGEST_500d96b8_20260214_013701.json
2026-02-14 01:37:01,204 | INFO | ======================================================================
