2026-01-02 21:12:44,813 | INFO | ======================================================================
2026-01-02 21:12:44,813 | INFO | IoS-001 DAILY PRICE INGEST
2026-01-02 21:12:44,813 | INFO | Executor: LINE (EC-004)
2026-01-02 21:12:44,813 | INFO | Authority: CEO_DIRECTIVE_LINE_DAILY_INGEST_ACTIVATION_20251212
2026-01-02 21:12:44,813 | INFO | Time: 2026-01-02T20:12:44.813272+00:00
2026-01-02 21:12:44,813 | INFO | Asset Class Filter: ALL
2026-01-02 21:12:44,813 | INFO | Dry Run: False
2026-01-02 21:12:44,813 | INFO | ======================================================================
2026-01-02 21:12:45,002 | INFO | Found 491 VEGA-attested assets
2026-01-02 21:12:45,002 | INFO | 
============================================================
2026-01-02 21:12:45,002 | INFO | Processing CRYPTO: 46 assets
2026-01-02 21:12:45,002 | INFO | Schedule: Daily 01:00 UTC
2026-01-02 21:12:45,002 | INFO | ============================================================
2026-01-02 21:12:45,002 | INFO | 
  Batch 1/2 (25 assets)
2026-01-02 21:12:48,381 | WARNING |   [GRT-USD] Fetch error: Too Many Requests. Rate limited. Try after a while.
2026-01-02 21:12:51,382 | INFO |   Batch complete, waiting 60s...
2026-01-02 21:13:51,391 | INFO | 
  Batch 2/2 (21 assets)
2026-01-02 21:13:53,036 | WARNING |   [UNI-USD] Fetch error: Too Many Requests. Rate limited. Try after a while.
2026-01-02 21:13:56,057 | INFO | 
============================================================
2026-01-02 21:13:56,057 | INFO | Processing EQUITY: 421 assets
2026-01-02 21:13:56,057 | INFO | Schedule: Weekdays 22:00 UTC
2026-01-02 21:13:56,057 | INFO | ============================================================
2026-01-02 21:13:56,058 | INFO | 
  Batch 1/17 (25 assets)
2026-01-02 21:13:57,220 | WARNING |   [1COV.DE] Fetch error: Too Many Requests. Rate limited. Try after a while.
2026-01-02 21:14:00,302 | INFO |   Batch complete, waiting 60s...
2026-01-02 21:15:00,303 | INFO | 
  Batch 2/17 (25 assets)
2026-01-02 21:15:00,331 | INFO |   Batch complete, waiting 60s...
2026-01-02 21:16:00,332 | INFO | 
  Batch 3/17 (25 assets)
2026-01-02 21:16:04,078 | WARNING |   [BRK.B] Fetch error: Too Many Requests. Rate limited. Try after a while.
2026-01-02 21:16:08,045 | WARNING |   [BSX] Fetch error: Too Many Requests. Rate limited. Try after a while.
2026-01-02 21:16:12,074 | WARNING |   [BT.A.L] Fetch error: Too Many Requests. Rate limited. Try after a while.
2026-01-02 21:16:16,198 | WARNING |   [BWO.OL] Fetch error: Too Many Requests. Rate limited. Try after a while.
2026-01-02 21:16:21,000 | WARNING |   [C] Fetch error: Too Many Requests. Rate limited. Try after a while.
2026-01-02 21:16:25,026 | WARNING |   [CAG] Fetch error: Too Many Requests. Rate limited. Try after a while.
2026-01-02 21:16:29,419 | WARNING |   [CAP.PA] Fetch error: Too Many Requests. Rate limited. Try after a while.
2026-01-02 21:16:33,368 | WARNING |   [CARR] Fetch error: Too Many Requests. Rate limited. Try after a while.
2026-01-02 21:16:37,822 | WARNING |   [CAT] Fetch error: Too Many Requests. Rate limited. Try after a while.
2026-01-02 21:16:42,218 | WARNING |   [CB] Fetch error: Too Many Requests. Rate limited. Try after a while.
2026-01-02 21:16:45,923 | WARNING |   [CBK.DE] Fetch error: Too Many Requests. Rate limited. Try after a while.
2026-01-02 21:16:50,075 | WARNING |   [CCI] Fetch error: Too Many Requests. Rate limited. Try after a while.
2026-01-02 21:16:54,080 | WARNING |   [CDNS] Fetch error: Too Many Requests. Rate limited. Try after a while.
2026-01-02 21:16:57,084 | INFO |   Batch complete, waiting 60s...
