2025-12-21 09:26:11,123 | INFO | ======================================================================
2025-12-21 09:26:11,123 | INFO | IoS-001 DAILY PRICE INGEST
2025-12-21 09:26:11,123 | INFO | Executor: LINE (EC-004)
2025-12-21 09:26:11,123 | INFO | Authority: CEO_DIRECTIVE_LINE_DAILY_INGEST_ACTIVATION_20251212
2025-12-21 09:26:11,123 | INFO | Time: 2025-12-21T08:26:11.123641+00:00
2025-12-21 09:26:11,123 | INFO | Asset Class Filter: ALL
2025-12-21 09:26:11,123 | INFO | Dry Run: False
2025-12-21 09:26:11,123 | INFO | ======================================================================
2025-12-21 09:26:11,294 | INFO | Found 463 VEGA-attested assets
2025-12-21 09:26:11,295 | INFO | 
============================================================
2025-12-21 09:26:11,295 | INFO | Processing CRYPTO: 45 assets
2025-12-21 09:26:11,295 | INFO | Schedule: Daily 01:00 UTC
2025-12-21 09:26:11,295 | INFO | ============================================================
2025-12-21 09:26:11,295 | INFO | 
  Batch 1/2 (25 assets)
2025-12-21 09:26:11,365 | INFO |   Batch complete, waiting 60s...
2025-12-21 09:27:11,368 | INFO | 
  Batch 2/2 (20 assets)
2025-12-21 09:27:11,479 | INFO | 
============================================================
2025-12-21 09:27:11,479 | INFO | Processing EQUITY: 394 assets
2025-12-21 09:27:11,479 | INFO | Schedule: Weekdays 22:00 UTC
2025-12-21 09:27:11,479 | INFO | ============================================================
2025-12-21 09:27:11,489 | INFO |   Market closed for EQUITY today, skipping
2025-12-21 09:27:11,489 | INFO | 
============================================================
2025-12-21 09:27:11,489 | INFO | Processing FX: 24 assets
2025-12-21 09:27:11,489 | INFO | Schedule: Sun-Thu 22:00 UTC
2025-12-21 09:27:11,489 | INFO | ============================================================
2025-12-21 09:27:11,489 | INFO | 
  Batch 1/1 (24 assets)
2025-12-21 09:27:14,283 | WARNING |   [CHFJPY=X] Fetch error: Too Many Requests. Rate limited. Try after a while.
2025-12-21 09:27:18,414 | WARNING |   [EURAUD=X] Fetch error: Too Many Requests. Rate limited. Try after a while.
2025-12-21 09:27:22,490 | WARNING |   [EURCHF=X] Fetch error: Too Many Requests. Rate limited. Try after a while.
2025-12-21 09:27:26,583 | WARNING |   [EURGBP=X] Fetch error: Too Many Requests. Rate limited. Try after a while.
2025-12-21 09:27:30,532 | WARNING |   [EURJPY=X] Fetch error: Too Many Requests. Rate limited. Try after a while.
2025-12-21 09:27:34,388 | WARNING |   [EURSEK=X] Fetch error: Too Many Requests. Rate limited. Try after a while.
2025-12-21 09:27:38,666 | WARNING |   [EURUSD=X] Fetch error: Too Many Requests. Rate limited. Try after a while.
2025-12-21 09:27:42,998 | WARNING |   [USDCHF=X] Fetch error: Too Many Requests. Rate limited. Try after a while.
2025-12-21 09:27:47,031 | WARNING |   [USDMXN=X] Fetch error: Too Many Requests. Rate limited. Try after a while.
2025-12-21 09:27:51,143 | WARNING |   [USDTRY=X] Fetch error: Too Many Requests. Rate limited. Try after a while.
2025-12-21 09:27:54,145 | WARNING | Heartbeat recording failed: relation "fhq_monitoring.system_heartbeats" does not exist
LINE 2:                 INSERT INTO fhq_monitoring.system_heartbeats...
                                    ^

2025-12-21 09:27:54,159 | INFO | 
======================================================================
2025-12-21 09:27:54,160 | INFO | DAILY INGEST COMPLETE
2025-12-21 09:27:54,160 | INFO | ======================================================================
2025-12-21 09:27:54,161 | INFO | Assets Processed: 69
2025-12-21 09:27:54,161 | INFO | Assets Updated:   0
2025-12-21 09:27:54,161 | INFO | Rows Inserted:    0
2025-12-21 09:27:54,162 | INFO |   CRYPTO: 0 assets, 0 rows
2025-12-21 09:27:54,162 | INFO |   FX: 0 assets, 0 rows
2025-12-21 09:27:54,162 | INFO | Evidence: C:\fhq-market-system\vision-ios\03_FUNCTIONS\evidence\IOS001_DAILY_INGEST_22b79ac2_20251221_092754.json
2025-12-21 09:27:54,163 | INFO | ======================================================================
