2026-02-04 22:43:44,443 | INFO | ======================================================================
2026-02-04 22:43:44,443 | INFO | IoS-001 DAILY PRICE INGEST
2026-02-04 22:43:44,443 | INFO | Executor: LINE (EC-004)
2026-02-04 22:43:44,443 | INFO | Authority: CEO_DIRECTIVE_LINE_DAILY_INGEST_ACTIVATION_20251212
2026-02-04 22:43:44,443 | INFO | Time: 2026-02-04T21:43:44.443129+00:00
2026-02-04 22:43:44,443 | INFO | Asset Class Filter: ALL
2026-02-04 22:43:44,443 | INFO | Dry Run: False
2026-02-04 22:43:44,443 | INFO | ======================================================================
2026-02-04 22:43:44,772 | INFO | Found 491 VEGA-attested assets
2026-02-04 22:43:44,772 | INFO | 
============================================================
2026-02-04 22:43:44,772 | INFO | Processing CRYPTO: 46 assets
2026-02-04 22:43:44,772 | INFO | Schedule: Daily 01:00 UTC
2026-02-04 22:43:44,772 | INFO | ============================================================
2026-02-04 22:43:44,772 | INFO | 
  Batch 1/2 (25 assets)
2026-02-04 22:43:48,437 | WARNING |   [GRT-USD] Fetch error: Too Many Requests. Rate limited. Try after a while.
2026-02-04 22:43:51,462 | INFO |   Batch complete, waiting 60s...
2026-02-04 22:44:51,467 | INFO | 
  Batch 2/2 (21 assets)
2026-02-04 22:44:53,118 | WARNING |   [UNI-USD] Fetch error: Too Many Requests. Rate limited. Try after a while.
2026-02-04 22:44:56,160 | INFO | 
============================================================
2026-02-04 22:44:56,160 | INFO | Processing EQUITY: 421 assets
2026-02-04 22:44:56,160 | INFO | Schedule: Weekdays 22:00 UTC
2026-02-04 22:44:56,160 | INFO | ============================================================
2026-02-04 22:44:56,160 | INFO | 
  Batch 1/17 (25 assets)
2026-02-04 22:44:57,794 | WARNING |   [1COV.DE] Fetch error: Too Many Requests. Rate limited. Try after a while.
2026-02-04 22:45:00,853 | INFO |   Batch complete, waiting 60s...
2026-02-04 22:46:00,855 | INFO | 
  Batch 2/17 (25 assets)
2026-02-04 22:46:00,949 | INFO |   Batch complete, waiting 60s...
2026-02-04 22:47:00,950 | INFO | 
  Batch 3/17 (25 assets)
2026-02-04 22:47:04,239 | WARNING |   [BRK.B] Fetch error: Too Many Requests. Rate limited. Try after a while.
2026-02-04 22:47:08,266 | WARNING |   [BT.A.L] Fetch error: Too Many Requests. Rate limited. Try after a while.
2026-02-04 22:47:11,297 | INFO |   Batch complete, waiting 60s...
2026-02-04 22:48:11,298 | INFO | 
  Batch 4/17 (25 assets)
2026-02-04 22:48:13,285 | WARNING |   [CON.DE] Fetch error: Too Many Requests. Rate limited. Try after a while.
2026-02-04 22:48:17,210 | WARNING |   [COP] Fetch error: Too Many Requests. Rate limited. Try after a while.
2026-02-04 22:48:21,200 | WARNING |   [COST] Fetch error: Too Many Requests. Rate limited. Try after a while.
2026-02-04 22:48:25,569 | WARNING |   [CPG.L] Fetch error: Too Many Requests. Rate limited. Try after a while.
2026-02-04 22:48:29,741 | WARNING |   [CRM] Fetch error: Too Many Requests. Rate limited. Try after a while.
2026-02-04 22:48:33,933 | WARNING |   [CRWD] Fetch error: Too Many Requests. Rate limited. Try after a while.
2026-02-04 22:48:38,244 | WARNING |   [CS.PA] Fetch error: Too Many Requests. Rate limited. Try after a while.
2026-02-04 22:48:42,108 | WARNING |   [CSX] Fetch error: Too Many Requests. Rate limited. Try after a while.
