2026-01-30 10:01:06,582 | INFO | ======================================================================
2026-01-30 10:01:06,582 | INFO | IoS-001 DAILY PRICE INGEST
2026-01-30 10:01:06,582 | INFO | Executor: LINE (EC-004)
2026-01-30 10:01:06,582 | INFO | Authority: CEO_DIRECTIVE_LINE_DAILY_INGEST_ACTIVATION_20251212
2026-01-30 10:01:06,583 | INFO | Time: 2026-01-30T09:01:06.583638+00:00
2026-01-30 10:01:06,583 | INFO | Asset Class Filter: ALL
2026-01-30 10:01:06,583 | INFO | Dry Run: False
2026-01-30 10:01:06,583 | INFO | ======================================================================
2026-01-30 10:01:06,952 | INFO | Found 491 VEGA-attested assets
2026-01-30 10:01:06,952 | INFO | 
============================================================
2026-01-30 10:01:06,952 | INFO | Processing CRYPTO: 46 assets
2026-01-30 10:01:06,952 | INFO | Schedule: Daily 01:00 UTC
2026-01-30 10:01:06,952 | INFO | ============================================================
2026-01-30 10:01:06,952 | INFO | 
  Batch 1/2 (25 assets)
2026-01-30 10:01:11,295 | WARNING |   [GRT-USD] Fetch error: Too Many Requests. Rate limited. Try after a while.
2026-01-30 10:01:14,327 | INFO |   Batch complete, waiting 60s...
2026-01-30 10:02:14,328 | INFO | 
  Batch 2/2 (21 assets)
2026-01-30 10:02:17,145 | WARNING |   [UNI-USD] Fetch error: Too Many Requests. Rate limited. Try after a while.
2026-01-30 10:02:20,217 | INFO | 
============================================================
2026-01-30 10:02:20,219 | INFO | Processing EQUITY: 421 assets
2026-01-30 10:02:20,220 | INFO | Schedule: Weekdays 22:00 UTC
2026-01-30 10:02:20,222 | INFO | ============================================================
2026-01-30 10:02:20,223 | INFO | 
  Batch 1/17 (25 assets)
2026-01-30 10:02:30,544 | WARNING |   [1COV.DE] Fetch error: Too Many Requests. Rate limited. Try after a while.
2026-01-30 10:02:35,452 | WARNING |   [ABBV] Fetch error: Too Many Requests. Rate limited. Try after a while.
2026-01-30 10:02:39,859 | WARNING |   [ABNB] Fetch error: Too Many Requests. Rate limited. Try after a while.
2026-01-30 10:02:44,253 | WARNING |   [ABT] Fetch error: Too Many Requests. Rate limited. Try after a while.
2026-01-30 10:02:48,990 | WARNING |   [ACA.PA] Fetch error: Too Many Requests. Rate limited. Try after a while.
2026-01-30 10:02:53,691 | WARNING |   [ADBE] Fetch error: Too Many Requests. Rate limited. Try after a while.
2026-01-30 10:02:57,835 | WARNING |   [ADI] Fetch error: Too Many Requests. Rate limited. Try after a while.
2026-01-30 10:03:02,406 | WARNING |   [ADS.DE] Fetch error: Too Many Requests. Rate limited. Try after a while.
2026-01-30 10:03:06,747 | WARNING |   [ADSK] Fetch error: Too Many Requests. Rate limited. Try after a while.
2026-01-30 10:03:10,886 | WARNING |   [AEP] Fetch error: Too Many Requests. Rate limited. Try after a while.
2026-01-30 10:03:15,307 | WARNING |   [AFL] Fetch error: Too Many Requests. Rate limited. Try after a while.
2026-01-30 10:03:19,917 | WARNING |   [AI.PA] Fetch error: Too Many Requests. Rate limited. Try after a while.
2026-01-30 10:03:24,619 | WARNING |   [AIG] Fetch error: Too Many Requests. Rate limited. Try after a while.
2026-01-30 10:03:29,336 | WARNING |   [AIR.DE] Fetch error: Too Many Requests. Rate limited. Try after a while.
2026-01-30 10:03:33,839 | WARNING |   [AIR.PA] Fetch error: Too Many Requests. Rate limited. Try after a while.
2026-01-30 10:03:38,318 | WARNING |   [AKAM] Fetch error: Too Many Requests. Rate limited. Try after a while.
2026-01-30 10:03:42,595 | WARNING |   [AKER.OL] Fetch error: Too Many Requests. Rate limited. Try after a while.
2026-01-30 10:03:46,952 | WARNING |   [AKRBP.OL] Fetch error: Too Many Requests. Rate limited. Try after a while.
2026-01-30 10:03:51,272 | WARNING |   [AKSO.OL] Fetch error: Too Many Requests. Rate limited. Try after a while.
2026-01-30 10:03:55,777 | WARNING |   [AKVA.OL] Fetch error: Too Many Requests. Rate limited. Try after a while.
2026-01-30 10:04:00,361 | WARNING |   [ALB] Fetch error: Too Many Requests. Rate limited. Try after a while.
2026-01-30 10:04:04,641 | WARNING |   [ALL] Fetch error: Too Many Requests. Rate limited. Try after a while.
2026-01-30 10:04:09,173 | WARNING |   [ALO.PA] Fetch error: Too Many Requests. Rate limited. Try after a while.
2026-01-30 10:04:13,403 | WARNING |   [ALV.DE] Fetch error: Too Many Requests. Rate limited. Try after a while.
2026-01-30 10:04:17,776 | WARNING |   [AMAT] Fetch error: Too Many Requests. Rate limited. Try after a while.
2026-01-30 10:04:20,778 | INFO |   Batch complete, waiting 60s...
2026-01-30 10:05:20,789 | INFO | 
  Batch 2/17 (25 assets)
2026-01-30 10:05:23,271 | WARNING |   [AMD] Fetch error: Too Many Requests. Rate limited. Try after a while.
2026-01-30 10:05:27,787 | WARNING |   [AMGN] Fetch error: Too Many Requests. Rate limited. Try after a while.
2026-01-30 10:05:32,408 | WARNING |   [AMT] Fetch error: Too Many Requests. Rate limited. Try after a while.
2026-01-30 10:05:37,002 | WARNING |   [AMZN] Fetch error: Too Many Requests. Rate limited. Try after a while.
2026-01-30 10:05:41,405 | WARNING |   [AON] Fetch error: Too Many Requests. Rate limited. Try after a while.
2026-01-30 10:05:46,044 | WARNING |   [APD] Fetch error: Too Many Requests. Rate limited. Try after a while.
2026-01-30 10:05:50,533 | WARNING |   [ASML] Fetch error: Too Many Requests. Rate limited. Try after a while.
2026-01-30 10:05:54,793 | WARNING |   [ATO.PA] Fetch error: Too Many Requests. Rate limited. Try after a while.
2026-01-30 10:05:59,630 | WARNING |   [AUSS.OL] Fetch error: Too Many Requests. Rate limited. Try after a while.
