2026-02-13 15:44:19,884 | INFO | ======================================================================
2026-02-13 15:44:19,885 | INFO | IoS-001 DAILY PRICE INGEST
2026-02-13 15:44:19,885 | INFO | Executor: LINE (EC-004)
2026-02-13 15:44:19,885 | INFO | Authority: CEO_DIRECTIVE_LINE_DAILY_INGEST_ACTIVATION_20251212
2026-02-13 15:44:19,886 | INFO | Amendment: CEO-DIR-2026-119 (Rate Limit Mitigation)
2026-02-13 15:44:19,886 | INFO | Time: 2026-02-13T14:44:19.886172+00:00
2026-02-13 15:44:19,886 | INFO | Asset Class Filter: ALL
2026-02-13 15:44:19,886 | INFO | Batch Mode: True
2026-02-13 15:44:19,887 | INFO | Dry Run: False
2026-02-13 15:44:19,887 | INFO | ======================================================================
2026-02-13 15:44:20,222 | INFO | Found 491 VEGA-attested assets
2026-02-13 15:44:20,222 | INFO | 
============================================================
2026-02-13 15:44:20,222 | INFO | Processing CRYPTO: 46 assets
2026-02-13 15:44:20,222 | INFO | Schedule: Daily 01:00 UTC
2026-02-13 15:44:20,222 | INFO | ============================================================
2026-02-13 15:44:20,222 | INFO |   Using BATCH MODE (CEO-DIR-2026-119)
2026-02-13 15:44:20,222 | INFO | 
  Batch 1/5 (10 tickers)
2026-02-13 15:44:20,252 | INFO |     All assets up to date
2026-02-13 15:44:20,253 | INFO | 
  Batch 2/5 (10 tickers)
2026-02-13 15:44:20,272 | INFO |     Batch download: 1 tickers
2026-02-13 15:44:21,508 | ERROR | 
1 Failed download:
2026-02-13 15:44:21,508 | ERROR | ['GRT-USD']: YFPricesMissingError('possibly delisted; no price data found  (1d 2026-02-13 -> 2026-02-14)')
2026-02-13 15:44:21,539 | INFO |   Batch complete, waiting 120s...
2026-02-13 15:46:21,541 | INFO | 
  Batch 3/5 (10 tickers)
2026-02-13 15:46:21,600 | INFO |     All assets up to date
2026-02-13 15:46:21,600 | INFO | 
  Batch 4/5 (10 tickers)
2026-02-13 15:46:21,657 | INFO |     Batch download: 1 tickers
2026-02-13 15:46:22,110 | ERROR | 
1 Failed download:
2026-02-13 15:46:22,110 | ERROR | ['UNI-USD']: YFPricesMissingError('possibly delisted; no price data found  (1d 2026-02-12 -> 2026-02-14)')
2026-02-13 15:46:22,110 | INFO |   Batch complete, waiting 120s...
2026-02-13 15:48:22,114 | INFO | 
  Batch 5/5 (6 tickers)
2026-02-13 15:48:22,131 | INFO |     All assets up to date
2026-02-13 15:48:22,131 | INFO | 
============================================================
2026-02-13 15:48:22,131 | INFO | Processing EQUITY: 421 assets
2026-02-13 15:48:22,131 | INFO | Schedule: Weekdays 22:00 UTC
2026-02-13 15:48:22,131 | INFO | ============================================================
2026-02-13 15:48:22,131 | INFO |   Using BATCH MODE (CEO-DIR-2026-119)
2026-02-13 15:48:22,131 | INFO | 
  Batch 1/43 (10 tickers)
2026-02-13 15:48:22,163 | INFO |     Batch download: 8 tickers
2026-02-13 15:48:24,288 | ERROR | 
1 Failed download:
2026-02-13 15:48:24,288 | ERROR | ['1COV.DE']: YFPricesMissingError('possibly delisted; no price data found  (1d 2025-12-24 -> 2026-02-14)')
2026-02-13 15:48:24,409 | INFO |     [ABBV] +35 rows
2026-02-13 15:48:24,435 | INFO |     [ABNB] +35 rows
2026-02-13 15:48:24,456 | INFO |     [ABT] +35 rows
2026-02-13 15:48:24,478 | INFO |     [ADBE] +35 rows
2026-02-13 15:48:24,499 | INFO |     [ADI] +35 rows
2026-02-13 15:48:24,518 | INFO |     [ADSK] +35 rows
2026-02-13 15:48:24,538 | INFO |     [AEP] +35 rows
2026-02-13 15:48:24,539 | INFO |   Batch complete, waiting 120s...
