2025-12-30 04:55:13,465 | INFO | ======================================================================
2025-12-30 04:55:13,465 | INFO | IoS-001 DAILY PRICE INGEST
2025-12-30 04:55:13,465 | INFO | Executor: LINE (EC-004)
2025-12-30 04:55:13,465 | INFO | Authority: CEO_DIRECTIVE_LINE_DAILY_INGEST_ACTIVATION_20251212
2025-12-30 04:55:13,465 | INFO | Time: 2025-12-30T03:55:13.465774+00:00
2025-12-30 04:55:13,465 | INFO | Asset Class Filter: ALL
2025-12-30 04:55:13,465 | INFO | Dry Run: False
2025-12-30 04:55:13,465 | INFO | ======================================================================
2025-12-30 04:55:13,677 | INFO | Found 490 VEGA-attested assets
2025-12-30 04:55:13,677 | INFO | 
============================================================
2025-12-30 04:55:13,677 | INFO | Processing CRYPTO: 46 assets
2025-12-30 04:55:13,677 | INFO | Schedule: Daily 01:00 UTC
2025-12-30 04:55:13,677 | INFO | ============================================================
2025-12-30 04:55:13,677 | INFO | 
  Batch 1/2 (25 assets)
2025-12-30 04:55:13,715 | INFO |   Batch complete, waiting 60s...
2025-12-30 04:56:13,716 | INFO | 
  Batch 2/2 (21 assets)
2025-12-30 04:56:13,741 | INFO | 
============================================================
2025-12-30 04:56:13,741 | INFO | Processing EQUITY: 420 assets
2025-12-30 04:56:13,741 | INFO | Schedule: Weekdays 22:00 UTC
2025-12-30 04:56:13,741 | INFO | ============================================================
2025-12-30 04:56:13,741 | INFO | 
  Batch 1/17 (25 assets)
2025-12-30 04:56:16,689 | WARNING |   [1COV.DE] Fetch error: Too Many Requests. Rate limited. Try after a while.
2025-12-30 04:56:20,583 | WARNING |   [ABBV] Fetch error: Too Many Requests. Rate limited. Try after a while.
2025-12-30 04:56:24,534 | WARNING |   [ABNB] Fetch error: Too Many Requests. Rate limited. Try after a while.
2025-12-30 04:56:28,602 | WARNING |   [ABT] Fetch error: Too Many Requests. Rate limited. Try after a while.
2025-12-30 04:56:32,769 | WARNING |   [ACA.PA] Fetch error: Too Many Requests. Rate limited. Try after a while.
2025-12-30 04:56:36,790 | WARNING |   [ADBE] Fetch error: Too Many Requests. Rate limited. Try after a while.
2025-12-30 04:56:41,095 | WARNING |   [ADI] Fetch error: Too Many Requests. Rate limited. Try after a while.
2025-12-30 04:56:45,032 | WARNING |   [ADS.DE] Fetch error: Too Many Requests. Rate limited. Try after a while.
2025-12-30 04:56:49,262 | WARNING |   [ADSK] Fetch error: Too Many Requests. Rate limited. Try after a while.
2025-12-30 04:56:53,532 | WARNING |   [AEP] Fetch error: Too Many Requests. Rate limited. Try after a while.
2025-12-30 04:56:57,431 | WARNING |   [AFL] Fetch error: Too Many Requests. Rate limited. Try after a while.
2025-12-30 04:57:01,527 | WARNING |   [AI.PA] Fetch error: Too Many Requests. Rate limited. Try after a while.
2025-12-30 04:57:05,471 | WARNING |   [AIG] Fetch error: Too Many Requests. Rate limited. Try after a while.
2025-12-30 04:57:09,423 | WARNING |   [AIR.DE] Fetch error: Too Many Requests. Rate limited. Try after a while.
2025-12-30 04:57:13,572 | WARNING |   [AIR.PA] Fetch error: Too Many Requests. Rate limited. Try after a while.
2025-12-30 04:57:17,402 | WARNING |   [AKAM] Fetch error: Too Many Requests. Rate limited. Try after a while.
2025-12-30 04:57:21,350 | WARNING |   [AKER.OL] Fetch error: Too Many Requests. Rate limited. Try after a while.
2025-12-30 04:57:25,466 | WARNING |   [AKRBP.OL] Fetch error: Too Many Requests. Rate limited. Try after a while.
2025-12-30 04:57:29,492 | WARNING |   [AKSO.OL] Fetch error: Too Many Requests. Rate limited. Try after a while.
2025-12-30 04:57:33,665 | WARNING |   [AKVA.OL] Fetch error: Too Many Requests. Rate limited. Try after a while.
2025-12-30 04:57:38,740 | WARNING |   [ALB] Fetch error: Too Many Requests. Rate limited. Try after a while.
2025-12-30 04:57:43,019 | WARNING |   [ALL] Fetch error: Too Many Requests. Rate limited. Try after a while.
2025-12-30 04:57:47,069 | WARNING |   [ALO.PA] Fetch error: Too Many Requests. Rate limited. Try after a while.
2025-12-30 04:57:50,972 | WARNING |   [ALV.DE] Fetch error: Too Many Requests. Rate limited. Try after a while.
2025-12-30 04:57:54,885 | WARNING |   [AMAT] Fetch error: Too Many Requests. Rate limited. Try after a while.
2025-12-30 04:57:57,887 | INFO |   Batch complete, waiting 60s...
2025-12-30 04:58:57,889 | INFO | 
  Batch 2/17 (25 assets)
2025-12-30 04:58:59,286 | WARNING |   [AMD] Fetch error: Too Many Requests. Rate limited. Try after a while.
2025-12-30 04:59:03,431 | WARNING |   [AMGN] Fetch error: Too Many Requests. Rate limited. Try after a while.
2025-12-30 04:59:07,205 | WARNING |   [AMT] Fetch error: Too Many Requests. Rate limited. Try after a while.
2025-12-30 04:59:11,262 | WARNING |   [AMZN] Fetch error: Too Many Requests. Rate limited. Try after a while.
2025-12-30 04:59:15,226 | WARNING |   [AON] Fetch error: Too Many Requests. Rate limited. Try after a while.
2025-12-30 04:59:19,256 | WARNING |   [APD] Fetch error: Too Many Requests. Rate limited. Try after a while.
2025-12-30 04:59:23,343 | WARNING |   [ASML] Fetch error: Too Many Requests. Rate limited. Try after a while.
2025-12-30 04:59:27,069 | WARNING |   [ATO.PA] Fetch error: Too Many Requests. Rate limited. Try after a while.
2025-12-30 04:59:30,800 | WARNING |   [AUSS.OL] Fetch error: Too Many Requests. Rate limited. Try after a while.
2025-12-30 04:59:34,871 | WARNING |   [AUTO.OL] Fetch error: Too Many Requests. Rate limited. Try after a while.
2025-12-30 04:59:39,336 | WARNING |   [AV.L] Fetch error: Too Many Requests. Rate limited. Try after a while.
2025-12-30 04:59:43,530 | WARNING |   [AVB] Fetch error: Too Many Requests. Rate limited. Try after a while.
2025-12-30 04:59:47,604 | WARNING |   [AVGO] Fetch error: Too Many Requests. Rate limited. Try after a while.
2025-12-30 04:59:51,876 | WARNING |   [AWK] Fetch error: Too Many Requests. Rate limited. Try after a while.
2025-12-30 04:59:55,950 | WARNING |   [AXP] Fetch error: Too Many Requests. Rate limited. Try after a while.
2025-12-30 05:00:00,116 | WARNING |   [AZN.L] Fetch error: Too Many Requests. Rate limited. Try after a while.
2025-12-30 05:00:04,541 | WARNING |   [AZO] Fetch error: Too Many Requests. Rate limited. Try after a while.
2025-12-30 05:00:08,769 | WARNING |   [BA] Fetch error: Too Many Requests. Rate limited. Try after a while.
