2026-02-18 20:51:58,216 | INFO | ======================================================================
2026-02-18 20:51:58,216 | INFO | IoS-001 DAILY PRICE INGEST
2026-02-18 20:51:58,216 | INFO | Executor: LINE (EC-004)
2026-02-18 20:51:58,216 | INFO | Authority: CEO_DIRECTIVE_LINE_DAILY_INGEST_ACTIVATION_20251212
2026-02-18 20:51:58,216 | INFO | Amendment: CEO-DIR-2026-119 (Rate Limit Mitigation)
2026-02-18 20:51:58,216 | INFO | Time: 2026-02-18T19:51:58.216450+00:00
2026-02-18 20:51:58,216 | INFO | Asset Class Filter: ALL
2026-02-18 20:51:58,216 | INFO | Batch Mode: True
2026-02-18 20:51:58,216 | INFO | Dry Run: False
2026-02-18 20:51:58,216 | INFO | ======================================================================
2026-02-18 20:51:58,868 | INFO | Found 491 VEGA-attested assets
2026-02-18 20:51:58,868 | INFO | 
============================================================
2026-02-18 20:51:58,869 | INFO | Processing CRYPTO: 46 assets
2026-02-18 20:51:58,869 | INFO | Schedule: Daily 01:00 UTC
2026-02-18 20:51:58,869 | INFO | ============================================================
2026-02-18 20:51:58,869 | INFO |   Using BATCH MODE (CEO-DIR-2026-119)
2026-02-18 20:51:58,870 | INFO | 
  Batch 1/5 (10 tickers)
2026-02-18 20:51:58,930 | INFO |     All assets up to date
2026-02-18 20:51:58,930 | INFO | 
  Batch 2/5 (10 tickers)
2026-02-18 20:51:58,996 | INFO |     Batch download: 1 tickers
2026-02-18 20:52:01,061 | ERROR | 
1 Failed download:
2026-02-18 20:52:01,061 | ERROR | ['GRT-USD']: YFPricesMissingError('possibly delisted; no price data found  (1d 2026-02-18 -> 2026-02-19)')
2026-02-18 20:52:01,092 | INFO |   Batch complete, waiting 120s...
2026-02-18 20:54:01,093 | INFO | 
  Batch 3/5 (10 tickers)
2026-02-18 20:54:01,127 | INFO |     Batch download: 1 tickers
2026-02-18 20:54:01,888 | INFO |   Batch complete, waiting 120s...
2026-02-18 20:56:01,889 | INFO | 
  Batch 4/5 (10 tickers)
2026-02-18 20:56:01,970 | INFO |     Batch download: 1 tickers
2026-02-18 20:56:02,463 | ERROR | 
1 Failed download:
2026-02-18 20:56:02,463 | ERROR | ['UNI-USD']: YFPricesMissingError('possibly delisted; no price data found  (1d 2026-02-12 -> 2026-02-19)')
2026-02-18 20:56:02,463 | INFO |   Batch complete, waiting 120s...
