2026-02-08 15:36:51,172 | INFO | ======================================================================
2026-02-08 15:36:51,173 | INFO | IoS-001 DAILY PRICE INGEST
2026-02-08 15:36:51,173 | INFO | Executor: LINE (EC-004)
2026-02-08 15:36:51,173 | INFO | Authority: CEO_DIRECTIVE_LINE_DAILY_INGEST_ACTIVATION_20251212
2026-02-08 15:36:51,173 | INFO | Amendment: CEO-DIR-2026-119 (Rate Limit Mitigation)
2026-02-08 15:36:51,173 | INFO | Time: 2026-02-08T14:36:51.173921+00:00
2026-02-08 15:36:51,173 | INFO | Asset Class Filter: ALL
2026-02-08 15:36:51,173 | INFO | Batch Mode: True
2026-02-08 15:36:51,174 | INFO | Dry Run: False
2026-02-08 15:36:51,174 | INFO | ======================================================================
2026-02-08 15:36:51,446 | INFO | Found 491 VEGA-attested assets
2026-02-08 15:36:51,446 | INFO | 
============================================================
2026-02-08 15:36:51,446 | INFO | Processing CRYPTO: 46 assets
2026-02-08 15:36:51,446 | INFO | Schedule: Daily 01:00 UTC
2026-02-08 15:36:51,447 | INFO | ============================================================
2026-02-08 15:36:51,447 | INFO |   Using BATCH MODE (CEO-DIR-2026-119)
2026-02-08 15:36:51,447 | INFO | 
  Batch 1/5 (10 tickers)
2026-02-08 15:36:51,460 | INFO |     All assets up to date
2026-02-08 15:36:51,460 | INFO | 
  Batch 2/5 (10 tickers)
2026-02-08 15:36:51,470 | INFO |     Batch download: 1 tickers
2026-02-08 15:36:54,844 | ERROR | 
1 Failed download:
2026-02-08 15:36:54,844 | ERROR | ['GRT-USD']: YFRateLimitError('Too Many Requests. Rate limited. Try after a while.')
2026-02-08 15:36:54,868 | INFO |   Batch complete, waiting 120s...
2026-02-08 15:38:54,898 | INFO | 
  Batch 3/5 (10 tickers)
2026-02-08 15:38:54,955 | INFO |     All assets up to date
2026-02-08 15:38:54,955 | INFO | 
  Batch 4/5 (10 tickers)
2026-02-08 15:38:55,010 | INFO |     Batch download: 1 tickers
2026-02-08 15:38:58,792 | ERROR | 
1 Failed download:
2026-02-08 15:38:58,793 | ERROR | ['UNI-USD']: YFRateLimitError('Too Many Requests. Rate limited. Try after a while.')
2026-02-08 15:38:58,796 | INFO |   Batch complete, waiting 120s...
2026-02-08 15:40:57,138 | INFO | 
  Batch 5/5 (6 tickers)
2026-02-08 15:40:57,213 | INFO |     All assets up to date
2026-02-08 15:40:57,213 | INFO | 
============================================================
2026-02-08 15:40:57,213 | INFO | Processing EQUITY: 421 assets
2026-02-08 15:40:57,213 | INFO | Schedule: Weekdays 22:00 UTC
2026-02-08 15:40:57,213 | INFO | ============================================================
2026-02-08 15:40:57,213 | INFO |   Market closed for EQUITY today, skipping
2026-02-08 15:40:57,213 | INFO | 
============================================================
2026-02-08 15:40:57,213 | INFO | Processing FX: 24 assets
2026-02-08 15:40:57,213 | INFO | Schedule: Sun-Thu 22:00 UTC
2026-02-08 15:40:57,213 | INFO | ============================================================
2026-02-08 15:40:57,213 | INFO |   Using BATCH MODE (CEO-DIR-2026-119)
2026-02-08 15:40:57,213 | INFO | 
  Batch 1/3 (10 tickers)
2026-02-08 15:40:57,243 | INFO |     Batch download: 9 tickers
2026-02-08 15:41:14,644 | ERROR | 
9 Failed downloads:
2026-02-08 15:41:14,644 | ERROR | ['AUDJPY=X', 'CADJPY=X', 'EURSEK=X', 'EURAUD=X', 'CHFJPY=X', 'EURGBP=X', 'EURJPY=X', 'EURNOK=X', 'EURCHF=X']: YFRateLimitError('Too Many Requests. Rate limited. Try after a while.')
2026-02-08 15:41:14,645 | INFO |   Batch complete, waiting 120s...
