2026-01-18 11:22:50,937 | INFO | ======================================================================
2026-01-18 11:22:50,937 | INFO | IoS-001 DAILY PRICE INGEST
2026-01-18 11:22:50,937 | INFO | Executor: LINE (EC-004)
2026-01-18 11:22:50,937 | INFO | Authority: CEO_DIRECTIVE_LINE_DAILY_INGEST_ACTIVATION_20251212
2026-01-18 11:22:50,937 | INFO | Time: 2026-01-18T10:22:50.937730+00:00
2026-01-18 11:22:50,937 | INFO | Asset Class Filter: ALL
2026-01-18 11:22:50,937 | INFO | Dry Run: False
2026-01-18 11:22:50,937 | INFO | ======================================================================
2026-01-18 11:22:51,190 | INFO | Found 491 VEGA-attested assets
2026-01-18 11:22:51,190 | INFO | 
============================================================
2026-01-18 11:22:51,190 | INFO | Processing CRYPTO: 46 assets
2026-01-18 11:22:51,190 | INFO | Schedule: Daily 01:00 UTC
2026-01-18 11:22:51,190 | INFO | ============================================================
2026-01-18 11:22:51,190 | INFO | 
  Batch 1/2 (25 assets)
2026-01-18 11:22:55,650 | WARNING |   [GRT-USD] Fetch error: Too Many Requests. Rate limited. Try after a while.
2026-01-18 11:22:58,672 | INFO |   Batch complete, waiting 60s...
2026-01-18 11:23:58,680 | INFO | 
  Batch 2/2 (21 assets)
2026-01-18 11:24:00,311 | WARNING |   [UNI-USD] Fetch error: Too Many Requests. Rate limited. Try after a while.
2026-01-18 11:24:03,312 | INFO | 
============================================================
2026-01-18 11:24:03,312 | INFO | Processing EQUITY: 421 assets
2026-01-18 11:24:03,312 | INFO | Schedule: Weekdays 22:00 UTC
2026-01-18 11:24:03,312 | INFO | ============================================================
2026-01-18 11:24:03,312 | INFO |   Market closed for EQUITY today, skipping
2026-01-18 11:24:03,312 | INFO | 
============================================================
2026-01-18 11:24:03,312 | INFO | Processing FX: 24 assets
2026-01-18 11:24:03,312 | INFO | Schedule: Sun-Thu 22:00 UTC
2026-01-18 11:24:03,312 | INFO | ============================================================
2026-01-18 11:24:03,312 | INFO | 
  Batch 1/1 (24 assets)
2026-01-18 11:24:04,319 | WARNING |   [AUDJPY=X] Fetch error: Too Many Requests. Rate limited. Try after a while.
2026-01-18 11:24:08,290 | WARNING |   [CADJPY=X] Fetch error: Too Many Requests. Rate limited. Try after a while.
2026-01-18 11:24:11,980 | WARNING |   [CHFJPY=X] Fetch error: Too Many Requests. Rate limited. Try after a while.
2026-01-18 11:24:16,052 | WARNING |   [EURAUD=X] Fetch error: Too Many Requests. Rate limited. Try after a while.
2026-01-18 11:24:19,893 | WARNING |   [EURCHF=X] Fetch error: Too Many Requests. Rate limited. Try after a while.
2026-01-18 11:24:23,643 | WARNING |   [EURGBP=X] Fetch error: Too Many Requests. Rate limited. Try after a while.
2026-01-18 11:24:27,415 | WARNING |   [EURJPY=X] Fetch error: Too Many Requests. Rate limited. Try after a while.
2026-01-18 11:24:31,660 | WARNING |   [EURNOK=X] Fetch error: Too Many Requests. Rate limited. Try after a while.
2026-01-18 11:24:35,409 | WARNING |   [EURSEK=X] Fetch error: Too Many Requests. Rate limited. Try after a while.
2026-01-18 11:24:39,516 | WARNING |   [EURUSD=X] Fetch error: Too Many Requests. Rate limited. Try after a while.
2026-01-18 11:24:43,638 | WARNING |   [GBPJPY=X] Fetch error: Too Many Requests. Rate limited. Try after a while.
2026-01-18 11:24:47,344 | WARNING |   [USDJPY=X] Fetch error: Too Many Requests. Rate limited. Try after a while.
2026-01-18 11:24:51,331 | WARNING |   [USDMXN=X] Fetch error: Too Many Requests. Rate limited. Try after a while.
2026-01-18 11:24:55,117 | WARNING |   [USDTRY=X] Fetch error: Too Many Requests. Rate limited. Try after a while.
2026-01-18 11:24:58,122 | WARNING | Heartbeat recording failed: relation "fhq_monitoring.system_heartbeats" does not exist
LINE 2:                 INSERT INTO fhq_monitoring.system_heartbeats...
                                    ^

2026-01-18 11:24:58,128 | INFO | 
======================================================================
2026-01-18 11:24:58,128 | INFO | DAILY INGEST COMPLETE
2026-01-18 11:24:58,129 | INFO | ======================================================================
2026-01-18 11:24:58,129 | INFO | Assets Processed: 70
2026-01-18 11:24:58,129 | INFO | Assets Updated:   0
2026-01-18 11:24:58,129 | INFO | Rows Inserted:    0
2026-01-18 11:24:58,129 | INFO |   CRYPTO: 0 assets, 0 rows
2026-01-18 11:24:58,129 | INFO |   FX: 0 assets, 0 rows
2026-01-18 11:24:58,129 | INFO | Evidence: C:\fhq-market-system\vision-ios\03_FUNCTIONS\evidence\IOS001_DAILY_INGEST_5e3dab8d_20260118_112458.json
2026-01-18 11:24:58,129 | INFO | ======================================================================
