2026-02-16 15:24:36,895 | INFO | ======================================================================
2026-02-16 15:24:36,895 | INFO | IoS-001 DAILY PRICE INGEST
2026-02-16 15:24:36,895 | INFO | Executor: LINE (EC-004)
2026-02-16 15:24:36,895 | INFO | Authority: CEO_DIRECTIVE_LINE_DAILY_INGEST_ACTIVATION_20251212
2026-02-16 15:24:36,895 | INFO | Amendment: CEO-DIR-2026-119 (Rate Limit Mitigation)
2026-02-16 15:24:36,896 | INFO | Time: 2026-02-16T14:24:36.895870+00:00
2026-02-16 15:24:36,896 | INFO | Asset Class Filter: ALL
2026-02-16 15:24:36,896 | INFO | Batch Mode: True
2026-02-16 15:24:36,896 | INFO | Dry Run: False
2026-02-16 15:24:36,896 | INFO | ======================================================================
2026-02-16 15:24:37,133 | INFO | Found 491 VEGA-attested assets
2026-02-16 15:24:37,133 | INFO | 
============================================================
2026-02-16 15:24:37,133 | INFO | Processing CRYPTO: 46 assets
2026-02-16 15:24:37,133 | INFO | Schedule: Daily 01:00 UTC
2026-02-16 15:24:37,134 | INFO | ============================================================
2026-02-16 15:24:37,134 | INFO |   Using BATCH MODE (CEO-DIR-2026-119)
2026-02-16 15:24:37,134 | INFO | 
  Batch 1/5 (10 tickers)
2026-02-16 15:24:37,172 | INFO |     All assets up to date
2026-02-16 15:24:37,172 | INFO | 
  Batch 2/5 (10 tickers)
2026-02-16 15:24:37,203 | INFO |     Batch download: 1 tickers
2026-02-16 15:24:40,004 | ERROR | 
1 Failed download:
2026-02-16 15:24:40,004 | ERROR | ['GRT-USD']: YFRateLimitError('Too Many Requests. Rate limited. Try after a while.')
2026-02-16 15:24:40,007 | INFO |   Batch complete, waiting 120s...
2026-02-16 15:26:40,008 | INFO | 
  Batch 3/5 (10 tickers)
2026-02-16 15:26:40,087 | INFO |     All assets up to date
2026-02-16 15:26:40,087 | INFO | 
  Batch 4/5 (10 tickers)
2026-02-16 15:26:40,170 | INFO |     Batch download: 1 tickers
2026-02-16 15:26:42,667 | ERROR | 
1 Failed download:
2026-02-16 15:26:42,667 | ERROR | ['UNI-USD']: YFRateLimitError('Too Many Requests. Rate limited. Try after a while.')
2026-02-16 15:26:42,667 | INFO |   Batch complete, waiting 120s...
2026-02-16 15:28:42,676 | INFO | 
  Batch 5/5 (6 tickers)
2026-02-16 15:28:42,720 | INFO |     All assets up to date
2026-02-16 15:28:42,720 | INFO | 
============================================================
2026-02-16 15:28:42,720 | INFO | Processing EQUITY: 421 assets
2026-02-16 15:28:42,720 | INFO | Schedule: Weekdays 22:00 UTC
2026-02-16 15:28:42,720 | INFO | ============================================================
2026-02-16 15:28:42,720 | INFO |   Using BATCH MODE (CEO-DIR-2026-119)
2026-02-16 15:28:42,720 | INFO | 
  Batch 1/43 (10 tickers)
2026-02-16 15:28:42,740 | INFO |     Batch download: 8 tickers
2026-02-16 15:28:53,677 | ERROR | 
8 Failed downloads:
2026-02-16 15:28:53,677 | ERROR | ['ADI', 'ADBE', '1COV.DE', 'ABT', 'ABBV', 'ADSK', 'ABNB', 'AEP']: YFRateLimitError('Too Many Requests. Rate limited. Try after a while.')
2026-02-16 15:28:53,677 | INFO |   Batch complete, waiting 120s...
