2025-12-20 05:02:36,498 | INFO | ======================================================================
2025-12-20 05:02:36,498 | INFO | IoS-001 DAILY PRICE INGEST
2025-12-20 05:02:36,498 | INFO | Executor: LINE (EC-004)
2025-12-20 05:02:36,498 | INFO | Authority: CEO_DIRECTIVE_LINE_DAILY_INGEST_ACTIVATION_20251212
2025-12-20 05:02:36,498 | INFO | Time: 2025-12-20T04:02:36.498631+00:00
2025-12-20 05:02:36,498 | INFO | Asset Class Filter: ALL
2025-12-20 05:02:36,498 | INFO | Dry Run: False
2025-12-20 05:02:36,499 | INFO | ======================================================================
2025-12-20 05:02:36,975 | INFO | Found 463 VEGA-attested assets
2025-12-20 05:02:36,975 | INFO | 
============================================================
2025-12-20 05:02:36,975 | INFO | Processing CRYPTO: 45 assets
2025-12-20 05:02:36,975 | INFO | Schedule: Daily 01:00 UTC
2025-12-20 05:02:36,975 | INFO | ============================================================
2025-12-20 05:02:36,975 | INFO | 
  Batch 1/2 (25 assets)
2025-12-20 05:02:37,047 | INFO |   Batch complete, waiting 60s...
2025-12-20 05:03:37,051 | INFO | 
  Batch 2/2 (20 assets)
2025-12-20 05:03:37,145 | INFO | 
============================================================
2025-12-20 05:03:37,145 | INFO | Processing EQUITY: 394 assets
2025-12-20 05:03:37,145 | INFO | Schedule: Weekdays 22:00 UTC
2025-12-20 05:03:37,145 | INFO | ============================================================
2025-12-20 05:03:37,149 | INFO |   Market closed for EQUITY today, skipping
2025-12-20 05:03:37,149 | INFO | 
============================================================
2025-12-20 05:03:37,149 | INFO | Processing FX: 24 assets
2025-12-20 05:03:37,149 | INFO | Schedule: Sun-Thu 22:00 UTC
2025-12-20 05:03:37,149 | INFO | ============================================================
2025-12-20 05:03:37,149 | INFO |   Market closed for FX today, skipping
2025-12-20 05:03:37,150 | WARNING | Heartbeat recording failed: relation "fhq_monitoring.system_heartbeats" does not exist
LINE 2:                 INSERT INTO fhq_monitoring.system_heartbeats...
                                    ^

2025-12-20 05:03:37,150 | INFO | 
======================================================================
2025-12-20 05:03:37,150 | INFO | DAILY INGEST COMPLETE
2025-12-20 05:03:37,150 | INFO | ======================================================================
2025-12-20 05:03:37,150 | INFO | Assets Processed: 45
2025-12-20 05:03:37,150 | INFO | Assets Updated:   0
2025-12-20 05:03:37,150 | INFO | Rows Inserted:    0
2025-12-20 05:03:37,150 | INFO |   CRYPTO: 0 assets, 0 rows
2025-12-20 05:03:37,150 | INFO | Evidence: C:\fhq-market-system\vision-ios\03_FUNCTIONS\evidence\IOS001_DAILY_INGEST_f70150c8_20251220_050337.json
2025-12-20 05:03:37,150 | INFO | ======================================================================
