2026-02-15 03:08:06,511 | INFO | ======================================================================
2026-02-15 03:08:06,511 | INFO | IoS-001 DAILY PRICE INGEST
2026-02-15 03:08:06,511 | INFO | Executor: LINE (EC-004)
2026-02-15 03:08:06,511 | INFO | Authority: CEO_DIRECTIVE_LINE_DAILY_INGEST_ACTIVATION_20251212
2026-02-15 03:08:06,511 | INFO | Amendment: CEO-DIR-2026-119 (Rate Limit Mitigation)
2026-02-15 03:08:06,511 | INFO | Time: 2026-02-15T02:08:06.511074+00:00
2026-02-15 03:08:06,511 | INFO | Asset Class Filter: ALL
2026-02-15 03:08:06,511 | INFO | Batch Mode: True
2026-02-15 03:08:06,511 | INFO | Dry Run: False
2026-02-15 03:08:06,511 | INFO | ======================================================================
2026-02-15 03:08:06,794 | INFO | Found 491 VEGA-attested assets
2026-02-15 03:08:06,794 | INFO | 
============================================================
2026-02-15 03:08:06,794 | INFO | Processing CRYPTO: 46 assets
2026-02-15 03:08:06,794 | INFO | Schedule: Daily 01:00 UTC
2026-02-15 03:08:06,794 | INFO | ============================================================
2026-02-15 03:08:06,794 | INFO |   Using BATCH MODE (CEO-DIR-2026-119)
2026-02-15 03:08:06,794 | INFO | 
  Batch 1/5 (10 tickers)
2026-02-15 03:08:06,818 | INFO |     All assets up to date
2026-02-15 03:08:06,818 | INFO | 
  Batch 2/5 (10 tickers)
2026-02-15 03:08:06,849 | INFO |     Batch download: 1 tickers
2026-02-15 03:08:09,621 | ERROR | 
1 Failed download:
2026-02-15 03:08:09,621 | ERROR | ['GRT-USD']: YFRateLimitError('Too Many Requests. Rate limited. Try after a while.')
2026-02-15 03:08:09,636 | INFO |   Batch complete, waiting 120s...
2026-02-15 03:10:09,646 | INFO | 
  Batch 3/5 (10 tickers)
2026-02-15 03:10:09,684 | INFO |     All assets up to date
2026-02-15 03:10:09,684 | INFO | 
  Batch 4/5 (10 tickers)
2026-02-15 03:10:09,700 | INFO |     Batch download: 1 tickers
2026-02-15 03:10:12,517 | ERROR | 
1 Failed download:
2026-02-15 03:10:12,518 | ERROR | ['UNI-USD']: YFRateLimitError('Too Many Requests. Rate limited. Try after a while.')
2026-02-15 03:10:12,526 | INFO |   Batch complete, waiting 120s...
2026-02-15 03:12:12,527 | INFO | 
  Batch 5/5 (6 tickers)
2026-02-15 03:12:12,527 | INFO |     All assets up to date
2026-02-15 03:12:12,527 | INFO | 
============================================================
2026-02-15 03:12:12,527 | INFO | Processing EQUITY: 421 assets
2026-02-15 03:12:12,527 | INFO | Schedule: Weekdays 22:00 UTC
2026-02-15 03:12:12,527 | INFO | ============================================================
2026-02-15 03:12:12,527 | INFO |   Market closed for EQUITY today, skipping
2026-02-15 03:12:12,527 | INFO | 
============================================================
2026-02-15 03:12:12,527 | INFO | Processing FX: 24 assets
2026-02-15 03:12:12,527 | INFO | Schedule: Sun-Thu 22:00 UTC
2026-02-15 03:12:12,527 | INFO | ============================================================
2026-02-15 03:12:12,527 | INFO |   Using BATCH MODE (CEO-DIR-2026-119)
2026-02-15 03:12:12,527 | INFO | 
  Batch 1/3 (10 tickers)
2026-02-15 03:12:12,543 | INFO |     Batch download: 10 tickers
2026-02-15 03:12:24,465 | ERROR | 
10 Failed downloads:
2026-02-15 03:12:24,465 | ERROR | ['EURCHF=X', 'EURSEK=X', 'EURJPY=X', 'AUDUSD=X', 'EURAUD=X', 'EURNOK=X', 'CADJPY=X', 'EURGBP=X', 'AUDJPY=X', 'CHFJPY=X']: YFRateLimitError('Too Many Requests. Rate limited. Try after a while.')
2026-02-15 03:12:24,480 | INFO |   Batch complete, waiting 120s...
