2026-02-17 02:48:32,346 | INFO | ======================================================================
2026-02-17 02:48:32,346 | INFO | IoS-001 DAILY PRICE INGEST
2026-02-17 02:48:32,346 | INFO | Executor: LINE (EC-004)
2026-02-17 02:48:32,346 | INFO | Authority: CEO_DIRECTIVE_LINE_DAILY_INGEST_ACTIVATION_20251212
2026-02-17 02:48:32,346 | INFO | Amendment: CEO-DIR-2026-119 (Rate Limit Mitigation)
2026-02-17 02:48:32,346 | INFO | Time: 2026-02-17T01:48:32.346837+00:00
2026-02-17 02:48:32,346 | INFO | Asset Class Filter: ALL
2026-02-17 02:48:32,346 | INFO | Batch Mode: True
2026-02-17 02:48:32,346 | INFO | Dry Run: False
2026-02-17 02:48:32,346 | INFO | ======================================================================
2026-02-17 02:48:32,738 | INFO | Found 491 VEGA-attested assets
2026-02-17 02:48:32,738 | INFO | 
============================================================
2026-02-17 02:48:32,738 | INFO | Processing CRYPTO: 46 assets
2026-02-17 02:48:32,738 | INFO | Schedule: Daily 01:00 UTC
2026-02-17 02:48:32,738 | INFO | ============================================================
2026-02-17 02:48:32,738 | INFO |   Using BATCH MODE (CEO-DIR-2026-119)
2026-02-17 02:48:32,738 | INFO | 
  Batch 1/5 (10 tickers)
2026-02-17 02:48:32,758 | INFO |     All assets up to date
2026-02-17 02:48:32,758 | INFO | 
  Batch 2/5 (10 tickers)
2026-02-17 02:48:32,783 | INFO |     Batch download: 1 tickers
2026-02-17 02:48:35,476 | ERROR | 
1 Failed download:
2026-02-17 02:48:35,476 | ERROR | ['GRT-USD']: YFRateLimitError('Too Many Requests. Rate limited. Try after a while.')
2026-02-17 02:48:35,482 | INFO |   Batch complete, waiting 120s...
2026-02-17 02:50:35,483 | INFO | 
  Batch 3/5 (10 tickers)
2026-02-17 02:50:35,593 | INFO |     All assets up to date
2026-02-17 02:50:35,593 | INFO | 
  Batch 4/5 (10 tickers)
2026-02-17 02:50:35,639 | INFO |     Batch download: 1 tickers
2026-02-17 02:50:38,441 | ERROR | 
1 Failed download:
2026-02-17 02:50:38,441 | ERROR | ['UNI-USD']: YFRateLimitError('Too Many Requests. Rate limited. Try after a while.')
2026-02-17 02:50:38,441 | INFO |   Batch complete, waiting 120s...
2026-02-17 02:52:38,446 | INFO | 
  Batch 5/5 (6 tickers)
2026-02-17 02:52:38,501 | INFO |     All assets up to date
2026-02-17 02:52:38,503 | INFO | 
============================================================
2026-02-17 02:52:38,503 | INFO | Processing EQUITY: 421 assets
2026-02-17 02:52:38,505 | INFO | Schedule: Weekdays 22:00 UTC
2026-02-17 02:52:38,506 | INFO | ============================================================
2026-02-17 02:52:38,507 | INFO |   Using BATCH MODE (CEO-DIR-2026-119)
2026-02-17 02:52:38,508 | INFO | 
  Batch 1/43 (10 tickers)
2026-02-17 02:52:38,561 | INFO |     Batch download: 10 tickers
2026-02-17 02:52:51,461 | ERROR | 
10 Failed downloads:
2026-02-17 02:52:51,461 | ERROR | ['ABNB', 'ABBV', 'ADS.DE', 'ADSK', 'ACA.PA', 'AEP', 'ADI', 'ABT', 'ADBE', '1COV.DE']: YFRateLimitError('Too Many Requests. Rate limited. Try after a while.')
2026-02-17 02:52:51,472 | INFO |   Batch complete, waiting 120s...
