2026-01-29 16:58:26,513 | INFO | ======================================================================
2026-01-29 16:58:26,513 | INFO | IoS-001 DAILY PRICE INGEST
2026-01-29 16:58:26,513 | INFO | Executor: LINE (EC-004)
2026-01-29 16:58:26,513 | INFO | Authority: CEO_DIRECTIVE_LINE_DAILY_INGEST_ACTIVATION_20251212
2026-01-29 16:58:26,522 | INFO | Time: 2026-01-29T15:58:26.513858+00:00
2026-01-29 16:58:26,522 | INFO | Asset Class Filter: ALL
2026-01-29 16:58:26,522 | INFO | Dry Run: False
2026-01-29 16:58:26,522 | INFO | ======================================================================
2026-01-29 16:58:26,886 | INFO | Found 491 VEGA-attested assets
2026-01-29 16:58:26,887 | INFO | 
============================================================
2026-01-29 16:58:26,887 | INFO | Processing CRYPTO: 46 assets
2026-01-29 16:58:26,887 | INFO | Schedule: Daily 01:00 UTC
2026-01-29 16:58:26,887 | INFO | ============================================================
2026-01-29 16:58:26,887 | INFO | 
  Batch 1/2 (25 assets)
2026-01-29 16:58:31,609 | WARNING |   [GRT-USD] Fetch error: Too Many Requests. Rate limited. Try after a while.
2026-01-29 16:58:34,628 | INFO |   Batch complete, waiting 60s...
2026-01-29 16:59:34,629 | INFO | 
  Batch 2/2 (21 assets)
2026-01-29 16:59:37,531 | WARNING |   [UNI-USD] Fetch error: Too Many Requests. Rate limited. Try after a while.
2026-01-29 16:59:40,556 | INFO | 
============================================================
2026-01-29 16:59:40,556 | INFO | Processing EQUITY: 421 assets
2026-01-29 16:59:40,556 | INFO | Schedule: Weekdays 22:00 UTC
2026-01-29 16:59:40,556 | INFO | ============================================================
2026-01-29 16:59:40,557 | INFO | 
  Batch 1/17 (25 assets)
2026-01-29 16:59:41,867 | WARNING |   [1COV.DE] Fetch error: Too Many Requests. Rate limited. Try after a while.
2026-01-29 16:59:44,934 | INFO |   Batch complete, waiting 60s...
2026-01-29 17:00:44,935 | INFO | 
  Batch 2/17 (25 assets)
2026-01-29 17:00:45,022 | INFO |   Batch complete, waiting 60s...
2026-01-29 17:01:45,023 | INFO | 
  Batch 3/17 (25 assets)
2026-01-29 17:01:49,915 | WARNING |   [BRK.B] Fetch error: Too Many Requests. Rate limited. Try after a while.
2026-01-29 17:01:54,216 | WARNING |   [BSX] Fetch error: Too Many Requests. Rate limited. Try after a while.
2026-01-29 17:01:58,632 | WARNING |   [BT.A.L] Fetch error: Too Many Requests. Rate limited. Try after a while.
2026-01-29 17:02:02,747 | WARNING |   [BWO.OL] Fetch error: Too Many Requests. Rate limited. Try after a while.
2026-01-29 17:02:06,904 | WARNING |   [C] Fetch error: Too Many Requests. Rate limited. Try after a while.
2026-01-29 17:02:21,130 | ERROR | $CAG: possibly delisted; no price data found  (1d 2026-01-29 -> 2026-01-30)
2026-01-29 17:02:26,595 | WARNING |   [CAP.PA] Fetch error: Too Many Requests. Rate limited. Try after a while.
2026-01-29 17:02:31,345 | WARNING |   [CARR] Fetch error: Too Many Requests. Rate limited. Try after a while.
2026-01-29 17:02:35,598 | WARNING |   [CAT] Fetch error: Too Many Requests. Rate limited. Try after a while.
2026-01-29 17:02:39,948 | WARNING |   [CB] Fetch error: Too Many Requests. Rate limited. Try after a while.
2026-01-29 17:02:44,662 | WARNING |   [CBK.DE] Fetch error: Too Many Requests. Rate limited. Try after a while.
2026-01-29 17:02:48,846 | WARNING |   [CCI] Fetch error: Too Many Requests. Rate limited. Try after a while.
2026-01-29 17:02:53,583 | WARNING |   [CDNS] Fetch error: Too Many Requests. Rate limited. Try after a while.
2026-01-29 17:02:56,585 | INFO |   Batch complete, waiting 60s...
