2026-01-24 14:43:03,080 | INFO | ======================================================================
2026-01-24 14:43:03,080 | INFO | IoS-001 DAILY PRICE INGEST
2026-01-24 14:43:03,080 | INFO | Executor: LINE (EC-004)
2026-01-24 14:43:03,080 | INFO | Authority: CEO_DIRECTIVE_LINE_DAILY_INGEST_ACTIVATION_20251212
2026-01-24 14:43:03,080 | INFO | Time: 2026-01-24T13:43:03.080053+00:00
2026-01-24 14:43:03,080 | INFO | Asset Class Filter: ALL
2026-01-24 14:43:03,080 | INFO | Dry Run: False
2026-01-24 14:43:03,080 | INFO | ======================================================================
2026-01-24 14:43:03,449 | INFO | Found 491 VEGA-attested assets
2026-01-24 14:43:03,449 | INFO | 
============================================================
2026-01-24 14:43:03,449 | INFO | Processing CRYPTO: 46 assets
2026-01-24 14:43:03,449 | INFO | Schedule: Daily 01:00 UTC
2026-01-24 14:43:03,449 | INFO | ============================================================
2026-01-24 14:43:03,449 | INFO | 
  Batch 1/2 (25 assets)
2026-01-24 14:43:04,496 | ERROR | $GRT-USD: possibly delisted; no price data found  (1d 2026-01-24 -> 2026-01-25)
2026-01-24 14:43:07,513 | INFO |   Batch complete, waiting 60s...
2026-01-24 14:44:07,516 | INFO | 
  Batch 2/2 (21 assets)
2026-01-24 14:44:07,739 | ERROR | $UNI-USD: possibly delisted; no price data found  (1d 2026-01-23 -> 2026-01-25)
2026-01-24 14:44:10,804 | INFO | 
============================================================
2026-01-24 14:44:10,804 | INFO | Processing EQUITY: 421 assets
2026-01-24 14:44:10,804 | INFO | Schedule: Weekdays 22:00 UTC
2026-01-24 14:44:10,804 | INFO | ============================================================
2026-01-24 14:44:10,804 | INFO |   Market closed for EQUITY today, skipping
2026-01-24 14:44:10,804 | INFO | 
============================================================
2026-01-24 14:44:10,804 | INFO | Processing FX: 24 assets
2026-01-24 14:44:10,804 | INFO | Schedule: Sun-Thu 22:00 UTC
2026-01-24 14:44:10,804 | INFO | ============================================================
2026-01-24 14:44:10,804 | INFO |   Market closed for FX today, skipping
2026-01-24 14:44:10,825 | WARNING | Heartbeat recording failed: relation "fhq_monitoring.system_heartbeats" does not exist
LINE 2:                 INSERT INTO fhq_monitoring.system_heartbeats...
                                    ^

2026-01-24 14:44:10,825 | INFO | 
======================================================================
2026-01-24 14:44:10,825 | INFO | DAILY INGEST COMPLETE
2026-01-24 14:44:10,825 | INFO | ======================================================================
2026-01-24 14:44:10,825 | INFO | Assets Processed: 46
2026-01-24 14:44:10,835 | INFO | Assets Updated:   0
2026-01-24 14:44:10,835 | INFO | Rows Inserted:    0
2026-01-24 14:44:10,835 | INFO |   CRYPTO: 0 assets, 0 rows
2026-01-24 14:44:10,835 | INFO | Evidence: C:\fhq-market-system\vision-ios\03_FUNCTIONS\evidence\IOS001_DAILY_INGEST_d6b1f68e_20260124_144410.json
2026-01-24 14:44:10,839 | INFO | ======================================================================
