2026-01-27 09:39:28,271 | INFO | ======================================================================
2026-01-27 09:39:28,271 | INFO | IoS-001 DAILY PRICE INGEST
2026-01-27 09:39:28,271 | INFO | Executor: LINE (EC-004)
2026-01-27 09:39:28,271 | INFO | Authority: CEO_DIRECTIVE_LINE_DAILY_INGEST_ACTIVATION_20251212
2026-01-27 09:39:28,271 | INFO | Time: 2026-01-27T08:39:28.271384+00:00
2026-01-27 09:39:28,271 | INFO | Asset Class Filter: ALL
2026-01-27 09:39:28,271 | INFO | Dry Run: False
2026-01-27 09:39:28,271 | INFO | ======================================================================
2026-01-27 09:39:28,642 | INFO | Found 491 VEGA-attested assets
2026-01-27 09:39:28,642 | INFO | 
============================================================
2026-01-27 09:39:28,642 | INFO | Processing CRYPTO: 46 assets
2026-01-27 09:39:28,642 | INFO | Schedule: Daily 01:00 UTC
2026-01-27 09:39:28,642 | INFO | ============================================================
2026-01-27 09:39:28,642 | INFO | 
  Batch 1/2 (25 assets)
2026-01-27 09:39:31,575 | WARNING |   [GRT-USD] Fetch error: Too Many Requests. Rate limited. Try after a while.
2026-01-27 09:39:34,594 | INFO |   Batch complete, waiting 60s...
2026-01-27 09:40:34,596 | INFO | 
  Batch 2/2 (21 assets)
2026-01-27 09:40:36,628 | WARNING |   [UNI-USD] Fetch error: Too Many Requests. Rate limited. Try after a while.
2026-01-27 09:40:39,711 | INFO | 
============================================================
2026-01-27 09:40:39,711 | INFO | Processing EQUITY: 421 assets
2026-01-27 09:40:39,711 | INFO | Schedule: Weekdays 22:00 UTC
2026-01-27 09:40:39,711 | INFO | ============================================================
2026-01-27 09:40:39,711 | INFO | 
  Batch 1/17 (25 assets)
2026-01-27 09:40:41,277 | WARNING |   [1COV.DE] Fetch error: Too Many Requests. Rate limited. Try after a while.
2026-01-27 09:40:45,643 | WARNING |   [ABBV] Fetch error: Too Many Requests. Rate limited. Try after a while.
2026-01-27 09:40:49,545 | WARNING |   [ABNB] Fetch error: Too Many Requests. Rate limited. Try after a while.
2026-01-27 09:40:53,598 | WARNING |   [ABT] Fetch error: Too Many Requests. Rate limited. Try after a while.
2026-01-27 09:40:57,666 | WARNING |   [ADBE] Fetch error: Too Many Requests. Rate limited. Try after a while.
2026-01-27 09:41:01,599 | WARNING |   [ADI] Fetch error: Too Many Requests. Rate limited. Try after a while.
2026-01-27 09:41:05,718 | WARNING |   [ADSK] Fetch error: Too Many Requests. Rate limited. Try after a while.
2026-01-27 09:41:09,869 | WARNING |   [AEP] Fetch error: Too Many Requests. Rate limited. Try after a while.
2026-01-27 09:41:14,516 | WARNING |   [AFL] Fetch error: Too Many Requests. Rate limited. Try after a while.
2026-01-27 09:41:18,484 | WARNING |   [AIG] Fetch error: Too Many Requests. Rate limited. Try after a while.
2026-01-27 09:41:22,526 | WARNING |   [AKAM] Fetch error: Too Many Requests. Rate limited. Try after a while.
2026-01-27 09:41:26,287 | WARNING |   [ALB] Fetch error: Too Many Requests. Rate limited. Try after a while.
2026-01-27 09:41:30,345 | WARNING |   [ALL] Fetch error: Too Many Requests. Rate limited. Try after a while.
2026-01-27 09:41:34,282 | WARNING |   [AMAT] Fetch error: Too Many Requests. Rate limited. Try after a while.
2026-01-27 09:41:37,284 | INFO |   Batch complete, waiting 60s...
2026-01-27 09:42:37,285 | INFO | 
  Batch 2/17 (25 assets)
2026-01-27 09:42:39,579 | WARNING |   [AMD] Fetch error: Too Many Requests. Rate limited. Try after a while.
2026-01-27 09:42:43,897 | WARNING |   [AMGN] Fetch error: Too Many Requests. Rate limited. Try after a while.
2026-01-27 09:42:48,127 | WARNING |   [AMT] Fetch error: Too Many Requests. Rate limited. Try after a while.
2026-01-27 09:42:52,129 | WARNING |   [AMZN] Fetch error: Too Many Requests. Rate limited. Try after a while.
2026-01-27 09:42:56,965 | WARNING |   [AON] Fetch error: Too Many Requests. Rate limited. Try after a while.
2026-01-27 09:43:00,981 | WARNING |   [APD] Fetch error: Too Many Requests. Rate limited. Try after a while.
2026-01-27 09:43:04,902 | WARNING |   [ASML] Fetch error: Too Many Requests. Rate limited. Try after a while.
2026-01-27 09:43:09,344 | WARNING |   [AVB] Fetch error: Too Many Requests. Rate limited. Try after a while.
2026-01-27 09:43:13,246 | WARNING |   [AVGO] Fetch error: Too Many Requests. Rate limited. Try after a while.
2026-01-27 09:43:17,631 | WARNING |   [AWK] Fetch error: Too Many Requests. Rate limited. Try after a while.
2026-01-27 09:43:21,701 | WARNING |   [AXP] Fetch error: Too Many Requests. Rate limited. Try after a while.
2026-01-27 09:43:25,755 | WARNING |   [AZO] Fetch error: Too Many Requests. Rate limited. Try after a while.
2026-01-27 09:43:30,185 | WARNING |   [BA] Fetch error: Too Many Requests. Rate limited. Try after a while.
2026-01-27 09:43:34,315 | WARNING |   [BAC] Fetch error: Too Many Requests. Rate limited. Try after a while.
2026-01-27 09:43:37,345 | INFO |   Batch complete, waiting 60s...
