2026-01-22 07:57:34,504 | INFO | ======================================================================
2026-01-22 07:57:34,505 | INFO | IoS-001 DAILY PRICE INGEST
2026-01-22 07:57:34,505 | INFO | Executor: LINE (EC-004)
2026-01-22 07:57:34,505 | INFO | Authority: CEO_DIRECTIVE_LINE_DAILY_INGEST_ACTIVATION_20251212
2026-01-22 07:57:34,505 | INFO | Time: 2026-01-22T06:57:34.505844+00:00
2026-01-22 07:57:34,505 | INFO | Asset Class Filter: ALL
2026-01-22 07:57:34,506 | INFO | Dry Run: False
2026-01-22 07:57:34,506 | INFO | ======================================================================
2026-01-22 07:57:34,799 | INFO | Found 491 VEGA-attested assets
2026-01-22 07:57:34,799 | INFO | 
============================================================
2026-01-22 07:57:34,799 | INFO | Processing CRYPTO: 46 assets
2026-01-22 07:57:34,799 | INFO | Schedule: Daily 01:00 UTC
2026-01-22 07:57:34,799 | INFO | ============================================================
2026-01-22 07:57:34,799 | INFO | 
  Batch 1/2 (25 assets)
2026-01-22 07:57:37,878 | WARNING |   [GRT-USD] Fetch error: Too Many Requests. Rate limited. Try after a while.
2026-01-22 07:57:40,927 | INFO |   Batch complete, waiting 60s...
2026-01-22 07:58:40,928 | INFO | 
  Batch 2/2 (21 assets)
2026-01-22 07:58:42,458 | WARNING |   [UNI-USD] Fetch error: Too Many Requests. Rate limited. Try after a while.
2026-01-22 07:58:45,540 | INFO | 
============================================================
2026-01-22 07:58:45,540 | INFO | Processing EQUITY: 421 assets
2026-01-22 07:58:45,540 | INFO | Schedule: Weekdays 22:00 UTC
2026-01-22 07:58:45,540 | INFO | ============================================================
2026-01-22 07:58:45,540 | INFO | 
  Batch 1/17 (25 assets)
2026-01-22 07:58:46,778 | WARNING |   [1COV.DE] Fetch error: Too Many Requests. Rate limited. Try after a while.
2026-01-22 07:58:50,892 | WARNING |   [ABBV] Fetch error: Too Many Requests. Rate limited. Try after a while.
2026-01-22 07:58:55,003 | WARNING |   [ABNB] Fetch error: Too Many Requests. Rate limited. Try after a while.
2026-01-22 07:58:59,054 | WARNING |   [ABT] Fetch error: Too Many Requests. Rate limited. Try after a while.
2026-01-22 07:59:03,240 | WARNING |   [ACA.PA] Fetch error: Too Many Requests. Rate limited. Try after a while.
2026-01-22 07:59:07,409 | WARNING |   [ADBE] Fetch error: Too Many Requests. Rate limited. Try after a while.
2026-01-22 07:59:11,619 | WARNING |   [ADI] Fetch error: Too Many Requests. Rate limited. Try after a while.
2026-01-22 07:59:15,687 | WARNING |   [ADS.DE] Fetch error: Too Many Requests. Rate limited. Try after a while.
2026-01-22 07:59:19,754 | WARNING |   [ADSK] Fetch error: Too Many Requests. Rate limited. Try after a while.
2026-01-22 07:59:23,746 | WARNING |   [AEP] Fetch error: Too Many Requests. Rate limited. Try after a while.
2026-01-22 07:59:27,638 | WARNING |   [AFL] Fetch error: Too Many Requests. Rate limited. Try after a while.
2026-01-22 07:59:31,570 | WARNING |   [AI.PA] Fetch error: Too Many Requests. Rate limited. Try after a while.
2026-01-22 07:59:35,491 | WARNING |   [AIG] Fetch error: Too Many Requests. Rate limited. Try after a while.
2026-01-22 07:59:39,919 | WARNING |   [AIR.DE] Fetch error: Too Many Requests. Rate limited. Try after a while.
2026-01-22 07:59:43,857 | WARNING |   [AIR.PA] Fetch error: Too Many Requests. Rate limited. Try after a while.
2026-01-22 07:59:48,339 | WARNING |   [AKAM] Fetch error: Too Many Requests. Rate limited. Try after a while.
2026-01-22 07:59:52,326 | WARNING |   [AKER.OL] Fetch error: Too Many Requests. Rate limited. Try after a while.
2026-01-22 07:59:56,255 | WARNING |   [AKRBP.OL] Fetch error: Too Many Requests. Rate limited. Try after a while.
2026-01-22 08:00:00,447 | WARNING |   [AKSO.OL] Fetch error: Too Many Requests. Rate limited. Try after a while.
2026-01-22 08:00:04,687 | WARNING |   [AKVA.OL] Fetch error: Too Many Requests. Rate limited. Try after a while.
2026-01-22 08:00:08,789 | WARNING |   [ALB] Fetch error: Too Many Requests. Rate limited. Try after a while.
2026-01-22 08:00:13,099 | WARNING |   [ALL] Fetch error: Too Many Requests. Rate limited. Try after a while.
2026-01-22 08:00:17,354 | WARNING |   [ALO.PA] Fetch error: Too Many Requests. Rate limited. Try after a while.
2026-01-22 08:00:21,709 | WARNING |   [ALV.DE] Fetch error: Too Many Requests. Rate limited. Try after a while.
2026-01-22 08:00:25,623 | WARNING |   [AMAT] Fetch error: Too Many Requests. Rate limited. Try after a while.
2026-01-22 08:00:28,624 | INFO |   Batch complete, waiting 60s...
2026-01-22 08:01:28,627 | INFO | 
  Batch 2/17 (25 assets)
2026-01-22 08:01:30,224 | WARNING |   [AMD] Fetch error: Too Many Requests. Rate limited. Try after a while.
2026-01-22 08:01:34,310 | WARNING |   [AMGN] Fetch error: Too Many Requests. Rate limited. Try after a while.
2026-01-22 08:01:38,570 | WARNING |   [AMT] Fetch error: Too Many Requests. Rate limited. Try after a while.
2026-01-22 08:01:42,819 | WARNING |   [AMZN] Fetch error: Too Many Requests. Rate limited. Try after a while.
2026-01-22 08:01:47,193 | WARNING |   [AON] Fetch error: Too Many Requests. Rate limited. Try after a while.
2026-01-22 08:05:01,565 | ERROR | $APD: possibly delisted; no price data found  (1d 2026-01-22 -> 2026-01-23)
2026-01-22 08:05:10,566 | ERROR | $ASML: possibly delisted; no price data found  (1d 2026-01-22 -> 2026-01-23)
2026-01-22 08:09:44,530 | WARNING |   [ATO.PA] Fetch error: Too Many Requests. Rate limited. Try after a while.
2026-01-22 08:15:39,990 | ERROR | $AUSS.OL: possibly delisted; no price data found  (1d 2026-01-22 -> 2026-01-23)
2026-01-22 08:17:39,980 | ERROR | $AUTO.OL: possibly delisted; no price data found  (1d 2026-01-22 -> 2026-01-23)
