2026-01-31 08:57:03,465 | INFO | ======================================================================
2026-01-31 08:57:03,465 | INFO | IoS-001 DAILY PRICE INGEST
2026-01-31 08:57:03,465 | INFO | Executor: LINE (EC-004)
2026-01-31 08:57:03,465 | INFO | Authority: CEO_DIRECTIVE_LINE_DAILY_INGEST_ACTIVATION_20251212
2026-01-31 08:57:03,465 | INFO | Time: 2026-01-31T07:57:03.465914+00:00
2026-01-31 08:57:03,465 | INFO | Asset Class Filter: ALL
2026-01-31 08:57:03,465 | INFO | Dry Run: False
2026-01-31 08:57:03,465 | INFO | ======================================================================
2026-01-31 08:57:03,693 | INFO | Found 491 VEGA-attested assets
2026-01-31 08:57:03,709 | INFO | 
============================================================
2026-01-31 08:57:03,709 | INFO | Processing CRYPTO: 46 assets
2026-01-31 08:57:03,709 | INFO | Schedule: Daily 01:00 UTC
2026-01-31 08:57:03,709 | INFO | ============================================================
2026-01-31 08:57:03,709 | INFO | 
  Batch 1/2 (25 assets)
2026-01-31 08:57:06,605 | WARNING |   [GRT-USD] Fetch error: Too Many Requests. Rate limited. Try after a while.
2026-01-31 08:57:09,622 | INFO |   Batch complete, waiting 60s...
2026-01-31 08:58:09,638 | INFO | 
  Batch 2/2 (21 assets)
2026-01-31 08:58:11,197 | WARNING |   [UNI-USD] Fetch error: Too Many Requests. Rate limited. Try after a while.
2026-01-31 08:58:14,223 | INFO | 
============================================================
2026-01-31 08:58:14,223 | INFO | Processing EQUITY: 421 assets
2026-01-31 08:58:14,223 | INFO | Schedule: Weekdays 22:00 UTC
2026-01-31 08:58:14,223 | INFO | ============================================================
2026-01-31 08:58:14,223 | INFO |   Market closed for EQUITY today, skipping
2026-01-31 08:58:14,223 | INFO | 
============================================================
2026-01-31 08:58:14,223 | INFO | Processing FX: 24 assets
2026-01-31 08:58:14,223 | INFO | Schedule: Sun-Thu 22:00 UTC
2026-01-31 08:58:14,223 | INFO | ============================================================
2026-01-31 08:58:14,223 | INFO |   Market closed for FX today, skipping
2026-01-31 08:58:14,239 | WARNING | Heartbeat recording failed: relation "fhq_monitoring.system_heartbeats" does not exist
LINE 2:                 INSERT INTO fhq_monitoring.system_heartbeats...
                                    ^

2026-01-31 08:58:14,239 | INFO | 
======================================================================
2026-01-31 08:58:14,239 | INFO | DAILY INGEST COMPLETE
2026-01-31 08:58:14,239 | INFO | ======================================================================
2026-01-31 08:58:14,239 | INFO | Assets Processed: 46
2026-01-31 08:58:14,239 | INFO | Assets Updated:   0
2026-01-31 08:58:14,239 | INFO | Rows Inserted:    0
2026-01-31 08:58:14,239 | INFO |   CRYPTO: 0 assets, 0 rows
2026-01-31 08:58:14,239 | INFO | Evidence: C:\fhq-market-system\vision-ios\03_FUNCTIONS\evidence\IOS001_DAILY_INGEST_95f7d47f_20260131_085814.json
2026-01-31 08:58:14,239 | INFO | ======================================================================
