2026-02-14 13:33:43,493 | INFO | ======================================================================
2026-02-14 13:33:43,493 | INFO | IoS-001 DAILY PRICE INGEST
2026-02-14 13:33:43,493 | INFO | Executor: LINE (EC-004)
2026-02-14 13:33:43,493 | INFO | Authority: CEO_DIRECTIVE_LINE_DAILY_INGEST_ACTIVATION_20251212
2026-02-14 13:33:43,493 | INFO | Amendment: CEO-DIR-2026-119 (Rate Limit Mitigation)
2026-02-14 13:33:43,493 | INFO | Time: 2026-02-14T12:33:43.493050+00:00
2026-02-14 13:33:43,493 | INFO | Asset Class Filter: ALL
2026-02-14 13:33:43,493 | INFO | Batch Mode: True
2026-02-14 13:33:43,493 | INFO | Dry Run: False
2026-02-14 13:33:43,493 | INFO | ======================================================================
2026-02-14 13:33:43,681 | INFO | Found 491 VEGA-attested assets
2026-02-14 13:33:43,681 | INFO | 
============================================================
2026-02-14 13:33:43,681 | INFO | Processing CRYPTO: 46 assets
2026-02-14 13:33:43,681 | INFO | Schedule: Daily 01:00 UTC
2026-02-14 13:33:43,681 | INFO | ============================================================
2026-02-14 13:33:43,681 | INFO |   Using BATCH MODE (CEO-DIR-2026-119)
2026-02-14 13:33:43,681 | INFO | 
  Batch 1/5 (10 tickers)
2026-02-14 13:33:43,681 | INFO |     All assets up to date
2026-02-14 13:33:43,681 | INFO | 
  Batch 2/5 (10 tickers)
2026-02-14 13:33:43,702 | INFO |     Batch download: 1 tickers
2026-02-14 13:33:46,522 | ERROR | 
1 Failed download:
2026-02-14 13:33:46,522 | ERROR | ['GRT-USD']: YFRateLimitError('Too Many Requests. Rate limited. Try after a while.')
2026-02-14 13:33:46,522 | INFO |   Batch complete, waiting 120s...
2026-02-14 13:35:46,537 | INFO | 
  Batch 3/5 (10 tickers)
2026-02-14 13:35:46,553 | INFO |     All assets up to date
2026-02-14 13:35:46,553 | INFO | 
  Batch 4/5 (10 tickers)
2026-02-14 13:35:46,568 | INFO |     Batch download: 1 tickers
2026-02-14 13:35:49,964 | ERROR | 
1 Failed download:
2026-02-14 13:35:49,964 | ERROR | ['UNI-USD']: YFRateLimitError('Too Many Requests. Rate limited. Try after a while.')
2026-02-14 13:35:49,981 | INFO |   Batch complete, waiting 120s...
2026-02-14 13:37:49,985 | INFO | 
  Batch 5/5 (6 tickers)
2026-02-14 13:37:50,001 | INFO |     All assets up to date
2026-02-14 13:37:50,001 | INFO | 
============================================================
2026-02-14 13:37:50,001 | INFO | Processing EQUITY: 421 assets
2026-02-14 13:37:50,001 | INFO | Schedule: Weekdays 22:00 UTC
2026-02-14 13:37:50,001 | INFO | ============================================================
2026-02-14 13:37:50,001 | INFO |   Market closed for EQUITY today, skipping
2026-02-14 13:37:50,001 | INFO | 
============================================================
2026-02-14 13:37:50,001 | INFO | Processing FX: 24 assets
2026-02-14 13:37:50,001 | INFO | Schedule: Sun-Thu 22:00 UTC
2026-02-14 13:37:50,001 | INFO | ============================================================
2026-02-14 13:37:50,001 | INFO |   Market closed for FX today, skipping
2026-02-14 13:37:50,019 | WARNING | Heartbeat recording failed: relation "fhq_monitoring.system_heartbeats" does not exist
LINE 2:                 INSERT INTO fhq_monitoring.system_heartbeats...
                                    ^

2026-02-14 13:37:50,036 | INFO | 
======================================================================
2026-02-14 13:37:50,037 | INFO | DAILY INGEST COMPLETE
2026-02-14 13:37:50,038 | INFO | ======================================================================
2026-02-14 13:37:50,038 | INFO | Assets Processed: 46
2026-02-14 13:37:50,039 | INFO | Assets Updated:   0
2026-02-14 13:37:50,039 | INFO | Rows Inserted:    0
2026-02-14 13:37:50,040 | INFO |   CRYPTO: 0 assets, 0 rows
2026-02-14 13:37:50,040 | INFO | Evidence: C:\fhq-market-system\vision-ios\03_FUNCTIONS\evidence\IOS001_DAILY_INGEST_acce553f_20260214_133750.json
2026-02-14 13:37:50,040 | INFO | ======================================================================
