2026-02-03 21:21:52,218 | INFO | ======================================================================
2026-02-03 21:21:52,218 | INFO | IoS-001 DAILY PRICE INGEST
2026-02-03 21:21:52,218 | INFO | Executor: LINE (EC-004)
2026-02-03 21:21:52,218 | INFO | Authority: CEO_DIRECTIVE_LINE_DAILY_INGEST_ACTIVATION_20251212
2026-02-03 21:21:52,218 | INFO | Time: 2026-02-03T20:21:52.218291+00:00
2026-02-03 21:21:52,218 | INFO | Asset Class Filter: ALL
2026-02-03 21:21:52,218 | INFO | Dry Run: False
2026-02-03 21:21:52,218 | INFO | ======================================================================
2026-02-03 21:21:52,723 | INFO | Found 491 VEGA-attested assets
2026-02-03 21:21:52,724 | INFO | 
============================================================
2026-02-03 21:21:52,724 | INFO | Processing CRYPTO: 46 assets
2026-02-03 21:21:52,724 | INFO | Schedule: Daily 01:00 UTC
2026-02-03 21:21:52,724 | INFO | ============================================================
2026-02-03 21:21:52,725 | INFO | 
  Batch 1/2 (25 assets)
2026-02-03 21:21:56,715 | WARNING |   [GRT-USD] Fetch error: Too Many Requests. Rate limited. Try after a while.
2026-02-03 21:21:59,743 | INFO |   Batch complete, waiting 60s...
2026-02-03 21:22:59,744 | INFO | 
  Batch 2/2 (21 assets)
2026-02-03 21:23:01,695 | WARNING |   [UNI-USD] Fetch error: Too Many Requests. Rate limited. Try after a while.
2026-02-03 21:23:04,725 | INFO | 
============================================================
2026-02-03 21:23:04,725 | INFO | Processing EQUITY: 421 assets
2026-02-03 21:23:04,725 | INFO | Schedule: Weekdays 22:00 UTC
2026-02-03 21:23:04,725 | INFO | ============================================================
2026-02-03 21:23:04,725 | INFO | 
  Batch 1/17 (25 assets)
2026-02-03 21:23:05,858 | WARNING |   [1COV.DE] Fetch error: Too Many Requests. Rate limited. Try after a while.
2026-02-03 21:23:08,896 | INFO |   Batch complete, waiting 60s...
2026-02-03 21:24:08,903 | INFO | 
  Batch 2/17 (25 assets)
2026-02-03 21:24:08,950 | INFO |   Batch complete, waiting 60s...
2026-02-03 21:25:08,957 | INFO | 
  Batch 3/17 (25 assets)
2026-02-03 21:25:15,225 | WARNING |   [BRK.B] Fetch error: Too Many Requests. Rate limited. Try after a while.
2026-02-03 21:25:19,477 | WARNING |   [BT.A.L] Fetch error: Too Many Requests. Rate limited. Try after a while.
2026-02-03 21:25:22,504 | INFO |   Batch complete, waiting 60s...
2026-02-03 21:26:22,508 | INFO | 
  Batch 4/17 (25 assets)
2026-02-03 21:26:24,584 | WARNING |   [COIN] Fetch error: Too Many Requests. Rate limited. Try after a while.
2026-02-03 21:26:28,940 | WARNING |   [CON.DE] Fetch error: Too Many Requests. Rate limited. Try after a while.
2026-02-03 21:26:33,428 | WARNING |   [COP] Fetch error: Too Many Requests. Rate limited. Try after a while.
2026-02-03 21:26:37,715 | WARNING |   [COST] Fetch error: Too Many Requests. Rate limited. Try after a while.
2026-02-03 21:26:41,796 | WARNING |   [CPG.L] Fetch error: Too Many Requests. Rate limited. Try after a while.
2026-02-03 21:26:45,803 | WARNING |   [CRM] Fetch error: Too Many Requests. Rate limited. Try after a while.
2026-02-03 21:26:49,881 | WARNING |   [CRWD] Fetch error: Too Many Requests. Rate limited. Try after a while.
