2026-01-07 12:42:09,592 | INFO | ======================================================================
2026-01-07 12:42:09,593 | INFO | IoS-001 DAILY PRICE INGEST
2026-01-07 12:42:09,593 | INFO | Executor: LINE (EC-004)
2026-01-07 12:42:09,593 | INFO | Authority: CEO_DIRECTIVE_LINE_DAILY_INGEST_ACTIVATION_20251212
2026-01-07 12:42:09,593 | INFO | Time: 2026-01-07T11:42:09.593360+00:00
2026-01-07 12:42:09,593 | INFO | Asset Class Filter: ALL
2026-01-07 12:42:09,593 | INFO | Dry Run: False
2026-01-07 12:42:09,593 | INFO | ======================================================================
2026-01-07 12:42:09,795 | INFO | Found 491 VEGA-attested assets
2026-01-07 12:42:09,795 | INFO | 
============================================================
2026-01-07 12:42:09,795 | INFO | Processing CRYPTO: 46 assets
2026-01-07 12:42:09,795 | INFO | Schedule: Daily 01:00 UTC
2026-01-07 12:42:09,795 | INFO | ============================================================
2026-01-07 12:42:09,795 | INFO | 
  Batch 1/2 (25 assets)
2026-01-07 12:42:13,419 | WARNING |   [GRT-USD] Fetch error: Too Many Requests. Rate limited. Try after a while.
2026-01-07 12:42:16,466 | INFO |   Batch complete, waiting 60s...
2026-01-07 12:43:16,468 | INFO | 
  Batch 2/2 (21 assets)
2026-01-07 12:43:18,461 | WARNING |   [UNI-USD] Fetch error: Too Many Requests. Rate limited. Try after a while.
2026-01-07 12:43:21,506 | INFO | 
============================================================
2026-01-07 12:43:21,506 | INFO | Processing EQUITY: 421 assets
2026-01-07 12:43:21,506 | INFO | Schedule: Weekdays 22:00 UTC
2026-01-07 12:43:21,507 | INFO | ============================================================
2026-01-07 12:43:21,507 | INFO | 
  Batch 1/17 (25 assets)
2026-01-07 12:43:23,163 | WARNING |   [1COV.DE] Fetch error: Too Many Requests. Rate limited. Try after a while.
2026-01-07 12:43:27,617 | WARNING |   [ABBV] Fetch error: Too Many Requests. Rate limited. Try after a while.
2026-01-07 12:43:31,925 | WARNING |   [ABNB] Fetch error: Too Many Requests. Rate limited. Try after a while.
2026-01-07 12:43:36,612 | WARNING |   [ABT] Fetch error: Too Many Requests. Rate limited. Try after a while.
2026-01-07 12:43:40,915 | WARNING |   [ADBE] Fetch error: Too Many Requests. Rate limited. Try after a while.
2026-01-07 12:43:44,970 | WARNING |   [ADI] Fetch error: Too Many Requests. Rate limited. Try after a while.
2026-01-07 12:43:49,264 | WARNING |   [ADSK] Fetch error: Too Many Requests. Rate limited. Try after a while.
2026-01-07 12:43:53,216 | WARNING |   [AEP] Fetch error: Too Many Requests. Rate limited. Try after a while.
2026-01-07 12:43:57,591 | WARNING |   [AFL] Fetch error: Too Many Requests. Rate limited. Try after a while.
2026-01-07 12:44:01,907 | WARNING |   [AIG] Fetch error: Too Many Requests. Rate limited. Try after a while.
2026-01-07 12:44:05,965 | WARNING |   [AKAM] Fetch error: Too Many Requests. Rate limited. Try after a while.
2026-01-07 12:44:10,131 | WARNING |   [ALB] Fetch error: Too Many Requests. Rate limited. Try after a while.
2026-01-07 12:44:14,316 | WARNING |   [ALL] Fetch error: Too Many Requests. Rate limited. Try after a while.
2026-01-07 12:44:18,619 | WARNING |   [AMAT] Fetch error: Too Many Requests. Rate limited. Try after a while.
2026-01-07 12:44:21,621 | INFO |   Batch complete, waiting 60s...
2026-01-07 12:45:21,623 | INFO | 
  Batch 2/17 (25 assets)
2026-01-07 12:45:23,250 | WARNING |   [AMD] Fetch error: Too Many Requests. Rate limited. Try after a while.
2026-01-07 12:45:27,502 | WARNING |   [AMGN] Fetch error: Too Many Requests. Rate limited. Try after a while.
2026-01-07 12:45:31,624 | WARNING |   [AMT] Fetch error: Too Many Requests. Rate limited. Try after a while.
2026-01-07 12:45:36,129 | WARNING |   [AMZN] Fetch error: Too Many Requests. Rate limited. Try after a while.
2026-01-07 12:45:40,399 | WARNING |   [AON] Fetch error: Too Many Requests. Rate limited. Try after a while.
2026-01-07 12:45:44,647 | WARNING |   [APD] Fetch error: Too Many Requests. Rate limited. Try after a while.
2026-01-07 12:45:48,973 | WARNING |   [ASML] Fetch error: Too Many Requests. Rate limited. Try after a while.
2026-01-07 12:45:53,344 | WARNING |   [AVB] Fetch error: Too Many Requests. Rate limited. Try after a while.
2026-01-07 12:45:57,522 | WARNING |   [AVGO] Fetch error: Too Many Requests. Rate limited. Try after a while.
2026-01-07 12:46:01,907 | WARNING |   [AWK] Fetch error: Too Many Requests. Rate limited. Try after a while.
2026-01-07 12:46:06,303 | WARNING |   [AXP] Fetch error: Too Many Requests. Rate limited. Try after a while.
2026-01-07 12:46:10,953 | WARNING |   [AZO] Fetch error: Too Many Requests. Rate limited. Try after a while.
2026-01-07 12:46:15,295 | WARNING |   [BA] Fetch error: Too Many Requests. Rate limited. Try after a while.
2026-01-07 12:46:19,441 | WARNING |   [BAC] Fetch error: Too Many Requests. Rate limited. Try after a while.
2026-01-07 12:46:22,463 | INFO |   Batch complete, waiting 60s...
