2026-02-17 11:12:50,644 | INFO | ======================================================================
2026-02-17 11:12:50,644 | INFO | IoS-001 DAILY PRICE INGEST
2026-02-17 11:12:50,644 | INFO | Executor: LINE (EC-004)
2026-02-17 11:12:50,644 | INFO | Authority: CEO_DIRECTIVE_LINE_DAILY_INGEST_ACTIVATION_20251212
2026-02-17 11:12:50,644 | INFO | Amendment: CEO-DIR-2026-119 (Rate Limit Mitigation)
2026-02-17 11:12:50,644 | INFO | Time: 2026-02-17T10:12:50.644907+00:00
2026-02-17 11:12:50,644 | INFO | Asset Class Filter: ALL
2026-02-17 11:12:50,644 | INFO | Batch Mode: True
2026-02-17 11:12:50,644 | INFO | Dry Run: False
2026-02-17 11:12:50,644 | INFO | ======================================================================
2026-02-17 11:12:50,941 | INFO | Found 491 VEGA-attested assets
2026-02-17 11:12:50,941 | INFO | 
============================================================
2026-02-17 11:12:50,941 | INFO | Processing CRYPTO: 46 assets
2026-02-17 11:12:50,941 | INFO | Schedule: Daily 01:00 UTC
2026-02-17 11:12:50,941 | INFO | ============================================================
2026-02-17 11:12:50,941 | INFO |   Using BATCH MODE (CEO-DIR-2026-119)
2026-02-17 11:12:50,941 | INFO | 
  Batch 1/5 (10 tickers)
2026-02-17 11:12:50,981 | INFO |     All assets up to date
2026-02-17 11:12:50,981 | INFO | 
  Batch 2/5 (10 tickers)
2026-02-17 11:12:51,014 | INFO |     Batch download: 1 tickers
2026-02-17 11:12:52,574 | ERROR | 
1 Failed download:
2026-02-17 11:12:52,575 | ERROR | ['GRT-USD']: YFPricesMissingError('possibly delisted; no price data found  (1d 2026-02-15 -> 2026-02-18)')
2026-02-17 11:12:52,581 | INFO |   Batch complete, waiting 120s...
2026-02-17 11:14:52,581 | INFO | 
  Batch 3/5 (10 tickers)
2026-02-17 11:14:52,625 | INFO |     All assets up to date
2026-02-17 11:14:52,625 | INFO | 
  Batch 4/5 (10 tickers)
2026-02-17 11:14:52,675 | INFO |     Batch download: 1 tickers
2026-02-17 11:14:53,151 | ERROR | 
1 Failed download:
2026-02-17 11:14:53,151 | ERROR | ['UNI-USD']: YFPricesMissingError('possibly delisted; no price data found  (1d 2026-02-12 -> 2026-02-18)')
2026-02-17 11:14:53,162 | INFO |   Batch complete, waiting 120s...
2026-02-17 11:16:53,163 | INFO | 
  Batch 5/5 (6 tickers)
2026-02-17 11:16:53,190 | INFO |     All assets up to date
2026-02-17 11:16:53,191 | INFO | 
============================================================
2026-02-17 11:16:53,191 | INFO | Processing EQUITY: 421 assets
2026-02-17 11:16:53,191 | INFO | Schedule: Weekdays 22:00 UTC
2026-02-17 11:16:53,191 | INFO | ============================================================
2026-02-17 11:16:53,191 | INFO |   Using BATCH MODE (CEO-DIR-2026-119)
2026-02-17 11:16:53,191 | INFO | 
  Batch 1/43 (10 tickers)
2026-02-17 11:16:53,204 | INFO |     Batch download: 8 tickers
2026-02-17 11:16:54,976 | ERROR | 
1 Failed download:
2026-02-17 11:16:54,976 | ERROR | ['1COV.DE']: YFPricesMissingError('possibly delisted; no price data found  (1d 2025-12-24 -> 2026-02-18)')
2026-02-17 11:16:55,059 | INFO |     [ABBV] +35 rows
2026-02-17 11:16:55,077 | INFO |     [ABNB] +35 rows
2026-02-17 11:16:55,092 | INFO |     [ABT] +35 rows
2026-02-17 11:16:55,110 | INFO |     [ADBE] +35 rows
2026-02-17 11:16:55,120 | INFO |     [ADI] +35 rows
2026-02-17 11:16:55,131 | INFO |     [ADSK] +35 rows
2026-02-17 11:16:55,149 | INFO |     [AEP] +35 rows
2026-02-17 11:16:55,149 | INFO |   Batch complete, waiting 120s...
