2026-01-11 00:00:39,840 | INFO | ======================================================================
2026-01-11 00:00:39,841 | INFO | IoS-001 DAILY PRICE INGEST
2026-01-11 00:00:39,841 | INFO | Executor: LINE (EC-004)
2026-01-11 00:00:39,841 | INFO | Authority: CEO_DIRECTIVE_LINE_DAILY_INGEST_ACTIVATION_20251212
2026-01-11 00:00:39,842 | INFO | Time: 2026-01-10T23:00:39.842645+00:00
2026-01-11 00:00:39,842 | INFO | Asset Class Filter: ALL
2026-01-11 00:00:39,842 | INFO | Dry Run: False
2026-01-11 00:00:39,843 | INFO | ======================================================================
2026-01-11 00:00:40,486 | INFO | Found 491 VEGA-attested assets
2026-01-11 00:00:40,487 | INFO | 
============================================================
2026-01-11 00:00:40,487 | INFO | Processing CRYPTO: 46 assets
2026-01-11 00:00:40,487 | INFO | Schedule: Daily 01:00 UTC
2026-01-11 00:00:40,487 | INFO | ============================================================
2026-01-11 00:00:40,488 | INFO | 
  Batch 1/2 (25 assets)
2026-01-11 00:00:45,605 | WARNING |   [ADA-USD] Fetch error: Too Many Requests. Rate limited. Try after a while.
2026-01-11 00:00:49,678 | WARNING |   [ALGO-USD] Fetch error: Too Many Requests. Rate limited. Try after a while.
2026-01-11 00:00:53,730 | WARNING |   [ATOM-USD] Fetch error: Too Many Requests. Rate limited. Try after a while.
2026-01-11 00:00:57,725 | WARNING |   [AVAX-USD] Fetch error: Too Many Requests. Rate limited. Try after a while.
2026-01-11 00:01:01,735 | WARNING |   [AXS-USD] Fetch error: Too Many Requests. Rate limited. Try after a while.
2026-01-11 00:01:05,946 | WARNING |   [BCH-USD] Fetch error: Too Many Requests. Rate limited. Try after a while.
2026-01-11 00:01:10,150 | WARNING |   [BNB-USD] Fetch error: Too Many Requests. Rate limited. Try after a while.
2026-01-11 00:01:14,153 | WARNING |   [BTC-USD] Fetch error: Too Many Requests. Rate limited. Try after a while.
2026-01-11 00:01:18,611 | WARNING |   [CHZ-USD] Fetch error: Too Many Requests. Rate limited. Try after a while.
2026-01-11 00:01:22,953 | WARNING |   [CRO-USD] Fetch error: Too Many Requests. Rate limited. Try after a while.
2026-01-11 00:01:27,146 | WARNING |   [CRV-USD] Fetch error: Too Many Requests. Rate limited. Try after a while.
2026-01-11 00:01:31,096 | WARNING |   [DOGE-USD] Fetch error: Too Many Requests. Rate limited. Try after a while.
2026-01-11 00:01:35,150 | WARNING |   [DOT-USD] Fetch error: Too Many Requests. Rate limited. Try after a while.
2026-01-11 00:01:39,345 | WARNING |   [EOS-USD] Fetch error: Too Many Requests. Rate limited. Try after a while.
2026-01-11 00:01:43,670 | WARNING |   [ETC-USD] Fetch error: Too Many Requests. Rate limited. Try after a while.
2026-01-11 00:01:47,582 | WARNING |   [ETH-USD] Fetch error: Too Many Requests. Rate limited. Try after a while.
2026-01-11 00:01:51,773 | WARNING |   [FIL-USD] Fetch error: Too Many Requests. Rate limited. Try after a while.
2026-01-11 00:01:55,799 | WARNING |   [FLOW-USD] Fetch error: Too Many Requests. Rate limited. Try after a while.
2026-01-11 00:01:59,712 | WARNING |   [GRT-USD] Fetch error: Too Many Requests. Rate limited. Try after a while.
2026-01-11 00:02:03,929 | WARNING |   [HBAR-USD] Fetch error: Too Many Requests. Rate limited. Try after a while.
2026-01-11 00:02:07,961 | WARNING |   [ICP-USD] Fetch error: Too Many Requests. Rate limited. Try after a while.
2026-01-11 00:02:12,361 | WARNING |   [INJ-USD] Fetch error: Too Many Requests. Rate limited. Try after a while.
2026-01-11 00:02:16,384 | WARNING |   [LDO-USD] Fetch error: Too Many Requests. Rate limited. Try after a while.
2026-01-11 00:02:20,483 | WARNING |   [LINK-USD] Fetch error: Too Many Requests. Rate limited. Try after a while.
2026-01-11 00:02:24,712 | WARNING |   [LTC-USD] Fetch error: Too Many Requests. Rate limited. Try after a while.
2026-01-11 00:02:27,715 | INFO |   Batch complete, waiting 60s...
2026-01-11 00:03:27,716 | INFO | 
  Batch 2/2 (21 assets)
2026-01-11 00:03:29,464 | WARNING |   [MANA-USD] Fetch error: Too Many Requests. Rate limited. Try after a while.
2026-01-11 00:03:33,814 | WARNING |   [MKR-USD] Fetch error: Too Many Requests. Rate limited. Try after a while.
2026-01-11 00:03:38,147 | WARNING |   [NEAR-USD] Fetch error: Too Many Requests. Rate limited. Try after a while.
2026-01-11 00:03:42,616 | WARNING |   [OKB-USD] Fetch error: Too Many Requests. Rate limited. Try after a while.
2026-01-11 00:03:47,003 | WARNING |   [QNT-USD] Fetch error: Too Many Requests. Rate limited. Try after a while.
2026-01-11 00:03:51,274 | WARNING |   [RPL-USD] Fetch error: Too Many Requests. Rate limited. Try after a while.
2026-01-11 00:03:55,539 | WARNING |   [RUNE-USD] Fetch error: Too Many Requests. Rate limited. Try after a while.
2026-01-11 00:03:59,683 | WARNING |   [SAND-USD] Fetch error: Too Many Requests. Rate limited. Try after a while.
2026-01-11 00:04:03,720 | WARNING |   [SHIB-USD] Fetch error: Too Many Requests. Rate limited. Try after a while.
2026-01-11 00:04:07,988 | WARNING |   [SNX-USD] Fetch error: Too Many Requests. Rate limited. Try after a while.
2026-01-11 00:04:12,014 | WARNING |   [SOL-USD] Fetch error: Too Many Requests. Rate limited. Try after a while.
2026-01-11 00:04:16,266 | WARNING |   [THETA-USD] Fetch error: Too Many Requests. Rate limited. Try after a while.
2026-01-11 00:04:20,332 | WARNING |   [TRX-USD] Fetch error: Too Many Requests. Rate limited. Try after a while.
2026-01-11 00:04:24,465 | WARNING |   [UNI-USD] Fetch error: Too Many Requests. Rate limited. Try after a while.
2026-01-11 00:04:28,453 | WARNING |   [VET-USD] Fetch error: Too Many Requests. Rate limited. Try after a while.
2026-01-11 00:04:32,538 | WARNING |   [XLM-USD] Fetch error: Too Many Requests. Rate limited. Try after a while.
2026-01-11 00:04:36,424 | WARNING |   [XMR-USD] Fetch error: Too Many Requests. Rate limited. Try after a while.
2026-01-11 00:04:40,640 | WARNING |   [XRP-USD] Fetch error: Too Many Requests. Rate limited. Try after a while.
2026-01-11 00:04:45,137 | WARNING |   [XTZ-USD] Fetch error: Too Many Requests. Rate limited. Try after a while.
2026-01-11 00:04:49,281 | WARNING |   [ZEC-USD] Fetch error: Too Many Requests. Rate limited. Try after a while.
2026-01-11 00:04:53,397 | WARNING |   [AAVE-USD] Fetch error: Too Many Requests. Rate limited. Try after a while.
2026-01-11 00:04:56,398 | INFO | 
============================================================
2026-01-11 00:04:56,398 | INFO | Processing EQUITY: 421 assets
2026-01-11 00:04:56,398 | INFO | Schedule: Weekdays 22:00 UTC
2026-01-11 00:04:56,398 | INFO | ============================================================
2026-01-11 00:04:56,398 | INFO |   Market closed for EQUITY today, skipping
2026-01-11 00:04:56,398 | INFO | 
============================================================
2026-01-11 00:04:56,398 | INFO | Processing FX: 24 assets
2026-01-11 00:04:56,398 | INFO | Schedule: Sun-Thu 22:00 UTC
2026-01-11 00:04:56,398 | INFO | ============================================================
2026-01-11 00:04:56,398 | INFO |   Market closed for FX today, skipping
2026-01-11 00:04:56,401 | WARNING | Heartbeat recording failed: relation "fhq_monitoring.system_heartbeats" does not exist
LINE 2:                 INSERT INTO fhq_monitoring.system_heartbeats...
                                    ^

2026-01-11 00:04:56,402 | INFO | 
======================================================================
2026-01-11 00:04:56,402 | INFO | DAILY INGEST COMPLETE
2026-01-11 00:04:56,402 | INFO | ======================================================================
2026-01-11 00:04:56,402 | INFO | Assets Processed: 46
2026-01-11 00:04:56,402 | INFO | Assets Updated:   0
2026-01-11 00:04:56,402 | INFO | Rows Inserted:    0
2026-01-11 00:04:56,402 | INFO |   CRYPTO: 0 assets, 0 rows
2026-01-11 00:04:56,402 | INFO | Evidence: C:\fhq-market-system\vision-ios\03_FUNCTIONS\evidence\IOS001_DAILY_INGEST_eba74204_20260111_000456.json
2026-01-11 00:04:56,402 | INFO | ======================================================================
