2025-12-24 14:51:18,241 | INFO | ======================================================================
2025-12-24 14:51:18,241 | INFO | IoS-001 DAILY PRICE INGEST
2025-12-24 14:51:18,241 | INFO | Executor: LINE (EC-004)
2025-12-24 14:51:18,241 | INFO | Authority: CEO_DIRECTIVE_LINE_DAILY_INGEST_ACTIVATION_20251212
2025-12-24 14:51:18,242 | INFO | Time: 2025-12-24T13:51:18.242971+00:00
2025-12-24 14:51:18,242 | INFO | Asset Class Filter: ALL
2025-12-24 14:51:18,242 | INFO | Dry Run: False
2025-12-24 14:51:18,242 | INFO | ======================================================================
2025-12-24 14:51:18,379 | INFO | Found 463 VEGA-attested assets
2025-12-24 14:51:18,379 | INFO | 
============================================================
2025-12-24 14:51:18,379 | INFO | Processing CRYPTO: 45 assets
2025-12-24 14:51:18,379 | INFO | Schedule: Daily 01:00 UTC
2025-12-24 14:51:18,379 | INFO | ============================================================
2025-12-24 14:51:18,379 | INFO | 
  Batch 1/2 (25 assets)
2025-12-24 14:51:18,408 | INFO |   Batch complete, waiting 60s...
2025-12-24 14:52:18,409 | INFO | 
  Batch 2/2 (20 assets)
2025-12-24 14:52:18,495 | INFO | 
============================================================
2025-12-24 14:52:18,495 | INFO | Processing EQUITY: 394 assets
2025-12-24 14:52:18,495 | INFO | Schedule: Weekdays 22:00 UTC
2025-12-24 14:52:18,496 | INFO | ============================================================
2025-12-24 14:52:18,497 | INFO | 
  Batch 1/16 (25 assets)
2025-12-24 14:52:19,616 | ERROR | $1COV.DE: possibly delisted; no price data found  (1d 2025-12-24 -> 2025-12-25)
2025-12-24 14:52:22,861 | INFO |     [ABBV] +1 rows
2025-12-24 14:52:25,982 | INFO |     [ABNB] +1 rows
2025-12-24 14:52:29,193 | INFO |     [ABT] +1 rows
2025-12-24 14:52:32,319 | INFO |     [ADBE] +1 rows
2025-12-24 14:52:35,516 | INFO |     [ADI] +1 rows
2025-12-24 14:52:38,648 | INFO |     [ADS.DE] +1 rows
2025-12-24 14:52:41,756 | INFO |     [ADSK] +1 rows
2025-12-24 14:52:44,979 | INFO |     [AEP] +1 rows
2025-12-24 14:52:48,165 | INFO |     [AFL] +1 rows
2025-12-24 14:52:51,371 | INFO |     [AIG] +1 rows
2025-12-24 14:52:54,533 | INFO |     [AIR.DE] +1 rows
2025-12-24 14:52:57,635 | INFO |     [AKAM] +1 rows
2025-12-24 14:53:00,814 | INFO |     [AKER.OL] +1 rows
2025-12-24 14:53:03,964 | INFO |     [AKRBP.OL] +1 rows
2025-12-24 14:53:07,128 | INFO |     [AKSO.OL] +1 rows
2025-12-24 14:53:10,293 | INFO |     [AKVA.OL] +1 rows
2025-12-24 14:53:13,492 | INFO |     [ALB] +1 rows
2025-12-24 14:53:16,695 | INFO |     [ALL] +1 rows
2025-12-24 14:53:19,859 | INFO |     [ALV.DE] +1 rows
2025-12-24 14:53:23,044 | INFO |     [AMAT] +1 rows
2025-12-24 14:53:26,045 | INFO |   Batch complete, waiting 60s...
2025-12-24 14:54:26,046 | INFO | 
  Batch 2/16 (25 assets)
2025-12-24 14:54:26,186 | INFO |     [AMD] +1 rows
2025-12-24 14:54:29,377 | INFO |     [AMGN] +1 rows
2025-12-24 14:54:32,504 | INFO |     [AMT] +1 rows
2025-12-24 14:54:35,696 | INFO |     [AON] +1 rows
2025-12-24 14:54:38,890 | INFO |     [APD] +1 rows
2025-12-24 14:54:42,064 | INFO |     [AUSS.OL] +1 rows
2025-12-24 14:54:45,223 | INFO |     [AUTO.OL] +1 rows
2025-12-24 14:54:48,374 | INFO |     [AVB] +1 rows
2025-12-24 14:54:51,487 | INFO |     [AVGO] +1 rows
2025-12-24 14:54:54,636 | INFO |     [AWK] +1 rows
2025-12-24 14:54:57,809 | INFO |     [AXP] +1 rows
2025-12-24 14:55:00,964 | INFO |     [AZO] +1 rows
2025-12-24 14:55:04,144 | INFO |     [BA] +1 rows
2025-12-24 14:55:07,371 | INFO |     [BAC] +1 rows
2025-12-24 14:55:10,485 | INFO |     [BAKKA.OL] +1 rows
2025-12-24 14:55:13,658 | INFO |     [BAS.DE] +1 rows
2025-12-24 14:55:16,931 | INFO |     [BAYN.DE] +1 rows
2025-12-24 14:55:20,065 | INFO |     [BEI.DE] +1 rows
2025-12-24 14:55:23,201 | INFO |     [BEWI.OL] +1 rows
2025-12-24 14:55:26,202 | INFO |   Batch complete, waiting 60s...
