2026-02-01 15:21:28,141 | INFO | ======================================================================
2026-02-01 15:21:28,141 | INFO | IoS-001 DAILY PRICE INGEST
2026-02-01 15:21:28,141 | INFO | Executor: LINE (EC-004)
2026-02-01 15:21:28,141 | INFO | Authority: CEO_DIRECTIVE_LINE_DAILY_INGEST_ACTIVATION_20251212
2026-02-01 15:21:28,141 | INFO | Time: 2026-02-01T14:21:28.141767+00:00
2026-02-01 15:21:28,141 | INFO | Asset Class Filter: ALL
2026-02-01 15:21:28,141 | INFO | Dry Run: False
2026-02-01 15:21:28,141 | INFO | ======================================================================
2026-02-01 15:21:28,322 | INFO | Found 491 VEGA-attested assets
2026-02-01 15:21:28,332 | INFO | 
============================================================
2026-02-01 15:21:28,333 | INFO | Processing CRYPTO: 46 assets
2026-02-01 15:21:28,333 | INFO | Schedule: Daily 01:00 UTC
2026-02-01 15:21:28,333 | INFO | ============================================================
2026-02-01 15:21:28,333 | INFO | 
  Batch 1/2 (25 assets)
2026-02-01 15:21:31,398 | WARNING |   [GRT-USD] Fetch error: Too Many Requests. Rate limited. Try after a while.
2026-02-01 15:21:34,435 | INFO |   Batch complete, waiting 60s...
2026-02-01 15:22:34,439 | INFO | 
  Batch 2/2 (21 assets)
2026-02-01 15:22:36,231 | WARNING |   [UNI-USD] Fetch error: Too Many Requests. Rate limited. Try after a while.
2026-02-01 15:22:39,256 | INFO | 
============================================================
2026-02-01 15:22:39,256 | INFO | Processing EQUITY: 421 assets
2026-02-01 15:22:39,256 | INFO | Schedule: Weekdays 22:00 UTC
2026-02-01 15:22:39,266 | INFO | ============================================================
2026-02-01 15:22:39,266 | INFO |   Market closed for EQUITY today, skipping
2026-02-01 15:22:39,266 | INFO | 
============================================================
2026-02-01 15:22:39,266 | INFO | Processing FX: 24 assets
2026-02-01 15:22:39,266 | INFO | Schedule: Sun-Thu 22:00 UTC
2026-02-01 15:22:39,266 | INFO | ============================================================
2026-02-01 15:22:39,266 | INFO | 
  Batch 1/1 (24 assets)
2026-02-01 15:22:40,306 | WARNING |   [CHFJPY=X] Fetch error: Too Many Requests. Rate limited. Try after a while.
2026-02-01 15:22:44,473 | WARNING |   [EURAUD=X] Fetch error: Too Many Requests. Rate limited. Try after a while.
2026-02-01 15:22:48,577 | WARNING |   [EURGBP=X] Fetch error: Too Many Requests. Rate limited. Try after a while.
2026-02-01 15:22:52,484 | WARNING |   [EURJPY=X] Fetch error: Too Many Requests. Rate limited. Try after a while.
2026-02-01 15:22:56,683 | WARNING |   [EURNOK=X] Fetch error: Too Many Requests. Rate limited. Try after a while.
2026-02-01 15:23:00,777 | WARNING |   [EURSEK=X] Fetch error: Too Many Requests. Rate limited. Try after a while.
2026-02-01 15:23:04,718 | WARNING |   [EURUSD=X] Fetch error: Too Many Requests. Rate limited. Try after a while.
2026-02-01 15:23:08,734 | WARNING |   [GBPJPY=X] Fetch error: Too Many Requests. Rate limited. Try after a while.
2026-02-01 15:23:12,661 | WARNING |   [USDCHF=X] Fetch error: Too Many Requests. Rate limited. Try after a while.
2026-02-01 15:23:16,712 | WARNING |   [USDHKD=X] Fetch error: Too Many Requests. Rate limited. Try after a while.
2026-02-01 15:23:20,748 | WARNING |   [USDMXN=X] Fetch error: Too Many Requests. Rate limited. Try after a while.
2026-02-01 15:23:24,808 | WARNING |   [USDSEK=X] Fetch error: Too Many Requests. Rate limited. Try after a while.
2026-02-01 15:23:28,811 | WARNING |   [USDTRY=X] Fetch error: Too Many Requests. Rate limited. Try after a while.
2026-02-01 15:23:31,821 | WARNING | Heartbeat recording failed: relation "fhq_monitoring.system_heartbeats" does not exist
LINE 2:                 INSERT INTO fhq_monitoring.system_heartbeats...
                                    ^

2026-02-01 15:23:31,821 | INFO | 
======================================================================
2026-02-01 15:23:31,821 | INFO | DAILY INGEST COMPLETE
2026-02-01 15:23:31,821 | INFO | ======================================================================
2026-02-01 15:23:31,821 | INFO | Assets Processed: 70
2026-02-01 15:23:31,821 | INFO | Assets Updated:   0
2026-02-01 15:23:31,821 | INFO | Rows Inserted:    0
2026-02-01 15:23:31,826 | INFO |   CRYPTO: 0 assets, 0 rows
2026-02-01 15:23:31,826 | INFO |   FX: 0 assets, 0 rows
2026-02-01 15:23:31,826 | INFO | Evidence: C:\fhq-market-system\vision-ios\03_FUNCTIONS\evidence\IOS001_DAILY_INGEST_30a8286f_20260201_152331.json
2026-02-01 15:23:31,826 | INFO | ======================================================================
