2026-01-25 23:32:47,487 | INFO | ======================================================================
2026-01-25 23:32:47,487 | INFO | IoS-001 DAILY PRICE INGEST
2026-01-25 23:32:47,487 | INFO | Executor: LINE (EC-004)
2026-01-25 23:32:47,487 | INFO | Authority: CEO_DIRECTIVE_LINE_DAILY_INGEST_ACTIVATION_20251212
2026-01-25 23:32:47,487 | INFO | Time: 2026-01-25T22:32:47.487576+00:00
2026-01-25 23:32:47,487 | INFO | Asset Class Filter: ALL
2026-01-25 23:32:47,487 | INFO | Dry Run: False
2026-01-25 23:32:47,487 | INFO | ======================================================================
2026-01-25 23:32:47,890 | INFO | Found 491 VEGA-attested assets
2026-01-25 23:32:47,890 | INFO | 
============================================================
2026-01-25 23:32:47,890 | INFO | Processing CRYPTO: 46 assets
2026-01-25 23:32:47,890 | INFO | Schedule: Daily 01:00 UTC
2026-01-25 23:32:47,890 | INFO | ============================================================
2026-01-25 23:32:47,890 | INFO | 
  Batch 1/2 (25 assets)
2026-01-25 23:32:47,948 | INFO |   Batch complete, waiting 60s...
2026-01-25 23:33:47,948 | INFO | 
  Batch 2/2 (21 assets)
2026-01-25 23:33:50,988 | WARNING |   [UNI-USD] Fetch error: Too Many Requests. Rate limited. Try after a while.
2026-01-25 23:33:54,013 | INFO | 
============================================================
2026-01-25 23:33:54,013 | INFO | Processing EQUITY: 421 assets
2026-01-25 23:33:54,014 | INFO | Schedule: Weekdays 22:00 UTC
2026-01-25 23:33:54,014 | INFO | ============================================================
2026-01-25 23:33:54,014 | INFO |   Market closed for EQUITY today, skipping
2026-01-25 23:33:54,014 | INFO | 
============================================================
2026-01-25 23:33:54,014 | INFO | Processing FX: 24 assets
2026-01-25 23:33:54,014 | INFO | Schedule: Sun-Thu 22:00 UTC
2026-01-25 23:33:54,014 | INFO | ============================================================
2026-01-25 23:33:54,014 | INFO | 
  Batch 1/1 (24 assets)
2026-01-25 23:33:55,412 | WARNING |   [EURSEK=X] Fetch error: Too Many Requests. Rate limited. Try after a while.
2026-01-25 23:33:59,508 | WARNING |   [USDSEK=X] Fetch error: Too Many Requests. Rate limited. Try after a while.
2026-01-25 23:34:02,513 | WARNING | Heartbeat recording failed: relation "fhq_monitoring.system_heartbeats" does not exist
LINE 2:                 INSERT INTO fhq_monitoring.system_heartbeats...
                                    ^

2026-01-25 23:34:02,513 | INFO | 
======================================================================
2026-01-25 23:34:02,513 | INFO | DAILY INGEST COMPLETE
2026-01-25 23:34:02,513 | INFO | ======================================================================
2026-01-25 23:34:02,513 | INFO | Assets Processed: 70
2026-01-25 23:34:02,513 | INFO | Assets Updated:   0
2026-01-25 23:34:02,513 | INFO | Rows Inserted:    0
2026-01-25 23:34:02,513 | INFO |   CRYPTO: 0 assets, 0 rows
2026-01-25 23:34:02,513 | INFO |   FX: 0 assets, 0 rows
2026-01-25 23:34:02,513 | INFO | Evidence: C:\fhq-market-system\vision-ios\03_FUNCTIONS\evidence\IOS001_DAILY_INGEST_0f3f10c8_20260125_233402.json
2026-01-25 23:34:02,513 | INFO | ======================================================================
