2026-01-11 22:50:22,880 | INFO | ======================================================================
2026-01-11 22:50:22,880 | INFO | IoS-001 DAILY PRICE INGEST
2026-01-11 22:50:22,880 | INFO | Executor: LINE (EC-004)
2026-01-11 22:50:22,880 | INFO | Authority: CEO_DIRECTIVE_LINE_DAILY_INGEST_ACTIVATION_20251212
2026-01-11 22:50:22,880 | INFO | Time: 2026-01-11T21:50:22.880838+00:00
2026-01-11 22:50:22,880 | INFO | Asset Class Filter: ALL
2026-01-11 22:50:22,880 | INFO | Dry Run: False
2026-01-11 22:50:22,880 | INFO | ======================================================================
2026-01-11 22:50:23,126 | INFO | Found 491 VEGA-attested assets
2026-01-11 22:50:23,126 | INFO | 
============================================================
2026-01-11 22:50:23,126 | INFO | Processing CRYPTO: 46 assets
2026-01-11 22:50:23,126 | INFO | Schedule: Daily 01:00 UTC
2026-01-11 22:50:23,126 | INFO | ============================================================
2026-01-11 22:50:23,126 | INFO | 
  Batch 1/2 (25 assets)
2026-01-11 22:50:26,258 | WARNING |   [GRT-USD] Fetch error: Too Many Requests. Rate limited. Try after a while.
2026-01-11 22:50:29,266 | INFO |   Batch complete, waiting 60s...
2026-01-11 22:51:29,268 | INFO | 
  Batch 2/2 (21 assets)
2026-01-11 22:51:30,664 | WARNING |   [UNI-USD] Fetch error: Too Many Requests. Rate limited. Try after a while.
2026-01-11 22:51:33,685 | INFO | 
============================================================
2026-01-11 22:51:33,685 | INFO | Processing EQUITY: 421 assets
2026-01-11 22:51:33,685 | INFO | Schedule: Weekdays 22:00 UTC
2026-01-11 22:51:33,685 | INFO | ============================================================
2026-01-11 22:51:33,685 | INFO |   Market closed for EQUITY today, skipping
2026-01-11 22:51:33,685 | INFO | 
============================================================
2026-01-11 22:51:33,685 | INFO | Processing FX: 24 assets
2026-01-11 22:51:33,685 | INFO | Schedule: Sun-Thu 22:00 UTC
2026-01-11 22:51:33,685 | INFO | ============================================================
2026-01-11 22:51:33,685 | INFO | 
  Batch 1/1 (24 assets)
2026-01-11 22:51:33,736 | WARNING | Heartbeat recording failed: relation "fhq_monitoring.system_heartbeats" does not exist
LINE 2:                 INSERT INTO fhq_monitoring.system_heartbeats...
                                    ^

2026-01-11 22:51:33,736 | INFO | 
======================================================================
2026-01-11 22:51:33,736 | INFO | DAILY INGEST COMPLETE
2026-01-11 22:51:33,736 | INFO | ======================================================================
2026-01-11 22:51:33,736 | INFO | Assets Processed: 70
2026-01-11 22:51:33,736 | INFO | Assets Updated:   0
2026-01-11 22:51:33,736 | INFO | Rows Inserted:    0
2026-01-11 22:51:33,736 | INFO |   CRYPTO: 0 assets, 0 rows
2026-01-11 22:51:33,736 | INFO |   FX: 0 assets, 0 rows
2026-01-11 22:51:33,736 | INFO | Evidence: C:\fhq-market-system\vision-ios\03_FUNCTIONS\evidence\IOS001_DAILY_INGEST_6953d2eb_20260111_225133.json
2026-01-11 22:51:33,736 | INFO | ======================================================================
