2025-12-30 19:47:47,377 | INFO | ======================================================================
2025-12-30 19:47:47,377 | INFO | IoS-001 DAILY PRICE INGEST
2025-12-30 19:47:47,377 | INFO | Executor: LINE (EC-004)
2025-12-30 19:47:47,377 | INFO | Authority: CEO_DIRECTIVE_LINE_DAILY_INGEST_ACTIVATION_20251212
2025-12-30 19:47:47,377 | INFO | Time: 2025-12-30T18:47:47.377979+00:00
2025-12-30 19:47:47,377 | INFO | Asset Class Filter: ALL
2025-12-30 19:47:47,377 | INFO | Dry Run: False
2025-12-30 19:47:47,377 | INFO | ======================================================================
2025-12-30 19:47:47,808 | INFO | Found 491 VEGA-attested assets
2025-12-30 19:47:47,808 | INFO | 
============================================================
2025-12-30 19:47:47,808 | INFO | Processing CRYPTO: 46 assets
2025-12-30 19:47:47,808 | INFO | Schedule: Daily 01:00 UTC
2025-12-30 19:47:47,808 | INFO | ============================================================
2025-12-30 19:47:47,808 | INFO | 
  Batch 1/2 (25 assets)
2025-12-30 19:47:47,838 | INFO |   Batch complete, waiting 60s...
2025-12-30 19:48:47,844 | INFO | 
  Batch 2/2 (21 assets)
2025-12-30 19:48:47,923 | INFO | 
============================================================
2025-12-30 19:48:47,923 | INFO | Processing EQUITY: 421 assets
2025-12-30 19:48:47,923 | INFO | Schedule: Weekdays 22:00 UTC
2025-12-30 19:48:47,923 | INFO | ============================================================
2025-12-30 19:48:47,923 | INFO | 
  Batch 1/17 (25 assets)
2025-12-30 19:48:49,440 | ERROR | $1COV.DE: possibly delisted; no price data found  (1d 2025-12-24 -> 2025-12-31)
2025-12-30 19:48:52,469 | INFO |   Batch complete, waiting 60s...
2025-12-30 19:49:52,477 | INFO | 
  Batch 2/17 (25 assets)
2025-12-30 19:49:52,593 | INFO |   Batch complete, waiting 60s...
2025-12-30 19:50:52,594 | INFO | 
  Batch 3/17 (25 assets)
2025-12-30 19:50:57,561 | ERROR | $BRK.B: possibly delisted; no timezone found
2025-12-30 19:51:00,760 | INFO |     [BSX] +1 rows
2025-12-30 19:51:07,047 | ERROR | 404 Client Error: Not Found for url: https://query2.finance.yahoo.com/v10/finance/quoteSummary/BT.A.L?modules=financialData%2CquoteType%2CdefaultKeyStatistics%2CassetProfile%2CsummaryDetail&corsDomain=finance.yahoo.com&formatted=false&symbol=BT.A.L&crumb=dT2kse8%2FTrz
2025-12-30 19:51:07,047 | WARNING |   [BT.A.L] Fetch error: 'NoneType' object has no attribute 'update'
2025-12-30 19:51:10,197 | INFO |     [BWO.OL] +1 rows
2025-12-30 19:51:13,353 | INFO |     [C] +1 rows
2025-12-30 19:51:16,520 | INFO |     [CAG] +1 rows
2025-12-30 19:51:19,660 | INFO |     [CAP.PA] +1 rows
2025-12-30 19:51:22,799 | INFO |     [CARR] +1 rows
2025-12-30 19:51:26,012 | INFO |     [CAT] +1 rows
2025-12-30 19:51:29,270 | INFO |     [CB] +1 rows
2025-12-30 19:51:32,444 | INFO |     [CBK.DE] +1 rows
2025-12-30 19:51:35,564 | INFO |     [CCI] +1 rows
2025-12-30 19:51:38,661 | INFO |     [CDNS] +1 rows
2025-12-30 19:51:41,670 | INFO |   Batch complete, waiting 60s...
2025-12-30 19:52:41,671 | INFO | 
  Batch 4/17 (25 assets)
2025-12-30 19:52:41,916 | INFO |     [CF] +1 rows
2025-12-30 19:52:45,288 | INFO |     [CHD] +1 rows
