2026-02-06 14:33:12,041 | INFO | ======================================================================
2026-02-06 14:33:12,041 | INFO | IoS-001 DAILY PRICE INGEST
2026-02-06 14:33:12,041 | INFO | Executor: LINE (EC-004)
2026-02-06 14:33:12,041 | INFO | Authority: CEO_DIRECTIVE_LINE_DAILY_INGEST_ACTIVATION_20251212
2026-02-06 14:33:12,041 | INFO | Amendment: CEO-DIR-2026-119 (Rate Limit Mitigation)
2026-02-06 14:33:12,041 | INFO | Time: 2026-02-06T13:33:12.041195+00:00
2026-02-06 14:33:12,041 | INFO | Asset Class Filter: ALL
2026-02-06 14:33:12,041 | INFO | Batch Mode: True
2026-02-06 14:33:12,041 | INFO | Dry Run: False
2026-02-06 14:33:12,041 | INFO | ======================================================================
2026-02-06 14:33:12,402 | INFO | Found 491 VEGA-attested assets
2026-02-06 14:33:12,402 | INFO | 
============================================================
2026-02-06 14:33:12,402 | INFO | Processing CRYPTO: 46 assets
2026-02-06 14:33:12,402 | INFO | Schedule: Daily 01:00 UTC
2026-02-06 14:33:12,402 | INFO | ============================================================
2026-02-06 14:33:12,402 | INFO |   Using BATCH MODE (CEO-DIR-2026-119)
2026-02-06 14:33:12,402 | INFO | 
  Batch 1/5 (10 tickers)
2026-02-06 14:33:12,432 | INFO |     All assets up to date
2026-02-06 14:33:12,432 | INFO | 
  Batch 2/5 (10 tickers)
2026-02-06 14:33:12,467 | INFO |     Batch download: 1 tickers
2026-02-06 14:33:16,050 | ERROR | 
1 Failed download:
2026-02-06 14:33:16,050 | ERROR | ['GRT-USD']: YFRateLimitError('Too Many Requests. Rate limited. Try after a while.')
2026-02-06 14:33:16,070 | INFO |   Batch complete, waiting 120s...
2026-02-06 14:35:16,086 | INFO | 
  Batch 3/5 (10 tickers)
2026-02-06 14:35:16,158 | INFO |     All assets up to date
2026-02-06 14:35:16,158 | INFO | 
  Batch 4/5 (10 tickers)
2026-02-06 14:35:16,244 | INFO |     All assets up to date
2026-02-06 14:35:16,244 | INFO | 
  Batch 5/5 (6 tickers)
2026-02-06 14:35:16,281 | INFO |     All assets up to date
2026-02-06 14:35:16,281 | INFO | 
============================================================
2026-02-06 14:35:16,281 | INFO | Processing EQUITY: 421 assets
2026-02-06 14:35:16,281 | INFO | Schedule: Weekdays 22:00 UTC
2026-02-06 14:35:16,281 | INFO | ============================================================
2026-02-06 14:35:16,281 | INFO |   Using BATCH MODE (CEO-DIR-2026-119)
2026-02-06 14:35:16,281 | INFO | 
  Batch 1/43 (10 tickers)
2026-02-06 14:35:16,326 | INFO |     Batch download: 8 tickers
2026-02-06 14:35:32,641 | ERROR | 
8 Failed downloads:
2026-02-06 14:35:32,641 | ERROR | ['ABT', '1COV.DE', 'ABBV', 'ADI', 'ADBE', 'ADSK', 'AEP', 'ABNB']: YFRateLimitError('Too Many Requests. Rate limited. Try after a while.')
2026-02-06 14:35:32,652 | INFO |   Batch complete, waiting 120s...
2026-02-06 14:37:32,655 | INFO | 
  Batch 2/43 (10 tickers)
2026-02-06 14:37:32,688 | INFO |     Batch download: 3 tickers
2026-02-06 14:37:39,139 | ERROR | 
3 Failed downloads:
2026-02-06 14:37:39,139 | ERROR | ['AIG', 'AKAM', 'AFL']: YFRateLimitError('Too Many Requests. Rate limited. Try after a while.')
2026-02-06 14:37:39,150 | INFO |   Batch complete, waiting 120s...
