2025-12-31 03:14:26,393 | INFO | ======================================================================
2025-12-31 03:14:26,393 | INFO | IoS-001 DAILY PRICE INGEST
2025-12-31 03:14:26,394 | INFO | Executor: LINE (EC-004)
2025-12-31 03:14:26,394 | INFO | Authority: CEO_DIRECTIVE_LINE_DAILY_INGEST_ACTIVATION_20251212
2025-12-31 03:14:26,394 | INFO | Time: 2025-12-31T02:14:26.394457+00:00
2025-12-31 03:14:26,394 | INFO | Asset Class Filter: ALL
2025-12-31 03:14:26,394 | INFO | Dry Run: False
2025-12-31 03:14:26,394 | INFO | ======================================================================
2025-12-31 03:14:26,739 | INFO | Found 491 VEGA-attested assets
2025-12-31 03:14:26,739 | INFO | 
============================================================
2025-12-31 03:14:26,739 | INFO | Processing CRYPTO: 46 assets
2025-12-31 03:14:26,739 | INFO | Schedule: Daily 01:00 UTC
2025-12-31 03:14:26,739 | INFO | ============================================================
2025-12-31 03:14:26,739 | INFO | 
  Batch 1/2 (25 assets)
2025-12-31 03:14:30,422 | WARNING |   [ADA-USD] Fetch error: Too Many Requests. Rate limited. Try after a while.
2025-12-31 03:14:34,688 | WARNING |   [ALGO-USD] Fetch error: Too Many Requests. Rate limited. Try after a while.
2025-12-31 03:14:38,404 | WARNING |   [ATOM-USD] Fetch error: Too Many Requests. Rate limited. Try after a while.
2025-12-31 03:14:42,707 | WARNING |   [AVAX-USD] Fetch error: Too Many Requests. Rate limited. Try after a while.
2025-12-31 03:14:46,749 | WARNING |   [AXS-USD] Fetch error: Too Many Requests. Rate limited. Try after a while.
2025-12-31 03:14:50,652 | WARNING |   [BCH-USD] Fetch error: Too Many Requests. Rate limited. Try after a while.
2025-12-31 03:14:54,691 | WARNING |   [BNB-USD] Fetch error: Too Many Requests. Rate limited. Try after a while.
2025-12-31 03:14:58,622 | WARNING |   [BTC-USD] Fetch error: Too Many Requests. Rate limited. Try after a while.
2025-12-31 03:15:02,654 | WARNING |   [CHZ-USD] Fetch error: Too Many Requests. Rate limited. Try after a while.
2025-12-31 03:15:07,025 | WARNING |   [CRO-USD] Fetch error: Too Many Requests. Rate limited. Try after a while.
2025-12-31 03:15:11,282 | WARNING |   [CRV-USD] Fetch error: Too Many Requests. Rate limited. Try after a while.
2025-12-31 03:15:15,500 | WARNING |   [DOGE-USD] Fetch error: Too Many Requests. Rate limited. Try after a while.
2025-12-31 03:15:19,626 | WARNING |   [DOT-USD] Fetch error: Too Many Requests. Rate limited. Try after a while.
2025-12-31 03:15:23,689 | WARNING |   [EOS-USD] Fetch error: Too Many Requests. Rate limited. Try after a while.
2025-12-31 03:15:27,716 | WARNING |   [ETC-USD] Fetch error: Too Many Requests. Rate limited. Try after a while.
2025-12-31 03:15:32,239 | WARNING |   [ETH-USD] Fetch error: Too Many Requests. Rate limited. Try after a while.
2025-12-31 03:15:36,225 | WARNING |   [FIL-USD] Fetch error: Too Many Requests. Rate limited. Try after a while.
2025-12-31 03:15:40,273 | WARNING |   [FLOW-USD] Fetch error: Too Many Requests. Rate limited. Try after a while.
2025-12-31 03:15:44,532 | WARNING |   [GRT-USD] Fetch error: Too Many Requests. Rate limited. Try after a while.
2025-12-31 03:15:48,562 | WARNING |   [HBAR-USD] Fetch error: Too Many Requests. Rate limited. Try after a while.
2025-12-31 03:15:52,457 | WARNING |   [ICP-USD] Fetch error: Too Many Requests. Rate limited. Try after a while.
2025-12-31 03:15:56,477 | WARNING |   [INJ-USD] Fetch error: Too Many Requests. Rate limited. Try after a while.
2025-12-31 03:16:00,448 | WARNING |   [LDO-USD] Fetch error: Too Many Requests. Rate limited. Try after a while.
2025-12-31 03:16:04,600 | WARNING |   [LINK-USD] Fetch error: Too Many Requests. Rate limited. Try after a while.
2025-12-31 03:16:08,920 | WARNING |   [LTC-USD] Fetch error: Too Many Requests. Rate limited. Try after a while.
2025-12-31 03:16:11,921 | INFO |   Batch complete, waiting 60s...
2025-12-31 03:17:11,922 | INFO | 
  Batch 2/2 (21 assets)
2025-12-31 03:17:13,604 | WARNING |   [MANA-USD] Fetch error: Too Many Requests. Rate limited. Try after a while.
2025-12-31 03:17:17,697 | WARNING |   [MKR-USD] Fetch error: Too Many Requests. Rate limited. Try after a while.
2025-12-31 03:17:21,747 | WARNING |   [NEAR-USD] Fetch error: Too Many Requests. Rate limited. Try after a while.
2025-12-31 03:17:25,618 | WARNING |   [OKB-USD] Fetch error: Too Many Requests. Rate limited. Try after a while.
2025-12-31 03:17:30,061 | WARNING |   [QNT-USD] Fetch error: Too Many Requests. Rate limited. Try after a while.
2025-12-31 03:17:34,185 | WARNING |   [RPL-USD] Fetch error: Too Many Requests. Rate limited. Try after a while.
2025-12-31 03:17:38,255 | WARNING |   [RUNE-USD] Fetch error: Too Many Requests. Rate limited. Try after a while.
2025-12-31 03:17:42,211 | WARNING |   [SAND-USD] Fetch error: Too Many Requests. Rate limited. Try after a while.
2025-12-31 03:17:46,546 | WARNING |   [SHIB-USD] Fetch error: Too Many Requests. Rate limited. Try after a while.
2025-12-31 03:17:50,671 | WARNING |   [SNX-USD] Fetch error: Too Many Requests. Rate limited. Try after a while.
2025-12-31 03:17:54,662 | WARNING |   [SOL-USD] Fetch error: Too Many Requests. Rate limited. Try after a while.
2025-12-31 03:17:59,064 | WARNING |   [THETA-USD] Fetch error: Too Many Requests. Rate limited. Try after a while.
2025-12-31 03:18:03,168 | WARNING |   [TRX-USD] Fetch error: Too Many Requests. Rate limited. Try after a while.
2025-12-31 03:18:08,102 | WARNING |   [UNI-USD] Fetch error: Too Many Requests. Rate limited. Try after a while.
2025-12-31 03:18:12,062 | WARNING |   [VET-USD] Fetch error: Too Many Requests. Rate limited. Try after a while.
2025-12-31 03:18:16,372 | WARNING |   [XLM-USD] Fetch error: Too Many Requests. Rate limited. Try after a while.
2025-12-31 03:18:20,362 | WARNING |   [XMR-USD] Fetch error: Too Many Requests. Rate limited. Try after a while.
2025-12-31 03:18:24,547 | WARNING |   [XRP-USD] Fetch error: Too Many Requests. Rate limited. Try after a while.
2025-12-31 03:18:28,469 | WARNING |   [XTZ-USD] Fetch error: Too Many Requests. Rate limited. Try after a while.
2025-12-31 03:18:32,720 | WARNING |   [ZEC-USD] Fetch error: Too Many Requests. Rate limited. Try after a while.
2025-12-31 03:18:36,726 | WARNING |   [AAVE-USD] Fetch error: Too Many Requests. Rate limited. Try after a while.
2025-12-31 03:18:39,728 | INFO | 
============================================================
2025-12-31 03:18:39,728 | INFO | Processing EQUITY: 421 assets
2025-12-31 03:18:39,728 | INFO | Schedule: Weekdays 22:00 UTC
2025-12-31 03:18:39,728 | INFO | ============================================================
2025-12-31 03:18:39,728 | INFO | 
  Batch 1/17 (25 assets)
2025-12-31 03:18:40,839 | WARNING |   [1COV.DE] Fetch error: Too Many Requests. Rate limited. Try after a while.
2025-12-31 03:18:44,826 | WARNING |   [ABBV] Fetch error: Too Many Requests. Rate limited. Try after a while.
2025-12-31 03:18:49,047 | WARNING |   [ABNB] Fetch error: Too Many Requests. Rate limited. Try after a while.
2025-12-31 03:18:52,998 | WARNING |   [ABT] Fetch error: Too Many Requests. Rate limited. Try after a while.
2025-12-31 03:18:56,969 | WARNING |   [ACA.PA] Fetch error: Too Many Requests. Rate limited. Try after a while.
2025-12-31 03:19:00,953 | WARNING |   [ADBE] Fetch error: Too Many Requests. Rate limited. Try after a while.
2025-12-31 03:19:04,898 | WARNING |   [ADI] Fetch error: Too Many Requests. Rate limited. Try after a while.
2025-12-31 03:19:08,932 | WARNING |   [ADS.DE] Fetch error: Too Many Requests. Rate limited. Try after a while.
2025-12-31 03:19:12,897 | WARNING |   [ADSK] Fetch error: Too Many Requests. Rate limited. Try after a while.
2025-12-31 03:19:17,289 | WARNING |   [AEP] Fetch error: Too Many Requests. Rate limited. Try after a while.
2025-12-31 03:19:21,232 | WARNING |   [AFL] Fetch error: Too Many Requests. Rate limited. Try after a while.
