2026-01-11 06:29:24,668 | INFO | ======================================================================
2026-01-11 06:29:24,668 | INFO | IoS-001 DAILY PRICE INGEST
2026-01-11 06:29:24,668 | INFO | Executor: LINE (EC-004)
2026-01-11 06:29:24,668 | INFO | Authority: CEO_DIRECTIVE_LINE_DAILY_INGEST_ACTIVATION_20251212
2026-01-11 06:29:24,668 | INFO | Time: 2026-01-11T05:29:24.668008+00:00
2026-01-11 06:29:24,668 | INFO | Asset Class Filter: ALL
2026-01-11 06:29:24,668 | INFO | Dry Run: False
2026-01-11 06:29:24,668 | INFO | ======================================================================
2026-01-11 06:29:24,838 | INFO | Found 491 VEGA-attested assets
2026-01-11 06:29:24,838 | INFO | 
============================================================
2026-01-11 06:29:24,838 | INFO | Processing CRYPTO: 46 assets
2026-01-11 06:29:24,838 | INFO | Schedule: Daily 01:00 UTC
2026-01-11 06:29:24,838 | INFO | ============================================================
2026-01-11 06:29:24,838 | INFO | 
  Batch 1/2 (25 assets)
2026-01-11 06:29:28,094 | WARNING |   [GRT-USD] Fetch error: Too Many Requests. Rate limited. Try after a while.
2026-01-11 06:29:31,130 | INFO |   Batch complete, waiting 60s...
2026-01-11 06:30:31,135 | INFO | 
  Batch 2/2 (21 assets)
2026-01-11 06:30:32,850 | WARNING |   [UNI-USD] Fetch error: Too Many Requests. Rate limited. Try after a while.
2026-01-11 06:30:35,873 | INFO | 
============================================================
2026-01-11 06:30:35,873 | INFO | Processing EQUITY: 421 assets
2026-01-11 06:30:35,873 | INFO | Schedule: Weekdays 22:00 UTC
2026-01-11 06:30:35,873 | INFO | ============================================================
2026-01-11 06:30:35,873 | INFO |   Market closed for EQUITY today, skipping
2026-01-11 06:30:35,873 | INFO | 
============================================================
2026-01-11 06:30:35,873 | INFO | Processing FX: 24 assets
2026-01-11 06:30:35,873 | INFO | Schedule: Sun-Thu 22:00 UTC
2026-01-11 06:30:35,873 | INFO | ============================================================
2026-01-11 06:30:35,873 | INFO | 
  Batch 1/1 (24 assets)
2026-01-11 06:30:37,165 | ERROR | $AUDJPY=X: possibly delisted; no price data found  (1d 2026-01-10 -> 2026-01-12)
2026-01-11 06:30:41,904 | WARNING |   [AUDUSD=X] Fetch error: Too Many Requests. Rate limited. Try after a while.
2026-01-11 06:30:45,900 | WARNING |   [CADJPY=X] Fetch error: Too Many Requests. Rate limited. Try after a while.
2026-01-11 06:30:49,831 | WARNING |   [CHFJPY=X] Fetch error: Too Many Requests. Rate limited. Try after a while.
2026-01-11 06:30:53,967 | WARNING |   [EURAUD=X] Fetch error: Too Many Requests. Rate limited. Try after a while.
2026-01-11 06:30:58,088 | WARNING |   [EURCHF=X] Fetch error: Too Many Requests. Rate limited. Try after a while.
2026-01-11 06:31:02,061 | WARNING |   [EURGBP=X] Fetch error: Too Many Requests. Rate limited. Try after a while.
2026-01-11 06:31:06,173 | WARNING |   [EURJPY=X] Fetch error: Too Many Requests. Rate limited. Try after a while.
2026-01-11 06:31:09,998 | WARNING |   [EURNOK=X] Fetch error: Too Many Requests. Rate limited. Try after a while.
2026-01-11 06:31:14,172 | WARNING |   [EURSEK=X] Fetch error: Too Many Requests. Rate limited. Try after a while.
2026-01-11 06:31:18,209 | WARNING |   [EURUSD=X] Fetch error: Too Many Requests. Rate limited. Try after a while.
2026-01-11 06:31:22,184 | WARNING |   [GBPJPY=X] Fetch error: Too Many Requests. Rate limited. Try after a while.
2026-01-11 06:31:26,179 | WARNING |   [NZDUSD=X] Fetch error: Too Many Requests. Rate limited. Try after a while.
2026-01-11 06:31:30,688 | WARNING |   [USDCAD=X] Fetch error: Too Many Requests. Rate limited. Try after a while.
2026-01-11 06:31:34,659 | WARNING |   [USDCHF=X] Fetch error: Too Many Requests. Rate limited. Try after a while.
2026-01-11 06:31:38,739 | WARNING |   [USDHKD=X] Fetch error: Too Many Requests. Rate limited. Try after a while.
2026-01-11 06:31:43,018 | WARNING |   [USDJPY=X] Fetch error: Too Many Requests. Rate limited. Try after a while.
2026-01-11 06:31:46,948 | WARNING |   [USDMXN=X] Fetch error: Too Many Requests. Rate limited. Try after a while.
2026-01-11 06:31:51,164 | WARNING |   [USDNOK=X] Fetch error: Too Many Requests. Rate limited. Try after a while.
2026-01-11 06:31:55,534 | WARNING |   [USDSEK=X] Fetch error: Too Many Requests. Rate limited. Try after a while.
2026-01-11 06:31:59,730 | WARNING |   [USDSGD=X] Fetch error: Too Many Requests. Rate limited. Try after a while.
2026-01-11 06:32:03,779 | WARNING |   [USDTRY=X] Fetch error: Too Many Requests. Rate limited. Try after a while.
2026-01-11 06:32:07,742 | WARNING |   [USDZAR=X] Fetch error: Too Many Requests. Rate limited. Try after a while.
2026-01-11 06:32:10,754 | WARNING | Heartbeat recording failed: relation "fhq_monitoring.system_heartbeats" does not exist
LINE 2:                 INSERT INTO fhq_monitoring.system_heartbeats...
                                    ^

2026-01-11 06:32:10,759 | INFO | 
======================================================================
2026-01-11 06:32:10,759 | INFO | DAILY INGEST COMPLETE
2026-01-11 06:32:10,759 | INFO | ======================================================================
2026-01-11 06:32:10,759 | INFO | Assets Processed: 70
2026-01-11 06:32:10,759 | INFO | Assets Updated:   0
2026-01-11 06:32:10,759 | INFO | Rows Inserted:    0
2026-01-11 06:32:10,759 | INFO |   CRYPTO: 0 assets, 0 rows
2026-01-11 06:32:10,759 | INFO |   FX: 0 assets, 0 rows
2026-01-11 06:32:10,759 | INFO | Evidence: C:\fhq-market-system\vision-ios\03_FUNCTIONS\evidence\IOS001_DAILY_INGEST_3e992c5c_20260111_063210.json
2026-01-11 06:32:10,759 | INFO | ======================================================================
