2026-01-30 22:03:27,470 | INFO | ======================================================================
2026-01-30 22:03:27,470 | INFO | IoS-001 DAILY PRICE INGEST
2026-01-30 22:03:27,470 | INFO | Executor: LINE (EC-004)
2026-01-30 22:03:27,470 | INFO | Authority: CEO_DIRECTIVE_LINE_DAILY_INGEST_ACTIVATION_20251212
2026-01-30 22:03:27,470 | INFO | Time: 2026-01-30T21:03:27.470798+00:00
2026-01-30 22:03:27,470 | INFO | Asset Class Filter: ALL
2026-01-30 22:03:27,470 | INFO | Dry Run: False
2026-01-30 22:03:27,470 | INFO | ======================================================================
2026-01-30 22:03:27,779 | INFO | Found 491 VEGA-attested assets
2026-01-30 22:03:27,779 | INFO | 
============================================================
2026-01-30 22:03:27,779 | INFO | Processing CRYPTO: 46 assets
2026-01-30 22:03:27,779 | INFO | Schedule: Daily 01:00 UTC
2026-01-30 22:03:27,779 | INFO | ============================================================
2026-01-30 22:03:27,779 | INFO | 
  Batch 1/2 (25 assets)
2026-01-30 22:03:31,118 | WARNING |   [GRT-USD] Fetch error: Too Many Requests. Rate limited. Try after a while.
2026-01-30 22:03:34,177 | INFO |   Batch complete, waiting 60s...
2026-01-30 22:04:34,181 | INFO | 
  Batch 2/2 (21 assets)
2026-01-30 22:04:35,939 | WARNING |   [UNI-USD] Fetch error: Too Many Requests. Rate limited. Try after a while.
2026-01-30 22:04:39,008 | INFO | 
============================================================
2026-01-30 22:04:39,008 | INFO | Processing EQUITY: 421 assets
2026-01-30 22:04:39,008 | INFO | Schedule: Weekdays 22:00 UTC
2026-01-30 22:04:39,008 | INFO | ============================================================
2026-01-30 22:04:39,008 | INFO | 
  Batch 1/17 (25 assets)
2026-01-30 22:04:40,030 | WARNING |   [1COV.DE] Fetch error: Too Many Requests. Rate limited. Try after a while.
2026-01-30 22:04:43,166 | INFO |   Batch complete, waiting 60s...
2026-01-30 22:05:43,172 | INFO | 
  Batch 2/17 (25 assets)
2026-01-30 22:05:43,315 | INFO |   Batch complete, waiting 60s...
2026-01-30 22:06:43,322 | INFO | 
  Batch 3/17 (25 assets)
2026-01-30 22:06:46,557 | WARNING |   [BRK.B] Fetch error: Too Many Requests. Rate limited. Try after a while.
2026-01-30 22:06:50,654 | WARNING |   [BT.A.L] Fetch error: Too Many Requests. Rate limited. Try after a while.
2026-01-30 22:06:53,668 | INFO |   Batch complete, waiting 60s...
2026-01-30 22:07:53,678 | INFO | 
  Batch 4/17 (25 assets)
2026-01-30 22:07:55,181 | WARNING |   [CSX] Fetch error: Too Many Requests. Rate limited. Try after a while.
2026-01-30 22:07:59,370 | WARNING |   [CTAS] Fetch error: Too Many Requests. Rate limited. Try after a while.
2026-01-30 22:08:03,526 | WARNING |   [CTVA] Fetch error: Too Many Requests. Rate limited. Try after a while.
2026-01-30 22:08:07,667 | WARNING |   [CVS] Fetch error: Too Many Requests. Rate limited. Try after a while.
2026-01-30 22:08:11,788 | WARNING |   [CVX] Fetch error: Too Many Requests. Rate limited. Try after a while.
2026-01-30 22:08:16,138 | WARNING |   [D] Fetch error: Too Many Requests. Rate limited. Try after a while.
2026-01-30 22:08:20,466 | WARNING |   [DAL] Fetch error: Too Many Requests. Rate limited. Try after a while.
2026-01-30 22:08:23,471 | INFO |   Batch complete, waiting 60s...
