2026-02-04 09:55:07,449 | INFO | ======================================================================
2026-02-04 09:55:07,449 | INFO | IoS-001 DAILY PRICE INGEST
2026-02-04 09:55:07,449 | INFO | Executor: LINE (EC-004)
2026-02-04 09:55:07,449 | INFO | Authority: CEO_DIRECTIVE_LINE_DAILY_INGEST_ACTIVATION_20251212
2026-02-04 09:55:07,449 | INFO | Time: 2026-02-04T08:55:07.449893+00:00
2026-02-04 09:55:07,449 | INFO | Asset Class Filter: ALL
2026-02-04 09:55:07,449 | INFO | Dry Run: False
2026-02-04 09:55:07,449 | INFO | ======================================================================
2026-02-04 09:55:07,711 | INFO | Found 491 VEGA-attested assets
2026-02-04 09:55:07,711 | INFO | 
============================================================
2026-02-04 09:55:07,711 | INFO | Processing CRYPTO: 46 assets
2026-02-04 09:55:07,711 | INFO | Schedule: Daily 01:00 UTC
2026-02-04 09:55:07,711 | INFO | ============================================================
2026-02-04 09:55:07,711 | INFO | 
  Batch 1/2 (25 assets)
2026-02-04 09:55:10,691 | WARNING |   [GRT-USD] Fetch error: Too Many Requests. Rate limited. Try after a while.
2026-02-04 09:55:13,709 | INFO |   Batch complete, waiting 60s...
2026-02-04 09:56:13,718 | INFO | 
  Batch 2/2 (21 assets)
2026-02-04 09:56:15,620 | WARNING |   [UNI-USD] Fetch error: Too Many Requests. Rate limited. Try after a while.
2026-02-04 09:56:18,682 | INFO | 
============================================================
2026-02-04 09:56:18,683 | INFO | Processing EQUITY: 421 assets
2026-02-04 09:56:18,683 | INFO | Schedule: Weekdays 22:00 UTC
2026-02-04 09:56:18,683 | INFO | ============================================================
2026-02-04 09:56:18,684 | INFO | 
  Batch 1/17 (25 assets)
2026-02-04 09:56:19,874 | WARNING |   [1COV.DE] Fetch error: Too Many Requests. Rate limited. Try after a while.
2026-02-04 09:56:23,845 | WARNING |   [ABBV] Fetch error: Too Many Requests. Rate limited. Try after a while.
2026-02-04 09:56:27,750 | WARNING |   [ABNB] Fetch error: Too Many Requests. Rate limited. Try after a while.
2026-02-04 09:56:32,041 | WARNING |   [ABT] Fetch error: Too Many Requests. Rate limited. Try after a while.
2026-02-04 09:56:36,022 | WARNING |   [ACA.PA] Fetch error: Too Many Requests. Rate limited. Try after a while.
2026-02-04 09:56:40,044 | WARNING |   [ADBE] Fetch error: Too Many Requests. Rate limited. Try after a while.
2026-02-04 09:56:43,946 | WARNING |   [ADI] Fetch error: Too Many Requests. Rate limited. Try after a while.
2026-02-04 09:56:48,244 | WARNING |   [ADS.DE] Fetch error: Too Many Requests. Rate limited. Try after a while.
2026-02-04 09:56:52,240 | WARNING |   [ADSK] Fetch error: Too Many Requests. Rate limited. Try after a while.
2026-02-04 09:56:56,447 | WARNING |   [AEP] Fetch error: Too Many Requests. Rate limited. Try after a while.
2026-02-04 09:57:00,494 | WARNING |   [AFL] Fetch error: Too Many Requests. Rate limited. Try after a while.
2026-02-04 09:57:04,715 | WARNING |   [AI.PA] Fetch error: Too Many Requests. Rate limited. Try after a while.
2026-02-04 09:57:09,000 | WARNING |   [AIG] Fetch error: Too Many Requests. Rate limited. Try after a while.
2026-02-04 09:57:13,276 | WARNING |   [AIR.DE] Fetch error: Too Many Requests. Rate limited. Try after a while.
2026-02-04 09:57:17,458 | WARNING |   [AIR.PA] Fetch error: Too Many Requests. Rate limited. Try after a while.
2026-02-04 09:57:21,588 | WARNING |   [AKAM] Fetch error: Too Many Requests. Rate limited. Try after a while.
2026-02-04 09:57:25,692 | WARNING |   [AKER.OL] Fetch error: Too Many Requests. Rate limited. Try after a while.
2026-02-04 09:57:29,609 | WARNING |   [AKRBP.OL] Fetch error: Too Many Requests. Rate limited. Try after a while.
2026-02-04 09:57:33,635 | WARNING |   [AKSO.OL] Fetch error: Too Many Requests. Rate limited. Try after a while.
2026-02-04 09:57:37,614 | WARNING |   [AKVA.OL] Fetch error: Too Many Requests. Rate limited. Try after a while.
2026-02-04 09:57:41,778 | WARNING |   [ALB] Fetch error: Too Many Requests. Rate limited. Try after a while.
2026-02-04 09:57:46,021 | WARNING |   [ALL] Fetch error: Too Many Requests. Rate limited. Try after a while.
2026-02-04 09:57:49,904 | WARNING |   [ALO.PA] Fetch error: Too Many Requests. Rate limited. Try after a while.
2026-02-04 09:57:54,280 | WARNING |   [ALV.DE] Fetch error: Too Many Requests. Rate limited. Try after a while.
2026-02-04 09:57:58,547 | WARNING |   [AMAT] Fetch error: Too Many Requests. Rate limited. Try after a while.
2026-02-04 09:58:01,550 | INFO |   Batch complete, waiting 60s...
2026-02-04 09:59:01,551 | INFO | 
  Batch 2/17 (25 assets)
2026-02-04 09:59:03,406 | WARNING |   [AMD] Fetch error: Too Many Requests. Rate limited. Try after a while.
2026-02-04 09:59:07,414 | WARNING |   [AMGN] Fetch error: Too Many Requests. Rate limited. Try after a while.
2026-02-04 09:59:11,572 | WARNING |   [AMT] Fetch error: Too Many Requests. Rate limited. Try after a while.
2026-02-04 09:59:15,524 | WARNING |   [AMZN] Fetch error: Too Many Requests. Rate limited. Try after a while.
2026-02-04 09:59:19,747 | WARNING |   [AON] Fetch error: Too Many Requests. Rate limited. Try after a while.
2026-02-04 09:59:23,770 | WARNING |   [APD] Fetch error: Too Many Requests. Rate limited. Try after a while.
2026-02-04 09:59:27,754 | WARNING |   [ASML] Fetch error: Too Many Requests. Rate limited. Try after a while.
2026-02-04 09:59:31,955 | WARNING |   [ATO.PA] Fetch error: Too Many Requests. Rate limited. Try after a while.
2026-02-04 09:59:36,701 | WARNING |   [AUSS.OL] Fetch error: Too Many Requests. Rate limited. Try after a while.
2026-02-04 09:59:40,761 | WARNING |   [AUTO.OL] Fetch error: Too Many Requests. Rate limited. Try after a while.
2026-02-04 09:59:44,703 | WARNING |   [AV.L] Fetch error: Too Many Requests. Rate limited. Try after a while.
2026-02-04 09:59:48,718 | WARNING |   [AVB] Fetch error: Too Many Requests. Rate limited. Try after a while.
2026-02-04 09:59:52,710 | WARNING |   [AVGO] Fetch error: Too Many Requests. Rate limited. Try after a while.
2026-02-04 09:59:56,987 | WARNING |   [AWK] Fetch error: Too Many Requests. Rate limited. Try after a while.
2026-02-04 10:00:01,265 | WARNING |   [AXP] Fetch error: Too Many Requests. Rate limited. Try after a while.
2026-02-04 10:00:05,274 | WARNING |   [AZN.L] Fetch error: Too Many Requests. Rate limited. Try after a while.
