2026-02-13 09:51:04,116 | INFO | ======================================================================
2026-02-13 09:51:04,116 | INFO | IoS-001 DAILY PRICE INGEST
2026-02-13 09:51:04,116 | INFO | Executor: LINE (EC-004)
2026-02-13 09:51:04,116 | INFO | Authority: CEO_DIRECTIVE_LINE_DAILY_INGEST_ACTIVATION_20251212
2026-02-13 09:51:04,117 | INFO | Amendment: CEO-DIR-2026-119 (Rate Limit Mitigation)
2026-02-13 09:51:04,117 | INFO | Time: 2026-02-13T08:51:04.117443+00:00
2026-02-13 09:51:04,117 | INFO | Asset Class Filter: ALL
2026-02-13 09:51:04,117 | INFO | Batch Mode: True
2026-02-13 09:51:04,117 | INFO | Dry Run: False
2026-02-13 09:51:04,118 | INFO | ======================================================================
2026-02-13 09:51:04,445 | INFO | Found 491 VEGA-attested assets
2026-02-13 09:51:04,445 | INFO | 
============================================================
2026-02-13 09:51:04,445 | INFO | Processing CRYPTO: 46 assets
2026-02-13 09:51:04,445 | INFO | Schedule: Daily 01:00 UTC
2026-02-13 09:51:04,445 | INFO | ============================================================
2026-02-13 09:51:04,445 | INFO |   Using BATCH MODE (CEO-DIR-2026-119)
2026-02-13 09:51:04,445 | INFO | 
  Batch 1/5 (10 tickers)
2026-02-13 09:51:04,495 | INFO |     All assets up to date
2026-02-13 09:51:04,495 | INFO | 
  Batch 2/5 (10 tickers)
2026-02-13 09:51:04,527 | INFO |     Batch download: 1 tickers
2026-02-13 09:51:08,851 | ERROR | 
1 Failed download:
2026-02-13 09:51:08,851 | ERROR | ['GRT-USD']: YFRateLimitError('Too Many Requests. Rate limited. Try after a while.')
2026-02-13 09:51:08,851 | INFO |   Batch complete, waiting 120s...
2026-02-13 09:53:08,860 | INFO | 
  Batch 3/5 (10 tickers)
2026-02-13 09:53:08,952 | INFO |     All assets up to date
2026-02-13 09:53:08,952 | INFO | 
  Batch 4/5 (10 tickers)
2026-02-13 09:53:09,034 | INFO |     Batch download: 1 tickers
2026-02-13 09:53:11,986 | ERROR | 
1 Failed download:
2026-02-13 09:53:11,986 | ERROR | ['UNI-USD']: YFRateLimitError('Too Many Requests. Rate limited. Try after a while.')
2026-02-13 09:53:11,997 | INFO |   Batch complete, waiting 120s...
2026-02-13 09:55:12,005 | INFO | 
  Batch 5/5 (6 tickers)
2026-02-13 09:55:12,059 | INFO |     All assets up to date
2026-02-13 09:55:12,059 | INFO | 
============================================================
2026-02-13 09:55:12,059 | INFO | Processing EQUITY: 421 assets
2026-02-13 09:55:12,059 | INFO | Schedule: Weekdays 22:00 UTC
2026-02-13 09:55:12,059 | INFO | ============================================================
2026-02-13 09:55:12,059 | INFO |   Using BATCH MODE (CEO-DIR-2026-119)
2026-02-13 09:55:12,059 | INFO | 
  Batch 1/43 (10 tickers)
2026-02-13 09:55:12,122 | INFO |     Batch download: 8 tickers
2026-02-13 09:55:28,005 | ERROR | 
8 Failed downloads:
2026-02-13 09:55:28,005 | ERROR | ['ADI', 'ADBE', 'ABBV', 'ABNB', 'ABT', 'ADSK', '1COV.DE', 'AEP']: YFRateLimitError('Too Many Requests. Rate limited. Try after a while.')
2026-02-13 09:55:28,009 | INFO |   Batch complete, waiting 120s...
