2026-01-21 16:11:22,450 | INFO | ======================================================================
2026-01-21 16:11:22,450 | INFO | IoS-001 DAILY PRICE INGEST
2026-01-21 16:11:22,450 | INFO | Executor: LINE (EC-004)
2026-01-21 16:11:22,450 | INFO | Authority: CEO_DIRECTIVE_LINE_DAILY_INGEST_ACTIVATION_20251212
2026-01-21 16:11:22,450 | INFO | Time: 2026-01-21T15:11:22.450031+00:00
2026-01-21 16:11:22,450 | INFO | Asset Class Filter: ALL
2026-01-21 16:11:22,450 | INFO | Dry Run: False
2026-01-21 16:11:22,450 | INFO | ======================================================================
2026-01-21 16:11:23,221 | INFO | Found 491 VEGA-attested assets
2026-01-21 16:11:23,221 | INFO | 
============================================================
2026-01-21 16:11:23,221 | INFO | Processing CRYPTO: 46 assets
2026-01-21 16:11:23,221 | INFO | Schedule: Daily 01:00 UTC
2026-01-21 16:11:23,221 | INFO | ============================================================
2026-01-21 16:11:23,221 | INFO | 
  Batch 1/2 (25 assets)
2026-01-21 16:11:31,063 | ERROR | $GRT-USD: possibly delisted; no price data found  (1d 2026-01-21 -> 2026-01-22)
2026-01-21 16:11:34,084 | INFO |   Batch complete, waiting 60s...
2026-01-21 16:12:34,085 | INFO | 
  Batch 2/2 (21 assets)
2026-01-21 16:12:37,064 | WARNING |   [UNI-USD] Fetch error: Too Many Requests. Rate limited. Try after a while.
2026-01-21 16:12:40,076 | INFO | 
============================================================
2026-01-21 16:12:40,076 | INFO | Processing EQUITY: 421 assets
2026-01-21 16:12:40,076 | INFO | Schedule: Weekdays 22:00 UTC
2026-01-21 16:12:40,076 | INFO | ============================================================
2026-01-21 16:12:40,076 | INFO | 
  Batch 1/17 (25 assets)
2026-01-21 16:12:43,879 | WARNING |   [1COV.DE] Fetch error: Too Many Requests. Rate limited. Try after a while.
2026-01-21 16:12:48,856 | WARNING |   [ABBV] Fetch error: Too Many Requests. Rate limited. Try after a while.
2026-01-21 16:12:53,760 | WARNING |   [ABNB] Fetch error: Too Many Requests. Rate limited. Try after a while.
2026-01-21 16:12:58,766 | WARNING |   [ABT] Fetch error: Too Many Requests. Rate limited. Try after a while.
2026-01-21 16:13:03,781 | WARNING |   [ACA.PA] Fetch error: Too Many Requests. Rate limited. Try after a while.
2026-01-21 16:13:08,643 | WARNING |   [ADBE] Fetch error: Too Many Requests. Rate limited. Try after a while.
2026-01-21 16:13:13,794 | WARNING |   [ADI] Fetch error: Too Many Requests. Rate limited. Try after a while.
2026-01-21 16:13:18,910 | WARNING |   [ADS.DE] Fetch error: Too Many Requests. Rate limited. Try after a while.
2026-01-21 16:13:24,047 | WARNING |   [ADSK] Fetch error: Too Many Requests. Rate limited. Try after a while.
2026-01-21 16:13:29,170 | WARNING |   [AEP] Fetch error: Too Many Requests. Rate limited. Try after a while.
2026-01-21 16:13:34,907 | WARNING |   [AFL] Fetch error: Too Many Requests. Rate limited. Try after a while.
2026-01-21 16:13:39,939 | WARNING |   [AI.PA] Fetch error: Too Many Requests. Rate limited. Try after a while.
2026-01-21 16:13:44,851 | WARNING |   [AIG] Fetch error: Too Many Requests. Rate limited. Try after a while.
2026-01-21 16:13:50,068 | WARNING |   [AIR.DE] Fetch error: Too Many Requests. Rate limited. Try after a while.
2026-01-21 16:13:54,630 | WARNING |   [AIR.PA] Fetch error: Too Many Requests. Rate limited. Try after a while.
2026-01-21 16:13:58,255 | WARNING |   [AKAM] Fetch error: Too Many Requests. Rate limited. Try after a while.
2026-01-21 16:14:01,787 | WARNING |   [AKER.OL] Fetch error: Too Many Requests. Rate limited. Try after a while.
2026-01-21 16:14:05,362 | WARNING |   [AKRBP.OL] Fetch error: Too Many Requests. Rate limited. Try after a while.
2026-01-21 16:14:09,048 | WARNING |   [AKSO.OL] Fetch error: Too Many Requests. Rate limited. Try after a while.
2026-01-21 16:14:12,882 | WARNING |   [AKVA.OL] Fetch error: Too Many Requests. Rate limited. Try after a while.
2026-01-21 16:14:16,621 | WARNING |   [ALB] Fetch error: Too Many Requests. Rate limited. Try after a while.
2026-01-21 16:14:20,978 | WARNING |   [ALL] Fetch error: Too Many Requests. Rate limited. Try after a while.
2026-01-21 16:14:25,182 | WARNING |   [ALO.PA] Fetch error: Too Many Requests. Rate limited. Try after a while.
2026-01-21 16:14:28,816 | WARNING |   [ALV.DE] Fetch error: Too Many Requests. Rate limited. Try after a while.
2026-01-21 16:14:33,177 | WARNING |   [AMAT] Fetch error: Too Many Requests. Rate limited. Try after a while.
2026-01-21 16:14:36,179 | INFO |   Batch complete, waiting 60s...
2026-01-21 16:15:36,180 | INFO | 
  Batch 2/17 (25 assets)
2026-01-21 16:15:37,705 | WARNING |   [AMD] Fetch error: Too Many Requests. Rate limited. Try after a while.
2026-01-21 16:15:42,126 | WARNING |   [AMGN] Fetch error: Too Many Requests. Rate limited. Try after a while.
2026-01-21 16:15:45,838 | WARNING |   [AMT] Fetch error: Too Many Requests. Rate limited. Try after a while.
2026-01-21 16:15:49,954 | WARNING |   [AMZN] Fetch error: Too Many Requests. Rate limited. Try after a while.
2026-01-21 16:15:53,839 | WARNING |   [AON] Fetch error: Too Many Requests. Rate limited. Try after a while.
2026-01-21 16:15:58,409 | WARNING |   [APD] Fetch error: Too Many Requests. Rate limited. Try after a while.
2026-01-21 16:16:02,538 | WARNING |   [ASML] Fetch error: Too Many Requests. Rate limited. Try after a while.
2026-01-21 16:16:06,494 | WARNING |   [ATO.PA] Fetch error: Too Many Requests. Rate limited. Try after a while.
2026-01-21 16:16:10,935 | WARNING |   [AUSS.OL] Fetch error: Too Many Requests. Rate limited. Try after a while.
2026-01-21 16:16:14,966 | WARNING |   [AUTO.OL] Fetch error: Too Many Requests. Rate limited. Try after a while.
