2026-01-08 19:29:39,403 | INFO | ======================================================================
2026-01-08 19:29:39,403 | INFO | IoS-001 DAILY PRICE INGEST
2026-01-08 19:29:39,403 | INFO | Executor: LINE (EC-004)
2026-01-08 19:29:39,403 | INFO | Authority: CEO_DIRECTIVE_LINE_DAILY_INGEST_ACTIVATION_20251212
2026-01-08 19:29:39,403 | INFO | Time: 2026-01-08T18:29:39.403919+00:00
2026-01-08 19:29:39,403 | INFO | Asset Class Filter: ALL
2026-01-08 19:29:39,403 | INFO | Dry Run: False
2026-01-08 19:29:39,403 | INFO | ======================================================================
2026-01-08 19:29:39,661 | INFO | Found 491 VEGA-attested assets
2026-01-08 19:29:39,661 | INFO | 
============================================================
2026-01-08 19:29:39,661 | INFO | Processing CRYPTO: 46 assets
2026-01-08 19:29:39,661 | INFO | Schedule: Daily 01:00 UTC
2026-01-08 19:29:39,661 | INFO | ============================================================
2026-01-08 19:29:39,661 | INFO | 
  Batch 1/2 (25 assets)
2026-01-08 19:29:42,861 | WARNING |   [GRT-USD] Fetch error: Too Many Requests. Rate limited. Try after a while.
2026-01-08 19:29:45,905 | INFO |   Batch complete, waiting 60s...
2026-01-08 19:30:45,912 | INFO | 
  Batch 2/2 (21 assets)
2026-01-08 19:30:47,773 | WARNING |   [UNI-USD] Fetch error: Too Many Requests. Rate limited. Try after a while.
2026-01-08 19:30:50,791 | INFO | 
============================================================
2026-01-08 19:30:50,791 | INFO | Processing EQUITY: 421 assets
2026-01-08 19:30:50,791 | INFO | Schedule: Weekdays 22:00 UTC
2026-01-08 19:30:50,791 | INFO | ============================================================
2026-01-08 19:30:50,791 | INFO | 
  Batch 1/17 (25 assets)
2026-01-08 19:30:52,066 | WARNING |   [1COV.DE] Fetch error: Too Many Requests. Rate limited. Try after a while.
2026-01-08 19:30:56,433 | WARNING |   [ABBV] Fetch error: Too Many Requests. Rate limited. Try after a while.
2026-01-08 19:31:00,963 | WARNING |   [ABNB] Fetch error: Too Many Requests. Rate limited. Try after a while.
2026-01-08 19:31:05,032 | WARNING |   [ABT] Fetch error: Too Many Requests. Rate limited. Try after a while.
2026-01-08 19:31:09,159 | WARNING |   [ACA.PA] Fetch error: Too Many Requests. Rate limited. Try after a while.
2026-01-08 19:31:13,049 | WARNING |   [ADBE] Fetch error: Too Many Requests. Rate limited. Try after a while.
2026-01-08 19:31:17,465 | WARNING |   [ADI] Fetch error: Too Many Requests. Rate limited. Try after a while.
2026-01-08 19:31:22,291 | WARNING |   [ADS.DE] Fetch error: Too Many Requests. Rate limited. Try after a while.
2026-01-08 19:31:26,095 | WARNING |   [ADSK] Fetch error: Too Many Requests. Rate limited. Try after a while.
2026-01-08 19:31:30,109 | WARNING |   [AEP] Fetch error: Too Many Requests. Rate limited. Try after a while.
2026-01-08 19:31:34,510 | WARNING |   [AFL] Fetch error: Too Many Requests. Rate limited. Try after a while.
2026-01-08 19:31:38,737 | WARNING |   [AI.PA] Fetch error: Too Many Requests. Rate limited. Try after a while.
2026-01-08 19:31:43,150 | WARNING |   [AIG] Fetch error: Too Many Requests. Rate limited. Try after a while.
2026-01-08 19:31:47,512 | WARNING |   [AIR.DE] Fetch error: Too Many Requests. Rate limited. Try after a while.
2026-01-08 19:31:51,728 | WARNING |   [AIR.PA] Fetch error: Too Many Requests. Rate limited. Try after a while.
2026-01-08 19:31:55,659 | WARNING |   [AKAM] Fetch error: Too Many Requests. Rate limited. Try after a while.
2026-01-08 19:31:59,713 | WARNING |   [AKER.OL] Fetch error: Too Many Requests. Rate limited. Try after a while.
2026-01-08 19:32:03,812 | WARNING |   [AKRBP.OL] Fetch error: Too Many Requests. Rate limited. Try after a while.
2026-01-08 19:32:08,286 | WARNING |   [AKSO.OL] Fetch error: Too Many Requests. Rate limited. Try after a while.
2026-01-08 19:32:12,406 | WARNING |   [AKVA.OL] Fetch error: Too Many Requests. Rate limited. Try after a while.
2026-01-08 19:32:16,594 | WARNING |   [ALB] Fetch error: Too Many Requests. Rate limited. Try after a while.
2026-01-08 19:32:20,632 | WARNING |   [ALL] Fetch error: Too Many Requests. Rate limited. Try after a while.
2026-01-08 19:32:24,646 | WARNING |   [ALO.PA] Fetch error: Too Many Requests. Rate limited. Try after a while.
2026-01-08 19:32:28,964 | WARNING |   [ALV.DE] Fetch error: Too Many Requests. Rate limited. Try after a while.
2026-01-08 19:32:33,129 | WARNING |   [AMAT] Fetch error: Too Many Requests. Rate limited. Try after a while.
2026-01-08 19:32:36,130 | INFO |   Batch complete, waiting 60s...
2026-01-08 19:33:36,141 | INFO | 
  Batch 2/17 (25 assets)
2026-01-08 19:33:38,187 | WARNING |   [AMD] Fetch error: Too Many Requests. Rate limited. Try after a while.
2026-01-08 19:33:42,366 | WARNING |   [AMGN] Fetch error: Too Many Requests. Rate limited. Try after a while.
2026-01-08 19:33:46,622 | WARNING |   [AMT] Fetch error: Too Many Requests. Rate limited. Try after a while.
2026-01-08 19:33:50,802 | WARNING |   [AMZN] Fetch error: Too Many Requests. Rate limited. Try after a while.
2026-01-08 19:33:54,989 | WARNING |   [AON] Fetch error: Too Many Requests. Rate limited. Try after a while.
2026-01-08 19:33:59,177 | WARNING |   [APD] Fetch error: Too Many Requests. Rate limited. Try after a while.
2026-01-08 19:34:03,439 | WARNING |   [ASML] Fetch error: Too Many Requests. Rate limited. Try after a while.
2026-01-08 19:34:07,806 | WARNING |   [ATO.PA] Fetch error: Too Many Requests. Rate limited. Try after a while.
2026-01-08 19:34:12,012 | WARNING |   [AUSS.OL] Fetch error: Too Many Requests. Rate limited. Try after a while.
2026-01-08 19:34:16,183 | WARNING |   [AUTO.OL] Fetch error: Too Many Requests. Rate limited. Try after a while.
2026-01-08 19:34:20,512 | WARNING |   [AV.L] Fetch error: Too Many Requests. Rate limited. Try after a while.
2026-01-08 19:34:25,006 | WARNING |   [AVB] Fetch error: Too Many Requests. Rate limited. Try after a while.
2026-01-08 19:34:28,965 | WARNING |   [AVGO] Fetch error: Too Many Requests. Rate limited. Try after a while.
2026-01-08 19:34:33,499 | WARNING |   [AWK] Fetch error: Too Many Requests. Rate limited. Try after a while.
