2026-01-28 19:52:22,325 | INFO | ======================================================================
2026-01-28 19:52:22,326 | INFO | IoS-001 DAILY PRICE INGEST
2026-01-28 19:52:22,326 | INFO | Executor: LINE (EC-004)
2026-01-28 19:52:22,326 | INFO | Authority: CEO_DIRECTIVE_LINE_DAILY_INGEST_ACTIVATION_20251212
2026-01-28 19:52:22,326 | INFO | Time: 2026-01-28T18:52:22.326953+00:00
2026-01-28 19:52:22,327 | INFO | Asset Class Filter: ALL
2026-01-28 19:52:22,327 | INFO | Dry Run: False
2026-01-28 19:52:22,327 | INFO | ======================================================================
2026-01-28 19:52:23,000 | INFO | Found 491 VEGA-attested assets
2026-01-28 19:52:23,000 | INFO | 
============================================================
2026-01-28 19:52:23,001 | INFO | Processing CRYPTO: 46 assets
2026-01-28 19:52:23,001 | INFO | Schedule: Daily 01:00 UTC
2026-01-28 19:52:23,001 | INFO | ============================================================
2026-01-28 19:52:23,001 | INFO | 
  Batch 1/2 (25 assets)
2026-01-28 19:52:25,356 | ERROR | $GRT-USD: possibly delisted; no price data found  (1d 2026-01-28 -> 2026-01-29)
2026-01-28 19:52:28,379 | INFO |   Batch complete, waiting 60s...
2026-01-28 19:53:28,381 | INFO | 
  Batch 2/2 (21 assets)
2026-01-28 19:53:28,602 | ERROR | $UNI-USD: possibly delisted; no price data found  (1d 2026-01-27 -> 2026-01-29)
2026-01-28 19:53:31,623 | INFO | 
============================================================
2026-01-28 19:53:31,623 | INFO | Processing EQUITY: 421 assets
2026-01-28 19:53:31,624 | INFO | Schedule: Weekdays 22:00 UTC
2026-01-28 19:53:31,624 | INFO | ============================================================
2026-01-28 19:53:31,624 | INFO | 
  Batch 1/17 (25 assets)
2026-01-28 19:53:31,781 | ERROR | $1COV.DE: possibly delisted; no price data found  (1d 2025-12-24 -> 2026-01-29)
2026-01-28 19:53:34,835 | INFO |   Batch complete, waiting 60s...
2026-01-28 19:54:34,836 | INFO | 
  Batch 2/17 (25 assets)
2026-01-28 19:54:34,901 | INFO |   Batch complete, waiting 60s...
2026-01-28 19:55:34,904 | INFO | 
  Batch 3/17 (25 assets)
2026-01-28 19:55:39,528 | ERROR | $BRK.B: possibly delisted; no timezone found
2026-01-28 19:55:46,167 | ERROR | 404 Client Error: Not Found for url: https://query2.finance.yahoo.com/v10/finance/quoteSummary/BT.A.L?modules=financialData%2CquoteType%2CdefaultKeyStatistics%2CassetProfile%2CsummaryDetail&corsDomain=finance.yahoo.com&formatted=false&symbol=BT.A.L&crumb=yCfHNWkB0Cs
2026-01-28 19:55:46,167 | WARNING |   [BT.A.L] Fetch error: 'NoneType' object has no attribute 'update'
2026-01-28 19:55:49,416 | INFO |     [CAP.PA] +1 rows
2026-01-28 19:55:52,536 | INFO |     [CARR] +1 rows
2026-01-28 19:55:55,716 | INFO |     [CAT] +1 rows
2026-01-28 19:55:58,959 | INFO |     [CB] +1 rows
2026-01-28 19:56:02,118 | INFO |     [CBK.DE] +1 rows
2026-01-28 19:56:05,242 | INFO |     [CCI] +1 rows
2026-01-28 19:56:08,435 | INFO |     [CDNS] +1 rows
2026-01-28 19:56:11,437 | INFO |   Batch complete, waiting 60s...
2026-01-28 19:57:11,438 | INFO | 
  Batch 4/17 (25 assets)
2026-01-28 19:57:11,576 | INFO |     [CF] +1 rows
2026-01-28 19:57:14,734 | INFO |     [CHD] +1 rows
2026-01-28 19:57:17,842 | INFO |     [CHTR] +1 rows
