2026-02-15 11:43:00,198 | INFO | ======================================================================
2026-02-15 11:43:00,198 | INFO | IoS-001 DAILY PRICE INGEST
2026-02-15 11:43:00,198 | INFO | Executor: LINE (EC-004)
2026-02-15 11:43:00,198 | INFO | Authority: CEO_DIRECTIVE_LINE_DAILY_INGEST_ACTIVATION_20251212
2026-02-15 11:43:00,198 | INFO | Amendment: CEO-DIR-2026-119 (Rate Limit Mitigation)
2026-02-15 11:43:00,198 | INFO | Time: 2026-02-15T10:43:00.198484+00:00
2026-02-15 11:43:00,198 | INFO | Asset Class Filter: ALL
2026-02-15 11:43:00,198 | INFO | Batch Mode: True
2026-02-15 11:43:00,198 | INFO | Dry Run: False
2026-02-15 11:43:00,198 | INFO | ======================================================================
2026-02-15 11:43:00,406 | INFO | Found 491 VEGA-attested assets
2026-02-15 11:43:00,406 | INFO | 
============================================================
2026-02-15 11:43:00,406 | INFO | Processing CRYPTO: 46 assets
2026-02-15 11:43:00,406 | INFO | Schedule: Daily 01:00 UTC
2026-02-15 11:43:00,406 | INFO | ============================================================
2026-02-15 11:43:00,407 | INFO |   Using BATCH MODE (CEO-DIR-2026-119)
2026-02-15 11:43:00,407 | INFO | 
  Batch 1/5 (10 tickers)
2026-02-15 11:43:00,421 | INFO |     All assets up to date
2026-02-15 11:43:00,422 | INFO | 
  Batch 2/5 (10 tickers)
2026-02-15 11:43:00,424 | INFO |     Batch download: 1 tickers
2026-02-15 11:43:03,321 | ERROR | 
1 Failed download:
2026-02-15 11:43:03,321 | ERROR | ['GRT-USD']: YFRateLimitError('Too Many Requests. Rate limited. Try after a while.')
2026-02-15 11:43:03,336 | INFO |   Batch complete, waiting 120s...
2026-02-15 11:45:03,340 | INFO | 
  Batch 3/5 (10 tickers)
2026-02-15 11:45:03,394 | INFO |     All assets up to date
2026-02-15 11:45:03,394 | INFO | 
  Batch 4/5 (10 tickers)
2026-02-15 11:45:03,419 | INFO |     Batch download: 1 tickers
2026-02-15 11:45:06,090 | ERROR | 
1 Failed download:
2026-02-15 11:45:06,090 | ERROR | ['UNI-USD']: YFRateLimitError('Too Many Requests. Rate limited. Try after a while.')
2026-02-15 11:45:06,105 | INFO |   Batch complete, waiting 120s...
2026-02-15 11:47:06,106 | INFO | 
  Batch 5/5 (6 tickers)
2026-02-15 11:47:06,122 | INFO |     All assets up to date
2026-02-15 11:47:06,122 | INFO | 
============================================================
2026-02-15 11:47:06,122 | INFO | Processing EQUITY: 421 assets
2026-02-15 11:47:06,122 | INFO | Schedule: Weekdays 22:00 UTC
2026-02-15 11:47:06,122 | INFO | ============================================================
2026-02-15 11:47:06,122 | INFO |   Market closed for EQUITY today, skipping
2026-02-15 11:47:06,122 | INFO | 
============================================================
2026-02-15 11:47:06,122 | INFO | Processing FX: 24 assets
2026-02-15 11:47:06,122 | INFO | Schedule: Sun-Thu 22:00 UTC
2026-02-15 11:47:06,122 | INFO | ============================================================
2026-02-15 11:47:06,122 | INFO |   Using BATCH MODE (CEO-DIR-2026-119)
2026-02-15 11:47:06,122 | INFO | 
  Batch 1/3 (10 tickers)
2026-02-15 11:47:06,138 | INFO |     Batch download: 9 tickers
2026-02-15 11:47:18,542 | ERROR | 
9 Failed downloads:
2026-02-15 11:47:18,542 | ERROR | ['EURCHF=X', 'EURGBP=X', 'EURNOK=X', 'AUDJPY=X', 'EURSEK=X', 'EURJPY=X', 'CADJPY=X', 'CHFJPY=X', 'EURAUD=X']: YFRateLimitError('Too Many Requests. Rate limited. Try after a while.')
2026-02-15 11:47:18,552 | INFO |   Batch complete, waiting 120s...
