2026-01-30 11:30:14,690 | INFO | ======================================================================
2026-01-30 11:30:14,690 | INFO | IoS-001 DAILY PRICE INGEST
2026-01-30 11:30:14,690 | INFO | Executor: LINE (EC-004)
2026-01-30 11:30:14,690 | INFO | Authority: CEO_DIRECTIVE_LINE_DAILY_INGEST_ACTIVATION_20251212
2026-01-30 11:30:14,690 | INFO | Time: 2026-01-30T10:30:14.690213+00:00
2026-01-30 11:30:14,690 | INFO | Asset Class Filter: ALL
2026-01-30 11:30:14,690 | INFO | Dry Run: False
2026-01-30 11:30:14,691 | INFO | ======================================================================
2026-01-30 11:30:15,093 | INFO | Found 491 VEGA-attested assets
2026-01-30 11:30:15,093 | INFO | 
============================================================
2026-01-30 11:30:15,093 | INFO | Processing CRYPTO: 46 assets
2026-01-30 11:30:15,093 | INFO | Schedule: Daily 01:00 UTC
2026-01-30 11:30:15,093 | INFO | ============================================================
2026-01-30 11:30:15,093 | INFO | 
  Batch 1/2 (25 assets)
2026-01-30 11:30:20,312 | WARNING |   [GRT-USD] Fetch error: Too Many Requests. Rate limited. Try after a while.
2026-01-30 11:30:23,345 | INFO |   Batch complete, waiting 60s...
2026-01-30 11:31:23,346 | INFO | 
  Batch 2/2 (21 assets)
2026-01-30 11:31:25,433 | WARNING |   [UNI-USD] Fetch error: Too Many Requests. Rate limited. Try after a while.
2026-01-30 11:31:28,474 | INFO | 
============================================================
2026-01-30 11:31:28,474 | INFO | Processing EQUITY: 421 assets
2026-01-30 11:31:28,474 | INFO | Schedule: Weekdays 22:00 UTC
2026-01-30 11:31:28,474 | INFO | ============================================================
2026-01-30 11:31:28,474 | INFO | 
  Batch 1/17 (25 assets)
2026-01-30 11:31:30,413 | WARNING |   [1COV.DE] Fetch error: Too Many Requests. Rate limited. Try after a while.
2026-01-30 11:31:34,639 | WARNING |   [ABBV] Fetch error: Too Many Requests. Rate limited. Try after a while.
2026-01-30 11:31:38,974 | WARNING |   [ABNB] Fetch error: Too Many Requests. Rate limited. Try after a while.
2026-01-30 11:31:42,967 | WARNING |   [ABT] Fetch error: Too Many Requests. Rate limited. Try after a while.
2026-01-30 11:31:47,297 | WARNING |   [ADBE] Fetch error: Too Many Requests. Rate limited. Try after a while.
2026-01-30 11:31:51,312 | WARNING |   [ADI] Fetch error: Too Many Requests. Rate limited. Try after a while.
2026-01-30 11:31:55,493 | WARNING |   [ADSK] Fetch error: Too Many Requests. Rate limited. Try after a while.
2026-01-30 11:31:59,855 | WARNING |   [AEP] Fetch error: Too Many Requests. Rate limited. Try after a while.
2026-01-30 11:32:04,244 | WARNING |   [AFL] Fetch error: Too Many Requests. Rate limited. Try after a while.
2026-01-30 11:32:08,636 | WARNING |   [AIG] Fetch error: Too Many Requests. Rate limited. Try after a while.
2026-01-30 11:32:12,931 | WARNING |   [AKAM] Fetch error: Too Many Requests. Rate limited. Try after a while.
2026-01-30 11:32:17,014 | WARNING |   [ALB] Fetch error: Too Many Requests. Rate limited. Try after a while.
2026-01-30 11:32:20,972 | WARNING |   [ALL] Fetch error: Too Many Requests. Rate limited. Try after a while.
2026-01-30 11:32:24,953 | WARNING |   [AMAT] Fetch error: Too Many Requests. Rate limited. Try after a while.
2026-01-30 11:32:27,953 | INFO |   Batch complete, waiting 60s...
2026-01-30 11:33:27,954 | INFO | 
  Batch 2/17 (25 assets)
2026-01-30 11:33:29,418 | WARNING |   [AMD] Fetch error: Too Many Requests. Rate limited. Try after a while.
2026-01-30 11:33:33,718 | WARNING |   [AMGN] Fetch error: Too Many Requests. Rate limited. Try after a while.
2026-01-30 11:33:37,722 | WARNING |   [AMT] Fetch error: Too Many Requests. Rate limited. Try after a while.
2026-01-30 11:33:42,089 | WARNING |   [AMZN] Fetch error: Too Many Requests. Rate limited. Try after a while.
2026-01-30 11:33:46,269 | WARNING |   [AON] Fetch error: Too Many Requests. Rate limited. Try after a while.
2026-01-30 11:33:50,429 | WARNING |   [APD] Fetch error: Too Many Requests. Rate limited. Try after a while.
2026-01-30 11:33:54,450 | WARNING |   [ASML] Fetch error: Too Many Requests. Rate limited. Try after a while.
2026-01-30 11:33:58,476 | WARNING |   [AVB] Fetch error: Too Many Requests. Rate limited. Try after a while.
2026-01-30 11:34:03,349 | WARNING |   [AVGO] Fetch error: Too Many Requests. Rate limited. Try after a while.
2026-01-30 11:34:07,698 | WARNING |   [AWK] Fetch error: Too Many Requests. Rate limited. Try after a while.
2026-01-30 11:34:12,559 | WARNING |   [AXP] Fetch error: Too Many Requests. Rate limited. Try after a while.
2026-01-30 11:34:16,734 | WARNING |   [AZO] Fetch error: Too Many Requests. Rate limited. Try after a while.
2026-01-30 11:34:20,986 | WARNING |   [BA] Fetch error: Too Many Requests. Rate limited. Try after a while.
2026-01-30 11:34:25,374 | WARNING |   [BAC] Fetch error: Too Many Requests. Rate limited. Try after a while.
2026-01-30 11:34:28,381 | INFO |   Batch complete, waiting 60s...
