2026-01-23 08:50:35,003 | INFO | ======================================================================
2026-01-23 08:50:35,003 | INFO | IoS-001 DAILY PRICE INGEST
2026-01-23 08:50:35,003 | INFO | Executor: LINE (EC-004)
2026-01-23 08:50:35,003 | INFO | Authority: CEO_DIRECTIVE_LINE_DAILY_INGEST_ACTIVATION_20251212
2026-01-23 08:50:35,003 | INFO | Time: 2026-01-23T07:50:35.003919+00:00
2026-01-23 08:50:35,003 | INFO | Asset Class Filter: ALL
2026-01-23 08:50:35,003 | INFO | Dry Run: False
2026-01-23 08:50:35,003 | INFO | ======================================================================
2026-01-23 08:50:35,438 | INFO | Found 491 VEGA-attested assets
2026-01-23 08:50:35,438 | INFO | 
============================================================
2026-01-23 08:50:35,438 | INFO | Processing CRYPTO: 46 assets
2026-01-23 08:50:35,438 | INFO | Schedule: Daily 01:00 UTC
2026-01-23 08:50:35,438 | INFO | ============================================================
2026-01-23 08:50:35,438 | INFO | 
  Batch 1/2 (25 assets)
2026-01-23 08:50:38,926 | WARNING |   [GRT-USD] Fetch error: Too Many Requests. Rate limited. Try after a while.
2026-01-23 08:50:41,977 | INFO |   Batch complete, waiting 60s...
2026-01-23 08:51:41,983 | INFO | 
  Batch 2/2 (21 assets)
2026-01-23 08:51:44,362 | WARNING |   [UNI-USD] Fetch error: Too Many Requests. Rate limited. Try after a while.
2026-01-23 08:51:47,442 | INFO | 
============================================================
2026-01-23 08:51:47,442 | INFO | Processing EQUITY: 421 assets
2026-01-23 08:51:47,442 | INFO | Schedule: Weekdays 22:00 UTC
2026-01-23 08:51:47,442 | INFO | ============================================================
2026-01-23 08:51:47,442 | INFO | 
  Batch 1/17 (25 assets)
2026-01-23 08:51:48,766 | WARNING |   [1COV.DE] Fetch error: Too Many Requests. Rate limited. Try after a while.
2026-01-23 08:51:52,498 | WARNING |   [ABBV] Fetch error: Too Many Requests. Rate limited. Try after a while.
2026-01-23 08:51:56,504 | WARNING |   [ABNB] Fetch error: Too Many Requests. Rate limited. Try after a while.
2026-01-23 08:52:00,535 | WARNING |   [ABT] Fetch error: Too Many Requests. Rate limited. Try after a while.
2026-01-23 08:52:04,517 | WARNING |   [ACA.PA] Fetch error: Too Many Requests. Rate limited. Try after a while.
2026-01-23 08:52:08,315 | WARNING |   [ADBE] Fetch error: Too Many Requests. Rate limited. Try after a while.
2026-01-23 08:52:12,210 | WARNING |   [ADI] Fetch error: Too Many Requests. Rate limited. Try after a while.
2026-01-23 08:52:16,506 | WARNING |   [ADS.DE] Fetch error: Too Many Requests. Rate limited. Try after a while.
2026-01-23 08:52:20,624 | WARNING |   [ADSK] Fetch error: Too Many Requests. Rate limited. Try after a while.
2026-01-23 08:52:25,501 | WARNING |   [AEP] Fetch error: Too Many Requests. Rate limited. Try after a while.
2026-01-23 08:52:29,541 | WARNING |   [AFL] Fetch error: Too Many Requests. Rate limited. Try after a while.
2026-01-23 08:52:33,483 | WARNING |   [AI.PA] Fetch error: Too Many Requests. Rate limited. Try after a while.
2026-01-23 08:52:37,679 | WARNING |   [AIG] Fetch error: Too Many Requests. Rate limited. Try after a while.
2026-01-23 08:52:41,729 | WARNING |   [AIR.DE] Fetch error: Too Many Requests. Rate limited. Try after a while.
2026-01-23 08:52:45,788 | WARNING |   [AIR.PA] Fetch error: Too Many Requests. Rate limited. Try after a while.
2026-01-23 08:52:50,079 | WARNING |   [AKAM] Fetch error: Too Many Requests. Rate limited. Try after a while.
2026-01-23 08:52:54,361 | WARNING |   [AKER.OL] Fetch error: Too Many Requests. Rate limited. Try after a while.
2026-01-23 08:52:58,432 | WARNING |   [AKRBP.OL] Fetch error: Too Many Requests. Rate limited. Try after a while.
2026-01-23 08:53:02,479 | WARNING |   [AKSO.OL] Fetch error: Too Many Requests. Rate limited. Try after a while.
2026-01-23 08:53:06,597 | WARNING |   [AKVA.OL] Fetch error: Too Many Requests. Rate limited. Try after a while.
2026-01-23 08:53:10,704 | WARNING |   [ALB] Fetch error: Too Many Requests. Rate limited. Try after a while.
2026-01-23 08:53:14,694 | WARNING |   [ALL] Fetch error: Too Many Requests. Rate limited. Try after a while.
2026-01-23 08:53:18,815 | WARNING |   [ALO.PA] Fetch error: Too Many Requests. Rate limited. Try after a while.
2026-01-23 08:53:22,735 | WARNING |   [ALV.DE] Fetch error: Too Many Requests. Rate limited. Try after a while.
2026-01-23 08:53:27,073 | WARNING |   [AMAT] Fetch error: Too Many Requests. Rate limited. Try after a while.
2026-01-23 08:53:30,075 | INFO |   Batch complete, waiting 60s...
2026-01-23 08:54:30,076 | INFO | 
  Batch 2/17 (25 assets)
2026-01-23 08:54:31,752 | WARNING |   [AMD] Fetch error: Too Many Requests. Rate limited. Try after a while.
2026-01-23 08:54:36,001 | WARNING |   [AMGN] Fetch error: Too Many Requests. Rate limited. Try after a while.
2026-01-23 08:54:40,318 | WARNING |   [AMT] Fetch error: Too Many Requests. Rate limited. Try after a while.
2026-01-23 08:54:44,311 | WARNING |   [AMZN] Fetch error: Too Many Requests. Rate limited. Try after a while.
2026-01-23 08:54:48,242 | WARNING |   [AON] Fetch error: Too Many Requests. Rate limited. Try after a while.
2026-01-23 08:54:52,740 | WARNING |   [APD] Fetch error: Too Many Requests. Rate limited. Try after a while.
2026-01-23 08:54:56,501 | WARNING |   [ASML] Fetch error: Too Many Requests. Rate limited. Try after a while.
2026-01-23 08:55:00,598 | WARNING |   [ATO.PA] Fetch error: Too Many Requests. Rate limited. Try after a while.
2026-01-23 08:55:04,896 | WARNING |   [AUSS.OL] Fetch error: Too Many Requests. Rate limited. Try after a while.
2026-01-23 08:55:09,484 | WARNING |   [AUTO.OL] Fetch error: Too Many Requests. Rate limited. Try after a while.
2026-01-23 08:55:13,368 | WARNING |   [AV.L] Fetch error: Too Many Requests. Rate limited. Try after a while.
2026-01-23 08:55:17,661 | WARNING |   [AVB] Fetch error: Too Many Requests. Rate limited. Try after a while.
2026-01-23 08:55:21,629 | WARNING |   [AVGO] Fetch error: Too Many Requests. Rate limited. Try after a while.
2026-01-23 08:55:25,632 | WARNING |   [AWK] Fetch error: Too Many Requests. Rate limited. Try after a while.
2026-01-23 08:55:29,831 | WARNING |   [AXP] Fetch error: Too Many Requests. Rate limited. Try after a while.
