2026-02-16 20:57:58,276 | INFO | ======================================================================
2026-02-16 20:57:58,276 | INFO | IoS-001 DAILY PRICE INGEST
2026-02-16 20:57:58,276 | INFO | Executor: LINE (EC-004)
2026-02-16 20:57:58,276 | INFO | Authority: CEO_DIRECTIVE_LINE_DAILY_INGEST_ACTIVATION_20251212
2026-02-16 20:57:58,276 | INFO | Amendment: CEO-DIR-2026-119 (Rate Limit Mitigation)
2026-02-16 20:57:58,276 | INFO | Time: 2026-02-16T19:57:58.276535+00:00
2026-02-16 20:57:58,276 | INFO | Asset Class Filter: ALL
2026-02-16 20:57:58,276 | INFO | Batch Mode: True
2026-02-16 20:57:58,276 | INFO | Dry Run: False
2026-02-16 20:57:58,276 | INFO | ======================================================================
2026-02-16 20:57:58,518 | INFO | Found 491 VEGA-attested assets
2026-02-16 20:57:58,518 | INFO | 
============================================================
2026-02-16 20:57:58,518 | INFO | Processing CRYPTO: 46 assets
2026-02-16 20:57:58,518 | INFO | Schedule: Daily 01:00 UTC
2026-02-16 20:57:58,518 | INFO | ============================================================
2026-02-16 20:57:58,518 | INFO |   Using BATCH MODE (CEO-DIR-2026-119)
2026-02-16 20:57:58,518 | INFO | 
  Batch 1/5 (10 tickers)
2026-02-16 20:57:58,526 | INFO |     All assets up to date
2026-02-16 20:57:58,526 | INFO | 
  Batch 2/5 (10 tickers)
2026-02-16 20:57:58,542 | INFO |     Batch download: 1 tickers
2026-02-16 20:57:59,758 | ERROR | 
1 Failed download:
2026-02-16 20:57:59,758 | ERROR | ['GRT-USD']: YFPricesMissingError('possibly delisted; no price data found  (1d 2026-02-15 -> 2026-02-17)')
2026-02-16 20:57:59,768 | INFO |   Batch complete, waiting 120s...
2026-02-16 20:59:59,775 | INFO | 
  Batch 3/5 (10 tickers)
2026-02-16 20:59:59,811 | INFO |     All assets up to date
2026-02-16 20:59:59,811 | INFO | 
  Batch 4/5 (10 tickers)
2026-02-16 20:59:59,862 | INFO |     Batch download: 1 tickers
2026-02-16 21:00:00,971 | ERROR | 
1 Failed download:
2026-02-16 21:00:00,971 | ERROR | ['UNI-USD']: YFPricesMissingError('possibly delisted; no price data found  (1d 2026-02-12 -> 2026-02-17)')
2026-02-16 21:00:00,973 | INFO |   Batch complete, waiting 120s...
2026-02-16 21:02:00,975 | INFO | 
  Batch 5/5 (6 tickers)
2026-02-16 21:02:00,988 | INFO |     All assets up to date
2026-02-16 21:02:00,988 | INFO | 
============================================================
2026-02-16 21:02:00,988 | INFO | Processing EQUITY: 421 assets
2026-02-16 21:02:00,988 | INFO | Schedule: Weekdays 22:00 UTC
2026-02-16 21:02:00,988 | INFO | ============================================================
2026-02-16 21:02:00,988 | INFO |   Using BATCH MODE (CEO-DIR-2026-119)
2026-02-16 21:02:00,988 | INFO | 
  Batch 1/43 (10 tickers)
2026-02-16 21:02:01,029 | INFO |     Batch download: 8 tickers
2026-02-16 21:02:02,679 | ERROR | 
1 Failed download:
2026-02-16 21:02:02,679 | ERROR | ['1COV.DE']: YFPricesMissingError('possibly delisted; no price data found  (1d 2025-12-24 -> 2026-02-17)')
2026-02-16 21:02:02,727 | INFO |     [ABBV] +35 rows
2026-02-16 21:02:02,737 | INFO |     [ABNB] +35 rows
2026-02-16 21:02:02,747 | INFO |     [ABT] +35 rows
2026-02-16 21:02:02,757 | INFO |     [ADBE] +35 rows
2026-02-16 21:02:02,769 | INFO |     [ADI] +35 rows
2026-02-16 21:02:02,778 | INFO |     [ADSK] +35 rows
2026-02-16 21:02:02,796 | INFO |     [AEP] +35 rows
2026-02-16 21:02:02,796 | INFO |   Batch complete, waiting 120s...
