2026-02-11 12:28:54,165 | INFO | ======================================================================
2026-02-11 12:28:54,165 | INFO | IoS-001 DAILY PRICE INGEST
2026-02-11 12:28:54,165 | INFO | Executor: LINE (EC-004)
2026-02-11 12:28:54,165 | INFO | Authority: CEO_DIRECTIVE_LINE_DAILY_INGEST_ACTIVATION_20251212
2026-02-11 12:28:54,165 | INFO | Amendment: CEO-DIR-2026-119 (Rate Limit Mitigation)
2026-02-11 12:28:54,165 | INFO | Time: 2026-02-11T11:28:54.165365+00:00
2026-02-11 12:28:54,165 | INFO | Asset Class Filter: ALL
2026-02-11 12:28:54,165 | INFO | Batch Mode: True
2026-02-11 12:28:54,166 | INFO | Dry Run: False
2026-02-11 12:28:54,166 | INFO | ======================================================================
2026-02-11 12:28:54,563 | INFO | Found 491 VEGA-attested assets
2026-02-11 12:28:54,563 | INFO | 
============================================================
2026-02-11 12:28:54,563 | INFO | Processing CRYPTO: 46 assets
2026-02-11 12:28:54,564 | INFO | Schedule: Daily 01:00 UTC
2026-02-11 12:28:54,564 | INFO | ============================================================
2026-02-11 12:28:54,564 | INFO |   Using BATCH MODE (CEO-DIR-2026-119)
2026-02-11 12:28:54,564 | INFO | 
  Batch 1/5 (10 tickers)
2026-02-11 12:28:54,577 | INFO |     All assets up to date
2026-02-11 12:28:54,577 | INFO | 
  Batch 2/5 (10 tickers)
2026-02-11 12:28:54,587 | INFO |     Batch download: 1 tickers
2026-02-11 12:28:55,803 | ERROR | 
1 Failed download:
2026-02-11 12:28:55,803 | ERROR | ['GRT-USD']: YFPricesMissingError('possibly delisted; no price data found  (1d 2026-02-11 -> 2026-02-12)')
2026-02-11 12:28:55,823 | INFO |   Batch complete, waiting 120s...
2026-02-11 12:30:55,826 | INFO | 
  Batch 3/5 (10 tickers)
2026-02-11 12:30:55,933 | INFO |     All assets up to date
2026-02-11 12:30:55,933 | INFO | 
  Batch 4/5 (10 tickers)
2026-02-11 12:30:55,983 | INFO |     Batch download: 1 tickers
2026-02-11 12:30:56,545 | ERROR | 
1 Failed download:
2026-02-11 12:30:56,545 | ERROR | ['UNI-USD']: YFPricesMissingError('possibly delisted; no price data found  (1d 2026-02-11 -> 2026-02-12)')
2026-02-11 12:30:56,545 | INFO |   Batch complete, waiting 120s...
2026-02-11 12:32:56,555 | INFO | 
  Batch 5/5 (6 tickers)
2026-02-11 12:32:56,634 | INFO |     All assets up to date
2026-02-11 12:32:56,634 | INFO | 
============================================================
2026-02-11 12:32:56,634 | INFO | Processing EQUITY: 421 assets
2026-02-11 12:32:56,634 | INFO | Schedule: Weekdays 22:00 UTC
2026-02-11 12:32:56,634 | INFO | ============================================================
2026-02-11 12:32:56,634 | INFO |   Using BATCH MODE (CEO-DIR-2026-119)
2026-02-11 12:32:56,634 | INFO | 
  Batch 1/43 (10 tickers)
2026-02-11 12:32:56,679 | INFO |     Batch download: 8 tickers
2026-02-11 12:33:00,434 | ERROR | 
1 Failed download:
2026-02-11 12:33:00,434 | ERROR | ['1COV.DE']: YFPricesMissingError('possibly delisted; no price data found  (1d 2025-12-24 -> 2026-02-12)')
2026-02-11 12:33:00,514 | INFO |     [ABBV] +32 rows
2026-02-11 12:33:00,527 | INFO |     [ABNB] +32 rows
2026-02-11 12:33:00,547 | INFO |     [ABT] +32 rows
2026-02-11 12:33:00,571 | INFO |     [ADBE] +32 rows
2026-02-11 12:33:00,588 | INFO |     [ADI] +32 rows
2026-02-11 12:33:00,607 | INFO |     [ADSK] +32 rows
2026-02-11 12:33:00,626 | INFO |     [AEP] +32 rows
2026-02-11 12:33:00,626 | INFO |   Batch complete, waiting 120s...
