2026-02-02 02:25:20,120 | INFO | ======================================================================
2026-02-02 02:25:20,120 | INFO | IoS-001 DAILY PRICE INGEST
2026-02-02 02:25:20,121 | INFO | Executor: LINE (EC-004)
2026-02-02 02:25:20,121 | INFO | Authority: CEO_DIRECTIVE_LINE_DAILY_INGEST_ACTIVATION_20251212
2026-02-02 02:25:20,121 | INFO | Time: 2026-02-02T01:25:20.121666+00:00
2026-02-02 02:25:20,122 | INFO | Asset Class Filter: ALL
2026-02-02 02:25:20,122 | INFO | Dry Run: False
2026-02-02 02:25:20,122 | INFO | ======================================================================
2026-02-02 02:25:20,809 | INFO | Found 491 VEGA-attested assets
2026-02-02 02:25:20,809 | INFO | 
============================================================
2026-02-02 02:25:20,810 | INFO | Processing CRYPTO: 46 assets
2026-02-02 02:25:20,812 | INFO | Schedule: Daily 01:00 UTC
2026-02-02 02:25:20,812 | INFO | ============================================================
2026-02-02 02:25:20,813 | INFO | 
  Batch 1/2 (25 assets)
2026-02-02 02:25:25,724 | WARNING |   [AVAX-USD] Fetch error: Too Many Requests. Rate limited. Try after a while.
2026-02-02 02:25:29,966 | WARNING |   [BCH-USD] Fetch error: Too Many Requests. Rate limited. Try after a while.
2026-02-02 02:25:34,247 | WARNING |   [BTC-USD] Fetch error: Too Many Requests. Rate limited. Try after a while.
2026-02-02 02:25:38,316 | WARNING |   [CRV-USD] Fetch error: Too Many Requests. Rate limited. Try after a while.
2026-02-02 02:25:42,203 | WARNING |   [DOGE-USD] Fetch error: Too Many Requests. Rate limited. Try after a while.
2026-02-02 02:25:46,347 | WARNING |   [DOT-USD] Fetch error: Too Many Requests. Rate limited. Try after a while.
2026-02-02 02:25:50,626 | WARNING |   [ETH-USD] Fetch error: Too Many Requests. Rate limited. Try after a while.
2026-02-02 02:25:54,584 | WARNING |   [GRT-USD] Fetch error: Too Many Requests. Rate limited. Try after a while.
2026-02-02 02:25:58,767 | WARNING |   [LINK-USD] Fetch error: Too Many Requests. Rate limited. Try after a while.
2026-02-02 02:26:02,834 | WARNING |   [LTC-USD] Fetch error: Too Many Requests. Rate limited. Try after a while.
2026-02-02 02:26:05,835 | INFO |   Batch complete, waiting 60s...
2026-02-02 02:27:05,835 | INFO | 
  Batch 2/2 (21 assets)
2026-02-02 02:27:07,617 | WARNING |   [SHIB-USD] Fetch error: Too Many Requests. Rate limited. Try after a while.
2026-02-02 02:27:11,805 | WARNING |   [SOL-USD] Fetch error: Too Many Requests. Rate limited. Try after a while.
2026-02-02 02:27:16,004 | WARNING |   [UNI-USD] Fetch error: Too Many Requests. Rate limited. Try after a while.
2026-02-02 02:27:20,091 | WARNING |   [XRP-USD] Fetch error: Too Many Requests. Rate limited. Try after a while.
2026-02-02 02:27:24,168 | WARNING |   [XTZ-USD] Fetch error: Too Many Requests. Rate limited. Try after a while.
2026-02-02 02:27:28,393 | WARNING |   [AAVE-USD] Fetch error: Too Many Requests. Rate limited. Try after a while.
2026-02-02 02:27:31,401 | INFO | 
============================================================
2026-02-02 02:27:31,401 | INFO | Processing EQUITY: 421 assets
2026-02-02 02:27:31,401 | INFO | Schedule: Weekdays 22:00 UTC
2026-02-02 02:27:31,401 | INFO | ============================================================
2026-02-02 02:27:31,401 | INFO | 
  Batch 1/17 (25 assets)
2026-02-02 02:27:32,845 | WARNING |   [1COV.DE] Fetch error: Too Many Requests. Rate limited. Try after a while.
2026-02-02 02:27:36,825 | WARNING |   [ABBV] Fetch error: Too Many Requests. Rate limited. Try after a while.
2026-02-02 02:27:40,779 | WARNING |   [ABNB] Fetch error: Too Many Requests. Rate limited. Try after a while.
2026-02-02 02:27:44,687 | WARNING |   [ABT] Fetch error: Too Many Requests. Rate limited. Try after a while.
2026-02-02 02:27:48,729 | WARNING |   [ACA.PA] Fetch error: Too Many Requests. Rate limited. Try after a while.
2026-02-02 02:27:52,746 | WARNING |   [ADBE] Fetch error: Too Many Requests. Rate limited. Try after a while.
2026-02-02 02:27:56,983 | WARNING |   [ADI] Fetch error: Too Many Requests. Rate limited. Try after a while.
2026-02-02 02:28:01,391 | WARNING |   [ADS.DE] Fetch error: Too Many Requests. Rate limited. Try after a while.
2026-02-02 02:28:05,488 | WARNING |   [ADSK] Fetch error: Too Many Requests. Rate limited. Try after a while.
2026-02-02 02:28:10,831 | WARNING |   [AEP] Fetch error: Too Many Requests. Rate limited. Try after a while.
2026-02-02 02:28:14,911 | WARNING |   [AFL] Fetch error: Too Many Requests. Rate limited. Try after a while.
2026-02-02 02:28:19,085 | WARNING |   [AI.PA] Fetch error: Too Many Requests. Rate limited. Try after a while.
2026-02-02 02:28:23,013 | WARNING |   [AIG] Fetch error: Too Many Requests. Rate limited. Try after a while.
2026-02-02 02:28:26,935 | WARNING |   [AIR.DE] Fetch error: Too Many Requests. Rate limited. Try after a while.
2026-02-02 02:28:31,045 | WARNING |   [AIR.PA] Fetch error: Too Many Requests. Rate limited. Try after a while.
2026-02-02 02:28:35,030 | WARNING |   [AKAM] Fetch error: Too Many Requests. Rate limited. Try after a while.
2026-02-02 02:28:39,206 | WARNING |   [AKER.OL] Fetch error: Too Many Requests. Rate limited. Try after a while.
2026-02-02 02:28:43,417 | WARNING |   [AKRBP.OL] Fetch error: Too Many Requests. Rate limited. Try after a while.
2026-02-02 02:28:47,372 | WARNING |   [AKSO.OL] Fetch error: Too Many Requests. Rate limited. Try after a while.
2026-02-02 02:28:51,603 | WARNING |   [AKVA.OL] Fetch error: Too Many Requests. Rate limited. Try after a while.
2026-02-02 02:28:55,652 | WARNING |   [ALB] Fetch error: Too Many Requests. Rate limited. Try after a while.
2026-02-02 02:28:59,918 | WARNING |   [ALL] Fetch error: Too Many Requests. Rate limited. Try after a while.
2026-02-02 02:29:04,078 | WARNING |   [ALO.PA] Fetch error: Too Many Requests. Rate limited. Try after a while.
2026-02-02 02:29:08,087 | WARNING |   [ALV.DE] Fetch error: Too Many Requests. Rate limited. Try after a while.
2026-02-02 02:29:12,614 | WARNING |   [AMAT] Fetch error: Too Many Requests. Rate limited. Try after a while.
2026-02-02 02:29:15,615 | INFO |   Batch complete, waiting 60s...
2026-02-02 02:30:15,616 | INFO | 
  Batch 2/17 (25 assets)
2026-02-02 02:30:17,135 | WARNING |   [AMD] Fetch error: Too Many Requests. Rate limited. Try after a while.
