2026-02-13 19:42:26,871 | INFO | ======================================================================
2026-02-13 19:42:26,871 | INFO | IoS-001 DAILY PRICE INGEST
2026-02-13 19:42:26,871 | INFO | Executor: LINE (EC-004)
2026-02-13 19:42:26,871 | INFO | Authority: CEO_DIRECTIVE_LINE_DAILY_INGEST_ACTIVATION_20251212
2026-02-13 19:42:26,871 | INFO | Amendment: CEO-DIR-2026-119 (Rate Limit Mitigation)
2026-02-13 19:42:26,871 | INFO | Time: 2026-02-13T18:42:26.871366+00:00
2026-02-13 19:42:26,871 | INFO | Asset Class Filter: ALL
2026-02-13 19:42:26,871 | INFO | Batch Mode: True
2026-02-13 19:42:26,871 | INFO | Dry Run: False
2026-02-13 19:42:26,871 | INFO | ======================================================================
2026-02-13 19:42:27,075 | INFO | Found 491 VEGA-attested assets
2026-02-13 19:42:27,076 | INFO | 
============================================================
2026-02-13 19:42:27,076 | INFO | Processing CRYPTO: 46 assets
2026-02-13 19:42:27,076 | INFO | Schedule: Daily 01:00 UTC
2026-02-13 19:42:27,076 | INFO | ============================================================
2026-02-13 19:42:27,076 | INFO |   Using BATCH MODE (CEO-DIR-2026-119)
2026-02-13 19:42:27,076 | INFO | 
  Batch 1/5 (10 tickers)
2026-02-13 19:42:27,087 | INFO |     All assets up to date
2026-02-13 19:42:27,088 | INFO | 
  Batch 2/5 (10 tickers)
2026-02-13 19:42:27,096 | INFO |     Batch download: 1 tickers
2026-02-13 19:42:29,744 | ERROR | 
1 Failed download:
2026-02-13 19:42:29,745 | ERROR | ['GRT-USD']: YFRateLimitError('Too Many Requests. Rate limited. Try after a while.')
2026-02-13 19:42:29,747 | INFO |   Batch complete, waiting 120s...
2026-02-13 19:44:29,756 | INFO | 
  Batch 3/5 (10 tickers)
2026-02-13 19:44:29,771 | INFO |     All assets up to date
2026-02-13 19:44:29,771 | INFO | 
  Batch 4/5 (10 tickers)
2026-02-13 19:44:29,787 | INFO |     Batch download: 1 tickers
2026-02-13 19:44:32,700 | ERROR | 
1 Failed download:
2026-02-13 19:44:32,700 | ERROR | ['UNI-USD']: YFRateLimitError('Too Many Requests. Rate limited. Try after a while.')
2026-02-13 19:44:32,700 | INFO |   Batch complete, waiting 120s...
2026-02-13 19:46:32,717 | INFO | 
  Batch 5/5 (6 tickers)
2026-02-13 19:46:32,748 | INFO |     All assets up to date
2026-02-13 19:46:32,748 | INFO | 
============================================================
2026-02-13 19:46:32,748 | INFO | Processing EQUITY: 421 assets
2026-02-13 19:46:32,748 | INFO | Schedule: Weekdays 22:00 UTC
2026-02-13 19:46:32,748 | INFO | ============================================================
2026-02-13 19:46:32,748 | INFO |   Using BATCH MODE (CEO-DIR-2026-119)
2026-02-13 19:46:32,748 | INFO | 
  Batch 1/43 (10 tickers)
2026-02-13 19:46:32,764 | INFO |     Batch download: 1 tickers
2026-02-13 19:46:35,451 | ERROR | 
1 Failed download:
2026-02-13 19:46:35,451 | ERROR | ['1COV.DE']: YFRateLimitError('Too Many Requests. Rate limited. Try after a while.')
2026-02-13 19:46:35,451 | INFO |   Batch complete, waiting 120s...
