2026-01-13 10:15:25,452 | INFO | ======================================================================
2026-01-13 10:15:25,452 | INFO | IoS-001 DAILY PRICE INGEST
2026-01-13 10:15:25,452 | INFO | Executor: LINE (EC-004)
2026-01-13 10:15:25,452 | INFO | Authority: CEO_DIRECTIVE_LINE_DAILY_INGEST_ACTIVATION_20251212
2026-01-13 10:15:25,452 | INFO | Time: 2026-01-13T09:15:25.452253+00:00
2026-01-13 10:15:25,452 | INFO | Asset Class Filter: ALL
2026-01-13 10:15:25,452 | INFO | Dry Run: False
2026-01-13 10:15:25,452 | INFO | ======================================================================
2026-01-13 10:15:25,690 | INFO | Found 491 VEGA-attested assets
2026-01-13 10:15:25,690 | INFO | 
============================================================
2026-01-13 10:15:25,690 | INFO | Processing CRYPTO: 46 assets
2026-01-13 10:15:25,690 | INFO | Schedule: Daily 01:00 UTC
2026-01-13 10:15:25,690 | INFO | ============================================================
2026-01-13 10:15:25,690 | INFO | 
  Batch 1/2 (25 assets)
2026-01-13 10:15:27,013 | ERROR | $GRT-USD: possibly delisted; no price data found  (1d 2026-01-13 -> 2026-01-14)
2026-01-13 10:15:30,034 | INFO |   Batch complete, waiting 60s...
2026-01-13 10:16:30,039 | INFO | 
  Batch 2/2 (21 assets)
2026-01-13 10:16:30,162 | ERROR | $UNI-USD: possibly delisted; no price data found  (1d 2026-01-08 -> 2026-01-14)
2026-01-13 10:16:33,185 | INFO | 
============================================================
2026-01-13 10:16:33,185 | INFO | Processing EQUITY: 421 assets
2026-01-13 10:16:33,185 | INFO | Schedule: Weekdays 22:00 UTC
2026-01-13 10:16:33,185 | INFO | ============================================================
2026-01-13 10:16:33,185 | INFO | 
  Batch 1/17 (25 assets)
2026-01-13 10:16:33,390 | ERROR | $1COV.DE: possibly delisted; no price data found  (1d 2025-12-24 -> 2026-01-14)
2026-01-13 10:16:36,705 | INFO |     [ABBV] +1 rows
2026-01-13 10:16:39,818 | INFO |     [ABNB] +1 rows
2026-01-13 10:16:43,020 | INFO |     [ABT] +1 rows
2026-01-13 10:16:46,200 | INFO |     [ACA.PA] +1 rows
2026-01-13 10:16:49,394 | INFO |     [ADBE] +1 rows
2026-01-13 10:16:52,578 | INFO |     [ADI] +1 rows
2026-01-13 10:16:55,849 | INFO |     [ADS.DE] +1 rows
2026-01-13 10:16:59,004 | INFO |     [ADSK] +1 rows
2026-01-13 10:17:02,229 | INFO |     [AEP] +1 rows
2026-01-13 10:17:05,433 | INFO |     [AFL] +1 rows
2026-01-13 10:17:08,703 | INFO |     [AI.PA] +1 rows
2026-01-13 10:17:11,913 | INFO |     [AIG] +1 rows
2026-01-13 10:17:15,075 | INFO |     [AIR.DE] +1 rows
2026-01-13 10:17:18,221 | INFO |     [AIR.PA] +1 rows
2026-01-13 10:17:21,357 | INFO |     [AKAM] +1 rows
2026-01-13 10:17:24,515 | INFO |     [AKER.OL] +1 rows
2026-01-13 10:17:27,638 | INFO |     [AKRBP.OL] +1 rows
2026-01-13 10:17:30,786 | INFO |     [AKSO.OL] +1 rows
2026-01-13 10:17:33,964 | INFO |     [AKVA.OL] +1 rows
2026-01-13 10:17:37,133 | INFO |     [ALB] +1 rows
2026-01-13 10:17:40,309 | INFO |     [ALL] +1 rows
2026-01-13 10:17:43,478 | INFO |     [ALO.PA] +1 rows
2026-01-13 10:17:46,682 | INFO |     [ALV.DE] +1 rows
2026-01-13 10:17:49,833 | INFO |     [AMAT] +1 rows
2026-01-13 10:17:52,842 | INFO |   Batch complete, waiting 60s...
2026-01-13 10:18:52,843 | INFO | 
  Batch 2/17 (25 assets)
2026-01-13 10:18:52,938 | INFO |     [AMD] +1 rows
2026-01-13 10:18:56,089 | INFO |     [AMGN] +1 rows
2026-01-13 10:18:59,209 | INFO |     [AMT] +1 rows
2026-01-13 10:19:02,317 | INFO |     [AMZN] +1 rows
2026-01-13 10:19:05,475 | INFO |     [AON] +1 rows
2026-01-13 10:19:08,607 | INFO |     [APD] +1 rows
2026-01-13 10:19:11,740 | INFO |     [ASML] +1 rows
2026-01-13 10:19:14,900 | INFO |     [ATO.PA] +1 rows
2026-01-13 10:19:18,095 | INFO |     [AUSS.OL] +1 rows
2026-01-13 10:19:21,241 | INFO |     [AUTO.OL] +1 rows
2026-01-13 10:19:24,411 | INFO |     [AV.L] +1 rows
2026-01-13 10:19:27,628 | INFO |     [AVB] +1 rows
2026-01-13 10:19:30,772 | INFO |     [AVGO] +1 rows
2026-01-13 10:19:33,889 | INFO |     [AWK] +1 rows
2026-01-13 10:19:37,082 | INFO |     [AXP] +1 rows
2026-01-13 10:19:40,239 | INFO |     [AZN.L] +1 rows
2026-01-13 10:19:43,377 | INFO |     [AZO] +1 rows
2026-01-13 10:19:46,604 | INFO |     [BA] +1 rows
2026-01-13 10:19:49,758 | INFO |     [BA.L] +1 rows
2026-01-13 10:19:53,048 | INFO |     [BAC] +1 rows
2026-01-13 10:19:56,190 | INFO |     [BAKKA.OL] +1 rows
2026-01-13 10:19:59,392 | INFO |     [BARC.L] +1 rows
2026-01-13 10:20:02,604 | INFO |     [BAS.DE] +1 rows
2026-01-13 10:20:05,782 | INFO |     [BATS.L] +1 rows
2026-01-13 10:20:08,951 | INFO |     [BAYN.DE] +1 rows
2026-01-13 10:20:11,961 | INFO |   Batch complete, waiting 60s...
