2026-02-11 08:19:10,467 | INFO | ======================================================================
2026-02-11 08:19:10,467 | INFO | IoS-001 DAILY PRICE INGEST
2026-02-11 08:19:10,467 | INFO | Executor: LINE (EC-004)
2026-02-11 08:19:10,467 | INFO | Authority: CEO_DIRECTIVE_LINE_DAILY_INGEST_ACTIVATION_20251212
2026-02-11 08:19:10,467 | INFO | Amendment: CEO-DIR-2026-119 (Rate Limit Mitigation)
2026-02-11 08:19:10,467 | INFO | Time: 2026-02-11T07:19:10.467113+00:00
2026-02-11 08:19:10,467 | INFO | Asset Class Filter: ALL
2026-02-11 08:19:10,467 | INFO | Batch Mode: True
2026-02-11 08:19:10,467 | INFO | Dry Run: False
2026-02-11 08:19:10,467 | INFO | ======================================================================
2026-02-11 08:19:10,718 | INFO | Found 491 VEGA-attested assets
2026-02-11 08:19:10,718 | INFO | 
============================================================
2026-02-11 08:19:10,718 | INFO | Processing CRYPTO: 46 assets
2026-02-11 08:19:10,718 | INFO | Schedule: Daily 01:00 UTC
2026-02-11 08:19:10,718 | INFO | ============================================================
2026-02-11 08:19:10,718 | INFO |   Using BATCH MODE (CEO-DIR-2026-119)
2026-02-11 08:19:10,718 | INFO | 
  Batch 1/5 (10 tickers)
2026-02-11 08:19:10,750 | INFO |     All assets up to date
2026-02-11 08:19:10,750 | INFO | 
  Batch 2/5 (10 tickers)
2026-02-11 08:19:10,778 | INFO |     Batch download: 1 tickers
2026-02-11 08:19:12,100 | ERROR | 
1 Failed download:
2026-02-11 08:19:12,100 | ERROR | ['GRT-USD']: YFPricesMissingError('possibly delisted; no price data found  (1d 2026-02-11 -> 2026-02-12)')
2026-02-11 08:19:12,110 | INFO |   Batch complete, waiting 120s...
2026-02-11 08:21:12,120 | INFO | 
  Batch 3/5 (10 tickers)
2026-02-11 08:21:12,197 | INFO |     All assets up to date
2026-02-11 08:21:12,197 | INFO | 
  Batch 4/5 (10 tickers)
2026-02-11 08:21:12,300 | INFO |     Batch download: 1 tickers
2026-02-11 08:21:12,779 | ERROR | 
1 Failed download:
2026-02-11 08:21:12,779 | ERROR | ['UNI-USD']: YFPricesMissingError('possibly delisted; no price data found  (1d 2026-02-11 -> 2026-02-12)')
2026-02-11 08:21:12,779 | INFO |   Batch complete, waiting 120s...
2026-02-11 08:23:12,788 | INFO | 
  Batch 5/5 (6 tickers)
2026-02-11 08:23:12,799 | INFO |     All assets up to date
2026-02-11 08:23:12,803 | INFO | 
============================================================
2026-02-11 08:23:12,803 | INFO | Processing EQUITY: 421 assets
2026-02-11 08:23:12,803 | INFO | Schedule: Weekdays 22:00 UTC
2026-02-11 08:23:12,803 | INFO | ============================================================
2026-02-11 08:23:12,803 | INFO |   Using BATCH MODE (CEO-DIR-2026-119)
2026-02-11 08:23:12,803 | INFO | 
  Batch 1/43 (10 tickers)
2026-02-11 08:23:12,821 | INFO |     Batch download: 10 tickers
2026-02-11 08:23:14,881 | ERROR | 
1 Failed download:
2026-02-11 08:23:14,881 | ERROR | ['1COV.DE']: YFPricesMissingError('possibly delisted; no price data found  (1d 2025-12-24 -> 2026-02-12)')
2026-02-11 08:23:14,941 | INFO |     [ABBV] +32 rows
2026-02-11 08:23:14,954 | INFO |     [ABNB] +32 rows
2026-02-11 08:23:14,964 | INFO |     [ABT] +32 rows
2026-02-11 08:23:14,985 | INFO |     [ACA.PA] +32 rows
2026-02-11 08:23:14,993 | INFO |     [ADBE] +32 rows
2026-02-11 08:23:15,003 | INFO |     [ADI] +32 rows
2026-02-11 08:23:15,013 | INFO |     [ADS.DE] +30 rows
2026-02-11 08:23:15,024 | INFO |     [ADSK] +32 rows
2026-02-11 08:23:15,034 | INFO |     [AEP] +32 rows
2026-02-11 08:23:15,034 | INFO |   Batch complete, waiting 120s...
