2026-01-25 04:23:32,407 | INFO | ======================================================================
2026-01-25 04:23:32,407 | INFO | IoS-001 DAILY PRICE INGEST
2026-01-25 04:23:32,407 | INFO | Executor: LINE (EC-004)
2026-01-25 04:23:32,407 | INFO | Authority: CEO_DIRECTIVE_LINE_DAILY_INGEST_ACTIVATION_20251212
2026-01-25 04:23:32,407 | INFO | Time: 2026-01-25T03:23:32.407127+00:00
2026-01-25 04:23:32,407 | INFO | Asset Class Filter: ALL
2026-01-25 04:23:32,407 | INFO | Dry Run: False
2026-01-25 04:23:32,407 | INFO | ======================================================================
2026-01-25 04:23:32,683 | INFO | Found 491 VEGA-attested assets
2026-01-25 04:23:32,684 | INFO | 
============================================================
2026-01-25 04:23:32,684 | INFO | Processing CRYPTO: 46 assets
2026-01-25 04:23:32,684 | INFO | Schedule: Daily 01:00 UTC
2026-01-25 04:23:32,684 | INFO | ============================================================
2026-01-25 04:23:32,685 | INFO | 
  Batch 1/2 (25 assets)
2026-01-25 04:23:35,841 | WARNING |   [GRT-USD] Fetch error: Too Many Requests. Rate limited. Try after a while.
2026-01-25 04:23:38,856 | INFO |   Batch complete, waiting 60s...
2026-01-25 04:24:38,860 | INFO | 
  Batch 2/2 (21 assets)
2026-01-25 04:24:40,992 | WARNING |   [UNI-USD] Fetch error: Too Many Requests. Rate limited. Try after a while.
2026-01-25 04:24:44,017 | INFO | 
============================================================
2026-01-25 04:24:44,017 | INFO | Processing EQUITY: 421 assets
2026-01-25 04:24:44,017 | INFO | Schedule: Weekdays 22:00 UTC
2026-01-25 04:24:44,017 | INFO | ============================================================
2026-01-25 04:24:44,017 | INFO |   Market closed for EQUITY today, skipping
2026-01-25 04:24:44,017 | INFO | 
============================================================
2026-01-25 04:24:44,017 | INFO | Processing FX: 24 assets
2026-01-25 04:24:44,017 | INFO | Schedule: Sun-Thu 22:00 UTC
2026-01-25 04:24:44,017 | INFO | ============================================================
2026-01-25 04:24:44,017 | INFO | 
  Batch 1/1 (24 assets)
2026-01-25 04:24:44,963 | WARNING |   [AUDJPY=X] Fetch error: Too Many Requests. Rate limited. Try after a while.
2026-01-25 04:24:49,220 | WARNING |   [AUDUSD=X] Fetch error: Too Many Requests. Rate limited. Try after a while.
2026-01-25 04:24:53,267 | WARNING |   [CADJPY=X] Fetch error: Too Many Requests. Rate limited. Try after a while.
2026-01-25 04:24:57,553 | WARNING |   [CHFJPY=X] Fetch error: Too Many Requests. Rate limited. Try after a while.
2026-01-25 04:25:01,602 | WARNING |   [EURAUD=X] Fetch error: Too Many Requests. Rate limited. Try after a while.
2026-01-25 04:25:05,688 | WARNING |   [EURCHF=X] Fetch error: Too Many Requests. Rate limited. Try after a while.
2026-01-25 04:25:09,689 | WARNING |   [EURGBP=X] Fetch error: Too Many Requests. Rate limited. Try after a while.
2026-01-25 04:25:13,744 | WARNING |   [EURJPY=X] Fetch error: Too Many Requests. Rate limited. Try after a while.
2026-01-25 04:25:17,758 | WARNING |   [EURNOK=X] Fetch error: Too Many Requests. Rate limited. Try after a while.
2026-01-25 04:25:21,704 | WARNING |   [EURSEK=X] Fetch error: Too Many Requests. Rate limited. Try after a while.
2026-01-25 04:25:25,982 | WARNING |   [EURUSD=X] Fetch error: Too Many Requests. Rate limited. Try after a while.
2026-01-25 04:25:29,981 | WARNING |   [GBPJPY=X] Fetch error: Too Many Requests. Rate limited. Try after a while.
2026-01-25 04:25:33,922 | WARNING |   [GBPUSD=X] Fetch error: Too Many Requests. Rate limited. Try after a while.
2026-01-25 04:25:38,283 | WARNING |   [NZDUSD=X] Fetch error: Too Many Requests. Rate limited. Try after a while.
2026-01-25 04:25:42,380 | WARNING |   [USDCAD=X] Fetch error: Too Many Requests. Rate limited. Try after a while.
2026-01-25 04:25:46,410 | WARNING |   [USDCHF=X] Fetch error: Too Many Requests. Rate limited. Try after a while.
2026-01-25 04:25:50,665 | WARNING |   [USDHKD=X] Fetch error: Too Many Requests. Rate limited. Try after a while.
2026-01-25 04:25:54,610 | WARNING |   [USDJPY=X] Fetch error: Too Many Requests. Rate limited. Try after a while.
2026-01-25 04:25:58,752 | WARNING |   [USDMXN=X] Fetch error: Too Many Requests. Rate limited. Try after a while.
2026-01-25 04:26:02,970 | WARNING |   [USDNOK=X] Fetch error: Too Many Requests. Rate limited. Try after a while.
2026-01-25 04:26:07,054 | WARNING |   [USDSEK=X] Fetch error: Too Many Requests. Rate limited. Try after a while.
2026-01-25 04:26:11,169 | WARNING |   [USDSGD=X] Fetch error: Too Many Requests. Rate limited. Try after a while.
2026-01-25 04:26:15,086 | WARNING |   [USDTRY=X] Fetch error: Too Many Requests. Rate limited. Try after a while.
2026-01-25 04:26:19,373 | WARNING |   [USDZAR=X] Fetch error: Too Many Requests. Rate limited. Try after a while.
2026-01-25 04:26:22,389 | WARNING | Heartbeat recording failed: relation "fhq_monitoring.system_heartbeats" does not exist
LINE 2:                 INSERT INTO fhq_monitoring.system_heartbeats...
                                    ^

2026-01-25 04:26:22,395 | INFO | 
======================================================================
2026-01-25 04:26:22,395 | INFO | DAILY INGEST COMPLETE
2026-01-25 04:26:22,396 | INFO | ======================================================================
2026-01-25 04:26:22,396 | INFO | Assets Processed: 70
2026-01-25 04:26:22,396 | INFO | Assets Updated:   0
2026-01-25 04:26:22,398 | INFO | Rows Inserted:    0
2026-01-25 04:26:22,398 | INFO |   CRYPTO: 0 assets, 0 rows
2026-01-25 04:26:22,398 | INFO |   FX: 0 assets, 0 rows
2026-01-25 04:26:22,399 | INFO | Evidence: C:\fhq-market-system\vision-ios\03_FUNCTIONS\evidence\IOS001_DAILY_INGEST_fd89a314_20260125_042622.json
2026-01-25 04:26:22,399 | INFO | ======================================================================
