2026-01-28 04:15:46,418 | INFO | ======================================================================
2026-01-28 04:15:46,418 | INFO | IoS-001 DAILY PRICE INGEST
2026-01-28 04:15:46,418 | INFO | Executor: LINE (EC-004)
2026-01-28 04:15:46,418 | INFO | Authority: CEO_DIRECTIVE_LINE_DAILY_INGEST_ACTIVATION_20251212
2026-01-28 04:15:46,418 | INFO | Time: 2026-01-28T03:15:46.418759+00:00
2026-01-28 04:15:46,418 | INFO | Asset Class Filter: ALL
2026-01-28 04:15:46,418 | INFO | Dry Run: False
2026-01-28 04:15:46,419 | INFO | ======================================================================
2026-01-28 04:15:46,626 | INFO | Found 491 VEGA-attested assets
2026-01-28 04:15:46,626 | INFO | 
============================================================
2026-01-28 04:15:46,626 | INFO | Processing CRYPTO: 46 assets
2026-01-28 04:15:46,626 | INFO | Schedule: Daily 01:00 UTC
2026-01-28 04:15:46,626 | INFO | ============================================================
2026-01-28 04:15:46,626 | INFO | 
  Batch 1/2 (25 assets)
2026-01-28 04:15:49,928 | WARNING |   [GRT-USD] Fetch error: Too Many Requests. Rate limited. Try after a while.
2026-01-28 04:15:52,956 | INFO |   Batch complete, waiting 60s...
2026-01-28 04:16:52,958 | INFO | 
  Batch 2/2 (21 assets)
2026-01-28 04:16:54,691 | WARNING |   [UNI-USD] Fetch error: Too Many Requests. Rate limited. Try after a while.
2026-01-28 04:16:57,708 | INFO | 
============================================================
2026-01-28 04:16:57,708 | INFO | Processing EQUITY: 421 assets
2026-01-28 04:16:57,708 | INFO | Schedule: Weekdays 22:00 UTC
2026-01-28 04:16:57,708 | INFO | ============================================================
2026-01-28 04:16:57,708 | INFO | 
  Batch 1/17 (25 assets)
2026-01-28 04:16:58,656 | WARNING |   [1COV.DE] Fetch error: Too Many Requests. Rate limited. Try after a while.
2026-01-28 04:17:02,823 | WARNING |   [ABBV] Fetch error: Too Many Requests. Rate limited. Try after a while.
2026-01-28 04:17:06,935 | WARNING |   [ABNB] Fetch error: Too Many Requests. Rate limited. Try after a while.
2026-01-28 04:17:10,977 | WARNING |   [ABT] Fetch error: Too Many Requests. Rate limited. Try after a while.
2026-01-28 04:17:14,825 | WARNING |   [ACA.PA] Fetch error: Too Many Requests. Rate limited. Try after a while.
2026-01-28 04:17:19,089 | WARNING |   [ADBE] Fetch error: Too Many Requests. Rate limited. Try after a while.
2026-01-28 04:17:23,213 | WARNING |   [ADI] Fetch error: Too Many Requests. Rate limited. Try after a while.
2026-01-28 04:17:27,615 | WARNING |   [ADS.DE] Fetch error: Too Many Requests. Rate limited. Try after a while.
2026-01-28 04:17:31,715 | WARNING |   [ADSK] Fetch error: Too Many Requests. Rate limited. Try after a while.
2026-01-28 04:17:35,832 | WARNING |   [AEP] Fetch error: Too Many Requests. Rate limited. Try after a while.
2026-01-28 04:17:39,755 | WARNING |   [AFL] Fetch error: Too Many Requests. Rate limited. Try after a while.
2026-01-28 04:17:43,856 | WARNING |   [AI.PA] Fetch error: Too Many Requests. Rate limited. Try after a while.
2026-01-28 04:17:48,011 | WARNING |   [AIG] Fetch error: Too Many Requests. Rate limited. Try after a while.
2026-01-28 04:17:52,334 | WARNING |   [AIR.DE] Fetch error: Too Many Requests. Rate limited. Try after a while.
2026-01-28 04:17:56,483 | WARNING |   [AIR.PA] Fetch error: Too Many Requests. Rate limited. Try after a while.
2026-01-28 04:18:00,694 | WARNING |   [AKAM] Fetch error: Too Many Requests. Rate limited. Try after a while.
2026-01-28 04:18:04,938 | WARNING |   [AKER.OL] Fetch error: Too Many Requests. Rate limited. Try after a while.
2026-01-28 04:18:08,939 | WARNING |   [AKRBP.OL] Fetch error: Too Many Requests. Rate limited. Try after a while.
2026-01-28 04:18:13,243 | WARNING |   [AKSO.OL] Fetch error: Too Many Requests. Rate limited. Try after a while.
2026-01-28 04:18:17,488 | WARNING |   [AKVA.OL] Fetch error: Too Many Requests. Rate limited. Try after a while.
2026-01-28 04:18:21,830 | WARNING |   [ALB] Fetch error: Too Many Requests. Rate limited. Try after a while.
2026-01-28 04:18:25,947 | WARNING |   [ALL] Fetch error: Too Many Requests. Rate limited. Try after a while.
2026-01-28 04:18:29,915 | WARNING |   [ALO.PA] Fetch error: Too Many Requests. Rate limited. Try after a while.
2026-01-28 04:18:34,151 | WARNING |   [ALV.DE] Fetch error: Too Many Requests. Rate limited. Try after a while.
2026-01-28 04:18:38,159 | WARNING |   [AMAT] Fetch error: Too Many Requests. Rate limited. Try after a while.
2026-01-28 04:18:41,167 | INFO |   Batch complete, waiting 60s...
2026-01-28 04:19:41,167 | INFO | 
  Batch 2/17 (25 assets)
2026-01-28 04:19:42,833 | WARNING |   [AMD] Fetch error: Too Many Requests. Rate limited. Try after a while.
2026-01-28 04:19:46,764 | WARNING |   [AMGN] Fetch error: Too Many Requests. Rate limited. Try after a while.
2026-01-28 04:19:51,080 | WARNING |   [AMT] Fetch error: Too Many Requests. Rate limited. Try after a while.
2026-01-28 04:19:55,001 | WARNING |   [AMZN] Fetch error: Too Many Requests. Rate limited. Try after a while.
2026-01-28 04:19:59,226 | WARNING |   [AON] Fetch error: Too Many Requests. Rate limited. Try after a while.
2026-01-28 04:20:03,479 | WARNING |   [APD] Fetch error: Too Many Requests. Rate limited. Try after a while.
2026-01-28 04:20:07,716 | WARNING |   [ASML] Fetch error: Too Many Requests. Rate limited. Try after a while.
2026-01-28 04:20:11,794 | WARNING |   [ATO.PA] Fetch error: Too Many Requests. Rate limited. Try after a while.
2026-01-28 04:20:16,155 | WARNING |   [AUSS.OL] Fetch error: Too Many Requests. Rate limited. Try after a while.
2026-01-28 04:20:20,121 | WARNING |   [AUTO.OL] Fetch error: Too Many Requests. Rate limited. Try after a while.
2026-01-28 04:20:24,269 | WARNING |   [AV.L] Fetch error: Too Many Requests. Rate limited. Try after a while.
2026-01-28 04:20:28,346 | WARNING |   [AVB] Fetch error: Too Many Requests. Rate limited. Try after a while.
2026-01-28 04:20:32,510 | WARNING |   [AVGO] Fetch error: Too Many Requests. Rate limited. Try after a while.
2026-01-28 04:20:36,561 | WARNING |   [AWK] Fetch error: Too Many Requests. Rate limited. Try after a while.
2026-01-28 04:20:40,565 | WARNING |   [AXP] Fetch error: Too Many Requests. Rate limited. Try after a while.
2026-01-28 04:20:44,691 | WARNING |   [AZN.L] Fetch error: Too Many Requests. Rate limited. Try after a while.
