2026-01-21 16:27:45,501 | INFO | ======================================================================
2026-01-21 16:27:45,501 | INFO | IoS-001 DAILY PRICE INGEST
2026-01-21 16:27:45,501 | INFO | Executor: LINE (EC-004)
2026-01-21 16:27:45,501 | INFO | Authority: CEO_DIRECTIVE_LINE_DAILY_INGEST_ACTIVATION_20251212
2026-01-21 16:27:45,501 | INFO | Time: 2026-01-21T15:27:45.501693+00:00
2026-01-21 16:27:45,501 | INFO | Asset Class Filter: ALL
2026-01-21 16:27:45,501 | INFO | Dry Run: False
2026-01-21 16:27:45,501 | INFO | ======================================================================
2026-01-21 16:27:45,750 | INFO | Found 491 VEGA-attested assets
2026-01-21 16:27:45,750 | INFO | 
============================================================
2026-01-21 16:27:45,750 | INFO | Processing CRYPTO: 46 assets
2026-01-21 16:27:45,750 | INFO | Schedule: Daily 01:00 UTC
2026-01-21 16:27:45,750 | INFO | ============================================================
2026-01-21 16:27:45,750 | INFO | 
  Batch 1/2 (25 assets)
2026-01-21 16:27:49,277 | WARNING |   [GRT-USD] Fetch error: Too Many Requests. Rate limited. Try after a while.
2026-01-21 16:27:52,292 | INFO |   Batch complete, waiting 60s...
2026-01-21 16:28:52,298 | INFO | 
  Batch 2/2 (21 assets)
2026-01-21 16:28:53,964 | WARNING |   [UNI-USD] Fetch error: Too Many Requests. Rate limited. Try after a while.
2026-01-21 16:28:56,981 | INFO | 
============================================================
2026-01-21 16:28:56,981 | INFO | Processing EQUITY: 421 assets
2026-01-21 16:28:56,987 | INFO | Schedule: Weekdays 22:00 UTC
2026-01-21 16:28:56,987 | INFO | ============================================================
2026-01-21 16:28:56,987 | INFO | 
  Batch 1/17 (25 assets)
2026-01-21 16:28:57,857 | WARNING |   [1COV.DE] Fetch error: Too Many Requests. Rate limited. Try after a while.
2026-01-21 16:29:00,910 | INFO |   Batch complete, waiting 60s...
2026-01-21 16:30:00,912 | INFO | 
  Batch 2/17 (25 assets)
2026-01-21 16:30:00,990 | INFO |   Batch complete, waiting 60s...
2026-01-21 16:31:00,994 | INFO | 
  Batch 3/17 (25 assets)
2026-01-21 16:31:03,749 | WARNING |   [BEI.DE] Fetch error: Too Many Requests. Rate limited. Try after a while.
2026-01-21 16:31:07,227 | WARNING |   [BEWI.OL] Fetch error: Too Many Requests. Rate limited. Try after a while.
2026-01-21 16:31:10,978 | WARNING |   [BHP.L] Fetch error: Too Many Requests. Rate limited. Try after a while.
2026-01-21 16:31:14,482 | WARNING |   [BKNG] Fetch error: Too Many Requests. Rate limited. Try after a while.
2026-01-21 16:31:18,111 | WARNING |   [BKR] Fetch error: Too Many Requests. Rate limited. Try after a while.
2026-01-21 16:31:21,630 | WARNING |   [BLK] Fetch error: Too Many Requests. Rate limited. Try after a while.
2026-01-21 16:31:25,145 | WARNING |   [BMW.DE] Fetch error: Too Many Requests. Rate limited. Try after a while.
2026-01-21 16:31:28,666 | WARNING |   [BMY] Fetch error: Too Many Requests. Rate limited. Try after a while.
2026-01-21 16:31:32,289 | WARNING |   [BN.PA] Fetch error: Too Many Requests. Rate limited. Try after a while.
2026-01-21 16:31:35,813 | WARNING |   [BNP.PA] Fetch error: Too Many Requests. Rate limited. Try after a while.
2026-01-21 16:31:39,326 | WARNING |   [BNR.DE] Fetch error: Too Many Requests. Rate limited. Try after a while.
2026-01-21 16:31:42,791 | WARNING |   [BP.L] Fetch error: Too Many Requests. Rate limited. Try after a while.
2026-01-21 16:31:46,390 | WARNING |   [BRK.B] Fetch error: Too Many Requests. Rate limited. Try after a while.
2026-01-21 16:31:50,477 | WARNING |   [BSX] Fetch error: Too Many Requests. Rate limited. Try after a while.
2026-01-21 16:31:54,129 | WARNING |   [BT.A.L] Fetch error: Too Many Requests. Rate limited. Try after a while.
2026-01-21 16:31:57,825 | WARNING |   [BWO.OL] Fetch error: Too Many Requests. Rate limited. Try after a while.
2026-01-21 16:32:01,736 | WARNING |   [C] Fetch error: Too Many Requests. Rate limited. Try after a while.
2026-01-21 16:32:05,415 | WARNING |   [CAG] Fetch error: Too Many Requests. Rate limited. Try after a while.
2026-01-21 16:32:08,998 | WARNING |   [CAP.PA] Fetch error: Too Many Requests. Rate limited. Try after a while.
2026-01-21 16:32:13,155 | WARNING |   [CARR] Fetch error: Too Many Requests. Rate limited. Try after a while.
2026-01-21 16:32:17,246 | WARNING |   [CAT] Fetch error: Too Many Requests. Rate limited. Try after a while.
2026-01-21 16:32:21,099 | WARNING |   [CB] Fetch error: Too Many Requests. Rate limited. Try after a while.
2026-01-21 16:32:25,341 | WARNING |   [CBK.DE] Fetch error: Too Many Requests. Rate limited. Try after a while.
2026-01-21 16:32:29,501 | WARNING |   [CCI] Fetch error: Too Many Requests. Rate limited. Try after a while.
2026-01-21 16:32:33,563 | WARNING |   [CDNS] Fetch error: Too Many Requests. Rate limited. Try after a while.
2026-01-21 16:32:36,564 | INFO |   Batch complete, waiting 60s...
