2026-01-16 23:52:57,850 | INFO | ======================================================================
2026-01-16 23:52:57,850 | INFO | IoS-001 DAILY PRICE INGEST
2026-01-16 23:52:57,850 | INFO | Executor: LINE (EC-004)
2026-01-16 23:52:57,850 | INFO | Authority: CEO_DIRECTIVE_LINE_DAILY_INGEST_ACTIVATION_20251212
2026-01-16 23:52:57,850 | INFO | Time: 2026-01-16T22:52:57.850691+00:00
2026-01-16 23:52:57,850 | INFO | Asset Class Filter: ALL
2026-01-16 23:52:57,850 | INFO | Dry Run: False
2026-01-16 23:52:57,850 | INFO | ======================================================================
2026-01-16 23:52:58,109 | INFO | Found 491 VEGA-attested assets
2026-01-16 23:52:58,109 | INFO | 
============================================================
2026-01-16 23:52:58,110 | INFO | Processing CRYPTO: 46 assets
2026-01-16 23:52:58,110 | INFO | Schedule: Daily 01:00 UTC
2026-01-16 23:52:58,110 | INFO | ============================================================
2026-01-16 23:52:58,110 | INFO | 
  Batch 1/2 (25 assets)
2026-01-16 23:53:01,233 | WARNING |   [GRT-USD] Fetch error: Too Many Requests. Rate limited. Try after a while.
2026-01-16 23:53:04,267 | INFO |   Batch complete, waiting 60s...
2026-01-16 23:54:04,268 | INFO | 
  Batch 2/2 (21 assets)
2026-01-16 23:54:06,042 | WARNING |   [UNI-USD] Fetch error: Too Many Requests. Rate limited. Try after a while.
2026-01-16 23:54:09,062 | INFO | 
============================================================
2026-01-16 23:54:09,062 | INFO | Processing EQUITY: 421 assets
2026-01-16 23:54:09,062 | INFO | Schedule: Weekdays 22:00 UTC
2026-01-16 23:54:09,062 | INFO | ============================================================
2026-01-16 23:54:09,062 | INFO | 
  Batch 1/17 (25 assets)
2026-01-16 23:54:10,064 | WARNING |   [1COV.DE] Fetch error: Too Many Requests. Rate limited. Try after a while.
2026-01-16 23:54:13,113 | INFO |   Batch complete, waiting 60s...
2026-01-16 23:55:13,122 | INFO | 
  Batch 2/17 (25 assets)
2026-01-16 23:55:13,168 | INFO |   Batch complete, waiting 60s...
2026-01-16 23:56:13,176 | INFO | 
  Batch 3/17 (25 assets)
2026-01-16 23:56:15,773 | WARNING |   [BRK.B] Fetch error: Too Many Requests. Rate limited. Try after a while.
2026-01-16 23:56:19,665 | WARNING |   [BT.A.L] Fetch error: Too Many Requests. Rate limited. Try after a while.
2026-01-16 23:56:22,682 | INFO |   Batch complete, waiting 60s...
2026-01-16 23:57:22,683 | INFO | 
  Batch 4/17 (25 assets)
2026-01-16 23:57:22,727 | INFO |   Batch complete, waiting 60s...
