2026-01-27 02:36:22,159 | INFO | ======================================================================
2026-01-27 02:36:22,159 | INFO | IoS-001 DAILY PRICE INGEST
2026-01-27 02:36:22,159 | INFO | Executor: LINE (EC-004)
2026-01-27 02:36:22,159 | INFO | Authority: CEO_DIRECTIVE_LINE_DAILY_INGEST_ACTIVATION_20251212
2026-01-27 02:36:22,159 | INFO | Time: 2026-01-27T01:36:22.159974+00:00
2026-01-27 02:36:22,159 | INFO | Asset Class Filter: ALL
2026-01-27 02:36:22,159 | INFO | Dry Run: False
2026-01-27 02:36:22,159 | INFO | ======================================================================
2026-01-27 02:36:22,508 | INFO | Found 491 VEGA-attested assets
2026-01-27 02:36:22,508 | INFO | 
============================================================
2026-01-27 02:36:22,508 | INFO | Processing CRYPTO: 46 assets
2026-01-27 02:36:22,508 | INFO | Schedule: Daily 01:00 UTC
2026-01-27 02:36:22,508 | INFO | ============================================================
2026-01-27 02:36:22,508 | INFO | 
  Batch 1/2 (25 assets)
2026-01-27 02:36:25,610 | WARNING |   [GRT-USD] Fetch error: Too Many Requests. Rate limited. Try after a while.
2026-01-27 02:36:28,635 | INFO |   Batch complete, waiting 60s...
2026-01-27 02:37:28,637 | INFO | 
  Batch 2/2 (21 assets)
2026-01-27 02:37:30,578 | WARNING |   [UNI-USD] Fetch error: Too Many Requests. Rate limited. Try after a while.
2026-01-27 02:37:33,622 | INFO | 
============================================================
2026-01-27 02:37:33,622 | INFO | Processing EQUITY: 421 assets
2026-01-27 02:37:33,622 | INFO | Schedule: Weekdays 22:00 UTC
2026-01-27 02:37:33,622 | INFO | ============================================================
2026-01-27 02:37:33,622 | INFO | 
  Batch 1/17 (25 assets)
2026-01-27 02:37:34,791 | WARNING |   [1COV.DE] Fetch error: Too Many Requests. Rate limited. Try after a while.
2026-01-27 02:37:39,082 | WARNING |   [ABBV] Fetch error: Too Many Requests. Rate limited. Try after a while.
2026-01-27 02:37:43,279 | WARNING |   [ABNB] Fetch error: Too Many Requests. Rate limited. Try after a while.
2026-01-27 02:37:47,438 | WARNING |   [ABT] Fetch error: Too Many Requests. Rate limited. Try after a while.
2026-01-27 02:37:51,674 | WARNING |   [ACA.PA] Fetch error: Too Many Requests. Rate limited. Try after a while.
2026-01-27 02:37:55,624 | WARNING |   [ADBE] Fetch error: Too Many Requests. Rate limited. Try after a while.
2026-01-27 02:37:59,633 | WARNING |   [ADI] Fetch error: Too Many Requests. Rate limited. Try after a while.
2026-01-27 02:38:03,851 | WARNING |   [ADS.DE] Fetch error: Too Many Requests. Rate limited. Try after a while.
2026-01-27 02:38:08,489 | WARNING |   [ADSK] Fetch error: Too Many Requests. Rate limited. Try after a while.
2026-01-27 02:38:12,446 | WARNING |   [AEP] Fetch error: Too Many Requests. Rate limited. Try after a while.
2026-01-27 02:38:16,677 | WARNING |   [AFL] Fetch error: Too Many Requests. Rate limited. Try after a while.
2026-01-27 02:38:20,610 | WARNING |   [AI.PA] Fetch error: Too Many Requests. Rate limited. Try after a while.
2026-01-27 02:38:24,730 | WARNING |   [AIG] Fetch error: Too Many Requests. Rate limited. Try after a while.
2026-01-27 02:38:29,116 | WARNING |   [AIR.DE] Fetch error: Too Many Requests. Rate limited. Try after a while.
2026-01-27 02:38:33,546 | WARNING |   [AIR.PA] Fetch error: Too Many Requests. Rate limited. Try after a while.
2026-01-27 02:38:37,617 | WARNING |   [AKAM] Fetch error: Too Many Requests. Rate limited. Try after a while.
2026-01-27 02:38:41,979 | WARNING |   [AKER.OL] Fetch error: Too Many Requests. Rate limited. Try after a while.
2026-01-27 02:38:46,120 | WARNING |   [AKRBP.OL] Fetch error: Too Many Requests. Rate limited. Try after a while.
2026-01-27 02:38:50,497 | WARNING |   [AKSO.OL] Fetch error: Too Many Requests. Rate limited. Try after a while.
2026-01-27 02:38:54,460 | WARNING |   [AKVA.OL] Fetch error: Too Many Requests. Rate limited. Try after a while.
2026-01-27 02:38:58,725 | WARNING |   [ALB] Fetch error: Too Many Requests. Rate limited. Try after a while.
2026-01-27 02:39:02,893 | WARNING |   [ALL] Fetch error: Too Many Requests. Rate limited. Try after a while.
2026-01-27 02:39:06,926 | WARNING |   [ALO.PA] Fetch error: Too Many Requests. Rate limited. Try after a while.
2026-01-27 02:39:10,932 | WARNING |   [ALV.DE] Fetch error: Too Many Requests. Rate limited. Try after a while.
2026-01-27 02:39:15,274 | WARNING |   [AMAT] Fetch error: Too Many Requests. Rate limited. Try after a while.
2026-01-27 02:39:18,275 | INFO |   Batch complete, waiting 60s...
2026-01-27 02:40:18,276 | INFO | 
  Batch 2/17 (25 assets)
2026-01-27 02:40:20,361 | WARNING |   [AMD] Fetch error: Too Many Requests. Rate limited. Try after a while.
2026-01-27 02:40:24,193 | WARNING |   [AMGN] Fetch error: Too Many Requests. Rate limited. Try after a while.
2026-01-27 02:40:28,406 | WARNING |   [AMT] Fetch error: Too Many Requests. Rate limited. Try after a while.
2026-01-27 02:40:32,591 | WARNING |   [AMZN] Fetch error: Too Many Requests. Rate limited. Try after a while.
2026-01-27 02:40:36,482 | WARNING |   [AON] Fetch error: Too Many Requests. Rate limited. Try after a while.
2026-01-27 02:40:40,418 | WARNING |   [APD] Fetch error: Too Many Requests. Rate limited. Try after a while.
2026-01-27 02:40:44,502 | WARNING |   [ASML] Fetch error: Too Many Requests. Rate limited. Try after a while.
2026-01-27 02:40:48,538 | WARNING |   [ATO.PA] Fetch error: Too Many Requests. Rate limited. Try after a while.
2026-01-27 02:40:52,512 | WARNING |   [AUSS.OL] Fetch error: Too Many Requests. Rate limited. Try after a while.
2026-01-27 02:40:56,503 | WARNING |   [AUTO.OL] Fetch error: Too Many Requests. Rate limited. Try after a while.
2026-01-27 02:41:00,649 | WARNING |   [AV.L] Fetch error: Too Many Requests. Rate limited. Try after a while.
2026-01-27 02:41:04,690 | WARNING |   [AVB] Fetch error: Too Many Requests. Rate limited. Try after a while.
2026-01-27 02:41:08,671 | WARNING |   [AVGO] Fetch error: Too Many Requests. Rate limited. Try after a while.
2026-01-27 02:41:12,831 | WARNING |   [AWK] Fetch error: Too Many Requests. Rate limited. Try after a while.
2026-01-27 02:41:17,018 | WARNING |   [AXP] Fetch error: Too Many Requests. Rate limited. Try after a while.
