2026-02-10 15:18:54,394 | INFO | ======================================================================
2026-02-10 15:18:54,394 | INFO | IoS-001 DAILY PRICE INGEST
2026-02-10 15:18:54,394 | INFO | Executor: LINE (EC-004)
2026-02-10 15:18:54,394 | INFO | Authority: CEO_DIRECTIVE_LINE_DAILY_INGEST_ACTIVATION_20251212
2026-02-10 15:18:54,394 | INFO | Amendment: CEO-DIR-2026-119 (Rate Limit Mitigation)
2026-02-10 15:18:54,394 | INFO | Time: 2026-02-10T14:18:54.394756+00:00
2026-02-10 15:18:54,394 | INFO | Asset Class Filter: ALL
2026-02-10 15:18:54,394 | INFO | Batch Mode: True
2026-02-10 15:18:54,394 | INFO | Dry Run: False
2026-02-10 15:18:54,394 | INFO | ======================================================================
2026-02-10 15:18:54,705 | INFO | Found 491 VEGA-attested assets
2026-02-10 15:18:54,705 | INFO | 
============================================================
2026-02-10 15:18:54,705 | INFO | Processing CRYPTO: 46 assets
2026-02-10 15:18:54,705 | INFO | Schedule: Daily 01:00 UTC
2026-02-10 15:18:54,705 | INFO | ============================================================
2026-02-10 15:18:54,705 | INFO |   Using BATCH MODE (CEO-DIR-2026-119)
2026-02-10 15:18:54,705 | INFO | 
  Batch 1/5 (10 tickers)
2026-02-10 15:18:54,757 | INFO |     All assets up to date
2026-02-10 15:18:54,757 | INFO | 
  Batch 2/5 (10 tickers)
2026-02-10 15:18:54,804 | INFO |     Batch download: 1 tickers
2026-02-10 15:18:57,980 | ERROR | 
1 Failed download:
2026-02-10 15:18:57,981 | ERROR | ['GRT-USD']: YFRateLimitError('Too Many Requests. Rate limited. Try after a while.')
2026-02-10 15:18:57,981 | INFO |   Batch complete, waiting 120s...
2026-02-10 15:20:57,990 | INFO | 
  Batch 3/5 (10 tickers)
2026-02-10 15:20:58,023 | INFO |     All assets up to date
2026-02-10 15:20:58,023 | INFO | 
  Batch 4/5 (10 tickers)
2026-02-10 15:20:58,080 | INFO |     Batch download: 1 tickers
2026-02-10 15:21:01,078 | ERROR | 
1 Failed download:
2026-02-10 15:21:01,078 | ERROR | ['UNI-USD']: YFRateLimitError('Too Many Requests. Rate limited. Try after a while.')
2026-02-10 15:21:01,078 | INFO |   Batch complete, waiting 120s...
2026-02-10 15:23:01,083 | INFO | 
  Batch 5/5 (6 tickers)
2026-02-10 15:23:01,120 | INFO |     All assets up to date
2026-02-10 15:23:01,120 | INFO | 
============================================================
2026-02-10 15:23:01,120 | INFO | Processing EQUITY: 421 assets
2026-02-10 15:23:01,130 | INFO | Schedule: Weekdays 22:00 UTC
2026-02-10 15:23:01,130 | INFO | ============================================================
2026-02-10 15:23:01,130 | INFO |   Using BATCH MODE (CEO-DIR-2026-119)
2026-02-10 15:23:01,130 | INFO | 
  Batch 1/43 (10 tickers)
2026-02-10 15:23:01,164 | INFO |     Batch download: 8 tickers
2026-02-10 15:23:12,448 | ERROR | 
8 Failed downloads:
2026-02-10 15:23:12,448 | ERROR | ['AEP', 'ABBV', '1COV.DE', 'ABNB', 'ADI', 'ADSK', 'ABT', 'ADBE']: YFRateLimitError('Too Many Requests. Rate limited. Try after a while.')
2026-02-10 15:23:12,458 | INFO |   Batch complete, waiting 120s...
