2026-02-02 15:29:35,627 | INFO | ======================================================================
2026-02-02 15:29:35,627 | INFO | IoS-001 DAILY PRICE INGEST
2026-02-02 15:29:35,637 | INFO | Executor: LINE (EC-004)
2026-02-02 15:29:35,637 | INFO | Authority: CEO_DIRECTIVE_LINE_DAILY_INGEST_ACTIVATION_20251212
2026-02-02 15:29:35,637 | INFO | Time: 2026-02-02T14:29:35.637746+00:00
2026-02-02 15:29:35,637 | INFO | Asset Class Filter: ALL
2026-02-02 15:29:35,637 | INFO | Dry Run: False
2026-02-02 15:29:35,638 | INFO | ======================================================================
2026-02-02 15:29:36,107 | INFO | Found 491 VEGA-attested assets
2026-02-02 15:29:36,108 | INFO | 
============================================================
2026-02-02 15:29:36,108 | INFO | Processing CRYPTO: 46 assets
2026-02-02 15:29:36,108 | INFO | Schedule: Daily 01:00 UTC
2026-02-02 15:29:36,108 | INFO | ============================================================
2026-02-02 15:29:36,108 | INFO | 
  Batch 1/2 (25 assets)
2026-02-02 15:29:39,921 | WARNING |   [GRT-USD] Fetch error: Too Many Requests. Rate limited. Try after a while.
2026-02-02 15:29:42,940 | INFO |   Batch complete, waiting 60s...
2026-02-02 15:30:42,941 | INFO | 
  Batch 2/2 (21 assets)
2026-02-02 15:30:45,230 | WARNING |   [UNI-USD] Fetch error: Too Many Requests. Rate limited. Try after a while.
2026-02-02 15:30:48,256 | INFO | 
============================================================
2026-02-02 15:30:48,256 | INFO | Processing EQUITY: 421 assets
2026-02-02 15:30:48,257 | INFO | Schedule: Weekdays 22:00 UTC
2026-02-02 15:30:48,257 | INFO | ============================================================
2026-02-02 15:30:48,257 | INFO | 
  Batch 1/17 (25 assets)
2026-02-02 15:30:56,762 | WARNING |   [1COV.DE] Fetch error: Too Many Requests. Rate limited. Try after a while.
2026-02-02 15:31:01,127 | WARNING |   [ABBV] Fetch error: Too Many Requests. Rate limited. Try after a while.
2026-02-02 15:31:05,350 | WARNING |   [ABNB] Fetch error: Too Many Requests. Rate limited. Try after a while.
2026-02-02 15:31:09,784 | WARNING |   [ABT] Fetch error: Too Many Requests. Rate limited. Try after a while.
2026-02-02 15:31:14,002 | WARNING |   [ADBE] Fetch error: Too Many Requests. Rate limited. Try after a while.
2026-02-02 15:31:18,158 | WARNING |   [ADI] Fetch error: Too Many Requests. Rate limited. Try after a while.
2026-02-02 15:31:22,544 | WARNING |   [ADSK] Fetch error: Too Many Requests. Rate limited. Try after a while.
2026-02-02 15:31:26,813 | WARNING |   [AEP] Fetch error: Too Many Requests. Rate limited. Try after a while.
2026-02-02 15:31:31,039 | WARNING |   [AFL] Fetch error: Too Many Requests. Rate limited. Try after a while.
2026-02-02 15:31:35,870 | WARNING |   [AIG] Fetch error: Too Many Requests. Rate limited. Try after a while.
2026-02-02 15:31:39,969 | WARNING |   [AKAM] Fetch error: Too Many Requests. Rate limited. Try after a while.
2026-02-02 15:31:44,164 | WARNING |   [ALB] Fetch error: Too Many Requests. Rate limited. Try after a while.
2026-02-02 15:31:48,509 | WARNING |   [ALL] Fetch error: Too Many Requests. Rate limited. Try after a while.
2026-02-02 15:31:53,203 | WARNING |   [AMAT] Fetch error: Too Many Requests. Rate limited. Try after a while.
2026-02-02 15:31:56,205 | INFO |   Batch complete, waiting 60s...
2026-02-02 15:32:56,205 | INFO | 
  Batch 2/17 (25 assets)
2026-02-02 15:32:58,178 | WARNING |   [AMD] Fetch error: Too Many Requests. Rate limited. Try after a while.
2026-02-02 15:33:02,442 | WARNING |   [AMGN] Fetch error: Too Many Requests. Rate limited. Try after a while.
2026-02-02 15:33:06,766 | WARNING |   [AMT] Fetch error: Too Many Requests. Rate limited. Try after a while.
2026-02-02 15:33:11,257 | WARNING |   [AMZN] Fetch error: Too Many Requests. Rate limited. Try after a while.
2026-02-02 15:33:15,770 | WARNING |   [AON] Fetch error: Too Many Requests. Rate limited. Try after a while.
2026-02-02 15:33:20,161 | WARNING |   [APD] Fetch error: Too Many Requests. Rate limited. Try after a while.
2026-02-02 15:33:25,644 | WARNING |   [ASML] Fetch error: Too Many Requests. Rate limited. Try after a while.
2026-02-02 15:33:29,755 | WARNING |   [AVB] Fetch error: Too Many Requests. Rate limited. Try after a while.
2026-02-02 15:33:34,154 | WARNING |   [AVGO] Fetch error: Too Many Requests. Rate limited. Try after a while.
2026-02-02 15:33:38,496 | WARNING |   [AWK] Fetch error: Too Many Requests. Rate limited. Try after a while.
2026-02-02 15:33:42,761 | WARNING |   [AXP] Fetch error: Too Many Requests. Rate limited. Try after a while.
2026-02-02 15:33:47,051 | WARNING |   [AZO] Fetch error: Too Many Requests. Rate limited. Try after a while.
2026-02-02 15:33:51,058 | WARNING |   [BA] Fetch error: Too Many Requests. Rate limited. Try after a while.
2026-02-02 15:33:55,371 | WARNING |   [BAC] Fetch error: Too Many Requests. Rate limited. Try after a while.
2026-02-02 15:33:58,386 | INFO |   Batch complete, waiting 60s...
