2026-01-31 02:16:00,192 | INFO | ======================================================================
2026-01-31 02:16:00,192 | INFO | IoS-001 DAILY PRICE INGEST
2026-01-31 02:16:00,192 | INFO | Executor: LINE (EC-004)
2026-01-31 02:16:00,192 | INFO | Authority: CEO_DIRECTIVE_LINE_DAILY_INGEST_ACTIVATION_20251212
2026-01-31 02:16:00,192 | INFO | Time: 2026-01-31T01:16:00.192094+00:00
2026-01-31 02:16:00,192 | INFO | Asset Class Filter: ALL
2026-01-31 02:16:00,192 | INFO | Dry Run: False
2026-01-31 02:16:00,192 | INFO | ======================================================================
2026-01-31 02:16:00,512 | INFO | Found 491 VEGA-attested assets
2026-01-31 02:16:00,512 | INFO | 
============================================================
2026-01-31 02:16:00,512 | INFO | Processing CRYPTO: 46 assets
2026-01-31 02:16:00,512 | INFO | Schedule: Daily 01:00 UTC
2026-01-31 02:16:00,512 | INFO | ============================================================
2026-01-31 02:16:00,512 | INFO | 
  Batch 1/2 (25 assets)
2026-01-31 02:16:03,871 | WARNING |   [ADA-USD] Fetch error: Too Many Requests. Rate limited. Try after a while.
2026-01-31 02:16:08,026 | WARNING |   [ALGO-USD] Fetch error: Too Many Requests. Rate limited. Try after a while.
2026-01-31 02:16:12,131 | WARNING |   [ATOM-USD] Fetch error: Too Many Requests. Rate limited. Try after a while.
2026-01-31 02:16:16,085 | WARNING |   [AVAX-USD] Fetch error: Too Many Requests. Rate limited. Try after a while.
2026-01-31 02:16:20,064 | WARNING |   [AXS-USD] Fetch error: Too Many Requests. Rate limited. Try after a while.
2026-01-31 02:16:24,064 | WARNING |   [BCH-USD] Fetch error: Too Many Requests. Rate limited. Try after a while.
2026-01-31 02:16:28,088 | WARNING |   [BNB-USD] Fetch error: Too Many Requests. Rate limited. Try after a while.
2026-01-31 02:16:32,157 | WARNING |   [BTC-USD] Fetch error: Too Many Requests. Rate limited. Try after a while.
2026-01-31 02:16:36,294 | WARNING |   [CHZ-USD] Fetch error: Too Many Requests. Rate limited. Try after a while.
2026-01-31 02:16:40,391 | WARNING |   [CRO-USD] Fetch error: Too Many Requests. Rate limited. Try after a while.
2026-01-31 02:16:44,701 | WARNING |   [CRV-USD] Fetch error: Too Many Requests. Rate limited. Try after a while.
2026-01-31 02:16:49,012 | WARNING |   [DOGE-USD] Fetch error: Too Many Requests. Rate limited. Try after a while.
2026-01-31 02:16:52,946 | WARNING |   [DOT-USD] Fetch error: Too Many Requests. Rate limited. Try after a while.
2026-01-31 02:16:56,811 | WARNING |   [EOS-USD] Fetch error: Too Many Requests. Rate limited. Try after a while.
2026-01-31 02:17:01,051 | WARNING |   [ETC-USD] Fetch error: Too Many Requests. Rate limited. Try after a while.
2026-01-31 02:17:05,123 | WARNING |   [ETH-USD] Fetch error: Too Many Requests. Rate limited. Try after a while.
2026-01-31 02:17:09,383 | WARNING |   [FIL-USD] Fetch error: Too Many Requests. Rate limited. Try after a while.
2026-01-31 02:17:13,223 | WARNING |   [FLOW-USD] Fetch error: Too Many Requests. Rate limited. Try after a while.
2026-01-31 02:17:17,325 | WARNING |   [GRT-USD] Fetch error: Too Many Requests. Rate limited. Try after a while.
2026-01-31 02:17:21,172 | WARNING |   [HBAR-USD] Fetch error: Too Many Requests. Rate limited. Try after a while.
2026-01-31 02:17:25,666 | WARNING |   [ICP-USD] Fetch error: Too Many Requests. Rate limited. Try after a while.
2026-01-31 02:17:30,088 | WARNING |   [INJ-USD] Fetch error: Too Many Requests. Rate limited. Try after a while.
2026-01-31 02:17:33,954 | WARNING |   [LDO-USD] Fetch error: Too Many Requests. Rate limited. Try after a while.
2026-01-31 02:17:38,026 | WARNING |   [LINK-USD] Fetch error: Too Many Requests. Rate limited. Try after a while.
2026-01-31 02:17:42,347 | WARNING |   [LTC-USD] Fetch error: Too Many Requests. Rate limited. Try after a while.
2026-01-31 02:17:45,349 | INFO |   Batch complete, waiting 60s...
2026-01-31 02:18:45,350 | INFO | 
  Batch 2/2 (21 assets)
2026-01-31 02:18:46,954 | WARNING |   [MANA-USD] Fetch error: Too Many Requests. Rate limited. Try after a while.
2026-01-31 02:18:51,411 | WARNING |   [MKR-USD] Fetch error: Too Many Requests. Rate limited. Try after a while.
2026-01-31 02:18:55,395 | WARNING |   [NEAR-USD] Fetch error: Too Many Requests. Rate limited. Try after a while.
2026-01-31 02:18:59,603 | WARNING |   [OKB-USD] Fetch error: Too Many Requests. Rate limited. Try after a while.
2026-01-31 02:19:03,543 | WARNING |   [QNT-USD] Fetch error: Too Many Requests. Rate limited. Try after a while.
2026-01-31 02:19:07,470 | WARNING |   [RPL-USD] Fetch error: Too Many Requests. Rate limited. Try after a while.
2026-01-31 02:19:11,673 | WARNING |   [RUNE-USD] Fetch error: Too Many Requests. Rate limited. Try after a while.
2026-01-31 02:19:16,310 | WARNING |   [SAND-USD] Fetch error: Too Many Requests. Rate limited. Try after a while.
2026-01-31 02:19:20,302 | WARNING |   [SHIB-USD] Fetch error: Too Many Requests. Rate limited. Try after a while.
2026-01-31 02:19:24,317 | WARNING |   [SNX-USD] Fetch error: Too Many Requests. Rate limited. Try after a while.
2026-01-31 02:19:28,255 | WARNING |   [SOL-USD] Fetch error: Too Many Requests. Rate limited. Try after a while.
2026-01-31 02:19:32,446 | WARNING |   [THETA-USD] Fetch error: Too Many Requests. Rate limited. Try after a while.
2026-01-31 02:19:36,594 | WARNING |   [TRX-USD] Fetch error: Too Many Requests. Rate limited. Try after a while.
2026-01-31 02:19:40,562 | WARNING |   [UNI-USD] Fetch error: Too Many Requests. Rate limited. Try after a while.
2026-01-31 02:19:44,667 | WARNING |   [VET-USD] Fetch error: Too Many Requests. Rate limited. Try after a while.
2026-01-31 02:19:48,544 | WARNING |   [XLM-USD] Fetch error: Too Many Requests. Rate limited. Try after a while.
2026-01-31 02:19:52,533 | WARNING |   [XMR-USD] Fetch error: Too Many Requests. Rate limited. Try after a while.
2026-01-31 02:19:56,495 | WARNING |   [XRP-USD] Fetch error: Too Many Requests. Rate limited. Try after a while.
2026-01-31 02:20:00,650 | WARNING |   [ZEC-USD] Fetch error: Too Many Requests. Rate limited. Try after a while.
2026-01-31 02:20:04,958 | WARNING |   [AAVE-USD] Fetch error: Too Many Requests. Rate limited. Try after a while.
2026-01-31 02:20:07,968 | INFO | 
============================================================
2026-01-31 02:20:07,968 | INFO | Processing EQUITY: 421 assets
2026-01-31 02:20:07,969 | INFO | Schedule: Weekdays 22:00 UTC
2026-01-31 02:20:07,969 | INFO | ============================================================
2026-01-31 02:20:07,969 | INFO |   Market closed for EQUITY today, skipping
2026-01-31 02:20:07,969 | INFO | 
============================================================
2026-01-31 02:20:07,969 | INFO | Processing FX: 24 assets
2026-01-31 02:20:07,969 | INFO | Schedule: Sun-Thu 22:00 UTC
2026-01-31 02:20:07,969 | INFO | ============================================================
2026-01-31 02:20:07,969 | INFO |   Market closed for FX today, skipping
2026-01-31 02:20:07,972 | WARNING | Heartbeat recording failed: relation "fhq_monitoring.system_heartbeats" does not exist
LINE 2:                 INSERT INTO fhq_monitoring.system_heartbeats...
                                    ^

2026-01-31 02:20:07,974 | INFO | 
======================================================================
2026-01-31 02:20:07,974 | INFO | DAILY INGEST COMPLETE
2026-01-31 02:20:07,974 | INFO | ======================================================================
2026-01-31 02:20:07,974 | INFO | Assets Processed: 46
2026-01-31 02:20:07,974 | INFO | Assets Updated:   0
2026-01-31 02:20:07,974 | INFO | Rows Inserted:    0
2026-01-31 02:20:07,974 | INFO |   CRYPTO: 0 assets, 0 rows
2026-01-31 02:20:07,974 | INFO | Evidence: C:\fhq-market-system\vision-ios\03_FUNCTIONS\evidence\IOS001_DAILY_INGEST_77f7e730_20260131_022007.json
2026-01-31 02:20:07,974 | INFO | ======================================================================
