2026-02-08 14:19:37,759 | INFO | ======================================================================
2026-02-08 14:19:37,760 | INFO | IoS-001 DAILY PRICE INGEST
2026-02-08 14:19:37,760 | INFO | Executor: LINE (EC-004)
2026-02-08 14:19:37,760 | INFO | Authority: CEO_DIRECTIVE_LINE_DAILY_INGEST_ACTIVATION_20251212
2026-02-08 14:19:37,760 | INFO | Amendment: CEO-DIR-2026-119 (Rate Limit Mitigation)
2026-02-08 14:19:37,761 | INFO | Time: 2026-02-08T13:19:37.761145+00:00
2026-02-08 14:19:37,761 | INFO | Asset Class Filter: ALL
2026-02-08 14:19:37,761 | INFO | Batch Mode: True
2026-02-08 14:19:37,762 | INFO | Dry Run: False
2026-02-08 14:19:37,762 | INFO | ======================================================================
2026-02-08 14:19:38,243 | INFO | Found 491 VEGA-attested assets
2026-02-08 14:19:38,244 | INFO | 
============================================================
2026-02-08 14:19:38,244 | INFO | Processing CRYPTO: 46 assets
2026-02-08 14:19:38,244 | INFO | Schedule: Daily 01:00 UTC
2026-02-08 14:19:38,244 | INFO | ============================================================
2026-02-08 14:19:38,245 | INFO |   Using BATCH MODE (CEO-DIR-2026-119)
2026-02-08 14:19:38,245 | INFO | 
  Batch 1/5 (10 tickers)
2026-02-08 14:19:38,300 | INFO |     All assets up to date
2026-02-08 14:19:38,301 | INFO | 
  Batch 2/5 (10 tickers)
2026-02-08 14:19:38,351 | INFO |     Batch download: 1 tickers
2026-02-08 14:19:44,176 | ERROR | 
1 Failed download:
2026-02-08 14:19:44,176 | ERROR | ['GRT-USD']: YFRateLimitError('Too Many Requests. Rate limited. Try after a while.')
2026-02-08 14:19:44,183 | INFO |   Batch complete, waiting 120s...
2026-02-08 14:21:44,184 | INFO | 
  Batch 3/5 (10 tickers)
2026-02-08 14:21:44,245 | INFO |     All assets up to date
2026-02-08 14:21:44,245 | INFO | 
  Batch 4/5 (10 tickers)
2026-02-08 14:21:44,313 | INFO |     Batch download: 1 tickers
2026-02-08 14:21:50,271 | ERROR | 
1 Failed download:
2026-02-08 14:21:50,271 | ERROR | ['UNI-USD']: YFRateLimitError('Too Many Requests. Rate limited. Try after a while.')
2026-02-08 14:21:50,287 | INFO |   Batch complete, waiting 120s...
2026-02-08 14:23:50,289 | INFO | 
  Batch 5/5 (6 tickers)
2026-02-08 14:23:50,318 | INFO |     All assets up to date
2026-02-08 14:23:50,318 | INFO | 
============================================================
2026-02-08 14:23:50,318 | INFO | Processing EQUITY: 421 assets
2026-02-08 14:23:50,318 | INFO | Schedule: Weekdays 22:00 UTC
2026-02-08 14:23:50,318 | INFO | ============================================================
2026-02-08 14:23:50,318 | INFO |   Market closed for EQUITY today, skipping
2026-02-08 14:23:50,318 | INFO | 
============================================================
2026-02-08 14:23:50,318 | INFO | Processing FX: 24 assets
2026-02-08 14:23:50,318 | INFO | Schedule: Sun-Thu 22:00 UTC
2026-02-08 14:23:50,318 | INFO | ============================================================
2026-02-08 14:23:50,318 | INFO |   Using BATCH MODE (CEO-DIR-2026-119)
2026-02-08 14:23:50,318 | INFO | 
  Batch 1/3 (10 tickers)
2026-02-08 14:23:50,361 | INFO |     Batch download: 9 tickers
2026-02-08 14:24:05,397 | ERROR | 
9 Failed downloads:
2026-02-08 14:24:05,397 | ERROR | ['CADJPY=X', 'EURAUD=X', 'EURGBP=X', 'EURNOK=X', 'EURSEK=X', 'AUDJPY=X', 'EURJPY=X', 'EURCHF=X', 'CHFJPY=X']: YFRateLimitError('Too Many Requests. Rate limited. Try after a while.')
2026-02-08 14:24:05,412 | INFO |   Batch complete, waiting 120s...
