2025-12-25 10:34:38,189 | INFO | ======================================================================
2025-12-25 10:34:38,189 | INFO | IoS-001 DAILY PRICE INGEST
2025-12-25 10:34:38,189 | INFO | Executor: LINE (EC-004)
2025-12-25 10:34:38,189 | INFO | Authority: CEO_DIRECTIVE_LINE_DAILY_INGEST_ACTIVATION_20251212
2025-12-25 10:34:38,189 | INFO | Time: 2025-12-25T09:34:38.189622+00:00
2025-12-25 10:34:38,189 | INFO | Asset Class Filter: ALL
2025-12-25 10:34:38,190 | INFO | Dry Run: False
2025-12-25 10:34:38,190 | INFO | ======================================================================
2025-12-25 10:34:38,349 | INFO | Found 463 VEGA-attested assets
2025-12-25 10:34:38,349 | INFO | 
============================================================
2025-12-25 10:34:38,349 | INFO | Processing CRYPTO: 45 assets
2025-12-25 10:34:38,349 | INFO | Schedule: Daily 01:00 UTC
2025-12-25 10:34:38,349 | INFO | ============================================================
2025-12-25 10:34:38,349 | INFO | 
  Batch 1/2 (25 assets)
2025-12-25 10:34:38,420 | INFO |   Batch complete, waiting 60s...
2025-12-25 10:35:38,423 | INFO | 
  Batch 2/2 (20 assets)
2025-12-25 10:35:38,578 | INFO | 
============================================================
2025-12-25 10:35:38,578 | INFO | Processing EQUITY: 394 assets
2025-12-25 10:35:38,578 | INFO | Schedule: Weekdays 22:00 UTC
2025-12-25 10:35:38,578 | INFO | ============================================================
2025-12-25 10:35:38,578 | INFO | 
  Batch 1/16 (25 assets)
2025-12-25 10:35:41,773 | WARNING |   [1COV.DE] Fetch error: Too Many Requests. Rate limited. Try after a while.
2025-12-25 10:35:45,929 | WARNING |   [ABBV] Fetch error: Too Many Requests. Rate limited. Try after a while.
2025-12-25 10:35:49,885 | WARNING |   [ABNB] Fetch error: Too Many Requests. Rate limited. Try after a while.
2025-12-25 10:35:53,843 | WARNING |   [ABT] Fetch error: Too Many Requests. Rate limited. Try after a while.
2025-12-25 10:35:57,968 | WARNING |   [ACA.PA] Fetch error: Too Many Requests. Rate limited. Try after a while.
2025-12-25 10:36:01,938 | WARNING |   [ADBE] Fetch error: Too Many Requests. Rate limited. Try after a while.
2025-12-25 10:36:05,969 | WARNING |   [ADI] Fetch error: Too Many Requests. Rate limited. Try after a while.
2025-12-25 10:36:09,893 | WARNING |   [ADS.DE] Fetch error: Too Many Requests. Rate limited. Try after a while.
2025-12-25 10:36:13,835 | WARNING |   [ADSK] Fetch error: Too Many Requests. Rate limited. Try after a while.
2025-12-25 10:36:17,779 | WARNING |   [AEP] Fetch error: Too Many Requests. Rate limited. Try after a while.
2025-12-25 10:36:22,112 | WARNING |   [AFL] Fetch error: Too Many Requests. Rate limited. Try after a while.
2025-12-25 10:36:25,998 | WARNING |   [AI.PA] Fetch error: Too Many Requests. Rate limited. Try after a while.
2025-12-25 10:36:30,150 | WARNING |   [AIG] Fetch error: Too Many Requests. Rate limited. Try after a while.
2025-12-25 10:36:34,067 | WARNING |   [AIR.DE] Fetch error: Too Many Requests. Rate limited. Try after a while.
2025-12-25 10:36:38,079 | WARNING |   [AIR.PA] Fetch error: Too Many Requests. Rate limited. Try after a while.
2025-12-25 10:36:42,090 | WARNING |   [AKAM] Fetch error: Too Many Requests. Rate limited. Try after a while.
2025-12-25 10:36:46,510 | WARNING |   [AKER.OL] Fetch error: Too Many Requests. Rate limited. Try after a while.
2025-12-25 10:36:50,541 | WARNING |   [AKRBP.OL] Fetch error: Too Many Requests. Rate limited. Try after a while.
2025-12-25 10:36:54,449 | WARNING |   [AKSO.OL] Fetch error: Too Many Requests. Rate limited. Try after a while.
2025-12-25 10:36:58,672 | WARNING |   [AKVA.OL] Fetch error: Too Many Requests. Rate limited. Try after a while.
2025-12-25 10:37:02,639 | WARNING |   [ALB] Fetch error: Too Many Requests. Rate limited. Try after a while.
2025-12-25 10:37:06,596 | WARNING |   [ALL] Fetch error: Too Many Requests. Rate limited. Try after a while.
2025-12-25 10:37:10,561 | WARNING |   [ALO.PA] Fetch error: Too Many Requests. Rate limited. Try after a while.
2025-12-25 10:37:14,650 | WARNING |   [ALV.DE] Fetch error: Too Many Requests. Rate limited. Try after a while.
2025-12-25 10:37:18,943 | WARNING |   [AMAT] Fetch error: Too Many Requests. Rate limited. Try after a while.
2025-12-25 10:37:21,948 | INFO |   Batch complete, waiting 60s...
2025-12-25 10:38:21,949 | INFO | 
  Batch 2/16 (25 assets)
2025-12-25 10:38:23,742 | WARNING |   [AMD] Fetch error: Too Many Requests. Rate limited. Try after a while.
2025-12-25 10:38:27,690 | WARNING |   [AMGN] Fetch error: Too Many Requests. Rate limited. Try after a while.
2025-12-25 10:38:31,677 | WARNING |   [AMT] Fetch error: Too Many Requests. Rate limited. Try after a while.
2025-12-25 10:38:35,617 | WARNING |   [AON] Fetch error: Too Many Requests. Rate limited. Try after a while.
2025-12-25 10:38:39,582 | WARNING |   [APD] Fetch error: Too Many Requests. Rate limited. Try after a while.
2025-12-25 10:38:43,745 | WARNING |   [ATO.PA] Fetch error: Too Many Requests. Rate limited. Try after a while.
2025-12-25 10:38:48,014 | WARNING |   [AUSS.OL] Fetch error: Too Many Requests. Rate limited. Try after a while.
2025-12-25 10:38:52,206 | WARNING |   [AUTO.OL] Fetch error: Too Many Requests. Rate limited. Try after a while.
2025-12-25 10:38:56,639 | WARNING |   [AV.L] Fetch error: Too Many Requests. Rate limited. Try after a while.
2025-12-25 10:39:00,552 | WARNING |   [AVB] Fetch error: Too Many Requests. Rate limited. Try after a while.
2025-12-25 10:39:04,667 | WARNING |   [AVGO] Fetch error: Too Many Requests. Rate limited. Try after a while.
2025-12-25 10:39:08,773 | WARNING |   [AWK] Fetch error: Too Many Requests. Rate limited. Try after a while.
2025-12-25 10:39:12,704 | WARNING |   [AXP] Fetch error: Too Many Requests. Rate limited. Try after a while.
2025-12-25 10:39:17,226 | WARNING |   [AZN.L] Fetch error: Too Many Requests. Rate limited. Try after a while.
2025-12-25 10:39:21,410 | WARNING |   [AZO] Fetch error: Too Many Requests. Rate limited. Try after a while.
2025-12-25 10:39:25,167 | WARNING |   [BA] Fetch error: Too Many Requests. Rate limited. Try after a while.
2025-12-25 10:39:29,280 | WARNING |   [BA.L] Fetch error: Too Many Requests. Rate limited. Try after a while.
2025-12-25 10:39:33,274 | WARNING |   [BAC] Fetch error: Too Many Requests. Rate limited. Try after a while.
