2026-01-14 07:00:24,331 | INFO | ======================================================================
2026-01-14 07:00:24,331 | INFO | IoS-001 DAILY PRICE INGEST
2026-01-14 07:00:24,331 | INFO | Executor: LINE (EC-004)
2026-01-14 07:00:24,331 | INFO | Authority: CEO_DIRECTIVE_LINE_DAILY_INGEST_ACTIVATION_20251212
2026-01-14 07:00:24,331 | INFO | Time: 2026-01-14T06:00:24.331956+00:00
2026-01-14 07:00:24,331 | INFO | Asset Class Filter: ALL
2026-01-14 07:00:24,332 | INFO | Dry Run: False
2026-01-14 07:00:24,332 | INFO | ======================================================================
2026-01-14 07:00:24,608 | INFO | Found 491 VEGA-attested assets
2026-01-14 07:00:24,608 | INFO | 
============================================================
2026-01-14 07:00:24,608 | INFO | Processing CRYPTO: 46 assets
2026-01-14 07:00:24,608 | INFO | Schedule: Daily 01:00 UTC
2026-01-14 07:00:24,608 | INFO | ============================================================
2026-01-14 07:00:24,609 | INFO | 
  Batch 1/2 (25 assets)
2026-01-14 07:00:27,409 | WARNING |   [ADA-USD] Fetch error: Too Many Requests. Rate limited. Try after a while.
2026-01-14 07:00:31,407 | WARNING |   [ALGO-USD] Fetch error: Too Many Requests. Rate limited. Try after a while.
2026-01-14 07:00:35,752 | WARNING |   [ATOM-USD] Fetch error: Too Many Requests. Rate limited. Try after a while.
2026-01-14 07:00:39,996 | WARNING |   [AVAX-USD] Fetch error: Too Many Requests. Rate limited. Try after a while.
2026-01-14 07:00:44,097 | WARNING |   [AXS-USD] Fetch error: Too Many Requests. Rate limited. Try after a while.
2026-01-14 07:00:48,277 | WARNING |   [BCH-USD] Fetch error: Too Many Requests. Rate limited. Try after a while.
2026-01-14 07:00:52,364 | WARNING |   [BNB-USD] Fetch error: Too Many Requests. Rate limited. Try after a while.
2026-01-14 07:00:56,507 | WARNING |   [BTC-USD] Fetch error: Too Many Requests. Rate limited. Try after a while.
2026-01-14 07:01:00,460 | WARNING |   [CHZ-USD] Fetch error: Too Many Requests. Rate limited. Try after a while.
2026-01-14 07:01:04,570 | WARNING |   [CRO-USD] Fetch error: Too Many Requests. Rate limited. Try after a while.
2026-01-14 07:01:08,643 | WARNING |   [CRV-USD] Fetch error: Too Many Requests. Rate limited. Try after a while.
2026-01-14 07:01:12,996 | WARNING |   [DOGE-USD] Fetch error: Too Many Requests. Rate limited. Try after a while.
2026-01-14 07:01:16,930 | WARNING |   [DOT-USD] Fetch error: Too Many Requests. Rate limited. Try after a while.
2026-01-14 07:01:21,130 | WARNING |   [EOS-USD] Fetch error: Too Many Requests. Rate limited. Try after a while.
2026-01-14 07:01:25,222 | WARNING |   [ETC-USD] Fetch error: Too Many Requests. Rate limited. Try after a while.
2026-01-14 07:01:28,959 | WARNING |   [ETH-USD] Fetch error: Too Many Requests. Rate limited. Try after a while.
2026-01-14 07:01:32,970 | WARNING |   [FIL-USD] Fetch error: Too Many Requests. Rate limited. Try after a while.
2026-01-14 07:01:37,039 | WARNING |   [FLOW-USD] Fetch error: Too Many Requests. Rate limited. Try after a while.
2026-01-14 07:01:40,930 | WARNING |   [GRT-USD] Fetch error: Too Many Requests. Rate limited. Try after a while.
2026-01-14 07:01:44,821 | WARNING |   [HBAR-USD] Fetch error: Too Many Requests. Rate limited. Try after a while.
2026-01-14 07:01:49,237 | WARNING |   [ICP-USD] Fetch error: Too Many Requests. Rate limited. Try after a while.
2026-01-14 07:01:53,329 | WARNING |   [INJ-USD] Fetch error: Too Many Requests. Rate limited. Try after a while.
2026-01-14 07:01:57,488 | WARNING |   [LDO-USD] Fetch error: Too Many Requests. Rate limited. Try after a while.
2026-01-14 07:02:01,607 | WARNING |   [LINK-USD] Fetch error: Too Many Requests. Rate limited. Try after a while.
2026-01-14 07:02:05,551 | WARNING |   [LTC-USD] Fetch error: Too Many Requests. Rate limited. Try after a while.
2026-01-14 07:02:08,552 | INFO |   Batch complete, waiting 60s...
2026-01-14 07:03:08,553 | INFO | 
  Batch 2/2 (21 assets)
2026-01-14 07:03:10,307 | WARNING |   [MANA-USD] Fetch error: Too Many Requests. Rate limited. Try after a while.
2026-01-14 07:03:14,498 | WARNING |   [MKR-USD] Fetch error: Too Many Requests. Rate limited. Try after a while.
2026-01-14 07:03:18,915 | WARNING |   [NEAR-USD] Fetch error: Too Many Requests. Rate limited. Try after a while.
2026-01-14 07:03:23,143 | WARNING |   [OKB-USD] Fetch error: Too Many Requests. Rate limited. Try after a while.
2026-01-14 07:03:27,231 | WARNING |   [QNT-USD] Fetch error: Too Many Requests. Rate limited. Try after a while.
2026-01-14 07:03:31,800 | WARNING |   [RPL-USD] Fetch error: Too Many Requests. Rate limited. Try after a while.
2026-01-14 07:03:35,849 | WARNING |   [RUNE-USD] Fetch error: Too Many Requests. Rate limited. Try after a while.
2026-01-14 07:03:39,792 | WARNING |   [SAND-USD] Fetch error: Too Many Requests. Rate limited. Try after a while.
2026-01-14 07:03:44,153 | WARNING |   [SHIB-USD] Fetch error: Too Many Requests. Rate limited. Try after a while.
2026-01-14 07:03:48,354 | WARNING |   [SNX-USD] Fetch error: Too Many Requests. Rate limited. Try after a while.
2026-01-14 07:03:52,656 | WARNING |   [SOL-USD] Fetch error: Too Many Requests. Rate limited. Try after a while.
2026-01-14 07:03:57,020 | WARNING |   [THETA-USD] Fetch error: Too Many Requests. Rate limited. Try after a while.
2026-01-14 07:04:01,434 | WARNING |   [TRX-USD] Fetch error: Too Many Requests. Rate limited. Try after a while.
2026-01-14 07:04:05,408 | WARNING |   [UNI-USD] Fetch error: Too Many Requests. Rate limited. Try after a while.
2026-01-14 07:04:09,397 | WARNING |   [VET-USD] Fetch error: Too Many Requests. Rate limited. Try after a while.
2026-01-14 07:04:13,679 | WARNING |   [XLM-USD] Fetch error: Too Many Requests. Rate limited. Try after a while.
2026-01-14 07:04:17,633 | WARNING |   [XMR-USD] Fetch error: Too Many Requests. Rate limited. Try after a while.
2026-01-14 07:04:21,621 | WARNING |   [XRP-USD] Fetch error: Too Many Requests. Rate limited. Try after a while.
2026-01-14 07:04:25,607 | WARNING |   [XTZ-USD] Fetch error: Too Many Requests. Rate limited. Try after a while.
2026-01-14 07:04:29,826 | WARNING |   [ZEC-USD] Fetch error: Too Many Requests. Rate limited. Try after a while.
2026-01-14 07:04:33,911 | WARNING |   [AAVE-USD] Fetch error: Too Many Requests. Rate limited. Try after a while.
2026-01-14 07:04:36,912 | INFO | 
============================================================
2026-01-14 07:04:36,912 | INFO | Processing EQUITY: 421 assets
2026-01-14 07:04:36,912 | INFO | Schedule: Weekdays 22:00 UTC
2026-01-14 07:04:36,912 | INFO | ============================================================
2026-01-14 07:04:36,912 | INFO | 
  Batch 1/17 (25 assets)
2026-01-14 07:04:38,294 | WARNING |   [1COV.DE] Fetch error: Too Many Requests. Rate limited. Try after a while.
2026-01-14 07:04:42,613 | WARNING |   [ABBV] Fetch error: Too Many Requests. Rate limited. Try after a while.
2026-01-14 07:04:46,718 | WARNING |   [ABNB] Fetch error: Too Many Requests. Rate limited. Try after a while.
2026-01-14 07:04:50,821 | WARNING |   [ABT] Fetch error: Too Many Requests. Rate limited. Try after a while.
2026-01-14 07:04:55,058 | WARNING |   [ACA.PA] Fetch error: Too Many Requests. Rate limited. Try after a while.
2026-01-14 07:04:59,246 | WARNING |   [ADBE] Fetch error: Too Many Requests. Rate limited. Try after a while.
2026-01-14 07:05:03,279 | WARNING |   [ADI] Fetch error: Too Many Requests. Rate limited. Try after a while.
2026-01-14 07:05:07,302 | WARNING |   [ADS.DE] Fetch error: Too Many Requests. Rate limited. Try after a while.
2026-01-14 07:05:11,552 | WARNING |   [ADSK] Fetch error: Too Many Requests. Rate limited. Try after a while.
2026-01-14 07:05:15,354 | WARNING |   [AEP] Fetch error: Too Many Requests. Rate limited. Try after a while.
2026-01-14 07:05:19,581 | WARNING |   [AFL] Fetch error: Too Many Requests. Rate limited. Try after a while.
