2026-01-13 18:52:55,850 | INFO | ======================================================================
2026-01-13 18:52:55,851 | INFO | IoS-001 DAILY PRICE INGEST
2026-01-13 18:52:55,851 | INFO | Executor: LINE (EC-004)
2026-01-13 18:52:55,851 | INFO | Authority: CEO_DIRECTIVE_LINE_DAILY_INGEST_ACTIVATION_20251212
2026-01-13 18:52:55,851 | INFO | Time: 2026-01-13T17:52:55.851623+00:00
2026-01-13 18:52:55,851 | INFO | Asset Class Filter: ALL
2026-01-13 18:52:55,851 | INFO | Dry Run: False
2026-01-13 18:52:55,852 | INFO | ======================================================================
2026-01-13 18:52:56,136 | INFO | Found 491 VEGA-attested assets
2026-01-13 18:52:56,136 | INFO | 
============================================================
2026-01-13 18:52:56,137 | INFO | Processing CRYPTO: 46 assets
2026-01-13 18:52:56,137 | INFO | Schedule: Daily 01:00 UTC
2026-01-13 18:52:56,137 | INFO | ============================================================
2026-01-13 18:52:56,138 | INFO | 
  Batch 1/2 (25 assets)
2026-01-13 18:53:00,010 | WARNING |   [GRT-USD] Fetch error: Too Many Requests. Rate limited. Try after a while.
2026-01-13 18:53:03,022 | INFO |   Batch complete, waiting 60s...
2026-01-13 18:54:03,023 | INFO | 
  Batch 2/2 (21 assets)
2026-01-13 18:54:04,797 | WARNING |   [UNI-USD] Fetch error: Too Many Requests. Rate limited. Try after a while.
2026-01-13 18:54:07,808 | INFO | 
============================================================
2026-01-13 18:54:07,808 | INFO | Processing EQUITY: 421 assets
2026-01-13 18:54:07,808 | INFO | Schedule: Weekdays 22:00 UTC
2026-01-13 18:54:07,808 | INFO | ============================================================
2026-01-13 18:54:07,808 | INFO | 
  Batch 1/17 (25 assets)
2026-01-13 18:54:08,999 | WARNING |   [1COV.DE] Fetch error: Too Many Requests. Rate limited. Try after a while.
2026-01-13 18:54:12,031 | INFO |   Batch complete, waiting 60s...
2026-01-13 18:55:12,032 | INFO | 
  Batch 2/17 (25 assets)
2026-01-13 18:55:12,094 | INFO |   Batch complete, waiting 60s...
2026-01-13 18:56:12,096 | INFO | 
  Batch 3/17 (25 assets)
2026-01-13 18:56:15,340 | WARNING |   [BRK.B] Fetch error: Too Many Requests. Rate limited. Try after a while.
2026-01-13 18:56:19,545 | WARNING |   [BT.A.L] Fetch error: Too Many Requests. Rate limited. Try after a while.
2026-01-13 18:56:24,203 | WARNING |   [BWO.OL] Fetch error: Too Many Requests. Rate limited. Try after a while.
2026-01-13 18:56:28,515 | WARNING |   [C] Fetch error: Too Many Requests. Rate limited. Try after a while.
2026-01-13 18:56:33,144 | WARNING |   [CAG] Fetch error: Too Many Requests. Rate limited. Try after a while.
2026-01-13 18:56:36,901 | WARNING |   [CAP.PA] Fetch error: Too Many Requests. Rate limited. Try after a while.
2026-01-13 18:56:41,406 | WARNING |   [CARR] Fetch error: Too Many Requests. Rate limited. Try after a while.
2026-01-13 18:56:45,679 | WARNING |   [CAT] Fetch error: Too Many Requests. Rate limited. Try after a while.
2026-01-13 18:56:49,900 | WARNING |   [CB] Fetch error: Too Many Requests. Rate limited. Try after a while.
2026-01-13 18:56:54,158 | WARNING |   [CBK.DE] Fetch error: Too Many Requests. Rate limited. Try after a while.
2026-01-13 18:56:58,467 | WARNING |   [CCI] Fetch error: Too Many Requests. Rate limited. Try after a while.
2026-01-13 18:57:02,584 | WARNING |   [CDNS] Fetch error: Too Many Requests. Rate limited. Try after a while.
2026-01-13 18:57:05,585 | INFO |   Batch complete, waiting 60s...
