2026-02-11 01:08:18,619 | INFO | ======================================================================
2026-02-11 01:08:18,619 | INFO | IoS-001 DAILY PRICE INGEST
2026-02-11 01:08:18,619 | INFO | Executor: LINE (EC-004)
2026-02-11 01:08:18,619 | INFO | Authority: CEO_DIRECTIVE_LINE_DAILY_INGEST_ACTIVATION_20251212
2026-02-11 01:08:18,619 | INFO | Amendment: CEO-DIR-2026-119 (Rate Limit Mitigation)
2026-02-11 01:08:18,619 | INFO | Time: 2026-02-11T00:08:18.619628+00:00
2026-02-11 01:08:18,619 | INFO | Asset Class Filter: ALL
2026-02-11 01:08:18,619 | INFO | Batch Mode: True
2026-02-11 01:08:18,619 | INFO | Dry Run: False
2026-02-11 01:08:18,619 | INFO | ======================================================================
2026-02-11 01:08:18,923 | INFO | Found 491 VEGA-attested assets
2026-02-11 01:08:18,923 | INFO | 
============================================================
2026-02-11 01:08:18,923 | INFO | Processing CRYPTO: 46 assets
2026-02-11 01:08:18,923 | INFO | Schedule: Daily 01:00 UTC
2026-02-11 01:08:18,923 | INFO | ============================================================
2026-02-11 01:08:18,923 | INFO |   Using BATCH MODE (CEO-DIR-2026-119)
2026-02-11 01:08:18,923 | INFO | 
  Batch 1/5 (10 tickers)
2026-02-11 01:08:18,943 | INFO |     Batch download: 10 tickers
2026-02-11 01:08:21,245 | INFO |     [ADA-USD] +1 rows
2026-02-11 01:08:21,245 | INFO |     [ALGO-USD] +1 rows
2026-02-11 01:08:21,255 | INFO |     [ATOM-USD] +1 rows
2026-02-11 01:08:21,259 | INFO |     [AVAX-USD] +1 rows
2026-02-11 01:08:21,267 | INFO |     [AXS-USD] +1 rows
2026-02-11 01:08:21,272 | INFO |     [BCH-USD] +1 rows
2026-02-11 01:08:21,272 | INFO |     [BNB-USD] +1 rows
2026-02-11 01:08:21,289 | INFO |     [BTC-USD] +1 rows
2026-02-11 01:08:21,295 | INFO |     [CHZ-USD] +1 rows
2026-02-11 01:08:21,300 | INFO |     [CRO-USD] +1 rows
2026-02-11 01:08:21,300 | INFO |   Batch complete, waiting 120s...
2026-02-11 01:10:21,303 | INFO | 
  Batch 2/5 (10 tickers)
2026-02-11 01:10:21,397 | INFO |     Batch download: 10 tickers
2026-02-11 01:10:22,741 | ERROR | 
1 Failed download:
2026-02-11 01:10:22,741 | ERROR | ['GRT-USD']: YFPricesMissingError('possibly delisted; no price data found  (1d 2026-02-10 -> 2026-02-12)')
2026-02-11 01:10:22,788 | INFO |     [CRV-USD] +1 rows
2026-02-11 01:10:22,795 | INFO |     [DOGE-USD] +1 rows
2026-02-11 01:10:22,800 | INFO |     [DOT-USD] +1 rows
2026-02-11 01:10:22,803 | INFO |     [EOS-USD] +1 rows
2026-02-11 01:10:22,813 | INFO |     [ETC-USD] +1 rows
2026-02-11 01:10:22,823 | INFO |     [ETH-USD] +1 rows
2026-02-11 01:10:22,823 | INFO |     [FIL-USD] +1 rows
2026-02-11 01:10:22,831 | INFO |     [FLOW-USD] +1 rows
2026-02-11 01:10:22,833 | INFO |     [HBAR-USD] +1 rows
2026-02-11 01:10:22,837 | INFO |   Batch complete, waiting 120s...
2026-02-11 01:12:22,837 | INFO | 
  Batch 3/5 (10 tickers)
2026-02-11 01:12:22,892 | INFO |     Batch download: 10 tickers
2026-02-11 01:12:24,437 | INFO |     [ICP-USD] +1 rows
2026-02-11 01:12:24,437 | INFO |     [INJ-USD] +1 rows
2026-02-11 01:12:24,447 | INFO |     [LDO-USD] +1 rows
2026-02-11 01:12:24,457 | INFO |     [LINK-USD] +1 rows
2026-02-11 01:12:24,457 | INFO |     [LTC-USD] +1 rows
2026-02-11 01:12:24,468 | INFO |     [MANA-USD] +1 rows
2026-02-11 01:12:24,478 | INFO |     [MKR-USD] +1 rows
2026-02-11 01:12:24,478 | INFO |     [NEAR-USD] +1 rows
2026-02-11 01:12:24,491 | INFO |     [OKB-USD] +1 rows
2026-02-11 01:12:24,498 | INFO |     [QNT-USD] +1 rows
2026-02-11 01:12:24,499 | INFO |   Batch complete, waiting 120s...
