2026-01-31 14:46:00,215 | INFO | ======================================================================
2026-01-31 14:46:00,215 | INFO | IoS-001 DAILY PRICE INGEST
2026-01-31 14:46:00,215 | INFO | Executor: LINE (EC-004)
2026-01-31 14:46:00,215 | INFO | Authority: CEO_DIRECTIVE_LINE_DAILY_INGEST_ACTIVATION_20251212
2026-01-31 14:46:00,215 | INFO | Time: 2026-01-31T13:46:00.215329+00:00
2026-01-31 14:46:00,215 | INFO | Asset Class Filter: ALL
2026-01-31 14:46:00,215 | INFO | Dry Run: False
2026-01-31 14:46:00,215 | INFO | ======================================================================
2026-01-31 14:46:00,411 | INFO | Found 491 VEGA-attested assets
2026-01-31 14:46:00,411 | INFO | 
============================================================
2026-01-31 14:46:00,411 | INFO | Processing CRYPTO: 46 assets
2026-01-31 14:46:00,411 | INFO | Schedule: Daily 01:00 UTC
2026-01-31 14:46:00,411 | INFO | ============================================================
2026-01-31 14:46:00,411 | INFO | 
  Batch 1/2 (25 assets)
2026-01-31 14:46:01,507 | ERROR | $GRT-USD: possibly delisted; no price data found  (1d 2026-01-31 -> 2026-02-01)
2026-01-31 14:46:04,530 | INFO |   Batch complete, waiting 60s...
2026-01-31 14:47:04,545 | INFO | 
  Batch 2/2 (21 assets)
2026-01-31 14:47:04,650 | ERROR | $UNI-USD: possibly delisted; no price data found  (1d 2026-01-27 -> 2026-02-01)
2026-01-31 14:47:07,684 | INFO | 
============================================================
2026-01-31 14:47:07,684 | INFO | Processing EQUITY: 421 assets
2026-01-31 14:47:07,684 | INFO | Schedule: Weekdays 22:00 UTC
2026-01-31 14:47:07,684 | INFO | ============================================================
2026-01-31 14:47:07,684 | INFO |   Market closed for EQUITY today, skipping
2026-01-31 14:47:07,684 | INFO | 
============================================================
2026-01-31 14:47:07,684 | INFO | Processing FX: 24 assets
2026-01-31 14:47:07,684 | INFO | Schedule: Sun-Thu 22:00 UTC
2026-01-31 14:47:07,684 | INFO | ============================================================
2026-01-31 14:47:07,684 | INFO |   Market closed for FX today, skipping
2026-01-31 14:47:07,699 | WARNING | Heartbeat recording failed: relation "fhq_monitoring.system_heartbeats" does not exist
LINE 2:                 INSERT INTO fhq_monitoring.system_heartbeats...
                                    ^

2026-01-31 14:47:07,699 | INFO | 
======================================================================
2026-01-31 14:47:07,699 | INFO | DAILY INGEST COMPLETE
2026-01-31 14:47:07,699 | INFO | ======================================================================
2026-01-31 14:47:07,699 | INFO | Assets Processed: 46
2026-01-31 14:47:07,699 | INFO | Assets Updated:   0
2026-01-31 14:47:07,699 | INFO | Rows Inserted:    0
2026-01-31 14:47:07,699 | INFO |   CRYPTO: 0 assets, 0 rows
2026-01-31 14:47:07,699 | INFO | Evidence: C:\fhq-market-system\vision-ios\03_FUNCTIONS\evidence\IOS001_DAILY_INGEST_1f2cdc9a_20260131_144707.json
2026-01-31 14:47:07,699 | INFO | ======================================================================
