2026-01-18 08:53:34,884 | INFO | ======================================================================
2026-01-18 08:53:34,884 | INFO | IoS-001 DAILY PRICE INGEST
2026-01-18 08:53:34,884 | INFO | Executor: LINE (EC-004)
2026-01-18 08:53:34,884 | INFO | Authority: CEO_DIRECTIVE_LINE_DAILY_INGEST_ACTIVATION_20251212
2026-01-18 08:53:34,884 | INFO | Time: 2026-01-18T07:53:34.884147+00:00
2026-01-18 08:53:34,884 | INFO | Asset Class Filter: ALL
2026-01-18 08:53:34,884 | INFO | Dry Run: False
2026-01-18 08:53:34,884 | INFO | ======================================================================
2026-01-18 08:53:35,205 | INFO | Found 491 VEGA-attested assets
2026-01-18 08:53:35,205 | INFO | 
============================================================
2026-01-18 08:53:35,205 | INFO | Processing CRYPTO: 46 assets
2026-01-18 08:53:35,205 | INFO | Schedule: Daily 01:00 UTC
2026-01-18 08:53:35,205 | INFO | ============================================================
2026-01-18 08:53:35,205 | INFO | 
  Batch 1/2 (25 assets)
2026-01-18 08:53:38,764 | WARNING |   [GRT-USD] Fetch error: Too Many Requests. Rate limited. Try after a while.
2026-01-18 08:53:41,779 | INFO |   Batch complete, waiting 60s...
2026-01-18 08:54:41,782 | INFO | 
  Batch 2/2 (21 assets)
2026-01-18 08:54:43,287 | WARNING |   [UNI-USD] Fetch error: Too Many Requests. Rate limited. Try after a while.
2026-01-18 08:54:46,301 | INFO | 
============================================================
2026-01-18 08:54:46,301 | INFO | Processing EQUITY: 421 assets
2026-01-18 08:54:46,302 | INFO | Schedule: Weekdays 22:00 UTC
2026-01-18 08:54:46,302 | INFO | ============================================================
2026-01-18 08:54:46,302 | INFO |   Market closed for EQUITY today, skipping
2026-01-18 08:54:46,302 | INFO | 
============================================================
2026-01-18 08:54:46,302 | INFO | Processing FX: 24 assets
2026-01-18 08:54:46,303 | INFO | Schedule: Sun-Thu 22:00 UTC
2026-01-18 08:54:46,303 | INFO | ============================================================
2026-01-18 08:54:46,303 | INFO | 
  Batch 1/1 (24 assets)
2026-01-18 08:54:47,922 | WARNING |   [AUDJPY=X] Fetch error: Too Many Requests. Rate limited. Try after a while.
2026-01-18 08:54:52,365 | WARNING |   [CADJPY=X] Fetch error: Too Many Requests. Rate limited. Try after a while.
2026-01-18 08:54:56,033 | WARNING |   [CHFJPY=X] Fetch error: Too Many Requests. Rate limited. Try after a while.
2026-01-18 08:54:59,709 | WARNING |   [EURAUD=X] Fetch error: Too Many Requests. Rate limited. Try after a while.
2026-01-18 08:55:05,255 | WARNING |   [EURCHF=X] Fetch error: Too Many Requests. Rate limited. Try after a while.
2026-01-18 08:55:09,646 | WARNING |   [EURGBP=X] Fetch error: Too Many Requests. Rate limited. Try after a while.
2026-01-18 08:55:13,569 | WARNING |   [EURJPY=X] Fetch error: Too Many Requests. Rate limited. Try after a while.
2026-01-18 08:55:17,956 | WARNING |   [EURNOK=X] Fetch error: Too Many Requests. Rate limited. Try after a while.
2026-01-18 08:55:21,880 | WARNING |   [EURSEK=X] Fetch error: Too Many Requests. Rate limited. Try after a while.
2026-01-18 08:55:25,858 | WARNING |   [EURUSD=X] Fetch error: Too Many Requests. Rate limited. Try after a while.
2026-01-18 08:55:29,915 | WARNING |   [GBPJPY=X] Fetch error: Too Many Requests. Rate limited. Try after a while.
2026-01-18 08:55:34,109 | WARNING |   [USDJPY=X] Fetch error: Too Many Requests. Rate limited. Try after a while.
2026-01-18 08:55:38,216 | WARNING |   [USDMXN=X] Fetch error: Too Many Requests. Rate limited. Try after a while.
2026-01-18 08:55:42,248 | WARNING |   [USDTRY=X] Fetch error: Too Many Requests. Rate limited. Try after a while.
2026-01-18 08:55:45,250 | WARNING | Heartbeat recording failed: relation "fhq_monitoring.system_heartbeats" does not exist
LINE 2:                 INSERT INTO fhq_monitoring.system_heartbeats...
                                    ^

2026-01-18 08:55:45,255 | INFO | 
======================================================================
2026-01-18 08:55:45,255 | INFO | DAILY INGEST COMPLETE
2026-01-18 08:55:45,255 | INFO | ======================================================================
2026-01-18 08:55:45,256 | INFO | Assets Processed: 70
2026-01-18 08:55:45,256 | INFO | Assets Updated:   0
2026-01-18 08:55:45,256 | INFO | Rows Inserted:    0
2026-01-18 08:55:45,256 | INFO |   CRYPTO: 0 assets, 0 rows
2026-01-18 08:55:45,256 | INFO |   FX: 0 assets, 0 rows
2026-01-18 08:55:45,256 | INFO | Evidence: C:\fhq-market-system\vision-ios\03_FUNCTIONS\evidence\IOS001_DAILY_INGEST_f208bee6_20260118_085545.json
2026-01-18 08:55:45,256 | INFO | ======================================================================
