2026-01-19 03:32:26,834 | INFO | ======================================================================
2026-01-19 03:32:26,834 | INFO | IoS-001 DAILY PRICE INGEST
2026-01-19 03:32:26,834 | INFO | Executor: LINE (EC-004)
2026-01-19 03:32:26,834 | INFO | Authority: CEO_DIRECTIVE_LINE_DAILY_INGEST_ACTIVATION_20251212
2026-01-19 03:32:26,834 | INFO | Time: 2026-01-19T02:32:26.834550+00:00
2026-01-19 03:32:26,835 | INFO | Asset Class Filter: ALL
2026-01-19 03:32:26,835 | INFO | Dry Run: False
2026-01-19 03:32:26,835 | INFO | ======================================================================
2026-01-19 03:32:27,062 | INFO | Found 491 VEGA-attested assets
2026-01-19 03:32:27,062 | INFO | 
============================================================
2026-01-19 03:32:27,062 | INFO | Processing CRYPTO: 46 assets
2026-01-19 03:32:27,062 | INFO | Schedule: Daily 01:00 UTC
2026-01-19 03:32:27,062 | INFO | ============================================================
2026-01-19 03:32:27,062 | INFO | 
  Batch 1/2 (25 assets)
2026-01-19 03:32:27,094 | INFO |   Batch complete, waiting 60s...
2026-01-19 03:33:27,098 | INFO | 
  Batch 2/2 (21 assets)
2026-01-19 03:33:28,289 | ERROR | $UNI-USD: possibly delisted; no price data found  (1d 2026-01-19 -> 2026-01-20)
2026-01-19 03:33:31,303 | INFO | 
============================================================
2026-01-19 03:33:31,303 | INFO | Processing EQUITY: 421 assets
2026-01-19 03:33:31,303 | INFO | Schedule: Weekdays 22:00 UTC
2026-01-19 03:33:31,303 | INFO | ============================================================
2026-01-19 03:33:31,303 | INFO | 
  Batch 1/17 (25 assets)
2026-01-19 03:33:31,520 | ERROR | $1COV.DE: possibly delisted; no price data found  (1d 2025-12-24 -> 2026-01-20)
2026-01-19 03:33:34,687 | INFO |     [ABBV] +1 rows
2026-01-19 03:33:37,846 | INFO |     [ABNB] +1 rows
2026-01-19 03:33:41,030 | INFO |     [ABT] +1 rows
2026-01-19 03:33:44,197 | INFO |     [ACA.PA] +1 rows
2026-01-19 03:33:47,354 | INFO |     [ADBE] +1 rows
2026-01-19 03:33:50,517 | INFO |     [ADI] +1 rows
2026-01-19 03:33:53,645 | INFO |     [ADS.DE] +1 rows
2026-01-19 03:33:56,832 | INFO |     [ADSK] +1 rows
2026-01-19 03:34:00,094 | INFO |     [AEP] +1 rows
2026-01-19 03:34:03,296 | INFO |     [AFL] +1 rows
2026-01-19 03:34:06,429 | INFO |     [AI.PA] +1 rows
2026-01-19 03:34:09,607 | INFO |     [AIG] +1 rows
2026-01-19 03:34:12,781 | INFO |     [AIR.DE] +1 rows
2026-01-19 03:34:15,997 | INFO |     [AIR.PA] +1 rows
2026-01-19 03:34:19,093 | INFO |     [AKAM] +1 rows
2026-01-19 03:34:22,217 | INFO |     [AKER.OL] +1 rows
2026-01-19 03:34:25,327 | INFO |     [AKRBP.OL] +1 rows
2026-01-19 03:34:28,458 | INFO |     [AKSO.OL] +1 rows
2026-01-19 03:34:31,621 | INFO |     [AKVA.OL] +1 rows
2026-01-19 03:34:34,787 | INFO |     [ALB] +1 rows
2026-01-19 03:34:37,976 | INFO |     [ALL] +1 rows
2026-01-19 03:34:41,111 | INFO |     [ALO.PA] +1 rows
2026-01-19 03:34:44,292 | INFO |     [ALV.DE] +1 rows
2026-01-19 03:34:47,439 | INFO |     [AMAT] +1 rows
2026-01-19 03:34:50,448 | INFO |   Batch complete, waiting 60s...
2026-01-19 03:35:50,449 | INFO | 
  Batch 2/17 (25 assets)
2026-01-19 03:35:50,563 | INFO |     [AMD] +1 rows
2026-01-19 03:35:53,682 | INFO |     [AMGN] +1 rows
2026-01-19 03:35:56,823 | INFO |     [AMT] +1 rows
2026-01-19 03:35:59,948 | INFO |     [AMZN] +1 rows
2026-01-19 03:36:03,099 | INFO |     [AON] +1 rows
2026-01-19 03:36:06,254 | INFO |     [APD] +1 rows
2026-01-19 03:36:09,367 | INFO |     [ASML] +1 rows
2026-01-19 03:36:12,476 | INFO |     [ATO.PA] +1 rows
2026-01-19 03:36:15,641 | INFO |     [AUSS.OL] +1 rows
2026-01-19 03:36:18,780 | INFO |     [AUTO.OL] +1 rows
2026-01-19 03:36:21,981 | INFO |     [AV.L] +1 rows
2026-01-19 03:36:25,122 | INFO |     [AVB] +1 rows
2026-01-19 03:36:28,243 | INFO |     [AVGO] +1 rows
2026-01-19 03:36:31,383 | INFO |     [AWK] +1 rows
2026-01-19 03:36:34,555 | INFO |     [AXP] +1 rows
2026-01-19 03:36:37,764 | INFO |     [AZN.L] +1 rows
2026-01-19 03:36:40,889 | INFO |     [AZO] +1 rows
2026-01-19 03:36:44,090 | INFO |     [BA] +1 rows
2026-01-19 03:36:47,232 | INFO |     [BA.L] +1 rows
2026-01-19 03:36:50,392 | INFO |     [BAC] +1 rows
2026-01-19 03:36:53,533 | INFO |     [BAKKA.OL] +1 rows
2026-01-19 03:36:56,707 | INFO |     [BARC.L] +1 rows
2026-01-19 03:36:59,854 | INFO |     [BAS.DE] +1 rows
2026-01-19 03:37:03,064 | INFO |     [BATS.L] +1 rows
2026-01-19 03:37:06,240 | INFO |     [BAYN.DE] +1 rows
2026-01-19 03:37:09,249 | INFO |   Batch complete, waiting 60s...
