2026-01-03 13:56:31,742 | INFO | ======================================================================
2026-01-03 13:56:31,742 | INFO | IoS-001 DAILY PRICE INGEST
2026-01-03 13:56:31,742 | INFO | Executor: LINE (EC-004)
2026-01-03 13:56:31,742 | INFO | Authority: CEO_DIRECTIVE_LINE_DAILY_INGEST_ACTIVATION_20251212
2026-01-03 13:56:31,742 | INFO | Time: 2026-01-03T12:56:31.742127+00:00
2026-01-03 13:56:31,742 | INFO | Asset Class Filter: ALL
2026-01-03 13:56:31,742 | INFO | Dry Run: False
2026-01-03 13:56:31,742 | INFO | ======================================================================
2026-01-03 13:56:32,227 | INFO | Found 491 VEGA-attested assets
2026-01-03 13:56:32,227 | INFO | 
============================================================
2026-01-03 13:56:32,228 | INFO | Processing CRYPTO: 46 assets
2026-01-03 13:56:32,228 | INFO | Schedule: Daily 01:00 UTC
2026-01-03 13:56:32,228 | INFO | ============================================================
2026-01-03 13:56:32,228 | INFO | 
  Batch 1/2 (25 assets)
2026-01-03 13:56:35,614 | WARNING |   [GRT-USD] Fetch error: Too Many Requests. Rate limited. Try after a while.
2026-01-03 13:56:38,655 | INFO |   Batch complete, waiting 60s...
2026-01-03 13:57:38,655 | INFO | 
  Batch 2/2 (21 assets)
2026-01-03 13:57:40,309 | WARNING |   [UNI-USD] Fetch error: Too Many Requests. Rate limited. Try after a while.
2026-01-03 13:57:43,359 | INFO | 
============================================================
2026-01-03 13:57:43,359 | INFO | Processing EQUITY: 421 assets
2026-01-03 13:57:43,359 | INFO | Schedule: Weekdays 22:00 UTC
2026-01-03 13:57:43,359 | INFO | ============================================================
2026-01-03 13:57:43,359 | INFO |   Market closed for EQUITY today, skipping
2026-01-03 13:57:43,359 | INFO | 
============================================================
2026-01-03 13:57:43,365 | INFO | Processing FX: 24 assets
2026-01-03 13:57:43,365 | INFO | Schedule: Sun-Thu 22:00 UTC
2026-01-03 13:57:43,365 | INFO | ============================================================
2026-01-03 13:57:43,365 | INFO |   Market closed for FX today, skipping
2026-01-03 13:57:43,372 | WARNING | Heartbeat recording failed: relation "fhq_monitoring.system_heartbeats" does not exist
LINE 2:                 INSERT INTO fhq_monitoring.system_heartbeats...
                                    ^

2026-01-03 13:57:43,379 | INFO | 
======================================================================
2026-01-03 13:57:43,379 | INFO | DAILY INGEST COMPLETE
2026-01-03 13:57:43,379 | INFO | ======================================================================
2026-01-03 13:57:43,379 | INFO | Assets Processed: 46
2026-01-03 13:57:43,379 | INFO | Assets Updated:   0
2026-01-03 13:57:43,379 | INFO | Rows Inserted:    0
2026-01-03 13:57:43,379 | INFO |   CRYPTO: 0 assets, 0 rows
2026-01-03 13:57:43,379 | INFO | Evidence: C:\fhq-market-system\vision-ios\03_FUNCTIONS\evidence\IOS001_DAILY_INGEST_64fa8e7e_20260103_135743.json
2026-01-03 13:57:43,379 | INFO | ======================================================================
