2025-12-21 23:39:46,773 | INFO | ======================================================================
2025-12-21 23:39:46,773 | INFO | IoS-001 DAILY PRICE INGEST
2025-12-21 23:39:46,773 | INFO | Executor: LINE (EC-004)
2025-12-21 23:39:46,773 | INFO | Authority: CEO_DIRECTIVE_LINE_DAILY_INGEST_ACTIVATION_20251212
2025-12-21 23:39:46,773 | INFO | Time: 2025-12-21T22:39:46.773721+00:00
2025-12-21 23:39:46,773 | INFO | Asset Class Filter: ALL
2025-12-21 23:39:46,773 | INFO | Dry Run: False
2025-12-21 23:39:46,773 | INFO | ======================================================================
2025-12-21 23:39:46,908 | INFO | Found 463 VEGA-attested assets
2025-12-21 23:39:46,908 | INFO | 
============================================================
2025-12-21 23:39:46,908 | INFO | Processing CRYPTO: 45 assets
2025-12-21 23:39:46,908 | INFO | Schedule: Daily 01:00 UTC
2025-12-21 23:39:46,908 | INFO | ============================================================
2025-12-21 23:39:46,908 | INFO | 
  Batch 1/2 (25 assets)
2025-12-21 23:39:46,944 | INFO |   Batch complete, waiting 60s...
2025-12-21 23:40:46,945 | INFO | 
  Batch 2/2 (20 assets)
2025-12-21 23:40:46,974 | INFO | 
============================================================
2025-12-21 23:40:46,974 | INFO | Processing EQUITY: 394 assets
2025-12-21 23:40:46,975 | INFO | Schedule: Weekdays 22:00 UTC
2025-12-21 23:40:46,975 | INFO | ============================================================
2025-12-21 23:40:46,975 | INFO |   Market closed for EQUITY today, skipping
2025-12-21 23:40:46,975 | INFO | 
============================================================
2025-12-21 23:40:46,975 | INFO | Processing FX: 24 assets
2025-12-21 23:40:46,976 | INFO | Schedule: Sun-Thu 22:00 UTC
2025-12-21 23:40:46,976 | INFO | ============================================================
2025-12-21 23:40:46,976 | INFO | 
  Batch 1/1 (24 assets)
2025-12-21 23:40:50,263 | WARNING |   [EURUSD=X] Fetch error: Too Many Requests. Rate limited. Try after a while.
2025-12-21 23:40:53,316 | WARNING | Heartbeat recording failed: relation "fhq_monitoring.system_heartbeats" does not exist
LINE 2:                 INSERT INTO fhq_monitoring.system_heartbeats...
                                    ^

2025-12-21 23:40:53,326 | INFO | 
======================================================================
2025-12-21 23:40:53,326 | INFO | DAILY INGEST COMPLETE
2025-12-21 23:40:53,326 | INFO | ======================================================================
2025-12-21 23:40:53,326 | INFO | Assets Processed: 69
2025-12-21 23:40:53,326 | INFO | Assets Updated:   0
2025-12-21 23:40:53,326 | INFO | Rows Inserted:    0
2025-12-21 23:40:53,326 | INFO |   CRYPTO: 0 assets, 0 rows
2025-12-21 23:40:53,326 | INFO |   FX: 0 assets, 0 rows
2025-12-21 23:40:53,326 | INFO | Evidence: C:\fhq-market-system\vision-ios\03_FUNCTIONS\evidence\IOS001_DAILY_INGEST_82c21c55_20251221_234053.json
2025-12-21 23:40:53,326 | INFO | ======================================================================
