2026-02-10 19:37:31,489 | INFO | ======================================================================
2026-02-10 19:37:31,489 | INFO | IoS-001 DAILY PRICE INGEST
2026-02-10 19:37:31,489 | INFO | Executor: LINE (EC-004)
2026-02-10 19:37:31,489 | INFO | Authority: CEO_DIRECTIVE_LINE_DAILY_INGEST_ACTIVATION_20251212
2026-02-10 19:37:31,489 | INFO | Amendment: CEO-DIR-2026-119 (Rate Limit Mitigation)
2026-02-10 19:37:31,489 | INFO | Time: 2026-02-10T18:37:31.489493+00:00
2026-02-10 19:37:31,489 | INFO | Asset Class Filter: ALL
2026-02-10 19:37:31,489 | INFO | Batch Mode: True
2026-02-10 19:37:31,489 | INFO | Dry Run: False
2026-02-10 19:37:31,489 | INFO | ======================================================================
2026-02-10 19:37:32,003 | INFO | Found 491 VEGA-attested assets
2026-02-10 19:37:32,004 | INFO | 
============================================================
2026-02-10 19:37:32,004 | INFO | Processing CRYPTO: 46 assets
2026-02-10 19:37:32,004 | INFO | Schedule: Daily 01:00 UTC
2026-02-10 19:37:32,005 | INFO | ============================================================
2026-02-10 19:37:32,005 | INFO |   Using BATCH MODE (CEO-DIR-2026-119)
2026-02-10 19:37:32,005 | INFO | 
  Batch 1/5 (10 tickers)
2026-02-10 19:37:32,050 | INFO |     All assets up to date
2026-02-10 19:37:32,050 | INFO | 
  Batch 2/5 (10 tickers)
2026-02-10 19:37:32,082 | INFO |     Batch download: 1 tickers
2026-02-10 19:37:34,550 | ERROR | 
1 Failed download:
2026-02-10 19:37:34,551 | ERROR | ['GRT-USD']: YFPricesMissingError('possibly delisted; no price data found  (1d 2026-02-10 -> 2026-02-11)')
2026-02-10 19:37:34,558 | INFO |   Batch complete, waiting 120s...
2026-02-10 19:39:34,559 | INFO | 
  Batch 3/5 (10 tickers)
2026-02-10 19:39:34,604 | INFO |     All assets up to date
2026-02-10 19:39:34,604 | INFO | 
  Batch 4/5 (10 tickers)
2026-02-10 19:39:34,641 | INFO |     Batch download: 1 tickers
2026-02-10 19:39:35,142 | ERROR | 
1 Failed download:
2026-02-10 19:39:35,142 | ERROR | ['UNI-USD']: YFPricesMissingError('possibly delisted; no price data found  (1d 2026-02-10 -> 2026-02-11)')
2026-02-10 19:39:35,142 | INFO |   Batch complete, waiting 120s...
2026-02-10 19:41:35,149 | INFO | 
  Batch 5/5 (6 tickers)
2026-02-10 19:41:35,163 | INFO |     All assets up to date
2026-02-10 19:41:35,163 | INFO | 
============================================================
2026-02-10 19:41:35,163 | INFO | Processing EQUITY: 421 assets
2026-02-10 19:41:35,163 | INFO | Schedule: Weekdays 22:00 UTC
2026-02-10 19:41:35,163 | INFO | ============================================================
2026-02-10 19:41:35,163 | INFO |   Using BATCH MODE (CEO-DIR-2026-119)
2026-02-10 19:41:35,163 | INFO | 
  Batch 1/43 (10 tickers)
2026-02-10 19:41:35,173 | INFO |     Batch download: 1 tickers
2026-02-10 19:41:35,909 | ERROR | 
1 Failed download:
2026-02-10 19:41:35,909 | ERROR | ['1COV.DE']: YFPricesMissingError('possibly delisted; no price data found  (1d 2025-12-24 -> 2026-02-11)')
2026-02-10 19:41:35,909 | INFO |   Batch complete, waiting 120s...
