2025-12-20 01:25:44,301 | INFO | ======================================================================
2025-12-20 01:25:44,302 | INFO | IoS-001 DAILY PRICE INGEST
2025-12-20 01:25:44,302 | INFO | Executor: LINE (EC-004)
2025-12-20 01:25:44,302 | INFO | Authority: CEO_DIRECTIVE_LINE_DAILY_INGEST_ACTIVATION_20251212
2025-12-20 01:25:44,302 | INFO | Time: 2025-12-20T00:25:44.302803+00:00
2025-12-20 01:25:44,302 | INFO | Asset Class Filter: ALL
2025-12-20 01:25:44,302 | INFO | Dry Run: False
2025-12-20 01:25:44,302 | INFO | ======================================================================
2025-12-20 01:25:44,462 | INFO | Found 463 VEGA-attested assets
2025-12-20 01:25:44,462 | INFO | 
============================================================
2025-12-20 01:25:44,462 | INFO | Processing CRYPTO: 45 assets
2025-12-20 01:25:44,463 | INFO | Schedule: Daily 01:00 UTC
2025-12-20 01:25:44,463 | INFO | ============================================================
2025-12-20 01:25:44,463 | INFO | 
  Batch 1/2 (25 assets)
2025-12-20 01:25:47,738 | WARNING |   [ADA-USD] Fetch error: Too Many Requests. Rate limited. Try after a while.
2025-12-20 01:25:51,748 | WARNING |   [ALGO-USD] Fetch error: Too Many Requests. Rate limited. Try after a while.
2025-12-20 01:25:56,079 | WARNING |   [ATOM-USD] Fetch error: Too Many Requests. Rate limited. Try after a while.
2025-12-20 01:26:00,570 | WARNING |   [AVAX-USD] Fetch error: Too Many Requests. Rate limited. Try after a while.
2025-12-20 01:26:04,882 | WARNING |   [AXS-USD] Fetch error: Too Many Requests. Rate limited. Try after a while.
2025-12-20 01:26:08,646 | WARNING |   [BCH-USD] Fetch error: Too Many Requests. Rate limited. Try after a while.
2025-12-20 01:26:12,837 | WARNING |   [BNB-USD] Fetch error: Too Many Requests. Rate limited. Try after a while.
2025-12-20 01:26:18,639 | WARNING |   [BTC-USD] Fetch error: Too Many Requests. Rate limited. Try after a while.
2025-12-20 01:26:22,669 | WARNING |   [CHZ-USD] Fetch error: Too Many Requests. Rate limited. Try after a while.
2025-12-20 01:26:27,021 | WARNING |   [CRO-USD] Fetch error: Too Many Requests. Rate limited. Try after a while.
2025-12-20 01:26:30,996 | WARNING |   [CRV-USD] Fetch error: Too Many Requests. Rate limited. Try after a while.
2025-12-20 01:26:34,897 | WARNING |   [DOGE-USD] Fetch error: Too Many Requests. Rate limited. Try after a while.
2025-12-20 01:26:38,762 | WARNING |   [DOT-USD] Fetch error: Too Many Requests. Rate limited. Try after a while.
2025-12-20 01:26:42,754 | WARNING |   [EOS-USD] Fetch error: Too Many Requests. Rate limited. Try after a while.
2025-12-20 01:26:46,722 | WARNING |   [ETC-USD] Fetch error: Too Many Requests. Rate limited. Try after a while.
2025-12-20 01:26:51,171 | WARNING |   [ETH-USD] Fetch error: Too Many Requests. Rate limited. Try after a while.
2025-12-20 01:26:55,259 | WARNING |   [FIL-USD] Fetch error: Too Many Requests. Rate limited. Try after a while.
2025-12-20 01:26:59,289 | WARNING |   [FLOW-USD] Fetch error: Too Many Requests. Rate limited. Try after a while.
2025-12-20 01:27:03,238 | WARNING |   [HBAR-USD] Fetch error: Too Many Requests. Rate limited. Try after a while.
2025-12-20 01:27:07,135 | WARNING |   [ICP-USD] Fetch error: Too Many Requests. Rate limited. Try after a while.
2025-12-20 01:27:11,081 | WARNING |   [INJ-USD] Fetch error: Too Many Requests. Rate limited. Try after a while.
2025-12-20 01:27:15,287 | WARNING |   [LDO-USD] Fetch error: Too Many Requests. Rate limited. Try after a while.
2025-12-20 01:27:19,310 | WARNING |   [LINK-USD] Fetch error: Too Many Requests. Rate limited. Try after a while.
2025-12-20 01:27:23,317 | WARNING |   [LTC-USD] Fetch error: Too Many Requests. Rate limited. Try after a while.
2025-12-20 01:27:27,562 | WARNING |   [MANA-USD] Fetch error: Too Many Requests. Rate limited. Try after a while.
2025-12-20 01:27:30,568 | INFO |   Batch complete, waiting 60s...
2025-12-20 01:28:30,568 | INFO | 
  Batch 2/2 (20 assets)
2025-12-20 01:28:32,397 | WARNING |   [MKR-USD] Fetch error: Too Many Requests. Rate limited. Try after a while.
2025-12-20 01:28:36,394 | WARNING |   [NEAR-USD] Fetch error: Too Many Requests. Rate limited. Try after a while.
2025-12-20 01:28:40,829 | WARNING |   [OKB-USD] Fetch error: Too Many Requests. Rate limited. Try after a while.
2025-12-20 01:28:44,762 | WARNING |   [QNT-USD] Fetch error: Too Many Requests. Rate limited. Try after a while.
2025-12-20 01:28:48,652 | WARNING |   [RPL-USD] Fetch error: Too Many Requests. Rate limited. Try after a while.
2025-12-20 01:28:52,589 | WARNING |   [RUNE-USD] Fetch error: Too Many Requests. Rate limited. Try after a while.
2025-12-20 01:28:56,656 | WARNING |   [SAND-USD] Fetch error: Too Many Requests. Rate limited. Try after a while.
2025-12-20 01:29:00,789 | WARNING |   [SHIB-USD] Fetch error: Too Many Requests. Rate limited. Try after a while.
2025-12-20 01:29:04,756 | WARNING |   [SNX-USD] Fetch error: Too Many Requests. Rate limited. Try after a while.
2025-12-20 01:29:08,801 | WARNING |   [SOL-USD] Fetch error: Too Many Requests. Rate limited. Try after a while.
2025-12-20 01:29:12,912 | WARNING |   [THETA-USD] Fetch error: Too Many Requests. Rate limited. Try after a while.
2025-12-20 01:29:16,858 | WARNING |   [TRX-USD] Fetch error: Too Many Requests. Rate limited. Try after a while.
2025-12-20 01:29:20,981 | WARNING |   [UNI-USD] Fetch error: Too Many Requests. Rate limited. Try after a while.
2025-12-20 01:29:25,137 | WARNING |   [VET-USD] Fetch error: Too Many Requests. Rate limited. Try after a while.
2025-12-20 01:29:29,409 | WARNING |   [XLM-USD] Fetch error: Too Many Requests. Rate limited. Try after a while.
2025-12-20 01:29:33,701 | WARNING |   [XMR-USD] Fetch error: Too Many Requests. Rate limited. Try after a while.
2025-12-20 01:29:37,705 | WARNING |   [XRP-USD] Fetch error: Too Many Requests. Rate limited. Try after a while.
2025-12-20 01:29:41,728 | WARNING |   [XTZ-USD] Fetch error: Too Many Requests. Rate limited. Try after a while.
2025-12-20 01:29:45,815 | WARNING |   [ZEC-USD] Fetch error: Too Many Requests. Rate limited. Try after a while.
2025-12-20 01:29:50,209 | WARNING |   [AAVE-USD] Fetch error: Too Many Requests. Rate limited. Try after a while.
2025-12-20 01:29:53,211 | INFO | 
============================================================
2025-12-20 01:29:53,212 | INFO | Processing EQUITY: 394 assets
2025-12-20 01:29:53,213 | INFO | Schedule: Weekdays 22:00 UTC
2025-12-20 01:29:53,214 | INFO | ============================================================
2025-12-20 01:29:53,214 | INFO |   Market closed for EQUITY today, skipping
2025-12-20 01:29:53,215 | INFO | 
============================================================
2025-12-20 01:29:53,215 | INFO | Processing FX: 24 assets
2025-12-20 01:29:53,215 | INFO | Schedule: Sun-Thu 22:00 UTC
2025-12-20 01:29:53,216 | INFO | ============================================================
2025-12-20 01:29:53,216 | INFO |   Market closed for FX today, skipping
2025-12-20 01:29:53,221 | WARNING | Heartbeat recording failed: relation "fhq_monitoring.system_heartbeats" does not exist
LINE 2:                 INSERT INTO fhq_monitoring.system_heartbeats...
                                    ^

2025-12-20 01:29:53,225 | INFO | 
======================================================================
2025-12-20 01:29:53,226 | INFO | DAILY INGEST COMPLETE
2025-12-20 01:29:53,226 | INFO | ======================================================================
2025-12-20 01:29:53,227 | INFO | Assets Processed: 45
2025-12-20 01:29:53,227 | INFO | Assets Updated:   0
2025-12-20 01:29:53,227 | INFO | Rows Inserted:    0
2025-12-20 01:29:53,228 | INFO |   CRYPTO: 0 assets, 0 rows
2025-12-20 01:29:53,229 | INFO | Evidence: C:\fhq-market-system\vision-ios\03_FUNCTIONS\evidence\IOS001_DAILY_INGEST_ec5712ca_20251220_012953.json
2025-12-20 01:29:53,229 | INFO | ======================================================================
