2026-01-09 11:57:50,301 | INFO | ======================================================================
2026-01-09 11:57:50,301 | INFO | IoS-001 DAILY PRICE INGEST
2026-01-09 11:57:50,301 | INFO | Executor: LINE (EC-004)
2026-01-09 11:57:50,301 | INFO | Authority: CEO_DIRECTIVE_LINE_DAILY_INGEST_ACTIVATION_20251212
2026-01-09 11:57:50,301 | INFO | Time: 2026-01-09T10:57:50.301556+00:00
2026-01-09 11:57:50,301 | INFO | Asset Class Filter: ALL
2026-01-09 11:57:50,301 | INFO | Dry Run: False
2026-01-09 11:57:50,301 | INFO | ======================================================================
2026-01-09 11:57:50,516 | INFO | Found 491 VEGA-attested assets
2026-01-09 11:57:50,516 | INFO | 
============================================================
2026-01-09 11:57:50,516 | INFO | Processing CRYPTO: 46 assets
2026-01-09 11:57:50,516 | INFO | Schedule: Daily 01:00 UTC
2026-01-09 11:57:50,516 | INFO | ============================================================
2026-01-09 11:57:50,516 | INFO | 
  Batch 1/2 (25 assets)
2026-01-09 11:57:53,898 | WARNING |   [GRT-USD] Fetch error: Too Many Requests. Rate limited. Try after a while.
2026-01-09 11:57:56,918 | INFO |   Batch complete, waiting 60s...
2026-01-09 11:58:56,921 | INFO | 
  Batch 2/2 (21 assets)
2026-01-09 11:58:58,722 | WARNING |   [UNI-USD] Fetch error: Too Many Requests. Rate limited. Try after a while.
2026-01-09 11:59:01,739 | INFO | 
============================================================
2026-01-09 11:59:01,739 | INFO | Processing EQUITY: 421 assets
2026-01-09 11:59:01,739 | INFO | Schedule: Weekdays 22:00 UTC
2026-01-09 11:59:01,739 | INFO | ============================================================
2026-01-09 11:59:01,739 | INFO | 
  Batch 1/17 (25 assets)
2026-01-09 11:59:07,641 | WARNING |   [1COV.DE] Fetch error: Too Many Requests. Rate limited. Try after a while.
2026-01-09 11:59:11,886 | WARNING |   [ABBV] Fetch error: Too Many Requests. Rate limited. Try after a while.
2026-01-09 11:59:16,325 | WARNING |   [ABNB] Fetch error: Too Many Requests. Rate limited. Try after a while.
2026-01-09 11:59:20,355 | WARNING |   [ABT] Fetch error: Too Many Requests. Rate limited. Try after a while.
2026-01-09 11:59:24,589 | WARNING |   [ACA.PA] Fetch error: Too Many Requests. Rate limited. Try after a while.
2026-01-09 11:59:28,764 | WARNING |   [ADBE] Fetch error: Too Many Requests. Rate limited. Try after a while.
2026-01-09 11:59:32,598 | WARNING |   [ADI] Fetch error: Too Many Requests. Rate limited. Try after a while.
2026-01-09 11:59:36,809 | WARNING |   [ADSK] Fetch error: Too Many Requests. Rate limited. Try after a while.
2026-01-09 11:59:40,930 | WARNING |   [AEP] Fetch error: Too Many Requests. Rate limited. Try after a while.
2026-01-09 11:59:45,196 | WARNING |   [AFL] Fetch error: Too Many Requests. Rate limited. Try after a while.
2026-01-09 11:59:49,380 | WARNING |   [AI.PA] Fetch error: Too Many Requests. Rate limited. Try after a while.
2026-01-09 11:59:53,467 | WARNING |   [AIG] Fetch error: Too Many Requests. Rate limited. Try after a while.
2026-01-09 11:59:57,693 | WARNING |   [AIR.PA] Fetch error: Too Many Requests. Rate limited. Try after a while.
2026-01-09 12:00:01,669 | WARNING |   [AKAM] Fetch error: Too Many Requests. Rate limited. Try after a while.
2026-01-09 12:00:05,905 | WARNING |   [AKER.OL] Fetch error: Too Many Requests. Rate limited. Try after a while.
2026-01-09 12:00:10,277 | WARNING |   [AKRBP.OL] Fetch error: Too Many Requests. Rate limited. Try after a while.
2026-01-09 12:00:14,496 | WARNING |   [AKSO.OL] Fetch error: Too Many Requests. Rate limited. Try after a while.
2026-01-09 12:00:18,464 | WARNING |   [AKVA.OL] Fetch error: Too Many Requests. Rate limited. Try after a while.
2026-01-09 12:00:22,842 | WARNING |   [ALB] Fetch error: Too Many Requests. Rate limited. Try after a while.
2026-01-09 12:00:27,382 | WARNING |   [ALL] Fetch error: Too Many Requests. Rate limited. Try after a while.
2026-01-09 12:00:31,557 | WARNING |   [ALO.PA] Fetch error: Too Many Requests. Rate limited. Try after a while.
2026-01-09 12:00:35,735 | WARNING |   [AMAT] Fetch error: Too Many Requests. Rate limited. Try after a while.
2026-01-09 12:00:38,745 | INFO |   Batch complete, waiting 60s...
2026-01-09 12:01:38,747 | INFO | 
  Batch 2/17 (25 assets)
2026-01-09 12:01:40,021 | WARNING |   [AMD] Fetch error: Too Many Requests. Rate limited. Try after a while.
2026-01-09 12:01:44,395 | WARNING |   [AMGN] Fetch error: Too Many Requests. Rate limited. Try after a while.
2026-01-09 12:01:48,807 | WARNING |   [AMT] Fetch error: Too Many Requests. Rate limited. Try after a while.
2026-01-09 12:01:53,015 | WARNING |   [AMZN] Fetch error: Too Many Requests. Rate limited. Try after a while.
2026-01-09 12:01:57,466 | WARNING |   [AON] Fetch error: Too Many Requests. Rate limited. Try after a while.
2026-01-09 12:02:01,682 | WARNING |   [APD] Fetch error: Too Many Requests. Rate limited. Try after a while.
2026-01-09 12:02:05,780 | WARNING |   [ASML] Fetch error: Too Many Requests. Rate limited. Try after a while.
2026-01-09 12:02:09,942 | WARNING |   [ATO.PA] Fetch error: Too Many Requests. Rate limited. Try after a while.
2026-01-09 12:02:14,035 | WARNING |   [AUSS.OL] Fetch error: Too Many Requests. Rate limited. Try after a while.
2026-01-09 12:02:18,383 | WARNING |   [AUTO.OL] Fetch error: Too Many Requests. Rate limited. Try after a while.
2026-01-09 12:02:22,528 | WARNING |   [AV.L] Fetch error: Too Many Requests. Rate limited. Try after a while.
2026-01-09 12:02:26,582 | WARNING |   [AVB] Fetch error: Too Many Requests. Rate limited. Try after a while.
2026-01-09 12:02:30,990 | WARNING |   [AVGO] Fetch error: Too Many Requests. Rate limited. Try after a while.
2026-01-09 12:02:35,415 | WARNING |   [AWK] Fetch error: Too Many Requests. Rate limited. Try after a while.
2026-01-09 12:02:39,233 | WARNING |   [AXP] Fetch error: Too Many Requests. Rate limited. Try after a while.
2026-01-09 12:02:43,369 | WARNING |   [AZN.L] Fetch error: Too Many Requests. Rate limited. Try after a while.
2026-01-09 12:02:47,187 | WARNING |   [AZO] Fetch error: Too Many Requests. Rate limited. Try after a while.
