2026-02-04 15:45:59,256 | INFO | ======================================================================
2026-02-04 15:45:59,256 | INFO | IoS-001 DAILY PRICE INGEST
2026-02-04 15:45:59,256 | INFO | Executor: LINE (EC-004)
2026-02-04 15:45:59,256 | INFO | Authority: CEO_DIRECTIVE_LINE_DAILY_INGEST_ACTIVATION_20251212
2026-02-04 15:45:59,256 | INFO | Time: 2026-02-04T14:45:59.256860+00:00
2026-02-04 15:45:59,256 | INFO | Asset Class Filter: ALL
2026-02-04 15:45:59,256 | INFO | Dry Run: False
2026-02-04 15:45:59,256 | INFO | ======================================================================
2026-02-04 15:45:59,648 | INFO | Found 491 VEGA-attested assets
2026-02-04 15:45:59,648 | INFO | 
============================================================
2026-02-04 15:45:59,648 | INFO | Processing CRYPTO: 46 assets
2026-02-04 15:45:59,648 | INFO | Schedule: Daily 01:00 UTC
2026-02-04 15:45:59,648 | INFO | ============================================================
2026-02-04 15:45:59,648 | INFO | 
  Batch 1/2 (25 assets)
2026-02-04 15:46:01,554 | ERROR | $GRT-USD: possibly delisted; no price data found  (1d 2026-02-04 -> 2026-02-05)
2026-02-04 15:46:04,584 | INFO |   Batch complete, waiting 60s...
2026-02-04 15:47:04,586 | INFO | 
  Batch 2/2 (21 assets)
2026-02-04 15:47:04,746 | ERROR | $UNI-USD: possibly delisted; no price data found  (1d 2026-02-01 -> 2026-02-05)
2026-02-04 15:47:07,761 | INFO | 
============================================================
2026-02-04 15:47:07,761 | INFO | Processing EQUITY: 421 assets
2026-02-04 15:47:07,761 | INFO | Schedule: Weekdays 22:00 UTC
2026-02-04 15:47:07,761 | INFO | ============================================================
2026-02-04 15:47:07,761 | INFO | 
  Batch 1/17 (25 assets)
2026-02-04 15:47:08,042 | ERROR | $1COV.DE: possibly delisted; no price data found  (1d 2025-12-24 -> 2026-02-05)
2026-02-04 15:47:11,418 | INFO |     [ABBV] +1 rows
2026-02-04 15:47:14,526 | INFO |     [ABNB] +1 rows
2026-02-04 15:47:17,690 | INFO |     [ABT] +1 rows
2026-02-04 15:47:20,805 | INFO |     [ADBE] +1 rows
2026-02-04 15:47:23,947 | INFO |     [ADI] +1 rows
2026-02-04 15:47:27,059 | INFO |     [ADSK] +1 rows
2026-02-04 15:47:30,260 | INFO |     [AEP] +1 rows
2026-02-04 15:47:33,445 | INFO |     [AFL] +1 rows
2026-02-04 15:47:36,615 | INFO |     [AIG] +1 rows
2026-02-04 15:47:39,737 | INFO |     [AKAM] +1 rows
2026-02-04 15:47:42,903 | INFO |     [ALB] +1 rows
2026-02-04 15:47:46,061 | INFO |     [ALL] +1 rows
2026-02-04 15:47:49,210 | INFO |     [AMAT] +1 rows
2026-02-04 15:47:52,215 | INFO |   Batch complete, waiting 60s...
2026-02-04 15:48:52,216 | INFO | 
  Batch 2/17 (25 assets)
2026-02-04 15:48:52,307 | INFO |     [AMD] +1 rows
2026-02-04 15:48:55,455 | INFO |     [AMGN] +1 rows
2026-02-04 15:48:58,570 | INFO |     [AMT] +1 rows
2026-02-04 15:49:01,678 | INFO |     [AMZN] +1 rows
2026-02-04 15:49:04,974 | INFO |     [AON] +1 rows
2026-02-04 15:49:08,149 | INFO |     [APD] +1 rows
2026-02-04 15:49:11,271 | INFO |     [ASML] +1 rows
2026-02-04 15:49:14,459 | INFO |     [AVB] +1 rows
2026-02-04 15:49:17,632 | INFO |     [AVGO] +1 rows
2026-02-04 15:49:20,757 | INFO |     [AWK] +1 rows
2026-02-04 15:49:23,953 | INFO |     [AXP] +1 rows
2026-02-04 15:49:27,074 | INFO |     [AZO] +1 rows
2026-02-04 15:49:30,261 | INFO |     [BA] +1 rows
2026-02-04 15:49:33,541 | INFO |     [BAC] +1 rows
2026-02-04 15:49:36,554 | INFO |   Batch complete, waiting 60s...
2026-02-04 15:50:36,556 | INFO | 
  Batch 3/17 (25 assets)
2026-02-04 15:50:36,658 | INFO |     [BKNG] +1 rows
2026-02-04 15:50:39,802 | INFO |     [BKR] +1 rows
2026-02-04 15:50:42,931 | INFO |     [BLK] +1 rows
2026-02-04 15:50:46,272 | INFO |     [BMY] +1 rows
2026-02-04 15:50:53,112 | ERROR | $BRK.B: possibly delisted; no timezone found
2026-02-04 15:50:56,220 | INFO |     [BSX] +1 rows
