2026-02-01 17:50:04,876 | INFO | ======================================================================
2026-02-01 17:50:04,877 | INFO | IoS-001 DAILY PRICE INGEST
2026-02-01 17:50:04,877 | INFO | Executor: LINE (EC-004)
2026-02-01 17:50:04,877 | INFO | Authority: CEO_DIRECTIVE_LINE_DAILY_INGEST_ACTIVATION_20251212
2026-02-01 17:50:04,877 | INFO | Time: 2026-02-01T16:50:04.877022+00:00
2026-02-01 17:50:04,877 | INFO | Asset Class Filter: ALL
2026-02-01 17:50:04,877 | INFO | Dry Run: False
2026-02-01 17:50:04,878 | INFO | ======================================================================
2026-02-01 17:50:05,185 | INFO | Found 491 VEGA-attested assets
2026-02-01 17:50:05,185 | INFO | 
============================================================
2026-02-01 17:50:05,185 | INFO | Processing CRYPTO: 46 assets
2026-02-01 17:50:05,185 | INFO | Schedule: Daily 01:00 UTC
2026-02-01 17:50:05,185 | INFO | ============================================================
2026-02-01 17:50:05,185 | INFO | 
  Batch 1/2 (25 assets)
2026-02-01 17:50:08,699 | WARNING |   [GRT-USD] Fetch error: Too Many Requests. Rate limited. Try after a while.
2026-02-01 17:50:11,735 | INFO |   Batch complete, waiting 60s...
2026-02-01 17:51:11,736 | INFO | 
  Batch 2/2 (21 assets)
2026-02-01 17:51:13,084 | WARNING |   [UNI-USD] Fetch error: Too Many Requests. Rate limited. Try after a while.
2026-02-01 17:51:16,115 | INFO | 
============================================================
2026-02-01 17:51:16,116 | INFO | Processing EQUITY: 421 assets
2026-02-01 17:51:16,116 | INFO | Schedule: Weekdays 22:00 UTC
2026-02-01 17:51:16,116 | INFO | ============================================================
2026-02-01 17:51:16,116 | INFO |   Market closed for EQUITY today, skipping
2026-02-01 17:51:16,116 | INFO | 
============================================================
2026-02-01 17:51:16,116 | INFO | Processing FX: 24 assets
2026-02-01 17:51:16,116 | INFO | Schedule: Sun-Thu 22:00 UTC
2026-02-01 17:51:16,116 | INFO | ============================================================
2026-02-01 17:51:16,116 | INFO | 
  Batch 1/1 (24 assets)
2026-02-01 17:51:17,004 | WARNING |   [CHFJPY=X] Fetch error: Too Many Requests. Rate limited. Try after a while.
2026-02-01 17:51:20,897 | WARNING |   [EURAUD=X] Fetch error: Too Many Requests. Rate limited. Try after a while.
2026-02-01 17:51:24,609 | WARNING |   [EURGBP=X] Fetch error: Too Many Requests. Rate limited. Try after a while.
2026-02-01 17:51:28,414 | WARNING |   [EURJPY=X] Fetch error: Too Many Requests. Rate limited. Try after a while.
2026-02-01 17:51:32,326 | WARNING |   [EURNOK=X] Fetch error: Too Many Requests. Rate limited. Try after a while.
2026-02-01 17:51:36,129 | WARNING |   [EURSEK=X] Fetch error: Too Many Requests. Rate limited. Try after a while.
2026-02-01 17:51:39,863 | WARNING |   [EURUSD=X] Fetch error: Too Many Requests. Rate limited. Try after a while.
2026-02-01 17:51:43,767 | WARNING |   [GBPJPY=X] Fetch error: Too Many Requests. Rate limited. Try after a while.
2026-02-01 17:51:47,569 | WARNING |   [USDCHF=X] Fetch error: Too Many Requests. Rate limited. Try after a while.
2026-02-01 17:51:51,410 | WARNING |   [USDHKD=X] Fetch error: Too Many Requests. Rate limited. Try after a while.
2026-02-01 17:51:55,190 | WARNING |   [USDMXN=X] Fetch error: Too Many Requests. Rate limited. Try after a while.
2026-02-01 17:51:58,871 | WARNING |   [USDSEK=X] Fetch error: Too Many Requests. Rate limited. Try after a while.
2026-02-01 17:52:02,989 | WARNING |   [USDTRY=X] Fetch error: Too Many Requests. Rate limited. Try after a while.
2026-02-01 17:52:05,993 | WARNING | Heartbeat recording failed: relation "fhq_monitoring.system_heartbeats" does not exist
LINE 2:                 INSERT INTO fhq_monitoring.system_heartbeats...
                                    ^

2026-02-01 17:52:05,993 | INFO | 
======================================================================
2026-02-01 17:52:05,993 | INFO | DAILY INGEST COMPLETE
2026-02-01 17:52:05,993 | INFO | ======================================================================
2026-02-01 17:52:05,993 | INFO | Assets Processed: 70
2026-02-01 17:52:05,993 | INFO | Assets Updated:   0
2026-02-01 17:52:05,993 | INFO | Rows Inserted:    0
2026-02-01 17:52:05,993 | INFO |   CRYPTO: 0 assets, 0 rows
2026-02-01 17:52:06,002 | INFO |   FX: 0 assets, 0 rows
2026-02-01 17:52:06,002 | INFO | Evidence: C:\fhq-market-system\vision-ios\03_FUNCTIONS\evidence\IOS001_DAILY_INGEST_1a8bc436_20260201_175205.json
2026-02-01 17:52:06,002 | INFO | ======================================================================
