2025-12-24 22:18:23,901 | INFO | ======================================================================
2025-12-24 22:18:23,901 | INFO | IoS-001 DAILY PRICE INGEST
2025-12-24 22:18:23,901 | INFO | Executor: LINE (EC-004)
2025-12-24 22:18:23,901 | INFO | Authority: CEO_DIRECTIVE_LINE_DAILY_INGEST_ACTIVATION_20251212
2025-12-24 22:18:23,901 | INFO | Time: 2025-12-24T21:18:23.901159+00:00
2025-12-24 22:18:23,901 | INFO | Asset Class Filter: ALL
2025-12-24 22:18:23,901 | INFO | Dry Run: False
2025-12-24 22:18:23,901 | INFO | ======================================================================
2025-12-24 22:18:24,090 | INFO | Found 463 VEGA-attested assets
2025-12-24 22:18:24,090 | INFO | 
============================================================
2025-12-24 22:18:24,090 | INFO | Processing CRYPTO: 45 assets
2025-12-24 22:18:24,090 | INFO | Schedule: Daily 01:00 UTC
2025-12-24 22:18:24,090 | INFO | ============================================================
2025-12-24 22:18:24,090 | INFO | 
  Batch 1/2 (25 assets)
2025-12-24 22:18:24,152 | INFO |   Batch complete, waiting 60s...
2025-12-24 22:19:24,153 | INFO | 
  Batch 2/2 (20 assets)
2025-12-24 22:19:24,201 | INFO | 
============================================================
2025-12-24 22:19:24,201 | INFO | Processing EQUITY: 394 assets
2025-12-24 22:19:24,201 | INFO | Schedule: Weekdays 22:00 UTC
2025-12-24 22:19:24,201 | INFO | ============================================================
2025-12-24 22:19:24,202 | INFO | 
  Batch 1/16 (25 assets)
2025-12-24 22:19:27,134 | WARNING |   [1COV.DE] Fetch error: Too Many Requests. Rate limited. Try after a while.
2025-12-24 22:19:31,169 | WARNING |   [ADS.DE] Fetch error: Too Many Requests. Rate limited. Try after a while.
2025-12-24 22:19:35,374 | WARNING |   [AIR.DE] Fetch error: Too Many Requests. Rate limited. Try after a while.
2025-12-24 22:19:39,343 | WARNING |   [AKER.OL] Fetch error: Too Many Requests. Rate limited. Try after a while.
2025-12-24 22:19:43,771 | WARNING |   [AKRBP.OL] Fetch error: Too Many Requests. Rate limited. Try after a while.
2025-12-24 22:19:47,675 | WARNING |   [AKSO.OL] Fetch error: Too Many Requests. Rate limited. Try after a while.
2025-12-24 22:19:51,672 | WARNING |   [AKVA.OL] Fetch error: Too Many Requests. Rate limited. Try after a while.
2025-12-24 22:19:55,716 | WARNING |   [ALV.DE] Fetch error: Too Many Requests. Rate limited. Try after a while.
2025-12-24 22:19:58,719 | INFO |   Batch complete, waiting 60s...
2025-12-24 22:20:58,720 | INFO | 
  Batch 2/16 (25 assets)
2025-12-24 22:21:00,122 | WARNING |   [AUSS.OL] Fetch error: Too Many Requests. Rate limited. Try after a while.
2025-12-24 22:21:04,607 | WARNING |   [AUTO.OL] Fetch error: Too Many Requests. Rate limited. Try after a while.
2025-12-24 22:21:09,043 | WARNING |   [BAKKA.OL] Fetch error: Too Many Requests. Rate limited. Try after a while.
2025-12-24 22:21:13,339 | WARNING |   [BAS.DE] Fetch error: Too Many Requests. Rate limited. Try after a while.
2025-12-24 22:21:17,605 | WARNING |   [BAYN.DE] Fetch error: Too Many Requests. Rate limited. Try after a while.
2025-12-24 22:21:21,648 | WARNING |   [BEI.DE] Fetch error: Too Many Requests. Rate limited. Try after a while.
2025-12-24 22:21:25,769 | WARNING |   [BEWI.OL] Fetch error: Too Many Requests. Rate limited. Try after a while.
2025-12-24 22:21:28,771 | INFO |   Batch complete, waiting 60s...
2025-12-24 22:22:28,772 | INFO | 
  Batch 3/16 (25 assets)
2025-12-24 22:22:30,401 | WARNING |   [BMW.DE] Fetch error: Too Many Requests. Rate limited. Try after a while.
2025-12-24 22:22:34,628 | WARNING |   [BNR.DE] Fetch error: Too Many Requests. Rate limited. Try after a while.
2025-12-24 22:22:38,958 | WARNING |   [BWO.OL] Fetch error: Too Many Requests. Rate limited. Try after a while.
2025-12-24 22:22:43,035 | WARNING |   [CBK.DE] Fetch error: Too Many Requests. Rate limited. Try after a while.
2025-12-24 22:22:47,258 | WARNING |   [CF] Fetch error: Too Many Requests. Rate limited. Try after a while.
2025-12-24 22:22:51,259 | WARNING |   [CHD] Fetch error: Too Many Requests. Rate limited. Try after a while.
2025-12-24 22:22:55,412 | WARNING |   [CHTR] Fetch error: Too Many Requests. Rate limited. Try after a while.
2025-12-24 22:22:59,548 | WARNING |   [CI] Fetch error: Too Many Requests. Rate limited. Try after a while.
2025-12-24 22:23:02,550 | INFO |   Batch complete, waiting 60s...
