2025-12-21 03:26:03,709 | INFO | ======================================================================
2025-12-21 03:26:03,710 | INFO | IoS-001 DAILY PRICE INGEST
2025-12-21 03:26:03,710 | INFO | Executor: LINE (EC-004)
2025-12-21 03:26:03,710 | INFO | Authority: CEO_DIRECTIVE_LINE_DAILY_INGEST_ACTIVATION_20251212
2025-12-21 03:26:03,710 | INFO | Time: 2025-12-21T02:26:03.710181+00:00
2025-12-21 03:26:03,710 | INFO | Asset Class Filter: ALL
2025-12-21 03:26:03,710 | INFO | Dry Run: False
2025-12-21 03:26:03,710 | INFO | ======================================================================
2025-12-21 03:26:04,015 | INFO | Found 463 VEGA-attested assets
2025-12-21 03:26:04,015 | INFO | 
============================================================
2025-12-21 03:26:04,015 | INFO | Processing CRYPTO: 45 assets
2025-12-21 03:26:04,015 | INFO | Schedule: Daily 01:00 UTC
2025-12-21 03:26:04,016 | INFO | ============================================================
2025-12-21 03:26:04,016 | INFO | 
  Batch 1/2 (25 assets)
2025-12-21 03:26:06,878 | WARNING |   [ADA-USD] Fetch error: Too Many Requests. Rate limited. Try after a while.
2025-12-21 03:26:11,242 | WARNING |   [ALGO-USD] Fetch error: Too Many Requests. Rate limited. Try after a while.
2025-12-21 03:26:15,248 | WARNING |   [ATOM-USD] Fetch error: Too Many Requests. Rate limited. Try after a while.
2025-12-21 03:26:19,427 | WARNING |   [AXS-USD] Fetch error: Too Many Requests. Rate limited. Try after a while.
2025-12-21 03:26:23,591 | WARNING |   [BNB-USD] Fetch error: Too Many Requests. Rate limited. Try after a while.
2025-12-21 03:26:27,788 | WARNING |   [CHZ-USD] Fetch error: Too Many Requests. Rate limited. Try after a while.
2025-12-21 03:26:31,955 | WARNING |   [CRO-USD] Fetch error: Too Many Requests. Rate limited. Try after a while.
2025-12-21 03:26:36,234 | WARNING |   [EOS-USD] Fetch error: Too Many Requests. Rate limited. Try after a while.
2025-12-21 03:26:41,684 | WARNING |   [ETC-USD] Fetch error: Too Many Requests. Rate limited. Try after a while.
2025-12-21 03:26:45,746 | WARNING |   [FIL-USD] Fetch error: Too Many Requests. Rate limited. Try after a while.
2025-12-21 03:26:49,723 | WARNING |   [FLOW-USD] Fetch error: Too Many Requests. Rate limited. Try after a while.
2025-12-21 03:26:53,772 | WARNING |   [HBAR-USD] Fetch error: Too Many Requests. Rate limited. Try after a while.
2025-12-21 03:26:57,865 | WARNING |   [ICP-USD] Fetch error: Too Many Requests. Rate limited. Try after a while.
2025-12-21 03:27:02,114 | WARNING |   [INJ-USD] Fetch error: Too Many Requests. Rate limited. Try after a while.
2025-12-21 03:27:06,219 | WARNING |   [LDO-USD] Fetch error: Too Many Requests. Rate limited. Try after a while.
2025-12-21 03:27:10,232 | WARNING |   [MANA-USD] Fetch error: Too Many Requests. Rate limited. Try after a while.
2025-12-21 03:27:13,233 | INFO |   Batch complete, waiting 60s...
2025-12-21 03:28:13,235 | INFO | 
  Batch 2/2 (20 assets)
2025-12-21 03:28:14,918 | WARNING |   [MKR-USD] Fetch error: Too Many Requests. Rate limited. Try after a while.
2025-12-21 03:28:19,183 | WARNING |   [NEAR-USD] Fetch error: Too Many Requests. Rate limited. Try after a while.
2025-12-21 03:28:23,164 | WARNING |   [OKB-USD] Fetch error: Too Many Requests. Rate limited. Try after a while.
2025-12-21 03:28:27,118 | WARNING |   [QNT-USD] Fetch error: Too Many Requests. Rate limited. Try after a while.
2025-12-21 03:28:31,282 | WARNING |   [RPL-USD] Fetch error: Too Many Requests. Rate limited. Try after a while.
2025-12-21 03:28:35,357 | WARNING |   [RUNE-USD] Fetch error: Too Many Requests. Rate limited. Try after a while.
2025-12-21 03:28:39,290 | WARNING |   [SAND-USD] Fetch error: Too Many Requests. Rate limited. Try after a while.
2025-12-21 03:28:43,533 | WARNING |   [SNX-USD] Fetch error: Too Many Requests. Rate limited. Try after a while.
2025-12-21 03:28:47,732 | WARNING |   [THETA-USD] Fetch error: Too Many Requests. Rate limited. Try after a while.
2025-12-21 03:28:51,923 | WARNING |   [TRX-USD] Fetch error: Too Many Requests. Rate limited. Try after a while.
2025-12-21 03:28:55,794 | WARNING |   [VET-USD] Fetch error: Too Many Requests. Rate limited. Try after a while.
2025-12-21 03:28:59,742 | WARNING |   [XLM-USD] Fetch error: Too Many Requests. Rate limited. Try after a while.
2025-12-21 03:29:03,812 | WARNING |   [XMR-USD] Fetch error: Too Many Requests. Rate limited. Try after a while.
2025-12-21 03:29:08,056 | WARNING |   [ZEC-USD] Fetch error: Too Many Requests. Rate limited. Try after a while.
2025-12-21 03:29:11,059 | INFO | 
============================================================
2025-12-21 03:29:11,059 | INFO | Processing EQUITY: 394 assets
2025-12-21 03:29:11,059 | INFO | Schedule: Weekdays 22:00 UTC
2025-12-21 03:29:11,059 | INFO | ============================================================
2025-12-21 03:29:11,059 | INFO |   Market closed for EQUITY today, skipping
2025-12-21 03:29:11,060 | INFO | 
============================================================
2025-12-21 03:29:11,060 | INFO | Processing FX: 24 assets
2025-12-21 03:29:11,060 | INFO | Schedule: Sun-Thu 22:00 UTC
2025-12-21 03:29:11,060 | INFO | ============================================================
2025-12-21 03:29:11,061 | INFO | 
  Batch 1/1 (24 assets)
2025-12-21 03:29:11,902 | WARNING |   [AUDJPY=X] Fetch error: Too Many Requests. Rate limited. Try after a while.
2025-12-21 03:29:15,910 | WARNING |   [AUDUSD=X] Fetch error: Too Many Requests. Rate limited. Try after a while.
2025-12-21 03:29:19,519 | WARNING |   [CADJPY=X] Fetch error: Too Many Requests. Rate limited. Try after a while.
2025-12-21 03:29:23,453 | WARNING |   [CHFJPY=X] Fetch error: Too Many Requests. Rate limited. Try after a while.
2025-12-21 03:29:27,487 | WARNING |   [EURAUD=X] Fetch error: Too Many Requests. Rate limited. Try after a while.
2025-12-21 03:29:31,740 | WARNING |   [EURCHF=X] Fetch error: Too Many Requests. Rate limited. Try after a while.
2025-12-21 03:29:35,764 | WARNING |   [EURGBP=X] Fetch error: Too Many Requests. Rate limited. Try after a while.
2025-12-21 03:29:39,666 | WARNING |   [EURJPY=X] Fetch error: Too Many Requests. Rate limited. Try after a while.
2025-12-21 03:29:43,424 | WARNING |   [EURNOK=X] Fetch error: Too Many Requests. Rate limited. Try after a while.
2025-12-21 03:29:47,286 | WARNING |   [EURSEK=X] Fetch error: Too Many Requests. Rate limited. Try after a while.
2025-12-21 03:29:51,743 | WARNING |   [EURUSD=X] Fetch error: Too Many Requests. Rate limited. Try after a while.
2025-12-21 03:29:55,922 | WARNING |   [GBPJPY=X] Fetch error: Too Many Requests. Rate limited. Try after a while.
2025-12-21 03:29:59,860 | WARNING |   [GBPUSD=X] Fetch error: Too Many Requests. Rate limited. Try after a while.
2025-12-21 03:30:03,996 | WARNING |   [NZDUSD=X] Fetch error: Too Many Requests. Rate limited. Try after a while.
2025-12-21 03:30:08,180 | WARNING |   [USDCAD=X] Fetch error: Too Many Requests. Rate limited. Try after a while.
2025-12-21 03:30:12,230 | WARNING |   [USDCHF=X] Fetch error: Too Many Requests. Rate limited. Try after a while.
2025-12-21 03:30:16,388 | WARNING |   [USDHKD=X] Fetch error: Too Many Requests. Rate limited. Try after a while.
2025-12-21 03:30:20,385 | WARNING |   [USDJPY=X] Fetch error: Too Many Requests. Rate limited. Try after a while.
2025-12-21 03:30:24,449 | WARNING |   [USDMXN=X] Fetch error: Too Many Requests. Rate limited. Try after a while.
2025-12-21 03:30:28,717 | WARNING |   [USDNOK=X] Fetch error: Too Many Requests. Rate limited. Try after a while.
2025-12-21 03:30:33,092 | WARNING |   [USDSEK=X] Fetch error: Too Many Requests. Rate limited. Try after a while.
2025-12-21 03:30:37,277 | WARNING |   [USDSGD=X] Fetch error: Too Many Requests. Rate limited. Try after a while.
2025-12-21 03:30:41,222 | WARNING |   [USDTRY=X] Fetch error: Too Many Requests. Rate limited. Try after a while.
2025-12-21 03:30:45,472 | WARNING |   [USDZAR=X] Fetch error: Too Many Requests. Rate limited. Try after a while.
2025-12-21 03:30:48,476 | WARNING | Heartbeat recording failed: relation "fhq_monitoring.system_heartbeats" does not exist
LINE 2:                 INSERT INTO fhq_monitoring.system_heartbeats...
                                    ^

2025-12-21 03:30:48,480 | INFO | 
======================================================================
2025-12-21 03:30:48,480 | INFO | DAILY INGEST COMPLETE
2025-12-21 03:30:48,481 | INFO | ======================================================================
2025-12-21 03:30:48,481 | INFO | Assets Processed: 69
2025-12-21 03:30:48,481 | INFO | Assets Updated:   0
2025-12-21 03:30:48,482 | INFO | Rows Inserted:    0
2025-12-21 03:30:48,482 | INFO |   CRYPTO: 0 assets, 0 rows
2025-12-21 03:30:48,482 | INFO |   FX: 0 assets, 0 rows
2025-12-21 03:30:48,483 | INFO | Evidence: C:\fhq-market-system\vision-ios\03_FUNCTIONS\evidence\IOS001_DAILY_INGEST_b35e6913_20251221_033048.json
2025-12-21 03:30:48,483 | INFO | ======================================================================
