2025-12-20 08:32:24,662 | INFO | ======================================================================
2025-12-20 08:32:24,662 | INFO | IoS-001 DAILY PRICE INGEST
2025-12-20 08:32:24,662 | INFO | Executor: LINE (EC-004)
2025-12-20 08:32:24,662 | INFO | Authority: CEO_DIRECTIVE_LINE_DAILY_INGEST_ACTIVATION_20251212
2025-12-20 08:32:24,662 | INFO | Time: 2025-12-20T07:32:24.662435+00:00
2025-12-20 08:32:24,662 | INFO | Asset Class Filter: ALL
2025-12-20 08:32:24,662 | INFO | Dry Run: False
2025-12-20 08:32:24,662 | INFO | ======================================================================
2025-12-20 08:32:24,916 | INFO | Found 463 VEGA-attested assets
2025-12-20 08:32:24,916 | INFO | 
============================================================
2025-12-20 08:32:24,916 | INFO | Processing CRYPTO: 45 assets
2025-12-20 08:32:24,916 | INFO | Schedule: Daily 01:00 UTC
2025-12-20 08:32:24,917 | INFO | ============================================================
2025-12-20 08:32:24,917 | INFO | 
  Batch 1/2 (25 assets)
2025-12-20 08:32:24,970 | INFO |   Batch complete, waiting 60s...
2025-12-20 08:33:24,971 | INFO | 
  Batch 2/2 (20 assets)
2025-12-20 08:33:25,094 | INFO | 
============================================================
2025-12-20 08:33:25,094 | INFO | Processing EQUITY: 394 assets
2025-12-20 08:33:25,094 | INFO | Schedule: Weekdays 22:00 UTC
2025-12-20 08:33:25,094 | INFO | ============================================================
2025-12-20 08:33:25,094 | INFO |   Market closed for EQUITY today, skipping
2025-12-20 08:33:25,094 | INFO | 
============================================================
2025-12-20 08:33:25,094 | INFO | Processing FX: 24 assets
2025-12-20 08:33:25,094 | INFO | Schedule: Sun-Thu 22:00 UTC
2025-12-20 08:33:25,094 | INFO | ============================================================
2025-12-20 08:33:25,094 | INFO |   Market closed for FX today, skipping
2025-12-20 08:33:25,103 | WARNING | Heartbeat recording failed: relation "fhq_monitoring.system_heartbeats" does not exist
LINE 2:                 INSERT INTO fhq_monitoring.system_heartbeats...
                                    ^

2025-12-20 08:33:25,103 | INFO | 
======================================================================
2025-12-20 08:33:25,103 | INFO | DAILY INGEST COMPLETE
2025-12-20 08:33:25,103 | INFO | ======================================================================
2025-12-20 08:33:25,103 | INFO | Assets Processed: 45
2025-12-20 08:33:25,103 | INFO | Assets Updated:   0
2025-12-20 08:33:25,103 | INFO | Rows Inserted:    0
2025-12-20 08:33:25,103 | INFO |   CRYPTO: 0 assets, 0 rows
2025-12-20 08:33:25,103 | INFO | Evidence: C:\fhq-market-system\vision-ios\03_FUNCTIONS\evidence\IOS001_DAILY_INGEST_c28b698b_20251220_083325.json
2025-12-20 08:33:25,103 | INFO | ======================================================================
