2025-12-20 02:39:30,710 | INFO | ======================================================================
2025-12-20 02:39:30,710 | INFO | IoS-001 DAILY PRICE INGEST
2025-12-20 02:39:30,710 | INFO | Executor: LINE (EC-004)
2025-12-20 02:39:30,710 | INFO | Authority: CEO_DIRECTIVE_LINE_DAILY_INGEST_ACTIVATION_20251212
2025-12-20 02:39:30,710 | INFO | Time: 2025-12-20T01:39:30.710276+00:00
2025-12-20 02:39:30,719 | INFO | Asset Class Filter: ALL
2025-12-20 02:39:30,719 | INFO | Dry Run: False
2025-12-20 02:39:30,719 | INFO | ======================================================================
2025-12-20 02:39:30,858 | INFO | Found 463 VEGA-attested assets
2025-12-20 02:39:30,858 | INFO | 
============================================================
2025-12-20 02:39:30,858 | INFO | Processing CRYPTO: 45 assets
2025-12-20 02:39:30,858 | INFO | Schedule: Daily 01:00 UTC
2025-12-20 02:39:30,858 | INFO | ============================================================
2025-12-20 02:39:30,858 | INFO | 
  Batch 1/2 (25 assets)
2025-12-20 02:39:33,654 | WARNING |   [ADA-USD] Fetch error: Too Many Requests. Rate limited. Try after a while.
2025-12-20 02:39:37,923 | WARNING |   [ALGO-USD] Fetch error: Too Many Requests. Rate limited. Try after a while.
2025-12-20 02:39:41,904 | WARNING |   [ATOM-USD] Fetch error: Too Many Requests. Rate limited. Try after a while.
2025-12-20 02:39:45,940 | WARNING |   [AXS-USD] Fetch error: Too Many Requests. Rate limited. Try after a while.
2025-12-20 02:39:49,874 | WARNING |   [BNB-USD] Fetch error: Too Many Requests. Rate limited. Try after a while.
2025-12-20 02:39:53,781 | WARNING |   [CHZ-USD] Fetch error: Too Many Requests. Rate limited. Try after a while.
2025-12-20 02:39:57,810 | WARNING |   [CRO-USD] Fetch error: Too Many Requests. Rate limited. Try after a while.
2025-12-20 02:40:01,782 | WARNING |   [EOS-USD] Fetch error: Too Many Requests. Rate limited. Try after a while.
2025-12-20 02:40:06,034 | WARNING |   [ETC-USD] Fetch error: Too Many Requests. Rate limited. Try after a while.
2025-12-20 02:40:09,784 | WARNING |   [FIL-USD] Fetch error: Too Many Requests. Rate limited. Try after a while.
2025-12-20 02:40:13,826 | WARNING |   [FLOW-USD] Fetch error: Too Many Requests. Rate limited. Try after a while.
2025-12-20 02:40:17,969 | WARNING |   [HBAR-USD] Fetch error: Too Many Requests. Rate limited. Try after a while.
2025-12-20 02:40:22,146 | WARNING |   [ICP-USD] Fetch error: Too Many Requests. Rate limited. Try after a while.
2025-12-20 02:40:26,036 | WARNING |   [INJ-USD] Fetch error: Too Many Requests. Rate limited. Try after a while.
2025-12-20 02:40:29,922 | WARNING |   [LDO-USD] Fetch error: Too Many Requests. Rate limited. Try after a while.
2025-12-20 02:40:33,821 | WARNING |   [MANA-USD] Fetch error: Too Many Requests. Rate limited. Try after a while.
2025-12-20 02:40:36,825 | INFO |   Batch complete, waiting 60s...
2025-12-20 02:41:36,827 | INFO | 
  Batch 2/2 (20 assets)
2025-12-20 02:41:38,439 | WARNING |   [MKR-USD] Fetch error: Too Many Requests. Rate limited. Try after a while.
2025-12-20 02:41:42,489 | WARNING |   [NEAR-USD] Fetch error: Too Many Requests. Rate limited. Try after a while.
2025-12-20 02:41:46,467 | WARNING |   [OKB-USD] Fetch error: Too Many Requests. Rate limited. Try after a while.
2025-12-20 02:41:50,553 | WARNING |   [QNT-USD] Fetch error: Too Many Requests. Rate limited. Try after a while.
2025-12-20 02:41:54,631 | WARNING |   [RPL-USD] Fetch error: Too Many Requests. Rate limited. Try after a while.
2025-12-20 02:41:58,623 | WARNING |   [RUNE-USD] Fetch error: Too Many Requests. Rate limited. Try after a while.
2025-12-20 02:42:02,785 | WARNING |   [SAND-USD] Fetch error: Too Many Requests. Rate limited. Try after a while.
2025-12-20 02:42:07,254 | WARNING |   [SNX-USD] Fetch error: Too Many Requests. Rate limited. Try after a while.
2025-12-20 02:42:11,213 | WARNING |   [THETA-USD] Fetch error: Too Many Requests. Rate limited. Try after a while.
2025-12-20 02:42:15,498 | WARNING |   [TRX-USD] Fetch error: Too Many Requests. Rate limited. Try after a while.
2025-12-20 02:42:19,493 | WARNING |   [VET-USD] Fetch error: Too Many Requests. Rate limited. Try after a while.
2025-12-20 02:42:23,557 | WARNING |   [XLM-USD] Fetch error: Too Many Requests. Rate limited. Try after a while.
2025-12-20 02:42:27,592 | WARNING |   [XMR-USD] Fetch error: Too Many Requests. Rate limited. Try after a while.
2025-12-20 02:42:31,523 | WARNING |   [ZEC-USD] Fetch error: Too Many Requests. Rate limited. Try after a while.
2025-12-20 02:42:34,526 | INFO | 
============================================================
2025-12-20 02:42:34,526 | INFO | Processing EQUITY: 394 assets
2025-12-20 02:42:34,526 | INFO | Schedule: Weekdays 22:00 UTC
2025-12-20 02:42:34,526 | INFO | ============================================================
2025-12-20 02:42:34,526 | INFO |   Market closed for EQUITY today, skipping
2025-12-20 02:42:34,526 | INFO | 
============================================================
2025-12-20 02:42:34,526 | INFO | Processing FX: 24 assets
2025-12-20 02:42:34,526 | INFO | Schedule: Sun-Thu 22:00 UTC
2025-12-20 02:42:34,529 | INFO | ============================================================
2025-12-20 02:42:34,529 | INFO |   Market closed for FX today, skipping
2025-12-20 02:42:34,529 | WARNING | Heartbeat recording failed: relation "fhq_monitoring.system_heartbeats" does not exist
LINE 2:                 INSERT INTO fhq_monitoring.system_heartbeats...
                                    ^

2025-12-20 02:42:34,529 | INFO | 
======================================================================
2025-12-20 02:42:34,529 | INFO | DAILY INGEST COMPLETE
2025-12-20 02:42:34,529 | INFO | ======================================================================
2025-12-20 02:42:34,529 | INFO | Assets Processed: 45
2025-12-20 02:42:34,529 | INFO | Assets Updated:   0
2025-12-20 02:42:34,529 | INFO | Rows Inserted:    0
2025-12-20 02:42:34,529 | INFO |   CRYPTO: 0 assets, 0 rows
2025-12-20 02:42:34,529 | INFO | Evidence: C:\fhq-market-system\vision-ios\03_FUNCTIONS\evidence\IOS001_DAILY_INGEST_bb15a8de_20251220_024234.json
2025-12-20 02:42:34,529 | INFO | ======================================================================
