2025-12-16 11:22:56,997 | INFO | Alpaca clients initialized
2025-12-16 11:22:56,997 | INFO | ======================================================================
2025-12-16 11:22:56,997 | INFO | IoS-001 ALPACA PRICE INGEST
2025-12-16 11:22:56,997 | INFO | ======================================================================
2025-12-16 11:22:56,997 | INFO | Executor: LINE (EC-004)
2025-12-16 11:22:56,997 | INFO | Supervisor: STIG (CTO)
2025-12-16 11:22:56,997 | INFO | Authority: IoS-001 G4_CONSTITUTIONAL
2025-12-16 11:22:56,997 | INFO | Timeframe: 1d
2025-12-16 11:22:56,997 | INFO | Asset Class: CRYPTO
2025-12-16 11:22:56,997 | INFO | Dry Run: False
2025-12-16 11:22:56,997 | INFO | ======================================================================
2025-12-16 11:22:57,007 | INFO | Found 50 eligible assets
2025-12-16 11:22:57,007 | INFO | 
Fetching 50 crypto assets...
2025-12-16 11:22:57,007 | INFO |   Batch 1: 50 symbols
2025-12-16 11:22:58,102 | ERROR |     Crypto batch error: column l.symbol does not exist
LINE 4:                     WHERE l.symbol = 'XTZ-USD' OR l.symbol =.
2025-12-16 11:22:58,104 | INFO | 
======================================================================
2025-12-16 11:22:58,104 | INFO | Assets Processed: 50
2025-12-16 11:22:58,104 | INFO | Records Ingested: 0
2025-12-16 11:22:58,104 | INFO | VEGA Attestation: None
2025-12-16 11:22:58,104 | INFO | Errors: 1
2025-12-16 11:22:58,104 | INFO | ======================================================================
