2026-01-30 10:12:46,489 | INFO | ======================================================================
2026-01-30 10:12:46,490 | INFO | IoS-001 DAILY PRICE INGEST
2026-01-30 10:12:46,490 | INFO | Executor: LINE (EC-004)
2026-01-30 10:12:46,491 | INFO | Authority: CEO_DIRECTIVE_LINE_DAILY_INGEST_ACTIVATION_20251212
2026-01-30 10:12:46,491 | INFO | Time: 2026-01-30T09:12:46.491943+00:00
2026-01-30 10:12:46,491 | INFO | Asset Class Filter: ALL
2026-01-30 10:12:46,492 | INFO | Dry Run: False
2026-01-30 10:12:46,492 | INFO | ======================================================================
2026-01-30 10:12:46,889 | INFO | Found 491 VEGA-attested assets
2026-01-30 10:12:46,890 | INFO | 
============================================================
2026-01-30 10:12:46,890 | INFO | Processing CRYPTO: 46 assets
2026-01-30 10:12:46,890 | INFO | Schedule: Daily 01:00 UTC
2026-01-30 10:12:46,890 | INFO | ============================================================
2026-01-30 10:12:46,890 | INFO | 
  Batch 1/2 (25 assets)
2026-01-30 10:12:52,537 | WARNING |   [GRT-USD] Fetch error: Too Many Requests. Rate limited. Try after a while.
2026-01-30 10:12:55,601 | INFO |   Batch complete, waiting 60s...
2026-01-30 10:13:55,603 | INFO | 
  Batch 2/2 (21 assets)
2026-01-30 10:13:58,573 | WARNING |   [UNI-USD] Fetch error: Too Many Requests. Rate limited. Try after a while.
2026-01-30 10:14:01,619 | INFO | 
============================================================
2026-01-30 10:14:01,621 | INFO | Processing EQUITY: 421 assets
2026-01-30 10:14:01,621 | INFO | Schedule: Weekdays 22:00 UTC
2026-01-30 10:14:01,622 | INFO | ============================================================
2026-01-30 10:14:01,622 | INFO | 
  Batch 1/17 (25 assets)
2026-01-30 10:14:03,317 | WARNING |   [1COV.DE] Fetch error: Too Many Requests. Rate limited. Try after a while.
2026-01-30 10:14:07,389 | WARNING |   [ABBV] Fetch error: Too Many Requests. Rate limited. Try after a while.
2026-01-30 10:14:11,541 | WARNING |   [ABNB] Fetch error: Too Many Requests. Rate limited. Try after a while.
2026-01-30 10:14:16,325 | WARNING |   [ABT] Fetch error: Too Many Requests. Rate limited. Try after a while.
2026-01-30 10:14:20,352 | WARNING |   [ACA.PA] Fetch error: Too Many Requests. Rate limited. Try after a while.
2026-01-30 10:14:24,773 | WARNING |   [ADBE] Fetch error: Too Many Requests. Rate limited. Try after a while.
2026-01-30 10:14:28,875 | WARNING |   [ADI] Fetch error: Too Many Requests. Rate limited. Try after a while.
2026-01-30 10:14:33,148 | WARNING |   [ADS.DE] Fetch error: Too Many Requests. Rate limited. Try after a while.
2026-01-30 10:14:37,676 | WARNING |   [ADSK] Fetch error: Too Many Requests. Rate limited. Try after a while.
2026-01-30 10:14:41,617 | WARNING |   [AEP] Fetch error: Too Many Requests. Rate limited. Try after a while.
2026-01-30 10:14:45,969 | WARNING |   [AFL] Fetch error: Too Many Requests. Rate limited. Try after a while.
2026-01-30 10:14:50,617 | WARNING |   [AI.PA] Fetch error: Too Many Requests. Rate limited. Try after a while.
2026-01-30 10:14:54,811 | WARNING |   [AIG] Fetch error: Too Many Requests. Rate limited. Try after a while.
2026-01-30 10:14:59,451 | WARNING |   [AIR.DE] Fetch error: Too Many Requests. Rate limited. Try after a while.
2026-01-30 10:15:03,922 | WARNING |   [AIR.PA] Fetch error: Too Many Requests. Rate limited. Try after a while.
2026-01-30 10:15:08,181 | WARNING |   [AKAM] Fetch error: Too Many Requests. Rate limited. Try after a while.
2026-01-30 10:15:12,760 | WARNING |   [AKER.OL] Fetch error: Too Many Requests. Rate limited. Try after a while.
2026-01-30 10:15:17,048 | WARNING |   [AKRBP.OL] Fetch error: Too Many Requests. Rate limited. Try after a while.
2026-01-30 10:15:21,019 | WARNING |   [AKSO.OL] Fetch error: Too Many Requests. Rate limited. Try after a while.
2026-01-30 10:15:25,359 | WARNING |   [AKVA.OL] Fetch error: Too Many Requests. Rate limited. Try after a while.
2026-01-30 10:15:29,712 | WARNING |   [ALB] Fetch error: Too Many Requests. Rate limited. Try after a while.
2026-01-30 10:15:33,857 | WARNING |   [ALL] Fetch error: Too Many Requests. Rate limited. Try after a while.
2026-01-30 10:15:38,033 | WARNING |   [ALO.PA] Fetch error: Too Many Requests. Rate limited. Try after a while.
2026-01-30 10:15:42,360 | WARNING |   [ALV.DE] Fetch error: Too Many Requests. Rate limited. Try after a while.
2026-01-30 10:15:46,487 | WARNING |   [AMAT] Fetch error: Too Many Requests. Rate limited. Try after a while.
2026-01-30 10:15:49,494 | INFO |   Batch complete, waiting 60s...
2026-01-30 10:16:49,495 | INFO | 
  Batch 2/17 (25 assets)
2026-01-30 10:16:51,723 | WARNING |   [AMD] Fetch error: Too Many Requests. Rate limited. Try after a while.
2026-01-30 10:16:56,269 | WARNING |   [AMGN] Fetch error: Too Many Requests. Rate limited. Try after a while.
2026-01-30 10:17:00,751 | WARNING |   [AMT] Fetch error: Too Many Requests. Rate limited. Try after a while.
2026-01-30 10:17:04,980 | WARNING |   [AMZN] Fetch error: Too Many Requests. Rate limited. Try after a while.
2026-01-30 10:17:09,310 | WARNING |   [AON] Fetch error: Too Many Requests. Rate limited. Try after a while.
2026-01-30 10:17:13,326 | WARNING |   [APD] Fetch error: Too Many Requests. Rate limited. Try after a while.
2026-01-30 10:17:17,505 | WARNING |   [ASML] Fetch error: Too Many Requests. Rate limited. Try after a while.
2026-01-30 10:17:21,994 | WARNING |   [ATO.PA] Fetch error: Too Many Requests. Rate limited. Try after a while.
2026-01-30 10:17:26,024 | WARNING |   [AUSS.OL] Fetch error: Too Many Requests. Rate limited. Try after a while.
2026-01-30 10:17:30,327 | WARNING |   [AUTO.OL] Fetch error: Too Many Requests. Rate limited. Try after a while.
2026-01-30 10:17:34,554 | WARNING |   [AV.L] Fetch error: Too Many Requests. Rate limited. Try after a while.
2026-01-30 10:17:38,714 | WARNING |   [AVB] Fetch error: Too Many Requests. Rate limited. Try after a while.
2026-01-30 10:17:43,176 | WARNING |   [AVGO] Fetch error: Too Many Requests. Rate limited. Try after a while.
