2026-02-07 10:23:25,769 | INFO | ======================================================================
2026-02-07 10:23:25,769 | INFO | IoS-001 DAILY PRICE INGEST
2026-02-07 10:23:25,769 | INFO | Executor: LINE (EC-004)
2026-02-07 10:23:25,769 | INFO | Authority: CEO_DIRECTIVE_LINE_DAILY_INGEST_ACTIVATION_20251212
2026-02-07 10:23:25,769 | INFO | Amendment: CEO-DIR-2026-119 (Rate Limit Mitigation)
2026-02-07 10:23:25,769 | INFO | Time: 2026-02-07T09:23:25.769943+00:00
2026-02-07 10:23:25,769 | INFO | Asset Class Filter: ALL
2026-02-07 10:23:25,769 | INFO | Batch Mode: True
2026-02-07 10:23:25,769 | INFO | Dry Run: False
2026-02-07 10:23:25,769 | INFO | ======================================================================
2026-02-07 10:23:26,026 | INFO | Found 491 VEGA-attested assets
2026-02-07 10:23:26,026 | INFO | 
============================================================
2026-02-07 10:23:26,036 | INFO | Processing CRYPTO: 46 assets
2026-02-07 10:23:26,037 | INFO | Schedule: Daily 01:00 UTC
2026-02-07 10:23:26,037 | INFO | ============================================================
2026-02-07 10:23:26,037 | INFO |   Using BATCH MODE (CEO-DIR-2026-119)
2026-02-07 10:23:26,037 | INFO | 
  Batch 1/5 (10 tickers)
2026-02-07 10:23:26,067 | INFO |     Batch download: 10 tickers
2026-02-07 10:23:39,359 | ERROR | 
10 Failed downloads:
2026-02-07 10:23:39,359 | ERROR | ['BCH-USD', 'ADA-USD', 'CHZ-USD', 'BTC-USD', 'ATOM-USD', 'CRO-USD', 'AVAX-USD', 'ALGO-USD', 'AXS-USD', 'BNB-USD']: YFRateLimitError('Too Many Requests. Rate limited. Try after a while.')
2026-02-07 10:23:39,359 | INFO |   Batch complete, waiting 120s...
2026-02-07 10:25:39,368 | INFO | 
  Batch 2/5 (10 tickers)
2026-02-07 10:25:39,416 | INFO |     Batch download: 10 tickers
2026-02-07 10:25:51,829 | ERROR | 
10 Failed downloads:
2026-02-07 10:25:51,829 | ERROR | ['FLOW-USD', 'DOGE-USD', 'EOS-USD', 'FIL-USD', 'CRV-USD', 'ETH-USD', 'DOT-USD', 'HBAR-USD', 'ETC-USD', 'GRT-USD']: YFRateLimitError('Too Many Requests. Rate limited. Try after a while.')
2026-02-07 10:25:51,829 | INFO |   Batch complete, waiting 120s...
2026-02-07 10:27:51,835 | INFO | 
  Batch 3/5 (10 tickers)
2026-02-07 10:27:51,919 | INFO |     Batch download: 9 tickers
2026-02-07 10:28:02,976 | ERROR | 
9 Failed downloads:
2026-02-07 10:28:02,976 | ERROR | ['MKR-USD', 'NEAR-USD', 'QNT-USD', 'INJ-USD', 'ICP-USD', 'OKB-USD', 'MANA-USD', 'LTC-USD', 'LDO-USD']: YFRateLimitError('Too Many Requests. Rate limited. Try after a while.')
2026-02-07 10:28:02,977 | INFO |   Batch complete, waiting 120s...
