2025-12-25 06:55:02,930 | INFO | ======================================================================
2025-12-25 06:55:02,931 | INFO | IoS-001 DAILY PRICE INGEST
2025-12-25 06:55:02,931 | INFO | Executor: LINE (EC-004)
2025-12-25 06:55:02,931 | INFO | Authority: CEO_DIRECTIVE_LINE_DAILY_INGEST_ACTIVATION_20251212
2025-12-25 06:55:02,931 | INFO | Time: 2025-12-25T05:55:02.931505+00:00
2025-12-25 06:55:02,931 | INFO | Asset Class Filter: ALL
2025-12-25 06:55:02,931 | INFO | Dry Run: False
2025-12-25 06:55:02,931 | INFO | ======================================================================
2025-12-25 06:55:03,072 | INFO | Found 463 VEGA-attested assets
2025-12-25 06:55:03,072 | INFO | 
============================================================
2025-12-25 06:55:03,072 | INFO | Processing CRYPTO: 45 assets
2025-12-25 06:55:03,072 | INFO | Schedule: Daily 01:00 UTC
2025-12-25 06:55:03,072 | INFO | ============================================================
2025-12-25 06:55:03,072 | INFO | 
  Batch 1/2 (25 assets)
2025-12-25 06:55:03,133 | INFO |   Batch complete, waiting 60s...
2025-12-25 06:56:03,135 | INFO | 
  Batch 2/2 (20 assets)
2025-12-25 06:56:03,183 | INFO | 
============================================================
2025-12-25 06:56:03,183 | INFO | Processing EQUITY: 394 assets
2025-12-25 06:56:03,184 | INFO | Schedule: Weekdays 22:00 UTC
2025-12-25 06:56:03,184 | INFO | ============================================================
2025-12-25 06:56:03,184 | INFO | 
  Batch 1/16 (25 assets)
2025-12-25 06:56:04,911 | ERROR | $1COV.DE: possibly delisted; no price data found  (1d 2025-12-24 -> 2025-12-26)
2025-12-25 06:56:08,054 | INFO |     [ABBV] +1 rows
2025-12-25 06:56:11,224 | INFO |     [ABNB] +1 rows
2025-12-25 06:56:14,404 | INFO |     [ABT] +1 rows
2025-12-25 06:56:17,611 | INFO |     [ACA.PA] +1 rows
2025-12-25 06:56:20,721 | INFO |     [ADBE] +1 rows
2025-12-25 06:56:23,878 | INFO |     [ADI] +1 rows
2025-12-25 06:56:27,036 | INFO |     [ADS.DE] +1 rows
2025-12-25 06:56:30,154 | INFO |     [ADSK] +1 rows
2025-12-25 06:56:33,342 | INFO |     [AEP] +1 rows
2025-12-25 06:56:36,512 | INFO |     [AFL] +1 rows
2025-12-25 06:56:39,692 | INFO |     [AI.PA] +1 rows
2025-12-25 06:56:42,865 | INFO |     [AIG] +1 rows
2025-12-25 06:56:46,040 | INFO |     [AIR.DE] +1 rows
2025-12-25 06:56:49,215 | INFO |     [AIR.PA] +1 rows
2025-12-25 06:56:52,342 | INFO |     [AKAM] +1 rows
2025-12-25 06:56:55,514 | INFO |     [AKER.OL] +1 rows
2025-12-25 06:56:58,665 | INFO |     [AKRBP.OL] +1 rows
2025-12-25 06:57:01,764 | INFO |     [AKSO.OL] +1 rows
2025-12-25 06:57:04,916 | INFO |     [AKVA.OL] +1 rows
2025-12-25 06:57:08,052 | INFO |     [ALB] +1 rows
2025-12-25 06:57:11,235 | INFO |     [ALL] +1 rows
2025-12-25 06:57:14,398 | INFO |     [ALO.PA] +1 rows
2025-12-25 06:57:17,580 | INFO |     [ALV.DE] +1 rows
2025-12-25 06:57:20,742 | INFO |     [AMAT] +1 rows
2025-12-25 06:57:23,743 | INFO |   Batch complete, waiting 60s...
2025-12-25 06:58:23,746 | INFO | 
  Batch 2/16 (25 assets)
2025-12-25 06:58:23,874 | INFO |     [AMD] +1 rows
2025-12-25 06:58:27,032 | INFO |     [AMGN] +1 rows
2025-12-25 06:58:30,132 | INFO |     [AMT] +1 rows
2025-12-25 06:58:33,298 | INFO |     [AON] +1 rows
2025-12-25 06:58:36,450 | INFO |     [APD] +1 rows
2025-12-25 06:58:39,619 | INFO |     [ATO.PA] +1 rows
2025-12-25 06:58:42,741 | INFO |     [AUSS.OL] +1 rows
2025-12-25 06:58:45,837 | INFO |     [AUTO.OL] +1 rows
2025-12-25 06:58:49,011 | INFO |     [AV.L] +1 rows
2025-12-25 06:58:52,159 | INFO |     [AVB] +1 rows
2025-12-25 06:58:55,274 | INFO |     [AVGO] +1 rows
2025-12-25 06:58:58,484 | INFO |     [AWK] +1 rows
2025-12-25 06:59:01,699 | INFO |     [AXP] +1 rows
2025-12-25 06:59:04,920 | INFO |     [AZN.L] +1 rows
2025-12-25 06:59:08,056 | INFO |     [AZO] +1 rows
2025-12-25 06:59:11,250 | INFO |     [BA] +1 rows
2025-12-25 06:59:14,428 | INFO |     [BA.L] +1 rows
2025-12-25 06:59:17,627 | INFO |     [BAC] +1 rows
2025-12-25 06:59:20,777 | INFO |     [BAKKA.OL] +1 rows
2025-12-25 06:59:23,934 | INFO |     [BARC.L] +1 rows
2025-12-25 06:59:27,071 | INFO |     [BAS.DE] +1 rows
2025-12-25 06:59:30,206 | INFO |     [BATS.L] +1 rows
2025-12-25 06:59:33,339 | INFO |     [BAYN.DE] +1 rows
2025-12-25 06:59:36,495 | INFO |     [BEI.DE] +1 rows
2025-12-25 06:59:39,626 | INFO |     [BEWI.OL] +1 rows
2025-12-25 06:59:42,636 | INFO |   Batch complete, waiting 60s...
