2026-01-30 04:35:43,068 | INFO | ======================================================================
2026-01-30 04:35:43,069 | INFO | IoS-001 DAILY PRICE INGEST
2026-01-30 04:35:43,069 | INFO | Executor: LINE (EC-004)
2026-01-30 04:35:43,069 | INFO | Authority: CEO_DIRECTIVE_LINE_DAILY_INGEST_ACTIVATION_20251212
2026-01-30 04:35:43,069 | INFO | Time: 2026-01-30T03:35:43.069136+00:00
2026-01-30 04:35:43,069 | INFO | Asset Class Filter: ALL
2026-01-30 04:35:43,069 | INFO | Dry Run: False
2026-01-30 04:35:43,069 | INFO | ======================================================================
2026-01-30 04:35:43,319 | INFO | Found 491 VEGA-attested assets
2026-01-30 04:35:43,319 | INFO | 
============================================================
2026-01-30 04:35:43,319 | INFO | Processing CRYPTO: 46 assets
2026-01-30 04:35:43,319 | INFO | Schedule: Daily 01:00 UTC
2026-01-30 04:35:43,319 | INFO | ============================================================
2026-01-30 04:35:43,319 | INFO | 
  Batch 1/2 (25 assets)
2026-01-30 04:35:46,413 | WARNING |   [GRT-USD] Fetch error: Too Many Requests. Rate limited. Try after a while.
2026-01-30 04:35:49,439 | INFO |   Batch complete, waiting 60s...
2026-01-30 04:36:49,440 | INFO | 
  Batch 2/2 (21 assets)
2026-01-30 04:36:51,255 | WARNING |   [UNI-USD] Fetch error: Too Many Requests. Rate limited. Try after a while.
2026-01-30 04:36:54,272 | INFO | 
============================================================
2026-01-30 04:36:54,272 | INFO | Processing EQUITY: 421 assets
2026-01-30 04:36:54,272 | INFO | Schedule: Weekdays 22:00 UTC
2026-01-30 04:36:54,272 | INFO | ============================================================
2026-01-30 04:36:54,272 | INFO | 
  Batch 1/17 (25 assets)
2026-01-30 04:36:55,471 | WARNING |   [1COV.DE] Fetch error: Too Many Requests. Rate limited. Try after a while.
2026-01-30 04:36:59,888 | WARNING |   [ABBV] Fetch error: Too Many Requests. Rate limited. Try after a while.
2026-01-30 04:37:04,235 | WARNING |   [ABNB] Fetch error: Too Many Requests. Rate limited. Try after a while.
2026-01-30 04:37:08,533 | WARNING |   [ABT] Fetch error: Too Many Requests. Rate limited. Try after a while.
2026-01-30 04:37:12,729 | WARNING |   [ACA.PA] Fetch error: Too Many Requests. Rate limited. Try after a while.
2026-01-30 04:37:17,151 | WARNING |   [ADBE] Fetch error: Too Many Requests. Rate limited. Try after a while.
2026-01-30 04:37:21,083 | WARNING |   [ADI] Fetch error: Too Many Requests. Rate limited. Try after a while.
2026-01-30 04:37:25,222 | WARNING |   [ADS.DE] Fetch error: Too Many Requests. Rate limited. Try after a while.
2026-01-30 04:37:29,113 | WARNING |   [ADSK] Fetch error: Too Many Requests. Rate limited. Try after a while.
2026-01-30 04:37:33,119 | WARNING |   [AEP] Fetch error: Too Many Requests. Rate limited. Try after a while.
2026-01-30 04:37:37,639 | WARNING |   [AFL] Fetch error: Too Many Requests. Rate limited. Try after a while.
2026-01-30 04:37:41,807 | WARNING |   [AI.PA] Fetch error: Too Many Requests. Rate limited. Try after a while.
2026-01-30 04:37:45,984 | WARNING |   [AIG] Fetch error: Too Many Requests. Rate limited. Try after a while.
2026-01-30 04:37:50,072 | WARNING |   [AIR.DE] Fetch error: Too Many Requests. Rate limited. Try after a while.
2026-01-30 04:37:54,143 | WARNING |   [AIR.PA] Fetch error: Too Many Requests. Rate limited. Try after a while.
2026-01-30 04:37:58,363 | WARNING |   [AKAM] Fetch error: Too Many Requests. Rate limited. Try after a while.
2026-01-30 04:38:02,843 | WARNING |   [AKER.OL] Fetch error: Too Many Requests. Rate limited. Try after a while.
2026-01-30 04:38:07,141 | WARNING |   [AKRBP.OL] Fetch error: Too Many Requests. Rate limited. Try after a while.
2026-01-30 04:38:11,370 | WARNING |   [AKSO.OL] Fetch error: Too Many Requests. Rate limited. Try after a while.
2026-01-30 04:38:15,510 | WARNING |   [AKVA.OL] Fetch error: Too Many Requests. Rate limited. Try after a while.
2026-01-30 04:38:19,730 | WARNING |   [ALB] Fetch error: Too Many Requests. Rate limited. Try after a while.
2026-01-30 04:38:23,902 | WARNING |   [ALL] Fetch error: Too Many Requests. Rate limited. Try after a while.
2026-01-30 04:38:27,807 | WARNING |   [ALO.PA] Fetch error: Too Many Requests. Rate limited. Try after a while.
2026-01-30 04:38:31,771 | WARNING |   [ALV.DE] Fetch error: Too Many Requests. Rate limited. Try after a while.
2026-01-30 04:38:35,902 | WARNING |   [AMAT] Fetch error: Too Many Requests. Rate limited. Try after a while.
2026-01-30 04:38:38,910 | INFO |   Batch complete, waiting 60s...
2026-01-30 04:39:38,910 | INFO | 
  Batch 2/17 (25 assets)
2026-01-30 04:39:40,552 | WARNING |   [AMD] Fetch error: Too Many Requests. Rate limited. Try after a while.
2026-01-30 04:39:44,813 | WARNING |   [AMGN] Fetch error: Too Many Requests. Rate limited. Try after a while.
2026-01-30 04:39:48,777 | WARNING |   [AMT] Fetch error: Too Many Requests. Rate limited. Try after a while.
2026-01-30 04:39:53,081 | WARNING |   [AMZN] Fetch error: Too Many Requests. Rate limited. Try after a while.
2026-01-30 04:39:57,061 | WARNING |   [AON] Fetch error: Too Many Requests. Rate limited. Try after a while.
2026-01-30 04:40:01,205 | WARNING |   [APD] Fetch error: Too Many Requests. Rate limited. Try after a while.
2026-01-30 04:40:05,129 | WARNING |   [ASML] Fetch error: Too Many Requests. Rate limited. Try after a while.
2026-01-30 04:40:09,082 | WARNING |   [ATO.PA] Fetch error: Too Many Requests. Rate limited. Try after a while.
2026-01-30 04:40:13,237 | WARNING |   [AUSS.OL] Fetch error: Too Many Requests. Rate limited. Try after a while.
2026-01-30 04:40:17,212 | WARNING |   [AUTO.OL] Fetch error: Too Many Requests. Rate limited. Try after a while.
2026-01-30 04:40:21,234 | WARNING |   [AV.L] Fetch error: Too Many Requests. Rate limited. Try after a while.
2026-01-30 04:40:25,591 | WARNING |   [AVB] Fetch error: Too Many Requests. Rate limited. Try after a while.
2026-01-30 04:40:29,570 | WARNING |   [AVGO] Fetch error: Too Many Requests. Rate limited. Try after a while.
2026-01-30 04:40:33,783 | WARNING |   [AWK] Fetch error: Too Many Requests. Rate limited. Try after a while.
2026-01-30 04:40:38,740 | WARNING |   [AXP] Fetch error: Too Many Requests. Rate limited. Try after a while.
