2026-02-16 21:02:59,006 | INFO | ======================================================================
2026-02-16 21:02:59,006 | INFO | IoS-001 DAILY PRICE INGEST
2026-02-16 21:02:59,007 | INFO | Executor: LINE (EC-004)
2026-02-16 21:02:59,007 | INFO | Authority: CEO_DIRECTIVE_LINE_DAILY_INGEST_ACTIVATION_20251212
2026-02-16 21:02:59,007 | INFO | Amendment: CEO-DIR-2026-119 (Rate Limit Mitigation)
2026-02-16 21:02:59,007 | INFO | Time: 2026-02-16T20:02:59.007780+00:00
2026-02-16 21:02:59,007 | INFO | Asset Class Filter: ALL
2026-02-16 21:02:59,007 | INFO | Batch Mode: True
2026-02-16 21:02:59,007 | INFO | Dry Run: False
2026-02-16 21:02:59,008 | INFO | ======================================================================
2026-02-16 21:02:59,386 | INFO | Found 491 VEGA-attested assets
2026-02-16 21:02:59,387 | INFO | 
============================================================
2026-02-16 21:02:59,387 | INFO | Processing CRYPTO: 46 assets
2026-02-16 21:02:59,387 | INFO | Schedule: Daily 01:00 UTC
2026-02-16 21:02:59,387 | INFO | ============================================================
2026-02-16 21:02:59,387 | INFO |   Using BATCH MODE (CEO-DIR-2026-119)
2026-02-16 21:02:59,387 | INFO | 
  Batch 1/5 (10 tickers)
2026-02-16 21:02:59,441 | INFO |     All assets up to date
2026-02-16 21:02:59,441 | INFO | 
  Batch 2/5 (10 tickers)
2026-02-16 21:02:59,477 | INFO |     Batch download: 1 tickers
2026-02-16 21:03:02,806 | ERROR | 
1 Failed download:
2026-02-16 21:03:02,807 | ERROR | ['GRT-USD']: YFRateLimitError('Too Many Requests. Rate limited. Try after a while.')
2026-02-16 21:03:02,810 | INFO |   Batch complete, waiting 120s...
2026-02-16 21:05:02,811 | INFO | 
  Batch 3/5 (10 tickers)
2026-02-16 21:05:02,844 | INFO |     All assets up to date
2026-02-16 21:05:02,844 | INFO | 
  Batch 4/5 (10 tickers)
2026-02-16 21:05:02,875 | INFO |     Batch download: 1 tickers
2026-02-16 21:05:05,890 | ERROR | 
1 Failed download:
2026-02-16 21:05:05,891 | ERROR | ['UNI-USD']: YFRateLimitError('Too Many Requests. Rate limited. Try after a while.')
2026-02-16 21:05:05,895 | INFO |   Batch complete, waiting 120s...
2026-02-16 21:07:05,897 | INFO | 
  Batch 5/5 (6 tickers)
2026-02-16 21:07:05,925 | INFO |     All assets up to date
2026-02-16 21:07:05,925 | INFO | 
============================================================
2026-02-16 21:07:05,925 | INFO | Processing EQUITY: 421 assets
2026-02-16 21:07:05,925 | INFO | Schedule: Weekdays 22:00 UTC
2026-02-16 21:07:05,925 | INFO | ============================================================
2026-02-16 21:07:05,925 | INFO |   Using BATCH MODE (CEO-DIR-2026-119)
2026-02-16 21:07:05,925 | INFO | 
  Batch 1/43 (10 tickers)
2026-02-16 21:07:05,954 | INFO |     Batch download: 8 tickers
2026-02-16 21:07:15,926 | ERROR | 
8 Failed downloads:
2026-02-16 21:07:15,926 | ERROR | ['ADSK', 'AEP', 'ADI', 'ABT', 'ABNB', 'ADBE', '1COV.DE', 'ABBV']: YFRateLimitError('Too Many Requests. Rate limited. Try after a while.')
2026-02-16 21:07:15,943 | INFO |   Batch complete, waiting 120s...
