2026-01-28 08:22:42,001 | INFO | ======================================================================
2026-01-28 08:22:42,001 | INFO | IoS-001 DAILY PRICE INGEST
2026-01-28 08:22:42,001 | INFO | Executor: LINE (EC-004)
2026-01-28 08:22:42,001 | INFO | Authority: CEO_DIRECTIVE_LINE_DAILY_INGEST_ACTIVATION_20251212
2026-01-28 08:22:42,001 | INFO | Time: 2026-01-28T07:22:42.001699+00:00
2026-01-28 08:22:42,002 | INFO | Asset Class Filter: ALL
2026-01-28 08:22:42,002 | INFO | Dry Run: False
2026-01-28 08:22:42,002 | INFO | ======================================================================
2026-01-28 08:22:42,350 | INFO | Found 491 VEGA-attested assets
2026-01-28 08:22:42,350 | INFO | 
============================================================
2026-01-28 08:22:42,350 | INFO | Processing CRYPTO: 46 assets
2026-01-28 08:22:42,350 | INFO | Schedule: Daily 01:00 UTC
2026-01-28 08:22:42,350 | INFO | ============================================================
2026-01-28 08:22:42,350 | INFO | 
  Batch 1/2 (25 assets)
2026-01-28 08:22:45,562 | WARNING |   [GRT-USD] Fetch error: Too Many Requests. Rate limited. Try after a while.
2026-01-28 08:22:48,617 | INFO |   Batch complete, waiting 60s...
2026-01-28 08:23:48,617 | INFO | 
  Batch 2/2 (21 assets)
2026-01-28 08:23:50,433 | WARNING |   [UNI-USD] Fetch error: Too Many Requests. Rate limited. Try after a while.
2026-01-28 08:23:53,460 | INFO | 
============================================================
2026-01-28 08:23:53,460 | INFO | Processing EQUITY: 421 assets
2026-01-28 08:23:53,460 | INFO | Schedule: Weekdays 22:00 UTC
2026-01-28 08:23:53,460 | INFO | ============================================================
2026-01-28 08:23:53,461 | INFO | 
  Batch 1/17 (25 assets)
2026-01-28 08:23:54,378 | WARNING |   [1COV.DE] Fetch error: Too Many Requests. Rate limited. Try after a while.
2026-01-28 08:23:58,536 | WARNING |   [ABBV] Fetch error: Too Many Requests. Rate limited. Try after a while.
2026-01-28 08:24:02,555 | WARNING |   [ABNB] Fetch error: Too Many Requests. Rate limited. Try after a while.
2026-01-28 08:24:06,266 | WARNING |   [ABT] Fetch error: Too Many Requests. Rate limited. Try after a while.
2026-01-28 08:24:10,576 | WARNING |   [ACA.PA] Fetch error: Too Many Requests. Rate limited. Try after a while.
2026-01-28 08:24:15,170 | WARNING |   [ADBE] Fetch error: Too Many Requests. Rate limited. Try after a while.
2026-01-28 08:24:19,196 | WARNING |   [ADI] Fetch error: Too Many Requests. Rate limited. Try after a while.
2026-01-28 08:24:23,423 | WARNING |   [ADS.DE] Fetch error: Too Many Requests. Rate limited. Try after a while.
2026-01-28 08:24:27,546 | WARNING |   [ADSK] Fetch error: Too Many Requests. Rate limited. Try after a while.
2026-01-28 08:24:31,682 | WARNING |   [AEP] Fetch error: Too Many Requests. Rate limited. Try after a while.
2026-01-28 08:24:37,459 | WARNING |   [AFL] Fetch error: Too Many Requests. Rate limited. Try after a while.
2026-01-28 08:24:41,911 | WARNING |   [AI.PA] Fetch error: Too Many Requests. Rate limited. Try after a while.
2026-01-28 08:24:46,222 | WARNING |   [AIG] Fetch error: Too Many Requests. Rate limited. Try after a while.
2026-01-28 08:24:50,721 | WARNING |   [AIR.DE] Fetch error: Too Many Requests. Rate limited. Try after a while.
2026-01-28 08:24:55,138 | WARNING |   [AIR.PA] Fetch error: Too Many Requests. Rate limited. Try after a while.
2026-01-28 08:24:59,478 | WARNING |   [AKAM] Fetch error: Too Many Requests. Rate limited. Try after a while.
2026-01-28 08:25:03,346 | WARNING |   [AKER.OL] Fetch error: Too Many Requests. Rate limited. Try after a while.
2026-01-28 08:25:07,433 | WARNING |   [AKRBP.OL] Fetch error: Too Many Requests. Rate limited. Try after a while.
2026-01-28 08:25:11,362 | WARNING |   [AKSO.OL] Fetch error: Too Many Requests. Rate limited. Try after a while.
2026-01-28 08:25:15,527 | WARNING |   [AKVA.OL] Fetch error: Too Many Requests. Rate limited. Try after a while.
2026-01-28 08:25:19,699 | WARNING |   [ALB] Fetch error: Too Many Requests. Rate limited. Try after a while.
2026-01-28 08:25:23,928 | WARNING |   [ALL] Fetch error: Too Many Requests. Rate limited. Try after a while.
2026-01-28 08:25:27,959 | WARNING |   [ALO.PA] Fetch error: Too Many Requests. Rate limited. Try after a while.
2026-01-28 08:25:31,953 | WARNING |   [ALV.DE] Fetch error: Too Many Requests. Rate limited. Try after a while.
2026-01-28 08:25:36,164 | WARNING |   [AMAT] Fetch error: Too Many Requests. Rate limited. Try after a while.
2026-01-28 08:25:39,165 | INFO |   Batch complete, waiting 60s...
2026-01-28 08:26:39,165 | INFO | 
  Batch 2/17 (25 assets)
2026-01-28 08:26:41,033 | WARNING |   [AMD] Fetch error: Too Many Requests. Rate limited. Try after a while.
2026-01-28 08:26:45,277 | WARNING |   [AMGN] Fetch error: Too Many Requests. Rate limited. Try after a while.
2026-01-28 08:26:49,378 | WARNING |   [AMT] Fetch error: Too Many Requests. Rate limited. Try after a while.
2026-01-28 08:26:53,718 | WARNING |   [AMZN] Fetch error: Too Many Requests. Rate limited. Try after a while.
2026-01-28 08:26:57,693 | WARNING |   [AON] Fetch error: Too Many Requests. Rate limited. Try after a while.
2026-01-28 08:27:02,372 | WARNING |   [APD] Fetch error: Too Many Requests. Rate limited. Try after a while.
2026-01-28 08:27:06,472 | WARNING |   [ASML] Fetch error: Too Many Requests. Rate limited. Try after a while.
2026-01-28 08:27:10,757 | WARNING |   [ATO.PA] Fetch error: Too Many Requests. Rate limited. Try after a while.
2026-01-28 08:27:15,088 | WARNING |   [AUSS.OL] Fetch error: Too Many Requests. Rate limited. Try after a while.
2026-01-28 08:27:19,579 | WARNING |   [AUTO.OL] Fetch error: Too Many Requests. Rate limited. Try after a while.
2026-01-28 08:27:23,593 | WARNING |   [AV.L] Fetch error: Too Many Requests. Rate limited. Try after a while.
2026-01-28 08:27:27,667 | WARNING |   [AVB] Fetch error: Too Many Requests. Rate limited. Try after a while.
2026-01-28 08:27:32,000 | WARNING |   [AVGO] Fetch error: Too Many Requests. Rate limited. Try after a while.
2026-01-28 08:27:35,867 | WARNING |   [AWK] Fetch error: Too Many Requests. Rate limited. Try after a while.
2026-01-28 08:27:40,005 | WARNING |   [AXP] Fetch error: Too Many Requests. Rate limited. Try after a while.
