2026-01-26 11:58:37,424 | INFO | ======================================================================
2026-01-26 11:58:37,425 | INFO | IoS-001 DAILY PRICE INGEST
2026-01-26 11:58:37,425 | INFO | Executor: LINE (EC-004)
2026-01-26 11:58:37,425 | INFO | Authority: CEO_DIRECTIVE_LINE_DAILY_INGEST_ACTIVATION_20251212
2026-01-26 11:58:37,425 | INFO | Time: 2026-01-26T10:58:37.425435+00:00
2026-01-26 11:58:37,425 | INFO | Asset Class Filter: ALL
2026-01-26 11:58:37,425 | INFO | Dry Run: False
2026-01-26 11:58:37,426 | INFO | ======================================================================
2026-01-26 11:58:37,899 | INFO | Found 491 VEGA-attested assets
2026-01-26 11:58:37,899 | INFO | 
============================================================
2026-01-26 11:58:37,899 | INFO | Processing CRYPTO: 46 assets
2026-01-26 11:58:37,900 | INFO | Schedule: Daily 01:00 UTC
2026-01-26 11:58:37,900 | INFO | ============================================================
2026-01-26 11:58:37,900 | INFO | 
  Batch 1/2 (25 assets)
2026-01-26 11:58:41,331 | WARNING |   [GRT-USD] Fetch error: Too Many Requests. Rate limited. Try after a while.
2026-01-26 11:58:44,339 | INFO |   Batch complete, waiting 60s...
2026-01-26 11:59:44,341 | INFO | 
  Batch 2/2 (21 assets)
2026-01-26 11:59:47,003 | WARNING |   [UNI-USD] Fetch error: Too Many Requests. Rate limited. Try after a while.
2026-01-26 11:59:50,031 | INFO | 
============================================================
2026-01-26 11:59:50,032 | INFO | Processing EQUITY: 421 assets
2026-01-26 11:59:50,032 | INFO | Schedule: Weekdays 22:00 UTC
2026-01-26 11:59:50,032 | INFO | ============================================================
2026-01-26 11:59:50,032 | INFO | 
  Batch 1/17 (25 assets)
2026-01-26 11:59:51,394 | WARNING |   [1COV.DE] Fetch error: Too Many Requests. Rate limited. Try after a while.
2026-01-26 11:59:55,752 | WARNING |   [ABBV] Fetch error: Too Many Requests. Rate limited. Try after a while.
2026-01-26 11:59:59,706 | WARNING |   [ABNB] Fetch error: Too Many Requests. Rate limited. Try after a while.
2026-01-26 12:00:04,369 | WARNING |   [ABT] Fetch error: Too Many Requests. Rate limited. Try after a while.
2026-01-26 12:00:08,578 | WARNING |   [ACA.PA] Fetch error: Too Many Requests. Rate limited. Try after a while.
2026-01-26 12:00:12,675 | WARNING |   [ADBE] Fetch error: Too Many Requests. Rate limited. Try after a while.
2026-01-26 12:00:17,225 | WARNING |   [ADI] Fetch error: Too Many Requests. Rate limited. Try after a while.
2026-01-26 12:00:21,337 | WARNING |   [ADS.DE] Fetch error: Too Many Requests. Rate limited. Try after a while.
2026-01-26 12:00:25,388 | WARNING |   [ADSK] Fetch error: Too Many Requests. Rate limited. Try after a while.
2026-01-26 12:00:29,323 | WARNING |   [AEP] Fetch error: Too Many Requests. Rate limited. Try after a while.
2026-01-26 12:00:33,522 | WARNING |   [AFL] Fetch error: Too Many Requests. Rate limited. Try after a while.
2026-01-26 12:00:37,725 | WARNING |   [AI.PA] Fetch error: Too Many Requests. Rate limited. Try after a while.
2026-01-26 12:00:41,817 | WARNING |   [AIG] Fetch error: Too Many Requests. Rate limited. Try after a while.
2026-01-26 12:00:46,826 | WARNING |   [AIR.DE] Fetch error: Too Many Requests. Rate limited. Try after a while.
2026-01-26 12:00:51,237 | WARNING |   [AIR.PA] Fetch error: Too Many Requests. Rate limited. Try after a while.
2026-01-26 12:00:55,562 | WARNING |   [AKAM] Fetch error: Too Many Requests. Rate limited. Try after a while.
2026-01-26 12:00:59,781 | WARNING |   [AKER.OL] Fetch error: Too Many Requests. Rate limited. Try after a while.
2026-01-26 12:01:03,724 | WARNING |   [AKRBP.OL] Fetch error: Too Many Requests. Rate limited. Try after a while.
2026-01-26 12:01:07,654 | WARNING |   [AKSO.OL] Fetch error: Too Many Requests. Rate limited. Try after a while.
2026-01-26 12:01:11,810 | WARNING |   [AKVA.OL] Fetch error: Too Many Requests. Rate limited. Try after a while.
2026-01-26 12:01:15,990 | WARNING |   [ALB] Fetch error: Too Many Requests. Rate limited. Try after a while.
2026-01-26 12:01:21,788 | WARNING |   [ALL] Fetch error: Too Many Requests. Rate limited. Try after a while.
2026-01-26 12:01:27,353 | WARNING |   [ALO.PA] Fetch error: Too Many Requests. Rate limited. Try after a while.
2026-01-26 12:01:31,699 | WARNING |   [ALV.DE] Fetch error: Too Many Requests. Rate limited. Try after a while.
2026-01-26 12:01:35,911 | WARNING |   [AMAT] Fetch error: Too Many Requests. Rate limited. Try after a while.
2026-01-26 12:01:38,912 | INFO |   Batch complete, waiting 60s...
2026-01-26 12:02:38,913 | INFO | 
  Batch 2/17 (25 assets)
2026-01-26 12:02:40,865 | WARNING |   [AMD] Fetch error: Too Many Requests. Rate limited. Try after a while.
2026-01-26 12:02:45,428 | WARNING |   [AMGN] Fetch error: Too Many Requests. Rate limited. Try after a while.
2026-01-26 12:02:49,600 | WARNING |   [AMT] Fetch error: Too Many Requests. Rate limited. Try after a while.
2026-01-26 12:02:53,604 | WARNING |   [AMZN] Fetch error: Too Many Requests. Rate limited. Try after a while.
2026-01-26 12:02:57,934 | WARNING |   [AON] Fetch error: Too Many Requests. Rate limited. Try after a while.
2026-01-26 12:03:02,144 | WARNING |   [APD] Fetch error: Too Many Requests. Rate limited. Try after a while.
2026-01-26 12:03:06,382 | WARNING |   [ASML] Fetch error: Too Many Requests. Rate limited. Try after a while.
2026-01-26 12:03:10,465 | WARNING |   [ATO.PA] Fetch error: Too Many Requests. Rate limited. Try after a while.
2026-01-26 12:03:14,146 | WARNING |   [AUSS.OL] Fetch error: Too Many Requests. Rate limited. Try after a while.
2026-01-26 12:03:18,608 | WARNING |   [AUTO.OL] Fetch error: Too Many Requests. Rate limited. Try after a while.
2026-01-26 12:03:22,689 | WARNING |   [AV.L] Fetch error: Too Many Requests. Rate limited. Try after a while.
2026-01-26 12:03:27,862 | WARNING |   [AVB] Fetch error: Too Many Requests. Rate limited. Try after a while.
2026-01-26 12:03:32,096 | WARNING |   [AVGO] Fetch error: Too Many Requests. Rate limited. Try after a while.
