2026-01-06 17:36:28,279 | INFO | ======================================================================
2026-01-06 17:36:28,280 | INFO | IoS-001 DAILY PRICE INGEST
2026-01-06 17:36:28,280 | INFO | Executor: LINE (EC-004)
2026-01-06 17:36:28,280 | INFO | Authority: CEO_DIRECTIVE_LINE_DAILY_INGEST_ACTIVATION_20251212
2026-01-06 17:36:28,281 | INFO | Time: 2026-01-06T16:36:28.280015+00:00
2026-01-06 17:36:28,281 | INFO | Asset Class Filter: ALL
2026-01-06 17:36:28,281 | INFO | Dry Run: False
2026-01-06 17:36:28,281 | INFO | ======================================================================
2026-01-06 17:36:28,905 | INFO | Found 491 VEGA-attested assets
2026-01-06 17:36:28,906 | INFO | 
============================================================
2026-01-06 17:36:28,906 | INFO | Processing CRYPTO: 46 assets
2026-01-06 17:36:28,906 | INFO | Schedule: Daily 01:00 UTC
2026-01-06 17:36:28,906 | INFO | ============================================================
2026-01-06 17:36:28,906 | INFO | 
  Batch 1/2 (25 assets)
2026-01-06 17:36:32,386 | ERROR | $GRT-USD: possibly delisted; no price data found  (1d 2026-01-06 -> 2026-01-07)
2026-01-06 17:36:35,414 | INFO |   Batch complete, waiting 60s...
2026-01-06 17:37:35,415 | INFO | 
  Batch 2/2 (21 assets)
2026-01-06 17:37:35,491 | INFO | 
============================================================
2026-01-06 17:37:35,494 | INFO | Processing EQUITY: 421 assets
2026-01-06 17:37:35,494 | INFO | Schedule: Weekdays 22:00 UTC
2026-01-06 17:37:35,494 | INFO | ============================================================
2026-01-06 17:37:35,494 | INFO | 
  Batch 1/17 (25 assets)
2026-01-06 17:37:35,921 | ERROR | $1COV.DE: possibly delisted; no price data found  (1d 2025-12-24 -> 2026-01-07)
2026-01-06 17:37:38,963 | INFO |   Batch complete, waiting 60s...
2026-01-06 17:38:38,968 | INFO | 
  Batch 2/17 (25 assets)
2026-01-06 17:38:39,036 | INFO |   Batch complete, waiting 60s...
2026-01-06 17:39:39,037 | INFO | 
  Batch 3/17 (25 assets)
2026-01-06 17:39:45,879 | ERROR | $BRK.B: possibly delisted; no timezone found
2026-01-06 17:39:49,150 | INFO |     [BSX] +1 rows
2026-01-06 17:39:56,468 | ERROR | 404 Client Error: Not Found for url: https://query2.finance.yahoo.com/v10/finance/quoteSummary/BT.A.L?modules=financialData%2CquoteType%2CdefaultKeyStatistics%2CassetProfile%2CsummaryDetail&corsDomain=finance.yahoo.com&formatted=false&symbol=BT.A.L&crumb=1XLVQ0ldw0y
2026-01-06 17:39:56,468 | WARNING |   [BT.A.L] Fetch error: 'NoneType' object has no attribute 'update'
2026-01-06 17:39:59,627 | INFO |     [BWO.OL] +1 rows
2026-01-06 17:40:02,776 | INFO |     [C] +1 rows
2026-01-06 17:40:05,957 | INFO |     [CAG] +1 rows
2026-01-06 17:40:09,160 | INFO |     [CAP.PA] +1 rows
2026-01-06 17:40:12,317 | INFO |     [CARR] +1 rows
2026-01-06 17:40:15,515 | INFO |     [CAT] +1 rows
2026-01-06 17:40:18,656 | INFO |     [CB] +1 rows
2026-01-06 17:40:21,813 | INFO |     [CBK.DE] +1 rows
2026-01-06 17:40:24,947 | INFO |     [CCI] +1 rows
2026-01-06 17:40:28,073 | INFO |     [CDNS] +1 rows
2026-01-06 17:40:31,085 | INFO |   Batch complete, waiting 60s...
