2026-01-11 23:56:54,032 | INFO | ======================================================================
2026-01-11 23:56:54,032 | INFO | IoS-001 DAILY PRICE INGEST
2026-01-11 23:56:54,032 | INFO | Executor: LINE (EC-004)
2026-01-11 23:56:54,032 | INFO | Authority: CEO_DIRECTIVE_LINE_DAILY_INGEST_ACTIVATION_20251212
2026-01-11 23:56:54,032 | INFO | Time: 2026-01-11T22:56:54.032651+00:00
2026-01-11 23:56:54,032 | INFO | Asset Class Filter: ALL
2026-01-11 23:56:54,032 | INFO | Dry Run: False
2026-01-11 23:56:54,032 | INFO | ======================================================================
2026-01-11 23:56:54,419 | INFO | Found 491 VEGA-attested assets
2026-01-11 23:56:54,419 | INFO | 
============================================================
2026-01-11 23:56:54,419 | INFO | Processing CRYPTO: 46 assets
2026-01-11 23:56:54,419 | INFO | Schedule: Daily 01:00 UTC
2026-01-11 23:56:54,419 | INFO | ============================================================
2026-01-11 23:56:54,419 | INFO | 
  Batch 1/2 (25 assets)
2026-01-11 23:57:00,201 | WARNING |   [GRT-USD] Fetch error: Too Many Requests. Rate limited. Try after a while.
2026-01-11 23:57:03,206 | INFO |   Batch complete, waiting 60s...
2026-01-11 23:58:03,214 | INFO | 
  Batch 2/2 (21 assets)
2026-01-11 23:58:03,636 | WARNING |   [UNI-USD] Fetch error: Too Many Requests. Rate limited. Try after a while.
2026-01-11 23:58:06,711 | INFO | 
============================================================
2026-01-11 23:58:06,711 | INFO | Processing EQUITY: 421 assets
2026-01-11 23:58:06,711 | INFO | Schedule: Weekdays 22:00 UTC
2026-01-11 23:58:06,711 | INFO | ============================================================
2026-01-11 23:58:06,712 | INFO |   Market closed for EQUITY today, skipping
2026-01-11 23:58:06,712 | INFO | 
============================================================
2026-01-11 23:58:06,712 | INFO | Processing FX: 24 assets
2026-01-11 23:58:06,712 | INFO | Schedule: Sun-Thu 22:00 UTC
2026-01-11 23:58:06,715 | INFO | ============================================================
2026-01-11 23:58:06,715 | INFO | 
  Batch 1/1 (24 assets)
2026-01-11 23:58:06,764 | WARNING | Heartbeat recording failed: relation "fhq_monitoring.system_heartbeats" does not exist
LINE 2:                 INSERT INTO fhq_monitoring.system_heartbeats...
                                    ^

2026-01-11 23:58:06,765 | INFO | 
======================================================================
2026-01-11 23:58:06,765 | INFO | DAILY INGEST COMPLETE
2026-01-11 23:58:06,766 | INFO | ======================================================================
2026-01-11 23:58:06,766 | INFO | Assets Processed: 70
2026-01-11 23:58:06,766 | INFO | Assets Updated:   0
2026-01-11 23:58:06,766 | INFO | Rows Inserted:    0
2026-01-11 23:58:06,766 | INFO |   CRYPTO: 0 assets, 0 rows
2026-01-11 23:58:06,766 | INFO |   FX: 0 assets, 0 rows
2026-01-11 23:58:06,766 | INFO | Evidence: C:\fhq-market-system\vision-ios\03_FUNCTIONS\evidence\IOS001_DAILY_INGEST_24679ea4_20260111_235806.json
2026-01-11 23:58:06,766 | INFO | ======================================================================
