2026-02-14 13:37:52,323 | INFO | ======================================================================
2026-02-14 13:37:52,323 | INFO | IoS-001 DAILY PRICE INGEST
2026-02-14 13:37:52,323 | INFO | Executor: LINE (EC-004)
2026-02-14 13:37:52,323 | INFO | Authority: CEO_DIRECTIVE_LINE_DAILY_INGEST_ACTIVATION_20251212
2026-02-14 13:37:52,323 | INFO | Amendment: CEO-DIR-2026-119 (Rate Limit Mitigation)
2026-02-14 13:37:52,323 | INFO | Time: 2026-02-14T12:37:52.323932+00:00
2026-02-14 13:37:52,323 | INFO | Asset Class Filter: ALL
2026-02-14 13:37:52,323 | INFO | Batch Mode: True
2026-02-14 13:37:52,339 | INFO | Dry Run: False
2026-02-14 13:37:52,339 | INFO | ======================================================================
2026-02-14 13:37:52,659 | INFO | Found 491 VEGA-attested assets
2026-02-14 13:37:52,659 | INFO | 
============================================================
2026-02-14 13:37:52,660 | INFO | Processing CRYPTO: 46 assets
2026-02-14 13:37:52,660 | INFO | Schedule: Daily 01:00 UTC
2026-02-14 13:37:52,660 | INFO | ============================================================
2026-02-14 13:37:52,660 | INFO |   Using BATCH MODE (CEO-DIR-2026-119)
2026-02-14 13:37:52,660 | INFO | 
  Batch 1/5 (10 tickers)
2026-02-14 13:37:52,672 | INFO |     All assets up to date
2026-02-14 13:37:52,672 | INFO | 
  Batch 2/5 (10 tickers)
2026-02-14 13:37:52,680 | INFO |     Batch download: 1 tickers
2026-02-14 13:37:53,746 | ERROR | 
1 Failed download:
2026-02-14 13:37:53,762 | ERROR | ['GRT-USD']: YFPricesMissingError('possibly delisted; no price data found  (1d 2026-02-14 -> 2026-02-15)')
2026-02-14 13:37:53,775 | INFO |   Batch complete, waiting 120s...
2026-02-14 13:39:53,777 | INFO | 
  Batch 3/5 (10 tickers)
2026-02-14 13:39:53,793 | INFO |     All assets up to date
2026-02-14 13:39:53,808 | INFO | 
  Batch 4/5 (10 tickers)
2026-02-14 13:39:53,839 | INFO |     Batch download: 1 tickers
2026-02-14 13:39:54,290 | ERROR | 
1 Failed download:
2026-02-14 13:39:54,290 | ERROR | ['UNI-USD']: YFPricesMissingError('possibly delisted; no price data found  (1d 2026-02-12 -> 2026-02-15)')
2026-02-14 13:39:54,294 | INFO |   Batch complete, waiting 120s...
2026-02-14 13:41:54,296 | INFO | 
  Batch 5/5 (6 tickers)
2026-02-14 13:41:54,311 | INFO |     All assets up to date
2026-02-14 13:41:54,311 | INFO | 
============================================================
2026-02-14 13:41:54,311 | INFO | Processing EQUITY: 421 assets
2026-02-14 13:41:54,311 | INFO | Schedule: Weekdays 22:00 UTC
2026-02-14 13:41:54,311 | INFO | ============================================================
2026-02-14 13:41:54,311 | INFO |   Market closed for EQUITY today, skipping
2026-02-14 13:41:54,311 | INFO | 
============================================================
2026-02-14 13:41:54,311 | INFO | Processing FX: 24 assets
2026-02-14 13:41:54,311 | INFO | Schedule: Sun-Thu 22:00 UTC
2026-02-14 13:41:54,327 | INFO | ============================================================
2026-02-14 13:41:54,327 | INFO |   Market closed for FX today, skipping
2026-02-14 13:41:54,334 | WARNING | Heartbeat recording failed: relation "fhq_monitoring.system_heartbeats" does not exist
LINE 2:                 INSERT INTO fhq_monitoring.system_heartbeats...
                                    ^

2026-02-14 13:41:54,341 | INFO | 
======================================================================
2026-02-14 13:41:54,342 | INFO | DAILY INGEST COMPLETE
2026-02-14 13:41:54,342 | INFO | ======================================================================
2026-02-14 13:41:54,343 | INFO | Assets Processed: 46
2026-02-14 13:41:54,343 | INFO | Assets Updated:   0
2026-02-14 13:41:54,344 | INFO | Rows Inserted:    0
2026-02-14 13:41:54,344 | INFO |   CRYPTO: 0 assets, 0 rows
2026-02-14 13:41:54,344 | INFO | Evidence: C:\fhq-market-system\vision-ios\03_FUNCTIONS\evidence\IOS001_DAILY_INGEST_047850ed_20260214_134154.json
2026-02-14 13:41:54,345 | INFO | ======================================================================
