2026-02-17 12:32:43,273 | INFO | ======================================================================
2026-02-17 12:32:43,273 | INFO | IoS-001 DAILY PRICE INGEST
2026-02-17 12:32:43,273 | INFO | Executor: LINE (EC-004)
2026-02-17 12:32:43,273 | INFO | Authority: CEO_DIRECTIVE_LINE_DAILY_INGEST_ACTIVATION_20251212
2026-02-17 12:32:43,273 | INFO | Amendment: CEO-DIR-2026-119 (Rate Limit Mitigation)
2026-02-17 12:32:43,273 | INFO | Time: 2026-02-17T11:32:43.273804+00:00
2026-02-17 12:32:43,273 | INFO | Asset Class Filter: ALL
2026-02-17 12:32:43,273 | INFO | Batch Mode: True
2026-02-17 12:32:43,273 | INFO | Dry Run: False
2026-02-17 12:32:43,273 | INFO | ======================================================================
2026-02-17 12:32:43,604 | INFO | Found 491 VEGA-attested assets
2026-02-17 12:32:43,604 | INFO | 
============================================================
2026-02-17 12:32:43,604 | INFO | Processing CRYPTO: 46 assets
2026-02-17 12:32:43,604 | INFO | Schedule: Daily 01:00 UTC
2026-02-17 12:32:43,604 | INFO | ============================================================
2026-02-17 12:32:43,604 | INFO |   Using BATCH MODE (CEO-DIR-2026-119)
2026-02-17 12:32:43,604 | INFO | 
  Batch 1/5 (10 tickers)
2026-02-17 12:32:43,613 | INFO |     All assets up to date
2026-02-17 12:32:43,613 | INFO | 
  Batch 2/5 (10 tickers)
2026-02-17 12:32:43,624 | INFO |     Batch download: 1 tickers
2026-02-17 12:32:44,908 | ERROR | 
1 Failed download:
2026-02-17 12:32:44,908 | ERROR | ['GRT-USD']: YFPricesMissingError('possibly delisted; no price data found  (1d 2026-02-15 -> 2026-02-18)')
2026-02-17 12:32:44,926 | INFO |   Batch complete, waiting 120s...
2026-02-17 12:34:44,927 | INFO | 
  Batch 3/5 (10 tickers)
2026-02-17 12:34:44,963 | INFO |     All assets up to date
2026-02-17 12:34:44,963 | INFO | 
  Batch 4/5 (10 tickers)
2026-02-17 12:34:44,988 | INFO |     Batch download: 1 tickers
2026-02-17 12:34:45,461 | ERROR | 
1 Failed download:
2026-02-17 12:34:45,461 | ERROR | ['UNI-USD']: YFPricesMissingError('possibly delisted; no price data found  (1d 2026-02-12 -> 2026-02-18)')
2026-02-17 12:34:45,471 | INFO |   Batch complete, waiting 120s...
2026-02-17 12:36:45,476 | INFO | 
  Batch 5/5 (6 tickers)
2026-02-17 12:36:45,489 | INFO |     All assets up to date
2026-02-17 12:36:45,489 | INFO | 
============================================================
2026-02-17 12:36:45,489 | INFO | Processing EQUITY: 421 assets
2026-02-17 12:36:45,489 | INFO | Schedule: Weekdays 22:00 UTC
2026-02-17 12:36:45,489 | INFO | ============================================================
2026-02-17 12:36:45,489 | INFO |   Using BATCH MODE (CEO-DIR-2026-119)
2026-02-17 12:36:45,489 | INFO | 
  Batch 1/43 (10 tickers)
2026-02-17 12:36:45,510 | INFO |     Batch download: 8 tickers
2026-02-17 12:36:50,945 | ERROR | 
1 Failed download:
2026-02-17 12:36:50,945 | ERROR | ['1COV.DE']: YFPricesMissingError('possibly delisted; no price data found  (1d 2025-12-24 -> 2026-02-18)')
2026-02-17 12:36:51,012 | INFO |     [ABBV] +35 rows
2026-02-17 12:36:51,020 | INFO |     [ABNB] +35 rows
2026-02-17 12:36:51,028 | INFO |     [ABT] +35 rows
2026-02-17 12:36:51,038 | INFO |     [ADBE] +35 rows
2026-02-17 12:36:51,048 | INFO |     [ADI] +35 rows
2026-02-17 12:36:51,059 | INFO |     [ADSK] +35 rows
2026-02-17 12:36:51,068 | INFO |     [AEP] +35 rows
2026-02-17 12:36:51,068 | INFO |   Batch complete, waiting 120s...
