2026-02-12 18:22:06,899 | INFO | ======================================================================
2026-02-12 18:22:06,899 | INFO | IoS-001 DAILY PRICE INGEST
2026-02-12 18:22:06,899 | INFO | Executor: LINE (EC-004)
2026-02-12 18:22:06,899 | INFO | Authority: CEO_DIRECTIVE_LINE_DAILY_INGEST_ACTIVATION_20251212
2026-02-12 18:22:06,899 | INFO | Amendment: CEO-DIR-2026-119 (Rate Limit Mitigation)
2026-02-12 18:22:06,899 | INFO | Time: 2026-02-12T17:22:06.899685+00:00
2026-02-12 18:22:06,899 | INFO | Asset Class Filter: ALL
2026-02-12 18:22:06,899 | INFO | Batch Mode: True
2026-02-12 18:22:06,899 | INFO | Dry Run: False
2026-02-12 18:22:06,899 | INFO | ======================================================================
2026-02-12 18:22:07,143 | INFO | Found 491 VEGA-attested assets
2026-02-12 18:22:07,143 | INFO | 
============================================================
2026-02-12 18:22:07,143 | INFO | Processing CRYPTO: 46 assets
2026-02-12 18:22:07,143 | INFO | Schedule: Daily 01:00 UTC
2026-02-12 18:22:07,143 | INFO | ============================================================
2026-02-12 18:22:07,143 | INFO |   Using BATCH MODE (CEO-DIR-2026-119)
2026-02-12 18:22:07,143 | INFO | 
  Batch 1/5 (10 tickers)
2026-02-12 18:22:07,164 | INFO |     All assets up to date
2026-02-12 18:22:07,174 | INFO | 
  Batch 2/5 (10 tickers)
2026-02-12 18:22:07,184 | INFO |     Batch download: 1 tickers
2026-02-12 18:22:10,100 | ERROR | 
1 Failed download:
2026-02-12 18:22:10,100 | ERROR | ['GRT-USD']: YFRateLimitError('Too Many Requests. Rate limited. Try after a while.')
2026-02-12 18:22:10,100 | INFO |   Batch complete, waiting 120s...
2026-02-12 18:24:10,108 | INFO | 
  Batch 3/5 (10 tickers)
2026-02-12 18:24:10,148 | INFO |     All assets up to date
2026-02-12 18:24:10,149 | INFO | 
  Batch 4/5 (10 tickers)
2026-02-12 18:24:10,203 | INFO |     Batch download: 1 tickers
2026-02-12 18:24:13,701 | ERROR | 
1 Failed download:
2026-02-12 18:24:13,701 | ERROR | ['UNI-USD']: YFRateLimitError('Too Many Requests. Rate limited. Try after a while.')
2026-02-12 18:24:13,706 | INFO |   Batch complete, waiting 120s...
2026-02-12 18:26:13,707 | INFO | 
  Batch 5/5 (6 tickers)
2026-02-12 18:26:13,724 | INFO |     All assets up to date
2026-02-12 18:26:13,728 | INFO | 
============================================================
2026-02-12 18:26:13,728 | INFO | Processing EQUITY: 421 assets
2026-02-12 18:26:13,728 | INFO | Schedule: Weekdays 22:00 UTC
2026-02-12 18:26:13,728 | INFO | ============================================================
2026-02-12 18:26:13,728 | INFO |   Using BATCH MODE (CEO-DIR-2026-119)
2026-02-12 18:26:13,728 | INFO | 
  Batch 1/43 (10 tickers)
2026-02-12 18:26:13,750 | INFO |     Batch download: 1 tickers
2026-02-12 18:26:16,722 | ERROR | 
1 Failed download:
2026-02-12 18:26:16,722 | ERROR | ['1COV.DE']: YFRateLimitError('Too Many Requests. Rate limited. Try after a while.')
2026-02-12 18:26:16,722 | INFO |   Batch complete, waiting 120s...
