2026-01-19 14:58:23,277 | INFO | ======================================================================
2026-01-19 14:58:23,277 | INFO | IoS-001 DAILY PRICE INGEST
2026-01-19 14:58:23,277 | INFO | Executor: LINE (EC-004)
2026-01-19 14:58:23,277 | INFO | Authority: CEO_DIRECTIVE_LINE_DAILY_INGEST_ACTIVATION_20251212
2026-01-19 14:58:23,277 | INFO | Time: 2026-01-19T13:58:23.277842+00:00
2026-01-19 14:58:23,277 | INFO | Asset Class Filter: ALL
2026-01-19 14:58:23,277 | INFO | Dry Run: False
2026-01-19 14:58:23,277 | INFO | ======================================================================
2026-01-19 14:58:23,497 | INFO | Found 491 VEGA-attested assets
2026-01-19 14:58:23,497 | INFO | 
============================================================
2026-01-19 14:58:23,497 | INFO | Processing CRYPTO: 46 assets
2026-01-19 14:58:23,497 | INFO | Schedule: Daily 01:00 UTC
2026-01-19 14:58:23,497 | INFO | ============================================================
2026-01-19 14:58:23,497 | INFO | 
  Batch 1/2 (25 assets)
2026-01-19 14:58:23,533 | INFO |   Batch complete, waiting 60s...
2026-01-19 14:59:23,540 | INFO | 
  Batch 2/2 (21 assets)
2026-01-19 14:59:26,479 | WARNING |   [UNI-USD] Fetch error: Too Many Requests. Rate limited. Try after a while.
2026-01-19 14:59:29,496 | INFO | 
============================================================
2026-01-19 14:59:29,496 | INFO | Processing EQUITY: 421 assets
2026-01-19 14:59:29,496 | INFO | Schedule: Weekdays 22:00 UTC
2026-01-19 14:59:29,496 | INFO | ============================================================
2026-01-19 14:59:29,496 | INFO | 
  Batch 1/17 (25 assets)
2026-01-19 14:59:30,860 | WARNING |   [1COV.DE] Fetch error: Too Many Requests. Rate limited. Try after a while.
2026-01-19 14:59:34,815 | WARNING |   [ABBV] Fetch error: Too Many Requests. Rate limited. Try after a while.
2026-01-19 14:59:39,253 | WARNING |   [ABNB] Fetch error: Too Many Requests. Rate limited. Try after a while.
2026-01-19 14:59:43,761 | WARNING |   [ABT] Fetch error: Too Many Requests. Rate limited. Try after a while.
2026-01-19 14:59:48,168 | WARNING |   [ADBE] Fetch error: Too Many Requests. Rate limited. Try after a while.
2026-01-19 14:59:52,314 | WARNING |   [ADI] Fetch error: Too Many Requests. Rate limited. Try after a while.
2026-01-19 14:59:56,442 | WARNING |   [ADSK] Fetch error: Too Many Requests. Rate limited. Try after a while.
2026-01-19 15:00:01,063 | WARNING |   [AEP] Fetch error: Too Many Requests. Rate limited. Try after a while.
2026-01-19 15:00:05,564 | WARNING |   [AFL] Fetch error: Too Many Requests. Rate limited. Try after a while.
2026-01-19 15:00:09,996 | WARNING |   [AIG] Fetch error: Too Many Requests. Rate limited. Try after a while.
2026-01-19 15:00:14,503 | WARNING |   [AKAM] Fetch error: Too Many Requests. Rate limited. Try after a while.
2026-01-19 15:00:18,662 | WARNING |   [ALB] Fetch error: Too Many Requests. Rate limited. Try after a while.
2026-01-19 15:00:22,680 | WARNING |   [ALL] Fetch error: Too Many Requests. Rate limited. Try after a while.
2026-01-19 15:00:26,978 | WARNING |   [AMAT] Fetch error: Too Many Requests. Rate limited. Try after a while.
2026-01-19 15:00:29,985 | INFO |   Batch complete, waiting 60s...
2026-01-19 15:01:29,987 | INFO | 
  Batch 2/17 (25 assets)
2026-01-19 15:01:31,886 | WARNING |   [AMD] Fetch error: Too Many Requests. Rate limited. Try after a while.
2026-01-19 15:01:36,421 | WARNING |   [AMGN] Fetch error: Too Many Requests. Rate limited. Try after a while.
2026-01-19 15:01:40,776 | WARNING |   [AMT] Fetch error: Too Many Requests. Rate limited. Try after a while.
2026-01-19 15:01:45,184 | WARNING |   [AMZN] Fetch error: Too Many Requests. Rate limited. Try after a while.
2026-01-19 15:01:49,812 | WARNING |   [AON] Fetch error: Too Many Requests. Rate limited. Try after a while.
2026-01-19 15:01:53,953 | WARNING |   [APD] Fetch error: Too Many Requests. Rate limited. Try after a while.
2026-01-19 15:01:58,238 | WARNING |   [ASML] Fetch error: Too Many Requests. Rate limited. Try after a while.
2026-01-19 15:02:02,794 | WARNING |   [AVB] Fetch error: Too Many Requests. Rate limited. Try after a while.
2026-01-19 15:02:07,079 | WARNING |   [AVGO] Fetch error: Too Many Requests. Rate limited. Try after a while.
2026-01-19 15:02:11,603 | WARNING |   [AWK] Fetch error: Too Many Requests. Rate limited. Try after a while.
2026-01-19 15:02:16,148 | WARNING |   [AXP] Fetch error: Too Many Requests. Rate limited. Try after a while.
2026-01-19 15:02:20,744 | WARNING |   [AZO] Fetch error: Too Many Requests. Rate limited. Try after a while.
2026-01-19 15:02:25,459 | WARNING |   [BA] Fetch error: Too Many Requests. Rate limited. Try after a while.
2026-01-19 15:02:30,095 | WARNING |   [BAC] Fetch error: Too Many Requests. Rate limited. Try after a while.
2026-01-19 15:02:33,117 | INFO |   Batch complete, waiting 60s...
