2026-01-16 19:36:50,611 | INFO | ======================================================================
2026-01-16 19:36:50,611 | INFO | IoS-001 DAILY PRICE INGEST
2026-01-16 19:36:50,611 | INFO | Executor: LINE (EC-004)
2026-01-16 19:36:50,611 | INFO | Authority: CEO_DIRECTIVE_LINE_DAILY_INGEST_ACTIVATION_20251212
2026-01-16 19:36:50,611 | INFO | Time: 2026-01-16T18:36:50.611586+00:00
2026-01-16 19:36:50,611 | INFO | Asset Class Filter: ALL
2026-01-16 19:36:50,611 | INFO | Dry Run: False
2026-01-16 19:36:50,611 | INFO | ======================================================================
2026-01-16 19:36:51,008 | INFO | Found 491 VEGA-attested assets
2026-01-16 19:36:51,008 | INFO | 
============================================================
2026-01-16 19:36:51,008 | INFO | Processing CRYPTO: 46 assets
2026-01-16 19:36:51,008 | INFO | Schedule: Daily 01:00 UTC
2026-01-16 19:36:51,008 | INFO | ============================================================
2026-01-16 19:36:51,008 | INFO | 
  Batch 1/2 (25 assets)
2026-01-16 19:36:52,231 | ERROR | $GRT-USD: possibly delisted; no price data found  (1d 2026-01-15 -> 2026-01-17)
2026-01-16 19:36:55,258 | INFO |   Batch complete, waiting 60s...
2026-01-16 19:37:55,268 | INFO | 
  Batch 2/2 (21 assets)
2026-01-16 19:37:55,380 | ERROR | $UNI-USD: possibly delisted; no price data found  (1d 2026-01-08 -> 2026-01-17)
2026-01-16 19:37:58,385 | INFO | 
============================================================
2026-01-16 19:37:58,385 | INFO | Processing EQUITY: 421 assets
2026-01-16 19:37:58,385 | INFO | Schedule: Weekdays 22:00 UTC
2026-01-16 19:37:58,385 | INFO | ============================================================
2026-01-16 19:37:58,385 | INFO | 
  Batch 1/17 (25 assets)
2026-01-16 19:37:58,530 | ERROR | $1COV.DE: possibly delisted; no price data found  (1d 2025-12-24 -> 2026-01-17)
2026-01-16 19:38:01,614 | INFO |   Batch complete, waiting 60s...
2026-01-16 19:39:01,618 | INFO | 
  Batch 2/17 (25 assets)
2026-01-16 19:39:01,714 | INFO |   Batch complete, waiting 60s...
2026-01-16 19:40:01,715 | INFO | 
  Batch 3/17 (25 assets)
2026-01-16 19:40:05,198 | ERROR | $BRK.B: possibly delisted; no timezone found
2026-01-16 19:40:10,864 | ERROR | 404 Client Error: Not Found for url: https://query2.finance.yahoo.com/v10/finance/quoteSummary/BT.A.L?modules=financialData%2CquoteType%2CdefaultKeyStatistics%2CassetProfile%2CsummaryDetail&corsDomain=finance.yahoo.com&formatted=false&symbol=BT.A.L&crumb=T44m4Se0rUJ
2026-01-16 19:40:10,864 | WARNING |   [BT.A.L] Fetch error: 'NoneType' object has no attribute 'update'
2026-01-16 19:40:13,881 | INFO |   Batch complete, waiting 60s...
2026-01-16 19:41:13,886 | INFO | 
  Batch 4/17 (25 assets)
2026-01-16 19:41:14,107 | INFO |     [COIN] +1 rows
2026-01-16 19:41:17,244 | INFO |     [CON.DE] +1 rows
2026-01-16 19:41:20,392 | INFO |     [COP] +1 rows
2026-01-16 19:41:23,494 | INFO |     [COST] +1 rows
2026-01-16 19:41:26,720 | INFO |     [CPG.L] +1 rows
2026-01-16 19:41:29,823 | INFO |     [CRM] +1 rows
2026-01-16 19:41:32,925 | INFO |     [CRWD] +1 rows
2026-01-16 19:41:36,071 | INFO |     [CS.PA] +1 rows
2026-01-16 19:41:39,260 | INFO |     [CSX] +1 rows
2026-01-16 19:41:42,395 | INFO |     [CTAS] +1 rows
2026-01-16 19:41:45,528 | INFO |     [CTVA] +1 rows
2026-01-16 19:41:48,660 | INFO |     [CVS] +1 rows
