2026-01-29 10:01:57,817 | INFO | ======================================================================
2026-01-29 10:01:57,817 | INFO | IoS-001 DAILY PRICE INGEST
2026-01-29 10:01:57,817 | INFO | Executor: LINE (EC-004)
2026-01-29 10:01:57,817 | INFO | Authority: CEO_DIRECTIVE_LINE_DAILY_INGEST_ACTIVATION_20251212
2026-01-29 10:01:57,817 | INFO | Time: 2026-01-29T09:01:57.817420+00:00
2026-01-29 10:01:57,817 | INFO | Asset Class Filter: ALL
2026-01-29 10:01:57,817 | INFO | Dry Run: False
2026-01-29 10:01:57,817 | INFO | ======================================================================
2026-01-29 10:01:58,004 | INFO | Found 491 VEGA-attested assets
2026-01-29 10:01:58,004 | INFO | 
============================================================
2026-01-29 10:01:58,004 | INFO | Processing CRYPTO: 46 assets
2026-01-29 10:01:58,004 | INFO | Schedule: Daily 01:00 UTC
2026-01-29 10:01:58,004 | INFO | ============================================================
2026-01-29 10:01:58,004 | INFO | 
  Batch 1/2 (25 assets)
2026-01-29 10:01:59,369 | ERROR | $GRT-USD: possibly delisted; no price data found  (1d 2026-01-29 -> 2026-01-30)
2026-01-29 10:02:02,391 | INFO |   Batch complete, waiting 60s...
2026-01-29 10:03:02,392 | INFO | 
  Batch 2/2 (21 assets)
2026-01-29 10:03:02,670 | ERROR | $UNI-USD: possibly delisted; no price data found  (1d 2026-01-27 -> 2026-01-30)
2026-01-29 10:03:05,734 | INFO | 
============================================================
2026-01-29 10:03:05,734 | INFO | Processing EQUITY: 421 assets
2026-01-29 10:03:05,736 | INFO | Schedule: Weekdays 22:00 UTC
2026-01-29 10:03:05,737 | INFO | ============================================================
2026-01-29 10:03:05,738 | INFO | 
  Batch 1/17 (25 assets)
2026-01-29 10:03:05,998 | ERROR | $1COV.DE: possibly delisted; no price data found  (1d 2025-12-24 -> 2026-01-30)
2026-01-29 10:03:09,340 | INFO |     [ABBV] +1 rows
2026-01-29 10:03:12,457 | INFO |     [ABNB] +1 rows
2026-01-29 10:03:15,640 | INFO |     [ABT] +1 rows
2026-01-29 10:03:18,807 | INFO |     [ADBE] +1 rows
2026-01-29 10:03:21,961 | INFO |     [ADI] +1 rows
2026-01-29 10:03:25,086 | INFO |     [ADSK] +1 rows
2026-01-29 10:03:28,309 | INFO |     [AEP] +1 rows
2026-01-29 10:03:31,483 | INFO |     [AFL] +1 rows
2026-01-29 10:03:34,639 | INFO |     [AIG] +1 rows
2026-01-29 10:03:37,755 | INFO |     [AKAM] +1 rows
2026-01-29 10:03:40,928 | INFO |     [AKVA.OL] +1 rows
2026-01-29 10:03:44,164 | INFO |     [ALB] +1 rows
2026-01-29 10:03:47,328 | INFO |     [ALL] +1 rows
2026-01-29 10:03:50,461 | INFO |     [AMAT] +1 rows
2026-01-29 10:03:53,462 | INFO |   Batch complete, waiting 60s...
2026-01-29 10:04:53,463 | INFO | 
  Batch 2/17 (25 assets)
2026-01-29 10:04:53,600 | INFO |     [AMD] +1 rows
2026-01-29 10:04:56,770 | INFO |     [AMGN] +1 rows
2026-01-29 10:04:59,927 | INFO |     [AMT] +1 rows
2026-01-29 10:05:03,130 | INFO |     [AMZN] +1 rows
2026-01-29 10:05:06,421 | INFO |     [AON] +1 rows
2026-01-29 10:05:09,657 | INFO |     [APD] +1 rows
2026-01-29 10:05:12,813 | INFO |     [ASML] +1 rows
2026-01-29 10:05:16,058 | INFO |     [AVB] +1 rows
2026-01-29 10:05:19,270 | INFO |     [AVGO] +1 rows
2026-01-29 10:05:22,391 | INFO |     [AWK] +1 rows
2026-01-29 10:05:25,576 | INFO |     [AXP] +1 rows
2026-01-29 10:05:28,685 | INFO |     [AZO] +1 rows
2026-01-29 10:05:31,885 | INFO |     [BA] +1 rows
2026-01-29 10:05:35,137 | INFO |     [BAC] +1 rows
2026-01-29 10:05:38,183 | INFO |   Batch complete, waiting 60s...
2026-01-29 10:06:38,196 | INFO | 
  Batch 3/17 (25 assets)
2026-01-29 10:06:38,399 | INFO |     [BEI.DE] +1 rows
2026-01-29 10:06:41,549 | INFO |     [BEWI.OL] +1 rows
2026-01-29 10:06:44,719 | INFO |     [BHP.L] +1 rows
2026-01-29 10:06:47,862 | INFO |     [BKNG] +1 rows
2026-01-29 10:06:51,049 | INFO |     [BKR] +1 rows
2026-01-29 10:06:54,200 | INFO |     [BLK] +1 rows
