2026-01-27 06:53:00,788 | INFO | ======================================================================
2026-01-27 06:53:00,788 | INFO | IoS-001 DAILY PRICE INGEST
2026-01-27 06:53:00,788 | INFO | Executor: LINE (EC-004)
2026-01-27 06:53:00,788 | INFO | Authority: CEO_DIRECTIVE_LINE_DAILY_INGEST_ACTIVATION_20251212
2026-01-27 06:53:00,788 | INFO | Time: 2026-01-27T05:53:00.788972+00:00
2026-01-27 06:53:00,788 | INFO | Asset Class Filter: ALL
2026-01-27 06:53:00,788 | INFO | Dry Run: False
2026-01-27 06:53:00,788 | INFO | ======================================================================
2026-01-27 06:53:00,979 | INFO | Found 491 VEGA-attested assets
2026-01-27 06:53:00,979 | INFO | 
============================================================
2026-01-27 06:53:00,979 | INFO | Processing CRYPTO: 46 assets
2026-01-27 06:53:00,980 | INFO | Schedule: Daily 01:00 UTC
2026-01-27 06:53:00,980 | INFO | ============================================================
2026-01-27 06:53:00,980 | INFO | 
  Batch 1/2 (25 assets)
2026-01-27 06:53:03,792 | WARNING |   [GRT-USD] Fetch error: Too Many Requests. Rate limited. Try after a while.
2026-01-27 06:53:06,868 | INFO |   Batch complete, waiting 60s...
2026-01-27 06:54:06,869 | INFO | 
  Batch 2/2 (21 assets)
2026-01-27 06:54:08,788 | WARNING |   [UNI-USD] Fetch error: Too Many Requests. Rate limited. Try after a while.
2026-01-27 06:54:11,820 | INFO | 
============================================================
2026-01-27 06:54:11,820 | INFO | Processing EQUITY: 421 assets
2026-01-27 06:54:11,820 | INFO | Schedule: Weekdays 22:00 UTC
2026-01-27 06:54:11,820 | INFO | ============================================================
2026-01-27 06:54:11,820 | INFO | 
  Batch 1/17 (25 assets)
2026-01-27 06:54:13,189 | WARNING |   [1COV.DE] Fetch error: Too Many Requests. Rate limited. Try after a while.
2026-01-27 06:54:17,308 | WARNING |   [ABBV] Fetch error: Too Many Requests. Rate limited. Try after a while.
2026-01-27 06:54:21,231 | WARNING |   [ABNB] Fetch error: Too Many Requests. Rate limited. Try after a while.
2026-01-27 06:54:25,429 | WARNING |   [ABT] Fetch error: Too Many Requests. Rate limited. Try after a while.
2026-01-27 06:54:29,325 | WARNING |   [ACA.PA] Fetch error: Too Many Requests. Rate limited. Try after a while.
2026-01-27 06:54:33,559 | WARNING |   [ADBE] Fetch error: Too Many Requests. Rate limited. Try after a while.
2026-01-27 06:54:37,756 | WARNING |   [ADI] Fetch error: Too Many Requests. Rate limited. Try after a while.
2026-01-27 06:54:41,708 | WARNING |   [ADS.DE] Fetch error: Too Many Requests. Rate limited. Try after a while.
2026-01-27 06:54:45,952 | WARNING |   [ADSK] Fetch error: Too Many Requests. Rate limited. Try after a while.
2026-01-27 06:54:49,882 | WARNING |   [AEP] Fetch error: Too Many Requests. Rate limited. Try after a while.
2026-01-27 06:54:53,847 | WARNING |   [AFL] Fetch error: Too Many Requests. Rate limited. Try after a while.
2026-01-27 06:54:57,765 | WARNING |   [AI.PA] Fetch error: Too Many Requests. Rate limited. Try after a while.
2026-01-27 06:55:01,897 | WARNING |   [AIG] Fetch error: Too Many Requests. Rate limited. Try after a while.
2026-01-27 06:55:06,165 | WARNING |   [AIR.DE] Fetch error: Too Many Requests. Rate limited. Try after a while.
2026-01-27 06:55:10,580 | WARNING |   [AIR.PA] Fetch error: Too Many Requests. Rate limited. Try after a while.
2026-01-27 06:55:14,981 | WARNING |   [AKAM] Fetch error: Too Many Requests. Rate limited. Try after a while.
2026-01-27 06:55:19,217 | WARNING |   [AKER.OL] Fetch error: Too Many Requests. Rate limited. Try after a while.
2026-01-27 06:55:23,349 | WARNING |   [AKRBP.OL] Fetch error: Too Many Requests. Rate limited. Try after a while.
2026-01-27 06:55:27,936 | WARNING |   [AKSO.OL] Fetch error: Too Many Requests. Rate limited. Try after a while.
2026-01-27 06:55:31,777 | WARNING |   [AKVA.OL] Fetch error: Too Many Requests. Rate limited. Try after a while.
2026-01-27 06:55:35,949 | WARNING |   [ALB] Fetch error: Too Many Requests. Rate limited. Try after a while.
2026-01-27 06:55:40,092 | WARNING |   [ALL] Fetch error: Too Many Requests. Rate limited. Try after a while.
2026-01-27 06:55:43,872 | WARNING |   [ALO.PA] Fetch error: Too Many Requests. Rate limited. Try after a while.
2026-01-27 06:55:48,122 | WARNING |   [ALV.DE] Fetch error: Too Many Requests. Rate limited. Try after a while.
2026-01-27 06:55:52,297 | WARNING |   [AMAT] Fetch error: Too Many Requests. Rate limited. Try after a while.
2026-01-27 06:55:55,299 | INFO |   Batch complete, waiting 60s...
2026-01-27 06:56:55,300 | INFO | 
  Batch 2/17 (25 assets)
2026-01-27 06:56:56,870 | WARNING |   [AMD] Fetch error: Too Many Requests. Rate limited. Try after a while.
2026-01-27 06:57:01,032 | WARNING |   [AMGN] Fetch error: Too Many Requests. Rate limited. Try after a while.
2026-01-27 06:57:05,252 | WARNING |   [AMT] Fetch error: Too Many Requests. Rate limited. Try after a while.
2026-01-27 06:57:09,312 | WARNING |   [AMZN] Fetch error: Too Many Requests. Rate limited. Try after a while.
2026-01-27 06:57:13,692 | WARNING |   [AON] Fetch error: Too Many Requests. Rate limited. Try after a while.
2026-01-27 06:57:18,050 | WARNING |   [APD] Fetch error: Too Many Requests. Rate limited. Try after a while.
2026-01-27 06:57:22,073 | WARNING |   [ASML] Fetch error: Too Many Requests. Rate limited. Try after a while.
2026-01-27 06:57:26,077 | WARNING |   [ATO.PA] Fetch error: Too Many Requests. Rate limited. Try after a while.
2026-01-27 06:57:30,676 | WARNING |   [AUSS.OL] Fetch error: Too Many Requests. Rate limited. Try after a while.
2026-01-27 06:57:34,892 | WARNING |   [AUTO.OL] Fetch error: Too Many Requests. Rate limited. Try after a while.
2026-01-27 06:57:38,963 | WARNING |   [AV.L] Fetch error: Too Many Requests. Rate limited. Try after a while.
2026-01-27 06:57:43,032 | WARNING |   [AVB] Fetch error: Too Many Requests. Rate limited. Try after a while.
2026-01-27 06:57:47,045 | WARNING |   [AVGO] Fetch error: Too Many Requests. Rate limited. Try after a while.
2026-01-27 06:57:51,350 | WARNING |   [AWK] Fetch error: Too Many Requests. Rate limited. Try after a while.
2026-01-27 06:57:55,288 | WARNING |   [AXP] Fetch error: Too Many Requests. Rate limited. Try after a while.
