2026-01-06 13:48:26,872 | INFO | ======================================================================
2026-01-06 13:48:26,872 | INFO | IoS-001 DAILY PRICE INGEST
2026-01-06 13:48:26,872 | INFO | Executor: LINE (EC-004)
2026-01-06 13:48:26,872 | INFO | Authority: CEO_DIRECTIVE_LINE_DAILY_INGEST_ACTIVATION_20251212
2026-01-06 13:48:26,873 | INFO | Time: 2026-01-06T12:48:26.873048+00:00
2026-01-06 13:48:26,873 | INFO | Asset Class Filter: ALL
2026-01-06 13:48:26,873 | INFO | Dry Run: False
2026-01-06 13:48:26,873 | INFO | ======================================================================
2026-01-06 13:48:27,789 | INFO | Found 491 VEGA-attested assets
2026-01-06 13:48:27,789 | INFO | 
============================================================
2026-01-06 13:48:27,805 | INFO | Processing CRYPTO: 46 assets
2026-01-06 13:48:27,805 | INFO | Schedule: Daily 01:00 UTC
2026-01-06 13:48:27,805 | INFO | ============================================================
2026-01-06 13:48:27,805 | INFO | 
  Batch 1/2 (25 assets)
2026-01-06 13:48:34,542 | WARNING |   [GRT-USD] Fetch error: Too Many Requests. Rate limited. Try after a while.
2026-01-06 13:48:37,564 | INFO |   Batch complete, waiting 60s...
2026-01-06 13:49:37,569 | INFO | 
  Batch 2/2 (21 assets)
2026-01-06 13:49:37,646 | INFO | 
============================================================
2026-01-06 13:49:37,646 | INFO | Processing EQUITY: 421 assets
2026-01-06 13:49:37,646 | INFO | Schedule: Weekdays 22:00 UTC
2026-01-06 13:49:37,646 | INFO | ============================================================
2026-01-06 13:49:37,646 | INFO | 
  Batch 1/17 (25 assets)
2026-01-06 13:49:38,215 | WARNING |   [1COV.DE] Fetch error: Too Many Requests. Rate limited. Try after a while.
2026-01-06 13:49:43,609 | WARNING |   [ABBV] Fetch error: Too Many Requests. Rate limited. Try after a while.
2026-01-06 13:49:47,682 | WARNING |   [ABNB] Fetch error: Too Many Requests. Rate limited. Try after a while.
2026-01-06 13:49:51,900 | WARNING |   [ABT] Fetch error: Too Many Requests. Rate limited. Try after a while.
2026-01-06 13:49:56,795 | WARNING |   [ADBE] Fetch error: Too Many Requests. Rate limited. Try after a while.
2026-01-06 13:50:01,005 | WARNING |   [ADI] Fetch error: Too Many Requests. Rate limited. Try after a while.
2026-01-06 13:50:05,168 | WARNING |   [ADSK] Fetch error: Too Many Requests. Rate limited. Try after a while.
2026-01-06 13:50:09,367 | WARNING |   [AEP] Fetch error: Too Many Requests. Rate limited. Try after a while.
2026-01-06 13:50:13,749 | WARNING |   [AFL] Fetch error: Too Many Requests. Rate limited. Try after a while.
2026-01-06 13:50:18,087 | WARNING |   [AIG] Fetch error: Too Many Requests. Rate limited. Try after a while.
2026-01-06 13:50:23,331 | WARNING |   [AKAM] Fetch error: Too Many Requests. Rate limited. Try after a while.
2026-01-06 13:50:28,056 | WARNING |   [ALB] Fetch error: Too Many Requests. Rate limited. Try after a while.
2026-01-06 13:50:32,581 | WARNING |   [ALL] Fetch error: Too Many Requests. Rate limited. Try after a while.
2026-01-06 13:50:36,683 | WARNING |   [AMAT] Fetch error: Too Many Requests. Rate limited. Try after a while.
2026-01-06 13:50:39,685 | INFO |   Batch complete, waiting 60s...
2026-01-06 13:51:39,694 | INFO | 
  Batch 2/17 (25 assets)
2026-01-06 13:51:41,599 | WARNING |   [AMD] Fetch error: Too Many Requests. Rate limited. Try after a while.
2026-01-06 13:51:45,887 | WARNING |   [AMGN] Fetch error: Too Many Requests. Rate limited. Try after a while.
2026-01-06 13:51:50,105 | WARNING |   [AMT] Fetch error: Too Many Requests. Rate limited. Try after a while.
2026-01-06 13:51:54,249 | WARNING |   [AMZN] Fetch error: Too Many Requests. Rate limited. Try after a while.
2026-01-06 13:51:58,569 | WARNING |   [AON] Fetch error: Too Many Requests. Rate limited. Try after a while.
2026-01-06 13:52:02,838 | WARNING |   [APD] Fetch error: Too Many Requests. Rate limited. Try after a while.
2026-01-06 13:52:07,023 | WARNING |   [ASML] Fetch error: Too Many Requests. Rate limited. Try after a while.
2026-01-06 13:52:11,395 | WARNING |   [AVB] Fetch error: Too Many Requests. Rate limited. Try after a while.
2026-01-06 13:52:15,834 | WARNING |   [AVGO] Fetch error: Too Many Requests. Rate limited. Try after a while.
2026-01-06 13:52:20,171 | WARNING |   [AWK] Fetch error: Too Many Requests. Rate limited. Try after a while.
2026-01-06 13:52:24,681 | WARNING |   [AXP] Fetch error: Too Many Requests. Rate limited. Try after a while.
2026-01-06 13:52:29,086 | WARNING |   [AZO] Fetch error: Too Many Requests. Rate limited. Try after a while.
2026-01-06 13:52:33,413 | WARNING |   [BA] Fetch error: Too Many Requests. Rate limited. Try after a while.
2026-01-06 13:52:37,999 | WARNING |   [BAC] Fetch error: Too Many Requests. Rate limited. Try after a while.
2026-01-06 13:52:41,012 | INFO |   Batch complete, waiting 60s...
