2026-01-23 10:15:33,686 | INFO | ======================================================================
2026-01-23 10:15:33,686 | INFO | IoS-001 DAILY PRICE INGEST
2026-01-23 10:15:33,686 | INFO | Executor: LINE (EC-004)
2026-01-23 10:15:33,686 | INFO | Authority: CEO_DIRECTIVE_LINE_DAILY_INGEST_ACTIVATION_20251212
2026-01-23 10:15:33,686 | INFO | Time: 2026-01-23T09:15:33.686795+00:00
2026-01-23 10:15:33,686 | INFO | Asset Class Filter: ALL
2026-01-23 10:15:33,686 | INFO | Dry Run: False
2026-01-23 10:15:33,686 | INFO | ======================================================================
2026-01-23 10:15:33,975 | INFO | Found 491 VEGA-attested assets
2026-01-23 10:15:33,975 | INFO | 
============================================================
2026-01-23 10:15:33,975 | INFO | Processing CRYPTO: 46 assets
2026-01-23 10:15:33,975 | INFO | Schedule: Daily 01:00 UTC
2026-01-23 10:15:33,975 | INFO | ============================================================
2026-01-23 10:15:33,975 | INFO | 
  Batch 1/2 (25 assets)
2026-01-23 10:15:36,781 | WARNING |   [GRT-USD] Fetch error: Too Many Requests. Rate limited. Try after a while.
2026-01-23 10:15:39,825 | INFO |   Batch complete, waiting 60s...
2026-01-23 10:16:39,827 | INFO | 
  Batch 2/2 (21 assets)
2026-01-23 10:16:41,784 | WARNING |   [UNI-USD] Fetch error: Too Many Requests. Rate limited. Try after a while.
2026-01-23 10:16:44,835 | INFO | 
============================================================
2026-01-23 10:16:44,835 | INFO | Processing EQUITY: 421 assets
2026-01-23 10:16:44,835 | INFO | Schedule: Weekdays 22:00 UTC
2026-01-23 10:16:44,836 | INFO | ============================================================
2026-01-23 10:16:44,836 | INFO | 
  Batch 1/17 (25 assets)
2026-01-23 10:16:45,820 | WARNING |   [1COV.DE] Fetch error: Too Many Requests. Rate limited. Try after a while.
2026-01-23 10:16:49,644 | WARNING |   [ABBV] Fetch error: Too Many Requests. Rate limited. Try after a while.
2026-01-23 10:16:53,741 | WARNING |   [ABNB] Fetch error: Too Many Requests. Rate limited. Try after a while.
2026-01-23 10:16:57,841 | WARNING |   [ABT] Fetch error: Too Many Requests. Rate limited. Try after a while.
2026-01-23 10:17:01,912 | WARNING |   [ADBE] Fetch error: Too Many Requests. Rate limited. Try after a while.
2026-01-23 10:17:06,158 | WARNING |   [ADI] Fetch error: Too Many Requests. Rate limited. Try after a while.
2026-01-23 10:17:10,025 | WARNING |   [ADSK] Fetch error: Too Many Requests. Rate limited. Try after a while.
2026-01-23 10:17:14,299 | WARNING |   [AEP] Fetch error: Too Many Requests. Rate limited. Try after a while.
2026-01-23 10:17:18,571 | WARNING |   [AFL] Fetch error: Too Many Requests. Rate limited. Try after a while.
2026-01-23 10:17:22,774 | WARNING |   [AIG] Fetch error: Too Many Requests. Rate limited. Try after a while.
2026-01-23 10:17:27,381 | WARNING |   [AKAM] Fetch error: Too Many Requests. Rate limited. Try after a while.
2026-01-23 10:17:31,498 | WARNING |   [ALB] Fetch error: Too Many Requests. Rate limited. Try after a while.
2026-01-23 10:17:35,813 | WARNING |   [ALL] Fetch error: Too Many Requests. Rate limited. Try after a while.
2026-01-23 10:17:40,377 | WARNING |   [AMAT] Fetch error: Too Many Requests. Rate limited. Try after a while.
2026-01-23 10:17:43,381 | INFO |   Batch complete, waiting 60s...
2026-01-23 10:18:43,383 | INFO | 
  Batch 2/17 (25 assets)
2026-01-23 10:18:44,996 | WARNING |   [AMD] Fetch error: Too Many Requests. Rate limited. Try after a while.
2026-01-23 10:18:48,858 | WARNING |   [AMGN] Fetch error: Too Many Requests. Rate limited. Try after a while.
2026-01-23 10:18:53,157 | WARNING |   [AMT] Fetch error: Too Many Requests. Rate limited. Try after a while.
2026-01-23 10:18:57,287 | WARNING |   [AMZN] Fetch error: Too Many Requests. Rate limited. Try after a while.
2026-01-23 10:19:01,561 | WARNING |   [AON] Fetch error: Too Many Requests. Rate limited. Try after a while.
2026-01-23 10:19:05,739 | WARNING |   [APD] Fetch error: Too Many Requests. Rate limited. Try after a while.
2026-01-23 10:19:09,990 | WARNING |   [ASML] Fetch error: Too Many Requests. Rate limited. Try after a while.
2026-01-23 10:19:14,349 | WARNING |   [AVB] Fetch error: Too Many Requests. Rate limited. Try after a while.
2026-01-23 10:19:18,494 | WARNING |   [AVGO] Fetch error: Too Many Requests. Rate limited. Try after a while.
2026-01-23 10:19:22,641 | WARNING |   [AWK] Fetch error: Too Many Requests. Rate limited. Try after a while.
2026-01-23 10:19:26,725 | WARNING |   [AXP] Fetch error: Too Many Requests. Rate limited. Try after a while.
2026-01-23 10:19:30,590 | WARNING |   [AZO] Fetch error: Too Many Requests. Rate limited. Try after a while.
2026-01-23 10:19:34,834 | WARNING |   [BA] Fetch error: Too Many Requests. Rate limited. Try after a while.
2026-01-23 10:19:38,985 | WARNING |   [BAC] Fetch error: Too Many Requests. Rate limited. Try after a while.
2026-01-23 10:19:42,004 | INFO |   Batch complete, waiting 60s...
