2026-01-15 05:08:30,522 | INFO | ======================================================================
2026-01-15 05:08:30,522 | INFO | IoS-001 DAILY PRICE INGEST
2026-01-15 05:08:30,523 | INFO | Executor: LINE (EC-004)
2026-01-15 05:08:30,523 | INFO | Authority: CEO_DIRECTIVE_LINE_DAILY_INGEST_ACTIVATION_20251212
2026-01-15 05:08:30,523 | INFO | Time: 2026-01-15T04:08:30.523826+00:00
2026-01-15 05:08:30,523 | INFO | Asset Class Filter: ALL
2026-01-15 05:08:30,523 | INFO | Dry Run: False
2026-01-15 05:08:30,523 | INFO | ======================================================================
2026-01-15 05:08:30,943 | INFO | Found 491 VEGA-attested assets
2026-01-15 05:08:30,943 | INFO | 
============================================================
2026-01-15 05:08:30,943 | INFO | Processing CRYPTO: 46 assets
2026-01-15 05:08:30,944 | INFO | Schedule: Daily 01:00 UTC
2026-01-15 05:08:30,944 | INFO | ============================================================
2026-01-15 05:08:30,944 | INFO | 
  Batch 1/2 (25 assets)
2026-01-15 05:08:33,831 | WARNING |   [GRT-USD] Fetch error: Too Many Requests. Rate limited. Try after a while.
2026-01-15 05:08:36,857 | INFO |   Batch complete, waiting 60s...
2026-01-15 05:09:36,859 | INFO | 
  Batch 2/2 (21 assets)
2026-01-15 05:09:38,596 | WARNING |   [UNI-USD] Fetch error: Too Many Requests. Rate limited. Try after a while.
2026-01-15 05:09:41,641 | INFO | 
============================================================
2026-01-15 05:09:41,642 | INFO | Processing EQUITY: 421 assets
2026-01-15 05:09:41,642 | INFO | Schedule: Weekdays 22:00 UTC
2026-01-15 05:09:41,642 | INFO | ============================================================
2026-01-15 05:09:41,643 | INFO | 
  Batch 1/17 (25 assets)
2026-01-15 05:09:43,100 | WARNING |   [1COV.DE] Fetch error: Too Many Requests. Rate limited. Try after a while.
2026-01-15 05:09:47,382 | WARNING |   [ABBV] Fetch error: Too Many Requests. Rate limited. Try after a while.
2026-01-15 05:09:51,283 | WARNING |   [ABNB] Fetch error: Too Many Requests. Rate limited. Try after a while.
2026-01-15 05:09:54,996 | WARNING |   [ABT] Fetch error: Too Many Requests. Rate limited. Try after a while.
2026-01-15 05:09:59,110 | WARNING |   [ACA.PA] Fetch error: Too Many Requests. Rate limited. Try after a while.
2026-01-15 05:10:03,018 | WARNING |   [ADBE] Fetch error: Too Many Requests. Rate limited. Try after a while.
2026-01-15 05:10:07,117 | WARNING |   [ADI] Fetch error: Too Many Requests. Rate limited. Try after a while.
2026-01-15 05:10:10,969 | WARNING |   [ADS.DE] Fetch error: Too Many Requests. Rate limited. Try after a while.
2026-01-15 05:10:14,922 | WARNING |   [ADSK] Fetch error: Too Many Requests. Rate limited. Try after a while.
2026-01-15 05:10:19,206 | WARNING |   [AEP] Fetch error: Too Many Requests. Rate limited. Try after a while.
2026-01-15 05:10:23,097 | WARNING |   [AFL] Fetch error: Too Many Requests. Rate limited. Try after a while.
2026-01-15 05:10:27,166 | WARNING |   [AI.PA] Fetch error: Too Many Requests. Rate limited. Try after a while.
2026-01-15 05:10:31,084 | WARNING |   [AIG] Fetch error: Too Many Requests. Rate limited. Try after a while.
2026-01-15 05:10:35,272 | WARNING |   [AIR.DE] Fetch error: Too Many Requests. Rate limited. Try after a while.
2026-01-15 05:10:39,236 | WARNING |   [AIR.PA] Fetch error: Too Many Requests. Rate limited. Try after a while.
2026-01-15 05:10:43,313 | WARNING |   [AKAM] Fetch error: Too Many Requests. Rate limited. Try after a while.
2026-01-15 05:10:47,439 | WARNING |   [AKER.OL] Fetch error: Too Many Requests. Rate limited. Try after a while.
2026-01-15 05:10:51,752 | WARNING |   [AKRBP.OL] Fetch error: Too Many Requests. Rate limited. Try after a while.
2026-01-15 05:10:55,710 | WARNING |   [AKSO.OL] Fetch error: Too Many Requests. Rate limited. Try after a while.
2026-01-15 05:10:59,801 | WARNING |   [AKVA.OL] Fetch error: Too Many Requests. Rate limited. Try after a while.
2026-01-15 05:11:03,720 | WARNING |   [ALB] Fetch error: Too Many Requests. Rate limited. Try after a while.
2026-01-15 05:11:07,816 | WARNING |   [ALL] Fetch error: Too Many Requests. Rate limited. Try after a while.
2026-01-15 05:11:11,902 | WARNING |   [ALO.PA] Fetch error: Too Many Requests. Rate limited. Try after a while.
2026-01-15 05:11:15,847 | WARNING |   [ALV.DE] Fetch error: Too Many Requests. Rate limited. Try after a while.
2026-01-15 05:11:19,754 | WARNING |   [AMAT] Fetch error: Too Many Requests. Rate limited. Try after a while.
2026-01-15 05:11:22,756 | INFO |   Batch complete, waiting 60s...
2026-01-15 05:12:22,757 | INFO | 
  Batch 2/17 (25 assets)
2026-01-15 05:12:24,480 | WARNING |   [AMD] Fetch error: Too Many Requests. Rate limited. Try after a while.
2026-01-15 05:12:28,464 | WARNING |   [AMGN] Fetch error: Too Many Requests. Rate limited. Try after a while.
2026-01-15 05:12:32,625 | WARNING |   [AMT] Fetch error: Too Many Requests. Rate limited. Try after a while.
2026-01-15 05:12:36,660 | WARNING |   [AMZN] Fetch error: Too Many Requests. Rate limited. Try after a while.
2026-01-15 05:12:40,903 | WARNING |   [AON] Fetch error: Too Many Requests. Rate limited. Try after a while.
2026-01-15 05:12:44,778 | WARNING |   [APD] Fetch error: Too Many Requests. Rate limited. Try after a while.
2026-01-15 05:12:48,703 | WARNING |   [ASML] Fetch error: Too Many Requests. Rate limited. Try after a while.
2026-01-15 05:12:52,660 | WARNING |   [ATO.PA] Fetch error: Too Many Requests. Rate limited. Try after a while.
2026-01-15 05:12:56,781 | WARNING |   [AUSS.OL] Fetch error: Too Many Requests. Rate limited. Try after a while.
2026-01-15 05:13:00,890 | WARNING |   [AUTO.OL] Fetch error: Too Many Requests. Rate limited. Try after a while.
2026-01-15 05:13:05,292 | WARNING |   [AV.L] Fetch error: Too Many Requests. Rate limited. Try after a while.
2026-01-15 05:13:09,290 | WARNING |   [AVB] Fetch error: Too Many Requests. Rate limited. Try after a while.
2026-01-15 05:13:13,325 | WARNING |   [AVGO] Fetch error: Too Many Requests. Rate limited. Try after a while.
2026-01-15 05:13:17,503 | WARNING |   [AWK] Fetch error: Too Many Requests. Rate limited. Try after a while.
2026-01-15 05:13:21,670 | WARNING |   [AXP] Fetch error: Too Many Requests. Rate limited. Try after a while.
2026-01-15 05:13:25,738 | WARNING |   [AZN.L] Fetch error: Too Many Requests. Rate limited. Try after a while.
