2026-01-24 19:25:54,847 | INFO | ======================================================================
2026-01-24 19:25:54,847 | INFO | IoS-001 DAILY PRICE INGEST
2026-01-24 19:25:54,847 | INFO | Executor: LINE (EC-004)
2026-01-24 19:25:54,847 | INFO | Authority: CEO_DIRECTIVE_LINE_DAILY_INGEST_ACTIVATION_20251212
2026-01-24 19:25:54,847 | INFO | Time: 2026-01-24T18:25:54.847883+00:00
2026-01-24 19:25:54,847 | INFO | Asset Class Filter: ALL
2026-01-24 19:25:54,847 | INFO | Dry Run: False
2026-01-24 19:25:54,847 | INFO | ======================================================================
2026-01-24 19:25:55,129 | INFO | Found 491 VEGA-attested assets
2026-01-24 19:25:55,129 | INFO | 
============================================================
2026-01-24 19:25:55,129 | INFO | Processing CRYPTO: 46 assets
2026-01-24 19:25:55,129 | INFO | Schedule: Daily 01:00 UTC
2026-01-24 19:25:55,129 | INFO | ============================================================
2026-01-24 19:25:55,129 | INFO | 
  Batch 1/2 (25 assets)
2026-01-24 19:25:58,103 | WARNING |   [GRT-USD] Fetch error: Too Many Requests. Rate limited. Try after a while.
2026-01-24 19:26:01,138 | INFO |   Batch complete, waiting 60s...
2026-01-24 19:27:01,139 | INFO | 
  Batch 2/2 (21 assets)
2026-01-24 19:27:02,852 | WARNING |   [UNI-USD] Fetch error: Too Many Requests. Rate limited. Try after a while.
2026-01-24 19:27:05,927 | INFO | 
============================================================
2026-01-24 19:27:05,928 | INFO | Processing EQUITY: 421 assets
2026-01-24 19:27:05,928 | INFO | Schedule: Weekdays 22:00 UTC
2026-01-24 19:27:05,929 | INFO | ============================================================
2026-01-24 19:27:05,929 | INFO |   Market closed for EQUITY today, skipping
2026-01-24 19:27:05,929 | INFO | 
============================================================
2026-01-24 19:27:05,930 | INFO | Processing FX: 24 assets
2026-01-24 19:27:05,930 | INFO | Schedule: Sun-Thu 22:00 UTC
2026-01-24 19:27:05,930 | INFO | ============================================================
2026-01-24 19:27:05,931 | INFO |   Market closed for FX today, skipping
2026-01-24 19:27:05,938 | WARNING | Heartbeat recording failed: relation "fhq_monitoring.system_heartbeats" does not exist
LINE 2:                 INSERT INTO fhq_monitoring.system_heartbeats...
                                    ^

2026-01-24 19:27:05,943 | INFO | 
======================================================================
2026-01-24 19:27:05,945 | INFO | DAILY INGEST COMPLETE
2026-01-24 19:27:05,945 | INFO | ======================================================================
2026-01-24 19:27:05,947 | INFO | Assets Processed: 46
2026-01-24 19:27:05,948 | INFO | Assets Updated:   0
2026-01-24 19:27:05,949 | INFO | Rows Inserted:    0
2026-01-24 19:27:05,949 | INFO |   CRYPTO: 0 assets, 0 rows
2026-01-24 19:27:05,950 | INFO | Evidence: C:\fhq-market-system\vision-ios\03_FUNCTIONS\evidence\IOS001_DAILY_INGEST_6343bf99_20260124_192705.json
2026-01-24 19:27:05,951 | INFO | ======================================================================
