2026-02-06 14:35:45,974 | INFO | Alpaca clients initialized
2026-02-06 14:35:45,975 | INFO | ======================================================================
2026-02-06 14:35:45,975 | INFO | IoS-001 ALPACA PRICE INGEST
2026-02-06 14:35:45,975 | INFO | ======================================================================
2026-02-06 14:35:45,975 | INFO | Executor: LINE (EC-004)
2026-02-06 14:35:45,975 | INFO | Supervisor: STIG (CTO)
2026-02-06 14:35:45,975 | INFO | Authority: IoS-001 G4_CONSTITUTIONAL
2026-02-06 14:35:45,975 | INFO | Timeframe: 1d
2026-02-06 14:35:45,979 | INFO | Asset Class: EQUITY
2026-02-06 14:35:45,979 | INFO | Dry Run: False
2026-02-06 14:35:45,979 | INFO | ======================================================================
2026-02-06 14:35:45,983 | INFO | Found 200 eligible assets
2026-02-06 14:35:45,983 | INFO | 
Fetching 200 US equities...
2026-02-06 14:35:45,983 | INFO |   Batch 1: 50 symbols
2026-02-06 14:35:47,477 | INFO |     Stored 200 records
2026-02-06 14:35:47,477 | INFO |   Batch 2: 50 symbols
2026-02-06 14:35:47,933 | INFO |     Stored 200 records
2026-02-06 14:35:47,933 | INFO |   Batch 3: 50 symbols
2026-02-06 14:35:48,388 | INFO |     Stored 200 records
2026-02-06 14:35:48,388 | INFO |   Batch 4: 50 symbols
2026-02-06 14:35:48,824 | INFO |     Stored 196 records
