2026-01-24 21:41:28,894 | INFO | ======================================================================
2026-01-24 21:41:28,895 | INFO | IoS-001 DAILY PRICE INGEST
2026-01-24 21:41:28,895 | INFO | Executor: LINE (EC-004)
2026-01-24 21:41:28,895 | INFO | Authority: CEO_DIRECTIVE_LINE_DAILY_INGEST_ACTIVATION_20251212
2026-01-24 21:41:28,896 | INFO | Time: 2026-01-24T20:41:28.896292+00:00
2026-01-24 21:41:28,896 | INFO | Asset Class Filter: ALL
2026-01-24 21:41:28,896 | INFO | Dry Run: False
2026-01-24 21:41:28,896 | INFO | ======================================================================
2026-01-24 21:41:29,318 | INFO | Found 491 VEGA-attested assets
2026-01-24 21:41:29,319 | INFO | 
============================================================
2026-01-24 21:41:29,319 | INFO | Processing CRYPTO: 46 assets
2026-01-24 21:41:29,319 | INFO | Schedule: Daily 01:00 UTC
2026-01-24 21:41:29,320 | INFO | ============================================================
2026-01-24 21:41:29,320 | INFO | 
  Batch 1/2 (25 assets)
2026-01-24 21:41:31,355 | ERROR | $GRT-USD: possibly delisted; no price data found  (1d 2026-01-24 -> 2026-01-25)
2026-01-24 21:41:34,364 | INFO |   Batch complete, waiting 60s...
2026-01-24 21:42:34,366 | INFO | 
  Batch 2/2 (21 assets)
2026-01-24 21:42:34,525 | ERROR | $UNI-USD: possibly delisted; no price data found  (1d 2026-01-23 -> 2026-01-25)
2026-01-24 21:42:37,548 | INFO | 
============================================================
2026-01-24 21:42:37,548 | INFO | Processing EQUITY: 421 assets
2026-01-24 21:42:37,548 | INFO | Schedule: Weekdays 22:00 UTC
2026-01-24 21:42:37,548 | INFO | ============================================================
2026-01-24 21:42:37,548 | INFO |   Market closed for EQUITY today, skipping
2026-01-24 21:42:37,549 | INFO | 
============================================================
2026-01-24 21:42:37,549 | INFO | Processing FX: 24 assets
2026-01-24 21:42:37,549 | INFO | Schedule: Sun-Thu 22:00 UTC
2026-01-24 21:42:37,549 | INFO | ============================================================
2026-01-24 21:42:37,549 | INFO |   Market closed for FX today, skipping
2026-01-24 21:42:37,552 | WARNING | Heartbeat recording failed: relation "fhq_monitoring.system_heartbeats" does not exist
LINE 2:                 INSERT INTO fhq_monitoring.system_heartbeats...
                                    ^

2026-01-24 21:42:37,553 | INFO | 
======================================================================
2026-01-24 21:42:37,553 | INFO | DAILY INGEST COMPLETE
2026-01-24 21:42:37,554 | INFO | ======================================================================
2026-01-24 21:42:37,554 | INFO | Assets Processed: 46
2026-01-24 21:42:37,554 | INFO | Assets Updated:   0
2026-01-24 21:42:37,554 | INFO | Rows Inserted:    0
2026-01-24 21:42:37,554 | INFO |   CRYPTO: 0 assets, 0 rows
2026-01-24 21:42:37,554 | INFO | Evidence: C:\fhq-market-system\vision-ios\03_FUNCTIONS\evidence\IOS001_DAILY_INGEST_2a2b10d8_20260124_214237.json
2026-01-24 21:42:37,554 | INFO | ======================================================================
