2026-01-13 02:59:08,706 | INFO | ======================================================================
2026-01-13 02:59:08,706 | INFO | IoS-001 DAILY PRICE INGEST
2026-01-13 02:59:08,706 | INFO | Executor: LINE (EC-004)
2026-01-13 02:59:08,706 | INFO | Authority: CEO_DIRECTIVE_LINE_DAILY_INGEST_ACTIVATION_20251212
2026-01-13 02:59:08,707 | INFO | Time: 2026-01-13T01:59:08.707682+00:00
2026-01-13 02:59:08,707 | INFO | Asset Class Filter: ALL
2026-01-13 02:59:08,707 | INFO | Dry Run: False
2026-01-13 02:59:08,707 | INFO | ======================================================================
2026-01-13 02:59:08,998 | INFO | Found 491 VEGA-attested assets
2026-01-13 02:59:08,998 | INFO | 
============================================================
2026-01-13 02:59:08,998 | INFO | Processing CRYPTO: 46 assets
2026-01-13 02:59:08,999 | INFO | Schedule: Daily 01:00 UTC
2026-01-13 02:59:08,999 | INFO | ============================================================
2026-01-13 02:59:08,999 | INFO | 
  Batch 1/2 (25 assets)
2026-01-13 02:59:12,771 | WARNING |   [GRT-USD] Fetch error: Too Many Requests. Rate limited. Try after a while.
2026-01-13 02:59:15,784 | INFO |   Batch complete, waiting 60s...
2026-01-13 03:00:15,787 | INFO | 
  Batch 2/2 (21 assets)
2026-01-13 03:00:17,755 | WARNING |   [UNI-USD] Fetch error: Too Many Requests. Rate limited. Try after a while.
2026-01-13 03:00:20,768 | INFO | 
============================================================
2026-01-13 03:00:20,768 | INFO | Processing EQUITY: 421 assets
2026-01-13 03:00:20,768 | INFO | Schedule: Weekdays 22:00 UTC
2026-01-13 03:00:20,768 | INFO | ============================================================
2026-01-13 03:00:20,768 | INFO | 
  Batch 1/17 (25 assets)
2026-01-13 03:00:22,137 | WARNING |   [1COV.DE] Fetch error: Too Many Requests. Rate limited. Try after a while.
2026-01-13 03:00:26,267 | WARNING |   [ABBV] Fetch error: Too Many Requests. Rate limited. Try after a while.
2026-01-13 03:00:30,424 | WARNING |   [ABNB] Fetch error: Too Many Requests. Rate limited. Try after a while.
2026-01-13 03:00:34,598 | WARNING |   [ABT] Fetch error: Too Many Requests. Rate limited. Try after a while.
2026-01-13 03:00:38,809 | WARNING |   [ACA.PA] Fetch error: Too Many Requests. Rate limited. Try after a while.
2026-01-13 03:00:43,248 | WARNING |   [ADBE] Fetch error: Too Many Requests. Rate limited. Try after a while.
2026-01-13 03:00:47,401 | WARNING |   [ADI] Fetch error: Too Many Requests. Rate limited. Try after a while.
2026-01-13 03:00:51,468 | WARNING |   [ADS.DE] Fetch error: Too Many Requests. Rate limited. Try after a while.
2026-01-13 03:00:55,599 | WARNING |   [ADSK] Fetch error: Too Many Requests. Rate limited. Try after a while.
2026-01-13 03:00:59,767 | WARNING |   [AEP] Fetch error: Too Many Requests. Rate limited. Try after a while.
2026-01-13 03:01:03,917 | WARNING |   [AFL] Fetch error: Too Many Requests. Rate limited. Try after a while.
2026-01-13 03:01:08,214 | WARNING |   [AI.PA] Fetch error: Too Many Requests. Rate limited. Try after a while.
2026-01-13 03:01:12,448 | WARNING |   [AIG] Fetch error: Too Many Requests. Rate limited. Try after a while.
2026-01-13 03:01:16,226 | WARNING |   [AIR.DE] Fetch error: Too Many Requests. Rate limited. Try after a while.
2026-01-13 03:01:20,423 | WARNING |   [AIR.PA] Fetch error: Too Many Requests. Rate limited. Try after a while.
2026-01-13 03:01:24,622 | WARNING |   [AKAM] Fetch error: Too Many Requests. Rate limited. Try after a while.
2026-01-13 03:01:28,690 | WARNING |   [AKER.OL] Fetch error: Too Many Requests. Rate limited. Try after a while.
2026-01-13 03:01:32,609 | WARNING |   [AKRBP.OL] Fetch error: Too Many Requests. Rate limited. Try after a while.
2026-01-13 03:01:36,605 | WARNING |   [AKSO.OL] Fetch error: Too Many Requests. Rate limited. Try after a while.
2026-01-13 03:01:41,110 | WARNING |   [AKVA.OL] Fetch error: Too Many Requests. Rate limited. Try after a while.
2026-01-13 03:01:45,703 | WARNING |   [ALB] Fetch error: Too Many Requests. Rate limited. Try after a while.
2026-01-13 03:01:49,640 | WARNING |   [ALL] Fetch error: Too Many Requests. Rate limited. Try after a while.
2026-01-13 03:01:54,108 | WARNING |   [ALO.PA] Fetch error: Too Many Requests. Rate limited. Try after a while.
2026-01-13 03:01:58,146 | WARNING |   [ALV.DE] Fetch error: Too Many Requests. Rate limited. Try after a while.
2026-01-13 03:02:02,159 | WARNING |   [AMAT] Fetch error: Too Many Requests. Rate limited. Try after a while.
2026-01-13 03:02:05,162 | INFO |   Batch complete, waiting 60s...
2026-01-13 03:03:05,163 | INFO | 
  Batch 2/17 (25 assets)
2026-01-13 03:03:06,830 | WARNING |   [AMD] Fetch error: Too Many Requests. Rate limited. Try after a while.
2026-01-13 03:03:10,973 | WARNING |   [AMGN] Fetch error: Too Many Requests. Rate limited. Try after a while.
2026-01-13 03:03:15,137 | WARNING |   [AMT] Fetch error: Too Many Requests. Rate limited. Try after a while.
2026-01-13 03:03:19,245 | WARNING |   [AMZN] Fetch error: Too Many Requests. Rate limited. Try after a while.
2026-01-13 03:03:23,465 | WARNING |   [AON] Fetch error: Too Many Requests. Rate limited. Try after a while.
2026-01-13 03:03:27,461 | WARNING |   [APD] Fetch error: Too Many Requests. Rate limited. Try after a while.
2026-01-13 03:03:31,518 | WARNING |   [ASML] Fetch error: Too Many Requests. Rate limited. Try after a while.
2026-01-13 03:03:35,592 | WARNING |   [ATO.PA] Fetch error: Too Many Requests. Rate limited. Try after a while.
2026-01-13 03:03:39,588 | WARNING |   [AUSS.OL] Fetch error: Too Many Requests. Rate limited. Try after a while.
2026-01-13 03:03:43,792 | WARNING |   [AUTO.OL] Fetch error: Too Many Requests. Rate limited. Try after a while.
2026-01-13 03:03:47,981 | WARNING |   [AV.L] Fetch error: Too Many Requests. Rate limited. Try after a while.
2026-01-13 03:03:52,041 | WARNING |   [AVB] Fetch error: Too Many Requests. Rate limited. Try after a while.
2026-01-13 03:03:56,057 | WARNING |   [AVGO] Fetch error: Too Many Requests. Rate limited. Try after a while.
2026-01-13 03:04:00,451 | WARNING |   [AWK] Fetch error: Too Many Requests. Rate limited. Try after a while.
2026-01-13 03:04:04,618 | WARNING |   [AXP] Fetch error: Too Many Requests. Rate limited. Try after a while.
