2026-02-16 23:49:41,089 | INFO | ======================================================================
2026-02-16 23:49:41,089 | INFO | IoS-001 DAILY PRICE INGEST
2026-02-16 23:49:41,089 | INFO | Executor: LINE (EC-004)
2026-02-16 23:49:41,089 | INFO | Authority: CEO_DIRECTIVE_LINE_DAILY_INGEST_ACTIVATION_20251212
2026-02-16 23:49:41,089 | INFO | Amendment: CEO-DIR-2026-119 (Rate Limit Mitigation)
2026-02-16 23:49:41,089 | INFO | Time: 2026-02-16T22:49:41.089970+00:00
2026-02-16 23:49:41,089 | INFO | Asset Class Filter: ALL
2026-02-16 23:49:41,089 | INFO | Batch Mode: True
2026-02-16 23:49:41,089 | INFO | Dry Run: False
2026-02-16 23:49:41,089 | INFO | ======================================================================
2026-02-16 23:49:41,323 | INFO | Found 491 VEGA-attested assets
2026-02-16 23:49:41,323 | INFO | 
============================================================
2026-02-16 23:49:41,323 | INFO | Processing CRYPTO: 46 assets
2026-02-16 23:49:41,323 | INFO | Schedule: Daily 01:00 UTC
2026-02-16 23:49:41,323 | INFO | ============================================================
2026-02-16 23:49:41,323 | INFO |   Using BATCH MODE (CEO-DIR-2026-119)
2026-02-16 23:49:41,323 | INFO | 
  Batch 1/5 (10 tickers)
2026-02-16 23:49:41,332 | INFO |     All assets up to date
2026-02-16 23:49:41,332 | INFO | 
  Batch 2/5 (10 tickers)
2026-02-16 23:49:41,332 | INFO |     Batch download: 1 tickers
2026-02-16 23:49:44,220 | ERROR | 
1 Failed download:
2026-02-16 23:49:44,220 | ERROR | ['GRT-USD']: YFRateLimitError('Too Many Requests. Rate limited. Try after a while.')
2026-02-16 23:49:44,220 | INFO |   Batch complete, waiting 120s...
2026-02-16 23:51:44,230 | INFO | 
  Batch 3/5 (10 tickers)
2026-02-16 23:51:44,296 | INFO |     All assets up to date
2026-02-16 23:51:44,296 | INFO | 
  Batch 4/5 (10 tickers)
2026-02-16 23:51:44,358 | INFO |     Batch download: 1 tickers
2026-02-16 23:51:47,056 | ERROR | 
1 Failed download:
2026-02-16 23:51:47,056 | ERROR | ['UNI-USD']: YFRateLimitError('Too Many Requests. Rate limited. Try after a while.')
2026-02-16 23:51:47,071 | INFO |   Batch complete, waiting 120s...
2026-02-16 23:53:47,075 | INFO | 
  Batch 5/5 (6 tickers)
2026-02-16 23:53:47,103 | INFO |     All assets up to date
2026-02-16 23:53:47,104 | INFO | 
============================================================
2026-02-16 23:53:47,104 | INFO | Processing EQUITY: 421 assets
2026-02-16 23:53:47,104 | INFO | Schedule: Weekdays 22:00 UTC
2026-02-16 23:53:47,104 | INFO | ============================================================
2026-02-16 23:53:47,104 | INFO |   Using BATCH MODE (CEO-DIR-2026-119)
2026-02-16 23:53:47,104 | INFO | 
  Batch 1/43 (10 tickers)
2026-02-16 23:53:47,122 | INFO |     Batch download: 8 tickers
2026-02-16 23:53:57,360 | ERROR | 
8 Failed downloads:
2026-02-16 23:53:57,360 | ERROR | ['1COV.DE', 'AEP', 'ABT', 'ADI', 'ADSK', 'ABNB', 'ABBV', 'ADBE']: YFRateLimitError('Too Many Requests. Rate limited. Try after a while.')
2026-02-16 23:53:57,364 | INFO |   Batch complete, waiting 120s...
