2026-02-03 21:11:51,086 | INFO | ======================================================================
2026-02-03 21:11:51,086 | INFO | IoS-001 DAILY PRICE INGEST
2026-02-03 21:11:51,086 | INFO | Executor: LINE (EC-004)
2026-02-03 21:11:51,097 | INFO | Authority: CEO_DIRECTIVE_LINE_DAILY_INGEST_ACTIVATION_20251212
2026-02-03 21:11:51,097 | INFO | Time: 2026-02-03T20:11:51.097511+00:00
2026-02-03 21:11:51,097 | INFO | Asset Class Filter: ALL
2026-02-03 21:11:51,097 | INFO | Dry Run: False
2026-02-03 21:11:51,097 | INFO | ======================================================================
2026-02-03 21:11:51,669 | INFO | Found 491 VEGA-attested assets
2026-02-03 21:11:51,669 | INFO | 
============================================================
2026-02-03 21:11:51,669 | INFO | Processing CRYPTO: 46 assets
2026-02-03 21:11:51,669 | INFO | Schedule: Daily 01:00 UTC
2026-02-03 21:11:51,673 | INFO | ============================================================
2026-02-03 21:11:51,673 | INFO | 
  Batch 1/2 (25 assets)
2026-02-03 21:11:55,767 | WARNING |   [GRT-USD] Fetch error: Too Many Requests. Rate limited. Try after a while.
2026-02-03 21:11:58,778 | INFO |   Batch complete, waiting 60s...
2026-02-03 21:12:58,782 | INFO | 
  Batch 2/2 (21 assets)
2026-02-03 21:13:00,697 | WARNING |   [UNI-USD] Fetch error: Too Many Requests. Rate limited. Try after a while.
2026-02-03 21:13:03,723 | INFO | 
============================================================
2026-02-03 21:13:03,723 | INFO | Processing EQUITY: 421 assets
2026-02-03 21:13:03,723 | INFO | Schedule: Weekdays 22:00 UTC
2026-02-03 21:13:03,723 | INFO | ============================================================
2026-02-03 21:13:03,723 | INFO | 
  Batch 1/17 (25 assets)
2026-02-03 21:13:04,914 | WARNING |   [1COV.DE] Fetch error: Too Many Requests. Rate limited. Try after a while.
2026-02-03 21:13:08,021 | INFO |   Batch complete, waiting 60s...
2026-02-03 21:14:08,029 | INFO | 
  Batch 2/17 (25 assets)
2026-02-03 21:14:08,095 | INFO |   Batch complete, waiting 60s...
2026-02-03 21:15:08,096 | INFO | 
  Batch 3/17 (25 assets)
2026-02-03 21:15:11,970 | WARNING |   [BRK.B] Fetch error: Too Many Requests. Rate limited. Try after a while.
2026-02-03 21:15:16,104 | WARNING |   [BT.A.L] Fetch error: Too Many Requests. Rate limited. Try after a while.
2026-02-03 21:15:19,128 | INFO |   Batch complete, waiting 60s...
2026-02-03 21:16:19,133 | INFO | 
  Batch 4/17 (25 assets)
2026-02-03 21:16:21,236 | WARNING |   [COIN] Fetch error: Too Many Requests. Rate limited. Try after a while.
2026-02-03 21:16:25,395 | WARNING |   [CON.DE] Fetch error: Too Many Requests. Rate limited. Try after a while.
2026-02-03 21:16:30,018 | WARNING |   [COP] Fetch error: Too Many Requests. Rate limited. Try after a while.
2026-02-03 21:16:34,238 | WARNING |   [COST] Fetch error: Too Many Requests. Rate limited. Try after a while.
2026-02-03 21:16:38,363 | WARNING |   [CPG.L] Fetch error: Too Many Requests. Rate limited. Try after a while.
2026-02-03 21:16:42,620 | WARNING |   [CRM] Fetch error: Too Many Requests. Rate limited. Try after a while.
2026-02-03 21:16:47,079 | WARNING |   [CRWD] Fetch error: Too Many Requests. Rate limited. Try after a while.
