2026-01-24 11:15:33,878 | INFO | ======================================================================
2026-01-24 11:15:33,878 | INFO | IoS-001 DAILY PRICE INGEST
2026-01-24 11:15:33,878 | INFO | Executor: LINE (EC-004)
2026-01-24 11:15:33,878 | INFO | Authority: CEO_DIRECTIVE_LINE_DAILY_INGEST_ACTIVATION_20251212
2026-01-24 11:15:33,878 | INFO | Time: 2026-01-24T10:15:33.878959+00:00
2026-01-24 11:15:33,878 | INFO | Asset Class Filter: ALL
2026-01-24 11:15:33,878 | INFO | Dry Run: False
2026-01-24 11:15:33,878 | INFO | ======================================================================
2026-01-24 11:15:34,096 | INFO | Found 491 VEGA-attested assets
2026-01-24 11:15:34,096 | INFO | 
============================================================
2026-01-24 11:15:34,096 | INFO | Processing CRYPTO: 46 assets
2026-01-24 11:15:34,096 | INFO | Schedule: Daily 01:00 UTC
2026-01-24 11:15:34,096 | INFO | ============================================================
2026-01-24 11:15:34,096 | INFO | 
  Batch 1/2 (25 assets)
2026-01-24 11:15:37,059 | WARNING |   [GRT-USD] Fetch error: Too Many Requests. Rate limited. Try after a while.
2026-01-24 11:15:40,073 | INFO |   Batch complete, waiting 60s...
2026-01-24 11:16:40,082 | INFO | 
  Batch 2/2 (21 assets)
2026-01-24 11:16:41,830 | WARNING |   [UNI-USD] Fetch error: Too Many Requests. Rate limited. Try after a while.
2026-01-24 11:16:44,915 | INFO | 
============================================================
2026-01-24 11:16:44,915 | INFO | Processing EQUITY: 421 assets
2026-01-24 11:16:44,915 | INFO | Schedule: Weekdays 22:00 UTC
2026-01-24 11:16:44,915 | INFO | ============================================================
2026-01-24 11:16:44,915 | INFO |   Market closed for EQUITY today, skipping
2026-01-24 11:16:44,915 | INFO | 
============================================================
2026-01-24 11:16:44,915 | INFO | Processing FX: 24 assets
2026-01-24 11:16:44,915 | INFO | Schedule: Sun-Thu 22:00 UTC
2026-01-24 11:16:44,915 | INFO | ============================================================
2026-01-24 11:16:44,915 | INFO |   Market closed for FX today, skipping
2026-01-24 11:16:44,920 | WARNING | Heartbeat recording failed: relation "fhq_monitoring.system_heartbeats" does not exist
LINE 2:                 INSERT INTO fhq_monitoring.system_heartbeats...
                                    ^

2026-01-24 11:16:44,920 | INFO | 
======================================================================
2026-01-24 11:16:44,920 | INFO | DAILY INGEST COMPLETE
2026-01-24 11:16:44,920 | INFO | ======================================================================
2026-01-24 11:16:44,920 | INFO | Assets Processed: 46
2026-01-24 11:16:44,920 | INFO | Assets Updated:   0
2026-01-24 11:16:44,920 | INFO | Rows Inserted:    0
2026-01-24 11:16:44,920 | INFO |   CRYPTO: 0 assets, 0 rows
2026-01-24 11:16:44,920 | INFO | Evidence: C:\fhq-market-system\vision-ios\03_FUNCTIONS\evidence\IOS001_DAILY_INGEST_c005d159_20260124_111644.json
2026-01-24 11:16:44,920 | INFO | ======================================================================
