2026-01-23 10:22:12,895 | INFO | ======================================================================
2026-01-23 10:22:12,895 | INFO | IoS-001 DAILY PRICE INGEST
2026-01-23 10:22:12,895 | INFO | Executor: LINE (EC-004)
2026-01-23 10:22:12,895 | INFO | Authority: CEO_DIRECTIVE_LINE_DAILY_INGEST_ACTIVATION_20251212
2026-01-23 10:22:12,895 | INFO | Time: 2026-01-23T09:22:12.895008+00:00
2026-01-23 10:22:12,895 | INFO | Asset Class Filter: ALL
2026-01-23 10:22:12,895 | INFO | Dry Run: False
2026-01-23 10:22:12,895 | INFO | ======================================================================
2026-01-23 10:22:13,121 | INFO | Found 491 VEGA-attested assets
2026-01-23 10:22:13,121 | INFO | 
============================================================
2026-01-23 10:22:13,121 | INFO | Processing CRYPTO: 46 assets
2026-01-23 10:22:13,121 | INFO | Schedule: Daily 01:00 UTC
2026-01-23 10:22:13,121 | INFO | ============================================================
2026-01-23 10:22:13,121 | INFO | 
  Batch 1/2 (25 assets)
2026-01-23 10:22:16,145 | WARNING |   [GRT-USD] Fetch error: Too Many Requests. Rate limited. Try after a while.
2026-01-23 10:22:19,163 | INFO |   Batch complete, waiting 60s...
2026-01-23 10:23:19,164 | INFO | 
  Batch 2/2 (21 assets)
2026-01-23 10:23:20,722 | WARNING |   [UNI-USD] Fetch error: Too Many Requests. Rate limited. Try after a while.
2026-01-23 10:23:23,760 | INFO | 
============================================================
2026-01-23 10:23:23,760 | INFO | Processing EQUITY: 421 assets
2026-01-23 10:23:23,760 | INFO | Schedule: Weekdays 22:00 UTC
2026-01-23 10:23:23,760 | INFO | ============================================================
2026-01-23 10:23:23,760 | INFO | 
  Batch 1/17 (25 assets)
2026-01-23 10:23:25,579 | WARNING |   [1COV.DE] Fetch error: Too Many Requests. Rate limited. Try after a while.
2026-01-23 10:23:30,938 | WARNING |   [ABBV] Fetch error: Too Many Requests. Rate limited. Try after a while.
2026-01-23 10:23:35,511 | WARNING |   [ABNB] Fetch error: Too Many Requests. Rate limited. Try after a while.
2026-01-23 10:23:39,595 | WARNING |   [ABT] Fetch error: Too Many Requests. Rate limited. Try after a while.
2026-01-23 10:23:43,589 | WARNING |   [ADBE] Fetch error: Too Many Requests. Rate limited. Try after a while.
2026-01-23 10:23:47,544 | WARNING |   [ADI] Fetch error: Too Many Requests. Rate limited. Try after a while.
2026-01-23 10:23:51,968 | WARNING |   [ADSK] Fetch error: Too Many Requests. Rate limited. Try after a while.
2026-01-23 10:23:56,703 | WARNING |   [AEP] Fetch error: Too Many Requests. Rate limited. Try after a while.
2026-01-23 10:24:00,693 | WARNING |   [AFL] Fetch error: Too Many Requests. Rate limited. Try after a while.
2026-01-23 10:24:04,931 | WARNING |   [AIG] Fetch error: Too Many Requests. Rate limited. Try after a while.
2026-01-23 10:24:08,853 | WARNING |   [AKAM] Fetch error: Too Many Requests. Rate limited. Try after a while.
2026-01-23 10:24:13,034 | WARNING |   [ALB] Fetch error: Too Many Requests. Rate limited. Try after a while.
2026-01-23 10:24:17,024 | WARNING |   [ALL] Fetch error: Too Many Requests. Rate limited. Try after a while.
2026-01-23 10:24:21,363 | WARNING |   [AMAT] Fetch error: Too Many Requests. Rate limited. Try after a while.
2026-01-23 10:24:24,370 | INFO |   Batch complete, waiting 60s...
2026-01-23 10:25:24,371 | INFO | 
  Batch 2/17 (25 assets)
2026-01-23 10:25:26,262 | WARNING |   [AMD] Fetch error: Too Many Requests. Rate limited. Try after a while.
2026-01-23 10:25:30,549 | WARNING |   [AMGN] Fetch error: Too Many Requests. Rate limited. Try after a while.
2026-01-23 10:25:35,967 | WARNING |   [AMT] Fetch error: Too Many Requests. Rate limited. Try after a while.
2026-01-23 10:25:40,163 | WARNING |   [AMZN] Fetch error: Too Many Requests. Rate limited. Try after a while.
2026-01-23 10:25:44,557 | WARNING |   [AON] Fetch error: Too Many Requests. Rate limited. Try after a while.
2026-01-23 10:25:48,612 | WARNING |   [APD] Fetch error: Too Many Requests. Rate limited. Try after a while.
2026-01-23 10:25:52,692 | WARNING |   [ASML] Fetch error: Too Many Requests. Rate limited. Try after a while.
2026-01-23 10:25:57,038 | WARNING |   [AVB] Fetch error: Too Many Requests. Rate limited. Try after a while.
2026-01-23 10:26:01,265 | WARNING |   [AVGO] Fetch error: Too Many Requests. Rate limited. Try after a while.
2026-01-23 10:26:05,289 | WARNING |   [AWK] Fetch error: Too Many Requests. Rate limited. Try after a while.
2026-01-23 10:26:09,268 | WARNING |   [AXP] Fetch error: Too Many Requests. Rate limited. Try after a while.
2026-01-23 10:26:13,378 | WARNING |   [AZO] Fetch error: Too Many Requests. Rate limited. Try after a while.
2026-01-23 10:26:17,300 | WARNING |   [BA] Fetch error: Too Many Requests. Rate limited. Try after a while.
2026-01-23 10:26:21,639 | WARNING |   [BAC] Fetch error: Too Many Requests. Rate limited. Try after a while.
2026-01-23 10:26:24,658 | INFO |   Batch complete, waiting 60s...
