2026-01-25 05:35:30,823 | INFO | ======================================================================
2026-01-25 05:35:30,823 | INFO | IoS-001 DAILY PRICE INGEST
2026-01-25 05:35:30,823 | INFO | Executor: LINE (EC-004)
2026-01-25 05:35:30,823 | INFO | Authority: CEO_DIRECTIVE_LINE_DAILY_INGEST_ACTIVATION_20251212
2026-01-25 05:35:30,823 | INFO | Time: 2026-01-25T04:35:30.823970+00:00
2026-01-25 05:35:30,823 | INFO | Asset Class Filter: ALL
2026-01-25 05:35:30,823 | INFO | Dry Run: False
2026-01-25 05:35:30,823 | INFO | ======================================================================
2026-01-25 05:35:31,036 | INFO | Found 491 VEGA-attested assets
2026-01-25 05:35:31,036 | INFO | 
============================================================
2026-01-25 05:35:31,036 | INFO | Processing CRYPTO: 46 assets
2026-01-25 05:35:31,036 | INFO | Schedule: Daily 01:00 UTC
2026-01-25 05:35:31,036 | INFO | ============================================================
2026-01-25 05:35:31,036 | INFO | 
  Batch 1/2 (25 assets)
2026-01-25 05:35:33,970 | WARNING |   [GRT-USD] Fetch error: Too Many Requests. Rate limited. Try after a while.
2026-01-25 05:35:37,010 | INFO |   Batch complete, waiting 60s...
2026-01-25 05:36:37,011 | INFO | 
  Batch 2/2 (21 assets)
2026-01-25 05:36:39,195 | WARNING |   [UNI-USD] Fetch error: Too Many Requests. Rate limited. Try after a while.
2026-01-25 05:36:42,219 | INFO | 
============================================================
2026-01-25 05:36:42,219 | INFO | Processing EQUITY: 421 assets
2026-01-25 05:36:42,219 | INFO | Schedule: Weekdays 22:00 UTC
2026-01-25 05:36:42,219 | INFO | ============================================================
2026-01-25 05:36:42,219 | INFO |   Market closed for EQUITY today, skipping
2026-01-25 05:36:42,219 | INFO | 
============================================================
2026-01-25 05:36:42,219 | INFO | Processing FX: 24 assets
2026-01-25 05:36:42,219 | INFO | Schedule: Sun-Thu 22:00 UTC
2026-01-25 05:36:42,219 | INFO | ============================================================
2026-01-25 05:36:42,219 | INFO | 
  Batch 1/1 (24 assets)
2026-01-25 05:36:43,682 | WARNING |   [AUDJPY=X] Fetch error: Too Many Requests. Rate limited. Try after a while.
2026-01-25 05:36:48,410 | WARNING |   [AUDUSD=X] Fetch error: Too Many Requests. Rate limited. Try after a while.
2026-01-25 05:36:52,620 | WARNING |   [CADJPY=X] Fetch error: Too Many Requests. Rate limited. Try after a while.
2026-01-25 05:36:56,688 | WARNING |   [CHFJPY=X] Fetch error: Too Many Requests. Rate limited. Try after a while.
2026-01-25 05:37:00,648 | WARNING |   [EURAUD=X] Fetch error: Too Many Requests. Rate limited. Try after a while.
2026-01-25 05:37:04,590 | WARNING |   [EURCHF=X] Fetch error: Too Many Requests. Rate limited. Try after a while.
2026-01-25 05:37:08,543 | WARNING |   [EURGBP=X] Fetch error: Too Many Requests. Rate limited. Try after a while.
2026-01-25 05:37:12,837 | WARNING |   [EURJPY=X] Fetch error: Too Many Requests. Rate limited. Try after a while.
2026-01-25 05:37:16,804 | WARNING |   [EURNOK=X] Fetch error: Too Many Requests. Rate limited. Try after a while.
2026-01-25 05:37:21,174 | WARNING |   [EURSEK=X] Fetch error: Too Many Requests. Rate limited. Try after a while.
2026-01-25 05:37:25,142 | WARNING |   [EURUSD=X] Fetch error: Too Many Requests. Rate limited. Try after a while.
2026-01-25 05:37:29,470 | WARNING |   [GBPJPY=X] Fetch error: Too Many Requests. Rate limited. Try after a while.
2026-01-25 05:37:33,523 | WARNING |   [GBPUSD=X] Fetch error: Too Many Requests. Rate limited. Try after a while.
2026-01-25 05:37:37,564 | WARNING |   [NZDUSD=X] Fetch error: Too Many Requests. Rate limited. Try after a while.
2026-01-25 05:37:41,692 | WARNING |   [USDCAD=X] Fetch error: Too Many Requests. Rate limited. Try after a while.
2026-01-25 05:37:45,824 | WARNING |   [USDCHF=X] Fetch error: Too Many Requests. Rate limited. Try after a while.
2026-01-25 05:37:49,732 | WARNING |   [USDHKD=X] Fetch error: Too Many Requests. Rate limited. Try after a while.
2026-01-25 05:37:53,976 | WARNING |   [USDJPY=X] Fetch error: Too Many Requests. Rate limited. Try after a while.
2026-01-25 05:37:57,941 | WARNING |   [USDMXN=X] Fetch error: Too Many Requests. Rate limited. Try after a while.
2026-01-25 05:38:01,934 | WARNING |   [USDNOK=X] Fetch error: Too Many Requests. Rate limited. Try after a while.
2026-01-25 05:38:06,514 | WARNING |   [USDSEK=X] Fetch error: Too Many Requests. Rate limited. Try after a while.
2026-01-25 05:38:10,610 | WARNING |   [USDSGD=X] Fetch error: Too Many Requests. Rate limited. Try after a while.
2026-01-25 05:38:14,907 | WARNING |   [USDTRY=X] Fetch error: Too Many Requests. Rate limited. Try after a while.
2026-01-25 05:38:18,836 | WARNING |   [USDZAR=X] Fetch error: Too Many Requests. Rate limited. Try after a while.
2026-01-25 05:38:21,837 | WARNING | Heartbeat recording failed: relation "fhq_monitoring.system_heartbeats" does not exist
LINE 2:                 INSERT INTO fhq_monitoring.system_heartbeats...
                                    ^

2026-01-25 05:38:21,841 | INFO | 
======================================================================
2026-01-25 05:38:21,841 | INFO | DAILY INGEST COMPLETE
2026-01-25 05:38:21,841 | INFO | ======================================================================
2026-01-25 05:38:21,841 | INFO | Assets Processed: 70
2026-01-25 05:38:21,841 | INFO | Assets Updated:   0
2026-01-25 05:38:21,841 | INFO | Rows Inserted:    0
2026-01-25 05:38:21,841 | INFO |   CRYPTO: 0 assets, 0 rows
2026-01-25 05:38:21,841 | INFO |   FX: 0 assets, 0 rows
2026-01-25 05:38:21,841 | INFO | Evidence: C:\fhq-market-system\vision-ios\03_FUNCTIONS\evidence\IOS001_DAILY_INGEST_833c6baa_20260125_053821.json
2026-01-25 05:38:21,841 | INFO | ======================================================================
