2026-01-25 04:16:03,294 | INFO | ======================================================================
2026-01-25 04:16:03,295 | INFO | IoS-001 DAILY PRICE INGEST
2026-01-25 04:16:03,295 | INFO | Executor: LINE (EC-004)
2026-01-25 04:16:03,295 | INFO | Authority: CEO_DIRECTIVE_LINE_DAILY_INGEST_ACTIVATION_20251212
2026-01-25 04:16:03,295 | INFO | Time: 2026-01-25T03:16:03.295474+00:00
2026-01-25 04:16:03,295 | INFO | Asset Class Filter: ALL
2026-01-25 04:16:03,295 | INFO | Dry Run: False
2026-01-25 04:16:03,295 | INFO | ======================================================================
2026-01-25 04:16:03,649 | INFO | Found 491 VEGA-attested assets
2026-01-25 04:16:03,649 | INFO | 
============================================================
2026-01-25 04:16:03,649 | INFO | Processing CRYPTO: 46 assets
2026-01-25 04:16:03,649 | INFO | Schedule: Daily 01:00 UTC
2026-01-25 04:16:03,649 | INFO | ============================================================
2026-01-25 04:16:03,649 | INFO | 
  Batch 1/2 (25 assets)
2026-01-25 04:16:05,506 | INFO |     [ADA-USD] +1 rows
2026-01-25 04:16:08,602 | INFO |     [ALGO-USD] +1 rows
2026-01-25 04:16:11,735 | INFO |     [ATOM-USD] +1 rows
2026-01-25 04:16:14,864 | INFO |     [AVAX-USD] +1 rows
2026-01-25 04:16:18,005 | INFO |     [AXS-USD] +1 rows
2026-01-25 04:16:21,125 | INFO |     [BCH-USD] +1 rows
2026-01-25 04:16:24,221 | INFO |     [BNB-USD] +1 rows
2026-01-25 04:16:27,381 | INFO |     [BTC-USD] +1 rows
2026-01-25 04:16:30,515 | INFO |     [CHZ-USD] +1 rows
2026-01-25 04:16:33,648 | INFO |     [CRO-USD] +1 rows
2026-01-25 04:16:36,776 | INFO |     [CRV-USD] +1 rows
2026-01-25 04:16:39,887 | INFO |     [DOT-USD] +1 rows
2026-01-25 04:16:42,997 | INFO |     [EOS-USD] +1 rows
2026-01-25 04:16:46,094 | INFO |     [ETC-USD] +1 rows
2026-01-25 04:16:49,193 | INFO |     [ETH-USD] +1 rows
2026-01-25 04:16:52,283 | INFO |     [FIL-USD] +1 rows
2026-01-25 04:16:55,372 | INFO |     [FLOW-USD] +1 rows
2026-01-25 04:16:58,466 | ERROR | $GRT-USD: possibly delisted; no price data found  (1d 2026-01-24 -> 2026-01-26)
2026-01-25 04:17:01,550 | INFO |     [HBAR-USD] +1 rows
2026-01-25 04:17:04,708 | INFO |     [ICP-USD] +1 rows
2026-01-25 04:17:07,857 | INFO |     [INJ-USD] +1 rows
2026-01-25 04:17:10,967 | INFO |     [LDO-USD] +1 rows
2026-01-25 04:17:14,108 | INFO |     [LINK-USD] +1 rows
2026-01-25 04:17:17,219 | INFO |     [LTC-USD] +1 rows
2026-01-25 04:17:20,225 | INFO |   Batch complete, waiting 60s...
2026-01-25 04:18:20,226 | INFO | 
  Batch 2/2 (21 assets)
2026-01-25 04:18:20,384 | INFO |     [MANA-USD] +1 rows
2026-01-25 04:18:23,489 | INFO |     [MKR-USD] +1 rows
2026-01-25 04:18:26,584 | INFO |     [NEAR-USD] +1 rows
2026-01-25 04:18:29,688 | INFO |     [OKB-USD] +1 rows
2026-01-25 04:18:32,845 | INFO |     [QNT-USD] +1 rows
2026-01-25 04:18:35,976 | INFO |     [RPL-USD] +1 rows
2026-01-25 04:18:39,101 | INFO |     [RUNE-USD] +1 rows
2026-01-25 04:18:42,216 | INFO |     [SAND-USD] +1 rows
2026-01-25 04:18:45,382 | INFO |     [SHIB-USD] +1 rows
2026-01-25 04:18:48,514 | INFO |     [SNX-USD] +1 rows
2026-01-25 04:18:51,718 | INFO |     [SOL-USD] +1 rows
2026-01-25 04:18:54,839 | INFO |     [THETA-USD] +1 rows
2026-01-25 04:18:57,993 | INFO |     [TRX-USD] +1 rows
2026-01-25 04:19:01,085 | ERROR | $UNI-USD: possibly delisted; no price data found  (1d 2026-01-23 -> 2026-01-26)
2026-01-25 04:19:04,209 | INFO |     [VET-USD] +1 rows
2026-01-25 04:19:07,311 | INFO |     [XLM-USD] +1 rows
2026-01-25 04:19:10,439 | INFO |     [XMR-USD] +1 rows
2026-01-25 04:19:13,606 | INFO |     [XTZ-USD] +1 rows
2026-01-25 04:19:16,770 | INFO |     [ZEC-USD] +1 rows
2026-01-25 04:19:19,865 | INFO |     [AAVE-USD] +1 rows
2026-01-25 04:19:22,866 | INFO | 
============================================================
2026-01-25 04:19:22,866 | INFO | Processing EQUITY: 421 assets
2026-01-25 04:19:22,868 | INFO | Schedule: Weekdays 22:00 UTC
2026-01-25 04:19:22,869 | INFO | ============================================================
2026-01-25 04:19:22,870 | INFO |   Market closed for EQUITY today, skipping
2026-01-25 04:19:22,872 | INFO | 
============================================================
2026-01-25 04:19:22,873 | INFO | Processing FX: 24 assets
2026-01-25 04:19:22,873 | INFO | Schedule: Sun-Thu 22:00 UTC
2026-01-25 04:19:22,873 | INFO | ============================================================
2026-01-25 04:19:22,874 | INFO | 
  Batch 1/1 (24 assets)
2026-01-25 04:19:23,223 | ERROR | $AUDJPY=X: possibly delisted; no price data found  (1d 2026-01-25 -> 2026-01-26)
2026-01-25 04:19:26,380 | INFO |     [AUDUSD=X] +1 rows
2026-01-25 04:19:29,477 | ERROR | $CADJPY=X: possibly delisted; no price data found  (1d 2026-01-25 -> 2026-01-26)
2026-01-25 04:19:32,583 | ERROR | $CHFJPY=X: possibly delisted; no price data found  (1d 2026-01-25 -> 2026-01-26)
2026-01-25 04:19:35,675 | ERROR | $EURAUD=X: possibly delisted; no price data found  (1d 2026-01-25 -> 2026-01-26)
2026-01-25 04:19:38,757 | ERROR | $EURCHF=X: possibly delisted; no price data found  (1d 2026-01-25 -> 2026-01-26)
2026-01-25 04:19:41,850 | ERROR | $EURGBP=X: possibly delisted; no price data found  (1d 2026-01-25 -> 2026-01-26)
2026-01-25 04:19:44,942 | ERROR | $EURJPY=X: possibly delisted; no price data found  (1d 2026-01-25 -> 2026-01-26)
2026-01-25 04:19:48,029 | ERROR | $EURNOK=X: possibly delisted; no price data found  (1d 2026-01-25 -> 2026-01-26)
2026-01-25 04:19:51,122 | ERROR | $EURSEK=X: possibly delisted; no price data found  (1d 2026-01-25 -> 2026-01-26)
2026-01-25 04:19:54,218 | ERROR | $EURUSD=X: possibly delisted; no price data found  (1d 2026-01-25 -> 2026-01-26)
2026-01-25 04:19:57,309 | ERROR | $GBPJPY=X: possibly delisted; no price data found  (1d 2026-01-25 -> 2026-01-26)
2026-01-25 04:20:00,415 | ERROR | $GBPUSD=X: possibly delisted; no price data found  (1d 2026-01-25 -> 2026-01-26)
2026-01-25 04:20:03,514 | INFO |     [NZDUSD=X] +1 rows
2026-01-25 04:20:06,648 | INFO |     [USDCAD=X] +1 rows
2026-01-25 04:20:09,801 | INFO |     [USDCHF=X] +1 rows
2026-01-25 04:20:12,899 | INFO |     [USDHKD=X] +1 rows
2026-01-25 04:20:15,996 | ERROR | $USDJPY=X: possibly delisted; no price data found  (1d 2026-01-25 -> 2026-01-26)
2026-01-25 04:20:19,080 | ERROR | $USDMXN=X: possibly delisted; no price data found  (1d 2026-01-25 -> 2026-01-26)
2026-01-25 04:20:22,163 | ERROR | $USDNOK=X: possibly delisted; no price data found  (1d 2026-01-25 -> 2026-01-26)
2026-01-25 04:20:25,257 | ERROR | $USDSEK=X: possibly delisted; no price data found  (1d 2026-01-25 -> 2026-01-26)
2026-01-25 04:20:28,386 | INFO |     [USDSGD=X] +1 rows
2026-01-25 04:20:31,524 | INFO |     [USDTRY=X] +1 rows
2026-01-25 04:20:34,690 | INFO |     [USDZAR=X] +1 rows
2026-01-25 04:20:37,692 | WARNING | Heartbeat recording failed: relation "fhq_monitoring.system_heartbeats" does not exist
LINE 2:                 INSERT INTO fhq_monitoring.system_heartbeats...
                                    ^

2026-01-25 04:20:37,696 | INFO | 
======================================================================
2026-01-25 04:20:37,696 | INFO | DAILY INGEST COMPLETE
2026-01-25 04:20:37,696 | INFO | ======================================================================
2026-01-25 04:20:37,696 | INFO | Assets Processed: 70
2026-01-25 04:20:37,696 | INFO | Assets Updated:   50
2026-01-25 04:20:37,696 | INFO | Rows Inserted:    50
2026-01-25 04:20:37,696 | INFO |   CRYPTO: 42 assets, 42 rows
2026-01-25 04:20:37,696 | INFO |   FX: 8 assets, 8 rows
2026-01-25 04:20:37,696 | INFO | Evidence: C:\fhq-market-system\vision-ios\03_FUNCTIONS\evidence\IOS001_DAILY_INGEST_6a431fab_20260125_042037.json
2026-01-25 04:20:37,696 | INFO | ======================================================================
