2026-02-12 09:50:28,356 | INFO | ======================================================================
2026-02-12 09:50:28,356 | INFO | IoS-001 DAILY PRICE INGEST
2026-02-12 09:50:28,356 | INFO | Executor: LINE (EC-004)
2026-02-12 09:50:28,356 | INFO | Authority: CEO_DIRECTIVE_LINE_DAILY_INGEST_ACTIVATION_20251212
2026-02-12 09:50:28,356 | INFO | Amendment: CEO-DIR-2026-119 (Rate Limit Mitigation)
2026-02-12 09:50:28,356 | INFO | Time: 2026-02-12T08:50:28.356546+00:00
2026-02-12 09:50:28,356 | INFO | Asset Class Filter: ALL
2026-02-12 09:50:28,356 | INFO | Batch Mode: True
2026-02-12 09:50:28,356 | INFO | Dry Run: False
2026-02-12 09:50:28,356 | INFO | ======================================================================
2026-02-12 09:50:28,655 | INFO | Found 491 VEGA-attested assets
2026-02-12 09:50:28,655 | INFO | 
============================================================
2026-02-12 09:50:28,655 | INFO | Processing CRYPTO: 46 assets
2026-02-12 09:50:28,655 | INFO | Schedule: Daily 01:00 UTC
2026-02-12 09:50:28,656 | INFO | ============================================================
2026-02-12 09:50:28,656 | INFO |   Using BATCH MODE (CEO-DIR-2026-119)
2026-02-12 09:50:28,656 | INFO | 
  Batch 1/5 (10 tickers)
2026-02-12 09:50:28,702 | INFO |     All assets up to date
2026-02-12 09:50:28,702 | INFO | 
  Batch 2/5 (10 tickers)
2026-02-12 09:50:28,739 | INFO |     Batch download: 1 tickers
2026-02-12 09:50:31,986 | ERROR | 
1 Failed download:
2026-02-12 09:50:31,986 | ERROR | ['GRT-USD']: YFRateLimitError('Too Many Requests. Rate limited. Try after a while.')
2026-02-12 09:50:31,998 | INFO |   Batch complete, waiting 120s...
2026-02-12 09:52:31,999 | INFO | 
  Batch 3/5 (10 tickers)
2026-02-12 09:52:32,055 | INFO |     All assets up to date
2026-02-12 09:52:32,055 | INFO | 
  Batch 4/5 (10 tickers)
2026-02-12 09:52:32,110 | INFO |     Batch download: 1 tickers
2026-02-12 09:52:34,836 | ERROR | 
1 Failed download:
2026-02-12 09:52:34,837 | ERROR | ['UNI-USD']: YFRateLimitError('Too Many Requests. Rate limited. Try after a while.')
2026-02-12 09:52:34,847 | INFO |   Batch complete, waiting 120s...
2026-02-12 09:54:34,848 | INFO | 
  Batch 5/5 (6 tickers)
2026-02-12 09:54:34,869 | INFO |     All assets up to date
2026-02-12 09:54:34,869 | INFO | 
============================================================
2026-02-12 09:54:34,869 | INFO | Processing EQUITY: 421 assets
2026-02-12 09:54:34,869 | INFO | Schedule: Weekdays 22:00 UTC
2026-02-12 09:54:34,869 | INFO | ============================================================
2026-02-12 09:54:34,869 | INFO |   Using BATCH MODE (CEO-DIR-2026-119)
2026-02-12 09:54:34,869 | INFO | 
  Batch 1/43 (10 tickers)
2026-02-12 09:54:34,889 | INFO |     Batch download: 10 tickers
2026-02-12 09:54:48,573 | ERROR | 
10 Failed downloads:
2026-02-12 09:54:48,583 | ERROR | ['ADBE', 'ACA.PA', 'ABNB', 'ADI', 'ADS.DE', 'ADSK', 'ABBV', '1COV.DE', 'ABT', 'AEP']: YFRateLimitError('Too Many Requests. Rate limited. Try after a while.')
2026-02-12 09:54:48,600 | INFO |   Batch complete, waiting 120s...
