2026-01-23 18:33:16,562 | INFO | ======================================================================
2026-01-23 18:33:16,562 | INFO | IoS-001 DAILY PRICE INGEST
2026-01-23 18:33:16,562 | INFO | Executor: LINE (EC-004)
2026-01-23 18:33:16,563 | INFO | Authority: CEO_DIRECTIVE_LINE_DAILY_INGEST_ACTIVATION_20251212
2026-01-23 18:33:16,563 | INFO | Time: 2026-01-23T17:33:16.563168+00:00
2026-01-23 18:33:16,563 | INFO | Asset Class Filter: ALL
2026-01-23 18:33:16,563 | INFO | Dry Run: False
2026-01-23 18:33:16,563 | INFO | ======================================================================
2026-01-23 18:33:16,964 | INFO | Found 491 VEGA-attested assets
2026-01-23 18:33:16,964 | INFO | 
============================================================
2026-01-23 18:33:16,964 | INFO | Processing CRYPTO: 46 assets
2026-01-23 18:33:16,964 | INFO | Schedule: Daily 01:00 UTC
2026-01-23 18:33:16,964 | INFO | ============================================================
2026-01-23 18:33:16,964 | INFO | 
  Batch 1/2 (25 assets)
2026-01-23 18:33:18,480 | ERROR | $GRT-USD: possibly delisted; no price data found  (1d 2026-01-23 -> 2026-01-24)
2026-01-23 18:33:21,491 | INFO |   Batch complete, waiting 60s...
2026-01-23 18:34:21,500 | INFO | 
  Batch 2/2 (21 assets)
2026-01-23 18:34:21,625 | ERROR | $UNI-USD: possibly delisted; no price data found  (1d 2026-01-23 -> 2026-01-24)
2026-01-23 18:34:24,643 | INFO | 
============================================================
2026-01-23 18:34:24,643 | INFO | Processing EQUITY: 421 assets
2026-01-23 18:34:24,643 | INFO | Schedule: Weekdays 22:00 UTC
2026-01-23 18:34:24,643 | INFO | ============================================================
2026-01-23 18:34:24,643 | INFO | 
  Batch 1/17 (25 assets)
2026-01-23 18:34:24,942 | ERROR | $1COV.DE: possibly delisted; no price data found  (1d 2025-12-24 -> 2026-01-24)
2026-01-23 18:34:27,980 | INFO |   Batch complete, waiting 60s...
2026-01-23 18:35:27,988 | INFO | 
  Batch 2/17 (25 assets)
2026-01-23 18:35:28,134 | INFO |   Batch complete, waiting 60s...
2026-01-23 18:36:28,143 | INFO | 
  Batch 3/17 (25 assets)
2026-01-23 18:36:33,021 | ERROR | $BRK.B: possibly delisted; no timezone found
2026-01-23 18:36:38,560 | ERROR | 404 Client Error: Not Found for url: https://query2.finance.yahoo.com/v10/finance/quoteSummary/BT.A.L?modules=financialData%2CquoteType%2CdefaultKeyStatistics%2CassetProfile%2CsummaryDetail&corsDomain=finance.yahoo.com&formatted=false&symbol=BT.A.L&crumb=m5aWuonD6sc
2026-01-23 18:36:38,560 | WARNING |   [BT.A.L] Fetch error: 'NoneType' object has no attribute 'update'
2026-01-23 18:36:41,844 | INFO |     [BWO.OL] +1 rows
2026-01-23 18:36:45,015 | INFO |     [C] +1 rows
2026-01-23 18:36:48,175 | INFO |     [CAG] +1 rows
2026-01-23 18:36:51,331 | INFO |     [CAP.PA] +1 rows
2026-01-23 18:36:54,471 | INFO |     [CARR] +1 rows
2026-01-23 18:36:57,659 | INFO |     [CAT] +1 rows
2026-01-23 18:37:00,807 | INFO |     [CB] +1 rows
2026-01-23 18:37:03,989 | INFO |     [CBK.DE] +1 rows
2026-01-23 18:37:07,119 | INFO |     [CCI] +1 rows
2026-01-23 18:37:10,544 | INFO |     [CDNS] +1 rows
2026-01-23 18:37:13,547 | INFO |   Batch complete, waiting 60s...
2026-01-23 18:38:13,550 | INFO | 
  Batch 4/17 (25 assets)
2026-01-23 18:38:13,670 | INFO |     [CF] +1 rows
