2026-01-29 02:46:46,994 | INFO | ======================================================================
2026-01-29 02:46:46,994 | INFO | IoS-001 DAILY PRICE INGEST
2026-01-29 02:46:46,994 | INFO | Executor: LINE (EC-004)
2026-01-29 02:46:46,994 | INFO | Authority: CEO_DIRECTIVE_LINE_DAILY_INGEST_ACTIVATION_20251212
2026-01-29 02:46:46,994 | INFO | Time: 2026-01-29T01:46:46.994576+00:00
2026-01-29 02:46:46,994 | INFO | Asset Class Filter: ALL
2026-01-29 02:46:46,994 | INFO | Dry Run: False
2026-01-29 02:46:46,995 | INFO | ======================================================================
2026-01-29 02:46:47,190 | INFO | Found 491 VEGA-attested assets
2026-01-29 02:46:47,190 | INFO | 
============================================================
2026-01-29 02:46:47,190 | INFO | Processing CRYPTO: 46 assets
2026-01-29 02:46:47,190 | INFO | Schedule: Daily 01:00 UTC
2026-01-29 02:46:47,190 | INFO | ============================================================
2026-01-29 02:46:47,190 | INFO | 
  Batch 1/2 (25 assets)
2026-01-29 02:46:48,299 | ERROR | $GRT-USD: possibly delisted; no price data found  (1d 2026-01-29 -> 2026-01-30)
2026-01-29 02:46:51,342 | INFO |   Batch complete, waiting 60s...
2026-01-29 02:47:51,344 | INFO | 
  Batch 2/2 (21 assets)
2026-01-29 02:47:51,583 | ERROR | $UNI-USD: possibly delisted; no price data found  (1d 2026-01-27 -> 2026-01-30)
2026-01-29 02:47:54,612 | INFO | 
============================================================
2026-01-29 02:47:54,612 | INFO | Processing EQUITY: 421 assets
2026-01-29 02:47:54,612 | INFO | Schedule: Weekdays 22:00 UTC
2026-01-29 02:47:54,612 | INFO | ============================================================
2026-01-29 02:47:54,612 | INFO | 
  Batch 1/17 (25 assets)
2026-01-29 02:47:54,769 | ERROR | $1COV.DE: possibly delisted; no price data found  (1d 2025-12-24 -> 2026-01-30)
2026-01-29 02:47:59,963 | ERROR | $ABBV: possibly delisted; no price data found  (1d 2026-01-29 -> 2026-01-30) (Yahoo error = "Data doesn't exist for startDate = 1769662800, endDate = 1769749200")
2026-01-29 02:48:04,017 | ERROR | $ABNB: possibly delisted; no price data found  (1d 2026-01-29 -> 2026-01-30) (Yahoo error = "Data doesn't exist for startDate = 1769662800, endDate = 1769749200")
2026-01-29 02:48:08,224 | ERROR | $ABT: possibly delisted; no price data found  (1d 2026-01-29 -> 2026-01-30) (Yahoo error = "Data doesn't exist for startDate = 1769662800, endDate = 1769749200")
2026-01-29 02:48:11,549 | INFO |     [ACA.PA] +1 rows
2026-01-29 02:48:15,951 | ERROR | $ADBE: possibly delisted; no price data found  (1d 2026-01-29 -> 2026-01-30) (Yahoo error = "Data doesn't exist for startDate = 1769662800, endDate = 1769749200")
2026-01-29 02:48:20,092 | ERROR | $ADI: possibly delisted; no price data found  (1d 2026-01-29 -> 2026-01-30) (Yahoo error = "Data doesn't exist for startDate = 1769662800, endDate = 1769749200")
2026-01-29 02:48:23,364 | INFO |     [ADS.DE] +1 rows
2026-01-29 02:48:27,578 | ERROR | $ADSK: possibly delisted; no price data found  (1d 2026-01-29 -> 2026-01-30) (Yahoo error = "Data doesn't exist for startDate = 1769662800, endDate = 1769749200")
2026-01-29 02:48:31,729 | ERROR | $AEP: possibly delisted; no price data found  (1d 2026-01-29 -> 2026-01-30) (Yahoo error = "Data doesn't exist for startDate = 1769662800, endDate = 1769749200")
2026-01-29 02:48:35,722 | ERROR | $AFL: possibly delisted; no price data found  (1d 2026-01-29 -> 2026-01-30) (Yahoo error = "Data doesn't exist for startDate = 1769662800, endDate = 1769749200")
2026-01-29 02:48:38,885 | INFO |     [AI.PA] +1 rows
2026-01-29 02:48:42,946 | ERROR | $AIG: possibly delisted; no price data found  (1d 2026-01-29 -> 2026-01-30) (Yahoo error = "Data doesn't exist for startDate = 1769662800, endDate = 1769749200")
2026-01-29 02:48:46,066 | INFO |     [AIR.DE] +1 rows
2026-01-29 02:48:49,251 | INFO |     [AIR.PA] +1 rows
2026-01-29 02:48:53,521 | ERROR | $AKAM: possibly delisted; no price data found  (1d 2026-01-29 -> 2026-01-30) (Yahoo error = "Data doesn't exist for startDate = 1769662800, endDate = 1769749200")
2026-01-29 02:48:56,667 | INFO |     [AKER.OL] +1 rows
2026-01-29 02:48:59,813 | INFO |     [AKRBP.OL] +1 rows
2026-01-29 02:49:02,970 | INFO |     [AKSO.OL] +1 rows
2026-01-29 02:49:06,164 | INFO |     [AKVA.OL] +1 rows
2026-01-29 02:49:10,323 | ERROR | $ALB: possibly delisted; no price data found  (1d 2026-01-29 -> 2026-01-30) (Yahoo error = "Data doesn't exist for startDate = 1769662800, endDate = 1769749200")
2026-01-29 02:49:14,789 | ERROR | $ALL: possibly delisted; no price data found  (1d 2026-01-29 -> 2026-01-30) (Yahoo error = "Data doesn't exist for startDate = 1769662800, endDate = 1769749200")
2026-01-29 02:49:17,894 | INFO |     [ALO.PA] +1 rows
2026-01-29 02:49:21,037 | INFO |     [ALV.DE] +1 rows
2026-01-29 02:49:25,276 | ERROR | $AMAT: possibly delisted; no price data found  (1d 2026-01-29 -> 2026-01-30) (Yahoo error = "Data doesn't exist for startDate = 1769662800, endDate = 1769749200")
2026-01-29 02:49:28,280 | INFO |   Batch complete, waiting 60s...
2026-01-29 02:50:28,282 | INFO | 
  Batch 2/17 (25 assets)
2026-01-29 02:50:30,079 | ERROR | $AMD: possibly delisted; no price data found  (1d 2026-01-29 -> 2026-01-30) (Yahoo error = "Data doesn't exist for startDate = 1769662800, endDate = 1769749200")
2026-01-29 02:50:34,213 | ERROR | $AMGN: possibly delisted; no price data found  (1d 2026-01-29 -> 2026-01-30) (Yahoo error = "Data doesn't exist for startDate = 1769662800, endDate = 1769749200")
2026-01-29 02:50:38,220 | ERROR | $AMT: possibly delisted; no price data found  (1d 2026-01-29 -> 2026-01-30) (Yahoo error = "Data doesn't exist for startDate = 1769662800, endDate = 1769749200")
2026-01-29 02:50:42,415 | ERROR | $AMZN: possibly delisted; no price data found  (1d 2026-01-29 -> 2026-01-30) (Yahoo error = "Data doesn't exist for startDate = 1769662800, endDate = 1769749200")
2026-01-29 02:50:46,480 | ERROR | $AON: possibly delisted; no price data found  (1d 2026-01-29 -> 2026-01-30) (Yahoo error = "Data doesn't exist for startDate = 1769662800, endDate = 1769749200")
2026-01-29 02:50:50,723 | ERROR | $APD: possibly delisted; no price data found  (1d 2026-01-29 -> 2026-01-30) (Yahoo error = "Data doesn't exist for startDate = 1769662800, endDate = 1769749200")
2026-01-29 02:50:54,750 | ERROR | $ASML: possibly delisted; no price data found  (1d 2026-01-29 -> 2026-01-30) (Yahoo error = "Data doesn't exist for startDate = 1769662800, endDate = 1769749200")
2026-01-29 02:50:57,903 | INFO |     [ATO.PA] +1 rows
2026-01-29 02:51:01,028 | INFO |     [AUSS.OL] +1 rows
2026-01-29 02:51:04,160 | INFO |     [AUTO.OL] +1 rows
2026-01-29 02:51:07,359 | INFO |     [AV.L] +1 rows
2026-01-29 02:51:11,506 | ERROR | $AVB: possibly delisted; no price data found  (1d 2026-01-29 -> 2026-01-30) (Yahoo error = "Data doesn't exist for startDate = 1769662800, endDate = 1769749200")
2026-01-29 02:51:15,601 | ERROR | $AVGO: possibly delisted; no price data found  (1d 2026-01-29 -> 2026-01-30) (Yahoo error = "Data doesn't exist for startDate = 1769662800, endDate = 1769749200")
2026-01-29 02:51:19,694 | ERROR | $AWK: possibly delisted; no price data found  (1d 2026-01-29 -> 2026-01-30) (Yahoo error = "Data doesn't exist for startDate = 1769662800, endDate = 1769749200")
2026-01-29 02:51:24,242 | ERROR | $AXP: possibly delisted; no price data found  (1d 2026-01-29 -> 2026-01-30) (Yahoo error = "Data doesn't exist for startDate = 1769662800, endDate = 1769749200")
2026-01-29 02:51:27,483 | INFO |     [AZN.L] +1 rows
2026-01-29 02:51:31,600 | ERROR | $AZO: possibly delisted; no price data found  (1d 2026-01-29 -> 2026-01-30) (Yahoo error = "Data doesn't exist for startDate = 1769662800, endDate = 1769749200")
2026-01-29 02:51:35,616 | ERROR | $BA: possibly delisted; no price data found  (1d 2026-01-29 -> 2026-01-30) (Yahoo error = "Data doesn't exist for startDate = 1769662800, endDate = 1769749200")
2026-01-29 02:51:38,779 | INFO |     [BA.L] +1 rows
2026-01-29 02:51:42,852 | ERROR | $BAC: possibly delisted; no price data found  (1d 2026-01-29 -> 2026-01-30) (Yahoo error = "Data doesn't exist for startDate = 1769662800, endDate = 1769749200")
