2026-01-20 08:20:06,182 | INFO | ======================================================================
2026-01-20 08:20:06,182 | INFO | IoS-001 DAILY PRICE INGEST
2026-01-20 08:20:06,182 | INFO | Executor: LINE (EC-004)
2026-01-20 08:20:06,182 | INFO | Authority: CEO_DIRECTIVE_LINE_DAILY_INGEST_ACTIVATION_20251212
2026-01-20 08:20:06,182 | INFO | Time: 2026-01-20T07:20:06.182102+00:00
2026-01-20 08:20:06,182 | INFO | Asset Class Filter: ALL
2026-01-20 08:20:06,182 | INFO | Dry Run: False
2026-01-20 08:20:06,182 | INFO | ======================================================================
2026-01-20 08:20:06,390 | INFO | Found 491 VEGA-attested assets
2026-01-20 08:20:06,390 | INFO | 
============================================================
2026-01-20 08:20:06,390 | INFO | Processing CRYPTO: 46 assets
2026-01-20 08:20:06,390 | INFO | Schedule: Daily 01:00 UTC
2026-01-20 08:20:06,390 | INFO | ============================================================
2026-01-20 08:20:06,390 | INFO | 
  Batch 1/2 (25 assets)
2026-01-20 08:20:09,395 | WARNING |   [GRT-USD] Fetch error: Too Many Requests. Rate limited. Try after a while.
2026-01-20 08:20:12,431 | INFO |   Batch complete, waiting 60s...
2026-01-20 08:21:12,437 | INFO | 
  Batch 2/2 (21 assets)
2026-01-20 08:21:14,338 | WARNING |   [UNI-USD] Fetch error: Too Many Requests. Rate limited. Try after a while.
2026-01-20 08:21:17,347 | INFO | 
============================================================
2026-01-20 08:21:17,357 | INFO | Processing EQUITY: 421 assets
2026-01-20 08:21:17,357 | INFO | Schedule: Weekdays 22:00 UTC
2026-01-20 08:21:17,358 | INFO | ============================================================
2026-01-20 08:21:17,358 | INFO | 
  Batch 1/17 (25 assets)
2026-01-20 08:21:18,525 | WARNING |   [1COV.DE] Fetch error: Too Many Requests. Rate limited. Try after a while.
2026-01-20 08:21:22,556 | WARNING |   [ABBV] Fetch error: Too Many Requests. Rate limited. Try after a while.
2026-01-20 08:21:26,638 | WARNING |   [ABNB] Fetch error: Too Many Requests. Rate limited. Try after a while.
2026-01-20 08:21:30,608 | WARNING |   [ABT] Fetch error: Too Many Requests. Rate limited. Try after a while.
2026-01-20 08:21:34,884 | WARNING |   [ACA.PA] Fetch error: Too Many Requests. Rate limited. Try after a while.
2026-01-20 08:21:38,850 | WARNING |   [ADBE] Fetch error: Too Many Requests. Rate limited. Try after a while.
2026-01-20 08:21:42,919 | WARNING |   [ADI] Fetch error: Too Many Requests. Rate limited. Try after a while.
2026-01-20 08:21:47,105 | WARNING |   [ADS.DE] Fetch error: Too Many Requests. Rate limited. Try after a while.
2026-01-20 08:21:51,031 | WARNING |   [ADSK] Fetch error: Too Many Requests. Rate limited. Try after a while.
2026-01-20 08:21:56,315 | WARNING |   [AEP] Fetch error: Too Many Requests. Rate limited. Try after a while.
2026-01-20 08:22:00,510 | WARNING |   [AFL] Fetch error: Too Many Requests. Rate limited. Try after a while.
2026-01-20 08:22:04,620 | WARNING |   [AI.PA] Fetch error: Too Many Requests. Rate limited. Try after a while.
2026-01-20 08:22:08,805 | WARNING |   [AIG] Fetch error: Too Many Requests. Rate limited. Try after a while.
2026-01-20 08:22:12,899 | WARNING |   [AIR.DE] Fetch error: Too Many Requests. Rate limited. Try after a while.
2026-01-20 08:22:16,906 | WARNING |   [AIR.PA] Fetch error: Too Many Requests. Rate limited. Try after a while.
2026-01-20 08:22:21,127 | WARNING |   [AKAM] Fetch error: Too Many Requests. Rate limited. Try after a while.
2026-01-20 08:22:25,058 | WARNING |   [AKER.OL] Fetch error: Too Many Requests. Rate limited. Try after a while.
2026-01-20 08:22:29,173 | WARNING |   [AKRBP.OL] Fetch error: Too Many Requests. Rate limited. Try after a while.
2026-01-20 08:22:33,344 | WARNING |   [AKSO.OL] Fetch error: Too Many Requests. Rate limited. Try after a while.
2026-01-20 08:22:37,554 | WARNING |   [AKVA.OL] Fetch error: Too Many Requests. Rate limited. Try after a while.
2026-01-20 08:22:41,911 | WARNING |   [ALB] Fetch error: Too Many Requests. Rate limited. Try after a while.
2026-01-20 08:22:46,018 | WARNING |   [ALL] Fetch error: Too Many Requests. Rate limited. Try after a while.
2026-01-20 08:22:49,938 | WARNING |   [ALO.PA] Fetch error: Too Many Requests. Rate limited. Try after a while.
2026-01-20 08:22:53,960 | WARNING |   [ALV.DE] Fetch error: Too Many Requests. Rate limited. Try after a while.
2026-01-20 08:22:57,970 | WARNING |   [AMAT] Fetch error: Too Many Requests. Rate limited. Try after a while.
2026-01-20 08:23:00,971 | INFO |   Batch complete, waiting 60s...
2026-01-20 08:24:00,972 | INFO | 
  Batch 2/17 (25 assets)
2026-01-20 08:24:02,841 | WARNING |   [AMD] Fetch error: Too Many Requests. Rate limited. Try after a while.
2026-01-20 08:24:08,343 | WARNING |   [AMGN] Fetch error: Too Many Requests. Rate limited. Try after a while.
2026-01-20 08:24:12,368 | WARNING |   [AMT] Fetch error: Too Many Requests. Rate limited. Try after a while.
2026-01-20 08:24:16,483 | WARNING |   [AMZN] Fetch error: Too Many Requests. Rate limited. Try after a while.
2026-01-20 08:24:20,631 | WARNING |   [AON] Fetch error: Too Many Requests. Rate limited. Try after a while.
2026-01-20 08:24:24,957 | WARNING |   [APD] Fetch error: Too Many Requests. Rate limited. Try after a while.
2026-01-20 08:24:28,920 | WARNING |   [ASML] Fetch error: Too Many Requests. Rate limited. Try after a while.
2026-01-20 08:24:32,878 | WARNING |   [ATO.PA] Fetch error: Too Many Requests. Rate limited. Try after a while.
2026-01-20 08:24:37,048 | WARNING |   [AUSS.OL] Fetch error: Too Many Requests. Rate limited. Try after a while.
2026-01-20 08:24:40,934 | WARNING |   [AUTO.OL] Fetch error: Too Many Requests. Rate limited. Try after a while.
2026-01-20 08:24:44,842 | WARNING |   [AV.L] Fetch error: Too Many Requests. Rate limited. Try after a while.
2026-01-20 08:24:48,909 | WARNING |   [AVB] Fetch error: Too Many Requests. Rate limited. Try after a while.
2026-01-20 08:24:53,098 | WARNING |   [AVGO] Fetch error: Too Many Requests. Rate limited. Try after a while.
2026-01-20 08:24:57,230 | WARNING |   [AWK] Fetch error: Too Many Requests. Rate limited. Try after a while.
2026-01-20 08:25:01,255 | WARNING |   [AXP] Fetch error: Too Many Requests. Rate limited. Try after a while.
