2026-02-06 21:25:24,894 | INFO | ======================================================================
2026-02-06 21:25:24,894 | INFO | IoS-001 DAILY PRICE INGEST
2026-02-06 21:25:24,894 | INFO | Executor: LINE (EC-004)
2026-02-06 21:25:24,894 | INFO | Authority: CEO_DIRECTIVE_LINE_DAILY_INGEST_ACTIVATION_20251212
2026-02-06 21:25:24,894 | INFO | Amendment: CEO-DIR-2026-119 (Rate Limit Mitigation)
2026-02-06 21:25:24,900 | INFO | Time: 2026-02-06T20:25:24.894046+00:00
2026-02-06 21:25:24,900 | INFO | Asset Class Filter: ALL
2026-02-06 21:25:24,900 | INFO | Batch Mode: True
2026-02-06 21:25:24,900 | INFO | Dry Run: False
2026-02-06 21:25:24,900 | INFO | ======================================================================
2026-02-06 21:25:25,173 | INFO | Found 491 VEGA-attested assets
2026-02-06 21:25:25,173 | INFO | 
============================================================
2026-02-06 21:25:25,173 | INFO | Processing CRYPTO: 46 assets
2026-02-06 21:25:25,173 | INFO | Schedule: Daily 01:00 UTC
2026-02-06 21:25:25,173 | INFO | ============================================================
2026-02-06 21:25:25,173 | INFO |   Using BATCH MODE (CEO-DIR-2026-119)
2026-02-06 21:25:25,173 | INFO | 
  Batch 1/5 (10 tickers)
2026-02-06 21:25:25,223 | INFO |     All assets up to date
2026-02-06 21:25:25,224 | INFO | 
  Batch 2/5 (10 tickers)
2026-02-06 21:25:25,254 | INFO |     Batch download: 1 tickers
2026-02-06 21:25:28,819 | ERROR | 
1 Failed download:
2026-02-06 21:25:28,819 | ERROR | ['GRT-USD']: YFRateLimitError('Too Many Requests. Rate limited. Try after a while.')
2026-02-06 21:25:28,830 | INFO |   Batch complete, waiting 120s...
2026-02-06 21:27:28,831 | INFO | 
  Batch 3/5 (10 tickers)
2026-02-06 21:27:28,862 | INFO |     All assets up to date
2026-02-06 21:27:28,863 | INFO | 
  Batch 4/5 (10 tickers)
2026-02-06 21:27:28,892 | INFO |     All assets up to date
2026-02-06 21:27:28,892 | INFO | 
  Batch 5/5 (6 tickers)
2026-02-06 21:27:28,906 | INFO |     All assets up to date
2026-02-06 21:27:28,906 | INFO | 
============================================================
2026-02-06 21:27:28,906 | INFO | Processing EQUITY: 421 assets
2026-02-06 21:27:28,906 | INFO | Schedule: Weekdays 22:00 UTC
2026-02-06 21:27:28,906 | INFO | ============================================================
2026-02-06 21:27:28,906 | INFO |   Using BATCH MODE (CEO-DIR-2026-119)
2026-02-06 21:27:28,906 | INFO | 
  Batch 1/43 (10 tickers)
2026-02-06 21:27:28,924 | INFO |     Batch download: 1 tickers
2026-02-06 21:27:32,303 | ERROR | 
1 Failed download:
2026-02-06 21:27:32,303 | ERROR | ['1COV.DE']: YFRateLimitError('Too Many Requests. Rate limited. Try after a while.')
2026-02-06 21:27:32,303 | INFO |   Batch complete, waiting 120s...
2026-02-06 21:29:32,310 | INFO | 
  Batch 2/43 (10 tickers)
2026-02-06 21:29:32,328 | INFO |     All assets up to date
2026-02-06 21:29:32,328 | INFO | 
  Batch 3/43 (10 tickers)
2026-02-06 21:29:32,358 | INFO |     All assets up to date
2026-02-06 21:29:32,358 | INFO | 
  Batch 4/43 (10 tickers)
2026-02-06 21:29:32,383 | INFO |     All assets up to date
2026-02-06 21:29:32,383 | INFO | 
  Batch 5/43 (10 tickers)
2026-02-06 21:29:32,426 | INFO |     All assets up to date
2026-02-06 21:29:32,427 | INFO | 
  Batch 6/43 (10 tickers)
2026-02-06 21:29:32,457 | INFO |     Batch download: 4 tickers
2026-02-06 21:29:41,019 | ERROR | 
4 Failed downloads:
2026-02-06 21:29:41,019 | ERROR | ['BLK', 'BMY', 'BKR', 'BKNG']: YFRateLimitError('Too Many Requests. Rate limited. Try after a while.')
2026-02-06 21:29:41,019 | INFO |   Batch complete, waiting 120s...
