2026-02-16 16:50:16,287 | INFO | ======================================================================
2026-02-16 16:50:16,287 | INFO | IoS-001 DAILY PRICE INGEST
2026-02-16 16:50:16,287 | INFO | Executor: LINE (EC-004)
2026-02-16 16:50:16,287 | INFO | Authority: CEO_DIRECTIVE_LINE_DAILY_INGEST_ACTIVATION_20251212
2026-02-16 16:50:16,287 | INFO | Amendment: CEO-DIR-2026-119 (Rate Limit Mitigation)
2026-02-16 16:50:16,287 | INFO | Time: 2026-02-16T15:50:16.287757+00:00
2026-02-16 16:50:16,287 | INFO | Asset Class Filter: ALL
2026-02-16 16:50:16,287 | INFO | Batch Mode: True
2026-02-16 16:50:16,287 | INFO | Dry Run: False
2026-02-16 16:50:16,287 | INFO | ======================================================================
2026-02-16 16:50:16,521 | INFO | Found 491 VEGA-attested assets
2026-02-16 16:50:16,521 | INFO | 
============================================================
2026-02-16 16:50:16,521 | INFO | Processing CRYPTO: 46 assets
2026-02-16 16:50:16,521 | INFO | Schedule: Daily 01:00 UTC
2026-02-16 16:50:16,522 | INFO | ============================================================
2026-02-16 16:50:16,522 | INFO |   Using BATCH MODE (CEO-DIR-2026-119)
2026-02-16 16:50:16,522 | INFO | 
  Batch 1/5 (10 tickers)
2026-02-16 16:50:16,555 | INFO |     All assets up to date
2026-02-16 16:50:16,555 | INFO | 
  Batch 2/5 (10 tickers)
2026-02-16 16:50:16,586 | INFO |     Batch download: 1 tickers
2026-02-16 16:50:19,828 | ERROR | 
1 Failed download:
2026-02-16 16:50:19,838 | ERROR | ['GRT-USD']: YFRateLimitError('Too Many Requests. Rate limited. Try after a while.')
2026-02-16 16:50:19,838 | INFO |   Batch complete, waiting 120s...
2026-02-16 16:52:19,847 | INFO | 
  Batch 3/5 (10 tickers)
2026-02-16 16:52:19,923 | INFO |     All assets up to date
2026-02-16 16:52:19,934 | INFO | 
  Batch 4/5 (10 tickers)
2026-02-16 16:52:20,013 | INFO |     Batch download: 1 tickers
2026-02-16 16:52:22,815 | ERROR | 
1 Failed download:
2026-02-16 16:52:22,815 | ERROR | ['UNI-USD']: YFRateLimitError('Too Many Requests. Rate limited. Try after a while.')
2026-02-16 16:52:22,821 | INFO |   Batch complete, waiting 120s...
2026-02-16 16:54:22,822 | INFO | 
  Batch 5/5 (6 tickers)
2026-02-16 16:54:22,885 | INFO |     All assets up to date
2026-02-16 16:54:22,887 | INFO | 
============================================================
2026-02-16 16:54:22,887 | INFO | Processing EQUITY: 421 assets
2026-02-16 16:54:22,887 | INFO | Schedule: Weekdays 22:00 UTC
2026-02-16 16:54:22,888 | INFO | ============================================================
2026-02-16 16:54:22,889 | INFO |   Using BATCH MODE (CEO-DIR-2026-119)
2026-02-16 16:54:22,889 | INFO | 
  Batch 1/43 (10 tickers)
2026-02-16 16:54:22,951 | INFO |     Batch download: 8 tickers
2026-02-16 16:54:33,565 | ERROR | 
8 Failed downloads:
2026-02-16 16:54:33,566 | ERROR | ['ABNB', 'ABBV', 'ABT', 'AEP', 'ADBE', 'ADI', '1COV.DE', 'ADSK']: YFRateLimitError('Too Many Requests. Rate limited. Try after a while.')
2026-02-16 16:54:33,576 | INFO |   Batch complete, waiting 120s...
