2026-02-08 17:18:39,252 | INFO | ======================================================================
2026-02-08 17:18:39,252 | INFO | IoS-001 DAILY PRICE INGEST
2026-02-08 17:18:39,252 | INFO | Executor: LINE (EC-004)
2026-02-08 17:18:39,252 | INFO | Authority: CEO_DIRECTIVE_LINE_DAILY_INGEST_ACTIVATION_20251212
2026-02-08 17:18:39,252 | INFO | Amendment: CEO-DIR-2026-119 (Rate Limit Mitigation)
2026-02-08 17:18:39,252 | INFO | Time: 2026-02-08T16:18:39.252681+00:00
2026-02-08 17:18:39,252 | INFO | Asset Class Filter: ALL
2026-02-08 17:18:39,252 | INFO | Batch Mode: True
2026-02-08 17:18:39,252 | INFO | Dry Run: False
2026-02-08 17:18:39,252 | INFO | ======================================================================
2026-02-08 17:18:39,725 | INFO | Found 491 VEGA-attested assets
2026-02-08 17:18:39,725 | INFO | 
============================================================
2026-02-08 17:18:39,725 | INFO | Processing CRYPTO: 46 assets
2026-02-08 17:18:39,725 | INFO | Schedule: Daily 01:00 UTC
2026-02-08 17:18:39,725 | INFO | ============================================================
2026-02-08 17:18:39,725 | INFO |   Using BATCH MODE (CEO-DIR-2026-119)
2026-02-08 17:18:39,725 | INFO | 
  Batch 1/5 (10 tickers)
2026-02-08 17:18:39,778 | INFO |     All assets up to date
2026-02-08 17:18:39,778 | INFO | 
  Batch 2/5 (10 tickers)
2026-02-08 17:18:39,830 | INFO |     Batch download: 1 tickers
2026-02-08 17:18:43,157 | ERROR | 
1 Failed download:
2026-02-08 17:18:43,157 | ERROR | ['GRT-USD']: YFRateLimitError('Too Many Requests. Rate limited. Try after a while.')
2026-02-08 17:18:43,186 | INFO |   Batch complete, waiting 120s...
2026-02-08 17:20:43,187 | INFO | 
  Batch 3/5 (10 tickers)
2026-02-08 17:20:43,279 | INFO |     All assets up to date
2026-02-08 17:20:43,279 | INFO | 
  Batch 4/5 (10 tickers)
2026-02-08 17:20:43,330 | INFO |     Batch download: 1 tickers
2026-02-08 17:20:45,896 | ERROR | 
1 Failed download:
2026-02-08 17:20:45,897 | ERROR | ['UNI-USD']: YFRateLimitError('Too Many Requests. Rate limited. Try after a while.')
2026-02-08 17:20:45,906 | INFO |   Batch complete, waiting 120s...
2026-02-08 17:22:45,908 | INFO | 
  Batch 5/5 (6 tickers)
2026-02-08 17:22:45,954 | INFO |     All assets up to date
2026-02-08 17:22:45,954 | INFO | 
============================================================
2026-02-08 17:22:45,954 | INFO | Processing EQUITY: 421 assets
2026-02-08 17:22:45,954 | INFO | Schedule: Weekdays 22:00 UTC
2026-02-08 17:22:45,954 | INFO | ============================================================
2026-02-08 17:22:45,954 | INFO |   Market closed for EQUITY today, skipping
2026-02-08 17:22:45,954 | INFO | 
============================================================
2026-02-08 17:22:45,954 | INFO | Processing FX: 24 assets
2026-02-08 17:22:45,954 | INFO | Schedule: Sun-Thu 22:00 UTC
2026-02-08 17:22:45,954 | INFO | ============================================================
2026-02-08 17:22:45,954 | INFO |   Using BATCH MODE (CEO-DIR-2026-119)
2026-02-08 17:22:45,954 | INFO | 
  Batch 1/3 (10 tickers)
2026-02-08 17:22:45,995 | INFO |     Batch download: 9 tickers
2026-02-08 17:22:58,140 | ERROR | 
9 Failed downloads:
2026-02-08 17:22:58,140 | ERROR | ['EURJPY=X', 'EURAUD=X', 'EURCHF=X', 'AUDJPY=X', 'CHFJPY=X', 'EURNOK=X', 'EURSEK=X', 'CADJPY=X', 'EURGBP=X']: YFRateLimitError('Too Many Requests. Rate limited. Try after a while.')
2026-02-08 17:22:58,144 | INFO |   Batch complete, waiting 120s...
