2026-01-16 14:31:14,110 | INFO | ======================================================================
2026-01-16 14:31:14,111 | INFO | IoS-001 DAILY PRICE INGEST
2026-01-16 14:31:14,111 | INFO | Executor: LINE (EC-004)
2026-01-16 14:31:14,111 | INFO | Authority: CEO_DIRECTIVE_LINE_DAILY_INGEST_ACTIVATION_20251212
2026-01-16 14:31:14,111 | INFO | Time: 2026-01-16T13:31:14.111028+00:00
2026-01-16 14:31:14,111 | INFO | Asset Class Filter: ALL
2026-01-16 14:31:14,111 | INFO | Dry Run: False
2026-01-16 14:31:14,111 | INFO | ======================================================================
2026-01-16 14:31:14,538 | INFO | Found 491 VEGA-attested assets
2026-01-16 14:31:14,538 | INFO | 
============================================================
2026-01-16 14:31:14,538 | INFO | Processing CRYPTO: 46 assets
2026-01-16 14:31:14,538 | INFO | Schedule: Daily 01:00 UTC
2026-01-16 14:31:14,538 | INFO | ============================================================
2026-01-16 14:31:14,538 | INFO | 
  Batch 1/2 (25 assets)
2026-01-16 14:31:17,374 | WARNING |   [GRT-USD] Fetch error: Too Many Requests. Rate limited. Try after a while.
2026-01-16 14:31:20,398 | INFO |   Batch complete, waiting 60s...
2026-01-16 14:32:20,399 | INFO | 
  Batch 2/2 (21 assets)
2026-01-16 14:32:22,159 | WARNING |   [UNI-USD] Fetch error: Too Many Requests. Rate limited. Try after a while.
2026-01-16 14:32:25,206 | INFO | 
============================================================
2026-01-16 14:32:25,206 | INFO | Processing EQUITY: 421 assets
2026-01-16 14:32:25,206 | INFO | Schedule: Weekdays 22:00 UTC
2026-01-16 14:32:25,207 | INFO | ============================================================
2026-01-16 14:32:25,207 | INFO | 
  Batch 1/17 (25 assets)
2026-01-16 14:32:26,220 | WARNING |   [1COV.DE] Fetch error: Too Many Requests. Rate limited. Try after a while.
2026-01-16 14:32:30,523 | WARNING |   [ABBV] Fetch error: Too Many Requests. Rate limited. Try after a while.
2026-01-16 14:32:34,947 | WARNING |   [ABNB] Fetch error: Too Many Requests. Rate limited. Try after a while.
2026-01-16 14:32:39,326 | WARNING |   [ABT] Fetch error: Too Many Requests. Rate limited. Try after a while.
2026-01-16 14:32:43,244 | WARNING |   [ADBE] Fetch error: Too Many Requests. Rate limited. Try after a while.
2026-01-16 14:32:47,277 | WARNING |   [ADI] Fetch error: Too Many Requests. Rate limited. Try after a while.
2026-01-16 14:32:51,330 | WARNING |   [ADSK] Fetch error: Too Many Requests. Rate limited. Try after a while.
2026-01-16 14:32:55,320 | WARNING |   [AEP] Fetch error: Too Many Requests. Rate limited. Try after a while.
2026-01-16 14:32:59,623 | WARNING |   [AFL] Fetch error: Too Many Requests. Rate limited. Try after a while.
2026-01-16 14:33:03,721 | WARNING |   [AIG] Fetch error: Too Many Requests. Rate limited. Try after a while.
2026-01-16 14:33:07,769 | WARNING |   [AKAM] Fetch error: Too Many Requests. Rate limited. Try after a while.
2026-01-16 14:33:11,861 | WARNING |   [ALB] Fetch error: Too Many Requests. Rate limited. Try after a while.
2026-01-16 14:33:16,376 | WARNING |   [ALL] Fetch error: Too Many Requests. Rate limited. Try after a while.
2026-01-16 14:33:20,853 | WARNING |   [AMAT] Fetch error: Too Many Requests. Rate limited. Try after a while.
2026-01-16 14:33:23,859 | INFO |   Batch complete, waiting 60s...
2026-01-16 14:34:23,860 | INFO | 
  Batch 2/17 (25 assets)
2026-01-16 14:34:25,538 | WARNING |   [AMD] Fetch error: Too Many Requests. Rate limited. Try after a while.
2026-01-16 14:34:29,882 | WARNING |   [AMGN] Fetch error: Too Many Requests. Rate limited. Try after a while.
2026-01-16 14:34:34,191 | WARNING |   [AMT] Fetch error: Too Many Requests. Rate limited. Try after a while.
2026-01-16 14:34:38,455 | WARNING |   [AMZN] Fetch error: Too Many Requests. Rate limited. Try after a while.
2026-01-16 14:34:42,953 | WARNING |   [AON] Fetch error: Too Many Requests. Rate limited. Try after a while.
2026-01-16 14:34:47,059 | WARNING |   [APD] Fetch error: Too Many Requests. Rate limited. Try after a while.
2026-01-16 14:34:51,270 | WARNING |   [ASML] Fetch error: Too Many Requests. Rate limited. Try after a while.
2026-01-16 14:34:55,414 | WARNING |   [AVB] Fetch error: Too Many Requests. Rate limited. Try after a while.
2026-01-16 14:34:59,184 | WARNING |   [AVGO] Fetch error: Too Many Requests. Rate limited. Try after a while.
2026-01-16 14:35:03,424 | WARNING |   [AWK] Fetch error: Too Many Requests. Rate limited. Try after a while.
2026-01-16 14:35:07,702 | WARNING |   [AXP] Fetch error: Too Many Requests. Rate limited. Try after a while.
2026-01-16 14:35:12,040 | WARNING |   [AZO] Fetch error: Too Many Requests. Rate limited. Try after a while.
2026-01-16 14:35:15,986 | WARNING |   [BA] Fetch error: Too Many Requests. Rate limited. Try after a while.
2026-01-16 14:35:19,970 | WARNING |   [BAC] Fetch error: Too Many Requests. Rate limited. Try after a while.
2026-01-16 14:35:23,005 | INFO |   Batch complete, waiting 60s...
