2025-12-16 11:07:33,111 | INFO | ======================================================================
2025-12-16 11:07:33,111 | INFO | IoS-001 DAILY PRICE INGEST
2025-12-16 11:07:33,111 | INFO | Executor: LINE (EC-004)
2025-12-16 11:07:33,111 | INFO | Authority: CEO_DIRECTIVE_LINE_DAILY_INGEST_ACTIVATION_20251212
2025-12-16 11:07:33,111 | INFO | Time: 2025-12-16T10:07:33.111067+00:00
2025-12-16 11:07:33,111 | INFO | Asset Class Filter: CRYPTO
2025-12-16 11:07:33,111 | INFO | Dry Run: True
2025-12-16 11:07:33,111 | INFO | ======================================================================
2025-12-16 11:07:33,737 | INFO | Found 47 VEGA-attested assets
2025-12-16 11:07:33,737 | INFO | 
============================================================
2025-12-16 11:07:33,737 | INFO | Processing CRYPTO: 47 assets
2025-12-16 11:07:33,737 | INFO | Schedule: Daily 01:00 UTC
2025-12-16 11:07:33,737 | INFO | ============================================================
2025-12-16 11:07:33,737 | INFO | 
  Batch 1/2 (25 assets)
2025-12-16 11:07:33,744 | INFO |     [ADA-USD] Would fetch 2025-12-13 to 2025-12-16
2025-12-16 11:07:33,744 | INFO |     [ALGO-USD] Would fetch 2025-12-13 to 2025-12-16
2025-12-16 11:07:33,744 | INFO |     [APT-USD] Would fetch 2025-06-25 to 2025-12-16
2025-12-16 11:07:33,744 | INFO |     [ATOM-USD] Would fetch 2025-12-13 to 2025-12-16
2025-12-16 11:07:33,744 | INFO |     [AVAX-USD] Would fetch 2025-12-13 to 2025-12-16
2025-12-16 11:07:33,754 | INFO |     [AXS-USD] Would fetch 2025-12-13 to 2025-12-16
2025-12-16 11:07:33,754 | INFO |     [BCH-USD] Would fetch 2025-12-13 to 2025-12-16
2025-12-16 11:07:33,754 | INFO |     [BNB-USD] Would fetch 2025-12-13 to 2025-12-16
2025-12-16 11:07:33,754 | INFO |     [BTC-USD] Would fetch 2025-12-14 to 2025-12-16
2025-12-16 11:07:33,764 | INFO |     [CHZ-USD] Would fetch 2025-12-13 to 2025-12-16
2025-12-16 11:07:33,766 | INFO |     [CRO-USD] Would fetch 2025-12-13 to 2025-12-16
2025-12-16 11:07:33,766 | INFO |     [CRV-USD] Would fetch 2025-12-13 to 2025-12-16
2025-12-16 11:07:33,766 | INFO |     [DOGE-USD] Would fetch 2025-12-13 to 2025-12-16
2025-12-16 11:07:33,766 | INFO |     [DOT-USD] Would fetch 2025-12-13 to 2025-12-16
2025-12-16 11:07:33,766 | INFO |     [EOS-USD] Would fetch 2025-12-13 to 2025-12-16
2025-12-16 11:07:33,766 | INFO |     [ETC-USD] Would fetch 2025-12-13 to 2025-12-16
2025-12-16 11:07:33,766 | INFO |     [ETH-USD] Would fetch 2025-12-14 to 2025-12-16
2025-12-16 11:07:33,766 | INFO |     [FIL-USD] Would fetch 2025-12-13 to 2025-12-16
2025-12-16 11:07:33,776 | INFO |     [FLOW-USD] Would fetch 2025-12-13 to 2025-12-16
2025-12-16 11:07:33,776 | INFO |     [HBAR-USD] Would fetch 2025-12-13 to 2025-12-16
2025-12-16 11:07:33,776 | INFO |     [ICP-USD] Would fetch 2025-12-13 to 2025-12-16
2025-12-16 11:07:33,776 | INFO |     [INJ-USD] Would fetch 2025-12-13 to 2025-12-16
2025-12-16 11:07:33,776 | INFO |     [LDO-USD] Would fetch 2025-12-13 to 2025-12-16
2025-12-16 11:07:33,776 | INFO |     [LINK-USD] Would fetch 2025-12-13 to 2025-12-16
2025-12-16 11:07:33,776 | INFO |     [LTC-USD] Would fetch 2025-12-13 to 2025-12-16
2025-12-16 11:07:33,776 | INFO |   Batch complete, waiting 60s...
2025-12-16 11:08:33,785 | INFO | 
  Batch 2/2 (22 assets)
2025-12-16 11:08:33,787 | INFO |     [MANA-USD] Would fetch 2025-12-13 to 2025-12-16
2025-12-16 11:08:33,790 | INFO |     [MATIC-USD] Would fetch 2025-03-25 to 2025-12-16
2025-12-16 11:08:33,794 | INFO |     [MKR-USD] Would fetch 2025-12-13 to 2025-12-16
2025-12-16 11:08:33,796 | INFO |     [NEAR-USD] Would fetch 2025-12-13 to 2025-12-16
2025-12-16 11:08:33,798 | INFO |     [OKB-USD] Would fetch 2025-12-13 to 2025-12-16
2025-12-16 11:08:33,800 | INFO |     [QNT-USD] Would fetch 2025-12-13 to 2025-12-16
2025-12-16 11:08:33,802 | INFO |     [RPL-USD] Would fetch 2025-12-13 to 2025-12-16
2025-12-16 11:08:33,803 | INFO |     [RUNE-USD] Would fetch 2025-12-13 to 2025-12-16
2025-12-16 11:08:33,805 | INFO |     [SAND-USD] Would fetch 2025-12-13 to 2025-12-16
2025-12-16 11:08:33,806 | INFO |     [SHIB-USD] Would fetch 2025-12-13 to 2025-12-16
2025-12-16 11:08:33,807 | INFO |     [SNX-USD] Would fetch 2025-12-13 to 2025-12-16
2025-12-16 11:08:33,809 | INFO |     [SOL-USD] Would fetch 2025-12-14 to 2025-12-16
2025-12-16 11:08:33,811 | INFO |     [THETA-USD] Would fetch 2025-12-13 to 2025-12-16
2025-12-16 11:08:33,813 | INFO |     [TRX-USD] Would fetch 2025-12-13 to 2025-12-16
2025-12-16 11:08:33,814 | INFO |     [UNI-USD] Would fetch 2025-04-18 to 2025-12-16
2025-12-16 11:08:33,816 | INFO |     [VET-USD] Would fetch 2025-12-13 to 2025-12-16
2025-12-16 11:08:33,818 | INFO |     [XLM-USD] Would fetch 2025-12-13 to 2025-12-16
2025-12-16 11:08:33,819 | INFO |     [XMR-USD] Would fetch 2025-12-13 to 2025-12-16
2025-12-16 11:08:33,820 | INFO |     [XRP-USD] Would fetch 2025-12-13 to 2025-12-16
2025-12-16 11:08:33,822 | INFO |     [XTZ-USD] Would fetch 2025-12-13 to 2025-12-16
2025-12-16 11:08:33,823 | INFO |     [ZEC-USD] Would fetch 2025-12-13 to 2025-12-16
2025-12-16 11:08:33,824 | INFO |     [AAVE-USD] Would fetch 2025-12-13 to 2025-12-16
2025-12-16 11:08:33,825 | INFO | 
======================================================================
2025-12-16 11:08:33,825 | INFO | DAILY INGEST COMPLETE
2025-12-16 11:08:33,825 | INFO | ======================================================================
2025-12-16 11:08:33,825 | INFO | Assets Processed: 47
2025-12-16 11:08:33,825 | INFO | Assets Updated:   0
2025-12-16 11:08:33,825 | INFO | Rows Inserted:    0
2025-12-16 11:08:33,825 | INFO |   CRYPTO: 0 assets, 0 rows
2025-12-16 11:08:33,825 | INFO | Evidence: C:\fhq-market-system\vision-ios\03_FUNCTIONS\evidence\IOS001_DAILY_INGEST_61575cbb_20251216_110833.json
2025-12-16 11:08:33,826 | INFO | ======================================================================
