2025-12-22 02:05:25,202 | INFO | ======================================================================
2025-12-22 02:05:25,202 | INFO | IoS-001 DAILY PRICE INGEST
2025-12-22 02:05:25,202 | INFO | Executor: LINE (EC-004)
2025-12-22 02:05:25,202 | INFO | Authority: CEO_DIRECTIVE_LINE_DAILY_INGEST_ACTIVATION_20251212
2025-12-22 02:05:25,203 | INFO | Time: 2025-12-22T01:05:25.202713+00:00
2025-12-22 02:05:25,203 | INFO | Asset Class Filter: ALL
2025-12-22 02:05:25,203 | INFO | Dry Run: False
2025-12-22 02:05:25,203 | INFO | ======================================================================
2025-12-22 02:05:25,426 | INFO | Found 463 VEGA-attested assets
2025-12-22 02:05:25,426 | INFO | 
============================================================
2025-12-22 02:05:25,426 | INFO | Processing CRYPTO: 45 assets
2025-12-22 02:05:25,426 | INFO | Schedule: Daily 01:00 UTC
2025-12-22 02:05:25,426 | INFO | ============================================================
2025-12-22 02:05:25,426 | INFO | 
  Batch 1/2 (25 assets)
2025-12-22 02:05:30,808 | WARNING |   [ADA-USD] Fetch error: Too Many Requests. Rate limited. Try after a while.
2025-12-22 02:05:35,083 | WARNING |   [ALGO-USD] Fetch error: Too Many Requests. Rate limited. Try after a while.
2025-12-22 02:05:39,183 | WARNING |   [ATOM-USD] Fetch error: Too Many Requests. Rate limited. Try after a while.
2025-12-22 02:05:43,236 | WARNING |   [AXS-USD] Fetch error: Too Many Requests. Rate limited. Try after a while.
2025-12-22 02:05:47,348 | WARNING |   [BNB-USD] Fetch error: Too Many Requests. Rate limited. Try after a while.
2025-12-22 02:05:51,240 | WARNING |   [CHZ-USD] Fetch error: Too Many Requests. Rate limited. Try after a while.
2025-12-22 02:05:55,129 | WARNING |   [CRO-USD] Fetch error: Too Many Requests. Rate limited. Try after a while.
2025-12-22 02:05:59,025 | WARNING |   [EOS-USD] Fetch error: Too Many Requests. Rate limited. Try after a while.
2025-12-22 02:06:03,299 | WARNING |   [ETC-USD] Fetch error: Too Many Requests. Rate limited. Try after a while.
2025-12-22 02:06:07,280 | WARNING |   [FIL-USD] Fetch error: Too Many Requests. Rate limited. Try after a while.
2025-12-22 02:06:11,280 | WARNING |   [FLOW-USD] Fetch error: Too Many Requests. Rate limited. Try after a while.
2025-12-22 02:06:15,035 | WARNING |   [HBAR-USD] Fetch error: Too Many Requests. Rate limited. Try after a while.
2025-12-22 02:06:19,011 | WARNING |   [ICP-USD] Fetch error: Too Many Requests. Rate limited. Try after a while.
2025-12-22 02:06:23,068 | WARNING |   [INJ-USD] Fetch error: Too Many Requests. Rate limited. Try after a while.
2025-12-22 02:06:27,334 | WARNING |   [LDO-USD] Fetch error: Too Many Requests. Rate limited. Try after a while.
2025-12-22 02:06:31,271 | WARNING |   [MANA-USD] Fetch error: Too Many Requests. Rate limited. Try after a while.
2025-12-22 02:06:34,272 | INFO |   Batch complete, waiting 60s...
2025-12-22 02:07:34,272 | INFO | 
  Batch 2/2 (20 assets)
2025-12-22 02:07:35,562 | WARNING |   [MKR-USD] Fetch error: Too Many Requests. Rate limited. Try after a while.
2025-12-22 02:07:39,914 | WARNING |   [NEAR-USD] Fetch error: Too Many Requests. Rate limited. Try after a while.
2025-12-22 02:07:44,109 | WARNING |   [OKB-USD] Fetch error: Too Many Requests. Rate limited. Try after a while.
2025-12-22 02:07:48,387 | WARNING |   [QNT-USD] Fetch error: Too Many Requests. Rate limited. Try after a while.
2025-12-22 02:07:52,314 | WARNING |   [RPL-USD] Fetch error: Too Many Requests. Rate limited. Try after a while.
2025-12-22 02:07:56,350 | WARNING |   [RUNE-USD] Fetch error: Too Many Requests. Rate limited. Try after a while.
2025-12-22 02:08:00,525 | WARNING |   [SAND-USD] Fetch error: Too Many Requests. Rate limited. Try after a while.
2025-12-22 02:08:04,630 | WARNING |   [SNX-USD] Fetch error: Too Many Requests. Rate limited. Try after a while.
2025-12-22 02:08:08,894 | WARNING |   [THETA-USD] Fetch error: Too Many Requests. Rate limited. Try after a while.
2025-12-22 02:08:12,916 | WARNING |   [TRX-USD] Fetch error: Too Many Requests. Rate limited. Try after a while.
2025-12-22 02:08:17,162 | WARNING |   [VET-USD] Fetch error: Too Many Requests. Rate limited. Try after a while.
2025-12-22 02:08:21,276 | WARNING |   [XLM-USD] Fetch error: Too Many Requests. Rate limited. Try after a while.
2025-12-22 02:08:25,528 | WARNING |   [XMR-USD] Fetch error: Too Many Requests. Rate limited. Try after a while.
2025-12-22 02:08:29,889 | WARNING |   [ZEC-USD] Fetch error: Too Many Requests. Rate limited. Try after a while.
2025-12-22 02:08:32,895 | INFO | 
============================================================
2025-12-22 02:08:32,896 | INFO | Processing EQUITY: 394 assets
2025-12-22 02:08:32,896 | INFO | Schedule: Weekdays 22:00 UTC
2025-12-22 02:08:32,896 | INFO | ============================================================
2025-12-22 02:08:32,896 | INFO | 
  Batch 1/16 (25 assets)
2025-12-22 02:08:33,914 | WARNING |   [1COV.DE] Fetch error: Too Many Requests. Rate limited. Try after a while.
2025-12-22 02:08:37,823 | WARNING |   [ABBV] Fetch error: Too Many Requests. Rate limited. Try after a while.
2025-12-22 02:08:42,245 | WARNING |   [ABNB] Fetch error: Too Many Requests. Rate limited. Try after a while.
2025-12-22 02:08:46,188 | WARNING |   [ABT] Fetch error: Too Many Requests. Rate limited. Try after a while.
2025-12-22 02:08:50,426 | WARNING |   [ACA.PA] Fetch error: Too Many Requests. Rate limited. Try after a while.
2025-12-22 02:08:54,481 | WARNING |   [ADBE] Fetch error: Too Many Requests. Rate limited. Try after a while.
2025-12-22 02:08:58,447 | WARNING |   [ADI] Fetch error: Too Many Requests. Rate limited. Try after a while.
2025-12-22 02:09:02,359 | WARNING |   [ADS.DE] Fetch error: Too Many Requests. Rate limited. Try after a while.
2025-12-22 02:09:06,362 | WARNING |   [ADSK] Fetch error: Too Many Requests. Rate limited. Try after a while.
2025-12-22 02:09:10,278 | WARNING |   [AEP] Fetch error: Too Many Requests. Rate limited. Try after a while.
2025-12-22 02:09:14,134 | WARNING |   [AFL] Fetch error: Too Many Requests. Rate limited. Try after a while.
2025-12-22 02:09:18,233 | WARNING |   [AI.PA] Fetch error: Too Many Requests. Rate limited. Try after a while.
2025-12-22 02:09:22,313 | WARNING |   [AIG] Fetch error: Too Many Requests. Rate limited. Try after a while.
2025-12-22 02:09:26,310 | WARNING |   [AIR.DE] Fetch error: Too Many Requests. Rate limited. Try after a while.
2025-12-22 02:09:30,693 | WARNING |   [AIR.PA] Fetch error: Too Many Requests. Rate limited. Try after a while.
2025-12-22 02:09:34,681 | WARNING |   [AKAM] Fetch error: Too Many Requests. Rate limited. Try after a while.
2025-12-22 02:09:38,779 | WARNING |   [AKER.OL] Fetch error: Too Many Requests. Rate limited. Try after a while.
2025-12-22 02:09:42,826 | WARNING |   [AKRBP.OL] Fetch error: Too Many Requests. Rate limited. Try after a while.
2025-12-22 02:09:46,616 | WARNING |   [AKSO.OL] Fetch error: Too Many Requests. Rate limited. Try after a while.
2025-12-22 02:09:50,578 | WARNING |   [AKVA.OL] Fetch error: Too Many Requests. Rate limited. Try after a while.
2025-12-22 02:09:54,490 | WARNING |   [ALB] Fetch error: Too Many Requests. Rate limited. Try after a while.
2025-12-22 02:09:58,672 | WARNING |   [ALL] Fetch error: Too Many Requests. Rate limited. Try after a while.
2025-12-22 02:10:02,683 | WARNING |   [ALO.PA] Fetch error: Too Many Requests. Rate limited. Try after a while.
2025-12-22 02:10:06,706 | WARNING |   [ALV.DE] Fetch error: Too Many Requests. Rate limited. Try after a while.
2025-12-22 02:10:11,151 | WARNING |   [AMAT] Fetch error: Too Many Requests. Rate limited. Try after a while.
2025-12-22 02:10:14,161 | INFO |   Batch complete, waiting 60s...
