2026-01-17 22:22:00,202 | INFO | ======================================================================
2026-01-17 22:22:00,203 | INFO | IoS-001 DAILY PRICE INGEST
2026-01-17 22:22:00,203 | INFO | Executor: LINE (EC-004)
2026-01-17 22:22:00,203 | INFO | Authority: CEO_DIRECTIVE_LINE_DAILY_INGEST_ACTIVATION_20251212
2026-01-17 22:22:00,203 | INFO | Time: 2026-01-17T21:22:00.203451+00:00
2026-01-17 22:22:00,203 | INFO | Asset Class Filter: ALL
2026-01-17 22:22:00,203 | INFO | Dry Run: False
2026-01-17 22:22:00,203 | INFO | ======================================================================
2026-01-17 22:22:00,535 | INFO | Found 491 VEGA-attested assets
2026-01-17 22:22:00,535 | INFO | 
============================================================
2026-01-17 22:22:00,535 | INFO | Processing CRYPTO: 46 assets
2026-01-17 22:22:00,535 | INFO | Schedule: Daily 01:00 UTC
2026-01-17 22:22:00,536 | INFO | ============================================================
2026-01-17 22:22:00,536 | INFO | 
  Batch 1/2 (25 assets)
2026-01-17 22:22:05,610 | WARNING |   [GRT-USD] Fetch error: Too Many Requests. Rate limited. Try after a while.
2026-01-17 22:22:08,665 | INFO |   Batch complete, waiting 60s...
2026-01-17 22:23:08,666 | INFO | 
  Batch 2/2 (21 assets)
2026-01-17 22:23:10,348 | WARNING |   [UNI-USD] Fetch error: Too Many Requests. Rate limited. Try after a while.
2026-01-17 22:23:13,382 | INFO | 
============================================================
2026-01-17 22:23:13,383 | INFO | Processing EQUITY: 421 assets
2026-01-17 22:23:13,383 | INFO | Schedule: Weekdays 22:00 UTC
2026-01-17 22:23:13,384 | INFO | ============================================================
2026-01-17 22:23:13,384 | INFO |   Market closed for EQUITY today, skipping
2026-01-17 22:23:13,384 | INFO | 
============================================================
2026-01-17 22:23:13,384 | INFO | Processing FX: 24 assets
2026-01-17 22:23:13,384 | INFO | Schedule: Sun-Thu 22:00 UTC
2026-01-17 22:23:13,385 | INFO | ============================================================
2026-01-17 22:23:13,385 | INFO |   Market closed for FX today, skipping
2026-01-17 22:23:13,391 | WARNING | Heartbeat recording failed: relation "fhq_monitoring.system_heartbeats" does not exist
LINE 2:                 INSERT INTO fhq_monitoring.system_heartbeats...
                                    ^

2026-01-17 22:23:13,391 | INFO | 
======================================================================
2026-01-17 22:23:13,391 | INFO | DAILY INGEST COMPLETE
2026-01-17 22:23:13,391 | INFO | ======================================================================
2026-01-17 22:23:13,391 | INFO | Assets Processed: 46
2026-01-17 22:23:13,391 | INFO | Assets Updated:   0
2026-01-17 22:23:13,391 | INFO | Rows Inserted:    0
2026-01-17 22:23:13,391 | INFO |   CRYPTO: 0 assets, 0 rows
2026-01-17 22:23:13,391 | INFO | Evidence: C:\fhq-market-system\vision-ios\03_FUNCTIONS\evidence\IOS001_DAILY_INGEST_586ca5ff_20260117_222313.json
2026-01-17 22:23:13,391 | INFO | ======================================================================
