2026-01-19 09:32:25,435 | INFO | ======================================================================
2026-01-19 09:32:25,435 | INFO | IoS-001 DAILY PRICE INGEST
2026-01-19 09:32:25,435 | INFO | Executor: LINE (EC-004)
2026-01-19 09:32:25,435 | INFO | Authority: CEO_DIRECTIVE_LINE_DAILY_INGEST_ACTIVATION_20251212
2026-01-19 09:32:25,435 | INFO | Time: 2026-01-19T08:32:25.435676+00:00
2026-01-19 09:32:25,435 | INFO | Asset Class Filter: ALL
2026-01-19 09:32:25,435 | INFO | Dry Run: False
2026-01-19 09:32:25,435 | INFO | ======================================================================
2026-01-19 09:32:25,819 | INFO | Found 491 VEGA-attested assets
2026-01-19 09:32:25,819 | INFO | 
============================================================
2026-01-19 09:32:25,819 | INFO | Processing CRYPTO: 46 assets
2026-01-19 09:32:25,819 | INFO | Schedule: Daily 01:00 UTC
2026-01-19 09:32:25,819 | INFO | ============================================================
2026-01-19 09:32:25,819 | INFO | 
  Batch 1/2 (25 assets)
2026-01-19 09:32:25,892 | INFO |   Batch complete, waiting 60s...
2026-01-19 09:33:25,899 | INFO | 
  Batch 2/2 (21 assets)
2026-01-19 09:33:27,142 | ERROR | $UNI-USD: possibly delisted; no price data found  (1d 2026-01-19 -> 2026-01-20)
2026-01-19 09:33:30,179 | INFO | 
============================================================
2026-01-19 09:33:30,179 | INFO | Processing EQUITY: 421 assets
2026-01-19 09:33:30,179 | INFO | Schedule: Weekdays 22:00 UTC
2026-01-19 09:33:30,179 | INFO | ============================================================
2026-01-19 09:33:30,179 | INFO | 
  Batch 1/17 (25 assets)
2026-01-19 09:33:30,347 | ERROR | $1COV.DE: possibly delisted; no price data found  (1d 2025-12-24 -> 2026-01-20)
2026-01-19 09:33:33,610 | INFO |     [ABBV] +1 rows
2026-01-19 09:33:36,745 | INFO |     [ABNB] +1 rows
2026-01-19 09:33:39,936 | INFO |     [ABT] +1 rows
2026-01-19 09:33:43,043 | INFO |     [ADBE] +1 rows
2026-01-19 09:33:46,274 | INFO |     [ADI] +1 rows
2026-01-19 09:33:49,425 | INFO |     [ADS.DE] +1 rows
2026-01-19 09:33:52,558 | INFO |     [ADSK] +1 rows
2026-01-19 09:33:55,788 | INFO |     [AEP] +1 rows
2026-01-19 09:33:58,980 | INFO |     [AFL] +1 rows
2026-01-19 09:34:02,332 | INFO |     [AIG] +1 rows
2026-01-19 09:34:05,510 | INFO |     [AIR.DE] +1 rows
2026-01-19 09:34:08,617 | INFO |     [AKAM] +1 rows
2026-01-19 09:34:11,808 | INFO |     [ALB] +1 rows
2026-01-19 09:34:15,025 | INFO |     [ALL] +1 rows
2026-01-19 09:34:18,162 | INFO |     [AMAT] +1 rows
2026-01-19 09:34:21,168 | INFO |   Batch complete, waiting 60s...
2026-01-19 09:35:21,169 | INFO | 
  Batch 2/17 (25 assets)
2026-01-19 09:35:21,274 | INFO |     [AMD] +1 rows
2026-01-19 09:35:24,402 | INFO |     [AMGN] +1 rows
2026-01-19 09:35:27,523 | INFO |     [AMT] +1 rows
2026-01-19 09:35:30,649 | INFO |     [AMZN] +1 rows
2026-01-19 09:35:33,822 | INFO |     [AON] +1 rows
2026-01-19 09:35:37,013 | INFO |     [APD] +1 rows
2026-01-19 09:35:40,120 | INFO |     [ASML] +1 rows
2026-01-19 09:35:43,261 | INFO |     [AVB] +1 rows
2026-01-19 09:35:46,418 | INFO |     [AVGO] +1 rows
2026-01-19 09:35:49,575 | INFO |     [AWK] +1 rows
2026-01-19 09:35:52,767 | INFO |     [AXP] +1 rows
2026-01-19 09:35:55,912 | INFO |     [AZO] +1 rows
2026-01-19 09:35:59,110 | INFO |     [BA] +1 rows
2026-01-19 09:36:02,303 | INFO |     [BAC] +1 rows
2026-01-19 09:36:05,337 | INFO |   Batch complete, waiting 60s...
2026-01-19 09:37:05,346 | INFO | 
  Batch 3/17 (25 assets)
2026-01-19 09:37:05,509 | INFO |     [BEI.DE] +1 rows
2026-01-19 09:37:08,647 | INFO |     [BEWI.OL] +1 rows
2026-01-19 09:37:11,910 | INFO |     [BHP.L] +1 rows
2026-01-19 09:37:15,043 | INFO |     [BKNG] +1 rows
2026-01-19 09:37:18,318 | INFO |     [BKR] +1 rows
2026-01-19 09:37:21,441 | INFO |     [BLK] +1 rows
