2026-01-11 20:59:18,089 | INFO | ======================================================================
2026-01-11 20:59:18,089 | INFO | IoS-001 DAILY PRICE INGEST
2026-01-11 20:59:18,089 | INFO | Executor: LINE (EC-004)
2026-01-11 20:59:18,089 | INFO | Authority: CEO_DIRECTIVE_LINE_DAILY_INGEST_ACTIVATION_20251212
2026-01-11 20:59:18,089 | INFO | Time: 2026-01-11T19:59:18.089178+00:00
2026-01-11 20:59:18,089 | INFO | Asset Class Filter: ALL
2026-01-11 20:59:18,089 | INFO | Dry Run: False
2026-01-11 20:59:18,089 | INFO | ======================================================================
2026-01-11 20:59:18,329 | INFO | Found 491 VEGA-attested assets
2026-01-11 20:59:18,329 | INFO | 
============================================================
2026-01-11 20:59:18,329 | INFO | Processing CRYPTO: 46 assets
2026-01-11 20:59:18,329 | INFO | Schedule: Daily 01:00 UTC
2026-01-11 20:59:18,329 | INFO | ============================================================
2026-01-11 20:59:18,329 | INFO | 
  Batch 1/2 (25 assets)
2026-01-11 20:59:21,806 | WARNING |   [GRT-USD] Fetch error: Too Many Requests. Rate limited. Try after a while.
2026-01-11 20:59:24,826 | INFO |   Batch complete, waiting 60s...
2026-01-11 21:00:24,827 | INFO | 
  Batch 2/2 (21 assets)
2026-01-11 21:00:26,792 | WARNING |   [UNI-USD] Fetch error: Too Many Requests. Rate limited. Try after a while.
2026-01-11 21:00:29,849 | INFO | 
============================================================
2026-01-11 21:00:29,849 | INFO | Processing EQUITY: 421 assets
2026-01-11 21:00:29,849 | INFO | Schedule: Weekdays 22:00 UTC
2026-01-11 21:00:29,849 | INFO | ============================================================
2026-01-11 21:00:29,849 | INFO |   Market closed for EQUITY today, skipping
2026-01-11 21:00:29,849 | INFO | 
============================================================
2026-01-11 21:00:29,849 | INFO | Processing FX: 24 assets
2026-01-11 21:00:29,849 | INFO | Schedule: Sun-Thu 22:00 UTC
2026-01-11 21:00:29,849 | INFO | ============================================================
2026-01-11 21:00:29,849 | INFO | 
  Batch 1/1 (24 assets)
2026-01-11 21:00:31,045 | WARNING |   [EURSEK=X] Fetch error: Too Many Requests. Rate limited. Try after a while.
2026-01-11 21:00:34,117 | WARNING | Heartbeat recording failed: relation "fhq_monitoring.system_heartbeats" does not exist
LINE 2:                 INSERT INTO fhq_monitoring.system_heartbeats...
                                    ^

2026-01-11 21:00:34,117 | INFO | 
======================================================================
2026-01-11 21:00:34,117 | INFO | DAILY INGEST COMPLETE
2026-01-11 21:00:34,117 | INFO | ======================================================================
2026-01-11 21:00:34,117 | INFO | Assets Processed: 70
2026-01-11 21:00:34,117 | INFO | Assets Updated:   0
2026-01-11 21:00:34,117 | INFO | Rows Inserted:    0
2026-01-11 21:00:34,117 | INFO |   CRYPTO: 0 assets, 0 rows
2026-01-11 21:00:34,117 | INFO |   FX: 0 assets, 0 rows
2026-01-11 21:00:34,117 | INFO | Evidence: C:\fhq-market-system\vision-ios\03_FUNCTIONS\evidence\IOS001_DAILY_INGEST_a5f5cd16_20260111_210034.json
2026-01-11 21:00:34,117 | INFO | ======================================================================
