2026-01-01 10:47:33,552 | INFO | ======================================================================
2026-01-01 10:47:33,552 | INFO | IoS-001 DAILY PRICE INGEST
2026-01-01 10:47:33,552 | INFO | Executor: LINE (EC-004)
2026-01-01 10:47:33,552 | INFO | Authority: CEO_DIRECTIVE_LINE_DAILY_INGEST_ACTIVATION_20251212
2026-01-01 10:47:33,552 | INFO | Time: 2026-01-01T09:47:33.552391+00:00
2026-01-01 10:47:33,552 | INFO | Asset Class Filter: ALL
2026-01-01 10:47:33,552 | INFO | Dry Run: False
2026-01-01 10:47:33,552 | INFO | ======================================================================
2026-01-01 10:47:33,912 | INFO | Found 491 VEGA-attested assets
2026-01-01 10:47:33,912 | INFO | 
============================================================
2026-01-01 10:47:33,912 | INFO | Processing CRYPTO: 46 assets
2026-01-01 10:47:33,912 | INFO | Schedule: Daily 01:00 UTC
2026-01-01 10:47:33,913 | INFO | ============================================================
2026-01-01 10:47:33,913 | INFO | 
  Batch 1/2 (25 assets)
2026-01-01 10:47:39,048 | WARNING |   [GRT-USD] Fetch error: Too Many Requests. Rate limited. Try after a while.
2026-01-01 10:47:42,099 | INFO |   Batch complete, waiting 60s...
2026-01-01 10:48:42,101 | INFO | 
  Batch 2/2 (21 assets)
2026-01-01 10:48:42,422 | WARNING |   [UNI-USD] Fetch error: Too Many Requests. Rate limited. Try after a while.
2026-01-01 10:48:45,461 | INFO | 
============================================================
2026-01-01 10:48:45,461 | INFO | Processing EQUITY: 421 assets
2026-01-01 10:48:45,461 | INFO | Schedule: Weekdays 22:00 UTC
2026-01-01 10:48:45,461 | INFO | ============================================================
2026-01-01 10:48:45,461 | INFO | 
  Batch 1/17 (25 assets)
2026-01-01 10:48:47,203 | WARNING |   [1COV.DE] Fetch error: Too Many Requests. Rate limited. Try after a while.
2026-01-01 10:48:51,234 | WARNING |   [ABBV] Fetch error: Too Many Requests. Rate limited. Try after a while.
2026-01-01 10:48:55,962 | WARNING |   [ABNB] Fetch error: Too Many Requests. Rate limited. Try after a while.
2026-01-01 10:49:00,009 | WARNING |   [ABT] Fetch error: Too Many Requests. Rate limited. Try after a while.
2026-01-01 10:49:04,120 | WARNING |   [ACA.PA] Fetch error: Too Many Requests. Rate limited. Try after a while.
2026-01-01 10:49:08,010 | WARNING |   [ADBE] Fetch error: Too Many Requests. Rate limited. Try after a while.
2026-01-01 10:49:12,920 | WARNING |   [ADI] Fetch error: Too Many Requests. Rate limited. Try after a while.
2026-01-01 10:49:16,797 | WARNING |   [ADS.DE] Fetch error: Too Many Requests. Rate limited. Try after a while.
2026-01-01 10:49:20,895 | WARNING |   [ADSK] Fetch error: Too Many Requests. Rate limited. Try after a while.
2026-01-01 10:49:25,002 | WARNING |   [AEP] Fetch error: Too Many Requests. Rate limited. Try after a while.
2026-01-01 10:49:29,267 | WARNING |   [AFL] Fetch error: Too Many Requests. Rate limited. Try after a while.
2026-01-01 10:49:33,492 | WARNING |   [AI.PA] Fetch error: Too Many Requests. Rate limited. Try after a while.
2026-01-01 10:49:37,408 | WARNING |   [AIG] Fetch error: Too Many Requests. Rate limited. Try after a while.
2026-01-01 10:49:41,460 | WARNING |   [AIR.DE] Fetch error: Too Many Requests. Rate limited. Try after a while.
2026-01-01 10:49:45,480 | WARNING |   [AIR.PA] Fetch error: Too Many Requests. Rate limited. Try after a while.
2026-01-01 10:49:49,762 | WARNING |   [AKAM] Fetch error: Too Many Requests. Rate limited. Try after a while.
2026-01-01 10:49:53,930 | WARNING |   [AKER.OL] Fetch error: Too Many Requests. Rate limited. Try after a while.
2026-01-01 10:49:58,021 | WARNING |   [AKRBP.OL] Fetch error: Too Many Requests. Rate limited. Try after a while.
2026-01-01 10:50:02,179 | WARNING |   [AKSO.OL] Fetch error: Too Many Requests. Rate limited. Try after a while.
2026-01-01 10:50:06,223 | WARNING |   [AKVA.OL] Fetch error: Too Many Requests. Rate limited. Try after a while.
2026-01-01 10:50:10,453 | WARNING |   [ALB] Fetch error: Too Many Requests. Rate limited. Try after a while.
2026-01-01 10:50:14,400 | WARNING |   [ALL] Fetch error: Too Many Requests. Rate limited. Try after a while.
2026-01-01 10:50:18,484 | WARNING |   [ALO.PA] Fetch error: Too Many Requests. Rate limited. Try after a while.
2026-01-01 10:50:22,690 | WARNING |   [ALV.DE] Fetch error: Too Many Requests. Rate limited. Try after a while.
2026-01-01 10:50:26,493 | WARNING |   [AMAT] Fetch error: Too Many Requests. Rate limited. Try after a while.
2026-01-01 10:50:29,496 | INFO |   Batch complete, waiting 60s...
2026-01-01 10:51:29,497 | INFO | 
  Batch 2/17 (25 assets)
2026-01-01 10:51:31,338 | WARNING |   [AMD] Fetch error: Too Many Requests. Rate limited. Try after a while.
2026-01-01 10:51:35,671 | WARNING |   [AMGN] Fetch error: Too Many Requests. Rate limited. Try after a while.
2026-01-01 10:51:39,601 | WARNING |   [AMT] Fetch error: Too Many Requests. Rate limited. Try after a while.
2026-01-01 10:51:44,314 | WARNING |   [AMZN] Fetch error: Too Many Requests. Rate limited. Try after a while.
2026-01-01 10:51:48,518 | WARNING |   [AON] Fetch error: Too Many Requests. Rate limited. Try after a while.
2026-01-01 10:51:52,713 | WARNING |   [APD] Fetch error: Too Many Requests. Rate limited. Try after a while.
2026-01-01 10:51:57,212 | WARNING |   [ASML] Fetch error: Too Many Requests. Rate limited. Try after a while.
2026-01-01 10:52:01,310 | WARNING |   [ATO.PA] Fetch error: Too Many Requests. Rate limited. Try after a while.
2026-01-01 10:52:06,106 | WARNING |   [AUSS.OL] Fetch error: Too Many Requests. Rate limited. Try after a while.
2026-01-01 10:52:10,403 | WARNING |   [AUTO.OL] Fetch error: Too Many Requests. Rate limited. Try after a while.
2026-01-01 10:52:14,678 | WARNING |   [AV.L] Fetch error: Too Many Requests. Rate limited. Try after a while.
2026-01-01 10:52:18,539 | WARNING |   [AVB] Fetch error: Too Many Requests. Rate limited. Try after a while.
2026-01-01 10:52:23,391 | WARNING |   [AVGO] Fetch error: Too Many Requests. Rate limited. Try after a while.
2026-01-01 10:52:27,436 | WARNING |   [AWK] Fetch error: Too Many Requests. Rate limited. Try after a while.
2026-01-01 10:52:31,504 | WARNING |   [AXP] Fetch error: Too Many Requests. Rate limited. Try after a while.
