2026-01-15 07:10:51,987 | INFO | ======================================================================
2026-01-15 07:10:51,987 | INFO | IoS-001 DAILY PRICE INGEST
2026-01-15 07:10:51,987 | INFO | Executor: LINE (EC-004)
2026-01-15 07:10:51,987 | INFO | Authority: CEO_DIRECTIVE_LINE_DAILY_INGEST_ACTIVATION_20251212
2026-01-15 07:10:51,988 | INFO | Time: 2026-01-15T06:10:51.987569+00:00
2026-01-15 07:10:51,988 | INFO | Asset Class Filter: ALL
2026-01-15 07:10:51,988 | INFO | Dry Run: False
2026-01-15 07:10:51,988 | INFO | ======================================================================
2026-01-15 07:10:52,327 | INFO | Found 491 VEGA-attested assets
2026-01-15 07:10:52,328 | INFO | 
============================================================
2026-01-15 07:10:52,328 | INFO | Processing CRYPTO: 46 assets
2026-01-15 07:10:52,328 | INFO | Schedule: Daily 01:00 UTC
2026-01-15 07:10:52,328 | INFO | ============================================================
2026-01-15 07:10:52,328 | INFO | 
  Batch 1/2 (25 assets)
2026-01-15 07:10:55,324 | WARNING |   [GRT-USD] Fetch error: Too Many Requests. Rate limited. Try after a while.
2026-01-15 07:10:58,372 | INFO |   Batch complete, waiting 60s...
2026-01-15 07:11:58,374 | INFO | 
  Batch 2/2 (21 assets)
2026-01-15 07:12:00,242 | WARNING |   [UNI-USD] Fetch error: Too Many Requests. Rate limited. Try after a while.
2026-01-15 07:12:03,290 | INFO | 
============================================================
2026-01-15 07:12:03,291 | INFO | Processing EQUITY: 421 assets
2026-01-15 07:12:03,291 | INFO | Schedule: Weekdays 22:00 UTC
2026-01-15 07:12:03,291 | INFO | ============================================================
2026-01-15 07:12:03,292 | INFO | 
  Batch 1/17 (25 assets)
2026-01-15 07:12:04,575 | WARNING |   [1COV.DE] Fetch error: Too Many Requests. Rate limited. Try after a while.
2026-01-15 07:12:08,814 | WARNING |   [ABBV] Fetch error: Too Many Requests. Rate limited. Try after a while.
2026-01-15 07:12:12,964 | WARNING |   [ABNB] Fetch error: Too Many Requests. Rate limited. Try after a while.
2026-01-15 07:12:16,998 | WARNING |   [ABT] Fetch error: Too Many Requests. Rate limited. Try after a while.
2026-01-15 07:12:21,202 | WARNING |   [ACA.PA] Fetch error: Too Many Requests. Rate limited. Try after a while.
2026-01-15 07:12:25,243 | WARNING |   [ADBE] Fetch error: Too Many Requests. Rate limited. Try after a while.
2026-01-15 07:12:29,285 | WARNING |   [ADI] Fetch error: Too Many Requests. Rate limited. Try after a while.
2026-01-15 07:12:33,204 | WARNING |   [ADS.DE] Fetch error: Too Many Requests. Rate limited. Try after a while.
2026-01-15 07:12:37,449 | WARNING |   [ADSK] Fetch error: Too Many Requests. Rate limited. Try after a while.
2026-01-15 07:12:41,578 | WARNING |   [AEP] Fetch error: Too Many Requests. Rate limited. Try after a while.
2026-01-15 07:12:45,677 | WARNING |   [AFL] Fetch error: Too Many Requests. Rate limited. Try after a while.
2026-01-15 07:12:49,741 | WARNING |   [AI.PA] Fetch error: Too Many Requests. Rate limited. Try after a while.
2026-01-15 07:12:53,919 | WARNING |   [AIG] Fetch error: Too Many Requests. Rate limited. Try after a while.
2026-01-15 07:12:58,096 | WARNING |   [AIR.DE] Fetch error: Too Many Requests. Rate limited. Try after a while.
2026-01-15 07:13:02,149 | WARNING |   [AIR.PA] Fetch error: Too Many Requests. Rate limited. Try after a while.
2026-01-15 07:13:06,100 | WARNING |   [AKAM] Fetch error: Too Many Requests. Rate limited. Try after a while.
2026-01-15 07:13:10,116 | WARNING |   [AKER.OL] Fetch error: Too Many Requests. Rate limited. Try after a while.
2026-01-15 07:13:14,145 | WARNING |   [AKRBP.OL] Fetch error: Too Many Requests. Rate limited. Try after a while.
2026-01-15 07:13:18,137 | WARNING |   [AKSO.OL] Fetch error: Too Many Requests. Rate limited. Try after a while.
2026-01-15 07:13:22,470 | WARNING |   [AKVA.OL] Fetch error: Too Many Requests. Rate limited. Try after a while.
2026-01-15 07:13:26,403 | WARNING |   [ALB] Fetch error: Too Many Requests. Rate limited. Try after a while.
2026-01-15 07:13:30,294 | WARNING |   [ALL] Fetch error: Too Many Requests. Rate limited. Try after a while.
2026-01-15 07:13:34,251 | WARNING |   [ALO.PA] Fetch error: Too Many Requests. Rate limited. Try after a while.
2026-01-15 07:13:38,646 | WARNING |   [ALV.DE] Fetch error: Too Many Requests. Rate limited. Try after a while.
2026-01-15 07:13:42,717 | WARNING |   [AMAT] Fetch error: Too Many Requests. Rate limited. Try after a while.
2026-01-15 07:13:45,719 | INFO |   Batch complete, waiting 60s...
2026-01-15 07:14:45,720 | INFO | 
  Batch 2/17 (25 assets)
2026-01-15 07:14:47,167 | WARNING |   [AMD] Fetch error: Too Many Requests. Rate limited. Try after a while.
2026-01-15 07:14:51,489 | WARNING |   [AMGN] Fetch error: Too Many Requests. Rate limited. Try after a while.
2026-01-15 07:14:55,424 | WARNING |   [AMT] Fetch error: Too Many Requests. Rate limited. Try after a while.
2026-01-15 07:14:59,506 | WARNING |   [AMZN] Fetch error: Too Many Requests. Rate limited. Try after a while.
2026-01-15 07:15:03,742 | WARNING |   [AON] Fetch error: Too Many Requests. Rate limited. Try after a while.
2026-01-15 07:15:07,690 | WARNING |   [APD] Fetch error: Too Many Requests. Rate limited. Try after a while.
2026-01-15 07:15:11,733 | WARNING |   [ASML] Fetch error: Too Many Requests. Rate limited. Try after a while.
2026-01-15 07:15:15,621 | WARNING |   [ATO.PA] Fetch error: Too Many Requests. Rate limited. Try after a while.
2026-01-15 07:15:19,483 | WARNING |   [AUSS.OL] Fetch error: Too Many Requests. Rate limited. Try after a while.
2026-01-15 07:15:23,728 | WARNING |   [AUTO.OL] Fetch error: Too Many Requests. Rate limited. Try after a while.
2026-01-15 07:15:27,910 | WARNING |   [AV.L] Fetch error: Too Many Requests. Rate limited. Try after a while.
2026-01-15 07:15:31,932 | WARNING |   [AVB] Fetch error: Too Many Requests. Rate limited. Try after a while.
2026-01-15 07:15:35,879 | WARNING |   [AVGO] Fetch error: Too Many Requests. Rate limited. Try after a while.
2026-01-15 07:15:39,884 | WARNING |   [AWK] Fetch error: Too Many Requests. Rate limited. Try after a while.
2026-01-15 07:15:44,264 | WARNING |   [AXP] Fetch error: Too Many Requests. Rate limited. Try after a while.
2026-01-15 07:15:48,297 | WARNING |   [AZN.L] Fetch error: Too Many Requests. Rate limited. Try after a while.
