2026-01-28 04:04:05,881 | INFO | ======================================================================
2026-01-28 04:04:05,881 | INFO | IoS-001 DAILY PRICE INGEST
2026-01-28 04:04:05,881 | INFO | Executor: LINE (EC-004)
2026-01-28 04:04:05,881 | INFO | Authority: CEO_DIRECTIVE_LINE_DAILY_INGEST_ACTIVATION_20251212
2026-01-28 04:04:05,881 | INFO | Time: 2026-01-28T03:04:05.881526+00:00
2026-01-28 04:04:05,881 | INFO | Asset Class Filter: ALL
2026-01-28 04:04:05,881 | INFO | Dry Run: False
2026-01-28 04:04:05,881 | INFO | ======================================================================
2026-01-28 04:04:06,238 | INFO | Found 491 VEGA-attested assets
2026-01-28 04:04:06,238 | INFO | 
============================================================
2026-01-28 04:04:06,238 | INFO | Processing CRYPTO: 46 assets
2026-01-28 04:04:06,238 | INFO | Schedule: Daily 01:00 UTC
2026-01-28 04:04:06,244 | INFO | ============================================================
2026-01-28 04:04:06,244 | INFO | 
  Batch 1/2 (25 assets)
2026-01-28 04:04:07,575 | ERROR | $GRT-USD: possibly delisted; no price data found  (1d 2026-01-28 -> 2026-01-29)
2026-01-28 04:04:10,595 | INFO |   Batch complete, waiting 60s...
2026-01-28 04:05:10,598 | INFO | 
  Batch 2/2 (21 assets)
2026-01-28 04:05:10,782 | ERROR | $UNI-USD: possibly delisted; no price data found  (1d 2026-01-27 -> 2026-01-29)
2026-01-28 04:05:13,866 | INFO | 
============================================================
2026-01-28 04:05:13,867 | INFO | Processing EQUITY: 421 assets
2026-01-28 04:05:13,867 | INFO | Schedule: Weekdays 22:00 UTC
2026-01-28 04:05:13,868 | INFO | ============================================================
2026-01-28 04:05:13,869 | INFO | 
  Batch 1/17 (25 assets)
2026-01-28 04:05:14,086 | ERROR | $1COV.DE: possibly delisted; no price data found  (1d 2025-12-24 -> 2026-01-29)
2026-01-28 04:05:19,919 | ERROR | $ABBV: possibly delisted; no price data found  (1d 2026-01-28 -> 2026-01-29) (Yahoo error = "Data doesn't exist for startDate = 1769576400, endDate = 1769662800")
2026-01-28 04:05:24,332 | ERROR | $ABNB: possibly delisted; no price data found  (1d 2026-01-28 -> 2026-01-29) (Yahoo error = "Data doesn't exist for startDate = 1769576400, endDate = 1769662800")
2026-01-28 04:05:28,561 | ERROR | $ABT: possibly delisted; no price data found  (1d 2026-01-28 -> 2026-01-29) (Yahoo error = "Data doesn't exist for startDate = 1769576400, endDate = 1769662800")
2026-01-28 04:05:31,749 | INFO |     [ACA.PA] +1 rows
2026-01-28 04:05:35,793 | ERROR | $ADBE: possibly delisted; no price data found  (1d 2026-01-28 -> 2026-01-29) (Yahoo error = "Data doesn't exist for startDate = 1769576400, endDate = 1769662800")
2026-01-28 04:05:40,090 | ERROR | $ADI: possibly delisted; no price data found  (1d 2026-01-28 -> 2026-01-29) (Yahoo error = "Data doesn't exist for startDate = 1769576400, endDate = 1769662800")
2026-01-28 04:05:43,236 | INFO |     [ADS.DE] +1 rows
2026-01-28 04:05:47,721 | ERROR | $ADSK: possibly delisted; no price data found  (1d 2026-01-28 -> 2026-01-29) (Yahoo error = "Data doesn't exist for startDate = 1769576400, endDate = 1769662800")
2026-01-28 04:05:51,881 | ERROR | $AEP: possibly delisted; no price data found  (1d 2026-01-28 -> 2026-01-29) (Yahoo error = "Data doesn't exist for startDate = 1769576400, endDate = 1769662800")
2026-01-28 04:05:56,001 | ERROR | $AFL: possibly delisted; no price data found  (1d 2026-01-28 -> 2026-01-29) (Yahoo error = "Data doesn't exist for startDate = 1769576400, endDate = 1769662800")
2026-01-28 04:05:59,203 | INFO |     [AI.PA] +1 rows
2026-01-28 04:06:03,622 | ERROR | $AIG: possibly delisted; no price data found  (1d 2026-01-28 -> 2026-01-29) (Yahoo error = "Data doesn't exist for startDate = 1769576400, endDate = 1769662800")
2026-01-28 04:06:06,771 | INFO |     [AIR.DE] +1 rows
2026-01-28 04:06:09,898 | INFO |     [AIR.PA] +1 rows
2026-01-28 04:06:13,944 | ERROR | $AKAM: possibly delisted; no price data found  (1d 2026-01-28 -> 2026-01-29) (Yahoo error = "Data doesn't exist for startDate = 1769576400, endDate = 1769662800")
2026-01-28 04:06:17,079 | INFO |     [AKER.OL] +1 rows
2026-01-28 04:06:20,199 | INFO |     [AKRBP.OL] +1 rows
2026-01-28 04:06:23,331 | INFO |     [AKSO.OL] +1 rows
2026-01-28 04:06:26,453 | INFO |     [AKVA.OL] +1 rows
2026-01-28 04:06:30,778 | ERROR | $ALB: possibly delisted; no price data found  (1d 2026-01-28 -> 2026-01-29) (Yahoo error = "Data doesn't exist for startDate = 1769576400, endDate = 1769662800")
2026-01-28 04:06:34,947 | ERROR | $ALL: possibly delisted; no price data found  (1d 2026-01-28 -> 2026-01-29) (Yahoo error = "Data doesn't exist for startDate = 1769576400, endDate = 1769662800")
2026-01-28 04:06:38,107 | INFO |     [ALO.PA] +1 rows
2026-01-28 04:06:41,254 | INFO |     [ALV.DE] +1 rows
2026-01-28 04:06:45,335 | ERROR | $AMAT: possibly delisted; no price data found  (1d 2026-01-28 -> 2026-01-29) (Yahoo error = "Data doesn't exist for startDate = 1769576400, endDate = 1769662800")
2026-01-28 04:06:48,339 | INFO |   Batch complete, waiting 60s...
2026-01-28 04:07:48,340 | INFO | 
  Batch 2/17 (25 assets)
2026-01-28 04:07:50,383 | ERROR | $AMD: possibly delisted; no price data found  (1d 2026-01-28 -> 2026-01-29) (Yahoo error = "Data doesn't exist for startDate = 1769576400, endDate = 1769662800")
2026-01-28 04:07:54,900 | ERROR | $AMGN: possibly delisted; no price data found  (1d 2026-01-28 -> 2026-01-29) (Yahoo error = "Data doesn't exist for startDate = 1769576400, endDate = 1769662800")
2026-01-28 04:07:59,095 | ERROR | $AMT: possibly delisted; no price data found  (1d 2026-01-28 -> 2026-01-29) (Yahoo error = "Data doesn't exist for startDate = 1769576400, endDate = 1769662800")
2026-01-28 04:08:03,215 | ERROR | $AMZN: possibly delisted; no price data found  (1d 2026-01-28 -> 2026-01-29) (Yahoo error = "Data doesn't exist for startDate = 1769576400, endDate = 1769662800")
2026-01-28 04:08:07,458 | ERROR | $AON: possibly delisted; no price data found  (1d 2026-01-28 -> 2026-01-29) (Yahoo error = "Data doesn't exist for startDate = 1769576400, endDate = 1769662800")
2026-01-28 04:08:11,798 | ERROR | $APD: possibly delisted; no price data found  (1d 2026-01-28 -> 2026-01-29) (Yahoo error = "Data doesn't exist for startDate = 1769576400, endDate = 1769662800")
2026-01-28 04:08:16,347 | ERROR | $ASML: possibly delisted; no price data found  (1d 2026-01-28 -> 2026-01-29) (Yahoo error = "Data doesn't exist for startDate = 1769576400, endDate = 1769662800")
2026-01-28 04:08:19,516 | INFO |     [ATO.PA] +1 rows
2026-01-28 04:08:22,659 | INFO |     [AUSS.OL] +1 rows
2026-01-28 04:08:25,797 | INFO |     [AUTO.OL] +1 rows
2026-01-28 04:08:28,922 | INFO |     [AV.L] +1 rows
2026-01-28 04:08:33,402 | ERROR | $AVB: possibly delisted; no price data found  (1d 2026-01-28 -> 2026-01-29) (Yahoo error = "Data doesn't exist for startDate = 1769576400, endDate = 1769662800")
2026-01-28 04:08:37,738 | ERROR | $AVGO: possibly delisted; no price data found  (1d 2026-01-28 -> 2026-01-29) (Yahoo error = "Data doesn't exist for startDate = 1769576400, endDate = 1769662800")
2026-01-28 04:08:42,205 | ERROR | $AWK: possibly delisted; no price data found  (1d 2026-01-28 -> 2026-01-29) (Yahoo error = "Data doesn't exist for startDate = 1769576400, endDate = 1769662800")
2026-01-28 04:08:46,648 | ERROR | $AXP: possibly delisted; no price data found  (1d 2026-01-28 -> 2026-01-29) (Yahoo error = "Data doesn't exist for startDate = 1769576400, endDate = 1769662800")
2026-01-28 04:08:49,881 | INFO |     [AZN.L] +1 rows
2026-01-28 04:08:54,102 | ERROR | $AZO: possibly delisted; no price data found  (1d 2026-01-28 -> 2026-01-29) (Yahoo error = "Data doesn't exist for startDate = 1769576400, endDate = 1769662800")
2026-01-28 04:08:58,218 | ERROR | $BA: possibly delisted; no price data found  (1d 2026-01-28 -> 2026-01-29) (Yahoo error = "Data doesn't exist for startDate = 1769576400, endDate = 1769662800")
2026-01-28 04:09:01,368 | INFO |     [BA.L] +1 rows
