2025-12-21 04:38:32,567 | INFO | ======================================================================
2025-12-21 04:38:32,567 | INFO | IoS-001 DAILY PRICE INGEST
2025-12-21 04:38:32,567 | INFO | Executor: LINE (EC-004)
2025-12-21 04:38:32,567 | INFO | Authority: CEO_DIRECTIVE_LINE_DAILY_INGEST_ACTIVATION_20251212
2025-12-21 04:38:32,567 | INFO | Time: 2025-12-21T03:38:32.567420+00:00
2025-12-21 04:38:32,567 | INFO | Asset Class Filter: ALL
2025-12-21 04:38:32,567 | INFO | Dry Run: False
2025-12-21 04:38:32,567 | INFO | ======================================================================
2025-12-21 04:38:32,704 | INFO | Found 463 VEGA-attested assets
2025-12-21 04:38:32,704 | INFO | 
============================================================
2025-12-21 04:38:32,704 | INFO | Processing CRYPTO: 45 assets
2025-12-21 04:38:32,704 | INFO | Schedule: Daily 01:00 UTC
2025-12-21 04:38:32,704 | INFO | ============================================================
2025-12-21 04:38:32,704 | INFO | 
  Batch 1/2 (25 assets)
2025-12-21 04:38:33,776 | INFO |     [ADA-USD] +1 rows
2025-12-21 04:38:36,869 | INFO |     [ALGO-USD] +1 rows
2025-12-21 04:38:40,015 | INFO |     [ATOM-USD] +1 rows
2025-12-21 04:38:43,112 | INFO |     [AXS-USD] +1 rows
2025-12-21 04:38:46,198 | INFO |     [BNB-USD] +1 rows
2025-12-21 04:38:49,329 | INFO |     [CHZ-USD] +1 rows
2025-12-21 04:38:52,459 | INFO |     [CRO-USD] +1 rows
2025-12-21 04:38:55,589 | INFO |     [EOS-USD] +1 rows
2025-12-21 04:38:58,746 | INFO |     [ETC-USD] +1 rows
2025-12-21 04:39:01,860 | INFO |     [FIL-USD] +1 rows
2025-12-21 04:39:04,964 | INFO |     [FLOW-USD] +1 rows
2025-12-21 04:39:08,057 | INFO |     [HBAR-USD] +1 rows
2025-12-21 04:39:11,176 | INFO |     [ICP-USD] +1 rows
2025-12-21 04:39:14,297 | INFO |     [INJ-USD] +1 rows
2025-12-21 04:39:17,414 | INFO |     [LDO-USD] +1 rows
2025-12-21 04:39:20,523 | INFO |     [MANA-USD] +1 rows
2025-12-21 04:39:23,526 | INFO |   Batch complete, waiting 60s...
2025-12-21 04:40:23,527 | INFO | 
  Batch 2/2 (20 assets)
2025-12-21 04:40:23,644 | INFO |     [MKR-USD] +1 rows
2025-12-21 04:40:26,753 | INFO |     [NEAR-USD] +1 rows
2025-12-21 04:40:29,940 | INFO |     [OKB-USD] +1 rows
2025-12-21 04:40:33,066 | INFO |     [QNT-USD] +1 rows
2025-12-21 04:40:36,185 | INFO |     [RPL-USD] +1 rows
2025-12-21 04:40:39,317 | INFO |     [RUNE-USD] +1 rows
2025-12-21 04:40:42,439 | INFO |     [SAND-USD] +1 rows
2025-12-21 04:40:45,579 | INFO |     [SNX-USD] +1 rows
2025-12-21 04:40:48,718 | INFO |     [THETA-USD] +1 rows
2025-12-21 04:40:51,820 | INFO |     [TRX-USD] +1 rows
2025-12-21 04:40:54,994 | INFO |     [VET-USD] +1 rows
2025-12-21 04:40:58,149 | INFO |     [XLM-USD] +1 rows
2025-12-21 04:41:01,266 | INFO |     [XMR-USD] +1 rows
2025-12-21 04:41:04,402 | INFO |     [ZEC-USD] +1 rows
2025-12-21 04:41:07,407 | INFO | 
============================================================
2025-12-21 04:41:07,407 | INFO | Processing EQUITY: 394 assets
2025-12-21 04:41:07,407 | INFO | Schedule: Weekdays 22:00 UTC
2025-12-21 04:41:07,407 | INFO | ============================================================
2025-12-21 04:41:07,407 | INFO |   Market closed for EQUITY today, skipping
2025-12-21 04:41:07,407 | INFO | 
============================================================
2025-12-21 04:41:07,407 | INFO | Processing FX: 24 assets
2025-12-21 04:41:07,407 | INFO | Schedule: Sun-Thu 22:00 UTC
2025-12-21 04:41:07,407 | INFO | ============================================================
2025-12-21 04:41:07,407 | INFO | 
  Batch 1/1 (24 assets)
2025-12-21 04:41:07,640 | INFO |     [AUDJPY=X] +1 rows
2025-12-21 04:41:10,821 | INFO |     [AUDUSD=X] +1 rows
2025-12-21 04:41:14,040 | INFO |     [CADJPY=X] +1 rows
2025-12-21 04:41:17,224 | INFO |     [CHFJPY=X] +1 rows
2025-12-21 04:41:20,450 | INFO |     [EURAUD=X] +1 rows
2025-12-21 04:41:23,674 | INFO |     [EURCHF=X] +1 rows
2025-12-21 04:41:26,841 | INFO |     [EURGBP=X] +1 rows
2025-12-21 04:41:30,035 | INFO |     [EURJPY=X] +1 rows
2025-12-21 04:41:33,281 | INFO |     [EURNOK=X] +1 rows
2025-12-21 04:41:36,468 | INFO |     [EURSEK=X] +1 rows
2025-12-21 04:41:39,607 | INFO |     [EURUSD=X] +1 rows
2025-12-21 04:41:42,832 | INFO |     [GBPJPY=X] +1 rows
2025-12-21 04:41:46,051 | INFO |     [GBPUSD=X] +1 rows
2025-12-21 04:41:49,288 | INFO |     [NZDUSD=X] +1 rows
2025-12-21 04:41:52,505 | INFO |     [USDCAD=X] +1 rows
2025-12-21 04:41:55,717 | INFO |     [USDCHF=X] +1 rows
2025-12-21 04:41:58,934 | INFO |     [USDHKD=X] +1 rows
2025-12-21 04:42:02,144 | INFO |     [USDJPY=X] +1 rows
2025-12-21 04:42:05,376 | INFO |     [USDMXN=X] +1 rows
2025-12-21 04:42:08,540 | INFO |     [USDNOK=X] +1 rows
2025-12-21 04:42:11,719 | INFO |     [USDSEK=X] +1 rows
2025-12-21 04:42:14,884 | INFO |     [USDSGD=X] +1 rows
2025-12-21 04:42:18,090 | INFO |     [USDTRY=X] +1 rows
2025-12-21 04:42:21,277 | INFO |     [USDZAR=X] +1 rows
2025-12-21 04:42:24,285 | WARNING | Heartbeat recording failed: relation "fhq_monitoring.system_heartbeats" does not exist
LINE 2:                 INSERT INTO fhq_monitoring.system_heartbeats...
                                    ^

2025-12-21 04:42:24,291 | INFO | 
======================================================================
2025-12-21 04:42:24,291 | INFO | DAILY INGEST COMPLETE
2025-12-21 04:42:24,291 | INFO | ======================================================================
2025-12-21 04:42:24,291 | INFO | Assets Processed: 69
2025-12-21 04:42:24,291 | INFO | Assets Updated:   54
2025-12-21 04:42:24,291 | INFO | Rows Inserted:    54
2025-12-21 04:42:24,291 | INFO |   CRYPTO: 30 assets, 30 rows
2025-12-21 04:42:24,291 | INFO |   FX: 24 assets, 24 rows
2025-12-21 04:42:24,291 | INFO | Evidence: C:\fhq-market-system\vision-ios\03_FUNCTIONS\evidence\IOS001_DAILY_INGEST_f9a436b4_20251221_044224.json
2025-12-21 04:42:24,291 | INFO | ======================================================================
