2026-01-31 06:20:58,434 | INFO | ======================================================================
2026-01-31 06:20:58,434 | INFO | IoS-001 DAILY PRICE INGEST
2026-01-31 06:20:58,434 | INFO | Executor: LINE (EC-004)
2026-01-31 06:20:58,434 | INFO | Authority: CEO_DIRECTIVE_LINE_DAILY_INGEST_ACTIVATION_20251212
2026-01-31 06:20:58,434 | INFO | Time: 2026-01-31T05:20:58.434624+00:00
2026-01-31 06:20:58,434 | INFO | Asset Class Filter: ALL
2026-01-31 06:20:58,434 | INFO | Dry Run: False
2026-01-31 06:20:58,434 | INFO | ======================================================================
2026-01-31 06:20:58,637 | INFO | Found 491 VEGA-attested assets
2026-01-31 06:20:58,637 | INFO | 
============================================================
2026-01-31 06:20:58,637 | INFO | Processing CRYPTO: 46 assets
2026-01-31 06:20:58,637 | INFO | Schedule: Daily 01:00 UTC
2026-01-31 06:20:58,637 | INFO | ============================================================
2026-01-31 06:20:58,637 | INFO | 
  Batch 1/2 (25 assets)
2026-01-31 06:21:01,624 | WARNING |   [ADA-USD] Fetch error: Too Many Requests. Rate limited. Try after a while.
2026-01-31 06:21:05,639 | WARNING |   [ALGO-USD] Fetch error: Too Many Requests. Rate limited. Try after a while.
2026-01-31 06:21:09,580 | WARNING |   [ATOM-USD] Fetch error: Too Many Requests. Rate limited. Try after a while.
2026-01-31 06:21:13,739 | WARNING |   [AVAX-USD] Fetch error: Too Many Requests. Rate limited. Try after a while.
2026-01-31 06:21:17,639 | WARNING |   [AXS-USD] Fetch error: Too Many Requests. Rate limited. Try after a while.
2026-01-31 06:21:21,728 | WARNING |   [BCH-USD] Fetch error: Too Many Requests. Rate limited. Try after a while.
2026-01-31 06:21:25,927 | WARNING |   [BNB-USD] Fetch error: Too Many Requests. Rate limited. Try after a while.
2026-01-31 06:21:30,243 | WARNING |   [BTC-USD] Fetch error: Too Many Requests. Rate limited. Try after a while.
2026-01-31 06:21:34,396 | WARNING |   [CHZ-USD] Fetch error: Too Many Requests. Rate limited. Try after a while.
2026-01-31 06:21:38,489 | WARNING |   [CRO-USD] Fetch error: Too Many Requests. Rate limited. Try after a while.
2026-01-31 06:21:42,444 | WARNING |   [CRV-USD] Fetch error: Too Many Requests. Rate limited. Try after a while.
2026-01-31 06:21:46,590 | WARNING |   [DOGE-USD] Fetch error: Too Many Requests. Rate limited. Try after a while.
2026-01-31 06:21:50,634 | WARNING |   [DOT-USD] Fetch error: Too Many Requests. Rate limited. Try after a while.
2026-01-31 06:21:54,596 | WARNING |   [EOS-USD] Fetch error: Too Many Requests. Rate limited. Try after a while.
2026-01-31 06:21:58,536 | WARNING |   [ETC-USD] Fetch error: Too Many Requests. Rate limited. Try after a while.
2026-01-31 06:22:02,549 | WARNING |   [ETH-USD] Fetch error: Too Many Requests. Rate limited. Try after a while.
2026-01-31 06:22:06,636 | WARNING |   [FIL-USD] Fetch error: Too Many Requests. Rate limited. Try after a while.
2026-01-31 06:22:10,752 | WARNING |   [FLOW-USD] Fetch error: Too Many Requests. Rate limited. Try after a while.
2026-01-31 06:22:14,934 | WARNING |   [GRT-USD] Fetch error: Too Many Requests. Rate limited. Try after a while.
2026-01-31 06:22:19,097 | WARNING |   [HBAR-USD] Fetch error: Too Many Requests. Rate limited. Try after a while.
2026-01-31 06:22:23,309 | WARNING |   [ICP-USD] Fetch error: Too Many Requests. Rate limited. Try after a while.
2026-01-31 06:22:27,371 | WARNING |   [INJ-USD] Fetch error: Too Many Requests. Rate limited. Try after a while.
2026-01-31 06:22:31,554 | WARNING |   [LDO-USD] Fetch error: Too Many Requests. Rate limited. Try after a while.
2026-01-31 06:22:35,497 | WARNING |   [LINK-USD] Fetch error: Too Many Requests. Rate limited. Try after a while.
2026-01-31 06:22:39,427 | WARNING |   [LTC-USD] Fetch error: Too Many Requests. Rate limited. Try after a while.
2026-01-31 06:22:42,436 | INFO |   Batch complete, waiting 60s...
2026-01-31 06:23:42,437 | INFO | 
  Batch 2/2 (21 assets)
2026-01-31 06:23:44,066 | WARNING |   [MANA-USD] Fetch error: Too Many Requests. Rate limited. Try after a while.
2026-01-31 06:23:48,019 | WARNING |   [MKR-USD] Fetch error: Too Many Requests. Rate limited. Try after a while.
2026-01-31 06:23:52,292 | WARNING |   [NEAR-USD] Fetch error: Too Many Requests. Rate limited. Try after a while.
2026-01-31 06:23:56,398 | WARNING |   [OKB-USD] Fetch error: Too Many Requests. Rate limited. Try after a while.
2026-01-31 06:24:00,467 | WARNING |   [QNT-USD] Fetch error: Too Many Requests. Rate limited. Try after a while.
2026-01-31 06:24:04,341 | WARNING |   [RPL-USD] Fetch error: Too Many Requests. Rate limited. Try after a while.
2026-01-31 06:24:08,694 | WARNING |   [RUNE-USD] Fetch error: Too Many Requests. Rate limited. Try after a while.
2026-01-31 06:24:12,817 | WARNING |   [SAND-USD] Fetch error: Too Many Requests. Rate limited. Try after a while.
2026-01-31 06:24:16,846 | WARNING |   [SHIB-USD] Fetch error: Too Many Requests. Rate limited. Try after a while.
2026-01-31 06:24:21,060 | WARNING |   [SNX-USD] Fetch error: Too Many Requests. Rate limited. Try after a while.
2026-01-31 06:24:25,063 | WARNING |   [SOL-USD] Fetch error: Too Many Requests. Rate limited. Try after a while.
2026-01-31 06:24:29,267 | WARNING |   [THETA-USD] Fetch error: Too Many Requests. Rate limited. Try after a while.
2026-01-31 06:24:33,248 | WARNING |   [TRX-USD] Fetch error: Too Many Requests. Rate limited. Try after a while.
2026-01-31 06:24:37,579 | WARNING |   [UNI-USD] Fetch error: Too Many Requests. Rate limited. Try after a while.
2026-01-31 06:24:41,745 | WARNING |   [VET-USD] Fetch error: Too Many Requests. Rate limited. Try after a while.
2026-01-31 06:24:45,888 | WARNING |   [XLM-USD] Fetch error: Too Many Requests. Rate limited. Try after a while.
2026-01-31 06:24:49,909 | WARNING |   [XMR-USD] Fetch error: Too Many Requests. Rate limited. Try after a while.
2026-01-31 06:24:53,791 | WARNING |   [XRP-USD] Fetch error: Too Many Requests. Rate limited. Try after a while.
2026-01-31 06:24:57,903 | WARNING |   [ZEC-USD] Fetch error: Too Many Requests. Rate limited. Try after a while.
2026-01-31 06:25:02,147 | WARNING |   [AAVE-USD] Fetch error: Too Many Requests. Rate limited. Try after a while.
2026-01-31 06:25:05,154 | INFO | 
============================================================
2026-01-31 06:25:05,154 | INFO | Processing EQUITY: 421 assets
2026-01-31 06:25:05,154 | INFO | Schedule: Weekdays 22:00 UTC
2026-01-31 06:25:05,156 | INFO | ============================================================
2026-01-31 06:25:05,156 | INFO |   Market closed for EQUITY today, skipping
2026-01-31 06:25:05,157 | INFO | 
============================================================
2026-01-31 06:25:05,157 | INFO | Processing FX: 24 assets
2026-01-31 06:25:05,157 | INFO | Schedule: Sun-Thu 22:00 UTC
2026-01-31 06:25:05,157 | INFO | ============================================================
2026-01-31 06:25:05,157 | INFO |   Market closed for FX today, skipping
2026-01-31 06:25:05,168 | WARNING | Heartbeat recording failed: relation "fhq_monitoring.system_heartbeats" does not exist
LINE 2:                 INSERT INTO fhq_monitoring.system_heartbeats...
                                    ^

2026-01-31 06:25:05,168 | INFO | 
======================================================================
2026-01-31 06:25:05,168 | INFO | DAILY INGEST COMPLETE
2026-01-31 06:25:05,168 | INFO | ======================================================================
2026-01-31 06:25:05,168 | INFO | Assets Processed: 46
2026-01-31 06:25:05,168 | INFO | Assets Updated:   0
2026-01-31 06:25:05,168 | INFO | Rows Inserted:    0
2026-01-31 06:25:05,168 | INFO |   CRYPTO: 0 assets, 0 rows
2026-01-31 06:25:05,168 | INFO | Evidence: C:\fhq-market-system\vision-ios\03_FUNCTIONS\evidence\IOS001_DAILY_INGEST_35c932ad_20260131_062505.json
2026-01-31 06:25:05,179 | INFO | ======================================================================
