2026-01-25 09:19:46,535 | INFO | ======================================================================
2026-01-25 09:19:46,535 | INFO | IoS-001 DAILY PRICE INGEST
2026-01-25 09:19:46,535 | INFO | Executor: LINE (EC-004)
2026-01-25 09:19:46,535 | INFO | Authority: CEO_DIRECTIVE_LINE_DAILY_INGEST_ACTIVATION_20251212
2026-01-25 09:19:46,535 | INFO | Time: 2026-01-25T08:19:46.535156+00:00
2026-01-25 09:19:46,535 | INFO | Asset Class Filter: ALL
2026-01-25 09:19:46,535 | INFO | Dry Run: False
2026-01-25 09:19:46,535 | INFO | ======================================================================
2026-01-25 09:19:46,906 | INFO | Found 491 VEGA-attested assets
2026-01-25 09:19:46,906 | INFO | 
============================================================
2026-01-25 09:19:46,906 | INFO | Processing CRYPTO: 46 assets
2026-01-25 09:19:46,906 | INFO | Schedule: Daily 01:00 UTC
2026-01-25 09:19:46,906 | INFO | ============================================================
2026-01-25 09:19:46,906 | INFO | 
  Batch 1/2 (25 assets)
2026-01-25 09:19:50,184 | WARNING |   [GRT-USD] Fetch error: Too Many Requests. Rate limited. Try after a while.
2026-01-25 09:19:53,248 | INFO |   Batch complete, waiting 60s...
2026-01-25 09:20:53,250 | INFO | 
  Batch 2/2 (21 assets)
2026-01-25 09:20:54,950 | WARNING |   [UNI-USD] Fetch error: Too Many Requests. Rate limited. Try after a while.
2026-01-25 09:20:58,027 | INFO | 
============================================================
2026-01-25 09:20:58,027 | INFO | Processing EQUITY: 421 assets
2026-01-25 09:20:58,028 | INFO | Schedule: Weekdays 22:00 UTC
2026-01-25 09:20:58,028 | INFO | ============================================================
2026-01-25 09:20:58,029 | INFO |   Market closed for EQUITY today, skipping
2026-01-25 09:20:58,029 | INFO | 
============================================================
2026-01-25 09:20:58,030 | INFO | Processing FX: 24 assets
2026-01-25 09:20:58,030 | INFO | Schedule: Sun-Thu 22:00 UTC
2026-01-25 09:20:58,030 | INFO | ============================================================
2026-01-25 09:20:58,031 | INFO | 
  Batch 1/1 (24 assets)
2026-01-25 09:20:59,418 | WARNING |   [AUDJPY=X] Fetch error: Too Many Requests. Rate limited. Try after a while.
2026-01-25 09:21:04,199 | WARNING |   [CADJPY=X] Fetch error: Too Many Requests. Rate limited. Try after a while.
2026-01-25 09:21:08,249 | WARNING |   [CHFJPY=X] Fetch error: Too Many Requests. Rate limited. Try after a while.
2026-01-25 09:21:12,204 | WARNING |   [EURAUD=X] Fetch error: Too Many Requests. Rate limited. Try after a while.
2026-01-25 09:21:16,173 | WARNING |   [EURCHF=X] Fetch error: Too Many Requests. Rate limited. Try after a while.
2026-01-25 09:21:20,187 | WARNING |   [EURGBP=X] Fetch error: Too Many Requests. Rate limited. Try after a while.
2026-01-25 09:21:24,417 | WARNING |   [EURJPY=X] Fetch error: Too Many Requests. Rate limited. Try after a while.
2026-01-25 09:21:28,594 | WARNING |   [EURNOK=X] Fetch error: Too Many Requests. Rate limited. Try after a while.
2026-01-25 09:21:32,551 | WARNING |   [EURSEK=X] Fetch error: Too Many Requests. Rate limited. Try after a while.
2026-01-25 09:21:36,551 | WARNING |   [EURUSD=X] Fetch error: Too Many Requests. Rate limited. Try after a while.
2026-01-25 09:21:40,471 | WARNING |   [GBPJPY=X] Fetch error: Too Many Requests. Rate limited. Try after a while.
2026-01-25 09:21:44,796 | WARNING |   [GBPUSD=X] Fetch error: Too Many Requests. Rate limited. Try after a while.
2026-01-25 09:21:48,929 | WARNING |   [USDJPY=X] Fetch error: Too Many Requests. Rate limited. Try after a while.
2026-01-25 09:21:52,697 | WARNING |   [USDMXN=X] Fetch error: Too Many Requests. Rate limited. Try after a while.
2026-01-25 09:21:56,772 | WARNING |   [USDNOK=X] Fetch error: Too Many Requests. Rate limited. Try after a while.
2026-01-25 09:22:00,831 | WARNING |   [USDSEK=X] Fetch error: Too Many Requests. Rate limited. Try after a while.
2026-01-25 09:22:04,921 | WARNING |   [USDTRY=X] Fetch error: Too Many Requests. Rate limited. Try after a while.
2026-01-25 09:22:07,933 | WARNING | Heartbeat recording failed: relation "fhq_monitoring.system_heartbeats" does not exist
LINE 2:                 INSERT INTO fhq_monitoring.system_heartbeats...
                                    ^

2026-01-25 09:22:07,948 | INFO | 
======================================================================
2026-01-25 09:22:07,948 | INFO | DAILY INGEST COMPLETE
2026-01-25 09:22:07,948 | INFO | ======================================================================
2026-01-25 09:22:07,948 | INFO | Assets Processed: 70
2026-01-25 09:22:07,948 | INFO | Assets Updated:   0
2026-01-25 09:22:07,948 | INFO | Rows Inserted:    0
2026-01-25 09:22:07,948 | INFO |   CRYPTO: 0 assets, 0 rows
2026-01-25 09:22:07,948 | INFO |   FX: 0 assets, 0 rows
2026-01-25 09:22:07,948 | INFO | Evidence: C:\fhq-market-system\vision-ios\03_FUNCTIONS\evidence\IOS001_DAILY_INGEST_a7f7c251_20260125_092207.json
2026-01-25 09:22:07,948 | INFO | ======================================================================
