2026-02-08 18:41:52,912 | INFO | ======================================================================
2026-02-08 18:41:52,912 | INFO | IoS-001 DAILY PRICE INGEST
2026-02-08 18:41:52,912 | INFO | Executor: LINE (EC-004)
2026-02-08 18:41:52,912 | INFO | Authority: CEO_DIRECTIVE_LINE_DAILY_INGEST_ACTIVATION_20251212
2026-02-08 18:41:52,912 | INFO | Amendment: CEO-DIR-2026-119 (Rate Limit Mitigation)
2026-02-08 18:41:52,912 | INFO | Time: 2026-02-08T17:41:52.912249+00:00
2026-02-08 18:41:52,912 | INFO | Asset Class Filter: ALL
2026-02-08 18:41:52,912 | INFO | Batch Mode: True
2026-02-08 18:41:52,912 | INFO | Dry Run: False
2026-02-08 18:41:52,912 | INFO | ======================================================================
2026-02-08 18:41:53,178 | INFO | Found 491 VEGA-attested assets
2026-02-08 18:41:53,178 | INFO | 
============================================================
2026-02-08 18:41:53,178 | INFO | Processing CRYPTO: 46 assets
2026-02-08 18:41:53,178 | INFO | Schedule: Daily 01:00 UTC
2026-02-08 18:41:53,178 | INFO | ============================================================
2026-02-08 18:41:53,178 | INFO |   Using BATCH MODE (CEO-DIR-2026-119)
2026-02-08 18:41:53,178 | INFO | 
  Batch 1/5 (10 tickers)
2026-02-08 18:41:53,210 | INFO |     All assets up to date
2026-02-08 18:41:53,210 | INFO | 
  Batch 2/5 (10 tickers)
2026-02-08 18:41:53,229 | INFO |     Batch download: 1 tickers
2026-02-08 18:41:56,041 | ERROR | 
1 Failed download:
2026-02-08 18:41:56,041 | ERROR | ['GRT-USD']: YFRateLimitError('Too Many Requests. Rate limited. Try after a while.')
2026-02-08 18:41:56,104 | INFO |   Batch complete, waiting 120s...
2026-02-08 18:43:56,112 | INFO | 
  Batch 3/5 (10 tickers)
2026-02-08 18:43:56,221 | INFO |     All assets up to date
2026-02-08 18:43:56,221 | INFO | 
  Batch 4/5 (10 tickers)
2026-02-08 18:43:56,313 | INFO |     Batch download: 1 tickers
2026-02-08 18:43:59,044 | ERROR | 
1 Failed download:
2026-02-08 18:43:59,044 | ERROR | ['UNI-USD']: YFRateLimitError('Too Many Requests. Rate limited. Try after a while.')
2026-02-08 18:43:59,055 | INFO |   Batch complete, waiting 120s...
2026-02-08 18:45:59,056 | INFO | 
  Batch 5/5 (6 tickers)
2026-02-08 18:45:59,128 | INFO |     All assets up to date
2026-02-08 18:45:59,128 | INFO | 
============================================================
2026-02-08 18:45:59,128 | INFO | Processing EQUITY: 421 assets
2026-02-08 18:45:59,128 | INFO | Schedule: Weekdays 22:00 UTC
2026-02-08 18:45:59,128 | INFO | ============================================================
2026-02-08 18:45:59,128 | INFO |   Market closed for EQUITY today, skipping
2026-02-08 18:45:59,128 | INFO | 
============================================================
2026-02-08 18:45:59,128 | INFO | Processing FX: 24 assets
2026-02-08 18:45:59,128 | INFO | Schedule: Sun-Thu 22:00 UTC
2026-02-08 18:45:59,128 | INFO | ============================================================
2026-02-08 18:45:59,128 | INFO |   Using BATCH MODE (CEO-DIR-2026-119)
2026-02-08 18:45:59,128 | INFO | 
  Batch 1/3 (10 tickers)
2026-02-08 18:45:59,170 | INFO |     Batch download: 9 tickers
2026-02-08 18:46:10,088 | ERROR | 
9 Failed downloads:
2026-02-08 18:46:10,088 | ERROR | ['EURNOK=X', 'EURSEK=X', 'CHFJPY=X', 'AUDJPY=X', 'EURGBP=X', 'CADJPY=X', 'EURCHF=X', 'EURAUD=X', 'EURJPY=X']: YFRateLimitError('Too Many Requests. Rate limited. Try after a while.')
2026-02-08 18:46:10,098 | INFO |   Batch complete, waiting 120s...
