2026-01-23 21:23:03,592 | INFO | ======================================================================
2026-01-23 21:23:03,592 | INFO | IoS-001 DAILY PRICE INGEST
2026-01-23 21:23:03,593 | INFO | Executor: LINE (EC-004)
2026-01-23 21:23:03,593 | INFO | Authority: CEO_DIRECTIVE_LINE_DAILY_INGEST_ACTIVATION_20251212
2026-01-23 21:23:03,593 | INFO | Time: 2026-01-23T20:23:03.593562+00:00
2026-01-23 21:23:03,593 | INFO | Asset Class Filter: ALL
2026-01-23 21:23:03,594 | INFO | Dry Run: False
2026-01-23 21:23:03,594 | INFO | ======================================================================
2026-01-23 21:23:04,033 | INFO | Found 491 VEGA-attested assets
2026-01-23 21:23:04,033 | INFO | 
============================================================
2026-01-23 21:23:04,033 | INFO | Processing CRYPTO: 46 assets
2026-01-23 21:23:04,033 | INFO | Schedule: Daily 01:00 UTC
2026-01-23 21:23:04,033 | INFO | ============================================================
2026-01-23 21:23:04,033 | INFO | 
  Batch 1/2 (25 assets)
2026-01-23 21:23:08,425 | WARNING |   [GRT-USD] Fetch error: Too Many Requests. Rate limited. Try after a while.
2026-01-23 21:23:11,437 | INFO |   Batch complete, waiting 60s...
2026-01-23 21:24:11,439 | INFO | 
  Batch 2/2 (21 assets)
2026-01-23 21:24:13,135 | WARNING |   [UNI-USD] Fetch error: Too Many Requests. Rate limited. Try after a while.
2026-01-23 21:24:16,157 | INFO | 
============================================================
2026-01-23 21:24:16,157 | INFO | Processing EQUITY: 421 assets
2026-01-23 21:24:16,157 | INFO | Schedule: Weekdays 22:00 UTC
2026-01-23 21:24:16,157 | INFO | ============================================================
2026-01-23 21:24:16,157 | INFO | 
  Batch 1/17 (25 assets)
2026-01-23 21:24:17,438 | WARNING |   [1COV.DE] Fetch error: Too Many Requests. Rate limited. Try after a while.
2026-01-23 21:24:20,503 | INFO |   Batch complete, waiting 60s...
2026-01-23 21:25:20,503 | INFO | 
  Batch 2/17 (25 assets)
2026-01-23 21:25:20,574 | INFO |   Batch complete, waiting 60s...
2026-01-23 21:26:20,576 | INFO | 
  Batch 3/17 (25 assets)
2026-01-23 21:26:24,596 | WARNING |   [BRK.B] Fetch error: Too Many Requests. Rate limited. Try after a while.
2026-01-23 21:26:28,838 | WARNING |   [BT.A.L] Fetch error: Too Many Requests. Rate limited. Try after a while.
2026-01-23 21:26:31,854 | INFO |   Batch complete, waiting 60s...
2026-01-23 21:27:31,857 | INFO | 
  Batch 4/17 (25 assets)
2026-01-23 21:27:33,670 | WARNING |   [CHD] Fetch error: Too Many Requests. Rate limited. Try after a while.
2026-01-23 21:27:37,815 | WARNING |   [CHTR] Fetch error: Too Many Requests. Rate limited. Try after a while.
2026-01-23 21:27:41,735 | WARNING |   [CI] Fetch error: Too Many Requests. Rate limited. Try after a while.
2026-01-23 21:27:45,714 | WARNING |   [CL] Fetch error: Too Many Requests. Rate limited. Try after a while.
2026-01-23 21:27:49,964 | WARNING |   [CLX] Fetch error: Too Many Requests. Rate limited. Try after a while.
2026-01-23 21:27:53,948 | WARNING |   [CMCSA] Fetch error: Too Many Requests. Rate limited. Try after a while.
2026-01-23 21:27:57,761 | WARNING |   [CME] Fetch error: Too Many Requests. Rate limited. Try after a while.
