2026-01-20 09:45:18,566 | INFO | ======================================================================
2026-01-20 09:45:18,566 | INFO | IoS-001 DAILY PRICE INGEST
2026-01-20 09:45:18,567 | INFO | Executor: LINE (EC-004)
2026-01-20 09:45:18,567 | INFO | Authority: CEO_DIRECTIVE_LINE_DAILY_INGEST_ACTIVATION_20251212
2026-01-20 09:45:18,567 | INFO | Time: 2026-01-20T08:45:18.567087+00:00
2026-01-20 09:45:18,567 | INFO | Asset Class Filter: ALL
2026-01-20 09:45:18,567 | INFO | Dry Run: False
2026-01-20 09:45:18,567 | INFO | ======================================================================
2026-01-20 09:45:18,930 | INFO | Found 491 VEGA-attested assets
2026-01-20 09:45:18,930 | INFO | 
============================================================
2026-01-20 09:45:18,930 | INFO | Processing CRYPTO: 46 assets
2026-01-20 09:45:18,930 | INFO | Schedule: Daily 01:00 UTC
2026-01-20 09:45:18,930 | INFO | ============================================================
2026-01-20 09:45:18,930 | INFO | 
  Batch 1/2 (25 assets)
2026-01-20 09:45:22,111 | WARNING |   [GRT-USD] Fetch error: Too Many Requests. Rate limited. Try after a while.
2026-01-20 09:45:25,122 | INFO |   Batch complete, waiting 60s...
2026-01-20 09:46:25,122 | INFO | 
  Batch 2/2 (21 assets)
2026-01-20 09:46:26,722 | WARNING |   [UNI-USD] Fetch error: Too Many Requests. Rate limited. Try after a while.
2026-01-20 09:46:29,738 | INFO | 
============================================================
2026-01-20 09:46:29,738 | INFO | Processing EQUITY: 421 assets
2026-01-20 09:46:29,738 | INFO | Schedule: Weekdays 22:00 UTC
2026-01-20 09:46:29,738 | INFO | ============================================================
2026-01-20 09:46:29,738 | INFO | 
  Batch 1/17 (25 assets)
2026-01-20 09:46:31,285 | WARNING |   [1COV.DE] Fetch error: Too Many Requests. Rate limited. Try after a while.
2026-01-20 09:46:35,368 | WARNING |   [ABBV] Fetch error: Too Many Requests. Rate limited. Try after a while.
2026-01-20 09:46:39,447 | WARNING |   [ABNB] Fetch error: Too Many Requests. Rate limited. Try after a while.
2026-01-20 09:46:43,341 | WARNING |   [ABT] Fetch error: Too Many Requests. Rate limited. Try after a while.
2026-01-20 09:46:47,296 | WARNING |   [ACA.PA] Fetch error: Too Many Requests. Rate limited. Try after a while.
2026-01-20 09:46:51,200 | WARNING |   [ADBE] Fetch error: Too Many Requests. Rate limited. Try after a while.
2026-01-20 09:46:55,333 | WARNING |   [ADI] Fetch error: Too Many Requests. Rate limited. Try after a while.
2026-01-20 09:46:59,293 | WARNING |   [ADS.DE] Fetch error: Too Many Requests. Rate limited. Try after a while.
2026-01-20 09:47:03,265 | WARNING |   [ADSK] Fetch error: Too Many Requests. Rate limited. Try after a while.
2026-01-20 09:47:07,634 | WARNING |   [AEP] Fetch error: Too Many Requests. Rate limited. Try after a while.
2026-01-20 09:47:11,803 | WARNING |   [AFL] Fetch error: Too Many Requests. Rate limited. Try after a while.
2026-01-20 09:47:15,913 | WARNING |   [AI.PA] Fetch error: Too Many Requests. Rate limited. Try after a while.
2026-01-20 09:47:20,238 | WARNING |   [AIG] Fetch error: Too Many Requests. Rate limited. Try after a while.
2026-01-20 09:47:24,417 | WARNING |   [AIR.DE] Fetch error: Too Many Requests. Rate limited. Try after a while.
2026-01-20 09:47:28,370 | WARNING |   [AIR.PA] Fetch error: Too Many Requests. Rate limited. Try after a while.
2026-01-20 09:47:32,706 | WARNING |   [AKAM] Fetch error: Too Many Requests. Rate limited. Try after a while.
2026-01-20 09:47:36,898 | WARNING |   [AKER.OL] Fetch error: Too Many Requests. Rate limited. Try after a while.
2026-01-20 09:47:41,208 | WARNING |   [AKRBP.OL] Fetch error: Too Many Requests. Rate limited. Try after a while.
2026-01-20 09:47:45,067 | WARNING |   [AKSO.OL] Fetch error: Too Many Requests. Rate limited. Try after a while.
2026-01-20 09:47:49,149 | WARNING |   [AKVA.OL] Fetch error: Too Many Requests. Rate limited. Try after a while.
2026-01-20 09:47:53,490 | WARNING |   [ALB] Fetch error: Too Many Requests. Rate limited. Try after a while.
2026-01-20 09:47:57,307 | WARNING |   [ALL] Fetch error: Too Many Requests. Rate limited. Try after a while.
2026-01-20 09:48:01,397 | WARNING |   [ALO.PA] Fetch error: Too Many Requests. Rate limited. Try after a while.
2026-01-20 09:48:05,312 | WARNING |   [ALV.DE] Fetch error: Too Many Requests. Rate limited. Try after a while.
2026-01-20 09:48:09,723 | WARNING |   [AMAT] Fetch error: Too Many Requests. Rate limited. Try after a while.
2026-01-20 09:48:12,733 | INFO |   Batch complete, waiting 60s...
2026-01-20 09:49:12,733 | INFO | 
  Batch 2/17 (25 assets)
2026-01-20 09:49:14,176 | WARNING |   [AMD] Fetch error: Too Many Requests. Rate limited. Try after a while.
2026-01-20 09:49:17,984 | WARNING |   [AMGN] Fetch error: Too Many Requests. Rate limited. Try after a while.
2026-01-20 09:49:21,954 | WARNING |   [AMT] Fetch error: Too Many Requests. Rate limited. Try after a while.
2026-01-20 09:49:25,895 | WARNING |   [AMZN] Fetch error: Too Many Requests. Rate limited. Try after a while.
2026-01-20 09:49:29,939 | WARNING |   [AON] Fetch error: Too Many Requests. Rate limited. Try after a while.
2026-01-20 09:49:33,919 | WARNING |   [APD] Fetch error: Too Many Requests. Rate limited. Try after a while.
2026-01-20 09:49:38,135 | WARNING |   [ASML] Fetch error: Too Many Requests. Rate limited. Try after a while.
2026-01-20 09:49:42,327 | WARNING |   [ATO.PA] Fetch error: Too Many Requests. Rate limited. Try after a while.
2026-01-20 09:49:46,352 | WARNING |   [AUSS.OL] Fetch error: Too Many Requests. Rate limited. Try after a while.
2026-01-20 09:49:50,301 | WARNING |   [AUTO.OL] Fetch error: Too Many Requests. Rate limited. Try after a while.
2026-01-20 09:49:54,182 | WARNING |   [AV.L] Fetch error: Too Many Requests. Rate limited. Try after a while.
2026-01-20 09:49:58,756 | WARNING |   [AVB] Fetch error: Too Many Requests. Rate limited. Try after a while.
2026-01-20 09:50:02,940 | WARNING |   [AVGO] Fetch error: Too Many Requests. Rate limited. Try after a while.
2026-01-20 09:50:06,877 | WARNING |   [AWK] Fetch error: Too Many Requests. Rate limited. Try after a while.
2026-01-20 09:50:10,996 | WARNING |   [AXP] Fetch error: Too Many Requests. Rate limited. Try after a while.
2026-01-20 09:50:15,553 | WARNING |   [AZN.L] Fetch error: Too Many Requests. Rate limited. Try after a while.
