2026-01-28 22:43:40,935 | INFO | ======================================================================
2026-01-28 22:43:40,962 | INFO | IoS-001 DAILY PRICE INGEST
2026-01-28 22:43:40,964 | INFO | Executor: LINE (EC-004)
2026-01-28 22:43:40,964 | INFO | Authority: CEO_DIRECTIVE_LINE_DAILY_INGEST_ACTIVATION_20251212
2026-01-28 22:43:40,964 | INFO | Time: 2026-01-28T21:43:40.964913+00:00
2026-01-28 22:43:40,964 | INFO | Asset Class Filter: ALL
2026-01-28 22:43:40,966 | INFO | Dry Run: False
2026-01-28 22:43:40,966 | INFO | ======================================================================
2026-01-28 22:43:41,598 | INFO | Found 491 VEGA-attested assets
2026-01-28 22:43:41,600 | INFO | 
============================================================
2026-01-28 22:43:41,600 | INFO | Processing CRYPTO: 46 assets
2026-01-28 22:43:41,601 | INFO | Schedule: Daily 01:00 UTC
2026-01-28 22:43:41,601 | INFO | ============================================================
2026-01-28 22:43:41,601 | INFO | 
  Batch 1/2 (25 assets)
2026-01-28 22:43:47,066 | WARNING |   [GRT-USD] Fetch error: Too Many Requests. Rate limited. Try after a while.
2026-01-28 22:43:50,130 | INFO |   Batch complete, waiting 60s...
2026-01-28 22:44:50,136 | INFO | 
  Batch 2/2 (21 assets)
2026-01-28 22:44:53,020 | WARNING |   [UNI-USD] Fetch error: Too Many Requests. Rate limited. Try after a while.
2026-01-28 22:44:56,060 | INFO | 
============================================================
2026-01-28 22:44:56,060 | INFO | Processing EQUITY: 421 assets
2026-01-28 22:44:56,060 | INFO | Schedule: Weekdays 22:00 UTC
2026-01-28 22:44:56,060 | INFO | ============================================================
2026-01-28 22:44:56,061 | INFO | 
  Batch 1/17 (25 assets)
2026-01-28 22:44:57,580 | WARNING |   [1COV.DE] Fetch error: Too Many Requests. Rate limited. Try after a while.
2026-01-28 22:45:00,652 | INFO |   Batch complete, waiting 60s...
2026-01-28 22:46:00,661 | INFO | 
  Batch 2/17 (25 assets)
2026-01-28 22:46:00,742 | INFO |   Batch complete, waiting 60s...
2026-01-28 22:47:00,749 | INFO | 
  Batch 3/17 (25 assets)
2026-01-28 22:47:06,264 | WARNING |   [BRK.B] Fetch error: Too Many Requests. Rate limited. Try after a while.
2026-01-28 22:47:10,816 | WARNING |   [BT.A.L] Fetch error: Too Many Requests. Rate limited. Try after a while.
2026-01-28 22:47:13,837 | INFO |   Batch complete, waiting 60s...
2026-01-28 22:48:13,847 | INFO | 
  Batch 4/17 (25 assets)
2026-01-28 22:48:16,465 | WARNING |   [CVX] Fetch error: Too Many Requests. Rate limited. Try after a while.
2026-01-28 22:48:20,806 | WARNING |   [D] Fetch error: Too Many Requests. Rate limited. Try after a while.
2026-01-28 22:48:25,178 | WARNING |   [DAL] Fetch error: Too Many Requests. Rate limited. Try after a while.
2026-01-28 22:48:28,179 | INFO |   Batch complete, waiting 60s...
