2026-02-13 01:31:08,798 | INFO | ======================================================================
2026-02-13 01:31:08,798 | INFO | IoS-001 DAILY PRICE INGEST
2026-02-13 01:31:08,798 | INFO | Executor: LINE (EC-004)
2026-02-13 01:31:08,798 | INFO | Authority: CEO_DIRECTIVE_LINE_DAILY_INGEST_ACTIVATION_20251212
2026-02-13 01:31:08,798 | INFO | Amendment: CEO-DIR-2026-119 (Rate Limit Mitigation)
2026-02-13 01:31:08,798 | INFO | Time: 2026-02-13T00:31:08.798467+00:00
2026-02-13 01:31:08,798 | INFO | Asset Class Filter: ALL
2026-02-13 01:31:08,798 | INFO | Batch Mode: True
2026-02-13 01:31:08,798 | INFO | Dry Run: False
2026-02-13 01:31:08,798 | INFO | ======================================================================
2026-02-13 01:31:09,054 | INFO | Found 491 VEGA-attested assets
2026-02-13 01:31:09,054 | INFO | 
============================================================
2026-02-13 01:31:09,054 | INFO | Processing CRYPTO: 46 assets
2026-02-13 01:31:09,054 | INFO | Schedule: Daily 01:00 UTC
2026-02-13 01:31:09,054 | INFO | ============================================================
2026-02-13 01:31:09,054 | INFO |   Using BATCH MODE (CEO-DIR-2026-119)
2026-02-13 01:31:09,054 | INFO | 
  Batch 1/5 (10 tickers)
2026-02-13 01:31:09,078 | INFO |     All assets up to date
2026-02-13 01:31:09,079 | INFO | 
  Batch 2/5 (10 tickers)
2026-02-13 01:31:09,097 | INFO |     Batch download: 1 tickers
2026-02-13 01:31:11,807 | ERROR | 
1 Failed download:
2026-02-13 01:31:11,807 | ERROR | ['GRT-USD']: YFRateLimitError('Too Many Requests. Rate limited. Try after a while.')
2026-02-13 01:31:11,853 | INFO |   Batch complete, waiting 120s...
2026-02-13 01:33:11,855 | INFO | 
  Batch 3/5 (10 tickers)
2026-02-13 01:33:11,974 | INFO |     All assets up to date
2026-02-13 01:33:11,975 | INFO | 
  Batch 4/5 (10 tickers)
2026-02-13 01:33:12,021 | INFO |     Batch download: 10 tickers
2026-02-13 01:33:24,679 | ERROR | 
10 Failed downloads:
2026-02-13 01:33:24,681 | ERROR | ['RUNE-USD', 'UNI-USD', 'SAND-USD', 'RPL-USD', 'TRX-USD', 'THETA-USD', 'SHIB-USD', 'SOL-USD', 'VET-USD', 'SNX-USD']: YFRateLimitError('Too Many Requests. Rate limited. Try after a while.')
2026-02-13 01:33:24,701 | INFO |   Batch complete, waiting 120s...
2026-02-13 01:35:24,705 | INFO | 
  Batch 5/5 (6 tickers)
2026-02-13 01:35:24,743 | INFO |     Batch download: 6 tickers
2026-02-13 01:35:32,418 | ERROR | 
6 Failed downloads:
2026-02-13 01:35:32,418 | ERROR | ['ZEC-USD', 'XRP-USD', 'XTZ-USD', 'XMR-USD', 'XLM-USD', 'AAVE-USD']: YFRateLimitError('Too Many Requests. Rate limited. Try after a while.')
2026-02-13 01:35:32,430 | INFO | 
============================================================
2026-02-13 01:35:32,430 | INFO | Processing EQUITY: 421 assets
2026-02-13 01:35:32,430 | INFO | Schedule: Weekdays 22:00 UTC
2026-02-13 01:35:32,430 | INFO | ============================================================
2026-02-13 01:35:32,430 | INFO |   Using BATCH MODE (CEO-DIR-2026-119)
2026-02-13 01:35:32,430 | INFO | 
  Batch 1/43 (10 tickers)
2026-02-13 01:35:32,471 | INFO |     Batch download: 10 tickers
2026-02-13 01:35:45,860 | ERROR | 
10 Failed downloads:
2026-02-13 01:35:45,860 | ERROR | ['ABNB', '1COV.DE', 'ADI', 'ADSK', 'ADBE', 'ADS.DE', 'ACA.PA', 'ABT', 'ABBV', 'AEP']: YFRateLimitError('Too Many Requests. Rate limited. Try after a while.')
2026-02-13 01:35:45,870 | INFO |   Batch complete, waiting 120s...
