2026-01-30 13:01:51,482 | INFO | ======================================================================
2026-01-30 13:01:51,482 | INFO | IoS-001 DAILY PRICE INGEST
2026-01-30 13:01:51,482 | INFO | Executor: LINE (EC-004)
2026-01-30 13:01:51,482 | INFO | Authority: CEO_DIRECTIVE_LINE_DAILY_INGEST_ACTIVATION_20251212
2026-01-30 13:01:51,482 | INFO | Time: 2026-01-30T12:01:51.482318+00:00
2026-01-30 13:01:51,482 | INFO | Asset Class Filter: ALL
2026-01-30 13:01:51,482 | INFO | Dry Run: False
2026-01-30 13:01:51,482 | INFO | ======================================================================
2026-01-30 13:01:51,867 | INFO | Found 491 VEGA-attested assets
2026-01-30 13:01:51,868 | INFO | 
============================================================
2026-01-30 13:01:51,868 | INFO | Processing CRYPTO: 46 assets
2026-01-30 13:01:51,868 | INFO | Schedule: Daily 01:00 UTC
2026-01-30 13:01:51,868 | INFO | ============================================================
2026-01-30 13:01:51,868 | INFO | 
  Batch 1/2 (25 assets)
2026-01-30 13:01:55,318 | WARNING |   [GRT-USD] Fetch error: Too Many Requests. Rate limited. Try after a while.
2026-01-30 13:01:58,350 | INFO |   Batch complete, waiting 60s...
2026-01-30 13:02:58,350 | INFO | 
  Batch 2/2 (21 assets)
2026-01-30 13:03:00,351 | WARNING |   [UNI-USD] Fetch error: Too Many Requests. Rate limited. Try after a while.
2026-01-30 13:03:03,379 | INFO | 
============================================================
2026-01-30 13:03:03,379 | INFO | Processing EQUITY: 421 assets
2026-01-30 13:03:03,379 | INFO | Schedule: Weekdays 22:00 UTC
2026-01-30 13:03:03,379 | INFO | ============================================================
2026-01-30 13:03:03,379 | INFO | 
  Batch 1/17 (25 assets)
2026-01-30 13:03:04,662 | WARNING |   [1COV.DE] Fetch error: Too Many Requests. Rate limited. Try after a while.
2026-01-30 13:03:08,779 | WARNING |   [ABBV] Fetch error: Too Many Requests. Rate limited. Try after a while.
2026-01-30 13:03:13,014 | WARNING |   [ABNB] Fetch error: Too Many Requests. Rate limited. Try after a while.
2026-01-30 13:03:17,155 | WARNING |   [ABT] Fetch error: Too Many Requests. Rate limited. Try after a while.
2026-01-30 13:03:21,339 | WARNING |   [ADBE] Fetch error: Too Many Requests. Rate limited. Try after a while.
2026-01-30 13:03:25,428 | WARNING |   [ADI] Fetch error: Too Many Requests. Rate limited. Try after a while.
2026-01-30 13:03:29,484 | WARNING |   [ADSK] Fetch error: Too Many Requests. Rate limited. Try after a while.
2026-01-30 13:03:33,640 | WARNING |   [AEP] Fetch error: Too Many Requests. Rate limited. Try after a while.
2026-01-30 13:03:37,685 | WARNING |   [AFL] Fetch error: Too Many Requests. Rate limited. Try after a while.
2026-01-30 13:03:41,864 | WARNING |   [AIG] Fetch error: Too Many Requests. Rate limited. Try after a while.
2026-01-30 13:03:46,092 | WARNING |   [AKAM] Fetch error: Too Many Requests. Rate limited. Try after a while.
2026-01-30 13:03:50,448 | WARNING |   [ALB] Fetch error: Too Many Requests. Rate limited. Try after a while.
2026-01-30 13:03:54,574 | WARNING |   [ALL] Fetch error: Too Many Requests. Rate limited. Try after a while.
2026-01-30 13:03:58,815 | WARNING |   [AMAT] Fetch error: Too Many Requests. Rate limited. Try after a while.
2026-01-30 13:04:01,817 | INFO |   Batch complete, waiting 60s...
2026-01-30 13:05:01,821 | INFO | 
  Batch 2/17 (25 assets)
2026-01-30 13:05:04,619 | WARNING |   [AMD] Fetch error: Too Many Requests. Rate limited. Try after a while.
2026-01-30 13:05:08,641 | WARNING |   [AMGN] Fetch error: Too Many Requests. Rate limited. Try after a while.
2026-01-30 13:05:13,021 | WARNING |   [AMT] Fetch error: Too Many Requests. Rate limited. Try after a while.
2026-01-30 13:05:17,078 | WARNING |   [AMZN] Fetch error: Too Many Requests. Rate limited. Try after a while.
2026-01-30 13:05:21,382 | WARNING |   [AON] Fetch error: Too Many Requests. Rate limited. Try after a while.
2026-01-30 13:05:25,409 | WARNING |   [APD] Fetch error: Too Many Requests. Rate limited. Try after a while.
2026-01-30 13:05:29,578 | WARNING |   [ASML] Fetch error: Too Many Requests. Rate limited. Try after a while.
2026-01-30 13:05:33,733 | WARNING |   [AVB] Fetch error: Too Many Requests. Rate limited. Try after a while.
2026-01-30 13:05:37,927 | WARNING |   [AVGO] Fetch error: Too Many Requests. Rate limited. Try after a while.
2026-01-30 13:05:42,015 | WARNING |   [AWK] Fetch error: Too Many Requests. Rate limited. Try after a while.
2026-01-30 13:05:46,362 | WARNING |   [AXP] Fetch error: Too Many Requests. Rate limited. Try after a while.
2026-01-30 13:05:50,564 | WARNING |   [AZO] Fetch error: Too Many Requests. Rate limited. Try after a while.
2026-01-30 13:05:54,702 | WARNING |   [BA] Fetch error: Too Many Requests. Rate limited. Try after a while.
2026-01-30 13:05:58,845 | WARNING |   [BAC] Fetch error: Too Many Requests. Rate limited. Try after a while.
2026-01-30 13:06:01,857 | INFO |   Batch complete, waiting 60s...
