2026-01-28 11:08:13,137 | INFO | ======================================================================
2026-01-28 11:08:13,138 | INFO | IoS-001 DAILY PRICE INGEST
2026-01-28 11:08:13,139 | INFO | Executor: LINE (EC-004)
2026-01-28 11:08:13,139 | INFO | Authority: CEO_DIRECTIVE_LINE_DAILY_INGEST_ACTIVATION_20251212
2026-01-28 11:08:13,139 | INFO | Time: 2026-01-28T10:08:13.139533+00:00
2026-01-28 11:08:13,139 | INFO | Asset Class Filter: ALL
2026-01-28 11:08:13,140 | INFO | Dry Run: False
2026-01-28 11:08:13,140 | INFO | ======================================================================
2026-01-28 11:08:13,403 | INFO | Found 491 VEGA-attested assets
2026-01-28 11:08:13,403 | INFO | 
============================================================
2026-01-28 11:08:13,403 | INFO | Processing CRYPTO: 46 assets
2026-01-28 11:08:13,403 | INFO | Schedule: Daily 01:00 UTC
2026-01-28 11:08:13,403 | INFO | ============================================================
2026-01-28 11:08:13,403 | INFO | 
  Batch 1/2 (25 assets)
2026-01-28 11:08:16,947 | WARNING |   [GRT-USD] Fetch error: Too Many Requests. Rate limited. Try after a while.
2026-01-28 11:08:19,987 | INFO |   Batch complete, waiting 60s...
2026-01-28 11:09:19,995 | INFO | 
  Batch 2/2 (21 assets)
2026-01-28 11:09:21,671 | WARNING |   [UNI-USD] Fetch error: Too Many Requests. Rate limited. Try after a while.
2026-01-28 11:09:24,745 | INFO | 
============================================================
2026-01-28 11:09:24,746 | INFO | Processing EQUITY: 421 assets
2026-01-28 11:09:24,746 | INFO | Schedule: Weekdays 22:00 UTC
2026-01-28 11:09:24,746 | INFO | ============================================================
2026-01-28 11:09:24,746 | INFO | 
  Batch 1/17 (25 assets)
2026-01-28 11:09:25,830 | WARNING |   [1COV.DE] Fetch error: Too Many Requests. Rate limited. Try after a while.
2026-01-28 11:09:29,959 | WARNING |   [ABBV] Fetch error: Too Many Requests. Rate limited. Try after a while.
2026-01-28 11:09:33,902 | WARNING |   [ABNB] Fetch error: Too Many Requests. Rate limited. Try after a while.
2026-01-28 11:09:37,903 | WARNING |   [ABT] Fetch error: Too Many Requests. Rate limited. Try after a while.
2026-01-28 11:09:42,007 | WARNING |   [ADBE] Fetch error: Too Many Requests. Rate limited. Try after a while.
2026-01-28 11:09:46,322 | WARNING |   [ADI] Fetch error: Too Many Requests. Rate limited. Try after a while.
2026-01-28 11:09:50,596 | WARNING |   [ADSK] Fetch error: Too Many Requests. Rate limited. Try after a while.
2026-01-28 11:09:54,903 | WARNING |   [AEP] Fetch error: Too Many Requests. Rate limited. Try after a while.
2026-01-28 11:09:59,364 | WARNING |   [AFL] Fetch error: Too Many Requests. Rate limited. Try after a while.
2026-01-28 11:10:03,560 | WARNING |   [AIG] Fetch error: Too Many Requests. Rate limited. Try after a while.
2026-01-28 11:10:07,790 | WARNING |   [AKAM] Fetch error: Too Many Requests. Rate limited. Try after a while.
2026-01-28 11:10:12,155 | WARNING |   [ALB] Fetch error: Too Many Requests. Rate limited. Try after a while.
2026-01-28 11:10:16,169 | WARNING |   [ALL] Fetch error: Too Many Requests. Rate limited. Try after a while.
2026-01-28 11:10:20,155 | WARNING |   [AMAT] Fetch error: Too Many Requests. Rate limited. Try after a while.
2026-01-28 11:10:23,161 | INFO |   Batch complete, waiting 60s...
2026-01-28 11:11:23,162 | INFO | 
  Batch 2/17 (25 assets)
2026-01-28 11:11:24,880 | WARNING |   [AMD] Fetch error: Too Many Requests. Rate limited. Try after a while.
2026-01-28 11:11:29,178 | WARNING |   [AMGN] Fetch error: Too Many Requests. Rate limited. Try after a while.
2026-01-28 11:11:33,153 | WARNING |   [AMT] Fetch error: Too Many Requests. Rate limited. Try after a while.
2026-01-28 11:11:37,378 | WARNING |   [AMZN] Fetch error: Too Many Requests. Rate limited. Try after a while.
2026-01-28 11:11:41,878 | WARNING |   [AON] Fetch error: Too Many Requests. Rate limited. Try after a while.
2026-01-28 11:11:46,057 | WARNING |   [APD] Fetch error: Too Many Requests. Rate limited. Try after a while.
2026-01-28 11:11:50,051 | WARNING |   [ASML] Fetch error: Too Many Requests. Rate limited. Try after a while.
2026-01-28 11:11:54,546 | WARNING |   [AVB] Fetch error: Too Many Requests. Rate limited. Try after a while.
2026-01-28 11:11:58,981 | WARNING |   [AVGO] Fetch error: Too Many Requests. Rate limited. Try after a while.
2026-01-28 11:12:03,389 | WARNING |   [AWK] Fetch error: Too Many Requests. Rate limited. Try after a while.
2026-01-28 11:12:07,522 | WARNING |   [AXP] Fetch error: Too Many Requests. Rate limited. Try after a while.
2026-01-28 11:12:11,745 | WARNING |   [AZO] Fetch error: Too Many Requests. Rate limited. Try after a while.
2026-01-28 11:12:15,872 | WARNING |   [BA] Fetch error: Too Many Requests. Rate limited. Try after a while.
2026-01-28 11:12:19,952 | WARNING |   [BAC] Fetch error: Too Many Requests. Rate limited. Try after a while.
2026-01-28 11:12:22,970 | INFO |   Batch complete, waiting 60s...
