2026-01-07 02:11:31,849 | INFO | ======================================================================
2026-01-07 02:11:31,849 | INFO | IoS-001 DAILY PRICE INGEST
2026-01-07 02:11:31,849 | INFO | Executor: LINE (EC-004)
2026-01-07 02:11:31,849 | INFO | Authority: CEO_DIRECTIVE_LINE_DAILY_INGEST_ACTIVATION_20251212
2026-01-07 02:11:31,849 | INFO | Time: 2026-01-07T01:11:31.849874+00:00
2026-01-07 02:11:31,849 | INFO | Asset Class Filter: ALL
2026-01-07 02:11:31,849 | INFO | Dry Run: False
2026-01-07 02:11:31,849 | INFO | ======================================================================
2026-01-07 02:11:32,162 | INFO | Found 491 VEGA-attested assets
2026-01-07 02:11:32,163 | INFO | 
============================================================
2026-01-07 02:11:32,163 | INFO | Processing CRYPTO: 46 assets
2026-01-07 02:11:32,163 | INFO | Schedule: Daily 01:00 UTC
2026-01-07 02:11:32,164 | INFO | ============================================================
2026-01-07 02:11:32,164 | INFO | 
  Batch 1/2 (25 assets)
2026-01-07 02:11:36,129 | WARNING |   [ADA-USD] Fetch error: Too Many Requests. Rate limited. Try after a while.
2026-01-07 02:11:40,491 | WARNING |   [ALGO-USD] Fetch error: Too Many Requests. Rate limited. Try after a while.
2026-01-07 02:11:44,650 | WARNING |   [ATOM-USD] Fetch error: Too Many Requests. Rate limited. Try after a while.
2026-01-07 02:11:48,992 | WARNING |   [AVAX-USD] Fetch error: Too Many Requests. Rate limited. Try after a while.
2026-01-07 02:11:53,121 | WARNING |   [AXS-USD] Fetch error: Too Many Requests. Rate limited. Try after a while.
2026-01-07 02:11:57,514 | WARNING |   [BCH-USD] Fetch error: Too Many Requests. Rate limited. Try after a while.
2026-01-07 02:12:01,760 | WARNING |   [BNB-USD] Fetch error: Too Many Requests. Rate limited. Try after a while.
2026-01-07 02:12:06,031 | WARNING |   [CHZ-USD] Fetch error: Too Many Requests. Rate limited. Try after a while.
2026-01-07 02:12:10,137 | WARNING |   [CRO-USD] Fetch error: Too Many Requests. Rate limited. Try after a while.
2026-01-07 02:12:14,417 | WARNING |   [CRV-USD] Fetch error: Too Many Requests. Rate limited. Try after a while.
2026-01-07 02:12:18,470 | WARNING |   [DOT-USD] Fetch error: Too Many Requests. Rate limited. Try after a while.
2026-01-07 02:12:23,024 | WARNING |   [EOS-USD] Fetch error: Too Many Requests. Rate limited. Try after a while.
2026-01-07 02:12:27,105 | WARNING |   [ETC-USD] Fetch error: Too Many Requests. Rate limited. Try after a while.
2026-01-07 02:12:31,348 | WARNING |   [FIL-USD] Fetch error: Too Many Requests. Rate limited. Try after a while.
2026-01-07 02:12:35,411 | WARNING |   [FLOW-USD] Fetch error: Too Many Requests. Rate limited. Try after a while.
2026-01-07 02:12:39,490 | WARNING |   [GRT-USD] Fetch error: Too Many Requests. Rate limited. Try after a while.
2026-01-07 02:12:43,409 | WARNING |   [ICP-USD] Fetch error: Too Many Requests. Rate limited. Try after a while.
2026-01-07 02:12:47,495 | WARNING |   [INJ-USD] Fetch error: Too Many Requests. Rate limited. Try after a while.
2026-01-07 02:12:51,552 | WARNING |   [LDO-USD] Fetch error: Too Many Requests. Rate limited. Try after a while.
2026-01-07 02:12:55,932 | WARNING |   [LTC-USD] Fetch error: Too Many Requests. Rate limited. Try after a while.
2026-01-07 02:12:58,937 | INFO |   Batch complete, waiting 60s...
2026-01-07 02:13:58,938 | INFO | 
  Batch 2/2 (21 assets)
2026-01-07 02:14:01,227 | WARNING |   [MANA-USD] Fetch error: Too Many Requests. Rate limited. Try after a while.
2026-01-07 02:14:05,510 | WARNING |   [NEAR-USD] Fetch error: Too Many Requests. Rate limited. Try after a while.
2026-01-07 02:14:09,236 | WARNING |   [OKB-USD] Fetch error: Too Many Requests. Rate limited. Try after a while.
2026-01-07 02:14:13,371 | WARNING |   [QNT-USD] Fetch error: Too Many Requests. Rate limited. Try after a while.
2026-01-07 02:14:17,685 | WARNING |   [RUNE-USD] Fetch error: Too Many Requests. Rate limited. Try after a while.
2026-01-07 02:14:22,102 | WARNING |   [SAND-USD] Fetch error: Too Many Requests. Rate limited. Try after a while.
2026-01-07 02:14:25,879 | WARNING |   [SHIB-USD] Fetch error: Too Many Requests. Rate limited. Try after a while.
2026-01-07 02:14:30,110 | WARNING |   [SOL-USD] Fetch error: Too Many Requests. Rate limited. Try after a while.
2026-01-07 02:14:34,821 | WARNING |   [THETA-USD] Fetch error: Too Many Requests. Rate limited. Try after a while.
2026-01-07 02:14:39,032 | WARNING |   [UNI-USD] Fetch error: Too Many Requests. Rate limited. Try after a while.
2026-01-07 02:14:43,314 | WARNING |   [VET-USD] Fetch error: Too Many Requests. Rate limited. Try after a while.
2026-01-07 02:14:47,401 | WARNING |   [XLM-USD] Fetch error: Too Many Requests. Rate limited. Try after a while.
2026-01-07 02:14:51,385 | WARNING |   [XTZ-USD] Fetch error: Too Many Requests. Rate limited. Try after a while.
2026-01-07 02:14:55,459 | WARNING |   [ZEC-USD] Fetch error: Too Many Requests. Rate limited. Try after a while.
2026-01-07 02:14:59,433 | WARNING |   [AAVE-USD] Fetch error: Too Many Requests. Rate limited. Try after a while.
2026-01-07 02:15:02,434 | INFO | 
============================================================
2026-01-07 02:15:02,434 | INFO | Processing EQUITY: 421 assets
2026-01-07 02:15:02,434 | INFO | Schedule: Weekdays 22:00 UTC
2026-01-07 02:15:02,434 | INFO | ============================================================
2026-01-07 02:15:02,434 | INFO | 
  Batch 1/17 (25 assets)
2026-01-07 02:15:03,860 | WARNING |   [1COV.DE] Fetch error: Too Many Requests. Rate limited. Try after a while.
2026-01-07 02:15:08,240 | WARNING |   [ABBV] Fetch error: Too Many Requests. Rate limited. Try after a while.
2026-01-07 02:15:12,362 | WARNING |   [ABNB] Fetch error: Too Many Requests. Rate limited. Try after a while.
2026-01-07 02:15:16,797 | WARNING |   [ABT] Fetch error: Too Many Requests. Rate limited. Try after a while.
2026-01-07 02:15:20,880 | WARNING |   [ACA.PA] Fetch error: Too Many Requests. Rate limited. Try after a while.
2026-01-07 02:15:25,234 | WARNING |   [ADBE] Fetch error: Too Many Requests. Rate limited. Try after a while.
2026-01-07 02:15:29,182 | WARNING |   [ADI] Fetch error: Too Many Requests. Rate limited. Try after a while.
2026-01-07 02:15:33,306 | WARNING |   [ADS.DE] Fetch error: Too Many Requests. Rate limited. Try after a while.
2026-01-07 02:15:37,246 | WARNING |   [ADSK] Fetch error: Too Many Requests. Rate limited. Try after a while.
2026-01-07 02:15:41,241 | WARNING |   [AEP] Fetch error: Too Many Requests. Rate limited. Try after a while.
2026-01-07 02:15:45,284 | WARNING |   [AFL] Fetch error: Too Many Requests. Rate limited. Try after a while.
2026-01-07 02:15:49,449 | WARNING |   [AI.PA] Fetch error: Too Many Requests. Rate limited. Try after a while.
2026-01-07 02:15:53,193 | WARNING |   [AIG] Fetch error: Too Many Requests. Rate limited. Try after a while.
2026-01-07 02:15:57,562 | WARNING |   [AIR.DE] Fetch error: Too Many Requests. Rate limited. Try after a while.
2026-01-07 02:16:01,888 | WARNING |   [AIR.PA] Fetch error: Too Many Requests. Rate limited. Try after a while.
2026-01-07 02:16:06,098 | WARNING |   [AKAM] Fetch error: Too Many Requests. Rate limited. Try after a while.
2026-01-07 02:16:10,478 | WARNING |   [AKER.OL] Fetch error: Too Many Requests. Rate limited. Try after a while.
2026-01-07 02:16:14,905 | WARNING |   [AKRBP.OL] Fetch error: Too Many Requests. Rate limited. Try after a while.
2026-01-07 02:16:19,268 | WARNING |   [AKSO.OL] Fetch error: Too Many Requests. Rate limited. Try after a while.
2026-01-07 02:16:23,225 | WARNING |   [AKVA.OL] Fetch error: Too Many Requests. Rate limited. Try after a while.
2026-01-07 02:16:27,090 | WARNING |   [ALB] Fetch error: Too Many Requests. Rate limited. Try after a while.
