2026-01-10 19:16:03,604 | INFO | ======================================================================
2026-01-10 19:16:03,604 | INFO | IoS-001 DAILY PRICE INGEST
2026-01-10 19:16:03,604 | INFO | Executor: LINE (EC-004)
2026-01-10 19:16:03,604 | INFO | Authority: CEO_DIRECTIVE_LINE_DAILY_INGEST_ACTIVATION_20251212
2026-01-10 19:16:03,604 | INFO | Time: 2026-01-10T18:16:03.604866+00:00
2026-01-10 19:16:03,604 | INFO | Asset Class Filter: ALL
2026-01-10 19:16:03,604 | INFO | Dry Run: False
2026-01-10 19:16:03,604 | INFO | ======================================================================
2026-01-10 19:16:03,800 | INFO | Found 491 VEGA-attested assets
2026-01-10 19:16:03,800 | INFO | 
============================================================
2026-01-10 19:16:03,800 | INFO | Processing CRYPTO: 46 assets
2026-01-10 19:16:03,800 | INFO | Schedule: Daily 01:00 UTC
2026-01-10 19:16:03,800 | INFO | ============================================================
2026-01-10 19:16:03,800 | INFO | 
  Batch 1/2 (25 assets)
2026-01-10 19:16:06,955 | WARNING |   [GRT-USD] Fetch error: Too Many Requests. Rate limited. Try after a while.
2026-01-10 19:16:09,995 | INFO |   Batch complete, waiting 60s...
2026-01-10 19:17:10,003 | INFO | 
  Batch 2/2 (21 assets)
2026-01-10 19:17:12,086 | WARNING |   [UNI-USD] Fetch error: Too Many Requests. Rate limited. Try after a while.
2026-01-10 19:17:15,139 | INFO | 
============================================================
2026-01-10 19:17:15,139 | INFO | Processing EQUITY: 421 assets
2026-01-10 19:17:15,139 | INFO | Schedule: Weekdays 22:00 UTC
2026-01-10 19:17:15,139 | INFO | ============================================================
2026-01-10 19:17:15,139 | INFO |   Market closed for EQUITY today, skipping
2026-01-10 19:17:15,139 | INFO | 
============================================================
2026-01-10 19:17:15,139 | INFO | Processing FX: 24 assets
2026-01-10 19:17:15,139 | INFO | Schedule: Sun-Thu 22:00 UTC
2026-01-10 19:17:15,139 | INFO | ============================================================
2026-01-10 19:17:15,139 | INFO |   Market closed for FX today, skipping
2026-01-10 19:17:15,150 | WARNING | Heartbeat recording failed: relation "fhq_monitoring.system_heartbeats" does not exist
LINE 2:                 INSERT INTO fhq_monitoring.system_heartbeats...
                                    ^

2026-01-10 19:17:15,150 | INFO | 
======================================================================
2026-01-10 19:17:15,150 | INFO | DAILY INGEST COMPLETE
2026-01-10 19:17:15,150 | INFO | ======================================================================
2026-01-10 19:17:15,150 | INFO | Assets Processed: 46
2026-01-10 19:17:15,150 | INFO | Assets Updated:   0
2026-01-10 19:17:15,150 | INFO | Rows Inserted:    0
2026-01-10 19:17:15,150 | INFO |   CRYPTO: 0 assets, 0 rows
2026-01-10 19:17:15,150 | INFO | Evidence: C:\fhq-market-system\vision-ios\03_FUNCTIONS\evidence\IOS001_DAILY_INGEST_68bdd30d_20260110_191715.json
2026-01-10 19:17:15,150 | INFO | ======================================================================
