2026-01-14 20:54:02,768 | INFO | ======================================================================
2026-01-14 20:54:02,768 | INFO | IoS-001 DAILY PRICE INGEST
2026-01-14 20:54:02,769 | INFO | Executor: LINE (EC-004)
2026-01-14 20:54:02,769 | INFO | Authority: CEO_DIRECTIVE_LINE_DAILY_INGEST_ACTIVATION_20251212
2026-01-14 20:54:02,769 | INFO | Time: 2026-01-14T19:54:02.769223+00:00
2026-01-14 20:54:02,769 | INFO | Asset Class Filter: ALL
2026-01-14 20:54:02,769 | INFO | Dry Run: False
2026-01-14 20:54:02,770 | INFO | ======================================================================
2026-01-14 20:54:03,056 | INFO | Found 491 VEGA-attested assets
2026-01-14 20:54:03,056 | INFO | 
============================================================
2026-01-14 20:54:03,056 | INFO | Processing CRYPTO: 46 assets
2026-01-14 20:54:03,056 | INFO | Schedule: Daily 01:00 UTC
2026-01-14 20:54:03,056 | INFO | ============================================================
2026-01-14 20:54:03,056 | INFO | 
  Batch 1/2 (25 assets)
2026-01-14 20:54:07,012 | WARNING |   [GRT-USD] Fetch error: Too Many Requests. Rate limited. Try after a while.
2026-01-14 20:54:10,034 | INFO |   Batch complete, waiting 60s...
2026-01-14 20:55:10,035 | INFO | 
  Batch 2/2 (21 assets)
2026-01-14 20:55:11,898 | WARNING |   [UNI-USD] Fetch error: Too Many Requests. Rate limited. Try after a while.
2026-01-14 20:55:14,921 | INFO | 
============================================================
2026-01-14 20:55:14,921 | INFO | Processing EQUITY: 421 assets
2026-01-14 20:55:14,922 | INFO | Schedule: Weekdays 22:00 UTC
2026-01-14 20:55:14,922 | INFO | ============================================================
2026-01-14 20:55:14,922 | INFO | 
  Batch 1/17 (25 assets)
2026-01-14 20:55:16,500 | WARNING |   [1COV.DE] Fetch error: Too Many Requests. Rate limited. Try after a while.
2026-01-14 20:55:19,554 | INFO |   Batch complete, waiting 60s...
2026-01-14 20:56:19,555 | INFO | 
  Batch 2/17 (25 assets)
2026-01-14 20:56:19,684 | INFO |   Batch complete, waiting 60s...
2026-01-14 20:57:19,686 | INFO | 
  Batch 3/17 (25 assets)
2026-01-14 20:57:22,999 | WARNING |   [BP.L] Fetch error: Too Many Requests. Rate limited. Try after a while.
2026-01-14 20:57:27,175 | WARNING |   [BRK.B] Fetch error: Too Many Requests. Rate limited. Try after a while.
2026-01-14 20:57:31,337 | WARNING |   [BSX] Fetch error: Too Many Requests. Rate limited. Try after a while.
2026-01-14 20:57:35,558 | WARNING |   [BT.A.L] Fetch error: Too Many Requests. Rate limited. Try after a while.
2026-01-14 20:57:40,420 | WARNING |   [BWO.OL] Fetch error: Too Many Requests. Rate limited. Try after a while.
2026-01-14 20:57:44,293 | WARNING |   [C] Fetch error: Too Many Requests. Rate limited. Try after a while.
2026-01-14 20:57:48,660 | WARNING |   [CAG] Fetch error: Too Many Requests. Rate limited. Try after a while.
2026-01-14 20:57:52,974 | WARNING |   [CAP.PA] Fetch error: Too Many Requests. Rate limited. Try after a while.
2026-01-14 20:57:56,924 | WARNING |   [CARR] Fetch error: Too Many Requests. Rate limited. Try after a while.
2026-01-14 20:58:01,125 | WARNING |   [CAT] Fetch error: Too Many Requests. Rate limited. Try after a while.
2026-01-14 20:58:05,665 | WARNING |   [CB] Fetch error: Too Many Requests. Rate limited. Try after a while.
2026-01-14 20:58:09,844 | WARNING |   [CBK.DE] Fetch error: Too Many Requests. Rate limited. Try after a while.
2026-01-14 20:58:14,321 | WARNING |   [CCI] Fetch error: Too Many Requests. Rate limited. Try after a while.
2026-01-14 20:58:18,727 | WARNING |   [CDNS] Fetch error: Too Many Requests. Rate limited. Try after a while.
2026-01-14 20:58:21,728 | INFO |   Batch complete, waiting 60s...
