2026-01-12 05:40:44,489 | INFO | ======================================================================
2026-01-12 05:40:44,489 | INFO | IoS-001 DAILY PRICE INGEST
2026-01-12 05:40:44,489 | INFO | Executor: LINE (EC-004)
2026-01-12 05:40:44,489 | INFO | Authority: CEO_DIRECTIVE_LINE_DAILY_INGEST_ACTIVATION_20251212
2026-01-12 05:40:44,489 | INFO | Time: 2026-01-12T04:40:44.489469+00:00
2026-01-12 05:40:44,489 | INFO | Asset Class Filter: ALL
2026-01-12 05:40:44,489 | INFO | Dry Run: False
2026-01-12 05:40:44,489 | INFO | ======================================================================
2026-01-12 05:40:44,725 | INFO | Found 491 VEGA-attested assets
2026-01-12 05:40:44,725 | INFO | 
============================================================
2026-01-12 05:40:44,725 | INFO | Processing CRYPTO: 46 assets
2026-01-12 05:40:44,725 | INFO | Schedule: Daily 01:00 UTC
2026-01-12 05:40:44,725 | INFO | ============================================================
2026-01-12 05:40:44,725 | INFO | 
  Batch 1/2 (25 assets)
2026-01-12 05:40:44,750 | INFO |   Batch complete, waiting 60s...
2026-01-12 05:41:44,751 | INFO | 
  Batch 2/2 (21 assets)
2026-01-12 05:41:47,932 | WARNING |   [UNI-USD] Fetch error: Too Many Requests. Rate limited. Try after a while.
2026-01-12 05:41:50,966 | INFO | 
============================================================
2026-01-12 05:41:50,966 | INFO | Processing EQUITY: 421 assets
2026-01-12 05:41:50,966 | INFO | Schedule: Weekdays 22:00 UTC
2026-01-12 05:41:50,966 | INFO | ============================================================
2026-01-12 05:41:50,966 | INFO | 
  Batch 1/17 (25 assets)
2026-01-12 05:41:51,894 | WARNING |   [1COV.DE] Fetch error: Too Many Requests. Rate limited. Try after a while.
2026-01-12 05:41:55,829 | WARNING |   [ABBV] Fetch error: Too Many Requests. Rate limited. Try after a while.
2026-01-12 05:41:59,960 | WARNING |   [ABNB] Fetch error: Too Many Requests. Rate limited. Try after a while.
2026-01-12 05:42:03,776 | WARNING |   [ABT] Fetch error: Too Many Requests. Rate limited. Try after a while.
2026-01-12 05:42:07,915 | WARNING |   [ACA.PA] Fetch error: Too Many Requests. Rate limited. Try after a while.
2026-01-12 05:42:11,870 | WARNING |   [ADBE] Fetch error: Too Many Requests. Rate limited. Try after a while.
2026-01-12 05:42:15,985 | WARNING |   [ADI] Fetch error: Too Many Requests. Rate limited. Try after a while.
2026-01-12 05:42:20,522 | WARNING |   [ADS.DE] Fetch error: Too Many Requests. Rate limited. Try after a while.
2026-01-12 05:42:24,584 | WARNING |   [ADSK] Fetch error: Too Many Requests. Rate limited. Try after a while.
2026-01-12 05:42:28,684 | WARNING |   [AEP] Fetch error: Too Many Requests. Rate limited. Try after a while.
2026-01-12 05:42:32,898 | WARNING |   [AFL] Fetch error: Too Many Requests. Rate limited. Try after a while.
2026-01-12 05:42:37,176 | WARNING |   [AI.PA] Fetch error: Too Many Requests. Rate limited. Try after a while.
2026-01-12 05:42:41,235 | WARNING |   [AIG] Fetch error: Too Many Requests. Rate limited. Try after a while.
2026-01-12 05:42:45,314 | WARNING |   [AIR.DE] Fetch error: Too Many Requests. Rate limited. Try after a while.
2026-01-12 05:42:49,080 | WARNING |   [AIR.PA] Fetch error: Too Many Requests. Rate limited. Try after a while.
2026-01-12 05:42:52,830 | WARNING |   [AKAM] Fetch error: Too Many Requests. Rate limited. Try after a while.
2026-01-12 05:42:56,903 | WARNING |   [AKER.OL] Fetch error: Too Many Requests. Rate limited. Try after a while.
2026-01-12 05:43:00,898 | WARNING |   [AKRBP.OL] Fetch error: Too Many Requests. Rate limited. Try after a while.
2026-01-12 05:43:05,020 | WARNING |   [AKSO.OL] Fetch error: Too Many Requests. Rate limited. Try after a while.
2026-01-12 05:43:09,062 | WARNING |   [AKVA.OL] Fetch error: Too Many Requests. Rate limited. Try after a while.
2026-01-12 05:43:13,258 | WARNING |   [ALB] Fetch error: Too Many Requests. Rate limited. Try after a while.
2026-01-12 05:43:17,366 | WARNING |   [ALL] Fetch error: Too Many Requests. Rate limited. Try after a while.
2026-01-12 05:43:21,494 | WARNING |   [ALO.PA] Fetch error: Too Many Requests. Rate limited. Try after a while.
2026-01-12 05:43:25,528 | WARNING |   [ALV.DE] Fetch error: Too Many Requests. Rate limited. Try after a while.
2026-01-12 05:43:29,329 | WARNING |   [AMAT] Fetch error: Too Many Requests. Rate limited. Try after a while.
2026-01-12 05:43:32,330 | INFO |   Batch complete, waiting 60s...
2026-01-12 05:44:32,331 | INFO | 
  Batch 2/17 (25 assets)
2026-01-12 05:44:33,738 | WARNING |   [AMD] Fetch error: Too Many Requests. Rate limited. Try after a while.
2026-01-12 05:44:37,896 | WARNING |   [AMGN] Fetch error: Too Many Requests. Rate limited. Try after a while.
2026-01-12 05:44:41,966 | WARNING |   [AMT] Fetch error: Too Many Requests. Rate limited. Try after a while.
2026-01-12 05:44:46,136 | WARNING |   [AMZN] Fetch error: Too Many Requests. Rate limited. Try after a while.
2026-01-12 05:44:49,796 | WARNING |   [AON] Fetch error: Too Many Requests. Rate limited. Try after a while.
2026-01-12 05:44:54,012 | WARNING |   [APD] Fetch error: Too Many Requests. Rate limited. Try after a while.
2026-01-12 05:44:58,248 | WARNING |   [ASML] Fetch error: Too Many Requests. Rate limited. Try after a while.
2026-01-12 05:45:02,310 | WARNING |   [ATO.PA] Fetch error: Too Many Requests. Rate limited. Try after a while.
2026-01-12 05:45:06,424 | WARNING |   [AUSS.OL] Fetch error: Too Many Requests. Rate limited. Try after a while.
2026-01-12 05:45:10,340 | WARNING |   [AUTO.OL] Fetch error: Too Many Requests. Rate limited. Try after a while.
2026-01-12 05:45:14,356 | WARNING |   [AV.L] Fetch error: Too Many Requests. Rate limited. Try after a while.
2026-01-12 05:45:18,349 | WARNING |   [AVB] Fetch error: Too Many Requests. Rate limited. Try after a while.
2026-01-12 05:45:22,631 | WARNING |   [AVGO] Fetch error: Too Many Requests. Rate limited. Try after a while.
2026-01-12 05:45:26,829 | WARNING |   [AWK] Fetch error: Too Many Requests. Rate limited. Try after a while.
2026-01-12 05:45:31,171 | WARNING |   [AXP] Fetch error: Too Many Requests. Rate limited. Try after a while.
2026-01-12 05:45:35,041 | WARNING |   [AZN.L] Fetch error: Too Many Requests. Rate limited. Try after a while.
2026-01-12 05:45:38,792 | WARNING |   [AZO] Fetch error: Too Many Requests. Rate limited. Try after a while.
2026-01-12 05:45:43,172 | WARNING |   [BA] Fetch error: Too Many Requests. Rate limited. Try after a while.
