2025-12-28 19:35:48,916 | INFO | ======================================================================
2025-12-28 19:35:48,916 | INFO | IoS-001 DAILY PRICE INGEST
2025-12-28 19:35:48,916 | INFO | Executor: LINE (EC-004)
2025-12-28 19:35:48,916 | INFO | Authority: CEO_DIRECTIVE_LINE_DAILY_INGEST_ACTIVATION_20251212
2025-12-28 19:35:48,916 | INFO | Time: 2025-12-28T18:35:48.916707+00:00
2025-12-28 19:35:48,916 | INFO | Asset Class Filter: ALL
2025-12-28 19:35:48,916 | INFO | Dry Run: False
2025-12-28 19:35:48,916 | INFO | ======================================================================
2025-12-28 19:35:49,252 | INFO | Found 490 VEGA-attested assets
2025-12-28 19:35:49,253 | INFO | 
============================================================
2025-12-28 19:35:49,253 | INFO | Processing CRYPTO: 46 assets
2025-12-28 19:35:49,253 | INFO | Schedule: Daily 01:00 UTC
2025-12-28 19:35:49,253 | INFO | ============================================================
2025-12-28 19:35:49,253 | INFO | 
  Batch 1/2 (25 assets)
2025-12-28 19:35:49,273 | INFO |   Batch complete, waiting 60s...
2025-12-28 19:36:49,283 | INFO | 
  Batch 2/2 (21 assets)
2025-12-28 19:36:49,445 | INFO | 
============================================================
2025-12-28 19:36:49,445 | INFO | Processing EQUITY: 420 assets
2025-12-28 19:36:49,450 | INFO | Schedule: Weekdays 22:00 UTC
2025-12-28 19:36:49,450 | INFO | ============================================================
2025-12-28 19:36:49,450 | INFO |   Market closed for EQUITY today, skipping
2025-12-28 19:36:49,453 | INFO | 
============================================================
2025-12-28 19:36:49,454 | INFO | Processing FX: 24 assets
2025-12-28 19:36:49,455 | INFO | Schedule: Sun-Thu 22:00 UTC
2025-12-28 19:36:49,455 | INFO | ============================================================
2025-12-28 19:36:49,457 | INFO | 
  Batch 1/1 (24 assets)
2025-12-28 19:36:50,983 | INFO |     [AUDJPY=X] +1 rows
2025-12-28 19:36:54,083 | INFO |     [CADJPY=X] +1 rows
2025-12-28 19:36:57,191 | INFO |     [CHFJPY=X] +1 rows
2025-12-28 19:37:00,287 | INFO |     [EURAUD=X] +1 rows
2025-12-28 19:37:03,415 | INFO |     [EURCHF=X] +1 rows
2025-12-28 19:37:06,549 | INFO |     [EURGBP=X] +1 rows
2025-12-28 19:37:09,734 | INFO |     [EURJPY=X] +1 rows
2025-12-28 19:37:12,838 | INFO |     [EURNOK=X] +1 rows
2025-12-28 19:37:15,989 | INFO |     [EURSEK=X] +1 rows
2025-12-28 19:37:19,086 | INFO |     [EURUSD=X] +1 rows
2025-12-28 19:37:22,184 | INFO |     [GBPJPY=X] +1 rows
2025-12-28 19:37:25,329 | INFO |     [USDCHF=X] +1 rows
2025-12-28 19:37:28,436 | INFO |     [USDJPY=X] +1 rows
2025-12-28 19:37:31,558 | INFO |     [USDMXN=X] +1 rows
2025-12-28 19:37:34,709 | INFO |     [USDSGD=X] +1 rows
2025-12-28 19:37:37,807 | INFO |     [USDTRY=X] +1 rows
2025-12-28 19:37:40,812 | WARNING | Heartbeat recording failed: relation "fhq_monitoring.system_heartbeats" does not exist
LINE 2:                 INSERT INTO fhq_monitoring.system_heartbeats...
                                    ^

2025-12-28 19:37:40,822 | INFO | 
======================================================================
2025-12-28 19:37:40,822 | INFO | DAILY INGEST COMPLETE
2025-12-28 19:37:40,822 | INFO | ======================================================================
2025-12-28 19:37:40,822 | INFO | Assets Processed: 70
2025-12-28 19:37:40,822 | INFO | Assets Updated:   16
2025-12-28 19:37:40,822 | INFO | Rows Inserted:    16
2025-12-28 19:37:40,822 | INFO |   CRYPTO: 0 assets, 0 rows
2025-12-28 19:37:40,822 | INFO |   FX: 16 assets, 16 rows
2025-12-28 19:37:40,822 | INFO | Evidence: C:\fhq-market-system\vision-ios\03_FUNCTIONS\evidence\IOS001_DAILY_INGEST_9c87c2c9_20251228_193740.json
2025-12-28 19:37:40,822 | INFO | ======================================================================
