2026-02-14 12:22:06,498 | INFO | ======================================================================
2026-02-14 12:22:06,498 | INFO | IoS-001 DAILY PRICE INGEST
2026-02-14 12:22:06,498 | INFO | Executor: LINE (EC-004)
2026-02-14 12:22:06,498 | INFO | Authority: CEO_DIRECTIVE_LINE_DAILY_INGEST_ACTIVATION_20251212
2026-02-14 12:22:06,498 | INFO | Amendment: CEO-DIR-2026-119 (Rate Limit Mitigation)
2026-02-14 12:22:06,498 | INFO | Time: 2026-02-14T11:22:06.498264+00:00
2026-02-14 12:22:06,498 | INFO | Asset Class Filter: ALL
2026-02-14 12:22:06,498 | INFO | Batch Mode: True
2026-02-14 12:22:06,498 | INFO | Dry Run: False
2026-02-14 12:22:06,498 | INFO | ======================================================================
2026-02-14 12:22:06,683 | INFO | Found 491 VEGA-attested assets
2026-02-14 12:22:06,684 | INFO | 
============================================================
2026-02-14 12:22:06,684 | INFO | Processing CRYPTO: 46 assets
2026-02-14 12:22:06,684 | INFO | Schedule: Daily 01:00 UTC
2026-02-14 12:22:06,684 | INFO | ============================================================
2026-02-14 12:22:06,684 | INFO |   Using BATCH MODE (CEO-DIR-2026-119)
2026-02-14 12:22:06,684 | INFO | 
  Batch 1/5 (10 tickers)
2026-02-14 12:22:06,697 | INFO |     All assets up to date
2026-02-14 12:22:06,697 | INFO | 
  Batch 2/5 (10 tickers)
2026-02-14 12:22:06,705 | INFO |     Batch download: 1 tickers
2026-02-14 12:22:07,734 | ERROR | 
1 Failed download:
2026-02-14 12:22:07,735 | ERROR | ['GRT-USD']: YFPricesMissingError('possibly delisted; no price data found  (1d 2026-02-14 -> 2026-02-15)')
2026-02-14 12:22:07,748 | INFO |   Batch complete, waiting 120s...
2026-02-14 12:24:07,750 | INFO | 
  Batch 3/5 (10 tickers)
2026-02-14 12:24:07,778 | INFO |     All assets up to date
2026-02-14 12:24:07,778 | INFO | 
  Batch 4/5 (10 tickers)
2026-02-14 12:24:07,794 | INFO |     Batch download: 1 tickers
2026-02-14 12:24:08,275 | ERROR | 
1 Failed download:
2026-02-14 12:24:08,275 | ERROR | ['UNI-USD']: YFPricesMissingError('possibly delisted; no price data found  (1d 2026-02-12 -> 2026-02-15)')
2026-02-14 12:24:08,275 | INFO |   Batch complete, waiting 120s...
2026-02-14 12:26:08,287 | INFO | 
  Batch 5/5 (6 tickers)
2026-02-14 12:26:08,311 | INFO |     All assets up to date
2026-02-14 12:26:08,311 | INFO | 
============================================================
2026-02-14 12:26:08,311 | INFO | Processing EQUITY: 421 assets
2026-02-14 12:26:08,312 | INFO | Schedule: Weekdays 22:00 UTC
2026-02-14 12:26:08,312 | INFO | ============================================================
2026-02-14 12:26:08,312 | INFO |   Market closed for EQUITY today, skipping
2026-02-14 12:26:08,313 | INFO | 
============================================================
2026-02-14 12:26:08,313 | INFO | Processing FX: 24 assets
2026-02-14 12:26:08,313 | INFO | Schedule: Sun-Thu 22:00 UTC
2026-02-14 12:26:08,313 | INFO | ============================================================
2026-02-14 12:26:08,314 | INFO |   Market closed for FX today, skipping
2026-02-14 12:26:08,320 | WARNING | Heartbeat recording failed: relation "fhq_monitoring.system_heartbeats" does not exist
LINE 2:                 INSERT INTO fhq_monitoring.system_heartbeats...
                                    ^

2026-02-14 12:26:08,323 | INFO | 
======================================================================
2026-02-14 12:26:08,324 | INFO | DAILY INGEST COMPLETE
2026-02-14 12:26:08,324 | INFO | ======================================================================
2026-02-14 12:26:08,324 | INFO | Assets Processed: 46
2026-02-14 12:26:08,324 | INFO | Assets Updated:   0
2026-02-14 12:26:08,325 | INFO | Rows Inserted:    0
2026-02-14 12:26:08,325 | INFO |   CRYPTO: 0 assets, 0 rows
2026-02-14 12:26:08,325 | INFO | Evidence: C:\fhq-market-system\vision-ios\03_FUNCTIONS\evidence\IOS001_DAILY_INGEST_4d5d2263_20260214_122608.json
2026-02-14 12:26:08,326 | INFO | ======================================================================
