2026-02-10 16:42:32,572 | INFO | ======================================================================
2026-02-10 16:42:32,572 | INFO | IoS-001 DAILY PRICE INGEST
2026-02-10 16:42:32,572 | INFO | Executor: LINE (EC-004)
2026-02-10 16:42:32,572 | INFO | Authority: CEO_DIRECTIVE_LINE_DAILY_INGEST_ACTIVATION_20251212
2026-02-10 16:42:32,572 | INFO | Amendment: CEO-DIR-2026-119 (Rate Limit Mitigation)
2026-02-10 16:42:32,572 | INFO | Time: 2026-02-10T15:42:32.572672+00:00
2026-02-10 16:42:32,572 | INFO | Asset Class Filter: ALL
2026-02-10 16:42:32,572 | INFO | Batch Mode: True
2026-02-10 16:42:32,572 | INFO | Dry Run: False
2026-02-10 16:42:32,572 | INFO | ======================================================================
2026-02-10 16:42:32,845 | INFO | Found 491 VEGA-attested assets
2026-02-10 16:42:32,845 | INFO | 
============================================================
2026-02-10 16:42:32,845 | INFO | Processing CRYPTO: 46 assets
2026-02-10 16:42:32,845 | INFO | Schedule: Daily 01:00 UTC
2026-02-10 16:42:32,845 | INFO | ============================================================
2026-02-10 16:42:32,845 | INFO |   Using BATCH MODE (CEO-DIR-2026-119)
2026-02-10 16:42:32,845 | INFO | 
  Batch 1/5 (10 tickers)
2026-02-10 16:42:32,888 | INFO |     All assets up to date
2026-02-10 16:42:32,888 | INFO | 
  Batch 2/5 (10 tickers)
2026-02-10 16:42:32,912 | INFO |     Batch download: 1 tickers
2026-02-10 16:42:35,950 | ERROR | 
1 Failed download:
2026-02-10 16:42:35,950 | ERROR | ['GRT-USD']: YFRateLimitError('Too Many Requests. Rate limited. Try after a while.')
2026-02-10 16:42:35,955 | INFO |   Batch complete, waiting 120s...
2026-02-10 16:44:35,956 | INFO | 
  Batch 3/5 (10 tickers)
2026-02-10 16:44:35,992 | INFO |     All assets up to date
2026-02-10 16:44:35,993 | INFO | 
  Batch 4/5 (10 tickers)
2026-02-10 16:44:36,037 | INFO |     Batch download: 1 tickers
2026-02-10 16:44:39,954 | ERROR | 
1 Failed download:
2026-02-10 16:44:39,955 | ERROR | ['UNI-USD']: YFRateLimitError('Too Many Requests. Rate limited. Try after a while.')
2026-02-10 16:44:39,960 | INFO |   Batch complete, waiting 120s...
2026-02-10 16:46:39,965 | INFO | 
  Batch 5/5 (6 tickers)
2026-02-10 16:46:40,009 | INFO |     All assets up to date
2026-02-10 16:46:40,010 | INFO | 
============================================================
2026-02-10 16:46:40,010 | INFO | Processing EQUITY: 421 assets
2026-02-10 16:46:40,010 | INFO | Schedule: Weekdays 22:00 UTC
2026-02-10 16:46:40,011 | INFO | ============================================================
2026-02-10 16:46:40,011 | INFO |   Using BATCH MODE (CEO-DIR-2026-119)
2026-02-10 16:46:40,012 | INFO | 
  Batch 1/43 (10 tickers)
2026-02-10 16:46:40,040 | INFO |     Batch download: 8 tickers
2026-02-10 16:46:51,068 | ERROR | 
8 Failed downloads:
2026-02-10 16:46:51,069 | ERROR | ['ADSK', 'ABBV', 'ADI', 'AEP', 'ABT', '1COV.DE', 'ABNB', 'ADBE']: YFRateLimitError('Too Many Requests. Rate limited. Try after a while.')
2026-02-10 16:46:51,069 | INFO |   Batch complete, waiting 120s...
