2026-02-16 02:11:43,770 | INFO | ======================================================================
2026-02-16 02:11:43,770 | INFO | IoS-001 DAILY PRICE INGEST
2026-02-16 02:11:43,770 | INFO | Executor: LINE (EC-004)
2026-02-16 02:11:43,770 | INFO | Authority: CEO_DIRECTIVE_LINE_DAILY_INGEST_ACTIVATION_20251212
2026-02-16 02:11:43,770 | INFO | Amendment: CEO-DIR-2026-119 (Rate Limit Mitigation)
2026-02-16 02:11:43,770 | INFO | Time: 2026-02-16T01:11:43.770109+00:00
2026-02-16 02:11:43,770 | INFO | Asset Class Filter: ALL
2026-02-16 02:11:43,770 | INFO | Batch Mode: True
2026-02-16 02:11:43,770 | INFO | Dry Run: False
2026-02-16 02:11:43,770 | INFO | ======================================================================
2026-02-16 02:11:43,957 | INFO | Found 491 VEGA-attested assets
2026-02-16 02:11:43,957 | INFO | 
============================================================
2026-02-16 02:11:43,957 | INFO | Processing CRYPTO: 46 assets
2026-02-16 02:11:43,957 | INFO | Schedule: Daily 01:00 UTC
2026-02-16 02:11:43,957 | INFO | ============================================================
2026-02-16 02:11:43,957 | INFO |   Using BATCH MODE (CEO-DIR-2026-119)
2026-02-16 02:11:43,957 | INFO | 
  Batch 1/5 (10 tickers)
2026-02-16 02:11:43,988 | INFO |     Batch download: 10 tickers
2026-02-16 02:35:36,548 | ERROR | 
10 Failed downloads:
2026-02-16 02:35:36,548 | ERROR | ['ATOM-USD']: ReadTimeout(ReadTimeoutError("HTTPSConnectionPool(host='guce.yahoo.com', port=443): Read timed out. (read timeout=30)"))
2026-02-16 02:35:36,548 | ERROR | ['BCH-USD']: ConnectionError(MaxRetryError("HTTPSConnectionPool(host='guce.yahoo.com', port=443): Max retries exceeded with url: /consent (Caused by NewConnectionError('<urllib3.connection.HTTPSConnection object at 0x000002DF6B373C80>: Failed to establish a new connection: [Errno 11001] getaddrinfo failed'))"))
2026-02-16 02:35:36,548 | ERROR | ['AXS-USD']: ConnectionError(MaxRetryError("HTTPSConnectionPool(host='guce.yahoo.com', port=443): Max retries exceeded with url: /consent (Caused by NewConnectionError('<urllib3.connection.HTTPSConnection object at 0x000002DF6B373860>: Failed to establish a new connection: [Errno 11001] getaddrinfo failed'))"))
2026-02-16 02:35:36,548 | ERROR | ['CRO-USD']: ConnectionError(MaxRetryError("HTTPSConnectionPool(host='guce.yahoo.com', port=443): Max retries exceeded with url: /consent (Caused by NewConnectionError('<urllib3.connection.HTTPSConnection object at 0x000002DF6B371790>: Failed to establish a new connection: [Errno 11001] getaddrinfo failed'))"))
2026-02-16 02:35:36,548 | ERROR | ['ADA-USD']: ConnectionError(MaxRetryError("HTTPSConnectionPool(host='guce.yahoo.com', port=443): Max retries exceeded with url: /consent (Caused by NewConnectionError('<urllib3.connection.HTTPSConnection object at 0x000002DF6B373D40>: Failed to establish a new connection: [Errno 11001] getaddrinfo failed'))"))
2026-02-16 02:35:36,548 | ERROR | ['CHZ-USD']: ConnectionError(MaxRetryError("HTTPSConnectionPool(host='guce.yahoo.com', port=443): Max retries exceeded with url: /consent (Caused by NewConnectionError('<urllib3.connection.HTTPSConnection object at 0x000002DF6B4B0530>: Failed to establish a new connection: [Errno 11001] getaddrinfo failed'))"))
2026-02-16 02:35:36,548 | ERROR | ['BTC-USD']: ConnectionError(MaxRetryError("HTTPSConnectionPool(host='guce.yahoo.com', port=443): Max retries exceeded with url: /consent (Caused by NewConnectionError('<urllib3.connection.HTTPSConnection object at 0x000002DF6B4B0650>: Failed to establish a new connection: [Errno 11001] getaddrinfo failed'))"))
2026-02-16 02:35:36,548 | ERROR | ['AVAX-USD']: ConnectionError(MaxRetryError("HTTPSConnectionPool(host='guce.yahoo.com', port=443): Max retries exceeded with url: /consent (Caused by NewConnectionError('<urllib3.connection.HTTPSConnection object at 0x000002DF6B4B09B0>: Failed to establish a new connection: [Errno 11001] getaddrinfo failed'))"))
2026-02-16 02:35:36,548 | ERROR | ['BNB-USD']: ConnectionError(MaxRetryError("HTTPSConnectionPool(host='guce.yahoo.com', port=443): Max retries exceeded with url: /consent (Caused by NewConnectionError('<urllib3.connection.HTTPSConnection object at 0x000002DF6B4B0050>: Failed to establish a new connection: [Errno 11001] getaddrinfo failed'))"))
2026-02-16 02:35:36,548 | ERROR | ['ALGO-USD']: ConnectionError(MaxRetryError("HTTPSConnectionPool(host='guce.yahoo.com', port=443): Max retries exceeded with url: /consent (Caused by NewConnectionError('<urllib3.connection.HTTPSConnection object at 0x000002DF6B4B06E0>: Failed to establish a new connection: [Errno 11001] getaddrinfo failed'))"))
2026-02-16 02:35:36,548 | INFO |   Batch complete, waiting 120s...
2026-02-16 02:51:36,667 | INFO | 
  Batch 2/5 (10 tickers)
2026-02-16 02:51:36,684 | INFO |     Batch download: 10 tickers
2026-02-16 02:51:36,809 | ERROR | 
10 Failed downloads:
2026-02-16 02:51:36,809 | ERROR | ['CRV-USD']: ConnectionError(MaxRetryError("HTTPSConnectionPool(host='guce.yahoo.com', port=443): Max retries exceeded with url: /consent (Caused by NewConnectionError('<urllib3.connection.HTTPSConnection object at 0x000002DF6B3737A0>: Failed to establish a new connection: [Errno 11001] getaddrinfo failed'))"))
2026-02-16 02:51:36,809 | ERROR | ['DOT-USD']: ConnectionError(MaxRetryError("HTTPSConnectionPool(host='guce.yahoo.com', port=443): Max retries exceeded with url: /consent (Caused by NewConnectionError('<urllib3.connection.HTTPSConnection object at 0x000002DF6B370350>: Failed to establish a new connection: [Errno 11001] getaddrinfo failed'))"))
2026-02-16 02:51:36,809 | ERROR | ['FLOW-USD']: ConnectionError(MaxRetryError("HTTPSConnectionPool(host='guce.yahoo.com', port=443): Max retries exceeded with url: /consent (Caused by NewConnectionError('<urllib3.connection.HTTPSConnection object at 0x000002DF6B4B08C0>: Failed to establish a new connection: [Errno 11001] getaddrinfo failed'))"))
2026-02-16 02:51:36,809 | ERROR | ['FIL-USD']: ConnectionError(MaxRetryError("HTTPSConnectionPool(host='guce.yahoo.com', port=443): Max retries exceeded with url: /consent (Caused by NewConnectionError('<urllib3.connection.HTTPSConnection object at 0x000002DF6B4B0470>: Failed to establish a new connection: [Errno 11001] getaddrinfo failed'))"))
2026-02-16 02:51:36,809 | ERROR | ['HBAR-USD']: ConnectionError(MaxRetryError("HTTPSConnectionPool(host='guce.yahoo.com', port=443): Max retries exceeded with url: /consent (Caused by NewConnectionError('<urllib3.connection.HTTPSConnection object at 0x000002DF6B4B0F50>: Failed to establish a new connection: [Errno 11001] getaddrinfo failed'))"))
2026-02-16 02:51:36,809 | ERROR | ['GRT-USD']: ConnectionError(MaxRetryError("HTTPSConnectionPool(host='guce.yahoo.com', port=443): Max retries exceeded with url: /consent (Caused by NewConnectionError('<urllib3.connection.HTTPSConnection object at 0x000002DF6B4B0710>: Failed to establish a new connection: [Errno 11001] getaddrinfo failed'))"))
2026-02-16 02:51:36,809 | ERROR | ['EOS-USD']: ConnectionError(MaxRetryError("HTTPSConnectionPool(host='guce.yahoo.com', port=443): Max retries exceeded with url: /consent (Caused by NewConnectionError('<urllib3.connection.HTTPSConnection object at 0x000002DF6B4B0050>: Failed to establish a new connection: [Errno 11001] getaddrinfo failed'))"))
2026-02-16 02:51:36,809 | ERROR | ['DOGE-USD']: ConnectionError(MaxRetryError("HTTPSConnectionPool(host='guce.yahoo.com', port=443): Max retries exceeded with url: /consent (Caused by NewConnectionError('<urllib3.connection.HTTPSConnection object at 0x000002DF6B4B07D0>: Failed to establish a new connection: [Errno 11001] getaddrinfo failed'))"))
2026-02-16 02:51:36,809 | ERROR | ['ETC-USD']: ConnectionError(MaxRetryError("HTTPSConnectionPool(host='guce.yahoo.com', port=443): Max retries exceeded with url: /consent (Caused by NewConnectionError('<urllib3.connection.HTTPSConnection object at 0x000002DF6B4B0440>: Failed to establish a new connection: [Errno 11001] getaddrinfo failed'))"))
2026-02-16 02:51:36,809 | ERROR | ['ETH-USD']: ConnectionError(MaxRetryError("HTTPSConnectionPool(host='guce.yahoo.com', port=443): Max retries exceeded with url: /consent (Caused by NewConnectionError('<urllib3.connection.HTTPSConnection object at 0x000002DF6B4B1280>: Failed to establish a new connection: [Errno 11001] getaddrinfo failed'))"))
2026-02-16 02:51:36,809 | INFO |   Batch complete, waiting 120s...
2026-02-16 03:01:36,727 | INFO | 
  Batch 3/5 (10 tickers)
2026-02-16 03:01:36,755 | INFO |     Batch download: 10 tickers
2026-02-16 03:10:28,341 | ERROR | 
10 Failed downloads:
2026-02-16 03:10:28,341 | ERROR | ['INJ-USD']: ConnectionError(MaxRetryError("HTTPSConnectionPool(host='guce.yahoo.com', port=443): Max retries exceeded with url: /consent (Caused by NewConnectionError('<urllib3.connection.HTTPSConnection object at 0x000002DF6A60FB60>: Failed to establish a new connection: [Errno 11001] getaddrinfo failed'))"))
2026-02-16 03:10:28,341 | ERROR | ['LTC-USD']: ConnectionError(MaxRetryError("HTTPSConnectionPool(host='guce.yahoo.com', port=443): Max retries exceeded with url: /consent (Caused by NewConnectionError('<urllib3.connection.HTTPSConnection object at 0x000002DF6B4B16D0>: Failed to establish a new connection: [Errno 11001] getaddrinfo failed'))"))
2026-02-16 03:10:28,341 | ERROR | ['MANA-USD', 'LINK-USD']: ConnectionError(ProtocolError('Connection aborted.', ConnectionAbortedError(10053, 'En etablert tilkobling ble avbrutt av programvaren på vertsmaskinen', None, 10053, None)))
2026-02-16 03:10:28,341 | ERROR | ['ICP-USD']: ConnectionError(MaxRetryError("HTTPSConnectionPool(host='guce.yahoo.com', port=443): Max retries exceeded with url: /consent (Caused by NewConnectionError('<urllib3.connection.HTTPSConnection object at 0x000002DF6B4B1640>: Failed to establish a new connection: [Errno 11001] getaddrinfo failed'))"))
2026-02-16 03:10:28,341 | ERROR | ['OKB-USD']: ConnectionError(MaxRetryError("HTTPSConnectionPool(host='guce.yahoo.com', port=443): Max retries exceeded with url: /consent (Caused by NewConnectionError('<urllib3.connection.HTTPSConnection object at 0x000002DF6B4B0E90>: Failed to establish a new connection: [Errno 11001] getaddrinfo failed'))"))
2026-02-16 03:10:28,341 | ERROR | ['MKR-USD']: ConnectionError(MaxRetryError("HTTPSConnectionPool(host='guce.yahoo.com', port=443): Max retries exceeded with url: /consent (Caused by NewConnectionError('<urllib3.connection.HTTPSConnection object at 0x000002DF6B4B1940>: Failed to establish a new connection: [Errno 11001] getaddrinfo failed'))"))
2026-02-16 03:10:28,341 | ERROR | ['NEAR-USD']: ConnectionError(MaxRetryError("HTTPSConnectionPool(host='guce.yahoo.com', port=443): Max retries exceeded with url: /consent (Caused by NewConnectionError('<urllib3.connection.HTTPSConnection object at 0x000002DF6B4B0710>: Failed to establish a new connection: [Errno 11001] getaddrinfo failed'))"))
2026-02-16 03:10:28,341 | ERROR | ['LDO-USD']: ConnectionError(MaxRetryError("HTTPSConnectionPool(host='guce.yahoo.com', port=443): Max retries exceeded with url: /consent (Caused by NewConnectionError('<urllib3.connection.HTTPSConnection object at 0x000002DF6B4B1CA0>: Failed to establish a new connection: [Errno 11001] getaddrinfo failed'))"))
2026-02-16 03:10:28,341 | ERROR | ['QNT-USD']: ConnectionError(MaxRetryError("HTTPSConnectionPool(host='guce.yahoo.com', port=443): Max retries exceeded with url: /consent (Caused by NewConnectionError('<urllib3.connection.HTTPSConnection object at 0x000002DF6B4B1A60>: Failed to establish a new connection: [Errno 11001] getaddrinfo failed'))"))
2026-02-16 03:10:28,357 | INFO |   Batch complete, waiting 120s...
2026-02-16 03:14:03,576 | INFO | 
  Batch 4/5 (10 tickers)
2026-02-16 03:14:03,639 | INFO |     Batch download: 10 tickers
2026-02-16 03:26:06,288 | ERROR | 
10 Failed downloads:
2026-02-16 03:26:06,288 | ERROR | ['VET-USD']: ReadTimeout(ReadTimeoutError("HTTPSConnectionPool(host='www.yahoo.com', port=443): Read timed out. (read timeout=30)"))
2026-02-16 03:26:06,288 | ERROR | ['SHIB-USD']: ConnectionError(MaxRetryError("HTTPSConnectionPool(host='guce.yahoo.com', port=443): Max retries exceeded with url: /consent (Caused by NewConnectionError('<urllib3.connection.HTTPSConnection object at 0x000002DF6B4B1010>: Failed to establish a new connection: [Errno 11001] getaddrinfo failed'))"))
2026-02-16 03:26:06,288 | ERROR | ['THETA-USD']: ConnectionError(MaxRetryError("HTTPSConnectionPool(host='guce.yahoo.com', port=443): Max retries exceeded with url: /consent (Caused by NewConnectionError('<urllib3.connection.HTTPSConnection object at 0x000002DF6B4B0FB0>: Failed to establish a new connection: [Errno 11001] getaddrinfo failed'))"))
2026-02-16 03:26:06,288 | ERROR | ['SOL-USD']: ConnectionError(MaxRetryError("HTTPSConnectionPool(host='guce.yahoo.com', port=443): Max retries exceeded with url: /consent (Caused by NewConnectionError('<urllib3.connection.HTTPSConnection object at 0x000002DF6B4B2090>: Failed to establish a new connection: [Errno 11001] getaddrinfo failed'))"))
2026-02-16 03:26:06,288 | ERROR | ['UNI-USD']: ConnectionError(MaxRetryError("HTTPSConnectionPool(host='guce.yahoo.com', port=443): Max retries exceeded with url: /consent (Caused by NewConnectionError('<urllib3.connection.HTTPSConnection object at 0x000002DF6B4B0E30>: Failed to establish a new connection: [Errno 11001] getaddrinfo failed'))"))
2026-02-16 03:26:06,304 | ERROR | ['RPL-USD']: ConnectionError(MaxRetryError("HTTPSConnectionPool(host='guce.yahoo.com', port=443): Max retries exceeded with url: /consent (Caused by NewConnectionError('<urllib3.connection.HTTPSConnection object at 0x000002DF6B4B2B70>: Failed to establish a new connection: [Errno 11001] getaddrinfo failed'))"))
2026-02-16 03:26:06,304 | ERROR | ['TRX-USD']: ConnectionError(MaxRetryError("HTTPSConnectionPool(host='guce.yahoo.com', port=443): Max retries exceeded with url: /consent (Caused by NewConnectionError('<urllib3.connection.HTTPSConnection object at 0x000002DF6B4B2AE0>: Failed to establish a new connection: [Errno 11001] getaddrinfo failed'))"))
2026-02-16 03:26:06,304 | ERROR | ['SAND-USD']: ConnectionError(MaxRetryError("HTTPSConnectionPool(host='guce.yahoo.com', port=443): Max retries exceeded with url: /consent (Caused by NewConnectionError('<urllib3.connection.HTTPSConnection object at 0x000002DF6B4B28D0>: Failed to establish a new connection: [Errno 11001] getaddrinfo failed'))"))
2026-02-16 03:26:06,304 | ERROR | ['SNX-USD']: ConnectionError(ProtocolError('Connection aborted.', ConnectionAbortedError(10053, 'En etablert tilkobling ble avbrutt av programvaren på vertsmaskinen', None, 10053, None)))
2026-02-16 03:26:06,304 | ERROR | ['RUNE-USD']: ConnectionError(MaxRetryError("HTTPSConnectionPool(host='guce.yahoo.com', port=443): Max retries exceeded with url: /consent (Caused by NewConnectionError('<urllib3.connection.HTTPSConnection object at 0x000002DF6B4B3080>: Failed to establish a new connection: [Errno 11001] getaddrinfo failed'))"))
2026-02-16 03:26:06,304 | INFO |   Batch complete, waiting 120s...
2026-02-16 03:41:41,480 | INFO | 
  Batch 5/5 (6 tickers)
2026-02-16 03:41:41,512 | INFO |     Batch download: 6 tickers
2026-02-16 03:42:09,780 | ERROR | 
6 Failed downloads:
2026-02-16 03:42:09,780 | ERROR | ['XTZ-USD']: ConnectionError(MaxRetryError("HTTPSConnectionPool(host='guce.yahoo.com', port=443): Max retries exceeded with url: /consent (Caused by NewConnectionError('<urllib3.connection.HTTPSConnection object at 0x000002DF6B4B3290>: Failed to establish a new connection: [Errno 11001] getaddrinfo failed'))"))
2026-02-16 03:42:09,780 | ERROR | ['AAVE-USD']: ConnectionError(MaxRetryError("HTTPSConnectionPool(host='guce.yahoo.com', port=443): Max retries exceeded with url: /consent (Caused by NewConnectionError('<urllib3.connection.HTTPSConnection object at 0x000002DF6B4B1D60>: Failed to establish a new connection: [Errno 11001] getaddrinfo failed'))"))
2026-02-16 03:42:09,780 | ERROR | ['ZEC-USD']: ConnectionError(MaxRetryError("HTTPSConnectionPool(host='guce.yahoo.com', port=443): Max retries exceeded with url: /consent (Caused by NewConnectionError('<urllib3.connection.HTTPSConnection object at 0x000002DF6B4B0E30>: Failed to establish a new connection: [Errno 11001] getaddrinfo failed'))"))
2026-02-16 03:42:09,780 | ERROR | ['XRP-USD']: ConnectionError(MaxRetryError("HTTPSConnectionPool(host='guce.yahoo.com', port=443): Max retries exceeded with url: /consent (Caused by NewConnectionError('<urllib3.connection.HTTPSConnection object at 0x000002DF6B4B1FA0>: Failed to establish a new connection: [Errno 11001] getaddrinfo failed'))"))
2026-02-16 03:42:09,780 | ERROR | ['XLM-USD']: ConnectionError(ProtocolError('Connection aborted.', RemoteDisconnected('Remote end closed connection without response')))
2026-02-16 03:42:09,780 | ERROR | ['XMR-USD']: YFRateLimitError('Too Many Requests. Rate limited. Try after a while.')
2026-02-16 03:42:09,795 | INFO | 
============================================================
2026-02-16 03:42:09,795 | INFO | Processing EQUITY: 421 assets
2026-02-16 03:42:09,795 | INFO | Schedule: Weekdays 22:00 UTC
2026-02-16 03:42:09,795 | INFO | ============================================================
2026-02-16 03:42:09,795 | INFO |   Using BATCH MODE (CEO-DIR-2026-119)
2026-02-16 03:42:09,795 | INFO | 
  Batch 1/43 (10 tickers)
2026-02-16 03:42:12,569 | INFO |     Batch download: 10 tickers
2026-02-16 03:46:47,083 | ERROR | 
10 Failed downloads:
2026-02-16 03:46:47,083 | ERROR | ['ADS.DE']: SSLError(MaxRetryError("HTTPSConnectionPool(host='query2.finance.yahoo.com', port=443): Max retries exceeded with url: /v8/finance/chart/ADS.DE?period1=1766530800&period2=1771282800&interval=1d&includePrePost=False&events=div%2Csplits%2CcapitalGains&crumb=Too+Many+Requests%0D%0A (Caused by SSLError(SSLEOFError(8, 'EOF occurred in violation of protocol (_ssl.c:2406)')))"))
2026-02-16 03:46:47,083 | ERROR | ['1COV.DE']: ConnectionError(MaxRetryError("HTTPSConnectionPool(host='query2.finance.yahoo.com', port=443): Max retries exceeded with url: /v8/finance/chart/1COV.DE?period1=1766530800&period2=1771282800&interval=1d&includePrePost=False&events=div%2Csplits%2CcapitalGains&crumb=Too+Many+Requests%0D%0A (Caused by NewConnectionError('<urllib3.connection.HTTPSConnection object at 0x000002DF6B4B25D0>: Failed to establish a new connection: [Errno 11001] getaddrinfo failed'))"))
2026-02-16 03:46:47,083 | ERROR | ['ADBE']: ConnectionError(MaxRetryError("HTTPSConnectionPool(host='query2.finance.yahoo.com', port=443): Max retries exceeded with url: /v8/finance/chart/ADBE?period1=1766552400&period2=1771304400&interval=1d&includePrePost=False&events=div%2Csplits%2CcapitalGains&crumb=Too+Many+Requests%0D%0A (Caused by NewConnectionError('<urllib3.connection.HTTPSConnection object at 0x000002DF6D4CEA50>: Failed to establish a new connection: [Errno 11001] getaddrinfo failed'))"))
2026-02-16 03:46:47,083 | ERROR | ['ABT']: ConnectionError(MaxRetryError("HTTPSConnectionPool(host='query2.finance.yahoo.com', port=443): Max retries exceeded with url: /v8/finance/chart/ABT?period1=1766552400&period2=1771304400&interval=1d&includePrePost=False&events=div%2Csplits%2CcapitalGains&crumb=Too+Many+Requests%0D%0A (Caused by NewConnectionError('<urllib3.connection.HTTPSConnection object at 0x000002DF6D4CECF0>: Failed to establish a new connection: [Errno 11001] getaddrinfo failed'))"))
2026-02-16 03:46:47,083 | ERROR | ['ABNB']: ConnectionError(MaxRetryError("HTTPSConnectionPool(host='query2.finance.yahoo.com', port=443): Max retries exceeded with url: /v8/finance/chart/ABNB?period1=1766552400&period2=1771304400&interval=1d&includePrePost=False&events=div%2Csplits%2CcapitalGains&crumb=Too+Many+Requests%0D%0A (Caused by NewConnectionError('<urllib3.connection.HTTPSConnection object at 0x000002DF6D4CEFC0>: Failed to establish a new connection: [Errno 11001] getaddrinfo failed'))"))
2026-02-16 03:46:47,083 | ERROR | ['ADI']: ConnectionError(MaxRetryError("HTTPSConnectionPool(host='query2.finance.yahoo.com', port=443): Max retries exceeded with url: /v8/finance/chart/ADI?period1=1766552400&period2=1771304400&interval=1d&includePrePost=False&events=div%2Csplits%2CcapitalGains&crumb=Too+Many+Requests%0D%0A (Caused by NewConnectionError('<urllib3.connection.HTTPSConnection object at 0x000002DF6D4CEAB0>: Failed to establish a new connection: [Errno 11001] getaddrinfo failed'))"))
2026-02-16 03:46:47,083 | ERROR | ['ABBV']: ConnectionError(MaxRetryError("HTTPSConnectionPool(host='query2.finance.yahoo.com', port=443): Max retries exceeded with url: /v8/finance/chart/ABBV?period1=1766552400&period2=1771304400&interval=1d&includePrePost=False&events=div%2Csplits%2CcapitalGains&crumb=Too+Many+Requests%0D%0A (Caused by NewConnectionError('<urllib3.connection.HTTPSConnection object at 0x000002DF6D4CEF90>: Failed to establish a new connection: [Errno 11001] getaddrinfo failed'))"))
2026-02-16 03:46:47,083 | ERROR | ['AEP']: ConnectionError(MaxRetryError("HTTPSConnectionPool(host='query2.finance.yahoo.com', port=443): Max retries exceeded with url: /v8/finance/chart/AEP?period1=1766552400&period2=1771304400&interval=1d&includePrePost=False&events=div%2Csplits%2CcapitalGains&crumb=Too+Many+Requests%0D%0A (Caused by NewConnectionError('<urllib3.connection.HTTPSConnection object at 0x000002DF6D4CEFF0>: Failed to establish a new connection: [Errno 11001] getaddrinfo failed'))"))
2026-02-16 03:46:47,083 | ERROR | ['ACA.PA']: ConnectionError(MaxRetryError("HTTPSConnectionPool(host='query2.finance.yahoo.com', port=443): Max retries exceeded with url: /v8/finance/chart/ACA.PA?period1=1766530800&period2=1771282800&interval=1d&includePrePost=False&events=div%2Csplits%2CcapitalGains&crumb=Too+Many+Requests%0D%0A (Caused by NewConnectionError('<urllib3.connection.HTTPSConnection object at 0x000002DF6D4D8530>: Failed to establish a new connection: [Errno 11001] getaddrinfo failed'))"))
2026-02-16 03:46:47,083 | ERROR | ['ADSK']: ConnectionError(ProtocolError('Connection aborted.', ConnectionResetError(10054, 'En eksisterende tilkobling ble tvangslukket av den eksterne verten', None, 10054, None)))
2026-02-16 03:46:47,083 | INFO |   Batch complete, waiting 120s...
2026-02-16 03:52:37,147 | INFO | 
  Batch 2/43 (10 tickers)
2026-02-16 03:52:37,178 | INFO |     Batch download: 10 tickers
2026-02-16 03:53:37,162 | ERROR | 
10 Failed downloads:
2026-02-16 03:53:37,162 | ERROR | ['AKVA.OL']: ConnectionError(MaxRetryError("HTTPSConnectionPool(host='query2.finance.yahoo.com', port=443): Max retries exceeded with url: /v8/finance/chart/AKVA.OL?period1=1771023600&period2=1771282800&interval=1d&includePrePost=False&events=div%2Csplits%2CcapitalGains&crumb=Too+Many+Requests%0D%0A (Caused by NewConnectionError('<urllib3.connection.HTTPSConnection object at 0x000002DF6D4D88C0>: Failed to establish a new connection: [Errno 11001] getaddrinfo failed'))"))
2026-02-16 03:53:37,162 | ERROR | ['AIR.DE']: ConnectionError(MaxRetryError("HTTPSConnectionPool(host='query2.finance.yahoo.com', port=443): Max retries exceeded with url: /v8/finance/chart/AIR.DE?period1=1771023600&period2=1771282800&interval=1d&includePrePost=False&events=div%2Csplits%2CcapitalGains&crumb=Too+Many+Requests%0D%0A (Caused by NewConnectionError('<urllib3.connection.HTTPSConnection object at 0x000002DF6D4D9130>: Failed to establish a new connection: [Errno 11001] getaddrinfo failed'))"))
2026-02-16 03:53:37,162 | ERROR | ['AIG']: ConnectionError(MaxRetryError("HTTPSConnectionPool(host='query2.finance.yahoo.com', port=443): Max retries exceeded with url: /v8/finance/chart/AIG?period1=1771045200&period2=1771304400&interval=1d&includePrePost=False&events=div%2Csplits%2CcapitalGains&crumb=Too+Many+Requests%0D%0A (Caused by NewConnectionError('<urllib3.connection.HTTPSConnection object at 0x000002DF6D4D8260>: Failed to establish a new connection: [Errno 11001] getaddrinfo failed'))"))
2026-02-16 03:53:37,162 | ERROR | ['AIR.PA']: ConnectionError(MaxRetryError("HTTPSConnectionPool(host='query2.finance.yahoo.com', port=443): Max retries exceeded with url: /v8/finance/chart/AIR.PA?period1=1771023600&period2=1771282800&interval=1d&includePrePost=False&events=div%2Csplits%2CcapitalGains&crumb=Too+Many+Requests%0D%0A (Caused by NewConnectionError('<urllib3.connection.HTTPSConnection object at 0x000002DF6D4D9340>: Failed to establish a new connection: [Errno 11001] getaddrinfo failed'))"))
2026-02-16 03:53:37,162 | ERROR | ['AKAM']: ReadTimeout(ReadTimeoutError("HTTPSConnectionPool(host='guce.yahoo.com', port=443): Read timed out. (read timeout=30)"))
2026-02-16 03:53:37,162 | ERROR | ['AKSO.OL']: ConnectionError(MaxRetryError("HTTPSConnectionPool(host='guce.yahoo.com', port=443): Max retries exceeded with url: /consent (Caused by NewConnectionError('<urllib3.connection.HTTPSConnection object at 0x000002DF6D4D9E20>: Failed to establish a new connection: [Errno 11001] getaddrinfo failed'))"))
2026-02-16 03:53:37,162 | ERROR | ['AFL']: ConnectionError(MaxRetryError("HTTPSConnectionPool(host='guce.yahoo.com', port=443): Max retries exceeded with url: /consent (Caused by NewConnectionError('<urllib3.connection.HTTPSConnection object at 0x000002DF6D4D8C80>: Failed to establish a new connection: [Errno 11001] getaddrinfo failed'))"))
2026-02-16 03:53:37,162 | ERROR | ['AKER.OL']: ConnectionError(MaxRetryError("HTTPSConnectionPool(host='guce.yahoo.com', port=443): Max retries exceeded with url: /consent (Caused by NewConnectionError('<urllib3.connection.HTTPSConnection object at 0x000002DF6D4D8D10>: Failed to establish a new connection: [Errno 11001] getaddrinfo failed'))"))
2026-02-16 03:53:37,162 | ERROR | ['AKRBP.OL']: ConnectionError(MaxRetryError("HTTPSConnectionPool(host='guce.yahoo.com', port=443): Max retries exceeded with url: /consent (Caused by NewConnectionError('<urllib3.connection.HTTPSConnection object at 0x000002DF6D4D8560>: Failed to establish a new connection: [Errno 11001] getaddrinfo failed'))"))
2026-02-16 03:53:37,162 | ERROR | ['AI.PA']: ConnectionError(MaxRetryError("HTTPSConnectionPool(host='guce.yahoo.com', port=443): Max retries exceeded with url: /consent (Caused by NewConnectionError('<urllib3.connection.HTTPSConnection object at 0x000002DF6D4D8740>: Failed to establish a new connection: [Errno 11001] getaddrinfo failed'))"))
2026-02-16 03:53:37,178 | INFO |   Batch complete, waiting 120s...
2026-02-16 04:01:37,157 | INFO | 
  Batch 3/43 (10 tickers)
2026-02-16 04:01:37,165 | INFO |     Batch download: 10 tickers
2026-02-16 04:02:20,985 | ERROR | 
10 Failed downloads:
2026-02-16 04:02:20,985 | ERROR | ['ALL']: ConnectionError(MaxRetryError("HTTPSConnectionPool(host='guce.yahoo.com', port=443): Max retries exceeded with url: /consent (Caused by NewConnectionError('<urllib3.connection.HTTPSConnection object at 0x000002DF6D4D8770>: Failed to establish a new connection: [Errno 11001] getaddrinfo failed'))"))
2026-02-16 04:02:20,985 | ERROR | ['ALO.PA']: ConnectionError(MaxRetryError("HTTPSConnectionPool(host='guce.yahoo.com', port=443): Max retries exceeded with url: /consent (Caused by NewConnectionError('<urllib3.connection.HTTPSConnection object at 0x000002DF6D4D9400>: Failed to establish a new connection: [Errno 11001] getaddrinfo failed'))"))
2026-02-16 04:02:20,985 | ERROR | ['AON']: ConnectionError(MaxRetryError("HTTPSConnectionPool(host='guce.yahoo.com', port=443): Max retries exceeded with url: /consent (Caused by NewConnectionError('<urllib3.connection.HTTPSConnection object at 0x000002DF6D4DA3F0>: Failed to establish a new connection: [Errno 11001] getaddrinfo failed'))"))
2026-02-16 04:02:20,985 | ERROR | ['ALB']: ConnectionError(MaxRetryError("HTTPSConnectionPool(host='guce.yahoo.com', port=443): Max retries exceeded with url: /consent (Caused by NewConnectionError('<urllib3.connection.HTTPSConnection object at 0x000002DF6D4DA3C0>: Failed to establish a new connection: [Errno 11001] getaddrinfo failed'))"))
2026-02-16 04:02:20,985 | ERROR | ['AMAT']: ConnectionError(ProtocolError('Connection aborted.', RemoteDisconnected('Remote end closed connection without response')))
2026-02-16 04:02:20,985 | ERROR | ['AMT']: ConnectionError(ProtocolError('Connection aborted.', ConnectionAbortedError(10053, 'En etablert tilkobling ble avbrutt av programvaren på vertsmaskinen', None, 10053, None)))
2026-02-16 04:02:20,985 | ERROR | ['AMD']: SSLError(MaxRetryError("HTTPSConnectionPool(host='guce.yahoo.com', port=443): Max retries exceeded with url: /consent (Caused by SSLError(SSLEOFError(8, 'EOF occurred in violation of protocol (_ssl.c:2406)')))"))
2026-02-16 04:02:20,985 | ERROR | ['AMGN']: ConnectionError(MaxRetryError("HTTPSConnectionPool(host='guce.yahoo.com', port=443): Max retries exceeded with url: /consent (Caused by NewConnectionError('<urllib3.connection.HTTPSConnection object at 0x000002DF6D4DBB60>: Failed to establish a new connection: [WinError 10051] Det ble forsøkt en kontaktoperasjon til et nettverk som ikke kunne nås'))"))
2026-02-16 04:02:20,985 | ERROR | ['ALV.DE']: ConnectionError(MaxRetryError("HTTPSConnectionPool(host='guce.yahoo.com', port=443): Max retries exceeded with url: /consent (Caused by NewConnectionError('<urllib3.connection.HTTPSConnection object at 0x000002DF6D4DBF20>: Failed to establish a new connection: [WinError 10051] Det ble forsøkt en kontaktoperasjon til et nettverk som ikke kunne nås'))"))
2026-02-16 04:02:20,985 | ERROR | ['AMZN']: ConnectionError(MaxRetryError("HTTPSConnectionPool(host='guce.yahoo.com', port=443): Max retries exceeded with url: /consent (Caused by NewConnectionError('<urllib3.connection.HTTPSConnection object at 0x000002DF6D4DA870>: Failed to establish a new connection: [WinError 10051] Det ble forsøkt en kontaktoperasjon til et nettverk som ikke kunne nås'))"))
2026-02-16 04:02:20,985 | INFO |   Batch complete, waiting 120s...
2026-02-16 04:12:02,024 | INFO | 
  Batch 4/43 (10 tickers)
2026-02-16 04:12:02,050 | INFO |     Batch download: 10 tickers
2026-02-16 04:15:37,280 | ERROR | 
10 Failed downloads:
2026-02-16 04:15:37,280 | ERROR | ['AUTO.OL']: ConnectionError(MaxRetryError("HTTPSConnectionPool(host='guce.yahoo.com', port=443): Max retries exceeded with url: /consent (Caused by NewConnectionError('<urllib3.connection.HTTPSConnection object at 0x000002DF6D4DBE00>: Failed to establish a new connection: [Errno 11001] getaddrinfo failed'))"))
2026-02-16 04:15:37,280 | ERROR | ['AVGO']: ConnectionError(MaxRetryError("HTTPSConnectionPool(host='guce.yahoo.com', port=443): Max retries exceeded with url: /consent (Caused by NewConnectionError('<urllib3.connection.HTTPSConnection object at 0x000002DF6D4DA630>: Failed to establish a new connection: [Errno 11001] getaddrinfo failed'))"))
2026-02-16 04:15:37,280 | ERROR | ['ASML']: ConnectionError(MaxRetryError("HTTPSConnectionPool(host='guce.yahoo.com', port=443): Max retries exceeded with url: /consent (Caused by NewConnectionError('<urllib3.connection.HTTPSConnection object at 0x000002DF6D4D9460>: Failed to establish a new connection: [Errno 11001] getaddrinfo failed'))"))
2026-02-16 04:15:37,280 | ERROR | ['AUSS.OL']: ConnectionError(MaxRetryError("HTTPSConnectionPool(host='guce.yahoo.com', port=443): Max retries exceeded with url: /consent (Caused by NewConnectionError('<urllib3.connection.HTTPSConnection object at 0x000002DF6D4D89E0>: Failed to establish a new connection: [Errno 11001] getaddrinfo failed'))"))
2026-02-16 04:15:37,280 | ERROR | ['AXP']: ConnectionError(MaxRetryError("HTTPSConnectionPool(host='guce.yahoo.com', port=443): Max retries exceeded with url: /consent (Caused by NewConnectionError('<urllib3.connection.HTTPSConnection object at 0x000002DF6D4DB6B0>: Failed to establish a new connection: [Errno 11001] getaddrinfo failed'))"))
2026-02-16 04:15:37,280 | ERROR | ['AWK']: ConnectionError(MaxRetryError("HTTPSConnectionPool(host='guce.yahoo.com', port=443): Max retries exceeded with url: /consent (Caused by NewConnectionError('<urllib3.connection.HTTPSConnection object at 0x000002DF6D4DB740>: Failed to establish a new connection: [Errno 11001] getaddrinfo failed'))"))
2026-02-16 04:15:37,280 | ERROR | ['AV.L']: ConnectionError(MaxRetryError("HTTPSConnectionPool(host='guce.yahoo.com', port=443): Max retries exceeded with url: /consent (Caused by NewConnectionError('<urllib3.connection.HTTPSConnection object at 0x000002DF6D508CE0>: Failed to establish a new connection: [Errno 11001] getaddrinfo failed'))"))
2026-02-16 04:15:37,280 | ERROR | ['APD']: ConnectionError(MaxRetryError("HTTPSConnectionPool(host='guce.yahoo.com', port=443): Max retries exceeded with url: /consent (Caused by NewConnectionError('<urllib3.connection.HTTPSConnection object at 0x000002DF6D4D8DD0>: Failed to establish a new connection: [Errno 11001] getaddrinfo failed'))"))
2026-02-16 04:15:37,280 | ERROR | ['AVB']: ConnectionError(MaxRetryError("HTTPSConnectionPool(host='guce.yahoo.com', port=443): Max retries exceeded with url: /consent (Caused by NewConnectionError('<urllib3.connection.HTTPSConnection object at 0x000002DF6D4D8E90>: Failed to establish a new connection: [Errno 11001] getaddrinfo failed'))"))
2026-02-16 04:15:37,280 | ERROR | ['ATO.PA']: ConnectionError(MaxRetryError("HTTPSConnectionPool(host='guce.yahoo.com', port=443): Max retries exceeded with url: /consent (Caused by NewConnectionError('<urllib3.connection.HTTPSConnection object at 0x000002DF6D4D8FB0>: Failed to establish a new connection: [Errno 11001] getaddrinfo failed'))"))
2026-02-16 04:15:37,280 | INFO |   Batch complete, waiting 120s...
2026-02-16 04:21:37,294 | INFO | 
  Batch 5/43 (10 tickers)
2026-02-16 04:21:37,308 | INFO |     Batch download: 10 tickers
2026-02-16 04:33:37,464 | ERROR | 
10 Failed downloads:
2026-02-16 04:33:37,464 | ERROR | ['BATS.L']: ConnectionError(MaxRetryError("HTTPSConnectionPool(host='guce.yahoo.com', port=443): Max retries exceeded with url: /consent (Caused by NewConnectionError('<urllib3.connection.HTTPSConnection object at 0x000002DF6D4DAA20>: Failed to establish a new connection: [Errno 11001] getaddrinfo failed'))"))
2026-02-16 04:33:37,464 | ERROR | ['BAKKA.OL']: ConnectionError(MaxRetryError("HTTPSConnectionPool(host='guce.yahoo.com', port=443): Max retries exceeded with url: /consent (Caused by NewConnectionError('<urllib3.connection.HTTPSConnection object at 0x000002DF6D4DA660>: Failed to establish a new connection: [Errno 11001] getaddrinfo failed'))"))
2026-02-16 04:33:37,464 | ERROR | ['BAC']: ConnectionError(MaxRetryError("HTTPSConnectionPool(host='guce.yahoo.com', port=443): Max retries exceeded with url: /consent (Caused by NewConnectionError('<urllib3.connection.HTTPSConnection object at 0x000002DF6D4D8170>: Failed to establish a new connection: [Errno 11001] getaddrinfo failed'))"))
2026-02-16 04:33:37,464 | ERROR | ['BARC.L']: ConnectionError(MaxRetryError("HTTPSConnectionPool(host='guce.yahoo.com', port=443): Max retries exceeded with url: /consent (Caused by NewConnectionError('<urllib3.connection.HTTPSConnection object at 0x000002DF6D4DB650>: Failed to establish a new connection: [Errno 11001] getaddrinfo failed'))"))
2026-02-16 04:33:37,464 | ERROR | ['AZO', 'BA']: ConnectionError(ProtocolError('Connection aborted.', ConnectionAbortedError(10053, 'En etablert tilkobling ble avbrutt av programvaren på vertsmaskinen', None, 10053, None)))
2026-02-16 04:33:37,464 | ERROR | ['BAYN.DE']: ConnectionError(MaxRetryError("HTTPSConnectionPool(host='guce.yahoo.com', port=443): Max retries exceeded with url: /consent (Caused by NewConnectionError('<urllib3.connection.HTTPSConnection object at 0x000002DF6D4DBE30>: Failed to establish a new connection: [Errno 11001] getaddrinfo failed'))"))
2026-02-16 04:33:37,464 | ERROR | ['BA.L']: ConnectionError(MaxRetryError("HTTPSConnectionPool(host='guce.yahoo.com', port=443): Max retries exceeded with url: /consent (Caused by NewConnectionError('<urllib3.connection.HTTPSConnection object at 0x000002DF6D4DAC60>: Failed to establish a new connection: [Errno 11001] getaddrinfo failed'))"))
2026-02-16 04:33:37,464 | ERROR | ['BAS.DE']: ConnectionError(MaxRetryError("HTTPSConnectionPool(host='guce.yahoo.com', port=443): Max retries exceeded with url: /consent (Caused by NewConnectionError('<urllib3.connection.HTTPSConnection object at 0x000002DF6D4DB2F0>: Failed to establish a new connection: [Errno 11001] getaddrinfo failed'))"))
2026-02-16 04:33:37,464 | ERROR | ['AZN.L']: ConnectionError(MaxRetryError("HTTPSConnectionPool(host='guce.yahoo.com', port=443): Max retries exceeded with url: /consent (Caused by NewConnectionError('<urllib3.connection.HTTPSConnection object at 0x000002DF6D4CE750>: Failed to establish a new connection: [Errno 11001] getaddrinfo failed'))"))
2026-02-16 04:33:37,464 | INFO |   Batch complete, waiting 120s...
2026-02-16 04:41:37,442 | INFO | 
  Batch 6/43 (10 tickers)
2026-02-16 04:41:37,467 | INFO |     Batch download: 10 tickers
2026-02-16 04:53:37,507 | ERROR | 
10 Failed downloads:
2026-02-16 04:53:37,507 | ERROR | ['BKR']: ConnectionError(MaxRetryError("HTTPSConnectionPool(host='guce.yahoo.com', port=443): Max retries exceeded with url: /consent (Caused by NewConnectionError('<urllib3.connection.HTTPSConnection object at 0x000002DF6D4D8C80>: Failed to establish a new connection: [Errno 11001] getaddrinfo failed'))"))
2026-02-16 04:53:37,507 | ERROR | ['BEWI.OL', 'BMW.DE', 'BKNG', 'BHP.L', 'BNP.PA']: ConnectionError(ProtocolError('Connection aborted.', RemoteDisconnected('Remote end closed connection without response')))
2026-02-16 04:53:37,508 | ERROR | ['BMY']: ConnectionError(ReadTimeoutError("HTTPSConnectionPool(host='www.yahoo.com', port=443): Read timed out."))
2026-02-16 04:53:37,508 | ERROR | ['BEI.DE', 'BN.PA']: ConnectionError(ProtocolError('Connection aborted.', ConnectionResetError(10054, 'En eksisterende tilkobling ble tvangslukket av den eksterne verten', None, 10054, None)))
2026-02-16 04:53:37,508 | ERROR | ['BLK']: ReadTimeout(ReadTimeoutError("HTTPSConnectionPool(host='www.yahoo.com', port=443): Read timed out. (read timeout=30)"))
2026-02-16 04:53:37,524 | INFO |   Batch complete, waiting 120s...
2026-02-16 05:12:34,389 | INFO | 
  Batch 7/43 (10 tickers)
2026-02-16 05:12:34,426 | INFO |     Batch download: 10 tickers
2026-02-16 05:12:34,436 | ERROR | Failed to get ticker 'BRK.B' reason: HTTPSConnectionPool(host='guce.yahoo.com', port=443): Max retries exceeded with url: /consent (Caused by NewConnectionError('<urllib3.connection.HTTPSConnection object at 0x000002DF6D4DABA0>: Failed to establish a new connection: [Errno 11001] getaddrinfo failed'))
2026-02-16 05:12:34,468 | ERROR | Failed to get ticker 'BT.A.L' reason: HTTPSConnectionPool(host='guce.yahoo.com', port=443): Max retries exceeded with url: /consent (Caused by NewConnectionError('<urllib3.connection.HTTPSConnection object at 0x000002DF6BCC1640>: Failed to establish a new connection: [Errno 11001] getaddrinfo failed'))
2026-02-16 05:12:34,499 | ERROR | 
10 Failed downloads:
2026-02-16 05:12:34,499 | ERROR | ['BSX']: SSLError(MaxRetryError("HTTPSConnectionPool(host='guce.yahoo.com', port=443): Max retries exceeded with url: /consent (Caused by SSLError(SSLEOFError(8, 'EOF occurred in violation of protocol (_ssl.c:2406)')))"))
2026-02-16 05:12:34,499 | ERROR | ['BRK.B']: ConnectionError(MaxRetryError("HTTPSConnectionPool(host='guce.yahoo.com', port=443): Max retries exceeded with url: /consent (Caused by NewConnectionError('<urllib3.connection.HTTPSConnection object at 0x000002DF6D4DA960>: Failed to establish a new connection: [Errno 11001] getaddrinfo failed'))"))
2026-02-16 05:12:34,499 | ERROR | ['CAP.PA']: ConnectionError(MaxRetryError("HTTPSConnectionPool(host='guce.yahoo.com', port=443): Max retries exceeded with url: /consent (Caused by NewConnectionError('<urllib3.connection.HTTPSConnection object at 0x000002DF6D4CC9E0>: Failed to establish a new connection: [Errno 11001] getaddrinfo failed'))"))
2026-02-16 05:12:34,499 | ERROR | ['BWO.OL']: ConnectionError(MaxRetryError("HTTPSConnectionPool(host='guce.yahoo.com', port=443): Max retries exceeded with url: /consent (Caused by NewConnectionError('<urllib3.connection.HTTPSConnection object at 0x000002DF6D4D83B0>: Failed to establish a new connection: [Errno 11001] getaddrinfo failed'))"))
2026-02-16 05:12:34,499 | ERROR | ['C']: ConnectionError(MaxRetryError("HTTPSConnectionPool(host='guce.yahoo.com', port=443): Max retries exceeded with url: /consent (Caused by NewConnectionError('<urllib3.connection.HTTPSConnection object at 0x000002DF6D4D8AA0>: Failed to establish a new connection: [Errno 11001] getaddrinfo failed'))"))
2026-02-16 05:12:34,499 | ERROR | ['BNR.DE']: ConnectionError(MaxRetryError("HTTPSConnectionPool(host='guce.yahoo.com', port=443): Max retries exceeded with url: /consent (Caused by NewConnectionError('<urllib3.connection.HTTPSConnection object at 0x000002DF6D4D9100>: Failed to establish a new connection: [Errno 11001] getaddrinfo failed'))"))
2026-02-16 05:12:34,499 | ERROR | ['CAG']: ConnectionError(MaxRetryError("HTTPSConnectionPool(host='guce.yahoo.com', port=443): Max retries exceeded with url: /consent (Caused by NewConnectionError('<urllib3.connection.HTTPSConnection object at 0x000002DF6BD1FEC0>: Failed to establish a new connection: [Errno 11001] getaddrinfo failed'))"))
2026-02-16 05:12:34,499 | ERROR | ['BT.A.L']: ConnectionError(MaxRetryError("HTTPSConnectionPool(host='guce.yahoo.com', port=443): Max retries exceeded with url: /consent (Caused by NewConnectionError('<urllib3.connection.HTTPSConnection object at 0x000002DF6BCC0B30>: Failed to establish a new connection: [Errno 11001] getaddrinfo failed'))"))
2026-02-16 05:12:34,499 | ERROR | ['BP.L']: ConnectionError(MaxRetryError("HTTPSConnectionPool(host='guce.yahoo.com', port=443): Max retries exceeded with url: /consent (Caused by NewConnectionError('<urllib3.connection.HTTPSConnection object at 0x000002DF6BCC0F20>: Failed to establish a new connection: [Errno 11001] getaddrinfo failed'))"))
2026-02-16 05:12:34,499 | ERROR | ['CARR']: ConnectionError(MaxRetryError("HTTPSConnectionPool(host='guce.yahoo.com', port=443): Max retries exceeded with url: /consent (Caused by NewConnectionError('<urllib3.connection.HTTPSConnection object at 0x000002DF6BCC1370>: Failed to establish a new connection: [Errno 11001] getaddrinfo failed'))"))
2026-02-16 05:12:34,499 | INFO |   Batch complete, waiting 120s...
2026-02-16 05:21:37,729 | INFO | 
  Batch 8/43 (10 tickers)
2026-02-16 05:21:37,752 | INFO |     Batch download: 10 tickers
2026-02-16 05:31:37,846 | ERROR | 
10 Failed downloads:
2026-02-16 05:31:37,846 | ERROR | ['CI']: ConnectionError(MaxRetryError("HTTPSConnectionPool(host='guce.yahoo.com', port=443): Max retries exceeded with url: /consent (Caused by NewConnectionError('<urllib3.connection.HTTPSConnection object at 0x000002DF6D4CC920>: Failed to establish a new connection: [Errno 11001] getaddrinfo failed'))"))
2026-02-16 05:31:37,846 | ERROR | ['CL', 'CHTR']: ConnectionError(ProtocolError('Connection aborted.', ConnectionResetError(10054, 'En eksisterende tilkobling ble tvangslukket av den eksterne verten', None, 10054, None)))
2026-02-16 05:31:37,846 | ERROR | ['CHD']: SSLError(MaxRetryError("HTTPSConnectionPool(host='query1.finance.yahoo.com', port=443): Max retries exceeded with url: /v1/test/getcrumb (Caused by SSLError(SSLEOFError(8, 'EOF occurred in violation of protocol (_ssl.c:2406)')))"))
2026-02-16 05:31:37,846 | ERROR | ['CAT']: ConnectionError(MaxRetryError("HTTPSConnectionPool(host='query1.finance.yahoo.com', port=443): Max retries exceeded with url: /v1/test/getcrumb (Caused by NewConnectionError('<urllib3.connection.HTTPSConnection object at 0x000002DF6D4D9370>: Failed to establish a new connection: [Errno 11001] getaddrinfo failed'))"))
2026-02-16 05:31:37,846 | ERROR | ['CCI']: ConnectionError(MaxRetryError("HTTPSConnectionPool(host='query1.finance.yahoo.com', port=443): Max retries exceeded with url: /v1/test/getcrumb (Caused by NewConnectionError('<urllib3.connection.HTTPSConnection object at 0x000002DF6D4D88C0>: Failed to establish a new connection: [Errno 11001] getaddrinfo failed'))"))
2026-02-16 05:31:37,846 | ERROR | ['CDNS']: ConnectionError(MaxRetryError("HTTPSConnectionPool(host='query1.finance.yahoo.com', port=443): Max retries exceeded with url: /v1/test/getcrumb (Caused by NewConnectionError('<urllib3.connection.HTTPSConnection object at 0x000002DF6BCC0140>: Failed to establish a new connection: [Errno 11001] getaddrinfo failed'))"))
2026-02-16 05:31:37,846 | ERROR | ['CB']: ConnectionError(MaxRetryError("HTTPSConnectionPool(host='query1.finance.yahoo.com', port=443): Max retries exceeded with url: /v1/test/getcrumb (Caused by NewConnectionError('<urllib3.connection.HTTPSConnection object at 0x000002DF6BCC0230>: Failed to establish a new connection: [Errno 11001] getaddrinfo failed'))"))
2026-02-16 05:31:37,846 | ERROR | ['CF']: ConnectionError(MaxRetryError("HTTPSConnectionPool(host='query1.finance.yahoo.com', port=443): Max retries exceeded with url: /v1/test/getcrumb (Caused by NewConnectionError('<urllib3.connection.HTTPSConnection object at 0x000002DF6D3023F0>: Failed to establish a new connection: [Errno 11001] getaddrinfo failed'))"))
2026-02-16 05:31:37,846 | ERROR | ['CBK.DE']: ConnectionError(MaxRetryError("HTTPSConnectionPool(host='query1.finance.yahoo.com', port=443): Max retries exceeded with url: /v1/test/getcrumb (Caused by NewConnectionError('<urllib3.connection.HTTPSConnection object at 0x000002DF6D302630>: Failed to establish a new connection: [Errno 11001] getaddrinfo failed'))"))
2026-02-16 05:31:37,856 | INFO |   Batch complete, waiting 120s...
2026-02-16 05:49:37,916 | INFO | 
  Batch 9/43 (10 tickers)
2026-02-16 05:49:37,946 | INFO |     Batch download: 10 tickers
2026-02-16 05:52:22,248 | ERROR | 
10 Failed downloads:
2026-02-16 05:52:22,248 | ERROR | ['CLX']: ConnectionError(MaxRetryError("HTTPSConnectionPool(host='query1.finance.yahoo.com', port=443): Max retries exceeded with url: /v1/test/getcrumb (Caused by NewConnectionError('<urllib3.connection.HTTPSConnection object at 0x000002DF6D4DB500>: Failed to establish a new connection: [Errno 11001] getaddrinfo failed'))"))
2026-02-16 05:52:22,248 | ERROR | ['CMG']: ConnectionError(MaxRetryError("HTTPSConnectionPool(host='query1.finance.yahoo.com', port=443): Max retries exceeded with url: /v1/test/getcrumb (Caused by NewConnectionError('<urllib3.connection.HTTPSConnection object at 0x000002DF6BAA73B0>: Failed to establish a new connection: [Errno 11001] getaddrinfo failed'))"))
2026-02-16 05:52:22,248 | ERROR | ['COP']: ConnectionError(MaxRetryError("HTTPSConnectionPool(host='query1.finance.yahoo.com', port=443): Max retries exceeded with url: /v1/test/getcrumb (Caused by NewConnectionError('<urllib3.connection.HTTPSConnection object at 0x000002DF6BD1EDE0>: Failed to establish a new connection: [Errno 11001] getaddrinfo failed'))"))
2026-02-16 05:52:22,248 | ERROR | ['COST', 'COIN']: ConnectionError(ProtocolError('Connection aborted.', RemoteDisconnected('Remote end closed connection without response')))
2026-02-16 05:52:22,248 | ERROR | ['COF']: ConnectionError(MaxRetryError("HTTPSConnectionPool(host='guce.yahoo.com', port=443): Max retries exceeded with url: /consent (Caused by NewConnectionError('<urllib3.connection.HTTPSConnection object at 0x000002DF6D3341A0>: Failed to establish a new connection: [Errno 11001] getaddrinfo failed'))"))
2026-02-16 05:52:22,248 | ERROR | ['CON.DE']: ConnectionError(MaxRetryError("HTTPSConnectionPool(host='guce.yahoo.com', port=443): Max retries exceeded with url: /consent (Caused by NewConnectionError('<urllib3.connection.HTTPSConnection object at 0x000002DF6D302DE0>: Failed to establish a new connection: [Errno 11001] getaddrinfo failed'))"))
2026-02-16 05:52:22,248 | ERROR | ['CME']: ConnectionError(MaxRetryError("HTTPSConnectionPool(host='guce.yahoo.com', port=443): Max retries exceeded with url: /consent (Caused by NewConnectionError('<urllib3.connection.HTTPSConnection object at 0x000002DF6D303440>: Failed to establish a new connection: [Errno 11001] getaddrinfo failed'))"))
2026-02-16 05:52:22,248 | ERROR | ['CMCSA']: ConnectionError(MaxRetryError("HTTPSConnectionPool(host='guce.yahoo.com', port=443): Max retries exceeded with url: /consent (Caused by NewConnectionError('<urllib3.connection.HTTPSConnection object at 0x000002DF6D302420>: Failed to establish a new connection: [Errno 11001] getaddrinfo failed'))"))
2026-02-16 05:52:22,248 | ERROR | ['CPG.L']: ConnectionError(MaxRetryError("HTTPSConnectionPool(host='guce.yahoo.com', port=443): Max retries exceeded with url: /consent (Caused by NewConnectionError('<urllib3.connection.HTTPSConnection object at 0x000002DF6D3039B0>: Failed to establish a new connection: [Errno 11001] getaddrinfo failed'))"))
2026-02-16 05:52:22,248 | INFO |   Batch complete, waiting 120s...
2026-02-16 06:05:38,030 | INFO | 
  Batch 10/43 (10 tickers)
2026-02-16 06:05:38,064 | INFO |     Batch download: 10 tickers
2026-02-16 06:12:15,299 | ERROR | 
10 Failed downloads:
2026-02-16 06:12:15,299 | ERROR | ['CTAS']: ConnectionError(MaxRetryError("HTTPSConnectionPool(host='guce.yahoo.com', port=443): Max retries exceeded with url: /consent (Caused by NewConnectionError('<urllib3.connection.HTTPSConnection object at 0x000002DF6D303500>: Failed to establish a new connection: [Errno 11001] getaddrinfo failed'))"))
2026-02-16 06:12:15,299 | ERROR | ['CVS']: ConnectionError(MaxRetryError("HTTPSConnectionPool(host='guce.yahoo.com', port=443): Max retries exceeded with url: /consent (Caused by NewConnectionError('<urllib3.connection.HTTPSConnection object at 0x000002DF6D302C30>: Failed to establish a new connection: [Errno 11001] getaddrinfo failed'))"))
2026-02-16 06:12:15,299 | ERROR | ['CVX']: ConnectionError(MaxRetryError("HTTPSConnectionPool(host='guce.yahoo.com', port=443): Max retries exceeded with url: /consent (Caused by NewConnectionError('<urllib3.connection.HTTPSConnection object at 0x000002DF6D302B10>: Failed to establish a new connection: [Errno 11001] getaddrinfo failed'))"))
2026-02-16 06:12:15,299 | ERROR | ['D']: ReadTimeout(ReadTimeoutError("HTTPSConnectionPool(host='guce.yahoo.com', port=443): Read timed out. (read timeout=30)"))
2026-02-16 06:12:15,299 | ERROR | ['CTVA']: ConnectionError(MaxRetryError("HTTPSConnectionPool(host='guce.yahoo.com', port=443): Max retries exceeded with url: /consent (Caused by NewConnectionError('<urllib3.connection.HTTPSConnection object at 0x000002DF6BCC0410>: Failed to establish a new connection: [Errno 11001] getaddrinfo failed'))"))
2026-02-16 06:12:15,299 | ERROR | ['CRM']: ConnectionError(MaxRetryError("HTTPSConnectionPool(host='guce.yahoo.com', port=443): Max retries exceeded with url: /consent (Caused by NewConnectionError('<urllib3.connection.HTTPSConnection object at 0x000002DF6BCC0290>: Failed to establish a new connection: [Errno 11001] getaddrinfo failed'))"))
2026-02-16 06:12:15,299 | ERROR | ['CS.PA']: ConnectionError(MaxRetryError("HTTPSConnectionPool(host='guce.yahoo.com', port=443): Max retries exceeded with url: /consent (Caused by NewConnectionError('<urllib3.connection.HTTPSConnection object at 0x000002DF6B370680>: Failed to establish a new connection: [Errno 11001] getaddrinfo failed'))"))
2026-02-16 06:12:15,299 | ERROR | ['CSX']: ConnectionError(MaxRetryError("HTTPSConnectionPool(host='guce.yahoo.com', port=443): Max retries exceeded with url: /consent (Caused by NewConnectionError('<urllib3.connection.HTTPSConnection object at 0x000002DF6BCC0F50>: Failed to establish a new connection: [Errno 11001] getaddrinfo failed'))"))
2026-02-16 06:12:15,299 | ERROR | ['CRWD']: ConnectionError(MaxRetryError("HTTPSConnectionPool(host='guce.yahoo.com', port=443): Max retries exceeded with url: /consent (Caused by NewConnectionError('<urllib3.connection.HTTPSConnection object at 0x000002DF6D4D8F50>: Failed to establish a new connection: [Errno 11001] getaddrinfo failed'))"))
2026-02-16 06:12:15,299 | ERROR | ['DAL']: ConnectionError(MaxRetryError("HTTPSConnectionPool(host='guce.yahoo.com', port=443): Max retries exceeded with url: /consent (Caused by NewConnectionError('<urllib3.connection.HTTPSConnection object at 0x000002DF6BCC06B0>: Failed to establish a new connection: [Errno 11001] getaddrinfo failed'))"))
2026-02-16 06:12:15,299 | INFO |   Batch complete, waiting 120s...
2026-02-16 06:22:43,072 | INFO | 
  Batch 11/43 (10 tickers)
2026-02-16 06:22:43,111 | INFO |     Batch download: 10 tickers
2026-02-16 06:22:46,181 | ERROR | 
10 Failed downloads:
2026-02-16 06:22:46,181 | ERROR | ['DECK']: ConnectionError(MaxRetryError("HTTPSConnectionPool(host='guce.yahoo.com', port=443): Max retries exceeded with url: /consent (Caused by NewConnectionError('<urllib3.connection.HTTPSConnection object at 0x000002DF6D302240>: Failed to establish a new connection: [Errno 11001] getaddrinfo failed'))"))
2026-02-16 06:22:46,181 | ERROR | ['DDOG']: ConnectionError(MaxRetryError("HTTPSConnectionPool(host='guce.yahoo.com', port=443): Max retries exceeded with url: /consent (Caused by NewConnectionError('<urllib3.connection.HTTPSConnection object at 0x000002DF6D303020>: Failed to establish a new connection: [Errno 11001] getaddrinfo failed'))"))
2026-02-16 06:22:46,196 | ERROR | ['DBK.DE']: ConnectionError(MaxRetryError("HTTPSConnectionPool(host='guce.yahoo.com', port=443): Max retries exceeded with url: /consent (Caused by NewConnectionError('<urllib3.connection.HTTPSConnection object at 0x000002DF6D303680>: Failed to establish a new connection: [Errno 11001] getaddrinfo failed'))"))
2026-02-16 06:22:46,196 | ERROR | ['DG.PA']: ConnectionError(MaxRetryError("HTTPSConnectionPool(host='guce.yahoo.com', port=443): Max retries exceeded with url: /consent (Caused by NewConnectionError('<urllib3.connection.HTTPSConnection object at 0x000002DF6BCC1010>: Failed to establish a new connection: [Errno 11001] getaddrinfo failed'))"))
2026-02-16 06:22:46,196 | ERROR | ['DHL.DE']: ConnectionError(MaxRetryError("HTTPSConnectionPool(host='guce.yahoo.com', port=443): Max retries exceeded with url: /consent (Caused by NewConnectionError('<urllib3.connection.HTTPSConnection object at 0x000002DF6BCC1640>: Failed to establish a new connection: [Errno 11001] getaddrinfo failed'))"))
2026-02-16 06:22:46,196 | ERROR | ['DE']: ConnectionError(MaxRetryError("HTTPSConnectionPool(host='guce.yahoo.com', port=443): Max retries exceeded with url: /consent (Caused by NewConnectionError('<urllib3.connection.HTTPSConnection object at 0x000002DF6BCC0200>: Failed to establish a new connection: [Errno 11001] getaddrinfo failed'))"))
2026-02-16 06:22:46,196 | ERROR | ['DGE.L']: ConnectionError(MaxRetryError("HTTPSConnectionPool(host='guce.yahoo.com', port=443): Max retries exceeded with url: /consent (Caused by NewConnectionError('<urllib3.connection.HTTPSConnection object at 0x000002DF6B7F70E0>: Failed to establish a new connection: [Errno 11001] getaddrinfo failed'))"))
2026-02-16 06:22:46,196 | ERROR | ['DHER.DE']: ConnectionError(MaxRetryError("HTTPSConnectionPool(host='guce.yahoo.com', port=443): Max retries exceeded with url: /consent (Caused by NewConnectionError('<urllib3.connection.HTTPSConnection object at 0x000002DF6B7F4EC0>: Failed to establish a new connection: [Errno 11001] getaddrinfo failed'))"))
2026-02-16 06:22:46,196 | ERROR | ['DD', 'DHI']: ConnectionError(ProtocolError('Connection aborted.', RemoteDisconnected('Remote end closed connection without response')))
2026-02-16 06:22:46,196 | INFO |   Batch complete, waiting 120s...
2026-02-16 06:32:08,658 | INFO | 
  Batch 12/43 (10 tickers)
2026-02-16 06:32:08,674 | INFO |     Batch download: 10 tickers
2026-02-16 06:32:08,720 | ERROR | 
10 Failed downloads:
2026-02-16 06:32:08,736 | ERROR | ['DOW']: ConnectionError(MaxRetryError("HTTPSConnectionPool(host='query1.finance.yahoo.com', port=443): Max retries exceeded with url: /v1/test/getcrumb (Caused by NewConnectionError('<urllib3.connection.HTTPSConnection object at 0x000002DF6D4CC470>: Failed to establish a new connection: [Errno 11001] getaddrinfo failed'))"))
2026-02-16 06:32:08,736 | ERROR | ['DIA']: ConnectionError(MaxRetryError("HTTPSConnectionPool(host='query1.finance.yahoo.com', port=443): Max retries exceeded with url: /v1/test/getcrumb (Caused by NewConnectionError('<urllib3.connection.HTTPSConnection object at 0x000002DF6D4D8950>: Failed to establish a new connection: [Errno 11001] getaddrinfo failed'))"))
2026-02-16 06:32:08,736 | ERROR | ['DSY.PA']: ConnectionError(MaxRetryError("HTTPSConnectionPool(host='query1.finance.yahoo.com', port=443): Max retries exceeded with url: /v1/test/getcrumb (Caused by NewConnectionError('<urllib3.connection.HTTPSConnection object at 0x000002DF6D4CC9E0>: Failed to establish a new connection: [Errno 11001] getaddrinfo failed'))"))
2026-02-16 06:32:08,736 | ERROR | ['DLR']: ConnectionError(MaxRetryError("HTTPSConnectionPool(host='query1.finance.yahoo.com', port=443): Max retries exceeded with url: /v1/test/getcrumb (Caused by NewConnectionError('<urllib3.connection.HTTPSConnection object at 0x000002DF6D302990>: Failed to establish a new connection: [Errno 11001] getaddrinfo failed'))"))
2026-02-16 06:32:08,736 | ERROR | ['DOCU']: ConnectionError(MaxRetryError("HTTPSConnectionPool(host='query1.finance.yahoo.com', port=443): Max retries exceeded with url: /v1/test/getcrumb (Caused by NewConnectionError('<urllib3.connection.HTTPSConnection object at 0x000002DF6D303AA0>: Failed to establish a new connection: [Errno 11001] getaddrinfo failed'))"))
2026-02-16 06:32:08,736 | ERROR | ['DPZ']: ConnectionError(MaxRetryError("HTTPSConnectionPool(host='query1.finance.yahoo.com', port=443): Max retries exceeded with url: /v1/test/getcrumb (Caused by NewConnectionError('<urllib3.connection.HTTPSConnection object at 0x000002DF6D303AD0>: Failed to establish a new connection: [Errno 11001] getaddrinfo failed'))"))
2026-02-16 06:32:08,736 | ERROR | ['DNB.OL']: ConnectionError(MaxRetryError("HTTPSConnectionPool(host='query1.finance.yahoo.com', port=443): Max retries exceeded with url: /v1/test/getcrumb (Caused by NewConnectionError('<urllib3.connection.HTTPSConnection object at 0x000002DF6D3039E0>: Failed to establish a new connection: [Errno 11001] getaddrinfo failed'))"))
2026-02-16 06:32:08,736 | ERROR | ['DHR']: ConnectionError(MaxRetryError("HTTPSConnectionPool(host='query1.finance.yahoo.com', port=443): Max retries exceeded with url: /v1/test/getcrumb (Caused by NewConnectionError('<urllib3.connection.HTTPSConnection object at 0x000002DF6D3035F0>: Failed to establish a new connection: [Errno 11001] getaddrinfo failed'))"))
2026-02-16 06:32:08,736 | ERROR | ['DTE.DE']: ConnectionError(MaxRetryError("HTTPSConnectionPool(host='query1.finance.yahoo.com', port=443): Max retries exceeded with url: /v1/test/getcrumb (Caused by NewConnectionError('<urllib3.connection.HTTPSConnection object at 0x000002DF6D8989B0>: Failed to establish a new connection: [Errno 11001] getaddrinfo failed'))"))
2026-02-16 06:32:08,736 | ERROR | ['DIS']: ConnectionError(MaxRetryError("HTTPSConnectionPool(host='query1.finance.yahoo.com', port=443): Max retries exceeded with url: /v1/test/getcrumb (Caused by NewConnectionError('<urllib3.connection.HTTPSConnection object at 0x000002DF6D898B00>: Failed to establish a new connection: [Errno 11001] getaddrinfo failed'))"))
2026-02-16 06:32:08,736 | INFO |   Batch complete, waiting 120s...
2026-02-16 06:50:30,938 | INFO | 
  Batch 13/43 (10 tickers)
2026-02-16 06:50:30,974 | INFO |     Batch download: 10 tickers
2026-02-16 06:51:29,685 | ERROR | 
10 Failed downloads:
2026-02-16 06:51:29,685 | ERROR | ['EA']: ConnectionError(MaxRetryError("HTTPSConnectionPool(host='query1.finance.yahoo.com', port=443): Max retries exceeded with url: /v1/test/getcrumb (Caused by NewConnectionError('<urllib3.connection.HTTPSConnection object at 0x000002DF6D4CC620>: Failed to establish a new connection: [Errno 11001] getaddrinfo failed'))"))
2026-02-16 06:51:29,685 | ERROR | ['EBAY']: ConnectionError(MaxRetryError("HTTPSConnectionPool(host='query1.finance.yahoo.com', port=443): Max retries exceeded with url: /v1/test/getcrumb (Caused by NewConnectionError('<urllib3.connection.HTTPSConnection object at 0x000002DF6D3028D0>: Failed to establish a new connection: [Errno 11001] getaddrinfo failed'))"))
2026-02-16 06:51:29,685 | ERROR | ['EL.PA']: SSLError(MaxRetryError("HTTPSConnectionPool(host='query2.finance.yahoo.com', port=443): Max retries exceeded with url: /v8/finance/chart/EL.PA?period1=1771023600&period2=1771282800&interval=1d&includePrePost=False&events=div%2Csplits%2CcapitalGains&crumb=Too+Many+Requests%0D%0A (Caused by SSLError(SSLEOFError(8, 'EOF occurred in violation of protocol (_ssl.c:2406)')))"))
2026-02-16 06:51:29,685 | ERROR | ['DUK']: ConnectionError(MaxRetryError("HTTPSConnectionPool(host='query2.finance.yahoo.com', port=443): Max retries exceeded with url: /v8/finance/chart/DUK?period1=1771045200&period2=1771304400&interval=1d&includePrePost=False&events=div%2Csplits%2CcapitalGains&crumb=Too+Many+Requests%0D%0A (Caused by NewConnectionError('<urllib3.connection.HTTPSConnection object at 0x000002DF6D4CC770>: Failed to establish a new connection: [Errno 11001] getaddrinfo failed'))"))
2026-02-16 06:51:29,685 | ERROR | ['DXCM']: ConnectionError(MaxRetryError("HTTPSConnectionPool(host='query2.finance.yahoo.com', port=443): Max retries exceeded with url: /v8/finance/chart/DXCM?period1=1771045200&period2=1771304400&interval=1d&includePrePost=False&events=div%2Csplits%2CcapitalGains&crumb=Too+Many+Requests%0D%0A (Caused by NewConnectionError('<urllib3.connection.HTTPSConnection object at 0x000002DF6D302CC0>: Failed to establish a new connection: [Errno 11001] getaddrinfo failed'))"))
2026-02-16 06:51:29,685 | ERROR | ['ED']: ConnectionError(MaxRetryError("HTTPSConnectionPool(host='query2.finance.yahoo.com', port=443): Max retries exceeded with url: /v8/finance/chart/ED?period1=1771045200&period2=1771304400&interval=1d&includePrePost=False&events=div%2Csplits%2CcapitalGains&crumb=Too+Many+Requests%0D%0A (Caused by NewConnectionError('<urllib3.connection.HTTPSConnection object at 0x000002DF6D303A10>: Failed to establish a new connection: [Errno 11001] getaddrinfo failed'))"))
2026-02-16 06:51:29,685 | ERROR | ['EIX']: ConnectionError(MaxRetryError("HTTPSConnectionPool(host='query2.finance.yahoo.com', port=443): Max retries exceeded with url: /v8/finance/chart/EIX?period1=1771045200&period2=1771304400&interval=1d&includePrePost=False&events=div%2Csplits%2CcapitalGains&crumb=Too+Many+Requests%0D%0A (Caused by NewConnectionError('<urllib3.connection.HTTPSConnection object at 0x000002DF6D303170>: Failed to establish a new connection: [Errno 11001] getaddrinfo failed'))"))
2026-02-16 06:51:29,685 | ERROR | ['ECL']: ConnectionError(MaxRetryError("HTTPSConnectionPool(host='query2.finance.yahoo.com', port=443): Max retries exceeded with url: /v8/finance/chart/ECL?period1=1771045200&period2=1771304400&interval=1d&includePrePost=False&events=div%2Csplits%2CcapitalGains&crumb=Too+Many+Requests%0D%0A (Caused by NewConnectionError('<urllib3.connection.HTTPSConnection object at 0x000002DF6D3033E0>: Failed to establish a new connection: [Errno 11001] getaddrinfo failed'))"))
2026-02-16 06:51:29,685 | ERROR | ['DVN']: ConnectionError(MaxRetryError("HTTPSConnectionPool(host='query2.finance.yahoo.com', port=443): Max retries exceeded with url: /v8/finance/chart/DVN?period1=1771045200&period2=1771304400&interval=1d&includePrePost=False&events=div%2Csplits%2CcapitalGains&crumb=Too+Many+Requests%0D%0A (Caused by NewConnectionError('<urllib3.connection.HTTPSConnection object at 0x000002DF6D302990>: Failed to establish a new connection: [Errno 11001] getaddrinfo failed'))"))
2026-02-16 06:51:29,695 | ERROR | ['EL']: ConnectionError(MaxRetryError("HTTPSConnectionPool(host='query2.finance.yahoo.com', port=443): Max retries exceeded with url: /v8/finance/chart/EL?period1=1771045200&period2=1771304400&interval=1d&includePrePost=False&events=div%2Csplits%2CcapitalGains&crumb=Too+Many+Requests%0D%0A (Caused by NewConnectionError('<urllib3.connection.HTTPSConnection object at 0x000002DF6D302CF0>: Failed to establish a new connection: [Errno 11001] getaddrinfo failed'))"))
2026-02-16 06:51:29,695 | INFO |   Batch complete, waiting 120s...
2026-02-16 06:53:38,388 | INFO | 
  Batch 14/43 (10 tickers)
2026-02-16 06:53:38,408 | INFO |     Batch download: 10 tickers
2026-02-16 06:53:38,519 | ERROR | 
10 Failed downloads:
2026-02-16 06:53:38,519 | ERROR | ['ENGI.PA']: ConnectionError(MaxRetryError("HTTPSConnectionPool(host='query2.finance.yahoo.com', port=443): Max retries exceeded with url: /v8/finance/chart/ENGI.PA?period1=1771023600&period2=1771282800&interval=1d&includePrePost=False&events=div%2Csplits%2CcapitalGains&crumb=Too+Many+Requests%0D%0A (Caused by NewConnectionError('<urllib3.connection.HTTPSConnection object at 0x000002DF6D303800>: Failed to establish a new connection: [Errno 11001] getaddrinfo failed'))"))
2026-02-16 06:53:38,519 | ERROR | ['ELV']: ConnectionError(MaxRetryError("HTTPSConnectionPool(host='query2.finance.yahoo.com', port=443): Max retries exceeded with url: /v8/finance/chart/ELV?period1=1771045200&period2=1771304400&interval=1d&includePrePost=False&events=div%2Csplits%2CcapitalGains&crumb=Too+Many+Requests%0D%0A (Caused by NewConnectionError('<urllib3.connection.HTTPSConnection object at 0x000002DF6D302DB0>: Failed to establish a new connection: [Errno 11001] getaddrinfo failed'))"))
2026-02-16 06:53:38,519 | ERROR | ['EOAN.DE']: ConnectionError(MaxRetryError("HTTPSConnectionPool(host='query2.finance.yahoo.com', port=443): Max retries exceeded with url: /v8/finance/chart/EOAN.DE?period1=1771023600&period2=1771282800&interval=1d&includePrePost=False&events=div%2Csplits%2CcapitalGains&crumb=Too+Many+Requests%0D%0A (Caused by NewConnectionError('<urllib3.connection.HTTPSConnection object at 0x000002DF6D303260>: Failed to establish a new connection: [Errno 11001] getaddrinfo failed'))"))
2026-02-16 06:53:38,519 | ERROR | ['ELMRA.OL']: ConnectionError(MaxRetryError("HTTPSConnectionPool(host='query2.finance.yahoo.com', port=443): Max retries exceeded with url: /v8/finance/chart/ELMRA.OL?period1=1771023600&period2=1771282800&interval=1d&includePrePost=False&events=div%2Csplits%2CcapitalGains&crumb=Too+Many+Requests%0D%0A (Caused by NewConnectionError('<urllib3.connection.HTTPSConnection object at 0x000002DF6D302F00>: Failed to establish a new connection: [Errno 11001] getaddrinfo failed'))"))
2026-02-16 06:53:38,519 | ERROR | ['EMR']: ConnectionError(MaxRetryError("HTTPSConnectionPool(host='query2.finance.yahoo.com', port=443): Max retries exceeded with url: /v8/finance/chart/EMR?period1=1771045200&period2=1771304400&interval=1d&includePrePost=False&events=div%2Csplits%2CcapitalGains&crumb=Too+Many+Requests%0D%0A (Caused by NewConnectionError('<urllib3.connection.HTTPSConnection object at 0x000002DF6D3029C0>: Failed to establish a new connection: [Errno 11001] getaddrinfo failed'))"))
2026-02-16 06:53:38,519 | ERROR | ['ENTRA.OL']: ConnectionError(MaxRetryError("HTTPSConnectionPool(host='query2.finance.yahoo.com', port=443): Max retries exceeded with url: /v8/finance/chart/ENTRA.OL?period1=1771023600&period2=1771282800&interval=1d&includePrePost=False&events=div%2Csplits%2CcapitalGains&crumb=Too+Many+Requests%0D%0A (Caused by NewConnectionError('<urllib3.connection.HTTPSConnection object at 0x000002DF6D303740>: Failed to establish a new connection: [Errno 11001] getaddrinfo failed'))"))
2026-02-16 06:53:38,519 | ERROR | ['EOG']: ConnectionError(MaxRetryError("HTTPSConnectionPool(host='query2.finance.yahoo.com', port=443): Max retries exceeded with url: /v8/finance/chart/EOG?period1=1771045200&period2=1771304400&interval=1d&includePrePost=False&events=div%2Csplits%2CcapitalGains&crumb=Too+Many+Requests%0D%0A (Caused by NewConnectionError('<urllib3.connection.HTTPSConnection object at 0x000002DF6D4CCE90>: Failed to establish a new connection: [Errno 11001] getaddrinfo failed'))"))
2026-02-16 06:53:38,519 | ERROR | ['EN.PA']: ConnectionError(MaxRetryError("HTTPSConnectionPool(host='query2.finance.yahoo.com', port=443): Max retries exceeded with url: /v8/finance/chart/EN.PA?period1=1771023600&period2=1771282800&interval=1d&includePrePost=False&events=div%2Csplits%2CcapitalGains&crumb=Too+Many+Requests%0D%0A (Caused by NewConnectionError('<urllib3.connection.HTTPSConnection object at 0x000002DF6D3038C0>: Failed to establish a new connection: [Errno 11001] getaddrinfo failed'))"))
2026-02-16 06:53:38,519 | ERROR | ['EQIX']: ConnectionError(MaxRetryError("HTTPSConnectionPool(host='query2.finance.yahoo.com', port=443): Max retries exceeded with url: /v8/finance/chart/EQIX?period1=1771045200&period2=1771304400&interval=1d&includePrePost=False&events=div%2Csplits%2CcapitalGains&crumb=Too+Many+Requests%0D%0A (Caused by NewConnectionError('<urllib3.connection.HTTPSConnection object at 0x000002DF6BCC08C0>: Failed to establish a new connection: [Errno 11001] getaddrinfo failed'))"))
2026-02-16 06:53:38,519 | ERROR | ['ENR.DE']: ConnectionError(MaxRetryError("HTTPSConnectionPool(host='query2.finance.yahoo.com', port=443): Max retries exceeded with url: /v8/finance/chart/ENR.DE?period1=1771023600&period2=1771282800&interval=1d&includePrePost=False&events=div%2Csplits%2CcapitalGains&crumb=Too+Many+Requests%0D%0A (Caused by NewConnectionError('<urllib3.connection.HTTPSConnection object at 0x000002DF6BCC1190>: Failed to establish a new connection: [Errno 11001] getaddrinfo failed'))"))
2026-02-16 06:53:38,534 | INFO |   Batch complete, waiting 120s...
2026-02-16 07:19:38,565 | INFO | 
  Batch 15/43 (10 tickers)
2026-02-16 07:19:38,581 | INFO |     Batch download: 10 tickers
2026-02-16 07:22:43,259 | ERROR | 
10 Failed downloads:
2026-02-16 07:22:43,259 | ERROR | ['EQR']: ConnectionError(MaxRetryError("HTTPSConnectionPool(host='query2.finance.yahoo.com', port=443): Max retries exceeded with url: /v8/finance/chart/EQR?period1=1771045200&period2=1771304400&interval=1d&includePrePost=False&events=div%2Csplits%2CcapitalGains&crumb=Too+Many+Requests%0D%0A (Caused by NewConnectionError('<urllib3.connection.HTTPSConnection object at 0x000002DF6D302B10>: Failed to establish a new connection: [Errno 11001] getaddrinfo failed'))"))
2026-02-16 07:22:43,259 | ERROR | ['EXC']: ConnectionError(MaxRetryError("HTTPSConnectionPool(host='query2.finance.yahoo.com', port=443): Max retries exceeded with url: /v8/finance/chart/EXC?period1=1771045200&period2=1771304400&interval=1d&includePrePost=False&events=div%2Csplits%2CcapitalGains&crumb=Too+Many+Requests%0D%0A (Caused by NewConnectionError('<urllib3.connection.HTTPSConnection object at 0x000002DF6D302330>: Failed to establish a new connection: [Errno 11001] getaddrinfo failed'))"))
2026-02-16 07:22:43,259 | ERROR | ['EW']: ConnectionError(MaxRetryError("HTTPSConnectionPool(host='query2.finance.yahoo.com', port=443): Max retries exceeded with url: /v8/finance/chart/EW?period1=1771045200&period2=1771304400&interval=1d&includePrePost=False&events=div%2Csplits%2CcapitalGains&crumb=Too+Many+Requests%0D%0A (Caused by NewConnectionError('<urllib3.connection.HTTPSConnection object at 0x000002DF6D3027E0>: Failed to establish a new connection: [Errno 11001] getaddrinfo failed'))"))
2026-02-16 07:22:43,259 | ERROR | ['F']: ConnectionError(MaxRetryError("HTTPSConnectionPool(host='query2.finance.yahoo.com', port=443): Max retries exceeded with url: /v8/finance/chart/F?period1=1771045200&period2=1771304400&interval=1d&includePrePost=False&events=div%2Csplits%2CcapitalGains&crumb=Too+Many+Requests%0D%0A (Caused by NewConnectionError('<urllib3.connection.HTTPSConnection object at 0x000002DF6D4D9100>: Failed to establish a new connection: [Errno 11001] getaddrinfo failed'))"))
2026-02-16 07:22:43,259 | ERROR | ['ERF.PA']: ConnectionError(MaxRetryError("HTTPSConnectionPool(host='query2.finance.yahoo.com', port=443): Max retries exceeded with url: /v8/finance/chart/ERF.PA?period1=1771023600&period2=1771282800&interval=1d&includePrePost=False&events=div%2Csplits%2CcapitalGains&crumb=Too+Many+Requests%0D%0A (Caused by NewConnectionError('<urllib3.connection.HTTPSConnection object at 0x000002DF6D4CC320>: Failed to establish a new connection: [Errno 11001] getaddrinfo failed'))"))
2026-02-16 07:22:43,259 | ERROR | ['ES']: ConnectionError(MaxRetryError("HTTPSConnectionPool(host='query2.finance.yahoo.com', port=443): Max retries exceeded with url: /v8/finance/chart/ES?period1=1771045200&period2=1771304400&interval=1d&includePrePost=False&events=div%2Csplits%2CcapitalGains&crumb=Too+Many+Requests%0D%0A (Caused by NewConnectionError('<urllib3.connection.HTTPSConnection object at 0x000002DF6D4D8860>: Failed to establish a new connection: [Errno 11001] getaddrinfo failed'))"))
2026-02-16 07:22:43,259 | ERROR | ['ETN']: ConnectionError(ProtocolError('Connection aborted.', ConnectionAbortedError(10053, 'En etablert tilkobling ble avbrutt av programvaren på vertsmaskinen', None, 10053, None)))
2026-02-16 07:22:43,259 | ERROR | ['FANG']: ConnectionError(MaxRetryError("HTTPSConnectionPool(host='query2.finance.yahoo.com', port=443): Max retries exceeded with url: /v8/finance/chart/FANG?period1=1771045200&period2=1771304400&interval=1d&includePrePost=False&events=div%2Csplits%2CcapitalGains&crumb=Too+Many+Requests%0D%0A (Caused by NewConnectionError('<urllib3.connection.HTTPSConnection object at 0x000002DF6B7F4890>: Failed to establish a new connection: [Errno 11001] getaddrinfo failed'))"))
2026-02-16 07:22:43,259 | ERROR | ['EQNR.OL']: ConnectionError(MaxRetryError("HTTPSConnectionPool(host='query2.finance.yahoo.com', port=443): Max retries exceeded with url: /v8/finance/chart/EQNR.OL?period1=1771023600&period2=1771282800&interval=1d&includePrePost=False&events=div%2Csplits%2CcapitalGains&crumb=Too+Many+Requests%0D%0A (Caused by NewConnectionError('<urllib3.connection.HTTPSConnection object at 0x000002DF6D8985C0>: Failed to establish a new connection: [Errno 11001] getaddrinfo failed'))"))
2026-02-16 07:22:43,259 | ERROR | ['ETSY']: ConnectionError(MaxRetryError("HTTPSConnectionPool(host='query2.finance.yahoo.com', port=443): Max retries exceeded with url: /v8/finance/chart/ETSY?period1=1771045200&period2=1771304400&interval=1d&includePrePost=False&events=div%2Csplits%2CcapitalGains&crumb=Too+Many+Requests%0D%0A (Caused by NewConnectionError('<urllib3.connection.HTTPSConnection object at 0x000002DF6D8989E0>: Failed to establish a new connection: [Errno 11001] getaddrinfo failed'))"))
2026-02-16 07:22:43,259 | INFO |   Batch complete, waiting 120s...
2026-02-16 07:28:29,405 | INFO | 
  Batch 16/43 (10 tickers)
2026-02-16 07:28:29,421 | INFO |     Batch download: 10 tickers
