2026-01-20 05:40:18,696 | INFO | ======================================================================
2026-01-20 05:40:18,697 | INFO | IoS-001 DAILY PRICE INGEST
2026-01-20 05:40:18,697 | INFO | Executor: LINE (EC-004)
2026-01-20 05:40:18,697 | INFO | Authority: CEO_DIRECTIVE_LINE_DAILY_INGEST_ACTIVATION_20251212
2026-01-20 05:40:18,697 | INFO | Time: 2026-01-20T04:40:18.697716+00:00
2026-01-20 05:40:18,697 | INFO | Asset Class Filter: ALL
2026-01-20 05:40:18,697 | INFO | Dry Run: False
2026-01-20 05:40:18,697 | INFO | ======================================================================
2026-01-20 05:40:18,887 | INFO | Found 491 VEGA-attested assets
2026-01-20 05:40:18,887 | INFO | 
============================================================
2026-01-20 05:40:18,887 | INFO | Processing CRYPTO: 46 assets
2026-01-20 05:40:18,887 | INFO | Schedule: Daily 01:00 UTC
2026-01-20 05:40:18,887 | INFO | ============================================================
2026-01-20 05:40:18,887 | INFO | 
  Batch 1/2 (25 assets)
2026-01-20 05:40:21,828 | WARNING |   [GRT-USD] Fetch error: Too Many Requests. Rate limited. Try after a while.
2026-01-20 05:40:24,858 | INFO |   Batch complete, waiting 60s...
2026-01-20 05:41:24,859 | INFO | 
  Batch 2/2 (21 assets)
2026-01-20 05:41:26,624 | WARNING |   [UNI-USD] Fetch error: Too Many Requests. Rate limited. Try after a while.
2026-01-20 05:41:29,633 | INFO | 
============================================================
2026-01-20 05:41:29,633 | INFO | Processing EQUITY: 421 assets
2026-01-20 05:41:29,633 | INFO | Schedule: Weekdays 22:00 UTC
2026-01-20 05:41:29,633 | INFO | ============================================================
2026-01-20 05:41:29,633 | INFO | 
  Batch 1/17 (25 assets)
2026-01-20 05:41:30,574 | WARNING |   [1COV.DE] Fetch error: Too Many Requests. Rate limited. Try after a while.
2026-01-20 05:41:34,844 | WARNING |   [ABBV] Fetch error: Too Many Requests. Rate limited. Try after a while.
2026-01-20 05:41:39,046 | WARNING |   [ABNB] Fetch error: Too Many Requests. Rate limited. Try after a while.
2026-01-20 05:41:43,264 | WARNING |   [ABT] Fetch error: Too Many Requests. Rate limited. Try after a while.
2026-01-20 05:41:47,261 | WARNING |   [ACA.PA] Fetch error: Too Many Requests. Rate limited. Try after a while.
2026-01-20 05:41:51,436 | WARNING |   [ADBE] Fetch error: Too Many Requests. Rate limited. Try after a while.
2026-01-20 05:41:55,292 | WARNING |   [ADI] Fetch error: Too Many Requests. Rate limited. Try after a while.
2026-01-20 05:41:59,305 | WARNING |   [ADS.DE] Fetch error: Too Many Requests. Rate limited. Try after a while.
2026-01-20 05:42:03,298 | WARNING |   [ADSK] Fetch error: Too Many Requests. Rate limited. Try after a while.
2026-01-20 05:42:07,118 | WARNING |   [AEP] Fetch error: Too Many Requests. Rate limited. Try after a while.
2026-01-20 05:42:10,959 | WARNING |   [AFL] Fetch error: Too Many Requests. Rate limited. Try after a while.
2026-01-20 05:42:15,077 | WARNING |   [AI.PA] Fetch error: Too Many Requests. Rate limited. Try after a while.
2026-01-20 05:42:19,044 | WARNING |   [AIG] Fetch error: Too Many Requests. Rate limited. Try after a while.
2026-01-20 05:42:23,234 | WARNING |   [AIR.DE] Fetch error: Too Many Requests. Rate limited. Try after a while.
2026-01-20 05:42:27,202 | WARNING |   [AIR.PA] Fetch error: Too Many Requests. Rate limited. Try after a while.
2026-01-20 05:42:31,268 | WARNING |   [AKAM] Fetch error: Too Many Requests. Rate limited. Try after a while.
2026-01-20 05:42:35,212 | WARNING |   [AKER.OL] Fetch error: Too Many Requests. Rate limited. Try after a while.
2026-01-20 05:42:39,144 | WARNING |   [AKRBP.OL] Fetch error: Too Many Requests. Rate limited. Try after a while.
2026-01-20 05:42:43,494 | WARNING |   [AKSO.OL] Fetch error: Too Many Requests. Rate limited. Try after a while.
2026-01-20 05:42:47,500 | WARNING |   [AKVA.OL] Fetch error: Too Many Requests. Rate limited. Try after a while.
2026-01-20 05:42:51,418 | WARNING |   [ALB] Fetch error: Too Many Requests. Rate limited. Try after a while.
2026-01-20 05:42:55,598 | WARNING |   [ALL] Fetch error: Too Many Requests. Rate limited. Try after a while.
2026-01-20 05:42:59,527 | WARNING |   [ALO.PA] Fetch error: Too Many Requests. Rate limited. Try after a while.
2026-01-20 05:43:03,782 | WARNING |   [ALV.DE] Fetch error: Too Many Requests. Rate limited. Try after a while.
2026-01-20 05:43:07,698 | WARNING |   [AMAT] Fetch error: Too Many Requests. Rate limited. Try after a while.
2026-01-20 05:43:10,707 | INFO |   Batch complete, waiting 60s...
2026-01-20 05:44:10,707 | INFO | 
  Batch 2/17 (25 assets)
2026-01-20 05:44:12,229 | WARNING |   [AMD] Fetch error: Too Many Requests. Rate limited. Try after a while.
2026-01-20 05:44:16,614 | WARNING |   [AMGN] Fetch error: Too Many Requests. Rate limited. Try after a while.
2026-01-20 05:44:20,727 | WARNING |   [AMT] Fetch error: Too Many Requests. Rate limited. Try after a while.
2026-01-20 05:44:25,164 | WARNING |   [AMZN] Fetch error: Too Many Requests. Rate limited. Try after a while.
2026-01-20 05:44:28,924 | WARNING |   [AON] Fetch error: Too Many Requests. Rate limited. Try after a while.
2026-01-20 05:44:32,917 | WARNING |   [APD] Fetch error: Too Many Requests. Rate limited. Try after a while.
2026-01-20 05:44:36,981 | WARNING |   [ASML] Fetch error: Too Many Requests. Rate limited. Try after a while.
2026-01-20 05:44:40,899 | WARNING |   [ATO.PA] Fetch error: Too Many Requests. Rate limited. Try after a while.
2026-01-20 05:44:45,133 | WARNING |   [AUSS.OL] Fetch error: Too Many Requests. Rate limited. Try after a while.
2026-01-20 05:44:49,289 | WARNING |   [AUTO.OL] Fetch error: Too Many Requests. Rate limited. Try after a while.
2026-01-20 05:44:53,188 | WARNING |   [AV.L] Fetch error: Too Many Requests. Rate limited. Try after a while.
2026-01-20 05:44:57,339 | WARNING |   [AVB] Fetch error: Too Many Requests. Rate limited. Try after a while.
2026-01-20 05:45:01,513 | WARNING |   [AVGO] Fetch error: Too Many Requests. Rate limited. Try after a while.
2026-01-20 05:45:05,617 | WARNING |   [AWK] Fetch error: Too Many Requests. Rate limited. Try after a while.
2026-01-20 05:45:09,532 | WARNING |   [AXP] Fetch error: Too Many Requests. Rate limited. Try after a while.
2026-01-20 05:45:13,737 | WARNING |   [AZN.L] Fetch error: Too Many Requests. Rate limited. Try after a while.
