2026-01-19 19:26:48,462 | INFO | ======================================================================
2026-01-19 19:26:48,462 | INFO | IoS-001 DAILY PRICE INGEST
2026-01-19 19:26:48,462 | INFO | Executor: LINE (EC-004)
2026-01-19 19:26:48,462 | INFO | Authority: CEO_DIRECTIVE_LINE_DAILY_INGEST_ACTIVATION_20251212
2026-01-19 19:26:48,462 | INFO | Time: 2026-01-19T18:26:48.462599+00:00
2026-01-19 19:26:48,462 | INFO | Asset Class Filter: ALL
2026-01-19 19:26:48,462 | INFO | Dry Run: False
2026-01-19 19:26:48,462 | INFO | ======================================================================
2026-01-19 19:26:49,102 | INFO | Found 491 VEGA-attested assets
2026-01-19 19:26:49,103 | INFO | 
============================================================
2026-01-19 19:26:49,103 | INFO | Processing CRYPTO: 46 assets
2026-01-19 19:26:49,103 | INFO | Schedule: Daily 01:00 UTC
2026-01-19 19:26:49,103 | INFO | ============================================================
2026-01-19 19:26:49,104 | INFO | 
  Batch 1/2 (25 assets)
2026-01-19 19:26:49,189 | INFO |   Batch complete, waiting 60s...
2026-01-19 19:27:49,191 | INFO | 
  Batch 2/2 (21 assets)
2026-01-19 19:27:52,451 | WARNING |   [UNI-USD] Fetch error: Too Many Requests. Rate limited. Try after a while.
2026-01-19 19:27:55,476 | INFO | 
============================================================
2026-01-19 19:27:55,476 | INFO | Processing EQUITY: 421 assets
2026-01-19 19:27:55,476 | INFO | Schedule: Weekdays 22:00 UTC
2026-01-19 19:27:55,476 | INFO | ============================================================
2026-01-19 19:27:55,476 | INFO | 
  Batch 1/17 (25 assets)
2026-01-19 19:27:56,577 | WARNING |   [1COV.DE] Fetch error: Too Many Requests. Rate limited. Try after a while.
2026-01-19 19:28:00,774 | WARNING |   [ABBV] Fetch error: Too Many Requests. Rate limited. Try after a while.
2026-01-19 19:28:04,869 | WARNING |   [ABNB] Fetch error: Too Many Requests. Rate limited. Try after a while.
2026-01-19 19:28:09,025 | WARNING |   [ABT] Fetch error: Too Many Requests. Rate limited. Try after a while.
2026-01-19 19:28:13,107 | WARNING |   [ADBE] Fetch error: Too Many Requests. Rate limited. Try after a while.
2026-01-19 19:28:17,391 | WARNING |   [ADI] Fetch error: Too Many Requests. Rate limited. Try after a while.
2026-01-19 19:28:21,299 | WARNING |   [ADSK] Fetch error: Too Many Requests. Rate limited. Try after a while.
2026-01-19 19:28:25,857 | WARNING |   [AEP] Fetch error: Too Many Requests. Rate limited. Try after a while.
2026-01-19 19:28:29,983 | WARNING |   [AFL] Fetch error: Too Many Requests. Rate limited. Try after a while.
2026-01-19 19:28:33,922 | WARNING |   [AIG] Fetch error: Too Many Requests. Rate limited. Try after a while.
2026-01-19 19:28:38,107 | WARNING |   [AKAM] Fetch error: Too Many Requests. Rate limited. Try after a while.
2026-01-19 19:28:42,259 | WARNING |   [ALB] Fetch error: Too Many Requests. Rate limited. Try after a while.
2026-01-19 19:28:46,408 | WARNING |   [ALL] Fetch error: Too Many Requests. Rate limited. Try after a while.
2026-01-19 19:28:50,576 | WARNING |   [AMAT] Fetch error: Too Many Requests. Rate limited. Try after a while.
2026-01-19 19:28:53,583 | INFO |   Batch complete, waiting 60s...
2026-01-19 19:29:53,585 | INFO | 
  Batch 2/17 (25 assets)
2026-01-19 19:29:55,826 | WARNING |   [AMD] Fetch error: Too Many Requests. Rate limited. Try after a while.
2026-01-19 19:30:00,121 | WARNING |   [AMGN] Fetch error: Too Many Requests. Rate limited. Try after a while.
2026-01-19 19:30:04,256 | WARNING |   [AMT] Fetch error: Too Many Requests. Rate limited. Try after a while.
2026-01-19 19:30:08,779 | WARNING |   [AMZN] Fetch error: Too Many Requests. Rate limited. Try after a while.
2026-01-19 19:30:12,763 | WARNING |   [AON] Fetch error: Too Many Requests. Rate limited. Try after a while.
2026-01-19 19:30:16,923 | WARNING |   [APD] Fetch error: Too Many Requests. Rate limited. Try after a while.
2026-01-19 19:30:20,888 | WARNING |   [ASML] Fetch error: Too Many Requests. Rate limited. Try after a while.
2026-01-19 19:30:25,075 | WARNING |   [AVB] Fetch error: Too Many Requests. Rate limited. Try after a while.
2026-01-19 19:30:29,161 | WARNING |   [AVGO] Fetch error: Too Many Requests. Rate limited. Try after a while.
2026-01-19 19:30:33,547 | WARNING |   [AWK] Fetch error: Too Many Requests. Rate limited. Try after a while.
2026-01-19 19:30:37,614 | WARNING |   [AXP] Fetch error: Too Many Requests. Rate limited. Try after a while.
2026-01-19 19:30:41,679 | WARNING |   [AZO] Fetch error: Too Many Requests. Rate limited. Try after a while.
2026-01-19 19:30:46,065 | WARNING |   [BA] Fetch error: Too Many Requests. Rate limited. Try after a while.
2026-01-19 19:30:50,075 | WARNING |   [BAC] Fetch error: Too Many Requests. Rate limited. Try after a while.
2026-01-19 19:30:53,084 | INFO |   Batch complete, waiting 60s...
