2026-01-24 11:14:20,785 | INFO | ======================================================================
2026-01-24 11:14:20,786 | INFO | IoS-001 DAILY PRICE INGEST
2026-01-24 11:14:20,787 | INFO | Executor: LINE (EC-004)
2026-01-24 11:14:20,788 | INFO | Authority: CEO_DIRECTIVE_LINE_DAILY_INGEST_ACTIVATION_20251212
2026-01-24 11:14:20,788 | INFO | Time: 2026-01-24T10:14:20.788453+00:00
2026-01-24 11:14:20,788 | INFO | Asset Class Filter: ALL
2026-01-24 11:14:20,789 | INFO | Dry Run: False
2026-01-24 11:14:20,789 | INFO | ======================================================================
2026-01-24 11:14:21,182 | INFO | Found 491 VEGA-attested assets
2026-01-24 11:14:21,182 | INFO | 
============================================================
2026-01-24 11:14:21,182 | INFO | Processing CRYPTO: 46 assets
2026-01-24 11:14:21,182 | INFO | Schedule: Daily 01:00 UTC
2026-01-24 11:14:21,182 | INFO | ============================================================
2026-01-24 11:14:21,182 | INFO | 
  Batch 1/2 (25 assets)
2026-01-24 11:14:23,986 | WARNING |   [GRT-USD] Fetch error: Too Many Requests. Rate limited. Try after a while.
2026-01-24 11:14:27,037 | INFO |   Batch complete, waiting 60s...
2026-01-24 11:15:27,039 | INFO | 
  Batch 2/2 (21 assets)
2026-01-24 11:15:28,660 | WARNING |   [UNI-USD] Fetch error: Too Many Requests. Rate limited. Try after a while.
2026-01-24 11:15:31,702 | INFO | 
============================================================
2026-01-24 11:15:31,702 | INFO | Processing EQUITY: 421 assets
2026-01-24 11:15:31,702 | INFO | Schedule: Weekdays 22:00 UTC
2026-01-24 11:15:31,702 | INFO | ============================================================
2026-01-24 11:15:31,702 | INFO |   Market closed for EQUITY today, skipping
2026-01-24 11:15:31,702 | INFO | 
============================================================
2026-01-24 11:15:31,702 | INFO | Processing FX: 24 assets
2026-01-24 11:15:31,702 | INFO | Schedule: Sun-Thu 22:00 UTC
2026-01-24 11:15:31,702 | INFO | ============================================================
2026-01-24 11:15:31,702 | INFO |   Market closed for FX today, skipping
2026-01-24 11:15:31,702 | WARNING | Heartbeat recording failed: relation "fhq_monitoring.system_heartbeats" does not exist
LINE 2:                 INSERT INTO fhq_monitoring.system_heartbeats...
                                    ^

2026-01-24 11:15:31,702 | INFO | 
======================================================================
2026-01-24 11:15:31,712 | INFO | DAILY INGEST COMPLETE
2026-01-24 11:15:31,713 | INFO | ======================================================================
2026-01-24 11:15:31,713 | INFO | Assets Processed: 46
2026-01-24 11:15:31,713 | INFO | Assets Updated:   0
2026-01-24 11:15:31,713 | INFO | Rows Inserted:    0
2026-01-24 11:15:31,713 | INFO |   CRYPTO: 0 assets, 0 rows
2026-01-24 11:15:31,713 | INFO | Evidence: C:\fhq-market-system\vision-ios\03_FUNCTIONS\evidence\IOS001_DAILY_INGEST_6ba022e9_20260124_111531.json
2026-01-24 11:15:31,713 | INFO | ======================================================================
