2026-02-06 21:20:24,847 | INFO | ======================================================================
2026-02-06 21:20:24,847 | INFO | IoS-001 DAILY PRICE INGEST
2026-02-06 21:20:24,847 | INFO | Executor: LINE (EC-004)
2026-02-06 21:20:24,847 | INFO | Authority: CEO_DIRECTIVE_LINE_DAILY_INGEST_ACTIVATION_20251212
2026-02-06 21:20:24,847 | INFO | Amendment: CEO-DIR-2026-119 (Rate Limit Mitigation)
2026-02-06 21:20:24,847 | INFO | Time: 2026-02-06T20:20:24.847689+00:00
2026-02-06 21:20:24,847 | INFO | Asset Class Filter: ALL
2026-02-06 21:20:24,847 | INFO | Batch Mode: True
2026-02-06 21:20:24,847 | INFO | Dry Run: False
2026-02-06 21:20:24,847 | INFO | ======================================================================
2026-02-06 21:20:25,330 | INFO | Found 491 VEGA-attested assets
2026-02-06 21:20:25,330 | INFO | 
============================================================
2026-02-06 21:20:25,330 | INFO | Processing CRYPTO: 46 assets
2026-02-06 21:20:25,330 | INFO | Schedule: Daily 01:00 UTC
2026-02-06 21:20:25,330 | INFO | ============================================================
2026-02-06 21:20:25,330 | INFO |   Using BATCH MODE (CEO-DIR-2026-119)
2026-02-06 21:20:25,330 | INFO | 
  Batch 1/5 (10 tickers)
2026-02-06 21:20:25,345 | INFO |     All assets up to date
2026-02-06 21:20:25,346 | INFO | 
  Batch 2/5 (10 tickers)
2026-02-06 21:20:25,360 | INFO |     Batch download: 1 tickers
2026-02-06 21:20:29,132 | ERROR | 
1 Failed download:
2026-02-06 21:20:29,132 | ERROR | ['GRT-USD']: YFRateLimitError('Too Many Requests. Rate limited. Try after a while.')
2026-02-06 21:20:29,149 | INFO |   Batch complete, waiting 120s...
2026-02-06 21:22:29,150 | INFO | 
  Batch 3/5 (10 tickers)
2026-02-06 21:22:29,181 | INFO |     All assets up to date
2026-02-06 21:22:29,181 | INFO | 
  Batch 4/5 (10 tickers)
2026-02-06 21:22:29,211 | INFO |     All assets up to date
2026-02-06 21:22:29,211 | INFO | 
  Batch 5/5 (6 tickers)
2026-02-06 21:22:29,221 | INFO |     All assets up to date
2026-02-06 21:22:29,221 | INFO | 
============================================================
2026-02-06 21:22:29,221 | INFO | Processing EQUITY: 421 assets
2026-02-06 21:22:29,221 | INFO | Schedule: Weekdays 22:00 UTC
2026-02-06 21:22:29,221 | INFO | ============================================================
2026-02-06 21:22:29,221 | INFO |   Using BATCH MODE (CEO-DIR-2026-119)
2026-02-06 21:22:29,221 | INFO | 
  Batch 1/43 (10 tickers)
2026-02-06 21:22:29,241 | INFO |     Batch download: 1 tickers
2026-02-06 21:22:38,947 | ERROR | 
1 Failed download:
2026-02-06 21:22:38,947 | ERROR | ['1COV.DE']: YFRateLimitError('Too Many Requests. Rate limited. Try after a while.')
2026-02-06 21:22:38,947 | INFO |   Batch complete, waiting 120s...
2026-02-06 21:24:38,956 | INFO | 
  Batch 2/43 (10 tickers)
2026-02-06 21:24:38,971 | INFO |     All assets up to date
2026-02-06 21:24:38,971 | INFO | 
  Batch 3/43 (10 tickers)
2026-02-06 21:24:38,993 | INFO |     All assets up to date
2026-02-06 21:24:38,993 | INFO | 
  Batch 4/43 (10 tickers)
2026-02-06 21:24:39,013 | INFO |     All assets up to date
2026-02-06 21:24:39,013 | INFO | 
  Batch 5/43 (10 tickers)
2026-02-06 21:24:39,032 | INFO |     All assets up to date
2026-02-06 21:24:39,033 | INFO | 
  Batch 6/43 (10 tickers)
2026-02-06 21:24:39,059 | INFO |     Batch download: 4 tickers
2026-02-06 21:24:48,002 | ERROR | 
4 Failed downloads:
2026-02-06 21:24:48,002 | ERROR | ['BKR', 'BKNG', 'BMY', 'BLK']: YFRateLimitError('Too Many Requests. Rate limited. Try after a while.')
2026-02-06 21:24:48,002 | INFO |   Batch complete, waiting 120s...
