2026-02-05 18:34:14,210 | INFO | ======================================================================
2026-02-05 18:34:14,210 | INFO | IoS-001 DAILY PRICE INGEST
2026-02-05 18:34:14,210 | INFO | Executor: LINE (EC-004)
2026-02-05 18:34:14,210 | INFO | Authority: CEO_DIRECTIVE_LINE_DAILY_INGEST_ACTIVATION_20251212
2026-02-05 18:34:14,210 | INFO | Time: 2026-02-05T17:34:14.210841+00:00
2026-02-05 18:34:14,210 | INFO | Asset Class Filter: ALL
2026-02-05 18:34:14,210 | INFO | Dry Run: False
2026-02-05 18:34:14,210 | INFO | ======================================================================
2026-02-05 18:34:14,823 | INFO | Found 491 VEGA-attested assets
2026-02-05 18:34:14,823 | INFO | 
============================================================
2026-02-05 18:34:14,823 | INFO | Processing CRYPTO: 46 assets
2026-02-05 18:34:14,823 | INFO | Schedule: Daily 01:00 UTC
2026-02-05 18:34:14,823 | INFO | ============================================================
2026-02-05 18:34:14,823 | INFO | 
  Batch 1/2 (25 assets)
2026-02-05 18:34:20,910 | WARNING |   [GRT-USD] Fetch error: Too Many Requests. Rate limited. Try after a while.
2026-02-05 18:34:23,939 | INFO |   Batch complete, waiting 60s...
2026-02-05 18:35:23,940 | INFO | 
  Batch 2/2 (21 assets)
2026-02-05 18:35:26,393 | WARNING |   [UNI-USD] Fetch error: Too Many Requests. Rate limited. Try after a while.
2026-02-05 18:35:29,423 | INFO | 
============================================================
2026-02-05 18:35:29,425 | INFO | Processing EQUITY: 421 assets
2026-02-05 18:35:29,425 | INFO | Schedule: Weekdays 22:00 UTC
2026-02-05 18:35:29,425 | INFO | ============================================================
2026-02-05 18:35:29,425 | INFO | 
  Batch 1/17 (25 assets)
2026-02-05 18:35:30,825 | WARNING |   [1COV.DE] Fetch error: Too Many Requests. Rate limited. Try after a while.
2026-02-05 18:35:33,893 | INFO |   Batch complete, waiting 60s...
2026-02-05 18:36:33,898 | INFO | 
  Batch 2/17 (25 assets)
2026-02-05 18:36:33,968 | INFO |   Batch complete, waiting 60s...
2026-02-05 18:37:33,971 | INFO | 
  Batch 3/17 (25 assets)
2026-02-05 18:37:38,166 | WARNING |   [BRK.B] Fetch error: Too Many Requests. Rate limited. Try after a while.
2026-02-05 18:37:42,802 | WARNING |   [BT.A.L] Fetch error: Too Many Requests. Rate limited. Try after a while.
2026-02-05 18:37:45,833 | INFO |   Batch complete, waiting 60s...
2026-02-05 18:38:45,835 | INFO | 
  Batch 4/17 (25 assets)
2026-02-05 18:38:47,956 | WARNING |   [COF] Fetch error: Too Many Requests. Rate limited. Try after a while.
2026-02-05 18:38:52,427 | WARNING |   [COIN] Fetch error: Too Many Requests. Rate limited. Try after a while.
2026-02-05 18:38:56,881 | WARNING |   [CON.DE] Fetch error: Too Many Requests. Rate limited. Try after a while.
2026-02-05 18:39:01,211 | WARNING |   [COP] Fetch error: Too Many Requests. Rate limited. Try after a while.
2026-02-05 18:39:05,561 | WARNING |   [COST] Fetch error: Too Many Requests. Rate limited. Try after a while.
2026-02-05 18:39:09,707 | WARNING |   [CPG.L] Fetch error: Too Many Requests. Rate limited. Try after a while.
