2026-02-03 05:53:55,860 | INFO | ======================================================================
2026-02-03 05:53:55,860 | INFO | IoS-001 DAILY PRICE INGEST
2026-02-03 05:53:55,860 | INFO | Executor: LINE (EC-004)
2026-02-03 05:53:55,860 | INFO | Authority: CEO_DIRECTIVE_LINE_DAILY_INGEST_ACTIVATION_20251212
2026-02-03 05:53:55,860 | INFO | Time: 2026-02-03T04:53:55.860095+00:00
2026-02-03 05:53:55,860 | INFO | Asset Class Filter: ALL
2026-02-03 05:53:55,860 | INFO | Dry Run: False
2026-02-03 05:53:55,860 | INFO | ======================================================================
2026-02-03 05:53:56,133 | INFO | Found 491 VEGA-attested assets
2026-02-03 05:53:56,133 | INFO | 
============================================================
2026-02-03 05:53:56,133 | INFO | Processing CRYPTO: 46 assets
2026-02-03 05:53:56,133 | INFO | Schedule: Daily 01:00 UTC
2026-02-03 05:53:56,133 | INFO | ============================================================
2026-02-03 05:53:56,133 | INFO | 
  Batch 1/2 (25 assets)
2026-02-03 05:53:59,505 | WARNING |   [GRT-USD] Fetch error: Too Many Requests. Rate limited. Try after a while.
2026-02-03 05:54:02,551 | INFO |   Batch complete, waiting 60s...
2026-02-03 05:55:02,552 | INFO | 
  Batch 2/2 (21 assets)
2026-02-03 05:55:04,355 | WARNING |   [UNI-USD] Fetch error: Too Many Requests. Rate limited. Try after a while.
2026-02-03 05:55:07,433 | INFO | 
============================================================
2026-02-03 05:55:07,433 | INFO | Processing EQUITY: 421 assets
2026-02-03 05:55:07,433 | INFO | Schedule: Weekdays 22:00 UTC
2026-02-03 05:55:07,433 | INFO | ============================================================
2026-02-03 05:55:07,433 | INFO | 
  Batch 1/17 (25 assets)
2026-02-03 05:55:08,853 | WARNING |   [1COV.DE] Fetch error: Too Many Requests. Rate limited. Try after a while.
2026-02-03 05:55:12,940 | WARNING |   [ABBV] Fetch error: Too Many Requests. Rate limited. Try after a while.
2026-02-03 05:55:17,233 | WARNING |   [ABNB] Fetch error: Too Many Requests. Rate limited. Try after a while.
2026-02-03 05:55:21,485 | WARNING |   [ABT] Fetch error: Too Many Requests. Rate limited. Try after a while.
2026-02-03 05:55:25,529 | WARNING |   [ACA.PA] Fetch error: Too Many Requests. Rate limited. Try after a while.
2026-02-03 05:55:29,710 | WARNING |   [ADBE] Fetch error: Too Many Requests. Rate limited. Try after a while.
2026-02-03 05:55:34,255 | WARNING |   [ADI] Fetch error: Too Many Requests. Rate limited. Try after a while.
2026-02-03 05:55:38,281 | WARNING |   [ADS.DE] Fetch error: Too Many Requests. Rate limited. Try after a while.
2026-02-03 05:55:42,361 | WARNING |   [ADSK] Fetch error: Too Many Requests. Rate limited. Try after a while.
2026-02-03 05:55:46,458 | WARNING |   [AEP] Fetch error: Too Many Requests. Rate limited. Try after a while.
2026-02-03 05:55:50,715 | WARNING |   [AFL] Fetch error: Too Many Requests. Rate limited. Try after a while.
2026-02-03 05:55:54,739 | WARNING |   [AI.PA] Fetch error: Too Many Requests. Rate limited. Try after a while.
2026-02-03 05:55:58,816 | WARNING |   [AIG] Fetch error: Too Many Requests. Rate limited. Try after a while.
2026-02-03 05:56:02,957 | WARNING |   [AIR.DE] Fetch error: Too Many Requests. Rate limited. Try after a while.
2026-02-03 05:56:06,914 | WARNING |   [AIR.PA] Fetch error: Too Many Requests. Rate limited. Try after a while.
2026-02-03 05:56:10,888 | WARNING |   [AKAM] Fetch error: Too Many Requests. Rate limited. Try after a while.
2026-02-03 05:56:14,983 | WARNING |   [AKER.OL] Fetch error: Too Many Requests. Rate limited. Try after a while.
2026-02-03 05:56:19,086 | WARNING |   [AKRBP.OL] Fetch error: Too Many Requests. Rate limited. Try after a while.
2026-02-03 05:56:23,181 | WARNING |   [AKSO.OL] Fetch error: Too Many Requests. Rate limited. Try after a while.
2026-02-03 05:56:27,253 | WARNING |   [AKVA.OL] Fetch error: Too Many Requests. Rate limited. Try after a while.
2026-02-03 05:56:31,220 | WARNING |   [ALB] Fetch error: Too Many Requests. Rate limited. Try after a while.
2026-02-03 05:56:35,183 | WARNING |   [ALL] Fetch error: Too Many Requests. Rate limited. Try after a while.
2026-02-03 05:56:39,150 | WARNING |   [ALO.PA] Fetch error: Too Many Requests. Rate limited. Try after a while.
2026-02-03 05:56:43,059 | WARNING |   [ALV.DE] Fetch error: Too Many Requests. Rate limited. Try after a while.
2026-02-03 05:56:47,539 | WARNING |   [AMAT] Fetch error: Too Many Requests. Rate limited. Try after a while.
2026-02-03 05:56:50,540 | INFO |   Batch complete, waiting 60s...
2026-02-03 05:57:50,542 | INFO | 
  Batch 2/17 (25 assets)
2026-02-03 05:57:52,132 | WARNING |   [AMD] Fetch error: Too Many Requests. Rate limited. Try after a while.
2026-02-03 05:57:56,074 | WARNING |   [AMGN] Fetch error: Too Many Requests. Rate limited. Try after a while.
2026-02-03 05:58:00,366 | WARNING |   [AMT] Fetch error: Too Many Requests. Rate limited. Try after a while.
2026-02-03 05:58:05,862 | WARNING |   [AMZN] Fetch error: Too Many Requests. Rate limited. Try after a while.
2026-02-03 05:58:09,970 | WARNING |   [AON] Fetch error: Too Many Requests. Rate limited. Try after a while.
2026-02-03 05:58:14,058 | WARNING |   [APD] Fetch error: Too Many Requests. Rate limited. Try after a while.
2026-02-03 05:58:18,109 | WARNING |   [ASML] Fetch error: Too Many Requests. Rate limited. Try after a while.
2026-02-03 05:58:22,261 | WARNING |   [ATO.PA] Fetch error: Too Many Requests. Rate limited. Try after a while.
2026-02-03 05:58:26,246 | WARNING |   [AUSS.OL] Fetch error: Too Many Requests. Rate limited. Try after a while.
2026-02-03 05:58:30,186 | WARNING |   [AUTO.OL] Fetch error: Too Many Requests. Rate limited. Try after a while.
2026-02-03 05:58:34,406 | WARNING |   [AV.L] Fetch error: Too Many Requests. Rate limited. Try after a while.
2026-02-03 05:58:38,786 | WARNING |   [AVB] Fetch error: Too Many Requests. Rate limited. Try after a while.
2026-02-03 05:58:42,872 | WARNING |   [AVGO] Fetch error: Too Many Requests. Rate limited. Try after a while.
2026-02-03 05:58:47,093 | WARNING |   [AWK] Fetch error: Too Many Requests. Rate limited. Try after a while.
2026-02-03 05:58:51,116 | WARNING |   [AXP] Fetch error: Too Many Requests. Rate limited. Try after a while.
