2025-12-16 11:11:15,327 | INFO | ======================================================================
2025-12-16 11:11:15,327 | INFO | IoS-001 DAILY PRICE INGEST
2025-12-16 11:11:15,327 | INFO | Executor: LINE (EC-004)
2025-12-16 11:11:15,327 | INFO | Authority: CEO_DIRECTIVE_LINE_DAILY_INGEST_ACTIVATION_20251212
2025-12-16 11:11:15,327 | INFO | Time: 2025-12-16T10:11:15.327454+00:00
2025-12-16 11:11:15,327 | INFO | Asset Class Filter: CRYPTO
2025-12-16 11:11:15,327 | INFO | Dry Run: False
2025-12-16 11:11:15,327 | INFO | ======================================================================
2025-12-16 11:11:15,497 | INFO | Found 47 VEGA-attested assets
2025-12-16 11:11:15,497 | INFO | 
============================================================
2025-12-16 11:11:15,497 | INFO | Processing CRYPTO: 47 assets
2025-12-16 11:11:15,497 | INFO | Schedule: Daily 01:00 UTC
2025-12-16 11:11:15,497 | INFO | ============================================================
2025-12-16 11:11:15,497 | INFO | 
  Batch 1/2 (25 assets)
2025-12-16 11:11:19,536 | WARNING |   [ADA-USD] Fetch error: Too Many Requests. Rate limited. Try after a while.
2025-12-16 11:11:23,757 | WARNING |   [ALGO-USD] Fetch error: Too Many Requests. Rate limited. Try after a while.
2025-12-16 11:11:28,063 | WARNING |   [APT-USD] Fetch error: Too Many Requests. Rate limited. Try after a while.
2025-12-16 11:11:32,153 | WARNING |   [ATOM-USD] Fetch error: Too Many Requests. Rate limited. Try after a while.
2025-12-16 11:11:35,834 | WARNING |   [AVAX-USD] Fetch error: Too Many Requests. Rate limited. Try after a while.
2025-12-16 11:11:40,162 | WARNING |   [AXS-USD] Fetch error: Too Many Requests. Rate limited. Try after a while.
2025-12-16 11:11:44,370 | WARNING |   [BCH-USD] Fetch error: Too Many Requests. Rate limited. Try after a while.
2025-12-16 11:11:48,446 | WARNING |   [BNB-USD] Fetch error: Too Many Requests. Rate limited. Try after a while.
2025-12-16 11:11:52,657 | WARNING |   [BTC-USD] Fetch error: Too Many Requests. Rate limited. Try after a while.
2025-12-16 11:11:56,860 | WARNING |   [CHZ-USD] Fetch error: Too Many Requests. Rate limited. Try after a while.
2025-12-16 11:12:00,937 | WARNING |   [CRO-USD] Fetch error: Too Many Requests. Rate limited. Try after a while.
2025-12-16 11:12:05,392 | WARNING |   [CRV-USD] Fetch error: Too Many Requests. Rate limited. Try after a while.
2025-12-16 11:12:09,576 | WARNING |   [DOGE-USD] Fetch error: Too Many Requests. Rate limited. Try after a while.
2025-12-16 11:12:13,677 | WARNING |   [DOT-USD] Fetch error: Too Many Requests. Rate limited. Try after a while.
2025-12-16 11:12:17,734 | WARNING |   [EOS-USD] Fetch error: Too Many Requests. Rate limited. Try after a while.
2025-12-16 11:12:21,957 | WARNING |   [ETC-USD] Fetch error: Too Many Requests. Rate limited. Try after a while.
2025-12-16 11:12:26,189 | WARNING |   [ETH-USD] Fetch error: Too Many Requests. Rate limited. Try after a while.
2025-12-16 11:12:30,150 | WARNING |   [FIL-USD] Fetch error: Too Many Requests. Rate limited. Try after a while.
2025-12-16 11:12:34,328 | WARNING |   [FLOW-USD] Fetch error: Too Many Requests. Rate limited. Try after a while.
2025-12-16 11:12:38,457 | WARNING |   [HBAR-USD] Fetch error: Too Many Requests. Rate limited. Try after a while.
2025-12-16 11:12:42,913 | WARNING |   [ICP-USD] Fetch error: Too Many Requests. Rate limited. Try after a while.
2025-12-16 11:12:47,302 | WARNING |   [INJ-USD] Fetch error: Too Many Requests. Rate limited. Try after a while.
2025-12-16 11:12:51,478 | WARNING |   [LDO-USD] Fetch error: Too Many Requests. Rate limited. Try after a while.
2025-12-16 11:12:55,629 | WARNING |   [LINK-USD] Fetch error: Too Many Requests. Rate limited. Try after a while.
2025-12-16 11:12:59,469 | WARNING |   [LTC-USD] Fetch error: Too Many Requests. Rate limited. Try after a while.
2025-12-16 11:13:02,472 | INFO |   Batch complete, waiting 60s...
2025-12-16 11:14:02,474 | INFO | 
  Batch 2/2 (22 assets)
2025-12-16 11:14:04,239 | WARNING |   [MANA-USD] Fetch error: Too Many Requests. Rate limited. Try after a while.
2025-12-16 11:14:08,817 | WARNING |   [MATIC-USD] Fetch error: Too Many Requests. Rate limited. Try after a while.
2025-12-16 11:14:12,955 | WARNING |   [MKR-USD] Fetch error: Too Many Requests. Rate limited. Try after a while.
2025-12-16 11:14:17,046 | WARNING |   [NEAR-USD] Fetch error: Too Many Requests. Rate limited. Try after a while.
2025-12-16 11:14:20,975 | WARNING |   [OKB-USD] Fetch error: Too Many Requests. Rate limited. Try after a while.
2025-12-16 11:14:25,060 | WARNING |   [QNT-USD] Fetch error: Too Many Requests. Rate limited. Try after a while.
2025-12-16 11:14:29,088 | WARNING |   [RPL-USD] Fetch error: Too Many Requests. Rate limited. Try after a while.
2025-12-16 11:14:33,197 | WARNING |   [RUNE-USD] Fetch error: Too Many Requests. Rate limited. Try after a while.
2025-12-16 11:14:37,169 | WARNING |   [SAND-USD] Fetch error: Too Many Requests. Rate limited. Try after a while.
2025-12-16 11:14:40,895 | WARNING |   [SHIB-USD] Fetch error: Too Many Requests. Rate limited. Try after a while.
2025-12-16 11:14:45,053 | WARNING |   [SNX-USD] Fetch error: Too Many Requests. Rate limited. Try after a while.
2025-12-16 11:14:49,314 | WARNING |   [SOL-USD] Fetch error: Too Many Requests. Rate limited. Try after a while.
2025-12-16 11:14:53,332 | WARNING |   [THETA-USD] Fetch error: Too Many Requests. Rate limited. Try after a while.
2025-12-16 11:14:57,449 | WARNING |   [TRX-USD] Fetch error: Too Many Requests. Rate limited. Try after a while.
2025-12-16 11:15:01,382 | WARNING |   [UNI-USD] Fetch error: Too Many Requests. Rate limited. Try after a while.
2025-12-16 11:15:05,423 | WARNING |   [VET-USD] Fetch error: Too Many Requests. Rate limited. Try after a while.
2025-12-16 11:15:10,013 | WARNING |   [XLM-USD] Fetch error: Too Many Requests. Rate limited. Try after a while.
2025-12-16 11:15:14,149 | WARNING |   [XMR-USD] Fetch error: Too Many Requests. Rate limited. Try after a while.
2025-12-16 11:15:18,578 | WARNING |   [XRP-USD] Fetch error: Too Many Requests. Rate limited. Try after a while.
2025-12-16 11:15:22,734 | WARNING |   [XTZ-USD] Fetch error: Too Many Requests. Rate limited. Try after a while.
2025-12-16 11:15:27,150 | WARNING |   [ZEC-USD] Fetch error: Too Many Requests. Rate limited. Try after a while.
2025-12-16 11:15:30,967 | WARNING |   [AAVE-USD] Fetch error: Too Many Requests. Rate limited. Try after a while.
2025-12-16 11:15:33,972 | WARNING | Heartbeat recording failed: relation "fhq_monitoring.system_heartbeats" does not exist
LINE 2:                 INSERT INTO fhq_monitoring.system_heartbeats...
                                    ^

2025-12-16 11:15:33,978 | INFO | 
======================================================================
2025-12-16 11:15:33,979 | INFO | DAILY INGEST COMPLETE
2025-12-16 11:15:33,980 | INFO | ======================================================================
2025-12-16 11:15:33,980 | INFO | Assets Processed: 47
2025-12-16 11:15:33,981 | INFO | Assets Updated:   0
2025-12-16 11:15:33,981 | INFO | Rows Inserted:    0
2025-12-16 11:15:33,982 | INFO |   CRYPTO: 0 assets, 0 rows
2025-12-16 11:15:33,982 | INFO | Evidence: C:\fhq-market-system\vision-ios\03_FUNCTIONS\evidence\IOS001_DAILY_INGEST_97b3a674_20251216_111533.json
2025-12-16 11:15:33,982 | INFO | ======================================================================
