2026-02-08 04:29:24,823 | INFO | ======================================================================
2026-02-08 04:29:24,823 | INFO | IoS-001 DAILY PRICE INGEST
2026-02-08 04:29:24,823 | INFO | Executor: LINE (EC-004)
2026-02-08 04:29:24,823 | INFO | Authority: CEO_DIRECTIVE_LINE_DAILY_INGEST_ACTIVATION_20251212
2026-02-08 04:29:24,823 | INFO | Amendment: CEO-DIR-2026-119 (Rate Limit Mitigation)
2026-02-08 04:29:24,823 | INFO | Time: 2026-02-08T03:29:24.823605+00:00
2026-02-08 04:29:24,823 | INFO | Asset Class Filter: ALL
2026-02-08 04:29:24,823 | INFO | Batch Mode: True
2026-02-08 04:29:24,823 | INFO | Dry Run: False
2026-02-08 04:29:24,823 | INFO | ======================================================================
2026-02-08 04:29:25,099 | INFO | Found 491 VEGA-attested assets
2026-02-08 04:29:25,099 | INFO | 
============================================================
2026-02-08 04:29:25,099 | INFO | Processing CRYPTO: 46 assets
2026-02-08 04:29:25,100 | INFO | Schedule: Daily 01:00 UTC
2026-02-08 04:29:25,100 | INFO | ============================================================
2026-02-08 04:29:25,100 | INFO |   Using BATCH MODE (CEO-DIR-2026-119)
2026-02-08 04:29:25,100 | INFO | 
  Batch 1/5 (10 tickers)
2026-02-08 04:29:25,138 | INFO |     All assets up to date
2026-02-08 04:29:25,138 | INFO | 
  Batch 2/5 (10 tickers)
2026-02-08 04:29:25,169 | INFO |     Batch download: 1 tickers
2026-02-08 04:29:28,761 | ERROR | 
1 Failed download:
2026-02-08 04:29:28,761 | ERROR | ['GRT-USD']: YFRateLimitError('Too Many Requests. Rate limited. Try after a while.')
2026-02-08 04:29:28,781 | INFO |   Batch complete, waiting 120s...
2026-02-08 04:31:28,782 | INFO | 
  Batch 3/5 (10 tickers)
2026-02-08 04:31:28,833 | INFO |     All assets up to date
2026-02-08 04:31:28,833 | INFO | 
  Batch 4/5 (10 tickers)
2026-02-08 04:31:28,890 | INFO |     Batch download: 1 tickers
2026-02-08 04:31:32,666 | ERROR | 
1 Failed download:
2026-02-08 04:31:32,666 | ERROR | ['UNI-USD']: YFRateLimitError('Too Many Requests. Rate limited. Try after a while.')
2026-02-08 04:31:32,666 | INFO |   Batch complete, waiting 120s...
2026-02-08 04:33:32,681 | INFO | 
  Batch 5/5 (6 tickers)
2026-02-08 04:33:32,754 | INFO |     All assets up to date
2026-02-08 04:33:32,754 | INFO | 
============================================================
2026-02-08 04:33:32,754 | INFO | Processing EQUITY: 421 assets
2026-02-08 04:33:32,754 | INFO | Schedule: Weekdays 22:00 UTC
2026-02-08 04:33:32,754 | INFO | ============================================================
2026-02-08 04:33:32,754 | INFO |   Market closed for EQUITY today, skipping
2026-02-08 04:33:32,754 | INFO | 
============================================================
2026-02-08 04:33:32,754 | INFO | Processing FX: 24 assets
2026-02-08 04:33:32,754 | INFO | Schedule: Sun-Thu 22:00 UTC
2026-02-08 04:33:32,754 | INFO | ============================================================
2026-02-08 04:33:32,754 | INFO |   Using BATCH MODE (CEO-DIR-2026-119)
2026-02-08 04:33:32,754 | INFO | 
  Batch 1/3 (10 tickers)
2026-02-08 04:33:32,806 | INFO |     Batch download: 10 tickers
2026-02-08 04:33:44,916 | ERROR | 
10 Failed downloads:
2026-02-08 04:33:44,916 | ERROR | ['EURSEK=X', 'EURGBP=X', 'EURCHF=X', 'EURJPY=X', 'AUDJPY=X', 'CADJPY=X', 'CHFJPY=X', 'EURAUD=X', 'EURNOK=X', 'AUDUSD=X']: YFRateLimitError('Too Many Requests. Rate limited. Try after a while.')
2026-02-08 04:33:44,923 | INFO |   Batch complete, waiting 120s...
