2026-01-23 11:30:39,261 | INFO | ======================================================================
2026-01-23 11:30:39,261 | INFO | IoS-001 DAILY PRICE INGEST
2026-01-23 11:30:39,261 | INFO | Executor: LINE (EC-004)
2026-01-23 11:30:39,261 | INFO | Authority: CEO_DIRECTIVE_LINE_DAILY_INGEST_ACTIVATION_20251212
2026-01-23 11:30:39,261 | INFO | Time: 2026-01-23T10:30:39.261196+00:00
2026-01-23 11:30:39,261 | INFO | Asset Class Filter: ALL
2026-01-23 11:30:39,261 | INFO | Dry Run: False
2026-01-23 11:30:39,261 | INFO | ======================================================================
2026-01-23 11:30:39,537 | INFO | Found 491 VEGA-attested assets
2026-01-23 11:30:39,537 | INFO | 
============================================================
2026-01-23 11:30:39,537 | INFO | Processing CRYPTO: 46 assets
2026-01-23 11:30:39,537 | INFO | Schedule: Daily 01:00 UTC
2026-01-23 11:30:39,537 | INFO | ============================================================
2026-01-23 11:30:39,537 | INFO | 
  Batch 1/2 (25 assets)
2026-01-23 11:30:42,608 | WARNING |   [GRT-USD] Fetch error: Too Many Requests. Rate limited. Try after a while.
2026-01-23 11:30:45,609 | INFO |   Batch complete, waiting 60s...
2026-01-23 11:31:45,618 | INFO | 
  Batch 2/2 (21 assets)
2026-01-23 11:31:47,444 | WARNING |   [UNI-USD] Fetch error: Too Many Requests. Rate limited. Try after a while.
2026-01-23 11:31:50,462 | INFO | 
============================================================
2026-01-23 11:31:50,462 | INFO | Processing EQUITY: 421 assets
2026-01-23 11:31:50,462 | INFO | Schedule: Weekdays 22:00 UTC
2026-01-23 11:31:50,462 | INFO | ============================================================
2026-01-23 11:31:50,462 | INFO | 
  Batch 1/17 (25 assets)
2026-01-23 11:31:51,890 | WARNING |   [1COV.DE] Fetch error: Too Many Requests. Rate limited. Try after a while.
2026-01-23 11:31:56,017 | WARNING |   [ABBV] Fetch error: Too Many Requests. Rate limited. Try after a while.
2026-01-23 11:32:00,075 | WARNING |   [ABNB] Fetch error: Too Many Requests. Rate limited. Try after a while.
2026-01-23 11:32:04,101 | WARNING |   [ABT] Fetch error: Too Many Requests. Rate limited. Try after a while.
2026-01-23 11:32:08,096 | WARNING |   [ADBE] Fetch error: Too Many Requests. Rate limited. Try after a while.
2026-01-23 11:32:12,246 | WARNING |   [ADI] Fetch error: Too Many Requests. Rate limited. Try after a while.
2026-01-23 11:32:16,508 | WARNING |   [ADSK] Fetch error: Too Many Requests. Rate limited. Try after a while.
2026-01-23 11:32:20,440 | WARNING |   [AEP] Fetch error: Too Many Requests. Rate limited. Try after a while.
2026-01-23 11:32:24,586 | WARNING |   [AFL] Fetch error: Too Many Requests. Rate limited. Try after a while.
2026-01-23 11:32:28,742 | WARNING |   [AIG] Fetch error: Too Many Requests. Rate limited. Try after a while.
2026-01-23 11:32:33,309 | WARNING |   [AKAM] Fetch error: Too Many Requests. Rate limited. Try after a while.
2026-01-23 11:32:37,418 | WARNING |   [ALB] Fetch error: Too Many Requests. Rate limited. Try after a while.
2026-01-23 11:32:41,453 | WARNING |   [ALL] Fetch error: Too Many Requests. Rate limited. Try after a while.
2026-01-23 11:32:45,801 | WARNING |   [AMAT] Fetch error: Too Many Requests. Rate limited. Try after a while.
2026-01-23 11:32:48,804 | INFO |   Batch complete, waiting 60s...
2026-01-23 11:33:48,805 | INFO | 
  Batch 2/17 (25 assets)
2026-01-23 11:33:50,426 | WARNING |   [AMD] Fetch error: Too Many Requests. Rate limited. Try after a while.
2026-01-23 11:33:54,735 | WARNING |   [AMGN] Fetch error: Too Many Requests. Rate limited. Try after a while.
2026-01-23 11:33:58,860 | WARNING |   [AMT] Fetch error: Too Many Requests. Rate limited. Try after a while.
2026-01-23 11:34:03,178 | WARNING |   [AMZN] Fetch error: Too Many Requests. Rate limited. Try after a while.
2026-01-23 11:34:07,411 | WARNING |   [AON] Fetch error: Too Many Requests. Rate limited. Try after a while.
2026-01-23 11:34:11,823 | WARNING |   [APD] Fetch error: Too Many Requests. Rate limited. Try after a while.
2026-01-23 11:34:16,157 | WARNING |   [ASML] Fetch error: Too Many Requests. Rate limited. Try after a while.
2026-01-23 11:34:20,531 | WARNING |   [AVB] Fetch error: Too Many Requests. Rate limited. Try after a while.
2026-01-23 11:34:24,734 | WARNING |   [AVGO] Fetch error: Too Many Requests. Rate limited. Try after a while.
2026-01-23 11:34:28,931 | WARNING |   [AWK] Fetch error: Too Many Requests. Rate limited. Try after a while.
2026-01-23 11:34:32,910 | WARNING |   [AXP] Fetch error: Too Many Requests. Rate limited. Try after a while.
2026-01-23 11:34:36,843 | WARNING |   [AZO] Fetch error: Too Many Requests. Rate limited. Try after a while.
2026-01-23 11:34:41,208 | WARNING |   [BA] Fetch error: Too Many Requests. Rate limited. Try after a while.
2026-01-23 11:34:45,518 | WARNING |   [BAC] Fetch error: Too Many Requests. Rate limited. Try after a while.
2026-01-23 11:34:48,527 | INFO |   Batch complete, waiting 60s...
