2026-01-13 13:31:33,351 | INFO | ======================================================================
2026-01-13 13:31:33,351 | INFO | IoS-001 DAILY PRICE INGEST
2026-01-13 13:31:33,351 | INFO | Executor: LINE (EC-004)
2026-01-13 13:31:33,351 | INFO | Authority: CEO_DIRECTIVE_LINE_DAILY_INGEST_ACTIVATION_20251212
2026-01-13 13:31:33,351 | INFO | Time: 2026-01-13T12:31:33.351676+00:00
2026-01-13 13:31:33,351 | INFO | Asset Class Filter: ALL
2026-01-13 13:31:33,352 | INFO | Dry Run: False
2026-01-13 13:31:33,352 | INFO | ======================================================================
2026-01-13 13:31:33,656 | INFO | Found 491 VEGA-attested assets
2026-01-13 13:31:33,656 | INFO | 
============================================================
2026-01-13 13:31:33,656 | INFO | Processing CRYPTO: 46 assets
2026-01-13 13:31:33,656 | INFO | Schedule: Daily 01:00 UTC
2026-01-13 13:31:33,657 | INFO | ============================================================
2026-01-13 13:31:33,657 | INFO | 
  Batch 1/2 (25 assets)
2026-01-13 13:31:36,781 | WARNING |   [GRT-USD] Fetch error: Too Many Requests. Rate limited. Try after a while.
2026-01-13 13:31:39,797 | INFO |   Batch complete, waiting 60s...
2026-01-13 13:32:39,798 | INFO | 
  Batch 2/2 (21 assets)
2026-01-13 13:32:41,420 | WARNING |   [UNI-USD] Fetch error: Too Many Requests. Rate limited. Try after a while.
2026-01-13 13:32:44,461 | INFO | 
============================================================
2026-01-13 13:32:44,461 | INFO | Processing EQUITY: 421 assets
2026-01-13 13:32:44,462 | INFO | Schedule: Weekdays 22:00 UTC
2026-01-13 13:32:44,463 | INFO | ============================================================
2026-01-13 13:32:44,464 | INFO | 
  Batch 1/17 (25 assets)
2026-01-13 13:32:45,782 | WARNING |   [1COV.DE] Fetch error: Too Many Requests. Rate limited. Try after a while.
2026-01-13 13:32:49,927 | WARNING |   [ABBV] Fetch error: Too Many Requests. Rate limited. Try after a while.
2026-01-13 13:32:54,206 | WARNING |   [ABNB] Fetch error: Too Many Requests. Rate limited. Try after a while.
2026-01-13 13:32:58,408 | WARNING |   [ABT] Fetch error: Too Many Requests. Rate limited. Try after a while.
2026-01-13 13:33:02,551 | WARNING |   [ADBE] Fetch error: Too Many Requests. Rate limited. Try after a while.
2026-01-13 13:33:07,126 | WARNING |   [ADI] Fetch error: Too Many Requests. Rate limited. Try after a while.
2026-01-13 13:33:11,193 | WARNING |   [ADSK] Fetch error: Too Many Requests. Rate limited. Try after a while.
2026-01-13 13:33:15,646 | WARNING |   [AEP] Fetch error: Too Many Requests. Rate limited. Try after a while.
2026-01-13 13:33:19,916 | WARNING |   [AFL] Fetch error: Too Many Requests. Rate limited. Try after a while.
2026-01-13 13:33:23,873 | WARNING |   [AIG] Fetch error: Too Many Requests. Rate limited. Try after a while.
2026-01-13 13:33:28,237 | WARNING |   [AKAM] Fetch error: Too Many Requests. Rate limited. Try after a while.
2026-01-13 13:33:32,592 | WARNING |   [ALB] Fetch error: Too Many Requests. Rate limited. Try after a while.
2026-01-13 13:33:36,618 | WARNING |   [ALL] Fetch error: Too Many Requests. Rate limited. Try after a while.
2026-01-13 13:33:41,165 | WARNING |   [AMAT] Fetch error: Too Many Requests. Rate limited. Try after a while.
2026-01-13 13:33:44,166 | INFO |   Batch complete, waiting 60s...
2026-01-13 13:34:44,168 | INFO | 
  Batch 2/17 (25 assets)
2026-01-13 13:34:45,760 | WARNING |   [AMD] Fetch error: Too Many Requests. Rate limited. Try after a while.
2026-01-13 13:34:50,212 | WARNING |   [AMGN] Fetch error: Too Many Requests. Rate limited. Try after a while.
2026-01-13 13:34:54,236 | WARNING |   [AMT] Fetch error: Too Many Requests. Rate limited. Try after a while.
2026-01-13 13:34:58,708 | WARNING |   [AMZN] Fetch error: Too Many Requests. Rate limited. Try after a while.
2026-01-13 13:35:02,693 | WARNING |   [AON] Fetch error: Too Many Requests. Rate limited. Try after a while.
2026-01-13 13:35:06,987 | WARNING |   [APD] Fetch error: Too Many Requests. Rate limited. Try after a while.
2026-01-13 13:35:11,130 | WARNING |   [ASML] Fetch error: Too Many Requests. Rate limited. Try after a while.
2026-01-13 13:35:15,513 | WARNING |   [AVB] Fetch error: Too Many Requests. Rate limited. Try after a while.
2026-01-13 13:35:19,461 | WARNING |   [AVGO] Fetch error: Too Many Requests. Rate limited. Try after a while.
2026-01-13 13:35:23,772 | WARNING |   [AWK] Fetch error: Too Many Requests. Rate limited. Try after a while.
2026-01-13 13:35:27,845 | WARNING |   [AXP] Fetch error: Too Many Requests. Rate limited. Try after a while.
2026-01-13 13:35:31,897 | WARNING |   [AZO] Fetch error: Too Many Requests. Rate limited. Try after a while.
2026-01-13 13:35:35,908 | WARNING |   [BA] Fetch error: Too Many Requests. Rate limited. Try after a while.
2026-01-13 13:35:39,761 | WARNING |   [BAC] Fetch error: Too Many Requests. Rate limited. Try after a while.
2026-01-13 13:35:42,768 | INFO |   Batch complete, waiting 60s...
