2025-12-29 17:48:14,490 | INFO | ======================================================================
2025-12-29 17:48:14,491 | INFO | IoS-001 DAILY PRICE INGEST
2025-12-29 17:48:14,491 | INFO | Executor: LINE (EC-004)
2025-12-29 17:48:14,491 | INFO | Authority: CEO_DIRECTIVE_LINE_DAILY_INGEST_ACTIVATION_20251212
2025-12-29 17:48:14,491 | INFO | Time: 2025-12-29T16:48:14.491729+00:00
2025-12-29 17:48:14,491 | INFO | Asset Class Filter: ALL
2025-12-29 17:48:14,492 | INFO | Dry Run: False
2025-12-29 17:48:14,492 | INFO | ======================================================================
2025-12-29 17:48:14,974 | INFO | Found 490 VEGA-attested assets
2025-12-29 17:48:14,974 | INFO | 
============================================================
2025-12-29 17:48:14,984 | INFO | Processing CRYPTO: 46 assets
2025-12-29 17:48:14,984 | INFO | Schedule: Daily 01:00 UTC
2025-12-29 17:48:14,984 | INFO | ============================================================
2025-12-29 17:48:14,984 | INFO | 
  Batch 1/2 (25 assets)
2025-12-29 17:48:15,027 | INFO |   Batch complete, waiting 60s...
2025-12-29 17:49:15,034 | INFO | 
  Batch 2/2 (21 assets)
2025-12-29 17:49:15,062 | INFO | 
============================================================
2025-12-29 17:49:15,063 | INFO | Processing EQUITY: 420 assets
2025-12-29 17:49:15,063 | INFO | Schedule: Weekdays 22:00 UTC
2025-12-29 17:49:15,063 | INFO | ============================================================
2025-12-29 17:49:15,063 | INFO | 
  Batch 1/17 (25 assets)
2025-12-29 17:49:16,299 | ERROR | $1COV.DE: possibly delisted; no price data found  (1d 2025-12-24 -> 2025-12-30)
2025-12-29 17:49:19,437 | INFO |     [ABBV] +1 rows
2025-12-29 17:49:22,547 | INFO |     [ABNB] +1 rows
2025-12-29 17:49:25,708 | INFO |     [ABT] +1 rows
2025-12-29 17:49:28,825 | INFO |     [ADBE] +1 rows
2025-12-29 17:49:32,040 | INFO |     [ADI] +1 rows
2025-12-29 17:49:35,198 | INFO |     [ADSK] +1 rows
2025-12-29 17:49:38,400 | INFO |     [AEP] +1 rows
2025-12-29 17:49:41,566 | INFO |     [AFL] +1 rows
2025-12-29 17:49:44,726 | INFO |     [AIG] +1 rows
2025-12-29 17:49:47,829 | INFO |     [AKAM] +1 rows
2025-12-29 17:49:50,999 | INFO |     [ALB] +1 rows
2025-12-29 17:49:54,163 | INFO |     [ALL] +1 rows
2025-12-29 17:49:57,296 | INFO |     [AMAT] +1 rows
2025-12-29 17:50:00,298 | INFO |   Batch complete, waiting 60s...
2025-12-29 17:51:00,299 | INFO | 
  Batch 2/17 (25 assets)
2025-12-29 17:51:00,427 | INFO |     [AMD] +1 rows
2025-12-29 17:51:03,585 | INFO |     [AMGN] +1 rows
2025-12-29 17:51:06,730 | INFO |     [AMT] +1 rows
2025-12-29 17:51:09,828 | INFO |     [AMZN] +1 rows
2025-12-29 17:51:13,003 | INFO |     [AON] +1 rows
2025-12-29 17:51:16,175 | INFO |     [APD] +1 rows
2025-12-29 17:51:19,325 | INFO |     [ASML] +1 rows
2025-12-29 17:51:22,507 | INFO |     [AVB] +1 rows
2025-12-29 17:51:25,628 | INFO |     [AVGO] +1 rows
2025-12-29 17:51:28,749 | INFO |     [AWK] +1 rows
2025-12-29 17:51:31,966 | INFO |     [AXP] +1 rows
2025-12-29 17:51:35,112 | INFO |     [AZO] +1 rows
2025-12-29 17:51:38,325 | INFO |     [BA] +1 rows
2025-12-29 17:51:41,501 | INFO |     [BAC] +1 rows
2025-12-29 17:51:44,513 | INFO |   Batch complete, waiting 60s...
2025-12-29 17:52:44,514 | INFO | 
  Batch 3/17 (25 assets)
2025-12-29 17:52:44,651 | INFO |     [BEI.DE] +1 rows
2025-12-29 17:52:47,745 | INFO |     [BEWI.OL] +1 rows
2025-12-29 17:52:50,899 | INFO |     [BHP.L] +1 rows
2025-12-29 17:52:53,991 | INFO |     [BKNG] +1 rows
2025-12-29 17:52:57,150 | INFO |     [BKR] +1 rows
2025-12-29 17:53:00,307 | INFO |     [BLK] +1 rows
2025-12-29 17:53:03,451 | INFO |     [BMW.DE] +1 rows
2025-12-29 17:53:06,634 | INFO |     [BMY] +1 rows
2025-12-29 17:53:09,799 | INFO |     [BN.PA] +1 rows
2025-12-29 17:53:12,948 | INFO |     [BNP.PA] +1 rows
