2026-01-02 12:38:03,790 | INFO | ======================================================================
2026-01-02 12:38:03,790 | INFO | IoS-001 DAILY PRICE INGEST
2026-01-02 12:38:03,790 | INFO | Executor: LINE (EC-004)
2026-01-02 12:38:03,790 | INFO | Authority: CEO_DIRECTIVE_LINE_DAILY_INGEST_ACTIVATION_20251212
2026-01-02 12:38:03,790 | INFO | Time: 2026-01-02T11:38:03.790495+00:00
2026-01-02 12:38:03,790 | INFO | Asset Class Filter: ALL
2026-01-02 12:38:03,790 | INFO | Dry Run: False
2026-01-02 12:38:03,790 | INFO | ======================================================================
2026-01-02 12:38:04,001 | INFO | Found 491 VEGA-attested assets
2026-01-02 12:38:04,002 | INFO | 
============================================================
2026-01-02 12:38:04,002 | INFO | Processing CRYPTO: 46 assets
2026-01-02 12:38:04,002 | INFO | Schedule: Daily 01:00 UTC
2026-01-02 12:38:04,002 | INFO | ============================================================
2026-01-02 12:38:04,002 | INFO | 
  Batch 1/2 (25 assets)
2026-01-02 12:38:07,312 | WARNING |   [GRT-USD] Fetch error: Too Many Requests. Rate limited. Try after a while.
2026-01-02 12:38:10,318 | INFO |   Batch complete, waiting 60s...
2026-01-02 12:39:10,320 | INFO | 
  Batch 2/2 (21 assets)
2026-01-02 12:39:11,964 | WARNING |   [UNI-USD] Fetch error: Too Many Requests. Rate limited. Try after a while.
2026-01-02 12:39:14,990 | INFO | 
============================================================
2026-01-02 12:39:15,000 | INFO | Processing EQUITY: 421 assets
2026-01-02 12:39:15,000 | INFO | Schedule: Weekdays 22:00 UTC
2026-01-02 12:39:15,000 | INFO | ============================================================
2026-01-02 12:39:15,000 | INFO | 
  Batch 1/17 (25 assets)
2026-01-02 12:39:19,971 | WARNING |   [1COV.DE] Fetch error: Too Many Requests. Rate limited. Try after a while.
2026-01-02 12:39:24,014 | WARNING |   [ABBV] Fetch error: Too Many Requests. Rate limited. Try after a while.
2026-01-02 12:39:28,497 | WARNING |   [ABNB] Fetch error: Too Many Requests. Rate limited. Try after a while.
2026-01-02 12:39:32,697 | WARNING |   [ABT] Fetch error: Too Many Requests. Rate limited. Try after a while.
2026-01-02 12:39:36,672 | WARNING |   [ADBE] Fetch error: Too Many Requests. Rate limited. Try after a while.
2026-01-02 12:39:40,764 | WARNING |   [ADI] Fetch error: Too Many Requests. Rate limited. Try after a while.
2026-01-02 12:39:44,635 | WARNING |   [ADSK] Fetch error: Too Many Requests. Rate limited. Try after a while.
2026-01-02 12:39:48,603 | WARNING |   [AEP] Fetch error: Too Many Requests. Rate limited. Try after a while.
2026-01-02 12:39:52,735 | WARNING |   [AFL] Fetch error: Too Many Requests. Rate limited. Try after a while.
2026-01-02 12:39:56,538 | WARNING |   [AIG] Fetch error: Too Many Requests. Rate limited. Try after a while.
2026-01-02 12:40:00,641 | WARNING |   [AKAM] Fetch error: Too Many Requests. Rate limited. Try after a while.
2026-01-02 12:40:04,646 | WARNING |   [ALB] Fetch error: Too Many Requests. Rate limited. Try after a while.
2026-01-02 12:40:08,634 | WARNING |   [ALL] Fetch error: Too Many Requests. Rate limited. Try after a while.
2026-01-02 12:40:12,669 | WARNING |   [AMAT] Fetch error: Too Many Requests. Rate limited. Try after a while.
2026-01-02 12:40:15,674 | INFO |   Batch complete, waiting 60s...
2026-01-02 12:41:15,675 | INFO | 
  Batch 2/17 (25 assets)
2026-01-02 12:41:17,247 | WARNING |   [AMD] Fetch error: Too Many Requests. Rate limited. Try after a while.
2026-01-02 12:41:21,484 | WARNING |   [AMGN] Fetch error: Too Many Requests. Rate limited. Try after a while.
2026-01-02 12:41:25,467 | WARNING |   [AMT] Fetch error: Too Many Requests. Rate limited. Try after a while.
2026-01-02 12:41:29,889 | WARNING |   [AMZN] Fetch error: Too Many Requests. Rate limited. Try after a while.
2026-01-02 12:41:34,187 | WARNING |   [AON] Fetch error: Too Many Requests. Rate limited. Try after a while.
2026-01-02 12:41:38,496 | WARNING |   [APD] Fetch error: Too Many Requests. Rate limited. Try after a while.
2026-01-02 12:41:42,675 | WARNING |   [ASML] Fetch error: Too Many Requests. Rate limited. Try after a while.
2026-01-02 12:41:46,868 | WARNING |   [AVB] Fetch error: Too Many Requests. Rate limited. Try after a while.
2026-01-02 12:41:51,000 | WARNING |   [AVGO] Fetch error: Too Many Requests. Rate limited. Try after a while.
2026-01-02 12:41:55,250 | WARNING |   [AWK] Fetch error: Too Many Requests. Rate limited. Try after a while.
2026-01-02 12:41:59,396 | WARNING |   [AXP] Fetch error: Too Many Requests. Rate limited. Try after a while.
2026-01-02 12:42:03,564 | WARNING |   [AZO] Fetch error: Too Many Requests. Rate limited. Try after a while.
2026-01-02 12:42:07,852 | WARNING |   [BA] Fetch error: Too Many Requests. Rate limited. Try after a while.
2026-01-02 12:42:11,864 | WARNING |   [BAC] Fetch error: Too Many Requests. Rate limited. Try after a while.
2026-01-02 12:42:14,904 | INFO |   Batch complete, waiting 60s...
