2026-01-16 01:13:13,521 | INFO | ======================================================================
2026-01-16 01:13:13,522 | INFO | IoS-001 DAILY PRICE INGEST
2026-01-16 01:13:13,522 | INFO | Executor: LINE (EC-004)
2026-01-16 01:13:13,522 | INFO | Authority: CEO_DIRECTIVE_LINE_DAILY_INGEST_ACTIVATION_20251212
2026-01-16 01:13:13,522 | INFO | Time: 2026-01-16T00:13:13.522118+00:00
2026-01-16 01:13:13,522 | INFO | Asset Class Filter: ALL
2026-01-16 01:13:13,523 | INFO | Dry Run: False
2026-01-16 01:13:13,523 | INFO | ======================================================================
2026-01-16 01:13:13,814 | INFO | Found 491 VEGA-attested assets
2026-01-16 01:13:13,814 | INFO | 
============================================================
2026-01-16 01:13:13,814 | INFO | Processing CRYPTO: 46 assets
2026-01-16 01:13:13,814 | INFO | Schedule: Daily 01:00 UTC
2026-01-16 01:13:13,814 | INFO | ============================================================
2026-01-16 01:13:13,815 | INFO | 
  Batch 1/2 (25 assets)
2026-01-16 01:13:14,974 | INFO |     [ADA-USD] +1 rows
2026-01-16 01:13:18,060 | INFO |     [ALGO-USD] +1 rows
2026-01-16 01:13:21,176 | INFO |     [ATOM-USD] +1 rows
2026-01-16 01:13:24,272 | INFO |     [AVAX-USD] +1 rows
2026-01-16 01:13:27,363 | INFO |     [AXS-USD] +1 rows
2026-01-16 01:13:30,491 | INFO |     [BCH-USD] +1 rows
2026-01-16 01:13:33,627 | INFO |     [BNB-USD] +1 rows
2026-01-16 01:13:36,723 | INFO |     [BTC-USD] +1 rows
2026-01-16 01:13:39,820 | INFO |     [CHZ-USD] +1 rows
2026-01-16 01:13:42,937 | INFO |     [CRO-USD] +1 rows
2026-01-16 01:13:46,046 | INFO |     [CRV-USD] +1 rows
2026-01-16 01:13:49,185 | INFO |     [DOGE-USD] +1 rows
2026-01-16 01:13:52,285 | INFO |     [DOT-USD] +1 rows
2026-01-16 01:13:55,493 | INFO |     [EOS-USD] +1 rows
2026-01-16 01:13:58,695 | INFO |     [ETC-USD] +1 rows
2026-01-16 01:14:01,848 | INFO |     [ETH-USD] +1 rows
2026-01-16 01:14:04,965 | INFO |     [FIL-USD] +1 rows
2026-01-16 01:14:08,066 | INFO |     [FLOW-USD] +1 rows
2026-01-16 01:14:11,160 | ERROR | $GRT-USD: possibly delisted; no price data found  (1d 2026-01-15 -> 2026-01-17)
2026-01-16 01:14:14,297 | INFO |     [HBAR-USD] +1 rows
2026-01-16 01:14:17,439 | INFO |     [ICP-USD] +1 rows
2026-01-16 01:14:20,590 | INFO |     [INJ-USD] +1 rows
2026-01-16 01:14:23,687 | INFO |     [LDO-USD] +1 rows
2026-01-16 01:14:26,824 | INFO |     [LINK-USD] +1 rows
2026-01-16 01:14:29,990 | INFO |     [LTC-USD] +1 rows
2026-01-16 01:14:32,991 | INFO |   Batch complete, waiting 60s...
2026-01-16 01:15:32,993 | INFO | 
  Batch 2/2 (21 assets)
2026-01-16 01:15:33,104 | INFO |     [MANA-USD] +1 rows
2026-01-16 01:15:36,252 | INFO |     [MKR-USD] +1 rows
2026-01-16 01:15:39,387 | INFO |     [NEAR-USD] +1 rows
2026-01-16 01:15:42,546 | INFO |     [OKB-USD] +1 rows
2026-01-16 01:15:45,691 | INFO |     [QNT-USD] +1 rows
2026-01-16 01:15:48,827 | INFO |     [RPL-USD] +1 rows
2026-01-16 01:15:51,978 | INFO |     [RUNE-USD] +1 rows
2026-01-16 01:15:55,103 | INFO |     [SAND-USD] +1 rows
2026-01-16 01:15:58,239 | INFO |     [SHIB-USD] +1 rows
2026-01-16 01:16:01,376 | INFO |     [SNX-USD] +1 rows
2026-01-16 01:16:04,511 | INFO |     [SOL-USD] +1 rows
2026-01-16 01:16:07,657 | INFO |     [THETA-USD] +1 rows
2026-01-16 01:16:10,770 | INFO |     [TRX-USD] +1 rows
2026-01-16 01:16:13,863 | ERROR | $UNI-USD: possibly delisted; no price data found  (1d 2026-01-08 -> 2026-01-17)
2026-01-16 01:16:16,999 | INFO |     [VET-USD] +1 rows
2026-01-16 01:16:20,135 | INFO |     [XLM-USD] +1 rows
2026-01-16 01:16:23,264 | INFO |     [XMR-USD] +1 rows
2026-01-16 01:16:26,378 | INFO |     [XRP-USD] +1 rows
2026-01-16 01:16:29,480 | INFO |     [XTZ-USD] +1 rows
2026-01-16 01:16:32,619 | INFO |     [ZEC-USD] +1 rows
2026-01-16 01:16:35,748 | INFO |     [AAVE-USD] +1 rows
2026-01-16 01:16:38,755 | INFO | 
============================================================
2026-01-16 01:16:38,755 | INFO | Processing EQUITY: 421 assets
2026-01-16 01:16:38,755 | INFO | Schedule: Weekdays 22:00 UTC
2026-01-16 01:16:38,755 | INFO | ============================================================
2026-01-16 01:16:38,755 | INFO | 
  Batch 1/17 (25 assets)
2026-01-16 01:16:38,939 | ERROR | $1COV.DE: possibly delisted; no price data found  (1d 2025-12-24 -> 2026-01-17)
2026-01-16 01:16:44,239 | ERROR | $ABBV: possibly delisted; no price data found  (1d 2026-01-16 -> 2026-01-17) (Yahoo error = "Data doesn't exist for startDate = 1768539600, endDate = 1768626000")
2026-01-16 01:16:48,146 | ERROR | $ABNB: possibly delisted; no price data found  (1d 2026-01-16 -> 2026-01-17) (Yahoo error = "Data doesn't exist for startDate = 1768539600, endDate = 1768626000")
2026-01-16 01:16:52,620 | ERROR | $ABT: possibly delisted; no price data found  (1d 2026-01-16 -> 2026-01-17) (Yahoo error = "Data doesn't exist for startDate = 1768539600, endDate = 1768626000")
2026-01-16 01:16:55,817 | INFO |     [ACA.PA] +1 rows
2026-01-16 01:16:59,947 | ERROR | $ADBE: possibly delisted; no price data found  (1d 2026-01-16 -> 2026-01-17) (Yahoo error = "Data doesn't exist for startDate = 1768539600, endDate = 1768626000")
2026-01-16 01:17:04,209 | ERROR | $ADI: possibly delisted; no price data found  (1d 2026-01-16 -> 2026-01-17) (Yahoo error = "Data doesn't exist for startDate = 1768539600, endDate = 1768626000")
2026-01-16 01:17:07,368 | INFO |     [ADS.DE] +1 rows
2026-01-16 01:17:11,264 | ERROR | $ADSK: possibly delisted; no price data found  (1d 2026-01-16 -> 2026-01-17) (Yahoo error = "Data doesn't exist for startDate = 1768539600, endDate = 1768626000")
2026-01-16 01:17:15,909 | ERROR | $AEP: possibly delisted; no price data found  (1d 2026-01-16 -> 2026-01-17) (Yahoo error = "Data doesn't exist for startDate = 1768539600, endDate = 1768626000")
2026-01-16 01:17:25,015 | ERROR | $AFL: possibly delisted; no price data found  (1d 2026-01-16 -> 2026-01-17) (Yahoo error = "Data doesn't exist for startDate = 1768539600, endDate = 1768626000")
2026-01-16 01:17:28,181 | INFO |     [AI.PA] +1 rows
2026-01-16 01:17:32,416 | ERROR | $AIG: possibly delisted; no price data found  (1d 2026-01-16 -> 2026-01-17) (Yahoo error = "Data doesn't exist for startDate = 1768539600, endDate = 1768626000")
2026-01-16 01:17:35,582 | INFO |     [AIR.DE] +1 rows
2026-01-16 01:17:38,746 | INFO |     [AIR.PA] +1 rows
2026-01-16 01:17:43,210 | ERROR | $AKAM: possibly delisted; no price data found  (1d 2026-01-16 -> 2026-01-17) (Yahoo error = "Data doesn't exist for startDate = 1768539600, endDate = 1768626000")
2026-01-16 01:17:46,375 | INFO |     [AKER.OL] +1 rows
2026-01-16 01:17:49,513 | INFO |     [AKRBP.OL] +1 rows
2026-01-16 01:17:52,669 | INFO |     [AKSO.OL] +1 rows
2026-01-16 01:17:55,839 | INFO |     [AKVA.OL] +1 rows
2026-01-16 01:18:00,060 | ERROR | $ALB: possibly delisted; no price data found  (1d 2026-01-16 -> 2026-01-17) (Yahoo error = "Data doesn't exist for startDate = 1768539600, endDate = 1768626000")
2026-01-16 01:18:04,213 | ERROR | $ALL: possibly delisted; no price data found  (1d 2026-01-16 -> 2026-01-17) (Yahoo error = "Data doesn't exist for startDate = 1768539600, endDate = 1768626000")
2026-01-16 01:18:07,370 | INFO |     [ALO.PA] +1 rows
2026-01-16 01:18:10,546 | INFO |     [ALV.DE] +1 rows
