2026-01-11 10:52:47,154 | INFO | ======================================================================
2026-01-11 10:52:47,154 | INFO | IoS-001 DAILY PRICE INGEST
2026-01-11 10:52:47,155 | INFO | Executor: LINE (EC-004)
2026-01-11 10:52:47,155 | INFO | Authority: CEO_DIRECTIVE_LINE_DAILY_INGEST_ACTIVATION_20251212
2026-01-11 10:52:47,155 | INFO | Time: 2026-01-11T09:52:47.155028+00:00
2026-01-11 10:52:47,155 | INFO | Asset Class Filter: ALL
2026-01-11 10:52:47,155 | INFO | Dry Run: False
2026-01-11 10:52:47,155 | INFO | ======================================================================
2026-01-11 10:52:47,442 | INFO | Found 491 VEGA-attested assets
2026-01-11 10:52:47,442 | INFO | 
============================================================
2026-01-11 10:52:47,442 | INFO | Processing CRYPTO: 46 assets
2026-01-11 10:52:47,442 | INFO | Schedule: Daily 01:00 UTC
2026-01-11 10:52:47,442 | INFO | ============================================================
2026-01-11 10:52:47,442 | INFO | 
  Batch 1/2 (25 assets)
2026-01-11 10:52:51,254 | WARNING |   [GRT-USD] Fetch error: Too Many Requests. Rate limited. Try after a while.
2026-01-11 10:52:54,296 | INFO |   Batch complete, waiting 60s...
2026-01-11 10:53:54,299 | INFO | 
  Batch 2/2 (21 assets)
2026-01-11 10:53:56,210 | WARNING |   [UNI-USD] Fetch error: Too Many Requests. Rate limited. Try after a while.
2026-01-11 10:53:59,270 | INFO | 
============================================================
2026-01-11 10:53:59,270 | INFO | Processing EQUITY: 421 assets
2026-01-11 10:53:59,270 | INFO | Schedule: Weekdays 22:00 UTC
2026-01-11 10:53:59,270 | INFO | ============================================================
2026-01-11 10:53:59,270 | INFO |   Market closed for EQUITY today, skipping
2026-01-11 10:53:59,270 | INFO | 
============================================================
2026-01-11 10:53:59,270 | INFO | Processing FX: 24 assets
2026-01-11 10:53:59,270 | INFO | Schedule: Sun-Thu 22:00 UTC
2026-01-11 10:53:59,270 | INFO | ============================================================
2026-01-11 10:53:59,270 | INFO | 
  Batch 1/1 (24 assets)
2026-01-11 10:54:00,772 | WARNING |   [AUDJPY=X] Fetch error: Too Many Requests. Rate limited. Try after a while.
2026-01-11 10:54:04,757 | WARNING |   [CADJPY=X] Fetch error: Too Many Requests. Rate limited. Try after a while.
2026-01-11 10:54:09,038 | WARNING |   [CHFJPY=X] Fetch error: Too Many Requests. Rate limited. Try after a while.
2026-01-11 10:54:13,413 | WARNING |   [EURAUD=X] Fetch error: Too Many Requests. Rate limited. Try after a while.
2026-01-11 10:54:17,720 | WARNING |   [EURCHF=X] Fetch error: Too Many Requests. Rate limited. Try after a while.
2026-01-11 10:54:21,909 | WARNING |   [EURGBP=X] Fetch error: Too Many Requests. Rate limited. Try after a while.
2026-01-11 10:54:26,013 | WARNING |   [EURJPY=X] Fetch error: Too Many Requests. Rate limited. Try after a while.
2026-01-11 10:54:30,714 | WARNING |   [EURNOK=X] Fetch error: Too Many Requests. Rate limited. Try after a while.
2026-01-11 10:54:34,785 | WARNING |   [EURSEK=X] Fetch error: Too Many Requests. Rate limited. Try after a while.
2026-01-11 10:54:38,877 | WARNING |   [EURUSD=X] Fetch error: Too Many Requests. Rate limited. Try after a while.
2026-01-11 10:54:42,639 | WARNING |   [GBPJPY=X] Fetch error: Too Many Requests. Rate limited. Try after a while.
2026-01-11 10:54:46,674 | WARNING |   [USDHKD=X] Fetch error: Too Many Requests. Rate limited. Try after a while.
2026-01-11 10:54:50,902 | WARNING |   [USDJPY=X] Fetch error: Too Many Requests. Rate limited. Try after a while.
2026-01-11 10:54:55,132 | WARNING |   [USDMXN=X] Fetch error: Too Many Requests. Rate limited. Try after a while.
2026-01-11 10:54:59,493 | WARNING |   [USDTRY=X] Fetch error: Too Many Requests. Rate limited. Try after a while.
2026-01-11 10:55:02,500 | WARNING | Heartbeat recording failed: relation "fhq_monitoring.system_heartbeats" does not exist
LINE 2:                 INSERT INTO fhq_monitoring.system_heartbeats...
                                    ^

2026-01-11 10:55:02,510 | INFO | 
======================================================================
2026-01-11 10:55:02,510 | INFO | DAILY INGEST COMPLETE
2026-01-11 10:55:02,510 | INFO | ======================================================================
2026-01-11 10:55:02,510 | INFO | Assets Processed: 70
2026-01-11 10:55:02,510 | INFO | Assets Updated:   0
2026-01-11 10:55:02,510 | INFO | Rows Inserted:    0
2026-01-11 10:55:02,510 | INFO |   CRYPTO: 0 assets, 0 rows
2026-01-11 10:55:02,510 | INFO |   FX: 0 assets, 0 rows
2026-01-11 10:55:02,510 | INFO | Evidence: C:\fhq-market-system\vision-ios\03_FUNCTIONS\evidence\IOS001_DAILY_INGEST_354d7f4f_20260111_105502.json
2026-01-11 10:55:02,510 | INFO | ======================================================================
