2026-01-27 14:02:56,601 | INFO | ======================================================================
2026-01-27 14:02:56,601 | INFO | IoS-001 DAILY PRICE INGEST
2026-01-27 14:02:56,601 | INFO | Executor: LINE (EC-004)
2026-01-27 14:02:56,601 | INFO | Authority: CEO_DIRECTIVE_LINE_DAILY_INGEST_ACTIVATION_20251212
2026-01-27 14:02:56,601 | INFO | Time: 2026-01-27T13:02:56.601867+00:00
2026-01-27 14:02:56,601 | INFO | Asset Class Filter: ALL
2026-01-27 14:02:56,601 | INFO | Dry Run: False
2026-01-27 14:02:56,601 | INFO | ======================================================================
2026-01-27 14:02:56,844 | INFO | Found 491 VEGA-attested assets
2026-01-27 14:02:56,844 | INFO | 
============================================================
2026-01-27 14:02:56,844 | INFO | Processing CRYPTO: 46 assets
2026-01-27 14:02:56,844 | INFO | Schedule: Daily 01:00 UTC
2026-01-27 14:02:56,844 | INFO | ============================================================
2026-01-27 14:02:56,844 | INFO | 
  Batch 1/2 (25 assets)
2026-01-27 14:03:01,041 | WARNING |   [GRT-USD] Fetch error: Too Many Requests. Rate limited. Try after a while.
2026-01-27 14:03:04,078 | INFO |   Batch complete, waiting 60s...
2026-01-27 14:04:04,087 | INFO | 
  Batch 2/2 (21 assets)
2026-01-27 14:04:05,939 | WARNING |   [UNI-USD] Fetch error: Too Many Requests. Rate limited. Try after a while.
2026-01-27 14:04:08,984 | INFO | 
============================================================
2026-01-27 14:04:08,984 | INFO | Processing EQUITY: 421 assets
2026-01-27 14:04:08,984 | INFO | Schedule: Weekdays 22:00 UTC
2026-01-27 14:04:08,984 | INFO | ============================================================
2026-01-27 14:04:08,984 | INFO | 
  Batch 1/17 (25 assets)
2026-01-27 14:04:09,839 | WARNING |   [1COV.DE] Fetch error: Too Many Requests. Rate limited. Try after a while.
2026-01-27 14:04:13,311 | WARNING |   [ABBV] Fetch error: Too Many Requests. Rate limited. Try after a while.
2026-01-27 14:04:16,901 | WARNING |   [ABNB] Fetch error: Too Many Requests. Rate limited. Try after a while.
2026-01-27 14:04:20,381 | WARNING |   [ABT] Fetch error: Too Many Requests. Rate limited. Try after a while.
2026-01-27 14:04:23,957 | WARNING |   [ADBE] Fetch error: Too Many Requests. Rate limited. Try after a while.
2026-01-27 14:04:29,059 | WARNING |   [ADI] Fetch error: Too Many Requests. Rate limited. Try after a while.
2026-01-27 14:04:33,286 | WARNING |   [ADSK] Fetch error: Too Many Requests. Rate limited. Try after a while.
2026-01-27 14:04:37,695 | WARNING |   [AEP] Fetch error: Too Many Requests. Rate limited. Try after a while.
2026-01-27 14:04:41,947 | WARNING |   [AFL] Fetch error: Too Many Requests. Rate limited. Try after a while.
2026-01-27 14:04:46,129 | WARNING |   [AIG] Fetch error: Too Many Requests. Rate limited. Try after a while.
2026-01-27 14:04:50,208 | WARNING |   [AKAM] Fetch error: Too Many Requests. Rate limited. Try after a while.
2026-01-27 14:04:54,347 | WARNING |   [ALB] Fetch error: Too Many Requests. Rate limited. Try after a while.
2026-01-27 14:04:58,693 | WARNING |   [ALL] Fetch error: Too Many Requests. Rate limited. Try after a while.
2026-01-27 14:05:02,873 | WARNING |   [AMAT] Fetch error: Too Many Requests. Rate limited. Try after a while.
2026-01-27 14:05:05,875 | INFO |   Batch complete, waiting 60s...
2026-01-27 14:06:05,876 | INFO | 
  Batch 2/17 (25 assets)
2026-01-27 14:06:07,860 | WARNING |   [AMD] Fetch error: Too Many Requests. Rate limited. Try after a while.
2026-01-27 14:06:11,955 | WARNING |   [AMGN] Fetch error: Too Many Requests. Rate limited. Try after a while.
2026-01-27 14:06:15,948 | WARNING |   [AMT] Fetch error: Too Many Requests. Rate limited. Try after a while.
2026-01-27 14:06:19,792 | WARNING |   [AMZN] Fetch error: Too Many Requests. Rate limited. Try after a while.
2026-01-27 14:06:23,959 | WARNING |   [AON] Fetch error: Too Many Requests. Rate limited. Try after a while.
2026-01-27 14:06:28,330 | WARNING |   [APD] Fetch error: Too Many Requests. Rate limited. Try after a while.
2026-01-27 14:06:32,736 | WARNING |   [ASML] Fetch error: Too Many Requests. Rate limited. Try after a while.
2026-01-27 14:06:36,808 | WARNING |   [AVB] Fetch error: Too Many Requests. Rate limited. Try after a while.
2026-01-27 14:06:40,900 | WARNING |   [AVGO] Fetch error: Too Many Requests. Rate limited. Try after a while.
2026-01-27 14:06:45,260 | WARNING |   [AWK] Fetch error: Too Many Requests. Rate limited. Try after a while.
2026-01-27 14:06:49,485 | WARNING |   [AXP] Fetch error: Too Many Requests. Rate limited. Try after a while.
2026-01-27 14:06:53,666 | WARNING |   [AZO] Fetch error: Too Many Requests. Rate limited. Try after a while.
2026-01-27 14:06:58,420 | WARNING |   [BA] Fetch error: Too Many Requests. Rate limited. Try after a while.
2026-01-27 14:07:02,987 | WARNING |   [BAC] Fetch error: Too Many Requests. Rate limited. Try after a while.
2026-01-27 14:07:05,997 | INFO |   Batch complete, waiting 60s...
