2026-01-20 16:58:31,076 | INFO | ======================================================================
2026-01-20 16:58:31,076 | INFO | IoS-001 DAILY PRICE INGEST
2026-01-20 16:58:31,076 | INFO | Executor: LINE (EC-004)
2026-01-20 16:58:31,076 | INFO | Authority: CEO_DIRECTIVE_LINE_DAILY_INGEST_ACTIVATION_20251212
2026-01-20 16:58:31,076 | INFO | Time: 2026-01-20T15:58:31.076980+00:00
2026-01-20 16:58:31,076 | INFO | Asset Class Filter: ALL
2026-01-20 16:58:31,076 | INFO | Dry Run: False
2026-01-20 16:58:31,076 | INFO | ======================================================================
2026-01-20 16:58:31,449 | INFO | Found 491 VEGA-attested assets
2026-01-20 16:58:31,449 | INFO | 
============================================================
2026-01-20 16:58:31,449 | INFO | Processing CRYPTO: 46 assets
2026-01-20 16:58:31,449 | INFO | Schedule: Daily 01:00 UTC
2026-01-20 16:58:31,449 | INFO | ============================================================
2026-01-20 16:58:31,449 | INFO | 
  Batch 1/2 (25 assets)
2026-01-20 16:58:31,532 | INFO |   Batch complete, waiting 60s...
2026-01-20 16:59:31,534 | INFO | 
  Batch 2/2 (21 assets)
2026-01-20 16:59:31,597 | INFO | 
============================================================
2026-01-20 16:59:31,597 | INFO | Processing EQUITY: 421 assets
2026-01-20 16:59:31,597 | INFO | Schedule: Weekdays 22:00 UTC
2026-01-20 16:59:31,597 | INFO | ============================================================
2026-01-20 16:59:31,597 | INFO | 
  Batch 1/17 (25 assets)
2026-01-20 16:59:35,482 | WARNING |   [1COV.DE] Fetch error: Too Many Requests. Rate limited. Try after a while.
2026-01-20 16:59:39,656 | WARNING |   [ABBV] Fetch error: Too Many Requests. Rate limited. Try after a while.
2026-01-20 16:59:44,116 | WARNING |   [ABNB] Fetch error: Too Many Requests. Rate limited. Try after a while.
2026-01-20 16:59:48,611 | WARNING |   [ABT] Fetch error: Too Many Requests. Rate limited. Try after a while.
2026-01-20 16:59:53,148 | WARNING |   [ADBE] Fetch error: Too Many Requests. Rate limited. Try after a while.
2026-01-20 16:59:57,251 | WARNING |   [ADI] Fetch error: Too Many Requests. Rate limited. Try after a while.
2026-01-20 17:00:01,439 | WARNING |   [ADSK] Fetch error: Too Many Requests. Rate limited. Try after a while.
2026-01-20 17:00:05,529 | WARNING |   [AEP] Fetch error: Too Many Requests. Rate limited. Try after a while.
2026-01-20 17:00:09,641 | WARNING |   [AFL] Fetch error: Too Many Requests. Rate limited. Try after a while.
2026-01-20 17:00:13,905 | WARNING |   [AIG] Fetch error: Too Many Requests. Rate limited. Try after a while.
2026-01-20 17:00:18,643 | WARNING |   [AKAM] Fetch error: Too Many Requests. Rate limited. Try after a while.
2026-01-20 17:00:23,298 | WARNING |   [ALB] Fetch error: Too Many Requests. Rate limited. Try after a while.
2026-01-20 17:00:27,416 | WARNING |   [ALL] Fetch error: Too Many Requests. Rate limited. Try after a while.
2026-01-20 17:00:32,036 | WARNING |   [AMAT] Fetch error: Too Many Requests. Rate limited. Try after a while.
2026-01-20 17:00:35,041 | INFO |   Batch complete, waiting 60s...
2026-01-20 17:01:35,042 | INFO | 
  Batch 2/17 (25 assets)
2026-01-20 17:01:37,244 | WARNING |   [AMD] Fetch error: Too Many Requests. Rate limited. Try after a while.
2026-01-20 17:01:41,879 | WARNING |   [AMGN] Fetch error: Too Many Requests. Rate limited. Try after a while.
2026-01-20 17:01:45,837 | WARNING |   [AMT] Fetch error: Too Many Requests. Rate limited. Try after a while.
2026-01-20 17:01:49,983 | WARNING |   [AMZN] Fetch error: Too Many Requests. Rate limited. Try after a while.
2026-01-20 17:01:53,978 | WARNING |   [AON] Fetch error: Too Many Requests. Rate limited. Try after a while.
2026-01-20 17:01:58,144 | WARNING |   [APD] Fetch error: Too Many Requests. Rate limited. Try after a while.
2026-01-20 17:02:02,506 | WARNING |   [ASML] Fetch error: Too Many Requests. Rate limited. Try after a while.
2026-01-20 17:02:07,116 | WARNING |   [AVB] Fetch error: Too Many Requests. Rate limited. Try after a while.
2026-01-20 17:02:11,654 | WARNING |   [AVGO] Fetch error: Too Many Requests. Rate limited. Try after a while.
2026-01-20 17:02:15,756 | WARNING |   [AWK] Fetch error: Too Many Requests. Rate limited. Try after a while.
2026-01-20 17:02:19,697 | WARNING |   [AXP] Fetch error: Too Many Requests. Rate limited. Try after a while.
2026-01-20 17:02:23,732 | WARNING |   [AZO] Fetch error: Too Many Requests. Rate limited. Try after a while.
2026-01-20 17:02:27,638 | WARNING |   [BA] Fetch error: Too Many Requests. Rate limited. Try after a while.
2026-01-20 17:02:31,632 | WARNING |   [BAC] Fetch error: Too Many Requests. Rate limited. Try after a while.
2026-01-20 17:02:34,644 | INFO |   Batch complete, waiting 60s...
