2026-02-15 07:28:08,675 | INFO | ======================================================================
2026-02-15 07:28:08,675 | INFO | IoS-001 DAILY PRICE INGEST
2026-02-15 07:28:08,675 | INFO | Executor: LINE (EC-004)
2026-02-15 07:28:08,675 | INFO | Authority: CEO_DIRECTIVE_LINE_DAILY_INGEST_ACTIVATION_20251212
2026-02-15 07:28:08,675 | INFO | Amendment: CEO-DIR-2026-119 (Rate Limit Mitigation)
2026-02-15 07:28:08,675 | INFO | Time: 2026-02-15T06:28:08.675585+00:00
2026-02-15 07:28:08,675 | INFO | Asset Class Filter: ALL
2026-02-15 07:28:08,675 | INFO | Batch Mode: True
2026-02-15 07:28:08,675 | INFO | Dry Run: False
2026-02-15 07:28:08,675 | INFO | ======================================================================
2026-02-15 07:28:08,999 | INFO | Found 491 VEGA-attested assets
2026-02-15 07:28:08,999 | INFO | 
============================================================
2026-02-15 07:28:08,999 | INFO | Processing CRYPTO: 46 assets
2026-02-15 07:28:08,999 | INFO | Schedule: Daily 01:00 UTC
2026-02-15 07:28:08,999 | INFO | ============================================================
2026-02-15 07:28:08,999 | INFO |   Using BATCH MODE (CEO-DIR-2026-119)
2026-02-15 07:28:08,999 | INFO | 
  Batch 1/5 (10 tickers)
2026-02-15 07:28:09,015 | INFO |     All assets up to date
2026-02-15 07:28:09,015 | INFO | 
  Batch 2/5 (10 tickers)
2026-02-15 07:28:09,030 | INFO |     Batch download: 1 tickers
2026-02-15 07:28:11,920 | ERROR | 
1 Failed download:
2026-02-15 07:28:11,920 | ERROR | ['GRT-USD']: YFRateLimitError('Too Many Requests. Rate limited. Try after a while.')
2026-02-15 07:28:11,920 | INFO |   Batch complete, waiting 120s...
2026-02-15 07:30:11,934 | INFO | 
  Batch 3/5 (10 tickers)
2026-02-15 07:30:11,949 | INFO |     All assets up to date
2026-02-15 07:30:11,950 | INFO | 
  Batch 4/5 (10 tickers)
2026-02-15 07:30:11,963 | INFO |     Batch download: 1 tickers
2026-02-15 07:30:14,693 | ERROR | 
1 Failed download:
2026-02-15 07:30:14,694 | ERROR | ['UNI-USD']: YFRateLimitError('Too Many Requests. Rate limited. Try after a while.')
2026-02-15 07:30:14,702 | INFO |   Batch complete, waiting 120s...
2026-02-15 07:32:14,704 | INFO | 
  Batch 5/5 (6 tickers)
2026-02-15 07:32:14,720 | INFO |     All assets up to date
2026-02-15 07:32:14,720 | INFO | 
============================================================
2026-02-15 07:32:14,720 | INFO | Processing EQUITY: 421 assets
2026-02-15 07:32:14,720 | INFO | Schedule: Weekdays 22:00 UTC
2026-02-15 07:32:14,720 | INFO | ============================================================
2026-02-15 07:32:14,720 | INFO |   Market closed for EQUITY today, skipping
2026-02-15 07:32:14,720 | INFO | 
============================================================
2026-02-15 07:32:14,720 | INFO | Processing FX: 24 assets
2026-02-15 07:32:14,720 | INFO | Schedule: Sun-Thu 22:00 UTC
2026-02-15 07:32:14,720 | INFO | ============================================================
2026-02-15 07:32:14,720 | INFO |   Using BATCH MODE (CEO-DIR-2026-119)
2026-02-15 07:32:14,720 | INFO | 
  Batch 1/3 (10 tickers)
2026-02-15 07:32:14,745 | INFO |     Batch download: 10 tickers
2026-02-15 07:32:26,221 | ERROR | 
10 Failed downloads:
2026-02-15 07:32:26,221 | ERROR | ['EURJPY=X', 'CADJPY=X', 'EURGBP=X', 'EURSEK=X', 'EURAUD=X', 'CHFJPY=X', 'EURNOK=X', 'EURCHF=X', 'AUDUSD=X', 'AUDJPY=X']: YFRateLimitError('Too Many Requests. Rate limited. Try after a while.')
2026-02-15 07:32:26,234 | INFO |   Batch complete, waiting 120s...
