2026-02-15 13:12:57,636 | INFO | ======================================================================
2026-02-15 13:12:57,636 | INFO | IoS-001 DAILY PRICE INGEST
2026-02-15 13:12:57,636 | INFO | Executor: LINE (EC-004)
2026-02-15 13:12:57,637 | INFO | Authority: CEO_DIRECTIVE_LINE_DAILY_INGEST_ACTIVATION_20251212
2026-02-15 13:12:57,637 | INFO | Amendment: CEO-DIR-2026-119 (Rate Limit Mitigation)
2026-02-15 13:12:57,637 | INFO | Time: 2026-02-15T12:12:57.637855+00:00
2026-02-15 13:12:57,637 | INFO | Asset Class Filter: ALL
2026-02-15 13:12:57,637 | INFO | Batch Mode: True
2026-02-15 13:12:57,638 | INFO | Dry Run: False
2026-02-15 13:12:57,638 | INFO | ======================================================================
2026-02-15 13:12:57,816 | INFO | Found 491 VEGA-attested assets
2026-02-15 13:12:57,816 | INFO | 
============================================================
2026-02-15 13:12:57,816 | INFO | Processing CRYPTO: 46 assets
2026-02-15 13:12:57,816 | INFO | Schedule: Daily 01:00 UTC
2026-02-15 13:12:57,816 | INFO | ============================================================
2026-02-15 13:12:57,816 | INFO |   Using BATCH MODE (CEO-DIR-2026-119)
2026-02-15 13:12:57,816 | INFO | 
  Batch 1/5 (10 tickers)
2026-02-15 13:12:57,833 | INFO |     All assets up to date
2026-02-15 13:12:57,833 | INFO | 
  Batch 2/5 (10 tickers)
2026-02-15 13:12:57,840 | INFO |     Batch download: 1 tickers
2026-02-15 13:13:00,747 | ERROR | 
1 Failed download:
2026-02-15 13:13:00,747 | ERROR | ['GRT-USD']: YFRateLimitError('Too Many Requests. Rate limited. Try after a while.')
2026-02-15 13:13:00,762 | INFO |   Batch complete, waiting 120s...
2026-02-15 13:15:00,768 | INFO | 
  Batch 3/5 (10 tickers)
2026-02-15 13:15:00,783 | INFO |     All assets up to date
2026-02-15 13:15:00,783 | INFO | 
  Batch 4/5 (10 tickers)
2026-02-15 13:15:00,799 | INFO |     Batch download: 1 tickers
2026-02-15 13:15:03,881 | ERROR | 
1 Failed download:
2026-02-15 13:15:03,882 | ERROR | ['UNI-USD']: YFRateLimitError('Too Many Requests. Rate limited. Try after a while.')
2026-02-15 13:15:03,886 | INFO |   Batch complete, waiting 120s...
2026-02-15 13:17:03,889 | INFO | 
  Batch 5/5 (6 tickers)
2026-02-15 13:17:03,911 | INFO |     All assets up to date
2026-02-15 13:17:03,911 | INFO | 
============================================================
2026-02-15 13:17:03,911 | INFO | Processing EQUITY: 421 assets
2026-02-15 13:17:03,911 | INFO | Schedule: Weekdays 22:00 UTC
2026-02-15 13:17:03,911 | INFO | ============================================================
2026-02-15 13:17:03,911 | INFO |   Market closed for EQUITY today, skipping
2026-02-15 13:17:03,911 | INFO | 
============================================================
2026-02-15 13:17:03,911 | INFO | Processing FX: 24 assets
2026-02-15 13:17:03,911 | INFO | Schedule: Sun-Thu 22:00 UTC
2026-02-15 13:17:03,911 | INFO | ============================================================
2026-02-15 13:17:03,911 | INFO |   Using BATCH MODE (CEO-DIR-2026-119)
2026-02-15 13:17:03,911 | INFO | 
  Batch 1/3 (10 tickers)
2026-02-15 13:17:03,942 | INFO |     Batch download: 9 tickers
2026-02-15 13:17:14,994 | ERROR | 
9 Failed downloads:
2026-02-15 13:17:14,994 | ERROR | ['EURAUD=X', 'AUDJPY=X', 'EURCHF=X', 'EURJPY=X', 'EURNOK=X', 'CADJPY=X', 'EURGBP=X', 'CHFJPY=X', 'EURSEK=X']: YFRateLimitError('Too Many Requests. Rate limited. Try after a while.')
2026-02-15 13:17:15,014 | INFO |   Batch complete, waiting 120s...
