2026-02-13 11:17:19,102 | INFO | ======================================================================
2026-02-13 11:17:19,103 | INFO | IoS-001 DAILY PRICE INGEST
2026-02-13 11:17:19,103 | INFO | Executor: LINE (EC-004)
2026-02-13 11:17:19,103 | INFO | Authority: CEO_DIRECTIVE_LINE_DAILY_INGEST_ACTIVATION_20251212
2026-02-13 11:17:19,103 | INFO | Amendment: CEO-DIR-2026-119 (Rate Limit Mitigation)
2026-02-13 11:17:19,103 | INFO | Time: 2026-02-13T10:17:19.103524+00:00
2026-02-13 11:17:19,103 | INFO | Asset Class Filter: ALL
2026-02-13 11:17:19,103 | INFO | Batch Mode: True
2026-02-13 11:17:19,104 | INFO | Dry Run: False
2026-02-13 11:17:19,104 | INFO | ======================================================================
2026-02-13 11:17:19,442 | INFO | Found 491 VEGA-attested assets
2026-02-13 11:17:19,443 | INFO | 
============================================================
2026-02-13 11:17:19,443 | INFO | Processing CRYPTO: 46 assets
2026-02-13 11:17:19,443 | INFO | Schedule: Daily 01:00 UTC
2026-02-13 11:17:19,443 | INFO | ============================================================
2026-02-13 11:17:19,443 | INFO |   Using BATCH MODE (CEO-DIR-2026-119)
2026-02-13 11:17:19,443 | INFO | 
  Batch 1/5 (10 tickers)
2026-02-13 11:17:19,502 | INFO |     All assets up to date
2026-02-13 11:17:19,502 | INFO | 
  Batch 2/5 (10 tickers)
2026-02-13 11:17:19,544 | INFO |     Batch download: 1 tickers
2026-02-13 11:17:22,975 | ERROR | 
1 Failed download:
2026-02-13 11:17:22,975 | ERROR | ['GRT-USD']: YFRateLimitError('Too Many Requests. Rate limited. Try after a while.')
2026-02-13 11:17:22,979 | INFO |   Batch complete, waiting 120s...
2026-02-13 11:19:22,980 | INFO | 
  Batch 3/5 (10 tickers)
2026-02-13 11:19:23,008 | INFO |     All assets up to date
2026-02-13 11:19:23,008 | INFO | 
  Batch 4/5 (10 tickers)
2026-02-13 11:19:23,079 | INFO |     Batch download: 1 tickers
2026-02-13 11:19:27,604 | ERROR | 
1 Failed download:
2026-02-13 11:19:27,614 | ERROR | ['UNI-USD']: YFRateLimitError('Too Many Requests. Rate limited. Try after a while.')
2026-02-13 11:19:27,614 | INFO |   Batch complete, waiting 120s...
2026-02-13 11:21:27,618 | INFO | 
  Batch 5/5 (6 tickers)
2026-02-13 11:21:27,669 | INFO |     All assets up to date
2026-02-13 11:21:27,669 | INFO | 
============================================================
2026-02-13 11:21:27,669 | INFO | Processing EQUITY: 421 assets
2026-02-13 11:21:27,669 | INFO | Schedule: Weekdays 22:00 UTC
2026-02-13 11:21:27,669 | INFO | ============================================================
2026-02-13 11:21:27,669 | INFO |   Using BATCH MODE (CEO-DIR-2026-119)
2026-02-13 11:21:27,669 | INFO | 
  Batch 1/43 (10 tickers)
2026-02-13 11:21:27,693 | INFO |     Batch download: 8 tickers
2026-02-13 11:21:38,614 | ERROR | 
8 Failed downloads:
2026-02-13 11:21:38,614 | ERROR | ['ADBE', 'AEP', 'ABT', 'ABNB', 'ABBV', '1COV.DE', 'ADI', 'ADSK']: YFRateLimitError('Too Many Requests. Rate limited. Try after a while.')
2026-02-13 11:21:38,624 | INFO |   Batch complete, waiting 120s...
