2026-01-18 23:30:33,848 | INFO | ======================================================================
2026-01-18 23:30:33,848 | INFO | IoS-001 DAILY PRICE INGEST
2026-01-18 23:30:33,848 | INFO | Executor: LINE (EC-004)
2026-01-18 23:30:33,849 | INFO | Authority: CEO_DIRECTIVE_LINE_DAILY_INGEST_ACTIVATION_20251212
2026-01-18 23:30:33,849 | INFO | Time: 2026-01-18T22:30:33.849434+00:00
2026-01-18 23:30:33,849 | INFO | Asset Class Filter: ALL
2026-01-18 23:30:33,849 | INFO | Dry Run: False
2026-01-18 23:30:33,849 | INFO | ======================================================================
2026-01-18 23:30:34,137 | INFO | Found 491 VEGA-attested assets
2026-01-18 23:30:34,137 | INFO | 
============================================================
2026-01-18 23:30:34,137 | INFO | Processing CRYPTO: 46 assets
2026-01-18 23:30:34,137 | INFO | Schedule: Daily 01:00 UTC
2026-01-18 23:30:34,137 | INFO | ============================================================
2026-01-18 23:30:34,137 | INFO | 
  Batch 1/2 (25 assets)
2026-01-18 23:30:34,180 | INFO |   Batch complete, waiting 60s...
2026-01-18 23:31:34,182 | INFO | 
  Batch 2/2 (21 assets)
2026-01-18 23:31:34,255 | INFO | 
============================================================
2026-01-18 23:31:34,255 | INFO | Processing EQUITY: 421 assets
2026-01-18 23:31:34,255 | INFO | Schedule: Weekdays 22:00 UTC
2026-01-18 23:31:34,255 | INFO | ============================================================
2026-01-18 23:31:34,255 | INFO |   Market closed for EQUITY today, skipping
2026-01-18 23:31:34,255 | INFO | 
============================================================
2026-01-18 23:31:34,255 | INFO | Processing FX: 24 assets
2026-01-18 23:31:34,255 | INFO | Schedule: Sun-Thu 22:00 UTC
2026-01-18 23:31:34,255 | INFO | ============================================================
2026-01-18 23:31:34,255 | INFO | 
  Batch 1/1 (24 assets)
2026-01-18 23:31:34,312 | WARNING | Heartbeat recording failed: relation "fhq_monitoring.system_heartbeats" does not exist
LINE 2:                 INSERT INTO fhq_monitoring.system_heartbeats...
                                    ^

2026-01-18 23:31:34,316 | INFO | 
======================================================================
2026-01-18 23:31:34,316 | INFO | DAILY INGEST COMPLETE
2026-01-18 23:31:34,316 | INFO | ======================================================================
2026-01-18 23:31:34,316 | INFO | Assets Processed: 70
2026-01-18 23:31:34,316 | INFO | Assets Updated:   0
2026-01-18 23:31:34,316 | INFO | Rows Inserted:    0
2026-01-18 23:31:34,316 | INFO |   CRYPTO: 0 assets, 0 rows
2026-01-18 23:31:34,316 | INFO |   FX: 0 assets, 0 rows
2026-01-18 23:31:34,316 | INFO | Evidence: C:\fhq-market-system\vision-ios\03_FUNCTIONS\evidence\IOS001_DAILY_INGEST_1448c6a7_20260118_233134.json
2026-01-18 23:31:34,316 | INFO | ======================================================================
