2026-02-13 00:00:24,426 | INFO | ======================================================================
2026-02-13 00:00:24,426 | INFO | IoS-001 DAILY PRICE INGEST
2026-02-13 00:00:24,426 | INFO | Executor: LINE (EC-004)
2026-02-13 00:00:24,426 | INFO | Authority: CEO_DIRECTIVE_LINE_DAILY_INGEST_ACTIVATION_20251212
2026-02-13 00:00:24,426 | INFO | Amendment: CEO-DIR-2026-119 (Rate Limit Mitigation)
2026-02-13 00:00:24,426 | INFO | Time: 2026-02-12T23:00:24.426116+00:00
2026-02-13 00:00:24,426 | INFO | Asset Class Filter: ALL
2026-02-13 00:00:24,426 | INFO | Batch Mode: True
2026-02-13 00:00:24,426 | INFO | Dry Run: False
2026-02-13 00:00:24,426 | INFO | ======================================================================
2026-02-13 00:00:24,707 | INFO | Found 491 VEGA-attested assets
2026-02-13 00:00:24,707 | INFO | 
============================================================
2026-02-13 00:00:24,707 | INFO | Processing CRYPTO: 46 assets
2026-02-13 00:00:24,707 | INFO | Schedule: Daily 01:00 UTC
2026-02-13 00:00:24,707 | INFO | ============================================================
2026-02-13 00:00:24,707 | INFO |   Using BATCH MODE (CEO-DIR-2026-119)
2026-02-13 00:00:24,707 | INFO | 
  Batch 1/5 (10 tickers)
2026-02-13 00:00:24,985 | INFO |     Batch download: 10 tickers
2026-02-13 00:00:37,184 | ERROR | 
10 Failed downloads:
2026-02-13 00:00:37,185 | ERROR | ['ATOM-USD', 'BCH-USD', 'ALGO-USD', 'CHZ-USD', 'ADA-USD', 'AVAX-USD', 'BTC-USD', 'AXS-USD', 'CRO-USD', 'BNB-USD']: YFRateLimitError('Too Many Requests. Rate limited. Try after a while.')
2026-02-13 00:00:37,189 | INFO |   Batch complete, waiting 120s...
2026-02-13 00:02:37,190 | INFO | 
  Batch 2/5 (10 tickers)
2026-02-13 00:02:37,282 | INFO |     Batch download: 10 tickers
2026-02-13 00:02:48,695 | ERROR | 
10 Failed downloads:
2026-02-13 00:02:48,696 | ERROR | ['FIL-USD', 'ETC-USD', 'HBAR-USD', 'FLOW-USD', 'DOGE-USD', 'DOT-USD', 'ETH-USD', 'CRV-USD', 'EOS-USD', 'GRT-USD']: YFRateLimitError('Too Many Requests. Rate limited. Try after a while.')
2026-02-13 00:02:48,712 | INFO |   Batch complete, waiting 120s...
2026-02-13 00:04:48,714 | INFO | 
  Batch 3/5 (10 tickers)
2026-02-13 00:04:48,793 | INFO |     Batch download: 10 tickers
2026-02-13 00:05:02,994 | ERROR | 
10 Failed downloads:
2026-02-13 00:05:02,994 | ERROR | ['MANA-USD', 'OKB-USD', 'LDO-USD', 'QNT-USD', 'LINK-USD', 'LTC-USD', 'NEAR-USD', 'INJ-USD', 'MKR-USD', 'ICP-USD']: YFRateLimitError('Too Many Requests. Rate limited. Try after a while.')
2026-02-13 00:05:03,000 | INFO |   Batch complete, waiting 120s...
