2026-01-17 11:50:38,662 | INFO | ======================================================================
2026-01-17 11:50:38,662 | INFO | IoS-001 DAILY PRICE INGEST
2026-01-17 11:50:38,662 | INFO | Executor: LINE (EC-004)
2026-01-17 11:50:38,662 | INFO | Authority: CEO_DIRECTIVE_LINE_DAILY_INGEST_ACTIVATION_20251212
2026-01-17 11:50:38,662 | INFO | Time: 2026-01-17T10:50:38.662506+00:00
2026-01-17 11:50:38,662 | INFO | Asset Class Filter: ALL
2026-01-17 11:50:38,662 | INFO | Dry Run: False
2026-01-17 11:50:38,662 | INFO | ======================================================================
2026-01-17 11:50:38,895 | INFO | Found 491 VEGA-attested assets
2026-01-17 11:50:38,895 | INFO | 
============================================================
2026-01-17 11:50:38,895 | INFO | Processing CRYPTO: 46 assets
2026-01-17 11:50:38,895 | INFO | Schedule: Daily 01:00 UTC
2026-01-17 11:50:38,895 | INFO | ============================================================
2026-01-17 11:50:38,895 | INFO | 
  Batch 1/2 (25 assets)
2026-01-17 11:50:41,932 | WARNING |   [GRT-USD] Fetch error: Too Many Requests. Rate limited. Try after a while.
2026-01-17 11:50:44,947 | INFO |   Batch complete, waiting 60s...
2026-01-17 11:51:44,955 | INFO | 
  Batch 2/2 (21 assets)
2026-01-17 11:51:46,771 | WARNING |   [UNI-USD] Fetch error: Too Many Requests. Rate limited. Try after a while.
2026-01-17 11:51:49,794 | INFO | 
============================================================
2026-01-17 11:51:49,794 | INFO | Processing EQUITY: 421 assets
2026-01-17 11:51:49,794 | INFO | Schedule: Weekdays 22:00 UTC
2026-01-17 11:51:49,794 | INFO | ============================================================
2026-01-17 11:51:49,794 | INFO |   Market closed for EQUITY today, skipping
2026-01-17 11:51:49,794 | INFO | 
============================================================
2026-01-17 11:51:49,794 | INFO | Processing FX: 24 assets
2026-01-17 11:51:49,794 | INFO | Schedule: Sun-Thu 22:00 UTC
2026-01-17 11:51:49,794 | INFO | ============================================================
2026-01-17 11:51:49,794 | INFO |   Market closed for FX today, skipping
2026-01-17 11:51:49,794 | WARNING | Heartbeat recording failed: relation "fhq_monitoring.system_heartbeats" does not exist
LINE 2:                 INSERT INTO fhq_monitoring.system_heartbeats...
                                    ^

2026-01-17 11:51:49,794 | INFO | 
======================================================================
2026-01-17 11:51:49,794 | INFO | DAILY INGEST COMPLETE
2026-01-17 11:51:49,794 | INFO | ======================================================================
2026-01-17 11:51:49,794 | INFO | Assets Processed: 46
2026-01-17 11:51:49,794 | INFO | Assets Updated:   0
2026-01-17 11:51:49,794 | INFO | Rows Inserted:    0
2026-01-17 11:51:49,794 | INFO |   CRYPTO: 0 assets, 0 rows
2026-01-17 11:51:49,794 | INFO | Evidence: C:\fhq-market-system\vision-ios\03_FUNCTIONS\evidence\IOS001_DAILY_INGEST_d4cca89d_20260117_115149.json
2026-01-17 11:51:49,794 | INFO | ======================================================================
