2026-02-17 08:22:43,262 | INFO | ======================================================================
2026-02-17 08:22:43,262 | INFO | IoS-001 DAILY PRICE INGEST
2026-02-17 08:22:43,262 | INFO | Executor: LINE (EC-004)
2026-02-17 08:22:43,262 | INFO | Authority: CEO_DIRECTIVE_LINE_DAILY_INGEST_ACTIVATION_20251212
2026-02-17 08:22:43,262 | INFO | Amendment: CEO-DIR-2026-119 (Rate Limit Mitigation)
2026-02-17 08:22:43,262 | INFO | Time: 2026-02-17T07:22:43.262580+00:00
2026-02-17 08:22:43,262 | INFO | Asset Class Filter: ALL
2026-02-17 08:22:43,262 | INFO | Batch Mode: True
2026-02-17 08:22:43,262 | INFO | Dry Run: False
2026-02-17 08:22:43,262 | INFO | ======================================================================
2026-02-17 08:22:43,508 | INFO | Found 491 VEGA-attested assets
2026-02-17 08:22:43,509 | INFO | 
============================================================
2026-02-17 08:22:43,509 | INFO | Processing CRYPTO: 46 assets
2026-02-17 08:22:43,509 | INFO | Schedule: Daily 01:00 UTC
2026-02-17 08:22:43,509 | INFO | ============================================================
2026-02-17 08:22:43,509 | INFO |   Using BATCH MODE (CEO-DIR-2026-119)
2026-02-17 08:22:43,509 | INFO | 
  Batch 1/5 (10 tickers)
2026-02-17 08:22:43,550 | INFO |     All assets up to date
2026-02-17 08:22:43,550 | INFO | 
  Batch 2/5 (10 tickers)
2026-02-17 08:22:43,580 | INFO |     Batch download: 1 tickers
2026-02-17 08:22:46,564 | ERROR | 
1 Failed download:
2026-02-17 08:22:46,564 | ERROR | ['GRT-USD']: YFRateLimitError('Too Many Requests. Rate limited. Try after a while.')
2026-02-17 08:22:46,572 | INFO |   Batch complete, waiting 120s...
2026-02-17 08:24:46,579 | INFO | 
  Batch 3/5 (10 tickers)
2026-02-17 08:24:46,621 | INFO |     All assets up to date
2026-02-17 08:24:46,622 | INFO | 
  Batch 4/5 (10 tickers)
2026-02-17 08:24:46,644 | INFO |     Batch download: 1 tickers
2026-02-17 08:24:49,876 | ERROR | 
1 Failed download:
2026-02-17 08:24:49,876 | ERROR | ['UNI-USD']: YFRateLimitError('Too Many Requests. Rate limited. Try after a while.')
2026-02-17 08:24:49,889 | INFO |   Batch complete, waiting 120s...
2026-02-17 08:26:49,891 | INFO | 
  Batch 5/5 (6 tickers)
2026-02-17 08:26:49,968 | INFO |     All assets up to date
2026-02-17 08:26:49,969 | INFO | 
============================================================
2026-02-17 08:26:49,969 | INFO | Processing EQUITY: 421 assets
2026-02-17 08:26:49,969 | INFO | Schedule: Weekdays 22:00 UTC
2026-02-17 08:26:49,969 | INFO | ============================================================
2026-02-17 08:26:49,970 | INFO |   Using BATCH MODE (CEO-DIR-2026-119)
2026-02-17 08:26:49,970 | INFO | 
  Batch 1/43 (10 tickers)
2026-02-17 08:26:49,993 | INFO |     Batch download: 10 tickers
2026-02-17 08:27:03,215 | ERROR | 
10 Failed downloads:
2026-02-17 08:27:03,215 | ERROR | ['ADI', '1COV.DE', 'AEP', 'ADBE', 'ABT', 'ACA.PA', 'ABBV', 'ADSK', 'ADS.DE', 'ABNB']: YFRateLimitError('Too Many Requests. Rate limited. Try after a while.')
2026-02-17 08:27:03,225 | INFO |   Batch complete, waiting 120s...
