2025-12-30 14:51:12,414 | INFO | ======================================================================
2025-12-30 14:51:12,414 | INFO | IoS-001 DAILY PRICE INGEST
2025-12-30 14:51:12,414 | INFO | Executor: LINE (EC-004)
2025-12-30 14:51:12,414 | INFO | Authority: CEO_DIRECTIVE_LINE_DAILY_INGEST_ACTIVATION_20251212
2025-12-30 14:51:12,414 | INFO | Time: 2025-12-30T13:51:12.414913+00:00
2025-12-30 14:51:12,414 | INFO | Asset Class Filter: ALL
2025-12-30 14:51:12,414 | INFO | Dry Run: False
2025-12-30 14:51:12,414 | INFO | ======================================================================
2025-12-30 14:51:12,778 | INFO | Found 490 VEGA-attested assets
2025-12-30 14:51:12,778 | INFO | 
============================================================
2025-12-30 14:51:12,778 | INFO | Processing CRYPTO: 46 assets
2025-12-30 14:51:12,778 | INFO | Schedule: Daily 01:00 UTC
2025-12-30 14:51:12,778 | INFO | ============================================================
2025-12-30 14:51:12,778 | INFO | 
  Batch 1/2 (25 assets)
2025-12-30 14:51:12,817 | INFO |   Batch complete, waiting 60s...
2025-12-30 14:52:12,817 | INFO | 
  Batch 2/2 (21 assets)
2025-12-30 14:52:12,839 | INFO | 
============================================================
2025-12-30 14:52:12,845 | INFO | Processing EQUITY: 420 assets
2025-12-30 14:52:12,845 | INFO | Schedule: Weekdays 22:00 UTC
2025-12-30 14:52:12,845 | INFO | ============================================================
2025-12-30 14:52:12,845 | INFO | 
  Batch 1/17 (25 assets)
2025-12-30 14:52:15,983 | WARNING |   [1COV.DE] Fetch error: Too Many Requests. Rate limited. Try after a while.
2025-12-30 14:52:20,454 | WARNING |   [ABBV] Fetch error: Too Many Requests. Rate limited. Try after a while.
2025-12-30 14:52:24,865 | WARNING |   [ABNB] Fetch error: Too Many Requests. Rate limited. Try after a while.
2025-12-30 14:52:29,214 | WARNING |   [ABT] Fetch error: Too Many Requests. Rate limited. Try after a while.
2025-12-30 14:52:33,382 | WARNING |   [ADBE] Fetch error: Too Many Requests. Rate limited. Try after a while.
2025-12-30 14:52:37,687 | WARNING |   [ADI] Fetch error: Too Many Requests. Rate limited. Try after a while.
2025-12-30 14:52:41,865 | WARNING |   [ADSK] Fetch error: Too Many Requests. Rate limited. Try after a while.
2025-12-30 14:52:45,890 | WARNING |   [AEP] Fetch error: Too Many Requests. Rate limited. Try after a while.
2025-12-30 14:52:50,055 | WARNING |   [AFL] Fetch error: Too Many Requests. Rate limited. Try after a while.
2025-12-30 14:52:53,911 | WARNING |   [AIG] Fetch error: Too Many Requests. Rate limited. Try after a while.
2025-12-30 14:52:58,100 | WARNING |   [AKAM] Fetch error: Too Many Requests. Rate limited. Try after a while.
2025-12-30 14:53:02,190 | WARNING |   [ALB] Fetch error: Too Many Requests. Rate limited. Try after a while.
2025-12-30 14:53:06,190 | WARNING |   [ALL] Fetch error: Too Many Requests. Rate limited. Try after a while.
2025-12-30 14:53:10,470 | WARNING |   [AMAT] Fetch error: Too Many Requests. Rate limited. Try after a while.
2025-12-30 14:53:13,476 | INFO |   Batch complete, waiting 60s...
2025-12-30 14:54:13,477 | INFO | 
  Batch 2/17 (25 assets)
2025-12-30 14:54:15,072 | WARNING |   [AMD] Fetch error: Too Many Requests. Rate limited. Try after a while.
2025-12-30 14:54:19,306 | WARNING |   [AMGN] Fetch error: Too Many Requests. Rate limited. Try after a while.
2025-12-30 14:54:23,480 | WARNING |   [AMT] Fetch error: Too Many Requests. Rate limited. Try after a while.
2025-12-30 14:54:27,843 | WARNING |   [AMZN] Fetch error: Too Many Requests. Rate limited. Try after a while.
2025-12-30 14:54:32,286 | WARNING |   [AON] Fetch error: Too Many Requests. Rate limited. Try after a while.
2025-12-30 14:54:36,633 | WARNING |   [APD] Fetch error: Too Many Requests. Rate limited. Try after a while.
2025-12-30 14:54:40,883 | WARNING |   [ASML] Fetch error: Too Many Requests. Rate limited. Try after a while.
2025-12-30 14:54:44,929 | WARNING |   [AVB] Fetch error: Too Many Requests. Rate limited. Try after a while.
2025-12-30 14:54:49,107 | WARNING |   [AVGO] Fetch error: Too Many Requests. Rate limited. Try after a while.
2025-12-30 14:54:53,360 | WARNING |   [AWK] Fetch error: Too Many Requests. Rate limited. Try after a while.
2025-12-30 14:54:57,522 | WARNING |   [AXP] Fetch error: Too Many Requests. Rate limited. Try after a while.
2025-12-30 14:55:01,864 | WARNING |   [AZO] Fetch error: Too Many Requests. Rate limited. Try after a while.
2025-12-30 14:55:05,978 | WARNING |   [BA] Fetch error: Too Many Requests. Rate limited. Try after a while.
2025-12-30 14:55:10,128 | WARNING |   [BAC] Fetch error: Too Many Requests. Rate limited. Try after a while.
2025-12-30 14:55:13,163 | INFO |   Batch complete, waiting 60s...
