2026-02-07 10:13:25,479 | INFO | ======================================================================
2026-02-07 10:13:25,479 | INFO | IoS-001 DAILY PRICE INGEST
2026-02-07 10:13:25,479 | INFO | Executor: LINE (EC-004)
2026-02-07 10:13:25,479 | INFO | Authority: CEO_DIRECTIVE_LINE_DAILY_INGEST_ACTIVATION_20251212
2026-02-07 10:13:25,479 | INFO | Amendment: CEO-DIR-2026-119 (Rate Limit Mitigation)
2026-02-07 10:13:25,479 | INFO | Time: 2026-02-07T09:13:25.479642+00:00
2026-02-07 10:13:25,479 | INFO | Asset Class Filter: ALL
2026-02-07 10:13:25,479 | INFO | Batch Mode: True
2026-02-07 10:13:25,479 | INFO | Dry Run: False
2026-02-07 10:13:25,479 | INFO | ======================================================================
2026-02-07 10:13:25,756 | INFO | Found 491 VEGA-attested assets
2026-02-07 10:13:25,756 | INFO | 
============================================================
2026-02-07 10:13:25,756 | INFO | Processing CRYPTO: 46 assets
2026-02-07 10:13:25,756 | INFO | Schedule: Daily 01:00 UTC
2026-02-07 10:13:25,756 | INFO | ============================================================
2026-02-07 10:13:25,756 | INFO |   Using BATCH MODE (CEO-DIR-2026-119)
2026-02-07 10:13:25,756 | INFO | 
  Batch 1/5 (10 tickers)
2026-02-07 10:13:25,776 | INFO |     Batch download: 10 tickers
2026-02-07 10:13:38,613 | ERROR | 
10 Failed downloads:
2026-02-07 10:13:38,613 | ERROR | ['AXS-USD', 'BNB-USD', 'ADA-USD', 'ALGO-USD', 'CRO-USD', 'AVAX-USD', 'BCH-USD', 'ATOM-USD', 'BTC-USD', 'CHZ-USD']: YFRateLimitError('Too Many Requests. Rate limited. Try after a while.')
2026-02-07 10:13:38,624 | INFO |   Batch complete, waiting 120s...
2026-02-07 10:15:38,628 | INFO | 
  Batch 2/5 (10 tickers)
2026-02-07 10:15:38,690 | INFO |     Batch download: 10 tickers
2026-02-07 10:15:50,890 | ERROR | 
10 Failed downloads:
2026-02-07 10:15:50,890 | ERROR | ['CRV-USD', 'EOS-USD', 'FLOW-USD', 'HBAR-USD', 'FIL-USD', 'ETC-USD', 'DOT-USD', 'DOGE-USD', 'GRT-USD', 'ETH-USD']: YFRateLimitError('Too Many Requests. Rate limited. Try after a while.')
2026-02-07 10:15:50,911 | INFO |   Batch complete, waiting 120s...
2026-02-07 10:17:50,915 | INFO | 
  Batch 3/5 (10 tickers)
2026-02-07 10:17:50,997 | INFO |     Batch download: 9 tickers
2026-02-07 10:18:04,079 | ERROR | 
9 Failed downloads:
2026-02-07 10:18:04,079 | ERROR | ['MKR-USD', 'LTC-USD', 'QNT-USD', 'INJ-USD', 'LDO-USD', 'ICP-USD', 'MANA-USD', 'NEAR-USD', 'OKB-USD']: YFRateLimitError('Too Many Requests. Rate limited. Try after a while.')
2026-02-07 10:18:04,098 | INFO |   Batch complete, waiting 120s...
