2026-02-06 06:06:12,728 | INFO | ======================================================================
2026-02-06 06:06:12,728 | INFO | IoS-001 DAILY PRICE INGEST
2026-02-06 06:06:12,728 | INFO | Executor: LINE (EC-004)
2026-02-06 06:06:12,728 | INFO | Authority: CEO_DIRECTIVE_LINE_DAILY_INGEST_ACTIVATION_20251212
2026-02-06 06:06:12,728 | INFO | Time: 2026-02-06T05:06:12.728107+00:00
2026-02-06 06:06:12,728 | INFO | Asset Class Filter: ALL
2026-02-06 06:06:12,728 | INFO | Dry Run: False
2026-02-06 06:06:12,728 | INFO | ======================================================================
2026-02-06 06:06:13,129 | INFO | Found 491 VEGA-attested assets
2026-02-06 06:06:13,129 | INFO | 
============================================================
2026-02-06 06:06:13,129 | INFO | Processing CRYPTO: 46 assets
2026-02-06 06:06:13,129 | INFO | Schedule: Daily 01:00 UTC
2026-02-06 06:06:13,129 | INFO | ============================================================
2026-02-06 06:06:13,129 | INFO | 
  Batch 1/2 (25 assets)
2026-02-06 06:06:17,402 | WARNING |   [GRT-USD] Fetch error: Too Many Requests. Rate limited. Try after a while.
2026-02-06 06:06:20,422 | INFO |   Batch complete, waiting 60s...
2026-02-06 06:07:20,429 | INFO | 
  Batch 2/2 (21 assets)
2026-02-06 06:07:20,503 | INFO | 
============================================================
2026-02-06 06:07:20,503 | INFO | Processing EQUITY: 421 assets
2026-02-06 06:07:20,503 | INFO | Schedule: Weekdays 22:00 UTC
2026-02-06 06:07:20,519 | INFO | ============================================================
2026-02-06 06:07:20,519 | INFO | 
  Batch 1/17 (25 assets)
2026-02-06 06:07:22,770 | WARNING |   [1COV.DE] Fetch error: Too Many Requests. Rate limited. Try after a while.
2026-02-06 06:07:27,013 | WARNING |   [ABBV] Fetch error: Too Many Requests. Rate limited. Try after a while.
2026-02-06 06:07:31,055 | WARNING |   [ABNB] Fetch error: Too Many Requests. Rate limited. Try after a while.
2026-02-06 06:07:35,144 | WARNING |   [ABT] Fetch error: Too Many Requests. Rate limited. Try after a while.
2026-02-06 06:07:39,397 | WARNING |   [ACA.PA] Fetch error: Too Many Requests. Rate limited. Try after a while.
2026-02-06 06:07:43,465 | WARNING |   [ADBE] Fetch error: Too Many Requests. Rate limited. Try after a while.
2026-02-06 06:07:47,627 | WARNING |   [ADI] Fetch error: Too Many Requests. Rate limited. Try after a while.
2026-02-06 06:07:51,688 | WARNING |   [ADS.DE] Fetch error: Too Many Requests. Rate limited. Try after a while.
2026-02-06 06:07:55,807 | WARNING |   [ADSK] Fetch error: Too Many Requests. Rate limited. Try after a while.
2026-02-06 06:07:59,972 | WARNING |   [AEP] Fetch error: Too Many Requests. Rate limited. Try after a while.
2026-02-06 06:08:04,213 | WARNING |   [AFL] Fetch error: Too Many Requests. Rate limited. Try after a while.
2026-02-06 06:08:08,107 | WARNING |   [AI.PA] Fetch error: Too Many Requests. Rate limited. Try after a while.
2026-02-06 06:08:12,081 | WARNING |   [AIG] Fetch error: Too Many Requests. Rate limited. Try after a while.
2026-02-06 06:08:16,288 | WARNING |   [AIR.DE] Fetch error: Too Many Requests. Rate limited. Try after a while.
2026-02-06 06:08:20,295 | WARNING |   [AIR.PA] Fetch error: Too Many Requests. Rate limited. Try after a while.
2026-02-06 06:08:24,237 | WARNING |   [AKAM] Fetch error: Too Many Requests. Rate limited. Try after a while.
2026-02-06 06:08:28,259 | WARNING |   [AKER.OL] Fetch error: Too Many Requests. Rate limited. Try after a while.
2026-02-06 06:08:32,453 | WARNING |   [AKRBP.OL] Fetch error: Too Many Requests. Rate limited. Try after a while.
2026-02-06 06:08:36,609 | WARNING |   [AKSO.OL] Fetch error: Too Many Requests. Rate limited. Try after a while.
2026-02-06 06:08:40,550 | WARNING |   [AKVA.OL] Fetch error: Too Many Requests. Rate limited. Try after a while.
2026-02-06 06:08:44,458 | WARNING |   [ALB] Fetch error: Too Many Requests. Rate limited. Try after a while.
2026-02-06 06:08:48,454 | WARNING |   [ALL] Fetch error: Too Many Requests. Rate limited. Try after a while.
2026-02-06 06:08:52,402 | WARNING |   [ALO.PA] Fetch error: Too Many Requests. Rate limited. Try after a while.
2026-02-06 06:08:56,377 | WARNING |   [ALV.DE] Fetch error: Too Many Requests. Rate limited. Try after a while.
2026-02-06 06:09:00,366 | WARNING |   [AMAT] Fetch error: Too Many Requests. Rate limited. Try after a while.
2026-02-06 06:09:03,368 | INFO |   Batch complete, waiting 60s...
2026-02-06 06:10:03,369 | INFO | 
  Batch 2/17 (25 assets)
2026-02-06 06:10:05,434 | WARNING |   [AMD] Fetch error: Too Many Requests. Rate limited. Try after a while.
2026-02-06 06:10:09,731 | WARNING |   [AMGN] Fetch error: Too Many Requests. Rate limited. Try after a while.
2026-02-06 06:10:13,870 | WARNING |   [AMT] Fetch error: Too Many Requests. Rate limited. Try after a while.
2026-02-06 06:10:18,027 | WARNING |   [AMZN] Fetch error: Too Many Requests. Rate limited. Try after a while.
2026-02-06 06:10:21,987 | WARNING |   [AON] Fetch error: Too Many Requests. Rate limited. Try after a while.
2026-02-06 06:10:26,388 | WARNING |   [APD] Fetch error: Too Many Requests. Rate limited. Try after a while.
2026-02-06 06:10:30,456 | WARNING |   [ASML] Fetch error: Too Many Requests. Rate limited. Try after a while.
2026-02-06 06:10:34,419 | WARNING |   [ATO.PA] Fetch error: Too Many Requests. Rate limited. Try after a while.
2026-02-06 06:10:38,652 | WARNING |   [AUSS.OL] Fetch error: Too Many Requests. Rate limited. Try after a while.
2026-02-06 06:10:42,671 | WARNING |   [AUTO.OL] Fetch error: Too Many Requests. Rate limited. Try after a while.
2026-02-06 06:10:46,561 | WARNING |   [AV.L] Fetch error: Too Many Requests. Rate limited. Try after a while.
2026-02-06 06:10:50,540 | WARNING |   [AVB] Fetch error: Too Many Requests. Rate limited. Try after a while.
2026-02-06 06:10:54,561 | WARNING |   [AVGO] Fetch error: Too Many Requests. Rate limited. Try after a while.
2026-02-06 06:10:58,557 | WARNING |   [AWK] Fetch error: Too Many Requests. Rate limited. Try after a while.
2026-02-06 06:11:02,589 | WARNING |   [AXP] Fetch error: Too Many Requests. Rate limited. Try after a while.
2026-02-06 06:11:06,562 | WARNING |   [AZN.L] Fetch error: Too Many Requests. Rate limited. Try after a while.
