2025-12-21 20:08:04,148 | INFO | ======================================================================
2025-12-21 20:08:04,156 | INFO | IoS-001 DAILY PRICE INGEST
2025-12-21 20:08:04,157 | INFO | Executor: LINE (EC-004)
2025-12-21 20:08:04,159 | INFO | Authority: CEO_DIRECTIVE_LINE_DAILY_INGEST_ACTIVATION_20251212
2025-12-21 20:08:04,159 | INFO | Time: 2025-12-21T19:08:04.159392+00:00
2025-12-21 20:08:04,159 | INFO | Asset Class Filter: ALL
2025-12-21 20:08:04,159 | INFO | Dry Run: False
2025-12-21 20:08:04,161 | INFO | ======================================================================
2025-12-21 20:08:04,415 | INFO | Found 463 VEGA-attested assets
2025-12-21 20:08:04,415 | INFO | 
============================================================
2025-12-21 20:08:04,415 | INFO | Processing CRYPTO: 45 assets
2025-12-21 20:08:04,415 | INFO | Schedule: Daily 01:00 UTC
2025-12-21 20:08:04,415 | INFO | ============================================================
2025-12-21 20:08:04,415 | INFO | 
  Batch 1/2 (25 assets)
2025-12-21 20:08:04,470 | INFO |   Batch complete, waiting 60s...
2025-12-21 20:09:04,471 | INFO | 
  Batch 2/2 (20 assets)
2025-12-21 20:09:04,621 | INFO | 
============================================================
2025-12-21 20:09:04,622 | INFO | Processing EQUITY: 394 assets
2025-12-21 20:09:04,622 | INFO | Schedule: Weekdays 22:00 UTC
2025-12-21 20:09:04,622 | INFO | ============================================================
2025-12-21 20:09:04,623 | INFO |   Market closed for EQUITY today, skipping
2025-12-21 20:09:04,623 | INFO | 
============================================================
2025-12-21 20:09:04,623 | INFO | Processing FX: 24 assets
2025-12-21 20:09:04,623 | INFO | Schedule: Sun-Thu 22:00 UTC
2025-12-21 20:09:04,624 | INFO | ============================================================
2025-12-21 20:09:04,624 | INFO | 
  Batch 1/1 (24 assets)
2025-12-21 20:09:07,974 | WARNING |   [CHFJPY=X] Fetch error: Too Many Requests. Rate limited. Try after a while.
2025-12-21 20:09:11,991 | WARNING |   [EURAUD=X] Fetch error: Too Many Requests. Rate limited. Try after a while.
2025-12-21 20:09:16,253 | WARNING |   [EURCHF=X] Fetch error: Too Many Requests. Rate limited. Try after a while.
2025-12-21 20:09:20,775 | WARNING |   [EURGBP=X] Fetch error: Too Many Requests. Rate limited. Try after a while.
2025-12-21 20:09:24,559 | WARNING |   [EURJPY=X] Fetch error: Too Many Requests. Rate limited. Try after a while.
2025-12-21 20:09:28,803 | WARNING |   [EURSEK=X] Fetch error: Too Many Requests. Rate limited. Try after a while.
2025-12-21 20:09:32,858 | WARNING |   [EURUSD=X] Fetch error: Too Many Requests. Rate limited. Try after a while.
2025-12-21 20:09:36,684 | WARNING |   [USDCHF=X] Fetch error: Too Many Requests. Rate limited. Try after a while.
2025-12-21 20:09:40,723 | WARNING |   [USDMXN=X] Fetch error: Too Many Requests. Rate limited. Try after a while.
2025-12-21 20:09:44,763 | WARNING |   [USDTRY=X] Fetch error: Too Many Requests. Rate limited. Try after a while.
2025-12-21 20:09:47,766 | WARNING | Heartbeat recording failed: relation "fhq_monitoring.system_heartbeats" does not exist
LINE 2:                 INSERT INTO fhq_monitoring.system_heartbeats...
                                    ^

2025-12-21 20:09:47,767 | INFO | 
======================================================================
2025-12-21 20:09:47,767 | INFO | DAILY INGEST COMPLETE
2025-12-21 20:09:47,767 | INFO | ======================================================================
2025-12-21 20:09:47,767 | INFO | Assets Processed: 69
2025-12-21 20:09:47,767 | INFO | Assets Updated:   0
2025-12-21 20:09:47,768 | INFO | Rows Inserted:    0
2025-12-21 20:09:47,768 | INFO |   CRYPTO: 0 assets, 0 rows
2025-12-21 20:09:47,768 | INFO |   FX: 0 assets, 0 rows
2025-12-21 20:09:47,768 | INFO | Evidence: C:\fhq-market-system\vision-ios\03_FUNCTIONS\evidence\IOS001_DAILY_INGEST_5c491640_20251221_200947.json
2025-12-21 20:09:47,768 | INFO | ======================================================================
