2026-01-10 01:31:15,426 | INFO | ======================================================================
2026-01-10 01:31:15,427 | INFO | IoS-001 DAILY PRICE INGEST
2026-01-10 01:31:15,427 | INFO | Executor: LINE (EC-004)
2026-01-10 01:31:15,427 | INFO | Authority: CEO_DIRECTIVE_LINE_DAILY_INGEST_ACTIVATION_20251212
2026-01-10 01:31:15,427 | INFO | Time: 2026-01-10T00:31:15.427623+00:00
2026-01-10 01:31:15,428 | INFO | Asset Class Filter: ALL
2026-01-10 01:31:15,428 | INFO | Dry Run: False
2026-01-10 01:31:15,428 | INFO | ======================================================================
2026-01-10 01:31:15,687 | INFO | Found 491 VEGA-attested assets
2026-01-10 01:31:15,687 | INFO | 
============================================================
2026-01-10 01:31:15,687 | INFO | Processing CRYPTO: 46 assets
2026-01-10 01:31:15,687 | INFO | Schedule: Daily 01:00 UTC
2026-01-10 01:31:15,687 | INFO | ============================================================
2026-01-10 01:31:15,687 | INFO | 
  Batch 1/2 (25 assets)
2026-01-10 01:31:18,747 | WARNING |   [ADA-USD] Fetch error: Too Many Requests. Rate limited. Try after a while.
2026-01-10 01:31:22,797 | WARNING |   [ALGO-USD] Fetch error: Too Many Requests. Rate limited. Try after a while.
2026-01-10 01:31:26,961 | WARNING |   [ATOM-USD] Fetch error: Too Many Requests. Rate limited. Try after a while.
2026-01-10 01:31:31,188 | WARNING |   [AVAX-USD] Fetch error: Too Many Requests. Rate limited. Try after a while.
2026-01-10 01:31:35,305 | WARNING |   [AXS-USD] Fetch error: Too Many Requests. Rate limited. Try after a while.
2026-01-10 01:31:39,572 | WARNING |   [BCH-USD] Fetch error: Too Many Requests. Rate limited. Try after a while.
2026-01-10 01:31:44,082 | WARNING |   [BNB-USD] Fetch error: Too Many Requests. Rate limited. Try after a while.
2026-01-10 01:31:48,177 | WARNING |   [BTC-USD] Fetch error: Too Many Requests. Rate limited. Try after a while.
2026-01-10 01:31:52,619 | WARNING |   [CHZ-USD] Fetch error: Too Many Requests. Rate limited. Try after a while.
2026-01-10 01:31:56,585 | WARNING |   [CRO-USD] Fetch error: Too Many Requests. Rate limited. Try after a while.
2026-01-10 01:32:00,606 | WARNING |   [CRV-USD] Fetch error: Too Many Requests. Rate limited. Try after a while.
2026-01-10 01:32:04,825 | WARNING |   [DOGE-USD] Fetch error: Too Many Requests. Rate limited. Try after a while.
2026-01-10 01:32:09,032 | WARNING |   [DOT-USD] Fetch error: Too Many Requests. Rate limited. Try after a while.
2026-01-10 01:32:13,297 | WARNING |   [EOS-USD] Fetch error: Too Many Requests. Rate limited. Try after a while.
2026-01-10 01:32:17,074 | WARNING |   [ETC-USD] Fetch error: Too Many Requests. Rate limited. Try after a while.
2026-01-10 01:32:20,988 | WARNING |   [ETH-USD] Fetch error: Too Many Requests. Rate limited. Try after a while.
2026-01-10 01:32:25,089 | WARNING |   [FIL-USD] Fetch error: Too Many Requests. Rate limited. Try after a while.
2026-01-10 01:32:29,230 | WARNING |   [FLOW-USD] Fetch error: Too Many Requests. Rate limited. Try after a while.
2026-01-10 01:32:32,983 | WARNING |   [GRT-USD] Fetch error: Too Many Requests. Rate limited. Try after a while.
2026-01-10 01:32:37,090 | WARNING |   [HBAR-USD] Fetch error: Too Many Requests. Rate limited. Try after a while.
2026-01-10 01:32:40,981 | WARNING |   [ICP-USD] Fetch error: Too Many Requests. Rate limited. Try after a while.
2026-01-10 01:32:45,094 | WARNING |   [INJ-USD] Fetch error: Too Many Requests. Rate limited. Try after a while.
2026-01-10 01:32:49,493 | WARNING |   [LDO-USD] Fetch error: Too Many Requests. Rate limited. Try after a while.
2026-01-10 01:32:53,462 | WARNING |   [LINK-USD] Fetch error: Too Many Requests. Rate limited. Try after a while.
2026-01-10 01:32:57,584 | WARNING |   [LTC-USD] Fetch error: Too Many Requests. Rate limited. Try after a while.
2026-01-10 01:33:00,586 | INFO |   Batch complete, waiting 60s...
2026-01-10 01:34:00,588 | INFO | 
  Batch 2/2 (21 assets)
2026-01-10 01:34:02,190 | WARNING |   [MANA-USD] Fetch error: Too Many Requests. Rate limited. Try after a while.
2026-01-10 01:34:06,498 | WARNING |   [MKR-USD] Fetch error: Too Many Requests. Rate limited. Try after a while.
2026-01-10 01:34:10,709 | WARNING |   [NEAR-USD] Fetch error: Too Many Requests. Rate limited. Try after a while.
2026-01-10 01:34:14,793 | WARNING |   [OKB-USD] Fetch error: Too Many Requests. Rate limited. Try after a while.
2026-01-10 01:34:18,682 | WARNING |   [QNT-USD] Fetch error: Too Many Requests. Rate limited. Try after a while.
2026-01-10 01:34:22,565 | WARNING |   [RPL-USD] Fetch error: Too Many Requests. Rate limited. Try after a while.
2026-01-10 01:34:26,595 | WARNING |   [RUNE-USD] Fetch error: Too Many Requests. Rate limited. Try after a while.
2026-01-10 01:34:30,651 | WARNING |   [SAND-USD] Fetch error: Too Many Requests. Rate limited. Try after a while.
2026-01-10 01:34:34,497 | WARNING |   [SHIB-USD] Fetch error: Too Many Requests. Rate limited. Try after a while.
2026-01-10 01:34:38,447 | WARNING |   [SNX-USD] Fetch error: Too Many Requests. Rate limited. Try after a while.
2026-01-10 01:34:42,621 | WARNING |   [SOL-USD] Fetch error: Too Many Requests. Rate limited. Try after a while.
2026-01-10 01:34:46,614 | WARNING |   [THETA-USD] Fetch error: Too Many Requests. Rate limited. Try after a while.
2026-01-10 01:34:50,407 | WARNING |   [TRX-USD] Fetch error: Too Many Requests. Rate limited. Try after a while.
2026-01-10 01:34:54,442 | WARNING |   [UNI-USD] Fetch error: Too Many Requests. Rate limited. Try after a while.
2026-01-10 01:34:58,276 | WARNING |   [VET-USD] Fetch error: Too Many Requests. Rate limited. Try after a while.
2026-01-10 01:35:02,386 | WARNING |   [XLM-USD] Fetch error: Too Many Requests. Rate limited. Try after a while.
2026-01-10 01:35:06,441 | WARNING |   [XMR-USD] Fetch error: Too Many Requests. Rate limited. Try after a while.
2026-01-10 01:35:10,693 | WARNING |   [XRP-USD] Fetch error: Too Many Requests. Rate limited. Try after a while.
2026-01-10 01:35:14,729 | WARNING |   [XTZ-USD] Fetch error: Too Many Requests. Rate limited. Try after a while.
2026-01-10 01:35:18,848 | WARNING |   [ZEC-USD] Fetch error: Too Many Requests. Rate limited. Try after a while.
2026-01-10 01:35:23,275 | WARNING |   [AAVE-USD] Fetch error: Too Many Requests. Rate limited. Try after a while.
2026-01-10 01:35:26,282 | INFO | 
============================================================
2026-01-10 01:35:26,282 | INFO | Processing EQUITY: 421 assets
2026-01-10 01:35:26,282 | INFO | Schedule: Weekdays 22:00 UTC
2026-01-10 01:35:26,282 | INFO | ============================================================
2026-01-10 01:35:26,282 | INFO |   Market closed for EQUITY today, skipping
2026-01-10 01:35:26,282 | INFO | 
============================================================
2026-01-10 01:35:26,282 | INFO | Processing FX: 24 assets
2026-01-10 01:35:26,282 | INFO | Schedule: Sun-Thu 22:00 UTC
2026-01-10 01:35:26,282 | INFO | ============================================================
2026-01-10 01:35:26,282 | INFO |   Market closed for FX today, skipping
2026-01-10 01:35:26,290 | WARNING | Heartbeat recording failed: relation "fhq_monitoring.system_heartbeats" does not exist
LINE 2:                 INSERT INTO fhq_monitoring.system_heartbeats...
                                    ^

2026-01-10 01:35:26,301 | INFO | 
======================================================================
2026-01-10 01:35:26,301 | INFO | DAILY INGEST COMPLETE
2026-01-10 01:35:26,301 | INFO | ======================================================================
2026-01-10 01:35:26,301 | INFO | Assets Processed: 46
2026-01-10 01:35:26,301 | INFO | Assets Updated:   0
2026-01-10 01:35:26,301 | INFO | Rows Inserted:    0
2026-01-10 01:35:26,301 | INFO |   CRYPTO: 0 assets, 0 rows
2026-01-10 01:35:26,301 | INFO | Evidence: C:\fhq-market-system\vision-ios\03_FUNCTIONS\evidence\IOS001_DAILY_INGEST_be1e6761_20260110_013526.json
2026-01-10 01:35:26,301 | INFO | ======================================================================
