2026-01-16 04:30:18,876 | INFO | ======================================================================
2026-01-16 04:30:18,876 | INFO | IoS-001 DAILY PRICE INGEST
2026-01-16 04:30:18,876 | INFO | Executor: LINE (EC-004)
2026-01-16 04:30:18,876 | INFO | Authority: CEO_DIRECTIVE_LINE_DAILY_INGEST_ACTIVATION_20251212
2026-01-16 04:30:18,876 | INFO | Time: 2026-01-16T03:30:18.876080+00:00
2026-01-16 04:30:18,876 | INFO | Asset Class Filter: ALL
2026-01-16 04:30:18,876 | INFO | Dry Run: False
2026-01-16 04:30:18,876 | INFO | ======================================================================
2026-01-16 04:30:19,212 | INFO | Found 491 VEGA-attested assets
2026-01-16 04:30:19,212 | INFO | 
============================================================
2026-01-16 04:30:19,212 | INFO | Processing CRYPTO: 46 assets
2026-01-16 04:30:19,212 | INFO | Schedule: Daily 01:00 UTC
2026-01-16 04:30:19,212 | INFO | ============================================================
2026-01-16 04:30:19,212 | INFO | 
  Batch 1/2 (25 assets)
2026-01-16 04:30:22,636 | WARNING |   [GRT-USD] Fetch error: Too Many Requests. Rate limited. Try after a while.
2026-01-16 04:30:25,659 | INFO |   Batch complete, waiting 60s...
2026-01-16 04:31:25,665 | INFO | 
  Batch 2/2 (21 assets)
2026-01-16 04:31:27,366 | WARNING |   [UNI-USD] Fetch error: Too Many Requests. Rate limited. Try after a while.
2026-01-16 04:31:30,397 | INFO | 
============================================================
2026-01-16 04:31:30,397 | INFO | Processing EQUITY: 421 assets
2026-01-16 04:31:30,397 | INFO | Schedule: Weekdays 22:00 UTC
2026-01-16 04:31:30,397 | INFO | ============================================================
2026-01-16 04:31:30,397 | INFO | 
  Batch 1/17 (25 assets)
2026-01-16 04:31:31,593 | WARNING |   [1COV.DE] Fetch error: Too Many Requests. Rate limited. Try after a while.
2026-01-16 04:31:35,384 | WARNING |   [ABBV] Fetch error: Too Many Requests. Rate limited. Try after a while.
2026-01-16 04:31:39,487 | WARNING |   [ABNB] Fetch error: Too Many Requests. Rate limited. Try after a while.
2026-01-16 04:31:43,466 | WARNING |   [ABT] Fetch error: Too Many Requests. Rate limited. Try after a while.
2026-01-16 04:31:47,470 | WARNING |   [ACA.PA] Fetch error: Too Many Requests. Rate limited. Try after a while.
2026-01-16 04:31:51,481 | WARNING |   [ADBE] Fetch error: Too Many Requests. Rate limited. Try after a while.
2026-01-16 04:31:55,583 | WARNING |   [ADI] Fetch error: Too Many Requests. Rate limited. Try after a while.
2026-01-16 04:31:59,346 | WARNING |   [ADS.DE] Fetch error: Too Many Requests. Rate limited. Try after a while.
2026-01-16 04:32:03,068 | WARNING |   [ADSK] Fetch error: Too Many Requests. Rate limited. Try after a while.
2026-01-16 04:32:07,202 | WARNING |   [AEP] Fetch error: Too Many Requests. Rate limited. Try after a while.
2026-01-16 04:32:11,125 | WARNING |   [AFL] Fetch error: Too Many Requests. Rate limited. Try after a while.
2026-01-16 04:32:15,284 | WARNING |   [AI.PA] Fetch error: Too Many Requests. Rate limited. Try after a while.
2026-01-16 04:32:19,342 | WARNING |   [AIG] Fetch error: Too Many Requests. Rate limited. Try after a while.
2026-01-16 04:32:23,372 | WARNING |   [AIR.DE] Fetch error: Too Many Requests. Rate limited. Try after a while.
2026-01-16 04:32:27,515 | WARNING |   [AIR.PA] Fetch error: Too Many Requests. Rate limited. Try after a while.
2026-01-16 04:32:31,695 | WARNING |   [AKAM] Fetch error: Too Many Requests. Rate limited. Try after a while.
2026-01-16 04:32:35,803 | WARNING |   [AKER.OL] Fetch error: Too Many Requests. Rate limited. Try after a while.
2026-01-16 04:32:39,711 | WARNING |   [AKRBP.OL] Fetch error: Too Many Requests. Rate limited. Try after a while.
2026-01-16 04:32:43,694 | WARNING |   [AKSO.OL] Fetch error: Too Many Requests. Rate limited. Try after a while.
2026-01-16 04:32:47,607 | WARNING |   [AKVA.OL] Fetch error: Too Many Requests. Rate limited. Try after a while.
2026-01-16 04:32:51,678 | WARNING |   [ALB] Fetch error: Too Many Requests. Rate limited. Try after a while.
2026-01-16 04:32:55,622 | WARNING |   [ALL] Fetch error: Too Many Requests. Rate limited. Try after a while.
2026-01-16 04:32:59,809 | WARNING |   [ALO.PA] Fetch error: Too Many Requests. Rate limited. Try after a while.
2026-01-16 04:33:03,813 | WARNING |   [ALV.DE] Fetch error: Too Many Requests. Rate limited. Try after a while.
2026-01-16 04:33:07,934 | WARNING |   [AMAT] Fetch error: Too Many Requests. Rate limited. Try after a while.
2026-01-16 04:33:10,936 | INFO |   Batch complete, waiting 60s...
2026-01-16 04:34:10,938 | INFO | 
  Batch 2/17 (25 assets)
2026-01-16 04:34:12,316 | WARNING |   [AMD] Fetch error: Too Many Requests. Rate limited. Try after a while.
2026-01-16 04:34:16,633 | WARNING |   [AMGN] Fetch error: Too Many Requests. Rate limited. Try after a while.
2026-01-16 04:34:20,427 | WARNING |   [AMT] Fetch error: Too Many Requests. Rate limited. Try after a while.
2026-01-16 04:34:24,854 | WARNING |   [AMZN] Fetch error: Too Many Requests. Rate limited. Try after a while.
2026-01-16 04:34:29,064 | WARNING |   [AON] Fetch error: Too Many Requests. Rate limited. Try after a while.
2026-01-16 04:34:33,162 | WARNING |   [APD] Fetch error: Too Many Requests. Rate limited. Try after a while.
2026-01-16 04:34:37,501 | WARNING |   [ASML] Fetch error: Too Many Requests. Rate limited. Try after a while.
2026-01-16 04:34:41,469 | WARNING |   [ATO.PA] Fetch error: Too Many Requests. Rate limited. Try after a while.
2026-01-16 04:34:45,528 | WARNING |   [AUSS.OL] Fetch error: Too Many Requests. Rate limited. Try after a while.
2026-01-16 04:34:49,573 | WARNING |   [AUTO.OL] Fetch error: Too Many Requests. Rate limited. Try after a while.
2026-01-16 04:34:53,505 | WARNING |   [AV.L] Fetch error: Too Many Requests. Rate limited. Try after a while.
2026-01-16 04:34:57,274 | WARNING |   [AVB] Fetch error: Too Many Requests. Rate limited. Try after a while.
2026-01-16 04:35:02,150 | WARNING |   [AVGO] Fetch error: Too Many Requests. Rate limited. Try after a while.
2026-01-16 04:35:06,841 | WARNING |   [AWK] Fetch error: Too Many Requests. Rate limited. Try after a while.
2026-01-16 04:35:10,828 | WARNING |   [AXP] Fetch error: Too Many Requests. Rate limited. Try after a while.
2026-01-16 04:35:14,905 | WARNING |   [AZN.L] Fetch error: Too Many Requests. Rate limited. Try after a while.
