2026-01-17 11:55:33,062 | INFO | ======================================================================
2026-01-17 11:55:33,062 | INFO | IoS-001 DAILY PRICE INGEST
2026-01-17 11:55:33,063 | INFO | Executor: LINE (EC-004)
2026-01-17 11:55:33,063 | INFO | Authority: CEO_DIRECTIVE_LINE_DAILY_INGEST_ACTIVATION_20251212
2026-01-17 11:55:33,063 | INFO | Time: 2026-01-17T10:55:33.063189+00:00
2026-01-17 11:55:33,063 | INFO | Asset Class Filter: ALL
2026-01-17 11:55:33,063 | INFO | Dry Run: False
2026-01-17 11:55:33,063 | INFO | ======================================================================
2026-01-17 11:55:33,332 | INFO | Found 491 VEGA-attested assets
2026-01-17 11:55:33,332 | INFO | 
============================================================
2026-01-17 11:55:33,332 | INFO | Processing CRYPTO: 46 assets
2026-01-17 11:55:33,332 | INFO | Schedule: Daily 01:00 UTC
2026-01-17 11:55:33,332 | INFO | ============================================================
2026-01-17 11:55:33,332 | INFO | 
  Batch 1/2 (25 assets)
2026-01-17 11:55:36,648 | WARNING |   [GRT-USD] Fetch error: Too Many Requests. Rate limited. Try after a while.
2026-01-17 11:55:39,659 | INFO |   Batch complete, waiting 60s...
2026-01-17 11:56:39,665 | INFO | 
  Batch 2/2 (21 assets)
2026-01-17 11:56:41,550 | WARNING |   [UNI-USD] Fetch error: Too Many Requests. Rate limited. Try after a while.
2026-01-17 11:56:44,573 | INFO | 
============================================================
2026-01-17 11:56:44,577 | INFO | Processing EQUITY: 421 assets
2026-01-17 11:56:44,577 | INFO | Schedule: Weekdays 22:00 UTC
2026-01-17 11:56:44,577 | INFO | ============================================================
2026-01-17 11:56:44,577 | INFO |   Market closed for EQUITY today, skipping
2026-01-17 11:56:44,577 | INFO | 
============================================================
2026-01-17 11:56:44,577 | INFO | Processing FX: 24 assets
2026-01-17 11:56:44,577 | INFO | Schedule: Sun-Thu 22:00 UTC
2026-01-17 11:56:44,577 | INFO | ============================================================
2026-01-17 11:56:44,577 | INFO |   Market closed for FX today, skipping
2026-01-17 11:56:44,579 | WARNING | Heartbeat recording failed: relation "fhq_monitoring.system_heartbeats" does not exist
LINE 2:                 INSERT INTO fhq_monitoring.system_heartbeats...
                                    ^

2026-01-17 11:56:44,579 | INFO | 
======================================================================
2026-01-17 11:56:44,579 | INFO | DAILY INGEST COMPLETE
2026-01-17 11:56:44,579 | INFO | ======================================================================
2026-01-17 11:56:44,579 | INFO | Assets Processed: 46
2026-01-17 11:56:44,579 | INFO | Assets Updated:   0
2026-01-17 11:56:44,579 | INFO | Rows Inserted:    0
2026-01-17 11:56:44,579 | INFO |   CRYPTO: 0 assets, 0 rows
2026-01-17 11:56:44,579 | INFO | Evidence: C:\fhq-market-system\vision-ios\03_FUNCTIONS\evidence\IOS001_DAILY_INGEST_ce4ec032_20260117_115644.json
2026-01-17 11:56:44,579 | INFO | ======================================================================
