2026-02-17 02:43:31,820 | INFO | ======================================================================
2026-02-17 02:43:31,820 | INFO | IoS-001 DAILY PRICE INGEST
2026-02-17 02:43:31,820 | INFO | Executor: LINE (EC-004)
2026-02-17 02:43:31,820 | INFO | Authority: CEO_DIRECTIVE_LINE_DAILY_INGEST_ACTIVATION_20251212
2026-02-17 02:43:31,820 | INFO | Amendment: CEO-DIR-2026-119 (Rate Limit Mitigation)
2026-02-17 02:43:31,820 | INFO | Time: 2026-02-17T01:43:31.820883+00:00
2026-02-17 02:43:31,820 | INFO | Asset Class Filter: ALL
2026-02-17 02:43:31,820 | INFO | Batch Mode: True
2026-02-17 02:43:31,820 | INFO | Dry Run: False
2026-02-17 02:43:31,820 | INFO | ======================================================================
2026-02-17 02:43:32,100 | INFO | Found 491 VEGA-attested assets
2026-02-17 02:43:32,100 | INFO | 
============================================================
2026-02-17 02:43:32,100 | INFO | Processing CRYPTO: 46 assets
2026-02-17 02:43:32,101 | INFO | Schedule: Daily 01:00 UTC
2026-02-17 02:43:32,101 | INFO | ============================================================
2026-02-17 02:43:32,101 | INFO |   Using BATCH MODE (CEO-DIR-2026-119)
2026-02-17 02:43:32,101 | INFO | 
  Batch 1/5 (10 tickers)
2026-02-17 02:43:32,147 | INFO |     All assets up to date
2026-02-17 02:43:32,147 | INFO | 
  Batch 2/5 (10 tickers)
2026-02-17 02:43:32,181 | INFO |     Batch download: 1 tickers
2026-02-17 02:43:35,109 | ERROR | 
1 Failed download:
2026-02-17 02:43:35,109 | ERROR | ['GRT-USD']: YFRateLimitError('Too Many Requests. Rate limited. Try after a while.')
2026-02-17 02:43:35,120 | INFO |   Batch complete, waiting 120s...
2026-02-17 02:45:35,125 | INFO | 
  Batch 3/5 (10 tickers)
2026-02-17 02:45:35,191 | INFO |     All assets up to date
2026-02-17 02:45:35,191 | INFO | 
  Batch 4/5 (10 tickers)
2026-02-17 02:45:35,235 | INFO |     Batch download: 1 tickers
2026-02-17 02:45:38,127 | ERROR | 
1 Failed download:
2026-02-17 02:45:38,127 | ERROR | ['UNI-USD']: YFRateLimitError('Too Many Requests. Rate limited. Try after a while.')
2026-02-17 02:45:38,138 | INFO |   Batch complete, waiting 120s...
2026-02-17 02:47:38,142 | INFO | 
  Batch 5/5 (6 tickers)
2026-02-17 02:47:38,188 | INFO |     All assets up to date
2026-02-17 02:47:38,188 | INFO | 
============================================================
2026-02-17 02:47:38,188 | INFO | Processing EQUITY: 421 assets
2026-02-17 02:47:38,188 | INFO | Schedule: Weekdays 22:00 UTC
2026-02-17 02:47:38,188 | INFO | ============================================================
2026-02-17 02:47:38,188 | INFO |   Using BATCH MODE (CEO-DIR-2026-119)
2026-02-17 02:47:38,188 | INFO | 
  Batch 1/43 (10 tickers)
2026-02-17 02:47:38,232 | INFO |     Batch download: 10 tickers
2026-02-17 02:47:49,967 | ERROR | 
10 Failed downloads:
2026-02-17 02:47:49,967 | ERROR | ['ABNB', '1COV.DE', 'ADBE', 'ADS.DE', 'ACA.PA', 'ABT', 'AEP', 'ADSK', 'ADI', 'ABBV']: YFRateLimitError('Too Many Requests. Rate limited. Try after a while.')
2026-02-17 02:47:49,975 | INFO |   Batch complete, waiting 120s...
