2026-01-28 04:09:06,032 | INFO | ======================================================================
2026-01-28 04:09:06,032 | INFO | IoS-001 DAILY PRICE INGEST
2026-01-28 04:09:06,032 | INFO | Executor: LINE (EC-004)
2026-01-28 04:09:06,032 | INFO | Authority: CEO_DIRECTIVE_LINE_DAILY_INGEST_ACTIVATION_20251212
2026-01-28 04:09:06,032 | INFO | Time: 2026-01-28T03:09:06.032675+00:00
2026-01-28 04:09:06,032 | INFO | Asset Class Filter: ALL
2026-01-28 04:09:06,032 | INFO | Dry Run: False
2026-01-28 04:09:06,032 | INFO | ======================================================================
2026-01-28 04:09:06,223 | INFO | Found 491 VEGA-attested assets
2026-01-28 04:09:06,223 | INFO | 
============================================================
2026-01-28 04:09:06,223 | INFO | Processing CRYPTO: 46 assets
2026-01-28 04:09:06,223 | INFO | Schedule: Daily 01:00 UTC
2026-01-28 04:09:06,223 | INFO | ============================================================
2026-01-28 04:09:06,223 | INFO | 
  Batch 1/2 (25 assets)
2026-01-28 04:09:07,732 | ERROR | $GRT-USD: possibly delisted; no price data found  (1d 2026-01-28 -> 2026-01-29)
2026-01-28 04:09:10,780 | INFO |   Batch complete, waiting 60s...
2026-01-28 04:10:10,783 | INFO | 
  Batch 2/2 (21 assets)
2026-01-28 04:10:11,029 | ERROR | $UNI-USD: possibly delisted; no price data found  (1d 2026-01-27 -> 2026-01-29)
2026-01-28 04:10:14,118 | INFO | 
============================================================
2026-01-28 04:10:14,118 | INFO | Processing EQUITY: 421 assets
2026-01-28 04:10:14,118 | INFO | Schedule: Weekdays 22:00 UTC
2026-01-28 04:10:14,118 | INFO | ============================================================
2026-01-28 04:10:14,118 | INFO | 
  Batch 1/17 (25 assets)
2026-01-28 04:10:14,399 | ERROR | $1COV.DE: possibly delisted; no price data found  (1d 2025-12-24 -> 2026-01-29)
2026-01-28 04:10:19,773 | ERROR | $ABBV: possibly delisted; no price data found  (1d 2026-01-28 -> 2026-01-29) (Yahoo error = "Data doesn't exist for startDate = 1769576400, endDate = 1769662800")
2026-01-28 04:10:23,923 | ERROR | $ABNB: possibly delisted; no price data found  (1d 2026-01-28 -> 2026-01-29) (Yahoo error = "Data doesn't exist for startDate = 1769576400, endDate = 1769662800")
2026-01-28 04:10:28,083 | ERROR | $ABT: possibly delisted; no price data found  (1d 2026-01-28 -> 2026-01-29) (Yahoo error = "Data doesn't exist for startDate = 1769576400, endDate = 1769662800")
2026-01-28 04:10:31,667 | INFO |     [ACA.PA] +1 rows
2026-01-28 04:10:35,872 | ERROR | $ADBE: possibly delisted; no price data found  (1d 2026-01-28 -> 2026-01-29) (Yahoo error = "Data doesn't exist for startDate = 1769576400, endDate = 1769662800")
2026-01-28 04:10:40,170 | ERROR | $ADI: possibly delisted; no price data found  (1d 2026-01-28 -> 2026-01-29) (Yahoo error = "Data doesn't exist for startDate = 1769576400, endDate = 1769662800")
2026-01-28 04:10:43,302 | INFO |     [ADS.DE] +1 rows
2026-01-28 04:10:47,321 | ERROR | $ADSK: possibly delisted; no price data found  (1d 2026-01-28 -> 2026-01-29) (Yahoo error = "Data doesn't exist for startDate = 1769576400, endDate = 1769662800")
2026-01-28 04:10:51,411 | ERROR | $AEP: possibly delisted; no price data found  (1d 2026-01-28 -> 2026-01-29) (Yahoo error = "Data doesn't exist for startDate = 1769576400, endDate = 1769662800")
2026-01-28 04:10:56,215 | ERROR | $AFL: possibly delisted; no price data found  (1d 2026-01-28 -> 2026-01-29) (Yahoo error = "Data doesn't exist for startDate = 1769576400, endDate = 1769662800")
2026-01-28 04:10:59,374 | INFO |     [AI.PA] +1 rows
2026-01-28 04:11:03,521 | ERROR | $AIG: possibly delisted; no price data found  (1d 2026-01-28 -> 2026-01-29) (Yahoo error = "Data doesn't exist for startDate = 1769576400, endDate = 1769662800")
2026-01-28 04:11:06,708 | INFO |     [AIR.DE] +1 rows
2026-01-28 04:11:09,844 | INFO |     [AIR.PA] +1 rows
2026-01-28 04:11:13,834 | ERROR | $AKAM: possibly delisted; no price data found  (1d 2026-01-28 -> 2026-01-29) (Yahoo error = "Data doesn't exist for startDate = 1769576400, endDate = 1769662800")
2026-01-28 04:11:16,987 | INFO |     [AKER.OL] +1 rows
2026-01-28 04:11:20,138 | INFO |     [AKRBP.OL] +1 rows
2026-01-28 04:11:23,282 | INFO |     [AKSO.OL] +1 rows
2026-01-28 04:11:26,423 | INFO |     [AKVA.OL] +1 rows
2026-01-28 04:11:30,427 | ERROR | $ALB: possibly delisted; no price data found  (1d 2026-01-28 -> 2026-01-29) (Yahoo error = "Data doesn't exist for startDate = 1769576400, endDate = 1769662800")
2026-01-28 04:11:34,940 | ERROR | $ALL: possibly delisted; no price data found  (1d 2026-01-28 -> 2026-01-29) (Yahoo error = "Data doesn't exist for startDate = 1769576400, endDate = 1769662800")
2026-01-28 04:11:38,120 | INFO |     [ALO.PA] +1 rows
2026-01-28 04:11:41,244 | INFO |     [ALV.DE] +1 rows
2026-01-28 04:11:45,382 | ERROR | $AMAT: possibly delisted; no price data found  (1d 2026-01-28 -> 2026-01-29) (Yahoo error = "Data doesn't exist for startDate = 1769576400, endDate = 1769662800")
2026-01-28 04:11:48,391 | INFO |   Batch complete, waiting 60s...
2026-01-28 04:12:48,392 | INFO | 
  Batch 2/17 (25 assets)
2026-01-28 04:12:50,537 | ERROR | $AMD: possibly delisted; no price data found  (1d 2026-01-28 -> 2026-01-29) (Yahoo error = "Data doesn't exist for startDate = 1769576400, endDate = 1769662800")
2026-01-28 04:12:54,782 | ERROR | $AMGN: possibly delisted; no price data found  (1d 2026-01-28 -> 2026-01-29) (Yahoo error = "Data doesn't exist for startDate = 1769576400, endDate = 1769662800")
2026-01-28 04:12:59,100 | ERROR | $AMT: possibly delisted; no price data found  (1d 2026-01-28 -> 2026-01-29) (Yahoo error = "Data doesn't exist for startDate = 1769576400, endDate = 1769662800")
2026-01-28 04:13:03,089 | ERROR | $AMZN: possibly delisted; no price data found  (1d 2026-01-28 -> 2026-01-29) (Yahoo error = "Data doesn't exist for startDate = 1769576400, endDate = 1769662800")
2026-01-28 04:13:07,529 | ERROR | $AON: possibly delisted; no price data found  (1d 2026-01-28 -> 2026-01-29) (Yahoo error = "Data doesn't exist for startDate = 1769576400, endDate = 1769662800")
2026-01-28 04:13:11,930 | ERROR | $APD: possibly delisted; no price data found  (1d 2026-01-28 -> 2026-01-29) (Yahoo error = "Data doesn't exist for startDate = 1769576400, endDate = 1769662800")
2026-01-28 04:13:16,021 | ERROR | $ASML: possibly delisted; no price data found  (1d 2026-01-28 -> 2026-01-29) (Yahoo error = "Data doesn't exist for startDate = 1769576400, endDate = 1769662800")
2026-01-28 04:13:19,189 | INFO |     [ATO.PA] +1 rows
2026-01-28 04:13:22,382 | INFO |     [AUSS.OL] +1 rows
2026-01-28 04:13:25,546 | INFO |     [AUTO.OL] +1 rows
2026-01-28 04:13:28,699 | INFO |     [AV.L] +1 rows
2026-01-28 04:13:32,836 | ERROR | $AVB: possibly delisted; no price data found  (1d 2026-01-28 -> 2026-01-29) (Yahoo error = "Data doesn't exist for startDate = 1769576400, endDate = 1769662800")
2026-01-28 04:13:37,237 | ERROR | $AVGO: possibly delisted; no price data found  (1d 2026-01-28 -> 2026-01-29) (Yahoo error = "Data doesn't exist for startDate = 1769576400, endDate = 1769662800")
2026-01-28 04:13:41,523 | ERROR | $AWK: possibly delisted; no price data found  (1d 2026-01-28 -> 2026-01-29) (Yahoo error = "Data doesn't exist for startDate = 1769576400, endDate = 1769662800")
2026-01-28 04:13:45,631 | ERROR | $AXP: possibly delisted; no price data found  (1d 2026-01-28 -> 2026-01-29) (Yahoo error = "Data doesn't exist for startDate = 1769576400, endDate = 1769662800")
2026-01-28 04:13:48,816 | INFO |     [AZN.L] +1 rows
2026-01-28 04:13:52,805 | ERROR | $AZO: possibly delisted; no price data found  (1d 2026-01-28 -> 2026-01-29) (Yahoo error = "Data doesn't exist for startDate = 1769576400, endDate = 1769662800")
2026-01-28 04:13:56,987 | ERROR | $BA: possibly delisted; no price data found  (1d 2026-01-28 -> 2026-01-29) (Yahoo error = "Data doesn't exist for startDate = 1769576400, endDate = 1769662800")
2026-01-28 04:14:00,189 | INFO |     [BA.L] +1 rows
2026-01-28 04:14:04,371 | ERROR | $BAC: possibly delisted; no price data found  (1d 2026-01-28 -> 2026-01-29) (Yahoo error = "Data doesn't exist for startDate = 1769576400, endDate = 1769662800")
