2026-02-18 16:36:36,427 | INFO | ======================================================================
2026-02-18 16:36:36,428 | INFO | IoS-001 DAILY PRICE INGEST
2026-02-18 16:36:36,428 | INFO | Executor: LINE (EC-004)
2026-02-18 16:36:36,428 | INFO | Authority: CEO_DIRECTIVE_LINE_DAILY_INGEST_ACTIVATION_20251212
2026-02-18 16:36:36,428 | INFO | Amendment: CEO-DIR-2026-119 (Rate Limit Mitigation)
2026-02-18 16:36:36,428 | INFO | Time: 2026-02-18T15:36:36.428766+00:00
2026-02-18 16:36:36,429 | INFO | Asset Class Filter: ALL
2026-02-18 16:36:36,429 | INFO | Batch Mode: True
2026-02-18 16:36:36,429 | INFO | Dry Run: False
2026-02-18 16:36:36,430 | INFO | ======================================================================
2026-02-18 16:36:36,845 | INFO | Found 491 VEGA-attested assets
2026-02-18 16:36:36,846 | INFO | 
============================================================
2026-02-18 16:36:36,846 | INFO | Processing CRYPTO: 46 assets
2026-02-18 16:36:36,847 | INFO | Schedule: Daily 01:00 UTC
2026-02-18 16:36:36,847 | INFO | ============================================================
2026-02-18 16:36:36,847 | INFO |   Using BATCH MODE (CEO-DIR-2026-119)
2026-02-18 16:36:36,847 | INFO | 
  Batch 1/5 (10 tickers)
2026-02-18 16:36:36,868 | INFO |     Batch download: 2 tickers
2026-02-18 16:36:43,934 | ERROR | 
2 Failed downloads:
2026-02-18 16:36:43,935 | ERROR | ['ADA-USD', 'AVAX-USD']: YFRateLimitError('Too Many Requests. Rate limited. Try after a while.')
2026-02-18 16:36:43,950 | INFO |   Batch complete, waiting 120s...
2026-02-18 16:38:43,951 | INFO | 
  Batch 2/5 (10 tickers)
2026-02-18 16:38:43,982 | INFO |     Batch download: 2 tickers
2026-02-18 16:38:55,340 | ERROR | 
2 Failed downloads:
2026-02-18 16:38:55,340 | ERROR | ['DOGE-USD', 'GRT-USD']: YFRateLimitError('Too Many Requests. Rate limited. Try after a while.')
2026-02-18 16:38:55,356 | INFO |   Batch complete, waiting 120s...
2026-02-18 16:40:55,359 | INFO | 
  Batch 3/5 (10 tickers)
2026-02-18 16:40:55,392 | INFO |     Batch download: 1 tickers
2026-02-18 16:40:59,412 | ERROR | 
1 Failed download:
2026-02-18 16:40:59,421 | ERROR | ['LDO-USD']: YFRateLimitError('Too Many Requests. Rate limited. Try after a while.')
2026-02-18 16:40:59,423 | INFO |   Batch complete, waiting 120s...
