2026-02-14 16:25:36,136 | INFO | ======================================================================
2026-02-14 16:25:36,136 | INFO | IoS-001 DAILY PRICE INGEST
2026-02-14 16:25:36,136 | INFO | Executor: LINE (EC-004)
2026-02-14 16:25:36,136 | INFO | Authority: CEO_DIRECTIVE_LINE_DAILY_INGEST_ACTIVATION_20251212
2026-02-14 16:25:36,136 | INFO | Amendment: CEO-DIR-2026-119 (Rate Limit Mitigation)
2026-02-14 16:25:36,136 | INFO | Time: 2026-02-14T15:25:36.136549+00:00
2026-02-14 16:25:36,136 | INFO | Asset Class Filter: ALL
2026-02-14 16:25:36,136 | INFO | Batch Mode: True
2026-02-14 16:25:36,145 | INFO | Dry Run: False
2026-02-14 16:25:36,145 | INFO | ======================================================================
2026-02-14 16:25:36,463 | INFO | Found 491 VEGA-attested assets
2026-02-14 16:25:36,463 | INFO | 
============================================================
2026-02-14 16:25:36,463 | INFO | Processing CRYPTO: 46 assets
2026-02-14 16:25:36,463 | INFO | Schedule: Daily 01:00 UTC
2026-02-14 16:25:36,463 | INFO | ============================================================
2026-02-14 16:25:36,463 | INFO |   Using BATCH MODE (CEO-DIR-2026-119)
2026-02-14 16:25:36,463 | INFO | 
  Batch 1/5 (10 tickers)
2026-02-14 16:25:36,463 | INFO |     All assets up to date
2026-02-14 16:25:36,463 | INFO | 
  Batch 2/5 (10 tickers)
2026-02-14 16:25:36,483 | INFO |     Batch download: 1 tickers
2026-02-14 16:25:39,292 | ERROR | 
1 Failed download:
2026-02-14 16:25:39,292 | ERROR | ['GRT-USD']: YFRateLimitError('Too Many Requests. Rate limited. Try after a while.')
2026-02-14 16:25:39,308 | INFO |   Batch complete, waiting 120s...
2026-02-14 16:27:39,313 | INFO | 
  Batch 3/5 (10 tickers)
2026-02-14 16:27:39,324 | INFO |     All assets up to date
2026-02-14 16:27:39,324 | INFO | 
  Batch 4/5 (10 tickers)
2026-02-14 16:27:39,365 | INFO |     Batch download: 1 tickers
2026-02-14 16:27:42,027 | ERROR | 
1 Failed download:
2026-02-14 16:27:42,027 | ERROR | ['UNI-USD']: YFRateLimitError('Too Many Requests. Rate limited. Try after a while.')
2026-02-14 16:27:42,027 | INFO |   Batch complete, waiting 120s...
2026-02-14 16:29:42,043 | INFO | 
  Batch 5/5 (6 tickers)
2026-02-14 16:29:42,059 | INFO |     All assets up to date
2026-02-14 16:29:42,059 | INFO | 
============================================================
2026-02-14 16:29:42,059 | INFO | Processing EQUITY: 421 assets
2026-02-14 16:29:42,059 | INFO | Schedule: Weekdays 22:00 UTC
2026-02-14 16:29:42,059 | INFO | ============================================================
2026-02-14 16:29:42,059 | INFO |   Market closed for EQUITY today, skipping
2026-02-14 16:29:42,059 | INFO | 
============================================================
2026-02-14 16:29:42,059 | INFO | Processing FX: 24 assets
2026-02-14 16:29:42,059 | INFO | Schedule: Sun-Thu 22:00 UTC
2026-02-14 16:29:42,059 | INFO | ============================================================
2026-02-14 16:29:42,059 | INFO |   Market closed for FX today, skipping
2026-02-14 16:29:42,080 | WARNING | Heartbeat recording failed: relation "fhq_monitoring.system_heartbeats" does not exist
LINE 2:                 INSERT INTO fhq_monitoring.system_heartbeats...
                                    ^

2026-02-14 16:29:42,086 | INFO | 
======================================================================
2026-02-14 16:29:42,086 | INFO | DAILY INGEST COMPLETE
2026-02-14 16:29:42,087 | INFO | ======================================================================
2026-02-14 16:29:42,087 | INFO | Assets Processed: 46
2026-02-14 16:29:42,087 | INFO | Assets Updated:   0
2026-02-14 16:29:42,088 | INFO | Rows Inserted:    0
2026-02-14 16:29:42,088 | INFO |   CRYPTO: 0 assets, 0 rows
2026-02-14 16:29:42,088 | INFO | Evidence: C:\fhq-market-system\vision-ios\03_FUNCTIONS\evidence\IOS001_DAILY_INGEST_be09f345_20260214_162942.json
2026-02-14 16:29:42,089 | INFO | ======================================================================
