2026-01-11 21:34:46,430 | INFO | ======================================================================
2026-01-11 21:34:46,430 | INFO | IoS-001 DAILY PRICE INGEST
2026-01-11 21:34:46,430 | INFO | Executor: LINE (EC-004)
2026-01-11 21:34:46,430 | INFO | Authority: CEO_DIRECTIVE_LINE_DAILY_INGEST_ACTIVATION_20251212
2026-01-11 21:34:46,430 | INFO | Time: 2026-01-11T20:34:46.430999+00:00
2026-01-11 21:34:46,430 | INFO | Asset Class Filter: ALL
2026-01-11 21:34:46,430 | INFO | Dry Run: False
2026-01-11 21:34:46,430 | INFO | ======================================================================
2026-01-11 21:34:46,830 | INFO | Found 491 VEGA-attested assets
2026-01-11 21:34:46,831 | INFO | 
============================================================
2026-01-11 21:34:46,831 | INFO | Processing CRYPTO: 46 assets
2026-01-11 21:34:46,831 | INFO | Schedule: Daily 01:00 UTC
2026-01-11 21:34:46,831 | INFO | ============================================================
2026-01-11 21:34:46,831 | INFO | 
  Batch 1/2 (25 assets)
2026-01-11 21:34:48,212 | ERROR | $GRT-USD: possibly delisted; no price data found  (1d 2026-01-11 -> 2026-01-12)
2026-01-11 21:34:51,267 | INFO |   Batch complete, waiting 60s...
2026-01-11 21:35:51,268 | INFO | 
  Batch 2/2 (21 assets)
2026-01-11 21:35:51,395 | ERROR | $UNI-USD: possibly delisted; no price data found  (1d 2026-01-08 -> 2026-01-12)
2026-01-11 21:35:54,418 | INFO | 
============================================================
2026-01-11 21:35:54,418 | INFO | Processing EQUITY: 421 assets
2026-01-11 21:35:54,418 | INFO | Schedule: Weekdays 22:00 UTC
2026-01-11 21:35:54,418 | INFO | ============================================================
2026-01-11 21:35:54,419 | INFO |   Market closed for EQUITY today, skipping
2026-01-11 21:35:54,419 | INFO | 
============================================================
2026-01-11 21:35:54,419 | INFO | Processing FX: 24 assets
2026-01-11 21:35:54,419 | INFO | Schedule: Sun-Thu 22:00 UTC
2026-01-11 21:35:54,419 | INFO | ============================================================
2026-01-11 21:35:54,419 | INFO | 
  Batch 1/1 (24 assets)
2026-01-11 21:35:54,472 | WARNING | Heartbeat recording failed: relation "fhq_monitoring.system_heartbeats" does not exist
LINE 2:                 INSERT INTO fhq_monitoring.system_heartbeats...
                                    ^

2026-01-11 21:35:54,473 | INFO | 
======================================================================
2026-01-11 21:35:54,474 | INFO | DAILY INGEST COMPLETE
2026-01-11 21:35:54,474 | INFO | ======================================================================
2026-01-11 21:35:54,474 | INFO | Assets Processed: 70
2026-01-11 21:35:54,474 | INFO | Assets Updated:   0
2026-01-11 21:35:54,474 | INFO | Rows Inserted:    0
2026-01-11 21:35:54,474 | INFO |   CRYPTO: 0 assets, 0 rows
2026-01-11 21:35:54,475 | INFO |   FX: 0 assets, 0 rows
2026-01-11 21:35:54,475 | INFO | Evidence: C:\fhq-market-system\vision-ios\03_FUNCTIONS\evidence\IOS001_DAILY_INGEST_f68dcd22_20260111_213554.json
2026-01-11 21:35:54,475 | INFO | ======================================================================
