2026-01-09 13:27:48,025 | INFO | ======================================================================
2026-01-09 13:27:48,025 | INFO | IoS-001 DAILY PRICE INGEST
2026-01-09 13:27:48,025 | INFO | Executor: LINE (EC-004)
2026-01-09 13:27:48,026 | INFO | Authority: CEO_DIRECTIVE_LINE_DAILY_INGEST_ACTIVATION_20251212
2026-01-09 13:27:48,026 | INFO | Time: 2026-01-09T12:27:48.026205+00:00
2026-01-09 13:27:48,026 | INFO | Asset Class Filter: ALL
2026-01-09 13:27:48,026 | INFO | Dry Run: False
2026-01-09 13:27:48,026 | INFO | ======================================================================
2026-01-09 13:27:48,243 | INFO | Found 491 VEGA-attested assets
2026-01-09 13:27:48,243 | INFO | 
============================================================
2026-01-09 13:27:48,243 | INFO | Processing CRYPTO: 46 assets
2026-01-09 13:27:48,243 | INFO | Schedule: Daily 01:00 UTC
2026-01-09 13:27:48,243 | INFO | ============================================================
2026-01-09 13:27:48,243 | INFO | 
  Batch 1/2 (25 assets)
2026-01-09 13:27:51,306 | WARNING |   [GRT-USD] Fetch error: Too Many Requests. Rate limited. Try after a while.
2026-01-09 13:27:54,348 | INFO |   Batch complete, waiting 60s...
2026-01-09 13:28:54,350 | INFO | 
  Batch 2/2 (21 assets)
2026-01-09 13:28:56,182 | WARNING |   [UNI-USD] Fetch error: Too Many Requests. Rate limited. Try after a while.
2026-01-09 13:28:59,244 | INFO | 
============================================================
2026-01-09 13:28:59,244 | INFO | Processing EQUITY: 421 assets
2026-01-09 13:28:59,244 | INFO | Schedule: Weekdays 22:00 UTC
2026-01-09 13:28:59,244 | INFO | ============================================================
2026-01-09 13:28:59,244 | INFO | 
  Batch 1/17 (25 assets)
2026-01-09 13:29:00,802 | WARNING |   [1COV.DE] Fetch error: Too Many Requests. Rate limited. Try after a while.
2026-01-09 13:29:05,051 | WARNING |   [ABBV] Fetch error: Too Many Requests. Rate limited. Try after a while.
2026-01-09 13:29:09,208 | WARNING |   [ABNB] Fetch error: Too Many Requests. Rate limited. Try after a while.
2026-01-09 13:29:13,433 | WARNING |   [ABT] Fetch error: Too Many Requests. Rate limited. Try after a while.
2026-01-09 13:29:17,276 | WARNING |   [ACA.PA] Fetch error: Too Many Requests. Rate limited. Try after a while.
2026-01-09 13:29:21,442 | WARNING |   [ADBE] Fetch error: Too Many Requests. Rate limited. Try after a while.
2026-01-09 13:29:25,772 | WARNING |   [ADI] Fetch error: Too Many Requests. Rate limited. Try after a while.
2026-01-09 13:29:29,591 | WARNING |   [ADSK] Fetch error: Too Many Requests. Rate limited. Try after a while.
2026-01-09 13:29:33,449 | WARNING |   [AEP] Fetch error: Too Many Requests. Rate limited. Try after a while.
2026-01-09 13:29:37,678 | WARNING |   [AFL] Fetch error: Too Many Requests. Rate limited. Try after a while.
2026-01-09 13:29:42,381 | WARNING |   [AI.PA] Fetch error: Too Many Requests. Rate limited. Try after a while.
2026-01-09 13:29:46,764 | WARNING |   [AIG] Fetch error: Too Many Requests. Rate limited. Try after a while.
2026-01-09 13:29:51,054 | WARNING |   [AIR.PA] Fetch error: Too Many Requests. Rate limited. Try after a while.
2026-01-09 13:29:54,995 | WARNING |   [AKAM] Fetch error: Too Many Requests. Rate limited. Try after a while.
2026-01-09 13:29:59,549 | WARNING |   [AKER.OL] Fetch error: Too Many Requests. Rate limited. Try after a while.
2026-01-09 13:30:03,914 | WARNING |   [AKRBP.OL] Fetch error: Too Many Requests. Rate limited. Try after a while.
2026-01-09 13:30:08,165 | WARNING |   [AKSO.OL] Fetch error: Too Many Requests. Rate limited. Try after a while.
2026-01-09 13:30:12,313 | WARNING |   [AKVA.OL] Fetch error: Too Many Requests. Rate limited. Try after a while.
2026-01-09 13:30:16,399 | WARNING |   [ALB] Fetch error: Too Many Requests. Rate limited. Try after a while.
2026-01-09 13:30:20,565 | WARNING |   [ALL] Fetch error: Too Many Requests. Rate limited. Try after a while.
2026-01-09 13:30:24,680 | WARNING |   [ALO.PA] Fetch error: Too Many Requests. Rate limited. Try after a while.
2026-01-09 13:30:28,995 | WARNING |   [AMAT] Fetch error: Too Many Requests. Rate limited. Try after a while.
2026-01-09 13:30:31,998 | INFO |   Batch complete, waiting 60s...
2026-01-09 13:31:32,000 | INFO | 
  Batch 2/17 (25 assets)
2026-01-09 13:31:33,631 | WARNING |   [AMD] Fetch error: Too Many Requests. Rate limited. Try after a while.
2026-01-09 13:31:37,995 | WARNING |   [AMGN] Fetch error: Too Many Requests. Rate limited. Try after a while.
2026-01-09 13:31:42,001 | WARNING |   [AMT] Fetch error: Too Many Requests. Rate limited. Try after a while.
2026-01-09 13:31:46,085 | WARNING |   [AMZN] Fetch error: Too Many Requests. Rate limited. Try after a while.
2026-01-09 13:31:50,048 | WARNING |   [AON] Fetch error: Too Many Requests. Rate limited. Try after a while.
2026-01-09 13:31:54,431 | WARNING |   [APD] Fetch error: Too Many Requests. Rate limited. Try after a while.
2026-01-09 13:31:58,579 | WARNING |   [ASML] Fetch error: Too Many Requests. Rate limited. Try after a while.
2026-01-09 13:32:02,801 | WARNING |   [ATO.PA] Fetch error: Too Many Requests. Rate limited. Try after a while.
2026-01-09 13:32:07,135 | WARNING |   [AUSS.OL] Fetch error: Too Many Requests. Rate limited. Try after a while.
2026-01-09 13:32:11,261 | WARNING |   [AUTO.OL] Fetch error: Too Many Requests. Rate limited. Try after a while.
2026-01-09 13:32:15,757 | WARNING |   [AV.L] Fetch error: Too Many Requests. Rate limited. Try after a while.
2026-01-09 13:32:19,819 | WARNING |   [AVB] Fetch error: Too Many Requests. Rate limited. Try after a while.
2026-01-09 13:32:23,994 | WARNING |   [AVGO] Fetch error: Too Many Requests. Rate limited. Try after a while.
2026-01-09 13:32:27,768 | WARNING |   [AWK] Fetch error: Too Many Requests. Rate limited. Try after a while.
2026-01-09 13:32:31,980 | WARNING |   [AXP] Fetch error: Too Many Requests. Rate limited. Try after a while.
2026-01-09 13:32:36,368 | WARNING |   [AZN.L] Fetch error: Too Many Requests. Rate limited. Try after a while.
2026-01-09 13:32:40,260 | WARNING |   [AZO] Fetch error: Too Many Requests. Rate limited. Try after a while.
2026-01-09 13:32:44,378 | WARNING |   [BA] Fetch error: Too Many Requests. Rate limited. Try after a while.
