2026-01-17 06:05:08,852 | INFO | ======================================================================
2026-01-17 06:05:08,852 | INFO | IoS-001 DAILY PRICE INGEST
2026-01-17 06:05:08,852 | INFO | Executor: LINE (EC-004)
2026-01-17 06:05:08,852 | INFO | Authority: CEO_DIRECTIVE_LINE_DAILY_INGEST_ACTIVATION_20251212
2026-01-17 06:05:08,852 | INFO | Time: 2026-01-17T05:05:08.852795+00:00
2026-01-17 06:05:08,852 | INFO | Asset Class Filter: ALL
2026-01-17 06:05:08,852 | INFO | Dry Run: False
2026-01-17 06:05:08,852 | INFO | ======================================================================
2026-01-17 06:05:09,267 | INFO | Found 491 VEGA-attested assets
2026-01-17 06:05:09,267 | INFO | 
============================================================
2026-01-17 06:05:09,267 | INFO | Processing CRYPTO: 46 assets
2026-01-17 06:05:09,267 | INFO | Schedule: Daily 01:00 UTC
2026-01-17 06:05:09,267 | INFO | ============================================================
2026-01-17 06:05:09,267 | INFO | 
  Batch 1/2 (25 assets)
2026-01-17 06:05:13,468 | WARNING |   [GRT-USD] Fetch error: Too Many Requests. Rate limited. Try after a while.
2026-01-17 06:05:16,505 | INFO |   Batch complete, waiting 60s...
2026-01-17 06:06:16,512 | INFO | 
  Batch 2/2 (21 assets)
2026-01-17 06:06:18,766 | WARNING |   [UNI-USD] Fetch error: Too Many Requests. Rate limited. Try after a while.
2026-01-17 06:06:21,811 | INFO | 
============================================================
2026-01-17 06:06:21,811 | INFO | Processing EQUITY: 421 assets
2026-01-17 06:06:21,811 | INFO | Schedule: Weekdays 22:00 UTC
2026-01-17 06:06:21,811 | INFO | ============================================================
2026-01-17 06:06:21,811 | INFO |   Market closed for EQUITY today, skipping
2026-01-17 06:06:21,811 | INFO | 
============================================================
2026-01-17 06:06:21,811 | INFO | Processing FX: 24 assets
2026-01-17 06:06:21,811 | INFO | Schedule: Sun-Thu 22:00 UTC
2026-01-17 06:06:21,811 | INFO | ============================================================
2026-01-17 06:06:21,811 | INFO |   Market closed for FX today, skipping
2026-01-17 06:06:21,821 | WARNING | Heartbeat recording failed: relation "fhq_monitoring.system_heartbeats" does not exist
LINE 2:                 INSERT INTO fhq_monitoring.system_heartbeats...
                                    ^

2026-01-17 06:06:21,821 | INFO | 
======================================================================
2026-01-17 06:06:21,821 | INFO | DAILY INGEST COMPLETE
2026-01-17 06:06:21,831 | INFO | ======================================================================
2026-01-17 06:06:21,831 | INFO | Assets Processed: 46
2026-01-17 06:06:21,832 | INFO | Assets Updated:   0
2026-01-17 06:06:21,832 | INFO | Rows Inserted:    0
2026-01-17 06:06:21,832 | INFO |   CRYPTO: 0 assets, 0 rows
2026-01-17 06:06:21,832 | INFO | Evidence: C:\fhq-market-system\vision-ios\03_FUNCTIONS\evidence\IOS001_DAILY_INGEST_511bc6fd_20260117_060621.json
2026-01-17 06:06:21,833 | INFO | ======================================================================
