2026-02-15 14:30:56,182 | INFO | ======================================================================
2026-02-15 14:30:56,182 | INFO | IoS-001 DAILY PRICE INGEST
2026-02-15 14:30:56,182 | INFO | Executor: LINE (EC-004)
2026-02-15 14:30:56,182 | INFO | Authority: CEO_DIRECTIVE_LINE_DAILY_INGEST_ACTIVATION_20251212
2026-02-15 14:30:56,183 | INFO | Amendment: CEO-DIR-2026-119 (Rate Limit Mitigation)
2026-02-15 14:30:56,183 | INFO | Time: 2026-02-15T13:30:56.183351+00:00
2026-02-15 14:30:56,183 | INFO | Asset Class Filter: ALL
2026-02-15 14:30:56,183 | INFO | Batch Mode: True
2026-02-15 14:30:56,183 | INFO | Dry Run: False
2026-02-15 14:30:56,183 | INFO | ======================================================================
2026-02-15 14:30:56,359 | INFO | Found 491 VEGA-attested assets
2026-02-15 14:30:56,359 | INFO | 
============================================================
2026-02-15 14:30:56,360 | INFO | Processing CRYPTO: 46 assets
2026-02-15 14:30:56,360 | INFO | Schedule: Daily 01:00 UTC
2026-02-15 14:30:56,360 | INFO | ============================================================
2026-02-15 14:30:56,360 | INFO |   Using BATCH MODE (CEO-DIR-2026-119)
2026-02-15 14:30:56,360 | INFO | 
  Batch 1/5 (10 tickers)
2026-02-15 14:30:56,371 | INFO |     All assets up to date
2026-02-15 14:30:56,371 | INFO | 
  Batch 2/5 (10 tickers)
2026-02-15 14:30:56,379 | INFO |     Batch download: 1 tickers
2026-02-15 14:30:59,001 | ERROR | 
1 Failed download:
2026-02-15 14:30:59,001 | ERROR | ['GRT-USD']: YFRateLimitError('Too Many Requests. Rate limited. Try after a while.')
2026-02-15 14:30:59,017 | INFO |   Batch complete, waiting 120s...
2026-02-15 14:32:59,017 | INFO | 
  Batch 3/5 (10 tickers)
2026-02-15 14:32:59,048 | INFO |     All assets up to date
2026-02-15 14:32:59,048 | INFO | 
  Batch 4/5 (10 tickers)
2026-02-15 14:32:59,063 | INFO |     Batch download: 1 tickers
2026-02-15 14:33:01,733 | ERROR | 
1 Failed download:
2026-02-15 14:33:01,733 | ERROR | ['UNI-USD']: YFRateLimitError('Too Many Requests. Rate limited. Try after a while.')
2026-02-15 14:33:01,733 | INFO |   Batch complete, waiting 120s...
2026-02-15 14:35:01,740 | INFO | 
  Batch 5/5 (6 tickers)
2026-02-15 14:35:01,752 | INFO |     All assets up to date
2026-02-15 14:35:01,752 | INFO | 
============================================================
2026-02-15 14:35:01,752 | INFO | Processing EQUITY: 421 assets
2026-02-15 14:35:01,768 | INFO | Schedule: Weekdays 22:00 UTC
2026-02-15 14:35:01,768 | INFO | ============================================================
2026-02-15 14:35:01,768 | INFO |   Market closed for EQUITY today, skipping
2026-02-15 14:35:01,768 | INFO | 
============================================================
2026-02-15 14:35:01,768 | INFO | Processing FX: 24 assets
2026-02-15 14:35:01,768 | INFO | Schedule: Sun-Thu 22:00 UTC
2026-02-15 14:35:01,768 | INFO | ============================================================
2026-02-15 14:35:01,768 | INFO |   Using BATCH MODE (CEO-DIR-2026-119)
2026-02-15 14:35:01,768 | INFO | 
  Batch 1/3 (10 tickers)
2026-02-15 14:35:01,783 | INFO |     Batch download: 9 tickers
2026-02-15 14:35:12,829 | ERROR | 
9 Failed downloads:
2026-02-15 14:35:12,829 | ERROR | ['EURCHF=X', 'CADJPY=X', 'EURAUD=X', 'EURJPY=X', 'EURGBP=X', 'AUDJPY=X', 'EURNOK=X', 'EURSEK=X', 'CHFJPY=X']: YFRateLimitError('Too Many Requests. Rate limited. Try after a while.')
2026-02-15 14:35:12,829 | INFO |   Batch complete, waiting 120s...
