2026-01-12 20:09:10,625 | INFO | ======================================================================
2026-01-12 20:09:10,625 | INFO | IoS-001 DAILY PRICE INGEST
2026-01-12 20:09:10,625 | INFO | Executor: LINE (EC-004)
2026-01-12 20:09:10,625 | INFO | Authority: CEO_DIRECTIVE_LINE_DAILY_INGEST_ACTIVATION_20251212
2026-01-12 20:09:10,625 | INFO | Time: 2026-01-12T19:09:10.625954+00:00
2026-01-12 20:09:10,625 | INFO | Asset Class Filter: ALL
2026-01-12 20:09:10,625 | INFO | Dry Run: False
2026-01-12 20:09:10,625 | INFO | ======================================================================
2026-01-12 20:09:10,816 | INFO | Found 491 VEGA-attested assets
2026-01-12 20:09:10,816 | INFO | 
============================================================
2026-01-12 20:09:10,816 | INFO | Processing CRYPTO: 46 assets
2026-01-12 20:09:10,817 | INFO | Schedule: Daily 01:00 UTC
2026-01-12 20:09:10,817 | INFO | ============================================================
2026-01-12 20:09:10,817 | INFO | 
  Batch 1/2 (25 assets)
2026-01-12 20:09:10,872 | INFO |   Batch complete, waiting 60s...
2026-01-12 20:10:10,881 | INFO | 
  Batch 2/2 (21 assets)
2026-01-12 20:10:13,870 | WARNING |   [UNI-USD] Fetch error: Too Many Requests. Rate limited. Try after a while.
2026-01-12 20:10:16,887 | INFO | 
============================================================
2026-01-12 20:10:16,887 | INFO | Processing EQUITY: 421 assets
2026-01-12 20:10:16,887 | INFO | Schedule: Weekdays 22:00 UTC
2026-01-12 20:10:16,887 | INFO | ============================================================
2026-01-12 20:10:16,887 | INFO | 
  Batch 1/17 (25 assets)
2026-01-12 20:10:17,902 | WARNING |   [1COV.DE] Fetch error: Too Many Requests. Rate limited. Try after a while.
2026-01-12 20:10:20,949 | INFO |   Batch complete, waiting 60s...
2026-01-12 20:11:20,951 | INFO | 
  Batch 2/17 (25 assets)
2026-01-12 20:11:20,994 | INFO |   Batch complete, waiting 60s...
2026-01-12 20:12:20,996 | INFO | 
  Batch 3/17 (25 assets)
2026-01-12 20:12:23,621 | WARNING |   [BRK.B] Fetch error: Too Many Requests. Rate limited. Try after a while.
2026-01-12 20:12:27,819 | WARNING |   [BT.A.L] Fetch error: Too Many Requests. Rate limited. Try after a while.
2026-01-12 20:12:30,890 | INFO |   Batch complete, waiting 60s...
2026-01-12 20:13:30,898 | INFO | 
  Batch 4/17 (25 assets)
2026-01-12 20:13:30,948 | INFO |   Batch complete, waiting 60s...
