2026-02-13 05:40:52,674 | INFO | ======================================================================
2026-02-13 05:40:52,674 | INFO | IoS-001 DAILY PRICE INGEST
2026-02-13 05:40:52,674 | INFO | Executor: LINE (EC-004)
2026-02-13 05:40:52,674 | INFO | Authority: CEO_DIRECTIVE_LINE_DAILY_INGEST_ACTIVATION_20251212
2026-02-13 05:40:52,674 | INFO | Amendment: CEO-DIR-2026-119 (Rate Limit Mitigation)
2026-02-13 05:40:52,674 | INFO | Time: 2026-02-13T04:40:52.674877+00:00
2026-02-13 05:40:52,674 | INFO | Asset Class Filter: ALL
2026-02-13 05:40:52,674 | INFO | Batch Mode: True
2026-02-13 05:40:52,674 | INFO | Dry Run: False
2026-02-13 05:40:52,674 | INFO | ======================================================================
2026-02-13 05:40:52,960 | INFO | Found 491 VEGA-attested assets
2026-02-13 05:40:52,960 | INFO | 
============================================================
2026-02-13 05:40:52,960 | INFO | Processing CRYPTO: 46 assets
2026-02-13 05:40:52,960 | INFO | Schedule: Daily 01:00 UTC
2026-02-13 05:40:52,960 | INFO | ============================================================
2026-02-13 05:40:52,960 | INFO |   Using BATCH MODE (CEO-DIR-2026-119)
2026-02-13 05:40:52,960 | INFO | 
  Batch 1/5 (10 tickers)
2026-02-13 05:40:52,982 | INFO |     All assets up to date
2026-02-13 05:40:52,982 | INFO | 
  Batch 2/5 (10 tickers)
2026-02-13 05:40:53,006 | INFO |     Batch download: 1 tickers
2026-02-13 05:40:56,270 | ERROR | 
1 Failed download:
2026-02-13 05:40:56,271 | ERROR | ['GRT-USD']: YFRateLimitError('Too Many Requests. Rate limited. Try after a while.')
2026-02-13 05:40:56,275 | INFO |   Batch complete, waiting 120s...
2026-02-13 05:42:56,281 | INFO | 
  Batch 3/5 (10 tickers)
2026-02-13 05:42:56,305 | INFO |     All assets up to date
2026-02-13 05:42:56,305 | INFO | 
  Batch 4/5 (10 tickers)
2026-02-13 05:42:56,356 | INFO |     Batch download: 1 tickers
2026-02-13 05:42:59,846 | ERROR | 
1 Failed download:
2026-02-13 05:42:59,846 | ERROR | ['UNI-USD']: YFRateLimitError('Too Many Requests. Rate limited. Try after a while.')
2026-02-13 05:42:59,857 | INFO |   Batch complete, waiting 120s...
2026-02-13 05:44:59,861 | INFO | 
  Batch 5/5 (6 tickers)
2026-02-13 05:44:59,900 | INFO |     All assets up to date
2026-02-13 05:44:59,908 | INFO | 
============================================================
2026-02-13 05:44:59,908 | INFO | Processing EQUITY: 421 assets
2026-02-13 05:44:59,909 | INFO | Schedule: Weekdays 22:00 UTC
2026-02-13 05:44:59,909 | INFO | ============================================================
2026-02-13 05:44:59,909 | INFO |   Using BATCH MODE (CEO-DIR-2026-119)
2026-02-13 05:44:59,909 | INFO | 
  Batch 1/43 (10 tickers)
2026-02-13 05:44:59,956 | INFO |     Batch download: 10 tickers
2026-02-13 05:45:12,550 | ERROR | 
10 Failed downloads:
2026-02-13 05:45:12,550 | ERROR | ['ADS.DE', 'ABT', 'ADBE', 'ABNB', 'ACA.PA', 'ADSK', 'AEP', 'ADI', '1COV.DE', 'ABBV']: YFRateLimitError('Too Many Requests. Rate limited. Try after a while.')
2026-02-13 05:45:12,554 | INFO |   Batch complete, waiting 120s...
