2026-01-15 10:09:05,712 | INFO | ======================================================================
2026-01-15 10:09:05,712 | INFO | IoS-001 DAILY PRICE INGEST
2026-01-15 10:09:05,712 | INFO | Executor: LINE (EC-004)
2026-01-15 10:09:05,712 | INFO | Authority: CEO_DIRECTIVE_LINE_DAILY_INGEST_ACTIVATION_20251212
2026-01-15 10:09:05,712 | INFO | Time: 2026-01-15T09:09:05.712265+00:00
2026-01-15 10:09:05,712 | INFO | Asset Class Filter: ALL
2026-01-15 10:09:05,712 | INFO | Dry Run: False
2026-01-15 10:09:05,712 | INFO | ======================================================================
2026-01-15 10:09:05,981 | INFO | Found 491 VEGA-attested assets
2026-01-15 10:09:05,982 | INFO | 
============================================================
2026-01-15 10:09:05,982 | INFO | Processing CRYPTO: 46 assets
2026-01-15 10:09:05,982 | INFO | Schedule: Daily 01:00 UTC
2026-01-15 10:09:05,982 | INFO | ============================================================
2026-01-15 10:09:05,982 | INFO | 
  Batch 1/2 (25 assets)
2026-01-15 10:09:08,738 | WARNING |   [GRT-USD] Fetch error: Too Many Requests. Rate limited. Try after a while.
2026-01-15 10:09:11,765 | INFO |   Batch complete, waiting 60s...
2026-01-15 10:10:11,766 | INFO | 
  Batch 2/2 (21 assets)
2026-01-15 10:10:13,615 | WARNING |   [UNI-USD] Fetch error: Too Many Requests. Rate limited. Try after a while.
2026-01-15 10:10:16,662 | INFO | 
============================================================
2026-01-15 10:10:16,662 | INFO | Processing EQUITY: 421 assets
2026-01-15 10:10:16,662 | INFO | Schedule: Weekdays 22:00 UTC
2026-01-15 10:10:16,662 | INFO | ============================================================
2026-01-15 10:10:16,663 | INFO | 
  Batch 1/17 (25 assets)
2026-01-15 10:10:18,382 | WARNING |   [1COV.DE] Fetch error: Too Many Requests. Rate limited. Try after a while.
2026-01-15 10:10:22,544 | WARNING |   [ABBV] Fetch error: Too Many Requests. Rate limited. Try after a while.
2026-01-15 10:10:26,711 | WARNING |   [ABNB] Fetch error: Too Many Requests. Rate limited. Try after a while.
2026-01-15 10:10:30,996 | WARNING |   [ABT] Fetch error: Too Many Requests. Rate limited. Try after a while.
2026-01-15 10:10:35,001 | WARNING |   [ACA.PA] Fetch error: Too Many Requests. Rate limited. Try after a while.
2026-01-15 10:10:39,100 | WARNING |   [ADBE] Fetch error: Too Many Requests. Rate limited. Try after a while.
2026-01-15 10:10:43,404 | WARNING |   [ADI] Fetch error: Too Many Requests. Rate limited. Try after a while.
2026-01-15 10:10:47,281 | WARNING |   [ADSK] Fetch error: Too Many Requests. Rate limited. Try after a while.
2026-01-15 10:10:51,303 | WARNING |   [AEP] Fetch error: Too Many Requests. Rate limited. Try after a while.
2026-01-15 10:10:55,350 | WARNING |   [AFL] Fetch error: Too Many Requests. Rate limited. Try after a while.
2026-01-15 10:10:59,868 | WARNING |   [AI.PA] Fetch error: Too Many Requests. Rate limited. Try after a while.
2026-01-15 10:11:04,038 | WARNING |   [AIG] Fetch error: Too Many Requests. Rate limited. Try after a while.
2026-01-15 10:11:08,339 | WARNING |   [AIR.PA] Fetch error: Too Many Requests. Rate limited. Try after a while.
2026-01-15 10:11:12,654 | WARNING |   [AKAM] Fetch error: Too Many Requests. Rate limited. Try after a while.
2026-01-15 10:11:17,190 | WARNING |   [AKER.OL] Fetch error: Too Many Requests. Rate limited. Try after a while.
2026-01-15 10:11:21,268 | WARNING |   [AKRBP.OL] Fetch error: Too Many Requests. Rate limited. Try after a while.
2026-01-15 10:11:25,271 | WARNING |   [AKSO.OL] Fetch error: Too Many Requests. Rate limited. Try after a while.
2026-01-15 10:11:29,448 | WARNING |   [AKVA.OL] Fetch error: Too Many Requests. Rate limited. Try after a while.
2026-01-15 10:11:33,574 | WARNING |   [ALB] Fetch error: Too Many Requests. Rate limited. Try after a while.
2026-01-15 10:11:37,747 | WARNING |   [ALL] Fetch error: Too Many Requests. Rate limited. Try after a while.
2026-01-15 10:11:42,085 | WARNING |   [ALO.PA] Fetch error: Too Many Requests. Rate limited. Try after a while.
2026-01-15 10:11:46,248 | WARNING |   [AMAT] Fetch error: Too Many Requests. Rate limited. Try after a while.
2026-01-15 10:11:49,249 | INFO |   Batch complete, waiting 60s...
2026-01-15 10:12:49,250 | INFO | 
  Batch 2/17 (25 assets)
2026-01-15 10:12:50,848 | WARNING |   [AMD] Fetch error: Too Many Requests. Rate limited. Try after a while.
2026-01-15 10:12:54,987 | WARNING |   [AMGN] Fetch error: Too Many Requests. Rate limited. Try after a while.
2026-01-15 10:12:59,514 | WARNING |   [AMT] Fetch error: Too Many Requests. Rate limited. Try after a while.
2026-01-15 10:13:03,797 | WARNING |   [AMZN] Fetch error: Too Many Requests. Rate limited. Try after a while.
2026-01-15 10:13:08,048 | WARNING |   [AON] Fetch error: Too Many Requests. Rate limited. Try after a while.
2026-01-15 10:13:12,118 | WARNING |   [APD] Fetch error: Too Many Requests. Rate limited. Try after a while.
2026-01-15 10:13:16,358 | WARNING |   [ASML] Fetch error: Too Many Requests. Rate limited. Try after a while.
2026-01-15 10:13:20,264 | WARNING |   [ATO.PA] Fetch error: Too Many Requests. Rate limited. Try after a while.
2026-01-15 10:13:24,438 | WARNING |   [AUSS.OL] Fetch error: Too Many Requests. Rate limited. Try after a while.
2026-01-15 10:13:28,561 | WARNING |   [AUTO.OL] Fetch error: Too Many Requests. Rate limited. Try after a while.
2026-01-15 10:13:32,860 | WARNING |   [AV.L] Fetch error: Too Many Requests. Rate limited. Try after a while.
2026-01-15 10:13:37,074 | WARNING |   [AVB] Fetch error: Too Many Requests. Rate limited. Try after a while.
2026-01-15 10:13:41,051 | WARNING |   [AVGO] Fetch error: Too Many Requests. Rate limited. Try after a while.
2026-01-15 10:13:45,051 | WARNING |   [AWK] Fetch error: Too Many Requests. Rate limited. Try after a while.
2026-01-15 10:13:49,049 | WARNING |   [AXP] Fetch error: Too Many Requests. Rate limited. Try after a while.
2026-01-15 10:13:53,137 | WARNING |   [AZN.L] Fetch error: Too Many Requests. Rate limited. Try after a while.
2026-01-15 10:13:57,877 | WARNING |   [AZO] Fetch error: Too Many Requests. Rate limited. Try after a while.
2026-01-15 10:14:01,541 | WARNING |   [BA] Fetch error: Too Many Requests. Rate limited. Try after a while.
