2026-02-14 20:29:03,745 | INFO | ======================================================================
2026-02-14 20:29:03,745 | INFO | IoS-001 DAILY PRICE INGEST
2026-02-14 20:29:03,745 | INFO | Executor: LINE (EC-004)
2026-02-14 20:29:03,745 | INFO | Authority: CEO_DIRECTIVE_LINE_DAILY_INGEST_ACTIVATION_20251212
2026-02-14 20:29:03,745 | INFO | Amendment: CEO-DIR-2026-119 (Rate Limit Mitigation)
2026-02-14 20:29:03,745 | INFO | Time: 2026-02-14T19:29:03.745796+00:00
2026-02-14 20:29:03,745 | INFO | Asset Class Filter: ALL
2026-02-14 20:29:03,745 | INFO | Batch Mode: True
2026-02-14 20:29:03,745 | INFO | Dry Run: False
2026-02-14 20:29:03,745 | INFO | ======================================================================
2026-02-14 20:29:03,918 | INFO | Found 491 VEGA-attested assets
2026-02-14 20:29:03,918 | INFO | 
============================================================
2026-02-14 20:29:03,918 | INFO | Processing CRYPTO: 46 assets
2026-02-14 20:29:03,918 | INFO | Schedule: Daily 01:00 UTC
2026-02-14 20:29:03,918 | INFO | ============================================================
2026-02-14 20:29:03,918 | INFO |   Using BATCH MODE (CEO-DIR-2026-119)
2026-02-14 20:29:03,918 | INFO | 
  Batch 1/5 (10 tickers)
2026-02-14 20:29:03,933 | INFO |     All assets up to date
2026-02-14 20:29:03,933 | INFO | 
  Batch 2/5 (10 tickers)
2026-02-14 20:29:03,933 | INFO |     Batch download: 1 tickers
2026-02-14 20:29:06,874 | ERROR | 
1 Failed download:
2026-02-14 20:29:06,875 | ERROR | ['GRT-USD']: YFRateLimitError('Too Many Requests. Rate limited. Try after a while.')
2026-02-14 20:29:06,884 | INFO |   Batch complete, waiting 120s...
2026-02-14 20:31:06,885 | INFO | 
  Batch 3/5 (10 tickers)
2026-02-14 20:31:06,885 | INFO |     All assets up to date
2026-02-14 20:31:06,885 | INFO | 
  Batch 4/5 (10 tickers)
2026-02-14 20:31:06,911 | INFO |     Batch download: 1 tickers
2026-02-14 20:31:09,446 | ERROR | 
1 Failed download:
2026-02-14 20:31:09,447 | ERROR | ['UNI-USD']: YFRateLimitError('Too Many Requests. Rate limited. Try after a while.')
2026-02-14 20:31:09,455 | INFO |   Batch complete, waiting 120s...
2026-02-14 20:33:09,456 | INFO | 
  Batch 5/5 (6 tickers)
2026-02-14 20:33:09,480 | INFO |     All assets up to date
2026-02-14 20:33:09,480 | INFO | 
============================================================
2026-02-14 20:33:09,481 | INFO | Processing EQUITY: 421 assets
2026-02-14 20:33:09,481 | INFO | Schedule: Weekdays 22:00 UTC
2026-02-14 20:33:09,481 | INFO | ============================================================
2026-02-14 20:33:09,482 | INFO |   Market closed for EQUITY today, skipping
2026-02-14 20:33:09,482 | INFO | 
============================================================
2026-02-14 20:33:09,483 | INFO | Processing FX: 24 assets
2026-02-14 20:33:09,483 | INFO | Schedule: Sun-Thu 22:00 UTC
2026-02-14 20:33:09,483 | INFO | ============================================================
2026-02-14 20:33:09,483 | INFO |   Market closed for FX today, skipping
2026-02-14 20:33:09,491 | WARNING | Heartbeat recording failed: relation "fhq_monitoring.system_heartbeats" does not exist
LINE 2:                 INSERT INTO fhq_monitoring.system_heartbeats...
                                    ^

2026-02-14 20:33:09,494 | INFO | 
======================================================================
2026-02-14 20:33:09,495 | INFO | DAILY INGEST COMPLETE
2026-02-14 20:33:09,495 | INFO | ======================================================================
2026-02-14 20:33:09,495 | INFO | Assets Processed: 46
2026-02-14 20:33:09,495 | INFO | Assets Updated:   0
2026-02-14 20:33:09,495 | INFO | Rows Inserted:    0
2026-02-14 20:33:09,495 | INFO |   CRYPTO: 0 assets, 0 rows
2026-02-14 20:33:09,495 | INFO | Evidence: C:\fhq-market-system\vision-ios\03_FUNCTIONS\evidence\IOS001_DAILY_INGEST_87fa8f7b_20260214_203309.json
2026-02-14 20:33:09,495 | INFO | ======================================================================
