2026-02-10 09:52:09,754 | INFO | ======================================================================
2026-02-10 09:52:09,754 | INFO | IoS-001 DAILY PRICE INGEST
2026-02-10 09:52:09,754 | INFO | Executor: LINE (EC-004)
2026-02-10 09:52:09,754 | INFO | Authority: CEO_DIRECTIVE_LINE_DAILY_INGEST_ACTIVATION_20251212
2026-02-10 09:52:09,754 | INFO | Amendment: CEO-DIR-2026-119 (Rate Limit Mitigation)
2026-02-10 09:52:09,754 | INFO | Time: 2026-02-10T08:52:09.754405+00:00
2026-02-10 09:52:09,754 | INFO | Asset Class Filter: ALL
2026-02-10 09:52:09,754 | INFO | Batch Mode: True
2026-02-10 09:52:09,754 | INFO | Dry Run: False
2026-02-10 09:52:09,754 | INFO | ======================================================================
2026-02-10 09:52:10,037 | INFO | Found 491 VEGA-attested assets
2026-02-10 09:52:10,037 | INFO | 
============================================================
2026-02-10 09:52:10,037 | INFO | Processing CRYPTO: 46 assets
2026-02-10 09:52:10,038 | INFO | Schedule: Daily 01:00 UTC
2026-02-10 09:52:10,038 | INFO | ============================================================
2026-02-10 09:52:10,038 | INFO |   Using BATCH MODE (CEO-DIR-2026-119)
2026-02-10 09:52:10,038 | INFO | 
  Batch 1/5 (10 tickers)
2026-02-10 09:52:10,069 | INFO |     All assets up to date
2026-02-10 09:52:10,069 | INFO | 
  Batch 2/5 (10 tickers)
2026-02-10 09:52:10,110 | INFO |     Batch download: 1 tickers
2026-02-10 09:52:13,317 | ERROR | 
1 Failed download:
2026-02-10 09:52:13,317 | ERROR | ['GRT-USD']: YFRateLimitError('Too Many Requests. Rate limited. Try after a while.')
2026-02-10 09:52:13,337 | INFO |   Batch complete, waiting 120s...
2026-02-10 09:54:13,346 | INFO | 
  Batch 3/5 (10 tickers)
2026-02-10 09:54:13,369 | INFO |     All assets up to date
2026-02-10 09:54:13,369 | INFO | 
  Batch 4/5 (10 tickers)
2026-02-10 09:54:13,418 | INFO |     Batch download: 1 tickers
2026-02-10 09:54:17,816 | ERROR | 
1 Failed download:
2026-02-10 09:54:17,816 | ERROR | ['UNI-USD']: YFRateLimitError('Too Many Requests. Rate limited. Try after a while.')
2026-02-10 09:54:17,820 | INFO |   Batch complete, waiting 120s...
2026-02-10 09:56:17,821 | INFO | 
  Batch 5/5 (6 tickers)
2026-02-10 09:56:17,829 | INFO |     All assets up to date
2026-02-10 09:56:17,829 | INFO | 
============================================================
2026-02-10 09:56:17,829 | INFO | Processing EQUITY: 421 assets
2026-02-10 09:56:17,829 | INFO | Schedule: Weekdays 22:00 UTC
2026-02-10 09:56:17,829 | INFO | ============================================================
2026-02-10 09:56:17,829 | INFO |   Using BATCH MODE (CEO-DIR-2026-119)
2026-02-10 09:56:17,829 | INFO | 
  Batch 1/43 (10 tickers)
2026-02-10 09:56:17,850 | INFO |     Batch download: 8 tickers
2026-02-10 09:56:28,483 | ERROR | 
8 Failed downloads:
2026-02-10 09:56:28,483 | ERROR | ['ADBE', '1COV.DE', 'ADSK', 'AEP', 'ABBV', 'ABNB', 'ABT', 'ADI']: YFRateLimitError('Too Many Requests. Rate limited. Try after a while.')
2026-02-10 09:56:28,499 | INFO |   Batch complete, waiting 120s...
