2026-01-19 13:42:41,479 | INFO | ======================================================================
2026-01-19 13:42:41,479 | INFO | IoS-001 DAILY PRICE INGEST
2026-01-19 13:42:41,479 | INFO | Executor: LINE (EC-004)
2026-01-19 13:42:41,479 | INFO | Authority: CEO_DIRECTIVE_LINE_DAILY_INGEST_ACTIVATION_20251212
2026-01-19 13:42:41,479 | INFO | Time: 2026-01-19T12:42:41.479820+00:00
2026-01-19 13:42:41,479 | INFO | Asset Class Filter: ALL
2026-01-19 13:42:41,479 | INFO | Dry Run: False
2026-01-19 13:42:41,479 | INFO | ======================================================================
2026-01-19 13:42:41,708 | INFO | Found 491 VEGA-attested assets
2026-01-19 13:42:41,708 | INFO | 
============================================================
2026-01-19 13:42:41,708 | INFO | Processing CRYPTO: 46 assets
2026-01-19 13:42:41,708 | INFO | Schedule: Daily 01:00 UTC
2026-01-19 13:42:41,708 | INFO | ============================================================
2026-01-19 13:42:41,708 | INFO | 
  Batch 1/2 (25 assets)
2026-01-19 13:42:41,770 | INFO |   Batch complete, waiting 60s...
2026-01-19 13:43:41,777 | INFO | 
  Batch 2/2 (21 assets)
2026-01-19 13:43:45,033 | WARNING |   [UNI-USD] Fetch error: Too Many Requests. Rate limited. Try after a while.
2026-01-19 13:43:48,088 | INFO | 
============================================================
2026-01-19 13:43:48,088 | INFO | Processing EQUITY: 421 assets
2026-01-19 13:43:48,088 | INFO | Schedule: Weekdays 22:00 UTC
2026-01-19 13:43:48,088 | INFO | ============================================================
2026-01-19 13:43:48,088 | INFO | 
  Batch 1/17 (25 assets)
2026-01-19 13:43:49,198 | WARNING |   [1COV.DE] Fetch error: Too Many Requests. Rate limited. Try after a while.
2026-01-19 13:43:53,266 | WARNING |   [ABBV] Fetch error: Too Many Requests. Rate limited. Try after a while.
2026-01-19 13:43:57,552 | WARNING |   [ABNB] Fetch error: Too Many Requests. Rate limited. Try after a while.
2026-01-19 13:44:01,681 | WARNING |   [ABT] Fetch error: Too Many Requests. Rate limited. Try after a while.
2026-01-19 13:44:05,870 | WARNING |   [ADBE] Fetch error: Too Many Requests. Rate limited. Try after a while.
2026-01-19 13:44:09,913 | WARNING |   [ADI] Fetch error: Too Many Requests. Rate limited. Try after a while.
2026-01-19 13:44:13,845 | WARNING |   [ADSK] Fetch error: Too Many Requests. Rate limited. Try after a while.
2026-01-19 13:44:17,763 | WARNING |   [AEP] Fetch error: Too Many Requests. Rate limited. Try after a while.
2026-01-19 13:44:21,917 | WARNING |   [AFL] Fetch error: Too Many Requests. Rate limited. Try after a while.
2026-01-19 13:44:25,821 | WARNING |   [AIG] Fetch error: Too Many Requests. Rate limited. Try after a while.
2026-01-19 13:44:29,926 | WARNING |   [AKAM] Fetch error: Too Many Requests. Rate limited. Try after a while.
2026-01-19 13:44:33,892 | WARNING |   [ALB] Fetch error: Too Many Requests. Rate limited. Try after a while.
2026-01-19 13:44:37,921 | WARNING |   [ALL] Fetch error: Too Many Requests. Rate limited. Try after a while.
2026-01-19 13:44:42,179 | WARNING |   [AMAT] Fetch error: Too Many Requests. Rate limited. Try after a while.
2026-01-19 13:44:45,185 | INFO |   Batch complete, waiting 60s...
2026-01-19 13:45:45,186 | INFO | 
  Batch 2/17 (25 assets)
2026-01-19 13:45:46,949 | WARNING |   [AMD] Fetch error: Too Many Requests. Rate limited. Try after a while.
2026-01-19 13:45:51,583 | WARNING |   [AMGN] Fetch error: Too Many Requests. Rate limited. Try after a while.
2026-01-19 13:45:55,931 | WARNING |   [AMT] Fetch error: Too Many Requests. Rate limited. Try after a while.
2026-01-19 13:46:00,013 | WARNING |   [AMZN] Fetch error: Too Many Requests. Rate limited. Try after a while.
2026-01-19 13:46:04,103 | WARNING |   [AON] Fetch error: Too Many Requests. Rate limited. Try after a while.
2026-01-19 13:46:08,253 | WARNING |   [APD] Fetch error: Too Many Requests. Rate limited. Try after a while.
2026-01-19 13:46:12,294 | WARNING |   [ASML] Fetch error: Too Many Requests. Rate limited. Try after a while.
2026-01-19 13:46:16,394 | WARNING |   [AVB] Fetch error: Too Many Requests. Rate limited. Try after a while.
2026-01-19 13:46:20,350 | WARNING |   [AVGO] Fetch error: Too Many Requests. Rate limited. Try after a while.
2026-01-19 13:46:24,367 | WARNING |   [AWK] Fetch error: Too Many Requests. Rate limited. Try after a while.
2026-01-19 13:46:28,168 | WARNING |   [AXP] Fetch error: Too Many Requests. Rate limited. Try after a while.
2026-01-19 13:46:32,359 | WARNING |   [AZO] Fetch error: Too Many Requests. Rate limited. Try after a while.
2026-01-19 13:46:36,444 | WARNING |   [BA] Fetch error: Too Many Requests. Rate limited. Try after a while.
2026-01-19 13:46:40,633 | WARNING |   [BAC] Fetch error: Too Many Requests. Rate limited. Try after a while.
2026-01-19 13:46:43,663 | INFO |   Batch complete, waiting 60s...
