2025-12-23 12:50:48,514 | INFO | ======================================================================
2025-12-23 12:50:48,514 | INFO | IoS-001 DAILY PRICE INGEST
2025-12-23 12:50:48,514 | INFO | Executor: LINE (EC-004)
2025-12-23 12:50:48,514 | INFO | Authority: CEO_DIRECTIVE_LINE_DAILY_INGEST_ACTIVATION_20251212
2025-12-23 12:50:48,514 | INFO | Time: 2025-12-23T11:50:48.514937+00:00
2025-12-23 12:50:48,514 | INFO | Asset Class Filter: ALL
2025-12-23 12:50:48,514 | INFO | Dry Run: False
2025-12-23 12:50:48,514 | INFO | ======================================================================
2025-12-23 12:50:48,794 | INFO | Found 463 VEGA-attested assets
2025-12-23 12:50:48,794 | INFO | 
============================================================
2025-12-23 12:50:48,794 | INFO | Processing CRYPTO: 45 assets
2025-12-23 12:50:48,794 | INFO | Schedule: Daily 01:00 UTC
2025-12-23 12:50:48,794 | INFO | ============================================================
2025-12-23 12:50:48,794 | INFO | 
  Batch 1/2 (25 assets)
2025-12-23 12:50:48,825 | INFO |   Batch complete, waiting 60s...
2025-12-23 12:51:48,834 | INFO | 
  Batch 2/2 (20 assets)
2025-12-23 12:51:48,879 | INFO | 
============================================================
2025-12-23 12:51:48,882 | INFO | Processing EQUITY: 394 assets
2025-12-23 12:51:48,882 | INFO | Schedule: Weekdays 22:00 UTC
2025-12-23 12:51:48,883 | INFO | ============================================================
2025-12-23 12:51:48,883 | INFO | 
  Batch 1/16 (25 assets)
2025-12-23 12:51:52,306 | INFO |     [1COV.DE] +1 rows
2025-12-23 12:51:55,460 | INFO |     [ABBV] +1 rows
2025-12-23 12:51:58,608 | INFO |     [ABNB] +1 rows
2025-12-23 12:52:01,798 | INFO |     [ABT] +1 rows
2025-12-23 12:52:04,949 | INFO |     [ADBE] +1 rows
2025-12-23 12:52:08,121 | INFO |     [ADI] +1 rows
2025-12-23 12:52:11,286 | INFO |     [ADSK] +1 rows
2025-12-23 12:52:14,509 | INFO |     [AEP] +1 rows
2025-12-23 12:52:17,704 | INFO |     [AFL] +1 rows
2025-12-23 12:52:20,850 | INFO |     [AIG] +1 rows
2025-12-23 12:52:24,053 | INFO |     [AKAM] +1 rows
2025-12-23 12:52:27,217 | INFO |     [ALB] +1 rows
2025-12-23 12:52:30,468 | INFO |     [ALL] +1 rows
2025-12-23 12:52:33,658 | INFO |     [AMAT] +1 rows
2025-12-23 12:52:36,663 | INFO |   Batch complete, waiting 60s...
2025-12-23 12:53:36,665 | INFO | 
  Batch 2/16 (25 assets)
2025-12-23 12:53:36,803 | INFO |     [AMD] +1 rows
2025-12-23 12:53:39,974 | INFO |     [AMGN] +1 rows
2025-12-23 12:53:43,128 | INFO |     [AMT] +1 rows
2025-12-23 12:53:46,329 | INFO |     [AON] +1 rows
2025-12-23 12:53:49,479 | INFO |     [APD] +1 rows
2025-12-23 12:53:52,671 | INFO |     [AVB] +1 rows
2025-12-23 12:53:55,788 | INFO |     [AVGO] +1 rows
2025-12-23 12:53:59,021 | INFO |     [AWK] +1 rows
2025-12-23 12:54:02,232 | INFO |     [AXP] +1 rows
2025-12-23 12:54:05,334 | INFO |     [AZO] +1 rows
2025-12-23 12:54:08,493 | INFO |     [BA] +1 rows
2025-12-23 12:54:11,673 | INFO |     [BAC] +1 rows
2025-12-23 12:54:14,689 | INFO |   Batch complete, waiting 60s...
2025-12-23 12:55:14,690 | INFO | 
  Batch 3/16 (25 assets)
2025-12-23 12:55:14,980 | INFO |     [BHP.L] +1 rows
2025-12-23 12:55:18,256 | INFO |     [BKNG] +1 rows
2025-12-23 12:55:21,741 | INFO |     [BKR] +1 rows
2025-12-23 12:55:25,007 | INFO |     [BLK] +1 rows
2025-12-23 12:55:28,290 | INFO |     [BMW.DE] +1 rows
2025-12-23 12:55:31,600 | INFO |     [BMY] +1 rows
2025-12-23 12:55:34,953 | INFO |     [BN.PA] +1 rows
2025-12-23 12:55:38,374 | INFO |     [BNP.PA] +1 rows
2025-12-23 12:55:41,608 | INFO |     [BNR.DE] +1 rows
2025-12-23 12:55:44,948 | INFO |     [BP.L] +1 rows
