2026-02-07 17:17:18,377 | INFO | ======================================================================
2026-02-07 17:17:18,377 | INFO | IoS-001 DAILY PRICE INGEST
2026-02-07 17:17:18,377 | INFO | Executor: LINE (EC-004)
2026-02-07 17:17:18,377 | INFO | Authority: CEO_DIRECTIVE_LINE_DAILY_INGEST_ACTIVATION_20251212
2026-02-07 17:17:18,377 | INFO | Amendment: CEO-DIR-2026-119 (Rate Limit Mitigation)
2026-02-07 17:17:18,377 | INFO | Time: 2026-02-07T16:17:18.377628+00:00
2026-02-07 17:17:18,377 | INFO | Asset Class Filter: ALL
2026-02-07 17:17:18,378 | INFO | Batch Mode: True
2026-02-07 17:17:18,378 | INFO | Dry Run: False
2026-02-07 17:17:18,378 | INFO | ======================================================================
2026-02-07 17:17:18,616 | INFO | Found 491 VEGA-attested assets
2026-02-07 17:17:18,616 | INFO | 
============================================================
2026-02-07 17:17:18,616 | INFO | Processing CRYPTO: 46 assets
2026-02-07 17:17:18,616 | INFO | Schedule: Daily 01:00 UTC
2026-02-07 17:17:18,616 | INFO | ============================================================
2026-02-07 17:17:18,616 | INFO |   Using BATCH MODE (CEO-DIR-2026-119)
2026-02-07 17:17:18,616 | INFO | 
  Batch 1/5 (10 tickers)
2026-02-07 17:17:18,647 | INFO |     All assets up to date
2026-02-07 17:17:18,647 | INFO | 
  Batch 2/5 (10 tickers)
2026-02-07 17:17:18,667 | INFO |     Batch download: 1 tickers
2026-02-07 17:17:19,699 | ERROR | 
1 Failed download:
2026-02-07 17:17:19,699 | ERROR | ['GRT-USD']: YFPricesMissingError('possibly delisted; no price data found  (1d 2026-02-07 -> 2026-02-08)')
2026-02-07 17:17:19,709 | INFO |   Batch complete, waiting 120s...
2026-02-07 17:19:19,719 | INFO | 
  Batch 3/5 (10 tickers)
2026-02-07 17:19:19,845 | INFO |     All assets up to date
2026-02-07 17:19:19,851 | INFO | 
  Batch 4/5 (10 tickers)
2026-02-07 17:19:19,903 | INFO |     Batch download: 1 tickers
2026-02-07 17:19:20,411 | ERROR | 
1 Failed download:
2026-02-07 17:19:20,412 | ERROR | ['UNI-USD']: YFPricesMissingError('possibly delisted; no price data found  (1d 2026-02-07 -> 2026-02-08)')
2026-02-07 17:19:20,420 | INFO |   Batch complete, waiting 120s...
2026-02-07 17:21:20,421 | INFO | 
  Batch 5/5 (6 tickers)
2026-02-07 17:21:20,499 | INFO |     All assets up to date
2026-02-07 17:21:20,499 | INFO | 
============================================================
2026-02-07 17:21:20,499 | INFO | Processing EQUITY: 421 assets
2026-02-07 17:21:20,499 | INFO | Schedule: Weekdays 22:00 UTC
2026-02-07 17:21:20,499 | INFO | ============================================================
2026-02-07 17:21:20,499 | INFO |   Market closed for EQUITY today, skipping
2026-02-07 17:21:20,499 | INFO | 
============================================================
2026-02-07 17:21:20,499 | INFO | Processing FX: 24 assets
2026-02-07 17:21:20,499 | INFO | Schedule: Sun-Thu 22:00 UTC
2026-02-07 17:21:20,499 | INFO | ============================================================
2026-02-07 17:21:20,499 | INFO |   Market closed for FX today, skipping
2026-02-07 17:21:20,510 | WARNING | Heartbeat recording failed: relation "fhq_monitoring.system_heartbeats" does not exist
LINE 2:                 INSERT INTO fhq_monitoring.system_heartbeats...
                                    ^

2026-02-07 17:21:20,510 | INFO | 
======================================================================
2026-02-07 17:21:20,510 | INFO | DAILY INGEST COMPLETE
2026-02-07 17:21:20,510 | INFO | ======================================================================
2026-02-07 17:21:20,510 | INFO | Assets Processed: 46
2026-02-07 17:21:20,510 | INFO | Assets Updated:   0
2026-02-07 17:21:20,510 | INFO | Rows Inserted:    0
2026-02-07 17:21:20,510 | INFO |   CRYPTO: 0 assets, 0 rows
2026-02-07 17:21:20,510 | INFO | Evidence: C:\fhq-market-system\vision-ios\03_FUNCTIONS\evidence\IOS001_DAILY_INGEST_230dc113_20260207_172120.json
2026-02-07 17:21:20,510 | INFO | ======================================================================
