2026-02-14 09:34:10,808 | INFO | ======================================================================
2026-02-14 09:34:10,808 | INFO | IoS-001 DAILY PRICE INGEST
2026-02-14 09:34:10,808 | INFO | Executor: LINE (EC-004)
2026-02-14 09:34:10,808 | INFO | Authority: CEO_DIRECTIVE_LINE_DAILY_INGEST_ACTIVATION_20251212
2026-02-14 09:34:10,808 | INFO | Amendment: CEO-DIR-2026-119 (Rate Limit Mitigation)
2026-02-14 09:34:10,808 | INFO | Time: 2026-02-14T08:34:10.808329+00:00
2026-02-14 09:34:10,808 | INFO | Asset Class Filter: ALL
2026-02-14 09:34:10,808 | INFO | Batch Mode: True
2026-02-14 09:34:10,808 | INFO | Dry Run: False
2026-02-14 09:34:10,808 | INFO | ======================================================================
2026-02-14 09:34:11,137 | INFO | Found 491 VEGA-attested assets
2026-02-14 09:34:11,137 | INFO | 
============================================================
2026-02-14 09:34:11,137 | INFO | Processing CRYPTO: 46 assets
2026-02-14 09:34:11,137 | INFO | Schedule: Daily 01:00 UTC
2026-02-14 09:34:11,137 | INFO | ============================================================
2026-02-14 09:34:11,137 | INFO |   Using BATCH MODE (CEO-DIR-2026-119)
2026-02-14 09:34:11,137 | INFO | 
  Batch 1/5 (10 tickers)
2026-02-14 09:34:11,153 | INFO |     All assets up to date
2026-02-14 09:34:11,153 | INFO | 
  Batch 2/5 (10 tickers)
2026-02-14 09:34:11,168 | INFO |     Batch download: 1 tickers
2026-02-14 09:34:13,862 | ERROR | 
1 Failed download:
2026-02-14 09:34:13,862 | ERROR | ['GRT-USD']: YFRateLimitError('Too Many Requests. Rate limited. Try after a while.')
2026-02-14 09:34:13,872 | INFO |   Batch complete, waiting 120s...
2026-02-14 09:36:13,874 | INFO | 
  Batch 3/5 (10 tickers)
2026-02-14 09:36:13,907 | INFO |     All assets up to date
2026-02-14 09:36:13,907 | INFO | 
  Batch 4/5 (10 tickers)
2026-02-14 09:36:13,928 | INFO |     Batch download: 1 tickers
2026-02-14 09:36:16,717 | ERROR | 
1 Failed download:
2026-02-14 09:36:16,717 | ERROR | ['UNI-USD']: YFRateLimitError('Too Many Requests. Rate limited. Try after a while.')
2026-02-14 09:36:16,732 | INFO |   Batch complete, waiting 120s...
2026-02-14 09:38:16,739 | INFO | 
  Batch 5/5 (6 tickers)
2026-02-14 09:38:16,755 | INFO |     All assets up to date
2026-02-14 09:38:16,755 | INFO | 
============================================================
2026-02-14 09:38:16,755 | INFO | Processing EQUITY: 421 assets
2026-02-14 09:38:16,755 | INFO | Schedule: Weekdays 22:00 UTC
2026-02-14 09:38:16,755 | INFO | ============================================================
2026-02-14 09:38:16,755 | INFO |   Market closed for EQUITY today, skipping
2026-02-14 09:38:16,755 | INFO | 
============================================================
2026-02-14 09:38:16,771 | INFO | Processing FX: 24 assets
2026-02-14 09:38:16,771 | INFO | Schedule: Sun-Thu 22:00 UTC
2026-02-14 09:38:16,771 | INFO | ============================================================
2026-02-14 09:38:16,771 | INFO |   Market closed for FX today, skipping
2026-02-14 09:38:16,772 | WARNING | Heartbeat recording failed: relation "fhq_monitoring.system_heartbeats" does not exist
LINE 2:                 INSERT INTO fhq_monitoring.system_heartbeats...
                                    ^

2026-02-14 09:38:16,782 | INFO | 
======================================================================
2026-02-14 09:38:16,782 | INFO | DAILY INGEST COMPLETE
2026-02-14 09:38:16,782 | INFO | ======================================================================
2026-02-14 09:38:16,782 | INFO | Assets Processed: 46
2026-02-14 09:38:16,782 | INFO | Assets Updated:   0
2026-02-14 09:38:16,782 | INFO | Rows Inserted:    0
2026-02-14 09:38:16,782 | INFO |   CRYPTO: 0 assets, 0 rows
2026-02-14 09:38:16,782 | INFO | Evidence: C:\fhq-market-system\vision-ios\03_FUNCTIONS\evidence\IOS001_DAILY_INGEST_301b7621_20260214_093816.json
2026-02-14 09:38:16,782 | INFO | ======================================================================
