2026-02-08 00:10:03,151 | INFO | ======================================================================
2026-02-08 00:10:03,151 | INFO | IoS-001 DAILY PRICE INGEST
2026-02-08 00:10:03,151 | INFO | Executor: LINE (EC-004)
2026-02-08 00:10:03,151 | INFO | Authority: CEO_DIRECTIVE_LINE_DAILY_INGEST_ACTIVATION_20251212
2026-02-08 00:10:03,151 | INFO | Amendment: CEO-DIR-2026-119 (Rate Limit Mitigation)
2026-02-08 00:10:03,151 | INFO | Time: 2026-02-07T23:10:03.151363+00:00
2026-02-08 00:10:03,151 | INFO | Asset Class Filter: ALL
2026-02-08 00:10:03,151 | INFO | Batch Mode: True
2026-02-08 00:10:03,151 | INFO | Dry Run: False
2026-02-08 00:10:03,151 | INFO | ======================================================================
2026-02-08 00:10:03,855 | INFO | Found 491 VEGA-attested assets
2026-02-08 00:10:03,861 | INFO | 
============================================================
2026-02-08 00:10:03,861 | INFO | Processing CRYPTO: 46 assets
2026-02-08 00:10:03,861 | INFO | Schedule: Daily 01:00 UTC
2026-02-08 00:10:03,861 | INFO | ============================================================
2026-02-08 00:10:03,861 | INFO |   Using BATCH MODE (CEO-DIR-2026-119)
2026-02-08 00:10:03,861 | INFO | 
  Batch 1/5 (10 tickers)
2026-02-08 00:10:03,912 | INFO |     Batch download: 10 tickers
2026-02-08 00:10:20,122 | ERROR | 
10 Failed downloads:
2026-02-08 00:10:20,122 | ERROR | ['ADA-USD', 'ATOM-USD', 'BTC-USD', 'BNB-USD', 'AVAX-USD', 'AXS-USD', 'BCH-USD', 'CHZ-USD', 'ALGO-USD', 'CRO-USD']: YFPricesMissingError('possibly delisted; no price data found  (1d 2026-02-08 -> 2026-02-09) (Yahoo error = "Data doesn\'t exist for startDate = 1770508800, endDate = 1770595200")')
2026-02-08 00:10:20,157 | INFO |   Batch complete, waiting 120s...
2026-02-08 00:12:20,162 | INFO | 
  Batch 2/5 (10 tickers)
2026-02-08 00:12:20,291 | INFO |     Batch download: 10 tickers
2026-02-08 00:12:36,061 | ERROR | 
10 Failed downloads:
2026-02-08 00:12:36,062 | ERROR | ['FLOW-USD', 'FIL-USD', 'ETC-USD', 'CRV-USD', 'EOS-USD', 'DOT-USD', 'ETH-USD', 'GRT-USD', 'DOGE-USD', 'HBAR-USD']: YFPricesMissingError('possibly delisted; no price data found  (1d 2026-02-08 -> 2026-02-09) (Yahoo error = "Data doesn\'t exist for startDate = 1770508800, endDate = 1770595200")')
2026-02-08 00:12:36,074 | INFO |   Batch complete, waiting 120s...
2026-02-08 00:14:36,084 | INFO | 
  Batch 3/5 (10 tickers)
2026-02-08 00:14:36,206 | INFO |     Batch download: 10 tickers
2026-02-08 00:14:52,012 | ERROR | 
10 Failed downloads:
2026-02-08 00:14:52,012 | ERROR | ['LDO-USD', 'MKR-USD', 'OKB-USD', 'NEAR-USD', 'INJ-USD', 'LTC-USD', 'LINK-USD', 'ICP-USD', 'MANA-USD', 'QNT-USD']: YFPricesMissingError('possibly delisted; no price data found  (1d 2026-02-08 -> 2026-02-09) (Yahoo error = "Data doesn\'t exist for startDate = 1770508800, endDate = 1770595200")')
2026-02-08 00:14:52,027 | INFO |   Batch complete, waiting 120s...
