2026-02-09 20:48:23,242 | INFO | ======================================================================
2026-02-09 20:48:23,242 | INFO | IoS-001 DAILY PRICE INGEST
2026-02-09 20:48:23,242 | INFO | Executor: LINE (EC-004)
2026-02-09 20:48:23,242 | INFO | Authority: CEO_DIRECTIVE_LINE_DAILY_INGEST_ACTIVATION_20251212
2026-02-09 20:48:23,242 | INFO | Amendment: CEO-DIR-2026-119 (Rate Limit Mitigation)
2026-02-09 20:48:23,242 | INFO | Time: 2026-02-09T19:48:23.242778+00:00
2026-02-09 20:48:23,242 | INFO | Asset Class Filter: ALL
2026-02-09 20:48:23,252 | INFO | Batch Mode: True
2026-02-09 20:48:23,252 | INFO | Dry Run: False
2026-02-09 20:48:23,252 | INFO | ======================================================================
2026-02-09 20:48:23,562 | INFO | Found 491 VEGA-attested assets
2026-02-09 20:48:23,563 | INFO | 
============================================================
2026-02-09 20:48:23,563 | INFO | Processing CRYPTO: 46 assets
2026-02-09 20:48:23,563 | INFO | Schedule: Daily 01:00 UTC
2026-02-09 20:48:23,563 | INFO | ============================================================
2026-02-09 20:48:23,563 | INFO |   Using BATCH MODE (CEO-DIR-2026-119)
2026-02-09 20:48:23,563 | INFO | 
  Batch 1/5 (10 tickers)
2026-02-09 20:48:23,593 | INFO |     All assets up to date
2026-02-09 20:48:23,593 | INFO | 
  Batch 2/5 (10 tickers)
2026-02-09 20:48:23,625 | INFO |     Batch download: 1 tickers
2026-02-09 20:48:27,705 | ERROR | 
1 Failed download:
2026-02-09 20:48:27,705 | ERROR | ['GRT-USD']: YFRateLimitError('Too Many Requests. Rate limited. Try after a while.')
2026-02-09 20:48:27,725 | INFO |   Batch complete, waiting 120s...
2026-02-09 20:50:27,730 | INFO | 
  Batch 3/5 (10 tickers)
2026-02-09 20:50:27,786 | INFO |     All assets up to date
2026-02-09 20:50:27,786 | INFO | 
  Batch 4/5 (10 tickers)
2026-02-09 20:50:27,839 | INFO |     Batch download: 1 tickers
2026-02-09 20:50:33,030 | ERROR | 
1 Failed download:
2026-02-09 20:50:33,030 | ERROR | ['UNI-USD']: YFRateLimitError('Too Many Requests. Rate limited. Try after a while.')
2026-02-09 20:50:33,036 | INFO |   Batch complete, waiting 120s...
2026-02-09 20:52:33,037 | INFO | 
  Batch 5/5 (6 tickers)
2026-02-09 20:52:33,088 | INFO |     All assets up to date
2026-02-09 20:52:33,088 | INFO | 
============================================================
2026-02-09 20:52:33,088 | INFO | Processing EQUITY: 421 assets
2026-02-09 20:52:33,088 | INFO | Schedule: Weekdays 22:00 UTC
2026-02-09 20:52:33,088 | INFO | ============================================================
2026-02-09 20:52:33,088 | INFO |   Using BATCH MODE (CEO-DIR-2026-119)
2026-02-09 20:52:33,088 | INFO | 
  Batch 1/43 (10 tickers)
2026-02-09 20:52:33,118 | INFO |     Batch download: 1 tickers
2026-02-09 20:52:36,377 | ERROR | 
1 Failed download:
2026-02-09 20:52:36,382 | ERROR | ['1COV.DE']: YFRateLimitError('Too Many Requests. Rate limited. Try after a while.')
2026-02-09 20:52:36,399 | INFO |   Batch complete, waiting 120s...
