2026-01-20 19:39:25,093 | INFO | ======================================================================
2026-01-20 19:39:25,093 | INFO | IoS-001 DAILY PRICE INGEST
2026-01-20 19:39:25,094 | INFO | Executor: LINE (EC-004)
2026-01-20 19:39:25,094 | INFO | Authority: CEO_DIRECTIVE_LINE_DAILY_INGEST_ACTIVATION_20251212
2026-01-20 19:39:25,094 | INFO | Time: 2026-01-20T18:39:25.094602+00:00
2026-01-20 19:39:25,094 | INFO | Asset Class Filter: ALL
2026-01-20 19:39:25,094 | INFO | Dry Run: False
2026-01-20 19:39:25,094 | INFO | ======================================================================
2026-01-20 19:39:25,620 | INFO | Found 491 VEGA-attested assets
2026-01-20 19:39:25,620 | INFO | 
============================================================
2026-01-20 19:39:25,620 | INFO | Processing CRYPTO: 46 assets
2026-01-20 19:39:25,620 | INFO | Schedule: Daily 01:00 UTC
2026-01-20 19:39:25,620 | INFO | ============================================================
2026-01-20 19:39:25,620 | INFO | 
  Batch 1/2 (25 assets)
2026-01-20 19:39:25,737 | INFO |   Batch complete, waiting 60s...
2026-01-20 19:40:25,743 | INFO | 
  Batch 2/2 (21 assets)
2026-01-20 19:40:25,812 | INFO | 
============================================================
2026-01-20 19:40:25,812 | INFO | Processing EQUITY: 421 assets
2026-01-20 19:40:25,812 | INFO | Schedule: Weekdays 22:00 UTC
2026-01-20 19:40:25,812 | INFO | ============================================================
2026-01-20 19:40:25,812 | INFO | 
  Batch 1/17 (25 assets)
2026-01-20 19:40:29,707 | WARNING |   [1COV.DE] Fetch error: Too Many Requests. Rate limited. Try after a while.
2026-01-20 19:40:33,575 | WARNING |   [ABBV] Fetch error: Too Many Requests. Rate limited. Try after a while.
2026-01-20 19:40:37,516 | WARNING |   [ABNB] Fetch error: Too Many Requests. Rate limited. Try after a while.
2026-01-20 19:40:41,613 | WARNING |   [ABT] Fetch error: Too Many Requests. Rate limited. Try after a while.
2026-01-20 19:40:45,732 | WARNING |   [ADBE] Fetch error: Too Many Requests. Rate limited. Try after a while.
2026-01-20 19:40:50,568 | WARNING |   [ADI] Fetch error: Too Many Requests. Rate limited. Try after a while.
2026-01-20 19:40:54,809 | WARNING |   [ADSK] Fetch error: Too Many Requests. Rate limited. Try after a while.
2026-01-20 19:40:59,220 | WARNING |   [AEP] Fetch error: Too Many Requests. Rate limited. Try after a while.
2026-01-20 19:41:03,881 | WARNING |   [AFL] Fetch error: Too Many Requests. Rate limited. Try after a while.
2026-01-20 19:41:08,529 | WARNING |   [AIG] Fetch error: Too Many Requests. Rate limited. Try after a while.
2026-01-20 19:41:12,372 | WARNING |   [AKAM] Fetch error: Too Many Requests. Rate limited. Try after a while.
2026-01-20 19:41:17,505 | WARNING |   [ALB] Fetch error: Too Many Requests. Rate limited. Try after a while.
2026-01-20 19:41:22,584 | WARNING |   [ALL] Fetch error: Too Many Requests. Rate limited. Try after a while.
2026-01-20 19:41:26,953 | WARNING |   [AMAT] Fetch error: Too Many Requests. Rate limited. Try after a while.
2026-01-20 19:41:29,954 | INFO |   Batch complete, waiting 60s...
2026-01-20 19:42:29,954 | INFO | 
  Batch 2/17 (25 assets)
2026-01-20 19:42:33,073 | WARNING |   [AMD] Fetch error: Too Many Requests. Rate limited. Try after a while.
2026-01-20 19:42:37,799 | WARNING |   [AMGN] Fetch error: Too Many Requests. Rate limited. Try after a while.
2026-01-20 19:42:42,064 | WARNING |   [AMT] Fetch error: Too Many Requests. Rate limited. Try after a while.
2026-01-20 19:42:46,340 | WARNING |   [AMZN] Fetch error: Too Many Requests. Rate limited. Try after a while.
2026-01-20 19:42:50,689 | WARNING |   [AON] Fetch error: Too Many Requests. Rate limited. Try after a while.
2026-01-20 19:42:54,881 | WARNING |   [APD] Fetch error: Too Many Requests. Rate limited. Try after a while.
2026-01-20 19:42:59,083 | WARNING |   [ASML] Fetch error: Too Many Requests. Rate limited. Try after a while.
2026-01-20 19:43:03,621 | WARNING |   [AVB] Fetch error: Too Many Requests. Rate limited. Try after a while.
2026-01-20 19:43:08,126 | WARNING |   [AVGO] Fetch error: Too Many Requests. Rate limited. Try after a while.
2026-01-20 19:43:12,658 | WARNING |   [AWK] Fetch error: Too Many Requests. Rate limited. Try after a while.
2026-01-20 19:43:17,147 | WARNING |   [AXP] Fetch error: Too Many Requests. Rate limited. Try after a while.
2026-01-20 19:43:21,642 | WARNING |   [AZO] Fetch error: Too Many Requests. Rate limited. Try after a while.
2026-01-20 19:43:25,761 | WARNING |   [BA] Fetch error: Too Many Requests. Rate limited. Try after a while.
2026-01-20 19:43:30,074 | WARNING |   [BAC] Fetch error: Too Many Requests. Rate limited. Try after a while.
2026-01-20 19:43:33,084 | INFO |   Batch complete, waiting 60s...
