2026-01-11 05:37:47,056 | INFO | ======================================================================
2026-01-11 05:37:47,056 | INFO | IoS-001 DAILY PRICE INGEST
2026-01-11 05:37:47,056 | INFO | Executor: LINE (EC-004)
2026-01-11 05:37:47,056 | INFO | Authority: CEO_DIRECTIVE_LINE_DAILY_INGEST_ACTIVATION_20251212
2026-01-11 05:37:47,056 | INFO | Time: 2026-01-11T04:37:47.056500+00:00
2026-01-11 05:37:47,056 | INFO | Asset Class Filter: ALL
2026-01-11 05:37:47,056 | INFO | Dry Run: False
2026-01-11 05:37:47,056 | INFO | ======================================================================
2026-01-11 05:37:47,307 | INFO | Found 491 VEGA-attested assets
2026-01-11 05:37:47,307 | INFO | 
============================================================
2026-01-11 05:37:47,307 | INFO | Processing CRYPTO: 46 assets
2026-01-11 05:37:47,307 | INFO | Schedule: Daily 01:00 UTC
2026-01-11 05:37:47,307 | INFO | ============================================================
2026-01-11 05:37:47,307 | INFO | 
  Batch 1/2 (25 assets)
2026-01-11 05:37:50,911 | WARNING |   [GRT-USD] Fetch error: Too Many Requests. Rate limited. Try after a while.
2026-01-11 05:37:53,927 | INFO |   Batch complete, waiting 60s...
2026-01-11 05:38:53,929 | INFO | 
  Batch 2/2 (21 assets)
2026-01-11 05:38:55,963 | WARNING |   [UNI-USD] Fetch error: Too Many Requests. Rate limited. Try after a while.
2026-01-11 05:38:59,013 | INFO | 
============================================================
2026-01-11 05:38:59,013 | INFO | Processing EQUITY: 421 assets
2026-01-11 05:38:59,013 | INFO | Schedule: Weekdays 22:00 UTC
2026-01-11 05:38:59,013 | INFO | ============================================================
2026-01-11 05:38:59,013 | INFO |   Market closed for EQUITY today, skipping
2026-01-11 05:38:59,013 | INFO | 
============================================================
2026-01-11 05:38:59,013 | INFO | Processing FX: 24 assets
2026-01-11 05:38:59,013 | INFO | Schedule: Sun-Thu 22:00 UTC
2026-01-11 05:38:59,013 | INFO | ============================================================
2026-01-11 05:38:59,013 | INFO | 
  Batch 1/1 (24 assets)
2026-01-11 05:39:04,829 | WARNING |   [AUDJPY=X] Fetch error: Too Many Requests. Rate limited. Try after a while.
2026-01-11 05:39:08,924 | WARNING |   [AUDUSD=X] Fetch error: Too Many Requests. Rate limited. Try after a while.
2026-01-11 05:39:13,021 | WARNING |   [CADJPY=X] Fetch error: Too Many Requests. Rate limited. Try after a while.
2026-01-11 05:39:16,981 | WARNING |   [CHFJPY=X] Fetch error: Too Many Requests. Rate limited. Try after a while.
2026-01-11 05:39:21,037 | WARNING |   [EURAUD=X] Fetch error: Too Many Requests. Rate limited. Try after a while.
2026-01-11 05:39:25,243 | WARNING |   [EURCHF=X] Fetch error: Too Many Requests. Rate limited. Try after a while.
2026-01-11 05:39:29,841 | WARNING |   [EURGBP=X] Fetch error: Too Many Requests. Rate limited. Try after a while.
2026-01-11 05:39:33,918 | WARNING |   [EURJPY=X] Fetch error: Too Many Requests. Rate limited. Try after a while.
2026-01-11 05:39:37,858 | WARNING |   [EURNOK=X] Fetch error: Too Many Requests. Rate limited. Try after a while.
2026-01-11 05:39:41,937 | WARNING |   [EURSEK=X] Fetch error: Too Many Requests. Rate limited. Try after a while.
2026-01-11 05:39:46,062 | WARNING |   [EURUSD=X] Fetch error: Too Many Requests. Rate limited. Try after a while.
2026-01-11 05:39:50,242 | WARNING |   [GBPJPY=X] Fetch error: Too Many Requests. Rate limited. Try after a while.
2026-01-11 05:39:54,389 | WARNING |   [NZDUSD=X] Fetch error: Too Many Requests. Rate limited. Try after a while.
2026-01-11 05:39:58,565 | WARNING |   [USDCAD=X] Fetch error: Too Many Requests. Rate limited. Try after a while.
2026-01-11 05:40:02,521 | WARNING |   [USDCHF=X] Fetch error: Too Many Requests. Rate limited. Try after a while.
2026-01-11 05:40:06,595 | WARNING |   [USDHKD=X] Fetch error: Too Many Requests. Rate limited. Try after a while.
2026-01-11 05:40:10,551 | WARNING |   [USDJPY=X] Fetch error: Too Many Requests. Rate limited. Try after a while.
2026-01-11 05:40:14,505 | WARNING |   [USDMXN=X] Fetch error: Too Many Requests. Rate limited. Try after a while.
2026-01-11 05:40:18,616 | WARNING |   [USDNOK=X] Fetch error: Too Many Requests. Rate limited. Try after a while.
2026-01-11 05:40:22,639 | WARNING |   [USDSEK=X] Fetch error: Too Many Requests. Rate limited. Try after a while.
2026-01-11 05:40:26,690 | WARNING |   [USDSGD=X] Fetch error: Too Many Requests. Rate limited. Try after a while.
2026-01-11 05:40:30,651 | WARNING |   [USDTRY=X] Fetch error: Too Many Requests. Rate limited. Try after a while.
2026-01-11 05:40:34,723 | WARNING |   [USDZAR=X] Fetch error: Too Many Requests. Rate limited. Try after a while.
2026-01-11 05:40:37,732 | WARNING | Heartbeat recording failed: relation "fhq_monitoring.system_heartbeats" does not exist
LINE 2:                 INSERT INTO fhq_monitoring.system_heartbeats...
                                    ^

2026-01-11 05:40:37,741 | INFO | 
======================================================================
2026-01-11 05:40:37,743 | INFO | DAILY INGEST COMPLETE
2026-01-11 05:40:37,743 | INFO | ======================================================================
2026-01-11 05:40:37,744 | INFO | Assets Processed: 70
2026-01-11 05:40:37,745 | INFO | Assets Updated:   0
2026-01-11 05:40:37,747 | INFO | Rows Inserted:    0
2026-01-11 05:40:37,748 | INFO |   CRYPTO: 0 assets, 0 rows
2026-01-11 05:40:37,749 | INFO |   FX: 0 assets, 0 rows
2026-01-11 05:40:37,749 | INFO | Evidence: C:\fhq-market-system\vision-ios\03_FUNCTIONS\evidence\IOS001_DAILY_INGEST_22d1bfd7_20260111_054037.json
2026-01-11 05:40:37,750 | INFO | ======================================================================
