2026-02-15 03:24:19,777 | INFO | ======================================================================
2026-02-15 03:24:19,777 | INFO | IoS-001 DAILY PRICE INGEST
2026-02-15 03:24:19,777 | INFO | Executor: LINE (EC-004)
2026-02-15 03:24:19,777 | INFO | Authority: CEO_DIRECTIVE_LINE_DAILY_INGEST_ACTIVATION_20251212
2026-02-15 03:24:19,777 | INFO | Amendment: CEO-DIR-2026-119 (Rate Limit Mitigation)
2026-02-15 03:24:19,777 | INFO | Time: 2026-02-15T02:24:19.777172+00:00
2026-02-15 03:24:19,777 | INFO | Asset Class Filter: ALL
2026-02-15 03:24:19,777 | INFO | Batch Mode: True
2026-02-15 03:24:19,789 | INFO | Dry Run: False
2026-02-15 03:24:19,789 | INFO | ======================================================================
2026-02-15 03:24:19,960 | INFO | Found 491 VEGA-attested assets
2026-02-15 03:24:19,960 | INFO | 
============================================================
2026-02-15 03:24:19,960 | INFO | Processing CRYPTO: 46 assets
2026-02-15 03:24:19,960 | INFO | Schedule: Daily 01:00 UTC
2026-02-15 03:24:19,960 | INFO | ============================================================
2026-02-15 03:24:19,960 | INFO |   Using BATCH MODE (CEO-DIR-2026-119)
2026-02-15 03:24:19,960 | INFO | 
  Batch 1/5 (10 tickers)
2026-02-15 03:24:19,960 | INFO |     All assets up to date
2026-02-15 03:24:19,960 | INFO | 
  Batch 2/5 (10 tickers)
2026-02-15 03:24:19,984 | INFO |     Batch download: 1 tickers
2026-02-15 03:24:21,022 | ERROR | 
1 Failed download:
2026-02-15 03:24:21,023 | ERROR | ['GRT-USD']: YFPricesMissingError('possibly delisted; no price data found  (1d 2026-02-15 -> 2026-02-16)')
2026-02-15 03:24:21,027 | INFO |   Batch complete, waiting 120s...
2026-02-15 03:26:21,031 | INFO | 
  Batch 3/5 (10 tickers)
2026-02-15 03:26:21,075 | INFO |     All assets up to date
2026-02-15 03:26:21,075 | INFO | 
  Batch 4/5 (10 tickers)
2026-02-15 03:26:21,090 | INFO |     Batch download: 1 tickers
2026-02-15 03:26:21,586 | ERROR | 
1 Failed download:
2026-02-15 03:26:21,586 | ERROR | ['UNI-USD']: YFPricesMissingError('possibly delisted; no price data found  (1d 2026-02-12 -> 2026-02-16)')
2026-02-15 03:26:21,586 | INFO |   Batch complete, waiting 120s...
2026-02-15 03:28:21,599 | INFO | 
  Batch 5/5 (6 tickers)
2026-02-15 03:28:21,615 | INFO |     All assets up to date
2026-02-15 03:28:21,615 | INFO | 
============================================================
2026-02-15 03:28:21,615 | INFO | Processing EQUITY: 421 assets
2026-02-15 03:28:21,615 | INFO | Schedule: Weekdays 22:00 UTC
2026-02-15 03:28:21,615 | INFO | ============================================================
2026-02-15 03:28:21,615 | INFO |   Market closed for EQUITY today, skipping
2026-02-15 03:28:21,615 | INFO | 
============================================================
2026-02-15 03:28:21,615 | INFO | Processing FX: 24 assets
2026-02-15 03:28:21,615 | INFO | Schedule: Sun-Thu 22:00 UTC
2026-02-15 03:28:21,615 | INFO | ============================================================
2026-02-15 03:28:21,615 | INFO |   Using BATCH MODE (CEO-DIR-2026-119)
2026-02-15 03:28:21,615 | INFO | 
  Batch 1/3 (10 tickers)
2026-02-15 03:28:21,646 | INFO |     Batch download: 10 tickers
2026-02-15 03:28:23,152 | INFO |     [AUDJPY=X] +1 rows
2026-02-15 03:28:23,153 | INFO |     [AUDUSD=X] +1 rows
2026-02-15 03:28:23,153 | INFO |     [CADJPY=X] +1 rows
2026-02-15 03:28:23,153 | INFO |     [CHFJPY=X] +1 rows
2026-02-15 03:28:23,168 | INFO |     [EURAUD=X] +1 rows
2026-02-15 03:28:23,168 | INFO |     [EURCHF=X] +1 rows
2026-02-15 03:28:23,168 | INFO |     [EURGBP=X] +1 rows
2026-02-15 03:28:23,168 | INFO |     [EURJPY=X] +1 rows
2026-02-15 03:28:23,184 | INFO |     [EURNOK=X] +1 rows
2026-02-15 03:28:23,184 | INFO |     [EURSEK=X] +1 rows
2026-02-15 03:28:23,184 | INFO |   Batch complete, waiting 120s...
