2025-12-31 15:02:20,101 | INFO | ======================================================================
2025-12-31 15:02:20,101 | INFO | IoS-001 DAILY PRICE INGEST
2025-12-31 15:02:20,101 | INFO | Executor: LINE (EC-004)
2025-12-31 15:02:20,101 | INFO | Authority: CEO_DIRECTIVE_LINE_DAILY_INGEST_ACTIVATION_20251212
2025-12-31 15:02:20,101 | INFO | Time: 2025-12-31T14:02:20.101899+00:00
2025-12-31 15:02:20,101 | INFO | Asset Class Filter: ALL
2025-12-31 15:02:20,101 | INFO | Dry Run: False
2025-12-31 15:02:20,101 | INFO | ======================================================================
2025-12-31 15:02:20,306 | INFO | Found 491 VEGA-attested assets
2025-12-31 15:02:20,306 | INFO | 
============================================================
2025-12-31 15:02:20,306 | INFO | Processing CRYPTO: 46 assets
2025-12-31 15:02:20,306 | INFO | Schedule: Daily 01:00 UTC
2025-12-31 15:02:20,306 | INFO | ============================================================
2025-12-31 15:02:20,306 | INFO | 
  Batch 1/2 (25 assets)
2025-12-31 15:02:21,412 | ERROR | $GRT-USD: possibly delisted; no price data found  (1d 2025-12-31 -> 2026-01-01)
2025-12-31 15:02:24,421 | INFO |   Batch complete, waiting 60s...
2025-12-31 15:03:24,424 | INFO | 
  Batch 2/2 (21 assets)
2025-12-31 15:03:24,572 | ERROR | $UNI-USD: possibly delisted; no price data found  (1d 2025-12-31 -> 2026-01-01)
2025-12-31 15:03:27,638 | INFO | 
============================================================
2025-12-31 15:03:27,639 | INFO | Processing EQUITY: 421 assets
2025-12-31 15:03:27,639 | INFO | Schedule: Weekdays 22:00 UTC
2025-12-31 15:03:27,640 | INFO | ============================================================
2025-12-31 15:03:27,640 | INFO | 
  Batch 1/17 (25 assets)
2025-12-31 15:03:32,323 | ERROR | $1COV.DE: possibly delisted; no price data found  (1d 2025-12-24 -> 2026-01-01)
2025-12-31 15:03:35,552 | INFO |     [ABBV] +1 rows
2025-12-31 15:03:38,658 | INFO |     [ABNB] +1 rows
2025-12-31 15:03:41,798 | INFO |     [ABT] +1 rows
2025-12-31 15:03:44,917 | INFO |     [ADBE] +1 rows
2025-12-31 15:03:48,035 | INFO |     [ADI] +1 rows
2025-12-31 15:03:51,179 | INFO |     [ADS.DE] +1 rows
2025-12-31 15:03:54,301 | INFO |     [ADSK] +1 rows
2025-12-31 15:03:57,504 | INFO |     [AEP] +1 rows
2025-12-31 15:04:00,645 | INFO |     [AFL] +1 rows
2025-12-31 15:04:03,843 | INFO |     [AIG] +1 rows
2025-12-31 15:04:06,992 | INFO |     [AIR.DE] +1 rows
2025-12-31 15:04:10,081 | INFO |     [AKAM] +1 rows
2025-12-31 15:04:13,212 | INFO |     [AKER.OL] +1 rows
2025-12-31 15:04:16,325 | INFO |     [AKRBP.OL] +1 rows
2025-12-31 15:04:19,439 | INFO |     [AKSO.OL] +1 rows
2025-12-31 15:04:22,572 | INFO |     [AKVA.OL] +1 rows
2025-12-31 15:04:25,706 | INFO |     [ALB] +1 rows
2025-12-31 15:04:28,847 | INFO |     [ALL] +1 rows
2025-12-31 15:04:32,072 | INFO |     [ALV.DE] +1 rows
2025-12-31 15:04:35,213 | INFO |     [AMAT] +1 rows
2025-12-31 15:04:38,216 | INFO |   Batch complete, waiting 60s...
2025-12-31 15:05:38,217 | INFO | 
  Batch 2/17 (25 assets)
2025-12-31 15:05:38,319 | INFO |     [AMD] +1 rows
2025-12-31 15:05:41,443 | INFO |     [AMGN] +1 rows
2025-12-31 15:05:44,642 | INFO |     [AMT] +1 rows
2025-12-31 15:05:47,779 | INFO |     [AMZN] +1 rows
2025-12-31 15:05:50,926 | INFO |     [AON] +1 rows
2025-12-31 15:05:54,094 | INFO |     [APD] +1 rows
2025-12-31 15:05:57,228 | INFO |     [ASML] +1 rows
2025-12-31 15:06:00,377 | INFO |     [AUSS.OL] +1 rows
2025-12-31 15:06:03,505 | INFO |     [AUTO.OL] +1 rows
2025-12-31 15:06:06,686 | INFO |     [AVB] +1 rows
2025-12-31 15:06:09,801 | INFO |     [AVGO] +1 rows
2025-12-31 15:06:12,955 | INFO |     [AWK] +1 rows
2025-12-31 15:06:16,096 | INFO |     [AXP] +1 rows
2025-12-31 15:06:19,227 | INFO |     [AZO] +1 rows
2025-12-31 15:06:22,404 | INFO |     [BA] +1 rows
2025-12-31 15:06:25,584 | INFO |     [BAC] +1 rows
2025-12-31 15:06:28,727 | INFO |     [BAKKA.OL] +1 rows
2025-12-31 15:06:31,864 | INFO |     [BAS.DE] +1 rows
2025-12-31 15:06:35,027 | INFO |     [BAYN.DE] +1 rows
2025-12-31 15:06:38,028 | INFO |   Batch complete, waiting 60s...
