2026-01-21 23:30:07,075 | INFO | ======================================================================
2026-01-21 23:30:07,075 | INFO | IoS-001 DAILY PRICE INGEST
2026-01-21 23:30:07,075 | INFO | Executor: LINE (EC-004)
2026-01-21 23:30:07,075 | INFO | Authority: CEO_DIRECTIVE_LINE_DAILY_INGEST_ACTIVATION_20251212
2026-01-21 23:30:07,075 | INFO | Time: 2026-01-21T22:30:07.075285+00:00
2026-01-21 23:30:07,075 | INFO | Asset Class Filter: ALL
2026-01-21 23:30:07,075 | INFO | Dry Run: False
2026-01-21 23:30:07,075 | INFO | ======================================================================
2026-01-21 23:30:07,364 | INFO | Found 491 VEGA-attested assets
2026-01-21 23:30:07,364 | INFO | 
============================================================
2026-01-21 23:30:07,364 | INFO | Processing CRYPTO: 46 assets
2026-01-21 23:30:07,364 | INFO | Schedule: Daily 01:00 UTC
2026-01-21 23:30:07,364 | INFO | ============================================================
2026-01-21 23:30:07,364 | INFO | 
  Batch 1/2 (25 assets)
2026-01-21 23:30:07,425 | INFO |   Batch complete, waiting 60s...
2026-01-21 23:31:07,425 | INFO | 
  Batch 2/2 (21 assets)
2026-01-21 23:31:07,619 | INFO | 
============================================================
2026-01-21 23:31:07,619 | INFO | Processing EQUITY: 421 assets
2026-01-21 23:31:07,619 | INFO | Schedule: Weekdays 22:00 UTC
2026-01-21 23:31:07,619 | INFO | ============================================================
2026-01-21 23:31:07,619 | INFO | 
  Batch 1/17 (25 assets)
2026-01-21 23:31:11,016 | WARNING |   [1COV.DE] Fetch error: Too Many Requests. Rate limited. Try after a while.
2026-01-21 23:31:14,124 | INFO |   Batch complete, waiting 60s...
2026-01-21 23:32:14,129 | INFO | 
  Batch 2/17 (25 assets)
2026-01-21 23:32:14,246 | INFO |   Batch complete, waiting 60s...
2026-01-21 23:33:14,247 | INFO | 
  Batch 3/17 (25 assets)
2026-01-21 23:33:16,961 | WARNING |   [BRK.B] Fetch error: Too Many Requests. Rate limited. Try after a while.
2026-01-21 23:33:20,983 | WARNING |   [BT.A.L] Fetch error: Too Many Requests. Rate limited. Try after a while.
2026-01-21 23:33:24,001 | INFO |   Batch complete, waiting 60s...
2026-01-21 23:34:24,001 | INFO | 
  Batch 4/17 (25 assets)
2026-01-21 23:34:25,430 | WARNING |   [CF] Fetch error: Too Many Requests. Rate limited. Try after a while.
2026-01-21 23:34:29,535 | WARNING |   [CHD] Fetch error: Too Many Requests. Rate limited. Try after a while.
2026-01-21 23:34:33,457 | WARNING |   [CHTR] Fetch error: Too Many Requests. Rate limited. Try after a while.
2026-01-21 23:34:37,353 | WARNING |   [CI] Fetch error: Too Many Requests. Rate limited. Try after a while.
2026-01-21 23:34:41,751 | WARNING |   [CL] Fetch error: Too Many Requests. Rate limited. Try after a while.
2026-01-21 23:34:45,677 | WARNING |   [CLX] Fetch error: Too Many Requests. Rate limited. Try after a while.
2026-01-21 23:34:49,821 | WARNING |   [CMCSA] Fetch error: Too Many Requests. Rate limited. Try after a while.
2026-01-21 23:34:53,714 | WARNING |   [CME] Fetch error: Too Many Requests. Rate limited. Try after a while.
2026-01-21 23:34:57,798 | WARNING |   [CMG] Fetch error: Too Many Requests. Rate limited. Try after a while.
2026-01-21 23:35:01,840 | WARNING |   [COF] Fetch error: Too Many Requests. Rate limited. Try after a while.
