2026-02-09 16:23:41,951 | INFO | ======================================================================
2026-02-09 16:23:41,951 | INFO | IoS-001 DAILY PRICE INGEST
2026-02-09 16:23:41,951 | INFO | Executor: LINE (EC-004)
2026-02-09 16:23:41,951 | INFO | Authority: CEO_DIRECTIVE_LINE_DAILY_INGEST_ACTIVATION_20251212
2026-02-09 16:23:41,951 | INFO | Amendment: CEO-DIR-2026-119 (Rate Limit Mitigation)
2026-02-09 16:23:41,951 | INFO | Time: 2026-02-09T15:23:41.951258+00:00
2026-02-09 16:23:41,951 | INFO | Asset Class Filter: ALL
2026-02-09 16:23:41,951 | INFO | Batch Mode: True
2026-02-09 16:23:41,957 | INFO | Dry Run: False
2026-02-09 16:23:41,957 | INFO | ======================================================================
2026-02-09 16:23:42,839 | INFO | Found 491 VEGA-attested assets
2026-02-09 16:23:42,839 | INFO | 
============================================================
2026-02-09 16:23:42,844 | INFO | Processing CRYPTO: 46 assets
2026-02-09 16:23:42,844 | INFO | Schedule: Daily 01:00 UTC
2026-02-09 16:23:42,844 | INFO | ============================================================
2026-02-09 16:23:42,844 | INFO |   Using BATCH MODE (CEO-DIR-2026-119)
2026-02-09 16:23:42,844 | INFO | 
  Batch 1/5 (10 tickers)
2026-02-09 16:23:42,888 | INFO |     All assets up to date
2026-02-09 16:23:42,888 | INFO | 
  Batch 2/5 (10 tickers)
2026-02-09 16:23:42,928 | INFO |     Batch download: 1 tickers
2026-02-09 16:23:48,101 | ERROR | 
1 Failed download:
2026-02-09 16:23:48,101 | ERROR | ['GRT-USD']: YFRateLimitError('Too Many Requests. Rate limited. Try after a while.')
2026-02-09 16:23:48,111 | INFO |   Batch complete, waiting 120s...
2026-02-09 16:25:48,112 | INFO | 
  Batch 3/5 (10 tickers)
2026-02-09 16:25:48,148 | INFO |     All assets up to date
2026-02-09 16:25:48,148 | INFO | 
  Batch 4/5 (10 tickers)
2026-02-09 16:25:48,192 | INFO |     Batch download: 1 tickers
2026-02-09 16:25:50,604 | ERROR | 
1 Failed download:
2026-02-09 16:25:50,604 | ERROR | ['UNI-USD']: YFRateLimitError('Too Many Requests. Rate limited. Try after a while.')
2026-02-09 16:25:50,604 | INFO |   Batch complete, waiting 120s...
2026-02-09 16:27:50,614 | INFO | 
  Batch 5/5 (6 tickers)
2026-02-09 16:27:50,633 | INFO |     All assets up to date
2026-02-09 16:27:50,633 | INFO | 
============================================================
2026-02-09 16:27:50,633 | INFO | Processing EQUITY: 421 assets
2026-02-09 16:27:50,633 | INFO | Schedule: Weekdays 22:00 UTC
2026-02-09 16:27:50,633 | INFO | ============================================================
2026-02-09 16:27:50,633 | INFO |   Using BATCH MODE (CEO-DIR-2026-119)
2026-02-09 16:27:50,633 | INFO | 
  Batch 1/43 (10 tickers)
2026-02-09 16:27:50,654 | INFO |     Batch download: 8 tickers
2026-02-09 16:28:01,172 | ERROR | 
8 Failed downloads:
2026-02-09 16:28:01,172 | ERROR | ['ABBV', '1COV.DE', 'ADSK', 'ADBE', 'ABT', 'ABNB', 'AEP', 'ADI']: YFRateLimitError('Too Many Requests. Rate limited. Try after a while.')
2026-02-09 16:28:01,172 | INFO |   Batch complete, waiting 120s...
