2026-02-06 02:57:17,993 | INFO | ======================================================================
2026-02-06 02:57:17,994 | INFO | IoS-001 DAILY PRICE INGEST
2026-02-06 02:57:17,994 | INFO | Executor: LINE (EC-004)
2026-02-06 02:57:17,994 | INFO | Authority: CEO_DIRECTIVE_LINE_DAILY_INGEST_ACTIVATION_20251212
2026-02-06 02:57:17,994 | INFO | Time: 2026-02-06T01:57:17.994707+00:00
2026-02-06 02:57:17,995 | INFO | Asset Class Filter: ALL
2026-02-06 02:57:17,995 | INFO | Dry Run: False
2026-02-06 02:57:17,995 | INFO | ======================================================================
2026-02-06 02:57:18,312 | INFO | Found 491 VEGA-attested assets
2026-02-06 02:57:18,312 | INFO | 
============================================================
2026-02-06 02:57:18,312 | INFO | Processing CRYPTO: 46 assets
2026-02-06 02:57:18,312 | INFO | Schedule: Daily 01:00 UTC
2026-02-06 02:57:18,312 | INFO | ============================================================
2026-02-06 02:57:18,312 | INFO | 
  Batch 1/2 (25 assets)
2026-02-06 02:57:24,351 | WARNING |   [GRT-USD] Fetch error: Too Many Requests. Rate limited. Try after a while.
2026-02-06 02:57:27,380 | INFO |   Batch complete, waiting 60s...
2026-02-06 02:58:27,384 | INFO | 
  Batch 2/2 (21 assets)
2026-02-06 02:58:27,470 | INFO | 
============================================================
2026-02-06 02:58:27,470 | INFO | Processing EQUITY: 421 assets
2026-02-06 02:58:27,470 | INFO | Schedule: Weekdays 22:00 UTC
2026-02-06 02:58:27,470 | INFO | ============================================================
2026-02-06 02:58:27,470 | INFO | 
  Batch 1/17 (25 assets)
2026-02-06 02:58:27,829 | WARNING |   [1COV.DE] Fetch error: Too Many Requests. Rate limited. Try after a while.
2026-02-06 02:58:32,701 | WARNING |   [ABBV] Fetch error: Too Many Requests. Rate limited. Try after a while.
2026-02-06 02:58:36,661 | WARNING |   [ABNB] Fetch error: Too Many Requests. Rate limited. Try after a while.
2026-02-06 02:58:40,785 | WARNING |   [ABT] Fetch error: Too Many Requests. Rate limited. Try after a while.
2026-02-06 02:58:45,368 | WARNING |   [ACA.PA] Fetch error: Too Many Requests. Rate limited. Try after a while.
2026-02-06 02:58:49,869 | WARNING |   [ADBE] Fetch error: Too Many Requests. Rate limited. Try after a while.
2026-02-06 02:58:53,921 | WARNING |   [ADI] Fetch error: Too Many Requests. Rate limited. Try after a while.
2026-02-06 02:58:57,956 | WARNING |   [ADS.DE] Fetch error: Too Many Requests. Rate limited. Try after a while.
2026-02-06 02:59:01,949 | WARNING |   [ADSK] Fetch error: Too Many Requests. Rate limited. Try after a while.
2026-02-06 02:59:05,953 | WARNING |   [AEP] Fetch error: Too Many Requests. Rate limited. Try after a while.
2026-02-06 02:59:10,147 | WARNING |   [AFL] Fetch error: Too Many Requests. Rate limited. Try after a while.
2026-02-06 02:59:14,096 | WARNING |   [AI.PA] Fetch error: Too Many Requests. Rate limited. Try after a while.
2026-02-06 02:59:18,026 | WARNING |   [AIG] Fetch error: Too Many Requests. Rate limited. Try after a while.
2026-02-06 02:59:22,042 | WARNING |   [AIR.DE] Fetch error: Too Many Requests. Rate limited. Try after a while.
2026-02-06 02:59:25,928 | WARNING |   [AIR.PA] Fetch error: Too Many Requests. Rate limited. Try after a while.
2026-02-06 02:59:30,737 | WARNING |   [AKAM] Fetch error: Too Many Requests. Rate limited. Try after a while.
2026-02-06 02:59:35,071 | WARNING |   [AKER.OL] Fetch error: Too Many Requests. Rate limited. Try after a while.
2026-02-06 02:59:39,184 | WARNING |   [AKRBP.OL] Fetch error: Too Many Requests. Rate limited. Try after a while.
2026-02-06 02:59:43,619 | WARNING |   [AKSO.OL] Fetch error: Too Many Requests. Rate limited. Try after a while.
2026-02-06 02:59:47,497 | WARNING |   [AKVA.OL] Fetch error: Too Many Requests. Rate limited. Try after a while.
2026-02-06 02:59:51,909 | WARNING |   [ALB] Fetch error: Too Many Requests. Rate limited. Try after a while.
2026-02-06 02:59:56,095 | WARNING |   [ALL] Fetch error: Too Many Requests. Rate limited. Try after a while.
2026-02-06 03:00:00,459 | WARNING |   [ALO.PA] Fetch error: Too Many Requests. Rate limited. Try after a while.
2026-02-06 03:00:04,572 | WARNING |   [ALV.DE] Fetch error: Too Many Requests. Rate limited. Try after a while.
2026-02-06 03:00:08,697 | WARNING |   [AMAT] Fetch error: Too Many Requests. Rate limited. Try after a while.
2026-02-06 03:00:11,703 | INFO |   Batch complete, waiting 60s...
2026-02-06 03:01:11,711 | INFO | 
  Batch 2/17 (25 assets)
2026-02-06 03:01:14,945 | WARNING |   [AMD] Fetch error: Too Many Requests. Rate limited. Try after a while.
2026-02-06 03:01:19,115 | WARNING |   [AMGN] Fetch error: Too Many Requests. Rate limited. Try after a while.
2026-02-06 03:01:23,612 | WARNING |   [AMT] Fetch error: Too Many Requests. Rate limited. Try after a while.
2026-02-06 03:01:27,927 | WARNING |   [AMZN] Fetch error: Too Many Requests. Rate limited. Try after a while.
2026-02-06 03:01:32,115 | WARNING |   [AON] Fetch error: Too Many Requests. Rate limited. Try after a while.
2026-02-06 03:01:36,444 | WARNING |   [APD] Fetch error: Too Many Requests. Rate limited. Try after a while.
2026-02-06 03:01:40,318 | WARNING |   [ASML] Fetch error: Too Many Requests. Rate limited. Try after a while.
2026-02-06 03:01:44,248 | WARNING |   [ATO.PA] Fetch error: Too Many Requests. Rate limited. Try after a while.
2026-02-06 03:01:48,330 | WARNING |   [AUSS.OL] Fetch error: Too Many Requests. Rate limited. Try after a while.
2026-02-06 03:01:53,873 | WARNING |   [AUTO.OL] Fetch error: Too Many Requests. Rate limited. Try after a while.
2026-02-06 03:01:57,844 | WARNING |   [AV.L] Fetch error: Too Many Requests. Rate limited. Try after a while.
2026-02-06 03:02:02,051 | WARNING |   [AVB] Fetch error: Too Many Requests. Rate limited. Try after a while.
2026-02-06 03:02:07,953 | WARNING |   [AVGO] Fetch error: Too Many Requests. Rate limited. Try after a while.
2026-02-06 03:02:12,084 | WARNING |   [AWK] Fetch error: Too Many Requests. Rate limited. Try after a while.
