2026-01-20 13:45:32,556 | INFO | ======================================================================
2026-01-20 13:45:32,556 | INFO | IoS-001 DAILY PRICE INGEST
2026-01-20 13:45:32,556 | INFO | Executor: LINE (EC-004)
2026-01-20 13:45:32,556 | INFO | Authority: CEO_DIRECTIVE_LINE_DAILY_INGEST_ACTIVATION_20251212
2026-01-20 13:45:32,557 | INFO | Time: 2026-01-20T12:45:32.557893+00:00
2026-01-20 13:45:32,557 | INFO | Asset Class Filter: ALL
2026-01-20 13:45:32,558 | INFO | Dry Run: False
2026-01-20 13:45:32,558 | INFO | ======================================================================
2026-01-20 13:45:32,922 | INFO | Found 491 VEGA-attested assets
2026-01-20 13:45:32,932 | INFO | 
============================================================
2026-01-20 13:45:32,932 | INFO | Processing CRYPTO: 46 assets
2026-01-20 13:45:32,932 | INFO | Schedule: Daily 01:00 UTC
2026-01-20 13:45:32,932 | INFO | ============================================================
2026-01-20 13:45:32,932 | INFO | 
  Batch 1/2 (25 assets)
2026-01-20 13:45:32,964 | INFO |   Batch complete, waiting 60s...
2026-01-20 13:46:32,964 | INFO | 
  Batch 2/2 (21 assets)
2026-01-20 13:46:33,039 | INFO | 
============================================================
2026-01-20 13:46:33,039 | INFO | Processing EQUITY: 421 assets
2026-01-20 13:46:33,039 | INFO | Schedule: Weekdays 22:00 UTC
2026-01-20 13:46:33,039 | INFO | ============================================================
2026-01-20 13:46:33,043 | INFO | 
  Batch 1/17 (25 assets)
2026-01-20 13:46:36,566 | WARNING |   [1COV.DE] Fetch error: Too Many Requests. Rate limited. Try after a while.
2026-01-20 13:46:40,322 | WARNING |   [ABBV] Fetch error: Too Many Requests. Rate limited. Try after a while.
2026-01-20 13:46:44,576 | WARNING |   [ABNB] Fetch error: Too Many Requests. Rate limited. Try after a while.
2026-01-20 13:46:48,688 | WARNING |   [ABT] Fetch error: Too Many Requests. Rate limited. Try after a while.
2026-01-20 13:46:52,962 | WARNING |   [ADBE] Fetch error: Too Many Requests. Rate limited. Try after a while.
2026-01-20 13:46:56,894 | WARNING |   [ADI] Fetch error: Too Many Requests. Rate limited. Try after a while.
2026-01-20 13:47:00,912 | WARNING |   [ADSK] Fetch error: Too Many Requests. Rate limited. Try after a while.
2026-01-20 13:47:04,976 | WARNING |   [AEP] Fetch error: Too Many Requests. Rate limited. Try after a while.
2026-01-20 13:47:08,952 | WARNING |   [AFL] Fetch error: Too Many Requests. Rate limited. Try after a while.
2026-01-20 13:47:12,826 | WARNING |   [AIG] Fetch error: Too Many Requests. Rate limited. Try after a while.
2026-01-20 13:47:16,871 | WARNING |   [AKAM] Fetch error: Too Many Requests. Rate limited. Try after a while.
2026-01-20 13:47:21,054 | WARNING |   [ALB] Fetch error: Too Many Requests. Rate limited. Try after a while.
2026-01-20 13:47:24,791 | WARNING |   [ALL] Fetch error: Too Many Requests. Rate limited. Try after a while.
2026-01-20 13:47:28,997 | WARNING |   [AMAT] Fetch error: Too Many Requests. Rate limited. Try after a while.
2026-01-20 13:47:31,998 | INFO |   Batch complete, waiting 60s...
2026-01-20 13:48:31,999 | INFO | 
  Batch 2/17 (25 assets)
2026-01-20 13:48:34,056 | WARNING |   [AMD] Fetch error: Too Many Requests. Rate limited. Try after a while.
2026-01-20 13:48:38,088 | WARNING |   [AMGN] Fetch error: Too Many Requests. Rate limited. Try after a while.
2026-01-20 13:48:42,548 | WARNING |   [AMT] Fetch error: Too Many Requests. Rate limited. Try after a while.
2026-01-20 13:48:47,022 | WARNING |   [AMZN] Fetch error: Too Many Requests. Rate limited. Try after a while.
2026-01-20 13:48:51,114 | WARNING |   [AON] Fetch error: Too Many Requests. Rate limited. Try after a while.
2026-01-20 13:48:55,726 | WARNING |   [APD] Fetch error: Too Many Requests. Rate limited. Try after a while.
2026-01-20 13:49:00,103 | WARNING |   [ASML] Fetch error: Too Many Requests. Rate limited. Try after a while.
2026-01-20 13:49:04,263 | WARNING |   [AVB] Fetch error: Too Many Requests. Rate limited. Try after a while.
2026-01-20 13:49:08,626 | WARNING |   [AVGO] Fetch error: Too Many Requests. Rate limited. Try after a while.
2026-01-20 13:49:12,770 | WARNING |   [AWK] Fetch error: Too Many Requests. Rate limited. Try after a while.
2026-01-20 13:49:17,205 | WARNING |   [AXP] Fetch error: Too Many Requests. Rate limited. Try after a while.
2026-01-20 13:49:21,529 | WARNING |   [AZO] Fetch error: Too Many Requests. Rate limited. Try after a while.
2026-01-20 13:49:25,636 | WARNING |   [BA] Fetch error: Too Many Requests. Rate limited. Try after a while.
2026-01-20 13:49:29,638 | WARNING |   [BAC] Fetch error: Too Many Requests. Rate limited. Try after a while.
2026-01-20 13:49:32,671 | INFO |   Batch complete, waiting 60s...
