2025-12-19 15:31:31,308 | INFO | ======================================================================
2025-12-19 15:31:31,308 | INFO | IoS-001 DAILY PRICE INGEST
2025-12-19 15:31:31,309 | INFO | Executor: LINE (EC-004)
2025-12-19 15:31:31,309 | INFO | Authority: CEO_DIRECTIVE_LINE_DAILY_INGEST_ACTIVATION_20251212
2025-12-19 15:31:31,309 | INFO | Time: 2025-12-19T14:31:31.309527+00:00
2025-12-19 15:31:31,309 | INFO | Asset Class Filter: ALL
2025-12-19 15:31:31,309 | INFO | Dry Run: False
2025-12-19 15:31:31,309 | INFO | ======================================================================
2025-12-19 15:31:31,527 | INFO | Found 463 VEGA-attested assets
2025-12-19 15:31:31,528 | INFO | 
============================================================
2025-12-19 15:31:31,528 | INFO | Processing CRYPTO: 45 assets
2025-12-19 15:31:31,528 | INFO | Schedule: Daily 01:00 UTC
2025-12-19 15:31:31,528 | INFO | ============================================================
2025-12-19 15:31:31,528 | INFO | 
  Batch 1/2 (25 assets)
2025-12-19 15:31:31,615 | INFO |   Batch complete, waiting 60s...
2025-12-19 15:32:31,616 | INFO | 
  Batch 2/2 (20 assets)
2025-12-19 15:32:31,662 | INFO | 
============================================================
2025-12-19 15:32:31,663 | INFO | Processing EQUITY: 394 assets
2025-12-19 15:32:31,663 | INFO | Schedule: Weekdays 22:00 UTC
2025-12-19 15:32:31,663 | INFO | ============================================================
2025-12-19 15:32:31,663 | INFO | 
  Batch 1/16 (25 assets)
2025-12-19 15:32:35,041 | WARNING |   [ABBV] Fetch error: Too Many Requests. Rate limited. Try after a while.
2025-12-19 15:32:39,257 | WARNING |   [ABNB] Fetch error: Too Many Requests. Rate limited. Try after a while.
2025-12-19 15:32:43,522 | WARNING |   [ABT] Fetch error: Too Many Requests. Rate limited. Try after a while.
2025-12-19 15:32:47,804 | WARNING |   [ADBE] Fetch error: Too Many Requests. Rate limited. Try after a while.
2025-12-19 15:32:52,207 | WARNING |   [ADI] Fetch error: Too Many Requests. Rate limited. Try after a while.
2025-12-19 15:32:56,519 | WARNING |   [ADSK] Fetch error: Too Many Requests. Rate limited. Try after a while.
2025-12-19 15:33:02,070 | WARNING |   [AEP] Fetch error: Too Many Requests. Rate limited. Try after a while.
2025-12-19 15:33:07,228 | WARNING |   [AFL] Fetch error: Too Many Requests. Rate limited. Try after a while.
2025-12-19 15:33:11,444 | WARNING |   [AIG] Fetch error: Too Many Requests. Rate limited. Try after a while.
2025-12-19 15:33:15,614 | WARNING |   [AKAM] Fetch error: Too Many Requests. Rate limited. Try after a while.
2025-12-19 15:33:19,438 | WARNING |   [ALB] Fetch error: Too Many Requests. Rate limited. Try after a while.
2025-12-19 15:33:24,286 | WARNING |   [ALL] Fetch error: Too Many Requests. Rate limited. Try after a while.
2025-12-19 15:33:28,588 | WARNING |   [AMAT] Fetch error: Too Many Requests. Rate limited. Try after a while.
2025-12-19 15:33:31,589 | INFO |   Batch complete, waiting 60s...
2025-12-19 15:34:31,589 | INFO | 
  Batch 2/16 (25 assets)
2025-12-19 15:34:33,525 | WARNING |   [AMD] Fetch error: Too Many Requests. Rate limited. Try after a while.
2025-12-19 15:34:37,744 | WARNING |   [AMGN] Fetch error: Too Many Requests. Rate limited. Try after a while.
2025-12-19 15:34:42,046 | WARNING |   [AMT] Fetch error: Too Many Requests. Rate limited. Try after a while.
2025-12-19 15:34:46,311 | WARNING |   [AON] Fetch error: Too Many Requests. Rate limited. Try after a while.
2025-12-19 15:34:50,442 | WARNING |   [APD] Fetch error: Too Many Requests. Rate limited. Try after a while.
2025-12-19 15:34:54,955 | WARNING |   [AVB] Fetch error: Too Many Requests. Rate limited. Try after a while.
2025-12-19 15:34:59,125 | WARNING |   [AVGO] Fetch error: Too Many Requests. Rate limited. Try after a while.
2025-12-19 15:35:03,327 | WARNING |   [AWK] Fetch error: Too Many Requests. Rate limited. Try after a while.
2025-12-19 15:35:07,766 | WARNING |   [AXP] Fetch error: Too Many Requests. Rate limited. Try after a while.
2025-12-19 15:35:12,363 | WARNING |   [AZO] Fetch error: Too Many Requests. Rate limited. Try after a while.
2025-12-19 15:35:16,223 | WARNING |   [BA] Fetch error: Too Many Requests. Rate limited. Try after a while.
2025-12-19 15:35:20,517 | WARNING |   [BAC] Fetch error: Too Many Requests. Rate limited. Try after a while.
2025-12-19 15:35:23,530 | INFO |   Batch complete, waiting 60s...
2025-12-19 15:36:23,531 | INFO | 
  Batch 3/16 (25 assets)
2025-12-19 15:36:25,490 | WARNING |   [BHP.L] Fetch error: Too Many Requests. Rate limited. Try after a while.
