2026-02-16 18:18:41,569 | INFO | ======================================================================
2026-02-16 18:18:41,569 | INFO | IoS-001 DAILY PRICE INGEST
2026-02-16 18:18:41,569 | INFO | Executor: LINE (EC-004)
2026-02-16 18:18:41,569 | INFO | Authority: CEO_DIRECTIVE_LINE_DAILY_INGEST_ACTIVATION_20251212
2026-02-16 18:18:41,569 | INFO | Amendment: CEO-DIR-2026-119 (Rate Limit Mitigation)
2026-02-16 18:18:41,569 | INFO | Time: 2026-02-16T17:18:41.569194+00:00
2026-02-16 18:18:41,569 | INFO | Asset Class Filter: ALL
2026-02-16 18:18:41,569 | INFO | Batch Mode: True
2026-02-16 18:18:41,573 | INFO | Dry Run: False
2026-02-16 18:18:41,573 | INFO | ======================================================================
2026-02-16 18:18:42,156 | INFO | Found 491 VEGA-attested assets
2026-02-16 18:18:42,157 | INFO | 
============================================================
2026-02-16 18:18:42,157 | INFO | Processing CRYPTO: 46 assets
2026-02-16 18:18:42,157 | INFO | Schedule: Daily 01:00 UTC
2026-02-16 18:18:42,157 | INFO | ============================================================
2026-02-16 18:18:42,158 | INFO |   Using BATCH MODE (CEO-DIR-2026-119)
2026-02-16 18:18:42,158 | INFO | 
  Batch 1/5 (10 tickers)
2026-02-16 18:18:42,202 | INFO |     All assets up to date
2026-02-16 18:18:42,202 | INFO | 
  Batch 2/5 (10 tickers)
2026-02-16 18:18:42,252 | INFO |     Batch download: 1 tickers
2026-02-16 18:18:45,924 | ERROR | 
1 Failed download:
2026-02-16 18:18:45,924 | ERROR | ['GRT-USD']: YFRateLimitError('Too Many Requests. Rate limited. Try after a while.')
2026-02-16 18:18:45,924 | INFO |   Batch complete, waiting 120s...
2026-02-16 18:20:45,929 | INFO | 
  Batch 3/5 (10 tickers)
2026-02-16 18:20:45,961 | INFO |     All assets up to date
2026-02-16 18:20:45,961 | INFO | 
  Batch 4/5 (10 tickers)
2026-02-16 18:20:46,001 | INFO |     Batch download: 1 tickers
2026-02-16 18:20:49,761 | ERROR | 
1 Failed download:
2026-02-16 18:20:49,761 | ERROR | ['UNI-USD']: YFRateLimitError('Too Many Requests. Rate limited. Try after a while.')
2026-02-16 18:20:49,772 | INFO |   Batch complete, waiting 120s...
2026-02-16 18:22:49,775 | INFO | 
  Batch 5/5 (6 tickers)
2026-02-16 18:22:49,821 | INFO |     All assets up to date
2026-02-16 18:22:49,821 | INFO | 
============================================================
2026-02-16 18:22:49,821 | INFO | Processing EQUITY: 421 assets
2026-02-16 18:22:49,821 | INFO | Schedule: Weekdays 22:00 UTC
2026-02-16 18:22:49,821 | INFO | ============================================================
2026-02-16 18:22:49,821 | INFO |   Using BATCH MODE (CEO-DIR-2026-119)
2026-02-16 18:22:49,821 | INFO | 
  Batch 1/43 (10 tickers)
2026-02-16 18:22:49,863 | INFO |     Batch download: 8 tickers
2026-02-16 18:23:00,224 | ERROR | 
8 Failed downloads:
2026-02-16 18:23:00,224 | ERROR | ['ADI', 'ABT', 'ADBE', 'AEP', '1COV.DE', 'ABNB', 'ADSK', 'ABBV']: YFRateLimitError('Too Many Requests. Rate limited. Try after a while.')
2026-02-16 18:23:00,233 | INFO |   Batch complete, waiting 120s...
