2026-01-30 23:39:52,013 | INFO | ======================================================================
2026-01-30 23:39:52,013 | INFO | IoS-001 DAILY PRICE INGEST
2026-01-30 23:39:52,013 | INFO | Executor: LINE (EC-004)
2026-01-30 23:39:52,013 | INFO | Authority: CEO_DIRECTIVE_LINE_DAILY_INGEST_ACTIVATION_20251212
2026-01-30 23:39:52,013 | INFO | Time: 2026-01-30T22:39:52.013655+00:00
2026-01-30 23:39:52,013 | INFO | Asset Class Filter: ALL
2026-01-30 23:39:52,013 | INFO | Dry Run: False
2026-01-30 23:39:52,013 | INFO | ======================================================================
2026-01-30 23:39:52,202 | INFO | Found 491 VEGA-attested assets
2026-01-30 23:39:52,202 | INFO | 
============================================================
2026-01-30 23:39:52,202 | INFO | Processing CRYPTO: 46 assets
2026-01-30 23:39:52,202 | INFO | Schedule: Daily 01:00 UTC
2026-01-30 23:39:52,202 | INFO | ============================================================
2026-01-30 23:39:52,202 | INFO | 
  Batch 1/2 (25 assets)
2026-01-30 23:39:52,267 | INFO |   Batch complete, waiting 60s...
2026-01-30 23:40:52,271 | INFO | 
  Batch 2/2 (21 assets)
2026-01-30 23:41:01,995 | WARNING |   [UNI-USD] Fetch error: Too Many Requests. Rate limited. Try after a while.
2026-01-30 23:41:05,027 | INFO | 
============================================================
2026-01-30 23:41:05,027 | INFO | Processing EQUITY: 421 assets
2026-01-30 23:41:05,027 | INFO | Schedule: Weekdays 22:00 UTC
2026-01-30 23:41:05,027 | INFO | ============================================================
2026-01-30 23:41:05,027 | INFO | 
  Batch 1/17 (25 assets)
2026-01-30 23:41:07,884 | WARNING |   [1COV.DE] Fetch error: Too Many Requests. Rate limited. Try after a while.
2026-01-30 23:41:11,022 | INFO |   Batch complete, waiting 60s...
2026-01-30 23:42:11,032 | INFO | 
  Batch 2/17 (25 assets)
2026-01-30 23:42:11,094 | INFO |   Batch complete, waiting 60s...
2026-01-30 23:43:11,098 | INFO | 
  Batch 3/17 (25 assets)
2026-01-30 23:43:14,243 | WARNING |   [BRK.B] Fetch error: Too Many Requests. Rate limited. Try after a while.
2026-01-30 23:43:18,224 | WARNING |   [BT.A.L] Fetch error: Too Many Requests. Rate limited. Try after a while.
2026-01-30 23:43:21,242 | INFO |   Batch complete, waiting 60s...
2026-01-30 23:44:21,252 | INFO | 
  Batch 4/17 (25 assets)
2026-01-30 23:44:21,304 | INFO |   Batch complete, waiting 60s...
