2025-12-31 09:24:10,286 | INFO | ======================================================================
2025-12-31 09:24:10,286 | INFO | IoS-001 DAILY PRICE INGEST
2025-12-31 09:24:10,286 | INFO | Executor: LINE (EC-004)
2025-12-31 09:24:10,286 | INFO | Authority: CEO_DIRECTIVE_LINE_DAILY_INGEST_ACTIVATION_20251212
2025-12-31 09:24:10,286 | INFO | Time: 2025-12-31T08:24:10.286543+00:00
2025-12-31 09:24:10,286 | INFO | Asset Class Filter: ALL
2025-12-31 09:24:10,286 | INFO | Dry Run: False
2025-12-31 09:24:10,286 | INFO | ======================================================================
2025-12-31 09:24:10,731 | INFO | Found 491 VEGA-attested assets
2025-12-31 09:24:10,731 | INFO | 
============================================================
2025-12-31 09:24:10,731 | INFO | Processing CRYPTO: 46 assets
2025-12-31 09:24:10,731 | INFO | Schedule: Daily 01:00 UTC
2025-12-31 09:24:10,731 | INFO | ============================================================
2025-12-31 09:24:10,731 | INFO | 
  Batch 1/2 (25 assets)
2025-12-31 09:24:14,373 | WARNING |   [GRT-USD] Fetch error: Too Many Requests. Rate limited. Try after a while.
2025-12-31 09:24:17,397 | INFO |   Batch complete, waiting 60s...
2025-12-31 09:25:17,405 | INFO | 
  Batch 2/2 (21 assets)
2025-12-31 09:25:19,490 | WARNING |   [UNI-USD] Fetch error: Too Many Requests. Rate limited. Try after a while.
2025-12-31 09:25:22,551 | INFO | 
============================================================
2025-12-31 09:25:22,553 | INFO | Processing EQUITY: 421 assets
2025-12-31 09:25:22,553 | INFO | Schedule: Weekdays 22:00 UTC
2025-12-31 09:25:22,553 | INFO | ============================================================
2025-12-31 09:25:22,553 | INFO | 
  Batch 1/17 (25 assets)
2025-12-31 09:25:23,908 | WARNING |   [1COV.DE] Fetch error: Too Many Requests. Rate limited. Try after a while.
2025-12-31 09:25:28,255 | WARNING |   [ABBV] Fetch error: Too Many Requests. Rate limited. Try after a while.
2025-12-31 09:25:32,312 | WARNING |   [ABNB] Fetch error: Too Many Requests. Rate limited. Try after a while.
2025-12-31 09:25:36,592 | WARNING |   [ABT] Fetch error: Too Many Requests. Rate limited. Try after a while.
2025-12-31 09:25:40,812 | WARNING |   [ACA.PA] Fetch error: Too Many Requests. Rate limited. Try after a while.
2025-12-31 09:25:44,737 | WARNING |   [ADBE] Fetch error: Too Many Requests. Rate limited. Try after a while.
2025-12-31 09:25:48,839 | WARNING |   [ADI] Fetch error: Too Many Requests. Rate limited. Try after a while.
2025-12-31 09:25:52,893 | WARNING |   [ADS.DE] Fetch error: Too Many Requests. Rate limited. Try after a while.
2025-12-31 09:25:56,918 | WARNING |   [ADSK] Fetch error: Too Many Requests. Rate limited. Try after a while.
2025-12-31 09:26:01,276 | WARNING |   [AEP] Fetch error: Too Many Requests. Rate limited. Try after a while.
2025-12-31 09:26:05,537 | WARNING |   [AFL] Fetch error: Too Many Requests. Rate limited. Try after a while.
2025-12-31 09:26:09,519 | WARNING |   [AI.PA] Fetch error: Too Many Requests. Rate limited. Try after a while.
2025-12-31 09:26:13,837 | WARNING |   [AIG] Fetch error: Too Many Requests. Rate limited. Try after a while.
2025-12-31 09:26:17,915 | WARNING |   [AIR.DE] Fetch error: Too Many Requests. Rate limited. Try after a while.
2025-12-31 09:26:21,810 | WARNING |   [AIR.PA] Fetch error: Too Many Requests. Rate limited. Try after a while.
2025-12-31 09:26:25,668 | WARNING |   [AKAM] Fetch error: Too Many Requests. Rate limited. Try after a while.
2025-12-31 09:26:29,980 | WARNING |   [AKER.OL] Fetch error: Too Many Requests. Rate limited. Try after a while.
2025-12-31 09:26:34,071 | WARNING |   [AKRBP.OL] Fetch error: Too Many Requests. Rate limited. Try after a while.
2025-12-31 09:26:38,225 | WARNING |   [AKSO.OL] Fetch error: Too Many Requests. Rate limited. Try after a while.
2025-12-31 09:26:42,153 | WARNING |   [AKVA.OL] Fetch error: Too Many Requests. Rate limited. Try after a while.
2025-12-31 09:26:45,836 | WARNING |   [ALB] Fetch error: Too Many Requests. Rate limited. Try after a while.
2025-12-31 09:26:50,390 | WARNING |   [ALL] Fetch error: Too Many Requests. Rate limited. Try after a while.
2025-12-31 09:26:54,698 | WARNING |   [ALO.PA] Fetch error: Too Many Requests. Rate limited. Try after a while.
2025-12-31 09:26:58,632 | WARNING |   [ALV.DE] Fetch error: Too Many Requests. Rate limited. Try after a while.
2025-12-31 09:27:02,737 | WARNING |   [AMAT] Fetch error: Too Many Requests. Rate limited. Try after a while.
2025-12-31 09:27:05,741 | INFO |   Batch complete, waiting 60s...
2025-12-31 09:28:05,742 | INFO | 
  Batch 2/17 (25 assets)
2025-12-31 09:28:07,655 | WARNING |   [AMD] Fetch error: Too Many Requests. Rate limited. Try after a while.
2025-12-31 09:28:11,640 | WARNING |   [AMGN] Fetch error: Too Many Requests. Rate limited. Try after a while.
2025-12-31 09:28:15,826 | WARNING |   [AMT] Fetch error: Too Many Requests. Rate limited. Try after a while.
2025-12-31 09:28:19,923 | WARNING |   [AMZN] Fetch error: Too Many Requests. Rate limited. Try after a while.
2025-12-31 09:28:23,881 | WARNING |   [AON] Fetch error: Too Many Requests. Rate limited. Try after a while.
2025-12-31 09:28:27,943 | WARNING |   [APD] Fetch error: Too Many Requests. Rate limited. Try after a while.
2025-12-31 09:28:32,237 | WARNING |   [ASML] Fetch error: Too Many Requests. Rate limited. Try after a while.
2025-12-31 09:28:36,520 | WARNING |   [ATO.PA] Fetch error: Too Many Requests. Rate limited. Try after a while.
2025-12-31 09:28:40,427 | WARNING |   [AUSS.OL] Fetch error: Too Many Requests. Rate limited. Try after a while.
2025-12-31 09:28:44,403 | WARNING |   [AUTO.OL] Fetch error: Too Many Requests. Rate limited. Try after a while.
2025-12-31 09:28:48,097 | WARNING |   [AV.L] Fetch error: Too Many Requests. Rate limited. Try after a while.
2025-12-31 09:28:52,461 | WARNING |   [AVB] Fetch error: Too Many Requests. Rate limited. Try after a while.
2025-12-31 09:28:56,618 | WARNING |   [AVGO] Fetch error: Too Many Requests. Rate limited. Try after a while.
2025-12-31 09:29:00,715 | WARNING |   [AWK] Fetch error: Too Many Requests. Rate limited. Try after a while.
2025-12-31 09:29:04,845 | WARNING |   [AXP] Fetch error: Too Many Requests. Rate limited. Try after a while.
