2025-12-27 04:36:27,377 | INFO | ======================================================================
2025-12-27 04:36:27,377 | INFO | IoS-001 DAILY PRICE INGEST
2025-12-27 04:36:27,377 | INFO | Executor: LINE (EC-004)
2025-12-27 04:36:27,377 | INFO | Authority: CEO_DIRECTIVE_LINE_DAILY_INGEST_ACTIVATION_20251212
2025-12-27 04:36:27,377 | INFO | Time: 2025-12-27T03:36:27.377161+00:00
2025-12-27 04:36:27,377 | INFO | Asset Class Filter: ALL
2025-12-27 04:36:27,377 | INFO | Dry Run: False
2025-12-27 04:36:27,377 | INFO | ======================================================================
2025-12-27 04:36:27,892 | INFO | Found 490 VEGA-attested assets
2025-12-27 04:36:27,892 | INFO | 
============================================================
2025-12-27 04:36:27,892 | INFO | Processing CRYPTO: 46 assets
2025-12-27 04:36:27,892 | INFO | Schedule: Daily 01:00 UTC
2025-12-27 04:36:27,892 | INFO | ============================================================
2025-12-27 04:36:27,892 | INFO | 
  Batch 1/2 (25 assets)
2025-12-27 04:36:27,935 | INFO |   Batch complete, waiting 60s...
2025-12-27 04:37:27,937 | INFO | 
  Batch 2/2 (21 assets)
2025-12-27 04:37:28,069 | INFO | 
============================================================
2025-12-27 04:37:28,069 | INFO | Processing EQUITY: 420 assets
2025-12-27 04:37:28,069 | INFO | Schedule: Weekdays 22:00 UTC
2025-12-27 04:37:28,069 | INFO | ============================================================
2025-12-27 04:37:28,069 | INFO |   Market closed for EQUITY today, skipping
2025-12-27 04:37:28,069 | INFO | 
============================================================
2025-12-27 04:37:28,069 | INFO | Processing FX: 24 assets
2025-12-27 04:37:28,069 | INFO | Schedule: Sun-Thu 22:00 UTC
2025-12-27 04:37:28,069 | INFO | ============================================================
2025-12-27 04:37:28,069 | INFO |   Market closed for FX today, skipping
2025-12-27 04:37:28,079 | WARNING | Heartbeat recording failed: relation "fhq_monitoring.system_heartbeats" does not exist
LINE 2:                 INSERT INTO fhq_monitoring.system_heartbeats...
                                    ^

2025-12-27 04:37:28,079 | INFO | 
======================================================================
2025-12-27 04:37:28,079 | INFO | DAILY INGEST COMPLETE
2025-12-27 04:37:28,079 | INFO | ======================================================================
2025-12-27 04:37:28,079 | INFO | Assets Processed: 46
2025-12-27 04:37:28,079 | INFO | Assets Updated:   0
2025-12-27 04:37:28,079 | INFO | Rows Inserted:    0
2025-12-27 04:37:28,079 | INFO |   CRYPTO: 0 assets, 0 rows
2025-12-27 04:37:28,079 | INFO | Evidence: C:\fhq-market-system\vision-ios\03_FUNCTIONS\evidence\IOS001_DAILY_INGEST_7f3bd4f7_20251227_043728.json
2025-12-27 04:37:28,079 | INFO | ======================================================================
