2026-01-28 18:19:05,788 | INFO | ======================================================================
2026-01-28 18:19:05,788 | INFO | IoS-001 DAILY PRICE INGEST
2026-01-28 18:19:05,788 | INFO | Executor: LINE (EC-004)
2026-01-28 18:19:05,789 | INFO | Authority: CEO_DIRECTIVE_LINE_DAILY_INGEST_ACTIVATION_20251212
2026-01-28 18:19:05,789 | INFO | Time: 2026-01-28T17:19:05.789542+00:00
2026-01-28 18:19:05,789 | INFO | Asset Class Filter: ALL
2026-01-28 18:19:05,790 | INFO | Dry Run: False
2026-01-28 18:19:05,790 | INFO | ======================================================================
2026-01-28 18:19:06,197 | INFO | Found 491 VEGA-attested assets
2026-01-28 18:19:06,198 | INFO | 
============================================================
2026-01-28 18:19:06,198 | INFO | Processing CRYPTO: 46 assets
2026-01-28 18:19:06,198 | INFO | Schedule: Daily 01:00 UTC
2026-01-28 18:19:06,198 | INFO | ============================================================
2026-01-28 18:19:06,199 | INFO | 
  Batch 1/2 (25 assets)
2026-01-28 18:19:08,077 | ERROR | $GRT-USD: possibly delisted; no price data found  (1d 2026-01-28 -> 2026-01-29)
2026-01-28 18:19:11,093 | INFO |   Batch complete, waiting 60s...
2026-01-28 18:20:11,102 | INFO | 
  Batch 2/2 (21 assets)
2026-01-28 18:20:11,282 | ERROR | $UNI-USD: possibly delisted; no price data found  (1d 2026-01-27 -> 2026-01-29)
2026-01-28 18:20:14,305 | INFO | 
============================================================
2026-01-28 18:20:14,305 | INFO | Processing EQUITY: 421 assets
2026-01-28 18:20:14,305 | INFO | Schedule: Weekdays 22:00 UTC
2026-01-28 18:20:14,305 | INFO | ============================================================
2026-01-28 18:20:14,305 | INFO | 
  Batch 1/17 (25 assets)
2026-01-28 18:20:14,475 | ERROR | $1COV.DE: possibly delisted; no price data found  (1d 2025-12-24 -> 2026-01-29)
2026-01-28 18:20:17,661 | INFO |     [ABBV] +1 rows
2026-01-28 18:20:20,762 | INFO |     [ABNB] +1 rows
2026-01-28 18:20:23,924 | INFO |     [ABT] +1 rows
2026-01-28 18:20:27,072 | INFO |     [ADBE] +1 rows
2026-01-28 18:20:30,191 | INFO |     [ADI] +1 rows
2026-01-28 18:20:33,336 | INFO |     [ADSK] +1 rows
2026-01-28 18:20:36,541 | INFO |     [AEP] +1 rows
2026-01-28 18:20:39,808 | INFO |     [AFL] +1 rows
2026-01-28 18:20:42,969 | INFO |     [AIG] +1 rows
2026-01-28 18:20:46,084 | INFO |     [AKAM] +1 rows
2026-01-28 18:20:49,249 | INFO |     [ALB] +1 rows
2026-01-28 18:20:52,393 | INFO |     [ALL] +1 rows
2026-01-28 18:20:55,526 | INFO |     [AMAT] +1 rows
2026-01-28 18:20:58,535 | INFO |   Batch complete, waiting 60s...
2026-01-28 18:21:58,536 | INFO | 
  Batch 2/17 (25 assets)
2026-01-28 18:21:58,639 | INFO |     [AMD] +1 rows
2026-01-28 18:22:01,763 | INFO |     [AMGN] +1 rows
2026-01-28 18:22:04,904 | INFO |     [AMT] +1 rows
2026-01-28 18:22:08,009 | INFO |     [AMZN] +1 rows
2026-01-28 18:22:11,183 | INFO |     [AON] +1 rows
2026-01-28 18:22:14,326 | INFO |     [APD] +1 rows
2026-01-28 18:22:17,454 | INFO |     [ASML] +1 rows
2026-01-28 18:22:20,667 | INFO |     [AVB] +1 rows
2026-01-28 18:22:23,792 | INFO |     [AVGO] +1 rows
2026-01-28 18:22:26,938 | INFO |     [AWK] +1 rows
2026-01-28 18:22:30,107 | INFO |     [AXP] +1 rows
2026-01-28 18:22:33,222 | INFO |     [AZO] +1 rows
2026-01-28 18:22:36,478 | INFO |     [BAC] +1 rows
2026-01-28 18:22:39,492 | INFO |   Batch complete, waiting 60s...
2026-01-28 18:23:39,493 | INFO | 
  Batch 3/17 (25 assets)
2026-01-28 18:23:44,614 | ERROR | $BRK.B: possibly delisted; no timezone found
2026-01-28 18:23:50,900 | ERROR | 404 Client Error: Not Found for url: https://query2.finance.yahoo.com/v10/finance/quoteSummary/BT.A.L?modules=financialData%2CquoteType%2CdefaultKeyStatistics%2CassetProfile%2CsummaryDetail&corsDomain=finance.yahoo.com&formatted=false&symbol=BT.A.L&crumb=yCfHNWkB0Cs
2026-01-28 18:23:50,900 | WARNING |   [BT.A.L] Fetch error: 'NoneType' object has no attribute 'update'
2026-01-28 18:23:54,033 | INFO |     [BWO.OL] +1 rows
2026-01-28 18:23:57,214 | INFO |     [C] +1 rows
2026-01-28 18:24:00,361 | INFO |     [CAG] +1 rows
