2025-12-19 21:44:29,180 | INFO | ======================================================================
2025-12-19 21:44:29,180 | INFO | IoS-001 DAILY PRICE INGEST
2025-12-19 21:44:29,180 | INFO | Executor: LINE (EC-004)
2025-12-19 21:44:29,180 | INFO | Authority: CEO_DIRECTIVE_LINE_DAILY_INGEST_ACTIVATION_20251212
2025-12-19 21:44:29,180 | INFO | Time: 2025-12-19T20:44:29.180641+00:00
2025-12-19 21:44:29,180 | INFO | Asset Class Filter: ALL
2025-12-19 21:44:29,180 | INFO | Dry Run: False
2025-12-19 21:44:29,180 | INFO | ======================================================================
2025-12-19 21:44:29,772 | INFO | Found 463 VEGA-attested assets
2025-12-19 21:44:29,772 | INFO | 
============================================================
2025-12-19 21:44:29,772 | INFO | Processing CRYPTO: 45 assets
2025-12-19 21:44:29,772 | INFO | Schedule: Daily 01:00 UTC
2025-12-19 21:44:29,772 | INFO | ============================================================
2025-12-19 21:44:29,773 | INFO | 
  Batch 1/2 (25 assets)
2025-12-19 21:44:29,860 | INFO |   Batch complete, waiting 60s...
2025-12-19 21:45:29,861 | INFO | 
  Batch 2/2 (20 assets)
2025-12-19 21:45:29,918 | INFO | 
============================================================
2025-12-19 21:45:29,918 | INFO | Processing EQUITY: 394 assets
2025-12-19 21:45:29,918 | INFO | Schedule: Weekdays 22:00 UTC
2025-12-19 21:45:29,918 | INFO | ============================================================
2025-12-19 21:45:29,918 | INFO | 
  Batch 1/16 (25 assets)
2025-12-19 21:45:33,629 | WARNING |   [ABBV] Fetch error: Too Many Requests. Rate limited. Try after a while.
2025-12-19 21:45:37,717 | WARNING |   [ABNB] Fetch error: Too Many Requests. Rate limited. Try after a while.
2025-12-19 21:45:41,753 | WARNING |   [ABT] Fetch error: Too Many Requests. Rate limited. Try after a while.
2025-12-19 21:45:45,985 | WARNING |   [ADBE] Fetch error: Too Many Requests. Rate limited. Try after a while.
2025-12-19 21:45:50,215 | WARNING |   [ADI] Fetch error: Too Many Requests. Rate limited. Try after a while.
2025-12-19 21:45:54,663 | WARNING |   [ADSK] Fetch error: Too Many Requests. Rate limited. Try after a while.
2025-12-19 21:45:59,193 | WARNING |   [AEP] Fetch error: Too Many Requests. Rate limited. Try after a while.
2025-12-19 21:46:03,187 | WARNING |   [AFL] Fetch error: Too Many Requests. Rate limited. Try after a while.
2025-12-19 21:46:07,280 | WARNING |   [AIG] Fetch error: Too Many Requests. Rate limited. Try after a while.
2025-12-19 21:46:11,699 | WARNING |   [AKAM] Fetch error: Too Many Requests. Rate limited. Try after a while.
2025-12-19 21:46:15,623 | WARNING |   [ALB] Fetch error: Too Many Requests. Rate limited. Try after a while.
2025-12-19 21:46:19,911 | WARNING |   [ALL] Fetch error: Too Many Requests. Rate limited. Try after a while.
2025-12-19 21:46:24,489 | WARNING |   [AMAT] Fetch error: Too Many Requests. Rate limited. Try after a while.
2025-12-19 21:46:27,497 | INFO |   Batch complete, waiting 60s...
2025-12-19 21:47:27,502 | INFO | 
  Batch 2/16 (25 assets)
2025-12-19 21:47:30,523 | WARNING |   [AMD] Fetch error: Too Many Requests. Rate limited. Try after a while.
2025-12-19 21:47:34,438 | WARNING |   [AMGN] Fetch error: Too Many Requests. Rate limited. Try after a while.
2025-12-19 21:47:38,847 | WARNING |   [AMT] Fetch error: Too Many Requests. Rate limited. Try after a while.
2025-12-19 21:47:42,936 | WARNING |   [AON] Fetch error: Too Many Requests. Rate limited. Try after a while.
2025-12-19 21:47:47,152 | WARNING |   [APD] Fetch error: Too Many Requests. Rate limited. Try after a while.
2025-12-19 21:47:51,406 | WARNING |   [AVB] Fetch error: Too Many Requests. Rate limited. Try after a while.
2025-12-19 21:47:55,725 | WARNING |   [AVGO] Fetch error: Too Many Requests. Rate limited. Try after a while.
2025-12-19 21:47:59,700 | WARNING |   [AWK] Fetch error: Too Many Requests. Rate limited. Try after a while.
2025-12-19 21:48:03,744 | WARNING |   [AXP] Fetch error: Too Many Requests. Rate limited. Try after a while.
2025-12-19 21:48:07,847 | WARNING |   [AZO] Fetch error: Too Many Requests. Rate limited. Try after a while.
2025-12-19 21:48:11,983 | WARNING |   [BA] Fetch error: Too Many Requests. Rate limited. Try after a while.
2025-12-19 21:48:16,480 | WARNING |   [BAC] Fetch error: Too Many Requests. Rate limited. Try after a while.
2025-12-19 21:48:19,510 | INFO |   Batch complete, waiting 60s...
2025-12-19 21:49:19,512 | INFO | 
  Batch 3/16 (25 assets)
2025-12-19 21:49:21,460 | WARNING |   [BHP.L] Fetch error: Too Many Requests. Rate limited. Try after a while.
2025-12-19 21:49:25,506 | WARNING |   [BKNG] Fetch error: Too Many Requests. Rate limited. Try after a while.
