2026-02-07 15:50:32,189 | INFO | ======================================================================
2026-02-07 15:50:32,189 | INFO | IoS-001 DAILY PRICE INGEST
2026-02-07 15:50:32,189 | INFO | Executor: LINE (EC-004)
2026-02-07 15:50:32,189 | INFO | Authority: CEO_DIRECTIVE_LINE_DAILY_INGEST_ACTIVATION_20251212
2026-02-07 15:50:32,189 | INFO | Amendment: CEO-DIR-2026-119 (Rate Limit Mitigation)
2026-02-07 15:50:32,189 | INFO | Time: 2026-02-07T14:50:32.189602+00:00
2026-02-07 15:50:32,189 | INFO | Asset Class Filter: ALL
2026-02-07 15:50:32,189 | INFO | Batch Mode: True
2026-02-07 15:50:32,189 | INFO | Dry Run: False
2026-02-07 15:50:32,189 | INFO | ======================================================================
2026-02-07 15:50:32,467 | INFO | Found 491 VEGA-attested assets
2026-02-07 15:50:32,467 | INFO | 
============================================================
2026-02-07 15:50:32,467 | INFO | Processing CRYPTO: 46 assets
2026-02-07 15:50:32,467 | INFO | Schedule: Daily 01:00 UTC
2026-02-07 15:50:32,467 | INFO | ============================================================
2026-02-07 15:50:32,467 | INFO |   Using BATCH MODE (CEO-DIR-2026-119)
2026-02-07 15:50:32,467 | INFO | 
  Batch 1/5 (10 tickers)
2026-02-07 15:50:32,528 | INFO |     All assets up to date
2026-02-07 15:50:32,528 | INFO | 
  Batch 2/5 (10 tickers)
2026-02-07 15:50:32,569 | INFO |     Batch download: 1 tickers
2026-02-07 15:50:35,722 | ERROR | 
1 Failed download:
2026-02-07 15:50:35,722 | ERROR | ['GRT-USD']: YFRateLimitError('Too Many Requests. Rate limited. Try after a while.')
2026-02-07 15:50:35,733 | INFO |   Batch complete, waiting 120s...
2026-02-07 15:52:35,735 | INFO | 
  Batch 3/5 (10 tickers)
2026-02-07 15:52:35,779 | INFO |     All assets up to date
2026-02-07 15:52:35,779 | INFO | 
  Batch 4/5 (10 tickers)
2026-02-07 15:52:35,842 | INFO |     Batch download: 1 tickers
2026-02-07 15:52:39,432 | ERROR | 
1 Failed download:
2026-02-07 15:52:39,432 | ERROR | ['UNI-USD']: YFRateLimitError('Too Many Requests. Rate limited. Try after a while.')
2026-02-07 15:52:39,432 | INFO |   Batch complete, waiting 120s...
2026-02-07 15:54:39,437 | INFO | 
  Batch 5/5 (6 tickers)
2026-02-07 15:54:39,467 | INFO |     All assets up to date
2026-02-07 15:54:39,467 | INFO | 
============================================================
2026-02-07 15:54:39,467 | INFO | Processing EQUITY: 421 assets
2026-02-07 15:54:39,467 | INFO | Schedule: Weekdays 22:00 UTC
2026-02-07 15:54:39,467 | INFO | ============================================================
2026-02-07 15:54:39,467 | INFO |   Market closed for EQUITY today, skipping
2026-02-07 15:54:39,467 | INFO | 
============================================================
2026-02-07 15:54:39,467 | INFO | Processing FX: 24 assets
2026-02-07 15:54:39,467 | INFO | Schedule: Sun-Thu 22:00 UTC
2026-02-07 15:54:39,467 | INFO | ============================================================
2026-02-07 15:54:39,467 | INFO |   Market closed for FX today, skipping
2026-02-07 15:54:39,475 | WARNING | Heartbeat recording failed: relation "fhq_monitoring.system_heartbeats" does not exist
LINE 2:                 INSERT INTO fhq_monitoring.system_heartbeats...
                                    ^

2026-02-07 15:54:39,475 | INFO | 
======================================================================
2026-02-07 15:54:39,475 | INFO | DAILY INGEST COMPLETE
2026-02-07 15:54:39,475 | INFO | ======================================================================
2026-02-07 15:54:39,475 | INFO | Assets Processed: 46
2026-02-07 15:54:39,475 | INFO | Assets Updated:   0
2026-02-07 15:54:39,475 | INFO | Rows Inserted:    0
2026-02-07 15:54:39,475 | INFO |   CRYPTO: 0 assets, 0 rows
2026-02-07 15:54:39,475 | INFO | Evidence: C:\fhq-market-system\vision-ios\03_FUNCTIONS\evidence\IOS001_DAILY_INGEST_7b79cd81_20260207_155439.json
2026-02-07 15:54:39,475 | INFO | ======================================================================
