2026-02-02 08:14:09,250 | INFO | ======================================================================
2026-02-02 08:14:09,250 | INFO | IoS-001 DAILY PRICE INGEST
2026-02-02 08:14:09,250 | INFO | Executor: LINE (EC-004)
2026-02-02 08:14:09,250 | INFO | Authority: CEO_DIRECTIVE_LINE_DAILY_INGEST_ACTIVATION_20251212
2026-02-02 08:14:09,250 | INFO | Time: 2026-02-02T07:14:09.250871+00:00
2026-02-02 08:14:09,250 | INFO | Asset Class Filter: ALL
2026-02-02 08:14:09,250 | INFO | Dry Run: False
2026-02-02 08:14:09,250 | INFO | ======================================================================
2026-02-02 08:14:09,544 | INFO | Found 491 VEGA-attested assets
2026-02-02 08:14:09,544 | INFO | 
============================================================
2026-02-02 08:14:09,544 | INFO | Processing CRYPTO: 46 assets
2026-02-02 08:14:09,544 | INFO | Schedule: Daily 01:00 UTC
2026-02-02 08:14:09,544 | INFO | ============================================================
2026-02-02 08:14:09,544 | INFO | 
  Batch 1/2 (25 assets)
2026-02-02 08:14:12,799 | WARNING |   [GRT-USD] Fetch error: Too Many Requests. Rate limited. Try after a while.
2026-02-02 08:14:15,825 | INFO |   Batch complete, waiting 60s...
2026-02-02 08:15:15,829 | INFO | 
  Batch 2/2 (21 assets)
2026-02-02 08:15:17,563 | WARNING |   [UNI-USD] Fetch error: Too Many Requests. Rate limited. Try after a while.
2026-02-02 08:15:20,587 | INFO | 
============================================================
2026-02-02 08:15:20,587 | INFO | Processing EQUITY: 421 assets
2026-02-02 08:15:20,587 | INFO | Schedule: Weekdays 22:00 UTC
2026-02-02 08:15:20,587 | INFO | ============================================================
2026-02-02 08:15:20,587 | INFO | 
  Batch 1/17 (25 assets)
2026-02-02 08:15:21,575 | WARNING |   [1COV.DE] Fetch error: Too Many Requests. Rate limited. Try after a while.
2026-02-02 08:15:25,516 | WARNING |   [ABBV] Fetch error: Too Many Requests. Rate limited. Try after a while.
2026-02-02 08:15:29,641 | WARNING |   [ABNB] Fetch error: Too Many Requests. Rate limited. Try after a while.
2026-02-02 08:15:33,670 | WARNING |   [ABT] Fetch error: Too Many Requests. Rate limited. Try after a while.
2026-02-02 08:15:38,355 | WARNING |   [ACA.PA] Fetch error: Too Many Requests. Rate limited. Try after a while.
2026-02-02 08:15:42,588 | WARNING |   [ADBE] Fetch error: Too Many Requests. Rate limited. Try after a while.
2026-02-02 08:15:46,526 | WARNING |   [ADI] Fetch error: Too Many Requests. Rate limited. Try after a while.
2026-02-02 08:15:50,525 | WARNING |   [ADS.DE] Fetch error: Too Many Requests. Rate limited. Try after a while.
2026-02-02 08:15:54,441 | WARNING |   [ADSK] Fetch error: Too Many Requests. Rate limited. Try after a while.
2026-02-02 08:15:58,503 | WARNING |   [AEP] Fetch error: Too Many Requests. Rate limited. Try after a while.
2026-02-02 08:16:02,662 | WARNING |   [AFL] Fetch error: Too Many Requests. Rate limited. Try after a while.
2026-02-02 08:16:06,953 | WARNING |   [AI.PA] Fetch error: Too Many Requests. Rate limited. Try after a while.
2026-02-02 08:16:10,925 | WARNING |   [AIG] Fetch error: Too Many Requests. Rate limited. Try after a while.
2026-02-02 08:16:15,136 | WARNING |   [AIR.DE] Fetch error: Too Many Requests. Rate limited. Try after a while.
2026-02-02 08:16:19,485 | WARNING |   [AIR.PA] Fetch error: Too Many Requests. Rate limited. Try after a while.
2026-02-02 08:16:23,562 | WARNING |   [AKAM] Fetch error: Too Many Requests. Rate limited. Try after a while.
2026-02-02 08:16:27,830 | WARNING |   [AKER.OL] Fetch error: Too Many Requests. Rate limited. Try after a while.
2026-02-02 08:16:32,053 | WARNING |   [AKRBP.OL] Fetch error: Too Many Requests. Rate limited. Try after a while.
2026-02-02 08:16:36,250 | WARNING |   [AKSO.OL] Fetch error: Too Many Requests. Rate limited. Try after a while.
2026-02-02 08:16:40,332 | WARNING |   [AKVA.OL] Fetch error: Too Many Requests. Rate limited. Try after a while.
2026-02-02 08:16:44,276 | WARNING |   [ALB] Fetch error: Too Many Requests. Rate limited. Try after a while.
2026-02-02 08:16:48,508 | WARNING |   [ALL] Fetch error: Too Many Requests. Rate limited. Try after a while.
2026-02-02 08:16:53,309 | WARNING |   [ALO.PA] Fetch error: Too Many Requests. Rate limited. Try after a while.
2026-02-02 08:16:57,439 | WARNING |   [ALV.DE] Fetch error: Too Many Requests. Rate limited. Try after a while.
2026-02-02 08:17:01,600 | WARNING |   [AMAT] Fetch error: Too Many Requests. Rate limited. Try after a while.
2026-02-02 08:17:04,602 | INFO |   Batch complete, waiting 60s...
2026-02-02 08:18:04,603 | INFO | 
  Batch 2/17 (25 assets)
2026-02-02 08:18:06,059 | WARNING |   [AMD] Fetch error: Too Many Requests. Rate limited. Try after a while.
2026-02-02 08:18:10,004 | WARNING |   [AMGN] Fetch error: Too Many Requests. Rate limited. Try after a while.
2026-02-02 08:18:14,434 | WARNING |   [AMT] Fetch error: Too Many Requests. Rate limited. Try after a while.
2026-02-02 08:18:18,485 | WARNING |   [AMZN] Fetch error: Too Many Requests. Rate limited. Try after a while.
2026-02-02 08:18:22,555 | WARNING |   [AON] Fetch error: Too Many Requests. Rate limited. Try after a while.
2026-02-02 08:18:26,691 | WARNING |   [APD] Fetch error: Too Many Requests. Rate limited. Try after a while.
2026-02-02 08:18:30,642 | WARNING |   [ASML] Fetch error: Too Many Requests. Rate limited. Try after a while.
2026-02-02 08:18:34,730 | WARNING |   [ATO.PA] Fetch error: Too Many Requests. Rate limited. Try after a while.
2026-02-02 08:18:38,767 | WARNING |   [AUSS.OL] Fetch error: Too Many Requests. Rate limited. Try after a while.
2026-02-02 08:18:42,802 | WARNING |   [AUTO.OL] Fetch error: Too Many Requests. Rate limited. Try after a while.
2026-02-02 08:18:46,756 | WARNING |   [AV.L] Fetch error: Too Many Requests. Rate limited. Try after a while.
2026-02-02 08:18:50,863 | WARNING |   [AVB] Fetch error: Too Many Requests. Rate limited. Try after a while.
2026-02-02 08:18:54,777 | WARNING |   [AVGO] Fetch error: Too Many Requests. Rate limited. Try after a while.
2026-02-02 08:18:59,095 | WARNING |   [AWK] Fetch error: Too Many Requests. Rate limited. Try after a while.
2026-02-02 08:19:02,972 | WARNING |   [AXP] Fetch error: Too Many Requests. Rate limited. Try after a while.
2026-02-02 08:19:07,560 | WARNING |   [AZN.L] Fetch error: Too Many Requests. Rate limited. Try after a while.
