2026-01-12 18:12:22,786 | INFO | ======================================================================
2026-01-12 18:12:22,786 | INFO | IoS-001 DAILY PRICE INGEST
2026-01-12 18:12:22,786 | INFO | Executor: LINE (EC-004)
2026-01-12 18:12:22,786 | INFO | Authority: CEO_DIRECTIVE_LINE_DAILY_INGEST_ACTIVATION_20251212
2026-01-12 18:12:22,786 | INFO | Time: 2026-01-12T17:12:22.786452+00:00
2026-01-12 18:12:22,786 | INFO | Asset Class Filter: ALL
2026-01-12 18:12:22,786 | INFO | Dry Run: False
2026-01-12 18:12:22,786 | INFO | ======================================================================
2026-01-12 18:12:23,012 | INFO | Found 491 VEGA-attested assets
2026-01-12 18:12:23,012 | INFO | 
============================================================
2026-01-12 18:12:23,012 | INFO | Processing CRYPTO: 46 assets
2026-01-12 18:12:23,012 | INFO | Schedule: Daily 01:00 UTC
2026-01-12 18:12:23,012 | INFO | ============================================================
2026-01-12 18:12:23,012 | INFO | 
  Batch 1/2 (25 assets)
2026-01-12 18:12:23,063 | INFO |   Batch complete, waiting 60s...
2026-01-12 18:13:23,069 | INFO | 
  Batch 2/2 (21 assets)
2026-01-12 18:13:24,302 | ERROR | $UNI-USD: possibly delisted; no price data found  (1d 2026-01-08 -> 2026-01-13)
2026-01-12 18:13:27,349 | INFO | 
============================================================
2026-01-12 18:13:27,349 | INFO | Processing EQUITY: 421 assets
2026-01-12 18:13:27,350 | INFO | Schedule: Weekdays 22:00 UTC
2026-01-12 18:13:27,350 | INFO | ============================================================
2026-01-12 18:13:27,350 | INFO | 
  Batch 1/17 (25 assets)
2026-01-12 18:13:27,521 | ERROR | $1COV.DE: possibly delisted; no price data found  (1d 2025-12-24 -> 2026-01-13)
2026-01-12 18:13:30,558 | INFO |   Batch complete, waiting 60s...
2026-01-12 18:14:30,565 | INFO | 
  Batch 2/17 (25 assets)
2026-01-12 18:14:30,597 | INFO |   Batch complete, waiting 60s...
2026-01-12 18:15:30,600 | INFO | 
  Batch 3/17 (25 assets)
2026-01-12 18:15:34,878 | ERROR | $BRK.B: possibly delisted; no timezone found
2026-01-12 18:15:41,342 | ERROR | 404 Client Error: Not Found for url: https://query2.finance.yahoo.com/v10/finance/quoteSummary/BT.A.L?modules=financialData%2CquoteType%2CdefaultKeyStatistics%2CassetProfile%2CsummaryDetail&corsDomain=finance.yahoo.com&formatted=false&symbol=BT.A.L&crumb=XmvnwzEBh4q
2026-01-12 18:15:41,342 | WARNING |   [BT.A.L] Fetch error: 'NoneType' object has no attribute 'update'
2026-01-12 18:15:44,351 | INFO |   Batch complete, waiting 60s...
2026-01-12 18:16:44,361 | INFO | 
  Batch 4/17 (25 assets)
2026-01-12 18:16:44,541 | INFO |     [CHTR] +2 rows
2026-01-12 18:16:47,733 | INFO |     [CI] +2 rows
2026-01-12 18:16:50,956 | INFO |     [CL] +2 rows
2026-01-12 18:16:54,235 | INFO |     [CLX] +2 rows
2026-01-12 18:16:57,470 | INFO |     [CMCSA] +2 rows
2026-01-12 18:17:00,615 | INFO |     [CME] +2 rows
2026-01-12 18:17:03,729 | INFO |     [CMG] +2 rows
2026-01-12 18:17:06,868 | INFO |     [COF] +2 rows
2026-01-12 18:17:10,002 | INFO |     [COIN] +2 rows
2026-01-12 18:17:13,351 | INFO |     [CON.DE] +4 rows
2026-01-12 18:17:16,661 | INFO |     [COP] +2 rows
2026-01-12 18:17:19,910 | INFO |     [COST] +2 rows
