2026-02-09 00:14:33,804 | INFO | ======================================================================
2026-02-09 00:14:33,804 | INFO | IoS-001 DAILY PRICE INGEST
2026-02-09 00:14:33,804 | INFO | Executor: LINE (EC-004)
2026-02-09 00:14:33,804 | INFO | Authority: CEO_DIRECTIVE_LINE_DAILY_INGEST_ACTIVATION_20251212
2026-02-09 00:14:33,804 | INFO | Amendment: CEO-DIR-2026-119 (Rate Limit Mitigation)
2026-02-09 00:14:33,804 | INFO | Time: 2026-02-08T23:14:33.804595+00:00
2026-02-09 00:14:33,804 | INFO | Asset Class Filter: ALL
2026-02-09 00:14:33,804 | INFO | Batch Mode: True
2026-02-09 00:14:33,804 | INFO | Dry Run: False
2026-02-09 00:14:33,804 | INFO | ======================================================================
2026-02-09 00:14:34,117 | INFO | Found 491 VEGA-attested assets
2026-02-09 00:14:34,117 | INFO | 
============================================================
2026-02-09 00:14:34,117 | INFO | Processing CRYPTO: 46 assets
2026-02-09 00:14:34,117 | INFO | Schedule: Daily 01:00 UTC
2026-02-09 00:14:34,117 | INFO | ============================================================
2026-02-09 00:14:34,117 | INFO |   Using BATCH MODE (CEO-DIR-2026-119)
2026-02-09 00:14:34,117 | INFO | 
  Batch 1/5 (10 tickers)
2026-02-09 00:14:34,163 | INFO |     Batch download: 10 tickers
2026-02-09 00:29:39,508 | ERROR | 
10 Failed downloads:
2026-02-09 00:29:39,508 | ERROR | ['BTC-USD']: ConnectionError(MaxRetryError("HTTPSConnectionPool(host='query1.finance.yahoo.com', port=443): Max retries exceeded with url: /v1/test/getcrumb (Caused by NewConnectionError('<urllib3.connection.HTTPSConnection object at 0x000001C2231C8380>: Failed to establish a new connection: [Errno 11001] getaddrinfo failed'))"))
2026-02-09 00:29:39,508 | ERROR | ['ATOM-USD']: ConnectionError(MaxRetryError("HTTPSConnectionPool(host='query1.finance.yahoo.com', port=443): Max retries exceeded with url: /v1/test/getcrumb (Caused by NewConnectionError('<urllib3.connection.HTTPSConnection object at 0x000001C2231A3500>: Failed to establish a new connection: [WinError 10051] Det ble forsøkt en kontaktoperasjon til et nettverk som ikke kunne nås'))"))
2026-02-09 00:29:39,508 | ERROR | ['CRO-USD']: ConnectionError(MaxRetryError("HTTPSConnectionPool(host='query1.finance.yahoo.com', port=443): Max retries exceeded with url: /v1/test/getcrumb (Caused by NewConnectionError('<urllib3.connection.HTTPSConnection object at 0x000001C2231C9BE0>: Failed to establish a new connection: [Errno 11001] getaddrinfo failed'))"))
2026-02-09 00:29:39,508 | ERROR | ['ALGO-USD']: ConnectionError(MaxRetryError("HTTPSConnectionPool(host='query1.finance.yahoo.com', port=443): Max retries exceeded with url: /v1/test/getcrumb (Caused by NewConnectionError('<urllib3.connection.HTTPSConnection object at 0x000001C2231C9C40>: Failed to establish a new connection: [Errno 11001] getaddrinfo failed'))"))
2026-02-09 00:29:39,508 | ERROR | ['BNB-USD']: ConnectionError(MaxRetryError("HTTPSConnectionPool(host='query1.finance.yahoo.com', port=443): Max retries exceeded with url: /v1/test/getcrumb (Caused by NewConnectionError('<urllib3.connection.HTTPSConnection object at 0x000001C2231CA0C0>: Failed to establish a new connection: [Errno 11001] getaddrinfo failed'))"))
2026-02-09 00:29:39,508 | ERROR | ['ADA-USD']: ConnectionError(MaxRetryError("HTTPSConnectionPool(host='query1.finance.yahoo.com', port=443): Max retries exceeded with url: /v1/test/getcrumb (Caused by NewConnectionError('<urllib3.connection.HTTPSConnection object at 0x000001C2231CA0F0>: Failed to establish a new connection: [Errno 11001] getaddrinfo failed'))"))
2026-02-09 00:29:39,508 | ERROR | ['AXS-USD']: ConnectionError(MaxRetryError("HTTPSConnectionPool(host='query1.finance.yahoo.com', port=443): Max retries exceeded with url: /v1/test/getcrumb (Caused by NewConnectionError('<urllib3.connection.HTTPSConnection object at 0x000001C2231C8CE0>: Failed to establish a new connection: [Errno 11001] getaddrinfo failed'))"))
2026-02-09 00:29:39,523 | ERROR | ['BCH-USD']: ConnectionError(MaxRetryError("HTTPSConnectionPool(host='query1.finance.yahoo.com', port=443): Max retries exceeded with url: /v1/test/getcrumb (Caused by NewConnectionError('<urllib3.connection.HTTPSConnection object at 0x000001C2231CA600>: Failed to establish a new connection: [Errno 11001] getaddrinfo failed'))"))
2026-02-09 00:29:39,523 | ERROR | ['AVAX-USD']: ConnectionError(ProtocolError('Connection aborted.', ConnectionResetError(10054, 'En eksisterende tilkobling ble tvangslukket av den eksterne verten', None, 10054, None)))
2026-02-09 00:29:39,523 | ERROR | ['CHZ-USD']: ConnectionError(ProtocolError('Connection aborted.', ConnectionAbortedError(10053, 'En etablert tilkobling ble avbrutt av programvaren på vertsmaskinen', None, 10053, None)))
2026-02-09 00:29:39,523 | INFO |   Batch complete, waiting 120s...
2026-02-09 00:34:53,680 | INFO | 
  Batch 2/5 (10 tickers)
2026-02-09 00:34:53,714 | INFO |     Batch download: 10 tickers
2026-02-09 00:51:34,265 | ERROR | 
10 Failed downloads:
2026-02-09 00:51:34,265 | ERROR | ['DOGE-USD']: ConnectionError(ProtocolError('Connection aborted.', RemoteDisconnected('Remote end closed connection without response')))
2026-02-09 00:51:34,265 | ERROR | ['FLOW-USD']: ConnectionError(ProtocolError('Connection aborted.', ConnectionAbortedError(10053, 'En etablert tilkobling ble avbrutt av programvaren på vertsmaskinen', None, 10053, None)))
2026-02-09 00:51:34,265 | ERROR | ['ETC-USD']: ConnectionError(MaxRetryError("HTTPSConnectionPool(host='query1.finance.yahoo.com', port=443): Max retries exceeded with url: /v1/test/getcrumb (Caused by NewConnectionError('<urllib3.connection.HTTPSConnection object at 0x000001C223315760>: Failed to establish a new connection: [Errno 11001] getaddrinfo failed'))"))
2026-02-09 00:51:34,265 | ERROR | ['EOS-USD']: ConnectionError(MaxRetryError("HTTPSConnectionPool(host='query1.finance.yahoo.com', port=443): Max retries exceeded with url: /v1/test/getcrumb (Caused by NewConnectionError('<urllib3.connection.HTTPSConnection object at 0x000001C223315700>: Failed to establish a new connection: [Errno 11001] getaddrinfo failed'))"))
2026-02-09 00:51:34,265 | ERROR | ['CRV-USD']: ConnectionError(ProtocolError('Connection aborted.', ConnectionResetError(10054, 'En eksisterende tilkobling ble tvangslukket av den eksterne verten', None, 10054, None)))
2026-02-09 00:51:34,265 | ERROR | ['HBAR-USD']: ConnectionError(MaxRetryError("HTTPSConnectionPool(host='query1.finance.yahoo.com', port=443): Max retries exceeded with url: /v1/test/getcrumb (Caused by NewConnectionError('<urllib3.connection.HTTPSConnection object at 0x000001C223B71790>: Failed to establish a new connection: [Errno 11001] getaddrinfo failed'))"))
2026-02-09 00:51:34,265 | ERROR | ['DOT-USD']: ConnectionError(MaxRetryError("HTTPSConnectionPool(host='query1.finance.yahoo.com', port=443): Max retries exceeded with url: /v1/test/getcrumb (Caused by NewConnectionError('<urllib3.connection.HTTPSConnection object at 0x000001C223B716D0>: Failed to establish a new connection: [Errno 11001] getaddrinfo failed'))"))
2026-02-09 00:51:34,265 | ERROR | ['FIL-USD']: ConnectionError(MaxRetryError("HTTPSConnectionPool(host='query1.finance.yahoo.com', port=443): Max retries exceeded with url: /v1/test/getcrumb (Caused by NewConnectionError('<urllib3.connection.HTTPSConnection object at 0x000001C223B71A90>: Failed to establish a new connection: [Errno 11001] getaddrinfo failed'))"))
2026-02-09 00:51:34,265 | ERROR | ['ETH-USD']: ConnectionError(MaxRetryError("HTTPSConnectionPool(host='query1.finance.yahoo.com', port=443): Max retries exceeded with url: /v1/test/getcrumb (Caused by NewConnectionError('<urllib3.connection.HTTPSConnection object at 0x000001C223B71CD0>: Failed to establish a new connection: [Errno 11001] getaddrinfo failed'))"))
2026-02-09 00:51:34,265 | ERROR | ['GRT-USD']: ConnectionError(MaxRetryError("HTTPSConnectionPool(host='query1.finance.yahoo.com', port=443): Max retries exceeded with url: /v1/test/getcrumb (Caused by NewConnectionError('<urllib3.connection.HTTPSConnection object at 0x000001C223B71FA0>: Failed to establish a new connection: [Errno 11001] getaddrinfo failed'))"))
2026-02-09 00:51:34,280 | INFO |   Batch complete, waiting 120s...
2026-02-09 01:35:34,554 | INFO | 
  Batch 3/5 (10 tickers)
2026-02-09 01:35:34,572 | INFO |     Batch download: 10 tickers
2026-02-09 01:39:34,600 | ERROR | 
10 Failed downloads:
2026-02-09 01:39:34,600 | ERROR | ['MANA-USD']: ConnectionError(MaxRetryError("HTTPSConnectionPool(host='query1.finance.yahoo.com', port=443): Max retries exceeded with url: /v1/test/getcrumb (Caused by NewConnectionError('<urllib3.connection.HTTPSConnection object at 0x000001C223B71A30>: Failed to establish a new connection: [Errno 11001] getaddrinfo failed'))"))
2026-02-09 01:39:34,600 | ERROR | ['INJ-USD']: ConnectionError(MaxRetryError("HTTPSConnectionPool(host='query1.finance.yahoo.com', port=443): Max retries exceeded with url: /v1/test/getcrumb (Caused by NewConnectionError('<urllib3.connection.HTTPSConnection object at 0x000001C223B71AF0>: Failed to establish a new connection: [Errno 11001] getaddrinfo failed'))"))
2026-02-09 01:39:34,600 | ERROR | ['ICP-USD']: ConnectionError(MaxRetryError("HTTPSConnectionPool(host='query1.finance.yahoo.com', port=443): Max retries exceeded with url: /v1/test/getcrumb (Caused by NewConnectionError('<urllib3.connection.HTTPSConnection object at 0x000001C223B72150>: Failed to establish a new connection: [Errno 11001] getaddrinfo failed'))"))
2026-02-09 01:39:34,600 | ERROR | ['LINK-USD']: ConnectionError(MaxRetryError("HTTPSConnectionPool(host='query1.finance.yahoo.com', port=443): Max retries exceeded with url: /v1/test/getcrumb (Caused by NewConnectionError('<urllib3.connection.HTTPSConnection object at 0x000001C223B71640>: Failed to establish a new connection: [Errno 11001] getaddrinfo failed'))"))
2026-02-09 01:39:34,600 | ERROR | ['OKB-USD']: ConnectionError(MaxRetryError("HTTPSConnectionPool(host='query1.finance.yahoo.com', port=443): Max retries exceeded with url: /v1/test/getcrumb (Caused by NewConnectionError('<urllib3.connection.HTTPSConnection object at 0x000001C223B71250>: Failed to establish a new connection: [Errno 11001] getaddrinfo failed'))"))
2026-02-09 01:39:34,600 | ERROR | ['LTC-USD']: ConnectionError(MaxRetryError("HTTPSConnectionPool(host='query1.finance.yahoo.com', port=443): Max retries exceeded with url: /v1/test/getcrumb (Caused by NewConnectionError('<urllib3.connection.HTTPSConnection object at 0x000001C223B723F0>: Failed to establish a new connection: [Errno 11001] getaddrinfo failed'))"))
2026-02-09 01:39:34,600 | ERROR | ['NEAR-USD']: ConnectionError(MaxRetryError("HTTPSConnectionPool(host='query1.finance.yahoo.com', port=443): Max retries exceeded with url: /v1/test/getcrumb (Caused by NewConnectionError('<urllib3.connection.HTTPSConnection object at 0x000001C223B724B0>: Failed to establish a new connection: [Errno 11001] getaddrinfo failed'))"))
2026-02-09 01:39:34,600 | ERROR | ['QNT-USD']: ConnectionError(ProtocolError('Connection aborted.', ConnectionAbortedError(10053, 'En etablert tilkobling ble avbrutt av programvaren på vertsmaskinen', None, 10053, None)))
2026-02-09 01:39:34,600 | ERROR | ['MKR-USD']: ConnectionError(MaxRetryError("HTTPSConnectionPool(host='query1.finance.yahoo.com', port=443): Max retries exceeded with url: /v1/test/getcrumb (Caused by NewConnectionError('<urllib3.connection.HTTPSConnection object at 0x000001C223B72F90>: Failed to establish a new connection: [Errno 11001] getaddrinfo failed'))"))
2026-02-09 01:39:34,600 | ERROR | ['LDO-USD']: ConnectionError(MaxRetryError("HTTPSConnectionPool(host='query1.finance.yahoo.com', port=443): Max retries exceeded with url: /v1/test/getcrumb (Caused by NewConnectionError('<urllib3.connection.HTTPSConnection object at 0x000001C2231C9F40>: Failed to establish a new connection: [Errno 11001] getaddrinfo failed'))"))
2026-02-09 01:39:34,616 | INFO |   Batch complete, waiting 120s...
2026-02-09 02:05:34,768 | INFO | 
  Batch 4/5 (10 tickers)
2026-02-09 02:05:34,838 | INFO |     Batch download: 10 tickers
2026-02-09 02:13:34,857 | ERROR | 
10 Failed downloads:
2026-02-09 02:13:34,857 | ERROR | ['SOL-USD']: ConnectionError(MaxRetryError("HTTPSConnectionPool(host='query1.finance.yahoo.com', port=443): Max retries exceeded with url: /v1/test/getcrumb (Caused by NewConnectionError('<urllib3.connection.HTTPSConnection object at 0x000001C2231C9D30>: Failed to establish a new connection: [Errno 11001] getaddrinfo failed'))"))
2026-02-09 02:13:34,857 | ERROR | ['RPL-USD']: ConnectionError(MaxRetryError("HTTPSConnectionPool(host='query1.finance.yahoo.com', port=443): Max retries exceeded with url: /v1/test/getcrumb (Caused by NewConnectionError('<urllib3.connection.HTTPSConnection object at 0x000001C222D87170>: Failed to establish a new connection: [Errno 11001] getaddrinfo failed'))"))
2026-02-09 02:13:34,857 | ERROR | ['SHIB-USD']: ConnectionError(MaxRetryError("HTTPSConnectionPool(host='query1.finance.yahoo.com', port=443): Max retries exceeded with url: /v1/test/getcrumb (Caused by NewConnectionError('<urllib3.connection.HTTPSConnection object at 0x000001C223B72EA0>: Failed to establish a new connection: [Errno 11001] getaddrinfo failed'))"))
2026-02-09 02:13:34,857 | ERROR | ['TRX-USD']: ConnectionError(MaxRetryError("HTTPSConnectionPool(host='query1.finance.yahoo.com', port=443): Max retries exceeded with url: /v1/test/getcrumb (Caused by NewConnectionError('<urllib3.connection.HTTPSConnection object at 0x000001C223B71F40>: Failed to establish a new connection: [Errno 11001] getaddrinfo failed'))"))
2026-02-09 02:13:34,857 | ERROR | ['UNI-USD']: ConnectionError(MaxRetryError("HTTPSConnectionPool(host='query1.finance.yahoo.com', port=443): Max retries exceeded with url: /v1/test/getcrumb (Caused by NewConnectionError('<urllib3.connection.HTTPSConnection object at 0x000001C223B71790>: Failed to establish a new connection: [Errno 11001] getaddrinfo failed'))"))
2026-02-09 02:13:34,857 | ERROR | ['THETA-USD', 'SAND-USD']: ConnectionError(ProtocolError('Connection aborted.', ConnectionAbortedError(10053, 'En etablert tilkobling ble avbrutt av programvaren på vertsmaskinen', None, 10053, None)))
2026-02-09 02:13:34,857 | ERROR | ['VET-USD']: ConnectionError(MaxRetryError("HTTPSConnectionPool(host='query1.finance.yahoo.com', port=443): Max retries exceeded with url: /v1/test/getcrumb (Caused by NewConnectionError('<urllib3.connection.HTTPSConnection object at 0x000001C223B72E40>: Failed to establish a new connection: [Errno 11001] getaddrinfo failed'))"))
2026-02-09 02:13:34,857 | ERROR | ['RUNE-USD']: ConnectionError(MaxRetryError("HTTPSConnectionPool(host='query1.finance.yahoo.com', port=443): Max retries exceeded with url: /v1/test/getcrumb (Caused by NewConnectionError('<urllib3.connection.HTTPSConnection object at 0x000001C223B72D20>: Failed to establish a new connection: [Errno 11001] getaddrinfo failed'))"))
2026-02-09 02:13:34,857 | ERROR | ['SNX-USD']: ConnectionError(MaxRetryError("HTTPSConnectionPool(host='query1.finance.yahoo.com', port=443): Max retries exceeded with url: /v1/test/getcrumb (Caused by NewConnectionError('<urllib3.connection.HTTPSConnection object at 0x000001C223B72240>: Failed to establish a new connection: [Errno 11001] getaddrinfo failed'))"))
2026-02-09 02:13:34,857 | INFO |   Batch complete, waiting 120s...
2026-02-09 02:49:55,655 | INFO | 
  Batch 5/5 (6 tickers)
2026-02-09 02:49:55,694 | INFO |     Batch download: 6 tickers
2026-02-09 02:50:49,668 | ERROR | 
6 Failed downloads:
2026-02-09 02:50:49,668 | ERROR | ['XLM-USD']: ConnectionError(MaxRetryError("HTTPSConnectionPool(host='query1.finance.yahoo.com', port=443): Max retries exceeded with url: /v1/test/getcrumb (Caused by NewConnectionError('<urllib3.connection.HTTPSConnection object at 0x000001C223B712B0>: Failed to establish a new connection: [WinError 10051] Det ble forsøkt en kontaktoperasjon til et nettverk som ikke kunne nås'))"))
2026-02-09 02:50:49,668 | ERROR | ['XTZ-USD']: ConnectionError(MaxRetryError("HTTPSConnectionPool(host='query1.finance.yahoo.com', port=443): Max retries exceeded with url: /v1/test/getcrumb (Caused by NewConnectionError('<urllib3.connection.HTTPSConnection object at 0x000001C223B738C0>: Failed to establish a new connection: [Errno 11001] getaddrinfo failed'))"))
2026-02-09 02:50:49,668 | ERROR | ['AAVE-USD']: ConnectionError(MaxRetryError("HTTPSConnectionPool(host='query1.finance.yahoo.com', port=443): Max retries exceeded with url: /v1/test/getcrumb (Caused by NewConnectionError('<urllib3.connection.HTTPSConnection object at 0x000001C2231CA510>: Failed to establish a new connection: [Errno 11001] getaddrinfo failed'))"))
2026-02-09 02:50:49,668 | ERROR | ['XMR-USD']: ConnectionError(MaxRetryError("HTTPSConnectionPool(host='query1.finance.yahoo.com', port=443): Max retries exceeded with url: /v1/test/getcrumb (Caused by NewConnectionError('<urllib3.connection.HTTPSConnection object at 0x000001C2231C8860>: Failed to establish a new connection: [Errno 11001] getaddrinfo failed'))"))
2026-02-09 02:50:49,668 | ERROR | ['ZEC-USD']: ConnectionError(MaxRetryError("HTTPSConnectionPool(host='query1.finance.yahoo.com', port=443): Max retries exceeded with url: /v1/test/getcrumb (Caused by NewConnectionError('<urllib3.connection.HTTPSConnection object at 0x000001C223B71220>: Failed to establish a new connection: [Errno 11001] getaddrinfo failed'))"))
2026-02-09 02:50:49,668 | ERROR | ['XRP-USD']: ConnectionError(ProtocolError('Connection aborted.', RemoteDisconnected('Remote end closed connection without response')))
2026-02-09 02:50:49,668 | INFO | 
============================================================
2026-02-09 02:50:49,668 | INFO | Processing EQUITY: 421 assets
2026-02-09 02:50:49,668 | INFO | Schedule: Weekdays 22:00 UTC
2026-02-09 02:50:49,668 | INFO | ============================================================
2026-02-09 02:50:49,668 | INFO |   Using BATCH MODE (CEO-DIR-2026-119)
2026-02-09 02:50:49,668 | INFO | 
  Batch 1/43 (10 tickers)
2026-02-09 02:50:49,741 | INFO |     Batch download: 10 tickers
2026-02-09 02:55:35,199 | ERROR | 
10 Failed downloads:
2026-02-09 02:55:35,199 | ERROR | ['ADS.DE', 'ACA.PA']: ConnectionError(ProtocolError('Connection aborted.', ConnectionAbortedError(10053, 'En etablert tilkobling ble avbrutt av programvaren på vertsmaskinen', None, 10053, None)))
2026-02-09 02:55:35,199 | ERROR | ['ADSK']: ConnectionError(MaxRetryError("HTTPSConnectionPool(host='query2.finance.yahoo.com', port=443): Max retries exceeded with url: /v8/finance/chart/ADSK?period1=1766552400&period2=1770699600&interval=1d&includePrePost=False&events=div%2Csplits%2CcapitalGains&crumb=Too+Many+Requests%0D%0A (Caused by NewConnectionError('<urllib3.connection.HTTPSConnection object at 0x000001C223BAB8C0>: Failed to establish a new connection: [Errno 11001] getaddrinfo failed'))"))
2026-02-09 02:55:35,199 | ERROR | ['ADI']: ConnectionError(MaxRetryError("HTTPSConnectionPool(host='query2.finance.yahoo.com', port=443): Max retries exceeded with url: /v8/finance/chart/ADI?period1=1766552400&period2=1770699600&interval=1d&includePrePost=False&events=div%2Csplits%2CcapitalGains&crumb=Too+Many+Requests%0D%0A (Caused by NewConnectionError('<urllib3.connection.HTTPSConnection object at 0x000001C223BABC50>: Failed to establish a new connection: [Errno 11001] getaddrinfo failed'))"))
2026-02-09 02:55:35,199 | ERROR | ['ABNB']: ConnectionError(MaxRetryError("HTTPSConnectionPool(host='query2.finance.yahoo.com', port=443): Max retries exceeded with url: /v8/finance/chart/ABNB?period1=1766552400&period2=1770699600&interval=1d&includePrePost=False&events=div%2Csplits%2CcapitalGains&crumb=Too+Many+Requests%0D%0A (Caused by NewConnectionError('<urllib3.connection.HTTPSConnection object at 0x000001C223BABFB0>: Failed to establish a new connection: [Errno 11001] getaddrinfo failed'))"))
2026-02-09 02:55:35,199 | ERROR | ['ABT']: ConnectionError(MaxRetryError("HTTPSConnectionPool(host='query2.finance.yahoo.com', port=443): Max retries exceeded with url: /v8/finance/chart/ABT?period1=1766552400&period2=1770699600&interval=1d&includePrePost=False&events=div%2Csplits%2CcapitalGains&crumb=Too+Many+Requests%0D%0A (Caused by NewConnectionError('<urllib3.connection.HTTPSConnection object at 0x000001C223BCC530>: Failed to establish a new connection: [Errno 11001] getaddrinfo failed'))"))
2026-02-09 02:55:35,199 | ERROR | ['ABBV']: ConnectionError(MaxRetryError("HTTPSConnectionPool(host='query2.finance.yahoo.com', port=443): Max retries exceeded with url: /v8/finance/chart/ABBV?period1=1766552400&period2=1770699600&interval=1d&includePrePost=False&events=div%2Csplits%2CcapitalGains&crumb=Too+Many+Requests%0D%0A (Caused by NewConnectionError('<urllib3.connection.HTTPSConnection object at 0x000001C223BCC1A0>: Failed to establish a new connection: [Errno 11001] getaddrinfo failed'))"))
2026-02-09 02:55:35,199 | ERROR | ['AEP']: ConnectionError(MaxRetryError("HTTPSConnectionPool(host='query2.finance.yahoo.com', port=443): Max retries exceeded with url: /v8/finance/chart/AEP?period1=1766552400&period2=1770699600&interval=1d&includePrePost=False&events=div%2Csplits%2CcapitalGains&crumb=Too+Many+Requests%0D%0A (Caused by NewConnectionError('<urllib3.connection.HTTPSConnection object at 0x000001C223BD0410>: Failed to establish a new connection: [Errno 11001] getaddrinfo failed'))"))
2026-02-09 02:55:35,199 | ERROR | ['ADBE']: ConnectionError(MaxRetryError("HTTPSConnectionPool(host='query2.finance.yahoo.com', port=443): Max retries exceeded with url: /v8/finance/chart/ADBE?period1=1766552400&period2=1770699600&interval=1d&includePrePost=False&events=div%2Csplits%2CcapitalGains&crumb=Too+Many+Requests%0D%0A (Caused by NewConnectionError('<urllib3.connection.HTTPSConnection object at 0x000001C223BCDA30>: Failed to establish a new connection: [Errno 11001] getaddrinfo failed'))"))
2026-02-09 02:55:35,199 | ERROR | ['1COV.DE']: ConnectionError(MaxRetryError("HTTPSConnectionPool(host='query2.finance.yahoo.com', port=443): Max retries exceeded with url: /v8/finance/chart/1COV.DE?period1=1766530800&period2=1770678000&interval=1d&includePrePost=False&events=div%2Csplits%2CcapitalGains&crumb=Too+Many+Requests%0D%0A (Caused by NewConnectionError('<urllib3.connection.HTTPSConnection object at 0x000001C223BCE030>: Failed to establish a new connection: [Errno 11001] getaddrinfo failed'))"))
2026-02-09 02:55:35,199 | INFO |   Batch complete, waiting 120s...
2026-02-09 03:08:34,103 | INFO | 
  Batch 2/43 (10 tickers)
2026-02-09 03:08:34,145 | INFO |     Batch download: 10 tickers
2026-02-09 03:08:34,223 | ERROR | 
10 Failed downloads:
2026-02-09 03:08:34,223 | ERROR | ['AKVA.OL']: ConnectionError(MaxRetryError("HTTPSConnectionPool(host='query2.finance.yahoo.com', port=443): Max retries exceeded with url: /v8/finance/chart/AKVA.OL?period1=1770418800&period2=1770678000&interval=1d&includePrePost=False&events=div%2Csplits%2CcapitalGains&crumb=Too+Many+Requests%0D%0A (Caused by NewConnectionError('<urllib3.connection.HTTPSConnection object at 0x000001C223BA84D0>: Failed to establish a new connection: [Errno 11001] getaddrinfo failed'))"))
2026-02-09 03:08:34,223 | ERROR | ['AI.PA']: ConnectionError(MaxRetryError("HTTPSConnectionPool(host='query2.finance.yahoo.com', port=443): Max retries exceeded with url: /v8/finance/chart/AI.PA?period1=1770418800&period2=1770678000&interval=1d&includePrePost=False&events=div%2Csplits%2CcapitalGains&crumb=Too+Many+Requests%0D%0A (Caused by NewConnectionError('<urllib3.connection.HTTPSConnection object at 0x000001C223BABD10>: Failed to establish a new connection: [Errno 11001] getaddrinfo failed'))"))
2026-02-09 03:08:34,223 | ERROR | ['AIG']: ConnectionError(MaxRetryError("HTTPSConnectionPool(host='query2.finance.yahoo.com', port=443): Max retries exceeded with url: /v8/finance/chart/AIG?period1=1770440400&period2=1770699600&interval=1d&includePrePost=False&events=div%2Csplits%2CcapitalGains&crumb=Too+Many+Requests%0D%0A (Caused by NewConnectionError('<urllib3.connection.HTTPSConnection object at 0x000001C223BCE3F0>: Failed to establish a new connection: [Errno 11001] getaddrinfo failed'))"))
2026-02-09 03:08:34,223 | ERROR | ['AIR.DE']: ConnectionError(MaxRetryError("HTTPSConnectionPool(host='query2.finance.yahoo.com', port=443): Max retries exceeded with url: /v8/finance/chart/AIR.DE?period1=1770418800&period2=1770678000&interval=1d&includePrePost=False&events=div%2Csplits%2CcapitalGains&crumb=Too+Many+Requests%0D%0A (Caused by NewConnectionError('<urllib3.connection.HTTPSConnection object at 0x000001C223BCDC40>: Failed to establish a new connection: [Errno 11001] getaddrinfo failed'))"))
2026-02-09 03:08:34,223 | ERROR | ['AKAM']: ConnectionError(MaxRetryError("HTTPSConnectionPool(host='query2.finance.yahoo.com', port=443): Max retries exceeded with url: /v8/finance/chart/AKAM?period1=1770440400&period2=1770699600&interval=1d&includePrePost=False&events=div%2Csplits%2CcapitalGains&crumb=Too+Many+Requests%0D%0A (Caused by NewConnectionError('<urllib3.connection.HTTPSConnection object at 0x000001C223BCE5D0>: Failed to establish a new connection: [Errno 11001] getaddrinfo failed'))"))
2026-02-09 03:08:34,223 | ERROR | ['AKER.OL']: ConnectionError(MaxRetryError("HTTPSConnectionPool(host='query2.finance.yahoo.com', port=443): Max retries exceeded with url: /v8/finance/chart/AKER.OL?period1=1770418800&period2=1770678000&interval=1d&includePrePost=False&events=div%2Csplits%2CcapitalGains&crumb=Too+Many+Requests%0D%0A (Caused by NewConnectionError('<urllib3.connection.HTTPSConnection object at 0x000001C223BA8080>: Failed to establish a new connection: [Errno 11001] getaddrinfo failed'))"))
2026-02-09 03:08:34,223 | ERROR | ['AKRBP.OL']: ConnectionError(MaxRetryError("HTTPSConnectionPool(host='query2.finance.yahoo.com', port=443): Max retries exceeded with url: /v8/finance/chart/AKRBP.OL?period1=1770418800&period2=1770678000&interval=1d&includePrePost=False&events=div%2Csplits%2CcapitalGains&crumb=Too+Many+Requests%0D%0A (Caused by NewConnectionError('<urllib3.connection.HTTPSConnection object at 0x000001C223BA87A0>: Failed to establish a new connection: [Errno 11001] getaddrinfo failed'))"))
2026-02-09 03:08:34,223 | ERROR | ['AIR.PA']: ConnectionError(MaxRetryError("HTTPSConnectionPool(host='query2.finance.yahoo.com', port=443): Max retries exceeded with url: /v8/finance/chart/AIR.PA?period1=1770418800&period2=1770678000&interval=1d&includePrePost=False&events=div%2Csplits%2CcapitalGains&crumb=Too+Many+Requests%0D%0A (Caused by NewConnectionError('<urllib3.connection.HTTPSConnection object at 0x000001C223B720C0>: Failed to establish a new connection: [Errno 11001] getaddrinfo failed'))"))
2026-02-09 03:08:34,223 | ERROR | ['AKSO.OL']: ConnectionError(MaxRetryError("HTTPSConnectionPool(host='query2.finance.yahoo.com', port=443): Max retries exceeded with url: /v8/finance/chart/AKSO.OL?period1=1770418800&period2=1770678000&interval=1d&includePrePost=False&events=div%2Csplits%2CcapitalGains&crumb=Too+Many+Requests%0D%0A (Caused by NewConnectionError('<urllib3.connection.HTTPSConnection object at 0x000001C223B72B10>: Failed to establish a new connection: [Errno 11001] getaddrinfo failed'))"))
2026-02-09 03:08:34,223 | ERROR | ['AFL']: ConnectionError(MaxRetryError("HTTPSConnectionPool(host='query2.finance.yahoo.com', port=443): Max retries exceeded with url: /v8/finance/chart/AFL?period1=1770440400&period2=1770699600&interval=1d&includePrePost=False&events=div%2Csplits%2CcapitalGains&crumb=Too+Many+Requests%0D%0A (Caused by NewConnectionError('<urllib3.connection.HTTPSConnection object at 0x000001C223B71F40>: Failed to establish a new connection: [Errno 11001] getaddrinfo failed'))"))
2026-02-09 03:08:34,223 | INFO |   Batch complete, waiting 120s...
2026-02-09 03:10:39,019 | INFO | 
  Batch 3/43 (10 tickers)
2026-02-09 03:10:39,036 | INFO |     Batch download: 10 tickers
2026-02-09 03:10:39,130 | ERROR | 
10 Failed downloads:
2026-02-09 03:10:39,130 | ERROR | ['AON']: ConnectionError(MaxRetryError("HTTPSConnectionPool(host='query2.finance.yahoo.com', port=443): Max retries exceeded with url: /v8/finance/chart/AON?period1=1770440400&period2=1770699600&interval=1d&includePrePost=False&events=div%2Csplits%2CcapitalGains&crumb=Too+Many+Requests%0D%0A (Caused by NewConnectionError('<urllib3.connection.HTTPSConnection object at 0x000001C223BA83E0>: Failed to establish a new connection: [Errno 11001] getaddrinfo failed'))"))
2026-02-09 03:10:39,130 | ERROR | ['ALB']: ConnectionError(MaxRetryError("HTTPSConnectionPool(host='query2.finance.yahoo.com', port=443): Max retries exceeded with url: /v8/finance/chart/ALB?period1=1770440400&period2=1770699600&interval=1d&includePrePost=False&events=div%2Csplits%2CcapitalGains&crumb=Too+Many+Requests%0D%0A (Caused by NewConnectionError('<urllib3.connection.HTTPSConnection object at 0x000001C223BCE0C0>: Failed to establish a new connection: [Errno 11001] getaddrinfo failed'))"))
2026-02-09 03:10:39,130 | ERROR | ['ALO.PA']: ConnectionError(MaxRetryError("HTTPSConnectionPool(host='query2.finance.yahoo.com', port=443): Max retries exceeded with url: /v8/finance/chart/ALO.PA?period1=1770418800&period2=1770678000&interval=1d&includePrePost=False&events=div%2Csplits%2CcapitalGains&crumb=Too+Many+Requests%0D%0A (Caused by NewConnectionError('<urllib3.connection.HTTPSConnection object at 0x000001C223BCC110>: Failed to establish a new connection: [Errno 11001] getaddrinfo failed'))"))
2026-02-09 03:10:39,130 | ERROR | ['AMZN']: ConnectionError(MaxRetryError("HTTPSConnectionPool(host='query2.finance.yahoo.com', port=443): Max retries exceeded with url: /v8/finance/chart/AMZN?period1=1770440400&period2=1770699600&interval=1d&includePrePost=False&events=div%2Csplits%2CcapitalGains&crumb=Too+Many+Requests%0D%0A (Caused by NewConnectionError('<urllib3.connection.HTTPSConnection object at 0x000001C223BCE840>: Failed to establish a new connection: [Errno 11001] getaddrinfo failed'))"))
2026-02-09 03:10:39,130 | ERROR | ['AMAT']: ConnectionError(MaxRetryError("HTTPSConnectionPool(host='query2.finance.yahoo.com', port=443): Max retries exceeded with url: /v8/finance/chart/AMAT?period1=1770440400&period2=1770699600&interval=1d&includePrePost=False&events=div%2Csplits%2CcapitalGains&crumb=Too+Many+Requests%0D%0A (Caused by NewConnectionError('<urllib3.connection.HTTPSConnection object at 0x000001C223BCC140>: Failed to establish a new connection: [Errno 11001] getaddrinfo failed'))"))
2026-02-09 03:10:39,130 | ERROR | ['ALL']: ConnectionError(MaxRetryError("HTTPSConnectionPool(host='query2.finance.yahoo.com', port=443): Max retries exceeded with url: /v8/finance/chart/ALL?period1=1770440400&period2=1770699600&interval=1d&includePrePost=False&events=div%2Csplits%2CcapitalGains&crumb=Too+Many+Requests%0D%0A (Caused by NewConnectionError('<urllib3.connection.HTTPSConnection object at 0x000001C223BCE0F0>: Failed to establish a new connection: [Errno 11001] getaddrinfo failed'))"))
2026-02-09 03:10:39,130 | ERROR | ['AMGN']: ConnectionError(MaxRetryError("HTTPSConnectionPool(host='query2.finance.yahoo.com', port=443): Max retries exceeded with url: /v8/finance/chart/AMGN?period1=1770440400&period2=1770699600&interval=1d&includePrePost=False&events=div%2Csplits%2CcapitalGains&crumb=Too+Many+Requests%0D%0A (Caused by NewConnectionError('<urllib3.connection.HTTPSConnection object at 0x000001C223BCE0F0>: Failed to establish a new connection: [Errno 11001] getaddrinfo failed'))"))
2026-02-09 03:10:39,130 | ERROR | ['ALV.DE']: ConnectionError(MaxRetryError("HTTPSConnectionPool(host='query2.finance.yahoo.com', port=443): Max retries exceeded with url: /v8/finance/chart/ALV.DE?period1=1770418800&period2=1770678000&interval=1d&includePrePost=False&events=div%2Csplits%2CcapitalGains&crumb=Too+Many+Requests%0D%0A (Caused by NewConnectionError('<urllib3.connection.HTTPSConnection object at 0x000001C223B71820>: Failed to establish a new connection: [Errno 11001] getaddrinfo failed'))"))
2026-02-09 03:10:39,130 | ERROR | ['AMD']: ConnectionError(MaxRetryError("HTTPSConnectionPool(host='query2.finance.yahoo.com', port=443): Max retries exceeded with url: /v8/finance/chart/AMD?period1=1770440400&period2=1770699600&interval=1d&includePrePost=False&events=div%2Csplits%2CcapitalGains&crumb=Too+Many+Requests%0D%0A (Caused by NewConnectionError('<urllib3.connection.HTTPSConnection object at 0x000001C223B73D10>: Failed to establish a new connection: [Errno 11001] getaddrinfo failed'))"))
2026-02-09 03:10:39,130 | ERROR | ['AMT']: ConnectionError(MaxRetryError("HTTPSConnectionPool(host='query2.finance.yahoo.com', port=443): Max retries exceeded with url: /v8/finance/chart/AMT?period1=1770440400&period2=1770699600&interval=1d&includePrePost=False&events=div%2Csplits%2CcapitalGains&crumb=Too+Many+Requests%0D%0A (Caused by NewConnectionError('<urllib3.connection.HTTPSConnection object at 0x000001C223B71820>: Failed to establish a new connection: [Errno 11001] getaddrinfo failed'))"))
2026-02-09 03:10:39,145 | INFO |   Batch complete, waiting 120s...
2026-02-09 03:12:43,045 | INFO | 
  Batch 4/43 (10 tickers)
2026-02-09 03:12:43,067 | INFO |     Batch download: 10 tickers
2026-02-09 03:19:35,351 | ERROR | 
10 Failed downloads:
2026-02-09 03:19:35,351 | ERROR | ['AVB']: ReadTimeout(ReadTimeoutError("HTTPSConnectionPool(host='query2.finance.yahoo.com', port=443): Read timed out. (read timeout=10)"))
2026-02-09 03:19:35,367 | ERROR | ['AUTO.OL']: ConnectionError(MaxRetryError("HTTPSConnectionPool(host='query2.finance.yahoo.com', port=443): Max retries exceeded with url: /v8/finance/chart/AUTO.OL?period1=1770418800&period2=1770678000&interval=1d&includePrePost=False&events=div%2Csplits%2CcapitalGains&crumb=Too+Many+Requests%0D%0A (Caused by NewConnectionError('<urllib3.connection.HTTPSConnection object at 0x000001C223BCEC60>: Failed to establish a new connection: [Errno 11001] getaddrinfo failed'))"))
2026-02-09 03:19:35,367 | ERROR | ['AWK']: ConnectionError(MaxRetryError("HTTPSConnectionPool(host='query2.finance.yahoo.com', port=443): Max retries exceeded with url: /v8/finance/chart/AWK?period1=1770440400&period2=1770699600&interval=1d&includePrePost=False&events=div%2Csplits%2CcapitalGains&crumb=Too+Many+Requests%0D%0A (Caused by NewConnectionError('<urllib3.connection.HTTPSConnection object at 0x000001C223B73C80>: Failed to establish a new connection: [Errno 11001] getaddrinfo failed'))"))
2026-02-09 03:19:35,367 | ERROR | ['ASML']: ConnectionError(MaxRetryError("HTTPSConnectionPool(host='query2.finance.yahoo.com', port=443): Max retries exceeded with url: /v8/finance/chart/ASML?period1=1770440400&period2=1770699600&interval=1d&includePrePost=False&events=div%2Csplits%2CcapitalGains&crumb=Too+Many+Requests%0D%0A (Caused by NewConnectionError('<urllib3.connection.HTTPSConnection object at 0x000001C223B73920>: Failed to establish a new connection: [Errno 11001] getaddrinfo failed'))"))
2026-02-09 03:19:35,367 | ERROR | ['AV.L']: ConnectionError(MaxRetryError("HTTPSConnectionPool(host='query2.finance.yahoo.com', port=443): Max retries exceeded with url: /v8/finance/chart/AV.L?period1=1770422400&period2=1770681600&interval=1d&includePrePost=False&events=div%2Csplits%2CcapitalGains&crumb=Too+Many+Requests%0D%0A (Caused by NewConnectionError('<urllib3.connection.HTTPSConnection object at 0x000001C223BD13A0>: Failed to establish a new connection: [Errno 11001] getaddrinfo failed'))"))
2026-02-09 03:19:35,367 | ERROR | ['APD']: ConnectionError(MaxRetryError("HTTPSConnectionPool(host='query2.finance.yahoo.com', port=443): Max retries exceeded with url: /v8/finance/chart/APD?period1=1770440400&period2=1770699600&interval=1d&includePrePost=False&events=div%2Csplits%2CcapitalGains&crumb=Too+Many+Requests%0D%0A (Caused by NewConnectionError('<urllib3.connection.HTTPSConnection object at 0x000001C223BD11F0>: Failed to establish a new connection: [Errno 11001] getaddrinfo failed'))"))
2026-02-09 03:19:35,367 | ERROR | ['AUSS.OL']: ConnectionError(MaxRetryError("HTTPSConnectionPool(host='query2.finance.yahoo.com', port=443): Max retries exceeded with url: /v8/finance/chart/AUSS.OL?period1=1770418800&period2=1770678000&interval=1d&includePrePost=False&events=div%2Csplits%2CcapitalGains&crumb=Too+Many+Requests%0D%0A (Caused by NewConnectionError('<urllib3.connection.HTTPSConnection object at 0x000001C223BD1280>: Failed to establish a new connection: [Errno 11001] getaddrinfo failed'))"))
2026-02-09 03:19:35,367 | ERROR | ['AXP']: ConnectionError(MaxRetryError("HTTPSConnectionPool(host='query2.finance.yahoo.com', port=443): Max retries exceeded with url: /v8/finance/chart/AXP?period1=1770440400&period2=1770699600&interval=1d&includePrePost=False&events=div%2Csplits%2CcapitalGains&crumb=Too+Many+Requests%0D%0A (Caused by NewConnectionError('<urllib3.connection.HTTPSConnection object at 0x000001C223BD1400>: Failed to establish a new connection: [Errno 11001] getaddrinfo failed'))"))
2026-02-09 03:19:35,367 | ERROR | ['AVGO']: ConnectionError(MaxRetryError("HTTPSConnectionPool(host='query2.finance.yahoo.com', port=443): Max retries exceeded with url: /v8/finance/chart/AVGO?period1=1770440400&period2=1770699600&interval=1d&includePrePost=False&events=div%2Csplits%2CcapitalGains&crumb=Too+Many+Requests%0D%0A (Caused by NewConnectionError('<urllib3.connection.HTTPSConnection object at 0x000001C223BD0DA0>: Failed to establish a new connection: [Errno 11001] getaddrinfo failed'))"))
2026-02-09 03:19:35,367 | ERROR | ['ATO.PA']: ConnectionError(MaxRetryError("HTTPSConnectionPool(host='query2.finance.yahoo.com', port=443): Max retries exceeded with url: /v8/finance/chart/ATO.PA?period1=1770418800&period2=1770678000&interval=1d&includePrePost=False&events=div%2Csplits%2CcapitalGains&crumb=Too+Many+Requests%0D%0A (Caused by NewConnectionError('<urllib3.connection.HTTPSConnection object at 0x000001C223BD18E0>: Failed to establish a new connection: [Errno 11001] getaddrinfo failed'))"))
2026-02-09 03:19:35,367 | INFO |   Batch complete, waiting 120s...
2026-02-09 03:29:35,402 | INFO | 
  Batch 5/43 (10 tickers)
2026-02-09 03:29:35,418 | INFO |     Batch download: 10 tickers
2026-02-09 03:31:35,442 | ERROR | 
10 Failed downloads:
2026-02-09 03:31:35,442 | ERROR | ['BATS.L']: ConnectionError(MaxRetryError("HTTPSConnectionPool(host='query2.finance.yahoo.com', port=443): Max retries exceeded with url: /v8/finance/chart/BATS.L?period1=1770422400&period2=1770681600&interval=1d&includePrePost=False&events=div%2Csplits%2CcapitalGains&crumb=Too+Many+Requests%0D%0A (Caused by NewConnectionError('<urllib3.connection.HTTPSConnection object at 0x000001C223BD1D30>: Failed to establish a new connection: [Errno 11001] getaddrinfo failed'))"))
2026-02-09 03:31:35,442 | ERROR | ['BAC']: ConnectionError(MaxRetryError("HTTPSConnectionPool(host='query2.finance.yahoo.com', port=443): Max retries exceeded with url: /v8/finance/chart/BAC?period1=1770440400&period2=1770699600&interval=1d&includePrePost=False&events=div%2Csplits%2CcapitalGains&crumb=Too+Many+Requests%0D%0A (Caused by NewConnectionError('<urllib3.connection.HTTPSConnection object at 0x000001C223BD1250>: Failed to establish a new connection: [Errno 11001] getaddrinfo failed'))"))
2026-02-09 03:31:35,442 | ERROR | ['BA.L']: ConnectionError(MaxRetryError("HTTPSConnectionPool(host='query2.finance.yahoo.com', port=443): Max retries exceeded with url: /v8/finance/chart/BA.L?period1=1770422400&period2=1770681600&interval=1d&includePrePost=False&events=div%2Csplits%2CcapitalGains&crumb=Too+Many+Requests%0D%0A (Caused by NewConnectionError('<urllib3.connection.HTTPSConnection object at 0x000001C223BD1B50>: Failed to establish a new connection: [Errno 11001] getaddrinfo failed'))"))
2026-02-09 03:31:35,442 | ERROR | ['AZN.L']: ConnectionError(MaxRetryError("HTTPSConnectionPool(host='query2.finance.yahoo.com', port=443): Max retries exceeded with url: /v8/finance/chart/AZN.L?period1=1770422400&period2=1770681600&interval=1d&includePrePost=False&events=div%2Csplits%2CcapitalGains&crumb=Too+Many+Requests%0D%0A (Caused by NewConnectionError('<urllib3.connection.HTTPSConnection object at 0x000001C223BD1490>: Failed to establish a new connection: [Errno 11001] getaddrinfo failed'))"))
2026-02-09 03:31:35,442 | ERROR | ['BAYN.DE']: ConnectionError(MaxRetryError("HTTPSConnectionPool(host='query2.finance.yahoo.com', port=443): Max retries exceeded with url: /v8/finance/chart/BAYN.DE?period1=1770418800&period2=1770678000&interval=1d&includePrePost=False&events=div%2Csplits%2CcapitalGains&crumb=Too+Many+Requests%0D%0A (Caused by NewConnectionError('<urllib3.connection.HTTPSConnection object at 0x000001C223BD16D0>: Failed to establish a new connection: [Errno 11001] getaddrinfo failed'))"))
2026-02-09 03:31:35,442 | ERROR | ['AZO']: ConnectionError(MaxRetryError("HTTPSConnectionPool(host='query2.finance.yahoo.com', port=443): Max retries exceeded with url: /v8/finance/chart/AZO?period1=1770440400&period2=1770699600&interval=1d&includePrePost=False&events=div%2Csplits%2CcapitalGains&crumb=Too+Many+Requests%0D%0A (Caused by NewConnectionError('<urllib3.connection.HTTPSConnection object at 0x000001C223BA85F0>: Failed to establish a new connection: [Errno 11001] getaddrinfo failed'))"))
2026-02-09 03:31:35,442 | ERROR | ['BAS.DE']: ConnectionError(MaxRetryError("HTTPSConnectionPool(host='query2.finance.yahoo.com', port=443): Max retries exceeded with url: /v8/finance/chart/BAS.DE?period1=1770418800&period2=1770678000&interval=1d&includePrePost=False&events=div%2Csplits%2CcapitalGains&crumb=Too+Many+Requests%0D%0A (Caused by NewConnectionError('<urllib3.connection.HTTPSConnection object at 0x000001C223BA82C0>: Failed to establish a new connection: [Errno 11001] getaddrinfo failed'))"))
2026-02-09 03:31:35,442 | ERROR | ['BAKKA.OL']: ConnectionError(ProtocolError('Connection aborted.', RemoteDisconnected('Remote end closed connection without response')))
2026-02-09 03:31:35,442 | ERROR | ['BARC.L']: ConnectionError(MaxRetryError("HTTPSConnectionPool(host='guce.yahoo.com', port=443): Max retries exceeded with url: /consent (Caused by NewConnectionError('<urllib3.connection.HTTPSConnection object at 0x000001C223BD2570>: Failed to establish a new connection: [Errno 11001] getaddrinfo failed'))"))
2026-02-09 03:31:35,442 | ERROR | ['BA']: ConnectionError(MaxRetryError("HTTPSConnectionPool(host='guce.yahoo.com', port=443): Max retries exceeded with url: /consent (Caused by NewConnectionError('<urllib3.connection.HTTPSConnection object at 0x000001C223BD2750>: Failed to establish a new connection: [Errno 11001] getaddrinfo failed'))"))
2026-02-09 03:31:35,446 | INFO |   Batch complete, waiting 120s...
2026-02-09 03:48:28,811 | INFO | 
  Batch 6/43 (10 tickers)
2026-02-09 03:48:28,827 | INFO |     Batch download: 10 tickers
2026-02-09 03:48:28,920 | ERROR | 
10 Failed downloads:
2026-02-09 03:48:28,920 | ERROR | ['BHP.L']: ConnectionError(MaxRetryError("HTTPSConnectionPool(host='guce.yahoo.com', port=443): Max retries exceeded with url: /consent (Caused by NewConnectionError('<urllib3.connection.HTTPSConnection object at 0x000001C223BD2720>: Failed to establish a new connection: [Errno 11001] getaddrinfo failed'))"))
2026-02-09 03:48:28,920 | ERROR | ['BKNG']: ConnectionError(MaxRetryError("HTTPSConnectionPool(host='guce.yahoo.com', port=443): Max retries exceeded with url: /consent (Caused by NewConnectionError('<urllib3.connection.HTTPSConnection object at 0x000001C223BD1610>: Failed to establish a new connection: [Errno 11001] getaddrinfo failed'))"))
2026-02-09 03:48:28,920 | ERROR | ['BEWI.OL']: ConnectionError(MaxRetryError("HTTPSConnectionPool(host='guce.yahoo.com', port=443): Max retries exceeded with url: /consent (Caused by NewConnectionError('<urllib3.connection.HTTPSConnection object at 0x000001C223BD2B70>: Failed to establish a new connection: [Errno 11001] getaddrinfo failed'))"))
2026-02-09 03:48:28,920 | ERROR | ['BNP.PA']: ConnectionError(MaxRetryError("HTTPSConnectionPool(host='guce.yahoo.com', port=443): Max retries exceeded with url: /consent (Caused by NewConnectionError('<urllib3.connection.HTTPSConnection object at 0x000001C223BD12E0>: Failed to establish a new connection: [Errno 11001] getaddrinfo failed'))"))
2026-02-09 03:48:28,920 | ERROR | ['BMW.DE']: ConnectionError(MaxRetryError("HTTPSConnectionPool(host='guce.yahoo.com', port=443): Max retries exceeded with url: /consent (Caused by NewConnectionError('<urllib3.connection.HTTPSConnection object at 0x000001C223BD19A0>: Failed to establish a new connection: [Errno 11001] getaddrinfo failed'))"))
2026-02-09 03:48:28,920 | ERROR | ['BEI.DE']: ConnectionError(MaxRetryError("HTTPSConnectionPool(host='guce.yahoo.com', port=443): Max retries exceeded with url: /consent (Caused by NewConnectionError('<urllib3.connection.HTTPSConnection object at 0x000001C223BD2D80>: Failed to establish a new connection: [Errno 11001] getaddrinfo failed'))"))
2026-02-09 03:48:28,920 | ERROR | ['BMY']: ConnectionError(MaxRetryError("HTTPSConnectionPool(host='guce.yahoo.com', port=443): Max retries exceeded with url: /consent (Caused by NewConnectionError('<urllib3.connection.HTTPSConnection object at 0x000001C223BD2EA0>: Failed to establish a new connection: [Errno 11001] getaddrinfo failed'))"))
2026-02-09 03:48:28,920 | ERROR | ['BKR']: ConnectionError(MaxRetryError("HTTPSConnectionPool(host='guce.yahoo.com', port=443): Max retries exceeded with url: /consent (Caused by NewConnectionError('<urllib3.connection.HTTPSConnection object at 0x000001C223BD2E70>: Failed to establish a new connection: [Errno 11001] getaddrinfo failed'))"))
2026-02-09 03:48:28,920 | ERROR | ['BLK']: ConnectionError(MaxRetryError("HTTPSConnectionPool(host='guce.yahoo.com', port=443): Max retries exceeded with url: /consent (Caused by NewConnectionError('<urllib3.connection.HTTPSConnection object at 0x000001C223BD2ED0>: Failed to establish a new connection: [Errno 11001] getaddrinfo failed'))"))
2026-02-09 03:48:28,920 | ERROR | ['BN.PA']: ConnectionError(MaxRetryError("HTTPSConnectionPool(host='guce.yahoo.com', port=443): Max retries exceeded with url: /consent (Caused by NewConnectionError('<urllib3.connection.HTTPSConnection object at 0x000001C223BD3200>: Failed to establish a new connection: [Errno 11001] getaddrinfo failed'))"))
2026-02-09 03:48:28,936 | INFO |   Batch complete, waiting 120s...
2026-02-09 04:03:35,651 | INFO | 
  Batch 7/43 (10 tickers)
2026-02-09 04:03:35,685 | INFO |     Batch download: 10 tickers
2026-02-09 04:03:35,685 | ERROR | Failed to get ticker 'BT.A.L' reason: HTTPSConnectionPool(host='guce.yahoo.com', port=443): Max retries exceeded with url: /consent (Caused by NewConnectionError('<urllib3.connection.HTTPSConnection object at 0x000001C223BCD9D0>: Failed to establish a new connection: [Errno 11001] getaddrinfo failed'))
2026-02-09 04:07:35,727 | ERROR | Failed to get ticker 'BRK.B' reason: HTTPSConnectionPool(host='guce.yahoo.com', port=443): Max retries exceeded with url: /consent (Caused by NewConnectionError('<urllib3.connection.HTTPSConnection object at 0x000001C223BCD610>: Failed to establish a new connection: [Errno 11001] getaddrinfo failed'))
2026-02-09 04:07:35,743 | ERROR | 
10 Failed downloads:
2026-02-09 04:07:35,743 | ERROR | ['BT.A.L']: ConnectionError(MaxRetryError("HTTPSConnectionPool(host='guce.yahoo.com', port=443): Max retries exceeded with url: /consent (Caused by NewConnectionError('<urllib3.connection.HTTPSConnection object at 0x000001C223BCDB20>: Failed to establish a new connection: [Errno 11001] getaddrinfo failed'))"))
2026-02-09 04:07:35,743 | ERROR | ['BWO.OL']: ConnectionError(ProtocolError('Connection aborted.', ConnectionResetError(10054, 'En eksisterende tilkobling ble tvangslukket av den eksterne verten', None, 10054, None)))
2026-02-09 04:07:35,743 | ERROR | ['C', 'CAP.PA', 'BP.L']: ConnectionError(ProtocolError('Connection aborted.', RemoteDisconnected('Remote end closed connection without response')))
2026-02-09 04:07:35,743 | ERROR | ['BNR.DE']: SSLError(MaxRetryError("HTTPSConnectionPool(host='guce.yahoo.com', port=443): Max retries exceeded with url: /consent (Caused by SSLError(SSLEOFError(8, 'EOF occurred in violation of protocol (_ssl.c:2406)')))"))
2026-02-09 04:07:35,743 | ERROR | ['BSX']: ConnectionError(MaxRetryError("HTTPSConnectionPool(host='guce.yahoo.com', port=443): Max retries exceeded with url: /consent (Caused by NewConnectionError('<urllib3.connection.HTTPSConnection object at 0x000001C223BA8260>: Failed to establish a new connection: [Errno 11001] getaddrinfo failed'))"))
2026-02-09 04:07:35,743 | ERROR | ['CARR']: ConnectionError(MaxRetryError("HTTPSConnectionPool(host='guce.yahoo.com', port=443): Max retries exceeded with url: /consent (Caused by NewConnectionError('<urllib3.connection.HTTPSConnection object at 0x000001C223BAB8C0>: Failed to establish a new connection: [Errno 11001] getaddrinfo failed'))"))
2026-02-09 04:07:35,743 | ERROR | ['CAG']: ConnectionError(MaxRetryError("HTTPSConnectionPool(host='guce.yahoo.com', port=443): Max retries exceeded with url: /consent (Caused by NewConnectionError('<urllib3.connection.HTTPSConnection object at 0x000001C223BCE780>: Failed to establish a new connection: [Errno 11001] getaddrinfo failed'))"))
2026-02-09 04:07:35,743 | ERROR | ['BRK.B']: ConnectionError(MaxRetryError("HTTPSConnectionPool(host='guce.yahoo.com', port=443): Max retries exceeded with url: /consent (Caused by NewConnectionError('<urllib3.connection.HTTPSConnection object at 0x000001C223BCC140>: Failed to establish a new connection: [Errno 11001] getaddrinfo failed'))"))
2026-02-09 04:07:35,743 | INFO |   Batch complete, waiting 120s...
2026-02-09 04:09:35,757 | INFO | 
  Batch 8/43 (10 tickers)
2026-02-09 04:09:35,788 | INFO |     Batch download: 10 tickers
2026-02-09 04:10:05,464 | ERROR | 
10 Failed downloads:
2026-02-09 04:10:05,464 | ERROR | ['CHD']: ConnectionError(MaxRetryError("HTTPSConnectionPool(host='guce.yahoo.com', port=443): Max retries exceeded with url: /consent (Caused by NewConnectionError('<urllib3.connection.HTTPSConnection object at 0x000001C223BA8500>: Failed to establish a new connection: [Errno 11001] getaddrinfo failed'))"))
2026-02-09 04:10:05,464 | ERROR | ['CCI']: ConnectionError(MaxRetryError("HTTPSConnectionPool(host='guce.yahoo.com', port=443): Max retries exceeded with url: /consent (Caused by NewConnectionError('<urllib3.connection.HTTPSConnection object at 0x000001C223BD16D0>: Failed to establish a new connection: [Errno 11001] getaddrinfo failed'))"))
2026-02-09 04:10:05,464 | ERROR | ['CF']: ConnectionError(MaxRetryError("HTTPSConnectionPool(host='guce.yahoo.com', port=443): Max retries exceeded with url: /consent (Caused by NewConnectionError('<urllib3.connection.HTTPSConnection object at 0x000001C223BD3620>: Failed to establish a new connection: [Errno 11001] getaddrinfo failed'))"))
2026-02-09 04:10:05,464 | ERROR | ['CHTR']: ConnectionError(MaxRetryError("HTTPSConnectionPool(host='guce.yahoo.com', port=443): Max retries exceeded with url: /consent (Caused by NewConnectionError('<urllib3.connection.HTTPSConnection object at 0x000001C223B72630>: Failed to establish a new connection: [Errno 11001] getaddrinfo failed'))"))
2026-02-09 04:10:05,464 | ERROR | ['CI']: ConnectionError(MaxRetryError("HTTPSConnectionPool(host='guce.yahoo.com', port=443): Max retries exceeded with url: /consent (Caused by NewConnectionError('<urllib3.connection.HTTPSConnection object at 0x000001C223BABEF0>: Failed to establish a new connection: [Errno 11001] getaddrinfo failed'))"))
2026-02-09 04:10:05,464 | ERROR | ['CDNS']: ConnectionError(MaxRetryError("HTTPSConnectionPool(host='guce.yahoo.com', port=443): Max retries exceeded with url: /consent (Caused by NewConnectionError('<urllib3.connection.HTTPSConnection object at 0x000001C223BCE9F0>: Failed to establish a new connection: [Errno 11001] getaddrinfo failed'))"))
2026-02-09 04:10:05,464 | ERROR | ['CL']: ConnectionError(MaxRetryError("HTTPSConnectionPool(host='guce.yahoo.com', port=443): Max retries exceeded with url: /consent (Caused by NewConnectionError('<urllib3.connection.HTTPSConnection object at 0x000001C223BCD9D0>: Failed to establish a new connection: [Errno 11001] getaddrinfo failed'))"))
2026-02-09 04:10:05,464 | ERROR | ['CBK.DE']: ConnectionError(MaxRetryError("HTTPSConnectionPool(host='guce.yahoo.com', port=443): Max retries exceeded with url: /consent (Caused by NewConnectionError('<urllib3.connection.HTTPSConnection object at 0x000001C223BCDA90>: Failed to establish a new connection: [Errno 11001] getaddrinfo failed'))"))
2026-02-09 04:10:05,464 | ERROR | ['CB']: ConnectionError(MaxRetryError("HTTPSConnectionPool(host='guce.yahoo.com', port=443): Max retries exceeded with url: /consent (Caused by NewConnectionError('<urllib3.connection.HTTPSConnection object at 0x000001C223BCF5C0>: Failed to establish a new connection: [Errno 11001] getaddrinfo failed'))"))
2026-02-09 04:10:05,464 | ERROR | ['CAT']: ConnectionError(MaxRetryError("HTTPSConnectionPool(host='guce.yahoo.com', port=443): Max retries exceeded with url: /consent (Caused by NewConnectionError('<urllib3.connection.HTTPSConnection object at 0x000001C223BCC770>: Failed to establish a new connection: [WinError 10051] Det ble forsøkt en kontaktoperasjon til et nettverk som ikke kunne nås'))"))
2026-02-09 04:10:05,477 | INFO |   Batch complete, waiting 120s...
2026-02-09 04:19:35,776 | INFO | 
  Batch 9/43 (10 tickers)
2026-02-09 04:19:35,800 | INFO |     Batch download: 10 tickers
2026-02-09 04:28:10,586 | ERROR | 
10 Failed downloads:
2026-02-09 04:28:10,586 | ERROR | ['CLX']: ConnectionError(MaxRetryError("HTTPSConnectionPool(host='guce.yahoo.com', port=443): Max retries exceeded with url: /consent (Caused by NewConnectionError('<urllib3.connection.HTTPSConnection object at 0x000001C223BD19A0>: Failed to establish a new connection: [Errno 11001] getaddrinfo failed'))"))
2026-02-09 04:28:10,586 | ERROR | ['CPG.L']: ConnectionError(MaxRetryError("HTTPSConnectionPool(host='guce.yahoo.com', port=443): Max retries exceeded with url: /consent (Caused by NewConnectionError('<urllib3.connection.HTTPSConnection object at 0x000001C223BD2990>: Failed to establish a new connection: [Errno 11001] getaddrinfo failed'))"))
2026-02-09 04:28:10,586 | ERROR | ['COST']: ConnectionError(ProtocolError('Connection aborted.', ConnectionResetError(10054, 'En eksisterende tilkobling ble tvangslukket av den eksterne verten', None, 10054, None)))
2026-02-09 04:28:10,586 | ERROR | ['CMG']: ConnectionError(MaxRetryError("HTTPSConnectionPool(host='guce.yahoo.com', port=443): Max retries exceeded with url: /consent (Caused by NewConnectionError('<urllib3.connection.HTTPSConnection object at 0x000001C225013AD0>: Failed to establish a new connection: [Errno 11001] getaddrinfo failed'))"))
2026-02-09 04:28:10,586 | ERROR | ['COIN']: ConnectionError(MaxRetryError("HTTPSConnectionPool(host='guce.yahoo.com', port=443): Max retries exceeded with url: /consent (Caused by NewConnectionError('<urllib3.connection.HTTPSConnection object at 0x000001C225013950>: Failed to establish a new connection: [Errno 11001] getaddrinfo failed'))"))
2026-02-09 04:28:10,586 | ERROR | ['COP']: ConnectionError(MaxRetryError("HTTPSConnectionPool(host='guce.yahoo.com', port=443): Max retries exceeded with url: /consent (Caused by NewConnectionError('<urllib3.connection.HTTPSConnection object at 0x000001C225013890>: Failed to establish a new connection: [Errno 11001] getaddrinfo failed'))"))
2026-02-09 04:28:10,586 | ERROR | ['CMCSA']: ConnectionError(ProtocolError('Connection aborted.', ConnectionAbortedError(10053, 'En etablert tilkobling ble avbrutt av programvaren på vertsmaskinen', None, 10053, None)))
2026-02-09 04:28:10,586 | ERROR | ['CME']: ConnectionError(MaxRetryError("HTTPSConnectionPool(host='guce.yahoo.com', port=443): Max retries exceeded with url: /consent (Caused by NewConnectionError('<urllib3.connection.HTTPSConnection object at 0x000001C223BCDE80>: Failed to establish a new connection: [Errno 11001] getaddrinfo failed'))"))
2026-02-09 04:28:10,586 | ERROR | ['CON.DE']: ConnectionError(MaxRetryError("HTTPSConnectionPool(host='guce.yahoo.com', port=443): Max retries exceeded with url: /consent (Caused by NewConnectionError('<urllib3.connection.HTTPSConnection object at 0x000001C223BCFAD0>: Failed to establish a new connection: [Errno 11001] getaddrinfo failed'))"))
2026-02-09 04:28:10,586 | ERROR | ['COF']: ConnectionError(MaxRetryError("HTTPSConnectionPool(host='guce.yahoo.com', port=443): Max retries exceeded with url: /consent (Caused by NewConnectionError('<urllib3.connection.HTTPSConnection object at 0x000001C223BCD1F0>: Failed to establish a new connection: [Errno 11001] getaddrinfo failed'))"))
2026-02-09 04:28:10,586 | INFO |   Batch complete, waiting 120s...
2026-02-09 04:48:01,081 | INFO | 
  Batch 10/43 (10 tickers)
2026-02-09 04:48:01,101 | INFO |     Batch download: 10 tickers
2026-02-09 04:48:31,711 | ERROR | 
10 Failed downloads:
2026-02-09 04:48:31,726 | ERROR | ['CSX']: ConnectionError(MaxRetryError("HTTPSConnectionPool(host='guce.yahoo.com', port=443): Max retries exceeded with url: /consent (Caused by NewConnectionError('<urllib3.connection.HTTPSConnection object at 0x000001C223BCFFE0>: Failed to establish a new connection: [Errno 11001] getaddrinfo failed'))"))
2026-02-09 04:48:31,726 | ERROR | ['CVX']: ConnectionError(MaxRetryError("HTTPSConnectionPool(host='guce.yahoo.com', port=443): Max retries exceeded with url: /consent (Caused by NewConnectionError('<urllib3.connection.HTTPSConnection object at 0x000001C225013B90>: Failed to establish a new connection: [Errno 11001] getaddrinfo failed'))"))
2026-02-09 04:48:31,726 | ERROR | ['CVS']: ConnectionError(MaxRetryError("HTTPSConnectionPool(host='guce.yahoo.com', port=443): Max retries exceeded with url: /consent (Caused by NewConnectionError('<urllib3.connection.HTTPSConnection object at 0x000001C223BCF170>: Failed to establish a new connection: [Errno 11001] getaddrinfo failed'))"))
2026-02-09 04:48:31,726 | ERROR | ['CRWD']: ConnectionError(MaxRetryError("HTTPSConnectionPool(host='guce.yahoo.com', port=443): Max retries exceeded with url: /consent (Caused by NewConnectionError('<urllib3.connection.HTTPSConnection object at 0x000001C225013EF0>: Failed to establish a new connection: [Errno 11001] getaddrinfo failed'))"))
2026-02-09 04:48:31,726 | ERROR | ['CRM', 'DAL']: ConnectionError(MaxRetryError("HTTPSConnectionPool(host='guce.yahoo.com', port=443): Max retries exceeded with url: /consent (Caused by NewConnectionError('<urllib3.connection.HTTPSConnection object at 0x000001C223BCECC0>: Failed to establish a new connection: [Errno 11001] getaddrinfo failed'))"))
2026-02-09 04:48:31,726 | ERROR | ['CTVA']: ConnectionError(MaxRetryError("HTTPSConnectionPool(host='guce.yahoo.com', port=443): Max retries exceeded with url: /consent (Caused by NewConnectionError('<urllib3.connection.HTTPSConnection object at 0x000001C223BCF890>: Failed to establish a new connection: [Errno 11001] getaddrinfo failed'))"))
2026-02-09 04:48:31,726 | ERROR | ['D']: ConnectionError(MaxRetryError("HTTPSConnectionPool(host='guce.yahoo.com', port=443): Max retries exceeded with url: /consent (Caused by NewConnectionError('<urllib3.connection.HTTPSConnection object at 0x000001C223B72F30>: Failed to establish a new connection: [Errno 11001] getaddrinfo failed'))"))
2026-02-09 04:48:31,726 | ERROR | ['CS.PA']: ConnectionError(ProtocolError('Connection aborted.', RemoteDisconnected('Remote end closed connection without response')))
2026-02-09 04:48:31,726 | ERROR | ['CTAS']: ConnectionError(ProtocolError('Connection aborted.', ConnectionAbortedError(10053, 'En etablert tilkobling ble avbrutt av programvaren på vertsmaskinen', None, 10053, None)))
2026-02-09 04:48:31,726 | INFO |   Batch complete, waiting 120s...
2026-02-09 04:55:41,022 | INFO | 
  Batch 11/43 (10 tickers)
2026-02-09 04:55:41,047 | INFO |     Batch download: 10 tickers
2026-02-09 04:58:25,780 | ERROR | 
10 Failed downloads:
2026-02-09 04:58:25,780 | ERROR | ['DHER.DE']: SSLError(MaxRetryError("HTTPSConnectionPool(host='guce.yahoo.com', port=443): Max retries exceeded with url: /consent (Caused by SSLError(SSLEOFError(8, 'EOF occurred in violation of protocol (_ssl.c:2406)')))"))
2026-02-09 04:58:25,780 | ERROR | ['DECK']: ConnectionError(MaxRetryError("HTTPSConnectionPool(host='guce.yahoo.com', port=443): Max retries exceeded with url: /consent (Caused by NewConnectionError('<urllib3.connection.HTTPSConnection object at 0x000001C223BCFE00>: Failed to establish a new connection: [Errno 11001] getaddrinfo failed'))"))
2026-02-09 04:58:25,780 | ERROR | ['DHL.DE', 'DHI']: ConnectionError(MaxRetryError("HTTPSConnectionPool(host='guce.yahoo.com', port=443): Max retries exceeded with url: /consent (Caused by NewConnectionError('<urllib3.connection.HTTPSConnection object at 0x000001C223BCD2E0>: Failed to establish a new connection: [Errno 11001] getaddrinfo failed'))"))
2026-02-09 04:58:25,780 | ERROR | ['DDOG']: ConnectionError(ProtocolError('Connection aborted.', RemoteDisconnected('Remote end closed connection without response')))
2026-02-09 04:58:25,780 | ERROR | ['DGE.L']: ConnectionError(ProtocolError('Connection aborted.', ConnectionAbortedError(10053, 'En etablert tilkobling ble avbrutt av programvaren på vertsmaskinen', None, 10053, None)))
2026-02-09 04:58:25,780 | ERROR | ['DD']: ConnectionError(MaxRetryError("HTTPSConnectionPool(host='query1.finance.yahoo.com', port=443): Max retries exceeded with url: /v1/test/getcrumb (Caused by NewConnectionError('<urllib3.connection.HTTPSConnection object at 0x000001C225013AA0>: Failed to establish a new connection: [Errno 11001] getaddrinfo failed'))"))
2026-02-09 04:58:25,780 | ERROR | ['DE']: ConnectionError(MaxRetryError("HTTPSConnectionPool(host='query1.finance.yahoo.com', port=443): Max retries exceeded with url: /v1/test/getcrumb (Caused by NewConnectionError('<urllib3.connection.HTTPSConnection object at 0x000001C223BAB710>: Failed to establish a new connection: [Errno 11001] getaddrinfo failed'))"))
2026-02-09 04:58:25,780 | ERROR | ['DBK.DE']: ConnectionError(MaxRetryError("HTTPSConnectionPool(host='query1.finance.yahoo.com', port=443): Max retries exceeded with url: /v1/test/getcrumb (Caused by NewConnectionError('<urllib3.connection.HTTPSConnection object at 0x000001C223BD2BD0>: Failed to establish a new connection: [Errno 11001] getaddrinfo failed'))"))
2026-02-09 04:58:25,780 | ERROR | ['DG.PA']: ConnectionError(MaxRetryError("HTTPSConnectionPool(host='query1.finance.yahoo.com', port=443): Max retries exceeded with url: /v1/test/getcrumb (Caused by NewConnectionError('<urllib3.connection.HTTPSConnection object at 0x000001C223C0BAD0>: Failed to establish a new connection: [Errno 11001] getaddrinfo failed'))"))
2026-02-09 04:58:25,780 | INFO |   Batch complete, waiting 120s...
2026-02-09 05:11:36,138 | INFO | 
  Batch 12/43 (10 tickers)
2026-02-09 05:11:36,145 | INFO |     Batch download: 10 tickers
2026-02-09 05:21:36,228 | ERROR | 
10 Failed downloads:
2026-02-09 05:21:36,228 | ERROR | ['DNB.OL']: ConnectionError(MaxRetryError("HTTPSConnectionPool(host='query1.finance.yahoo.com', port=443): Max retries exceeded with url: /v1/test/getcrumb (Caused by NewConnectionError('<urllib3.connection.HTTPSConnection object at 0x000001C22125C6B0>: Failed to establish a new connection: [Errno 11001] getaddrinfo failed'))"))
2026-02-09 05:21:36,228 | ERROR | ['DIA']: ConnectionError(MaxRetryError("HTTPSConnectionPool(host='query1.finance.yahoo.com', port=443): Max retries exceeded with url: /v1/test/getcrumb (Caused by NewConnectionError('<urllib3.connection.HTTPSConnection object at 0x000001C223BCE060>: Failed to establish a new connection: [Errno 11001] getaddrinfo failed'))"))
2026-02-09 05:21:36,228 | ERROR | ['DPZ']: ConnectionError(MaxRetryError("HTTPSConnectionPool(host='query1.finance.yahoo.com', port=443): Max retries exceeded with url: /v1/test/getcrumb (Caused by NewConnectionError('<urllib3.connection.HTTPSConnection object at 0x000001C223BCE270>: Failed to establish a new connection: [Errno 11001] getaddrinfo failed'))"))
2026-02-09 05:21:36,228 | ERROR | ['DTE.DE']: ConnectionError(MaxRetryError("HTTPSConnectionPool(host='query1.finance.yahoo.com', port=443): Max retries exceeded with url: /v1/test/getcrumb (Caused by NewConnectionError('<urllib3.connection.HTTPSConnection object at 0x000001C223BCD9A0>: Failed to establish a new connection: [Errno 11001] getaddrinfo failed'))"))
2026-02-09 05:21:36,228 | ERROR | ['DOW']: ConnectionError(ProtocolError('Connection aborted.', RemoteDisconnected('Remote end closed connection without response')))
2026-02-09 05:21:36,228 | ERROR | ['DLR']: ConnectionError(ProtocolError('Connection aborted.', ConnectionResetError(10054, 'En eksisterende tilkobling ble tvangslukket av den eksterne verten', None, 10054, None)))
2026-02-09 05:21:36,228 | ERROR | ['DOCU']: ReadTimeout(ReadTimeoutError("HTTPSConnectionPool(host='query2.finance.yahoo.com', port=443): Read timed out. (read timeout=10)"))
2026-02-09 05:21:36,228 | ERROR | ['DIS']: ConnectionError(MaxRetryError("HTTPSConnectionPool(host='query2.finance.yahoo.com', port=443): Max retries exceeded with url: /v8/finance/chart/DIS?period1=1770440400&period2=1770699600&interval=1d&includePrePost=False&events=div%2Csplits%2CcapitalGains&crumb=Too+Many+Requests%0D%0A (Caused by NewConnectionError('<urllib3.connection.HTTPSConnection object at 0x000001C223C09CD0>: Failed to establish a new connection: [Errno 11001] getaddrinfo failed'))"))
2026-02-09 05:21:36,228 | ERROR | ['DSY.PA']: ConnectionError(MaxRetryError("HTTPSConnectionPool(host='query2.finance.yahoo.com', port=443): Max retries exceeded with url: /v8/finance/chart/DSY.PA?period1=1770418800&period2=1770678000&interval=1d&includePrePost=False&events=div%2Csplits%2CcapitalGains&crumb=Too+Many+Requests%0D%0A (Caused by NewConnectionError('<urllib3.connection.HTTPSConnection object at 0x000001C223C0A210>: Failed to establish a new connection: [Errno 11001] getaddrinfo failed'))"))
2026-02-09 05:21:36,228 | ERROR | ['DHR']: ConnectionError(MaxRetryError("HTTPSConnectionPool(host='query2.finance.yahoo.com', port=443): Max retries exceeded with url: /v8/finance/chart/DHR?period1=1770440400&period2=1770699600&interval=1d&includePrePost=False&events=div%2Csplits%2CcapitalGains&crumb=Too+Many+Requests%0D%0A (Caused by NewConnectionError('<urllib3.connection.HTTPSConnection object at 0x000001C223C09AC0>: Failed to establish a new connection: [Errno 11001] getaddrinfo failed'))"))
2026-02-09 05:21:36,238 | INFO |   Batch complete, waiting 120s...
2026-02-09 05:34:41,314 | INFO | 
  Batch 13/43 (10 tickers)
2026-02-09 05:34:41,330 | INFO |     Batch download: 10 tickers
2026-02-09 05:35:36,389 | ERROR | 
10 Failed downloads:
2026-02-09 05:35:36,389 | ERROR | ['ED']: ConnectionError(MaxRetryError("HTTPSConnectionPool(host='query2.finance.yahoo.com', port=443): Max retries exceeded with url: /v8/finance/chart/ED?period1=1770440400&period2=1770699600&interval=1d&includePrePost=False&events=div%2Csplits%2CcapitalGains&crumb=Too+Many+Requests%0D%0A (Caused by NewConnectionError('<urllib3.connection.HTTPSConnection object at 0x000001C223BCE060>: Failed to establish a new connection: [Errno 11001] getaddrinfo failed'))"))
2026-02-09 05:35:36,389 | ERROR | ['DVN']: ConnectionError(MaxRetryError("HTTPSConnectionPool(host='query2.finance.yahoo.com', port=443): Max retries exceeded with url: /v8/finance/chart/DVN?period1=1770440400&period2=1770699600&interval=1d&includePrePost=False&events=div%2Csplits%2CcapitalGains&crumb=Too+Many+Requests%0D%0A (Caused by NewConnectionError('<urllib3.connection.HTTPSConnection object at 0x000001C223BCE780>: Failed to establish a new connection: [Errno 11001] getaddrinfo failed'))"))
2026-02-09 05:35:36,389 | ERROR | ['DXCM']: ConnectionError(MaxRetryError("HTTPSConnectionPool(host='query2.finance.yahoo.com', port=443): Max retries exceeded with url: /v8/finance/chart/DXCM?period1=1770440400&period2=1770699600&interval=1d&includePrePost=False&events=div%2Csplits%2CcapitalGains&crumb=Too+Many+Requests%0D%0A (Caused by NewConnectionError('<urllib3.connection.HTTPSConnection object at 0x000001C225012C30>: Failed to establish a new connection: [Errno 11001] getaddrinfo failed'))"))
2026-02-09 05:35:36,389 | ERROR | ['EL.PA']: ConnectionError(MaxRetryError("HTTPSConnectionPool(host='query2.finance.yahoo.com', port=443): Max retries exceeded with url: /v8/finance/chart/EL.PA?period1=1770418800&period2=1770678000&interval=1d&includePrePost=False&events=div%2Csplits%2CcapitalGains&crumb=Too+Many+Requests%0D%0A (Caused by NewConnectionError('<urllib3.connection.HTTPSConnection object at 0x000001C225012ED0>: Failed to establish a new connection: [Errno 11001] getaddrinfo failed'))"))
2026-02-09 05:35:36,389 | ERROR | ['EA']: ConnectionError(MaxRetryError("HTTPSConnectionPool(host='query2.finance.yahoo.com', port=443): Max retries exceeded with url: /v8/finance/chart/EA?period1=1770440400&period2=1770699600&interval=1d&includePrePost=False&events=div%2Csplits%2CcapitalGains&crumb=Too+Many+Requests%0D%0A (Caused by NewConnectionError('<urllib3.connection.HTTPSConnection object at 0x000001C223B72D50>: Failed to establish a new connection: [Errno 11001] getaddrinfo failed'))"))
2026-02-09 05:35:36,389 | ERROR | ['DUK']: ConnectionError(MaxRetryError("HTTPSConnectionPool(host='query2.finance.yahoo.com', port=443): Max retries exceeded with url: /v8/finance/chart/DUK?period1=1770440400&period2=1770699600&interval=1d&includePrePost=False&events=div%2Csplits%2CcapitalGains&crumb=Too+Many+Requests%0D%0A (Caused by NewConnectionError('<urllib3.connection.HTTPSConnection object at 0x000001C2250139E0>: Failed to establish a new connection: [Errno 11001] getaddrinfo failed'))"))
2026-02-09 05:35:36,389 | ERROR | ['EBAY']: ConnectionError(MaxRetryError("HTTPSConnectionPool(host='query2.finance.yahoo.com', port=443): Max retries exceeded with url: /v8/finance/chart/EBAY?period1=1770440400&period2=1770699600&interval=1d&includePrePost=False&events=div%2Csplits%2CcapitalGains&crumb=Too+Many+Requests%0D%0A (Caused by NewConnectionError('<urllib3.connection.HTTPSConnection object at 0x000001C225012C30>: Failed to establish a new connection: [Errno 11001] getaddrinfo failed'))"))
2026-02-09 05:35:36,389 | ERROR | ['EL']: ConnectionError(ProtocolError('Connection aborted.', RemoteDisconnected('Remote end closed connection without response')))
2026-02-09 05:35:36,389 | ERROR | ['EIX']: ConnectionError(MaxRetryError("HTTPSConnectionPool(host='guce.yahoo.com', port=443): Max retries exceeded with url: /consent (Caused by NewConnectionError('<urllib3.connection.HTTPSConnection object at 0x000001C223C0B770>: Failed to establish a new connection: [Errno 11001] getaddrinfo failed'))"))
2026-02-09 05:35:36,389 | ERROR | ['ECL']: ConnectionError(MaxRetryError("HTTPSConnectionPool(host='guce.yahoo.com', port=443): Max retries exceeded with url: /consent (Caused by NewConnectionError('<urllib3.connection.HTTPSConnection object at 0x000001C223C0B920>: Failed to establish a new connection: [Errno 11001] getaddrinfo failed'))"))
2026-02-09 05:35:36,389 | INFO |   Batch complete, waiting 120s...
2026-02-09 05:41:36,346 | INFO | 
  Batch 14/43 (10 tickers)
2026-02-09 05:41:36,366 | INFO |     Batch download: 10 tickers
2026-02-09 05:45:36,382 | ERROR | 
10 Failed downloads:
2026-02-09 05:45:36,382 | ERROR | ['EMR', 'ENTRA.OL']: ConnectionError(MaxRetryError("HTTPSConnectionPool(host='guce.yahoo.com', port=443): Max retries exceeded with url: /consent (Caused by NewConnectionError('<urllib3.connection.HTTPSConnection object at 0x000001C223C09220>: Failed to establish a new connection: [Errno 11001] getaddrinfo failed'))"))
2026-02-09 05:45:36,382 | ERROR | ['ENR.DE']: ConnectionError(MaxRetryError("HTTPSConnectionPool(host='guce.yahoo.com', port=443): Max retries exceeded with url: /consent (Caused by NewConnectionError('<urllib3.connection.HTTPSConnection object at 0x000001C223C09250>: Failed to establish a new connection: [Errno 11001] getaddrinfo failed'))"))
2026-02-09 05:45:36,382 | ERROR | ['ELV']: ConnectionError(MaxRetryError("HTTPSConnectionPool(host='guce.yahoo.com', port=443): Max retries exceeded with url: /consent (Caused by NewConnectionError('<urllib3.connection.HTTPSConnection object at 0x000001C223C09490>: Failed to establish a new connection: [Errno 11001] getaddrinfo failed'))"))
2026-02-09 05:45:36,382 | ERROR | ['EQIX']: ConnectionError(MaxRetryError("HTTPSConnectionPool(host='guce.yahoo.com', port=443): Max retries exceeded with url: /consent (Caused by NewConnectionError('<urllib3.connection.HTTPSConnection object at 0x000001C223C0B950>: Failed to establish a new connection: [Errno 11001] getaddrinfo failed'))"))
2026-02-09 05:45:36,382 | ERROR | ['EN.PA']: ConnectionError(MaxRetryError("HTTPSConnectionPool(host='guce.yahoo.com', port=443): Max retries exceeded with url: /consent (Caused by NewConnectionError('<urllib3.connection.HTTPSConnection object at 0x000001C223C091F0>: Failed to establish a new connection: [Errno 11001] getaddrinfo failed'))"))
2026-02-09 05:45:36,382 | ERROR | ['EOAN.DE']: ConnectionError(ProtocolError('Connection aborted.', ConnectionResetError(10054, 'En eksisterende tilkobling ble tvangslukket av den eksterne verten', None, 10054, None)))
2026-02-09 05:45:36,382 | ERROR | ['ENGI.PA']: ConnectionError(MaxRetryError("HTTPSConnectionPool(host='guce.yahoo.com', port=443): Max retries exceeded with url: /consent (Caused by NewConnectionError('<urllib3.connection.HTTPSConnection object at 0x000001C223C0B500>: Failed to establish a new connection: [Errno 11001] getaddrinfo failed'))"))
2026-02-09 05:45:36,382 | ERROR | ['EOG']: ConnectionError(MaxRetryError("HTTPSConnectionPool(host='guce.yahoo.com', port=443): Max retries exceeded with url: /consent (Caused by NewConnectionError('<urllib3.connection.HTTPSConnection object at 0x000001C223C0ABD0>: Failed to establish a new connection: [Errno 11001] getaddrinfo failed'))"))
2026-02-09 05:45:36,382 | ERROR | ['ELMRA.OL']: ConnectionError(MaxRetryError("HTTPSConnectionPool(host='guce.yahoo.com', port=443): Max retries exceeded with url: /consent (Caused by NewConnectionError('<urllib3.connection.HTTPSConnection object at 0x000001C223C096D0>: Failed to establish a new connection: [Errno 11001] getaddrinfo failed'))"))
2026-02-09 05:45:36,397 | INFO |   Batch complete, waiting 120s...
