2026-02-04 01:27:37,195 | INFO | ======================================================================
2026-02-04 01:27:37,195 | INFO | IoS-001 DAILY PRICE INGEST
2026-02-04 01:27:37,195 | INFO | Executor: LINE (EC-004)
2026-02-04 01:27:37,195 | INFO | Authority: CEO_DIRECTIVE_LINE_DAILY_INGEST_ACTIVATION_20251212
2026-02-04 01:27:37,195 | INFO | Time: 2026-02-04T00:27:37.195685+00:00
2026-02-04 01:27:37,195 | INFO | Asset Class Filter: ALL
2026-02-04 01:27:37,195 | INFO | Dry Run: False
2026-02-04 01:27:37,195 | INFO | ======================================================================
2026-02-04 01:27:37,401 | INFO | Found 491 VEGA-attested assets
2026-02-04 01:27:37,401 | INFO | 
============================================================
2026-02-04 01:27:37,401 | INFO | Processing CRYPTO: 46 assets
2026-02-04 01:27:37,401 | INFO | Schedule: Daily 01:00 UTC
2026-02-04 01:27:37,401 | INFO | ============================================================
2026-02-04 01:27:37,401 | INFO | 
  Batch 1/2 (25 assets)
2026-02-04 01:27:39,876 | WARNING |   [ADA-USD] Fetch error: Too Many Requests. Rate limited. Try after a while.
2026-02-04 01:27:43,481 | WARNING |   [ALGO-USD] Fetch error: Too Many Requests. Rate limited. Try after a while.
2026-02-04 01:27:46,978 | WARNING |   [ATOM-USD] Fetch error: Too Many Requests. Rate limited. Try after a while.
2026-02-04 01:27:50,473 | WARNING |   [AVAX-USD] Fetch error: Too Many Requests. Rate limited. Try after a while.
2026-02-04 01:27:53,939 | WARNING |   [AXS-USD] Fetch error: Too Many Requests. Rate limited. Try after a while.
2026-02-04 01:27:57,615 | WARNING |   [BCH-USD] Fetch error: Too Many Requests. Rate limited. Try after a while.
2026-02-04 01:28:01,145 | WARNING |   [BNB-USD] Fetch error: Too Many Requests. Rate limited. Try after a while.
2026-02-04 01:28:04,645 | WARNING |   [BTC-USD] Fetch error: Too Many Requests. Rate limited. Try after a while.
2026-02-04 01:28:08,162 | WARNING |   [CHZ-USD] Fetch error: Too Many Requests. Rate limited. Try after a while.
2026-02-04 01:28:11,646 | WARNING |   [CRO-USD] Fetch error: Too Many Requests. Rate limited. Try after a while.
2026-02-04 01:28:15,143 | WARNING |   [CRV-USD] Fetch error: Too Many Requests. Rate limited. Try after a while.
2026-02-04 01:28:18,621 | WARNING |   [DOGE-USD] Fetch error: Too Many Requests. Rate limited. Try after a while.
2026-02-04 01:28:22,227 | WARNING |   [DOT-USD] Fetch error: Too Many Requests. Rate limited. Try after a while.
2026-02-04 01:28:25,732 | WARNING |   [EOS-USD] Fetch error: Too Many Requests. Rate limited. Try after a while.
2026-02-04 01:28:29,246 | WARNING |   [ETC-USD] Fetch error: Too Many Requests. Rate limited. Try after a while.
2026-02-04 01:28:32,760 | WARNING |   [ETH-USD] Fetch error: Too Many Requests. Rate limited. Try after a while.
2026-02-04 01:28:36,341 | WARNING |   [FIL-USD] Fetch error: Too Many Requests. Rate limited. Try after a while.
2026-02-04 01:28:39,817 | WARNING |   [FLOW-USD] Fetch error: Too Many Requests. Rate limited. Try after a while.
2026-02-04 01:28:43,339 | WARNING |   [GRT-USD] Fetch error: Too Many Requests. Rate limited. Try after a while.
2026-02-04 01:28:46,897 | WARNING |   [HBAR-USD] Fetch error: Too Many Requests. Rate limited. Try after a while.
2026-02-04 01:28:50,481 | WARNING |   [ICP-USD] Fetch error: Too Many Requests. Rate limited. Try after a while.
2026-02-04 01:28:53,977 | WARNING |   [INJ-USD] Fetch error: Too Many Requests. Rate limited. Try after a while.
2026-02-04 01:28:57,483 | WARNING |   [LDO-USD] Fetch error: Too Many Requests. Rate limited. Try after a while.
2026-02-04 01:29:00,972 | WARNING |   [LINK-USD] Fetch error: Too Many Requests. Rate limited. Try after a while.
2026-02-04 01:29:04,668 | WARNING |   [LTC-USD] Fetch error: Too Many Requests. Rate limited. Try after a while.
2026-02-04 01:29:07,680 | INFO |   Batch complete, waiting 60s...
2026-02-04 01:30:07,682 | INFO | 
  Batch 2/2 (21 assets)
2026-02-04 01:30:08,585 | WARNING |   [MANA-USD] Fetch error: Too Many Requests. Rate limited. Try after a while.
2026-02-04 01:30:12,095 | WARNING |   [MKR-USD] Fetch error: Too Many Requests. Rate limited. Try after a while.
2026-02-04 01:30:15,598 | WARNING |   [NEAR-USD] Fetch error: Too Many Requests. Rate limited. Try after a while.
2026-02-04 01:30:19,111 | WARNING |   [OKB-USD] Fetch error: Too Many Requests. Rate limited. Try after a while.
2026-02-04 01:30:22,681 | WARNING |   [QNT-USD] Fetch error: Too Many Requests. Rate limited. Try after a while.
2026-02-04 01:30:26,453 | WARNING |   [RPL-USD] Fetch error: Too Many Requests. Rate limited. Try after a while.
2026-02-04 01:30:29,942 | WARNING |   [RUNE-USD] Fetch error: Too Many Requests. Rate limited. Try after a while.
2026-02-04 01:30:33,508 | WARNING |   [SAND-USD] Fetch error: Too Many Requests. Rate limited. Try after a while.
2026-02-04 01:30:36,985 | WARNING |   [SHIB-USD] Fetch error: Too Many Requests. Rate limited. Try after a while.
2026-02-04 01:30:40,574 | WARNING |   [SNX-USD] Fetch error: Too Many Requests. Rate limited. Try after a while.
2026-02-04 01:30:44,055 | WARNING |   [SOL-USD] Fetch error: Too Many Requests. Rate limited. Try after a while.
2026-02-04 01:30:48,231 | WARNING |   [THETA-USD] Fetch error: Too Many Requests. Rate limited. Try after a while.
2026-02-04 01:30:52,161 | WARNING |   [TRX-USD] Fetch error: Too Many Requests. Rate limited. Try after a while.
2026-02-04 01:30:56,107 | WARNING |   [UNI-USD] Fetch error: Too Many Requests. Rate limited. Try after a while.
2026-02-04 01:31:00,113 | WARNING |   [VET-USD] Fetch error: Too Many Requests. Rate limited. Try after a while.
2026-02-04 01:31:04,441 | WARNING |   [XLM-USD] Fetch error: Too Many Requests. Rate limited. Try after a while.
2026-02-04 01:31:08,346 | WARNING |   [XMR-USD] Fetch error: Too Many Requests. Rate limited. Try after a while.
2026-02-04 01:31:12,467 | WARNING |   [XRP-USD] Fetch error: Too Many Requests. Rate limited. Try after a while.
2026-02-04 01:31:16,673 | WARNING |   [XTZ-USD] Fetch error: Too Many Requests. Rate limited. Try after a while.
2026-02-04 01:31:20,744 | WARNING |   [ZEC-USD] Fetch error: Too Many Requests. Rate limited. Try after a while.
2026-02-04 01:31:24,820 | WARNING |   [AAVE-USD] Fetch error: Too Many Requests. Rate limited. Try after a while.
2026-02-04 01:31:27,835 | INFO | 
============================================================
2026-02-04 01:31:27,835 | INFO | Processing EQUITY: 421 assets
2026-02-04 01:31:27,835 | INFO | Schedule: Weekdays 22:00 UTC
2026-02-04 01:31:27,835 | INFO | ============================================================
2026-02-04 01:31:27,835 | INFO | 
  Batch 1/17 (25 assets)
2026-02-04 01:31:28,879 | WARNING |   [1COV.DE] Fetch error: Too Many Requests. Rate limited. Try after a while.
2026-02-04 01:31:32,973 | WARNING |   [ABBV] Fetch error: Too Many Requests. Rate limited. Try after a while.
2026-02-04 01:31:36,930 | WARNING |   [ABNB] Fetch error: Too Many Requests. Rate limited. Try after a while.
2026-02-04 01:31:40,794 | WARNING |   [ABT] Fetch error: Too Many Requests. Rate limited. Try after a while.
2026-02-04 01:31:44,650 | WARNING |   [ACA.PA] Fetch error: Too Many Requests. Rate limited. Try after a while.
2026-02-04 01:31:48,560 | WARNING |   [ADBE] Fetch error: Too Many Requests. Rate limited. Try after a while.
2026-02-04 01:31:52,577 | WARNING |   [ADI] Fetch error: Too Many Requests. Rate limited. Try after a while.
2026-02-04 01:31:56,622 | WARNING |   [ADS.DE] Fetch error: Too Many Requests. Rate limited. Try after a while.
2026-02-04 01:32:00,597 | WARNING |   [ADSK] Fetch error: Too Many Requests. Rate limited. Try after a while.
2026-02-04 01:32:04,965 | WARNING |   [AEP] Fetch error: Too Many Requests. Rate limited. Try after a while.
2026-02-04 01:32:09,166 | WARNING |   [AFL] Fetch error: Too Many Requests. Rate limited. Try after a while.
2026-02-04 01:32:13,069 | WARNING |   [AI.PA] Fetch error: Too Many Requests. Rate limited. Try after a while.
2026-02-04 01:32:17,042 | WARNING |   [AIG] Fetch error: Too Many Requests. Rate limited. Try after a while.
2026-02-04 01:32:20,939 | WARNING |   [AIR.DE] Fetch error: Too Many Requests. Rate limited. Try after a while.
2026-02-04 01:32:24,944 | WARNING |   [AIR.PA] Fetch error: Too Many Requests. Rate limited. Try after a while.
2026-02-04 01:32:28,796 | WARNING |   [AKAM] Fetch error: Too Many Requests. Rate limited. Try after a while.
2026-02-04 01:32:33,230 | WARNING |   [AKER.OL] Fetch error: Too Many Requests. Rate limited. Try after a while.
