2026-01-12 09:32:45,350 | INFO | ======================================================================
2026-01-12 09:32:45,351 | INFO | IoS-001 DAILY PRICE INGEST
2026-01-12 09:32:45,352 | INFO | Executor: LINE (EC-004)
2026-01-12 09:32:45,352 | INFO | Authority: CEO_DIRECTIVE_LINE_DAILY_INGEST_ACTIVATION_20251212
2026-01-12 09:32:45,352 | INFO | Time: 2026-01-12T08:32:45.352160+00:00
2026-01-12 09:32:45,352 | INFO | Asset Class Filter: ALL
2026-01-12 09:32:45,352 | INFO | Dry Run: False
2026-01-12 09:32:45,352 | INFO | ======================================================================
2026-01-12 09:32:45,706 | INFO | Found 491 VEGA-attested assets
2026-01-12 09:32:45,706 | INFO | 
============================================================
2026-01-12 09:32:45,707 | INFO | Processing CRYPTO: 46 assets
2026-01-12 09:32:45,707 | INFO | Schedule: Daily 01:00 UTC
2026-01-12 09:32:45,707 | INFO | ============================================================
2026-01-12 09:32:45,708 | INFO | 
  Batch 1/2 (25 assets)
2026-01-12 09:32:45,797 | INFO |   Batch complete, waiting 60s...
2026-01-12 09:33:45,798 | INFO | 
  Batch 2/2 (21 assets)
2026-01-12 09:33:47,183 | ERROR | $UNI-USD: possibly delisted; no price data found  (1d 2026-01-08 -> 2026-01-13)
2026-01-12 09:33:50,201 | INFO | 
============================================================
2026-01-12 09:33:50,201 | INFO | Processing EQUITY: 421 assets
2026-01-12 09:33:50,202 | INFO | Schedule: Weekdays 22:00 UTC
2026-01-12 09:33:50,202 | INFO | ============================================================
2026-01-12 09:33:50,202 | INFO | 
  Batch 1/17 (25 assets)
2026-01-12 09:33:50,362 | ERROR | $1COV.DE: possibly delisted; no price data found  (1d 2025-12-24 -> 2026-01-13)
2026-01-12 09:33:53,542 | INFO |     [ABBV] +1 rows
2026-01-12 09:33:56,704 | INFO |     [ABNB] +1 rows
2026-01-12 09:33:59,885 | INFO |     [ABT] +1 rows
2026-01-12 09:34:03,110 | INFO |     [ACA.PA] +1 rows
2026-01-12 09:34:06,284 | INFO |     [ADBE] +1 rows
2026-01-12 09:34:09,429 | INFO |     [ADI] +1 rows
2026-01-12 09:34:12,664 | INFO |     [ADSK] +1 rows
2026-01-12 09:34:15,912 | INFO |     [AEP] +1 rows
2026-01-12 09:34:19,075 | INFO |     [AFL] +1 rows
2026-01-12 09:34:22,251 | INFO |     [AI.PA] +1 rows
2026-01-12 09:34:25,420 | INFO |     [AIG] +1 rows
2026-01-12 09:34:28,592 | INFO |     [AIR.PA] +1 rows
2026-01-12 09:34:31,725 | INFO |     [AKAM] +1 rows
2026-01-12 09:34:34,907 | INFO |     [AKER.OL] +1 rows
2026-01-12 09:34:38,079 | INFO |     [AKRBP.OL] +1 rows
2026-01-12 09:34:41,236 | INFO |     [AKSO.OL] +1 rows
2026-01-12 09:34:44,432 | INFO |     [AKVA.OL] +1 rows
2026-01-12 09:34:47,640 | INFO |     [ALB] +1 rows
2026-01-12 09:34:50,822 | INFO |     [ALL] +1 rows
2026-01-12 09:34:53,950 | INFO |     [ALO.PA] +1 rows
2026-01-12 09:34:57,091 | INFO |     [AMAT] +1 rows
2026-01-12 09:35:00,092 | INFO |   Batch complete, waiting 60s...
2026-01-12 09:36:00,094 | INFO | 
  Batch 2/17 (25 assets)
2026-01-12 09:36:00,228 | INFO |     [AMD] +1 rows
2026-01-12 09:36:03,394 | INFO |     [AMGN] +1 rows
2026-01-12 09:36:06,645 | INFO |     [AMT] +1 rows
2026-01-12 09:36:09,781 | INFO |     [AMZN] +1 rows
2026-01-12 09:36:13,073 | INFO |     [AON] +1 rows
2026-01-12 09:36:16,258 | INFO |     [APD] +1 rows
2026-01-12 09:36:19,419 | INFO |     [ASML] +1 rows
2026-01-12 09:36:22,583 | INFO |     [ATO.PA] +1 rows
2026-01-12 09:36:25,818 | INFO |     [AUSS.OL] +1 rows
2026-01-12 09:36:28,980 | INFO |     [AUTO.OL] +1 rows
2026-01-12 09:36:32,174 | INFO |     [AV.L] +1 rows
2026-01-12 09:36:35,340 | INFO |     [AVB] +1 rows
2026-01-12 09:36:38,470 | INFO |     [AVGO] +1 rows
2026-01-12 09:36:41,617 | INFO |     [AWK] +1 rows
2026-01-12 09:36:44,795 | INFO |     [AXP] +1 rows
2026-01-12 09:36:47,969 | INFO |     [AZO] +1 rows
2026-01-12 09:36:51,207 | INFO |     [BA] +1 rows
2026-01-12 09:36:54,407 | INFO |     [BA.L] +1 rows
2026-01-12 09:36:57,596 | INFO |     [BAC] +1 rows
2026-01-12 09:37:00,604 | INFO |   Batch complete, waiting 60s...
