2026-01-21 01:34:31,190 | INFO | ======================================================================
2026-01-21 01:34:31,199 | INFO | IoS-001 DAILY PRICE INGEST
2026-01-21 01:34:31,199 | INFO | Executor: LINE (EC-004)
2026-01-21 01:34:31,199 | INFO | Authority: CEO_DIRECTIVE_LINE_DAILY_INGEST_ACTIVATION_20251212
2026-01-21 01:34:31,199 | INFO | Time: 2026-01-21T00:34:31.199003+00:00
2026-01-21 01:34:31,199 | INFO | Asset Class Filter: ALL
2026-01-21 01:34:31,199 | INFO | Dry Run: False
2026-01-21 01:34:31,199 | INFO | ======================================================================
2026-01-21 01:34:31,552 | INFO | Found 491 VEGA-attested assets
2026-01-21 01:34:31,552 | INFO | 
============================================================
2026-01-21 01:34:31,552 | INFO | Processing CRYPTO: 46 assets
2026-01-21 01:34:31,552 | INFO | Schedule: Daily 01:00 UTC
2026-01-21 01:34:31,552 | INFO | ============================================================
2026-01-21 01:34:31,552 | INFO | 
  Batch 1/2 (25 assets)
2026-01-21 01:34:32,582 | INFO |     [ADA-USD] +1 rows
2026-01-21 01:34:35,722 | INFO |     [ALGO-USD] +1 rows
2026-01-21 01:34:38,846 | INFO |     [ATOM-USD] +1 rows
2026-01-21 01:34:41,976 | INFO |     [AVAX-USD] +1 rows
2026-01-21 01:34:45,121 | INFO |     [AXS-USD] +1 rows
2026-01-21 01:34:48,249 | INFO |     [BCH-USD] +1 rows
2026-01-21 01:34:51,367 | INFO |     [BNB-USD] +1 rows
2026-01-21 01:34:54,497 | INFO |     [BTC-USD] +1 rows
2026-01-21 01:34:57,628 | INFO |     [CHZ-USD] +1 rows
2026-01-21 01:35:00,750 | INFO |     [CRO-USD] +1 rows
2026-01-21 01:35:03,843 | INFO |     [CRV-USD] +1 rows
2026-01-21 01:35:06,942 | INFO |     [DOGE-USD] +1 rows
2026-01-21 01:35:10,057 | INFO |     [DOT-USD] +1 rows
2026-01-21 01:35:13,154 | INFO |     [EOS-USD] +1 rows
2026-01-21 01:35:16,250 | INFO |     [ETC-USD] +1 rows
2026-01-21 01:35:19,369 | INFO |     [ETH-USD] +1 rows
2026-01-21 01:35:22,503 | INFO |     [FIL-USD] +1 rows
2026-01-21 01:35:25,634 | INFO |     [FLOW-USD] +1 rows
2026-01-21 01:35:28,714 | ERROR | $GRT-USD: possibly delisted; no price data found  (1d 2026-01-21 -> 2026-01-22)
2026-01-21 01:35:31,826 | INFO |     [HBAR-USD] +1 rows
2026-01-21 01:35:34,963 | INFO |     [ICP-USD] +1 rows
2026-01-21 01:35:38,088 | INFO |     [INJ-USD] +1 rows
2026-01-21 01:35:41,184 | INFO |     [LDO-USD] +1 rows
2026-01-21 01:35:44,295 | INFO |     [LINK-USD] +1 rows
2026-01-21 01:35:47,439 | INFO |     [LTC-USD] +1 rows
2026-01-21 01:35:50,441 | INFO |   Batch complete, waiting 60s...
2026-01-21 01:36:50,442 | INFO | 
  Batch 2/2 (21 assets)
2026-01-21 01:36:50,541 | INFO |     [MANA-USD] +1 rows
2026-01-21 01:36:53,666 | INFO |     [MKR-USD] +1 rows
2026-01-21 01:36:56,774 | INFO |     [NEAR-USD] +1 rows
2026-01-21 01:36:59,906 | INFO |     [OKB-USD] +1 rows
2026-01-21 01:37:03,012 | INFO |     [QNT-USD] +1 rows
2026-01-21 01:37:06,136 | INFO |     [RPL-USD] +1 rows
2026-01-21 01:37:09,235 | INFO |     [RUNE-USD] +1 rows
2026-01-21 01:37:12,365 | INFO |     [SAND-USD] +1 rows
2026-01-21 01:37:15,499 | INFO |     [SHIB-USD] +1 rows
2026-01-21 01:37:18,600 | INFO |     [SNX-USD] +1 rows
2026-01-21 01:37:21,706 | INFO |     [SOL-USD] +1 rows
2026-01-21 01:37:24,847 | INFO |     [THETA-USD] +1 rows
2026-01-21 01:37:27,978 | INFO |     [TRX-USD] +1 rows
2026-01-21 01:37:31,077 | ERROR | $UNI-USD: possibly delisted; no price data found  (1d 2026-01-21 -> 2026-01-22)
2026-01-21 01:37:34,239 | INFO |     [VET-USD] +1 rows
2026-01-21 01:37:37,362 | INFO |     [XLM-USD] +1 rows
2026-01-21 01:37:40,477 | INFO |     [XMR-USD] +1 rows
2026-01-21 01:37:43,600 | INFO |     [XRP-USD] +1 rows
2026-01-21 01:37:46,706 | INFO |     [XTZ-USD] +1 rows
2026-01-21 01:37:49,798 | INFO |     [ZEC-USD] +1 rows
2026-01-21 01:37:52,933 | INFO |     [AAVE-USD] +1 rows
2026-01-21 01:37:55,935 | INFO | 
============================================================
2026-01-21 01:37:55,936 | INFO | Processing EQUITY: 421 assets
2026-01-21 01:37:55,937 | INFO | Schedule: Weekdays 22:00 UTC
2026-01-21 01:37:55,938 | INFO | ============================================================
2026-01-21 01:37:55,938 | INFO | 
  Batch 1/17 (25 assets)
2026-01-21 01:37:56,168 | ERROR | $1COV.DE: possibly delisted; no price data found  (1d 2025-12-24 -> 2026-01-22)
2026-01-21 01:38:01,671 | ERROR | $ABBV: possibly delisted; no price data found  (1d 2026-01-21 -> 2026-01-22) (Yahoo error = "Data doesn't exist for startDate = 1768971600, endDate = 1769058000")
2026-01-21 01:38:05,920 | ERROR | $ABNB: possibly delisted; no price data found  (1d 2026-01-21 -> 2026-01-22) (Yahoo error = "Data doesn't exist for startDate = 1768971600, endDate = 1769058000")
2026-01-21 01:38:10,053 | ERROR | $ABT: possibly delisted; no price data found  (1d 2026-01-21 -> 2026-01-22) (Yahoo error = "Data doesn't exist for startDate = 1768971600, endDate = 1769058000")
2026-01-21 01:38:13,239 | INFO |     [ACA.PA] +1 rows
2026-01-21 01:38:17,576 | ERROR | $ADBE: possibly delisted; no price data found  (1d 2026-01-21 -> 2026-01-22) (Yahoo error = "Data doesn't exist for startDate = 1768971600, endDate = 1769058000")
2026-01-21 01:38:21,728 | ERROR | $ADI: possibly delisted; no price data found  (1d 2026-01-21 -> 2026-01-22) (Yahoo error = "Data doesn't exist for startDate = 1768971600, endDate = 1769058000")
2026-01-21 01:38:24,854 | INFO |     [ADS.DE] +1 rows
2026-01-21 01:38:29,319 | ERROR | $ADSK: possibly delisted; no price data found  (1d 2026-01-21 -> 2026-01-22) (Yahoo error = "Data doesn't exist for startDate = 1768971600, endDate = 1769058000")
2026-01-21 01:38:33,300 | ERROR | $AEP: possibly delisted; no price data found  (1d 2026-01-21 -> 2026-01-22) (Yahoo error = "Data doesn't exist for startDate = 1768971600, endDate = 1769058000")
2026-01-21 01:38:37,439 | ERROR | $AFL: possibly delisted; no price data found  (1d 2026-01-21 -> 2026-01-22) (Yahoo error = "Data doesn't exist for startDate = 1768971600, endDate = 1769058000")
2026-01-21 01:38:40,586 | INFO |     [AI.PA] +1 rows
2026-01-21 01:38:44,713 | ERROR | $AIG: possibly delisted; no price data found  (1d 2026-01-21 -> 2026-01-22) (Yahoo error = "Data doesn't exist for startDate = 1768971600, endDate = 1769058000")
2026-01-21 01:38:47,875 | INFO |     [AIR.DE] +1 rows
2026-01-21 01:38:51,036 | INFO |     [AIR.PA] +1 rows
2026-01-21 01:38:55,413 | ERROR | $AKAM: possibly delisted; no price data found  (1d 2026-01-21 -> 2026-01-22) (Yahoo error = "Data doesn't exist for startDate = 1768971600, endDate = 1769058000")
2026-01-21 01:38:58,597 | INFO |     [AKER.OL] +1 rows
2026-01-21 01:39:01,722 | INFO |     [AKRBP.OL] +1 rows
2026-01-21 01:39:04,870 | INFO |     [AKSO.OL] +1 rows
2026-01-21 01:39:08,001 | INFO |     [AKVA.OL] +1 rows
2026-01-21 01:39:12,050 | ERROR | $ALB: possibly delisted; no price data found  (1d 2026-01-21 -> 2026-01-22) (Yahoo error = "Data doesn't exist for startDate = 1768971600, endDate = 1769058000")
2026-01-21 01:39:16,364 | ERROR | $ALL: possibly delisted; no price data found  (1d 2026-01-21 -> 2026-01-22) (Yahoo error = "Data doesn't exist for startDate = 1768971600, endDate = 1769058000")
2026-01-21 01:39:19,515 | INFO |     [ALO.PA] +1 rows
2026-01-21 01:39:22,676 | INFO |     [ALV.DE] +1 rows
2026-01-21 01:39:27,141 | ERROR | $AMAT: possibly delisted; no price data found  (1d 2026-01-21 -> 2026-01-22) (Yahoo error = "Data doesn't exist for startDate = 1768971600, endDate = 1769058000")
