2026-01-19 09:15:19,273 | INFO | ======================================================================
2026-01-19 09:15:19,273 | INFO | IoS-001 DAILY PRICE INGEST
2026-01-19 09:15:19,273 | INFO | Executor: LINE (EC-004)
2026-01-19 09:15:19,273 | INFO | Authority: CEO_DIRECTIVE_LINE_DAILY_INGEST_ACTIVATION_20251212
2026-01-19 09:15:19,273 | INFO | Time: 2026-01-19T08:15:19.273569+00:00
2026-01-19 09:15:19,273 | INFO | Asset Class Filter: ALL
2026-01-19 09:15:19,273 | INFO | Dry Run: False
2026-01-19 09:15:19,273 | INFO | ======================================================================
2026-01-19 09:15:19,534 | INFO | Found 491 VEGA-attested assets
2026-01-19 09:15:19,534 | INFO | 
============================================================
2026-01-19 09:15:19,534 | INFO | Processing CRYPTO: 46 assets
2026-01-19 09:15:19,534 | INFO | Schedule: Daily 01:00 UTC
2026-01-19 09:15:19,534 | INFO | ============================================================
2026-01-19 09:15:19,534 | INFO | 
  Batch 1/2 (25 assets)
2026-01-19 09:15:19,565 | INFO |   Batch complete, waiting 60s...
2026-01-19 09:16:19,568 | INFO | 
  Batch 2/2 (21 assets)
2026-01-19 09:16:20,986 | ERROR | $UNI-USD: possibly delisted; no price data found  (1d 2026-01-19 -> 2026-01-20)
2026-01-19 09:16:24,021 | INFO | 
============================================================
2026-01-19 09:16:24,021 | INFO | Processing EQUITY: 421 assets
2026-01-19 09:16:24,021 | INFO | Schedule: Weekdays 22:00 UTC
2026-01-19 09:16:24,021 | INFO | ============================================================
2026-01-19 09:16:24,021 | INFO | 
  Batch 1/17 (25 assets)
2026-01-19 09:16:24,197 | ERROR | $1COV.DE: possibly delisted; no price data found  (1d 2025-12-24 -> 2026-01-20)
2026-01-19 09:16:27,383 | INFO |     [ABBV] +1 rows
2026-01-19 09:16:30,513 | INFO |     [ABNB] +1 rows
2026-01-19 09:16:33,702 | INFO |     [ABT] +1 rows
2026-01-19 09:16:36,853 | INFO |     [ACA.PA] +1 rows
2026-01-19 09:16:40,005 | INFO |     [ADBE] +1 rows
2026-01-19 09:16:43,159 | INFO |     [ADI] +1 rows
2026-01-19 09:16:46,396 | INFO |     [ADS.DE] +1 rows
2026-01-19 09:16:49,652 | INFO |     [ADSK] +1 rows
2026-01-19 09:16:52,866 | INFO |     [AEP] +1 rows
2026-01-19 09:16:56,135 | INFO |     [AFL] +1 rows
2026-01-19 09:16:59,345 | INFO |     [AI.PA] +1 rows
2026-01-19 09:17:02,547 | INFO |     [AIG] +1 rows
2026-01-19 09:17:05,730 | INFO |     [AIR.DE] +1 rows
2026-01-19 09:17:08,899 | INFO |     [AIR.PA] +1 rows
2026-01-19 09:17:12,101 | INFO |     [AKAM] +1 rows
2026-01-19 09:17:15,268 | INFO |     [AKER.OL] +1 rows
2026-01-19 09:17:18,420 | INFO |     [AKRBP.OL] +1 rows
2026-01-19 09:17:21,542 | INFO |     [AKSO.OL] +1 rows
2026-01-19 09:17:24,670 | INFO |     [AKVA.OL] +1 rows
2026-01-19 09:17:27,851 | INFO |     [ALB] +1 rows
2026-01-19 09:17:31,097 | INFO |     [ALL] +1 rows
2026-01-19 09:17:34,243 | INFO |     [ALO.PA] +1 rows
2026-01-19 09:17:37,380 | INFO |     [ALV.DE] +1 rows
2026-01-19 09:17:40,554 | INFO |     [AMAT] +1 rows
2026-01-19 09:17:43,560 | INFO |   Batch complete, waiting 60s...
2026-01-19 09:18:43,561 | INFO | 
  Batch 2/17 (25 assets)
2026-01-19 09:18:43,675 | INFO |     [AMD] +1 rows
2026-01-19 09:18:46,823 | INFO |     [AMGN] +1 rows
2026-01-19 09:18:49,945 | INFO |     [AMT] +1 rows
2026-01-19 09:18:53,036 | INFO |     [AMZN] +1 rows
2026-01-19 09:18:56,231 | INFO |     [AON] +1 rows
2026-01-19 09:18:59,376 | INFO |     [APD] +1 rows
2026-01-19 09:19:02,519 | INFO |     [ASML] +1 rows
2026-01-19 09:19:05,647 | INFO |     [ATO.PA] +1 rows
2026-01-19 09:19:08,834 | INFO |     [AUSS.OL] +1 rows
2026-01-19 09:19:11,960 | INFO |     [AUTO.OL] +1 rows
2026-01-19 09:19:15,140 | INFO |     [AV.L] +1 rows
2026-01-19 09:19:18,309 | INFO |     [AVB] +1 rows
2026-01-19 09:19:21,436 | INFO |     [AVGO] +1 rows
2026-01-19 09:19:24,545 | INFO |     [AWK] +1 rows
2026-01-19 09:19:27,805 | INFO |     [AXP] +1 rows
2026-01-19 09:19:30,994 | INFO |     [AZN.L] +1 rows
2026-01-19 09:19:34,121 | INFO |     [AZO] +1 rows
2026-01-19 09:19:37,277 | INFO |     [BA] +1 rows
2026-01-19 09:19:40,464 | INFO |     [BA.L] +1 rows
2026-01-19 09:19:43,723 | INFO |     [BAC] +1 rows
2026-01-19 09:19:46,881 | INFO |     [BAKKA.OL] +1 rows
2026-01-19 09:19:50,050 | INFO |     [BARC.L] +1 rows
2026-01-19 09:19:53,185 | INFO |     [BAS.DE] +1 rows
2026-01-19 09:19:56,334 | INFO |     [BATS.L] +1 rows
2026-01-19 09:19:59,493 | INFO |     [BAYN.DE] +1 rows
2026-01-19 09:20:02,499 | INFO |   Batch complete, waiting 60s...
