2026-02-07 13:00:47,339 | INFO | ======================================================================
2026-02-07 13:00:47,339 | INFO | IoS-001 DAILY PRICE INGEST
2026-02-07 13:00:47,339 | INFO | Executor: LINE (EC-004)
2026-02-07 13:00:47,339 | INFO | Authority: CEO_DIRECTIVE_LINE_DAILY_INGEST_ACTIVATION_20251212
2026-02-07 13:00:47,339 | INFO | Amendment: CEO-DIR-2026-119 (Rate Limit Mitigation)
2026-02-07 13:00:47,339 | INFO | Time: 2026-02-07T12:00:47.339605+00:00
2026-02-07 13:00:47,339 | INFO | Asset Class Filter: ALL
2026-02-07 13:00:47,339 | INFO | Batch Mode: True
2026-02-07 13:00:47,339 | INFO | Dry Run: False
2026-02-07 13:00:47,339 | INFO | ======================================================================
2026-02-07 13:00:47,717 | INFO | Found 491 VEGA-attested assets
2026-02-07 13:00:47,717 | INFO | 
============================================================
2026-02-07 13:00:47,717 | INFO | Processing CRYPTO: 46 assets
2026-02-07 13:00:47,717 | INFO | Schedule: Daily 01:00 UTC
2026-02-07 13:00:47,717 | INFO | ============================================================
2026-02-07 13:00:47,717 | INFO |   Using BATCH MODE (CEO-DIR-2026-119)
2026-02-07 13:00:47,717 | INFO | 
  Batch 1/5 (10 tickers)
2026-02-07 13:00:47,726 | INFO |     All assets up to date
2026-02-07 13:00:47,726 | INFO | 
  Batch 2/5 (10 tickers)
2026-02-07 13:00:47,737 | INFO |     Batch download: 1 tickers
2026-02-07 13:00:51,001 | ERROR | 
1 Failed download:
2026-02-07 13:00:51,001 | ERROR | ['GRT-USD']: YFRateLimitError('Too Many Requests. Rate limited. Try after a while.')
2026-02-07 13:00:51,021 | INFO |   Batch complete, waiting 120s...
2026-02-07 13:02:51,022 | INFO | 
  Batch 3/5 (10 tickers)
2026-02-07 13:02:51,080 | INFO |     All assets up to date
2026-02-07 13:02:51,080 | INFO | 
  Batch 4/5 (10 tickers)
2026-02-07 13:02:51,132 | INFO |     Batch download: 1 tickers
2026-02-07 13:02:54,137 | ERROR | 
1 Failed download:
2026-02-07 13:02:54,137 | ERROR | ['UNI-USD']: YFRateLimitError('Too Many Requests. Rate limited. Try after a while.')
2026-02-07 13:02:54,137 | INFO |   Batch complete, waiting 120s...
2026-02-07 13:04:54,146 | INFO | 
  Batch 5/5 (6 tickers)
2026-02-07 13:04:54,176 | INFO |     All assets up to date
2026-02-07 13:04:54,176 | INFO | 
============================================================
2026-02-07 13:04:54,176 | INFO | Processing EQUITY: 421 assets
2026-02-07 13:04:54,176 | INFO | Schedule: Weekdays 22:00 UTC
2026-02-07 13:04:54,176 | INFO | ============================================================
2026-02-07 13:04:54,176 | INFO |   Market closed for EQUITY today, skipping
2026-02-07 13:04:54,176 | INFO | 
============================================================
2026-02-07 13:04:54,176 | INFO | Processing FX: 24 assets
2026-02-07 13:04:54,176 | INFO | Schedule: Sun-Thu 22:00 UTC
2026-02-07 13:04:54,176 | INFO | ============================================================
2026-02-07 13:04:54,176 | INFO |   Market closed for FX today, skipping
2026-02-07 13:04:54,176 | WARNING | Heartbeat recording failed: relation "fhq_monitoring.system_heartbeats" does not exist
LINE 2:                 INSERT INTO fhq_monitoring.system_heartbeats...
                                    ^

2026-02-07 13:04:54,187 | INFO | 
======================================================================
2026-02-07 13:04:54,187 | INFO | DAILY INGEST COMPLETE
2026-02-07 13:04:54,187 | INFO | ======================================================================
2026-02-07 13:04:54,187 | INFO | Assets Processed: 46
2026-02-07 13:04:54,187 | INFO | Assets Updated:   0
2026-02-07 13:04:54,187 | INFO | Rows Inserted:    0
2026-02-07 13:04:54,187 | INFO |   CRYPTO: 0 assets, 0 rows
2026-02-07 13:04:54,187 | INFO | Evidence: C:\fhq-market-system\vision-ios\03_FUNCTIONS\evidence\IOS001_DAILY_INGEST_15a037ab_20260207_130454.json
2026-02-07 13:04:54,187 | INFO | ======================================================================
