2026-01-07 11:12:09,841 | INFO | ======================================================================
2026-01-07 11:12:09,841 | INFO | IoS-001 DAILY PRICE INGEST
2026-01-07 11:12:09,841 | INFO | Executor: LINE (EC-004)
2026-01-07 11:12:09,841 | INFO | Authority: CEO_DIRECTIVE_LINE_DAILY_INGEST_ACTIVATION_20251212
2026-01-07 11:12:09,841 | INFO | Time: 2026-01-07T10:12:09.841980+00:00
2026-01-07 11:12:09,841 | INFO | Asset Class Filter: ALL
2026-01-07 11:12:09,841 | INFO | Dry Run: False
2026-01-07 11:12:09,842 | INFO | ======================================================================
2026-01-07 11:12:10,033 | INFO | Found 491 VEGA-attested assets
2026-01-07 11:12:10,033 | INFO | 
============================================================
2026-01-07 11:12:10,033 | INFO | Processing CRYPTO: 46 assets
2026-01-07 11:12:10,033 | INFO | Schedule: Daily 01:00 UTC
2026-01-07 11:12:10,033 | INFO | ============================================================
2026-01-07 11:12:10,033 | INFO | 
  Batch 1/2 (25 assets)
2026-01-07 11:12:11,640 | ERROR | $GRT-USD: possibly delisted; no price data found  (1d 2026-01-07 -> 2026-01-08)
2026-01-07 11:12:14,682 | INFO |   Batch complete, waiting 60s...
2026-01-07 11:13:14,685 | INFO | 
  Batch 2/2 (21 assets)
2026-01-07 11:13:14,890 | ERROR | $UNI-USD: possibly delisted; no price data found  (1d 2026-01-07 -> 2026-01-08)
2026-01-07 11:13:17,909 | INFO | 
============================================================
2026-01-07 11:13:17,909 | INFO | Processing EQUITY: 421 assets
2026-01-07 11:13:17,909 | INFO | Schedule: Weekdays 22:00 UTC
2026-01-07 11:13:17,909 | INFO | ============================================================
2026-01-07 11:13:17,909 | INFO | 
  Batch 1/17 (25 assets)
2026-01-07 11:13:18,074 | ERROR | $1COV.DE: possibly delisted; no price data found  (1d 2025-12-24 -> 2026-01-08)
2026-01-07 11:13:21,419 | INFO |     [ABBV] +1 rows
2026-01-07 11:13:24,562 | INFO |     [ABNB] +1 rows
2026-01-07 11:13:27,738 | INFO |     [ABT] +1 rows
2026-01-07 11:13:30,902 | INFO |     [ADBE] +1 rows
2026-01-07 11:13:34,092 | INFO |     [ADI] +1 rows
2026-01-07 11:13:37,347 | INFO |     [ADSK] +1 rows
2026-01-07 11:13:40,596 | INFO |     [AEP] +1 rows
2026-01-07 11:13:43,788 | INFO |     [AFL] +1 rows
2026-01-07 11:13:47,137 | INFO |     [AIG] +1 rows
2026-01-07 11:13:50,358 | INFO |     [AKAM] +1 rows
2026-01-07 11:13:53,597 | INFO |     [ALB] +1 rows
2026-01-07 11:13:56,764 | INFO |     [ALL] +1 rows
2026-01-07 11:13:59,950 | INFO |     [AMAT] +1 rows
2026-01-07 11:14:02,957 | INFO |   Batch complete, waiting 60s...
2026-01-07 11:15:02,959 | INFO | 
  Batch 2/17 (25 assets)
2026-01-07 11:15:03,117 | INFO |     [AMD] +1 rows
2026-01-07 11:15:06,309 | INFO |     [AMGN] +1 rows
2026-01-07 11:15:09,435 | INFO |     [AMT] +1 rows
2026-01-07 11:15:12,734 | INFO |     [AMZN] +1 rows
2026-01-07 11:15:16,003 | INFO |     [AON] +1 rows
2026-01-07 11:15:19,264 | INFO |     [APD] +1 rows
2026-01-07 11:15:22,436 | INFO |     [ASML] +1 rows
2026-01-07 11:15:25,639 | INFO |     [AVB] +1 rows
2026-01-07 11:15:28,805 | INFO |     [AVGO] +1 rows
2026-01-07 11:15:31,958 | INFO |     [AWK] +1 rows
2026-01-07 11:15:35,141 | INFO |     [AXP] +1 rows
2026-01-07 11:15:38,270 | INFO |     [AZO] +1 rows
2026-01-07 11:15:41,625 | INFO |     [BA] +1 rows
2026-01-07 11:15:44,799 | INFO |     [BAC] +1 rows
2026-01-07 11:15:47,807 | INFO |   Batch complete, waiting 60s...
2026-01-07 11:16:47,807 | INFO | 
  Batch 3/17 (25 assets)
2026-01-07 11:16:48,118 | INFO |     [BEI.DE] +1 rows
2026-01-07 11:16:51,247 | INFO |     [BEWI.OL] +1 rows
2026-01-07 11:16:54,482 | INFO |     [BHP.L] +1 rows
2026-01-07 11:16:57,635 | INFO |     [BKNG] +1 rows
2026-01-07 11:17:00,811 | INFO |     [BKR] +1 rows
2026-01-07 11:17:03,975 | INFO |     [BLK] +1 rows
2026-01-07 11:17:07,169 | INFO |     [BMW.DE] +1 rows
