2026-02-13 21:23:33,232 | INFO | ======================================================================
2026-02-13 21:23:33,232 | INFO | IoS-001 DAILY PRICE INGEST
2026-02-13 21:23:33,232 | INFO | Executor: LINE (EC-004)
2026-02-13 21:23:33,232 | INFO | Authority: CEO_DIRECTIVE_LINE_DAILY_INGEST_ACTIVATION_20251212
2026-02-13 21:23:33,232 | INFO | Amendment: CEO-DIR-2026-119 (Rate Limit Mitigation)
2026-02-13 21:23:33,232 | INFO | Time: 2026-02-13T20:23:33.232592+00:00
2026-02-13 21:23:33,232 | INFO | Asset Class Filter: ALL
2026-02-13 21:23:33,232 | INFO | Batch Mode: True
2026-02-13 21:23:33,258 | INFO | Dry Run: False
2026-02-13 21:23:33,258 | INFO | ======================================================================
2026-02-13 21:23:33,420 | INFO | Found 491 VEGA-attested assets
2026-02-13 21:23:33,420 | INFO | 
============================================================
2026-02-13 21:23:33,420 | INFO | Processing CRYPTO: 46 assets
2026-02-13 21:23:33,420 | INFO | Schedule: Daily 01:00 UTC
2026-02-13 21:23:33,420 | INFO | ============================================================
2026-02-13 21:23:33,420 | INFO |   Using BATCH MODE (CEO-DIR-2026-119)
2026-02-13 21:23:33,420 | INFO | 
  Batch 1/5 (10 tickers)
2026-02-13 21:23:33,438 | INFO |     All assets up to date
2026-02-13 21:23:33,438 | INFO | 
  Batch 2/5 (10 tickers)
2026-02-13 21:23:33,447 | INFO |     Batch download: 1 tickers
2026-02-13 21:23:36,296 | ERROR | 
1 Failed download:
2026-02-13 21:23:36,296 | ERROR | ['GRT-USD']: YFRateLimitError('Too Many Requests. Rate limited. Try after a while.')
2026-02-13 21:23:36,312 | INFO |   Batch complete, waiting 120s...
2026-02-13 21:25:36,314 | INFO | 
  Batch 3/5 (10 tickers)
2026-02-13 21:25:36,341 | INFO |     All assets up to date
2026-02-13 21:25:36,341 | INFO | 
  Batch 4/5 (10 tickers)
2026-02-13 21:25:36,357 | INFO |     Batch download: 1 tickers
2026-02-13 21:25:38,747 | ERROR | 
1 Failed download:
2026-02-13 21:25:38,747 | ERROR | ['UNI-USD']: YFRateLimitError('Too Many Requests. Rate limited. Try after a while.')
2026-02-13 21:25:38,747 | INFO |   Batch complete, waiting 120s...
2026-02-13 21:27:38,757 | INFO | 
  Batch 5/5 (6 tickers)
2026-02-13 21:27:38,779 | INFO |     All assets up to date
2026-02-13 21:27:38,779 | INFO | 
============================================================
2026-02-13 21:27:38,779 | INFO | Processing EQUITY: 421 assets
2026-02-13 21:27:38,779 | INFO | Schedule: Weekdays 22:00 UTC
2026-02-13 21:27:38,779 | INFO | ============================================================
2026-02-13 21:27:38,779 | INFO |   Using BATCH MODE (CEO-DIR-2026-119)
2026-02-13 21:27:38,779 | INFO | 
  Batch 1/43 (10 tickers)
2026-02-13 21:27:38,795 | INFO |     Batch download: 1 tickers
2026-02-13 21:27:41,380 | ERROR | 
1 Failed download:
2026-02-13 21:27:41,381 | ERROR | ['1COV.DE']: YFRateLimitError('Too Many Requests. Rate limited. Try after a while.')
2026-02-13 21:27:41,387 | INFO |   Batch complete, waiting 120s...
