2026-01-15 20:11:56,419 | INFO | ======================================================================
2026-01-15 20:11:56,420 | INFO | IoS-001 DAILY PRICE INGEST
2026-01-15 20:11:56,420 | INFO | Executor: LINE (EC-004)
2026-01-15 20:11:56,420 | INFO | Authority: CEO_DIRECTIVE_LINE_DAILY_INGEST_ACTIVATION_20251212
2026-01-15 20:11:56,420 | INFO | Time: 2026-01-15T19:11:56.420244+00:00
2026-01-15 20:11:56,420 | INFO | Asset Class Filter: ALL
2026-01-15 20:11:56,420 | INFO | Dry Run: False
2026-01-15 20:11:56,420 | INFO | ======================================================================
2026-01-15 20:11:56,681 | INFO | Found 491 VEGA-attested assets
2026-01-15 20:11:56,681 | INFO | 
============================================================
2026-01-15 20:11:56,681 | INFO | Processing CRYPTO: 46 assets
2026-01-15 20:11:56,681 | INFO | Schedule: Daily 01:00 UTC
2026-01-15 20:11:56,681 | INFO | ============================================================
2026-01-15 20:11:56,681 | INFO | 
  Batch 1/2 (25 assets)
2026-01-15 20:11:59,915 | WARNING |   [GRT-USD] Fetch error: Too Many Requests. Rate limited. Try after a while.
2026-01-15 20:12:02,958 | INFO |   Batch complete, waiting 60s...
2026-01-15 20:13:02,961 | INFO | 
  Batch 2/2 (21 assets)
2026-01-15 20:13:04,635 | WARNING |   [UNI-USD] Fetch error: Too Many Requests. Rate limited. Try after a while.
2026-01-15 20:13:07,656 | INFO | 
============================================================
2026-01-15 20:13:07,656 | INFO | Processing EQUITY: 421 assets
2026-01-15 20:13:07,656 | INFO | Schedule: Weekdays 22:00 UTC
2026-01-15 20:13:07,656 | INFO | ============================================================
2026-01-15 20:13:07,656 | INFO | 
  Batch 1/17 (25 assets)
2026-01-15 20:13:08,926 | WARNING |   [1COV.DE] Fetch error: Too Many Requests. Rate limited. Try after a while.
2026-01-15 20:13:11,996 | INFO |   Batch complete, waiting 60s...
2026-01-15 20:14:11,997 | INFO | 
  Batch 2/17 (25 assets)
2026-01-15 20:14:12,038 | INFO |   Batch complete, waiting 60s...
2026-01-15 20:15:12,039 | INFO | 
  Batch 3/17 (25 assets)
2026-01-15 20:15:15,373 | WARNING |   [BRK.B] Fetch error: Too Many Requests. Rate limited. Try after a while.
2026-01-15 20:15:20,808 | WARNING |   [BT.A.L] Fetch error: Too Many Requests. Rate limited. Try after a while.
2026-01-15 20:15:23,866 | INFO |   Batch complete, waiting 60s...
2026-01-15 20:16:23,868 | INFO | 
  Batch 4/17 (25 assets)
2026-01-15 20:16:23,896 | INFO |   Batch complete, waiting 60s...
