2026-01-29 22:48:38,964 | INFO | ======================================================================
2026-01-29 22:48:38,964 | INFO | IoS-001 DAILY PRICE INGEST
2026-01-29 22:48:38,964 | INFO | Executor: LINE (EC-004)
2026-01-29 22:48:38,964 | INFO | Authority: CEO_DIRECTIVE_LINE_DAILY_INGEST_ACTIVATION_20251212
2026-01-29 22:48:38,964 | INFO | Time: 2026-01-29T21:48:38.964195+00:00
2026-01-29 22:48:38,964 | INFO | Asset Class Filter: ALL
2026-01-29 22:48:38,964 | INFO | Dry Run: False
2026-01-29 22:48:38,964 | INFO | ======================================================================
2026-01-29 22:48:39,307 | INFO | Found 491 VEGA-attested assets
2026-01-29 22:48:39,307 | INFO | 
============================================================
2026-01-29 22:48:39,307 | INFO | Processing CRYPTO: 46 assets
2026-01-29 22:48:39,307 | INFO | Schedule: Daily 01:00 UTC
2026-01-29 22:48:39,307 | INFO | ============================================================
2026-01-29 22:48:39,309 | INFO | 
  Batch 1/2 (25 assets)
2026-01-29 22:48:43,524 | WARNING |   [GRT-USD] Fetch error: Too Many Requests. Rate limited. Try after a while.
2026-01-29 22:48:46,562 | INFO |   Batch complete, waiting 60s...
2026-01-29 22:49:46,563 | INFO | 
  Batch 2/2 (21 assets)
2026-01-29 22:49:48,444 | WARNING |   [UNI-USD] Fetch error: Too Many Requests. Rate limited. Try after a while.
2026-01-29 22:49:51,468 | INFO | 
============================================================
2026-01-29 22:49:51,468 | INFO | Processing EQUITY: 421 assets
2026-01-29 22:49:51,469 | INFO | Schedule: Weekdays 22:00 UTC
2026-01-29 22:49:51,469 | INFO | ============================================================
2026-01-29 22:49:51,469 | INFO | 
  Batch 1/17 (25 assets)
2026-01-29 22:49:52,771 | WARNING |   [1COV.DE] Fetch error: Too Many Requests. Rate limited. Try after a while.
2026-01-29 22:49:55,835 | INFO |   Batch complete, waiting 60s...
2026-01-29 22:50:55,837 | INFO | 
  Batch 2/17 (25 assets)
2026-01-29 22:50:55,915 | INFO |   Batch complete, waiting 60s...
2026-01-29 22:51:55,917 | INFO | 
  Batch 3/17 (25 assets)
2026-01-29 22:52:02,697 | WARNING |   [BRK.B] Fetch error: Too Many Requests. Rate limited. Try after a while.
2026-01-29 22:52:06,689 | WARNING |   [BT.A.L] Fetch error: Too Many Requests. Rate limited. Try after a while.
2026-01-29 22:52:09,717 | INFO |   Batch complete, waiting 60s...
2026-01-29 22:53:09,722 | INFO | 
  Batch 4/17 (25 assets)
2026-01-29 22:53:09,776 | INFO |   Batch complete, waiting 60s...
