2026-01-23 17:14:37,948 | INFO | ======================================================================
2026-01-23 17:14:37,949 | INFO | IoS-001 DAILY PRICE INGEST
2026-01-23 17:14:37,950 | INFO | Executor: LINE (EC-004)
2026-01-23 17:14:37,950 | INFO | Authority: CEO_DIRECTIVE_LINE_DAILY_INGEST_ACTIVATION_20251212
2026-01-23 17:14:37,951 | INFO | Time: 2026-01-23T16:14:37.951003+00:00
2026-01-23 17:14:37,951 | INFO | Asset Class Filter: ALL
2026-01-23 17:14:37,951 | INFO | Dry Run: False
2026-01-23 17:14:37,951 | INFO | ======================================================================
2026-01-23 17:14:38,402 | INFO | Found 491 VEGA-attested assets
2026-01-23 17:14:38,402 | INFO | 
============================================================
2026-01-23 17:14:38,402 | INFO | Processing CRYPTO: 46 assets
2026-01-23 17:14:38,402 | INFO | Schedule: Daily 01:00 UTC
2026-01-23 17:14:38,402 | INFO | ============================================================
2026-01-23 17:14:38,402 | INFO | 
  Batch 1/2 (25 assets)
2026-01-23 17:14:40,595 | ERROR | $GRT-USD: possibly delisted; no price data found  (1d 2026-01-23 -> 2026-01-24)
2026-01-23 17:14:43,614 | INFO |   Batch complete, waiting 60s...
2026-01-23 17:15:43,616 | INFO | 
  Batch 2/2 (21 assets)
2026-01-23 17:15:43,759 | ERROR | $UNI-USD: possibly delisted; no price data found  (1d 2026-01-23 -> 2026-01-24)
2026-01-23 17:15:46,791 | INFO | 
============================================================
2026-01-23 17:15:46,792 | INFO | Processing EQUITY: 421 assets
2026-01-23 17:15:46,792 | INFO | Schedule: Weekdays 22:00 UTC
2026-01-23 17:15:46,792 | INFO | ============================================================
2026-01-23 17:15:46,792 | INFO | 
  Batch 1/17 (25 assets)
2026-01-23 17:15:48,639 | ERROR | $1COV.DE: possibly delisted; no price data found  (1d 2025-12-24 -> 2026-01-24)
2026-01-23 17:15:51,705 | INFO |   Batch complete, waiting 60s...
2026-01-23 17:16:51,706 | INFO | 
  Batch 2/17 (25 assets)
