2026-01-14 07:05:24,766 | INFO | ======================================================================
2026-01-14 07:05:24,767 | INFO | IoS-001 DAILY PRICE INGEST
2026-01-14 07:05:24,767 | INFO | Executor: LINE (EC-004)
2026-01-14 07:05:24,767 | INFO | Authority: CEO_DIRECTIVE_LINE_DAILY_INGEST_ACTIVATION_20251212
2026-01-14 07:05:24,767 | INFO | Time: 2026-01-14T06:05:24.767213+00:00
2026-01-14 07:05:24,767 | INFO | Asset Class Filter: ALL
2026-01-14 07:05:24,767 | INFO | Dry Run: False
2026-01-14 07:05:24,767 | INFO | ======================================================================
2026-01-14 07:05:24,959 | INFO | Found 491 VEGA-attested assets
2026-01-14 07:05:24,959 | INFO | 
============================================================
2026-01-14 07:05:24,959 | INFO | Processing CRYPTO: 46 assets
2026-01-14 07:05:24,959 | INFO | Schedule: Daily 01:00 UTC
2026-01-14 07:05:24,959 | INFO | ============================================================
2026-01-14 07:05:24,959 | INFO | 
  Batch 1/2 (25 assets)
2026-01-14 07:05:28,612 | WARNING |   [ADA-USD] Fetch error: Too Many Requests. Rate limited. Try after a while.
2026-01-14 07:05:32,868 | WARNING |   [ALGO-USD] Fetch error: Too Many Requests. Rate limited. Try after a while.
2026-01-14 07:05:37,148 | WARNING |   [ATOM-USD] Fetch error: Too Many Requests. Rate limited. Try after a while.
2026-01-14 07:05:41,563 | WARNING |   [AVAX-USD] Fetch error: Too Many Requests. Rate limited. Try after a while.
2026-01-14 07:05:45,650 | WARNING |   [AXS-USD] Fetch error: Too Many Requests. Rate limited. Try after a while.
2026-01-14 07:05:49,572 | WARNING |   [BCH-USD] Fetch error: Too Many Requests. Rate limited. Try after a while.
2026-01-14 07:05:53,748 | WARNING |   [BNB-USD] Fetch error: Too Many Requests. Rate limited. Try after a while.
2026-01-14 07:05:57,805 | WARNING |   [BTC-USD] Fetch error: Too Many Requests. Rate limited. Try after a while.
2026-01-14 07:06:01,914 | WARNING |   [CHZ-USD] Fetch error: Too Many Requests. Rate limited. Try after a while.
2026-01-14 07:06:05,737 | WARNING |   [CRO-USD] Fetch error: Too Many Requests. Rate limited. Try after a while.
2026-01-14 07:06:09,760 | WARNING |   [CRV-USD] Fetch error: Too Many Requests. Rate limited. Try after a while.
2026-01-14 07:06:13,730 | WARNING |   [DOGE-USD] Fetch error: Too Many Requests. Rate limited. Try after a while.
2026-01-14 07:06:18,081 | WARNING |   [DOT-USD] Fetch error: Too Many Requests. Rate limited. Try after a while.
2026-01-14 07:06:21,956 | WARNING |   [EOS-USD] Fetch error: Too Many Requests. Rate limited. Try after a while.
2026-01-14 07:06:25,887 | WARNING |   [ETC-USD] Fetch error: Too Many Requests. Rate limited. Try after a while.
2026-01-14 07:06:30,151 | WARNING |   [ETH-USD] Fetch error: Too Many Requests. Rate limited. Try after a while.
2026-01-14 07:06:34,528 | WARNING |   [FIL-USD] Fetch error: Too Many Requests. Rate limited. Try after a while.
2026-01-14 07:06:38,819 | WARNING |   [FLOW-USD] Fetch error: Too Many Requests. Rate limited. Try after a while.
2026-01-14 07:06:42,906 | WARNING |   [GRT-USD] Fetch error: Too Many Requests. Rate limited. Try after a while.
2026-01-14 07:06:46,961 | WARNING |   [HBAR-USD] Fetch error: Too Many Requests. Rate limited. Try after a while.
2026-01-14 07:06:50,998 | WARNING |   [ICP-USD] Fetch error: Too Many Requests. Rate limited. Try after a while.
2026-01-14 07:06:55,183 | WARNING |   [INJ-USD] Fetch error: Too Many Requests. Rate limited. Try after a while.
2026-01-14 07:06:59,290 | WARNING |   [LDO-USD] Fetch error: Too Many Requests. Rate limited. Try after a while.
2026-01-14 07:07:03,437 | WARNING |   [LINK-USD] Fetch error: Too Many Requests. Rate limited. Try after a while.
2026-01-14 07:07:07,282 | WARNING |   [LTC-USD] Fetch error: Too Many Requests. Rate limited. Try after a while.
2026-01-14 07:07:10,284 | INFO |   Batch complete, waiting 60s...
2026-01-14 07:08:10,284 | INFO | 
  Batch 2/2 (21 assets)
2026-01-14 07:08:11,985 | WARNING |   [MANA-USD] Fetch error: Too Many Requests. Rate limited. Try after a while.
2026-01-14 07:08:16,051 | WARNING |   [MKR-USD] Fetch error: Too Many Requests. Rate limited. Try after a while.
2026-01-14 07:08:20,480 | WARNING |   [NEAR-USD] Fetch error: Too Many Requests. Rate limited. Try after a while.
2026-01-14 07:08:24,698 | WARNING |   [OKB-USD] Fetch error: Too Many Requests. Rate limited. Try after a while.
2026-01-14 07:08:28,763 | WARNING |   [QNT-USD] Fetch error: Too Many Requests. Rate limited. Try after a while.
2026-01-14 07:08:32,837 | WARNING |   [RPL-USD] Fetch error: Too Many Requests. Rate limited. Try after a while.
2026-01-14 07:08:37,060 | WARNING |   [RUNE-USD] Fetch error: Too Many Requests. Rate limited. Try after a while.
2026-01-14 07:08:41,470 | WARNING |   [SAND-USD] Fetch error: Too Many Requests. Rate limited. Try after a while.
2026-01-14 07:08:45,460 | WARNING |   [SHIB-USD] Fetch error: Too Many Requests. Rate limited. Try after a while.
2026-01-14 07:08:49,611 | WARNING |   [SNX-USD] Fetch error: Too Many Requests. Rate limited. Try after a while.
2026-01-14 07:08:53,909 | WARNING |   [SOL-USD] Fetch error: Too Many Requests. Rate limited. Try after a while.
2026-01-14 07:08:58,119 | WARNING |   [THETA-USD] Fetch error: Too Many Requests. Rate limited. Try after a while.
2026-01-14 07:09:02,176 | WARNING |   [TRX-USD] Fetch error: Too Many Requests. Rate limited. Try after a while.
2026-01-14 07:09:06,166 | WARNING |   [UNI-USD] Fetch error: Too Many Requests. Rate limited. Try after a while.
2026-01-14 07:09:10,382 | WARNING |   [VET-USD] Fetch error: Too Many Requests. Rate limited. Try after a while.
2026-01-14 07:09:14,565 | WARNING |   [XLM-USD] Fetch error: Too Many Requests. Rate limited. Try after a while.
2026-01-14 07:09:18,790 | WARNING |   [XMR-USD] Fetch error: Too Many Requests. Rate limited. Try after a while.
2026-01-14 07:09:22,921 | WARNING |   [XRP-USD] Fetch error: Too Many Requests. Rate limited. Try after a while.
2026-01-14 07:09:26,914 | WARNING |   [XTZ-USD] Fetch error: Too Many Requests. Rate limited. Try after a while.
2026-01-14 07:09:31,078 | WARNING |   [ZEC-USD] Fetch error: Too Many Requests. Rate limited. Try after a while.
2026-01-14 07:09:35,203 | WARNING |   [AAVE-USD] Fetch error: Too Many Requests. Rate limited. Try after a while.
2026-01-14 07:09:38,205 | INFO | 
============================================================
2026-01-14 07:09:38,205 | INFO | Processing EQUITY: 421 assets
2026-01-14 07:09:38,205 | INFO | Schedule: Weekdays 22:00 UTC
2026-01-14 07:09:38,205 | INFO | ============================================================
2026-01-14 07:09:38,205 | INFO | 
  Batch 1/17 (25 assets)
2026-01-14 07:09:39,150 | WARNING |   [1COV.DE] Fetch error: Too Many Requests. Rate limited. Try after a while.
2026-01-14 07:09:43,385 | WARNING |   [ABBV] Fetch error: Too Many Requests. Rate limited. Try after a while.
2026-01-14 07:09:47,605 | WARNING |   [ABNB] Fetch error: Too Many Requests. Rate limited. Try after a while.
2026-01-14 07:09:51,677 | WARNING |   [ABT] Fetch error: Too Many Requests. Rate limited. Try after a while.
2026-01-14 07:09:55,779 | WARNING |   [ACA.PA] Fetch error: Too Many Requests. Rate limited. Try after a while.
2026-01-14 07:09:59,905 | WARNING |   [ADBE] Fetch error: Too Many Requests. Rate limited. Try after a while.
2026-01-14 07:10:04,111 | WARNING |   [ADI] Fetch error: Too Many Requests. Rate limited. Try after a while.
2026-01-14 07:10:08,456 | WARNING |   [ADS.DE] Fetch error: Too Many Requests. Rate limited. Try after a while.
2026-01-14 07:10:12,519 | WARNING |   [ADSK] Fetch error: Too Many Requests. Rate limited. Try after a while.
2026-01-14 07:10:16,614 | WARNING |   [AEP] Fetch error: Too Many Requests. Rate limited. Try after a while.
2026-01-14 07:10:20,979 | WARNING |   [AFL] Fetch error: Too Many Requests. Rate limited. Try after a while.
