2026-02-04 12:55:14,507 | INFO | ======================================================================
2026-02-04 12:55:14,507 | INFO | IoS-001 DAILY PRICE INGEST
2026-02-04 12:55:14,507 | INFO | Executor: LINE (EC-004)
2026-02-04 12:55:14,507 | INFO | Authority: CEO_DIRECTIVE_LINE_DAILY_INGEST_ACTIVATION_20251212
2026-02-04 12:55:14,507 | INFO | Time: 2026-02-04T11:55:14.507222+00:00
2026-02-04 12:55:14,507 | INFO | Asset Class Filter: ALL
2026-02-04 12:55:14,507 | INFO | Dry Run: False
2026-02-04 12:55:14,507 | INFO | ======================================================================
2026-02-04 12:55:14,773 | INFO | Found 491 VEGA-attested assets
2026-02-04 12:55:14,773 | INFO | 
============================================================
2026-02-04 12:55:14,773 | INFO | Processing CRYPTO: 46 assets
2026-02-04 12:55:14,773 | INFO | Schedule: Daily 01:00 UTC
2026-02-04 12:55:14,773 | INFO | ============================================================
2026-02-04 12:55:14,773 | INFO | 
  Batch 1/2 (25 assets)
2026-02-04 12:55:17,591 | WARNING |   [GRT-USD] Fetch error: Too Many Requests. Rate limited. Try after a while.
2026-02-04 12:55:20,611 | INFO |   Batch complete, waiting 60s...
2026-02-04 12:56:20,612 | INFO | 
  Batch 2/2 (21 assets)
2026-02-04 12:56:22,461 | WARNING |   [UNI-USD] Fetch error: Too Many Requests. Rate limited. Try after a while.
2026-02-04 12:56:25,498 | INFO | 
============================================================
2026-02-04 12:56:25,498 | INFO | Processing EQUITY: 421 assets
2026-02-04 12:56:25,498 | INFO | Schedule: Weekdays 22:00 UTC
2026-02-04 12:56:25,498 | INFO | ============================================================
2026-02-04 12:56:25,498 | INFO | 
  Batch 1/17 (25 assets)
2026-02-04 12:56:26,640 | WARNING |   [1COV.DE] Fetch error: Too Many Requests. Rate limited. Try after a while.
2026-02-04 12:56:31,025 | WARNING |   [ABBV] Fetch error: Too Many Requests. Rate limited. Try after a while.
2026-02-04 12:56:35,198 | WARNING |   [ABNB] Fetch error: Too Many Requests. Rate limited. Try after a while.
2026-02-04 12:56:39,201 | WARNING |   [ABT] Fetch error: Too Many Requests. Rate limited. Try after a while.
2026-02-04 12:56:43,263 | WARNING |   [ADBE] Fetch error: Too Many Requests. Rate limited. Try after a while.
2026-02-04 12:56:47,389 | WARNING |   [ADI] Fetch error: Too Many Requests. Rate limited. Try after a while.
2026-02-04 12:56:51,594 | WARNING |   [ADSK] Fetch error: Too Many Requests. Rate limited. Try after a while.
2026-02-04 12:56:55,699 | WARNING |   [AEP] Fetch error: Too Many Requests. Rate limited. Try after a while.
2026-02-04 12:56:59,856 | WARNING |   [AFL] Fetch error: Too Many Requests. Rate limited. Try after a while.
2026-02-04 12:57:03,816 | WARNING |   [AIG] Fetch error: Too Many Requests. Rate limited. Try after a while.
2026-02-04 12:57:08,112 | WARNING |   [AKAM] Fetch error: Too Many Requests. Rate limited. Try after a while.
2026-02-04 12:57:12,300 | WARNING |   [ALB] Fetch error: Too Many Requests. Rate limited. Try after a while.
2026-02-04 12:57:16,869 | WARNING |   [ALL] Fetch error: Too Many Requests. Rate limited. Try after a while.
2026-02-04 12:57:21,398 | WARNING |   [AMAT] Fetch error: Too Many Requests. Rate limited. Try after a while.
2026-02-04 12:57:24,400 | INFO |   Batch complete, waiting 60s...
2026-02-04 12:58:24,402 | INFO | 
  Batch 2/17 (25 assets)
2026-02-04 12:58:26,068 | WARNING |   [AMD] Fetch error: Too Many Requests. Rate limited. Try after a while.
2026-02-04 12:58:29,983 | WARNING |   [AMGN] Fetch error: Too Many Requests. Rate limited. Try after a while.
2026-02-04 12:58:34,024 | WARNING |   [AMT] Fetch error: Too Many Requests. Rate limited. Try after a while.
2026-02-04 12:58:38,009 | WARNING |   [AMZN] Fetch error: Too Many Requests. Rate limited. Try after a while.
2026-02-04 12:58:41,981 | WARNING |   [AON] Fetch error: Too Many Requests. Rate limited. Try after a while.
2026-02-04 12:58:46,133 | WARNING |   [APD] Fetch error: Too Many Requests. Rate limited. Try after a while.
2026-02-04 12:58:50,256 | WARNING |   [ASML] Fetch error: Too Many Requests. Rate limited. Try after a while.
2026-02-04 12:58:54,256 | WARNING |   [AVB] Fetch error: Too Many Requests. Rate limited. Try after a while.
2026-02-04 12:58:58,527 | WARNING |   [AVGO] Fetch error: Too Many Requests. Rate limited. Try after a while.
2026-02-04 12:59:02,532 | WARNING |   [AWK] Fetch error: Too Many Requests. Rate limited. Try after a while.
2026-02-04 12:59:06,516 | WARNING |   [AXP] Fetch error: Too Many Requests. Rate limited. Try after a while.
2026-02-04 12:59:10,636 | WARNING |   [AZO] Fetch error: Too Many Requests. Rate limited. Try after a while.
2026-02-04 12:59:15,026 | WARNING |   [BA] Fetch error: Too Many Requests. Rate limited. Try after a while.
2026-02-04 12:59:19,254 | WARNING |   [BAC] Fetch error: Too Many Requests. Rate limited. Try after a while.
2026-02-04 12:59:22,266 | INFO |   Batch complete, waiting 60s...
