2026-02-12 16:51:59,922 | INFO | ======================================================================
2026-02-12 16:51:59,922 | INFO | IoS-001 DAILY PRICE INGEST
2026-02-12 16:51:59,922 | INFO | Executor: LINE (EC-004)
2026-02-12 16:51:59,922 | INFO | Authority: CEO_DIRECTIVE_LINE_DAILY_INGEST_ACTIVATION_20251212
2026-02-12 16:51:59,922 | INFO | Amendment: CEO-DIR-2026-119 (Rate Limit Mitigation)
2026-02-12 16:51:59,922 | INFO | Time: 2026-02-12T15:51:59.922336+00:00
2026-02-12 16:51:59,922 | INFO | Asset Class Filter: ALL
2026-02-12 16:51:59,922 | INFO | Batch Mode: True
2026-02-12 16:51:59,922 | INFO | Dry Run: False
2026-02-12 16:51:59,922 | INFO | ======================================================================
2026-02-12 16:52:00,197 | INFO | Found 491 VEGA-attested assets
2026-02-12 16:52:00,197 | INFO | 
============================================================
2026-02-12 16:52:00,197 | INFO | Processing CRYPTO: 46 assets
2026-02-12 16:52:00,197 | INFO | Schedule: Daily 01:00 UTC
2026-02-12 16:52:00,197 | INFO | ============================================================
2026-02-12 16:52:00,197 | INFO |   Using BATCH MODE (CEO-DIR-2026-119)
2026-02-12 16:52:00,197 | INFO | 
  Batch 1/5 (10 tickers)
2026-02-12 16:52:00,243 | INFO |     All assets up to date
2026-02-12 16:52:00,243 | INFO | 
  Batch 2/5 (10 tickers)
2026-02-12 16:52:00,268 | INFO |     Batch download: 1 tickers
2026-02-12 16:52:01,491 | ERROR | 
1 Failed download:
2026-02-12 16:52:01,491 | ERROR | ['GRT-USD']: YFPricesMissingError('possibly delisted; no price data found  (1d 2026-02-11 -> 2026-02-13)')
2026-02-12 16:52:01,511 | INFO |   Batch complete, waiting 120s...
2026-02-12 16:54:01,519 | INFO | 
  Batch 3/5 (10 tickers)
2026-02-12 16:54:01,627 | INFO |     All assets up to date
2026-02-12 16:54:01,627 | INFO | 
  Batch 4/5 (10 tickers)
2026-02-12 16:54:01,725 | INFO |     Batch download: 1 tickers
2026-02-12 16:54:02,199 | ERROR | 
1 Failed download:
2026-02-12 16:54:02,199 | ERROR | ['UNI-USD']: YFPricesMissingError('possibly delisted; no price data found  (1d 2026-02-12 -> 2026-02-13)')
2026-02-12 16:54:02,202 | INFO |   Batch complete, waiting 120s...
2026-02-12 16:56:02,202 | INFO | 
  Batch 5/5 (6 tickers)
2026-02-12 16:56:02,282 | INFO |     All assets up to date
2026-02-12 16:56:02,283 | INFO | 
============================================================
2026-02-12 16:56:02,284 | INFO | Processing EQUITY: 421 assets
2026-02-12 16:56:02,286 | INFO | Schedule: Weekdays 22:00 UTC
2026-02-12 16:56:02,286 | INFO | ============================================================
2026-02-12 16:56:02,286 | INFO |   Using BATCH MODE (CEO-DIR-2026-119)
2026-02-12 16:56:02,286 | INFO | 
  Batch 1/43 (10 tickers)
2026-02-12 16:56:02,334 | INFO |     Batch download: 8 tickers
2026-02-12 16:56:04,163 | ERROR | 
1 Failed download:
2026-02-12 16:56:04,164 | ERROR | ['1COV.DE']: YFPricesMissingError('possibly delisted; no price data found  (1d 2025-12-24 -> 2026-02-13)')
2026-02-12 16:56:04,322 | INFO |     [ABBV] +34 rows
2026-02-12 16:56:04,348 | INFO |     [ABNB] +34 rows
2026-02-12 16:56:04,370 | INFO |     [ABT] +34 rows
2026-02-12 16:56:04,387 | INFO |     [ADBE] +34 rows
2026-02-12 16:56:04,397 | INFO |     [ADI] +34 rows
2026-02-12 16:56:04,417 | INFO |     [ADSK] +34 rows
2026-02-12 16:56:04,428 | INFO |     [AEP] +34 rows
2026-02-12 16:56:04,428 | INFO |   Batch complete, waiting 120s...
