2026-01-12 13:05:23,625 | INFO | ======================================================================
2026-01-12 13:05:23,626 | INFO | IoS-001 DAILY PRICE INGEST
2026-01-12 13:05:23,626 | INFO | Executor: LINE (EC-004)
2026-01-12 13:05:23,626 | INFO | Authority: CEO_DIRECTIVE_LINE_DAILY_INGEST_ACTIVATION_20251212
2026-01-12 13:05:23,627 | INFO | Time: 2026-01-12T12:05:23.627023+00:00
2026-01-12 13:05:23,627 | INFO | Asset Class Filter: ALL
2026-01-12 13:05:23,627 | INFO | Dry Run: False
2026-01-12 13:05:23,627 | INFO | ======================================================================
2026-01-12 13:05:23,856 | INFO | Found 491 VEGA-attested assets
2026-01-12 13:05:23,856 | INFO | 
============================================================
2026-01-12 13:05:23,857 | INFO | Processing CRYPTO: 46 assets
2026-01-12 13:05:23,857 | INFO | Schedule: Daily 01:00 UTC
2026-01-12 13:05:23,857 | INFO | ============================================================
2026-01-12 13:05:23,858 | INFO | 
  Batch 1/2 (25 assets)
2026-01-12 13:05:23,937 | INFO |   Batch complete, waiting 60s...
2026-01-12 13:06:23,937 | INFO | 
  Batch 2/2 (21 assets)
2026-01-12 13:06:25,211 | ERROR | $UNI-USD: possibly delisted; no price data found  (1d 2026-01-08 -> 2026-01-13)
2026-01-12 13:06:28,259 | INFO | 
============================================================
2026-01-12 13:06:28,259 | INFO | Processing EQUITY: 421 assets
2026-01-12 13:06:28,259 | INFO | Schedule: Weekdays 22:00 UTC
2026-01-12 13:06:28,260 | INFO | ============================================================
2026-01-12 13:06:28,260 | INFO | 
  Batch 1/17 (25 assets)
2026-01-12 13:06:28,431 | ERROR | $1COV.DE: possibly delisted; no price data found  (1d 2025-12-24 -> 2026-01-13)
2026-01-12 13:06:31,840 | INFO |     [ABBV] +1 rows
2026-01-12 13:06:34,981 | INFO |     [ABNB] +1 rows
2026-01-12 13:06:38,176 | INFO |     [ABT] +1 rows
2026-01-12 13:06:41,498 | INFO |     [ADBE] +1 rows
2026-01-12 13:06:44,692 | INFO |     [ADI] +1 rows
2026-01-12 13:06:47,872 | INFO |     [ADSK] +1 rows
2026-01-12 13:06:51,046 | INFO |     [AEP] +1 rows
2026-01-12 13:06:54,223 | INFO |     [AFL] +1 rows
2026-01-12 13:06:57,397 | INFO |     [AIG] +1 rows
2026-01-12 13:07:00,558 | INFO |     [AKAM] +1 rows
2026-01-12 13:07:03,738 | INFO |     [ALB] +1 rows
2026-01-12 13:07:06,953 | INFO |     [ALL] +1 rows
2026-01-12 13:07:10,101 | INFO |     [AMAT] +1 rows
2026-01-12 13:07:13,102 | INFO |   Batch complete, waiting 60s...
2026-01-12 13:08:13,103 | INFO | 
  Batch 2/17 (25 assets)
2026-01-12 13:08:13,211 | INFO |     [AMD] +1 rows
2026-01-12 13:08:16,376 | INFO |     [AMGN] +1 rows
2026-01-12 13:08:19,517 | INFO |     [AMT] +1 rows
2026-01-12 13:08:22,774 | INFO |     [AMZN] +1 rows
2026-01-12 13:08:25,969 | INFO |     [AON] +1 rows
2026-01-12 13:08:29,172 | INFO |     [APD] +1 rows
2026-01-12 13:08:32,363 | INFO |     [ASML] +1 rows
2026-01-12 13:08:35,560 | INFO |     [AVB] +1 rows
2026-01-12 13:08:38,737 | INFO |     [AVGO] +1 rows
2026-01-12 13:08:41,904 | INFO |     [AWK] +1 rows
2026-01-12 13:08:45,176 | INFO |     [AXP] +1 rows
2026-01-12 13:08:48,362 | INFO |     [AZO] +1 rows
2026-01-12 13:08:51,693 | INFO |     [BA] +1 rows
2026-01-12 13:08:54,913 | INFO |     [BAC] +1 rows
2026-01-12 13:08:57,938 | INFO |   Batch complete, waiting 60s...
2026-01-12 13:09:57,939 | INFO | 
  Batch 3/17 (25 assets)
2026-01-12 13:09:58,119 | INFO |     [BEI.DE] +1 rows
2026-01-12 13:10:01,291 | INFO |     [BEWI.OL] +1 rows
2026-01-12 13:10:04,516 | INFO |     [BHP.L] +1 rows
2026-01-12 13:10:07,626 | INFO |     [BKNG] +1 rows
2026-01-12 13:10:10,797 | INFO |     [BKR] +1 rows
2026-01-12 13:10:13,947 | INFO |     [BLK] +1 rows
2026-01-12 13:10:17,134 | INFO |     [BMW.DE] +1 rows
2026-01-12 13:10:20,374 | INFO |     [BMY] +1 rows
