2026-01-30 19:15:15,602 | INFO | ======================================================================
2026-01-30 19:15:15,602 | INFO | IoS-001 DAILY PRICE INGEST
2026-01-30 19:15:15,602 | INFO | Executor: LINE (EC-004)
2026-01-30 19:15:15,602 | INFO | Authority: CEO_DIRECTIVE_LINE_DAILY_INGEST_ACTIVATION_20251212
2026-01-30 19:15:15,611 | INFO | Time: 2026-01-30T18:15:15.611421+00:00
2026-01-30 19:15:15,611 | INFO | Asset Class Filter: ALL
2026-01-30 19:15:15,611 | INFO | Dry Run: False
2026-01-30 19:15:15,611 | INFO | ======================================================================
2026-01-30 19:15:15,970 | INFO | Found 491 VEGA-attested assets
2026-01-30 19:15:15,970 | INFO | 
============================================================
2026-01-30 19:15:15,970 | INFO | Processing CRYPTO: 46 assets
2026-01-30 19:15:15,970 | INFO | Schedule: Daily 01:00 UTC
2026-01-30 19:15:15,970 | INFO | ============================================================
2026-01-30 19:15:15,970 | INFO | 
  Batch 1/2 (25 assets)
2026-01-30 19:15:20,785 | WARNING |   [GRT-USD] Fetch error: Too Many Requests. Rate limited. Try after a while.
2026-01-30 19:15:23,805 | INFO |   Batch complete, waiting 60s...
2026-01-30 19:16:23,814 | INFO | 
  Batch 2/2 (21 assets)
2026-01-30 19:16:25,330 | WARNING |   [UNI-USD] Fetch error: Too Many Requests. Rate limited. Try after a while.
2026-01-30 19:16:28,360 | INFO | 
============================================================
2026-01-30 19:16:28,360 | INFO | Processing EQUITY: 421 assets
2026-01-30 19:16:28,360 | INFO | Schedule: Weekdays 22:00 UTC
2026-01-30 19:16:28,360 | INFO | ============================================================
2026-01-30 19:16:28,360 | INFO | 
  Batch 1/17 (25 assets)
2026-01-30 19:16:30,674 | WARNING |   [1COV.DE] Fetch error: Too Many Requests. Rate limited. Try after a while.
2026-01-30 19:16:33,721 | INFO |   Batch complete, waiting 60s...
2026-01-30 19:17:33,725 | INFO | 
  Batch 2/17 (25 assets)
2026-01-30 19:17:33,775 | INFO |   Batch complete, waiting 60s...
2026-01-30 19:18:33,777 | INFO | 
  Batch 3/17 (25 assets)
2026-01-30 19:18:41,968 | WARNING |   [BRK.B] Fetch error: Too Many Requests. Rate limited. Try after a while.
2026-01-30 19:18:46,119 | WARNING |   [BSX] Fetch error: Too Many Requests. Rate limited. Try after a while.
2026-01-30 19:18:50,440 | WARNING |   [BT.A.L] Fetch error: Too Many Requests. Rate limited. Try after a while.
2026-01-30 19:18:54,925 | WARNING |   [BWO.OL] Fetch error: Too Many Requests. Rate limited. Try after a while.
2026-01-30 19:18:59,991 | WARNING |   [C] Fetch error: Too Many Requests. Rate limited. Try after a while.
2026-01-30 19:19:04,806 | WARNING |   [CAG] Fetch error: Too Many Requests. Rate limited. Try after a while.
2026-01-30 19:19:09,536 | WARNING |   [CAP.PA] Fetch error: Too Many Requests. Rate limited. Try after a while.
2026-01-30 19:19:14,171 | WARNING |   [CARR] Fetch error: Too Many Requests. Rate limited. Try after a while.
2026-01-30 19:19:18,454 | WARNING |   [CAT] Fetch error: Too Many Requests. Rate limited. Try after a while.
2026-01-30 19:19:22,844 | WARNING |   [CB] Fetch error: Too Many Requests. Rate limited. Try after a while.
2026-01-30 19:19:28,777 | WARNING |   [CBK.DE] Fetch error: Too Many Requests. Rate limited. Try after a while.
2026-01-30 19:19:33,071 | WARNING |   [CCI] Fetch error: Too Many Requests. Rate limited. Try after a while.
2026-01-30 19:19:37,235 | WARNING |   [CDNS] Fetch error: Too Many Requests. Rate limited. Try after a while.
2026-01-30 19:19:40,236 | INFO |   Batch complete, waiting 60s...
