2026-01-23 15:51:01,752 | INFO | ======================================================================
2026-01-23 15:51:01,752 | INFO | IoS-001 DAILY PRICE INGEST
2026-01-23 15:51:01,752 | INFO | Executor: LINE (EC-004)
2026-01-23 15:51:01,752 | INFO | Authority: CEO_DIRECTIVE_LINE_DAILY_INGEST_ACTIVATION_20251212
2026-01-23 15:51:01,752 | INFO | Time: 2026-01-23T14:51:01.752084+00:00
2026-01-23 15:51:01,752 | INFO | Asset Class Filter: ALL
2026-01-23 15:51:01,752 | INFO | Dry Run: False
2026-01-23 15:51:01,752 | INFO | ======================================================================
2026-01-23 15:51:02,102 | INFO | Found 491 VEGA-attested assets
2026-01-23 15:51:02,103 | INFO | 
============================================================
2026-01-23 15:51:02,103 | INFO | Processing CRYPTO: 46 assets
2026-01-23 15:51:02,103 | INFO | Schedule: Daily 01:00 UTC
2026-01-23 15:51:02,103 | INFO | ============================================================
2026-01-23 15:51:02,103 | INFO | 
  Batch 1/2 (25 assets)
2026-01-23 15:51:05,882 | WARNING |   [GRT-USD] Fetch error: Too Many Requests. Rate limited. Try after a while.
2026-01-23 15:51:08,903 | INFO |   Batch complete, waiting 60s...
2026-01-23 15:52:08,906 | INFO | 
  Batch 2/2 (21 assets)
2026-01-23 15:52:11,037 | WARNING |   [UNI-USD] Fetch error: Too Many Requests. Rate limited. Try after a while.
2026-01-23 15:52:14,066 | INFO | 
============================================================
2026-01-23 15:52:14,066 | INFO | Processing EQUITY: 421 assets
2026-01-23 15:52:14,066 | INFO | Schedule: Weekdays 22:00 UTC
2026-01-23 15:52:14,066 | INFO | ============================================================
2026-01-23 15:52:14,066 | INFO | 
  Batch 1/17 (25 assets)
2026-01-23 15:52:14,859 | WARNING |   [1COV.DE] Fetch error: Too Many Requests. Rate limited. Try after a while.
2026-01-23 15:52:19,922 | WARNING |   [ABBV] Fetch error: Too Many Requests. Rate limited. Try after a while.
2026-01-23 15:52:24,056 | WARNING |   [ABNB] Fetch error: Too Many Requests. Rate limited. Try after a while.
2026-01-23 15:52:28,528 | WARNING |   [ABT] Fetch error: Too Many Requests. Rate limited. Try after a while.
2026-01-23 15:52:32,463 | WARNING |   [ADBE] Fetch error: Too Many Requests. Rate limited. Try after a while.
2026-01-23 15:52:36,489 | WARNING |   [ADI] Fetch error: Too Many Requests. Rate limited. Try after a while.
2026-01-23 15:52:40,557 | WARNING |   [ADSK] Fetch error: Too Many Requests. Rate limited. Try after a while.
2026-01-23 15:52:44,815 | WARNING |   [AEP] Fetch error: Too Many Requests. Rate limited. Try after a while.
2026-01-23 15:52:49,042 | WARNING |   [AFL] Fetch error: Too Many Requests. Rate limited. Try after a while.
2026-01-23 15:52:53,378 | WARNING |   [AIG] Fetch error: Too Many Requests. Rate limited. Try after a while.
2026-01-23 15:52:57,614 | WARNING |   [AKAM] Fetch error: Too Many Requests. Rate limited. Try after a while.
2026-01-23 15:53:01,670 | WARNING |   [ALB] Fetch error: Too Many Requests. Rate limited. Try after a while.
2026-01-23 15:53:07,386 | WARNING |   [ALL] Fetch error: Too Many Requests. Rate limited. Try after a while.
2026-01-23 15:53:11,441 | WARNING |   [AMAT] Fetch error: Too Many Requests. Rate limited. Try after a while.
2026-01-23 15:53:14,442 | INFO |   Batch complete, waiting 60s...
2026-01-23 15:54:14,444 | INFO | 
  Batch 2/17 (25 assets)
2026-01-23 15:54:16,257 | WARNING |   [AMD] Fetch error: Too Many Requests. Rate limited. Try after a while.
2026-01-23 15:54:20,653 | WARNING |   [AMGN] Fetch error: Too Many Requests. Rate limited. Try after a while.
2026-01-23 15:54:24,721 | WARNING |   [AMT] Fetch error: Too Many Requests. Rate limited. Try after a while.
2026-01-23 15:54:28,778 | WARNING |   [AMZN] Fetch error: Too Many Requests. Rate limited. Try after a while.
2026-01-23 15:54:32,772 | WARNING |   [AON] Fetch error: Too Many Requests. Rate limited. Try after a while.
2026-01-23 15:54:37,004 | WARNING |   [APD] Fetch error: Too Many Requests. Rate limited. Try after a while.
2026-01-23 15:54:41,326 | WARNING |   [ASML] Fetch error: Too Many Requests. Rate limited. Try after a while.
2026-01-23 15:54:45,268 | WARNING |   [AVB] Fetch error: Too Many Requests. Rate limited. Try after a while.
2026-01-23 15:54:49,446 | WARNING |   [AVGO] Fetch error: Too Many Requests. Rate limited. Try after a while.
2026-01-23 15:54:53,458 | WARNING |   [AWK] Fetch error: Too Many Requests. Rate limited. Try after a while.
2026-01-23 15:54:57,700 | WARNING |   [AXP] Fetch error: Too Many Requests. Rate limited. Try after a while.
2026-01-23 15:55:01,920 | WARNING |   [AZO] Fetch error: Too Many Requests. Rate limited. Try after a while.
2026-01-23 15:55:06,413 | WARNING |   [BA] Fetch error: Too Many Requests. Rate limited. Try after a while.
2026-01-23 15:55:10,255 | WARNING |   [BAC] Fetch error: Too Many Requests. Rate limited. Try after a while.
2026-01-23 15:55:13,390 | INFO |   Batch complete, waiting 60s...
