2026-01-05 15:26:41,354 | INFO | ======================================================================
2026-01-05 15:26:41,354 | INFO | IoS-001 DAILY PRICE INGEST
2026-01-05 15:26:41,354 | INFO | Executor: LINE (EC-004)
2026-01-05 15:26:41,354 | INFO | Authority: CEO_DIRECTIVE_LINE_DAILY_INGEST_ACTIVATION_20251212
2026-01-05 15:26:41,354 | INFO | Time: 2026-01-05T14:26:41.354648+00:00
2026-01-05 15:26:41,354 | INFO | Asset Class Filter: ALL
2026-01-05 15:26:41,354 | INFO | Dry Run: False
2026-01-05 15:26:41,354 | INFO | ======================================================================
2026-01-05 15:26:41,585 | INFO | Found 491 VEGA-attested assets
2026-01-05 15:26:41,585 | INFO | 
============================================================
2026-01-05 15:26:41,585 | INFO | Processing CRYPTO: 46 assets
2026-01-05 15:26:41,585 | INFO | Schedule: Daily 01:00 UTC
2026-01-05 15:26:41,585 | INFO | ============================================================
2026-01-05 15:26:41,585 | INFO | 
  Batch 1/2 (25 assets)
2026-01-05 15:26:44,664 | WARNING |   [GRT-USD] Fetch error: Too Many Requests. Rate limited. Try after a while.
2026-01-05 15:26:47,683 | INFO |   Batch complete, waiting 60s...
2026-01-05 15:27:47,690 | INFO | 
  Batch 2/2 (21 assets)
2026-01-05 15:27:49,357 | WARNING |   [UNI-USD] Fetch error: Too Many Requests. Rate limited. Try after a while.
2026-01-05 15:27:52,373 | INFO | 
============================================================
2026-01-05 15:27:52,373 | INFO | Processing EQUITY: 421 assets
2026-01-05 15:27:52,373 | INFO | Schedule: Weekdays 22:00 UTC
2026-01-05 15:27:52,373 | INFO | ============================================================
2026-01-05 15:27:52,373 | INFO | 
  Batch 1/17 (25 assets)
2026-01-05 15:27:57,291 | WARNING |   [1COV.DE] Fetch error: Too Many Requests. Rate limited. Try after a while.
2026-01-05 15:28:01,559 | WARNING |   [ABBV] Fetch error: Too Many Requests. Rate limited. Try after a while.
2026-01-05 15:28:05,714 | WARNING |   [ABNB] Fetch error: Too Many Requests. Rate limited. Try after a while.
2026-01-05 15:28:10,004 | WARNING |   [ABT] Fetch error: Too Many Requests. Rate limited. Try after a while.
2026-01-05 15:28:14,213 | WARNING |   [ADBE] Fetch error: Too Many Requests. Rate limited. Try after a while.
2026-01-05 15:28:18,210 | WARNING |   [ADI] Fetch error: Too Many Requests. Rate limited. Try after a while.
2026-01-05 15:28:22,424 | WARNING |   [ADSK] Fetch error: Too Many Requests. Rate limited. Try after a while.
2026-01-05 15:28:26,502 | WARNING |   [AEP] Fetch error: Too Many Requests. Rate limited. Try after a while.
2026-01-05 15:28:30,438 | WARNING |   [AFL] Fetch error: Too Many Requests. Rate limited. Try after a while.
2026-01-05 15:28:34,564 | WARNING |   [AIG] Fetch error: Too Many Requests. Rate limited. Try after a while.
2026-01-05 15:28:39,172 | WARNING |   [AKAM] Fetch error: Too Many Requests. Rate limited. Try after a while.
2026-01-05 15:28:43,484 | WARNING |   [ALB] Fetch error: Too Many Requests. Rate limited. Try after a while.
2026-01-05 15:28:47,999 | WARNING |   [ALL] Fetch error: Too Many Requests. Rate limited. Try after a while.
2026-01-05 15:28:51,991 | WARNING |   [AMAT] Fetch error: Too Many Requests. Rate limited. Try after a while.
2026-01-05 15:28:54,993 | INFO |   Batch complete, waiting 60s...
2026-01-05 15:29:54,994 | INFO | 
  Batch 2/17 (25 assets)
2026-01-05 15:29:56,978 | WARNING |   [AMD] Fetch error: Too Many Requests. Rate limited. Try after a while.
2026-01-05 15:30:02,279 | WARNING |   [AMGN] Fetch error: Too Many Requests. Rate limited. Try after a while.
2026-01-05 15:30:06,782 | WARNING |   [AMT] Fetch error: Too Many Requests. Rate limited. Try after a while.
2026-01-05 15:30:11,178 | WARNING |   [AON] Fetch error: Too Many Requests. Rate limited. Try after a while.
2026-01-05 15:30:15,891 | WARNING |   [APD] Fetch error: Too Many Requests. Rate limited. Try after a while.
2026-01-05 15:30:19,984 | WARNING |   [ASML] Fetch error: Too Many Requests. Rate limited. Try after a while.
2026-01-05 15:30:24,159 | WARNING |   [AVB] Fetch error: Too Many Requests. Rate limited. Try after a while.
2026-01-05 15:30:28,469 | WARNING |   [AVGO] Fetch error: Too Many Requests. Rate limited. Try after a while.
2026-01-05 15:30:33,372 | WARNING |   [AWK] Fetch error: Too Many Requests. Rate limited. Try after a while.
2026-01-05 15:30:37,747 | WARNING |   [AXP] Fetch error: Too Many Requests. Rate limited. Try after a while.
2026-01-05 15:30:42,141 | WARNING |   [AZO] Fetch error: Too Many Requests. Rate limited. Try after a while.
2026-01-05 15:30:46,802 | WARNING |   [BA] Fetch error: Too Many Requests. Rate limited. Try after a while.
2026-01-05 15:30:50,988 | WARNING |   [BAC] Fetch error: Too Many Requests. Rate limited. Try after a while.
2026-01-05 15:30:54,028 | INFO |   Batch complete, waiting 60s...
