2026-01-20 01:13:21,660 | INFO | ======================================================================
2026-01-20 01:13:21,660 | INFO | IoS-001 DAILY PRICE INGEST
2026-01-20 01:13:21,660 | INFO | Executor: LINE (EC-004)
2026-01-20 01:13:21,660 | INFO | Authority: CEO_DIRECTIVE_LINE_DAILY_INGEST_ACTIVATION_20251212
2026-01-20 01:13:21,660 | INFO | Time: 2026-01-20T00:13:21.660766+00:00
2026-01-20 01:13:21,660 | INFO | Asset Class Filter: ALL
2026-01-20 01:13:21,660 | INFO | Dry Run: False
2026-01-20 01:13:21,660 | INFO | ======================================================================
2026-01-20 01:13:21,948 | INFO | Found 491 VEGA-attested assets
2026-01-20 01:13:21,948 | INFO | 
============================================================
2026-01-20 01:13:21,948 | INFO | Processing CRYPTO: 46 assets
2026-01-20 01:13:21,948 | INFO | Schedule: Daily 01:00 UTC
2026-01-20 01:13:21,948 | INFO | ============================================================
2026-01-20 01:13:21,948 | INFO | 
  Batch 1/2 (25 assets)
2026-01-20 01:13:23,298 | INFO |     [ADA-USD] +1 rows
2026-01-20 01:13:26,389 | INFO |     [ALGO-USD] +1 rows
2026-01-20 01:13:29,530 | INFO |     [ATOM-USD] +1 rows
2026-01-20 01:13:32,658 | INFO |     [AVAX-USD] +1 rows
2026-01-20 01:13:35,773 | INFO |     [AXS-USD] +1 rows
2026-01-20 01:13:38,899 | INFO |     [BCH-USD] +1 rows
2026-01-20 01:13:42,062 | INFO |     [BNB-USD] +1 rows
2026-01-20 01:13:45,189 | INFO |     [BTC-USD] +1 rows
2026-01-20 01:13:48,331 | INFO |     [CHZ-USD] +1 rows
2026-01-20 01:13:51,433 | INFO |     [CRO-USD] +1 rows
2026-01-20 01:13:54,561 | INFO |     [CRV-USD] +1 rows
2026-01-20 01:13:57,662 | INFO |     [DOGE-USD] +1 rows
2026-01-20 01:14:00,792 | INFO |     [DOT-USD] +1 rows
2026-01-20 01:14:03,926 | INFO |     [EOS-USD] +1 rows
2026-01-20 01:14:07,043 | INFO |     [ETC-USD] +1 rows
2026-01-20 01:14:11,170 | INFO |     [ETH-USD] +1 rows
2026-01-20 01:14:14,304 | INFO |     [FIL-USD] +1 rows
2026-01-20 01:14:17,451 | INFO |     [FLOW-USD] +1 rows
2026-01-20 01:14:20,545 | ERROR | $GRT-USD: possibly delisted; no price data found  (1d 2026-01-20 -> 2026-01-21)
2026-01-20 01:14:23,674 | INFO |     [HBAR-USD] +1 rows
2026-01-20 01:14:26,774 | INFO |     [ICP-USD] +1 rows
2026-01-20 01:14:29,865 | INFO |     [INJ-USD] +1 rows
2026-01-20 01:14:32,963 | INFO |     [LDO-USD] +1 rows
2026-01-20 01:14:36,100 | INFO |     [LINK-USD] +1 rows
2026-01-20 01:14:39,262 | INFO |     [LTC-USD] +1 rows
2026-01-20 01:14:42,268 | INFO |   Batch complete, waiting 60s...
2026-01-20 01:15:42,272 | INFO | 
  Batch 2/2 (21 assets)
2026-01-20 01:15:42,376 | INFO |     [MANA-USD] +1 rows
2026-01-20 01:15:45,502 | INFO |     [MKR-USD] +1 rows
2026-01-20 01:15:48,635 | INFO |     [NEAR-USD] +1 rows
2026-01-20 01:15:51,800 | INFO |     [OKB-USD] +1 rows
2026-01-20 01:15:54,893 | INFO |     [QNT-USD] +1 rows
2026-01-20 01:15:57,996 | INFO |     [RPL-USD] +1 rows
2026-01-20 01:16:01,095 | INFO |     [RUNE-USD] +1 rows
2026-01-20 01:16:04,229 | INFO |     [SAND-USD] +1 rows
2026-01-20 01:16:07,408 | INFO |     [SHIB-USD] +1 rows
2026-01-20 01:16:10,542 | INFO |     [SNX-USD] +1 rows
2026-01-20 01:16:13,665 | INFO |     [SOL-USD] +1 rows
2026-01-20 01:16:16,802 | INFO |     [THETA-USD] +1 rows
2026-01-20 01:16:19,895 | INFO |     [TRX-USD] +1 rows
2026-01-20 01:16:22,988 | ERROR | $UNI-USD: possibly delisted; no price data found  (1d 2026-01-19 -> 2026-01-21)
2026-01-20 01:16:26,280 | INFO |     [VET-USD] +1 rows
2026-01-20 01:16:29,399 | INFO |     [XLM-USD] +1 rows
2026-01-20 01:16:32,583 | INFO |     [XMR-USD] +1 rows
2026-01-20 01:16:35,769 | INFO |     [XRP-USD] +1 rows
2026-01-20 01:16:38,895 | INFO |     [XTZ-USD] +1 rows
2026-01-20 01:16:41,998 | INFO |     [ZEC-USD] +1 rows
2026-01-20 01:16:45,090 | INFO |     [AAVE-USD] +1 rows
2026-01-20 01:16:48,097 | INFO | 
============================================================
2026-01-20 01:16:48,097 | INFO | Processing EQUITY: 421 assets
2026-01-20 01:16:48,097 | INFO | Schedule: Weekdays 22:00 UTC
2026-01-20 01:16:48,097 | INFO | ============================================================
2026-01-20 01:16:48,097 | INFO | 
  Batch 1/17 (25 assets)
2026-01-20 01:16:48,301 | ERROR | $1COV.DE: possibly delisted; no price data found  (1d 2025-12-24 -> 2026-01-21)
2026-01-20 01:16:51,432 | INFO |     [ABBV] +1 rows
2026-01-20 01:16:54,593 | INFO |     [ABNB] +1 rows
2026-01-20 01:16:57,782 | INFO |     [ABT] +1 rows
2026-01-20 01:17:00,926 | INFO |     [ACA.PA] +1 rows
2026-01-20 01:17:04,039 | INFO |     [ADBE] +1 rows
2026-01-20 01:17:07,207 | INFO |     [ADI] +1 rows
2026-01-20 01:17:10,400 | INFO |     [ADS.DE] +1 rows
2026-01-20 01:17:13,514 | INFO |     [ADSK] +1 rows
2026-01-20 01:17:16,679 | INFO |     [AEP] +1 rows
2026-01-20 01:17:19,829 | INFO |     [AFL] +1 rows
2026-01-20 01:17:22,965 | INFO |     [AI.PA] +1 rows
2026-01-20 01:17:26,118 | INFO |     [AIG] +1 rows
2026-01-20 01:17:29,243 | INFO |     [AIR.DE] +1 rows
2026-01-20 01:17:32,379 | INFO |     [AIR.PA] +1 rows
2026-01-20 01:17:35,479 | INFO |     [AKAM] +1 rows
2026-01-20 01:17:38,620 | INFO |     [AKER.OL] +1 rows
2026-01-20 01:17:41,732 | INFO |     [AKRBP.OL] +1 rows
2026-01-20 01:17:44,924 | INFO |     [AKSO.OL] +1 rows
2026-01-20 01:17:48,040 | INFO |     [AKVA.OL] +1 rows
2026-01-20 01:17:51,175 | INFO |     [ALB] +1 rows
2026-01-20 01:17:54,310 | INFO |     [ALL] +1 rows
2026-01-20 01:17:57,464 | INFO |     [ALO.PA] +1 rows
2026-01-20 01:18:00,657 | INFO |     [ALV.DE] +1 rows
2026-01-20 01:18:03,816 | INFO |     [AMAT] +1 rows
2026-01-20 01:18:06,817 | INFO |   Batch complete, waiting 60s...
