2026-01-18 08:57:16,819 | INFO | ======================================================================
2026-01-18 08:57:16,819 | INFO | IoS-001 DAILY PRICE INGEST
2026-01-18 08:57:16,819 | INFO | Executor: LINE (EC-004)
2026-01-18 08:57:16,819 | INFO | Authority: CEO_DIRECTIVE_LINE_DAILY_INGEST_ACTIVATION_20251212
2026-01-18 08:57:16,819 | INFO | Time: 2026-01-18T07:57:16.819664+00:00
2026-01-18 08:57:16,819 | INFO | Asset Class Filter: ALL
2026-01-18 08:57:16,819 | INFO | Dry Run: False
2026-01-18 08:57:16,819 | INFO | ======================================================================
2026-01-18 08:57:17,211 | INFO | Found 491 VEGA-attested assets
2026-01-18 08:57:17,211 | INFO | 
============================================================
2026-01-18 08:57:17,211 | INFO | Processing CRYPTO: 46 assets
2026-01-18 08:57:17,211 | INFO | Schedule: Daily 01:00 UTC
2026-01-18 08:57:17,211 | INFO | ============================================================
2026-01-18 08:57:17,211 | INFO | 
  Batch 1/2 (25 assets)
2026-01-18 08:57:22,420 | WARNING |   [GRT-USD] Fetch error: Too Many Requests. Rate limited. Try after a while.
2026-01-18 08:57:25,446 | INFO |   Batch complete, waiting 60s...
2026-01-18 08:58:25,448 | INFO | 
  Batch 2/2 (21 assets)
2026-01-18 08:58:27,056 | WARNING |   [UNI-USD] Fetch error: Too Many Requests. Rate limited. Try after a while.
2026-01-18 08:58:30,082 | INFO | 
============================================================
2026-01-18 08:58:30,082 | INFO | Processing EQUITY: 421 assets
2026-01-18 08:58:30,082 | INFO | Schedule: Weekdays 22:00 UTC
2026-01-18 08:58:30,083 | INFO | ============================================================
2026-01-18 08:58:30,083 | INFO |   Market closed for EQUITY today, skipping
2026-01-18 08:58:30,083 | INFO | 
============================================================
2026-01-18 08:58:30,083 | INFO | Processing FX: 24 assets
2026-01-18 08:58:30,084 | INFO | Schedule: Sun-Thu 22:00 UTC
2026-01-18 08:58:30,084 | INFO | ============================================================
2026-01-18 08:58:30,084 | INFO | 
  Batch 1/1 (24 assets)
2026-01-18 08:58:31,060 | WARNING |   [AUDJPY=X] Fetch error: Too Many Requests. Rate limited. Try after a while.
2026-01-18 08:58:35,206 | WARNING |   [CADJPY=X] Fetch error: Too Many Requests. Rate limited. Try after a while.
2026-01-18 08:58:39,180 | WARNING |   [CHFJPY=X] Fetch error: Too Many Requests. Rate limited. Try after a while.
2026-01-18 08:58:43,231 | WARNING |   [EURAUD=X] Fetch error: Too Many Requests. Rate limited. Try after a while.
2026-01-18 08:58:47,345 | WARNING |   [EURCHF=X] Fetch error: Too Many Requests. Rate limited. Try after a while.
2026-01-18 08:58:51,361 | WARNING |   [EURGBP=X] Fetch error: Too Many Requests. Rate limited. Try after a while.
2026-01-18 08:58:55,100 | WARNING |   [EURJPY=X] Fetch error: Too Many Requests. Rate limited. Try after a while.
2026-01-18 08:58:59,379 | WARNING |   [EURNOK=X] Fetch error: Too Many Requests. Rate limited. Try after a while.
2026-01-18 08:59:03,337 | WARNING |   [EURSEK=X] Fetch error: Too Many Requests. Rate limited. Try after a while.
2026-01-18 08:59:07,248 | WARNING |   [EURUSD=X] Fetch error: Too Many Requests. Rate limited. Try after a while.
2026-01-18 08:59:11,038 | WARNING |   [GBPJPY=X] Fetch error: Too Many Requests. Rate limited. Try after a while.
2026-01-18 08:59:15,337 | WARNING |   [USDJPY=X] Fetch error: Too Many Requests. Rate limited. Try after a while.
2026-01-18 08:59:19,413 | WARNING |   [USDMXN=X] Fetch error: Too Many Requests. Rate limited. Try after a while.
2026-01-18 08:59:23,100 | WARNING |   [USDTRY=X] Fetch error: Too Many Requests. Rate limited. Try after a while.
2026-01-18 08:59:26,111 | WARNING | Heartbeat recording failed: relation "fhq_monitoring.system_heartbeats" does not exist
LINE 2:                 INSERT INTO fhq_monitoring.system_heartbeats...
                                    ^

2026-01-18 08:59:26,115 | INFO | 
======================================================================
2026-01-18 08:59:26,115 | INFO | DAILY INGEST COMPLETE
2026-01-18 08:59:26,115 | INFO | ======================================================================
2026-01-18 08:59:26,115 | INFO | Assets Processed: 70
2026-01-18 08:59:26,115 | INFO | Assets Updated:   0
2026-01-18 08:59:26,115 | INFO | Rows Inserted:    0
2026-01-18 08:59:26,115 | INFO |   CRYPTO: 0 assets, 0 rows
2026-01-18 08:59:26,115 | INFO |   FX: 0 assets, 0 rows
2026-01-18 08:59:26,115 | INFO | Evidence: C:\fhq-market-system\vision-ios\03_FUNCTIONS\evidence\IOS001_DAILY_INGEST_80f54b07_20260118_085926.json
2026-01-18 08:59:26,115 | INFO | ======================================================================
