2026-01-22 18:34:10,696 | INFO | ======================================================================
2026-01-22 18:34:10,696 | INFO | IoS-001 DAILY PRICE INGEST
2026-01-22 18:34:10,696 | INFO | Executor: LINE (EC-004)
2026-01-22 18:34:10,696 | INFO | Authority: CEO_DIRECTIVE_LINE_DAILY_INGEST_ACTIVATION_20251212
2026-01-22 18:34:10,696 | INFO | Time: 2026-01-22T17:34:10.696879+00:00
2026-01-22 18:34:10,696 | INFO | Asset Class Filter: ALL
2026-01-22 18:34:10,696 | INFO | Dry Run: False
2026-01-22 18:34:10,696 | INFO | ======================================================================
2026-01-22 18:34:11,282 | INFO | Found 491 VEGA-attested assets
2026-01-22 18:34:11,282 | INFO | 
============================================================
2026-01-22 18:34:11,282 | INFO | Processing CRYPTO: 46 assets
2026-01-22 18:34:11,282 | INFO | Schedule: Daily 01:00 UTC
2026-01-22 18:34:11,282 | INFO | ============================================================
2026-01-22 18:34:11,282 | INFO | 
  Batch 1/2 (25 assets)
2026-01-22 18:34:15,659 | WARNING |   [GRT-USD] Fetch error: Too Many Requests. Rate limited. Try after a while.
2026-01-22 18:34:18,678 | INFO |   Batch complete, waiting 60s...
2026-01-22 18:35:18,679 | INFO | 
  Batch 2/2 (21 assets)
2026-01-22 18:35:20,301 | WARNING |   [UNI-USD] Fetch error: Too Many Requests. Rate limited. Try after a while.
2026-01-22 18:35:23,319 | INFO | 
============================================================
2026-01-22 18:35:23,319 | INFO | Processing EQUITY: 421 assets
2026-01-22 18:35:23,319 | INFO | Schedule: Weekdays 22:00 UTC
2026-01-22 18:35:23,319 | INFO | ============================================================
2026-01-22 18:35:23,319 | INFO | 
  Batch 1/17 (25 assets)
2026-01-22 18:35:24,694 | WARNING |   [1COV.DE] Fetch error: Too Many Requests. Rate limited. Try after a while.
2026-01-22 18:35:27,721 | INFO |   Batch complete, waiting 60s...
2026-01-22 18:36:27,730 | INFO | 
  Batch 2/17 (25 assets)
2026-01-22 18:36:27,787 | INFO |   Batch complete, waiting 60s...
2026-01-22 18:37:27,789 | INFO | 
  Batch 3/17 (25 assets)
2026-01-22 18:37:31,387 | WARNING |   [BRK.B] Fetch error: Too Many Requests. Rate limited. Try after a while.
2026-01-22 18:37:35,425 | WARNING |   [BT.A.L] Fetch error: Too Many Requests. Rate limited. Try after a while.
2026-01-22 18:37:38,444 | INFO |   Batch complete, waiting 60s...
2026-01-22 18:38:38,445 | INFO | 
  Batch 4/17 (25 assets)
2026-01-22 18:38:40,464 | WARNING |   [CON.DE] Fetch error: Too Many Requests. Rate limited. Try after a while.
2026-01-22 18:38:44,840 | WARNING |   [COP] Fetch error: Too Many Requests. Rate limited. Try after a while.
2026-01-22 18:38:49,441 | WARNING |   [COST] Fetch error: Too Many Requests. Rate limited. Try after a while.
2026-01-22 18:38:53,450 | WARNING |   [CPG.L] Fetch error: Too Many Requests. Rate limited. Try after a while.
2026-01-22 18:38:57,348 | WARNING |   [CRM] Fetch error: Too Many Requests. Rate limited. Try after a while.
2026-01-22 18:39:01,544 | WARNING |   [CRWD] Fetch error: Too Many Requests. Rate limited. Try after a while.
2026-01-22 18:39:05,923 | WARNING |   [CS.PA] Fetch error: Too Many Requests. Rate limited. Try after a while.
