2026-01-15 23:32:19,681 | INFO | ======================================================================
2026-01-15 23:32:19,681 | INFO | IoS-001 DAILY PRICE INGEST
2026-01-15 23:32:19,682 | INFO | Executor: LINE (EC-004)
2026-01-15 23:32:19,682 | INFO | Authority: CEO_DIRECTIVE_LINE_DAILY_INGEST_ACTIVATION_20251212
2026-01-15 23:32:19,682 | INFO | Time: 2026-01-15T22:32:19.682957+00:00
2026-01-15 23:32:19,682 | INFO | Asset Class Filter: ALL
2026-01-15 23:32:19,682 | INFO | Dry Run: False
2026-01-15 23:32:19,682 | INFO | ======================================================================
2026-01-15 23:32:19,879 | INFO | Found 491 VEGA-attested assets
2026-01-15 23:32:19,880 | INFO | 
============================================================
2026-01-15 23:32:19,880 | INFO | Processing CRYPTO: 46 assets
2026-01-15 23:32:19,880 | INFO | Schedule: Daily 01:00 UTC
2026-01-15 23:32:19,880 | INFO | ============================================================
2026-01-15 23:32:19,880 | INFO | 
  Batch 1/2 (25 assets)
2026-01-15 23:32:22,922 | WARNING |   [GRT-USD] Fetch error: Too Many Requests. Rate limited. Try after a while.
2026-01-15 23:32:25,932 | INFO |   Batch complete, waiting 60s...
2026-01-15 23:33:25,934 | INFO | 
  Batch 2/2 (21 assets)
2026-01-15 23:33:27,296 | WARNING |   [UNI-USD] Fetch error: Too Many Requests. Rate limited. Try after a while.
2026-01-15 23:33:30,311 | INFO | 
============================================================
2026-01-15 23:33:30,311 | INFO | Processing EQUITY: 421 assets
2026-01-15 23:33:30,312 | INFO | Schedule: Weekdays 22:00 UTC
2026-01-15 23:33:30,312 | INFO | ============================================================
2026-01-15 23:33:30,312 | INFO | 
  Batch 1/17 (25 assets)
2026-01-15 23:33:31,676 | WARNING |   [1COV.DE] Fetch error: Too Many Requests. Rate limited. Try after a while.
2026-01-15 23:33:34,707 | INFO |   Batch complete, waiting 60s...
2026-01-15 23:34:34,708 | INFO | 
  Batch 2/17 (25 assets)
2026-01-15 23:34:34,762 | INFO |   Batch complete, waiting 60s...
2026-01-15 23:35:34,764 | INFO | 
  Batch 3/17 (25 assets)
2026-01-15 23:35:38,242 | WARNING |   [BRK.B] Fetch error: Too Many Requests. Rate limited. Try after a while.
2026-01-15 23:35:42,062 | WARNING |   [BT.A.L] Fetch error: Too Many Requests. Rate limited. Try after a while.
2026-01-15 23:35:45,073 | INFO |   Batch complete, waiting 60s...
2026-01-15 23:36:45,082 | INFO | 
  Batch 4/17 (25 assets)
2026-01-15 23:36:45,125 | INFO |   Batch complete, waiting 60s...
