2026-02-08 08:27:33,619 | INFO | ======================================================================
2026-02-08 08:27:33,619 | INFO | IoS-001 DAILY PRICE INGEST
2026-02-08 08:27:33,619 | INFO | Executor: LINE (EC-004)
2026-02-08 08:27:33,619 | INFO | Authority: CEO_DIRECTIVE_LINE_DAILY_INGEST_ACTIVATION_20251212
2026-02-08 08:27:33,619 | INFO | Amendment: CEO-DIR-2026-119 (Rate Limit Mitigation)
2026-02-08 08:27:33,619 | INFO | Time: 2026-02-08T07:27:33.619071+00:00
2026-02-08 08:27:33,619 | INFO | Asset Class Filter: ALL
2026-02-08 08:27:33,619 | INFO | Batch Mode: True
2026-02-08 08:27:33,619 | INFO | Dry Run: False
2026-02-08 08:27:33,619 | INFO | ======================================================================
2026-02-08 08:27:33,906 | INFO | Found 491 VEGA-attested assets
2026-02-08 08:27:33,906 | INFO | 
============================================================
2026-02-08 08:27:33,906 | INFO | Processing CRYPTO: 46 assets
2026-02-08 08:27:33,916 | INFO | Schedule: Daily 01:00 UTC
2026-02-08 08:27:33,916 | INFO | ============================================================
2026-02-08 08:27:33,916 | INFO |   Using BATCH MODE (CEO-DIR-2026-119)
2026-02-08 08:27:33,916 | INFO | 
  Batch 1/5 (10 tickers)
2026-02-08 08:27:33,968 | INFO |     All assets up to date
2026-02-08 08:27:33,968 | INFO | 
  Batch 2/5 (10 tickers)
2026-02-08 08:27:34,009 | INFO |     Batch download: 1 tickers
2026-02-08 08:27:35,189 | ERROR | 
1 Failed download:
2026-02-08 08:27:35,189 | ERROR | ['GRT-USD']: YFPricesMissingError('possibly delisted; no price data found  (1d 2026-02-08 -> 2026-02-09)')
2026-02-08 08:27:35,276 | INFO |   Batch complete, waiting 120s...
2026-02-08 08:29:35,277 | INFO | 
  Batch 3/5 (10 tickers)
2026-02-08 08:29:35,345 | INFO |     All assets up to date
2026-02-08 08:29:35,345 | INFO | 
  Batch 4/5 (10 tickers)
2026-02-08 08:29:35,406 | INFO |     Batch download: 1 tickers
2026-02-08 08:29:35,889 | ERROR | 
1 Failed download:
2026-02-08 08:29:35,889 | ERROR | ['UNI-USD']: YFPricesMissingError('possibly delisted; no price data found  (1d 2026-02-08 -> 2026-02-09)')
2026-02-08 08:29:35,899 | INFO |   Batch complete, waiting 120s...
2026-02-08 08:31:35,903 | INFO | 
  Batch 5/5 (6 tickers)
2026-02-08 08:31:35,943 | INFO |     All assets up to date
2026-02-08 08:31:35,943 | INFO | 
============================================================
2026-02-08 08:31:35,943 | INFO | Processing EQUITY: 421 assets
2026-02-08 08:31:35,943 | INFO | Schedule: Weekdays 22:00 UTC
2026-02-08 08:31:35,943 | INFO | ============================================================
2026-02-08 08:31:35,943 | INFO |   Market closed for EQUITY today, skipping
2026-02-08 08:31:35,943 | INFO | 
============================================================
2026-02-08 08:31:35,943 | INFO | Processing FX: 24 assets
2026-02-08 08:31:35,943 | INFO | Schedule: Sun-Thu 22:00 UTC
2026-02-08 08:31:35,943 | INFO | ============================================================
2026-02-08 08:31:35,943 | INFO |   Using BATCH MODE (CEO-DIR-2026-119)
2026-02-08 08:31:35,943 | INFO | 
  Batch 1/3 (10 tickers)
2026-02-08 08:31:35,973 | INFO |     Batch download: 10 tickers
2026-02-08 08:31:37,555 | INFO |     [AUDJPY=X] +1 rows
2026-02-08 08:31:37,568 | INFO |     [AUDUSD=X] +1 rows
2026-02-08 08:31:37,579 | INFO |     [CADJPY=X] +1 rows
2026-02-08 08:31:37,585 | INFO |     [CHFJPY=X] +1 rows
2026-02-08 08:31:37,587 | INFO |     [EURAUD=X] +1 rows
2026-02-08 08:31:37,587 | INFO |     [EURCHF=X] +1 rows
2026-02-08 08:31:37,596 | INFO |     [EURGBP=X] +1 rows
2026-02-08 08:31:37,596 | INFO |     [EURJPY=X] +1 rows
2026-02-08 08:31:37,596 | INFO |     [EURNOK=X] +1 rows
2026-02-08 08:31:37,596 | INFO |     [EURSEK=X] +1 rows
2026-02-08 08:31:37,596 | INFO |   Batch complete, waiting 120s...
