2026-01-11 11:24:35,691 | INFO | ======================================================================
2026-01-11 11:24:35,691 | INFO | IoS-001 DAILY PRICE INGEST
2026-01-11 11:24:35,691 | INFO | Executor: LINE (EC-004)
2026-01-11 11:24:35,691 | INFO | Authority: CEO_DIRECTIVE_LINE_DAILY_INGEST_ACTIVATION_20251212
2026-01-11 11:24:35,691 | INFO | Time: 2026-01-11T10:24:35.691098+00:00
2026-01-11 11:24:35,691 | INFO | Asset Class Filter: ALL
2026-01-11 11:24:35,691 | INFO | Dry Run: False
2026-01-11 11:24:35,691 | INFO | ======================================================================
2026-01-11 11:24:36,171 | INFO | Found 491 VEGA-attested assets
2026-01-11 11:24:36,172 | INFO | 
============================================================
2026-01-11 11:24:36,172 | INFO | Processing CRYPTO: 46 assets
2026-01-11 11:24:36,172 | INFO | Schedule: Daily 01:00 UTC
2026-01-11 11:24:36,172 | INFO | ============================================================
2026-01-11 11:24:36,173 | INFO | 
  Batch 1/2 (25 assets)
2026-01-11 11:24:40,374 | WARNING |   [GRT-USD] Fetch error: Too Many Requests. Rate limited. Try after a while.
2026-01-11 11:24:43,390 | INFO |   Batch complete, waiting 60s...
2026-01-11 11:25:43,394 | INFO | 
  Batch 2/2 (21 assets)
2026-01-11 11:25:45,452 | WARNING |   [UNI-USD] Fetch error: Too Many Requests. Rate limited. Try after a while.
2026-01-11 11:25:48,476 | INFO | 
============================================================
2026-01-11 11:25:48,476 | INFO | Processing EQUITY: 421 assets
2026-01-11 11:25:48,476 | INFO | Schedule: Weekdays 22:00 UTC
2026-01-11 11:25:48,476 | INFO | ============================================================
2026-01-11 11:25:48,476 | INFO |   Market closed for EQUITY today, skipping
2026-01-11 11:25:48,476 | INFO | 
============================================================
2026-01-11 11:25:48,476 | INFO | Processing FX: 24 assets
2026-01-11 11:25:48,476 | INFO | Schedule: Sun-Thu 22:00 UTC
2026-01-11 11:25:48,476 | INFO | ============================================================
2026-01-11 11:25:48,476 | INFO | 
  Batch 1/1 (24 assets)
2026-01-11 11:25:49,701 | WARNING |   [AUDJPY=X] Fetch error: Too Many Requests. Rate limited. Try after a while.
2026-01-11 11:25:54,028 | WARNING |   [CADJPY=X] Fetch error: Too Many Requests. Rate limited. Try after a while.
2026-01-11 11:25:58,104 | WARNING |   [CHFJPY=X] Fetch error: Too Many Requests. Rate limited. Try after a while.
2026-01-11 11:26:02,514 | WARNING |   [EURAUD=X] Fetch error: Too Many Requests. Rate limited. Try after a while.
2026-01-11 11:26:06,584 | WARNING |   [EURCHF=X] Fetch error: Too Many Requests. Rate limited. Try after a while.
2026-01-11 11:26:10,693 | WARNING |   [EURGBP=X] Fetch error: Too Many Requests. Rate limited. Try after a while.
2026-01-11 11:26:14,676 | WARNING |   [EURJPY=X] Fetch error: Too Many Requests. Rate limited. Try after a while.
2026-01-11 11:26:18,714 | WARNING |   [EURNOK=X] Fetch error: Too Many Requests. Rate limited. Try after a while.
2026-01-11 11:26:22,781 | WARNING |   [EURSEK=X] Fetch error: Too Many Requests. Rate limited. Try after a while.
2026-01-11 11:26:26,792 | WARNING |   [EURUSD=X] Fetch error: Too Many Requests. Rate limited. Try after a while.
2026-01-11 11:26:30,727 | WARNING |   [GBPJPY=X] Fetch error: Too Many Requests. Rate limited. Try after a while.
2026-01-11 11:26:35,141 | WARNING |   [USDHKD=X] Fetch error: Too Many Requests. Rate limited. Try after a while.
2026-01-11 11:26:39,223 | WARNING |   [USDJPY=X] Fetch error: Too Many Requests. Rate limited. Try after a while.
2026-01-11 11:26:43,510 | WARNING |   [USDMXN=X] Fetch error: Too Many Requests. Rate limited. Try after a while.
2026-01-11 11:26:47,656 | WARNING |   [USDTRY=X] Fetch error: Too Many Requests. Rate limited. Try after a while.
2026-01-11 11:26:50,676 | WARNING | Heartbeat recording failed: relation "fhq_monitoring.system_heartbeats" does not exist
LINE 2:                 INSERT INTO fhq_monitoring.system_heartbeats...
                                    ^

2026-01-11 11:26:50,685 | INFO | 
======================================================================
2026-01-11 11:26:50,685 | INFO | DAILY INGEST COMPLETE
2026-01-11 11:26:50,687 | INFO | ======================================================================
2026-01-11 11:26:50,687 | INFO | Assets Processed: 70
2026-01-11 11:26:50,687 | INFO | Assets Updated:   0
2026-01-11 11:26:50,687 | INFO | Rows Inserted:    0
2026-01-11 11:26:50,687 | INFO |   CRYPTO: 0 assets, 0 rows
2026-01-11 11:26:50,687 | INFO |   FX: 0 assets, 0 rows
2026-01-11 11:26:50,687 | INFO | Evidence: C:\fhq-market-system\vision-ios\03_FUNCTIONS\evidence\IOS001_DAILY_INGEST_b78fe896_20260111_112650.json
2026-01-11 11:26:50,687 | INFO | ======================================================================
