2026-01-06 07:36:49,671 | INFO | ======================================================================
2026-01-06 07:36:49,671 | INFO | IoS-001 DAILY PRICE INGEST
2026-01-06 07:36:49,671 | INFO | Executor: LINE (EC-004)
2026-01-06 07:36:49,671 | INFO | Authority: CEO_DIRECTIVE_LINE_DAILY_INGEST_ACTIVATION_20251212
2026-01-06 07:36:49,671 | INFO | Time: 2026-01-06T06:36:49.671433+00:00
2026-01-06 07:36:49,671 | INFO | Asset Class Filter: ALL
2026-01-06 07:36:49,671 | INFO | Dry Run: False
2026-01-06 07:36:49,671 | INFO | ======================================================================
2026-01-06 07:36:49,856 | INFO | Found 491 VEGA-attested assets
2026-01-06 07:36:49,856 | INFO | 
============================================================
2026-01-06 07:36:49,856 | INFO | Processing CRYPTO: 46 assets
2026-01-06 07:36:49,856 | INFO | Schedule: Daily 01:00 UTC
2026-01-06 07:36:49,856 | INFO | ============================================================
2026-01-06 07:36:49,856 | INFO | 
  Batch 1/2 (25 assets)
2026-01-06 07:36:52,793 | WARNING |   [GRT-USD] Fetch error: Too Many Requests. Rate limited. Try after a while.
2026-01-06 07:36:55,825 | INFO |   Batch complete, waiting 60s...
2026-01-06 07:37:55,826 | INFO | 
  Batch 2/2 (21 assets)
2026-01-06 07:37:57,924 | WARNING |   [UNI-USD] Fetch error: Too Many Requests. Rate limited. Try after a while.
2026-01-06 07:38:00,940 | INFO | 
============================================================
2026-01-06 07:38:00,940 | INFO | Processing EQUITY: 421 assets
2026-01-06 07:38:00,941 | INFO | Schedule: Weekdays 22:00 UTC
2026-01-06 07:38:00,941 | INFO | ============================================================
2026-01-06 07:38:00,941 | INFO | 
  Batch 1/17 (25 assets)
2026-01-06 07:38:02,051 | WARNING |   [1COV.DE] Fetch error: Too Many Requests. Rate limited. Try after a while.
2026-01-06 07:38:06,322 | WARNING |   [ABBV] Fetch error: Too Many Requests. Rate limited. Try after a while.
2026-01-06 07:38:10,399 | WARNING |   [ABNB] Fetch error: Too Many Requests. Rate limited. Try after a while.
2026-01-06 07:38:14,431 | WARNING |   [ABT] Fetch error: Too Many Requests. Rate limited. Try after a while.
2026-01-06 07:38:18,889 | WARNING |   [ACA.PA] Fetch error: Too Many Requests. Rate limited. Try after a while.
2026-01-06 07:38:23,211 | WARNING |   [ADBE] Fetch error: Too Many Requests. Rate limited. Try after a while.
2026-01-06 07:38:27,228 | WARNING |   [ADI] Fetch error: Too Many Requests. Rate limited. Try after a while.
2026-01-06 07:38:31,275 | WARNING |   [ADS.DE] Fetch error: Too Many Requests. Rate limited. Try after a while.
2026-01-06 07:38:35,140 | WARNING |   [ADSK] Fetch error: Too Many Requests. Rate limited. Try after a while.
2026-01-06 07:38:39,469 | WARNING |   [AEP] Fetch error: Too Many Requests. Rate limited. Try after a while.
2026-01-06 07:38:43,521 | WARNING |   [AFL] Fetch error: Too Many Requests. Rate limited. Try after a while.
2026-01-06 07:38:47,685 | WARNING |   [AI.PA] Fetch error: Too Many Requests. Rate limited. Try after a while.
2026-01-06 07:38:51,758 | WARNING |   [AIG] Fetch error: Too Many Requests. Rate limited. Try after a while.
2026-01-06 07:38:56,159 | WARNING |   [AIR.DE] Fetch error: Too Many Requests. Rate limited. Try after a while.
2026-01-06 07:39:00,127 | WARNING |   [AIR.PA] Fetch error: Too Many Requests. Rate limited. Try after a while.
2026-01-06 07:39:04,106 | WARNING |   [AKAM] Fetch error: Too Many Requests. Rate limited. Try after a while.
2026-01-06 07:39:08,171 | WARNING |   [AKER.OL] Fetch error: Too Many Requests. Rate limited. Try after a while.
2026-01-06 07:39:12,583 | WARNING |   [AKRBP.OL] Fetch error: Too Many Requests. Rate limited. Try after a while.
2026-01-06 07:39:17,005 | WARNING |   [AKSO.OL] Fetch error: Too Many Requests. Rate limited. Try after a while.
2026-01-06 07:39:21,146 | WARNING |   [AKVA.OL] Fetch error: Too Many Requests. Rate limited. Try after a while.
2026-01-06 07:39:25,269 | WARNING |   [ALB] Fetch error: Too Many Requests. Rate limited. Try after a while.
2026-01-06 07:39:30,320 | WARNING |   [ALL] Fetch error: Too Many Requests. Rate limited. Try after a while.
2026-01-06 07:39:34,399 | WARNING |   [ALO.PA] Fetch error: Too Many Requests. Rate limited. Try after a while.
2026-01-06 07:39:38,303 | WARNING |   [ALV.DE] Fetch error: Too Many Requests. Rate limited. Try after a while.
2026-01-06 07:39:42,424 | WARNING |   [AMAT] Fetch error: Too Many Requests. Rate limited. Try after a while.
2026-01-06 07:39:45,426 | INFO |   Batch complete, waiting 60s...
2026-01-06 07:40:45,428 | INFO | 
  Batch 2/17 (25 assets)
2026-01-06 07:40:46,831 | WARNING |   [AMD] Fetch error: Too Many Requests. Rate limited. Try after a while.
2026-01-06 07:40:51,035 | WARNING |   [AMGN] Fetch error: Too Many Requests. Rate limited. Try after a while.
2026-01-06 07:40:55,206 | WARNING |   [AMT] Fetch error: Too Many Requests. Rate limited. Try after a while.
2026-01-06 07:40:59,164 | WARNING |   [AMZN] Fetch error: Too Many Requests. Rate limited. Try after a while.
2026-01-06 07:41:03,290 | WARNING |   [AON] Fetch error: Too Many Requests. Rate limited. Try after a while.
2026-01-06 07:41:07,378 | WARNING |   [APD] Fetch error: Too Many Requests. Rate limited. Try after a while.
2026-01-06 07:41:11,413 | WARNING |   [ASML] Fetch error: Too Many Requests. Rate limited. Try after a while.
2026-01-06 07:41:15,674 | WARNING |   [ATO.PA] Fetch error: Too Many Requests. Rate limited. Try after a while.
2026-01-06 07:41:19,723 | WARNING |   [AUSS.OL] Fetch error: Too Many Requests. Rate limited. Try after a while.
2026-01-06 07:41:23,654 | WARNING |   [AUTO.OL] Fetch error: Too Many Requests. Rate limited. Try after a while.
2026-01-06 07:41:27,801 | WARNING |   [AV.L] Fetch error: Too Many Requests. Rate limited. Try after a while.
2026-01-06 07:41:32,108 | WARNING |   [AVB] Fetch error: Too Many Requests. Rate limited. Try after a while.
2026-01-06 07:41:36,496 | WARNING |   [AVGO] Fetch error: Too Many Requests. Rate limited. Try after a while.
2026-01-06 07:41:40,512 | WARNING |   [AWK] Fetch error: Too Many Requests. Rate limited. Try after a while.
2026-01-06 07:41:44,384 | WARNING |   [AXP] Fetch error: Too Many Requests. Rate limited. Try after a while.
