2026-02-13 02:56:17,648 | INFO | ======================================================================
2026-02-13 02:56:17,648 | INFO | IoS-001 DAILY PRICE INGEST
2026-02-13 02:56:17,648 | INFO | Executor: LINE (EC-004)
2026-02-13 02:56:17,648 | INFO | Authority: CEO_DIRECTIVE_LINE_DAILY_INGEST_ACTIVATION_20251212
2026-02-13 02:56:17,648 | INFO | Amendment: CEO-DIR-2026-119 (Rate Limit Mitigation)
2026-02-13 02:56:17,648 | INFO | Time: 2026-02-13T01:56:17.648845+00:00
2026-02-13 02:56:17,648 | INFO | Asset Class Filter: ALL
2026-02-13 02:56:17,648 | INFO | Batch Mode: True
2026-02-13 02:56:17,648 | INFO | Dry Run: False
2026-02-13 02:56:17,648 | INFO | ======================================================================
2026-02-13 02:56:17,963 | INFO | Found 491 VEGA-attested assets
2026-02-13 02:56:17,963 | INFO | 
============================================================
2026-02-13 02:56:17,964 | INFO | Processing CRYPTO: 46 assets
2026-02-13 02:56:17,964 | INFO | Schedule: Daily 01:00 UTC
2026-02-13 02:56:17,964 | INFO | ============================================================
2026-02-13 02:56:17,965 | INFO |   Using BATCH MODE (CEO-DIR-2026-119)
2026-02-13 02:56:17,965 | INFO | 
  Batch 1/5 (10 tickers)
2026-02-13 02:56:18,002 | INFO |     All assets up to date
2026-02-13 02:56:18,002 | INFO | 
  Batch 2/5 (10 tickers)
2026-02-13 02:56:18,018 | INFO |     Batch download: 1 tickers
2026-02-13 02:56:21,308 | ERROR | 
1 Failed download:
2026-02-13 02:56:21,308 | ERROR | ['GRT-USD']: YFRateLimitError('Too Many Requests. Rate limited. Try after a while.')
2026-02-13 02:56:21,344 | INFO |   Batch complete, waiting 120s...
2026-02-13 02:58:21,345 | INFO | 
  Batch 3/5 (10 tickers)
2026-02-13 02:58:21,564 | INFO |     All assets up to date
2026-02-13 02:58:21,564 | INFO | 
  Batch 4/5 (10 tickers)
2026-02-13 02:58:21,621 | INFO |     Batch download: 1 tickers
2026-02-13 02:58:25,266 | ERROR | 
1 Failed download:
2026-02-13 02:58:25,266 | ERROR | ['UNI-USD']: YFRateLimitError('Too Many Requests. Rate limited. Try after a while.')
2026-02-13 02:58:25,276 | INFO |   Batch complete, waiting 120s...
2026-02-13 03:00:25,277 | INFO | 
  Batch 5/5 (6 tickers)
2026-02-13 03:00:25,285 | INFO |     All assets up to date
2026-02-13 03:00:25,285 | INFO | 
============================================================
2026-02-13 03:00:25,285 | INFO | Processing EQUITY: 421 assets
2026-02-13 03:00:25,285 | INFO | Schedule: Weekdays 22:00 UTC
2026-02-13 03:00:25,285 | INFO | ============================================================
2026-02-13 03:00:25,285 | INFO |   Using BATCH MODE (CEO-DIR-2026-119)
2026-02-13 03:00:25,285 | INFO | 
  Batch 1/43 (10 tickers)
2026-02-13 03:00:25,305 | INFO |     Batch download: 10 tickers
2026-02-13 03:00:38,101 | ERROR | 
10 Failed downloads:
2026-02-13 03:00:38,101 | ERROR | ['ABT', '1COV.DE', 'ADS.DE', 'ABBV', 'ADSK', 'ACA.PA', 'ADI', 'ADBE', 'ABNB', 'AEP']: YFRateLimitError('Too Many Requests. Rate limited. Try after a while.')
2026-02-13 03:00:38,105 | INFO |   Batch complete, waiting 120s...
