2026-01-15 21:51:29,032 | INFO | ======================================================================
2026-01-15 21:51:29,033 | INFO | IoS-001 DAILY PRICE INGEST
2026-01-15 21:51:29,033 | INFO | Executor: LINE (EC-004)
2026-01-15 21:51:29,033 | INFO | Authority: CEO_DIRECTIVE_LINE_DAILY_INGEST_ACTIVATION_20251212
2026-01-15 21:51:29,033 | INFO | Time: 2026-01-15T20:51:29.033783+00:00
2026-01-15 21:51:29,033 | INFO | Asset Class Filter: ALL
2026-01-15 21:51:29,033 | INFO | Dry Run: False
2026-01-15 21:51:29,033 | INFO | ======================================================================
2026-01-15 21:51:29,501 | INFO | Found 491 VEGA-attested assets
2026-01-15 21:51:29,502 | INFO | 
============================================================
2026-01-15 21:51:29,502 | INFO | Processing CRYPTO: 46 assets
2026-01-15 21:51:29,502 | INFO | Schedule: Daily 01:00 UTC
2026-01-15 21:51:29,503 | INFO | ============================================================
2026-01-15 21:51:29,503 | INFO | 
  Batch 1/2 (25 assets)
2026-01-15 21:51:30,995 | ERROR | $GRT-USD: possibly delisted; no price data found  (1d 2026-01-15 -> 2026-01-16)
2026-01-15 21:51:34,012 | INFO |   Batch complete, waiting 60s...
2026-01-15 21:52:34,014 | INFO | 
  Batch 2/2 (21 assets)
2026-01-15 21:52:34,181 | ERROR | $UNI-USD: possibly delisted; no price data found  (1d 2026-01-08 -> 2026-01-16)
2026-01-15 21:52:37,200 | INFO | 
============================================================
2026-01-15 21:52:37,200 | INFO | Processing EQUITY: 421 assets
2026-01-15 21:52:37,200 | INFO | Schedule: Weekdays 22:00 UTC
2026-01-15 21:52:37,200 | INFO | ============================================================
2026-01-15 21:52:37,200 | INFO | 
  Batch 1/17 (25 assets)
2026-01-15 21:52:37,350 | ERROR | $1COV.DE: possibly delisted; no price data found  (1d 2025-12-24 -> 2026-01-16)
2026-01-15 21:52:40,385 | INFO |   Batch complete, waiting 60s...
2026-01-15 21:53:40,386 | INFO | 
  Batch 2/17 (25 assets)
2026-01-15 21:53:40,441 | INFO |   Batch complete, waiting 60s...
2026-01-15 21:54:40,442 | INFO | 
  Batch 3/17 (25 assets)
2026-01-15 21:54:44,188 | ERROR | $BRK.B: possibly delisted; no timezone found
2026-01-15 21:54:49,760 | ERROR | 404 Client Error: Not Found for url: https://query2.finance.yahoo.com/v10/finance/quoteSummary/BT.A.L?modules=financialData%2CquoteType%2CdefaultKeyStatistics%2CassetProfile%2CsummaryDetail&corsDomain=finance.yahoo.com&formatted=false&symbol=BT.A.L&crumb=T44m4Se0rUJ
2026-01-15 21:54:49,760 | WARNING |   [BT.A.L] Fetch error: 'NoneType' object has no attribute 'update'
2026-01-15 21:54:52,794 | INFO |   Batch complete, waiting 60s...
2026-01-15 21:55:52,795 | INFO | 
  Batch 4/17 (25 assets)
2026-01-15 21:55:52,858 | INFO |   Batch complete, waiting 60s...
