2026-02-04 03:02:19,520 | INFO | ======================================================================
2026-02-04 03:02:19,520 | INFO | IoS-001 DAILY PRICE INGEST
2026-02-04 03:02:19,520 | INFO | Executor: LINE (EC-004)
2026-02-04 03:02:19,520 | INFO | Authority: CEO_DIRECTIVE_LINE_DAILY_INGEST_ACTIVATION_20251212
2026-02-04 03:02:19,520 | INFO | Time: 2026-02-04T02:02:19.520465+00:00
2026-02-04 03:02:19,520 | INFO | Asset Class Filter: ALL
2026-02-04 03:02:19,520 | INFO | Dry Run: False
2026-02-04 03:02:19,520 | INFO | ======================================================================
2026-02-04 03:02:19,800 | INFO | Found 491 VEGA-attested assets
2026-02-04 03:02:19,800 | INFO | 
============================================================
2026-02-04 03:02:19,800 | INFO | Processing CRYPTO: 46 assets
2026-02-04 03:02:19,800 | INFO | Schedule: Daily 01:00 UTC
2026-02-04 03:02:19,800 | INFO | ============================================================
2026-02-04 03:02:19,800 | INFO | 
  Batch 1/2 (25 assets)
2026-02-04 03:02:22,178 | WARNING |   [GRT-USD] Fetch error: Too Many Requests. Rate limited. Try after a while.
2026-02-04 03:02:25,187 | INFO |   Batch complete, waiting 60s...
2026-02-04 03:03:25,195 | INFO | 
  Batch 2/2 (21 assets)
2026-02-04 03:03:26,779 | WARNING |   [UNI-USD] Fetch error: Too Many Requests. Rate limited. Try after a while.
2026-02-04 03:03:29,790 | INFO | 
============================================================
2026-02-04 03:03:29,790 | INFO | Processing EQUITY: 421 assets
2026-02-04 03:03:29,790 | INFO | Schedule: Weekdays 22:00 UTC
2026-02-04 03:03:29,790 | INFO | ============================================================
2026-02-04 03:03:29,790 | INFO | 
  Batch 1/17 (25 assets)
2026-02-04 03:03:30,815 | WARNING |   [1COV.DE] Fetch error: Too Many Requests. Rate limited. Try after a while.
2026-02-04 03:03:34,734 | WARNING |   [ABBV] Fetch error: Too Many Requests. Rate limited. Try after a while.
2026-02-04 03:03:38,804 | WARNING |   [ABNB] Fetch error: Too Many Requests. Rate limited. Try after a while.
2026-02-04 03:03:43,179 | WARNING |   [ABT] Fetch error: Too Many Requests. Rate limited. Try after a while.
2026-02-04 03:03:47,159 | WARNING |   [ACA.PA] Fetch error: Too Many Requests. Rate limited. Try after a while.
2026-02-04 03:03:51,015 | WARNING |   [ADBE] Fetch error: Too Many Requests. Rate limited. Try after a while.
2026-02-04 03:03:54,921 | WARNING |   [ADI] Fetch error: Too Many Requests. Rate limited. Try after a while.
2026-02-04 03:03:59,014 | WARNING |   [ADS.DE] Fetch error: Too Many Requests. Rate limited. Try after a while.
2026-02-04 03:04:02,985 | WARNING |   [ADSK] Fetch error: Too Many Requests. Rate limited. Try after a while.
2026-02-04 03:04:06,844 | WARNING |   [AEP] Fetch error: Too Many Requests. Rate limited. Try after a while.
2026-02-04 03:04:10,978 | WARNING |   [AFL] Fetch error: Too Many Requests. Rate limited. Try after a while.
2026-02-04 03:04:14,902 | WARNING |   [AI.PA] Fetch error: Too Many Requests. Rate limited. Try after a while.
2026-02-04 03:04:18,909 | WARNING |   [AIG] Fetch error: Too Many Requests. Rate limited. Try after a while.
2026-02-04 03:04:22,837 | WARNING |   [AIR.DE] Fetch error: Too Many Requests. Rate limited. Try after a while.
2026-02-04 03:04:26,741 | WARNING |   [AIR.PA] Fetch error: Too Many Requests. Rate limited. Try after a while.
2026-02-04 03:04:30,619 | WARNING |   [AKAM] Fetch error: Too Many Requests. Rate limited. Try after a while.
2026-02-04 03:04:34,491 | WARNING |   [AKER.OL] Fetch error: Too Many Requests. Rate limited. Try after a while.
2026-02-04 03:04:38,361 | WARNING |   [AKRBP.OL] Fetch error: Too Many Requests. Rate limited. Try after a while.
2026-02-04 03:04:42,333 | WARNING |   [AKSO.OL] Fetch error: Too Many Requests. Rate limited. Try after a while.
2026-02-04 03:04:46,386 | WARNING |   [AKVA.OL] Fetch error: Too Many Requests. Rate limited. Try after a while.
2026-02-04 03:04:50,365 | WARNING |   [ALB] Fetch error: Too Many Requests. Rate limited. Try after a while.
2026-02-04 03:04:54,320 | WARNING |   [ALL] Fetch error: Too Many Requests. Rate limited. Try after a while.
2026-02-04 03:04:58,186 | WARNING |   [ALO.PA] Fetch error: Too Many Requests. Rate limited. Try after a while.
2026-02-04 03:05:02,069 | WARNING |   [ALV.DE] Fetch error: Too Many Requests. Rate limited. Try after a while.
2026-02-04 03:05:06,005 | WARNING |   [AMAT] Fetch error: Too Many Requests. Rate limited. Try after a while.
2026-02-04 03:05:09,015 | INFO |   Batch complete, waiting 60s...
2026-02-04 03:06:09,015 | INFO | 
  Batch 2/17 (25 assets)
2026-02-04 03:06:10,410 | WARNING |   [AMD] Fetch error: Too Many Requests. Rate limited. Try after a while.
2026-02-04 03:06:14,272 | WARNING |   [AMGN] Fetch error: Too Many Requests. Rate limited. Try after a while.
2026-02-04 03:06:18,292 | WARNING |   [AMT] Fetch error: Too Many Requests. Rate limited. Try after a while.
2026-02-04 03:06:22,194 | WARNING |   [AMZN] Fetch error: Too Many Requests. Rate limited. Try after a while.
2026-02-04 03:06:26,063 | WARNING |   [AON] Fetch error: Too Many Requests. Rate limited. Try after a while.
2026-02-04 03:06:30,508 | WARNING |   [APD] Fetch error: Too Many Requests. Rate limited. Try after a while.
2026-02-04 03:06:34,385 | WARNING |   [ASML] Fetch error: Too Many Requests. Rate limited. Try after a while.
2026-02-04 03:06:38,484 | WARNING |   [ATO.PA] Fetch error: Too Many Requests. Rate limited. Try after a while.
2026-02-04 03:06:42,347 | WARNING |   [AUSS.OL] Fetch error: Too Many Requests. Rate limited. Try after a while.
2026-02-04 03:06:46,621 | WARNING |   [AUTO.OL] Fetch error: Too Many Requests. Rate limited. Try after a while.
2026-02-04 03:06:50,606 | WARNING |   [AV.L] Fetch error: Too Many Requests. Rate limited. Try after a while.
2026-02-04 03:06:54,538 | WARNING |   [AVB] Fetch error: Too Many Requests. Rate limited. Try after a while.
2026-02-04 03:06:58,440 | WARNING |   [AVGO] Fetch error: Too Many Requests. Rate limited. Try after a while.
2026-02-04 03:07:02,435 | WARNING |   [AWK] Fetch error: Too Many Requests. Rate limited. Try after a while.
2026-02-04 03:07:06,805 | WARNING |   [AXP] Fetch error: Too Many Requests. Rate limited. Try after a while.
2026-02-04 03:07:10,876 | WARNING |   [AZN.L] Fetch error: Too Many Requests. Rate limited. Try after a while.
2026-02-04 03:07:14,872 | WARNING |   [AZO] Fetch error: Too Many Requests. Rate limited. Try after a while.
