2026-02-06 23:02:06,296 | INFO | ======================================================================
2026-02-06 23:02:06,296 | INFO | IoS-001 DAILY PRICE INGEST
2026-02-06 23:02:06,296 | INFO | Executor: LINE (EC-004)
2026-02-06 23:02:06,296 | INFO | Authority: CEO_DIRECTIVE_LINE_DAILY_INGEST_ACTIVATION_20251212
2026-02-06 23:02:06,302 | INFO | Amendment: CEO-DIR-2026-119 (Rate Limit Mitigation)
2026-02-06 23:02:06,302 | INFO | Time: 2026-02-06T22:02:06.302409+00:00
2026-02-06 23:02:06,302 | INFO | Asset Class Filter: ALL
2026-02-06 23:02:06,303 | INFO | Batch Mode: True
2026-02-06 23:02:06,303 | INFO | Dry Run: False
2026-02-06 23:02:06,303 | INFO | ======================================================================
2026-02-06 23:02:06,725 | INFO | Found 491 VEGA-attested assets
2026-02-06 23:02:06,725 | INFO | 
============================================================
2026-02-06 23:02:06,725 | INFO | Processing CRYPTO: 46 assets
2026-02-06 23:02:06,725 | INFO | Schedule: Daily 01:00 UTC
2026-02-06 23:02:06,725 | INFO | ============================================================
2026-02-06 23:02:06,725 | INFO |   Using BATCH MODE (CEO-DIR-2026-119)
2026-02-06 23:02:06,725 | INFO | 
  Batch 1/5 (10 tickers)
2026-02-06 23:02:06,782 | INFO |     All assets up to date
2026-02-06 23:02:06,782 | INFO | 
  Batch 2/5 (10 tickers)
2026-02-06 23:02:06,811 | INFO |     Batch download: 1 tickers
2026-02-06 23:02:10,879 | ERROR | 
1 Failed download:
2026-02-06 23:02:10,879 | ERROR | ['GRT-USD']: YFRateLimitError('Too Many Requests. Rate limited. Try after a while.')
2026-02-06 23:02:10,879 | INFO |   Batch complete, waiting 120s...
2026-02-06 23:04:10,887 | INFO | 
  Batch 3/5 (10 tickers)
2026-02-06 23:04:10,945 | INFO |     All assets up to date
2026-02-06 23:04:10,945 | INFO | 
  Batch 4/5 (10 tickers)
2026-02-06 23:04:11,004 | INFO |     All assets up to date
2026-02-06 23:04:11,004 | INFO | 
  Batch 5/5 (6 tickers)
2026-02-06 23:04:11,024 | INFO |     All assets up to date
2026-02-06 23:04:11,024 | INFO | 
============================================================
2026-02-06 23:04:11,024 | INFO | Processing EQUITY: 421 assets
2026-02-06 23:04:11,024 | INFO | Schedule: Weekdays 22:00 UTC
2026-02-06 23:04:11,024 | INFO | ============================================================
2026-02-06 23:04:11,024 | INFO |   Using BATCH MODE (CEO-DIR-2026-119)
2026-02-06 23:04:11,024 | INFO | 
  Batch 1/43 (10 tickers)
2026-02-06 23:04:11,051 | INFO |     Batch download: 1 tickers
2026-02-06 23:04:13,760 | ERROR | 
1 Failed download:
2026-02-06 23:04:13,760 | ERROR | ['1COV.DE']: YFRateLimitError('Too Many Requests. Rate limited. Try after a while.')
2026-02-06 23:04:13,760 | INFO |   Batch complete, waiting 120s...
2026-02-06 23:06:13,769 | INFO | 
  Batch 2/43 (10 tickers)
2026-02-06 23:06:13,777 | INFO |     All assets up to date
2026-02-06 23:06:13,777 | INFO | 
  Batch 3/43 (10 tickers)
2026-02-06 23:06:13,786 | INFO |     All assets up to date
2026-02-06 23:06:13,786 | INFO | 
  Batch 4/43 (10 tickers)
2026-02-06 23:06:13,799 | INFO |     All assets up to date
2026-02-06 23:06:13,799 | INFO | 
  Batch 5/43 (10 tickers)
2026-02-06 23:06:13,812 | INFO |     All assets up to date
2026-02-06 23:06:13,812 | INFO | 
  Batch 6/43 (10 tickers)
2026-02-06 23:06:13,826 | INFO |     All assets up to date
2026-02-06 23:06:13,826 | INFO | 
  Batch 7/43 (10 tickers)
2026-02-06 23:06:13,836 | INFO |     Batch download: 2 tickers
2026-02-06 23:06:17,984 | ERROR | 
2 Failed downloads:
2026-02-06 23:06:17,985 | ERROR | ['BT.A.L', 'BRK.B']: YFRateLimitError('Too Many Requests. Rate limited. Try after a while.')
2026-02-06 23:06:17,988 | INFO |   Batch complete, waiting 120s...
