2026-01-27 18:10:18,945 | INFO | ======================================================================
2026-01-27 18:10:18,945 | INFO | IoS-001 DAILY PRICE INGEST
2026-01-27 18:10:18,945 | INFO | Executor: LINE (EC-004)
2026-01-27 18:10:18,945 | INFO | Authority: CEO_DIRECTIVE_LINE_DAILY_INGEST_ACTIVATION_20251212
2026-01-27 18:10:18,945 | INFO | Time: 2026-01-27T17:10:18.945166+00:00
2026-01-27 18:10:18,945 | INFO | Asset Class Filter: ALL
2026-01-27 18:10:18,945 | INFO | Dry Run: False
2026-01-27 18:10:18,945 | INFO | ======================================================================
2026-01-27 18:10:19,272 | INFO | Found 491 VEGA-attested assets
2026-01-27 18:10:19,275 | INFO | 
============================================================
2026-01-27 18:10:19,275 | INFO | Processing CRYPTO: 46 assets
2026-01-27 18:10:19,275 | INFO | Schedule: Daily 01:00 UTC
2026-01-27 18:10:19,275 | INFO | ============================================================
2026-01-27 18:10:19,275 | INFO | 
  Batch 1/2 (25 assets)
2026-01-27 18:10:23,315 | WARNING |   [GRT-USD] Fetch error: Too Many Requests. Rate limited. Try after a while.
2026-01-27 18:10:26,331 | INFO |   Batch complete, waiting 60s...
2026-01-27 18:11:26,332 | INFO | 
  Batch 2/2 (21 assets)
2026-01-27 18:11:28,379 | WARNING |   [UNI-USD] Fetch error: Too Many Requests. Rate limited. Try after a while.
2026-01-27 18:11:31,423 | INFO | 
============================================================
2026-01-27 18:11:31,423 | INFO | Processing EQUITY: 421 assets
2026-01-27 18:11:31,423 | INFO | Schedule: Weekdays 22:00 UTC
2026-01-27 18:11:31,423 | INFO | ============================================================
2026-01-27 18:11:31,423 | INFO | 
  Batch 1/17 (25 assets)
2026-01-27 18:11:32,536 | WARNING |   [1COV.DE] Fetch error: Too Many Requests. Rate limited. Try after a while.
2026-01-27 18:11:35,584 | INFO |   Batch complete, waiting 60s...
2026-01-27 18:12:35,591 | INFO | 
  Batch 2/17 (25 assets)
2026-01-27 18:12:35,629 | INFO |   Batch complete, waiting 60s...
2026-01-27 18:13:35,638 | INFO | 
  Batch 3/17 (25 assets)
2026-01-27 18:13:38,993 | WARNING |   [BRK.B] Fetch error: Too Many Requests. Rate limited. Try after a while.
2026-01-27 18:13:43,055 | WARNING |   [BT.A.L] Fetch error: Too Many Requests. Rate limited. Try after a while.
2026-01-27 18:13:46,078 | INFO |   Batch complete, waiting 60s...
2026-01-27 18:14:46,084 | INFO | 
  Batch 4/17 (25 assets)
2026-01-27 18:14:47,862 | WARNING |   [COIN] Fetch error: Too Many Requests. Rate limited. Try after a while.
2026-01-27 18:14:51,952 | WARNING |   [CON.DE] Fetch error: Too Many Requests. Rate limited. Try after a while.
2026-01-27 18:14:56,007 | WARNING |   [COP] Fetch error: Too Many Requests. Rate limited. Try after a while.
2026-01-27 18:15:00,152 | WARNING |   [COST] Fetch error: Too Many Requests. Rate limited. Try after a while.
2026-01-27 18:15:04,684 | WARNING |   [CPG.L] Fetch error: Too Many Requests. Rate limited. Try after a while.
2026-01-27 18:15:08,856 | WARNING |   [CRM] Fetch error: Too Many Requests. Rate limited. Try after a while.
2026-01-27 18:15:12,922 | WARNING |   [CRWD] Fetch error: Too Many Requests. Rate limited. Try after a while.
