2026-02-10 22:22:39,690 | INFO | ======================================================================
2026-02-10 22:22:39,690 | INFO | IoS-001 DAILY PRICE INGEST
2026-02-10 22:22:39,690 | INFO | Executor: LINE (EC-004)
2026-02-10 22:22:39,690 | INFO | Authority: CEO_DIRECTIVE_LINE_DAILY_INGEST_ACTIVATION_20251212
2026-02-10 22:22:39,690 | INFO | Amendment: CEO-DIR-2026-119 (Rate Limit Mitigation)
2026-02-10 22:22:39,690 | INFO | Time: 2026-02-10T21:22:39.690804+00:00
2026-02-10 22:22:39,690 | INFO | Asset Class Filter: ALL
2026-02-10 22:22:39,694 | INFO | Batch Mode: True
2026-02-10 22:22:39,709 | INFO | Dry Run: False
2026-02-10 22:22:39,709 | INFO | ======================================================================
2026-02-10 22:22:40,300 | INFO | Found 491 VEGA-attested assets
2026-02-10 22:22:40,300 | INFO | 
============================================================
2026-02-10 22:22:40,300 | INFO | Processing CRYPTO: 46 assets
2026-02-10 22:22:40,300 | INFO | Schedule: Daily 01:00 UTC
2026-02-10 22:22:40,300 | INFO | ============================================================
2026-02-10 22:22:40,300 | INFO |   Using BATCH MODE (CEO-DIR-2026-119)
2026-02-10 22:22:40,300 | INFO | 
  Batch 1/5 (10 tickers)
2026-02-10 22:22:40,364 | INFO |     All assets up to date
2026-02-10 22:22:40,364 | INFO | 
  Batch 2/5 (10 tickers)
2026-02-10 22:22:40,412 | INFO |     Batch download: 1 tickers
2026-02-10 22:22:46,232 | ERROR | 
1 Failed download:
2026-02-10 22:22:46,233 | ERROR | ['GRT-USD']: YFRateLimitError('Too Many Requests. Rate limited. Try after a while.')
2026-02-10 22:22:46,272 | INFO |   Batch complete, waiting 120s...
2026-02-10 22:24:46,273 | INFO | 
  Batch 3/5 (10 tickers)
2026-02-10 22:24:46,306 | INFO |     All assets up to date
2026-02-10 22:24:46,306 | INFO | 
  Batch 4/5 (10 tickers)
2026-02-10 22:24:46,347 | INFO |     Batch download: 1 tickers
2026-02-10 22:24:49,699 | ERROR | 
1 Failed download:
2026-02-10 22:24:49,699 | ERROR | ['UNI-USD']: YFRateLimitError('Too Many Requests. Rate limited. Try after a while.')
2026-02-10 22:24:49,704 | INFO |   Batch complete, waiting 120s...
2026-02-10 22:26:49,705 | INFO | 
  Batch 5/5 (6 tickers)
2026-02-10 22:26:49,717 | INFO |     All assets up to date
2026-02-10 22:26:49,717 | INFO | 
============================================================
2026-02-10 22:26:49,717 | INFO | Processing EQUITY: 421 assets
2026-02-10 22:26:49,717 | INFO | Schedule: Weekdays 22:00 UTC
2026-02-10 22:26:49,717 | INFO | ============================================================
2026-02-10 22:26:49,717 | INFO |   Using BATCH MODE (CEO-DIR-2026-119)
2026-02-10 22:26:49,717 | INFO | 
  Batch 1/43 (10 tickers)
2026-02-10 22:26:49,749 | INFO |     Batch download: 1 tickers
2026-02-10 22:26:53,736 | ERROR | 
1 Failed download:
2026-02-10 22:26:53,736 | ERROR | ['1COV.DE']: YFRateLimitError('Too Many Requests. Rate limited. Try after a while.')
2026-02-10 22:26:53,736 | INFO |   Batch complete, waiting 120s...
