2026-01-07 08:12:38,161 | INFO | ======================================================================
2026-01-07 08:12:38,161 | INFO | IoS-001 DAILY PRICE INGEST
2026-01-07 08:12:38,161 | INFO | Executor: LINE (EC-004)
2026-01-07 08:12:38,161 | INFO | Authority: CEO_DIRECTIVE_LINE_DAILY_INGEST_ACTIVATION_20251212
2026-01-07 08:12:38,161 | INFO | Time: 2026-01-07T07:12:38.161154+00:00
2026-01-07 08:12:38,161 | INFO | Asset Class Filter: ALL
2026-01-07 08:12:38,161 | INFO | Dry Run: False
2026-01-07 08:12:38,161 | INFO | ======================================================================
2026-01-07 08:12:38,356 | INFO | Found 491 VEGA-attested assets
2026-01-07 08:12:38,356 | INFO | 
============================================================
2026-01-07 08:12:38,365 | INFO | Processing CRYPTO: 46 assets
2026-01-07 08:12:38,365 | INFO | Schedule: Daily 01:00 UTC
2026-01-07 08:12:38,365 | INFO | ============================================================
2026-01-07 08:12:38,365 | INFO | 
  Batch 1/2 (25 assets)
2026-01-07 08:12:41,977 | WARNING |   [GRT-USD] Fetch error: Too Many Requests. Rate limited. Try after a while.
2026-01-07 08:12:44,998 | INFO |   Batch complete, waiting 60s...
2026-01-07 08:13:45,006 | INFO | 
  Batch 2/2 (21 assets)
2026-01-07 08:13:46,765 | WARNING |   [UNI-USD] Fetch error: Too Many Requests. Rate limited. Try after a while.
2026-01-07 08:13:49,815 | INFO | 
============================================================
2026-01-07 08:13:49,815 | INFO | Processing EQUITY: 421 assets
2026-01-07 08:13:49,816 | INFO | Schedule: Weekdays 22:00 UTC
2026-01-07 08:13:49,816 | INFO | ============================================================
2026-01-07 08:13:49,816 | INFO | 
  Batch 1/17 (25 assets)
2026-01-07 08:13:50,954 | WARNING |   [1COV.DE] Fetch error: Too Many Requests. Rate limited. Try after a while.
2026-01-07 08:13:55,247 | WARNING |   [ABBV] Fetch error: Too Many Requests. Rate limited. Try after a while.
2026-01-07 08:13:59,364 | WARNING |   [ABNB] Fetch error: Too Many Requests. Rate limited. Try after a while.
2026-01-07 08:14:03,874 | WARNING |   [ABT] Fetch error: Too Many Requests. Rate limited. Try after a while.
2026-01-07 08:14:07,630 | WARNING |   [ACA.PA] Fetch error: Too Many Requests. Rate limited. Try after a while.
2026-01-07 08:14:11,597 | WARNING |   [ADBE] Fetch error: Too Many Requests. Rate limited. Try after a while.
2026-01-07 08:14:15,586 | WARNING |   [ADI] Fetch error: Too Many Requests. Rate limited. Try after a while.
2026-01-07 08:14:19,620 | WARNING |   [ADS.DE] Fetch error: Too Many Requests. Rate limited. Try after a while.
2026-01-07 08:14:23,610 | WARNING |   [ADSK] Fetch error: Too Many Requests. Rate limited. Try after a while.
2026-01-07 08:14:27,351 | WARNING |   [AEP] Fetch error: Too Many Requests. Rate limited. Try after a while.
2026-01-07 08:14:31,912 | WARNING |   [AFL] Fetch error: Too Many Requests. Rate limited. Try after a while.
2026-01-07 08:14:36,229 | WARNING |   [AI.PA] Fetch error: Too Many Requests. Rate limited. Try after a while.
2026-01-07 08:14:40,138 | WARNING |   [AIG] Fetch error: Too Many Requests. Rate limited. Try after a while.
2026-01-07 08:14:44,528 | WARNING |   [AIR.DE] Fetch error: Too Many Requests. Rate limited. Try after a while.
2026-01-07 08:14:48,907 | WARNING |   [AIR.PA] Fetch error: Too Many Requests. Rate limited. Try after a while.
2026-01-07 08:14:52,994 | WARNING |   [AKAM] Fetch error: Too Many Requests. Rate limited. Try after a while.
2026-01-07 08:14:57,243 | WARNING |   [AKER.OL] Fetch error: Too Many Requests. Rate limited. Try after a while.
2026-01-07 08:15:00,932 | WARNING |   [AKRBP.OL] Fetch error: Too Many Requests. Rate limited. Try after a while.
2026-01-07 08:15:04,991 | WARNING |   [AKSO.OL] Fetch error: Too Many Requests. Rate limited. Try after a while.
2026-01-07 08:15:09,180 | WARNING |   [AKVA.OL] Fetch error: Too Many Requests. Rate limited. Try after a while.
2026-01-07 08:15:13,528 | WARNING |   [ALB] Fetch error: Too Many Requests. Rate limited. Try after a while.
2026-01-07 08:15:18,081 | WARNING |   [ALL] Fetch error: Too Many Requests. Rate limited. Try after a while.
2026-01-07 08:15:22,042 | WARNING |   [ALO.PA] Fetch error: Too Many Requests. Rate limited. Try after a while.
2026-01-07 08:15:26,207 | WARNING |   [ALV.DE] Fetch error: Too Many Requests. Rate limited. Try after a while.
2026-01-07 08:15:30,367 | WARNING |   [AMAT] Fetch error: Too Many Requests. Rate limited. Try after a while.
2026-01-07 08:15:33,368 | INFO |   Batch complete, waiting 60s...
2026-01-07 08:16:33,370 | INFO | 
  Batch 2/17 (25 assets)
2026-01-07 08:16:35,185 | WARNING |   [AMD] Fetch error: Too Many Requests. Rate limited. Try after a while.
2026-01-07 08:16:39,174 | WARNING |   [AMGN] Fetch error: Too Many Requests. Rate limited. Try after a while.
2026-01-07 08:16:43,142 | WARNING |   [AMT] Fetch error: Too Many Requests. Rate limited. Try after a while.
2026-01-07 08:16:47,136 | WARNING |   [AMZN] Fetch error: Too Many Requests. Rate limited. Try after a while.
2026-01-07 08:16:50,823 | WARNING |   [AON] Fetch error: Too Many Requests. Rate limited. Try after a while.
2026-01-07 08:16:54,399 | WARNING |   [APD] Fetch error: Too Many Requests. Rate limited. Try after a while.
2026-01-07 08:16:57,989 | WARNING |   [ASML] Fetch error: Too Many Requests. Rate limited. Try after a while.
2026-01-07 08:17:01,490 | WARNING |   [ATO.PA] Fetch error: Too Many Requests. Rate limited. Try after a while.
2026-01-07 08:17:05,141 | WARNING |   [AUSS.OL] Fetch error: Too Many Requests. Rate limited. Try after a while.
2026-01-07 08:17:08,677 | WARNING |   [AUTO.OL] Fetch error: Too Many Requests. Rate limited. Try after a while.
2026-01-07 08:17:12,242 | WARNING |   [AV.L] Fetch error: Too Many Requests. Rate limited. Try after a while.
2026-01-07 08:17:15,707 | WARNING |   [AVB] Fetch error: Too Many Requests. Rate limited. Try after a while.
2026-01-07 08:17:19,300 | WARNING |   [AVGO] Fetch error: Too Many Requests. Rate limited. Try after a while.
2026-01-07 08:17:22,939 | WARNING |   [AWK] Fetch error: Too Many Requests. Rate limited. Try after a while.
2026-01-07 08:17:26,412 | WARNING |   [AXP] Fetch error: Too Many Requests. Rate limited. Try after a while.
2026-01-07 08:17:29,902 | WARNING |   [AZN.L] Fetch error: Too Many Requests. Rate limited. Try after a while.
2026-01-07 08:17:33,389 | WARNING |   [AZO] Fetch error: Too Many Requests. Rate limited. Try after a while.
