2026-01-04 22:15:22,706 | INFO | ======================================================================
2026-01-04 22:15:22,706 | INFO | IoS-001 DAILY PRICE INGEST
2026-01-04 22:15:22,706 | INFO | Executor: LINE (EC-004)
2026-01-04 22:15:22,706 | INFO | Authority: CEO_DIRECTIVE_LINE_DAILY_INGEST_ACTIVATION_20251212
2026-01-04 22:15:22,706 | INFO | Time: 2026-01-04T21:15:22.706082+00:00
2026-01-04 22:15:22,706 | INFO | Asset Class Filter: ALL
2026-01-04 22:15:22,706 | INFO | Dry Run: False
2026-01-04 22:15:22,706 | INFO | ======================================================================
2026-01-04 22:15:23,064 | INFO | Found 491 VEGA-attested assets
2026-01-04 22:15:23,065 | INFO | 
============================================================
2026-01-04 22:15:23,065 | INFO | Processing CRYPTO: 46 assets
2026-01-04 22:15:23,065 | INFO | Schedule: Daily 01:00 UTC
2026-01-04 22:15:23,065 | INFO | ============================================================
2026-01-04 22:15:23,065 | INFO | 
  Batch 1/2 (25 assets)
2026-01-04 22:15:26,557 | WARNING |   [GRT-USD] Fetch error: Too Many Requests. Rate limited. Try after a while.
2026-01-04 22:15:29,568 | INFO |   Batch complete, waiting 60s...
2026-01-04 22:16:29,569 | INFO | 
  Batch 2/2 (21 assets)
2026-01-04 22:16:31,372 | WARNING |   [UNI-USD] Fetch error: Too Many Requests. Rate limited. Try after a while.
2026-01-04 22:16:34,406 | INFO | 
============================================================
2026-01-04 22:16:34,406 | INFO | Processing EQUITY: 421 assets
2026-01-04 22:16:34,406 | INFO | Schedule: Weekdays 22:00 UTC
2026-01-04 22:16:34,406 | INFO | ============================================================
2026-01-04 22:16:34,406 | INFO |   Market closed for EQUITY today, skipping
2026-01-04 22:16:34,406 | INFO | 
============================================================
2026-01-04 22:16:34,406 | INFO | Processing FX: 24 assets
2026-01-04 22:16:34,406 | INFO | Schedule: Sun-Thu 22:00 UTC
2026-01-04 22:16:34,406 | INFO | ============================================================
2026-01-04 22:16:34,407 | INFO | 
  Batch 1/1 (24 assets)
2026-01-04 22:16:35,824 | WARNING |   [AUDJPY=X] Fetch error: Too Many Requests. Rate limited. Try after a while.
2026-01-04 22:16:39,849 | WARNING |   [CADJPY=X] Fetch error: Too Many Requests. Rate limited. Try after a while.
2026-01-04 22:16:43,800 | WARNING |   [CHFJPY=X] Fetch error: Too Many Requests. Rate limited. Try after a while.
2026-01-04 22:16:47,976 | WARNING |   [EURAUD=X] Fetch error: Too Many Requests. Rate limited. Try after a while.
2026-01-04 22:16:52,155 | WARNING |   [EURGBP=X] Fetch error: Too Many Requests. Rate limited. Try after a while.
2026-01-04 22:16:56,195 | WARNING |   [EURJPY=X] Fetch error: Too Many Requests. Rate limited. Try after a while.
2026-01-04 22:17:00,124 | WARNING |   [EURSEK=X] Fetch error: Too Many Requests. Rate limited. Try after a while.
2026-01-04 22:17:03,909 | WARNING |   [EURUSD=X] Fetch error: Too Many Requests. Rate limited. Try after a while.
2026-01-04 22:17:07,859 | WARNING |   [GBPJPY=X] Fetch error: Too Many Requests. Rate limited. Try after a while.
2026-01-04 22:17:11,887 | WARNING |   [USDJPY=X] Fetch error: Too Many Requests. Rate limited. Try after a while.
2026-01-04 22:17:15,683 | WARNING |   [USDSEK=X] Fetch error: Too Many Requests. Rate limited. Try after a while.
2026-01-04 22:17:18,704 | WARNING | Heartbeat recording failed: relation "fhq_monitoring.system_heartbeats" does not exist
LINE 2:                 INSERT INTO fhq_monitoring.system_heartbeats...
                                    ^

2026-01-04 22:17:18,704 | INFO | 
======================================================================
2026-01-04 22:17:18,704 | INFO | DAILY INGEST COMPLETE
2026-01-04 22:17:18,713 | INFO | ======================================================================
2026-01-04 22:17:18,713 | INFO | Assets Processed: 70
2026-01-04 22:17:18,713 | INFO | Assets Updated:   0
2026-01-04 22:17:18,713 | INFO | Rows Inserted:    0
2026-01-04 22:17:18,713 | INFO |   CRYPTO: 0 assets, 0 rows
2026-01-04 22:17:18,713 | INFO |   FX: 0 assets, 0 rows
2026-01-04 22:17:18,713 | INFO | Evidence: C:\fhq-market-system\vision-ios\03_FUNCTIONS\evidence\IOS001_DAILY_INGEST_1e142803_20260104_221718.json
2026-01-04 22:17:18,713 | INFO | ======================================================================
