2026-01-31 00:52:15,655 | INFO | ======================================================================
2026-01-31 00:52:15,655 | INFO | IoS-001 DAILY PRICE INGEST
2026-01-31 00:52:15,655 | INFO | Executor: LINE (EC-004)
2026-01-31 00:52:15,655 | INFO | Authority: CEO_DIRECTIVE_LINE_DAILY_INGEST_ACTIVATION_20251212
2026-01-31 00:52:15,655 | INFO | Time: 2026-01-30T23:52:15.655175+00:00
2026-01-31 00:52:15,655 | INFO | Asset Class Filter: ALL
2026-01-31 00:52:15,655 | INFO | Dry Run: False
2026-01-31 00:52:15,655 | INFO | ======================================================================
2026-01-31 00:52:15,967 | INFO | Found 491 VEGA-attested assets
2026-01-31 00:52:15,967 | INFO | 
============================================================
2026-01-31 00:52:15,967 | INFO | Processing CRYPTO: 46 assets
2026-01-31 00:52:15,967 | INFO | Schedule: Daily 01:00 UTC
2026-01-31 00:52:15,967 | INFO | ============================================================
2026-01-31 00:52:15,967 | INFO | 
  Batch 1/2 (25 assets)
2026-01-31 00:52:19,759 | WARNING |   [ADA-USD] Fetch error: Too Many Requests. Rate limited. Try after a while.
2026-01-31 00:52:24,057 | WARNING |   [ALGO-USD] Fetch error: Too Many Requests. Rate limited. Try after a while.
2026-01-31 00:52:28,021 | WARNING |   [ATOM-USD] Fetch error: Too Many Requests. Rate limited. Try after a while.
2026-01-31 00:52:32,103 | WARNING |   [AVAX-USD] Fetch error: Too Many Requests. Rate limited. Try after a while.
2026-01-31 00:52:36,053 | WARNING |   [AXS-USD] Fetch error: Too Many Requests. Rate limited. Try after a while.
2026-01-31 00:52:40,029 | WARNING |   [BCH-USD] Fetch error: Too Many Requests. Rate limited. Try after a while.
2026-01-31 00:52:44,322 | WARNING |   [BNB-USD] Fetch error: Too Many Requests. Rate limited. Try after a while.
2026-01-31 00:52:48,538 | WARNING |   [BTC-USD] Fetch error: Too Many Requests. Rate limited. Try after a while.
2026-01-31 00:52:52,829 | WARNING |   [CHZ-USD] Fetch error: Too Many Requests. Rate limited. Try after a while.
2026-01-31 00:52:57,083 | WARNING |   [CRO-USD] Fetch error: Too Many Requests. Rate limited. Try after a while.
2026-01-31 00:53:01,183 | WARNING |   [CRV-USD] Fetch error: Too Many Requests. Rate limited. Try after a while.
2026-01-31 00:53:05,406 | WARNING |   [DOGE-USD] Fetch error: Too Many Requests. Rate limited. Try after a while.
2026-01-31 00:53:09,380 | WARNING |   [DOT-USD] Fetch error: Too Many Requests. Rate limited. Try after a while.
2026-01-31 00:53:13,503 | WARNING |   [EOS-USD] Fetch error: Too Many Requests. Rate limited. Try after a while.
2026-01-31 00:53:17,690 | WARNING |   [ETC-USD] Fetch error: Too Many Requests. Rate limited. Try after a while.
2026-01-31 00:53:21,916 | WARNING |   [ETH-USD] Fetch error: Too Many Requests. Rate limited. Try after a while.
2026-01-31 00:53:26,206 | WARNING |   [FIL-USD] Fetch error: Too Many Requests. Rate limited. Try after a while.
2026-01-31 00:53:30,523 | WARNING |   [FLOW-USD] Fetch error: Too Many Requests. Rate limited. Try after a while.
2026-01-31 00:53:34,420 | WARNING |   [GRT-USD] Fetch error: Too Many Requests. Rate limited. Try after a while.
2026-01-31 00:53:38,593 | WARNING |   [HBAR-USD] Fetch error: Too Many Requests. Rate limited. Try after a while.
2026-01-31 00:53:42,647 | WARNING |   [ICP-USD] Fetch error: Too Many Requests. Rate limited. Try after a while.
2026-01-31 00:53:46,574 | WARNING |   [INJ-USD] Fetch error: Too Many Requests. Rate limited. Try after a while.
2026-01-31 00:53:50,492 | WARNING |   [LDO-USD] Fetch error: Too Many Requests. Rate limited. Try after a while.
2026-01-31 00:53:54,427 | WARNING |   [LINK-USD] Fetch error: Too Many Requests. Rate limited. Try after a while.
2026-01-31 00:53:58,437 | WARNING |   [LTC-USD] Fetch error: Too Many Requests. Rate limited. Try after a while.
2026-01-31 00:54:01,438 | INFO |   Batch complete, waiting 60s...
2026-01-31 00:55:01,439 | INFO | 
  Batch 2/2 (21 assets)
2026-01-31 00:55:03,310 | WARNING |   [MANA-USD] Fetch error: Too Many Requests. Rate limited. Try after a while.
2026-01-31 00:55:07,571 | WARNING |   [MKR-USD] Fetch error: Too Many Requests. Rate limited. Try after a while.
2026-01-31 00:55:11,722 | WARNING |   [NEAR-USD] Fetch error: Too Many Requests. Rate limited. Try after a while.
2026-01-31 00:55:15,994 | WARNING |   [OKB-USD] Fetch error: Too Many Requests. Rate limited. Try after a while.
2026-01-31 00:55:20,090 | WARNING |   [QNT-USD] Fetch error: Too Many Requests. Rate limited. Try after a while.
2026-01-31 00:55:24,055 | WARNING |   [RPL-USD] Fetch error: Too Many Requests. Rate limited. Try after a while.
2026-01-31 00:55:28,066 | WARNING |   [RUNE-USD] Fetch error: Too Many Requests. Rate limited. Try after a while.
2026-01-31 00:55:32,012 | WARNING |   [SAND-USD] Fetch error: Too Many Requests. Rate limited. Try after a while.
2026-01-31 00:55:36,180 | WARNING |   [SHIB-USD] Fetch error: Too Many Requests. Rate limited. Try after a while.
2026-01-31 00:55:40,243 | WARNING |   [SNX-USD] Fetch error: Too Many Requests. Rate limited. Try after a while.
2026-01-31 00:55:44,420 | WARNING |   [SOL-USD] Fetch error: Too Many Requests. Rate limited. Try after a while.
2026-01-31 00:55:48,380 | WARNING |   [THETA-USD] Fetch error: Too Many Requests. Rate limited. Try after a while.
2026-01-31 00:55:52,481 | WARNING |   [TRX-USD] Fetch error: Too Many Requests. Rate limited. Try after a while.
2026-01-31 00:55:56,416 | WARNING |   [UNI-USD] Fetch error: Too Many Requests. Rate limited. Try after a while.
2026-01-31 00:56:00,478 | WARNING |   [VET-USD] Fetch error: Too Many Requests. Rate limited. Try after a while.
2026-01-31 00:56:04,409 | WARNING |   [XLM-USD] Fetch error: Too Many Requests. Rate limited. Try after a while.
2026-01-31 00:56:08,413 | WARNING |   [XMR-USD] Fetch error: Too Many Requests. Rate limited. Try after a while.
2026-01-31 00:56:12,555 | WARNING |   [XRP-USD] Fetch error: Too Many Requests. Rate limited. Try after a while.
2026-01-31 00:56:16,680 | WARNING |   [XTZ-USD] Fetch error: Too Many Requests. Rate limited. Try after a while.
2026-01-31 00:56:20,804 | WARNING |   [ZEC-USD] Fetch error: Too Many Requests. Rate limited. Try after a while.
2026-01-31 00:56:25,329 | WARNING |   [AAVE-USD] Fetch error: Too Many Requests. Rate limited. Try after a while.
2026-01-31 00:56:28,332 | INFO | 
============================================================
2026-01-31 00:56:28,332 | INFO | Processing EQUITY: 421 assets
2026-01-31 00:56:28,332 | INFO | Schedule: Weekdays 22:00 UTC
2026-01-31 00:56:28,332 | INFO | ============================================================
2026-01-31 00:56:28,332 | INFO | 
  Batch 1/17 (25 assets)
2026-01-31 00:56:29,501 | WARNING |   [1COV.DE] Fetch error: Too Many Requests. Rate limited. Try after a while.
2026-01-31 00:56:33,432 | WARNING |   [ABBV] Fetch error: Too Many Requests. Rate limited. Try after a while.
2026-01-31 00:56:37,594 | WARNING |   [ABNB] Fetch error: Too Many Requests. Rate limited. Try after a while.
2026-01-31 00:56:41,607 | WARNING |   [ABT] Fetch error: Too Many Requests. Rate limited. Try after a while.
2026-01-31 00:56:45,903 | WARNING |   [ACA.PA] Fetch error: Too Many Requests. Rate limited. Try after a while.
2026-01-31 00:56:49,841 | WARNING |   [ADBE] Fetch error: Too Many Requests. Rate limited. Try after a while.
2026-01-31 00:56:53,713 | WARNING |   [ADI] Fetch error: Too Many Requests. Rate limited. Try after a while.
2026-01-31 00:56:57,772 | WARNING |   [ADS.DE] Fetch error: Too Many Requests. Rate limited. Try after a while.
2026-01-31 00:57:01,975 | WARNING |   [ADSK] Fetch error: Too Many Requests. Rate limited. Try after a while.
2026-01-31 00:57:05,872 | WARNING |   [AEP] Fetch error: Too Many Requests. Rate limited. Try after a while.
2026-01-31 00:57:09,869 | WARNING |   [AFL] Fetch error: Too Many Requests. Rate limited. Try after a while.
