2026-01-28 16:42:45,106 | INFO | ======================================================================
2026-01-28 16:42:45,106 | INFO | IoS-001 DAILY PRICE INGEST
2026-01-28 16:42:45,106 | INFO | Executor: LINE (EC-004)
2026-01-28 16:42:45,106 | INFO | Authority: CEO_DIRECTIVE_LINE_DAILY_INGEST_ACTIVATION_20251212
2026-01-28 16:42:45,106 | INFO | Time: 2026-01-28T15:42:45.106625+00:00
2026-01-28 16:42:45,106 | INFO | Asset Class Filter: ALL
2026-01-28 16:42:45,106 | INFO | Dry Run: False
2026-01-28 16:42:45,106 | INFO | ======================================================================
2026-01-28 16:42:45,634 | INFO | Found 491 VEGA-attested assets
2026-01-28 16:42:45,635 | INFO | 
============================================================
2026-01-28 16:42:45,635 | INFO | Processing CRYPTO: 46 assets
2026-01-28 16:42:45,635 | INFO | Schedule: Daily 01:00 UTC
2026-01-28 16:42:45,636 | INFO | ============================================================
2026-01-28 16:42:45,636 | INFO | 
  Batch 1/2 (25 assets)
2026-01-28 16:42:50,435 | WARNING |   [GRT-USD] Fetch error: Too Many Requests. Rate limited. Try after a while.
2026-01-28 16:42:53,447 | INFO |   Batch complete, waiting 60s...
2026-01-28 16:43:53,459 | INFO | 
  Batch 2/2 (21 assets)
2026-01-28 16:43:56,757 | WARNING |   [UNI-USD] Fetch error: Too Many Requests. Rate limited. Try after a while.
2026-01-28 16:43:59,790 | INFO | 
============================================================
2026-01-28 16:43:59,790 | INFO | Processing EQUITY: 421 assets
2026-01-28 16:43:59,791 | INFO | Schedule: Weekdays 22:00 UTC
2026-01-28 16:43:59,791 | INFO | ============================================================
2026-01-28 16:43:59,791 | INFO | 
  Batch 1/17 (25 assets)
2026-01-28 16:44:01,254 | WARNING |   [1COV.DE] Fetch error: Too Many Requests. Rate limited. Try after a while.
2026-01-28 16:44:05,349 | WARNING |   [ABBV] Fetch error: Too Many Requests. Rate limited. Try after a while.
2026-01-28 16:44:09,439 | WARNING |   [ABNB] Fetch error: Too Many Requests. Rate limited. Try after a while.
2026-01-28 16:44:13,985 | WARNING |   [ABT] Fetch error: Too Many Requests. Rate limited. Try after a while.
2026-01-28 16:44:18,377 | WARNING |   [ADBE] Fetch error: Too Many Requests. Rate limited. Try after a while.
2026-01-28 16:44:22,856 | WARNING |   [ADI] Fetch error: Too Many Requests. Rate limited. Try after a while.
2026-01-28 16:44:27,224 | WARNING |   [ADSK] Fetch error: Too Many Requests. Rate limited. Try after a while.
2026-01-28 16:44:31,428 | WARNING |   [AEP] Fetch error: Too Many Requests. Rate limited. Try after a while.
2026-01-28 16:44:35,918 | WARNING |   [AFL] Fetch error: Too Many Requests. Rate limited. Try after a while.
2026-01-28 16:44:40,177 | WARNING |   [AIG] Fetch error: Too Many Requests. Rate limited. Try after a while.
2026-01-28 16:44:44,684 | WARNING |   [AKAM] Fetch error: Too Many Requests. Rate limited. Try after a while.
2026-01-28 16:44:48,635 | WARNING |   [ALB] Fetch error: Too Many Requests. Rate limited. Try after a while.
2026-01-28 16:44:52,782 | WARNING |   [ALL] Fetch error: Too Many Requests. Rate limited. Try after a while.
2026-01-28 16:44:57,362 | WARNING |   [AMAT] Fetch error: Too Many Requests. Rate limited. Try after a while.
2026-01-28 16:45:00,364 | INFO |   Batch complete, waiting 60s...
2026-01-28 16:46:00,365 | INFO | 
  Batch 2/17 (25 assets)
2026-01-28 16:46:02,159 | WARNING |   [AMD] Fetch error: Too Many Requests. Rate limited. Try after a while.
2026-01-28 16:46:06,409 | WARNING |   [AMGN] Fetch error: Too Many Requests. Rate limited. Try after a while.
2026-01-28 16:46:10,771 | WARNING |   [AMT] Fetch error: Too Many Requests. Rate limited. Try after a while.
2026-01-28 16:46:14,963 | WARNING |   [AMZN] Fetch error: Too Many Requests. Rate limited. Try after a while.
2026-01-28 16:46:19,356 | WARNING |   [AON] Fetch error: Too Many Requests. Rate limited. Try after a while.
2026-01-28 16:46:23,813 | WARNING |   [APD] Fetch error: Too Many Requests. Rate limited. Try after a while.
2026-01-28 16:46:28,570 | WARNING |   [ASML] Fetch error: Too Many Requests. Rate limited. Try after a while.
2026-01-28 16:46:32,835 | WARNING |   [AVB] Fetch error: Too Many Requests. Rate limited. Try after a while.
2026-01-28 16:46:37,040 | WARNING |   [AVGO] Fetch error: Too Many Requests. Rate limited. Try after a while.
2026-01-28 16:46:41,188 | WARNING |   [AWK] Fetch error: Too Many Requests. Rate limited. Try after a while.
2026-01-28 16:46:45,683 | WARNING |   [AXP] Fetch error: Too Many Requests. Rate limited. Try after a while.
2026-01-28 16:46:49,889 | WARNING |   [AZO] Fetch error: Too Many Requests. Rate limited. Try after a while.
2026-01-28 16:46:53,833 | WARNING |   [BAC] Fetch error: Too Many Requests. Rate limited. Try after a while.
2026-01-28 16:46:56,843 | INFO |   Batch complete, waiting 60s...
