2026-01-27 03:51:59,970 | INFO | ======================================================================
2026-01-27 03:51:59,970 | INFO | IoS-001 DAILY PRICE INGEST
2026-01-27 03:51:59,970 | INFO | Executor: LINE (EC-004)
2026-01-27 03:51:59,970 | INFO | Authority: CEO_DIRECTIVE_LINE_DAILY_INGEST_ACTIVATION_20251212
2026-01-27 03:51:59,970 | INFO | Time: 2026-01-27T02:51:59.970419+00:00
2026-01-27 03:51:59,970 | INFO | Asset Class Filter: ALL
2026-01-27 03:51:59,970 | INFO | Dry Run: False
2026-01-27 03:51:59,970 | INFO | ======================================================================
2026-01-27 03:52:00,167 | INFO | Found 491 VEGA-attested assets
2026-01-27 03:52:00,167 | INFO | 
============================================================
2026-01-27 03:52:00,167 | INFO | Processing CRYPTO: 46 assets
2026-01-27 03:52:00,167 | INFO | Schedule: Daily 01:00 UTC
2026-01-27 03:52:00,167 | INFO | ============================================================
2026-01-27 03:52:00,167 | INFO | 
  Batch 1/2 (25 assets)
2026-01-27 03:52:01,425 | ERROR | $GRT-USD: possibly delisted; no price data found  (1d 2026-01-27 -> 2026-01-28)
2026-01-27 03:52:04,434 | INFO |   Batch complete, waiting 60s...
2026-01-27 03:53:04,439 | INFO | 
  Batch 2/2 (21 assets)
2026-01-27 03:53:04,607 | ERROR | $UNI-USD: possibly delisted; no price data found  (1d 2026-01-27 -> 2026-01-28)
2026-01-27 03:53:07,668 | INFO | 
============================================================
2026-01-27 03:53:07,668 | INFO | Processing EQUITY: 421 assets
2026-01-27 03:53:07,668 | INFO | Schedule: Weekdays 22:00 UTC
2026-01-27 03:53:07,668 | INFO | ============================================================
2026-01-27 03:53:07,668 | INFO | 
  Batch 1/17 (25 assets)
2026-01-27 03:53:07,882 | ERROR | $1COV.DE: possibly delisted; no price data found  (1d 2025-12-24 -> 2026-01-28)
2026-01-27 03:53:13,296 | ERROR | $ABBV: possibly delisted; no price data found  (1d 2026-01-27 -> 2026-01-28) (Yahoo error = "Data doesn't exist for startDate = 1769490000, endDate = 1769576400")
2026-01-27 03:53:17,761 | ERROR | $ABNB: possibly delisted; no price data found  (1d 2026-01-27 -> 2026-01-28) (Yahoo error = "Data doesn't exist for startDate = 1769490000, endDate = 1769576400")
2026-01-27 03:53:21,724 | ERROR | $ABT: possibly delisted; no price data found  (1d 2026-01-27 -> 2026-01-28) (Yahoo error = "Data doesn't exist for startDate = 1769490000, endDate = 1769576400")
2026-01-27 03:53:24,988 | INFO |     [ACA.PA] +1 rows
2026-01-27 03:53:29,294 | ERROR | $ADBE: possibly delisted; no price data found  (1d 2026-01-27 -> 2026-01-28) (Yahoo error = "Data doesn't exist for startDate = 1769490000, endDate = 1769576400")
2026-01-27 03:53:33,751 | ERROR | $ADI: possibly delisted; no price data found  (1d 2026-01-27 -> 2026-01-28) (Yahoo error = "Data doesn't exist for startDate = 1769490000, endDate = 1769576400")
2026-01-27 03:53:36,888 | INFO |     [ADS.DE] +1 rows
2026-01-27 03:53:41,502 | ERROR | $ADSK: possibly delisted; no price data found  (1d 2026-01-27 -> 2026-01-28) (Yahoo error = "Data doesn't exist for startDate = 1769490000, endDate = 1769576400")
2026-01-27 03:53:45,768 | ERROR | $AEP: possibly delisted; no price data found  (1d 2026-01-27 -> 2026-01-28) (Yahoo error = "Data doesn't exist for startDate = 1769490000, endDate = 1769576400")
2026-01-27 03:53:49,930 | ERROR | $AFL: possibly delisted; no price data found  (1d 2026-01-27 -> 2026-01-28) (Yahoo error = "Data doesn't exist for startDate = 1769490000, endDate = 1769576400")
2026-01-27 03:53:53,103 | INFO |     [AI.PA] +1 rows
2026-01-27 03:53:57,338 | ERROR | $AIG: possibly delisted; no price data found  (1d 2026-01-27 -> 2026-01-28) (Yahoo error = "Data doesn't exist for startDate = 1769490000, endDate = 1769576400")
2026-01-27 03:54:00,459 | INFO |     [AIR.DE] +1 rows
2026-01-27 03:54:03,588 | INFO |     [AIR.PA] +1 rows
2026-01-27 03:54:07,943 | ERROR | $AKAM: possibly delisted; no price data found  (1d 2026-01-27 -> 2026-01-28) (Yahoo error = "Data doesn't exist for startDate = 1769490000, endDate = 1769576400")
2026-01-27 03:54:11,077 | INFO |     [AKER.OL] +1 rows
2026-01-27 03:54:14,196 | INFO |     [AKRBP.OL] +1 rows
2026-01-27 03:54:17,362 | INFO |     [AKSO.OL] +1 rows
2026-01-27 03:54:20,474 | INFO |     [AKVA.OL] +1 rows
2026-01-27 03:54:24,936 | ERROR | $ALB: possibly delisted; no price data found  (1d 2026-01-27 -> 2026-01-28) (Yahoo error = "Data doesn't exist for startDate = 1769490000, endDate = 1769576400")
2026-01-27 03:54:28,990 | ERROR | $ALL: possibly delisted; no price data found  (1d 2026-01-27 -> 2026-01-28) (Yahoo error = "Data doesn't exist for startDate = 1769490000, endDate = 1769576400")
2026-01-27 03:54:32,122 | INFO |     [ALO.PA] +1 rows
2026-01-27 03:54:35,256 | INFO |     [ALV.DE] +1 rows
2026-01-27 03:54:39,261 | ERROR | $AMAT: possibly delisted; no price data found  (1d 2026-01-27 -> 2026-01-28) (Yahoo error = "Data doesn't exist for startDate = 1769490000, endDate = 1769576400")
2026-01-27 03:54:42,264 | INFO |   Batch complete, waiting 60s...
2026-01-27 03:55:42,265 | INFO | 
  Batch 2/17 (25 assets)
2026-01-27 03:55:43,559 | ERROR | $AMD: possibly delisted; no price data found  (1d 2026-01-27 -> 2026-01-28) (Yahoo error = "Data doesn't exist for startDate = 1769490000, endDate = 1769576400")
2026-01-27 03:55:47,192 | ERROR | $AMGN: possibly delisted; no price data found  (1d 2026-01-27 -> 2026-01-28) (Yahoo error = "Data doesn't exist for startDate = 1769490000, endDate = 1769576400")
2026-01-27 03:55:50,725 | ERROR | $AMT: possibly delisted; no price data found  (1d 2026-01-27 -> 2026-01-28) (Yahoo error = "Data doesn't exist for startDate = 1769490000, endDate = 1769576400")
2026-01-27 03:55:54,384 | ERROR | $AMZN: possibly delisted; no price data found  (1d 2026-01-27 -> 2026-01-28) (Yahoo error = "Data doesn't exist for startDate = 1769490000, endDate = 1769576400")
2026-01-27 03:55:57,969 | ERROR | $AON: possibly delisted; no price data found  (1d 2026-01-27 -> 2026-01-28) (Yahoo error = "Data doesn't exist for startDate = 1769490000, endDate = 1769576400")
2026-01-27 03:56:01,709 | ERROR | $APD: possibly delisted; no price data found  (1d 2026-01-27 -> 2026-01-28) (Yahoo error = "Data doesn't exist for startDate = 1769490000, endDate = 1769576400")
2026-01-27 03:56:05,469 | ERROR | $ASML: possibly delisted; no price data found  (1d 2026-01-27 -> 2026-01-28) (Yahoo error = "Data doesn't exist for startDate = 1769490000, endDate = 1769576400")
2026-01-27 03:56:08,575 | INFO |     [ATO.PA] +1 rows
2026-01-27 03:56:11,729 | INFO |     [AUSS.OL] +1 rows
2026-01-27 03:56:14,857 | INFO |     [AUTO.OL] +1 rows
2026-01-27 03:56:18,023 | INFO |     [AV.L] +1 rows
2026-01-27 03:56:21,592 | ERROR | $AVB: possibly delisted; no price data found  (1d 2026-01-27 -> 2026-01-28) (Yahoo error = "Data doesn't exist for startDate = 1769490000, endDate = 1769576400")
2026-01-27 03:56:25,209 | ERROR | $AVGO: possibly delisted; no price data found  (1d 2026-01-27 -> 2026-01-28) (Yahoo error = "Data doesn't exist for startDate = 1769490000, endDate = 1769576400")
2026-01-27 03:56:28,787 | ERROR | $AWK: possibly delisted; no price data found  (1d 2026-01-27 -> 2026-01-28) (Yahoo error = "Data doesn't exist for startDate = 1769490000, endDate = 1769576400")
2026-01-27 03:56:32,361 | ERROR | $AXP: possibly delisted; no price data found  (1d 2026-01-27 -> 2026-01-28) (Yahoo error = "Data doesn't exist for startDate = 1769490000, endDate = 1769576400")
2026-01-27 03:56:35,555 | INFO |     [AZN.L] +1 rows
2026-01-27 03:56:39,189 | ERROR | $AZO: possibly delisted; no price data found  (1d 2026-01-27 -> 2026-01-28) (Yahoo error = "Data doesn't exist for startDate = 1769490000, endDate = 1769576400")
2026-01-27 03:56:42,792 | ERROR | $BA: possibly delisted; no price data found  (1d 2026-01-27 -> 2026-01-28) (Yahoo error = "Data doesn't exist for startDate = 1769490000, endDate = 1769576400")
2026-01-27 03:56:45,995 | INFO |     [BA.L] +1 rows
2026-01-27 03:56:49,586 | ERROR | $BAC: possibly delisted; no price data found  (1d 2026-01-27 -> 2026-01-28) (Yahoo error = "Data doesn't exist for startDate = 1769490000, endDate = 1769576400")
2026-01-27 03:56:52,742 | INFO |     [BAKKA.OL] +1 rows
2026-01-27 03:56:55,869 | INFO |     [BARC.L] +1 rows
