2026-02-10 11:15:51,093 | INFO | ======================================================================
2026-02-10 11:15:51,093 | INFO | IoS-001 DAILY PRICE INGEST
2026-02-10 11:15:51,093 | INFO | Executor: LINE (EC-004)
2026-02-10 11:15:51,093 | INFO | Authority: CEO_DIRECTIVE_LINE_DAILY_INGEST_ACTIVATION_20251212
2026-02-10 11:15:51,093 | INFO | Amendment: CEO-DIR-2026-119 (Rate Limit Mitigation)
2026-02-10 11:15:51,093 | INFO | Time: 2026-02-10T10:15:51.093344+00:00
2026-02-10 11:15:51,093 | INFO | Asset Class Filter: ALL
2026-02-10 11:15:51,093 | INFO | Batch Mode: True
2026-02-10 11:15:51,093 | INFO | Dry Run: False
2026-02-10 11:15:51,093 | INFO | ======================================================================
2026-02-10 11:15:51,338 | INFO | Found 491 VEGA-attested assets
2026-02-10 11:15:51,338 | INFO | 
============================================================
2026-02-10 11:15:51,338 | INFO | Processing CRYPTO: 46 assets
2026-02-10 11:15:51,338 | INFO | Schedule: Daily 01:00 UTC
2026-02-10 11:15:51,338 | INFO | ============================================================
2026-02-10 11:15:51,338 | INFO |   Using BATCH MODE (CEO-DIR-2026-119)
2026-02-10 11:15:51,338 | INFO | 
  Batch 1/5 (10 tickers)
2026-02-10 11:15:51,369 | INFO |     All assets up to date
2026-02-10 11:15:51,369 | INFO | 
  Batch 2/5 (10 tickers)
2026-02-10 11:15:51,389 | INFO |     Batch download: 1 tickers
2026-02-10 11:15:54,468 | ERROR | 
1 Failed download:
2026-02-10 11:15:54,468 | ERROR | ['GRT-USD']: YFRateLimitError('Too Many Requests. Rate limited. Try after a while.')
2026-02-10 11:15:54,488 | INFO |   Batch complete, waiting 120s...
2026-02-10 11:17:54,495 | INFO | 
  Batch 3/5 (10 tickers)
2026-02-10 11:17:54,528 | INFO |     All assets up to date
2026-02-10 11:17:54,528 | INFO | 
  Batch 4/5 (10 tickers)
2026-02-10 11:17:54,567 | INFO |     Batch download: 1 tickers
2026-02-10 11:17:57,293 | ERROR | 
1 Failed download:
2026-02-10 11:17:57,293 | ERROR | ['UNI-USD']: YFRateLimitError('Too Many Requests. Rate limited. Try after a while.')
2026-02-10 11:17:57,295 | INFO |   Batch complete, waiting 120s...
2026-02-10 11:19:57,298 | INFO | 
  Batch 5/5 (6 tickers)
2026-02-10 11:19:57,318 | INFO |     All assets up to date
2026-02-10 11:19:57,318 | INFO | 
============================================================
2026-02-10 11:19:57,318 | INFO | Processing EQUITY: 421 assets
2026-02-10 11:19:57,318 | INFO | Schedule: Weekdays 22:00 UTC
2026-02-10 11:19:57,318 | INFO | ============================================================
2026-02-10 11:19:57,318 | INFO |   Using BATCH MODE (CEO-DIR-2026-119)
2026-02-10 11:19:57,318 | INFO | 
  Batch 1/43 (10 tickers)
2026-02-10 11:19:57,338 | INFO |     Batch download: 8 tickers
2026-02-10 11:20:07,924 | ERROR | 
8 Failed downloads:
2026-02-10 11:20:07,924 | ERROR | ['1COV.DE', 'ADSK', 'AEP', 'ADI', 'ADBE', 'ABNB', 'ABBV', 'ABT']: YFRateLimitError('Too Many Requests. Rate limited. Try after a while.')
2026-02-10 11:20:07,924 | INFO |   Batch complete, waiting 120s...
