2026-02-06 18:36:37,440 | INFO | ======================================================================
2026-02-06 18:36:37,440 | INFO | IoS-001 DAILY PRICE INGEST
2026-02-06 18:36:37,440 | INFO | Executor: LINE (EC-004)
2026-02-06 18:36:37,440 | INFO | Authority: CEO_DIRECTIVE_LINE_DAILY_INGEST_ACTIVATION_20251212
2026-02-06 18:36:37,440 | INFO | Amendment: CEO-DIR-2026-119 (Rate Limit Mitigation)
2026-02-06 18:36:37,440 | INFO | Time: 2026-02-06T17:36:37.440319+00:00
2026-02-06 18:36:37,440 | INFO | Asset Class Filter: ALL
2026-02-06 18:36:37,440 | INFO | Batch Mode: True
2026-02-06 18:36:37,440 | INFO | Dry Run: False
2026-02-06 18:36:37,440 | INFO | ======================================================================
2026-02-06 18:36:37,811 | INFO | Found 491 VEGA-attested assets
2026-02-06 18:36:37,812 | INFO | 
============================================================
2026-02-06 18:36:37,812 | INFO | Processing CRYPTO: 46 assets
2026-02-06 18:36:37,812 | INFO | Schedule: Daily 01:00 UTC
2026-02-06 18:36:37,812 | INFO | ============================================================
2026-02-06 18:36:37,812 | INFO |   Using BATCH MODE (CEO-DIR-2026-119)
2026-02-06 18:36:37,813 | INFO | 
  Batch 1/5 (10 tickers)
2026-02-06 18:36:37,866 | INFO |     All assets up to date
2026-02-06 18:36:37,866 | INFO | 
  Batch 2/5 (10 tickers)
2026-02-06 18:36:37,911 | INFO |     Batch download: 1 tickers
2026-02-06 18:36:41,580 | ERROR | 
1 Failed download:
2026-02-06 18:36:41,580 | ERROR | ['GRT-USD']: YFRateLimitError('Too Many Requests. Rate limited. Try after a while.')
2026-02-06 18:36:41,584 | INFO |   Batch complete, waiting 120s...
2026-02-06 18:38:41,585 | INFO | 
  Batch 3/5 (10 tickers)
2026-02-06 18:38:41,622 | INFO |     All assets up to date
2026-02-06 18:38:41,622 | INFO | 
  Batch 4/5 (10 tickers)
2026-02-06 18:38:41,669 | INFO |     All assets up to date
2026-02-06 18:38:41,670 | INFO | 
  Batch 5/5 (6 tickers)
2026-02-06 18:38:41,679 | INFO |     All assets up to date
2026-02-06 18:38:41,689 | INFO | 
============================================================
2026-02-06 18:38:41,689 | INFO | Processing EQUITY: 421 assets
2026-02-06 18:38:41,689 | INFO | Schedule: Weekdays 22:00 UTC
2026-02-06 18:38:41,689 | INFO | ============================================================
2026-02-06 18:38:41,689 | INFO |   Using BATCH MODE (CEO-DIR-2026-119)
2026-02-06 18:38:41,689 | INFO | 
  Batch 1/43 (10 tickers)
2026-02-06 18:38:41,716 | INFO |     Batch download: 1 tickers
2026-02-06 18:38:44,785 | ERROR | 
1 Failed download:
2026-02-06 18:38:44,785 | ERROR | ['1COV.DE']: YFRateLimitError('Too Many Requests. Rate limited. Try after a while.')
2026-02-06 18:38:44,788 | INFO |   Batch complete, waiting 120s...
2026-02-06 18:40:44,789 | INFO | 
  Batch 2/43 (10 tickers)
2026-02-06 18:40:44,812 | INFO |     All assets up to date
2026-02-06 18:40:44,812 | INFO | 
  Batch 3/43 (10 tickers)
2026-02-06 18:40:44,829 | INFO |     All assets up to date
2026-02-06 18:40:44,829 | INFO | 
  Batch 4/43 (10 tickers)
2026-02-06 18:40:44,858 | INFO |     Batch download: 6 tickers
2026-02-06 18:40:56,837 | ERROR | 
6 Failed downloads:
2026-02-06 18:40:56,837 | ERROR | ['AVB', 'APD', 'AXP', 'AWK', 'ASML', 'AVGO']: YFRateLimitError('Too Many Requests. Rate limited. Try after a while.')
2026-02-06 18:40:56,848 | INFO |   Batch complete, waiting 120s...
