2026-02-12 11:20:55,974 | INFO | ======================================================================
2026-02-12 11:20:55,975 | INFO | IoS-001 DAILY PRICE INGEST
2026-02-12 11:20:55,975 | INFO | Executor: LINE (EC-004)
2026-02-12 11:20:55,975 | INFO | Authority: CEO_DIRECTIVE_LINE_DAILY_INGEST_ACTIVATION_20251212
2026-02-12 11:20:55,975 | INFO | Amendment: CEO-DIR-2026-119 (Rate Limit Mitigation)
2026-02-12 11:20:55,976 | INFO | Time: 2026-02-12T10:20:55.976077+00:00
2026-02-12 11:20:55,976 | INFO | Asset Class Filter: ALL
2026-02-12 11:20:55,976 | INFO | Batch Mode: True
2026-02-12 11:20:55,976 | INFO | Dry Run: False
2026-02-12 11:20:55,976 | INFO | ======================================================================
2026-02-12 11:20:56,660 | INFO | Found 491 VEGA-attested assets
2026-02-12 11:20:56,661 | INFO | 
============================================================
2026-02-12 11:20:56,661 | INFO | Processing CRYPTO: 46 assets
2026-02-12 11:20:56,661 | INFO | Schedule: Daily 01:00 UTC
2026-02-12 11:20:56,661 | INFO | ============================================================
2026-02-12 11:20:56,661 | INFO |   Using BATCH MODE (CEO-DIR-2026-119)
2026-02-12 11:20:56,661 | INFO | 
  Batch 1/5 (10 tickers)
2026-02-12 11:20:56,703 | INFO |     All assets up to date
2026-02-12 11:20:56,703 | INFO | 
  Batch 2/5 (10 tickers)
2026-02-12 11:20:56,733 | INFO |     Batch download: 1 tickers
2026-02-12 11:21:03,308 | ERROR | 
1 Failed download:
2026-02-12 11:21:03,308 | ERROR | ['GRT-USD']: YFRateLimitError('Too Many Requests. Rate limited. Try after a while.')
2026-02-12 11:21:03,340 | INFO |   Batch complete, waiting 120s...
2026-02-12 11:23:03,353 | INFO | 
  Batch 3/5 (10 tickers)
2026-02-12 11:23:03,442 | INFO |     All assets up to date
2026-02-12 11:23:03,444 | INFO | 
  Batch 4/5 (10 tickers)
2026-02-12 11:23:03,527 | INFO |     Batch download: 1 tickers
2026-02-12 11:23:08,851 | ERROR | 
1 Failed download:
2026-02-12 11:23:08,852 | ERROR | ['UNI-USD']: YFRateLimitError('Too Many Requests. Rate limited. Try after a while.')
2026-02-12 11:23:08,922 | INFO |   Batch complete, waiting 120s...
2026-02-12 11:25:08,935 | INFO | 
  Batch 5/5 (6 tickers)
2026-02-12 11:25:08,999 | INFO |     All assets up to date
2026-02-12 11:25:09,000 | INFO | 
============================================================
2026-02-12 11:25:09,000 | INFO | Processing EQUITY: 421 assets
2026-02-12 11:25:09,001 | INFO | Schedule: Weekdays 22:00 UTC
2026-02-12 11:25:09,001 | INFO | ============================================================
2026-02-12 11:25:09,002 | INFO |   Using BATCH MODE (CEO-DIR-2026-119)
2026-02-12 11:25:09,003 | INFO | 
  Batch 1/43 (10 tickers)
2026-02-12 11:25:09,046 | INFO |     Batch download: 10 tickers
2026-02-12 11:25:35,993 | ERROR | 
10 Failed downloads:
2026-02-12 11:25:35,993 | ERROR | ['ACA.PA', 'AEP', '1COV.DE', 'ABNB', 'ABT', 'ABBV', 'ADS.DE', 'ADBE', 'ADSK', 'ADI']: YFRateLimitError('Too Many Requests. Rate limited. Try after a while.')
2026-02-12 11:25:35,999 | INFO |   Batch complete, waiting 120s...
