2026-02-15 20:21:58,595 | INFO | ======================================================================
2026-02-15 20:21:58,595 | INFO | IoS-001 DAILY PRICE INGEST
2026-02-15 20:21:58,595 | INFO | Executor: LINE (EC-004)
2026-02-15 20:21:58,595 | INFO | Authority: CEO_DIRECTIVE_LINE_DAILY_INGEST_ACTIVATION_20251212
2026-02-15 20:21:58,595 | INFO | Amendment: CEO-DIR-2026-119 (Rate Limit Mitigation)
2026-02-15 20:21:58,595 | INFO | Time: 2026-02-15T19:21:58.595597+00:00
2026-02-15 20:21:58,595 | INFO | Asset Class Filter: ALL
2026-02-15 20:21:58,595 | INFO | Batch Mode: True
2026-02-15 20:21:58,599 | INFO | Dry Run: False
2026-02-15 20:21:58,599 | INFO | ======================================================================
2026-02-15 20:21:58,796 | INFO | Found 491 VEGA-attested assets
2026-02-15 20:21:58,796 | INFO | 
============================================================
2026-02-15 20:21:58,796 | INFO | Processing CRYPTO: 46 assets
2026-02-15 20:21:58,796 | INFO | Schedule: Daily 01:00 UTC
2026-02-15 20:21:58,797 | INFO | ============================================================
2026-02-15 20:21:58,797 | INFO |   Using BATCH MODE (CEO-DIR-2026-119)
2026-02-15 20:21:58,797 | INFO | 
  Batch 1/5 (10 tickers)
2026-02-15 20:21:58,810 | INFO |     All assets up to date
2026-02-15 20:21:58,811 | INFO | 
  Batch 2/5 (10 tickers)
2026-02-15 20:21:58,814 | INFO |     Batch download: 1 tickers
2026-02-15 20:21:59,858 | ERROR | 
1 Failed download:
2026-02-15 20:21:59,858 | ERROR | ['GRT-USD']: YFPricesMissingError('possibly delisted; no price data found  (1d 2026-02-15 -> 2026-02-16)')
2026-02-15 20:21:59,858 | INFO |   Batch complete, waiting 120s...
2026-02-15 20:23:59,870 | INFO | 
  Batch 3/5 (10 tickers)
2026-02-15 20:23:59,880 | INFO |     All assets up to date
2026-02-15 20:23:59,880 | INFO | 
  Batch 4/5 (10 tickers)
2026-02-15 20:23:59,892 | INFO |     Batch download: 1 tickers
2026-02-15 20:24:00,417 | ERROR | 
1 Failed download:
2026-02-15 20:24:00,417 | ERROR | ['UNI-USD']: YFPricesMissingError('possibly delisted; no price data found  (1d 2026-02-12 -> 2026-02-16)')
2026-02-15 20:24:00,417 | INFO |   Batch complete, waiting 120s...
2026-02-15 20:26:00,424 | INFO | 
  Batch 5/5 (6 tickers)
2026-02-15 20:26:00,466 | INFO |     All assets up to date
2026-02-15 20:26:00,466 | INFO | 
============================================================
2026-02-15 20:26:00,466 | INFO | Processing EQUITY: 421 assets
2026-02-15 20:26:00,467 | INFO | Schedule: Weekdays 22:00 UTC
2026-02-15 20:26:00,467 | INFO | ============================================================
2026-02-15 20:26:00,467 | INFO |   Market closed for EQUITY today, skipping
2026-02-15 20:26:00,468 | INFO | 
============================================================
2026-02-15 20:26:00,468 | INFO | Processing FX: 24 assets
2026-02-15 20:26:00,468 | INFO | Schedule: Sun-Thu 22:00 UTC
2026-02-15 20:26:00,469 | INFO | ============================================================
2026-02-15 20:26:00,469 | INFO |   Using BATCH MODE (CEO-DIR-2026-119)
2026-02-15 20:26:00,469 | INFO | 
  Batch 1/3 (10 tickers)
2026-02-15 20:26:00,486 | INFO |     Batch download: 5 tickers
2026-02-15 20:26:02,534 | INFO |     [EURAUD=X] +1 rows
2026-02-15 20:26:02,537 | INFO |     [EURCHF=X] +1 rows
2026-02-15 20:26:02,540 | INFO |     [EURGBP=X] +1 rows
2026-02-15 20:26:02,543 | INFO |     [EURNOK=X] +1 rows
2026-02-15 20:26:02,546 | INFO |     [EURSEK=X] +1 rows
2026-02-15 20:26:02,546 | INFO |   Batch complete, waiting 120s...
