2026-02-05 18:29:13,962 | INFO | ======================================================================
2026-02-05 18:29:13,962 | INFO | IoS-001 DAILY PRICE INGEST
2026-02-05 18:29:13,962 | INFO | Executor: LINE (EC-004)
2026-02-05 18:29:13,962 | INFO | Authority: CEO_DIRECTIVE_LINE_DAILY_INGEST_ACTIVATION_20251212
2026-02-05 18:29:13,968 | INFO | Time: 2026-02-05T17:29:13.968157+00:00
2026-02-05 18:29:13,968 | INFO | Asset Class Filter: ALL
2026-02-05 18:29:13,968 | INFO | Dry Run: False
2026-02-05 18:29:13,968 | INFO | ======================================================================
2026-02-05 18:29:14,358 | INFO | Found 491 VEGA-attested assets
2026-02-05 18:29:14,358 | INFO | 
============================================================
2026-02-05 18:29:14,358 | INFO | Processing CRYPTO: 46 assets
2026-02-05 18:29:14,358 | INFO | Schedule: Daily 01:00 UTC
2026-02-05 18:29:14,358 | INFO | ============================================================
2026-02-05 18:29:14,358 | INFO | 
  Batch 1/2 (25 assets)
2026-02-05 18:29:20,023 | WARNING |   [GRT-USD] Fetch error: Too Many Requests. Rate limited. Try after a while.
2026-02-05 18:29:23,038 | INFO |   Batch complete, waiting 60s...
2026-02-05 18:30:23,045 | INFO | 
  Batch 2/2 (21 assets)
2026-02-05 18:30:24,859 | WARNING |   [UNI-USD] Fetch error: Too Many Requests. Rate limited. Try after a while.
2026-02-05 18:30:27,885 | INFO | 
============================================================
2026-02-05 18:30:27,885 | INFO | Processing EQUITY: 421 assets
2026-02-05 18:30:27,885 | INFO | Schedule: Weekdays 22:00 UTC
2026-02-05 18:30:27,885 | INFO | ============================================================
2026-02-05 18:30:27,885 | INFO | 
  Batch 1/17 (25 assets)
2026-02-05 18:30:29,181 | WARNING |   [1COV.DE] Fetch error: Too Many Requests. Rate limited. Try after a while.
2026-02-05 18:30:32,238 | INFO |   Batch complete, waiting 60s...
2026-02-05 18:31:32,241 | INFO | 
  Batch 2/17 (25 assets)
2026-02-05 18:31:32,306 | INFO |   Batch complete, waiting 60s...
2026-02-05 18:32:32,311 | INFO | 
  Batch 3/17 (25 assets)
2026-02-05 18:32:38,971 | WARNING |   [BRK.B] Fetch error: Too Many Requests. Rate limited. Try after a while.
2026-02-05 18:32:43,273 | WARNING |   [BT.A.L] Fetch error: Too Many Requests. Rate limited. Try after a while.
2026-02-05 18:32:46,310 | INFO |   Batch complete, waiting 60s...
2026-02-05 18:33:46,312 | INFO | 
  Batch 4/17 (25 assets)
2026-02-05 18:33:48,838 | WARNING |   [COF] Fetch error: Too Many Requests. Rate limited. Try after a while.
2026-02-05 18:33:53,579 | WARNING |   [COIN] Fetch error: Too Many Requests. Rate limited. Try after a while.
2026-02-05 18:33:58,493 | WARNING |   [CON.DE] Fetch error: Too Many Requests. Rate limited. Try after a while.
2026-02-05 18:34:02,653 | WARNING |   [COP] Fetch error: Too Many Requests. Rate limited. Try after a while.
2026-02-05 18:34:07,009 | WARNING |   [COST] Fetch error: Too Many Requests. Rate limited. Try after a while.
