2026-01-11 20:57:58,033 | INFO | ======================================================================
2026-01-11 20:57:58,033 | INFO | IoS-001 DAILY PRICE INGEST
2026-01-11 20:57:58,033 | INFO | Executor: LINE (EC-004)
2026-01-11 20:57:58,033 | INFO | Authority: CEO_DIRECTIVE_LINE_DAILY_INGEST_ACTIVATION_20251212
2026-01-11 20:57:58,033 | INFO | Time: 2026-01-11T19:57:58.033250+00:00
2026-01-11 20:57:58,033 | INFO | Asset Class Filter: ALL
2026-01-11 20:57:58,033 | INFO | Dry Run: False
2026-01-11 20:57:58,033 | INFO | ======================================================================
2026-01-11 20:57:58,292 | INFO | Found 491 VEGA-attested assets
2026-01-11 20:57:58,292 | INFO | 
============================================================
2026-01-11 20:57:58,292 | INFO | Processing CRYPTO: 46 assets
2026-01-11 20:57:58,292 | INFO | Schedule: Daily 01:00 UTC
2026-01-11 20:57:58,292 | INFO | ============================================================
2026-01-11 20:57:58,292 | INFO | 
  Batch 1/2 (25 assets)
2026-01-11 20:58:02,583 | WARNING |   [GRT-USD] Fetch error: Too Many Requests. Rate limited. Try after a while.
2026-01-11 20:58:05,617 | INFO |   Batch complete, waiting 60s...
2026-01-11 20:59:05,622 | INFO | 
  Batch 2/2 (21 assets)
2026-01-11 20:59:08,016 | WARNING |   [UNI-USD] Fetch error: Too Many Requests. Rate limited. Try after a while.
2026-01-11 20:59:11,065 | INFO | 
============================================================
2026-01-11 20:59:11,065 | INFO | Processing EQUITY: 421 assets
2026-01-11 20:59:11,065 | INFO | Schedule: Weekdays 22:00 UTC
2026-01-11 20:59:11,065 | INFO | ============================================================
2026-01-11 20:59:11,065 | INFO |   Market closed for EQUITY today, skipping
2026-01-11 20:59:11,065 | INFO | 
============================================================
2026-01-11 20:59:11,065 | INFO | Processing FX: 24 assets
2026-01-11 20:59:11,065 | INFO | Schedule: Sun-Thu 22:00 UTC
2026-01-11 20:59:11,065 | INFO | ============================================================
2026-01-11 20:59:11,065 | INFO | 
  Batch 1/1 (24 assets)
2026-01-11 20:59:12,596 | WARNING |   [EURSEK=X] Fetch error: Too Many Requests. Rate limited. Try after a while.
2026-01-11 20:59:15,721 | WARNING | Heartbeat recording failed: relation "fhq_monitoring.system_heartbeats" does not exist
LINE 2:                 INSERT INTO fhq_monitoring.system_heartbeats...
                                    ^

2026-01-11 20:59:15,730 | INFO | 
======================================================================
2026-01-11 20:59:15,731 | INFO | DAILY INGEST COMPLETE
2026-01-11 20:59:15,731 | INFO | ======================================================================
2026-01-11 20:59:15,731 | INFO | Assets Processed: 70
2026-01-11 20:59:15,731 | INFO | Assets Updated:   0
2026-01-11 20:59:15,731 | INFO | Rows Inserted:    0
2026-01-11 20:59:15,731 | INFO |   CRYPTO: 0 assets, 0 rows
2026-01-11 20:59:15,731 | INFO |   FX: 0 assets, 0 rows
2026-01-11 20:59:15,731 | INFO | Evidence: C:\fhq-market-system\vision-ios\03_FUNCTIONS\evidence\IOS001_DAILY_INGEST_243db98e_20260111_205915.json
2026-01-11 20:59:15,731 | INFO | ======================================================================
