2026-01-19 03:49:15,037 | INFO | ======================================================================
2026-01-19 03:49:15,037 | INFO | IoS-001 DAILY PRICE INGEST
2026-01-19 03:49:15,037 | INFO | Executor: LINE (EC-004)
2026-01-19 03:49:15,037 | INFO | Authority: CEO_DIRECTIVE_LINE_DAILY_INGEST_ACTIVATION_20251212
2026-01-19 03:49:15,037 | INFO | Time: 2026-01-19T02:49:15.037864+00:00
2026-01-19 03:49:15,037 | INFO | Asset Class Filter: ALL
2026-01-19 03:49:15,037 | INFO | Dry Run: False
2026-01-19 03:49:15,037 | INFO | ======================================================================
2026-01-19 03:49:15,268 | INFO | Found 491 VEGA-attested assets
2026-01-19 03:49:15,268 | INFO | 
============================================================
2026-01-19 03:49:15,268 | INFO | Processing CRYPTO: 46 assets
2026-01-19 03:49:15,268 | INFO | Schedule: Daily 01:00 UTC
2026-01-19 03:49:15,268 | INFO | ============================================================
2026-01-19 03:49:15,268 | INFO | 
  Batch 1/2 (25 assets)
2026-01-19 03:49:15,308 | INFO |   Batch complete, waiting 60s...
2026-01-19 03:50:15,312 | INFO | 
  Batch 2/2 (21 assets)
2026-01-19 03:50:18,480 | WARNING |   [UNI-USD] Fetch error: Too Many Requests. Rate limited. Try after a while.
2026-01-19 03:50:21,512 | INFO | 
============================================================
2026-01-19 03:50:21,512 | INFO | Processing EQUITY: 421 assets
2026-01-19 03:50:21,512 | INFO | Schedule: Weekdays 22:00 UTC
2026-01-19 03:50:21,512 | INFO | ============================================================
2026-01-19 03:50:21,512 | INFO | 
  Batch 1/17 (25 assets)
2026-01-19 03:50:22,634 | WARNING |   [1COV.DE] Fetch error: Too Many Requests. Rate limited. Try after a while.
2026-01-19 03:50:26,892 | WARNING |   [ABBV] Fetch error: Too Many Requests. Rate limited. Try after a while.
2026-01-19 03:50:31,112 | WARNING |   [ABNB] Fetch error: Too Many Requests. Rate limited. Try after a while.
2026-01-19 03:50:34,949 | WARNING |   [ABT] Fetch error: Too Many Requests. Rate limited. Try after a while.
2026-01-19 03:50:40,394 | WARNING |   [ACA.PA] Fetch error: Too Many Requests. Rate limited. Try after a while.
2026-01-19 03:50:44,290 | WARNING |   [ADBE] Fetch error: Too Many Requests. Rate limited. Try after a while.
2026-01-19 03:50:48,692 | WARNING |   [ADI] Fetch error: Too Many Requests. Rate limited. Try after a while.
2026-01-19 03:50:52,870 | WARNING |   [ADS.DE] Fetch error: Too Many Requests. Rate limited. Try after a while.
2026-01-19 03:50:56,943 | WARNING |   [ADSK] Fetch error: Too Many Requests. Rate limited. Try after a while.
2026-01-19 03:51:01,331 | WARNING |   [AEP] Fetch error: Too Many Requests. Rate limited. Try after a while.
2026-01-19 03:51:05,391 | WARNING |   [AFL] Fetch error: Too Many Requests. Rate limited. Try after a while.
2026-01-19 03:51:09,643 | WARNING |   [AI.PA] Fetch error: Too Many Requests. Rate limited. Try after a while.
2026-01-19 03:51:13,644 | WARNING |   [AIG] Fetch error: Too Many Requests. Rate limited. Try after a while.
2026-01-19 03:51:17,619 | WARNING |   [AIR.DE] Fetch error: Too Many Requests. Rate limited. Try after a while.
2026-01-19 03:51:21,643 | WARNING |   [AIR.PA] Fetch error: Too Many Requests. Rate limited. Try after a while.
2026-01-19 03:51:25,540 | WARNING |   [AKAM] Fetch error: Too Many Requests. Rate limited. Try after a while.
2026-01-19 03:51:29,806 | WARNING |   [AKER.OL] Fetch error: Too Many Requests. Rate limited. Try after a while.
2026-01-19 03:51:33,886 | WARNING |   [AKRBP.OL] Fetch error: Too Many Requests. Rate limited. Try after a while.
2026-01-19 03:51:37,895 | WARNING |   [AKSO.OL] Fetch error: Too Many Requests. Rate limited. Try after a while.
2026-01-19 03:51:41,973 | WARNING |   [AKVA.OL] Fetch error: Too Many Requests. Rate limited. Try after a while.
2026-01-19 03:51:46,178 | WARNING |   [ALB] Fetch error: Too Many Requests. Rate limited. Try after a while.
2026-01-19 03:51:50,538 | WARNING |   [ALL] Fetch error: Too Many Requests. Rate limited. Try after a while.
2026-01-19 03:51:54,546 | WARNING |   [ALO.PA] Fetch error: Too Many Requests. Rate limited. Try after a while.
2026-01-19 03:51:58,800 | WARNING |   [ALV.DE] Fetch error: Too Many Requests. Rate limited. Try after a while.
2026-01-19 03:52:03,030 | WARNING |   [AMAT] Fetch error: Too Many Requests. Rate limited. Try after a while.
2026-01-19 03:52:06,041 | INFO |   Batch complete, waiting 60s...
2026-01-19 03:53:06,042 | INFO | 
  Batch 2/17 (25 assets)
2026-01-19 03:53:07,849 | WARNING |   [AMD] Fetch error: Too Many Requests. Rate limited. Try after a while.
2026-01-19 03:53:12,109 | WARNING |   [AMGN] Fetch error: Too Many Requests. Rate limited. Try after a while.
2026-01-19 03:53:16,376 | WARNING |   [AMT] Fetch error: Too Many Requests. Rate limited. Try after a while.
2026-01-19 03:53:20,251 | WARNING |   [AMZN] Fetch error: Too Many Requests. Rate limited. Try after a while.
2026-01-19 03:53:24,150 | WARNING |   [AON] Fetch error: Too Many Requests. Rate limited. Try after a while.
2026-01-19 03:53:28,311 | WARNING |   [APD] Fetch error: Too Many Requests. Rate limited. Try after a while.
2026-01-19 03:53:32,326 | WARNING |   [ASML] Fetch error: Too Many Requests. Rate limited. Try after a while.
2026-01-19 03:53:36,393 | WARNING |   [ATO.PA] Fetch error: Too Many Requests. Rate limited. Try after a while.
2026-01-19 03:53:40,516 | WARNING |   [AUSS.OL] Fetch error: Too Many Requests. Rate limited. Try after a while.
2026-01-19 03:53:44,507 | WARNING |   [AUTO.OL] Fetch error: Too Many Requests. Rate limited. Try after a while.
2026-01-19 03:53:48,374 | WARNING |   [AV.L] Fetch error: Too Many Requests. Rate limited. Try after a while.
2026-01-19 03:53:52,429 | WARNING |   [AVB] Fetch error: Too Many Requests. Rate limited. Try after a while.
2026-01-19 03:53:56,644 | WARNING |   [AVGO] Fetch error: Too Many Requests. Rate limited. Try after a while.
2026-01-19 03:54:00,584 | WARNING |   [AWK] Fetch error: Too Many Requests. Rate limited. Try after a while.
2026-01-19 03:54:04,540 | WARNING |   [AXP] Fetch error: Too Many Requests. Rate limited. Try after a while.
2026-01-19 03:54:08,206 | WARNING |   [AZN.L] Fetch error: Too Many Requests. Rate limited. Try after a while.
2026-01-19 03:54:12,282 | WARNING |   [AZO] Fetch error: Too Many Requests. Rate limited. Try after a while.
