2026-01-29 19:52:08,313 | INFO | ======================================================================
2026-01-29 19:52:08,314 | INFO | IoS-001 DAILY PRICE INGEST
2026-01-29 19:52:08,314 | INFO | Executor: LINE (EC-004)
2026-01-29 19:52:08,314 | INFO | Authority: CEO_DIRECTIVE_LINE_DAILY_INGEST_ACTIVATION_20251212
2026-01-29 19:52:08,314 | INFO | Time: 2026-01-29T18:52:08.314908+00:00
2026-01-29 19:52:08,315 | INFO | Asset Class Filter: ALL
2026-01-29 19:52:08,315 | INFO | Dry Run: False
2026-01-29 19:52:08,315 | INFO | ======================================================================
2026-01-29 19:52:08,716 | INFO | Found 491 VEGA-attested assets
2026-01-29 19:52:08,717 | INFO | 
============================================================
2026-01-29 19:52:08,717 | INFO | Processing CRYPTO: 46 assets
2026-01-29 19:52:08,717 | INFO | Schedule: Daily 01:00 UTC
2026-01-29 19:52:08,717 | INFO | ============================================================
2026-01-29 19:52:08,717 | INFO | 
  Batch 1/2 (25 assets)
2026-01-29 19:52:10,694 | ERROR | $GRT-USD: possibly delisted; no price data found  (1d 2026-01-29 -> 2026-01-30)
2026-01-29 19:52:13,717 | INFO |   Batch complete, waiting 60s...
2026-01-29 19:53:13,718 | INFO | 
  Batch 2/2 (21 assets)
2026-01-29 19:53:13,874 | ERROR | $UNI-USD: possibly delisted; no price data found  (1d 2026-01-27 -> 2026-01-30)
2026-01-29 19:53:16,900 | INFO | 
============================================================
2026-01-29 19:53:16,900 | INFO | Processing EQUITY: 421 assets
2026-01-29 19:53:16,900 | INFO | Schedule: Weekdays 22:00 UTC
2026-01-29 19:53:16,900 | INFO | ============================================================
2026-01-29 19:53:16,900 | INFO | 
  Batch 1/17 (25 assets)
2026-01-29 19:53:17,216 | ERROR | $1COV.DE: possibly delisted; no price data found  (1d 2025-12-24 -> 2026-01-30)
2026-01-29 19:53:20,262 | INFO |   Batch complete, waiting 60s...
2026-01-29 19:54:20,264 | INFO | 
  Batch 2/17 (25 assets)
2026-01-29 19:54:20,325 | INFO |   Batch complete, waiting 60s...
2026-01-29 19:55:20,327 | INFO | 
  Batch 3/17 (25 assets)
2026-01-29 19:55:25,641 | ERROR | $BRK.B: possibly delisted; no timezone found
2026-01-29 19:55:31,902 | ERROR | 404 Client Error: Not Found for url: https://query2.finance.yahoo.com/v10/finance/quoteSummary/BT.A.L?modules=financialData%2CquoteType%2CdefaultKeyStatistics%2CassetProfile%2CsummaryDetail&corsDomain=finance.yahoo.com&formatted=false&symbol=BT.A.L&crumb=vTRCLn3Dg3M
2026-01-29 19:55:31,903 | WARNING |   [BT.A.L] Fetch error: 'NoneType' object has no attribute 'update'
2026-01-29 19:55:34,940 | INFO |   Batch complete, waiting 60s...
2026-01-29 19:56:34,944 | INFO | 
  Batch 4/17 (25 assets)
2026-01-29 19:56:35,199 | INFO |     [COF] +1 rows
2026-01-29 19:56:38,381 | INFO |     [COIN] +1 rows
2026-01-29 19:56:41,534 | INFO |     [CON.DE] +1 rows
2026-01-29 19:56:44,697 | INFO |     [COP] +1 rows
2026-01-29 19:56:47,931 | INFO |     [COST] +1 rows
2026-01-29 19:56:51,060 | INFO |     [CPG.L] +1 rows
2026-01-29 19:56:54,190 | INFO |     [CRM] +1 rows
2026-01-29 19:56:57,301 | INFO |     [CRWD] +1 rows
2026-01-29 19:57:00,467 | INFO |     [CS.PA] +1 rows
2026-01-29 19:57:03,774 | INFO |     [CSX] +1 rows
