2026-01-17 21:13:26,681 | INFO | ======================================================================
2026-01-17 21:13:26,682 | INFO | IoS-001 DAILY PRICE INGEST
2026-01-17 21:13:26,682 | INFO | Executor: LINE (EC-004)
2026-01-17 21:13:26,682 | INFO | Authority: CEO_DIRECTIVE_LINE_DAILY_INGEST_ACTIVATION_20251212
2026-01-17 21:13:26,682 | INFO | Time: 2026-01-17T20:13:26.682711+00:00
2026-01-17 21:13:26,682 | INFO | Asset Class Filter: ALL
2026-01-17 21:13:26,682 | INFO | Dry Run: False
2026-01-17 21:13:26,682 | INFO | ======================================================================
2026-01-17 21:13:26,934 | INFO | Found 491 VEGA-attested assets
2026-01-17 21:13:26,935 | INFO | 
============================================================
2026-01-17 21:13:26,935 | INFO | Processing CRYPTO: 46 assets
2026-01-17 21:13:26,935 | INFO | Schedule: Daily 01:00 UTC
2026-01-17 21:13:26,935 | INFO | ============================================================
2026-01-17 21:13:26,935 | INFO | 
  Batch 1/2 (25 assets)
2026-01-17 21:13:30,123 | WARNING |   [GRT-USD] Fetch error: Too Many Requests. Rate limited. Try after a while.
2026-01-17 21:13:33,155 | INFO |   Batch complete, waiting 60s...
2026-01-17 21:14:33,164 | INFO | 
  Batch 2/2 (21 assets)
2026-01-17 21:14:34,588 | WARNING |   [UNI-USD] Fetch error: Too Many Requests. Rate limited. Try after a while.
2026-01-17 21:14:37,636 | INFO | 
============================================================
2026-01-17 21:14:37,636 | INFO | Processing EQUITY: 421 assets
2026-01-17 21:14:37,636 | INFO | Schedule: Weekdays 22:00 UTC
2026-01-17 21:14:37,636 | INFO | ============================================================
2026-01-17 21:14:37,636 | INFO |   Market closed for EQUITY today, skipping
2026-01-17 21:14:37,636 | INFO | 
============================================================
2026-01-17 21:14:37,636 | INFO | Processing FX: 24 assets
2026-01-17 21:14:37,646 | INFO | Schedule: Sun-Thu 22:00 UTC
2026-01-17 21:14:37,646 | INFO | ============================================================
2026-01-17 21:14:37,646 | INFO |   Market closed for FX today, skipping
2026-01-17 21:14:37,654 | WARNING | Heartbeat recording failed: relation "fhq_monitoring.system_heartbeats" does not exist
LINE 2:                 INSERT INTO fhq_monitoring.system_heartbeats...
                                    ^

2026-01-17 21:14:37,658 | INFO | 
======================================================================
2026-01-17 21:14:37,658 | INFO | DAILY INGEST COMPLETE
2026-01-17 21:14:37,658 | INFO | ======================================================================
2026-01-17 21:14:37,658 | INFO | Assets Processed: 46
2026-01-17 21:14:37,658 | INFO | Assets Updated:   0
2026-01-17 21:14:37,658 | INFO | Rows Inserted:    0
2026-01-17 21:14:37,658 | INFO |   CRYPTO: 0 assets, 0 rows
2026-01-17 21:14:37,662 | INFO | Evidence: C:\fhq-market-system\vision-ios\03_FUNCTIONS\evidence\IOS001_DAILY_INGEST_da7eea41_20260117_211437.json
2026-01-17 21:14:37,662 | INFO | ======================================================================
