2026-02-05 17:14:24,881 | INFO | ======================================================================
2026-02-05 17:14:24,881 | INFO | IoS-001 DAILY PRICE INGEST
2026-02-05 17:14:24,881 | INFO | Executor: LINE (EC-004)
2026-02-05 17:14:24,881 | INFO | Authority: CEO_DIRECTIVE_LINE_DAILY_INGEST_ACTIVATION_20251212
2026-02-05 17:14:24,881 | INFO | Time: 2026-02-05T16:14:24.881630+00:00
2026-02-05 17:14:24,881 | INFO | Asset Class Filter: ALL
2026-02-05 17:14:24,881 | INFO | Dry Run: False
2026-02-05 17:14:24,881 | INFO | ======================================================================
2026-02-05 17:14:25,323 | INFO | Found 491 VEGA-attested assets
2026-02-05 17:14:25,323 | INFO | 
============================================================
2026-02-05 17:14:25,323 | INFO | Processing CRYPTO: 46 assets
2026-02-05 17:14:25,323 | INFO | Schedule: Daily 01:00 UTC
2026-02-05 17:14:25,323 | INFO | ============================================================
2026-02-05 17:14:25,323 | INFO | 
  Batch 1/2 (25 assets)
2026-02-05 17:14:30,012 | WARNING |   [GRT-USD] Fetch error: Too Many Requests. Rate limited. Try after a while.
2026-02-05 17:14:33,028 | INFO |   Batch complete, waiting 60s...
2026-02-05 17:15:33,032 | INFO | 
  Batch 2/2 (21 assets)
2026-02-05 17:15:34,914 | WARNING |   [UNI-USD] Fetch error: Too Many Requests. Rate limited. Try after a while.
2026-02-05 17:15:37,942 | INFO | 
============================================================
2026-02-05 17:15:37,942 | INFO | Processing EQUITY: 421 assets
2026-02-05 17:15:37,942 | INFO | Schedule: Weekdays 22:00 UTC
2026-02-05 17:15:37,942 | INFO | ============================================================
2026-02-05 17:15:37,942 | INFO | 
  Batch 1/17 (25 assets)
2026-02-05 17:15:39,411 | WARNING |   [1COV.DE] Fetch error: Too Many Requests. Rate limited. Try after a while.
2026-02-05 17:15:42,454 | INFO |   Batch complete, waiting 60s...
2026-02-05 17:16:42,462 | INFO | 
  Batch 2/17 (25 assets)
2026-02-05 17:16:42,518 | INFO |   Batch complete, waiting 60s...
2026-02-05 17:17:42,523 | INFO | 
  Batch 3/17 (25 assets)
2026-02-05 17:17:46,706 | WARNING |   [BRK.B] Fetch error: Too Many Requests. Rate limited. Try after a while.
2026-02-05 17:17:50,850 | WARNING |   [BT.A.L] Fetch error: Too Many Requests. Rate limited. Try after a while.
2026-02-05 17:17:53,872 | INFO |   Batch complete, waiting 60s...
2026-02-05 17:18:53,883 | INFO | 
  Batch 4/17 (25 assets)
2026-02-05 17:18:55,862 | WARNING |   [COF] Fetch error: Too Many Requests. Rate limited. Try after a while.
2026-02-05 17:19:00,307 | WARNING |   [COIN] Fetch error: Too Many Requests. Rate limited. Try after a while.
2026-02-05 17:19:04,385 | WARNING |   [CON.DE] Fetch error: Too Many Requests. Rate limited. Try after a while.
2026-02-05 17:19:08,873 | WARNING |   [COP] Fetch error: Too Many Requests. Rate limited. Try after a while.
2026-02-05 17:19:13,079 | WARNING |   [COST] Fetch error: Too Many Requests. Rate limited. Try after a while.
2026-02-05 17:19:17,549 | WARNING |   [CPG.L] Fetch error: Too Many Requests. Rate limited. Try after a while.
2026-02-05 17:19:22,069 | WARNING |   [CRM] Fetch error: Too Many Requests. Rate limited. Try after a while.
