2026-01-01 03:28:06,306 | INFO | ======================================================================
2026-01-01 03:28:06,306 | INFO | IoS-001 DAILY PRICE INGEST
2026-01-01 03:28:06,306 | INFO | Executor: LINE (EC-004)
2026-01-01 03:28:06,306 | INFO | Authority: CEO_DIRECTIVE_LINE_DAILY_INGEST_ACTIVATION_20251212
2026-01-01 03:28:06,306 | INFO | Time: 2026-01-01T02:28:06.306504+00:00
2026-01-01 03:28:06,306 | INFO | Asset Class Filter: ALL
2026-01-01 03:28:06,306 | INFO | Dry Run: False
2026-01-01 03:28:06,306 | INFO | ======================================================================
2026-01-01 03:28:06,801 | INFO | Found 491 VEGA-attested assets
2026-01-01 03:28:06,802 | INFO | 
============================================================
2026-01-01 03:28:06,802 | INFO | Processing CRYPTO: 46 assets
2026-01-01 03:28:06,802 | INFO | Schedule: Daily 01:00 UTC
2026-01-01 03:28:06,802 | INFO | ============================================================
2026-01-01 03:28:06,802 | INFO | 
  Batch 1/2 (25 assets)
2026-01-01 03:28:08,017 | INFO |     [AVAX-USD] +1 rows
2026-01-01 03:28:11,126 | INFO |     [BCH-USD] +1 rows
2026-01-01 03:28:14,299 | INFO |     [BTC-USD] +1 rows
2026-01-01 03:28:17,391 | INFO |     [CRV-USD] +1 rows
2026-01-01 03:28:20,541 | INFO |     [DOGE-USD] +1 rows
2026-01-01 03:28:23,651 | INFO |     [DOT-USD] +1 rows
2026-01-01 03:28:26,791 | INFO |     [ETH-USD] +1 rows
2026-01-01 03:28:29,880 | ERROR | $GRT-USD: possibly delisted; no price data found  (1d 2026-01-01 -> 2026-01-02)
2026-01-01 03:28:33,016 | INFO |     [LINK-USD] +1 rows
2026-01-01 03:28:36,164 | INFO |     [LTC-USD] +1 rows
2026-01-01 03:28:39,166 | INFO |   Batch complete, waiting 60s...
2026-01-01 03:29:39,167 | INFO | 
  Batch 2/2 (21 assets)
2026-01-01 03:29:39,287 | INFO |     [SHIB-USD] +1 rows
2026-01-01 03:29:42,515 | INFO |     [SOL-USD] +1 rows
2026-01-01 03:29:45,625 | ERROR | $UNI-USD: possibly delisted; no price data found  (1d 2025-12-31 -> 2026-01-02)
2026-01-01 03:29:48,728 | INFO |     [XRP-USD] +1 rows
2026-01-01 03:29:51,833 | INFO |     [XTZ-USD] +1 rows
2026-01-01 03:29:54,976 | INFO |     [AAVE-USD] +1 rows
2026-01-01 03:29:57,981 | INFO | 
============================================================
2026-01-01 03:29:57,981 | INFO | Processing EQUITY: 421 assets
2026-01-01 03:29:57,981 | INFO | Schedule: Weekdays 22:00 UTC
2026-01-01 03:29:57,981 | INFO | ============================================================
2026-01-01 03:29:57,981 | INFO | 
  Batch 1/17 (25 assets)
2026-01-01 03:29:58,184 | ERROR | $1COV.DE: possibly delisted; no price data found  (1d 2025-12-24 -> 2026-01-02)
2026-01-01 03:30:03,947 | ERROR | $ABBV: possibly delisted; no price data found  (1d 2026-01-01 -> 2026-01-02) (Yahoo error = "Data doesn't exist for startDate = 1767243600, endDate = 1767330000")
2026-01-01 03:30:08,242 | ERROR | $ABNB: possibly delisted; no price data found  (1d 2026-01-01 -> 2026-01-02) (Yahoo error = "Data doesn't exist for startDate = 1767243600, endDate = 1767330000")
2026-01-01 03:30:12,576 | ERROR | $ABT: possibly delisted; no price data found  (1d 2026-01-01 -> 2026-01-02) (Yahoo error = "Data doesn't exist for startDate = 1767243600, endDate = 1767330000")
2026-01-01 03:30:15,764 | INFO |     [ACA.PA] +1 rows
2026-01-01 03:30:20,119 | ERROR | $ADBE: possibly delisted; no price data found  (1d 2026-01-01 -> 2026-01-02) (Yahoo error = "Data doesn't exist for startDate = 1767243600, endDate = 1767330000")
2026-01-01 03:30:24,446 | ERROR | $ADI: possibly delisted; no price data found  (1d 2026-01-01 -> 2026-01-02) (Yahoo error = "Data doesn't exist for startDate = 1767243600, endDate = 1767330000")
2026-01-01 03:30:27,610 | INFO |     [ADS.DE] +1 rows
2026-01-01 03:30:31,878 | ERROR | $ADSK: possibly delisted; no price data found  (1d 2026-01-01 -> 2026-01-02) (Yahoo error = "Data doesn't exist for startDate = 1767243600, endDate = 1767330000")
2026-01-01 03:30:35,904 | ERROR | $AEP: possibly delisted; no price data found  (1d 2026-01-01 -> 2026-01-02) (Yahoo error = "Data doesn't exist for startDate = 1767243600, endDate = 1767330000")
2026-01-01 03:30:39,959 | ERROR | $AFL: possibly delisted; no price data found  (1d 2026-01-01 -> 2026-01-02) (Yahoo error = "Data doesn't exist for startDate = 1767243600, endDate = 1767330000")
2026-01-01 03:30:43,119 | INFO |     [AI.PA] +1 rows
2026-01-01 03:30:47,362 | ERROR | $AIG: possibly delisted; no price data found  (1d 2026-01-01 -> 2026-01-02) (Yahoo error = "Data doesn't exist for startDate = 1767243600, endDate = 1767330000")
2026-01-01 03:30:50,508 | INFO |     [AIR.DE] +1 rows
2026-01-01 03:30:53,646 | INFO |     [AIR.PA] +1 rows
2026-01-01 03:30:57,828 | ERROR | $AKAM: possibly delisted; no price data found  (1d 2026-01-01 -> 2026-01-02) (Yahoo error = "Data doesn't exist for startDate = 1767243600, endDate = 1767330000")
2026-01-01 03:31:00,980 | INFO |     [AKER.OL] +1 rows
2026-01-01 03:31:04,090 | INFO |     [AKRBP.OL] +1 rows
2026-01-01 03:31:07,196 | INFO |     [AKSO.OL] +1 rows
2026-01-01 03:31:10,313 | INFO |     [AKVA.OL] +1 rows
2026-01-01 03:31:14,451 | ERROR | $ALB: possibly delisted; no price data found  (1d 2026-01-01 -> 2026-01-02) (Yahoo error = "Data doesn't exist for startDate = 1767243600, endDate = 1767330000")
2026-01-01 03:31:18,538 | ERROR | $ALL: possibly delisted; no price data found  (1d 2026-01-01 -> 2026-01-02) (Yahoo error = "Data doesn't exist for startDate = 1767243600, endDate = 1767330000")
2026-01-01 03:31:21,672 | INFO |     [ALO.PA] +1 rows
2026-01-01 03:31:24,812 | INFO |     [ALV.DE] +1 rows
2026-01-01 03:31:28,988 | ERROR | $AMAT: possibly delisted; no price data found  (1d 2026-01-01 -> 2026-01-02) (Yahoo error = "Data doesn't exist for startDate = 1767243600, endDate = 1767330000")
2026-01-01 03:31:31,992 | INFO |   Batch complete, waiting 60s...
2026-01-01 03:32:31,994 | INFO | 
  Batch 2/17 (25 assets)
2026-01-01 03:32:33,437 | ERROR | $AMD: possibly delisted; no price data found  (1d 2026-01-01 -> 2026-01-02) (Yahoo error = "Data doesn't exist for startDate = 1767243600, endDate = 1767330000")
2026-01-01 03:32:37,599 | ERROR | $AMGN: possibly delisted; no price data found  (1d 2026-01-01 -> 2026-01-02) (Yahoo error = "Data doesn't exist for startDate = 1767243600, endDate = 1767330000")
2026-01-01 03:32:41,671 | ERROR | $AMT: possibly delisted; no price data found  (1d 2026-01-01 -> 2026-01-02) (Yahoo error = "Data doesn't exist for startDate = 1767243600, endDate = 1767330000")
2026-01-01 03:32:45,852 | ERROR | $AMZN: possibly delisted; no price data found  (1d 2026-01-01 -> 2026-01-02) (Yahoo error = "Data doesn't exist for startDate = 1767243600, endDate = 1767330000")
2026-01-01 03:32:50,453 | ERROR | $AON: possibly delisted; no price data found  (1d 2026-01-01 -> 2026-01-02) (Yahoo error = "Data doesn't exist for startDate = 1767243600, endDate = 1767330000")
2026-01-01 03:32:54,504 | ERROR | $APD: possibly delisted; no price data found  (1d 2026-01-01 -> 2026-01-02) (Yahoo error = "Data doesn't exist for startDate = 1767243600, endDate = 1767330000")
2026-01-01 03:32:58,778 | ERROR | $ASML: possibly delisted; no price data found  (1d 2026-01-01 -> 2026-01-02) (Yahoo error = "Data doesn't exist for startDate = 1767243600, endDate = 1767330000")
2026-01-01 03:33:01,891 | INFO |     [ATO.PA] +1 rows
2026-01-01 03:33:05,077 | INFO |     [AUSS.OL] +1 rows
