2026-02-10 08:28:21,579 | INFO | ======================================================================
2026-02-10 08:28:21,579 | INFO | IoS-001 DAILY PRICE INGEST
2026-02-10 08:28:21,579 | INFO | Executor: LINE (EC-004)
2026-02-10 08:28:21,580 | INFO | Authority: CEO_DIRECTIVE_LINE_DAILY_INGEST_ACTIVATION_20251212
2026-02-10 08:28:21,580 | INFO | Amendment: CEO-DIR-2026-119 (Rate Limit Mitigation)
2026-02-10 08:28:21,580 | INFO | Time: 2026-02-10T07:28:21.580858+00:00
2026-02-10 08:28:21,580 | INFO | Asset Class Filter: ALL
2026-02-10 08:28:21,580 | INFO | Batch Mode: True
2026-02-10 08:28:21,581 | INFO | Dry Run: False
2026-02-10 08:28:21,581 | INFO | ======================================================================
2026-02-10 08:28:21,891 | INFO | Found 491 VEGA-attested assets
2026-02-10 08:28:21,892 | INFO | 
============================================================
2026-02-10 08:28:21,892 | INFO | Processing CRYPTO: 46 assets
2026-02-10 08:28:21,892 | INFO | Schedule: Daily 01:00 UTC
2026-02-10 08:28:21,892 | INFO | ============================================================
2026-02-10 08:28:21,892 | INFO |   Using BATCH MODE (CEO-DIR-2026-119)
2026-02-10 08:28:21,892 | INFO | 
  Batch 1/5 (10 tickers)
2026-02-10 08:28:21,915 | INFO |     All assets up to date
2026-02-10 08:28:21,915 | INFO | 
  Batch 2/5 (10 tickers)
2026-02-10 08:28:21,935 | INFO |     Batch download: 1 tickers
2026-02-10 08:28:25,036 | ERROR | 
1 Failed download:
2026-02-10 08:28:25,037 | ERROR | ['GRT-USD']: YFRateLimitError('Too Many Requests. Rate limited. Try after a while.')
2026-02-10 08:28:25,041 | INFO |   Batch complete, waiting 120s...
2026-02-10 08:30:25,042 | INFO | 
  Batch 3/5 (10 tickers)
2026-02-10 08:30:25,054 | INFO |     All assets up to date
2026-02-10 08:30:25,054 | INFO | 
  Batch 4/5 (10 tickers)
2026-02-10 08:30:25,063 | INFO |     Batch download: 1 tickers
2026-02-10 08:30:28,841 | ERROR | 
1 Failed download:
2026-02-10 08:30:28,841 | ERROR | ['UNI-USD']: YFRateLimitError('Too Many Requests. Rate limited. Try after a while.')
2026-02-10 08:30:28,844 | INFO |   Batch complete, waiting 120s...
2026-02-10 08:32:28,845 | INFO | 
  Batch 5/5 (6 tickers)
2026-02-10 08:32:28,861 | INFO |     Batch download: 6 tickers
2026-02-10 08:32:37,020 | ERROR | 
6 Failed downloads:
2026-02-10 08:32:37,020 | ERROR | ['XMR-USD', 'ZEC-USD', 'XTZ-USD', 'XLM-USD', 'AAVE-USD', 'XRP-USD']: YFRateLimitError('Too Many Requests. Rate limited. Try after a while.')
2026-02-10 08:32:37,025 | INFO | 
============================================================
2026-02-10 08:32:37,025 | INFO | Processing EQUITY: 421 assets
2026-02-10 08:32:37,025 | INFO | Schedule: Weekdays 22:00 UTC
2026-02-10 08:32:37,026 | INFO | ============================================================
2026-02-10 08:32:37,026 | INFO |   Using BATCH MODE (CEO-DIR-2026-119)
2026-02-10 08:32:37,026 | INFO | 
  Batch 1/43 (10 tickers)
2026-02-10 08:32:37,053 | INFO |     Batch download: 10 tickers
2026-02-10 08:32:48,535 | ERROR | 
10 Failed downloads:
2026-02-10 08:32:48,535 | ERROR | ['ADSK', 'AEP', 'ACA.PA', 'ABT', '1COV.DE', 'ADI', 'ADS.DE', 'ADBE', 'ABBV', 'ABNB']: YFRateLimitError('Too Many Requests. Rate limited. Try after a while.')
2026-02-10 08:32:48,540 | INFO |   Batch complete, waiting 120s...
