2026-02-07 17:23:00,483 | INFO | ======================================================================
2026-02-07 17:23:00,483 | INFO | IoS-001 DAILY PRICE INGEST
2026-02-07 17:23:00,493 | INFO | Executor: LINE (EC-004)
2026-02-07 17:23:00,493 | INFO | Authority: CEO_DIRECTIVE_LINE_DAILY_INGEST_ACTIVATION_20251212
2026-02-07 17:23:00,493 | INFO | Amendment: CEO-DIR-2026-119 (Rate Limit Mitigation)
2026-02-07 17:23:00,493 | INFO | Time: 2026-02-07T16:23:00.493257+00:00
2026-02-07 17:23:00,493 | INFO | Asset Class Filter: ALL
2026-02-07 17:23:00,493 | INFO | Batch Mode: True
2026-02-07 17:23:00,493 | INFO | Dry Run: False
2026-02-07 17:23:00,493 | INFO | ======================================================================
2026-02-07 17:23:00,709 | INFO | Found 491 VEGA-attested assets
2026-02-07 17:23:00,709 | INFO | 
============================================================
2026-02-07 17:23:00,709 | INFO | Processing CRYPTO: 46 assets
2026-02-07 17:23:00,709 | INFO | Schedule: Daily 01:00 UTC
2026-02-07 17:23:00,709 | INFO | ============================================================
2026-02-07 17:23:00,709 | INFO |   Using BATCH MODE (CEO-DIR-2026-119)
2026-02-07 17:23:00,709 | INFO | 
  Batch 1/5 (10 tickers)
2026-02-07 17:23:00,729 | INFO |     All assets up to date
2026-02-07 17:23:00,729 | INFO | 
  Batch 2/5 (10 tickers)
2026-02-07 17:23:00,750 | INFO |     Batch download: 1 tickers
2026-02-07 17:23:02,103 | ERROR | 
1 Failed download:
2026-02-07 17:23:02,103 | ERROR | ['GRT-USD']: YFPricesMissingError('possibly delisted; no price data found  (1d 2026-02-07 -> 2026-02-08)')
2026-02-07 17:23:02,119 | INFO |   Batch complete, waiting 120s...
2026-02-07 17:25:02,125 | INFO | 
  Batch 3/5 (10 tickers)
2026-02-07 17:25:02,156 | INFO |     All assets up to date
2026-02-07 17:25:02,156 | INFO | 
  Batch 4/5 (10 tickers)
2026-02-07 17:25:02,217 | INFO |     Batch download: 1 tickers
2026-02-07 17:25:02,973 | ERROR | 
1 Failed download:
2026-02-07 17:25:02,973 | ERROR | ['UNI-USD']: YFPricesMissingError('possibly delisted; no price data found  (1d 2026-02-07 -> 2026-02-08)')
2026-02-07 17:25:02,973 | INFO |   Batch complete, waiting 120s...
2026-02-07 17:27:02,983 | INFO | 
  Batch 5/5 (6 tickers)
2026-02-07 17:27:03,058 | INFO |     All assets up to date
2026-02-07 17:27:03,058 | INFO | 
============================================================
2026-02-07 17:27:03,058 | INFO | Processing EQUITY: 421 assets
2026-02-07 17:27:03,058 | INFO | Schedule: Weekdays 22:00 UTC
2026-02-07 17:27:03,058 | INFO | ============================================================
2026-02-07 17:27:03,058 | INFO |   Market closed for EQUITY today, skipping
2026-02-07 17:27:03,058 | INFO | 
============================================================
2026-02-07 17:27:03,058 | INFO | Processing FX: 24 assets
2026-02-07 17:27:03,058 | INFO | Schedule: Sun-Thu 22:00 UTC
2026-02-07 17:27:03,058 | INFO | ============================================================
2026-02-07 17:27:03,058 | INFO |   Market closed for FX today, skipping
2026-02-07 17:27:03,058 | WARNING | Heartbeat recording failed: relation "fhq_monitoring.system_heartbeats" does not exist
LINE 2:                 INSERT INTO fhq_monitoring.system_heartbeats...
                                    ^

2026-02-07 17:27:03,068 | INFO | 
======================================================================
2026-02-07 17:27:03,068 | INFO | DAILY INGEST COMPLETE
2026-02-07 17:27:03,068 | INFO | ======================================================================
2026-02-07 17:27:03,068 | INFO | Assets Processed: 46
2026-02-07 17:27:03,068 | INFO | Assets Updated:   0
2026-02-07 17:27:03,068 | INFO | Rows Inserted:    0
2026-02-07 17:27:03,068 | INFO |   CRYPTO: 0 assets, 0 rows
2026-02-07 17:27:03,068 | INFO | Evidence: C:\fhq-market-system\vision-ios\03_FUNCTIONS\evidence\IOS001_DAILY_INGEST_a98d5eb5_20260207_172703.json
2026-02-07 17:27:03,068 | INFO | ======================================================================
