2026-02-08 20:00:52,863 | INFO | ======================================================================
2026-02-08 20:00:52,863 | INFO | IoS-001 DAILY PRICE INGEST
2026-02-08 20:00:52,863 | INFO | Executor: LINE (EC-004)
2026-02-08 20:00:52,863 | INFO | Authority: CEO_DIRECTIVE_LINE_DAILY_INGEST_ACTIVATION_20251212
2026-02-08 20:00:52,863 | INFO | Amendment: CEO-DIR-2026-119 (Rate Limit Mitigation)
2026-02-08 20:00:52,863 | INFO | Time: 2026-02-08T19:00:52.863378+00:00
2026-02-08 20:00:52,863 | INFO | Asset Class Filter: ALL
2026-02-08 20:00:52,863 | INFO | Batch Mode: True
2026-02-08 20:00:52,863 | INFO | Dry Run: False
2026-02-08 20:00:52,863 | INFO | ======================================================================
2026-02-08 20:00:53,197 | INFO | Found 491 VEGA-attested assets
2026-02-08 20:00:53,197 | INFO | 
============================================================
2026-02-08 20:00:53,197 | INFO | Processing CRYPTO: 46 assets
2026-02-08 20:00:53,197 | INFO | Schedule: Daily 01:00 UTC
2026-02-08 20:00:53,197 | INFO | ============================================================
2026-02-08 20:00:53,197 | INFO |   Using BATCH MODE (CEO-DIR-2026-119)
2026-02-08 20:00:53,197 | INFO | 
  Batch 1/5 (10 tickers)
2026-02-08 20:00:53,245 | INFO |     All assets up to date
2026-02-08 20:00:53,245 | INFO | 
  Batch 2/5 (10 tickers)
2026-02-08 20:00:53,282 | INFO |     Batch download: 1 tickers
2026-02-08 20:00:56,881 | ERROR | 
1 Failed download:
2026-02-08 20:00:56,881 | ERROR | ['GRT-USD']: YFRateLimitError('Too Many Requests. Rate limited. Try after a while.')
2026-02-08 20:00:56,886 | INFO |   Batch complete, waiting 120s...
2026-02-08 20:02:56,887 | INFO | 
  Batch 3/5 (10 tickers)
2026-02-08 20:02:56,936 | INFO |     All assets up to date
2026-02-08 20:02:56,936 | INFO | 
  Batch 4/5 (10 tickers)
2026-02-08 20:02:56,996 | INFO |     Batch download: 1 tickers
2026-02-08 20:02:59,967 | ERROR | 
1 Failed download:
2026-02-08 20:02:59,967 | ERROR | ['UNI-USD']: YFRateLimitError('Too Many Requests. Rate limited. Try after a while.')
2026-02-08 20:02:59,967 | INFO |   Batch complete, waiting 120s...
2026-02-08 20:04:59,979 | INFO | 
  Batch 5/5 (6 tickers)
2026-02-08 20:05:00,021 | INFO |     All assets up to date
2026-02-08 20:05:00,021 | INFO | 
============================================================
2026-02-08 20:05:00,021 | INFO | Processing EQUITY: 421 assets
2026-02-08 20:05:00,021 | INFO | Schedule: Weekdays 22:00 UTC
2026-02-08 20:05:00,021 | INFO | ============================================================
2026-02-08 20:05:00,021 | INFO |   Market closed for EQUITY today, skipping
2026-02-08 20:05:00,021 | INFO | 
============================================================
2026-02-08 20:05:00,021 | INFO | Processing FX: 24 assets
2026-02-08 20:05:00,021 | INFO | Schedule: Sun-Thu 22:00 UTC
2026-02-08 20:05:00,021 | INFO | ============================================================
2026-02-08 20:05:00,021 | INFO |   Using BATCH MODE (CEO-DIR-2026-119)
2026-02-08 20:05:00,021 | INFO | 
  Batch 1/3 (10 tickers)
2026-02-08 20:05:00,069 | INFO |     Batch download: 4 tickers
2026-02-08 20:05:07,455 | ERROR | 
4 Failed downloads:
2026-02-08 20:05:07,455 | ERROR | ['EURCHF=X', 'EURSEK=X', 'CHFJPY=X', 'EURNOK=X']: YFRateLimitError('Too Many Requests. Rate limited. Try after a while.')
2026-02-08 20:05:07,465 | INFO |   Batch complete, waiting 120s...
