2026-01-21 21:48:58,056 | INFO | ======================================================================
2026-01-21 21:48:58,057 | INFO | IoS-001 DAILY PRICE INGEST
2026-01-21 21:48:58,057 | INFO | Executor: LINE (EC-004)
2026-01-21 21:48:58,057 | INFO | Authority: CEO_DIRECTIVE_LINE_DAILY_INGEST_ACTIVATION_20251212
2026-01-21 21:48:58,057 | INFO | Time: 2026-01-21T20:48:58.057539+00:00
2026-01-21 21:48:58,058 | INFO | Asset Class Filter: ALL
2026-01-21 21:48:58,058 | INFO | Dry Run: False
2026-01-21 21:48:58,058 | INFO | ======================================================================
2026-01-21 21:48:58,500 | INFO | Found 491 VEGA-attested assets
2026-01-21 21:48:58,500 | INFO | 
============================================================
2026-01-21 21:48:58,501 | INFO | Processing CRYPTO: 46 assets
2026-01-21 21:48:58,501 | INFO | Schedule: Daily 01:00 UTC
2026-01-21 21:48:58,501 | INFO | ============================================================
2026-01-21 21:48:58,501 | INFO | 
  Batch 1/2 (25 assets)
2026-01-21 21:49:02,938 | WARNING |   [GRT-USD] Fetch error: Too Many Requests. Rate limited. Try after a while.
2026-01-21 21:49:05,956 | INFO |   Batch complete, waiting 60s...
2026-01-21 21:50:05,959 | INFO | 
  Batch 2/2 (21 assets)
2026-01-21 21:50:07,936 | WARNING |   [UNI-USD] Fetch error: Too Many Requests. Rate limited. Try after a while.
2026-01-21 21:50:10,958 | INFO | 
============================================================
2026-01-21 21:50:10,959 | INFO | Processing EQUITY: 421 assets
2026-01-21 21:50:10,959 | INFO | Schedule: Weekdays 22:00 UTC
2026-01-21 21:50:10,959 | INFO | ============================================================
2026-01-21 21:50:10,959 | INFO | 
  Batch 1/17 (25 assets)
2026-01-21 21:50:12,403 | WARNING |   [1COV.DE] Fetch error: Too Many Requests. Rate limited. Try after a while.
2026-01-21 21:50:15,470 | INFO |   Batch complete, waiting 60s...
2026-01-21 21:51:15,471 | INFO | 
  Batch 2/17 (25 assets)
2026-01-21 21:51:15,526 | INFO |   Batch complete, waiting 60s...
2026-01-21 21:52:15,528 | INFO | 
  Batch 3/17 (25 assets)
2026-01-21 21:52:20,831 | WARNING |   [BRK.B] Fetch error: Too Many Requests. Rate limited. Try after a while.
2026-01-21 21:52:24,661 | WARNING |   [BT.A.L] Fetch error: Too Many Requests. Rate limited. Try after a while.
2026-01-21 21:52:27,695 | INFO |   Batch complete, waiting 60s...
2026-01-21 21:53:27,696 | INFO | 
  Batch 4/17 (25 assets)
2026-01-21 21:53:29,189 | WARNING |   [CF] Fetch error: Too Many Requests. Rate limited. Try after a while.
2026-01-21 21:53:33,345 | WARNING |   [CHD] Fetch error: Too Many Requests. Rate limited. Try after a while.
2026-01-21 21:53:37,292 | WARNING |   [CHTR] Fetch error: Too Many Requests. Rate limited. Try after a while.
2026-01-21 21:53:41,281 | WARNING |   [CI] Fetch error: Too Many Requests. Rate limited. Try after a while.
2026-01-21 21:53:45,513 | WARNING |   [CL] Fetch error: Too Many Requests. Rate limited. Try after a while.
2026-01-21 21:53:49,578 | WARNING |   [CLX] Fetch error: Too Many Requests. Rate limited. Try after a while.
2026-01-21 21:53:53,782 | WARNING |   [CMCSA] Fetch error: Too Many Requests. Rate limited. Try after a while.
