2025-12-26 17:30:34,171 | INFO | ======================================================================
2025-12-26 17:30:34,171 | INFO | IoS-001 DAILY PRICE INGEST
2025-12-26 17:30:34,171 | INFO | Executor: LINE (EC-004)
2025-12-26 17:30:34,171 | INFO | Authority: CEO_DIRECTIVE_LINE_DAILY_INGEST_ACTIVATION_20251212
2025-12-26 17:30:34,171 | INFO | Time: 2025-12-26T16:30:34.171294+00:00
2025-12-26 17:30:34,171 | INFO | Asset Class Filter: ALL
2025-12-26 17:30:34,171 | INFO | Dry Run: False
2025-12-26 17:30:34,171 | INFO | ======================================================================
2025-12-26 17:30:34,373 | INFO | Found 463 VEGA-attested assets
2025-12-26 17:30:34,373 | INFO | 
============================================================
2025-12-26 17:30:34,373 | INFO | Processing CRYPTO: 45 assets
2025-12-26 17:30:34,373 | INFO | Schedule: Daily 01:00 UTC
2025-12-26 17:30:34,373 | INFO | ============================================================
2025-12-26 17:30:34,373 | INFO | 
  Batch 1/2 (25 assets)
2025-12-26 17:30:34,439 | INFO |   Batch complete, waiting 60s...
2025-12-26 17:31:34,446 | INFO | 
  Batch 2/2 (20 assets)
2025-12-26 17:31:35,831 | INFO | 
============================================================
2025-12-26 17:31:35,831 | INFO | Processing EQUITY: 394 assets
2025-12-26 17:31:35,831 | INFO | Schedule: Weekdays 22:00 UTC
2025-12-26 17:31:35,831 | INFO | ============================================================
2025-12-26 17:31:35,831 | INFO | 
  Batch 1/16 (25 assets)
2025-12-26 17:31:39,575 | WARNING |   [1COV.DE] Fetch error: Too Many Requests. Rate limited. Try after a while.
2025-12-26 17:31:43,865 | WARNING |   [ACA.PA] Fetch error: Too Many Requests. Rate limited. Try after a while.
2025-12-26 17:31:47,767 | WARNING |   [ADS.DE] Fetch error: Too Many Requests. Rate limited. Try after a while.
2025-12-26 17:31:52,091 | WARNING |   [AI.PA] Fetch error: Too Many Requests. Rate limited. Try after a while.
2025-12-26 17:31:55,955 | WARNING |   [AIR.DE] Fetch error: Too Many Requests. Rate limited. Try after a while.
2025-12-26 17:31:59,781 | WARNING |   [AIR.PA] Fetch error: Too Many Requests. Rate limited. Try after a while.
2025-12-26 17:32:04,099 | WARNING |   [AKER.OL] Fetch error: Too Many Requests. Rate limited. Try after a while.
2025-12-26 17:32:08,604 | WARNING |   [AKRBP.OL] Fetch error: Too Many Requests. Rate limited. Try after a while.
2025-12-26 17:32:12,617 | WARNING |   [AKSO.OL] Fetch error: Too Many Requests. Rate limited. Try after a while.
2025-12-26 17:32:16,662 | WARNING |   [AKVA.OL] Fetch error: Too Many Requests. Rate limited. Try after a while.
2025-12-26 17:32:20,929 | WARNING |   [ALO.PA] Fetch error: Too Many Requests. Rate limited. Try after a while.
2025-12-26 17:32:25,383 | WARNING |   [ALV.DE] Fetch error: Too Many Requests. Rate limited. Try after a while.
2025-12-26 17:32:28,390 | INFO |   Batch complete, waiting 60s...
2025-12-26 17:33:28,391 | INFO | 
  Batch 2/16 (25 assets)
2025-12-26 17:33:30,845 | WARNING |   [ATO.PA] Fetch error: Too Many Requests. Rate limited. Try after a while.
2025-12-26 17:33:34,919 | WARNING |   [AUSS.OL] Fetch error: Too Many Requests. Rate limited. Try after a while.
2025-12-26 17:33:38,852 | WARNING |   [AUTO.OL] Fetch error: Too Many Requests. Rate limited. Try after a while.
2025-12-26 17:33:42,810 | WARNING |   [AV.L] Fetch error: Too Many Requests. Rate limited. Try after a while.
2025-12-26 17:33:47,044 | WARNING |   [AZN.L] Fetch error: Too Many Requests. Rate limited. Try after a while.
2025-12-26 17:33:51,265 | WARNING |   [BA.L] Fetch error: Too Many Requests. Rate limited. Try after a while.
2025-12-26 17:33:55,688 | WARNING |   [BAKKA.OL] Fetch error: Too Many Requests. Rate limited. Try after a while.
2025-12-26 17:33:59,463 | WARNING |   [BARC.L] Fetch error: Too Many Requests. Rate limited. Try after a while.
2025-12-26 17:34:03,316 | WARNING |   [BAS.DE] Fetch error: Too Many Requests. Rate limited. Try after a while.
2025-12-26 17:34:07,694 | WARNING |   [BATS.L] Fetch error: Too Many Requests. Rate limited. Try after a while.
2025-12-26 17:34:11,781 | WARNING |   [BAYN.DE] Fetch error: Too Many Requests. Rate limited. Try after a while.
2025-12-26 17:34:15,931 | WARNING |   [BEI.DE] Fetch error: Too Many Requests. Rate limited. Try after a while.
2025-12-26 17:34:20,361 | WARNING |   [BEWI.OL] Fetch error: Too Many Requests. Rate limited. Try after a while.
2025-12-26 17:34:23,368 | INFO |   Batch complete, waiting 60s...
2025-12-26 17:35:23,370 | INFO | 
  Batch 3/16 (25 assets)
2025-12-26 17:35:25,078 | WARNING |   [BHP.L] Fetch error: Too Many Requests. Rate limited. Try after a while.
2025-12-26 17:35:29,169 | WARNING |   [BKNG] Fetch error: Too Many Requests. Rate limited. Try after a while.
