2026-01-17 15:22:30,234 | INFO | ======================================================================
2026-01-17 15:22:30,234 | INFO | IoS-001 DAILY PRICE INGEST
2026-01-17 15:22:30,234 | INFO | Executor: LINE (EC-004)
2026-01-17 15:22:30,234 | INFO | Authority: CEO_DIRECTIVE_LINE_DAILY_INGEST_ACTIVATION_20251212
2026-01-17 15:22:30,234 | INFO | Time: 2026-01-17T14:22:30.234257+00:00
2026-01-17 15:22:30,234 | INFO | Asset Class Filter: ALL
2026-01-17 15:22:30,234 | INFO | Dry Run: False
2026-01-17 15:22:30,234 | INFO | ======================================================================
2026-01-17 15:22:30,494 | INFO | Found 491 VEGA-attested assets
2026-01-17 15:22:30,494 | INFO | 
============================================================
2026-01-17 15:22:30,494 | INFO | Processing CRYPTO: 46 assets
2026-01-17 15:22:30,494 | INFO | Schedule: Daily 01:00 UTC
2026-01-17 15:22:30,495 | INFO | ============================================================
2026-01-17 15:22:30,495 | INFO | 
  Batch 1/2 (25 assets)
2026-01-17 15:22:31,681 | ERROR | $GRT-USD: possibly delisted; no price data found  (1d 2026-01-15 -> 2026-01-18)
2026-01-17 15:22:34,697 | INFO |   Batch complete, waiting 60s...
2026-01-17 15:23:34,706 | INFO | 
  Batch 2/2 (21 assets)
2026-01-17 15:23:34,843 | ERROR | $UNI-USD: possibly delisted; no price data found  (1d 2026-01-08 -> 2026-01-18)
2026-01-17 15:23:37,872 | INFO | 
============================================================
2026-01-17 15:23:37,872 | INFO | Processing EQUITY: 421 assets
2026-01-17 15:23:37,872 | INFO | Schedule: Weekdays 22:00 UTC
2026-01-17 15:23:37,872 | INFO | ============================================================
2026-01-17 15:23:37,872 | INFO |   Market closed for EQUITY today, skipping
2026-01-17 15:23:37,872 | INFO | 
============================================================
2026-01-17 15:23:37,872 | INFO | Processing FX: 24 assets
2026-01-17 15:23:37,872 | INFO | Schedule: Sun-Thu 22:00 UTC
2026-01-17 15:23:37,872 | INFO | ============================================================
2026-01-17 15:23:37,872 | INFO |   Market closed for FX today, skipping
2026-01-17 15:23:37,883 | WARNING | Heartbeat recording failed: relation "fhq_monitoring.system_heartbeats" does not exist
LINE 2:                 INSERT INTO fhq_monitoring.system_heartbeats...
                                    ^

2026-01-17 15:23:37,883 | INFO | 
======================================================================
2026-01-17 15:23:37,883 | INFO | DAILY INGEST COMPLETE
2026-01-17 15:23:37,883 | INFO | ======================================================================
2026-01-17 15:23:37,883 | INFO | Assets Processed: 46
2026-01-17 15:23:37,883 | INFO | Assets Updated:   0
2026-01-17 15:23:37,883 | INFO | Rows Inserted:    0
2026-01-17 15:23:37,883 | INFO |   CRYPTO: 0 assets, 0 rows
2026-01-17 15:23:37,883 | INFO | Evidence: C:\fhq-market-system\vision-ios\03_FUNCTIONS\evidence\IOS001_DAILY_INGEST_4c523be1_20260117_152337.json
2026-01-17 15:23:37,883 | INFO | ======================================================================
