2026-02-02 15:18:12,301 | INFO | ======================================================================
2026-02-02 15:18:12,301 | INFO | IoS-001 DAILY PRICE INGEST
2026-02-02 15:18:12,301 | INFO | Executor: LINE (EC-004)
2026-02-02 15:18:12,301 | INFO | Authority: CEO_DIRECTIVE_LINE_DAILY_INGEST_ACTIVATION_20251212
2026-02-02 15:18:12,301 | INFO | Time: 2026-02-02T14:18:12.301692+00:00
2026-02-02 15:18:12,301 | INFO | Asset Class Filter: ALL
2026-02-02 15:18:12,301 | INFO | Dry Run: False
2026-02-02 15:18:12,301 | INFO | ======================================================================
2026-02-02 15:18:12,688 | INFO | Found 491 VEGA-attested assets
2026-02-02 15:18:12,688 | INFO | 
============================================================
2026-02-02 15:18:12,688 | INFO | Processing CRYPTO: 46 assets
2026-02-02 15:18:12,688 | INFO | Schedule: Daily 01:00 UTC
2026-02-02 15:18:12,688 | INFO | ============================================================
2026-02-02 15:18:12,689 | INFO | 
  Batch 1/2 (25 assets)
2026-02-02 15:18:15,818 | WARNING |   [GRT-USD] Fetch error: Too Many Requests. Rate limited. Try after a while.
2026-02-02 15:18:18,860 | INFO |   Batch complete, waiting 60s...
2026-02-02 15:19:18,869 | INFO | 
  Batch 2/2 (21 assets)
2026-02-02 15:19:20,793 | WARNING |   [UNI-USD] Fetch error: Too Many Requests. Rate limited. Try after a while.
2026-02-02 15:19:23,808 | INFO | 
============================================================
2026-02-02 15:19:23,815 | INFO | Processing EQUITY: 421 assets
2026-02-02 15:19:23,815 | INFO | Schedule: Weekdays 22:00 UTC
2026-02-02 15:19:23,815 | INFO | ============================================================
2026-02-02 15:19:23,815 | INFO | 
  Batch 1/17 (25 assets)
2026-02-02 15:19:24,854 | WARNING |   [1COV.DE] Fetch error: Too Many Requests. Rate limited. Try after a while.
2026-02-02 15:19:29,216 | WARNING |   [ABBV] Fetch error: Too Many Requests. Rate limited. Try after a while.
2026-02-02 15:19:33,555 | WARNING |   [ABNB] Fetch error: Too Many Requests. Rate limited. Try after a while.
2026-02-02 15:19:37,506 | WARNING |   [ABT] Fetch error: Too Many Requests. Rate limited. Try after a while.
2026-02-02 15:19:42,044 | WARNING |   [ADBE] Fetch error: Too Many Requests. Rate limited. Try after a while.
2026-02-02 15:19:46,114 | WARNING |   [ADI] Fetch error: Too Many Requests. Rate limited. Try after a while.
2026-02-02 15:19:50,194 | WARNING |   [ADSK] Fetch error: Too Many Requests. Rate limited. Try after a while.
2026-02-02 15:19:54,467 | WARNING |   [AEP] Fetch error: Too Many Requests. Rate limited. Try after a while.
2026-02-02 15:19:58,650 | WARNING |   [AFL] Fetch error: Too Many Requests. Rate limited. Try after a while.
2026-02-02 15:20:02,752 | WARNING |   [AIG] Fetch error: Too Many Requests. Rate limited. Try after a while.
2026-02-02 15:20:06,832 | WARNING |   [AKAM] Fetch error: Too Many Requests. Rate limited. Try after a while.
2026-02-02 15:20:10,971 | WARNING |   [ALB] Fetch error: Too Many Requests. Rate limited. Try after a while.
2026-02-02 15:20:14,995 | WARNING |   [ALL] Fetch error: Too Many Requests. Rate limited. Try after a while.
2026-02-02 15:20:19,077 | WARNING |   [AMAT] Fetch error: Too Many Requests. Rate limited. Try after a while.
2026-02-02 15:20:22,082 | INFO |   Batch complete, waiting 60s...
2026-02-02 15:21:22,084 | INFO | 
  Batch 2/17 (25 assets)
2026-02-02 15:21:23,578 | WARNING |   [AMD] Fetch error: Too Many Requests. Rate limited. Try after a while.
2026-02-02 15:21:27,485 | WARNING |   [AMGN] Fetch error: Too Many Requests. Rate limited. Try after a while.
2026-02-02 15:21:31,941 | WARNING |   [AMT] Fetch error: Too Many Requests. Rate limited. Try after a while.
2026-02-02 15:21:36,071 | WARNING |   [AMZN] Fetch error: Too Many Requests. Rate limited. Try after a while.
2026-02-02 15:21:40,291 | WARNING |   [AON] Fetch error: Too Many Requests. Rate limited. Try after a while.
2026-02-02 15:21:44,293 | WARNING |   [APD] Fetch error: Too Many Requests. Rate limited. Try after a while.
2026-02-02 15:21:48,604 | WARNING |   [ASML] Fetch error: Too Many Requests. Rate limited. Try after a while.
2026-02-02 15:21:52,615 | WARNING |   [AVB] Fetch error: Too Many Requests. Rate limited. Try after a while.
2026-02-02 15:21:56,546 | WARNING |   [AVGO] Fetch error: Too Many Requests. Rate limited. Try after a while.
2026-02-02 15:22:00,699 | WARNING |   [AWK] Fetch error: Too Many Requests. Rate limited. Try after a while.
2026-02-02 15:22:04,851 | WARNING |   [AXP] Fetch error: Too Many Requests. Rate limited. Try after a while.
2026-02-02 15:22:09,322 | WARNING |   [AZO] Fetch error: Too Many Requests. Rate limited. Try after a while.
2026-02-02 15:22:13,819 | WARNING |   [BA] Fetch error: Too Many Requests. Rate limited. Try after a while.
2026-02-02 15:22:18,207 | WARNING |   [BAC] Fetch error: Too Many Requests. Rate limited. Try after a while.
2026-02-02 15:22:21,219 | INFO |   Batch complete, waiting 60s...
