2026-01-31 08:58:15,585 | INFO | ======================================================================
2026-01-31 08:58:15,585 | INFO | IoS-001 DAILY PRICE INGEST
2026-01-31 08:58:15,585 | INFO | Executor: LINE (EC-004)
2026-01-31 08:58:15,585 | INFO | Authority: CEO_DIRECTIVE_LINE_DAILY_INGEST_ACTIVATION_20251212
2026-01-31 08:58:15,585 | INFO | Time: 2026-01-31T07:58:15.585299+00:00
2026-01-31 08:58:15,585 | INFO | Asset Class Filter: ALL
2026-01-31 08:58:15,585 | INFO | Dry Run: False
2026-01-31 08:58:15,585 | INFO | ======================================================================
2026-01-31 08:58:16,046 | INFO | Found 491 VEGA-attested assets
2026-01-31 08:58:16,046 | INFO | 
============================================================
2026-01-31 08:58:16,046 | INFO | Processing CRYPTO: 46 assets
2026-01-31 08:58:16,046 | INFO | Schedule: Daily 01:00 UTC
2026-01-31 08:58:16,046 | INFO | ============================================================
2026-01-31 08:58:16,046 | INFO | 
  Batch 1/2 (25 assets)
2026-01-31 08:58:18,715 | WARNING |   [GRT-USD] Fetch error: Too Many Requests. Rate limited. Try after a while.
2026-01-31 08:58:21,726 | INFO |   Batch complete, waiting 60s...
2026-01-31 08:59:21,732 | INFO | 
  Batch 2/2 (21 assets)
2026-01-31 08:59:22,801 | WARNING |   [UNI-USD] Fetch error: Too Many Requests. Rate limited. Try after a while.
2026-01-31 08:59:25,822 | INFO | 
============================================================
2026-01-31 08:59:25,822 | INFO | Processing EQUITY: 421 assets
2026-01-31 08:59:25,822 | INFO | Schedule: Weekdays 22:00 UTC
2026-01-31 08:59:25,822 | INFO | ============================================================
2026-01-31 08:59:25,822 | INFO |   Market closed for EQUITY today, skipping
2026-01-31 08:59:25,822 | INFO | 
============================================================
2026-01-31 08:59:25,822 | INFO | Processing FX: 24 assets
2026-01-31 08:59:25,822 | INFO | Schedule: Sun-Thu 22:00 UTC
2026-01-31 08:59:25,822 | INFO | ============================================================
2026-01-31 08:59:25,822 | INFO |   Market closed for FX today, skipping
2026-01-31 08:59:25,838 | WARNING | Heartbeat recording failed: relation "fhq_monitoring.system_heartbeats" does not exist
LINE 2:                 INSERT INTO fhq_monitoring.system_heartbeats...
                                    ^

2026-01-31 08:59:25,838 | INFO | 
======================================================================
2026-01-31 08:59:25,838 | INFO | DAILY INGEST COMPLETE
2026-01-31 08:59:25,838 | INFO | ======================================================================
2026-01-31 08:59:25,838 | INFO | Assets Processed: 46
2026-01-31 08:59:25,838 | INFO | Assets Updated:   0
2026-01-31 08:59:25,838 | INFO | Rows Inserted:    0
2026-01-31 08:59:25,838 | INFO |   CRYPTO: 0 assets, 0 rows
2026-01-31 08:59:25,838 | INFO | Evidence: C:\fhq-market-system\vision-ios\03_FUNCTIONS\evidence\IOS001_DAILY_INGEST_5b2a0499_20260131_085925.json
2026-01-31 08:59:25,838 | INFO | ======================================================================
