2026-02-12 04:09:57,186 | INFO | ======================================================================
2026-02-12 04:09:57,186 | INFO | IoS-001 DAILY PRICE INGEST
2026-02-12 04:09:57,186 | INFO | Executor: LINE (EC-004)
2026-02-12 04:09:57,186 | INFO | Authority: CEO_DIRECTIVE_LINE_DAILY_INGEST_ACTIVATION_20251212
2026-02-12 04:09:57,186 | INFO | Amendment: CEO-DIR-2026-119 (Rate Limit Mitigation)
2026-02-12 04:09:57,187 | INFO | Time: 2026-02-12T03:09:57.187127+00:00
2026-02-12 04:09:57,187 | INFO | Asset Class Filter: ALL
2026-02-12 04:09:57,187 | INFO | Batch Mode: True
2026-02-12 04:09:57,187 | INFO | Dry Run: False
2026-02-12 04:09:57,187 | INFO | ======================================================================
2026-02-12 04:09:57,463 | INFO | Found 491 VEGA-attested assets
2026-02-12 04:09:57,463 | INFO | 
============================================================
2026-02-12 04:09:57,464 | INFO | Processing CRYPTO: 46 assets
2026-02-12 04:09:57,464 | INFO | Schedule: Daily 01:00 UTC
2026-02-12 04:09:57,464 | INFO | ============================================================
2026-02-12 04:09:57,464 | INFO |   Using BATCH MODE (CEO-DIR-2026-119)
2026-02-12 04:09:57,464 | INFO | 
  Batch 1/5 (10 tickers)
2026-02-12 04:09:57,494 | INFO |     All assets up to date
2026-02-12 04:09:57,494 | INFO | 
  Batch 2/5 (10 tickers)
2026-02-12 04:09:57,524 | INFO |     Batch download: 1 tickers
2026-02-12 04:10:00,788 | ERROR | 
1 Failed download:
2026-02-12 04:10:00,789 | ERROR | ['GRT-USD']: YFRateLimitError('Too Many Requests. Rate limited. Try after a while.')
2026-02-12 04:10:00,797 | INFO |   Batch complete, waiting 120s...
2026-02-12 04:12:00,799 | INFO | 
  Batch 3/5 (10 tickers)
2026-02-12 04:12:00,874 | INFO |     All assets up to date
2026-02-12 04:12:00,874 | INFO | 
  Batch 4/5 (10 tickers)
2026-02-12 04:12:00,914 | INFO |     Batch download: 3 tickers
2026-02-12 04:12:05,821 | ERROR | 
3 Failed downloads:
2026-02-12 04:12:05,821 | ERROR | ['UNI-USD', 'SHIB-USD', 'SOL-USD']: YFRateLimitError('Too Many Requests. Rate limited. Try after a while.')
2026-02-12 04:12:05,831 | INFO |   Batch complete, waiting 120s...
2026-02-12 04:14:05,839 | INFO | 
  Batch 5/5 (6 tickers)
2026-02-12 04:14:05,886 | INFO |     Batch download: 3 tickers
2026-02-12 04:14:10,528 | ERROR | 
3 Failed downloads:
2026-02-12 04:14:10,529 | ERROR | ['XRP-USD', 'XTZ-USD', 'AAVE-USD']: YFRateLimitError('Too Many Requests. Rate limited. Try after a while.')
2026-02-12 04:14:10,538 | INFO | 
============================================================
2026-02-12 04:14:10,538 | INFO | Processing EQUITY: 421 assets
2026-02-12 04:14:10,539 | INFO | Schedule: Weekdays 22:00 UTC
2026-02-12 04:14:10,539 | INFO | ============================================================
2026-02-12 04:14:10,540 | INFO |   Using BATCH MODE (CEO-DIR-2026-119)
2026-02-12 04:14:10,540 | INFO | 
  Batch 1/43 (10 tickers)
2026-02-12 04:14:10,591 | INFO |     Batch download: 10 tickers
2026-02-12 04:14:21,360 | ERROR | 
10 Failed downloads:
2026-02-12 04:14:21,360 | ERROR | ['AEP', 'ABNB', 'ADBE', 'ADSK', 'ACA.PA', 'ABBV', '1COV.DE', 'ADS.DE', 'ABT', 'ADI']: YFRateLimitError('Too Many Requests. Rate limited. Try after a while.')
2026-02-12 04:14:21,369 | INFO |   Batch complete, waiting 120s...
