2026-02-10 23:59:08,221 | INFO | ======================================================================
2026-02-10 23:59:08,223 | INFO | IoS-001 DAILY PRICE INGEST
2026-02-10 23:59:08,223 | INFO | Executor: LINE (EC-004)
2026-02-10 23:59:08,223 | INFO | Authority: CEO_DIRECTIVE_LINE_DAILY_INGEST_ACTIVATION_20251212
2026-02-10 23:59:08,223 | INFO | Amendment: CEO-DIR-2026-119 (Rate Limit Mitigation)
2026-02-10 23:59:08,223 | INFO | Time: 2026-02-10T22:59:08.223847+00:00
2026-02-10 23:59:08,223 | INFO | Asset Class Filter: ALL
2026-02-10 23:59:08,223 | INFO | Batch Mode: True
2026-02-10 23:59:08,224 | INFO | Dry Run: False
2026-02-10 23:59:08,224 | INFO | ======================================================================
2026-02-10 23:59:08,649 | INFO | Found 491 VEGA-attested assets
2026-02-10 23:59:08,649 | INFO | 
============================================================
2026-02-10 23:59:08,649 | INFO | Processing CRYPTO: 46 assets
2026-02-10 23:59:08,649 | INFO | Schedule: Daily 01:00 UTC
2026-02-10 23:59:08,649 | INFO | ============================================================
2026-02-10 23:59:08,649 | INFO |   Using BATCH MODE (CEO-DIR-2026-119)
2026-02-10 23:59:08,649 | INFO | 
  Batch 1/5 (10 tickers)
2026-02-10 23:59:08,680 | INFO |     All assets up to date
2026-02-10 23:59:08,681 | INFO | 
  Batch 2/5 (10 tickers)
2026-02-10 23:59:08,707 | INFO |     Batch download: 1 tickers
2026-02-10 23:59:12,203 | ERROR | 
1 Failed download:
2026-02-10 23:59:12,203 | ERROR | ['GRT-USD']: YFRateLimitError('Too Many Requests. Rate limited. Try after a while.')
2026-02-10 23:59:12,216 | INFO |   Batch complete, waiting 120s...
2026-02-11 00:01:12,224 | INFO | 
  Batch 3/5 (10 tickers)
2026-02-11 00:01:12,272 | INFO |     Batch download: 10 tickers
2026-02-11 00:01:23,785 | ERROR | 
10 Failed downloads:
2026-02-11 00:01:23,785 | ERROR | ['MANA-USD', 'LDO-USD', 'MKR-USD', 'NEAR-USD', 'OKB-USD', 'LINK-USD', 'LTC-USD', 'INJ-USD', 'ICP-USD', 'QNT-USD']: YFRateLimitError('Too Many Requests. Rate limited. Try after a while.')
2026-02-11 00:01:23,785 | INFO |   Batch complete, waiting 120s...
2026-02-11 00:03:23,790 | INFO | 
  Batch 4/5 (10 tickers)
2026-02-11 00:03:23,847 | INFO |     Batch download: 10 tickers
2026-02-11 00:03:38,305 | ERROR | 
10 Failed downloads:
2026-02-11 00:03:38,305 | ERROR | ['SAND-USD', 'UNI-USD', 'THETA-USD', 'TRX-USD', 'RPL-USD', 'SHIB-USD', 'RUNE-USD', 'SOL-USD', 'VET-USD', 'SNX-USD']: YFRateLimitError('Too Many Requests. Rate limited. Try after a while.')
2026-02-11 00:03:38,318 | INFO |   Batch complete, waiting 120s...
