2026-02-18 18:18:06,450 | INFO | ======================================================================
2026-02-18 18:18:06,451 | INFO | IoS-001 DAILY PRICE INGEST
2026-02-18 18:18:06,451 | INFO | Executor: LINE (EC-004)
2026-02-18 18:18:06,451 | INFO | Authority: CEO_DIRECTIVE_LINE_DAILY_INGEST_ACTIVATION_20251212
2026-02-18 18:18:06,452 | INFO | Amendment: CEO-DIR-2026-119 (Rate Limit Mitigation)
2026-02-18 18:18:06,452 | INFO | Time: 2026-02-18T17:18:06.452034+00:00
2026-02-18 18:18:06,452 | INFO | Asset Class Filter: ALL
2026-02-18 18:18:06,452 | INFO | Batch Mode: True
2026-02-18 18:18:06,455 | INFO | Dry Run: False
2026-02-18 18:18:06,455 | INFO | ======================================================================
2026-02-18 18:18:07,071 | INFO | Found 491 VEGA-attested assets
2026-02-18 18:18:07,071 | INFO | 
============================================================
2026-02-18 18:18:07,071 | INFO | Processing CRYPTO: 46 assets
2026-02-18 18:18:07,072 | INFO | Schedule: Daily 01:00 UTC
2026-02-18 18:18:07,072 | INFO | ============================================================
2026-02-18 18:18:07,072 | INFO |   Using BATCH MODE (CEO-DIR-2026-119)
2026-02-18 18:18:07,072 | INFO | 
  Batch 1/5 (10 tickers)
2026-02-18 18:18:07,118 | INFO |     All assets up to date
2026-02-18 18:18:07,118 | INFO | 
  Batch 2/5 (10 tickers)
2026-02-18 18:18:07,153 | INFO |     Batch download: 1 tickers
2026-02-18 18:18:12,689 | ERROR | 
1 Failed download:
2026-02-18 18:18:12,689 | ERROR | ['GRT-USD']: YFRateLimitError('Too Many Requests. Rate limited. Try after a while.')
2026-02-18 18:18:12,714 | INFO |   Batch complete, waiting 120s...
2026-02-18 18:20:12,715 | INFO | 
  Batch 3/5 (10 tickers)
2026-02-18 18:20:12,769 | INFO |     Batch download: 1 tickers
2026-02-18 18:20:17,378 | ERROR | 
1 Failed download:
2026-02-18 18:20:17,378 | ERROR | ['LDO-USD']: YFRateLimitError('Too Many Requests. Rate limited. Try after a while.')
2026-02-18 18:20:17,382 | INFO |   Batch complete, waiting 120s...
2026-02-18 18:22:17,383 | INFO | 
  Batch 4/5 (10 tickers)
2026-02-18 18:22:17,411 | INFO |     Batch download: 2 tickers
2026-02-18 18:22:21,708 | ERROR | 
2 Failed downloads:
2026-02-18 18:22:21,708 | ERROR | ['SOL-USD', 'UNI-USD']: YFRateLimitError('Too Many Requests. Rate limited. Try after a while.')
2026-02-18 18:22:21,708 | INFO |   Batch complete, waiting 120s...
