2026-02-08 17:02:16,412 | INFO | ======================================================================
2026-02-08 17:02:16,412 | INFO | IoS-001 DAILY PRICE INGEST
2026-02-08 17:02:16,412 | INFO | Executor: LINE (EC-004)
2026-02-08 17:02:16,412 | INFO | Authority: CEO_DIRECTIVE_LINE_DAILY_INGEST_ACTIVATION_20251212
2026-02-08 17:02:16,412 | INFO | Amendment: CEO-DIR-2026-119 (Rate Limit Mitigation)
2026-02-08 17:02:16,412 | INFO | Time: 2026-02-08T16:02:16.412649+00:00
2026-02-08 17:02:16,412 | INFO | Asset Class Filter: ALL
2026-02-08 17:02:16,412 | INFO | Batch Mode: True
2026-02-08 17:02:16,412 | INFO | Dry Run: False
2026-02-08 17:02:16,412 | INFO | ======================================================================
2026-02-08 17:02:16,780 | INFO | Found 491 VEGA-attested assets
2026-02-08 17:02:16,780 | INFO | 
============================================================
2026-02-08 17:02:16,780 | INFO | Processing CRYPTO: 46 assets
2026-02-08 17:02:16,780 | INFO | Schedule: Daily 01:00 UTC
2026-02-08 17:02:16,780 | INFO | ============================================================
2026-02-08 17:02:16,780 | INFO |   Using BATCH MODE (CEO-DIR-2026-119)
2026-02-08 17:02:16,780 | INFO | 
  Batch 1/5 (10 tickers)
2026-02-08 17:02:16,801 | INFO |     All assets up to date
2026-02-08 17:02:16,801 | INFO | 
  Batch 2/5 (10 tickers)
2026-02-08 17:02:16,801 | INFO |     Batch download: 1 tickers
2026-02-08 17:02:19,528 | ERROR | 
1 Failed download:
2026-02-08 17:02:19,528 | ERROR | ['GRT-USD']: YFRateLimitError('Too Many Requests. Rate limited. Try after a while.')
2026-02-08 17:02:19,559 | INFO |   Batch complete, waiting 120s...
2026-02-08 17:04:19,568 | INFO | 
  Batch 3/5 (10 tickers)
2026-02-08 17:04:19,715 | INFO |     All assets up to date
2026-02-08 17:04:19,715 | INFO | 
  Batch 4/5 (10 tickers)
2026-02-08 17:04:19,857 | INFO |     Batch download: 1 tickers
2026-02-08 17:04:24,207 | ERROR | 
1 Failed download:
2026-02-08 17:04:24,207 | ERROR | ['UNI-USD']: YFRateLimitError('Too Many Requests. Rate limited. Try after a while.')
2026-02-08 17:04:24,217 | INFO |   Batch complete, waiting 120s...
2026-02-08 17:06:24,218 | INFO | 
  Batch 5/5 (6 tickers)
2026-02-08 17:06:24,247 | INFO |     All assets up to date
2026-02-08 17:06:24,247 | INFO | 
============================================================
2026-02-08 17:06:24,247 | INFO | Processing EQUITY: 421 assets
2026-02-08 17:06:24,247 | INFO | Schedule: Weekdays 22:00 UTC
2026-02-08 17:06:24,247 | INFO | ============================================================
2026-02-08 17:06:24,247 | INFO |   Market closed for EQUITY today, skipping
2026-02-08 17:06:24,247 | INFO | 
============================================================
2026-02-08 17:06:24,247 | INFO | Processing FX: 24 assets
2026-02-08 17:06:24,247 | INFO | Schedule: Sun-Thu 22:00 UTC
2026-02-08 17:06:24,247 | INFO | ============================================================
2026-02-08 17:06:24,247 | INFO |   Using BATCH MODE (CEO-DIR-2026-119)
2026-02-08 17:06:24,247 | INFO | 
  Batch 1/3 (10 tickers)
2026-02-08 17:06:24,267 | INFO |     Batch download: 9 tickers
2026-02-08 17:06:36,160 | ERROR | 
9 Failed downloads:
2026-02-08 17:06:36,160 | ERROR | ['EURAUD=X', 'AUDJPY=X', 'EURNOK=X', 'CHFJPY=X', 'EURJPY=X', 'EURGBP=X', 'EURCHF=X', 'EURSEK=X', 'CADJPY=X']: YFRateLimitError('Too Many Requests. Rate limited. Try after a while.')
2026-02-08 17:06:36,170 | INFO |   Batch complete, waiting 120s...
