2026-01-04 11:18:52,979 | INFO | ======================================================================
2026-01-04 11:18:52,979 | INFO | IoS-001 DAILY PRICE INGEST
2026-01-04 11:18:52,979 | INFO | Executor: LINE (EC-004)
2026-01-04 11:18:52,980 | INFO | Authority: CEO_DIRECTIVE_LINE_DAILY_INGEST_ACTIVATION_20251212
2026-01-04 11:18:52,980 | INFO | Time: 2026-01-04T10:18:52.980279+00:00
2026-01-04 11:18:52,980 | INFO | Asset Class Filter: ALL
2026-01-04 11:18:52,980 | INFO | Dry Run: False
2026-01-04 11:18:52,980 | INFO | ======================================================================
2026-01-04 11:18:53,231 | INFO | Found 491 VEGA-attested assets
2026-01-04 11:18:53,231 | INFO | 
============================================================
2026-01-04 11:18:53,232 | INFO | Processing CRYPTO: 46 assets
2026-01-04 11:18:53,232 | INFO | Schedule: Daily 01:00 UTC
2026-01-04 11:18:53,232 | INFO | ============================================================
2026-01-04 11:18:53,232 | INFO | 
  Batch 1/2 (25 assets)
2026-01-04 11:18:54,346 | ERROR | $GRT-USD: possibly delisted; no price data found  (1d 2026-01-04 -> 2026-01-05)
2026-01-04 11:18:57,353 | INFO |   Batch complete, waiting 60s...
2026-01-04 11:19:57,354 | INFO | 
  Batch 2/2 (21 assets)
2026-01-04 11:19:57,489 | ERROR | $UNI-USD: possibly delisted; no price data found  (1d 2025-12-31 -> 2026-01-05)
2026-01-04 11:20:00,507 | INFO | 
============================================================
2026-01-04 11:20:00,507 | INFO | Processing EQUITY: 421 assets
2026-01-04 11:20:00,507 | INFO | Schedule: Weekdays 22:00 UTC
2026-01-04 11:20:00,508 | INFO | ============================================================
2026-01-04 11:20:00,508 | INFO |   Market closed for EQUITY today, skipping
2026-01-04 11:20:00,508 | INFO | 
============================================================
2026-01-04 11:20:00,508 | INFO | Processing FX: 24 assets
2026-01-04 11:20:00,508 | INFO | Schedule: Sun-Thu 22:00 UTC
2026-01-04 11:20:00,508 | INFO | ============================================================
2026-01-04 11:20:00,508 | INFO | 
  Batch 1/1 (24 assets)
2026-01-04 11:20:00,738 | INFO |     [AUDJPY=X] +1 rows
2026-01-04 11:20:03,839 | INFO |     [AUDUSD=X] +1 rows
2026-01-04 11:20:06,940 | INFO |     [CADJPY=X] +1 rows
2026-01-04 11:20:10,035 | INFO |     [CHFJPY=X] +1 rows
2026-01-04 11:20:13,286 | INFO |     [EURAUD=X] +1 rows
2026-01-04 11:20:16,378 | INFO |     [EURCHF=X] +1 rows
2026-01-04 11:20:19,473 | INFO |     [EURGBP=X] +1 rows
2026-01-04 11:20:22,564 | INFO |     [EURJPY=X] +1 rows
2026-01-04 11:20:25,663 | INFO |     [EURNOK=X] +1 rows
2026-01-04 11:20:28,757 | INFO |     [EURSEK=X] +1 rows
2026-01-04 11:20:31,845 | INFO |     [EURUSD=X] +1 rows
2026-01-04 11:20:34,949 | INFO |     [GBPJPY=X] +1 rows
2026-01-04 11:20:38,051 | INFO |     [NZDUSD=X] +1 rows
2026-01-04 11:20:41,161 | INFO |     [USDCAD=X] +1 rows
2026-01-04 11:20:44,260 | INFO |     [USDCHF=X] +1 rows
2026-01-04 11:20:47,360 | INFO |     [USDHKD=X] +1 rows
2026-01-04 11:20:50,476 | INFO |     [USDJPY=X] +1 rows
2026-01-04 11:20:53,575 | INFO |     [USDMXN=X] +1 rows
2026-01-04 11:20:56,677 | INFO |     [USDNOK=X] +1 rows
2026-01-04 11:20:59,793 | INFO |     [USDSEK=X] +1 rows
2026-01-04 11:21:02,928 | INFO |     [USDSGD=X] +1 rows
2026-01-04 11:21:06,045 | INFO |     [USDTRY=X] +1 rows
2026-01-04 11:21:09,140 | INFO |     [USDZAR=X] +1 rows
2026-01-04 11:21:12,150 | WARNING | Heartbeat recording failed: relation "fhq_monitoring.system_heartbeats" does not exist
LINE 2:                 INSERT INTO fhq_monitoring.system_heartbeats...
                                    ^

2026-01-04 11:21:12,158 | INFO | 
======================================================================
2026-01-04 11:21:12,159 | INFO | DAILY INGEST COMPLETE
2026-01-04 11:21:12,159 | INFO | ======================================================================
2026-01-04 11:21:12,159 | INFO | Assets Processed: 70
2026-01-04 11:21:12,159 | INFO | Assets Updated:   23
2026-01-04 11:21:12,159 | INFO | Rows Inserted:    23
2026-01-04 11:21:12,159 | INFO |   CRYPTO: 0 assets, 0 rows
2026-01-04 11:21:12,159 | INFO |   FX: 23 assets, 23 rows
2026-01-04 11:21:12,159 | INFO | Evidence: C:\fhq-market-system\vision-ios\03_FUNCTIONS\evidence\IOS001_DAILY_INGEST_3af2205e_20260104_112112.json
2026-01-04 11:21:12,159 | INFO | ======================================================================
