2026-01-17 23:32:19,143 | INFO | ======================================================================
2026-01-17 23:32:19,143 | INFO | IoS-001 DAILY PRICE INGEST
2026-01-17 23:32:19,143 | INFO | Executor: LINE (EC-004)
2026-01-17 23:32:19,143 | INFO | Authority: CEO_DIRECTIVE_LINE_DAILY_INGEST_ACTIVATION_20251212
2026-01-17 23:32:19,143 | INFO | Time: 2026-01-17T22:32:19.143069+00:00
2026-01-17 23:32:19,143 | INFO | Asset Class Filter: ALL
2026-01-17 23:32:19,143 | INFO | Dry Run: False
2026-01-17 23:32:19,143 | INFO | ======================================================================
2026-01-17 23:32:19,532 | INFO | Found 491 VEGA-attested assets
2026-01-17 23:32:19,532 | INFO | 
============================================================
2026-01-17 23:32:19,532 | INFO | Processing CRYPTO: 46 assets
2026-01-17 23:32:19,532 | INFO | Schedule: Daily 01:00 UTC
2026-01-17 23:32:19,533 | INFO | ============================================================
2026-01-17 23:32:19,533 | INFO | 
  Batch 1/2 (25 assets)
2026-01-17 23:32:19,558 | INFO |   Batch complete, waiting 60s...
2026-01-17 23:33:19,563 | INFO | 
  Batch 2/2 (21 assets)
2026-01-17 23:33:22,946 | WARNING |   [UNI-USD] Fetch error: Too Many Requests. Rate limited. Try after a while.
2026-01-17 23:33:25,957 | INFO | 
============================================================
2026-01-17 23:33:25,957 | INFO | Processing EQUITY: 421 assets
2026-01-17 23:33:25,957 | INFO | Schedule: Weekdays 22:00 UTC
2026-01-17 23:33:25,957 | INFO | ============================================================
2026-01-17 23:33:25,957 | INFO |   Market closed for EQUITY today, skipping
2026-01-17 23:33:25,957 | INFO | 
============================================================
2026-01-17 23:33:25,957 | INFO | Processing FX: 24 assets
2026-01-17 23:33:25,957 | INFO | Schedule: Sun-Thu 22:00 UTC
2026-01-17 23:33:25,957 | INFO | ============================================================
2026-01-17 23:33:25,957 | INFO |   Market closed for FX today, skipping
2026-01-17 23:33:25,969 | WARNING | Heartbeat recording failed: relation "fhq_monitoring.system_heartbeats" does not exist
LINE 2:                 INSERT INTO fhq_monitoring.system_heartbeats...
                                    ^

2026-01-17 23:33:25,969 | INFO | 
======================================================================
2026-01-17 23:33:25,969 | INFO | DAILY INGEST COMPLETE
2026-01-17 23:33:25,969 | INFO | ======================================================================
2026-01-17 23:33:25,969 | INFO | Assets Processed: 46
2026-01-17 23:33:25,969 | INFO | Assets Updated:   0
2026-01-17 23:33:25,969 | INFO | Rows Inserted:    0
2026-01-17 23:33:25,969 | INFO |   CRYPTO: 0 assets, 0 rows
2026-01-17 23:33:25,969 | INFO | Evidence: C:\fhq-market-system\vision-ios\03_FUNCTIONS\evidence\IOS001_DAILY_INGEST_58f2d502_20260117_233325.json
2026-01-17 23:33:25,969 | INFO | ======================================================================
