2026-01-27 20:54:27,412 | INFO | ======================================================================
2026-01-27 20:54:27,412 | INFO | IoS-001 DAILY PRICE INGEST
2026-01-27 20:54:27,412 | INFO | Executor: LINE (EC-004)
2026-01-27 20:54:27,412 | INFO | Authority: CEO_DIRECTIVE_LINE_DAILY_INGEST_ACTIVATION_20251212
2026-01-27 20:54:27,412 | INFO | Time: 2026-01-27T19:54:27.412319+00:00
2026-01-27 20:54:27,412 | INFO | Asset Class Filter: ALL
2026-01-27 20:54:27,412 | INFO | Dry Run: False
2026-01-27 20:54:27,412 | INFO | ======================================================================
2026-01-27 20:54:27,750 | INFO | Found 491 VEGA-attested assets
2026-01-27 20:54:27,751 | INFO | 
============================================================
2026-01-27 20:54:27,752 | INFO | Processing CRYPTO: 46 assets
2026-01-27 20:54:27,752 | INFO | Schedule: Daily 01:00 UTC
2026-01-27 20:54:27,752 | INFO | ============================================================
2026-01-27 20:54:27,752 | INFO | 
  Batch 1/2 (25 assets)
2026-01-27 20:54:32,321 | WARNING |   [GRT-USD] Fetch error: Too Many Requests. Rate limited. Try after a while.
2026-01-27 20:54:35,331 | INFO |   Batch complete, waiting 60s...
2026-01-27 20:55:35,333 | INFO | 
  Batch 2/2 (21 assets)
2026-01-27 20:55:37,499 | WARNING |   [UNI-USD] Fetch error: Too Many Requests. Rate limited. Try after a while.
2026-01-27 20:55:40,524 | INFO | 
============================================================
2026-01-27 20:55:40,524 | INFO | Processing EQUITY: 421 assets
2026-01-27 20:55:40,524 | INFO | Schedule: Weekdays 22:00 UTC
2026-01-27 20:55:40,524 | INFO | ============================================================
2026-01-27 20:55:40,525 | INFO | 
  Batch 1/17 (25 assets)
2026-01-27 20:55:41,946 | WARNING |   [1COV.DE] Fetch error: Too Many Requests. Rate limited. Try after a while.
2026-01-27 20:55:45,027 | INFO |   Batch complete, waiting 60s...
2026-01-27 20:56:45,029 | INFO | 
  Batch 2/17 (25 assets)
2026-01-27 20:56:45,097 | INFO |   Batch complete, waiting 60s...
2026-01-27 20:57:45,098 | INFO | 
  Batch 3/17 (25 assets)
2026-01-27 20:57:49,917 | WARNING |   [BRK.B] Fetch error: Too Many Requests. Rate limited. Try after a while.
2026-01-27 20:57:54,081 | WARNING |   [BT.A.L] Fetch error: Too Many Requests. Rate limited. Try after a while.
2026-01-27 20:57:57,113 | INFO |   Batch complete, waiting 60s...
2026-01-27 20:58:57,117 | INFO | 
  Batch 4/17 (25 assets)
2026-01-27 20:58:59,090 | WARNING |   [CVS] Fetch error: Too Many Requests. Rate limited. Try after a while.
2026-01-27 20:59:03,557 | WARNING |   [CVX] Fetch error: Too Many Requests. Rate limited. Try after a while.
2026-01-27 20:59:07,974 | WARNING |   [D] Fetch error: Too Many Requests. Rate limited. Try after a while.
2026-01-27 20:59:12,493 | WARNING |   [DAL] Fetch error: Too Many Requests. Rate limited. Try after a while.
2026-01-27 20:59:15,495 | INFO |   Batch complete, waiting 60s...
