2026-01-17 10:43:08,365 | INFO | ======================================================================
2026-01-17 10:43:08,365 | INFO | IoS-001 DAILY PRICE INGEST
2026-01-17 10:43:08,365 | INFO | Executor: LINE (EC-004)
2026-01-17 10:43:08,365 | INFO | Authority: CEO_DIRECTIVE_LINE_DAILY_INGEST_ACTIVATION_20251212
2026-01-17 10:43:08,365 | INFO | Time: 2026-01-17T09:43:08.365373+00:00
2026-01-17 10:43:08,365 | INFO | Asset Class Filter: ALL
2026-01-17 10:43:08,373 | INFO | Dry Run: False
2026-01-17 10:43:08,373 | INFO | ======================================================================
2026-01-17 10:43:08,786 | INFO | Found 491 VEGA-attested assets
2026-01-17 10:43:08,786 | INFO | 
============================================================
2026-01-17 10:43:08,786 | INFO | Processing CRYPTO: 46 assets
2026-01-17 10:43:08,786 | INFO | Schedule: Daily 01:00 UTC
2026-01-17 10:43:08,786 | INFO | ============================================================
2026-01-17 10:43:08,786 | INFO | 
  Batch 1/2 (25 assets)
2026-01-17 10:43:12,158 | WARNING |   [GRT-USD] Fetch error: Too Many Requests. Rate limited. Try after a while.
2026-01-17 10:43:15,170 | INFO |   Batch complete, waiting 60s...
2026-01-17 10:44:15,174 | INFO | 
  Batch 2/2 (21 assets)
2026-01-17 10:44:16,806 | WARNING |   [UNI-USD] Fetch error: Too Many Requests. Rate limited. Try after a while.
2026-01-17 10:44:19,882 | INFO | 
============================================================
2026-01-17 10:44:19,882 | INFO | Processing EQUITY: 421 assets
2026-01-17 10:44:19,885 | INFO | Schedule: Weekdays 22:00 UTC
2026-01-17 10:44:19,886 | INFO | ============================================================
2026-01-17 10:44:19,887 | INFO |   Market closed for EQUITY today, skipping
2026-01-17 10:44:19,887 | INFO | 
============================================================
2026-01-17 10:44:19,887 | INFO | Processing FX: 24 assets
2026-01-17 10:44:19,887 | INFO | Schedule: Sun-Thu 22:00 UTC
2026-01-17 10:44:19,887 | INFO | ============================================================
2026-01-17 10:44:19,887 | INFO |   Market closed for FX today, skipping
2026-01-17 10:44:19,896 | WARNING | Heartbeat recording failed: relation "fhq_monitoring.system_heartbeats" does not exist
LINE 2:                 INSERT INTO fhq_monitoring.system_heartbeats...
                                    ^

2026-01-17 10:44:19,896 | INFO | 
======================================================================
2026-01-17 10:44:19,896 | INFO | DAILY INGEST COMPLETE
2026-01-17 10:44:19,896 | INFO | ======================================================================
2026-01-17 10:44:19,896 | INFO | Assets Processed: 46
2026-01-17 10:44:19,896 | INFO | Assets Updated:   0
2026-01-17 10:44:19,896 | INFO | Rows Inserted:    0
2026-01-17 10:44:19,896 | INFO |   CRYPTO: 0 assets, 0 rows
2026-01-17 10:44:19,896 | INFO | Evidence: C:\fhq-market-system\vision-ios\03_FUNCTIONS\evidence\IOS001_DAILY_INGEST_9e88a302_20260117_104419.json
2026-01-17 10:44:19,896 | INFO | ======================================================================
