2026-01-11 00:58:03,315 | INFO | ======================================================================
2026-01-11 00:58:03,317 | INFO | IoS-001 DAILY PRICE INGEST
2026-01-11 00:58:03,317 | INFO | Executor: LINE (EC-004)
2026-01-11 00:58:03,317 | INFO | Authority: CEO_DIRECTIVE_LINE_DAILY_INGEST_ACTIVATION_20251212
2026-01-11 00:58:03,317 | INFO | Time: 2026-01-10T23:58:03.317145+00:00
2026-01-11 00:58:03,317 | INFO | Asset Class Filter: ALL
2026-01-11 00:58:03,319 | INFO | Dry Run: False
2026-01-11 00:58:03,319 | INFO | ======================================================================
2026-01-11 00:58:03,700 | INFO | Found 491 VEGA-attested assets
2026-01-11 00:58:03,701 | INFO | 
============================================================
2026-01-11 00:58:03,701 | INFO | Processing CRYPTO: 46 assets
2026-01-11 00:58:03,701 | INFO | Schedule: Daily 01:00 UTC
2026-01-11 00:58:03,702 | INFO | ============================================================
2026-01-11 00:58:03,702 | INFO | 
  Batch 1/2 (25 assets)
2026-01-11 00:58:07,027 | WARNING |   [ADA-USD] Fetch error: Too Many Requests. Rate limited. Try after a while.
2026-01-11 00:58:10,521 | WARNING |   [ALGO-USD] Fetch error: Too Many Requests. Rate limited. Try after a while.
2026-01-11 00:58:13,985 | WARNING |   [ATOM-USD] Fetch error: Too Many Requests. Rate limited. Try after a while.
2026-01-11 00:58:17,449 | WARNING |   [AVAX-USD] Fetch error: Too Many Requests. Rate limited. Try after a while.
2026-01-11 00:58:20,912 | WARNING |   [AXS-USD] Fetch error: Too Many Requests. Rate limited. Try after a while.
2026-01-11 00:58:25,217 | WARNING |   [BCH-USD] Fetch error: Too Many Requests. Rate limited. Try after a while.
2026-01-11 00:58:29,262 | WARNING |   [BNB-USD] Fetch error: Too Many Requests. Rate limited. Try after a while.
2026-01-11 00:58:33,625 | WARNING |   [BTC-USD] Fetch error: Too Many Requests. Rate limited. Try after a while.
2026-01-11 00:58:37,553 | WARNING |   [CHZ-USD] Fetch error: Too Many Requests. Rate limited. Try after a while.
2026-01-11 00:58:41,308 | WARNING |   [CRO-USD] Fetch error: Too Many Requests. Rate limited. Try after a while.
2026-01-11 00:58:45,752 | WARNING |   [CRV-USD] Fetch error: Too Many Requests. Rate limited. Try after a while.
2026-01-11 00:58:49,828 | WARNING |   [DOGE-USD] Fetch error: Too Many Requests. Rate limited. Try after a while.
2026-01-11 00:58:54,218 | WARNING |   [DOT-USD] Fetch error: Too Many Requests. Rate limited. Try after a while.
2026-01-11 00:58:58,458 | WARNING |   [EOS-USD] Fetch error: Too Many Requests. Rate limited. Try after a while.
2026-01-11 00:59:02,704 | WARNING |   [ETC-USD] Fetch error: Too Many Requests. Rate limited. Try after a while.
2026-01-11 00:59:06,711 | WARNING |   [ETH-USD] Fetch error: Too Many Requests. Rate limited. Try after a while.
2026-01-11 00:59:10,401 | WARNING |   [FIL-USD] Fetch error: Too Many Requests. Rate limited. Try after a while.
2026-01-11 00:59:14,568 | WARNING |   [FLOW-USD] Fetch error: Too Many Requests. Rate limited. Try after a while.
2026-01-11 00:59:18,618 | WARNING |   [GRT-USD] Fetch error: Too Many Requests. Rate limited. Try after a while.
2026-01-11 00:59:22,713 | WARNING |   [HBAR-USD] Fetch error: Too Many Requests. Rate limited. Try after a while.
2026-01-11 00:59:26,825 | WARNING |   [ICP-USD] Fetch error: Too Many Requests. Rate limited. Try after a while.
2026-01-11 00:59:30,979 | WARNING |   [INJ-USD] Fetch error: Too Many Requests. Rate limited. Try after a while.
2026-01-11 00:59:35,175 | WARNING |   [LDO-USD] Fetch error: Too Many Requests. Rate limited. Try after a while.
2026-01-11 00:59:39,302 | WARNING |   [LINK-USD] Fetch error: Too Many Requests. Rate limited. Try after a while.
2026-01-11 00:59:43,431 | WARNING |   [LTC-USD] Fetch error: Too Many Requests. Rate limited. Try after a while.
2026-01-11 00:59:46,434 | INFO |   Batch complete, waiting 60s...
2026-01-11 01:00:46,435 | INFO | 
  Batch 2/2 (21 assets)
2026-01-11 01:00:48,211 | WARNING |   [MANA-USD] Fetch error: Too Many Requests. Rate limited. Try after a while.
2026-01-11 01:00:52,140 | WARNING |   [MKR-USD] Fetch error: Too Many Requests. Rate limited. Try after a while.
2026-01-11 01:00:56,222 | WARNING |   [NEAR-USD] Fetch error: Too Many Requests. Rate limited. Try after a while.
2026-01-11 01:01:00,571 | WARNING |   [OKB-USD] Fetch error: Too Many Requests. Rate limited. Try after a while.
2026-01-11 01:01:04,586 | WARNING |   [QNT-USD] Fetch error: Too Many Requests. Rate limited. Try after a while.
2026-01-11 01:01:08,664 | WARNING |   [RPL-USD] Fetch error: Too Many Requests. Rate limited. Try after a while.
2026-01-11 01:01:13,100 | WARNING |   [RUNE-USD] Fetch error: Too Many Requests. Rate limited. Try after a while.
2026-01-11 01:01:17,645 | WARNING |   [SAND-USD] Fetch error: Too Many Requests. Rate limited. Try after a while.
2026-01-11 01:01:21,735 | WARNING |   [SHIB-USD] Fetch error: Too Many Requests. Rate limited. Try after a while.
2026-01-11 01:01:25,935 | WARNING |   [SNX-USD] Fetch error: Too Many Requests. Rate limited. Try after a while.
2026-01-11 01:01:30,136 | WARNING |   [SOL-USD] Fetch error: Too Many Requests. Rate limited. Try after a while.
2026-01-11 01:01:34,497 | WARNING |   [THETA-USD] Fetch error: Too Many Requests. Rate limited. Try after a while.
2026-01-11 01:01:38,566 | WARNING |   [TRX-USD] Fetch error: Too Many Requests. Rate limited. Try after a while.
2026-01-11 01:01:42,565 | WARNING |   [UNI-USD] Fetch error: Too Many Requests. Rate limited. Try after a while.
2026-01-11 01:01:46,554 | WARNING |   [VET-USD] Fetch error: Too Many Requests. Rate limited. Try after a while.
2026-01-11 01:01:50,494 | WARNING |   [XLM-USD] Fetch error: Too Many Requests. Rate limited. Try after a while.
2026-01-11 01:01:54,549 | WARNING |   [XMR-USD] Fetch error: Too Many Requests. Rate limited. Try after a while.
2026-01-11 01:01:58,555 | WARNING |   [XRP-USD] Fetch error: Too Many Requests. Rate limited. Try after a while.
2026-01-11 01:02:02,728 | WARNING |   [XTZ-USD] Fetch error: Too Many Requests. Rate limited. Try after a while.
2026-01-11 01:02:06,724 | WARNING |   [ZEC-USD] Fetch error: Too Many Requests. Rate limited. Try after a while.
2026-01-11 01:02:10,690 | WARNING |   [AAVE-USD] Fetch error: Too Many Requests. Rate limited. Try after a while.
2026-01-11 01:02:13,691 | INFO | 
============================================================
2026-01-11 01:02:13,691 | INFO | Processing EQUITY: 421 assets
2026-01-11 01:02:13,691 | INFO | Schedule: Weekdays 22:00 UTC
2026-01-11 01:02:13,691 | INFO | ============================================================
2026-01-11 01:02:13,691 | INFO |   Market closed for EQUITY today, skipping
2026-01-11 01:02:13,691 | INFO | 
============================================================
2026-01-11 01:02:13,693 | INFO | Processing FX: 24 assets
2026-01-11 01:02:13,693 | INFO | Schedule: Sun-Thu 22:00 UTC
2026-01-11 01:02:13,693 | INFO | ============================================================
2026-01-11 01:02:13,693 | INFO | 
  Batch 1/1 (24 assets)
2026-01-11 01:02:14,872 | WARNING |   [AUDJPY=X] Fetch error: Too Many Requests. Rate limited. Try after a while.
2026-01-11 01:02:19,122 | WARNING |   [AUDUSD=X] Fetch error: Too Many Requests. Rate limited. Try after a while.
2026-01-11 01:02:23,440 | WARNING |   [CADJPY=X] Fetch error: Too Many Requests. Rate limited. Try after a while.
2026-01-11 01:02:28,354 | WARNING |   [CHFJPY=X] Fetch error: Too Many Requests. Rate limited. Try after a while.
2026-01-11 01:02:32,652 | WARNING |   [EURAUD=X] Fetch error: Too Many Requests. Rate limited. Try after a while.
2026-01-11 01:02:37,014 | WARNING |   [EURCHF=X] Fetch error: Too Many Requests. Rate limited. Try after a while.
2026-01-11 01:02:40,918 | WARNING |   [EURGBP=X] Fetch error: Too Many Requests. Rate limited. Try after a while.
2026-01-11 01:02:44,907 | WARNING |   [EURJPY=X] Fetch error: Too Many Requests. Rate limited. Try after a while.
2026-01-11 01:02:48,982 | WARNING |   [EURNOK=X] Fetch error: Too Many Requests. Rate limited. Try after a while.
2026-01-11 01:02:53,074 | WARNING |   [EURSEK=X] Fetch error: Too Many Requests. Rate limited. Try after a while.
2026-01-11 01:02:57,359 | WARNING |   [EURUSD=X] Fetch error: Too Many Requests. Rate limited. Try after a while.
