2026-02-16 12:38:47,172 | INFO | ======================================================================
2026-02-16 12:38:47,172 | INFO | IoS-001 DAILY PRICE INGEST
2026-02-16 12:38:47,172 | INFO | Executor: LINE (EC-004)
2026-02-16 12:38:47,172 | INFO | Authority: CEO_DIRECTIVE_LINE_DAILY_INGEST_ACTIVATION_20251212
2026-02-16 12:38:47,172 | INFO | Amendment: CEO-DIR-2026-119 (Rate Limit Mitigation)
2026-02-16 12:38:47,172 | INFO | Time: 2026-02-16T11:38:47.172992+00:00
2026-02-16 12:38:47,172 | INFO | Asset Class Filter: ALL
2026-02-16 12:38:47,172 | INFO | Batch Mode: True
2026-02-16 12:38:47,172 | INFO | Dry Run: False
2026-02-16 12:38:47,172 | INFO | ======================================================================
2026-02-16 12:38:47,344 | INFO | Found 491 VEGA-attested assets
2026-02-16 12:38:47,344 | INFO | 
============================================================
2026-02-16 12:38:47,344 | INFO | Processing CRYPTO: 46 assets
2026-02-16 12:38:47,344 | INFO | Schedule: Daily 01:00 UTC
2026-02-16 12:38:47,344 | INFO | ============================================================
2026-02-16 12:38:47,344 | INFO |   Using BATCH MODE (CEO-DIR-2026-119)
2026-02-16 12:38:47,344 | INFO | 
  Batch 1/5 (10 tickers)
2026-02-16 12:38:47,360 | INFO |     All assets up to date
2026-02-16 12:38:47,360 | INFO | 
  Batch 2/5 (10 tickers)
2026-02-16 12:38:47,360 | INFO |     Batch download: 1 tickers
2026-02-16 12:38:50,710 | ERROR | 
1 Failed download:
2026-02-16 12:38:50,710 | ERROR | ['GRT-USD']: YFRateLimitError('Too Many Requests. Rate limited. Try after a while.')
2026-02-16 12:38:50,710 | INFO |   Batch complete, waiting 120s...
2026-02-16 12:40:50,720 | INFO | 
  Batch 3/5 (10 tickers)
2026-02-16 12:40:50,751 | INFO |     All assets up to date
2026-02-16 12:40:50,751 | INFO | 
  Batch 4/5 (10 tickers)
2026-02-16 12:40:50,767 | INFO |     Batch download: 1 tickers
2026-02-16 12:40:53,524 | ERROR | 
1 Failed download:
2026-02-16 12:40:53,524 | ERROR | ['UNI-USD']: YFRateLimitError('Too Many Requests. Rate limited. Try after a while.')
2026-02-16 12:40:53,539 | INFO |   Batch complete, waiting 120s...
2026-02-16 12:42:53,543 | INFO | 
  Batch 5/5 (6 tickers)
2026-02-16 12:42:53,543 | INFO |     All assets up to date
2026-02-16 12:42:53,543 | INFO | 
============================================================
2026-02-16 12:42:53,543 | INFO | Processing EQUITY: 421 assets
2026-02-16 12:42:53,543 | INFO | Schedule: Weekdays 22:00 UTC
2026-02-16 12:42:53,543 | INFO | ============================================================
2026-02-16 12:42:53,543 | INFO |   Using BATCH MODE (CEO-DIR-2026-119)
2026-02-16 12:42:53,543 | INFO | 
  Batch 1/43 (10 tickers)
2026-02-16 12:42:53,559 | INFO |     Batch download: 8 tickers
2026-02-16 12:43:04,366 | ERROR | 
8 Failed downloads:
2026-02-16 12:43:04,366 | ERROR | ['ADI', '1COV.DE', 'AEP', 'ABT', 'ADSK', 'ADBE', 'ABNB', 'ABBV']: YFRateLimitError('Too Many Requests. Rate limited. Try after a while.')
2026-02-16 12:43:04,366 | INFO |   Batch complete, waiting 120s...
