2026-02-03 18:24:20,562 | INFO | ======================================================================
2026-02-03 18:24:20,562 | INFO | IoS-001 DAILY PRICE INGEST
2026-02-03 18:24:20,562 | INFO | Executor: LINE (EC-004)
2026-02-03 18:24:20,562 | INFO | Authority: CEO_DIRECTIVE_LINE_DAILY_INGEST_ACTIVATION_20251212
2026-02-03 18:24:20,563 | INFO | Time: 2026-02-03T17:24:20.562994+00:00
2026-02-03 18:24:20,563 | INFO | Asset Class Filter: ALL
2026-02-03 18:24:20,563 | INFO | Dry Run: False
2026-02-03 18:24:20,563 | INFO | ======================================================================
2026-02-03 18:24:20,921 | INFO | Found 491 VEGA-attested assets
2026-02-03 18:24:20,921 | INFO | 
============================================================
2026-02-03 18:24:20,921 | INFO | Processing CRYPTO: 46 assets
2026-02-03 18:24:20,921 | INFO | Schedule: Daily 01:00 UTC
2026-02-03 18:24:20,921 | INFO | ============================================================
2026-02-03 18:24:20,921 | INFO | 
  Batch 1/2 (25 assets)
2026-02-03 18:24:25,051 | WARNING |   [GRT-USD] Fetch error: Too Many Requests. Rate limited. Try after a while.
2026-02-03 18:24:28,093 | INFO |   Batch complete, waiting 60s...
2026-02-03 18:25:28,098 | INFO | 
  Batch 2/2 (21 assets)
2026-02-03 18:25:30,399 | WARNING |   [UNI-USD] Fetch error: Too Many Requests. Rate limited. Try after a while.
2026-02-03 18:25:33,424 | INFO | 
============================================================
2026-02-03 18:25:33,424 | INFO | Processing EQUITY: 421 assets
2026-02-03 18:25:33,424 | INFO | Schedule: Weekdays 22:00 UTC
2026-02-03 18:25:33,424 | INFO | ============================================================
2026-02-03 18:25:33,424 | INFO | 
  Batch 1/17 (25 assets)
2026-02-03 18:25:35,256 | WARNING |   [1COV.DE] Fetch error: Too Many Requests. Rate limited. Try after a while.
2026-02-03 18:25:38,316 | INFO |   Batch complete, waiting 60s...
2026-02-03 18:26:38,317 | INFO | 
  Batch 2/17 (25 assets)
2026-02-03 18:26:38,394 | INFO |   Batch complete, waiting 60s...
2026-02-03 18:27:38,396 | INFO | 
  Batch 3/17 (25 assets)
2026-02-03 18:27:44,082 | WARNING |   [BRK.B] Fetch error: Too Many Requests. Rate limited. Try after a while.
2026-02-03 18:27:48,852 | WARNING |   [BSX] Fetch error: Too Many Requests. Rate limited. Try after a while.
2026-02-03 18:27:53,220 | WARNING |   [BT.A.L] Fetch error: Too Many Requests. Rate limited. Try after a while.
2026-02-03 18:27:57,435 | WARNING |   [BWO.OL] Fetch error: Too Many Requests. Rate limited. Try after a while.
2026-02-03 18:28:01,504 | WARNING |   [C] Fetch error: Too Many Requests. Rate limited. Try after a while.
2026-02-03 18:28:05,585 | WARNING |   [CAG] Fetch error: Too Many Requests. Rate limited. Try after a while.
2026-02-03 18:28:09,908 | WARNING |   [CAP.PA] Fetch error: Too Many Requests. Rate limited. Try after a while.
2026-02-03 18:28:13,854 | WARNING |   [CARR] Fetch error: Too Many Requests. Rate limited. Try after a while.
2026-02-03 18:28:17,923 | WARNING |   [CAT] Fetch error: Too Many Requests. Rate limited. Try after a while.
2026-02-03 18:28:22,112 | WARNING |   [CB] Fetch error: Too Many Requests. Rate limited. Try after a while.
2026-02-03 18:28:26,785 | WARNING |   [CBK.DE] Fetch error: Too Many Requests. Rate limited. Try after a while.
2026-02-03 18:28:30,798 | WARNING |   [CCI] Fetch error: Too Many Requests. Rate limited. Try after a while.
2026-02-03 18:28:35,005 | WARNING |   [CDNS] Fetch error: Too Many Requests. Rate limited. Try after a while.
2026-02-03 18:28:38,007 | INFO |   Batch complete, waiting 60s...
