2026-01-17 04:58:17,161 | INFO | ======================================================================
2026-01-17 04:58:17,161 | INFO | IoS-001 DAILY PRICE INGEST
2026-01-17 04:58:17,161 | INFO | Executor: LINE (EC-004)
2026-01-17 04:58:17,161 | INFO | Authority: CEO_DIRECTIVE_LINE_DAILY_INGEST_ACTIVATION_20251212
2026-01-17 04:58:17,161 | INFO | Time: 2026-01-17T03:58:17.161138+00:00
2026-01-17 04:58:17,161 | INFO | Asset Class Filter: ALL
2026-01-17 04:58:17,161 | INFO | Dry Run: False
2026-01-17 04:58:17,161 | INFO | ======================================================================
2026-01-17 04:58:17,449 | INFO | Found 491 VEGA-attested assets
2026-01-17 04:58:17,449 | INFO | 
============================================================
2026-01-17 04:58:17,449 | INFO | Processing CRYPTO: 46 assets
2026-01-17 04:58:17,449 | INFO | Schedule: Daily 01:00 UTC
2026-01-17 04:58:17,449 | INFO | ============================================================
2026-01-17 04:58:17,450 | INFO | 
  Batch 1/2 (25 assets)
2026-01-17 04:58:20,806 | WARNING |   [GRT-USD] Fetch error: Too Many Requests. Rate limited. Try after a while.
2026-01-17 04:58:23,828 | INFO |   Batch complete, waiting 60s...
2026-01-17 04:59:23,831 | INFO | 
  Batch 2/2 (21 assets)
2026-01-17 04:59:25,826 | WARNING |   [UNI-USD] Fetch error: Too Many Requests. Rate limited. Try after a while.
2026-01-17 04:59:28,872 | INFO | 
============================================================
2026-01-17 04:59:28,872 | INFO | Processing EQUITY: 421 assets
2026-01-17 04:59:28,872 | INFO | Schedule: Weekdays 22:00 UTC
2026-01-17 04:59:28,872 | INFO | ============================================================
2026-01-17 04:59:28,872 | INFO |   Market closed for EQUITY today, skipping
2026-01-17 04:59:28,872 | INFO | 
============================================================
2026-01-17 04:59:28,872 | INFO | Processing FX: 24 assets
2026-01-17 04:59:28,872 | INFO | Schedule: Sun-Thu 22:00 UTC
2026-01-17 04:59:28,872 | INFO | ============================================================
2026-01-17 04:59:28,872 | INFO |   Market closed for FX today, skipping
2026-01-17 04:59:28,882 | WARNING | Heartbeat recording failed: relation "fhq_monitoring.system_heartbeats" does not exist
LINE 2:                 INSERT INTO fhq_monitoring.system_heartbeats...
                                    ^

2026-01-17 04:59:28,882 | INFO | 
======================================================================
2026-01-17 04:59:28,882 | INFO | DAILY INGEST COMPLETE
2026-01-17 04:59:28,893 | INFO | ======================================================================
2026-01-17 04:59:28,893 | INFO | Assets Processed: 46
2026-01-17 04:59:28,893 | INFO | Assets Updated:   0
2026-01-17 04:59:28,893 | INFO | Rows Inserted:    0
2026-01-17 04:59:28,893 | INFO |   CRYPTO: 0 assets, 0 rows
2026-01-17 04:59:28,893 | INFO | Evidence: C:\fhq-market-system\vision-ios\03_FUNCTIONS\evidence\IOS001_DAILY_INGEST_e45cd0bd_20260117_045928.json
2026-01-17 04:59:28,893 | INFO | ======================================================================
