2026-02-07 00:19:34,916 | INFO | ======================================================================
2026-02-07 00:19:34,916 | INFO | IoS-001 DAILY PRICE INGEST
2026-02-07 00:19:34,916 | INFO | Executor: LINE (EC-004)
2026-02-07 00:19:34,916 | INFO | Authority: CEO_DIRECTIVE_LINE_DAILY_INGEST_ACTIVATION_20251212
2026-02-07 00:19:34,916 | INFO | Amendment: CEO-DIR-2026-119 (Rate Limit Mitigation)
2026-02-07 00:19:34,916 | INFO | Time: 2026-02-06T23:19:34.916617+00:00
2026-02-07 00:19:34,916 | INFO | Asset Class Filter: ALL
2026-02-07 00:19:34,920 | INFO | Batch Mode: True
2026-02-07 00:19:34,921 | INFO | Dry Run: False
2026-02-07 00:19:34,922 | INFO | ======================================================================
2026-02-07 00:19:35,596 | INFO | Found 491 VEGA-attested assets
2026-02-07 00:19:35,596 | INFO | 
============================================================
2026-02-07 00:19:35,596 | INFO | Processing CRYPTO: 46 assets
2026-02-07 00:19:35,596 | INFO | Schedule: Daily 01:00 UTC
2026-02-07 00:19:35,596 | INFO | ============================================================
2026-02-07 00:19:35,596 | INFO |   Using BATCH MODE (CEO-DIR-2026-119)
2026-02-07 00:19:35,596 | INFO | 
  Batch 1/5 (10 tickers)
2026-02-07 00:19:35,680 | INFO |     Batch download: 10 tickers
2026-02-07 00:19:51,237 | ERROR | 
10 Failed downloads:
2026-02-07 00:19:51,237 | ERROR | ['BCH-USD', 'ALGO-USD', 'ADA-USD', 'BTC-USD', 'AXS-USD', 'CRO-USD', 'CHZ-USD', 'AVAX-USD', 'ATOM-USD', 'BNB-USD']: YFRateLimitError('Too Many Requests. Rate limited. Try after a while.')
2026-02-07 00:19:51,277 | INFO |   Batch complete, waiting 120s...
2026-02-07 00:21:51,278 | INFO | 
  Batch 2/5 (10 tickers)
2026-02-07 00:21:51,334 | INFO |     Batch download: 10 tickers
2026-02-07 00:22:04,256 | ERROR | 
10 Failed downloads:
2026-02-07 00:22:04,256 | ERROR | ['ETH-USD', 'CRV-USD', 'FLOW-USD', 'DOT-USD', 'DOGE-USD', 'EOS-USD', 'GRT-USD', 'ETC-USD', 'FIL-USD', 'HBAR-USD']: YFRateLimitError('Too Many Requests. Rate limited. Try after a while.')
2026-02-07 00:22:04,256 | INFO |   Batch complete, waiting 120s...
2026-02-07 00:24:04,267 | INFO | 
  Batch 3/5 (10 tickers)
2026-02-07 00:24:04,321 | INFO |     Batch download: 10 tickers
2026-02-07 00:24:16,528 | ERROR | 
10 Failed downloads:
2026-02-07 00:24:16,528 | ERROR | ['MKR-USD', 'OKB-USD', 'INJ-USD', 'LINK-USD', 'MANA-USD', 'ICP-USD', 'LTC-USD', 'QNT-USD', 'NEAR-USD', 'LDO-USD']: YFRateLimitError('Too Many Requests. Rate limited. Try after a while.')
2026-02-07 00:24:16,531 | INFO |   Batch complete, waiting 120s...
