2026-01-14 14:21:51,624 | INFO | ======================================================================
2026-01-14 14:21:51,625 | INFO | IoS-001 DAILY PRICE INGEST
2026-01-14 14:21:51,625 | INFO | Executor: LINE (EC-004)
2026-01-14 14:21:51,625 | INFO | Authority: CEO_DIRECTIVE_LINE_DAILY_INGEST_ACTIVATION_20251212
2026-01-14 14:21:51,625 | INFO | Time: 2026-01-14T13:21:51.625597+00:00
2026-01-14 14:21:51,625 | INFO | Asset Class Filter: ALL
2026-01-14 14:21:51,625 | INFO | Dry Run: False
2026-01-14 14:21:51,625 | INFO | ======================================================================
2026-01-14 14:21:51,815 | INFO | Found 491 VEGA-attested assets
2026-01-14 14:21:51,815 | INFO | 
============================================================
2026-01-14 14:21:51,816 | INFO | Processing CRYPTO: 46 assets
2026-01-14 14:21:51,816 | INFO | Schedule: Daily 01:00 UTC
2026-01-14 14:21:51,816 | INFO | ============================================================
2026-01-14 14:21:51,816 | INFO | 
  Batch 1/2 (25 assets)
2026-01-14 14:21:55,041 | WARNING |   [GRT-USD] Fetch error: Too Many Requests. Rate limited. Try after a while.
2026-01-14 14:21:58,088 | INFO |   Batch complete, waiting 60s...
2026-01-14 14:22:58,089 | INFO | 
  Batch 2/2 (21 assets)
2026-01-14 14:22:59,679 | WARNING |   [UNI-USD] Fetch error: Too Many Requests. Rate limited. Try after a while.
2026-01-14 14:23:02,706 | INFO | 
============================================================
2026-01-14 14:23:02,706 | INFO | Processing EQUITY: 421 assets
2026-01-14 14:23:02,706 | INFO | Schedule: Weekdays 22:00 UTC
2026-01-14 14:23:02,706 | INFO | ============================================================
2026-01-14 14:23:02,706 | INFO | 
  Batch 1/17 (25 assets)
2026-01-14 14:23:03,652 | WARNING |   [1COV.DE] Fetch error: Too Many Requests. Rate limited. Try after a while.
2026-01-14 14:23:07,833 | WARNING |   [ABBV] Fetch error: Too Many Requests. Rate limited. Try after a while.
2026-01-14 14:23:11,958 | WARNING |   [ABNB] Fetch error: Too Many Requests. Rate limited. Try after a while.
2026-01-14 14:23:16,047 | WARNING |   [ABT] Fetch error: Too Many Requests. Rate limited. Try after a while.
2026-01-14 14:23:20,427 | WARNING |   [ADBE] Fetch error: Too Many Requests. Rate limited. Try after a while.
2026-01-14 14:23:24,611 | WARNING |   [ADI] Fetch error: Too Many Requests. Rate limited. Try after a while.
2026-01-14 14:23:28,946 | WARNING |   [ADSK] Fetch error: Too Many Requests. Rate limited. Try after a while.
2026-01-14 14:23:33,095 | WARNING |   [AEP] Fetch error: Too Many Requests. Rate limited. Try after a while.
2026-01-14 14:23:37,351 | WARNING |   [AFL] Fetch error: Too Many Requests. Rate limited. Try after a while.
2026-01-14 14:23:41,940 | WARNING |   [AIG] Fetch error: Too Many Requests. Rate limited. Try after a while.
2026-01-14 14:23:46,349 | WARNING |   [AKAM] Fetch error: Too Many Requests. Rate limited. Try after a while.
2026-01-14 14:23:50,163 | WARNING |   [ALB] Fetch error: Too Many Requests. Rate limited. Try after a while.
2026-01-14 14:23:54,134 | WARNING |   [ALL] Fetch error: Too Many Requests. Rate limited. Try after a while.
2026-01-14 14:23:58,258 | WARNING |   [AMAT] Fetch error: Too Many Requests. Rate limited. Try after a while.
2026-01-14 14:24:01,260 | INFO |   Batch complete, waiting 60s...
2026-01-14 14:25:01,261 | INFO | 
  Batch 2/17 (25 assets)
2026-01-14 14:25:03,165 | WARNING |   [AMD] Fetch error: Too Many Requests. Rate limited. Try after a while.
2026-01-14 14:25:07,575 | WARNING |   [AMGN] Fetch error: Too Many Requests. Rate limited. Try after a while.
2026-01-14 14:25:11,634 | WARNING |   [AMT] Fetch error: Too Many Requests. Rate limited. Try after a while.
2026-01-14 14:25:15,879 | WARNING |   [AMZN] Fetch error: Too Many Requests. Rate limited. Try after a while.
2026-01-14 14:25:20,458 | WARNING |   [AON] Fetch error: Too Many Requests. Rate limited. Try after a while.
2026-01-14 14:25:24,635 | WARNING |   [APD] Fetch error: Too Many Requests. Rate limited. Try after a while.
2026-01-14 14:25:28,870 | WARNING |   [ASML] Fetch error: Too Many Requests. Rate limited. Try after a while.
2026-01-14 14:25:33,134 | WARNING |   [AVB] Fetch error: Too Many Requests. Rate limited. Try after a while.
2026-01-14 14:25:37,308 | WARNING |   [AVGO] Fetch error: Too Many Requests. Rate limited. Try after a while.
2026-01-14 14:25:41,342 | WARNING |   [AWK] Fetch error: Too Many Requests. Rate limited. Try after a while.
2026-01-14 14:25:45,136 | WARNING |   [AXP] Fetch error: Too Many Requests. Rate limited. Try after a while.
2026-01-14 14:25:49,216 | WARNING |   [AZO] Fetch error: Too Many Requests. Rate limited. Try after a while.
2026-01-14 14:25:53,162 | WARNING |   [BA] Fetch error: Too Many Requests. Rate limited. Try after a while.
2026-01-14 14:25:57,652 | WARNING |   [BAC] Fetch error: Too Many Requests. Rate limited. Try after a while.
2026-01-14 14:26:00,663 | INFO |   Batch complete, waiting 60s...
