2026-01-12 23:21:40,694 | INFO | ======================================================================
2026-01-12 23:21:40,694 | INFO | IoS-001 DAILY PRICE INGEST
2026-01-12 23:21:40,694 | INFO | Executor: LINE (EC-004)
2026-01-12 23:21:40,694 | INFO | Authority: CEO_DIRECTIVE_LINE_DAILY_INGEST_ACTIVATION_20251212
2026-01-12 23:21:40,694 | INFO | Time: 2026-01-12T22:21:40.694999+00:00
2026-01-12 23:21:40,694 | INFO | Asset Class Filter: ALL
2026-01-12 23:21:40,694 | INFO | Dry Run: False
2026-01-12 23:21:40,694 | INFO | ======================================================================
2026-01-12 23:21:40,945 | INFO | Found 491 VEGA-attested assets
2026-01-12 23:21:40,945 | INFO | 
============================================================
2026-01-12 23:21:40,945 | INFO | Processing CRYPTO: 46 assets
2026-01-12 23:21:40,945 | INFO | Schedule: Daily 01:00 UTC
2026-01-12 23:21:40,945 | INFO | ============================================================
2026-01-12 23:21:40,945 | INFO | 
  Batch 1/2 (25 assets)
2026-01-12 23:21:41,011 | INFO |   Batch complete, waiting 60s...
2026-01-12 23:22:41,013 | INFO | 
  Batch 2/2 (21 assets)
2026-01-12 23:22:43,808 | WARNING |   [UNI-USD] Fetch error: Too Many Requests. Rate limited. Try after a while.
2026-01-12 23:22:46,861 | INFO | 
============================================================
2026-01-12 23:22:46,861 | INFO | Processing EQUITY: 421 assets
2026-01-12 23:22:46,861 | INFO | Schedule: Weekdays 22:00 UTC
2026-01-12 23:22:46,861 | INFO | ============================================================
2026-01-12 23:22:46,861 | INFO | 
  Batch 1/17 (25 assets)
2026-01-12 23:22:48,098 | WARNING |   [1COV.DE] Fetch error: Too Many Requests. Rate limited. Try after a while.
2026-01-12 23:22:51,206 | INFO |   Batch complete, waiting 60s...
2026-01-12 23:23:51,208 | INFO | 
  Batch 2/17 (25 assets)
2026-01-12 23:23:51,321 | INFO |   Batch complete, waiting 60s...
2026-01-12 23:24:51,324 | INFO | 
  Batch 3/17 (25 assets)
2026-01-12 23:24:54,357 | WARNING |   [BRK.B] Fetch error: Too Many Requests. Rate limited. Try after a while.
2026-01-12 23:24:58,838 | WARNING |   [BT.A.L] Fetch error: Too Many Requests. Rate limited. Try after a while.
2026-01-12 23:25:01,892 | INFO |   Batch complete, waiting 60s...
2026-01-12 23:26:01,897 | INFO | 
  Batch 4/17 (25 assets)
2026-01-12 23:26:01,941 | INFO |   Batch complete, waiting 60s...
