2026-01-17 02:30:42,799 | INFO | ======================================================================
2026-01-17 02:30:42,799 | INFO | IoS-001 DAILY PRICE INGEST
2026-01-17 02:30:42,799 | INFO | Executor: LINE (EC-004)
2026-01-17 02:30:42,799 | INFO | Authority: CEO_DIRECTIVE_LINE_DAILY_INGEST_ACTIVATION_20251212
2026-01-17 02:30:42,799 | INFO | Time: 2026-01-17T01:30:42.799517+00:00
2026-01-17 02:30:42,799 | INFO | Asset Class Filter: ALL
2026-01-17 02:30:42,799 | INFO | Dry Run: False
2026-01-17 02:30:42,799 | INFO | ======================================================================
2026-01-17 02:30:43,053 | INFO | Found 491 VEGA-attested assets
2026-01-17 02:30:43,054 | INFO | 
============================================================
2026-01-17 02:30:43,054 | INFO | Processing CRYPTO: 46 assets
2026-01-17 02:30:43,054 | INFO | Schedule: Daily 01:00 UTC
2026-01-17 02:30:43,054 | INFO | ============================================================
2026-01-17 02:30:43,054 | INFO | 
  Batch 1/2 (25 assets)
2026-01-17 02:30:45,874 | WARNING |   [GRT-USD] Fetch error: Too Many Requests. Rate limited. Try after a while.
2026-01-17 02:30:48,885 | INFO |   Batch complete, waiting 60s...
2026-01-17 02:31:48,886 | INFO | 
  Batch 2/2 (21 assets)
2026-01-17 02:31:50,420 | WARNING |   [UNI-USD] Fetch error: Too Many Requests. Rate limited. Try after a while.
2026-01-17 02:31:53,447 | INFO | 
============================================================
2026-01-17 02:31:53,447 | INFO | Processing EQUITY: 421 assets
2026-01-17 02:31:53,447 | INFO | Schedule: Weekdays 22:00 UTC
2026-01-17 02:31:53,447 | INFO | ============================================================
2026-01-17 02:31:53,447 | INFO |   Market closed for EQUITY today, skipping
2026-01-17 02:31:53,447 | INFO | 
============================================================
2026-01-17 02:31:53,447 | INFO | Processing FX: 24 assets
2026-01-17 02:31:53,447 | INFO | Schedule: Sun-Thu 22:00 UTC
2026-01-17 02:31:53,447 | INFO | ============================================================
2026-01-17 02:31:53,447 | INFO |   Market closed for FX today, skipping
2026-01-17 02:31:53,447 | WARNING | Heartbeat recording failed: relation "fhq_monitoring.system_heartbeats" does not exist
LINE 2:                 INSERT INTO fhq_monitoring.system_heartbeats...
                                    ^

2026-01-17 02:31:53,452 | INFO | 
======================================================================
2026-01-17 02:31:53,452 | INFO | DAILY INGEST COMPLETE
2026-01-17 02:31:53,452 | INFO | ======================================================================
2026-01-17 02:31:53,452 | INFO | Assets Processed: 46
2026-01-17 02:31:53,452 | INFO | Assets Updated:   0
2026-01-17 02:31:53,452 | INFO | Rows Inserted:    0
2026-01-17 02:31:53,452 | INFO |   CRYPTO: 0 assets, 0 rows
2026-01-17 02:31:53,452 | INFO | Evidence: C:\fhq-market-system\vision-ios\03_FUNCTIONS\evidence\IOS001_DAILY_INGEST_049dae0f_20260117_023153.json
2026-01-17 02:31:53,452 | INFO | ======================================================================
