2025-12-19 16:45:02,512 | INFO | ======================================================================
2025-12-19 16:45:02,513 | INFO | IoS-001 DAILY PRICE INGEST
2025-12-19 16:45:02,513 | INFO | Executor: LINE (EC-004)
2025-12-19 16:45:02,513 | INFO | Authority: CEO_DIRECTIVE_LINE_DAILY_INGEST_ACTIVATION_20251212
2025-12-19 16:45:02,513 | INFO | Time: 2025-12-19T15:45:02.513129+00:00
2025-12-19 16:45:02,513 | INFO | Asset Class Filter: ALL
2025-12-19 16:45:02,513 | INFO | Dry Run: False
2025-12-19 16:45:02,514 | INFO | ======================================================================
2025-12-19 16:45:02,734 | INFO | Found 463 VEGA-attested assets
2025-12-19 16:45:02,734 | INFO | 
============================================================
2025-12-19 16:45:02,735 | INFO | Processing CRYPTO: 45 assets
2025-12-19 16:45:02,735 | INFO | Schedule: Daily 01:00 UTC
2025-12-19 16:45:02,735 | INFO | ============================================================
2025-12-19 16:45:02,735 | INFO | 
  Batch 1/2 (25 assets)
2025-12-19 16:45:02,776 | INFO |   Batch complete, waiting 60s...
2025-12-19 16:46:02,777 | INFO | 
  Batch 2/2 (20 assets)
2025-12-19 16:46:02,807 | INFO | 
============================================================
2025-12-19 16:46:02,807 | INFO | Processing EQUITY: 394 assets
2025-12-19 16:46:02,807 | INFO | Schedule: Weekdays 22:00 UTC
2025-12-19 16:46:02,807 | INFO | ============================================================
2025-12-19 16:46:02,808 | INFO | 
  Batch 1/16 (25 assets)
2025-12-19 16:46:06,957 | WARNING |   [ABBV] Fetch error: Too Many Requests. Rate limited. Try after a while.
2025-12-19 16:46:11,319 | WARNING |   [ABNB] Fetch error: Too Many Requests. Rate limited. Try after a while.
2025-12-19 16:46:15,560 | WARNING |   [ABT] Fetch error: Too Many Requests. Rate limited. Try after a while.
2025-12-19 16:46:20,164 | WARNING |   [ADBE] Fetch error: Too Many Requests. Rate limited. Try after a while.
2025-12-19 16:46:24,264 | WARNING |   [ADI] Fetch error: Too Many Requests. Rate limited. Try after a while.
2025-12-19 16:46:28,366 | WARNING |   [ADSK] Fetch error: Too Many Requests. Rate limited. Try after a while.
2025-12-19 16:46:32,825 | WARNING |   [AEP] Fetch error: Too Many Requests. Rate limited. Try after a while.
2025-12-19 16:46:36,981 | WARNING |   [AFL] Fetch error: Too Many Requests. Rate limited. Try after a while.
2025-12-19 16:46:41,089 | WARNING |   [AIG] Fetch error: Too Many Requests. Rate limited. Try after a while.
2025-12-19 16:46:45,797 | WARNING |   [AKAM] Fetch error: Too Many Requests. Rate limited. Try after a while.
2025-12-19 16:46:49,967 | WARNING |   [ALB] Fetch error: Too Many Requests. Rate limited. Try after a while.
2025-12-19 16:46:55,197 | WARNING |   [ALL] Fetch error: Too Many Requests. Rate limited. Try after a while.
2025-12-19 16:46:59,301 | WARNING |   [AMAT] Fetch error: Too Many Requests. Rate limited. Try after a while.
2025-12-19 16:47:02,301 | INFO |   Batch complete, waiting 60s...
2025-12-19 16:48:02,301 | INFO | 
  Batch 2/16 (25 assets)
2025-12-19 16:48:04,192 | WARNING |   [AMD] Fetch error: Too Many Requests. Rate limited. Try after a while.
2025-12-19 16:48:08,660 | WARNING |   [AMGN] Fetch error: Too Many Requests. Rate limited. Try after a while.
2025-12-19 16:48:12,760 | WARNING |   [AMT] Fetch error: Too Many Requests. Rate limited. Try after a while.
2025-12-19 16:48:17,267 | WARNING |   [AON] Fetch error: Too Many Requests. Rate limited. Try after a while.
2025-12-19 16:48:21,589 | WARNING |   [APD] Fetch error: Too Many Requests. Rate limited. Try after a while.
2025-12-19 16:48:25,872 | WARNING |   [AVB] Fetch error: Too Many Requests. Rate limited. Try after a while.
2025-12-19 16:48:29,954 | WARNING |   [AVGO] Fetch error: Too Many Requests. Rate limited. Try after a while.
2025-12-19 16:48:34,300 | WARNING |   [AWK] Fetch error: Too Many Requests. Rate limited. Try after a while.
2025-12-19 16:48:38,370 | WARNING |   [AXP] Fetch error: Too Many Requests. Rate limited. Try after a while.
2025-12-19 16:48:42,345 | WARNING |   [AZO] Fetch error: Too Many Requests. Rate limited. Try after a while.
2025-12-19 16:48:46,269 | WARNING |   [BA] Fetch error: Too Many Requests. Rate limited. Try after a while.
2025-12-19 16:48:50,348 | WARNING |   [BAC] Fetch error: Too Many Requests. Rate limited. Try after a while.
2025-12-19 16:48:53,384 | INFO |   Batch complete, waiting 60s...
2025-12-19 16:49:53,385 | INFO | 
  Batch 3/16 (25 assets)
2025-12-19 16:49:55,243 | WARNING |   [BHP.L] Fetch error: Too Many Requests. Rate limited. Try after a while.
2025-12-19 16:49:59,562 | WARNING |   [BKNG] Fetch error: Too Many Requests. Rate limited. Try after a while.
