2026-01-06 16:20:12,937 | INFO | ======================================================================
2026-01-06 16:20:12,937 | INFO | IoS-001 DAILY PRICE INGEST
2026-01-06 16:20:12,938 | INFO | Executor: LINE (EC-004)
2026-01-06 16:20:12,938 | INFO | Authority: CEO_DIRECTIVE_LINE_DAILY_INGEST_ACTIVATION_20251212
2026-01-06 16:20:12,938 | INFO | Time: 2026-01-06T15:20:12.938418+00:00
2026-01-06 16:20:12,938 | INFO | Asset Class Filter: ALL
2026-01-06 16:20:12,938 | INFO | Dry Run: False
2026-01-06 16:20:12,939 | INFO | ======================================================================
2026-01-06 16:20:14,075 | INFO | Found 491 VEGA-attested assets
2026-01-06 16:20:14,075 | INFO | 
============================================================
2026-01-06 16:20:14,075 | INFO | Processing CRYPTO: 46 assets
2026-01-06 16:20:14,075 | INFO | Schedule: Daily 01:00 UTC
2026-01-06 16:20:14,075 | INFO | ============================================================
2026-01-06 16:20:14,075 | INFO | 
  Batch 1/2 (25 assets)
2026-01-06 16:20:17,468 | ERROR | $GRT-USD: possibly delisted; no price data found  (1d 2026-01-06 -> 2026-01-07)
2026-01-06 16:20:20,484 | INFO |   Batch complete, waiting 60s...
2026-01-06 16:21:20,492 | INFO | 
  Batch 2/2 (21 assets)
2026-01-06 16:21:20,557 | INFO | 
============================================================
2026-01-06 16:21:20,557 | INFO | Processing EQUITY: 421 assets
2026-01-06 16:21:20,557 | INFO | Schedule: Weekdays 22:00 UTC
2026-01-06 16:21:20,557 | INFO | ============================================================
2026-01-06 16:21:20,557 | INFO | 
  Batch 1/17 (25 assets)
2026-01-06 16:21:20,854 | ERROR | $1COV.DE: possibly delisted; no price data found  (1d 2025-12-24 -> 2026-01-07)
2026-01-06 16:21:24,106 | INFO |     [ABBV] +1 rows
2026-01-06 16:21:27,310 | INFO |     [ABNB] +1 rows
2026-01-06 16:21:30,476 | INFO |     [ABT] +1 rows
2026-01-06 16:21:33,655 | INFO |     [ADBE] +1 rows
2026-01-06 16:21:36,797 | INFO |     [ADI] +1 rows
2026-01-06 16:21:39,971 | INFO |     [ADSK] +1 rows
2026-01-06 16:21:43,188 | INFO |     [AEP] +1 rows
2026-01-06 16:21:46,340 | INFO |     [AFL] +1 rows
2026-01-06 16:21:49,509 | INFO |     [AIG] +1 rows
2026-01-06 16:21:52,643 | INFO |     [AKAM] +1 rows
2026-01-06 16:21:55,829 | INFO |     [ALB] +1 rows
2026-01-06 16:21:58,971 | INFO |     [ALL] +1 rows
2026-01-06 16:22:02,121 | INFO |     [AMAT] +1 rows
2026-01-06 16:22:05,130 | INFO |   Batch complete, waiting 60s...
2026-01-06 16:23:05,130 | INFO | 
  Batch 2/17 (25 assets)
2026-01-06 16:23:05,231 | INFO |     [AMD] +1 rows
2026-01-06 16:23:08,387 | INFO |     [AMGN] +1 rows
2026-01-06 16:23:11,506 | INFO |     [AMT] +1 rows
2026-01-06 16:23:14,612 | INFO |     [AMZN] +1 rows
2026-01-06 16:23:17,803 | INFO |     [AON] +1 rows
2026-01-06 16:23:20,992 | INFO |     [APD] +1 rows
2026-01-06 16:23:24,124 | INFO |     [ASML] +1 rows
2026-01-06 16:23:27,323 | INFO |     [AVB] +1 rows
2026-01-06 16:23:30,457 | INFO |     [AVGO] +1 rows
2026-01-06 16:23:33,764 | INFO |     [AWK] +1 rows
2026-01-06 16:23:37,053 | INFO |     [AXP] +1 rows
2026-01-06 16:23:40,168 | INFO |     [AZO] +1 rows
2026-01-06 16:23:43,365 | INFO |     [BA] +1 rows
2026-01-06 16:23:46,612 | INFO |     [BAC] +1 rows
2026-01-06 16:23:49,622 | INFO |   Batch complete, waiting 60s...
2026-01-06 16:24:49,626 | INFO | 
  Batch 3/17 (25 assets)
2026-01-06 16:24:49,762 | INFO |     [BKNG] +1 rows
2026-01-06 16:24:52,919 | INFO |     [BKR] +1 rows
2026-01-06 16:24:56,153 | INFO |     [BLK] +1 rows
2026-01-06 16:24:59,385 | INFO |     [BMY] +1 rows
2026-01-06 16:25:02,631 | INFO |     [BNR.DE] +1 rows
2026-01-06 16:25:05,793 | INFO |     [BP.L] +1 rows
