2026-01-15 23:27:19,454 | INFO | ======================================================================
2026-01-15 23:27:19,454 | INFO | IoS-001 DAILY PRICE INGEST
2026-01-15 23:27:19,454 | INFO | Executor: LINE (EC-004)
2026-01-15 23:27:19,454 | INFO | Authority: CEO_DIRECTIVE_LINE_DAILY_INGEST_ACTIVATION_20251212
2026-01-15 23:27:19,455 | INFO | Time: 2026-01-15T22:27:19.455183+00:00
2026-01-15 23:27:19,455 | INFO | Asset Class Filter: ALL
2026-01-15 23:27:19,455 | INFO | Dry Run: False
2026-01-15 23:27:19,455 | INFO | ======================================================================
2026-01-15 23:27:19,647 | INFO | Found 491 VEGA-attested assets
2026-01-15 23:27:19,648 | INFO | 
============================================================
2026-01-15 23:27:19,648 | INFO | Processing CRYPTO: 46 assets
2026-01-15 23:27:19,648 | INFO | Schedule: Daily 01:00 UTC
2026-01-15 23:27:19,648 | INFO | ============================================================
2026-01-15 23:27:19,648 | INFO | 
  Batch 1/2 (25 assets)
2026-01-15 23:27:22,780 | WARNING |   [GRT-USD] Fetch error: Too Many Requests. Rate limited. Try after a while.
2026-01-15 23:27:25,790 | INFO |   Batch complete, waiting 60s...
2026-01-15 23:28:25,792 | INFO | 
  Batch 2/2 (21 assets)
2026-01-15 23:28:27,348 | WARNING |   [UNI-USD] Fetch error: Too Many Requests. Rate limited. Try after a while.
2026-01-15 23:28:30,356 | INFO | 
============================================================
2026-01-15 23:28:30,356 | INFO | Processing EQUITY: 421 assets
2026-01-15 23:28:30,356 | INFO | Schedule: Weekdays 22:00 UTC
2026-01-15 23:28:30,357 | INFO | ============================================================
2026-01-15 23:28:30,357 | INFO | 
  Batch 1/17 (25 assets)
2026-01-15 23:28:31,454 | WARNING |   [1COV.DE] Fetch error: Too Many Requests. Rate limited. Try after a while.
2026-01-15 23:28:34,497 | INFO |   Batch complete, waiting 60s...
2026-01-15 23:29:34,497 | INFO | 
  Batch 2/17 (25 assets)
2026-01-15 23:29:34,564 | INFO |   Batch complete, waiting 60s...
2026-01-15 23:30:34,565 | INFO | 
  Batch 3/17 (25 assets)
2026-01-15 23:30:37,339 | WARNING |   [BRK.B] Fetch error: Too Many Requests. Rate limited. Try after a while.
2026-01-15 23:30:41,386 | WARNING |   [BT.A.L] Fetch error: Too Many Requests. Rate limited. Try after a while.
2026-01-15 23:30:44,428 | INFO |   Batch complete, waiting 60s...
2026-01-15 23:31:44,430 | INFO | 
  Batch 4/17 (25 assets)
2026-01-15 23:31:44,464 | INFO |   Batch complete, waiting 60s...
