2026-02-17 01:29:06,752 | INFO | ======================================================================
2026-02-17 01:29:06,752 | INFO | IoS-001 DAILY PRICE INGEST
2026-02-17 01:29:06,752 | INFO | Executor: LINE (EC-004)
2026-02-17 01:29:06,752 | INFO | Authority: CEO_DIRECTIVE_LINE_DAILY_INGEST_ACTIVATION_20251212
2026-02-17 01:29:06,752 | INFO | Amendment: CEO-DIR-2026-119 (Rate Limit Mitigation)
2026-02-17 01:29:06,752 | INFO | Time: 2026-02-17T00:29:06.752997+00:00
2026-02-17 01:29:06,752 | INFO | Asset Class Filter: ALL
2026-02-17 01:29:06,752 | INFO | Batch Mode: True
2026-02-17 01:29:06,752 | INFO | Dry Run: False
2026-02-17 01:29:06,752 | INFO | ======================================================================
2026-02-17 01:29:06,982 | INFO | Found 491 VEGA-attested assets
2026-02-17 01:29:06,983 | INFO | 
============================================================
2026-02-17 01:29:06,983 | INFO | Processing CRYPTO: 46 assets
2026-02-17 01:29:06,983 | INFO | Schedule: Daily 01:00 UTC
2026-02-17 01:29:06,983 | INFO | ============================================================
2026-02-17 01:29:06,983 | INFO |   Using BATCH MODE (CEO-DIR-2026-119)
2026-02-17 01:29:06,983 | INFO | 
  Batch 1/5 (10 tickers)
2026-02-17 01:29:07,000 | INFO |     All assets up to date
2026-02-17 01:29:07,000 | INFO | 
  Batch 2/5 (10 tickers)
2026-02-17 01:29:07,020 | INFO |     Batch download: 1 tickers
2026-02-17 01:29:09,901 | ERROR | 
1 Failed download:
2026-02-17 01:29:09,901 | ERROR | ['GRT-USD']: YFRateLimitError('Too Many Requests. Rate limited. Try after a while.')
2026-02-17 01:29:09,929 | INFO |   Batch complete, waiting 120s...
2026-02-17 01:31:09,930 | INFO | 
  Batch 3/5 (10 tickers)
2026-02-17 01:31:10,016 | INFO |     All assets up to date
2026-02-17 01:31:10,016 | INFO | 
  Batch 4/5 (10 tickers)
2026-02-17 01:31:10,105 | INFO |     Batch download: 1 tickers
2026-02-17 01:31:12,771 | ERROR | 
1 Failed download:
2026-02-17 01:31:12,771 | ERROR | ['UNI-USD']: YFRateLimitError('Too Many Requests. Rate limited. Try after a while.')
2026-02-17 01:31:12,775 | INFO |   Batch complete, waiting 120s...
2026-02-17 01:33:12,778 | INFO | 
  Batch 5/5 (6 tickers)
2026-02-17 01:33:12,794 | INFO |     All assets up to date
2026-02-17 01:33:12,794 | INFO | 
============================================================
2026-02-17 01:33:12,794 | INFO | Processing EQUITY: 421 assets
2026-02-17 01:33:12,799 | INFO | Schedule: Weekdays 22:00 UTC
2026-02-17 01:33:12,799 | INFO | ============================================================
2026-02-17 01:33:12,799 | INFO |   Using BATCH MODE (CEO-DIR-2026-119)
2026-02-17 01:33:12,799 | INFO | 
  Batch 1/43 (10 tickers)
2026-02-17 01:33:12,818 | INFO |     Batch download: 10 tickers
2026-02-17 01:33:25,303 | ERROR | 
10 Failed downloads:
2026-02-17 01:33:25,303 | ERROR | ['ADS.DE', 'ADBE', 'ABT', 'AEP', '1COV.DE', 'ACA.PA', 'ADI', 'ABBV', 'ADSK', 'ABNB']: YFRateLimitError('Too Many Requests. Rate limited. Try after a while.')
2026-02-17 01:33:25,314 | INFO |   Batch complete, waiting 120s...
