2026-01-27 02:43:01,705 | INFO | ======================================================================
2026-01-27 02:43:01,705 | INFO | IoS-001 DAILY PRICE INGEST
2026-01-27 02:43:01,705 | INFO | Executor: LINE (EC-004)
2026-01-27 02:43:01,705 | INFO | Authority: CEO_DIRECTIVE_LINE_DAILY_INGEST_ACTIVATION_20251212
2026-01-27 02:43:01,705 | INFO | Time: 2026-01-27T01:43:01.705422+00:00
2026-01-27 02:43:01,705 | INFO | Asset Class Filter: ALL
2026-01-27 02:43:01,705 | INFO | Dry Run: False
2026-01-27 02:43:01,705 | INFO | ======================================================================
2026-01-27 02:43:02,002 | INFO | Found 491 VEGA-attested assets
2026-01-27 02:43:02,002 | INFO | 
============================================================
2026-01-27 02:43:02,002 | INFO | Processing CRYPTO: 46 assets
2026-01-27 02:43:02,002 | INFO | Schedule: Daily 01:00 UTC
2026-01-27 02:43:02,002 | INFO | ============================================================
2026-01-27 02:43:02,002 | INFO | 
  Batch 1/2 (25 assets)
2026-01-27 02:43:04,818 | WARNING |   [GRT-USD] Fetch error: Too Many Requests. Rate limited. Try after a while.
2026-01-27 02:43:07,862 | INFO |   Batch complete, waiting 60s...
2026-01-27 02:44:07,870 | INFO | 
  Batch 2/2 (21 assets)
2026-01-27 02:44:09,351 | WARNING |   [UNI-USD] Fetch error: Too Many Requests. Rate limited. Try after a while.
2026-01-27 02:44:12,406 | INFO | 
============================================================
2026-01-27 02:44:12,406 | INFO | Processing EQUITY: 421 assets
2026-01-27 02:44:12,406 | INFO | Schedule: Weekdays 22:00 UTC
2026-01-27 02:44:12,406 | INFO | ============================================================
2026-01-27 02:44:12,416 | INFO | 
  Batch 1/17 (25 assets)
2026-01-27 02:44:13,488 | WARNING |   [1COV.DE] Fetch error: Too Many Requests. Rate limited. Try after a while.
2026-01-27 02:44:17,568 | WARNING |   [ABBV] Fetch error: Too Many Requests. Rate limited. Try after a while.
2026-01-27 02:44:21,574 | WARNING |   [ABNB] Fetch error: Too Many Requests. Rate limited. Try after a while.
2026-01-27 02:44:25,830 | WARNING |   [ABT] Fetch error: Too Many Requests. Rate limited. Try after a while.
2026-01-27 02:44:29,734 | WARNING |   [ACA.PA] Fetch error: Too Many Requests. Rate limited. Try after a while.
2026-01-27 02:44:33,655 | WARNING |   [ADBE] Fetch error: Too Many Requests. Rate limited. Try after a while.
2026-01-27 02:44:37,841 | WARNING |   [ADI] Fetch error: Too Many Requests. Rate limited. Try after a while.
2026-01-27 02:44:41,917 | WARNING |   [ADS.DE] Fetch error: Too Many Requests. Rate limited. Try after a while.
2026-01-27 02:44:46,169 | WARNING |   [ADSK] Fetch error: Too Many Requests. Rate limited. Try after a while.
2026-01-27 02:44:50,305 | WARNING |   [AEP] Fetch error: Too Many Requests. Rate limited. Try after a while.
2026-01-27 02:44:54,248 | WARNING |   [AFL] Fetch error: Too Many Requests. Rate limited. Try after a while.
2026-01-27 02:44:58,543 | WARNING |   [AI.PA] Fetch error: Too Many Requests. Rate limited. Try after a while.
2026-01-27 02:45:02,912 | WARNING |   [AIG] Fetch error: Too Many Requests. Rate limited. Try after a while.
2026-01-27 02:45:06,941 | WARNING |   [AIR.DE] Fetch error: Too Many Requests. Rate limited. Try after a while.
2026-01-27 02:45:11,385 | WARNING |   [AIR.PA] Fetch error: Too Many Requests. Rate limited. Try after a while.
2026-01-27 02:45:15,559 | WARNING |   [AKAM] Fetch error: Too Many Requests. Rate limited. Try after a while.
2026-01-27 02:45:19,542 | WARNING |   [AKER.OL] Fetch error: Too Many Requests. Rate limited. Try after a while.
2026-01-27 02:45:23,481 | WARNING |   [AKRBP.OL] Fetch error: Too Many Requests. Rate limited. Try after a while.
2026-01-27 02:45:27,484 | WARNING |   [AKSO.OL] Fetch error: Too Many Requests. Rate limited. Try after a while.
2026-01-27 02:45:31,652 | WARNING |   [AKVA.OL] Fetch error: Too Many Requests. Rate limited. Try after a while.
2026-01-27 02:45:35,991 | WARNING |   [ALB] Fetch error: Too Many Requests. Rate limited. Try after a while.
2026-01-27 02:45:39,738 | WARNING |   [ALL] Fetch error: Too Many Requests. Rate limited. Try after a while.
2026-01-27 02:45:44,064 | WARNING |   [ALO.PA] Fetch error: Too Many Requests. Rate limited. Try after a while.
2026-01-27 02:45:48,054 | WARNING |   [ALV.DE] Fetch error: Too Many Requests. Rate limited. Try after a while.
2026-01-27 02:45:52,189 | WARNING |   [AMAT] Fetch error: Too Many Requests. Rate limited. Try after a while.
2026-01-27 02:45:55,190 | INFO |   Batch complete, waiting 60s...
2026-01-27 02:46:55,192 | INFO | 
  Batch 2/17 (25 assets)
2026-01-27 02:46:56,832 | WARNING |   [AMD] Fetch error: Too Many Requests. Rate limited. Try after a while.
2026-01-27 02:47:00,791 | WARNING |   [AMGN] Fetch error: Too Many Requests. Rate limited. Try after a while.
2026-01-27 02:47:04,870 | WARNING |   [AMT] Fetch error: Too Many Requests. Rate limited. Try after a while.
2026-01-27 02:47:08,964 | WARNING |   [AMZN] Fetch error: Too Many Requests. Rate limited. Try after a while.
2026-01-27 02:47:12,985 | WARNING |   [AON] Fetch error: Too Many Requests. Rate limited. Try after a while.
2026-01-27 02:47:17,090 | WARNING |   [APD] Fetch error: Too Many Requests. Rate limited. Try after a while.
2026-01-27 02:47:20,932 | WARNING |   [ASML] Fetch error: Too Many Requests. Rate limited. Try after a while.
2026-01-27 02:47:24,862 | WARNING |   [ATO.PA] Fetch error: Too Many Requests. Rate limited. Try after a while.
2026-01-27 02:47:29,014 | WARNING |   [AUSS.OL] Fetch error: Too Many Requests. Rate limited. Try after a while.
2026-01-27 02:47:32,868 | WARNING |   [AUTO.OL] Fetch error: Too Many Requests. Rate limited. Try after a while.
2026-01-27 02:47:37,137 | WARNING |   [AV.L] Fetch error: Too Many Requests. Rate limited. Try after a while.
2026-01-27 02:47:41,288 | WARNING |   [AVB] Fetch error: Too Many Requests. Rate limited. Try after a while.
2026-01-27 02:47:45,206 | WARNING |   [AVGO] Fetch error: Too Many Requests. Rate limited. Try after a while.
2026-01-27 02:47:49,285 | WARNING |   [AWK] Fetch error: Too Many Requests. Rate limited. Try after a while.
2026-01-27 02:47:53,164 | WARNING |   [AXP] Fetch error: Too Many Requests. Rate limited. Try after a while.
2026-01-27 02:47:57,442 | WARNING |   [AZN.L] Fetch error: Too Many Requests. Rate limited. Try after a while.
