2026-01-25 20:31:30,940 | INFO | ======================================================================
2026-01-25 20:31:30,940 | INFO | IoS-001 DAILY PRICE INGEST
2026-01-25 20:31:30,941 | INFO | Executor: LINE (EC-004)
2026-01-25 20:31:30,941 | INFO | Authority: CEO_DIRECTIVE_LINE_DAILY_INGEST_ACTIVATION_20251212
2026-01-25 20:31:30,941 | INFO | Time: 2026-01-25T19:31:30.941609+00:00
2026-01-25 20:31:30,941 | INFO | Asset Class Filter: ALL
2026-01-25 20:31:30,942 | INFO | Dry Run: False
2026-01-25 20:31:30,942 | INFO | ======================================================================
2026-01-25 20:31:31,412 | INFO | Found 491 VEGA-attested assets
2026-01-25 20:31:31,412 | INFO | 
============================================================
2026-01-25 20:31:31,412 | INFO | Processing CRYPTO: 46 assets
2026-01-25 20:31:31,412 | INFO | Schedule: Daily 01:00 UTC
2026-01-25 20:31:31,412 | INFO | ============================================================
2026-01-25 20:31:31,413 | INFO | 
  Batch 1/2 (25 assets)
2026-01-25 20:31:34,428 | WARNING |   [GRT-USD] Fetch error: Too Many Requests. Rate limited. Try after a while.
2026-01-25 20:31:37,444 | INFO |   Batch complete, waiting 60s...
2026-01-25 20:32:37,445 | INFO | 
  Batch 2/2 (21 assets)
2026-01-25 20:32:39,476 | WARNING |   [UNI-USD] Fetch error: Too Many Requests. Rate limited. Try after a while.
2026-01-25 20:32:42,500 | INFO | 
============================================================
2026-01-25 20:32:42,500 | INFO | Processing EQUITY: 421 assets
2026-01-25 20:32:42,501 | INFO | Schedule: Weekdays 22:00 UTC
2026-01-25 20:32:42,501 | INFO | ============================================================
2026-01-25 20:32:42,501 | INFO |   Market closed for EQUITY today, skipping
2026-01-25 20:32:42,501 | INFO | 
============================================================
2026-01-25 20:32:42,501 | INFO | Processing FX: 24 assets
2026-01-25 20:32:42,501 | INFO | Schedule: Sun-Thu 22:00 UTC
2026-01-25 20:32:42,502 | INFO | ============================================================
2026-01-25 20:32:42,502 | INFO | 
  Batch 1/1 (24 assets)
2026-01-25 20:32:43,838 | WARNING |   [EURSEK=X] Fetch error: Too Many Requests. Rate limited. Try after a while.
2026-01-25 20:32:47,907 | WARNING |   [USDSEK=X] Fetch error: Too Many Requests. Rate limited. Try after a while.
2026-01-25 20:32:50,938 | WARNING | Heartbeat recording failed: relation "fhq_monitoring.system_heartbeats" does not exist
LINE 2:                 INSERT INTO fhq_monitoring.system_heartbeats...
                                    ^

2026-01-25 20:32:50,941 | INFO | 
======================================================================
2026-01-25 20:32:50,941 | INFO | DAILY INGEST COMPLETE
2026-01-25 20:32:50,942 | INFO | ======================================================================
2026-01-25 20:32:50,942 | INFO | Assets Processed: 70
2026-01-25 20:32:50,942 | INFO | Assets Updated:   0
2026-01-25 20:32:50,942 | INFO | Rows Inserted:    0
2026-01-25 20:32:50,943 | INFO |   CRYPTO: 0 assets, 0 rows
2026-01-25 20:32:50,943 | INFO |   FX: 0 assets, 0 rows
2026-01-25 20:32:50,943 | INFO | Evidence: C:\fhq-market-system\vision-ios\03_FUNCTIONS\evidence\IOS001_DAILY_INGEST_daa9c96a_20260125_203250.json
2026-01-25 20:32:50,944 | INFO | ======================================================================
