2025-12-26 21:12:42,263 | INFO | ======================================================================
2025-12-26 21:12:42,263 | INFO | IoS-001 DAILY PRICE INGEST
2025-12-26 21:12:42,263 | INFO | Executor: LINE (EC-004)
2025-12-26 21:12:42,263 | INFO | Authority: CEO_DIRECTIVE_LINE_DAILY_INGEST_ACTIVATION_20251212
2025-12-26 21:12:42,263 | INFO | Time: 2025-12-26T20:12:42.263776+00:00
2025-12-26 21:12:42,263 | INFO | Asset Class Filter: ALL
2025-12-26 21:12:42,263 | INFO | Dry Run: False
2025-12-26 21:12:42,263 | INFO | ======================================================================
2025-12-26 21:12:42,439 | INFO | Found 463 VEGA-attested assets
2025-12-26 21:12:42,439 | INFO | 
============================================================
2025-12-26 21:12:42,439 | INFO | Processing CRYPTO: 45 assets
2025-12-26 21:12:42,439 | INFO | Schedule: Daily 01:00 UTC
2025-12-26 21:12:42,439 | INFO | ============================================================
2025-12-26 21:12:42,439 | INFO | 
  Batch 1/2 (25 assets)
2025-12-26 21:12:42,504 | INFO |   Batch complete, waiting 60s...
2025-12-26 21:13:42,506 | INFO | 
  Batch 2/2 (20 assets)
2025-12-26 21:13:42,628 | INFO | 
============================================================
2025-12-26 21:13:42,638 | INFO | Processing EQUITY: 394 assets
2025-12-26 21:13:42,638 | INFO | Schedule: Weekdays 22:00 UTC
2025-12-26 21:13:42,640 | INFO | ============================================================
2025-12-26 21:13:42,640 | INFO | 
  Batch 1/16 (25 assets)
2025-12-26 21:13:43,981 | ERROR | $1COV.DE: possibly delisted; no price data found  (1d 2025-12-24 -> 2025-12-27)
2025-12-26 21:13:47,229 | INFO |     [ACA.PA] +1 rows
2025-12-26 21:13:50,375 | INFO |     [ADS.DE] +1 rows
2025-12-26 21:13:53,520 | INFO |     [AI.PA] +1 rows
2025-12-26 21:13:56,676 | INFO |     [AIR.DE] +1 rows
2025-12-26 21:13:59,806 | INFO |     [AIR.PA] +1 rows
2025-12-26 21:14:02,943 | INFO |     [AKER.OL] +1 rows
2025-12-26 21:14:06,082 | INFO |     [AKRBP.OL] +1 rows
2025-12-26 21:14:09,217 | INFO |     [AKSO.OL] +1 rows
2025-12-26 21:14:12,384 | INFO |     [AKVA.OL] +1 rows
2025-12-26 21:14:15,582 | INFO |     [ALO.PA] +1 rows
2025-12-26 21:14:18,738 | INFO |     [ALV.DE] +1 rows
2025-12-26 21:14:21,740 | INFO |   Batch complete, waiting 60s...
2025-12-26 21:15:21,742 | INFO | 
  Batch 2/16 (25 assets)
2025-12-26 21:15:21,890 | INFO |     [ATO.PA] +1 rows
2025-12-26 21:15:25,060 | INFO |     [AUSS.OL] +1 rows
2025-12-26 21:15:28,197 | INFO |     [AUTO.OL] +1 rows
2025-12-26 21:15:31,373 | INFO |     [AV.L] +1 rows
2025-12-26 21:15:34,530 | INFO |     [AZN.L] +1 rows
2025-12-26 21:15:37,699 | INFO |     [BA.L] +1 rows
2025-12-26 21:15:40,829 | INFO |     [BAKKA.OL] +1 rows
2025-12-26 21:15:44,079 | INFO |     [BARC.L] +1 rows
2025-12-26 21:15:47,214 | INFO |     [BAS.DE] +1 rows
2025-12-26 21:15:50,395 | INFO |     [BATS.L] +1 rows
2025-12-26 21:15:53,564 | INFO |     [BAYN.DE] +1 rows
2025-12-26 21:15:56,701 | INFO |     [BEI.DE] +1 rows
2025-12-26 21:15:59,804 | INFO |     [BEWI.OL] +1 rows
2025-12-26 21:16:02,805 | INFO |   Batch complete, waiting 60s...
2025-12-26 21:17:02,822 | INFO | 
  Batch 3/16 (25 assets)
2025-12-26 21:17:02,971 | INFO |     [BHP.L] +1 rows
2025-12-26 21:17:06,110 | INFO |     [BMW.DE] +1 rows
2025-12-26 21:17:09,274 | INFO |     [BN.PA] +1 rows
2025-12-26 21:17:12,443 | INFO |     [BNP.PA] +1 rows
2025-12-26 21:17:15,695 | INFO |     [BNR.DE] +1 rows
2025-12-26 21:17:18,852 | INFO |     [BP.L] +1 rows
2025-12-26 21:17:22,011 | INFO |     [BWO.OL] +1 rows
2025-12-26 21:17:25,183 | INFO |     [C] +1 rows
2025-12-26 21:17:28,338 | INFO |     [CAG] +1 rows
2025-12-26 21:17:31,505 | INFO |     [CAP.PA] +1 rows
2025-12-26 21:17:34,618 | INFO |     [CARR] +1 rows
2025-12-26 21:17:37,856 | INFO |     [CAT] +1 rows
