2026-01-30 07:07:32,915 | INFO | ======================================================================
2026-01-30 07:07:32,915 | INFO | IoS-001 DAILY PRICE INGEST
2026-01-30 07:07:32,915 | INFO | Executor: LINE (EC-004)
2026-01-30 07:07:32,915 | INFO | Authority: CEO_DIRECTIVE_LINE_DAILY_INGEST_ACTIVATION_20251212
2026-01-30 07:07:32,915 | INFO | Time: 2026-01-30T06:07:32.915308+00:00
2026-01-30 07:07:32,915 | INFO | Asset Class Filter: ALL
2026-01-30 07:07:32,915 | INFO | Dry Run: False
2026-01-30 07:07:32,925 | INFO | ======================================================================
2026-01-30 07:07:33,154 | INFO | Found 491 VEGA-attested assets
2026-01-30 07:07:33,154 | INFO | 
============================================================
2026-01-30 07:07:33,154 | INFO | Processing CRYPTO: 46 assets
2026-01-30 07:07:33,154 | INFO | Schedule: Daily 01:00 UTC
2026-01-30 07:07:33,154 | INFO | ============================================================
2026-01-30 07:07:33,154 | INFO | 
  Batch 1/2 (25 assets)
2026-01-30 07:07:34,702 | ERROR | $GRT-USD: possibly delisted; no price data found  (1d 2026-01-30 -> 2026-01-31)
2026-01-30 07:07:37,713 | INFO |   Batch complete, waiting 60s...
2026-01-30 07:08:37,716 | INFO | 
  Batch 2/2 (21 assets)
2026-01-30 07:08:37,878 | ERROR | $UNI-USD: possibly delisted; no price data found  (1d 2026-01-27 -> 2026-01-31)
2026-01-30 07:08:40,982 | INFO | 
============================================================
2026-01-30 07:08:40,982 | INFO | Processing EQUITY: 421 assets
2026-01-30 07:08:40,982 | INFO | Schedule: Weekdays 22:00 UTC
2026-01-30 07:08:40,982 | INFO | ============================================================
2026-01-30 07:08:40,982 | INFO | 
  Batch 1/17 (25 assets)
2026-01-30 07:08:41,157 | ERROR | $1COV.DE: possibly delisted; no price data found  (1d 2025-12-24 -> 2026-01-31)
2026-01-30 07:08:44,371 | INFO |     [ABBV] +1 rows
2026-01-30 07:08:47,459 | INFO |     [ABNB] +1 rows
2026-01-30 07:08:50,629 | INFO |     [ABT] +1 rows
2026-01-30 07:08:53,753 | INFO |     [ACA.PA] +1 rows
2026-01-30 07:08:56,911 | INFO |     [ADBE] +1 rows
2026-01-30 07:09:00,021 | INFO |     [ADI] +1 rows
2026-01-30 07:09:03,178 | INFO |     [ADS.DE] +1 rows
2026-01-30 07:09:06,352 | INFO |     [ADSK] +1 rows
2026-01-30 07:09:09,582 | INFO |     [AEP] +1 rows
2026-01-30 07:09:12,771 | INFO |     [AFL] +1 rows
2026-01-30 07:09:15,941 | INFO |     [AI.PA] +1 rows
2026-01-30 07:09:19,151 | INFO |     [AIG] +1 rows
2026-01-30 07:09:22,344 | INFO |     [AIR.DE] +1 rows
2026-01-30 07:09:25,476 | INFO |     [AIR.PA] +1 rows
2026-01-30 07:09:28,584 | INFO |     [AKAM] +1 rows
2026-01-30 07:09:31,729 | INFO |     [AKER.OL] +1 rows
2026-01-30 07:09:34,834 | INFO |     [AKRBP.OL] +1 rows
2026-01-30 07:09:38,008 | INFO |     [AKSO.OL] +1 rows
2026-01-30 07:09:41,142 | INFO |     [AKVA.OL] +1 rows
2026-01-30 07:09:44,312 | INFO |     [ALB] +1 rows
2026-01-30 07:09:47,522 | INFO |     [ALL] +1 rows
2026-01-30 07:09:50,643 | INFO |     [ALO.PA] +1 rows
2026-01-30 07:09:53,823 | INFO |     [ALV.DE] +1 rows
2026-01-30 07:09:56,983 | INFO |     [AMAT] +1 rows
2026-01-30 07:09:59,985 | INFO |   Batch complete, waiting 60s...
2026-01-30 07:10:59,989 | INFO | 
  Batch 2/17 (25 assets)
2026-01-30 07:11:00,246 | INFO |     [AMD] +1 rows
2026-01-30 07:11:03,417 | INFO |     [AMGN] +1 rows
2026-01-30 07:11:06,542 | INFO |     [AMT] +1 rows
2026-01-30 07:11:09,653 | INFO |     [AMZN] +1 rows
2026-01-30 07:11:12,832 | INFO |     [AON] +1 rows
2026-01-30 07:11:16,118 | INFO |     [APD] +1 rows
2026-01-30 07:11:19,361 | INFO |     [ASML] +1 rows
2026-01-30 07:11:22,503 | INFO |     [ATO.PA] +1 rows
2026-01-30 07:11:25,670 | INFO |     [AUSS.OL] +1 rows
2026-01-30 07:11:28,821 | INFO |     [AUTO.OL] +1 rows
2026-01-30 07:11:32,010 | INFO |     [AV.L] +1 rows
2026-01-30 07:11:35,169 | INFO |     [AVB] +1 rows
2026-01-30 07:11:38,296 | INFO |     [AVGO] +1 rows
2026-01-30 07:11:41,455 | INFO |     [AWK] +1 rows
2026-01-30 07:11:44,641 | INFO |     [AXP] +1 rows
2026-01-30 07:11:47,830 | INFO |     [AZN.L] +1 rows
2026-01-30 07:11:50,929 | INFO |     [AZO] +1 rows
2026-01-30 07:11:54,154 | INFO |     [BA] +1 rows
2026-01-30 07:11:57,295 | INFO |     [BA.L] +1 rows
2026-01-30 07:12:00,464 | INFO |     [BAC] +1 rows
2026-01-30 07:12:03,580 | INFO |     [BAKKA.OL] +1 rows
2026-01-30 07:12:06,740 | INFO |     [BARC.L] +1 rows
2026-01-30 07:12:09,922 | INFO |     [BAS.DE] +1 rows
2026-01-30 07:12:13,100 | INFO |     [BATS.L] +1 rows
2026-01-30 07:12:16,216 | INFO |     [BAYN.DE] +1 rows
2026-01-30 07:12:19,226 | INFO |   Batch complete, waiting 60s...
