2025-12-19 19:14:00,657 | INFO | ======================================================================
2025-12-19 19:14:00,657 | INFO | IoS-001 DAILY PRICE INGEST
2025-12-19 19:14:00,657 | INFO | Executor: LINE (EC-004)
2025-12-19 19:14:00,657 | INFO | Authority: CEO_DIRECTIVE_LINE_DAILY_INGEST_ACTIVATION_20251212
2025-12-19 19:14:00,657 | INFO | Time: 2025-12-19T18:14:00.657331+00:00
2025-12-19 19:14:00,657 | INFO | Asset Class Filter: ALL
2025-12-19 19:14:00,657 | INFO | Dry Run: False
2025-12-19 19:14:00,657 | INFO | ======================================================================
2025-12-19 19:14:00,811 | INFO | Found 463 VEGA-attested assets
2025-12-19 19:14:00,811 | INFO | 
============================================================
2025-12-19 19:14:00,811 | INFO | Processing CRYPTO: 45 assets
2025-12-19 19:14:00,811 | INFO | Schedule: Daily 01:00 UTC
2025-12-19 19:14:00,811 | INFO | ============================================================
2025-12-19 19:14:00,811 | INFO | 
  Batch 1/2 (25 assets)
2025-12-19 19:14:00,866 | INFO |   Batch complete, waiting 60s...
2025-12-19 19:15:00,868 | INFO | 
  Batch 2/2 (20 assets)
2025-12-19 19:15:00,906 | INFO | 
============================================================
2025-12-19 19:15:00,906 | INFO | Processing EQUITY: 394 assets
2025-12-19 19:15:00,906 | INFO | Schedule: Weekdays 22:00 UTC
2025-12-19 19:15:00,906 | INFO | ============================================================
2025-12-19 19:15:00,906 | INFO | 
  Batch 1/16 (25 assets)
2025-12-19 19:15:11,045 | WARNING |   [ABBV] Fetch error: Too Many Requests. Rate limited. Try after a while.
2025-12-19 19:15:15,010 | WARNING |   [ABNB] Fetch error: Too Many Requests. Rate limited. Try after a while.
2025-12-19 19:15:19,467 | WARNING |   [ABT] Fetch error: Too Many Requests. Rate limited. Try after a while.
2025-12-19 19:15:23,959 | WARNING |   [ADBE] Fetch error: Too Many Requests. Rate limited. Try after a while.
2025-12-19 19:15:28,436 | WARNING |   [ADI] Fetch error: Too Many Requests. Rate limited. Try after a while.
2025-12-19 19:15:32,687 | WARNING |   [ADSK] Fetch error: Too Many Requests. Rate limited. Try after a while.
2025-12-19 19:15:37,157 | WARNING |   [AEP] Fetch error: Too Many Requests. Rate limited. Try after a while.
2025-12-19 19:15:41,489 | WARNING |   [AFL] Fetch error: Too Many Requests. Rate limited. Try after a while.
2025-12-19 19:15:45,785 | WARNING |   [AIG] Fetch error: Too Many Requests. Rate limited. Try after a while.
2025-12-19 19:15:50,149 | WARNING |   [AKAM] Fetch error: Too Many Requests. Rate limited. Try after a while.
2025-12-19 19:15:54,419 | WARNING |   [ALB] Fetch error: Too Many Requests. Rate limited. Try after a while.
2025-12-19 19:15:58,353 | WARNING |   [ALL] Fetch error: Too Many Requests. Rate limited. Try after a while.
2025-12-19 19:16:02,762 | WARNING |   [AMAT] Fetch error: Too Many Requests. Rate limited. Try after a while.
2025-12-19 19:16:05,765 | INFO |   Batch complete, waiting 60s...
2025-12-19 19:17:05,768 | INFO | 
  Batch 2/16 (25 assets)
2025-12-19 19:17:07,753 | WARNING |   [AMD] Fetch error: Too Many Requests. Rate limited. Try after a while.
2025-12-19 19:17:11,906 | WARNING |   [AMGN] Fetch error: Too Many Requests. Rate limited. Try after a while.
2025-12-19 19:17:16,179 | WARNING |   [AMT] Fetch error: Too Many Requests. Rate limited. Try after a while.
2025-12-19 19:17:19,943 | WARNING |   [AON] Fetch error: Too Many Requests. Rate limited. Try after a while.
2025-12-19 19:17:24,005 | WARNING |   [APD] Fetch error: Too Many Requests. Rate limited. Try after a while.
2025-12-19 19:17:28,279 | WARNING |   [AVB] Fetch error: Too Many Requests. Rate limited. Try after a while.
2025-12-19 19:17:32,086 | WARNING |   [AVGO] Fetch error: Too Many Requests. Rate limited. Try after a while.
2025-12-19 19:17:36,648 | WARNING |   [AWK] Fetch error: Too Many Requests. Rate limited. Try after a while.
2025-12-19 19:17:40,963 | WARNING |   [AXP] Fetch error: Too Many Requests. Rate limited. Try after a while.
2025-12-19 19:17:45,004 | WARNING |   [AZO] Fetch error: Too Many Requests. Rate limited. Try after a while.
2025-12-19 19:17:48,965 | WARNING |   [BA] Fetch error: Too Many Requests. Rate limited. Try after a while.
2025-12-19 19:17:53,045 | WARNING |   [BAC] Fetch error: Too Many Requests. Rate limited. Try after a while.
2025-12-19 19:17:56,051 | INFO |   Batch complete, waiting 60s...
2025-12-19 19:18:56,059 | INFO | 
  Batch 3/16 (25 assets)
2025-12-19 19:18:57,541 | WARNING |   [BHP.L] Fetch error: Too Many Requests. Rate limited. Try after a while.
