2026-02-06 17:22:34,848 | INFO | ======================================================================
2026-02-06 17:22:34,858 | INFO | IoS-001 DAILY PRICE INGEST
2026-02-06 17:22:34,858 | INFO | Executor: LINE (EC-004)
2026-02-06 17:22:34,858 | INFO | Authority: CEO_DIRECTIVE_LINE_DAILY_INGEST_ACTIVATION_20251212
2026-02-06 17:22:34,858 | INFO | Amendment: CEO-DIR-2026-119 (Rate Limit Mitigation)
2026-02-06 17:22:34,858 | INFO | Time: 2026-02-06T16:22:34.858326+00:00
2026-02-06 17:22:34,858 | INFO | Asset Class Filter: ALL
2026-02-06 17:22:34,858 | INFO | Batch Mode: True
2026-02-06 17:22:34,861 | INFO | Dry Run: False
2026-02-06 17:22:34,861 | INFO | ======================================================================
2026-02-06 17:22:35,246 | INFO | Found 491 VEGA-attested assets
2026-02-06 17:22:35,246 | INFO | 
============================================================
2026-02-06 17:22:35,246 | INFO | Processing CRYPTO: 46 assets
2026-02-06 17:22:35,246 | INFO | Schedule: Daily 01:00 UTC
2026-02-06 17:22:35,246 | INFO | ============================================================
2026-02-06 17:22:35,246 | INFO |   Using BATCH MODE (CEO-DIR-2026-119)
2026-02-06 17:22:35,246 | INFO | 
  Batch 1/5 (10 tickers)
2026-02-06 17:22:35,298 | INFO |     All assets up to date
2026-02-06 17:22:35,299 | INFO | 
  Batch 2/5 (10 tickers)
2026-02-06 17:22:35,328 | INFO |     Batch download: 1 tickers
2026-02-06 17:22:39,944 | ERROR | 
1 Failed download:
2026-02-06 17:22:39,944 | ERROR | ['GRT-USD']: YFRateLimitError('Too Many Requests. Rate limited. Try after a while.')
2026-02-06 17:22:39,972 | INFO |   Batch complete, waiting 120s...
2026-02-06 17:24:39,974 | INFO | 
  Batch 3/5 (10 tickers)
2026-02-06 17:24:40,062 | INFO |     All assets up to date
2026-02-06 17:24:40,062 | INFO | 
  Batch 4/5 (10 tickers)
2026-02-06 17:24:40,113 | INFO |     All assets up to date
2026-02-06 17:24:40,113 | INFO | 
  Batch 5/5 (6 tickers)
2026-02-06 17:24:40,133 | INFO |     All assets up to date
2026-02-06 17:24:40,133 | INFO | 
============================================================
2026-02-06 17:24:40,133 | INFO | Processing EQUITY: 421 assets
2026-02-06 17:24:40,133 | INFO | Schedule: Weekdays 22:00 UTC
2026-02-06 17:24:40,133 | INFO | ============================================================
2026-02-06 17:24:40,133 | INFO |   Using BATCH MODE (CEO-DIR-2026-119)
2026-02-06 17:24:40,133 | INFO | 
  Batch 1/43 (10 tickers)
2026-02-06 17:24:40,154 | INFO |     Batch download: 1 tickers
2026-02-06 17:24:43,457 | ERROR | 
1 Failed download:
2026-02-06 17:24:43,457 | ERROR | ['1COV.DE']: YFRateLimitError('Too Many Requests. Rate limited. Try after a while.')
2026-02-06 17:24:43,457 | INFO |   Batch complete, waiting 120s...
2026-02-06 17:26:43,467 | INFO | 
  Batch 2/43 (10 tickers)
2026-02-06 17:26:43,486 | INFO |     All assets up to date
2026-02-06 17:26:43,486 | INFO | 
  Batch 3/43 (10 tickers)
2026-02-06 17:26:43,513 | INFO |     Batch download: 8 tickers
2026-02-06 17:26:55,927 | ERROR | 
8 Failed downloads:
2026-02-06 17:26:55,927 | ERROR | ['AMAT', 'AON', 'AMZN', 'AMD', 'AMT', 'AMGN', 'ALB', 'ALL']: YFRateLimitError('Too Many Requests. Rate limited. Try after a while.')
2026-02-06 17:26:55,932 | INFO |   Batch complete, waiting 120s...
