2026-01-17 07:18:36,003 | INFO | ======================================================================
2026-01-17 07:18:36,003 | INFO | IoS-001 DAILY PRICE INGEST
2026-01-17 07:18:36,003 | INFO | Executor: LINE (EC-004)
2026-01-17 07:18:36,003 | INFO | Authority: CEO_DIRECTIVE_LINE_DAILY_INGEST_ACTIVATION_20251212
2026-01-17 07:18:36,003 | INFO | Time: 2026-01-17T06:18:36.003875+00:00
2026-01-17 07:18:36,003 | INFO | Asset Class Filter: ALL
2026-01-17 07:18:36,003 | INFO | Dry Run: False
2026-01-17 07:18:36,003 | INFO | ======================================================================
2026-01-17 07:18:36,243 | INFO | Found 491 VEGA-attested assets
2026-01-17 07:18:36,243 | INFO | 
============================================================
2026-01-17 07:18:36,243 | INFO | Processing CRYPTO: 46 assets
2026-01-17 07:18:36,243 | INFO | Schedule: Daily 01:00 UTC
2026-01-17 07:18:36,243 | INFO | ============================================================
2026-01-17 07:18:36,243 | INFO | 
  Batch 1/2 (25 assets)
2026-01-17 07:18:37,332 | ERROR | $GRT-USD: possibly delisted; no price data found  (1d 2026-01-15 -> 2026-01-18)
2026-01-17 07:18:40,350 | INFO |   Batch complete, waiting 60s...
2026-01-17 07:19:40,355 | INFO | 
  Batch 2/2 (21 assets)
2026-01-17 07:19:40,545 | ERROR | $UNI-USD: possibly delisted; no price data found  (1d 2026-01-08 -> 2026-01-18)
2026-01-17 07:19:43,570 | INFO | 
============================================================
2026-01-17 07:19:43,570 | INFO | Processing EQUITY: 421 assets
2026-01-17 07:19:43,580 | INFO | Schedule: Weekdays 22:00 UTC
2026-01-17 07:19:43,580 | INFO | ============================================================
2026-01-17 07:19:43,580 | INFO |   Market closed for EQUITY today, skipping
2026-01-17 07:19:43,580 | INFO | 
============================================================
2026-01-17 07:19:43,580 | INFO | Processing FX: 24 assets
2026-01-17 07:19:43,580 | INFO | Schedule: Sun-Thu 22:00 UTC
2026-01-17 07:19:43,580 | INFO | ============================================================
2026-01-17 07:19:43,580 | INFO |   Market closed for FX today, skipping
2026-01-17 07:19:43,582 | WARNING | Heartbeat recording failed: relation "fhq_monitoring.system_heartbeats" does not exist
LINE 2:                 INSERT INTO fhq_monitoring.system_heartbeats...
                                    ^

2026-01-17 07:19:43,584 | INFO | 
======================================================================
2026-01-17 07:19:43,584 | INFO | DAILY INGEST COMPLETE
2026-01-17 07:19:43,585 | INFO | ======================================================================
2026-01-17 07:19:43,585 | INFO | Assets Processed: 46
2026-01-17 07:19:43,585 | INFO | Assets Updated:   0
2026-01-17 07:19:43,585 | INFO | Rows Inserted:    0
2026-01-17 07:19:43,585 | INFO |   CRYPTO: 0 assets, 0 rows
2026-01-17 07:19:43,585 | INFO | Evidence: C:\fhq-market-system\vision-ios\03_FUNCTIONS\evidence\IOS001_DAILY_INGEST_39ffc567_20260117_071943.json
2026-01-17 07:19:43,585 | INFO | ======================================================================
