2025-12-22 18:12:40,217 | INFO | ======================================================================
2025-12-22 18:12:40,217 | INFO | IoS-001 DAILY PRICE INGEST
2025-12-22 18:12:40,217 | INFO | Executor: LINE (EC-004)
2025-12-22 18:12:40,217 | INFO | Authority: CEO_DIRECTIVE_LINE_DAILY_INGEST_ACTIVATION_20251212
2025-12-22 18:12:40,217 | INFO | Time: 2025-12-22T17:12:40.217995+00:00
2025-12-22 18:12:40,217 | INFO | Asset Class Filter: ALL
2025-12-22 18:12:40,217 | INFO | Dry Run: False
2025-12-22 18:12:40,217 | INFO | ======================================================================
2025-12-22 18:12:40,391 | INFO | Found 463 VEGA-attested assets
2025-12-22 18:12:40,391 | INFO | 
============================================================
2025-12-22 18:12:40,391 | INFO | Processing CRYPTO: 45 assets
2025-12-22 18:12:40,391 | INFO | Schedule: Daily 01:00 UTC
2025-12-22 18:12:40,391 | INFO | ============================================================
2025-12-22 18:12:40,391 | INFO | 
  Batch 1/2 (25 assets)
2025-12-22 18:12:40,463 | INFO |   Batch complete, waiting 60s...
2025-12-22 18:13:40,466 | INFO | 
  Batch 2/2 (20 assets)
2025-12-22 18:13:40,513 | INFO | 
============================================================
2025-12-22 18:13:40,513 | INFO | Processing EQUITY: 394 assets
2025-12-22 18:13:40,513 | INFO | Schedule: Weekdays 22:00 UTC
2025-12-22 18:13:40,513 | INFO | ============================================================
2025-12-22 18:13:40,513 | INFO | 
  Batch 1/16 (25 assets)
2025-12-22 18:13:40,544 | INFO |   Batch complete, waiting 60s...
2025-12-22 18:14:40,548 | INFO | 
  Batch 2/16 (25 assets)
2025-12-22 18:14:44,260 | WARNING |   [AMT] Fetch error: Too Many Requests. Rate limited. Try after a while.
2025-12-22 18:14:48,422 | WARNING |   [AON] Fetch error: Too Many Requests. Rate limited. Try after a while.
2025-12-22 18:14:52,465 | WARNING |   [APD] Fetch error: Too Many Requests. Rate limited. Try after a while.
2025-12-22 18:14:56,585 | WARNING |   [ATO.PA] Fetch error: Too Many Requests. Rate limited. Try after a while.
2025-12-22 18:15:01,056 | WARNING |   [AUSS.OL] Fetch error: Too Many Requests. Rate limited. Try after a while.
2025-12-22 18:15:05,098 | WARNING |   [AUTO.OL] Fetch error: Too Many Requests. Rate limited. Try after a while.
2025-12-22 18:15:09,460 | WARNING |   [AV.L] Fetch error: Too Many Requests. Rate limited. Try after a while.
2025-12-22 18:15:13,710 | WARNING |   [AVB] Fetch error: Too Many Requests. Rate limited. Try after a while.
2025-12-22 18:15:17,977 | WARNING |   [AVGO] Fetch error: Too Many Requests. Rate limited. Try after a while.
2025-12-22 18:15:22,011 | WARNING |   [AWK] Fetch error: Too Many Requests. Rate limited. Try after a while.
2025-12-22 18:15:26,417 | WARNING |   [AXP] Fetch error: Too Many Requests. Rate limited. Try after a while.
2025-12-22 18:15:30,175 | WARNING |   [AZN.L] Fetch error: Too Many Requests. Rate limited. Try after a while.
2025-12-22 18:15:34,491 | WARNING |   [AZO] Fetch error: Too Many Requests. Rate limited. Try after a while.
2025-12-22 18:15:38,567 | WARNING |   [BA] Fetch error: Too Many Requests. Rate limited. Try after a while.
2025-12-22 18:15:43,133 | WARNING |   [BA.L] Fetch error: Too Many Requests. Rate limited. Try after a while.
2025-12-22 18:15:47,241 | WARNING |   [BAC] Fetch error: Too Many Requests. Rate limited. Try after a while.
2025-12-22 18:15:51,341 | WARNING |   [BAKKA.OL] Fetch error: Too Many Requests. Rate limited. Try after a while.
2025-12-22 18:15:55,578 | WARNING |   [BARC.L] Fetch error: Too Many Requests. Rate limited. Try after a while.
2025-12-22 18:15:59,449 | WARNING |   [BAS.DE] Fetch error: Too Many Requests. Rate limited. Try after a while.
2025-12-22 18:16:03,578 | WARNING |   [BATS.L] Fetch error: Too Many Requests. Rate limited. Try after a while.
2025-12-22 18:16:07,511 | WARNING |   [BAYN.DE] Fetch error: Too Many Requests. Rate limited. Try after a while.
2025-12-22 18:16:11,732 | WARNING |   [BEI.DE] Fetch error: Too Many Requests. Rate limited. Try after a while.
2025-12-22 18:16:15,871 | WARNING |   [BEWI.OL] Fetch error: Too Many Requests. Rate limited. Try after a while.
2025-12-22 18:16:18,878 | INFO |   Batch complete, waiting 60s...
2025-12-22 18:17:18,879 | INFO | 
  Batch 3/16 (25 assets)
2025-12-22 18:17:20,816 | WARNING |   [BHP.L] Fetch error: Too Many Requests. Rate limited. Try after a while.
2025-12-22 18:17:25,049 | WARNING |   [BKNG] Fetch error: Too Many Requests. Rate limited. Try after a while.
2025-12-22 18:17:29,820 | WARNING |   [BKR] Fetch error: Too Many Requests. Rate limited. Try after a while.
2025-12-22 18:17:33,990 | WARNING |   [BLK] Fetch error: Too Many Requests. Rate limited. Try after a while.
2025-12-22 18:17:37,917 | WARNING |   [BMW.DE] Fetch error: Too Many Requests. Rate limited. Try after a while.
