2025-12-29 06:37:05,341 | INFO | ======================================================================
2025-12-29 06:37:05,341 | INFO | IoS-001 DAILY PRICE INGEST
2025-12-29 06:37:05,341 | INFO | Executor: LINE (EC-004)
2025-12-29 06:37:05,341 | INFO | Authority: CEO_DIRECTIVE_LINE_DAILY_INGEST_ACTIVATION_20251212
2025-12-29 06:37:05,341 | INFO | Time: 2025-12-29T05:37:05.341948+00:00
2025-12-29 06:37:05,341 | INFO | Asset Class Filter: ALL
2025-12-29 06:37:05,341 | INFO | Dry Run: False
2025-12-29 06:37:05,341 | INFO | ======================================================================
2025-12-29 06:37:05,840 | INFO | Found 490 VEGA-attested assets
2025-12-29 06:37:05,840 | INFO | 
============================================================
2025-12-29 06:37:05,840 | INFO | Processing CRYPTO: 46 assets
2025-12-29 06:37:05,840 | INFO | Schedule: Daily 01:00 UTC
2025-12-29 06:37:05,840 | INFO | ============================================================
2025-12-29 06:37:05,840 | INFO | 
  Batch 1/2 (25 assets)
2025-12-29 06:37:05,881 | INFO |   Batch complete, waiting 60s...
2025-12-29 06:38:05,884 | INFO | 
  Batch 2/2 (21 assets)
2025-12-29 06:38:05,968 | INFO | 
============================================================
2025-12-29 06:38:05,968 | INFO | Processing EQUITY: 420 assets
2025-12-29 06:38:05,968 | INFO | Schedule: Weekdays 22:00 UTC
2025-12-29 06:38:05,968 | INFO | ============================================================
2025-12-29 06:38:05,968 | INFO | 
  Batch 1/17 (25 assets)
2025-12-29 06:38:09,090 | WARNING |   [1COV.DE] Fetch error: Too Many Requests. Rate limited. Try after a while.
2025-12-29 06:38:13,185 | WARNING |   [ABBV] Fetch error: Too Many Requests. Rate limited. Try after a while.
2025-12-29 06:38:17,365 | WARNING |   [ABNB] Fetch error: Too Many Requests. Rate limited. Try after a while.
2025-12-29 06:38:21,337 | WARNING |   [ABT] Fetch error: Too Many Requests. Rate limited. Try after a while.
2025-12-29 06:38:25,882 | WARNING |   [ACA.PA] Fetch error: Too Many Requests. Rate limited. Try after a while.
2025-12-29 06:38:30,118 | WARNING |   [ADBE] Fetch error: Too Many Requests. Rate limited. Try after a while.
2025-12-29 06:38:34,071 | WARNING |   [ADI] Fetch error: Too Many Requests. Rate limited. Try after a while.
2025-12-29 06:38:38,466 | WARNING |   [ADS.DE] Fetch error: Too Many Requests. Rate limited. Try after a while.
2025-12-29 06:38:42,927 | WARNING |   [ADSK] Fetch error: Too Many Requests. Rate limited. Try after a while.
2025-12-29 06:38:47,571 | WARNING |   [AEP] Fetch error: Too Many Requests. Rate limited. Try after a while.
2025-12-29 06:38:51,527 | WARNING |   [AFL] Fetch error: Too Many Requests. Rate limited. Try after a while.
2025-12-29 06:38:55,820 | WARNING |   [AI.PA] Fetch error: Too Many Requests. Rate limited. Try after a while.
2025-12-29 06:38:59,758 | WARNING |   [AIG] Fetch error: Too Many Requests. Rate limited. Try after a while.
2025-12-29 06:39:03,759 | WARNING |   [AIR.DE] Fetch error: Too Many Requests. Rate limited. Try after a while.
2025-12-29 06:39:08,005 | WARNING |   [AIR.PA] Fetch error: Too Many Requests. Rate limited. Try after a while.
2025-12-29 06:39:12,107 | WARNING |   [AKAM] Fetch error: Too Many Requests. Rate limited. Try after a while.
2025-12-29 06:39:16,146 | WARNING |   [AKER.OL] Fetch error: Too Many Requests. Rate limited. Try after a while.
2025-12-29 06:39:20,373 | WARNING |   [AKRBP.OL] Fetch error: Too Many Requests. Rate limited. Try after a while.
2025-12-29 06:39:24,457 | WARNING |   [AKSO.OL] Fetch error: Too Many Requests. Rate limited. Try after a while.
2025-12-29 06:39:28,426 | WARNING |   [AKVA.OL] Fetch error: Too Many Requests. Rate limited. Try after a while.
2025-12-29 06:39:32,611 | WARNING |   [ALB] Fetch error: Too Many Requests. Rate limited. Try after a while.
2025-12-29 06:39:36,731 | WARNING |   [ALL] Fetch error: Too Many Requests. Rate limited. Try after a while.
2025-12-29 06:39:40,924 | WARNING |   [ALO.PA] Fetch error: Too Many Requests. Rate limited. Try after a while.
2025-12-29 06:39:45,158 | WARNING |   [ALV.DE] Fetch error: Too Many Requests. Rate limited. Try after a while.
2025-12-29 06:39:49,177 | WARNING |   [AMAT] Fetch error: Too Many Requests. Rate limited. Try after a while.
2025-12-29 06:39:52,185 | INFO |   Batch complete, waiting 60s...
2025-12-29 06:40:52,186 | INFO | 
  Batch 2/17 (25 assets)
2025-12-29 06:40:54,086 | WARNING |   [AMD] Fetch error: Too Many Requests. Rate limited. Try after a while.
2025-12-29 06:40:58,571 | WARNING |   [AMGN] Fetch error: Too Many Requests. Rate limited. Try after a while.
2025-12-29 06:41:02,561 | WARNING |   [AMT] Fetch error: Too Many Requests. Rate limited. Try after a while.
2025-12-29 06:41:06,881 | WARNING |   [AMZN] Fetch error: Too Many Requests. Rate limited. Try after a while.
2025-12-29 06:41:10,979 | WARNING |   [AON] Fetch error: Too Many Requests. Rate limited. Try after a while.
2025-12-29 06:41:14,954 | WARNING |   [APD] Fetch error: Too Many Requests. Rate limited. Try after a while.
2025-12-29 06:41:19,081 | WARNING |   [ASML] Fetch error: Too Many Requests. Rate limited. Try after a while.
2025-12-29 06:41:23,336 | WARNING |   [ATO.PA] Fetch error: Too Many Requests. Rate limited. Try after a while.
2025-12-29 06:41:27,329 | WARNING |   [AUSS.OL] Fetch error: Too Many Requests. Rate limited. Try after a while.
2025-12-29 06:41:31,626 | WARNING |   [AUTO.OL] Fetch error: Too Many Requests. Rate limited. Try after a while.
2025-12-29 06:41:35,994 | WARNING |   [AV.L] Fetch error: Too Many Requests. Rate limited. Try after a while.
2025-12-29 06:41:40,672 | WARNING |   [AVB] Fetch error: Too Many Requests. Rate limited. Try after a while.
2025-12-29 06:41:44,670 | WARNING |   [AVGO] Fetch error: Too Many Requests. Rate limited. Try after a while.
2025-12-29 06:41:48,870 | WARNING |   [AWK] Fetch error: Too Many Requests. Rate limited. Try after a while.
2025-12-29 06:41:52,806 | WARNING |   [AXP] Fetch error: Too Many Requests. Rate limited. Try after a while.
2025-12-29 06:41:57,131 | WARNING |   [AZN.L] Fetch error: Too Many Requests. Rate limited. Try after a while.
2025-12-29 06:42:01,062 | WARNING |   [AZO] Fetch error: Too Many Requests. Rate limited. Try after a while.
