2026-01-26 22:24:30,766 | INFO | ======================================================================
2026-01-26 22:24:30,767 | INFO | IoS-001 DAILY PRICE INGEST
2026-01-26 22:24:30,768 | INFO | Executor: LINE (EC-004)
2026-01-26 22:24:30,769 | INFO | Authority: CEO_DIRECTIVE_LINE_DAILY_INGEST_ACTIVATION_20251212
2026-01-26 22:24:30,769 | INFO | Time: 2026-01-26T21:24:30.769079+00:00
2026-01-26 22:24:30,770 | INFO | Asset Class Filter: ALL
2026-01-26 22:24:30,770 | INFO | Dry Run: False
2026-01-26 22:24:30,771 | INFO | ======================================================================
2026-01-26 22:24:48,566 | INFO | Found 491 VEGA-attested assets
2026-01-26 22:24:48,568 | INFO | 
============================================================
2026-01-26 22:24:48,570 | INFO | Processing CRYPTO: 46 assets
2026-01-26 22:24:48,570 | INFO | Schedule: Daily 01:00 UTC
2026-01-26 22:24:48,571 | INFO | ============================================================
2026-01-26 22:24:48,572 | INFO | 
  Batch 1/2 (25 assets)
2026-01-26 22:25:18,549 | ERROR | $GRT-USD: possibly delisted; no price data found  (1d 2026-01-26 -> 2026-01-27)
2026-01-26 22:25:21,631 | INFO |   Batch complete, waiting 60s...
2026-01-26 22:26:21,635 | INFO | 
  Batch 2/2 (21 assets)
2026-01-26 22:26:21,887 | ERROR | $UNI-USD: possibly delisted; no price data found  (1d 2026-01-23 -> 2026-01-27)
2026-01-26 22:26:24,969 | INFO | 
============================================================
2026-01-26 22:26:24,970 | INFO | Processing EQUITY: 421 assets
2026-01-26 22:26:24,971 | INFO | Schedule: Weekdays 22:00 UTC
2026-01-26 22:26:24,971 | INFO | ============================================================
2026-01-26 22:26:24,972 | INFO | 
  Batch 1/17 (25 assets)
2026-01-26 22:26:26,661 | ERROR | $1COV.DE: possibly delisted; no price data found  (1d 2025-12-24 -> 2026-01-27)
2026-01-26 22:26:29,848 | INFO |   Batch complete, waiting 60s...
2026-01-26 22:27:29,850 | INFO | 
  Batch 2/17 (25 assets)
2026-01-26 22:27:29,931 | INFO |   Batch complete, waiting 60s...
2026-01-26 22:28:29,932 | INFO | 
  Batch 3/17 (25 assets)
2026-01-26 22:28:39,213 | ERROR | $BRK.B: possibly delisted; no timezone found
