2026-02-13 04:10:34,661 | INFO | ======================================================================
2026-02-13 04:10:34,661 | INFO | IoS-001 DAILY PRICE INGEST
2026-02-13 04:10:34,661 | INFO | Executor: LINE (EC-004)
2026-02-13 04:10:34,661 | INFO | Authority: CEO_DIRECTIVE_LINE_DAILY_INGEST_ACTIVATION_20251212
2026-02-13 04:10:34,662 | INFO | Amendment: CEO-DIR-2026-119 (Rate Limit Mitigation)
2026-02-13 04:10:34,662 | INFO | Time: 2026-02-13T03:10:34.662325+00:00
2026-02-13 04:10:34,662 | INFO | Asset Class Filter: ALL
2026-02-13 04:10:34,662 | INFO | Batch Mode: True
2026-02-13 04:10:34,662 | INFO | Dry Run: False
2026-02-13 04:10:34,663 | INFO | ======================================================================
2026-02-13 04:10:35,101 | INFO | Found 491 VEGA-attested assets
2026-02-13 04:10:35,101 | INFO | 
============================================================
2026-02-13 04:10:35,102 | INFO | Processing CRYPTO: 46 assets
2026-02-13 04:10:35,102 | INFO | Schedule: Daily 01:00 UTC
2026-02-13 04:10:35,102 | INFO | ============================================================
2026-02-13 04:10:35,102 | INFO |   Using BATCH MODE (CEO-DIR-2026-119)
2026-02-13 04:10:35,102 | INFO | 
  Batch 1/5 (10 tickers)
2026-02-13 04:10:35,185 | INFO |     All assets up to date
2026-02-13 04:10:35,185 | INFO | 
  Batch 2/5 (10 tickers)
2026-02-13 04:10:35,225 | INFO |     Batch download: 1 tickers
2026-02-13 04:10:37,121 | ERROR | 
1 Failed download:
2026-02-13 04:10:37,121 | ERROR | ['GRT-USD']: YFPricesMissingError('possibly delisted; no price data found  (1d 2026-02-13 -> 2026-02-14)')
2026-02-13 04:10:37,121 | INFO |   Batch complete, waiting 120s...
2026-02-13 04:12:37,129 | INFO | 
  Batch 3/5 (10 tickers)
2026-02-13 04:12:37,210 | INFO |     All assets up to date
2026-02-13 04:12:37,210 | INFO | 
  Batch 4/5 (10 tickers)
2026-02-13 04:12:37,265 | INFO |     Batch download: 1 tickers
2026-02-13 04:12:37,688 | ERROR | 
1 Failed download:
2026-02-13 04:12:37,688 | ERROR | ['UNI-USD']: YFPricesMissingError('possibly delisted; no price data found  (1d 2026-02-12 -> 2026-02-14)')
2026-02-13 04:12:37,688 | INFO |   Batch complete, waiting 120s...
2026-02-13 04:14:37,696 | INFO | 
  Batch 5/5 (6 tickers)
2026-02-13 04:14:37,734 | INFO |     All assets up to date
2026-02-13 04:14:37,734 | INFO | 
============================================================
2026-02-13 04:14:37,734 | INFO | Processing EQUITY: 421 assets
2026-02-13 04:14:37,734 | INFO | Schedule: Weekdays 22:00 UTC
2026-02-13 04:14:37,734 | INFO | ============================================================
2026-02-13 04:14:37,734 | INFO |   Using BATCH MODE (CEO-DIR-2026-119)
2026-02-13 04:14:37,735 | INFO | 
  Batch 1/43 (10 tickers)
2026-02-13 04:14:37,757 | INFO |     Batch download: 10 tickers
2026-02-13 04:14:39,664 | ERROR | 
1 Failed download:
2026-02-13 04:14:39,664 | ERROR | ['1COV.DE']: YFPricesMissingError('possibly delisted; no price data found  (1d 2025-12-24 -> 2026-02-14)')
2026-02-13 04:14:39,710 | INFO |     [ABBV] +34 rows
2026-02-13 04:14:39,719 | INFO |     [ABNB] +34 rows
2026-02-13 04:14:39,729 | INFO |     [ABT] +34 rows
2026-02-13 04:14:39,739 | INFO |     [ACA.PA] +34 rows
2026-02-13 04:14:39,754 | INFO |     [ADBE] +34 rows
2026-02-13 04:14:39,761 | INFO |     [ADI] +34 rows
2026-02-13 04:14:39,782 | INFO |     [ADS.DE] +32 rows
2026-02-13 04:14:39,802 | INFO |     [ADSK] +34 rows
2026-02-13 04:14:39,812 | INFO |     [AEP] +34 rows
2026-02-13 04:14:39,812 | INFO |   Batch complete, waiting 120s...
