2026-02-03 11:29:47,151 | INFO | ======================================================================
2026-02-03 11:29:47,151 | INFO | IoS-001 DAILY PRICE INGEST
2026-02-03 11:29:47,151 | INFO | Executor: LINE (EC-004)
2026-02-03 11:29:47,151 | INFO | Authority: CEO_DIRECTIVE_LINE_DAILY_INGEST_ACTIVATION_20251212
2026-02-03 11:29:47,151 | INFO | Time: 2026-02-03T10:29:47.151761+00:00
2026-02-03 11:29:47,151 | INFO | Asset Class Filter: ALL
2026-02-03 11:29:47,151 | INFO | Dry Run: False
2026-02-03 11:29:47,151 | INFO | ======================================================================
2026-02-03 11:29:47,450 | INFO | Found 491 VEGA-attested assets
2026-02-03 11:29:47,450 | INFO | 
============================================================
2026-02-03 11:29:47,450 | INFO | Processing CRYPTO: 46 assets
2026-02-03 11:29:47,450 | INFO | Schedule: Daily 01:00 UTC
2026-02-03 11:29:47,450 | INFO | ============================================================
2026-02-03 11:29:47,450 | INFO | 
  Batch 1/2 (25 assets)
2026-02-03 11:29:50,809 | WARNING |   [GRT-USD] Fetch error: Too Many Requests. Rate limited. Try after a while.
2026-02-03 11:29:53,846 | INFO |   Batch complete, waiting 60s...
2026-02-03 11:30:53,852 | INFO | 
  Batch 2/2 (21 assets)
2026-02-03 11:30:55,510 | WARNING |   [UNI-USD] Fetch error: Too Many Requests. Rate limited. Try after a while.
2026-02-03 11:30:58,540 | INFO | 
============================================================
2026-02-03 11:30:58,540 | INFO | Processing EQUITY: 421 assets
2026-02-03 11:30:58,541 | INFO | Schedule: Weekdays 22:00 UTC
2026-02-03 11:30:58,541 | INFO | ============================================================
2026-02-03 11:30:58,541 | INFO | 
  Batch 1/17 (25 assets)
2026-02-03 11:30:59,866 | WARNING |   [1COV.DE] Fetch error: Too Many Requests. Rate limited. Try after a while.
2026-02-03 11:31:03,973 | WARNING |   [ABBV] Fetch error: Too Many Requests. Rate limited. Try after a while.
2026-02-03 11:31:08,385 | WARNING |   [ABNB] Fetch error: Too Many Requests. Rate limited. Try after a while.
2026-02-03 11:31:12,377 | WARNING |   [ABT] Fetch error: Too Many Requests. Rate limited. Try after a while.
2026-02-03 11:31:16,389 | WARNING |   [ADBE] Fetch error: Too Many Requests. Rate limited. Try after a while.
2026-02-03 11:31:20,815 | WARNING |   [ADI] Fetch error: Too Many Requests. Rate limited. Try after a while.
2026-02-03 11:31:24,846 | WARNING |   [ADSK] Fetch error: Too Many Requests. Rate limited. Try after a while.
2026-02-03 11:31:28,942 | WARNING |   [AEP] Fetch error: Too Many Requests. Rate limited. Try after a while.
2026-02-03 11:31:32,840 | WARNING |   [AFL] Fetch error: Too Many Requests. Rate limited. Try after a while.
2026-02-03 11:31:36,904 | WARNING |   [AIG] Fetch error: Too Many Requests. Rate limited. Try after a while.
2026-02-03 11:31:40,946 | WARNING |   [AKAM] Fetch error: Too Many Requests. Rate limited. Try after a while.
2026-02-03 11:31:45,094 | WARNING |   [ALB] Fetch error: Too Many Requests. Rate limited. Try after a while.
2026-02-03 11:31:49,336 | WARNING |   [ALL] Fetch error: Too Many Requests. Rate limited. Try after a while.
2026-02-03 11:31:53,517 | WARNING |   [AMAT] Fetch error: Too Many Requests. Rate limited. Try after a while.
2026-02-03 11:31:56,526 | INFO |   Batch complete, waiting 60s...
2026-02-03 11:32:56,528 | INFO | 
  Batch 2/17 (25 assets)
2026-02-03 11:32:58,447 | WARNING |   [AMD] Fetch error: Too Many Requests. Rate limited. Try after a while.
2026-02-03 11:33:02,575 | WARNING |   [AMGN] Fetch error: Too Many Requests. Rate limited. Try after a while.
2026-02-03 11:33:06,877 | WARNING |   [AMT] Fetch error: Too Many Requests. Rate limited. Try after a while.
2026-02-03 11:33:10,790 | WARNING |   [AMZN] Fetch error: Too Many Requests. Rate limited. Try after a while.
2026-02-03 11:33:14,870 | WARNING |   [AON] Fetch error: Too Many Requests. Rate limited. Try after a while.
2026-02-03 11:33:18,918 | WARNING |   [APD] Fetch error: Too Many Requests. Rate limited. Try after a while.
2026-02-03 11:33:22,876 | WARNING |   [ASML] Fetch error: Too Many Requests. Rate limited. Try after a while.
2026-02-03 11:33:26,984 | WARNING |   [AVB] Fetch error: Too Many Requests. Rate limited. Try after a while.
2026-02-03 11:33:31,212 | WARNING |   [AVGO] Fetch error: Too Many Requests. Rate limited. Try after a while.
2026-02-03 11:33:35,273 | WARNING |   [AWK] Fetch error: Too Many Requests. Rate limited. Try after a while.
2026-02-03 11:33:39,480 | WARNING |   [AXP] Fetch error: Too Many Requests. Rate limited. Try after a while.
2026-02-03 11:33:43,501 | WARNING |   [AZO] Fetch error: Too Many Requests. Rate limited. Try after a while.
2026-02-03 11:33:47,867 | WARNING |   [BA] Fetch error: Too Many Requests. Rate limited. Try after a while.
2026-02-03 11:33:51,756 | WARNING |   [BAC] Fetch error: Too Many Requests. Rate limited. Try after a while.
2026-02-03 11:33:54,767 | INFO |   Batch complete, waiting 60s...
