2026-01-25 14:16:15,711 | INFO | ======================================================================
2026-01-25 14:16:15,711 | INFO | IoS-001 DAILY PRICE INGEST
2026-01-25 14:16:15,711 | INFO | Executor: LINE (EC-004)
2026-01-25 14:16:15,711 | INFO | Authority: CEO_DIRECTIVE_LINE_DAILY_INGEST_ACTIVATION_20251212
2026-01-25 14:16:15,711 | INFO | Time: 2026-01-25T13:16:15.711499+00:00
2026-01-25 14:16:15,711 | INFO | Asset Class Filter: ALL
2026-01-25 14:16:15,711 | INFO | Dry Run: False
2026-01-25 14:16:15,711 | INFO | ======================================================================
2026-01-25 14:16:15,983 | INFO | Found 491 VEGA-attested assets
2026-01-25 14:16:15,984 | INFO | 
============================================================
2026-01-25 14:16:15,984 | INFO | Processing CRYPTO: 46 assets
2026-01-25 14:16:15,984 | INFO | Schedule: Daily 01:00 UTC
2026-01-25 14:16:15,984 | INFO | ============================================================
2026-01-25 14:16:15,984 | INFO | 
  Batch 1/2 (25 assets)
2026-01-25 14:16:19,249 | WARNING |   [GRT-USD] Fetch error: Too Many Requests. Rate limited. Try after a while.
2026-01-25 14:16:22,268 | INFO |   Batch complete, waiting 60s...
2026-01-25 14:17:22,277 | INFO | 
  Batch 2/2 (21 assets)
2026-01-25 14:17:24,135 | WARNING |   [UNI-USD] Fetch error: Too Many Requests. Rate limited. Try after a while.
2026-01-25 14:17:27,204 | INFO | 
============================================================
2026-01-25 14:17:27,204 | INFO | Processing EQUITY: 421 assets
2026-01-25 14:17:27,210 | INFO | Schedule: Weekdays 22:00 UTC
2026-01-25 14:17:27,210 | INFO | ============================================================
2026-01-25 14:17:27,211 | INFO |   Market closed for EQUITY today, skipping
2026-01-25 14:17:27,211 | INFO | 
============================================================
2026-01-25 14:17:27,211 | INFO | Processing FX: 24 assets
2026-01-25 14:17:27,211 | INFO | Schedule: Sun-Thu 22:00 UTC
2026-01-25 14:17:27,211 | INFO | ============================================================
2026-01-25 14:17:27,211 | INFO | 
  Batch 1/1 (24 assets)
2026-01-25 14:17:28,286 | WARNING |   [AUDJPY=X] Fetch error: Too Many Requests. Rate limited. Try after a while.
2026-01-25 14:17:32,821 | WARNING |   [CADJPY=X] Fetch error: Too Many Requests. Rate limited. Try after a while.
2026-01-25 14:17:36,661 | WARNING |   [CHFJPY=X] Fetch error: Too Many Requests. Rate limited. Try after a while.
2026-01-25 14:17:40,828 | WARNING |   [EURAUD=X] Fetch error: Too Many Requests. Rate limited. Try after a while.
2026-01-25 14:17:44,812 | WARNING |   [EURCHF=X] Fetch error: Too Many Requests. Rate limited. Try after a while.
2026-01-25 14:17:49,005 | WARNING |   [EURGBP=X] Fetch error: Too Many Requests. Rate limited. Try after a while.
2026-01-25 14:17:52,967 | WARNING |   [EURJPY=X] Fetch error: Too Many Requests. Rate limited. Try after a while.
2026-01-25 14:17:57,067 | WARNING |   [EURNOK=X] Fetch error: Too Many Requests. Rate limited. Try after a while.
2026-01-25 14:18:01,053 | WARNING |   [EURSEK=X] Fetch error: Too Many Requests. Rate limited. Try after a while.
2026-01-25 14:18:05,063 | WARNING |   [EURUSD=X] Fetch error: Too Many Requests. Rate limited. Try after a while.
2026-01-25 14:18:09,433 | WARNING |   [GBPJPY=X] Fetch error: Too Many Requests. Rate limited. Try after a while.
2026-01-25 14:18:13,804 | WARNING |   [GBPUSD=X] Fetch error: Too Many Requests. Rate limited. Try after a while.
2026-01-25 14:18:17,705 | WARNING |   [USDJPY=X] Fetch error: Too Many Requests. Rate limited. Try after a while.
2026-01-25 14:18:21,593 | WARNING |   [USDMXN=X] Fetch error: Too Many Requests. Rate limited. Try after a while.
2026-01-25 14:18:25,474 | WARNING |   [USDNOK=X] Fetch error: Too Many Requests. Rate limited. Try after a while.
2026-01-25 14:18:30,102 | WARNING |   [USDSEK=X] Fetch error: Too Many Requests. Rate limited. Try after a while.
2026-01-25 14:18:34,010 | WARNING |   [USDTRY=X] Fetch error: Too Many Requests. Rate limited. Try after a while.
2026-01-25 14:18:37,025 | WARNING | Heartbeat recording failed: relation "fhq_monitoring.system_heartbeats" does not exist
LINE 2:                 INSERT INTO fhq_monitoring.system_heartbeats...
                                    ^

2026-01-25 14:18:37,025 | INFO | 
======================================================================
2026-01-25 14:18:37,025 | INFO | DAILY INGEST COMPLETE
2026-01-25 14:18:37,036 | INFO | ======================================================================
2026-01-25 14:18:37,036 | INFO | Assets Processed: 70
2026-01-25 14:18:37,036 | INFO | Assets Updated:   0
2026-01-25 14:18:37,036 | INFO | Rows Inserted:    0
2026-01-25 14:18:37,036 | INFO |   CRYPTO: 0 assets, 0 rows
2026-01-25 14:18:37,036 | INFO |   FX: 0 assets, 0 rows
2026-01-25 14:18:37,036 | INFO | Evidence: C:\fhq-market-system\vision-ios\03_FUNCTIONS\evidence\IOS001_DAILY_INGEST_3c98453b_20260125_141837.json
2026-01-25 14:18:37,036 | INFO | ======================================================================
