2026-02-03 12:48:47,520 | INFO | ======================================================================
2026-02-03 12:48:47,521 | INFO | IoS-001 DAILY PRICE INGEST
2026-02-03 12:48:47,521 | INFO | Executor: LINE (EC-004)
2026-02-03 12:48:47,521 | INFO | Authority: CEO_DIRECTIVE_LINE_DAILY_INGEST_ACTIVATION_20251212
2026-02-03 12:48:47,522 | INFO | Time: 2026-02-03T11:48:47.522225+00:00
2026-02-03 12:48:47,522 | INFO | Asset Class Filter: ALL
2026-02-03 12:48:47,522 | INFO | Dry Run: False
2026-02-03 12:48:47,522 | INFO | ======================================================================
2026-02-03 12:48:47,935 | INFO | Found 491 VEGA-attested assets
2026-02-03 12:48:47,936 | INFO | 
============================================================
2026-02-03 12:48:47,936 | INFO | Processing CRYPTO: 46 assets
2026-02-03 12:48:47,936 | INFO | Schedule: Daily 01:00 UTC
2026-02-03 12:48:47,937 | INFO | ============================================================
2026-02-03 12:48:47,937 | INFO | 
  Batch 1/2 (25 assets)
2026-02-03 12:48:51,462 | WARNING |   [GRT-USD] Fetch error: Too Many Requests. Rate limited. Try after a while.
2026-02-03 12:48:54,488 | INFO |   Batch complete, waiting 60s...
2026-02-03 12:49:54,490 | INFO | 
  Batch 2/2 (21 assets)
2026-02-03 12:49:56,200 | WARNING |   [UNI-USD] Fetch error: Too Many Requests. Rate limited. Try after a while.
2026-02-03 12:49:59,238 | INFO | 
============================================================
2026-02-03 12:49:59,238 | INFO | Processing EQUITY: 421 assets
2026-02-03 12:49:59,238 | INFO | Schedule: Weekdays 22:00 UTC
2026-02-03 12:49:59,238 | INFO | ============================================================
2026-02-03 12:49:59,238 | INFO | 
  Batch 1/17 (25 assets)
2026-02-03 12:50:00,217 | WARNING |   [1COV.DE] Fetch error: Too Many Requests. Rate limited. Try after a while.
2026-02-03 12:50:04,610 | WARNING |   [ABBV] Fetch error: Too Many Requests. Rate limited. Try after a while.
2026-02-03 12:50:08,698 | WARNING |   [ABNB] Fetch error: Too Many Requests. Rate limited. Try after a while.
2026-02-03 12:50:13,140 | WARNING |   [ABT] Fetch error: Too Many Requests. Rate limited. Try after a while.
2026-02-03 12:50:17,171 | WARNING |   [ADBE] Fetch error: Too Many Requests. Rate limited. Try after a while.
2026-02-03 12:50:21,089 | WARNING |   [ADI] Fetch error: Too Many Requests. Rate limited. Try after a while.
2026-02-03 12:50:25,154 | WARNING |   [ADSK] Fetch error: Too Many Requests. Rate limited. Try after a while.
2026-02-03 12:50:29,166 | WARNING |   [AEP] Fetch error: Too Many Requests. Rate limited. Try after a while.
2026-02-03 12:50:33,506 | WARNING |   [AFL] Fetch error: Too Many Requests. Rate limited. Try after a while.
2026-02-03 12:50:37,600 | WARNING |   [AIG] Fetch error: Too Many Requests. Rate limited. Try after a while.
2026-02-03 12:50:42,009 | WARNING |   [AKAM] Fetch error: Too Many Requests. Rate limited. Try after a while.
2026-02-03 12:50:46,031 | WARNING |   [ALB] Fetch error: Too Many Requests. Rate limited. Try after a while.
2026-02-03 12:50:50,085 | WARNING |   [ALL] Fetch error: Too Many Requests. Rate limited. Try after a while.
2026-02-03 12:50:54,114 | WARNING |   [AMAT] Fetch error: Too Many Requests. Rate limited. Try after a while.
2026-02-03 12:50:57,116 | INFO |   Batch complete, waiting 60s...
2026-02-03 12:51:57,117 | INFO | 
  Batch 2/17 (25 assets)
2026-02-03 12:51:59,570 | WARNING |   [AMD] Fetch error: Too Many Requests. Rate limited. Try after a while.
2026-02-03 12:52:03,661 | WARNING |   [AMGN] Fetch error: Too Many Requests. Rate limited. Try after a while.
2026-02-03 12:52:07,631 | WARNING |   [AMT] Fetch error: Too Many Requests. Rate limited. Try after a while.
2026-02-03 12:52:11,769 | WARNING |   [AMZN] Fetch error: Too Many Requests. Rate limited. Try after a while.
2026-02-03 12:52:15,798 | WARNING |   [AON] Fetch error: Too Many Requests. Rate limited. Try after a while.
2026-02-03 12:52:21,480 | WARNING |   [APD] Fetch error: Too Many Requests. Rate limited. Try after a while.
2026-02-03 12:52:25,852 | WARNING |   [ASML] Fetch error: Too Many Requests. Rate limited. Try after a while.
2026-02-03 12:52:30,024 | WARNING |   [AVB] Fetch error: Too Many Requests. Rate limited. Try after a while.
2026-02-03 12:52:34,133 | WARNING |   [AVGO] Fetch error: Too Many Requests. Rate limited. Try after a while.
2026-02-03 12:52:38,066 | WARNING |   [AWK] Fetch error: Too Many Requests. Rate limited. Try after a while.
2026-02-03 12:52:42,343 | WARNING |   [AXP] Fetch error: Too Many Requests. Rate limited. Try after a while.
2026-02-03 12:52:46,304 | WARNING |   [AZO] Fetch error: Too Many Requests. Rate limited. Try after a while.
2026-02-03 12:52:50,387 | WARNING |   [BA] Fetch error: Too Many Requests. Rate limited. Try after a while.
2026-02-03 12:52:54,387 | WARNING |   [BAC] Fetch error: Too Many Requests. Rate limited. Try after a while.
2026-02-03 12:52:57,398 | INFO |   Batch complete, waiting 60s...
