2026-02-06 14:32:14,754 | INFO | Alpaca clients initialized
2026-02-06 14:32:14,754 | INFO | ======================================================================
2026-02-06 14:32:14,754 | INFO | IoS-001 ALPACA PRICE INGEST
2026-02-06 14:32:14,754 | INFO | ======================================================================
2026-02-06 14:32:14,754 | INFO | Executor: LINE (EC-004)
2026-02-06 14:32:14,754 | INFO | Supervisor: STIG (CTO)
2026-02-06 14:32:14,754 | INFO | Authority: IoS-001 G4_CONSTITUTIONAL
2026-02-06 14:32:14,754 | INFO | Timeframe: 1d
2026-02-06 14:32:14,754 | INFO | Asset Class: EQUITY
2026-02-06 14:32:14,754 | INFO | Dry Run: False
2026-02-06 14:32:14,754 | INFO | ======================================================================
2026-02-06 14:32:14,774 | INFO | Found 200 eligible assets
2026-02-06 14:32:14,774 | INFO | 
Fetching 200 US equities...
2026-02-06 14:32:14,774 | INFO |   Batch 1: 50 symbols
2026-02-06 14:32:16,785 | INFO |     Stored 200 records
2026-02-06 14:32:16,785 | INFO |   Batch 2: 50 symbols
2026-02-06 14:32:17,471 | INFO |     Stored 200 records
2026-02-06 14:32:17,471 | INFO |   Batch 3: 50 symbols
2026-02-06 14:32:18,129 | INFO |     Stored 200 records
2026-02-06 14:32:18,129 | INFO |   Batch 4: 50 symbols
2026-02-06 14:32:18,674 | INFO |     Stored 196 records
