2025-12-21 02:13:42,575 | INFO | ======================================================================
2025-12-21 02:13:42,575 | INFO | IoS-001 DAILY PRICE INGEST
2025-12-21 02:13:42,575 | INFO | Executor: LINE (EC-004)
2025-12-21 02:13:42,575 | INFO | Authority: CEO_DIRECTIVE_LINE_DAILY_INGEST_ACTIVATION_20251212
2025-12-21 02:13:42,575 | INFO | Time: 2025-12-21T01:13:42.575880+00:00
2025-12-21 02:13:42,575 | INFO | Asset Class Filter: ALL
2025-12-21 02:13:42,575 | INFO | Dry Run: False
2025-12-21 02:13:42,575 | INFO | ======================================================================
2025-12-21 02:13:42,720 | INFO | Found 463 VEGA-attested assets
2025-12-21 02:13:42,720 | INFO | 
============================================================
2025-12-21 02:13:42,720 | INFO | Processing CRYPTO: 45 assets
2025-12-21 02:13:42,720 | INFO | Schedule: Daily 01:00 UTC
2025-12-21 02:13:42,720 | INFO | ============================================================
2025-12-21 02:13:42,720 | INFO | 
  Batch 1/2 (25 assets)
2025-12-21 02:13:45,634 | WARNING |   [ADA-USD] Fetch error: Too Many Requests. Rate limited. Try after a while.
2025-12-21 02:13:49,837 | WARNING |   [ALGO-USD] Fetch error: Too Many Requests. Rate limited. Try after a while.
2025-12-21 02:13:54,301 | WARNING |   [ATOM-USD] Fetch error: Too Many Requests. Rate limited. Try after a while.
2025-12-21 02:13:58,724 | WARNING |   [AXS-USD] Fetch error: Too Many Requests. Rate limited. Try after a while.
2025-12-21 02:14:02,879 | WARNING |   [BNB-USD] Fetch error: Too Many Requests. Rate limited. Try after a while.
2025-12-21 02:14:06,602 | WARNING |   [CHZ-USD] Fetch error: Too Many Requests. Rate limited. Try after a while.
2025-12-21 02:14:10,668 | WARNING |   [CRO-USD] Fetch error: Too Many Requests. Rate limited. Try after a while.
2025-12-21 02:14:14,561 | WARNING |   [EOS-USD] Fetch error: Too Many Requests. Rate limited. Try after a while.
2025-12-21 02:14:18,541 | WARNING |   [ETC-USD] Fetch error: Too Many Requests. Rate limited. Try after a while.
2025-12-21 02:14:22,836 | WARNING |   [FIL-USD] Fetch error: Too Many Requests. Rate limited. Try after a while.
2025-12-21 02:14:26,512 | WARNING |   [FLOW-USD] Fetch error: Too Many Requests. Rate limited. Try after a while.
2025-12-21 02:14:30,456 | WARNING |   [HBAR-USD] Fetch error: Too Many Requests. Rate limited. Try after a while.
2025-12-21 02:14:34,428 | WARNING |   [ICP-USD] Fetch error: Too Many Requests. Rate limited. Try after a while.
2025-12-21 02:14:38,510 | WARNING |   [INJ-USD] Fetch error: Too Many Requests. Rate limited. Try after a while.
2025-12-21 02:14:42,577 | WARNING |   [LDO-USD] Fetch error: Too Many Requests. Rate limited. Try after a while.
2025-12-21 02:14:48,095 | WARNING |   [MANA-USD] Fetch error: Too Many Requests. Rate limited. Try after a while.
2025-12-21 02:14:51,105 | INFO |   Batch complete, waiting 60s...
2025-12-21 02:15:51,107 | INFO | 
  Batch 2/2 (20 assets)
2025-12-21 02:15:52,471 | WARNING |   [MKR-USD] Fetch error: Too Many Requests. Rate limited. Try after a while.
2025-12-21 02:15:56,563 | WARNING |   [NEAR-USD] Fetch error: Too Many Requests. Rate limited. Try after a while.
2025-12-21 02:16:02,042 | WARNING |   [OKB-USD] Fetch error: Too Many Requests. Rate limited. Try after a while.
2025-12-21 02:16:05,892 | WARNING |   [QNT-USD] Fetch error: Too Many Requests. Rate limited. Try after a while.
2025-12-21 02:16:09,752 | WARNING |   [RPL-USD] Fetch error: Too Many Requests. Rate limited. Try after a while.
2025-12-21 02:16:13,798 | WARNING |   [RUNE-USD] Fetch error: Too Many Requests. Rate limited. Try after a while.
2025-12-21 02:16:18,308 | WARNING |   [SAND-USD] Fetch error: Too Many Requests. Rate limited. Try after a while.
2025-12-21 02:16:22,403 | WARNING |   [SNX-USD] Fetch error: Too Many Requests. Rate limited. Try after a while.
2025-12-21 02:16:26,553 | WARNING |   [THETA-USD] Fetch error: Too Many Requests. Rate limited. Try after a while.
2025-12-21 02:16:30,561 | WARNING |   [TRX-USD] Fetch error: Too Many Requests. Rate limited. Try after a while.
2025-12-21 02:16:35,157 | WARNING |   [VET-USD] Fetch error: Too Many Requests. Rate limited. Try after a while.
2025-12-21 02:16:39,093 | WARNING |   [XLM-USD] Fetch error: Too Many Requests. Rate limited. Try after a while.
2025-12-21 02:16:43,015 | WARNING |   [XMR-USD] Fetch error: Too Many Requests. Rate limited. Try after a while.
2025-12-21 02:16:46,948 | WARNING |   [ZEC-USD] Fetch error: Too Many Requests. Rate limited. Try after a while.
2025-12-21 02:16:49,960 | INFO | 
============================================================
2025-12-21 02:16:49,960 | INFO | Processing EQUITY: 394 assets
2025-12-21 02:16:49,960 | INFO | Schedule: Weekdays 22:00 UTC
2025-12-21 02:16:49,960 | INFO | ============================================================
2025-12-21 02:16:49,960 | INFO |   Market closed for EQUITY today, skipping
2025-12-21 02:16:49,960 | INFO | 
============================================================
2025-12-21 02:16:49,960 | INFO | Processing FX: 24 assets
2025-12-21 02:16:49,960 | INFO | Schedule: Sun-Thu 22:00 UTC
2025-12-21 02:16:49,960 | INFO | ============================================================
2025-12-21 02:16:49,960 | INFO | 
  Batch 1/1 (24 assets)
2025-12-21 02:16:50,980 | WARNING |   [AUDJPY=X] Fetch error: Too Many Requests. Rate limited. Try after a while.
2025-12-21 02:16:54,976 | WARNING |   [AUDUSD=X] Fetch error: Too Many Requests. Rate limited. Try after a while.
2025-12-21 02:16:58,885 | WARNING |   [CADJPY=X] Fetch error: Too Many Requests. Rate limited. Try after a while.
2025-12-21 02:17:03,233 | WARNING |   [CHFJPY=X] Fetch error: Too Many Requests. Rate limited. Try after a while.
2025-12-21 02:17:07,498 | WARNING |   [EURAUD=X] Fetch error: Too Many Requests. Rate limited. Try after a while.
2025-12-21 02:17:11,662 | WARNING |   [EURCHF=X] Fetch error: Too Many Requests. Rate limited. Try after a while.
2025-12-21 02:17:15,625 | WARNING |   [EURGBP=X] Fetch error: Too Many Requests. Rate limited. Try after a while.
2025-12-21 02:17:19,894 | WARNING |   [EURJPY=X] Fetch error: Too Many Requests. Rate limited. Try after a while.
2025-12-21 02:17:23,933 | WARNING |   [EURNOK=X] Fetch error: Too Many Requests. Rate limited. Try after a while.
2025-12-21 02:17:27,844 | WARNING |   [EURSEK=X] Fetch error: Too Many Requests. Rate limited. Try after a while.
2025-12-21 02:17:32,064 | WARNING |   [EURUSD=X] Fetch error: Too Many Requests. Rate limited. Try after a while.
2025-12-21 02:17:36,203 | WARNING |   [GBPJPY=X] Fetch error: Too Many Requests. Rate limited. Try after a while.
2025-12-21 02:17:40,267 | WARNING |   [GBPUSD=X] Fetch error: Too Many Requests. Rate limited. Try after a while.
2025-12-21 02:17:44,572 | WARNING |   [NZDUSD=X] Fetch error: Too Many Requests. Rate limited. Try after a while.
2025-12-21 02:17:48,533 | WARNING |   [USDCAD=X] Fetch error: Too Many Requests. Rate limited. Try after a while.
2025-12-21 02:17:52,555 | WARNING |   [USDCHF=X] Fetch error: Too Many Requests. Rate limited. Try after a while.
2025-12-21 02:17:56,439 | WARNING |   [USDHKD=X] Fetch error: Too Many Requests. Rate limited. Try after a while.
2025-12-21 02:18:00,346 | WARNING |   [USDJPY=X] Fetch error: Too Many Requests. Rate limited. Try after a while.
2025-12-21 02:18:04,532 | WARNING |   [USDMXN=X] Fetch error: Too Many Requests. Rate limited. Try after a while.
2025-12-21 02:18:08,338 | WARNING |   [USDNOK=X] Fetch error: Too Many Requests. Rate limited. Try after a while.
2025-12-21 02:18:12,287 | WARNING |   [USDSEK=X] Fetch error: Too Many Requests. Rate limited. Try after a while.
2025-12-21 02:18:16,339 | WARNING |   [USDSGD=X] Fetch error: Too Many Requests. Rate limited. Try after a while.
2025-12-21 02:18:20,298 | WARNING |   [USDTRY=X] Fetch error: Too Many Requests. Rate limited. Try after a while.
2025-12-21 02:18:24,245 | WARNING |   [USDZAR=X] Fetch error: Too Many Requests. Rate limited. Try after a while.
2025-12-21 02:18:27,252 | WARNING | Heartbeat recording failed: relation "fhq_monitoring.system_heartbeats" does not exist
LINE 2:                 INSERT INTO fhq_monitoring.system_heartbeats...
                                    ^

2025-12-21 02:18:27,257 | INFO | 
======================================================================
2025-12-21 02:18:27,257 | INFO | DAILY INGEST COMPLETE
2025-12-21 02:18:27,258 | INFO | ======================================================================
2025-12-21 02:18:27,258 | INFO | Assets Processed: 69
2025-12-21 02:18:27,258 | INFO | Assets Updated:   0
2025-12-21 02:18:27,260 | INFO | Rows Inserted:    0
2025-12-21 02:18:27,260 | INFO |   CRYPTO: 0 assets, 0 rows
2025-12-21 02:18:27,261 | INFO |   FX: 0 assets, 0 rows
2025-12-21 02:18:27,261 | INFO | Evidence: C:\fhq-market-system\vision-ios\03_FUNCTIONS\evidence\IOS001_DAILY_INGEST_192aff51_20251221_021827.json
2025-12-21 02:18:27,261 | INFO | ======================================================================
