2026-01-31 12:27:44,610 | INFO | ======================================================================
2026-01-31 12:27:44,610 | INFO | IoS-001 DAILY PRICE INGEST
2026-01-31 12:27:44,610 | INFO | Executor: LINE (EC-004)
2026-01-31 12:27:44,610 | INFO | Authority: CEO_DIRECTIVE_LINE_DAILY_INGEST_ACTIVATION_20251212
2026-01-31 12:27:44,610 | INFO | Time: 2026-01-31T11:27:44.610304+00:00
2026-01-31 12:27:44,610 | INFO | Asset Class Filter: ALL
2026-01-31 12:27:44,610 | INFO | Dry Run: False
2026-01-31 12:27:44,610 | INFO | ======================================================================
2026-01-31 12:27:44,859 | INFO | Found 491 VEGA-attested assets
2026-01-31 12:27:44,859 | INFO | 
============================================================
2026-01-31 12:27:44,859 | INFO | Processing CRYPTO: 46 assets
2026-01-31 12:27:44,859 | INFO | Schedule: Daily 01:00 UTC
2026-01-31 12:27:44,859 | INFO | ============================================================
2026-01-31 12:27:44,859 | INFO | 
  Batch 1/2 (25 assets)
2026-01-31 12:27:48,005 | WARNING |   [GRT-USD] Fetch error: Too Many Requests. Rate limited. Try after a while.
2026-01-31 12:27:51,027 | INFO |   Batch complete, waiting 60s...
2026-01-31 12:28:51,035 | INFO | 
  Batch 2/2 (21 assets)
2026-01-31 12:28:52,563 | WARNING |   [UNI-USD] Fetch error: Too Many Requests. Rate limited. Try after a while.
2026-01-31 12:28:55,589 | INFO | 
============================================================
2026-01-31 12:28:55,589 | INFO | Processing EQUITY: 421 assets
2026-01-31 12:28:55,589 | INFO | Schedule: Weekdays 22:00 UTC
2026-01-31 12:28:55,589 | INFO | ============================================================
2026-01-31 12:28:55,589 | INFO |   Market closed for EQUITY today, skipping
2026-01-31 12:28:55,589 | INFO | 
============================================================
2026-01-31 12:28:55,589 | INFO | Processing FX: 24 assets
2026-01-31 12:28:55,589 | INFO | Schedule: Sun-Thu 22:00 UTC
2026-01-31 12:28:55,589 | INFO | ============================================================
2026-01-31 12:28:55,589 | INFO |   Market closed for FX today, skipping
2026-01-31 12:28:55,589 | WARNING | Heartbeat recording failed: relation "fhq_monitoring.system_heartbeats" does not exist
LINE 2:                 INSERT INTO fhq_monitoring.system_heartbeats...
                                    ^

2026-01-31 12:28:55,589 | INFO | 
======================================================================
2026-01-31 12:28:55,605 | INFO | DAILY INGEST COMPLETE
2026-01-31 12:28:55,605 | INFO | ======================================================================
2026-01-31 12:28:55,605 | INFO | Assets Processed: 46
2026-01-31 12:28:55,605 | INFO | Assets Updated:   0
2026-01-31 12:28:55,605 | INFO | Rows Inserted:    0
2026-01-31 12:28:55,605 | INFO |   CRYPTO: 0 assets, 0 rows
2026-01-31 12:28:55,605 | INFO | Evidence: C:\fhq-market-system\vision-ios\03_FUNCTIONS\evidence\IOS001_DAILY_INGEST_ed4d518f_20260131_122855.json
2026-01-31 12:28:55,605 | INFO | ======================================================================
