2026-02-04 15:35:57,827 | INFO | ======================================================================
2026-02-04 15:35:57,827 | INFO | IoS-001 DAILY PRICE INGEST
2026-02-04 15:35:57,827 | INFO | Executor: LINE (EC-004)
2026-02-04 15:35:57,827 | INFO | Authority: CEO_DIRECTIVE_LINE_DAILY_INGEST_ACTIVATION_20251212
2026-02-04 15:35:57,827 | INFO | Time: 2026-02-04T14:35:57.827802+00:00
2026-02-04 15:35:57,827 | INFO | Asset Class Filter: ALL
2026-02-04 15:35:57,827 | INFO | Dry Run: False
2026-02-04 15:35:57,827 | INFO | ======================================================================
2026-02-04 15:35:58,155 | INFO | Found 491 VEGA-attested assets
2026-02-04 15:35:58,156 | INFO | 
============================================================
2026-02-04 15:35:58,156 | INFO | Processing CRYPTO: 46 assets
2026-02-04 15:35:58,156 | INFO | Schedule: Daily 01:00 UTC
2026-02-04 15:35:58,156 | INFO | ============================================================
2026-02-04 15:35:58,156 | INFO | 
  Batch 1/2 (25 assets)
2026-02-04 15:36:01,310 | WARNING |   [GRT-USD] Fetch error: Too Many Requests. Rate limited. Try after a while.
2026-02-04 15:36:04,324 | INFO |   Batch complete, waiting 60s...
2026-02-04 15:37:04,325 | INFO | 
  Batch 2/2 (21 assets)
2026-02-04 15:37:06,223 | WARNING |   [UNI-USD] Fetch error: Too Many Requests. Rate limited. Try after a while.
2026-02-04 15:37:09,253 | INFO | 
============================================================
2026-02-04 15:37:09,254 | INFO | Processing EQUITY: 421 assets
2026-02-04 15:37:09,254 | INFO | Schedule: Weekdays 22:00 UTC
2026-02-04 15:37:09,254 | INFO | ============================================================
2026-02-04 15:37:09,254 | INFO | 
  Batch 1/17 (25 assets)
2026-02-04 15:37:14,986 | WARNING |   [1COV.DE] Fetch error: Too Many Requests. Rate limited. Try after a while.
2026-02-04 15:37:19,539 | WARNING |   [ABBV] Fetch error: Too Many Requests. Rate limited. Try after a while.
2026-02-04 15:37:23,625 | WARNING |   [ABNB] Fetch error: Too Many Requests. Rate limited. Try after a while.
2026-02-04 15:37:28,075 | WARNING |   [ABT] Fetch error: Too Many Requests. Rate limited. Try after a while.
2026-02-04 15:37:32,286 | WARNING |   [ADBE] Fetch error: Too Many Requests. Rate limited. Try after a while.
2026-02-04 15:37:37,545 | WARNING |   [ADI] Fetch error: Too Many Requests. Rate limited. Try after a while.
2026-02-04 15:37:41,816 | WARNING |   [ADSK] Fetch error: Too Many Requests. Rate limited. Try after a while.
2026-02-04 15:37:45,896 | WARNING |   [AEP] Fetch error: Too Many Requests. Rate limited. Try after a while.
2026-02-04 15:37:50,619 | WARNING |   [AFL] Fetch error: Too Many Requests. Rate limited. Try after a while.
2026-02-04 15:37:54,918 | WARNING |   [AIG] Fetch error: Too Many Requests. Rate limited. Try after a while.
2026-02-04 15:37:59,187 | WARNING |   [AKAM] Fetch error: Too Many Requests. Rate limited. Try after a while.
2026-02-04 15:38:03,610 | WARNING |   [ALB] Fetch error: Too Many Requests. Rate limited. Try after a while.
2026-02-04 15:38:08,351 | WARNING |   [ALL] Fetch error: Too Many Requests. Rate limited. Try after a while.
2026-02-04 15:38:12,902 | WARNING |   [AMAT] Fetch error: Too Many Requests. Rate limited. Try after a while.
2026-02-04 15:38:15,903 | INFO |   Batch complete, waiting 60s...
2026-02-04 15:39:15,907 | INFO | 
  Batch 2/17 (25 assets)
2026-02-04 15:39:18,214 | WARNING |   [AMD] Fetch error: Too Many Requests. Rate limited. Try after a while.
2026-02-04 15:39:22,355 | WARNING |   [AMGN] Fetch error: Too Many Requests. Rate limited. Try after a while.
2026-02-04 15:39:26,553 | WARNING |   [AMT] Fetch error: Too Many Requests. Rate limited. Try after a while.
2026-02-04 15:39:30,790 | WARNING |   [AMZN] Fetch error: Too Many Requests. Rate limited. Try after a while.
2026-02-04 15:39:35,060 | WARNING |   [AON] Fetch error: Too Many Requests. Rate limited. Try after a while.
2026-02-04 15:39:39,223 | WARNING |   [APD] Fetch error: Too Many Requests. Rate limited. Try after a while.
2026-02-04 15:39:43,195 | WARNING |   [ASML] Fetch error: Too Many Requests. Rate limited. Try after a while.
2026-02-04 15:39:47,676 | WARNING |   [AVB] Fetch error: Too Many Requests. Rate limited. Try after a while.
2026-02-04 15:39:52,243 | WARNING |   [AVGO] Fetch error: Too Many Requests. Rate limited. Try after a while.
2026-02-04 15:39:56,361 | WARNING |   [AWK] Fetch error: Too Many Requests. Rate limited. Try after a while.
2026-02-04 15:40:00,660 | WARNING |   [AXP] Fetch error: Too Many Requests. Rate limited. Try after a while.
2026-02-04 15:40:04,831 | WARNING |   [AZO] Fetch error: Too Many Requests. Rate limited. Try after a while.
2026-02-04 15:40:09,229 | WARNING |   [BA] Fetch error: Too Many Requests. Rate limited. Try after a while.
2026-02-04 15:40:15,043 | WARNING |   [BAC] Fetch error: Too Many Requests. Rate limited. Try after a while.
2026-02-04 15:40:18,051 | INFO |   Batch complete, waiting 60s...
