2025-12-30 07:25:01,129 | INFO | ======================================================================
2025-12-30 07:25:01,134 | INFO | IoS-001 DAILY PRICE INGEST
2025-12-30 07:25:01,134 | INFO | Executor: LINE (EC-004)
2025-12-30 07:25:01,135 | INFO | Authority: CEO_DIRECTIVE_LINE_DAILY_INGEST_ACTIVATION_20251212
2025-12-30 07:25:01,135 | INFO | Time: 2025-12-30T06:25:01.135254+00:00
2025-12-30 07:25:01,135 | INFO | Asset Class Filter: ALL
2025-12-30 07:25:01,135 | INFO | Dry Run: False
2025-12-30 07:25:01,135 | INFO | ======================================================================
2025-12-30 07:25:01,517 | INFO | Found 490 VEGA-attested assets
2025-12-30 07:25:01,517 | INFO | 
============================================================
2025-12-30 07:25:01,517 | INFO | Processing CRYPTO: 46 assets
2025-12-30 07:25:01,517 | INFO | Schedule: Daily 01:00 UTC
2025-12-30 07:25:01,517 | INFO | ============================================================
2025-12-30 07:25:01,517 | INFO | 
  Batch 1/2 (25 assets)
2025-12-30 07:25:01,557 | INFO |   Batch complete, waiting 60s...
2025-12-30 07:26:01,560 | INFO | 
  Batch 2/2 (21 assets)
2025-12-30 07:26:01,603 | INFO | 
============================================================
2025-12-30 07:26:01,603 | INFO | Processing EQUITY: 420 assets
2025-12-30 07:26:01,603 | INFO | Schedule: Weekdays 22:00 UTC
2025-12-30 07:26:01,603 | INFO | ============================================================
2025-12-30 07:26:01,603 | INFO | 
  Batch 1/17 (25 assets)
2025-12-30 07:26:02,892 | ERROR | $1COV.DE: possibly delisted; no price data found  (1d 2025-12-24 -> 2025-12-31)
2025-12-30 07:26:06,114 | INFO |     [ABBV] +1 rows
2025-12-30 07:26:09,264 | INFO |     [ABNB] +1 rows
2025-12-30 07:26:12,437 | INFO |     [ABT] +1 rows
2025-12-30 07:26:15,620 | INFO |     [ACA.PA] +1 rows
2025-12-30 07:26:18,761 | INFO |     [ADBE] +1 rows
2025-12-30 07:26:21,906 | INFO |     [ADI] +1 rows
2025-12-30 07:26:25,069 | INFO |     [ADS.DE] +1 rows
2025-12-30 07:26:28,222 | INFO |     [ADSK] +1 rows
2025-12-30 07:26:31,407 | INFO |     [AEP] +1 rows
2025-12-30 07:26:34,576 | INFO |     [AFL] +1 rows
2025-12-30 07:26:37,733 | INFO |     [AI.PA] +1 rows
2025-12-30 07:26:40,905 | INFO |     [AIG] +1 rows
2025-12-30 07:26:44,039 | INFO |     [AIR.DE] +1 rows
2025-12-30 07:26:47,192 | INFO |     [AIR.PA] +1 rows
2025-12-30 07:26:50,316 | INFO |     [AKAM] +1 rows
2025-12-30 07:26:53,458 | INFO |     [AKER.OL] +1 rows
2025-12-30 07:26:56,600 | INFO |     [AKRBP.OL] +1 rows
2025-12-30 07:26:59,706 | INFO |     [AKSO.OL] +1 rows
2025-12-30 07:27:02,835 | INFO |     [AKVA.OL] +1 rows
2025-12-30 07:27:05,968 | INFO |     [ALB] +1 rows
2025-12-30 07:27:09,096 | INFO |     [ALL] +1 rows
2025-12-30 07:27:12,246 | INFO |     [ALO.PA] +1 rows
2025-12-30 07:27:15,372 | INFO |     [ALV.DE] +1 rows
2025-12-30 07:27:18,531 | INFO |     [AMAT] +1 rows
2025-12-30 07:27:21,537 | INFO |   Batch complete, waiting 60s...
2025-12-30 07:28:21,539 | INFO | 
  Batch 2/17 (25 assets)
2025-12-30 07:28:21,642 | INFO |     [AMD] +1 rows
2025-12-30 07:28:24,764 | INFO |     [AMGN] +1 rows
2025-12-30 07:28:27,886 | INFO |     [AMT] +1 rows
2025-12-30 07:28:30,999 | INFO |     [AMZN] +1 rows
2025-12-30 07:28:34,164 | INFO |     [AON] +1 rows
2025-12-30 07:28:37,330 | INFO |     [APD] +1 rows
2025-12-30 07:28:40,509 | INFO |     [ASML] +1 rows
2025-12-30 07:28:43,628 | INFO |     [ATO.PA] +1 rows
2025-12-30 07:28:46,741 | INFO |     [AUSS.OL] +1 rows
2025-12-30 07:28:49,870 | INFO |     [AUTO.OL] +1 rows
2025-12-30 07:28:53,161 | INFO |     [AV.L] +1 rows
2025-12-30 07:28:56,375 | INFO |     [AVB] +1 rows
2025-12-30 07:28:59,523 | INFO |     [AVGO] +1 rows
2025-12-30 07:29:02,638 | INFO |     [AWK] +1 rows
2025-12-30 07:29:05,837 | INFO |     [AXP] +1 rows
2025-12-30 07:29:08,976 | INFO |     [AZN.L] +1 rows
2025-12-30 07:29:12,118 | INFO |     [AZO] +1 rows
2025-12-30 07:29:15,358 | INFO |     [BA] +1 rows
2025-12-30 07:29:18,551 | INFO |     [BA.L] +1 rows
2025-12-30 07:29:21,774 | INFO |     [BAC] +1 rows
2025-12-30 07:29:24,895 | INFO |     [BAKKA.OL] +1 rows
2025-12-30 07:29:28,044 | INFO |     [BARC.L] +1 rows
2025-12-30 07:29:31,189 | INFO |     [BAS.DE] +1 rows
2025-12-30 07:29:34,416 | INFO |     [BATS.L] +1 rows
2025-12-30 07:29:37,541 | INFO |     [BAYN.DE] +1 rows
2025-12-30 07:29:40,543 | INFO |   Batch complete, waiting 60s...
