2026-01-29 06:59:55,664 | INFO | ======================================================================
2026-01-29 06:59:55,664 | INFO | IoS-001 DAILY PRICE INGEST
2026-01-29 06:59:55,664 | INFO | Executor: LINE (EC-004)
2026-01-29 06:59:55,664 | INFO | Authority: CEO_DIRECTIVE_LINE_DAILY_INGEST_ACTIVATION_20251212
2026-01-29 06:59:55,664 | INFO | Time: 2026-01-29T05:59:55.664052+00:00
2026-01-29 06:59:55,664 | INFO | Asset Class Filter: ALL
2026-01-29 06:59:55,664 | INFO | Dry Run: False
2026-01-29 06:59:55,664 | INFO | ======================================================================
2026-01-29 06:59:55,890 | INFO | Found 491 VEGA-attested assets
2026-01-29 06:59:55,890 | INFO | 
============================================================
2026-01-29 06:59:55,890 | INFO | Processing CRYPTO: 46 assets
2026-01-29 06:59:55,890 | INFO | Schedule: Daily 01:00 UTC
2026-01-29 06:59:55,890 | INFO | ============================================================
2026-01-29 06:59:55,890 | INFO | 
  Batch 1/2 (25 assets)
2026-01-29 07:00:00,548 | WARNING |   [GRT-USD] Fetch error: Too Many Requests. Rate limited. Try after a while.
2026-01-29 07:00:03,594 | INFO |   Batch complete, waiting 60s...
2026-01-29 07:01:03,606 | INFO | 
  Batch 2/2 (21 assets)
2026-01-29 07:01:05,549 | WARNING |   [UNI-USD] Fetch error: Too Many Requests. Rate limited. Try after a while.
2026-01-29 07:01:08,609 | INFO | 
============================================================
2026-01-29 07:01:08,609 | INFO | Processing EQUITY: 421 assets
2026-01-29 07:01:08,610 | INFO | Schedule: Weekdays 22:00 UTC
2026-01-29 07:01:08,610 | INFO | ============================================================
2026-01-29 07:01:08,610 | INFO | 
  Batch 1/17 (25 assets)
2026-01-29 07:01:09,949 | WARNING |   [1COV.DE] Fetch error: Too Many Requests. Rate limited. Try after a while.
2026-01-29 07:01:14,390 | WARNING |   [ABBV] Fetch error: Too Many Requests. Rate limited. Try after a while.
2026-01-29 07:01:18,385 | WARNING |   [ABNB] Fetch error: Too Many Requests. Rate limited. Try after a while.
2026-01-29 07:01:22,602 | WARNING |   [ABT] Fetch error: Too Many Requests. Rate limited. Try after a while.
2026-01-29 07:01:26,859 | WARNING |   [ACA.PA] Fetch error: Too Many Requests. Rate limited. Try after a while.
2026-01-29 07:01:30,821 | WARNING |   [ADBE] Fetch error: Too Many Requests. Rate limited. Try after a while.
2026-01-29 07:01:34,914 | WARNING |   [ADI] Fetch error: Too Many Requests. Rate limited. Try after a while.
2026-01-29 07:01:39,176 | WARNING |   [ADS.DE] Fetch error: Too Many Requests. Rate limited. Try after a while.
2026-01-29 07:01:43,116 | WARNING |   [ADSK] Fetch error: Too Many Requests. Rate limited. Try after a while.
2026-01-29 07:01:47,137 | WARNING |   [AEP] Fetch error: Too Many Requests. Rate limited. Try after a while.
2026-01-29 07:01:51,362 | WARNING |   [AFL] Fetch error: Too Many Requests. Rate limited. Try after a while.
2026-01-29 07:01:55,348 | WARNING |   [AI.PA] Fetch error: Too Many Requests. Rate limited. Try after a while.
2026-01-29 07:01:59,257 | WARNING |   [AIG] Fetch error: Too Many Requests. Rate limited. Try after a while.
2026-01-29 07:02:03,235 | WARNING |   [AIR.DE] Fetch error: Too Many Requests. Rate limited. Try after a while.
2026-01-29 07:02:07,286 | WARNING |   [AIR.PA] Fetch error: Too Many Requests. Rate limited. Try after a while.
2026-01-29 07:02:11,242 | WARNING |   [AKAM] Fetch error: Too Many Requests. Rate limited. Try after a while.
2026-01-29 07:02:16,048 | WARNING |   [AKER.OL] Fetch error: Too Many Requests. Rate limited. Try after a while.
2026-01-29 07:02:20,375 | WARNING |   [AKRBP.OL] Fetch error: Too Many Requests. Rate limited. Try after a while.
2026-01-29 07:02:24,496 | WARNING |   [AKSO.OL] Fetch error: Too Many Requests. Rate limited. Try after a while.
2026-01-29 07:02:28,874 | WARNING |   [AKVA.OL] Fetch error: Too Many Requests. Rate limited. Try after a while.
2026-01-29 07:02:32,947 | WARNING |   [ALB] Fetch error: Too Many Requests. Rate limited. Try after a while.
2026-01-29 07:02:37,243 | WARNING |   [ALL] Fetch error: Too Many Requests. Rate limited. Try after a while.
2026-01-29 07:02:41,429 | WARNING |   [ALO.PA] Fetch error: Too Many Requests. Rate limited. Try after a while.
2026-01-29 07:02:45,374 | WARNING |   [ALV.DE] Fetch error: Too Many Requests. Rate limited. Try after a while.
2026-01-29 07:02:49,305 | WARNING |   [AMAT] Fetch error: Too Many Requests. Rate limited. Try after a while.
2026-01-29 07:02:52,307 | INFO |   Batch complete, waiting 60s...
2026-01-29 07:03:52,309 | INFO | 
  Batch 2/17 (25 assets)
2026-01-29 07:03:54,008 | WARNING |   [AMD] Fetch error: Too Many Requests. Rate limited. Try after a while.
2026-01-29 07:03:58,079 | WARNING |   [AMGN] Fetch error: Too Many Requests. Rate limited. Try after a while.
2026-01-29 07:04:02,157 | WARNING |   [AMT] Fetch error: Too Many Requests. Rate limited. Try after a while.
2026-01-29 07:04:06,481 | WARNING |   [AMZN] Fetch error: Too Many Requests. Rate limited. Try after a while.
2026-01-29 07:04:10,862 | WARNING |   [AON] Fetch error: Too Many Requests. Rate limited. Try after a while.
2026-01-29 07:04:14,844 | WARNING |   [APD] Fetch error: Too Many Requests. Rate limited. Try after a while.
2026-01-29 07:04:19,373 | WARNING |   [ASML] Fetch error: Too Many Requests. Rate limited. Try after a while.
2026-01-29 07:04:23,514 | WARNING |   [ATO.PA] Fetch error: Too Many Requests. Rate limited. Try after a while.
2026-01-29 07:04:27,563 | WARNING |   [AUSS.OL] Fetch error: Too Many Requests. Rate limited. Try after a while.
2026-01-29 07:04:31,964 | WARNING |   [AUTO.OL] Fetch error: Too Many Requests. Rate limited. Try after a while.
2026-01-29 07:04:36,243 | WARNING |   [AV.L] Fetch error: Too Many Requests. Rate limited. Try after a while.
2026-01-29 07:04:40,430 | WARNING |   [AVB] Fetch error: Too Many Requests. Rate limited. Try after a while.
2026-01-29 07:04:44,582 | WARNING |   [AVGO] Fetch error: Too Many Requests. Rate limited. Try after a while.
2026-01-29 07:04:48,613 | WARNING |   [AWK] Fetch error: Too Many Requests. Rate limited. Try after a while.
2026-01-29 07:04:52,742 | WARNING |   [AXP] Fetch error: Too Many Requests. Rate limited. Try after a while.
