2026-02-18 18:01:58,616 | INFO | ======================================================================
2026-02-18 18:01:58,616 | INFO | IoS-001 DAILY PRICE INGEST
2026-02-18 18:01:58,616 | INFO | Executor: LINE (EC-004)
2026-02-18 18:01:58,616 | INFO | Authority: CEO_DIRECTIVE_LINE_DAILY_INGEST_ACTIVATION_20251212
2026-02-18 18:01:58,617 | INFO | Amendment: CEO-DIR-2026-119 (Rate Limit Mitigation)
2026-02-18 18:01:58,617 | INFO | Time: 2026-02-18T17:01:58.617124+00:00
2026-02-18 18:01:58,617 | INFO | Asset Class Filter: ALL
2026-02-18 18:01:58,617 | INFO | Batch Mode: True
2026-02-18 18:01:58,617 | INFO | Dry Run: False
2026-02-18 18:01:58,617 | INFO | ======================================================================
2026-02-18 18:01:58,978 | INFO | Found 491 VEGA-attested assets
2026-02-18 18:01:58,978 | INFO | 
============================================================
2026-02-18 18:01:58,978 | INFO | Processing CRYPTO: 46 assets
2026-02-18 18:01:58,978 | INFO | Schedule: Daily 01:00 UTC
2026-02-18 18:01:58,978 | INFO | ============================================================
2026-02-18 18:01:58,978 | INFO |   Using BATCH MODE (CEO-DIR-2026-119)
2026-02-18 18:01:58,988 | INFO | 
  Batch 1/5 (10 tickers)
2026-02-18 18:01:59,008 | INFO |     Batch download: 2 tickers
2026-02-18 18:02:04,122 | ERROR | 
2 Failed downloads:
2026-02-18 18:02:04,122 | ERROR | ['AVAX-USD', 'ADA-USD']: YFRateLimitError('Too Many Requests. Rate limited. Try after a while.')
2026-02-18 18:02:04,133 | INFO |   Batch complete, waiting 120s...
2026-02-18 18:04:04,136 | INFO | 
  Batch 2/5 (10 tickers)
2026-02-18 18:04:04,179 | INFO |     Batch download: 2 tickers
2026-02-18 18:04:11,106 | ERROR | 
2 Failed downloads:
2026-02-18 18:04:11,106 | ERROR | ['DOGE-USD', 'GRT-USD']: YFRateLimitError('Too Many Requests. Rate limited. Try after a while.')
2026-02-18 18:04:11,106 | INFO |   Batch complete, waiting 120s...
2026-02-18 18:06:11,112 | INFO | 
  Batch 3/5 (10 tickers)
2026-02-18 18:06:11,140 | INFO |     Batch download: 1 tickers
2026-02-18 18:06:14,621 | ERROR | 
1 Failed download:
2026-02-18 18:06:14,622 | ERROR | ['LDO-USD']: YFRateLimitError('Too Many Requests. Rate limited. Try after a while.')
2026-02-18 18:06:14,625 | INFO |   Batch complete, waiting 120s...
