2025-12-28 08:45:29,387 | INFO | ======================================================================
2025-12-28 08:45:29,388 | INFO | IoS-001 DAILY PRICE INGEST
2025-12-28 08:45:29,388 | INFO | Executor: LINE (EC-004)
2025-12-28 08:45:29,388 | INFO | Authority: CEO_DIRECTIVE_LINE_DAILY_INGEST_ACTIVATION_20251212
2025-12-28 08:45:29,388 | INFO | Time: 2025-12-28T07:45:29.388357+00:00
2025-12-28 08:45:29,388 | INFO | Asset Class Filter: ALL
2025-12-28 08:45:29,388 | INFO | Dry Run: False
2025-12-28 08:45:29,388 | INFO | ======================================================================
2025-12-28 08:45:29,874 | INFO | Found 490 VEGA-attested assets
2025-12-28 08:45:29,874 | INFO | 
============================================================
2025-12-28 08:45:29,876 | INFO | Processing CRYPTO: 46 assets
2025-12-28 08:45:29,876 | INFO | Schedule: Daily 01:00 UTC
2025-12-28 08:45:29,876 | INFO | ============================================================
2025-12-28 08:45:29,876 | INFO | 
  Batch 1/2 (25 assets)
2025-12-28 08:45:29,927 | INFO |   Batch complete, waiting 60s...
2025-12-28 08:46:29,929 | INFO | 
  Batch 2/2 (21 assets)
2025-12-28 08:46:30,094 | INFO | 
============================================================
2025-12-28 08:46:30,095 | INFO | Processing EQUITY: 420 assets
2025-12-28 08:46:30,095 | INFO | Schedule: Weekdays 22:00 UTC
2025-12-28 08:46:30,096 | INFO | ============================================================
2025-12-28 08:46:30,096 | INFO |   Market closed for EQUITY today, skipping
2025-12-28 08:46:30,097 | INFO | 
============================================================
2025-12-28 08:46:30,097 | INFO | Processing FX: 24 assets
2025-12-28 08:46:30,097 | INFO | Schedule: Sun-Thu 22:00 UTC
2025-12-28 08:46:30,097 | INFO | ============================================================
2025-12-28 08:46:30,098 | INFO | 
  Batch 1/1 (24 assets)
2025-12-28 08:46:32,691 | INFO |     [AUDJPY=X] +1 rows
2025-12-28 08:46:35,830 | INFO |     [AUDUSD=X] +1 rows
2025-12-28 08:46:39,016 | INFO |     [CADJPY=X] +1 rows
2025-12-28 08:46:42,187 | INFO |     [CHFJPY=X] +1 rows
2025-12-28 08:46:45,360 | INFO |     [EURAUD=X] +1 rows
2025-12-28 08:46:48,494 | INFO |     [EURCHF=X] +1 rows
2025-12-28 08:46:51,754 | INFO |     [EURGBP=X] +1 rows
2025-12-28 08:46:54,973 | INFO |     [EURJPY=X] +1 rows
2025-12-28 08:46:58,151 | INFO |     [EURNOK=X] +1 rows
2025-12-28 08:47:01,328 | INFO |     [EURSEK=X] +1 rows
2025-12-28 08:47:04,448 | INFO |     [EURUSD=X] +1 rows
2025-12-28 08:47:07,564 | INFO |     [GBPJPY=X] +1 rows
2025-12-28 08:47:10,682 | INFO |     [NZDUSD=X] +1 rows
2025-12-28 08:47:13,849 | INFO |     [USDCAD=X] +1 rows
2025-12-28 08:47:17,022 | INFO |     [USDCHF=X] +1 rows
2025-12-28 08:47:20,176 | INFO |     [USDHKD=X] +1 rows
2025-12-28 08:47:23,346 | INFO |     [USDJPY=X] +1 rows
2025-12-28 08:47:26,454 | INFO |     [USDMXN=X] +1 rows
2025-12-28 08:47:29,586 | INFO |     [USDNOK=X] +1 rows
2025-12-28 08:47:32,784 | INFO |     [USDSEK=X] +1 rows
2025-12-28 08:47:35,935 | INFO |     [USDSGD=X] +1 rows
2025-12-28 08:47:39,130 | INFO |     [USDTRY=X] +1 rows
2025-12-28 08:47:42,282 | INFO |     [USDZAR=X] +1 rows
2025-12-28 08:47:45,286 | WARNING | Heartbeat recording failed: relation "fhq_monitoring.system_heartbeats" does not exist
LINE 2:                 INSERT INTO fhq_monitoring.system_heartbeats...
                                    ^

2025-12-28 08:47:45,290 | INFO | 
======================================================================
2025-12-28 08:47:45,290 | INFO | DAILY INGEST COMPLETE
2025-12-28 08:47:45,290 | INFO | ======================================================================
2025-12-28 08:47:45,290 | INFO | Assets Processed: 70
2025-12-28 08:47:45,291 | INFO | Assets Updated:   23
2025-12-28 08:47:45,291 | INFO | Rows Inserted:    23
2025-12-28 08:47:45,291 | INFO |   CRYPTO: 0 assets, 0 rows
2025-12-28 08:47:45,291 | INFO |   FX: 23 assets, 23 rows
2025-12-28 08:47:45,291 | INFO | Evidence: C:\fhq-market-system\vision-ios\03_FUNCTIONS\evidence\IOS001_DAILY_INGEST_66ad0f77_20251228_084745.json
2025-12-28 08:47:45,291 | INFO | ======================================================================
