2026-02-02 05:17:34,252 | INFO | ======================================================================
2026-02-02 05:17:34,252 | INFO | IoS-001 DAILY PRICE INGEST
2026-02-02 05:17:34,252 | INFO | Executor: LINE (EC-004)
2026-02-02 05:17:34,252 | INFO | Authority: CEO_DIRECTIVE_LINE_DAILY_INGEST_ACTIVATION_20251212
2026-02-02 05:17:34,252 | INFO | Time: 2026-02-02T04:17:34.252063+00:00
2026-02-02 05:17:34,252 | INFO | Asset Class Filter: ALL
2026-02-02 05:17:34,252 | INFO | Dry Run: False
2026-02-02 05:17:34,252 | INFO | ======================================================================
2026-02-02 05:17:34,546 | INFO | Found 491 VEGA-attested assets
2026-02-02 05:17:34,546 | INFO | 
============================================================
2026-02-02 05:17:34,546 | INFO | Processing CRYPTO: 46 assets
2026-02-02 05:17:34,546 | INFO | Schedule: Daily 01:00 UTC
2026-02-02 05:17:34,547 | INFO | ============================================================
2026-02-02 05:17:34,547 | INFO | 
  Batch 1/2 (25 assets)
2026-02-02 05:17:37,415 | WARNING |   [GRT-USD] Fetch error: Too Many Requests. Rate limited. Try after a while.
2026-02-02 05:17:40,437 | INFO |   Batch complete, waiting 60s...
2026-02-02 05:18:40,438 | INFO | 
  Batch 2/2 (21 assets)
2026-02-02 05:18:42,222 | WARNING |   [UNI-USD] Fetch error: Too Many Requests. Rate limited. Try after a while.
2026-02-02 05:18:45,248 | INFO | 
============================================================
2026-02-02 05:18:45,248 | INFO | Processing EQUITY: 421 assets
2026-02-02 05:18:45,248 | INFO | Schedule: Weekdays 22:00 UTC
2026-02-02 05:18:45,248 | INFO | ============================================================
2026-02-02 05:18:45,248 | INFO | 
  Batch 1/17 (25 assets)
2026-02-02 05:18:46,446 | WARNING |   [1COV.DE] Fetch error: Too Many Requests. Rate limited. Try after a while.
2026-02-02 05:18:50,570 | WARNING |   [ABBV] Fetch error: Too Many Requests. Rate limited. Try after a while.
2026-02-02 05:18:54,690 | WARNING |   [ABNB] Fetch error: Too Many Requests. Rate limited. Try after a while.
2026-02-02 05:18:58,894 | WARNING |   [ABT] Fetch error: Too Many Requests. Rate limited. Try after a while.
2026-02-02 05:19:02,913 | WARNING |   [ACA.PA] Fetch error: Too Many Requests. Rate limited. Try after a while.
2026-02-02 05:19:07,091 | WARNING |   [ADBE] Fetch error: Too Many Requests. Rate limited. Try after a while.
2026-02-02 05:19:11,124 | WARNING |   [ADI] Fetch error: Too Many Requests. Rate limited. Try after a while.
2026-02-02 05:19:15,213 | WARNING |   [ADS.DE] Fetch error: Too Many Requests. Rate limited. Try after a while.
2026-02-02 05:19:19,345 | WARNING |   [ADSK] Fetch error: Too Many Requests. Rate limited. Try after a while.
2026-02-02 05:19:23,498 | WARNING |   [AEP] Fetch error: Too Many Requests. Rate limited. Try after a while.
2026-02-02 05:19:27,392 | WARNING |   [AFL] Fetch error: Too Many Requests. Rate limited. Try after a while.
2026-02-02 05:19:31,854 | WARNING |   [AI.PA] Fetch error: Too Many Requests. Rate limited. Try after a while.
2026-02-02 05:19:36,242 | WARNING |   [AIG] Fetch error: Too Many Requests. Rate limited. Try after a while.
2026-02-02 05:19:40,463 | WARNING |   [AIR.DE] Fetch error: Too Many Requests. Rate limited. Try after a while.
2026-02-02 05:19:44,557 | WARNING |   [AIR.PA] Fetch error: Too Many Requests. Rate limited. Try after a while.
2026-02-02 05:19:48,473 | WARNING |   [AKAM] Fetch error: Too Many Requests. Rate limited. Try after a while.
2026-02-02 05:19:52,519 | WARNING |   [AKER.OL] Fetch error: Too Many Requests. Rate limited. Try after a while.
2026-02-02 05:19:56,772 | WARNING |   [AKRBP.OL] Fetch error: Too Many Requests. Rate limited. Try after a while.
2026-02-02 05:20:01,133 | WARNING |   [AKSO.OL] Fetch error: Too Many Requests. Rate limited. Try after a while.
2026-02-02 05:20:05,504 | WARNING |   [AKVA.OL] Fetch error: Too Many Requests. Rate limited. Try after a while.
2026-02-02 05:20:09,674 | WARNING |   [ALB] Fetch error: Too Many Requests. Rate limited. Try after a while.
2026-02-02 05:20:14,086 | WARNING |   [ALL] Fetch error: Too Many Requests. Rate limited. Try after a while.
2026-02-02 05:20:18,236 | WARNING |   [ALO.PA] Fetch error: Too Many Requests. Rate limited. Try after a while.
2026-02-02 05:20:22,376 | WARNING |   [ALV.DE] Fetch error: Too Many Requests. Rate limited. Try after a while.
2026-02-02 05:20:26,463 | WARNING |   [AMAT] Fetch error: Too Many Requests. Rate limited. Try after a while.
2026-02-02 05:20:29,468 | INFO |   Batch complete, waiting 60s...
2026-02-02 05:21:29,469 | INFO | 
  Batch 2/17 (25 assets)
2026-02-02 05:21:31,185 | WARNING |   [AMD] Fetch error: Too Many Requests. Rate limited. Try after a while.
2026-02-02 05:21:35,199 | WARNING |   [AMGN] Fetch error: Too Many Requests. Rate limited. Try after a while.
2026-02-02 05:21:39,106 | WARNING |   [AMT] Fetch error: Too Many Requests. Rate limited. Try after a while.
2026-02-02 05:21:43,215 | WARNING |   [AMZN] Fetch error: Too Many Requests. Rate limited. Try after a while.
2026-02-02 05:21:47,340 | WARNING |   [AON] Fetch error: Too Many Requests. Rate limited. Try after a while.
2026-02-02 05:21:51,304 | WARNING |   [APD] Fetch error: Too Many Requests. Rate limited. Try after a while.
2026-02-02 05:21:55,436 | WARNING |   [ASML] Fetch error: Too Many Requests. Rate limited. Try after a while.
2026-02-02 05:21:59,512 | WARNING |   [ATO.PA] Fetch error: Too Many Requests. Rate limited. Try after a while.
2026-02-02 05:22:03,533 | WARNING |   [AUSS.OL] Fetch error: Too Many Requests. Rate limited. Try after a while.
2026-02-02 05:22:07,428 | WARNING |   [AUTO.OL] Fetch error: Too Many Requests. Rate limited. Try after a while.
2026-02-02 05:22:11,532 | WARNING |   [AV.L] Fetch error: Too Many Requests. Rate limited. Try after a while.
2026-02-02 05:22:15,542 | WARNING |   [AVB] Fetch error: Too Many Requests. Rate limited. Try after a while.
2026-02-02 05:22:19,502 | WARNING |   [AVGO] Fetch error: Too Many Requests. Rate limited. Try after a while.
2026-02-02 05:22:23,535 | WARNING |   [AWK] Fetch error: Too Many Requests. Rate limited. Try after a while.
2026-02-02 05:22:27,602 | WARNING |   [AXP] Fetch error: Too Many Requests. Rate limited. Try after a while.
2026-02-02 05:22:31,656 | WARNING |   [AZN.L] Fetch error: Too Many Requests. Rate limited. Try after a while.
