2026-02-06 05:49:37,972 | INFO | ======================================================================
2026-02-06 05:49:37,972 | INFO | IoS-001 DAILY PRICE INGEST
2026-02-06 05:49:37,972 | INFO | Executor: LINE (EC-004)
2026-02-06 05:49:37,972 | INFO | Authority: CEO_DIRECTIVE_LINE_DAILY_INGEST_ACTIVATION_20251212
2026-02-06 05:49:37,972 | INFO | Time: 2026-02-06T04:49:37.972332+00:00
2026-02-06 05:49:37,972 | INFO | Asset Class Filter: ALL
2026-02-06 05:49:37,972 | INFO | Dry Run: False
2026-02-06 05:49:37,972 | INFO | ======================================================================
2026-02-06 05:49:38,153 | INFO | Found 491 VEGA-attested assets
2026-02-06 05:49:38,153 | INFO | 
============================================================
2026-02-06 05:49:38,153 | INFO | Processing CRYPTO: 46 assets
2026-02-06 05:49:38,153 | INFO | Schedule: Daily 01:00 UTC
2026-02-06 05:49:38,153 | INFO | ============================================================
2026-02-06 05:49:38,153 | INFO | 
  Batch 1/2 (25 assets)
2026-02-06 05:49:39,412 | ERROR | $GRT-USD: possibly delisted; no price data found  (1d 2026-02-06 -> 2026-02-07)
2026-02-06 05:49:42,445 | INFO |   Batch complete, waiting 60s...
2026-02-06 05:50:42,448 | INFO | 
  Batch 2/2 (21 assets)
2026-02-06 05:50:42,599 | INFO | 
============================================================
2026-02-06 05:50:42,599 | INFO | Processing EQUITY: 421 assets
2026-02-06 05:50:42,599 | INFO | Schedule: Weekdays 22:00 UTC
2026-02-06 05:50:42,599 | INFO | ============================================================
2026-02-06 05:50:42,599 | INFO | 
  Batch 1/17 (25 assets)
2026-02-06 05:50:42,890 | ERROR | $1COV.DE: possibly delisted; no price data found  (1d 2025-12-24 -> 2026-02-07)
2026-02-06 05:50:47,795 | ERROR | $ABBV: possibly delisted; no price data found  (1d 2026-02-06 -> 2026-02-07) (Yahoo error = "Data doesn't exist for startDate = 1770354000, endDate = 1770440400")
2026-02-06 05:50:51,801 | ERROR | $ABNB: possibly delisted; no price data found  (1d 2026-02-06 -> 2026-02-07) (Yahoo error = "Data doesn't exist for startDate = 1770354000, endDate = 1770440400")
2026-02-06 05:50:56,199 | ERROR | $ABT: possibly delisted; no price data found  (1d 2026-02-06 -> 2026-02-07) (Yahoo error = "Data doesn't exist for startDate = 1770354000, endDate = 1770440400")
2026-02-06 05:50:59,508 | INFO |     [ACA.PA] +1 rows
2026-02-06 05:51:03,642 | ERROR | $ADBE: possibly delisted; no price data found  (1d 2026-02-06 -> 2026-02-07) (Yahoo error = "Data doesn't exist for startDate = 1770354000, endDate = 1770440400")
2026-02-06 05:51:07,798 | ERROR | $ADI: possibly delisted; no price data found  (1d 2026-02-06 -> 2026-02-07) (Yahoo error = "Data doesn't exist for startDate = 1770354000, endDate = 1770440400")
2026-02-06 05:51:10,947 | INFO |     [ADS.DE] +1 rows
2026-02-06 05:51:14,941 | ERROR | $ADSK: possibly delisted; no price data found  (1d 2026-02-06 -> 2026-02-07) (Yahoo error = "Data doesn't exist for startDate = 1770354000, endDate = 1770440400")
2026-02-06 05:51:18,982 | ERROR | $AEP: possibly delisted; no price data found  (1d 2026-02-06 -> 2026-02-07) (Yahoo error = "Data doesn't exist for startDate = 1770354000, endDate = 1770440400")
2026-02-06 05:51:23,077 | ERROR | $AFL: possibly delisted; no price data found  (1d 2026-02-06 -> 2026-02-07) (Yahoo error = "Data doesn't exist for startDate = 1770354000, endDate = 1770440400")
2026-02-06 05:51:26,216 | INFO |     [AI.PA] +1 rows
2026-02-06 05:51:30,458 | ERROR | $AIG: possibly delisted; no price data found  (1d 2026-02-06 -> 2026-02-07) (Yahoo error = "Data doesn't exist for startDate = 1770354000, endDate = 1770440400")
2026-02-06 05:51:33,601 | INFO |     [AIR.DE] +1 rows
2026-02-06 05:51:36,730 | INFO |     [AIR.PA] +1 rows
2026-02-06 05:51:40,796 | ERROR | $AKAM: possibly delisted; no price data found  (1d 2026-02-06 -> 2026-02-07) (Yahoo error = "Data doesn't exist for startDate = 1770354000, endDate = 1770440400")
2026-02-06 05:51:43,975 | INFO |     [AKER.OL] +1 rows
2026-02-06 05:51:47,126 | INFO |     [AKRBP.OL] +1 rows
2026-02-06 05:51:50,241 | INFO |     [AKSO.OL] +1 rows
2026-02-06 05:51:53,396 | INFO |     [AKVA.OL] +1 rows
2026-02-06 05:51:57,538 | ERROR | $ALB: possibly delisted; no price data found  (1d 2026-02-06 -> 2026-02-07) (Yahoo error = "Data doesn't exist for startDate = 1770354000, endDate = 1770440400")
2026-02-06 05:52:01,749 | ERROR | $ALL: possibly delisted; no price data found  (1d 2026-02-06 -> 2026-02-07) (Yahoo error = "Data doesn't exist for startDate = 1770354000, endDate = 1770440400")
2026-02-06 05:52:04,891 | INFO |     [ALO.PA] +1 rows
2026-02-06 05:52:08,024 | INFO |     [ALV.DE] +1 rows
2026-02-06 05:52:12,096 | ERROR | $AMAT: possibly delisted; no price data found  (1d 2026-02-06 -> 2026-02-07) (Yahoo error = "Data doesn't exist for startDate = 1770354000, endDate = 1770440400")
2026-02-06 05:52:15,099 | INFO |   Batch complete, waiting 60s...
2026-02-06 05:53:15,101 | INFO | 
  Batch 2/17 (25 assets)
2026-02-06 05:53:17,112 | ERROR | $AMD: possibly delisted; no price data found  (1d 2026-02-06 -> 2026-02-07) (Yahoo error = "Data doesn't exist for startDate = 1770354000, endDate = 1770440400")
2026-02-06 05:53:21,509 | ERROR | $AMGN: possibly delisted; no price data found  (1d 2026-02-06 -> 2026-02-07) (Yahoo error = "Data doesn't exist for startDate = 1770354000, endDate = 1770440400")
2026-02-06 05:53:25,733 | ERROR | $AMT: possibly delisted; no price data found  (1d 2026-02-06 -> 2026-02-07) (Yahoo error = "Data doesn't exist for startDate = 1770354000, endDate = 1770440400")
2026-02-06 05:53:30,036 | ERROR | $AMZN: possibly delisted; no price data found  (1d 2026-02-06 -> 2026-02-07) (Yahoo error = "Data doesn't exist for startDate = 1770354000, endDate = 1770440400")
2026-02-06 05:53:34,418 | ERROR | $AON: possibly delisted; no price data found  (1d 2026-02-06 -> 2026-02-07) (Yahoo error = "Data doesn't exist for startDate = 1770354000, endDate = 1770440400")
2026-02-06 05:53:38,657 | ERROR | $APD: possibly delisted; no price data found  (1d 2026-02-06 -> 2026-02-07) (Yahoo error = "Data doesn't exist for startDate = 1770354000, endDate = 1770440400")
2026-02-06 05:53:42,713 | ERROR | $ASML: possibly delisted; no price data found  (1d 2026-02-06 -> 2026-02-07) (Yahoo error = "Data doesn't exist for startDate = 1770354000, endDate = 1770440400")
2026-02-06 05:53:45,855 | INFO |     [ATO.PA] +1 rows
2026-02-06 05:53:48,960 | INFO |     [AUSS.OL] +1 rows
2026-02-06 05:53:52,071 | INFO |     [AUTO.OL] +1 rows
2026-02-06 05:53:55,272 | INFO |     [AV.L] +1 rows
2026-02-06 05:53:59,741 | ERROR | $AVB: possibly delisted; no price data found  (1d 2026-02-06 -> 2026-02-07) (Yahoo error = "Data doesn't exist for startDate = 1770354000, endDate = 1770440400")
2026-02-06 05:54:04,030 | ERROR | $AVGO: possibly delisted; no price data found  (1d 2026-02-06 -> 2026-02-07) (Yahoo error = "Data doesn't exist for startDate = 1770354000, endDate = 1770440400")
2026-02-06 05:54:08,354 | ERROR | $AWK: possibly delisted; no price data found  (1d 2026-02-06 -> 2026-02-07) (Yahoo error = "Data doesn't exist for startDate = 1770354000, endDate = 1770440400")
2026-02-06 05:54:12,391 | ERROR | $AXP: possibly delisted; no price data found  (1d 2026-02-06 -> 2026-02-07) (Yahoo error = "Data doesn't exist for startDate = 1770354000, endDate = 1770440400")
2026-02-06 05:54:15,549 | INFO |     [AZN.L] +1 rows
2026-02-06 05:54:19,530 | ERROR | $AZO: possibly delisted; no price data found  (1d 2026-02-06 -> 2026-02-07) (Yahoo error = "Data doesn't exist for startDate = 1770354000, endDate = 1770440400")
2026-02-06 05:54:25,123 | ERROR | $BA: possibly delisted; no price data found  (1d 2026-02-06 -> 2026-02-07) (Yahoo error = "Data doesn't exist for startDate = 1770354000, endDate = 1770440400")
2026-02-06 05:54:28,292 | INFO |     [BA.L] +1 rows
2026-02-06 05:54:32,780 | ERROR | $BAC: possibly delisted; no price data found  (1d 2026-02-06 -> 2026-02-07) (Yahoo error = "Data doesn't exist for startDate = 1770354000, endDate = 1770440400")
2026-02-06 05:54:35,901 | INFO |     [BAKKA.OL] +1 rows
