2026-01-27 23:53:35,373 | INFO | ======================================================================
2026-01-27 23:53:35,373 | INFO | IoS-001 DAILY PRICE INGEST
2026-01-27 23:53:35,373 | INFO | Executor: LINE (EC-004)
2026-01-27 23:53:35,373 | INFO | Authority: CEO_DIRECTIVE_LINE_DAILY_INGEST_ACTIVATION_20251212
2026-01-27 23:53:35,373 | INFO | Time: 2026-01-27T22:53:35.373959+00:00
2026-01-27 23:53:35,373 | INFO | Asset Class Filter: ALL
2026-01-27 23:53:35,373 | INFO | Dry Run: False
2026-01-27 23:53:35,373 | INFO | ======================================================================
2026-01-27 23:53:35,598 | INFO | Found 491 VEGA-attested assets
2026-01-27 23:53:35,598 | INFO | 
============================================================
2026-01-27 23:53:35,598 | INFO | Processing CRYPTO: 46 assets
2026-01-27 23:53:35,598 | INFO | Schedule: Daily 01:00 UTC
2026-01-27 23:53:35,598 | INFO | ============================================================
2026-01-27 23:53:35,598 | INFO | 
  Batch 1/2 (25 assets)
2026-01-27 23:53:35,672 | INFO |   Batch complete, waiting 60s...
2026-01-27 23:54:35,673 | INFO | 
  Batch 2/2 (21 assets)
2026-01-27 23:54:40,275 | WARNING |   [UNI-USD] Fetch error: Too Many Requests. Rate limited. Try after a while.
2026-01-27 23:54:43,343 | INFO | 
============================================================
2026-01-27 23:54:43,343 | INFO | Processing EQUITY: 421 assets
2026-01-27 23:54:43,343 | INFO | Schedule: Weekdays 22:00 UTC
2026-01-27 23:54:43,343 | INFO | ============================================================
2026-01-27 23:54:43,343 | INFO | 
  Batch 1/17 (25 assets)
2026-01-27 23:54:44,432 | WARNING |   [1COV.DE] Fetch error: Too Many Requests. Rate limited. Try after a while.
2026-01-27 23:54:47,555 | INFO |   Batch complete, waiting 60s...
2026-01-27 23:55:47,558 | INFO | 
  Batch 2/17 (25 assets)
2026-01-27 23:55:47,714 | INFO |   Batch complete, waiting 60s...
2026-01-27 23:56:47,718 | INFO | 
  Batch 3/17 (25 assets)
2026-01-27 23:56:51,293 | WARNING |   [BRK.B] Fetch error: Too Many Requests. Rate limited. Try after a while.
2026-01-27 23:56:55,502 | WARNING |   [BT.A.L] Fetch error: Too Many Requests. Rate limited. Try after a while.
2026-01-27 23:56:58,534 | INFO |   Batch complete, waiting 60s...
2026-01-27 23:57:58,536 | INFO | 
  Batch 4/17 (25 assets)
2026-01-27 23:57:58,582 | INFO |   Batch complete, waiting 60s...
