2026-02-08 05:36:34,010 | INFO | ======================================================================
2026-02-08 05:36:34,010 | INFO | IoS-001 DAILY PRICE INGEST
2026-02-08 05:36:34,010 | INFO | Executor: LINE (EC-004)
2026-02-08 05:36:34,010 | INFO | Authority: CEO_DIRECTIVE_LINE_DAILY_INGEST_ACTIVATION_20251212
2026-02-08 05:36:34,010 | INFO | Amendment: CEO-DIR-2026-119 (Rate Limit Mitigation)
2026-02-08 05:36:34,010 | INFO | Time: 2026-02-08T04:36:34.010954+00:00
2026-02-08 05:36:34,010 | INFO | Asset Class Filter: ALL
2026-02-08 05:36:34,010 | INFO | Batch Mode: True
2026-02-08 05:36:34,010 | INFO | Dry Run: False
2026-02-08 05:36:34,010 | INFO | ======================================================================
2026-02-08 05:36:34,444 | INFO | Found 491 VEGA-attested assets
2026-02-08 05:36:34,444 | INFO | 
============================================================
2026-02-08 05:36:34,444 | INFO | Processing CRYPTO: 46 assets
2026-02-08 05:36:34,444 | INFO | Schedule: Daily 01:00 UTC
2026-02-08 05:36:34,444 | INFO | ============================================================
2026-02-08 05:36:34,444 | INFO |   Using BATCH MODE (CEO-DIR-2026-119)
2026-02-08 05:36:34,444 | INFO | 
  Batch 1/5 (10 tickers)
2026-02-08 05:36:34,466 | INFO |     All assets up to date
2026-02-08 05:36:34,466 | INFO | 
  Batch 2/5 (10 tickers)
2026-02-08 05:36:34,485 | INFO |     Batch download: 1 tickers
2026-02-08 05:36:37,458 | ERROR | 
1 Failed download:
2026-02-08 05:36:37,458 | ERROR | ['GRT-USD']: YFRateLimitError('Too Many Requests. Rate limited. Try after a while.')
2026-02-08 05:36:37,476 | INFO |   Batch complete, waiting 120s...
2026-02-08 05:38:37,478 | INFO | 
  Batch 3/5 (10 tickers)
2026-02-08 05:38:37,517 | INFO |     All assets up to date
2026-02-08 05:38:37,517 | INFO | 
  Batch 4/5 (10 tickers)
2026-02-08 05:38:37,579 | INFO |     Batch download: 1 tickers
2026-02-08 05:38:40,221 | ERROR | 
1 Failed download:
2026-02-08 05:38:40,221 | ERROR | ['UNI-USD']: YFRateLimitError('Too Many Requests. Rate limited. Try after a while.')
2026-02-08 05:38:40,224 | INFO |   Batch complete, waiting 120s...
2026-02-08 05:40:40,224 | INFO | 
  Batch 5/5 (6 tickers)
2026-02-08 05:40:40,261 | INFO |     All assets up to date
2026-02-08 05:40:40,261 | INFO | 
============================================================
2026-02-08 05:40:40,261 | INFO | Processing EQUITY: 421 assets
2026-02-08 05:40:40,261 | INFO | Schedule: Weekdays 22:00 UTC
2026-02-08 05:40:40,261 | INFO | ============================================================
2026-02-08 05:40:40,261 | INFO |   Market closed for EQUITY today, skipping
2026-02-08 05:40:40,261 | INFO | 
============================================================
2026-02-08 05:40:40,261 | INFO | Processing FX: 24 assets
2026-02-08 05:40:40,261 | INFO | Schedule: Sun-Thu 22:00 UTC
2026-02-08 05:40:40,261 | INFO | ============================================================
2026-02-08 05:40:40,261 | INFO |   Using BATCH MODE (CEO-DIR-2026-119)
2026-02-08 05:40:40,261 | INFO | 
  Batch 1/3 (10 tickers)
2026-02-08 05:40:40,302 | INFO |     Batch download: 10 tickers
2026-02-08 05:40:52,496 | ERROR | 
10 Failed downloads:
2026-02-08 05:40:52,496 | ERROR | ['AUDJPY=X', 'CADJPY=X', 'AUDUSD=X', 'EURSEK=X', 'EURAUD=X', 'EURNOK=X', 'EURCHF=X', 'CHFJPY=X', 'EURGBP=X', 'EURJPY=X']: YFRateLimitError('Too Many Requests. Rate limited. Try after a while.')
2026-02-08 05:40:52,496 | INFO |   Batch complete, waiting 120s...
