2026-01-14 10:40:30,978 | INFO | ======================================================================
2026-01-14 10:40:30,978 | INFO | IoS-001 DAILY PRICE INGEST
2026-01-14 10:40:30,979 | INFO | Executor: LINE (EC-004)
2026-01-14 10:40:30,979 | INFO | Authority: CEO_DIRECTIVE_LINE_DAILY_INGEST_ACTIVATION_20251212
2026-01-14 10:40:30,979 | INFO | Time: 2026-01-14T09:40:30.979562+00:00
2026-01-14 10:40:30,979 | INFO | Asset Class Filter: ALL
2026-01-14 10:40:30,979 | INFO | Dry Run: False
2026-01-14 10:40:30,979 | INFO | ======================================================================
2026-01-14 10:40:31,164 | INFO | Found 491 VEGA-attested assets
2026-01-14 10:40:31,164 | INFO | 
============================================================
2026-01-14 10:40:31,164 | INFO | Processing CRYPTO: 46 assets
2026-01-14 10:40:31,164 | INFO | Schedule: Daily 01:00 UTC
2026-01-14 10:40:31,164 | INFO | ============================================================
2026-01-14 10:40:31,164 | INFO | 
  Batch 1/2 (25 assets)
2026-01-14 10:40:34,624 | WARNING |   [GRT-USD] Fetch error: Too Many Requests. Rate limited. Try after a while.
2026-01-14 10:40:37,645 | INFO |   Batch complete, waiting 60s...
2026-01-14 10:41:37,646 | INFO | 
  Batch 2/2 (21 assets)
2026-01-14 10:41:39,589 | WARNING |   [UNI-USD] Fetch error: Too Many Requests. Rate limited. Try after a while.
2026-01-14 10:41:42,609 | INFO | 
============================================================
2026-01-14 10:41:42,609 | INFO | Processing EQUITY: 421 assets
2026-01-14 10:41:42,609 | INFO | Schedule: Weekdays 22:00 UTC
2026-01-14 10:41:42,610 | INFO | ============================================================
2026-01-14 10:41:42,610 | INFO | 
  Batch 1/17 (25 assets)
2026-01-14 10:41:43,824 | WARNING |   [1COV.DE] Fetch error: Too Many Requests. Rate limited. Try after a while.
2026-01-14 10:41:47,991 | WARNING |   [ABBV] Fetch error: Too Many Requests. Rate limited. Try after a while.
2026-01-14 10:41:52,148 | WARNING |   [ABNB] Fetch error: Too Many Requests. Rate limited. Try after a while.
2026-01-14 10:41:56,119 | WARNING |   [ABT] Fetch error: Too Many Requests. Rate limited. Try after a while.
2026-01-14 10:42:00,114 | WARNING |   [ACA.PA] Fetch error: Too Many Requests. Rate limited. Try after a while.
2026-01-14 10:42:04,293 | WARNING |   [ADBE] Fetch error: Too Many Requests. Rate limited. Try after a while.
2026-01-14 10:42:08,535 | WARNING |   [ADI] Fetch error: Too Many Requests. Rate limited. Try after a while.
2026-01-14 10:42:12,707 | WARNING |   [ADSK] Fetch error: Too Many Requests. Rate limited. Try after a while.
2026-01-14 10:42:17,115 | WARNING |   [AEP] Fetch error: Too Many Requests. Rate limited. Try after a while.
2026-01-14 10:42:21,496 | WARNING |   [AFL] Fetch error: Too Many Requests. Rate limited. Try after a while.
2026-01-14 10:42:25,799 | WARNING |   [AI.PA] Fetch error: Too Many Requests. Rate limited. Try after a while.
2026-01-14 10:42:29,847 | WARNING |   [AIG] Fetch error: Too Many Requests. Rate limited. Try after a while.
2026-01-14 10:42:34,580 | WARNING |   [AIR.PA] Fetch error: Too Many Requests. Rate limited. Try after a while.
2026-01-14 10:42:38,997 | WARNING |   [AKAM] Fetch error: Too Many Requests. Rate limited. Try after a while.
2026-01-14 10:42:43,162 | WARNING |   [AKER.OL] Fetch error: Too Many Requests. Rate limited. Try after a while.
2026-01-14 10:42:47,235 | WARNING |   [AKRBP.OL] Fetch error: Too Many Requests. Rate limited. Try after a while.
2026-01-14 10:42:51,369 | WARNING |   [AKSO.OL] Fetch error: Too Many Requests. Rate limited. Try after a while.
2026-01-14 10:42:55,605 | WARNING |   [AKVA.OL] Fetch error: Too Many Requests. Rate limited. Try after a while.
2026-01-14 10:42:59,459 | WARNING |   [ALB] Fetch error: Too Many Requests. Rate limited. Try after a while.
2026-01-14 10:43:03,711 | WARNING |   [ALL] Fetch error: Too Many Requests. Rate limited. Try after a while.
2026-01-14 10:43:08,196 | WARNING |   [ALO.PA] Fetch error: Too Many Requests. Rate limited. Try after a while.
2026-01-14 10:43:12,225 | WARNING |   [AMAT] Fetch error: Too Many Requests. Rate limited. Try after a while.
2026-01-14 10:43:15,227 | INFO |   Batch complete, waiting 60s...
2026-01-14 10:44:15,231 | INFO | 
  Batch 2/17 (25 assets)
2026-01-14 10:44:17,020 | WARNING |   [AMD] Fetch error: Too Many Requests. Rate limited. Try after a while.
2026-01-14 10:44:21,419 | WARNING |   [AMGN] Fetch error: Too Many Requests. Rate limited. Try after a while.
2026-01-14 10:44:26,880 | WARNING |   [AMT] Fetch error: Too Many Requests. Rate limited. Try after a while.
2026-01-14 10:44:31,057 | WARNING |   [AMZN] Fetch error: Too Many Requests. Rate limited. Try after a while.
2026-01-14 10:44:35,162 | WARNING |   [AON] Fetch error: Too Many Requests. Rate limited. Try after a while.
2026-01-14 10:44:39,277 | WARNING |   [APD] Fetch error: Too Many Requests. Rate limited. Try after a while.
2026-01-14 10:44:43,598 | WARNING |   [ASML] Fetch error: Too Many Requests. Rate limited. Try after a while.
2026-01-14 10:44:48,016 | WARNING |   [ATO.PA] Fetch error: Too Many Requests. Rate limited. Try after a while.
2026-01-14 10:44:52,216 | WARNING |   [AUSS.OL] Fetch error: Too Many Requests. Rate limited. Try after a while.
2026-01-14 10:44:56,572 | WARNING |   [AUTO.OL] Fetch error: Too Many Requests. Rate limited. Try after a while.
2026-01-14 10:45:00,849 | WARNING |   [AV.L] Fetch error: Too Many Requests. Rate limited. Try after a while.
2026-01-14 10:45:05,283 | WARNING |   [AVB] Fetch error: Too Many Requests. Rate limited. Try after a while.
2026-01-14 10:45:09,588 | WARNING |   [AVGO] Fetch error: Too Many Requests. Rate limited. Try after a while.
2026-01-14 10:45:13,974 | WARNING |   [AWK] Fetch error: Too Many Requests. Rate limited. Try after a while.
2026-01-14 10:45:18,295 | WARNING |   [AXP] Fetch error: Too Many Requests. Rate limited. Try after a while.
2026-01-14 10:45:22,485 | WARNING |   [AZN.L] Fetch error: Too Many Requests. Rate limited. Try after a while.
2026-01-14 10:45:27,632 | WARNING |   [AZO] Fetch error: Too Many Requests. Rate limited. Try after a while.
