2026-02-04 19:55:47,845 | INFO | ======================================================================
2026-02-04 19:55:47,845 | INFO | IoS-001 DAILY PRICE INGEST
2026-02-04 19:55:47,845 | INFO | Executor: LINE (EC-004)
2026-02-04 19:55:47,845 | INFO | Authority: CEO_DIRECTIVE_LINE_DAILY_INGEST_ACTIVATION_20251212
2026-02-04 19:55:47,846 | INFO | Time: 2026-02-04T18:55:47.846299+00:00
2026-02-04 19:55:47,847 | INFO | Asset Class Filter: ALL
2026-02-04 19:55:47,847 | INFO | Dry Run: False
2026-02-04 19:55:47,847 | INFO | ======================================================================
2026-02-04 19:55:48,636 | INFO | Found 491 VEGA-attested assets
2026-02-04 19:55:48,636 | INFO | 
============================================================
2026-02-04 19:55:48,636 | INFO | Processing CRYPTO: 46 assets
2026-02-04 19:55:48,637 | INFO | Schedule: Daily 01:00 UTC
2026-02-04 19:55:48,637 | INFO | ============================================================
2026-02-04 19:55:48,637 | INFO | 
  Batch 1/2 (25 assets)
2026-02-04 19:55:53,732 | WARNING |   [GRT-USD] Fetch error: Too Many Requests. Rate limited. Try after a while.
2026-02-04 19:55:56,764 | INFO |   Batch complete, waiting 60s...
2026-02-04 19:56:56,765 | INFO | 
  Batch 2/2 (21 assets)
2026-02-04 19:56:59,906 | WARNING |   [UNI-USD] Fetch error: Too Many Requests. Rate limited. Try after a while.
2026-02-04 19:57:02,937 | INFO | 
============================================================
2026-02-04 19:57:02,937 | INFO | Processing EQUITY: 421 assets
2026-02-04 19:57:02,937 | INFO | Schedule: Weekdays 22:00 UTC
2026-02-04 19:57:02,937 | INFO | ============================================================
2026-02-04 19:57:02,937 | INFO | 
  Batch 1/17 (25 assets)
2026-02-04 19:57:04,832 | WARNING |   [1COV.DE] Fetch error: Too Many Requests. Rate limited. Try after a while.
2026-02-04 19:57:07,903 | INFO |   Batch complete, waiting 60s...
2026-02-04 19:58:07,904 | INFO | 
  Batch 2/17 (25 assets)
2026-02-04 19:58:07,952 | INFO |   Batch complete, waiting 60s...
2026-02-04 19:59:07,953 | INFO | 
  Batch 3/17 (25 assets)
2026-02-04 19:59:11,817 | WARNING |   [BRK.B] Fetch error: Too Many Requests. Rate limited. Try after a while.
2026-02-04 19:59:16,049 | WARNING |   [BT.A.L] Fetch error: Too Many Requests. Rate limited. Try after a while.
2026-02-04 19:59:19,080 | INFO |   Batch complete, waiting 60s...
2026-02-04 20:00:19,082 | INFO | 
  Batch 4/17 (25 assets)
2026-02-04 20:00:21,026 | WARNING |   [CHD] Fetch error: Too Many Requests. Rate limited. Try after a while.
2026-02-04 20:00:25,299 | WARNING |   [CHTR] Fetch error: Too Many Requests. Rate limited. Try after a while.
2026-02-04 20:00:29,418 | WARNING |   [CI] Fetch error: Too Many Requests. Rate limited. Try after a while.
2026-02-04 20:00:33,477 | WARNING |   [CL] Fetch error: Too Many Requests. Rate limited. Try after a while.
2026-02-04 20:00:37,630 | WARNING |   [CLX] Fetch error: Too Many Requests. Rate limited. Try after a while.
2026-02-04 20:00:41,633 | WARNING |   [CMCSA] Fetch error: Too Many Requests. Rate limited. Try after a while.
