2025-12-26 06:23:08,550 | INFO | ======================================================================
2025-12-26 06:23:08,550 | INFO | IoS-001 DAILY PRICE INGEST
2025-12-26 06:23:08,550 | INFO | Executor: LINE (EC-004)
2025-12-26 06:23:08,550 | INFO | Authority: CEO_DIRECTIVE_LINE_DAILY_INGEST_ACTIVATION_20251212
2025-12-26 06:23:08,550 | INFO | Time: 2025-12-26T05:23:08.550641+00:00
2025-12-26 06:23:08,551 | INFO | Asset Class Filter: ALL
2025-12-26 06:23:08,551 | INFO | Dry Run: False
2025-12-26 06:23:08,551 | INFO | ======================================================================
2025-12-26 06:23:08,685 | INFO | Found 463 VEGA-attested assets
2025-12-26 06:23:08,685 | INFO | 
============================================================
2025-12-26 06:23:08,685 | INFO | Processing CRYPTO: 45 assets
2025-12-26 06:23:08,685 | INFO | Schedule: Daily 01:00 UTC
2025-12-26 06:23:08,685 | INFO | ============================================================
2025-12-26 06:23:08,685 | INFO | 
  Batch 1/2 (25 assets)
2025-12-26 06:23:11,852 | WARNING |   [ADA-USD] Fetch error: Too Many Requests. Rate limited. Try after a while.
2025-12-26 06:23:15,979 | WARNING |   [ALGO-USD] Fetch error: Too Many Requests. Rate limited. Try after a while.
2025-12-26 06:23:20,211 | WARNING |   [ATOM-USD] Fetch error: Too Many Requests. Rate limited. Try after a while.
2025-12-26 06:23:24,349 | WARNING |   [AXS-USD] Fetch error: Too Many Requests. Rate limited. Try after a while.
2025-12-26 06:23:28,833 | WARNING |   [BNB-USD] Fetch error: Too Many Requests. Rate limited. Try after a while.
2025-12-26 06:23:32,986 | WARNING |   [CHZ-USD] Fetch error: Too Many Requests. Rate limited. Try after a while.
2025-12-26 06:23:37,209 | WARNING |   [CRO-USD] Fetch error: Too Many Requests. Rate limited. Try after a while.
2025-12-26 06:23:41,216 | WARNING |   [EOS-USD] Fetch error: Too Many Requests. Rate limited. Try after a while.
2025-12-26 06:23:45,192 | WARNING |   [ETC-USD] Fetch error: Too Many Requests. Rate limited. Try after a while.
2025-12-26 06:23:48,971 | WARNING |   [FIL-USD] Fetch error: Too Many Requests. Rate limited. Try after a while.
2025-12-26 06:23:52,975 | WARNING |   [FLOW-USD] Fetch error: Too Many Requests. Rate limited. Try after a while.
2025-12-26 06:23:56,909 | WARNING |   [HBAR-USD] Fetch error: Too Many Requests. Rate limited. Try after a while.
2025-12-26 06:24:01,088 | WARNING |   [ICP-USD] Fetch error: Too Many Requests. Rate limited. Try after a while.
2025-12-26 06:24:05,230 | WARNING |   [INJ-USD] Fetch error: Too Many Requests. Rate limited. Try after a while.
2025-12-26 06:24:09,200 | WARNING |   [LDO-USD] Fetch error: Too Many Requests. Rate limited. Try after a while.
2025-12-26 06:24:13,282 | WARNING |   [MANA-USD] Fetch error: Too Many Requests. Rate limited. Try after a while.
2025-12-26 06:24:16,288 | INFO |   Batch complete, waiting 60s...
2025-12-26 06:25:16,289 | INFO | 
  Batch 2/2 (20 assets)
2025-12-26 06:25:18,285 | WARNING |   [MKR-USD] Fetch error: Too Many Requests. Rate limited. Try after a while.
2025-12-26 06:25:23,061 | WARNING |   [NEAR-USD] Fetch error: Too Many Requests. Rate limited. Try after a while.
2025-12-26 06:25:27,510 | WARNING |   [OKB-USD] Fetch error: Too Many Requests. Rate limited. Try after a while.
2025-12-26 06:25:31,985 | WARNING |   [QNT-USD] Fetch error: Too Many Requests. Rate limited. Try after a while.
2025-12-26 06:25:35,965 | WARNING |   [RPL-USD] Fetch error: Too Many Requests. Rate limited. Try after a while.
2025-12-26 06:25:39,949 | WARNING |   [RUNE-USD] Fetch error: Too Many Requests. Rate limited. Try after a while.
2025-12-26 06:25:44,187 | WARNING |   [SAND-USD] Fetch error: Too Many Requests. Rate limited. Try after a while.
2025-12-26 06:25:48,183 | WARNING |   [SNX-USD] Fetch error: Too Many Requests. Rate limited. Try after a while.
2025-12-26 06:25:52,294 | WARNING |   [THETA-USD] Fetch error: Too Many Requests. Rate limited. Try after a while.
2025-12-26 06:25:55,984 | WARNING |   [TRX-USD] Fetch error: Too Many Requests. Rate limited. Try after a while.
2025-12-26 06:25:59,855 | WARNING |   [VET-USD] Fetch error: Too Many Requests. Rate limited. Try after a while.
2025-12-26 06:26:04,004 | WARNING |   [XLM-USD] Fetch error: Too Many Requests. Rate limited. Try after a while.
2025-12-26 06:26:08,299 | WARNING |   [XMR-USD] Fetch error: Too Many Requests. Rate limited. Try after a while.
2025-12-26 06:26:12,720 | WARNING |   [ZEC-USD] Fetch error: Too Many Requests. Rate limited. Try after a while.
2025-12-26 06:26:15,736 | INFO | 
============================================================
2025-12-26 06:26:15,736 | INFO | Processing EQUITY: 394 assets
2025-12-26 06:26:15,736 | INFO | Schedule: Weekdays 22:00 UTC
2025-12-26 06:26:15,736 | INFO | ============================================================
2025-12-26 06:26:15,736 | INFO | 
  Batch 1/16 (25 assets)
2025-12-26 06:26:16,977 | WARNING |   [1COV.DE] Fetch error: Too Many Requests. Rate limited. Try after a while.
2025-12-26 06:26:21,021 | WARNING |   [ABBV] Fetch error: Too Many Requests. Rate limited. Try after a while.
2025-12-26 06:26:24,813 | WARNING |   [ABNB] Fetch error: Too Many Requests. Rate limited. Try after a while.
2025-12-26 06:26:28,960 | WARNING |   [ABT] Fetch error: Too Many Requests. Rate limited. Try after a while.
2025-12-26 06:26:33,302 | WARNING |   [ACA.PA] Fetch error: Too Many Requests. Rate limited. Try after a while.
2025-12-26 06:26:37,063 | WARNING |   [ADBE] Fetch error: Too Many Requests. Rate limited. Try after a while.
2025-12-26 06:26:40,974 | WARNING |   [ADI] Fetch error: Too Many Requests. Rate limited. Try after a while.
2025-12-26 06:26:44,903 | WARNING |   [ADS.DE] Fetch error: Too Many Requests. Rate limited. Try after a while.
2025-12-26 06:26:48,988 | WARNING |   [ADSK] Fetch error: Too Many Requests. Rate limited. Try after a while.
2025-12-26 06:26:53,105 | WARNING |   [AEP] Fetch error: Too Many Requests. Rate limited. Try after a while.
2025-12-26 06:26:57,458 | WARNING |   [AFL] Fetch error: Too Many Requests. Rate limited. Try after a while.
2025-12-26 06:27:01,558 | WARNING |   [AI.PA] Fetch error: Too Many Requests. Rate limited. Try after a while.
2025-12-26 06:27:05,542 | WARNING |   [AIG] Fetch error: Too Many Requests. Rate limited. Try after a while.
2025-12-26 06:27:09,691 | WARNING |   [AIR.DE] Fetch error: Too Many Requests. Rate limited. Try after a while.
2025-12-26 06:27:13,797 | WARNING |   [AIR.PA] Fetch error: Too Many Requests. Rate limited. Try after a while.
2025-12-26 06:27:18,219 | WARNING |   [AKAM] Fetch error: Too Many Requests. Rate limited. Try after a while.
2025-12-26 06:27:22,556 | WARNING |   [AKER.OL] Fetch error: Too Many Requests. Rate limited. Try after a while.
2025-12-26 06:27:26,552 | WARNING |   [AKRBP.OL] Fetch error: Too Many Requests. Rate limited. Try after a while.
2025-12-26 06:27:30,678 | WARNING |   [AKSO.OL] Fetch error: Too Many Requests. Rate limited. Try after a while.
2025-12-26 06:27:34,762 | WARNING |   [AKVA.OL] Fetch error: Too Many Requests. Rate limited. Try after a while.
2025-12-26 06:27:38,979 | WARNING |   [ALB] Fetch error: Too Many Requests. Rate limited. Try after a while.
2025-12-26 06:27:43,217 | WARNING |   [ALL] Fetch error: Too Many Requests. Rate limited. Try after a while.
2025-12-26 06:27:47,292 | WARNING |   [ALO.PA] Fetch error: Too Many Requests. Rate limited. Try after a while.
2025-12-26 06:27:51,319 | WARNING |   [ALV.DE] Fetch error: Too Many Requests. Rate limited. Try after a while.
2025-12-26 06:27:55,372 | WARNING |   [AMAT] Fetch error: Too Many Requests. Rate limited. Try after a while.
2025-12-26 06:27:58,376 | INFO |   Batch complete, waiting 60s...
