2026-01-24 17:05:34,374 | INFO | ======================================================================
2026-01-24 17:05:34,374 | INFO | IoS-001 DAILY PRICE INGEST
2026-01-24 17:05:34,374 | INFO | Executor: LINE (EC-004)
2026-01-24 17:05:34,374 | INFO | Authority: CEO_DIRECTIVE_LINE_DAILY_INGEST_ACTIVATION_20251212
2026-01-24 17:05:34,374 | INFO | Time: 2026-01-24T16:05:34.374400+00:00
2026-01-24 17:05:34,374 | INFO | Asset Class Filter: ALL
2026-01-24 17:05:34,374 | INFO | Dry Run: False
2026-01-24 17:05:34,374 | INFO | ======================================================================
2026-01-24 17:05:34,657 | INFO | Found 491 VEGA-attested assets
2026-01-24 17:05:34,657 | INFO | 
============================================================
2026-01-24 17:05:34,657 | INFO | Processing CRYPTO: 46 assets
2026-01-24 17:05:34,657 | INFO | Schedule: Daily 01:00 UTC
2026-01-24 17:05:34,657 | INFO | ============================================================
2026-01-24 17:05:34,657 | INFO | 
  Batch 1/2 (25 assets)
2026-01-24 17:05:35,959 | ERROR | $GRT-USD: possibly delisted; no price data found  (1d 2026-01-24 -> 2026-01-25)
2026-01-24 17:05:39,004 | INFO |   Batch complete, waiting 60s...
2026-01-24 17:06:39,007 | INFO | 
  Batch 2/2 (21 assets)
2026-01-24 17:06:39,192 | ERROR | $UNI-USD: possibly delisted; no price data found  (1d 2026-01-23 -> 2026-01-25)
2026-01-24 17:06:42,232 | INFO | 
============================================================
2026-01-24 17:06:42,232 | INFO | Processing EQUITY: 421 assets
2026-01-24 17:06:42,232 | INFO | Schedule: Weekdays 22:00 UTC
2026-01-24 17:06:42,232 | INFO | ============================================================
2026-01-24 17:06:42,232 | INFO |   Market closed for EQUITY today, skipping
2026-01-24 17:06:42,232 | INFO | 
============================================================
2026-01-24 17:06:42,233 | INFO | Processing FX: 24 assets
2026-01-24 17:06:42,233 | INFO | Schedule: Sun-Thu 22:00 UTC
2026-01-24 17:06:42,233 | INFO | ============================================================
2026-01-24 17:06:42,233 | INFO |   Market closed for FX today, skipping
2026-01-24 17:06:42,233 | WARNING | Heartbeat recording failed: relation "fhq_monitoring.system_heartbeats" does not exist
LINE 2:                 INSERT INTO fhq_monitoring.system_heartbeats...
                                    ^

2026-01-24 17:06:42,233 | INFO | 
======================================================================
2026-01-24 17:06:42,233 | INFO | DAILY INGEST COMPLETE
2026-01-24 17:06:42,233 | INFO | ======================================================================
2026-01-24 17:06:42,233 | INFO | Assets Processed: 46
2026-01-24 17:06:42,233 | INFO | Assets Updated:   0
2026-01-24 17:06:42,233 | INFO | Rows Inserted:    0
2026-01-24 17:06:42,233 | INFO |   CRYPTO: 0 assets, 0 rows
2026-01-24 17:06:42,233 | INFO | Evidence: C:\fhq-market-system\vision-ios\03_FUNCTIONS\evidence\IOS001_DAILY_INGEST_31b24a4f_20260124_170642.json
2026-01-24 17:06:42,233 | INFO | ======================================================================
