2026-01-31 03:48:55,041 | INFO | ======================================================================
2026-01-31 03:48:55,051 | INFO | IoS-001 DAILY PRICE INGEST
2026-01-31 03:48:55,051 | INFO | Executor: LINE (EC-004)
2026-01-31 03:48:55,051 | INFO | Authority: CEO_DIRECTIVE_LINE_DAILY_INGEST_ACTIVATION_20251212
2026-01-31 03:48:55,051 | INFO | Time: 2026-01-31T02:48:55.051181+00:00
2026-01-31 03:48:55,051 | INFO | Asset Class Filter: ALL
2026-01-31 03:48:55,051 | INFO | Dry Run: False
2026-01-31 03:48:55,051 | INFO | ======================================================================
2026-01-31 03:48:55,304 | INFO | Found 491 VEGA-attested assets
2026-01-31 03:48:55,314 | INFO | 
============================================================
2026-01-31 03:48:55,314 | INFO | Processing CRYPTO: 46 assets
2026-01-31 03:48:55,314 | INFO | Schedule: Daily 01:00 UTC
2026-01-31 03:48:55,314 | INFO | ============================================================
2026-01-31 03:48:55,314 | INFO | 
  Batch 1/2 (25 assets)
2026-01-31 03:48:58,098 | WARNING |   [ADA-USD] Fetch error: Too Many Requests. Rate limited. Try after a while.
2026-01-31 03:49:02,140 | WARNING |   [ALGO-USD] Fetch error: Too Many Requests. Rate limited. Try after a while.
2026-01-31 03:49:06,306 | WARNING |   [ATOM-USD] Fetch error: Too Many Requests. Rate limited. Try after a while.
2026-01-31 03:49:10,394 | WARNING |   [AVAX-USD] Fetch error: Too Many Requests. Rate limited. Try after a while.
2026-01-31 03:49:14,417 | WARNING |   [AXS-USD] Fetch error: Too Many Requests. Rate limited. Try after a while.
2026-01-31 03:49:18,720 | WARNING |   [BCH-USD] Fetch error: Too Many Requests. Rate limited. Try after a while.
2026-01-31 03:49:23,144 | WARNING |   [BNB-USD] Fetch error: Too Many Requests. Rate limited. Try after a while.
2026-01-31 03:49:27,421 | WARNING |   [BTC-USD] Fetch error: Too Many Requests. Rate limited. Try after a while.
2026-01-31 03:49:31,413 | WARNING |   [CHZ-USD] Fetch error: Too Many Requests. Rate limited. Try after a while.
2026-01-31 03:49:35,362 | WARNING |   [CRO-USD] Fetch error: Too Many Requests. Rate limited. Try after a while.
2026-01-31 03:49:39,537 | WARNING |   [CRV-USD] Fetch error: Too Many Requests. Rate limited. Try after a while.
2026-01-31 03:49:43,639 | WARNING |   [DOGE-USD] Fetch error: Too Many Requests. Rate limited. Try after a while.
2026-01-31 03:49:47,708 | WARNING |   [DOT-USD] Fetch error: Too Many Requests. Rate limited. Try after a while.
2026-01-31 03:49:51,645 | WARNING |   [EOS-USD] Fetch error: Too Many Requests. Rate limited. Try after a while.
2026-01-31 03:49:55,569 | WARNING |   [ETC-USD] Fetch error: Too Many Requests. Rate limited. Try after a while.
2026-01-31 03:49:59,820 | WARNING |   [ETH-USD] Fetch error: Too Many Requests. Rate limited. Try after a while.
2026-01-31 03:50:04,037 | WARNING |   [FIL-USD] Fetch error: Too Many Requests. Rate limited. Try after a while.
2026-01-31 03:50:08,114 | WARNING |   [FLOW-USD] Fetch error: Too Many Requests. Rate limited. Try after a while.
2026-01-31 03:50:12,374 | WARNING |   [GRT-USD] Fetch error: Too Many Requests. Rate limited. Try after a while.
2026-01-31 03:50:16,419 | WARNING |   [HBAR-USD] Fetch error: Too Many Requests. Rate limited. Try after a while.
2026-01-31 03:50:20,998 | WARNING |   [ICP-USD] Fetch error: Too Many Requests. Rate limited. Try after a while.
2026-01-31 03:50:25,096 | WARNING |   [INJ-USD] Fetch error: Too Many Requests. Rate limited. Try after a while.
2026-01-31 03:50:29,111 | WARNING |   [LDO-USD] Fetch error: Too Many Requests. Rate limited. Try after a while.
2026-01-31 03:50:33,167 | WARNING |   [LINK-USD] Fetch error: Too Many Requests. Rate limited. Try after a while.
2026-01-31 03:50:37,262 | WARNING |   [LTC-USD] Fetch error: Too Many Requests. Rate limited. Try after a while.
2026-01-31 03:50:40,263 | INFO |   Batch complete, waiting 60s...
2026-01-31 03:51:40,263 | INFO | 
  Batch 2/2 (21 assets)
2026-01-31 03:51:41,842 | WARNING |   [MANA-USD] Fetch error: Too Many Requests. Rate limited. Try after a while.
2026-01-31 03:51:45,816 | WARNING |   [MKR-USD] Fetch error: Too Many Requests. Rate limited. Try after a while.
2026-01-31 03:51:50,148 | WARNING |   [NEAR-USD] Fetch error: Too Many Requests. Rate limited. Try after a while.
2026-01-31 03:51:54,188 | WARNING |   [OKB-USD] Fetch error: Too Many Requests. Rate limited. Try after a while.
2026-01-31 03:51:58,265 | WARNING |   [QNT-USD] Fetch error: Too Many Requests. Rate limited. Try after a while.
2026-01-31 03:52:02,248 | WARNING |   [RPL-USD] Fetch error: Too Many Requests. Rate limited. Try after a while.
2026-01-31 03:52:06,367 | WARNING |   [RUNE-USD] Fetch error: Too Many Requests. Rate limited. Try after a while.
2026-01-31 03:52:10,499 | WARNING |   [SAND-USD] Fetch error: Too Many Requests. Rate limited. Try after a while.
2026-01-31 03:52:14,652 | WARNING |   [SHIB-USD] Fetch error: Too Many Requests. Rate limited. Try after a while.
2026-01-31 03:52:18,615 | WARNING |   [SNX-USD] Fetch error: Too Many Requests. Rate limited. Try after a while.
2026-01-31 03:52:22,675 | WARNING |   [SOL-USD] Fetch error: Too Many Requests. Rate limited. Try after a while.
2026-01-31 03:52:26,740 | WARNING |   [THETA-USD] Fetch error: Too Many Requests. Rate limited. Try after a while.
2026-01-31 03:52:30,812 | WARNING |   [TRX-USD] Fetch error: Too Many Requests. Rate limited. Try after a while.
2026-01-31 03:52:35,086 | WARNING |   [UNI-USD] Fetch error: Too Many Requests. Rate limited. Try after a while.
2026-01-31 03:52:39,311 | WARNING |   [VET-USD] Fetch error: Too Many Requests. Rate limited. Try after a while.
2026-01-31 03:52:43,383 | WARNING |   [XLM-USD] Fetch error: Too Many Requests. Rate limited. Try after a while.
2026-01-31 03:52:47,868 | WARNING |   [XMR-USD] Fetch error: Too Many Requests. Rate limited. Try after a while.
2026-01-31 03:52:51,976 | WARNING |   [XRP-USD] Fetch error: Too Many Requests. Rate limited. Try after a while.
2026-01-31 03:52:55,936 | WARNING |   [ZEC-USD] Fetch error: Too Many Requests. Rate limited. Try after a while.
2026-01-31 03:52:59,999 | WARNING |   [AAVE-USD] Fetch error: Too Many Requests. Rate limited. Try after a while.
2026-01-31 03:53:03,009 | INFO | 
============================================================
2026-01-31 03:53:03,009 | INFO | Processing EQUITY: 421 assets
2026-01-31 03:53:03,010 | INFO | Schedule: Weekdays 22:00 UTC
2026-01-31 03:53:03,011 | INFO | ============================================================
2026-01-31 03:53:03,011 | INFO |   Market closed for EQUITY today, skipping
2026-01-31 03:53:03,011 | INFO | 
============================================================
2026-01-31 03:53:03,011 | INFO | Processing FX: 24 assets
2026-01-31 03:53:03,012 | INFO | Schedule: Sun-Thu 22:00 UTC
2026-01-31 03:53:03,012 | INFO | ============================================================
2026-01-31 03:53:03,012 | INFO |   Market closed for FX today, skipping
2026-01-31 03:53:03,022 | WARNING | Heartbeat recording failed: relation "fhq_monitoring.system_heartbeats" does not exist
LINE 2:                 INSERT INTO fhq_monitoring.system_heartbeats...
                                    ^

2026-01-31 03:53:03,026 | INFO | 
======================================================================
2026-01-31 03:53:03,031 | INFO | DAILY INGEST COMPLETE
2026-01-31 03:53:03,031 | INFO | ======================================================================
2026-01-31 03:53:03,033 | INFO | Assets Processed: 46
2026-01-31 03:53:03,033 | INFO | Assets Updated:   0
2026-01-31 03:53:03,033 | INFO | Rows Inserted:    0
2026-01-31 03:53:03,033 | INFO |   CRYPTO: 0 assets, 0 rows
2026-01-31 03:53:03,033 | INFO | Evidence: C:\fhq-market-system\vision-ios\03_FUNCTIONS\evidence\IOS001_DAILY_INGEST_a20b6876_20260131_035303.json
2026-01-31 03:53:03,033 | INFO | ======================================================================
