2026-01-25 09:17:23,362 | INFO | ======================================================================
2026-01-25 09:17:23,362 | INFO | IoS-001 DAILY PRICE INGEST
2026-01-25 09:17:23,362 | INFO | Executor: LINE (EC-004)
2026-01-25 09:17:23,362 | INFO | Authority: CEO_DIRECTIVE_LINE_DAILY_INGEST_ACTIVATION_20251212
2026-01-25 09:17:23,362 | INFO | Time: 2026-01-25T08:17:23.362303+00:00
2026-01-25 09:17:23,362 | INFO | Asset Class Filter: ALL
2026-01-25 09:17:23,362 | INFO | Dry Run: False
2026-01-25 09:17:23,362 | INFO | ======================================================================
2026-01-25 09:17:23,630 | INFO | Found 491 VEGA-attested assets
2026-01-25 09:17:23,630 | INFO | 
============================================================
2026-01-25 09:17:23,630 | INFO | Processing CRYPTO: 46 assets
2026-01-25 09:17:23,630 | INFO | Schedule: Daily 01:00 UTC
2026-01-25 09:17:23,630 | INFO | ============================================================
2026-01-25 09:17:23,630 | INFO | 
  Batch 1/2 (25 assets)
2026-01-25 09:17:26,476 | WARNING |   [GRT-USD] Fetch error: Too Many Requests. Rate limited. Try after a while.
2026-01-25 09:17:29,494 | INFO |   Batch complete, waiting 60s...
2026-01-25 09:18:29,503 | INFO | 
  Batch 2/2 (21 assets)
2026-01-25 09:18:31,119 | WARNING |   [UNI-USD] Fetch error: Too Many Requests. Rate limited. Try after a while.
2026-01-25 09:18:34,165 | INFO | 
============================================================
2026-01-25 09:18:34,165 | INFO | Processing EQUITY: 421 assets
2026-01-25 09:18:34,165 | INFO | Schedule: Weekdays 22:00 UTC
2026-01-25 09:18:34,165 | INFO | ============================================================
2026-01-25 09:18:34,165 | INFO |   Market closed for EQUITY today, skipping
2026-01-25 09:18:34,165 | INFO | 
============================================================
2026-01-25 09:18:34,165 | INFO | Processing FX: 24 assets
2026-01-25 09:18:34,165 | INFO | Schedule: Sun-Thu 22:00 UTC
2026-01-25 09:18:34,165 | INFO | ============================================================
2026-01-25 09:18:34,165 | INFO | 
  Batch 1/1 (24 assets)
2026-01-25 09:18:35,430 | WARNING |   [AUDJPY=X] Fetch error: Too Many Requests. Rate limited. Try after a while.
2026-01-25 09:18:39,247 | WARNING |   [CADJPY=X] Fetch error: Too Many Requests. Rate limited. Try after a while.
2026-01-25 09:18:43,310 | WARNING |   [CHFJPY=X] Fetch error: Too Many Requests. Rate limited. Try after a while.
2026-01-25 09:18:47,189 | WARNING |   [EURAUD=X] Fetch error: Too Many Requests. Rate limited. Try after a while.
2026-01-25 09:18:51,206 | WARNING |   [EURCHF=X] Fetch error: Too Many Requests. Rate limited. Try after a while.
2026-01-25 09:18:55,130 | WARNING |   [EURGBP=X] Fetch error: Too Many Requests. Rate limited. Try after a while.
2026-01-25 09:18:59,083 | WARNING |   [EURJPY=X] Fetch error: Too Many Requests. Rate limited. Try after a while.
2026-01-25 09:19:03,230 | WARNING |   [EURNOK=X] Fetch error: Too Many Requests. Rate limited. Try after a while.
2026-01-25 09:19:07,341 | WARNING |   [EURSEK=X] Fetch error: Too Many Requests. Rate limited. Try after a while.
2026-01-25 09:19:11,481 | WARNING |   [EURUSD=X] Fetch error: Too Many Requests. Rate limited. Try after a while.
2026-01-25 09:19:15,306 | WARNING |   [GBPJPY=X] Fetch error: Too Many Requests. Rate limited. Try after a while.
2026-01-25 09:19:19,548 | WARNING |   [GBPUSD=X] Fetch error: Too Many Requests. Rate limited. Try after a while.
2026-01-25 09:19:24,748 | WARNING |   [USDJPY=X] Fetch error: Too Many Requests. Rate limited. Try after a while.
2026-01-25 09:19:28,774 | WARNING |   [USDMXN=X] Fetch error: Too Many Requests. Rate limited. Try after a while.
2026-01-25 09:19:33,214 | WARNING |   [USDNOK=X] Fetch error: Too Many Requests. Rate limited. Try after a while.
2026-01-25 09:19:37,405 | WARNING |   [USDSEK=X] Fetch error: Too Many Requests. Rate limited. Try after a while.
2026-01-25 09:19:41,478 | WARNING |   [USDTRY=X] Fetch error: Too Many Requests. Rate limited. Try after a while.
2026-01-25 09:19:44,495 | WARNING | Heartbeat recording failed: relation "fhq_monitoring.system_heartbeats" does not exist
LINE 2:                 INSERT INTO fhq_monitoring.system_heartbeats...
                                    ^

2026-01-25 09:19:44,500 | INFO | 
======================================================================
2026-01-25 09:19:44,501 | INFO | DAILY INGEST COMPLETE
2026-01-25 09:19:44,501 | INFO | ======================================================================
2026-01-25 09:19:44,502 | INFO | Assets Processed: 70
2026-01-25 09:19:44,502 | INFO | Assets Updated:   0
2026-01-25 09:19:44,503 | INFO | Rows Inserted:    0
2026-01-25 09:19:44,503 | INFO |   CRYPTO: 0 assets, 0 rows
2026-01-25 09:19:44,503 | INFO |   FX: 0 assets, 0 rows
2026-01-25 09:19:44,504 | INFO | Evidence: C:\fhq-market-system\vision-ios\03_FUNCTIONS\evidence\IOS001_DAILY_INGEST_8d678d9a_20260125_091944.json
2026-01-25 09:19:44,504 | INFO | ======================================================================
