2026-01-03 10:24:52,615 | INFO | ======================================================================
2026-01-03 10:24:52,615 | INFO | IoS-001 DAILY PRICE INGEST
2026-01-03 10:24:52,615 | INFO | Executor: LINE (EC-004)
2026-01-03 10:24:52,615 | INFO | Authority: CEO_DIRECTIVE_LINE_DAILY_INGEST_ACTIVATION_20251212
2026-01-03 10:24:52,615 | INFO | Time: 2026-01-03T09:24:52.615450+00:00
2026-01-03 10:24:52,615 | INFO | Asset Class Filter: ALL
2026-01-03 10:24:52,615 | INFO | Dry Run: False
2026-01-03 10:24:52,615 | INFO | ======================================================================
2026-01-03 10:24:52,906 | INFO | Found 491 VEGA-attested assets
2026-01-03 10:24:52,906 | INFO | 
============================================================
2026-01-03 10:24:52,906 | INFO | Processing CRYPTO: 46 assets
2026-01-03 10:24:52,906 | INFO | Schedule: Daily 01:00 UTC
2026-01-03 10:24:52,906 | INFO | ============================================================
2026-01-03 10:24:52,906 | INFO | 
  Batch 1/2 (25 assets)
2026-01-03 10:24:55,663 | WARNING |   [GRT-USD] Fetch error: Too Many Requests. Rate limited. Try after a while.
2026-01-03 10:24:58,683 | INFO |   Batch complete, waiting 60s...
2026-01-03 10:25:58,686 | INFO | 
  Batch 2/2 (21 assets)
2026-01-03 10:26:00,212 | WARNING |   [UNI-USD] Fetch error: Too Many Requests. Rate limited. Try after a while.
2026-01-03 10:26:03,250 | INFO | 
============================================================
2026-01-03 10:26:03,250 | INFO | Processing EQUITY: 421 assets
2026-01-03 10:26:03,251 | INFO | Schedule: Weekdays 22:00 UTC
2026-01-03 10:26:03,251 | INFO | ============================================================
2026-01-03 10:26:03,251 | INFO |   Market closed for EQUITY today, skipping
2026-01-03 10:26:03,252 | INFO | 
============================================================
2026-01-03 10:26:03,252 | INFO | Processing FX: 24 assets
2026-01-03 10:26:03,252 | INFO | Schedule: Sun-Thu 22:00 UTC
2026-01-03 10:26:03,252 | INFO | ============================================================
2026-01-03 10:26:03,253 | INFO |   Market closed for FX today, skipping
2026-01-03 10:26:03,260 | WARNING | Heartbeat recording failed: relation "fhq_monitoring.system_heartbeats" does not exist
LINE 2:                 INSERT INTO fhq_monitoring.system_heartbeats...
                                    ^

2026-01-03 10:26:03,264 | INFO | 
======================================================================
2026-01-03 10:26:03,264 | INFO | DAILY INGEST COMPLETE
2026-01-03 10:26:03,265 | INFO | ======================================================================
2026-01-03 10:26:03,265 | INFO | Assets Processed: 46
2026-01-03 10:26:03,266 | INFO | Assets Updated:   0
2026-01-03 10:26:03,266 | INFO | Rows Inserted:    0
2026-01-03 10:26:03,266 | INFO |   CRYPTO: 0 assets, 0 rows
2026-01-03 10:26:03,266 | INFO | Evidence: C:\fhq-market-system\vision-ios\03_FUNCTIONS\evidence\IOS001_DAILY_INGEST_aa009fa3_20260103_102603.json
2026-01-03 10:26:03,266 | INFO | ======================================================================
