2026-02-04 18:31:58,596 | INFO | ======================================================================
2026-02-04 18:31:58,597 | INFO | IoS-001 DAILY PRICE INGEST
2026-02-04 18:31:58,597 | INFO | Executor: LINE (EC-004)
2026-02-04 18:31:58,597 | INFO | Authority: CEO_DIRECTIVE_LINE_DAILY_INGEST_ACTIVATION_20251212
2026-02-04 18:31:58,598 | INFO | Time: 2026-02-04T17:31:58.598663+00:00
2026-02-04 18:31:58,598 | INFO | Asset Class Filter: ALL
2026-02-04 18:31:58,598 | INFO | Dry Run: False
2026-02-04 18:31:58,598 | INFO | ======================================================================
2026-02-04 18:31:59,025 | INFO | Found 491 VEGA-attested assets
2026-02-04 18:31:59,026 | INFO | 
============================================================
2026-02-04 18:31:59,026 | INFO | Processing CRYPTO: 46 assets
2026-02-04 18:31:59,026 | INFO | Schedule: Daily 01:00 UTC
2026-02-04 18:31:59,026 | INFO | ============================================================
2026-02-04 18:31:59,026 | INFO | 
  Batch 1/2 (25 assets)
2026-02-04 18:32:03,734 | WARNING |   [GRT-USD] Fetch error: Too Many Requests. Rate limited. Try after a while.
2026-02-04 18:32:06,753 | INFO |   Batch complete, waiting 60s...
2026-02-04 18:33:06,754 | INFO | 
  Batch 2/2 (21 assets)
2026-02-04 18:33:09,106 | WARNING |   [UNI-USD] Fetch error: Too Many Requests. Rate limited. Try after a while.
2026-02-04 18:33:12,153 | INFO | 
============================================================
2026-02-04 18:33:12,154 | INFO | Processing EQUITY: 421 assets
2026-02-04 18:33:12,154 | INFO | Schedule: Weekdays 22:00 UTC
2026-02-04 18:33:12,154 | INFO | ============================================================
2026-02-04 18:33:12,154 | INFO | 
  Batch 1/17 (25 assets)
2026-02-04 18:33:13,532 | WARNING |   [1COV.DE] Fetch error: Too Many Requests. Rate limited. Try after a while.
2026-02-04 18:33:16,578 | INFO |   Batch complete, waiting 60s...
2026-02-04 18:34:16,579 | INFO | 
  Batch 2/17 (25 assets)
2026-02-04 18:34:16,676 | INFO |   Batch complete, waiting 60s...
2026-02-04 18:35:16,685 | INFO | 
  Batch 3/17 (25 assets)
2026-02-04 18:35:21,429 | WARNING |   [BRK.B] Fetch error: Too Many Requests. Rate limited. Try after a while.
2026-02-04 18:35:25,355 | WARNING |   [BT.A.L] Fetch error: Too Many Requests. Rate limited. Try after a while.
2026-02-04 18:35:28,385 | INFO |   Batch complete, waiting 60s...
2026-02-04 18:36:28,386 | INFO | 
  Batch 4/17 (25 assets)
2026-02-04 18:36:30,584 | WARNING |   [CHD] Fetch error: Too Many Requests. Rate limited. Try after a while.
2026-02-04 18:36:34,833 | WARNING |   [CHTR] Fetch error: Too Many Requests. Rate limited. Try after a while.
2026-02-04 18:36:38,942 | WARNING |   [CI] Fetch error: Too Many Requests. Rate limited. Try after a while.
2026-02-04 18:36:42,997 | WARNING |   [CL] Fetch error: Too Many Requests. Rate limited. Try after a while.
2026-02-04 18:36:47,426 | WARNING |   [CLX] Fetch error: Too Many Requests. Rate limited. Try after a while.
2026-02-04 18:36:51,594 | WARNING |   [CMCSA] Fetch error: Too Many Requests. Rate limited. Try after a while.
2026-02-04 18:36:56,040 | WARNING |   [CME] Fetch error: Too Many Requests. Rate limited. Try after a while.
