2026-01-24 03:09:36,595 | INFO | ======================================================================
2026-01-24 03:09:36,595 | INFO | IoS-001 DAILY PRICE INGEST
2026-01-24 03:09:36,595 | INFO | Executor: LINE (EC-004)
2026-01-24 03:09:36,595 | INFO | Authority: CEO_DIRECTIVE_LINE_DAILY_INGEST_ACTIVATION_20251212
2026-01-24 03:09:36,600 | INFO | Time: 2026-01-24T02:09:36.600642+00:00
2026-01-24 03:09:36,600 | INFO | Asset Class Filter: ALL
2026-01-24 03:09:36,600 | INFO | Dry Run: False
2026-01-24 03:09:36,600 | INFO | ======================================================================
2026-01-24 03:09:36,839 | INFO | Found 491 VEGA-attested assets
2026-01-24 03:09:36,839 | INFO | 
============================================================
2026-01-24 03:09:36,839 | INFO | Processing CRYPTO: 46 assets
2026-01-24 03:09:36,839 | INFO | Schedule: Daily 01:00 UTC
2026-01-24 03:09:36,839 | INFO | ============================================================
2026-01-24 03:09:36,839 | INFO | 
  Batch 1/2 (25 assets)
2026-01-24 03:09:39,769 | WARNING |   [GRT-USD] Fetch error: Too Many Requests. Rate limited. Try after a while.
2026-01-24 03:09:42,788 | INFO |   Batch complete, waiting 60s...
2026-01-24 03:10:42,797 | INFO | 
  Batch 2/2 (21 assets)
2026-01-24 03:10:44,533 | WARNING |   [UNI-USD] Fetch error: Too Many Requests. Rate limited. Try after a while.
2026-01-24 03:10:47,584 | INFO | 
============================================================
2026-01-24 03:10:47,594 | INFO | Processing EQUITY: 421 assets
2026-01-24 03:10:47,595 | INFO | Schedule: Weekdays 22:00 UTC
2026-01-24 03:10:47,595 | INFO | ============================================================
2026-01-24 03:10:47,595 | INFO |   Market closed for EQUITY today, skipping
2026-01-24 03:10:47,595 | INFO | 
============================================================
2026-01-24 03:10:47,595 | INFO | Processing FX: 24 assets
2026-01-24 03:10:47,595 | INFO | Schedule: Sun-Thu 22:00 UTC
2026-01-24 03:10:47,595 | INFO | ============================================================
2026-01-24 03:10:47,595 | INFO |   Market closed for FX today, skipping
2026-01-24 03:10:47,595 | WARNING | Heartbeat recording failed: relation "fhq_monitoring.system_heartbeats" does not exist
LINE 2:                 INSERT INTO fhq_monitoring.system_heartbeats...
                                    ^

2026-01-24 03:10:47,595 | INFO | 
======================================================================
2026-01-24 03:10:47,595 | INFO | DAILY INGEST COMPLETE
2026-01-24 03:10:47,595 | INFO | ======================================================================
2026-01-24 03:10:47,595 | INFO | Assets Processed: 46
2026-01-24 03:10:47,595 | INFO | Assets Updated:   0
2026-01-24 03:10:47,595 | INFO | Rows Inserted:    0
2026-01-24 03:10:47,595 | INFO |   CRYPTO: 0 assets, 0 rows
2026-01-24 03:10:47,604 | INFO | Evidence: C:\fhq-market-system\vision-ios\03_FUNCTIONS\evidence\IOS001_DAILY_INGEST_67f42db8_20260124_031047.json
2026-01-24 03:10:47,604 | INFO | ======================================================================
