2026-01-29 19:47:10,207 | INFO | ======================================================================
2026-01-29 19:47:10,208 | INFO | IoS-001 DAILY PRICE INGEST
2026-01-29 19:47:10,208 | INFO | Executor: LINE (EC-004)
2026-01-29 19:47:10,211 | INFO | Authority: CEO_DIRECTIVE_LINE_DAILY_INGEST_ACTIVATION_20251212
2026-01-29 19:47:10,211 | INFO | Time: 2026-01-29T18:47:10.211866+00:00
2026-01-29 19:47:10,212 | INFO | Asset Class Filter: ALL
2026-01-29 19:47:10,212 | INFO | Dry Run: False
2026-01-29 19:47:10,212 | INFO | ======================================================================
2026-01-29 19:47:10,969 | INFO | Found 491 VEGA-attested assets
2026-01-29 19:47:10,969 | INFO | 
============================================================
2026-01-29 19:47:10,969 | INFO | Processing CRYPTO: 46 assets
2026-01-29 19:47:10,969 | INFO | Schedule: Daily 01:00 UTC
2026-01-29 19:47:10,970 | INFO | ============================================================
2026-01-29 19:47:10,970 | INFO | 
  Batch 1/2 (25 assets)
2026-01-29 19:47:14,452 | ERROR | $GRT-USD: possibly delisted; no price data found  (1d 2026-01-29 -> 2026-01-30)
2026-01-29 19:47:17,478 | INFO |   Batch complete, waiting 60s...
2026-01-29 19:48:17,479 | INFO | 
  Batch 2/2 (21 assets)
2026-01-29 19:48:17,613 | ERROR | $UNI-USD: possibly delisted; no price data found  (1d 2026-01-27 -> 2026-01-30)
2026-01-29 19:48:20,639 | INFO | 
============================================================
2026-01-29 19:48:20,640 | INFO | Processing EQUITY: 421 assets
2026-01-29 19:48:20,640 | INFO | Schedule: Weekdays 22:00 UTC
2026-01-29 19:48:20,640 | INFO | ============================================================
2026-01-29 19:48:20,641 | INFO | 
  Batch 1/17 (25 assets)
2026-01-29 19:48:21,083 | ERROR | $1COV.DE: possibly delisted; no price data found  (1d 2025-12-24 -> 2026-01-30)
2026-01-29 19:48:24,182 | INFO |   Batch complete, waiting 60s...
2026-01-29 19:49:24,183 | INFO | 
  Batch 2/17 (25 assets)
2026-01-29 19:49:24,237 | INFO |   Batch complete, waiting 60s...
2026-01-29 19:50:24,239 | INFO | 
  Batch 3/17 (25 assets)
2026-01-29 19:50:29,764 | ERROR | $BRK.B: possibly delisted; no timezone found
2026-01-29 19:50:35,241 | ERROR | 404 Client Error: Not Found for url: https://query2.finance.yahoo.com/v10/finance/quoteSummary/BT.A.L?modules=financialData%2CquoteType%2CdefaultKeyStatistics%2CassetProfile%2CsummaryDetail&corsDomain=finance.yahoo.com&formatted=false&symbol=BT.A.L&crumb=vTRCLn3Dg3M
2026-01-29 19:50:35,244 | WARNING |   [BT.A.L] Fetch error: 'NoneType' object has no attribute 'update'
2026-01-29 19:50:38,256 | INFO |   Batch complete, waiting 60s...
2026-01-29 19:51:38,264 | INFO | 
  Batch 4/17 (25 assets)
2026-01-29 19:51:38,462 | INFO |     [CF] +1 rows
2026-01-29 19:51:41,624 | INFO |     [CHD] +1 rows
2026-01-29 19:51:44,737 | INFO |     [CHTR] +1 rows
2026-01-29 19:51:47,891 | INFO |     [CI] +1 rows
2026-01-29 19:51:51,066 | INFO |     [CL] +1 rows
2026-01-29 19:51:54,326 | INFO |     [CLX] +1 rows
2026-01-29 19:51:57,538 | INFO |     [CMCSA] +1 rows
2026-01-29 19:52:00,671 | INFO |     [CME] +1 rows
2026-01-29 19:52:03,786 | INFO |     [CMG] +1 rows
