2026-01-03 09:14:24,647 | INFO | ======================================================================
2026-01-03 09:14:24,647 | INFO | IoS-001 DAILY PRICE INGEST
2026-01-03 09:14:24,647 | INFO | Executor: LINE (EC-004)
2026-01-03 09:14:24,647 | INFO | Authority: CEO_DIRECTIVE_LINE_DAILY_INGEST_ACTIVATION_20251212
2026-01-03 09:14:24,647 | INFO | Time: 2026-01-03T08:14:24.647611+00:00
2026-01-03 09:14:24,648 | INFO | Asset Class Filter: ALL
2026-01-03 09:14:24,648 | INFO | Dry Run: False
2026-01-03 09:14:24,648 | INFO | ======================================================================
2026-01-03 09:14:25,086 | INFO | Found 491 VEGA-attested assets
2026-01-03 09:14:25,087 | INFO | 
============================================================
2026-01-03 09:14:25,087 | INFO | Processing CRYPTO: 46 assets
2026-01-03 09:14:25,088 | INFO | Schedule: Daily 01:00 UTC
2026-01-03 09:14:25,088 | INFO | ============================================================
2026-01-03 09:14:25,088 | INFO | 
  Batch 1/2 (25 assets)
2026-01-03 09:14:27,820 | WARNING |   [GRT-USD] Fetch error: Too Many Requests. Rate limited. Try after a while.
2026-01-03 09:14:30,834 | INFO |   Batch complete, waiting 60s...
2026-01-03 09:15:30,844 | INFO | 
  Batch 2/2 (21 assets)
2026-01-03 09:15:32,569 | WARNING |   [UNI-USD] Fetch error: Too Many Requests. Rate limited. Try after a while.
2026-01-03 09:15:35,580 | INFO | 
============================================================
2026-01-03 09:15:35,580 | INFO | Processing EQUITY: 421 assets
2026-01-03 09:15:35,580 | INFO | Schedule: Weekdays 22:00 UTC
2026-01-03 09:15:35,580 | INFO | ============================================================
2026-01-03 09:15:35,580 | INFO |   Market closed for EQUITY today, skipping
2026-01-03 09:15:35,580 | INFO | 
============================================================
2026-01-03 09:15:35,580 | INFO | Processing FX: 24 assets
2026-01-03 09:15:35,580 | INFO | Schedule: Sun-Thu 22:00 UTC
2026-01-03 09:15:35,580 | INFO | ============================================================
2026-01-03 09:15:35,580 | INFO |   Market closed for FX today, skipping
2026-01-03 09:15:35,580 | WARNING | Heartbeat recording failed: relation "fhq_monitoring.system_heartbeats" does not exist
LINE 2:                 INSERT INTO fhq_monitoring.system_heartbeats...
                                    ^

2026-01-03 09:15:35,580 | INFO | 
======================================================================
2026-01-03 09:15:35,580 | INFO | DAILY INGEST COMPLETE
2026-01-03 09:15:35,580 | INFO | ======================================================================
2026-01-03 09:15:35,580 | INFO | Assets Processed: 46
2026-01-03 09:15:35,580 | INFO | Assets Updated:   0
2026-01-03 09:15:35,580 | INFO | Rows Inserted:    0
2026-01-03 09:15:35,580 | INFO |   CRYPTO: 0 assets, 0 rows
2026-01-03 09:15:35,580 | INFO | Evidence: C:\fhq-market-system\vision-ios\03_FUNCTIONS\evidence\IOS001_DAILY_INGEST_db074fe9_20260103_091535.json
2026-01-03 09:15:35,580 | INFO | ======================================================================
