2026-01-09 07:28:16,967 | INFO | ======================================================================
2026-01-09 07:28:16,971 | INFO | IoS-001 DAILY PRICE INGEST
2026-01-09 07:28:16,971 | INFO | Executor: LINE (EC-004)
2026-01-09 07:28:16,971 | INFO | Authority: CEO_DIRECTIVE_LINE_DAILY_INGEST_ACTIVATION_20251212
2026-01-09 07:28:16,971 | INFO | Time: 2026-01-09T06:28:16.971570+00:00
2026-01-09 07:28:16,971 | INFO | Asset Class Filter: ALL
2026-01-09 07:28:16,971 | INFO | Dry Run: False
2026-01-09 07:28:16,973 | INFO | ======================================================================
2026-01-09 07:28:17,181 | INFO | Found 491 VEGA-attested assets
2026-01-09 07:28:17,181 | INFO | 
============================================================
2026-01-09 07:28:17,181 | INFO | Processing CRYPTO: 46 assets
2026-01-09 07:28:17,181 | INFO | Schedule: Daily 01:00 UTC
2026-01-09 07:28:17,181 | INFO | ============================================================
2026-01-09 07:28:17,181 | INFO | 
  Batch 1/2 (25 assets)
2026-01-09 07:28:20,695 | WARNING |   [ADA-USD] Fetch error: Too Many Requests. Rate limited. Try after a while.
2026-01-09 07:28:25,096 | WARNING |   [ALGO-USD] Fetch error: Too Many Requests. Rate limited. Try after a while.
2026-01-09 07:28:29,606 | WARNING |   [ATOM-USD] Fetch error: Too Many Requests. Rate limited. Try after a while.
2026-01-09 07:28:33,708 | WARNING |   [AVAX-USD] Fetch error: Too Many Requests. Rate limited. Try after a while.
2026-01-09 07:28:37,871 | WARNING |   [AXS-USD] Fetch error: Too Many Requests. Rate limited. Try after a while.
2026-01-09 07:28:41,978 | WARNING |   [BCH-USD] Fetch error: Too Many Requests. Rate limited. Try after a while.
2026-01-09 07:28:46,113 | WARNING |   [BNB-USD] Fetch error: Too Many Requests. Rate limited. Try after a while.
2026-01-09 07:28:50,348 | WARNING |   [BTC-USD] Fetch error: Too Many Requests. Rate limited. Try after a while.
2026-01-09 07:28:54,625 | WARNING |   [CHZ-USD] Fetch error: Too Many Requests. Rate limited. Try after a while.
2026-01-09 07:28:58,832 | WARNING |   [CRO-USD] Fetch error: Too Many Requests. Rate limited. Try after a while.
2026-01-09 07:29:02,940 | WARNING |   [CRV-USD] Fetch error: Too Many Requests. Rate limited. Try after a while.
2026-01-09 07:29:06,904 | WARNING |   [DOGE-USD] Fetch error: Too Many Requests. Rate limited. Try after a while.
2026-01-09 07:29:10,900 | WARNING |   [DOT-USD] Fetch error: Too Many Requests. Rate limited. Try after a while.
2026-01-09 07:29:14,930 | WARNING |   [EOS-USD] Fetch error: Too Many Requests. Rate limited. Try after a while.
2026-01-09 07:29:19,011 | WARNING |   [ETC-USD] Fetch error: Too Many Requests. Rate limited. Try after a while.
2026-01-09 07:29:23,062 | WARNING |   [ETH-USD] Fetch error: Too Many Requests. Rate limited. Try after a while.
2026-01-09 07:29:27,529 | WARNING |   [FIL-USD] Fetch error: Too Many Requests. Rate limited. Try after a while.
2026-01-09 07:29:31,350 | WARNING |   [FLOW-USD] Fetch error: Too Many Requests. Rate limited. Try after a while.
2026-01-09 07:29:35,155 | WARNING |   [GRT-USD] Fetch error: Too Many Requests. Rate limited. Try after a while.
2026-01-09 07:29:39,476 | WARNING |   [HBAR-USD] Fetch error: Too Many Requests. Rate limited. Try after a while.
2026-01-09 07:29:43,887 | WARNING |   [ICP-USD] Fetch error: Too Many Requests. Rate limited. Try after a while.
2026-01-09 07:29:48,399 | WARNING |   [INJ-USD] Fetch error: Too Many Requests. Rate limited. Try after a while.
2026-01-09 07:29:52,641 | WARNING |   [LDO-USD] Fetch error: Too Many Requests. Rate limited. Try after a while.
2026-01-09 07:29:57,405 | WARNING |   [LINK-USD] Fetch error: Too Many Requests. Rate limited. Try after a while.
2026-01-09 07:30:01,458 | WARNING |   [LTC-USD] Fetch error: Too Many Requests. Rate limited. Try after a while.
2026-01-09 07:30:04,459 | INFO |   Batch complete, waiting 60s...
2026-01-09 07:31:04,460 | INFO | 
  Batch 2/2 (21 assets)
2026-01-09 07:31:06,321 | WARNING |   [MANA-USD] Fetch error: Too Many Requests. Rate limited. Try after a while.
2026-01-09 07:31:10,539 | WARNING |   [MKR-USD] Fetch error: Too Many Requests. Rate limited. Try after a while.
2026-01-09 07:31:14,614 | WARNING |   [NEAR-USD] Fetch error: Too Many Requests. Rate limited. Try after a while.
2026-01-09 07:31:18,761 | WARNING |   [OKB-USD] Fetch error: Too Many Requests. Rate limited. Try after a while.
2026-01-09 07:31:22,701 | WARNING |   [QNT-USD] Fetch error: Too Many Requests. Rate limited. Try after a while.
2026-01-09 07:31:26,744 | WARNING |   [RPL-USD] Fetch error: Too Many Requests. Rate limited. Try after a while.
2026-01-09 07:31:30,883 | WARNING |   [RUNE-USD] Fetch error: Too Many Requests. Rate limited. Try after a while.
2026-01-09 07:31:35,344 | WARNING |   [SAND-USD] Fetch error: Too Many Requests. Rate limited. Try after a while.
2026-01-09 07:31:39,407 | WARNING |   [SHIB-USD] Fetch error: Too Many Requests. Rate limited. Try after a while.
2026-01-09 07:31:43,673 | WARNING |   [SNX-USD] Fetch error: Too Many Requests. Rate limited. Try after a while.
2026-01-09 07:31:47,718 | WARNING |   [SOL-USD] Fetch error: Too Many Requests. Rate limited. Try after a while.
2026-01-09 07:31:52,208 | WARNING |   [THETA-USD] Fetch error: Too Many Requests. Rate limited. Try after a while.
2026-01-09 07:31:56,642 | WARNING |   [TRX-USD] Fetch error: Too Many Requests. Rate limited. Try after a while.
2026-01-09 07:32:00,776 | WARNING |   [UNI-USD] Fetch error: Too Many Requests. Rate limited. Try after a while.
2026-01-09 07:32:04,999 | WARNING |   [VET-USD] Fetch error: Too Many Requests. Rate limited. Try after a while.
2026-01-09 07:32:09,340 | WARNING |   [XLM-USD] Fetch error: Too Many Requests. Rate limited. Try after a while.
2026-01-09 07:32:13,252 | WARNING |   [XMR-USD] Fetch error: Too Many Requests. Rate limited. Try after a while.
2026-01-09 07:32:17,252 | WARNING |   [XTZ-USD] Fetch error: Too Many Requests. Rate limited. Try after a while.
2026-01-09 07:32:21,274 | WARNING |   [ZEC-USD] Fetch error: Too Many Requests. Rate limited. Try after a while.
2026-01-09 07:32:25,215 | WARNING |   [AAVE-USD] Fetch error: Too Many Requests. Rate limited. Try after a while.
2026-01-09 07:32:28,216 | INFO | 
============================================================
2026-01-09 07:32:28,216 | INFO | Processing EQUITY: 421 assets
2026-01-09 07:32:28,217 | INFO | Schedule: Weekdays 22:00 UTC
2026-01-09 07:32:28,217 | INFO | ============================================================
2026-01-09 07:32:28,217 | INFO | 
  Batch 1/17 (25 assets)
2026-01-09 07:32:29,394 | WARNING |   [1COV.DE] Fetch error: Too Many Requests. Rate limited. Try after a while.
2026-01-09 07:32:33,706 | WARNING |   [ABBV] Fetch error: Too Many Requests. Rate limited. Try after a while.
2026-01-09 07:32:37,930 | WARNING |   [ABNB] Fetch error: Too Many Requests. Rate limited. Try after a while.
2026-01-09 07:32:42,260 | WARNING |   [ABT] Fetch error: Too Many Requests. Rate limited. Try after a while.
2026-01-09 07:32:46,405 | WARNING |   [ACA.PA] Fetch error: Too Many Requests. Rate limited. Try after a while.
2026-01-09 07:32:50,589 | WARNING |   [ADBE] Fetch error: Too Many Requests. Rate limited. Try after a while.
2026-01-09 07:32:54,635 | WARNING |   [ADI] Fetch error: Too Many Requests. Rate limited. Try after a while.
2026-01-09 07:32:58,656 | WARNING |   [ADS.DE] Fetch error: Too Many Requests. Rate limited. Try after a while.
2026-01-09 07:33:02,764 | WARNING |   [ADSK] Fetch error: Too Many Requests. Rate limited. Try after a while.
2026-01-09 07:33:07,043 | WARNING |   [AEP] Fetch error: Too Many Requests. Rate limited. Try after a while.
2026-01-09 07:33:11,015 | WARNING |   [AFL] Fetch error: Too Many Requests. Rate limited. Try after a while.
2026-01-09 07:33:14,974 | WARNING |   [AI.PA] Fetch error: Too Many Requests. Rate limited. Try after a while.
