2026-02-16 19:48:35,411 | INFO | ======================================================================
2026-02-16 19:48:35,411 | INFO | IoS-001 DAILY PRICE INGEST
2026-02-16 19:48:35,411 | INFO | Executor: LINE (EC-004)
2026-02-16 19:48:35,411 | INFO | Authority: CEO_DIRECTIVE_LINE_DAILY_INGEST_ACTIVATION_20251212
2026-02-16 19:48:35,411 | INFO | Amendment: CEO-DIR-2026-119 (Rate Limit Mitigation)
2026-02-16 19:48:35,411 | INFO | Time: 2026-02-16T18:48:35.411533+00:00
2026-02-16 19:48:35,411 | INFO | Asset Class Filter: ALL
2026-02-16 19:48:35,411 | INFO | Batch Mode: True
2026-02-16 19:48:35,411 | INFO | Dry Run: False
2026-02-16 19:48:35,411 | INFO | ======================================================================
2026-02-16 19:48:35,769 | INFO | Found 491 VEGA-attested assets
2026-02-16 19:48:35,769 | INFO | 
============================================================
2026-02-16 19:48:35,769 | INFO | Processing CRYPTO: 46 assets
2026-02-16 19:48:35,769 | INFO | Schedule: Daily 01:00 UTC
2026-02-16 19:48:35,769 | INFO | ============================================================
2026-02-16 19:48:35,769 | INFO |   Using BATCH MODE (CEO-DIR-2026-119)
2026-02-16 19:48:35,769 | INFO | 
  Batch 1/5 (10 tickers)
2026-02-16 19:48:35,810 | INFO |     All assets up to date
2026-02-16 19:48:35,816 | INFO | 
  Batch 2/5 (10 tickers)
2026-02-16 19:48:35,862 | INFO |     Batch download: 1 tickers
2026-02-16 19:48:38,637 | ERROR | 
1 Failed download:
2026-02-16 19:48:38,637 | ERROR | ['GRT-USD']: YFRateLimitError('Too Many Requests. Rate limited. Try after a while.')
2026-02-16 19:48:38,687 | INFO |   Batch complete, waiting 120s...
2026-02-16 19:50:38,688 | INFO | 
  Batch 3/5 (10 tickers)
2026-02-16 19:50:38,765 | INFO |     All assets up to date
2026-02-16 19:50:38,765 | INFO | 
  Batch 4/5 (10 tickers)
2026-02-16 19:50:38,877 | INFO |     Batch download: 1 tickers
2026-02-16 19:50:41,844 | ERROR | 
1 Failed download:
2026-02-16 19:50:41,845 | ERROR | ['UNI-USD']: YFRateLimitError('Too Many Requests. Rate limited. Try after a while.')
2026-02-16 19:50:41,848 | INFO |   Batch complete, waiting 120s...
2026-02-16 19:52:41,849 | INFO | 
  Batch 5/5 (6 tickers)
2026-02-16 19:52:41,873 | INFO |     All assets up to date
2026-02-16 19:52:41,873 | INFO | 
============================================================
2026-02-16 19:52:41,873 | INFO | Processing EQUITY: 421 assets
2026-02-16 19:52:41,874 | INFO | Schedule: Weekdays 22:00 UTC
2026-02-16 19:52:41,874 | INFO | ============================================================
2026-02-16 19:52:41,874 | INFO |   Using BATCH MODE (CEO-DIR-2026-119)
2026-02-16 19:52:41,875 | INFO | 
  Batch 1/43 (10 tickers)
2026-02-16 19:52:41,896 | INFO |     Batch download: 8 tickers
2026-02-16 19:52:51,816 | ERROR | 
8 Failed downloads:
2026-02-16 19:52:51,816 | ERROR | ['AEP', '1COV.DE', 'ADSK', 'ADI', 'ABBV', 'ABNB', 'ADBE', 'ABT']: YFRateLimitError('Too Many Requests. Rate limited. Try after a while.')
2026-02-16 19:52:51,822 | INFO |   Batch complete, waiting 120s...
