2026-01-20 20:59:24,650 | INFO | ======================================================================
2026-01-20 20:59:24,650 | INFO | IoS-001 DAILY PRICE INGEST
2026-01-20 20:59:24,650 | INFO | Executor: LINE (EC-004)
2026-01-20 20:59:24,651 | INFO | Authority: CEO_DIRECTIVE_LINE_DAILY_INGEST_ACTIVATION_20251212
2026-01-20 20:59:24,651 | INFO | Time: 2026-01-20T19:59:24.651633+00:00
2026-01-20 20:59:24,651 | INFO | Asset Class Filter: ALL
2026-01-20 20:59:24,651 | INFO | Dry Run: False
2026-01-20 20:59:24,652 | INFO | ======================================================================
2026-01-20 20:59:25,284 | INFO | Found 491 VEGA-attested assets
2026-01-20 20:59:25,284 | INFO | 
============================================================
2026-01-20 20:59:25,285 | INFO | Processing CRYPTO: 46 assets
2026-01-20 20:59:25,285 | INFO | Schedule: Daily 01:00 UTC
2026-01-20 20:59:25,285 | INFO | ============================================================
2026-01-20 20:59:25,285 | INFO | 
  Batch 1/2 (25 assets)
2026-01-20 20:59:25,364 | INFO |   Batch complete, waiting 60s...
2026-01-20 21:00:25,366 | INFO | 
  Batch 2/2 (21 assets)
2026-01-20 21:00:25,433 | INFO | 
============================================================
2026-01-20 21:00:25,433 | INFO | Processing EQUITY: 421 assets
2026-01-20 21:00:25,433 | INFO | Schedule: Weekdays 22:00 UTC
2026-01-20 21:00:25,433 | INFO | ============================================================
2026-01-20 21:00:25,433 | INFO | 
  Batch 1/17 (25 assets)
2026-01-20 21:00:30,570 | WARNING |   [1COV.DE] Fetch error: Too Many Requests. Rate limited. Try after a while.
2026-01-20 21:00:33,619 | INFO |   Batch complete, waiting 60s...
2026-01-20 21:01:33,621 | INFO | 
  Batch 2/17 (25 assets)
2026-01-20 21:01:33,690 | INFO |   Batch complete, waiting 60s...
2026-01-20 21:02:33,692 | INFO | 
  Batch 3/17 (25 assets)
2026-01-20 21:02:37,531 | WARNING |   [BRK.B] Fetch error: Too Many Requests. Rate limited. Try after a while.
2026-01-20 21:02:41,536 | WARNING |   [BT.A.L] Fetch error: Too Many Requests. Rate limited. Try after a while.
2026-01-20 21:02:45,836 | WARNING |   [BWO.OL] Fetch error: Too Many Requests. Rate limited. Try after a while.
2026-01-20 21:02:50,048 | WARNING |   [C] Fetch error: Too Many Requests. Rate limited. Try after a while.
2026-01-20 21:02:53,925 | WARNING |   [CAG] Fetch error: Too Many Requests. Rate limited. Try after a while.
2026-01-20 21:02:58,638 | WARNING |   [CAP.PA] Fetch error: Too Many Requests. Rate limited. Try after a while.
2026-01-20 21:03:02,970 | WARNING |   [CARR] Fetch error: Too Many Requests. Rate limited. Try after a while.
2026-01-20 21:03:06,821 | WARNING |   [CAT] Fetch error: Too Many Requests. Rate limited. Try after a while.
2026-01-20 21:03:11,205 | WARNING |   [CB] Fetch error: Too Many Requests. Rate limited. Try after a while.
2026-01-20 21:03:15,657 | WARNING |   [CBK.DE] Fetch error: Too Many Requests. Rate limited. Try after a while.
2026-01-20 21:03:20,027 | WARNING |   [CCI] Fetch error: Too Many Requests. Rate limited. Try after a while.
2026-01-20 21:03:24,247 | WARNING |   [CDNS] Fetch error: Too Many Requests. Rate limited. Try after a while.
2026-01-20 21:03:27,255 | INFO |   Batch complete, waiting 60s...
