2026-01-26 03:07:23,138 | INFO | ======================================================================
2026-01-26 03:07:23,138 | INFO | IoS-001 DAILY PRICE INGEST
2026-01-26 03:07:23,139 | INFO | Executor: LINE (EC-004)
2026-01-26 03:07:23,139 | INFO | Authority: CEO_DIRECTIVE_LINE_DAILY_INGEST_ACTIVATION_20251212
2026-01-26 03:07:23,139 | INFO | Time: 2026-01-26T02:07:23.139432+00:00
2026-01-26 03:07:23,139 | INFO | Asset Class Filter: ALL
2026-01-26 03:07:23,139 | INFO | Dry Run: False
2026-01-26 03:07:23,139 | INFO | ======================================================================
2026-01-26 03:07:23,361 | INFO | Found 491 VEGA-attested assets
2026-01-26 03:07:23,361 | INFO | 
============================================================
2026-01-26 03:07:23,361 | INFO | Processing CRYPTO: 46 assets
2026-01-26 03:07:23,361 | INFO | Schedule: Daily 01:00 UTC
2026-01-26 03:07:23,361 | INFO | ============================================================
2026-01-26 03:07:23,361 | INFO | 
  Batch 1/2 (25 assets)
2026-01-26 03:07:26,672 | WARNING |   [ADA-USD] Fetch error: Too Many Requests. Rate limited. Try after a while.
2026-01-26 03:07:30,762 | WARNING |   [ALGO-USD] Fetch error: Too Many Requests. Rate limited. Try after a while.
2026-01-26 03:07:34,813 | WARNING |   [ATOM-USD] Fetch error: Too Many Requests. Rate limited. Try after a while.
2026-01-26 03:07:38,970 | WARNING |   [AVAX-USD] Fetch error: Too Many Requests. Rate limited. Try after a while.
2026-01-26 03:07:43,203 | WARNING |   [AXS-USD] Fetch error: Too Many Requests. Rate limited. Try after a while.
2026-01-26 03:07:47,477 | WARNING |   [BCH-USD] Fetch error: Too Many Requests. Rate limited. Try after a while.
2026-01-26 03:07:51,780 | WARNING |   [BNB-USD] Fetch error: Too Many Requests. Rate limited. Try after a while.
2026-01-26 03:07:56,018 | WARNING |   [BTC-USD] Fetch error: Too Many Requests. Rate limited. Try after a while.
2026-01-26 03:08:00,065 | WARNING |   [CHZ-USD] Fetch error: Too Many Requests. Rate limited. Try after a while.
2026-01-26 03:08:04,240 | WARNING |   [CRO-USD] Fetch error: Too Many Requests. Rate limited. Try after a while.
2026-01-26 03:08:08,169 | WARNING |   [CRV-USD] Fetch error: Too Many Requests. Rate limited. Try after a while.
2026-01-26 03:08:12,705 | WARNING |   [DOGE-USD] Fetch error: Too Many Requests. Rate limited. Try after a while.
2026-01-26 03:08:16,588 | WARNING |   [DOT-USD] Fetch error: Too Many Requests. Rate limited. Try after a while.
2026-01-26 03:08:20,605 | WARNING |   [EOS-USD] Fetch error: Too Many Requests. Rate limited. Try after a while.
2026-01-26 03:08:24,717 | WARNING |   [ETC-USD] Fetch error: Too Many Requests. Rate limited. Try after a while.
2026-01-26 03:08:28,953 | WARNING |   [ETH-USD] Fetch error: Too Many Requests. Rate limited. Try after a while.
2026-01-26 03:08:32,868 | WARNING |   [FIL-USD] Fetch error: Too Many Requests. Rate limited. Try after a while.
2026-01-26 03:08:37,143 | WARNING |   [FLOW-USD] Fetch error: Too Many Requests. Rate limited. Try after a while.
2026-01-26 03:08:41,075 | WARNING |   [GRT-USD] Fetch error: Too Many Requests. Rate limited. Try after a while.
2026-01-26 03:08:45,431 | WARNING |   [HBAR-USD] Fetch error: Too Many Requests. Rate limited. Try after a while.
2026-01-26 03:08:49,417 | WARNING |   [ICP-USD] Fetch error: Too Many Requests. Rate limited. Try after a while.
2026-01-26 03:08:53,680 | WARNING |   [INJ-USD] Fetch error: Too Many Requests. Rate limited. Try after a while.
2026-01-26 03:08:57,903 | WARNING |   [LDO-USD] Fetch error: Too Many Requests. Rate limited. Try after a while.
2026-01-26 03:09:01,933 | WARNING |   [LINK-USD] Fetch error: Too Many Requests. Rate limited. Try after a while.
2026-01-26 03:09:05,804 | WARNING |   [LTC-USD] Fetch error: Too Many Requests. Rate limited. Try after a while.
2026-01-26 03:09:08,814 | INFO |   Batch complete, waiting 60s...
2026-01-26 03:10:08,815 | INFO | 
  Batch 2/2 (21 assets)
2026-01-26 03:10:11,028 | WARNING |   [MANA-USD] Fetch error: Too Many Requests. Rate limited. Try after a while.
2026-01-26 03:10:15,513 | WARNING |   [MKR-USD] Fetch error: Too Many Requests. Rate limited. Try after a while.
2026-01-26 03:10:19,560 | WARNING |   [NEAR-USD] Fetch error: Too Many Requests. Rate limited. Try after a while.
2026-01-26 03:10:23,481 | WARNING |   [OKB-USD] Fetch error: Too Many Requests. Rate limited. Try after a while.
2026-01-26 03:10:27,304 | WARNING |   [QNT-USD] Fetch error: Too Many Requests. Rate limited. Try after a while.
2026-01-26 03:10:31,524 | WARNING |   [RPL-USD] Fetch error: Too Many Requests. Rate limited. Try after a while.
2026-01-26 03:10:35,457 | WARNING |   [RUNE-USD] Fetch error: Too Many Requests. Rate limited. Try after a while.
2026-01-26 03:10:39,334 | WARNING |   [SAND-USD] Fetch error: Too Many Requests. Rate limited. Try after a while.
2026-01-26 03:10:43,071 | WARNING |   [SHIB-USD] Fetch error: Too Many Requests. Rate limited. Try after a while.
2026-01-26 03:10:47,785 | WARNING |   [SNX-USD] Fetch error: Too Many Requests. Rate limited. Try after a while.
2026-01-26 03:10:52,257 | WARNING |   [SOL-USD] Fetch error: Too Many Requests. Rate limited. Try after a while.
2026-01-26 03:10:56,405 | WARNING |   [THETA-USD] Fetch error: Too Many Requests. Rate limited. Try after a while.
2026-01-26 03:11:00,610 | WARNING |   [TRX-USD] Fetch error: Too Many Requests. Rate limited. Try after a while.
2026-01-26 03:11:04,770 | WARNING |   [UNI-USD] Fetch error: Too Many Requests. Rate limited. Try after a while.
2026-01-26 03:11:09,165 | WARNING |   [VET-USD] Fetch error: Too Many Requests. Rate limited. Try after a while.
2026-01-26 03:11:13,182 | WARNING |   [XLM-USD] Fetch error: Too Many Requests. Rate limited. Try after a while.
2026-01-26 03:11:17,257 | WARNING |   [XMR-USD] Fetch error: Too Many Requests. Rate limited. Try after a while.
2026-01-26 03:11:21,223 | WARNING |   [XRP-USD] Fetch error: Too Many Requests. Rate limited. Try after a while.
2026-01-26 03:11:25,453 | WARNING |   [XTZ-USD] Fetch error: Too Many Requests. Rate limited. Try after a while.
2026-01-26 03:11:29,099 | WARNING |   [ZEC-USD] Fetch error: Too Many Requests. Rate limited. Try after a while.
2026-01-26 03:11:32,943 | WARNING |   [AAVE-USD] Fetch error: Too Many Requests. Rate limited. Try after a while.
2026-01-26 03:11:35,945 | INFO | 
============================================================
2026-01-26 03:11:35,945 | INFO | Processing EQUITY: 421 assets
2026-01-26 03:11:35,945 | INFO | Schedule: Weekdays 22:00 UTC
2026-01-26 03:11:35,945 | INFO | ============================================================
2026-01-26 03:11:35,945 | INFO | 
  Batch 1/17 (25 assets)
2026-01-26 03:11:36,968 | WARNING |   [1COV.DE] Fetch error: Too Many Requests. Rate limited. Try after a while.
2026-01-26 03:11:41,110 | WARNING |   [ABBV] Fetch error: Too Many Requests. Rate limited. Try after a while.
2026-01-26 03:11:45,187 | WARNING |   [ABNB] Fetch error: Too Many Requests. Rate limited. Try after a while.
2026-01-26 03:11:49,291 | WARNING |   [ABT] Fetch error: Too Many Requests. Rate limited. Try after a while.
2026-01-26 03:11:53,332 | WARNING |   [ACA.PA] Fetch error: Too Many Requests. Rate limited. Try after a while.
2026-01-26 03:11:57,312 | WARNING |   [ADBE] Fetch error: Too Many Requests. Rate limited. Try after a while.
2026-01-26 03:12:01,341 | WARNING |   [ADI] Fetch error: Too Many Requests. Rate limited. Try after a while.
2026-01-26 03:12:05,428 | WARNING |   [ADS.DE] Fetch error: Too Many Requests. Rate limited. Try after a while.
2026-01-26 03:12:09,507 | WARNING |   [ADSK] Fetch error: Too Many Requests. Rate limited. Try after a while.
2026-01-26 03:12:13,507 | WARNING |   [AEP] Fetch error: Too Many Requests. Rate limited. Try after a while.
2026-01-26 03:12:17,207 | WARNING |   [AFL] Fetch error: Too Many Requests. Rate limited. Try after a while.
