2026-02-07 21:14:37,355 | INFO | ======================================================================
2026-02-07 21:14:37,355 | INFO | IoS-001 DAILY PRICE INGEST
2026-02-07 21:14:37,355 | INFO | Executor: LINE (EC-004)
2026-02-07 21:14:37,355 | INFO | Authority: CEO_DIRECTIVE_LINE_DAILY_INGEST_ACTIVATION_20251212
2026-02-07 21:14:37,355 | INFO | Amendment: CEO-DIR-2026-119 (Rate Limit Mitigation)
2026-02-07 21:14:37,355 | INFO | Time: 2026-02-07T20:14:37.355989+00:00
2026-02-07 21:14:37,355 | INFO | Asset Class Filter: ALL
2026-02-07 21:14:37,355 | INFO | Batch Mode: True
2026-02-07 21:14:37,355 | INFO | Dry Run: False
2026-02-07 21:14:37,355 | INFO | ======================================================================
2026-02-07 21:14:37,695 | INFO | Found 491 VEGA-attested assets
2026-02-07 21:14:37,695 | INFO | 
============================================================
2026-02-07 21:14:37,695 | INFO | Processing CRYPTO: 46 assets
2026-02-07 21:14:37,695 | INFO | Schedule: Daily 01:00 UTC
2026-02-07 21:14:37,695 | INFO | ============================================================
2026-02-07 21:14:37,695 | INFO |   Using BATCH MODE (CEO-DIR-2026-119)
2026-02-07 21:14:37,695 | INFO | 
  Batch 1/5 (10 tickers)
2026-02-07 21:14:37,714 | INFO |     All assets up to date
2026-02-07 21:14:37,714 | INFO | 
  Batch 2/5 (10 tickers)
2026-02-07 21:14:37,735 | INFO |     Batch download: 1 tickers
2026-02-07 21:14:41,009 | ERROR | 
1 Failed download:
2026-02-07 21:14:41,009 | ERROR | ['GRT-USD']: YFRateLimitError('Too Many Requests. Rate limited. Try after a while.')
2026-02-07 21:14:41,040 | INFO |   Batch complete, waiting 120s...
2026-02-07 21:16:41,049 | INFO | 
  Batch 3/5 (10 tickers)
2026-02-07 21:16:41,090 | INFO |     All assets up to date
2026-02-07 21:16:41,090 | INFO | 
  Batch 4/5 (10 tickers)
2026-02-07 21:16:41,141 | INFO |     Batch download: 1 tickers
2026-02-07 21:16:45,033 | ERROR | 
1 Failed download:
2026-02-07 21:16:45,033 | ERROR | ['UNI-USD']: YFRateLimitError('Too Many Requests. Rate limited. Try after a while.')
2026-02-07 21:16:45,033 | INFO |   Batch complete, waiting 120s...
2026-02-07 21:18:45,041 | INFO | 
  Batch 5/5 (6 tickers)
2026-02-07 21:18:45,068 | INFO |     All assets up to date
2026-02-07 21:18:45,068 | INFO | 
============================================================
2026-02-07 21:18:45,068 | INFO | Processing EQUITY: 421 assets
2026-02-07 21:18:45,068 | INFO | Schedule: Weekdays 22:00 UTC
2026-02-07 21:18:45,068 | INFO | ============================================================
2026-02-07 21:18:45,068 | INFO |   Market closed for EQUITY today, skipping
2026-02-07 21:18:45,068 | INFO | 
============================================================
2026-02-07 21:18:45,068 | INFO | Processing FX: 24 assets
2026-02-07 21:18:45,068 | INFO | Schedule: Sun-Thu 22:00 UTC
2026-02-07 21:18:45,068 | INFO | ============================================================
2026-02-07 21:18:45,068 | INFO |   Market closed for FX today, skipping
2026-02-07 21:18:45,073 | WARNING | Heartbeat recording failed: relation "fhq_monitoring.system_heartbeats" does not exist
LINE 2:                 INSERT INTO fhq_monitoring.system_heartbeats...
                                    ^

2026-02-07 21:18:45,073 | INFO | 
======================================================================
2026-02-07 21:18:45,073 | INFO | DAILY INGEST COMPLETE
2026-02-07 21:18:45,073 | INFO | ======================================================================
2026-02-07 21:18:45,073 | INFO | Assets Processed: 46
2026-02-07 21:18:45,073 | INFO | Assets Updated:   0
2026-02-07 21:18:45,073 | INFO | Rows Inserted:    0
2026-02-07 21:18:45,073 | INFO |   CRYPTO: 0 assets, 0 rows
2026-02-07 21:18:45,073 | INFO | Evidence: C:\fhq-market-system\vision-ios\03_FUNCTIONS\evidence\IOS001_DAILY_INGEST_b0f05932_20260207_211845.json
2026-02-07 21:18:45,073 | INFO | ======================================================================
