2026-02-04 00:07:54,798 | INFO | ======================================================================
2026-02-04 00:07:54,798 | INFO | IoS-001 DAILY PRICE INGEST
2026-02-04 00:07:54,798 | INFO | Executor: LINE (EC-004)
2026-02-04 00:07:54,798 | INFO | Authority: CEO_DIRECTIVE_LINE_DAILY_INGEST_ACTIVATION_20251212
2026-02-04 00:07:54,798 | INFO | Time: 2026-02-03T23:07:54.798441+00:00
2026-02-04 00:07:54,798 | INFO | Asset Class Filter: ALL
2026-02-04 00:07:54,798 | INFO | Dry Run: False
2026-02-04 00:07:54,798 | INFO | ======================================================================
2026-02-04 00:07:54,985 | INFO | Found 491 VEGA-attested assets
2026-02-04 00:07:54,985 | INFO | 
============================================================
2026-02-04 00:07:54,985 | INFO | Processing CRYPTO: 46 assets
2026-02-04 00:07:54,985 | INFO | Schedule: Daily 01:00 UTC
2026-02-04 00:07:54,985 | INFO | ============================================================
2026-02-04 00:07:54,985 | INFO | 
  Batch 1/2 (25 assets)
2026-02-04 00:07:58,027 | WARNING |   [ADA-USD] Fetch error: Too Many Requests. Rate limited. Try after a while.
2026-02-04 00:08:02,228 | WARNING |   [ALGO-USD] Fetch error: Too Many Requests. Rate limited. Try after a while.
2026-02-04 00:08:06,124 | WARNING |   [ATOM-USD] Fetch error: Too Many Requests. Rate limited. Try after a while.
2026-02-04 00:08:10,176 | WARNING |   [AVAX-USD] Fetch error: Too Many Requests. Rate limited. Try after a while.
2026-02-04 00:08:14,249 | WARNING |   [AXS-USD] Fetch error: Too Many Requests. Rate limited. Try after a while.
2026-02-04 00:08:18,195 | WARNING |   [BCH-USD] Fetch error: Too Many Requests. Rate limited. Try after a while.
2026-02-04 00:08:22,662 | WARNING |   [BNB-USD] Fetch error: Too Many Requests. Rate limited. Try after a while.
2026-02-04 00:08:26,578 | WARNING |   [BTC-USD] Fetch error: Too Many Requests. Rate limited. Try after a while.
2026-02-04 00:08:30,633 | WARNING |   [CHZ-USD] Fetch error: Too Many Requests. Rate limited. Try after a while.
2026-02-04 00:08:34,709 | WARNING |   [CRO-USD] Fetch error: Too Many Requests. Rate limited. Try after a while.
2026-02-04 00:08:38,715 | WARNING |   [CRV-USD] Fetch error: Too Many Requests. Rate limited. Try after a while.
2026-02-04 00:08:42,760 | WARNING |   [DOGE-USD] Fetch error: Too Many Requests. Rate limited. Try after a while.
2026-02-04 00:08:46,703 | WARNING |   [DOT-USD] Fetch error: Too Many Requests. Rate limited. Try after a while.
2026-02-04 00:08:50,623 | WARNING |   [EOS-USD] Fetch error: Too Many Requests. Rate limited. Try after a while.
2026-02-04 00:08:54,500 | WARNING |   [ETC-USD] Fetch error: Too Many Requests. Rate limited. Try after a while.
2026-02-04 00:08:58,665 | WARNING |   [ETH-USD] Fetch error: Too Many Requests. Rate limited. Try after a while.
2026-02-04 00:09:02,599 | WARNING |   [FIL-USD] Fetch error: Too Many Requests. Rate limited. Try after a while.
2026-02-04 00:09:06,563 | WARNING |   [FLOW-USD] Fetch error: Too Many Requests. Rate limited. Try after a while.
2026-02-04 00:09:10,664 | WARNING |   [GRT-USD] Fetch error: Too Many Requests. Rate limited. Try after a while.
2026-02-04 00:09:14,651 | WARNING |   [HBAR-USD] Fetch error: Too Many Requests. Rate limited. Try after a while.
2026-02-04 00:09:18,876 | WARNING |   [ICP-USD] Fetch error: Too Many Requests. Rate limited. Try after a while.
2026-02-04 00:09:22,885 | WARNING |   [INJ-USD] Fetch error: Too Many Requests. Rate limited. Try after a while.
2026-02-04 00:09:26,798 | WARNING |   [LDO-USD] Fetch error: Too Many Requests. Rate limited. Try after a while.
2026-02-04 00:09:30,991 | WARNING |   [LINK-USD] Fetch error: Too Many Requests. Rate limited. Try after a while.
2026-02-04 00:09:35,291 | WARNING |   [LTC-USD] Fetch error: Too Many Requests. Rate limited. Try after a while.
2026-02-04 00:09:38,306 | INFO |   Batch complete, waiting 60s...
2026-02-04 00:10:38,308 | INFO | 
  Batch 2/2 (21 assets)
2026-02-04 00:10:39,884 | WARNING |   [MANA-USD] Fetch error: Too Many Requests. Rate limited. Try after a while.
2026-02-04 00:10:43,999 | WARNING |   [MKR-USD] Fetch error: Too Many Requests. Rate limited. Try after a while.
2026-02-04 00:10:47,867 | WARNING |   [NEAR-USD] Fetch error: Too Many Requests. Rate limited. Try after a while.
2026-02-04 00:10:51,848 | WARNING |   [OKB-USD] Fetch error: Too Many Requests. Rate limited. Try after a while.
2026-02-04 00:10:55,907 | WARNING |   [QNT-USD] Fetch error: Too Many Requests. Rate limited. Try after a while.
2026-02-04 00:10:59,871 | WARNING |   [RPL-USD] Fetch error: Too Many Requests. Rate limited. Try after a while.
2026-02-04 00:11:03,732 | WARNING |   [RUNE-USD] Fetch error: Too Many Requests. Rate limited. Try after a while.
2026-02-04 00:11:07,779 | WARNING |   [SAND-USD] Fetch error: Too Many Requests. Rate limited. Try after a while.
2026-02-04 00:11:11,684 | WARNING |   [SHIB-USD] Fetch error: Too Many Requests. Rate limited. Try after a while.
2026-02-04 00:11:15,587 | WARNING |   [SNX-USD] Fetch error: Too Many Requests. Rate limited. Try after a while.
2026-02-04 00:11:19,497 | WARNING |   [SOL-USD] Fetch error: Too Many Requests. Rate limited. Try after a while.
2026-02-04 00:11:23,415 | WARNING |   [THETA-USD] Fetch error: Too Many Requests. Rate limited. Try after a while.
2026-02-04 00:11:27,951 | WARNING |   [TRX-USD] Fetch error: Too Many Requests. Rate limited. Try after a while.
2026-02-04 00:11:32,311 | WARNING |   [UNI-USD] Fetch error: Too Many Requests. Rate limited. Try after a while.
2026-02-04 00:11:36,383 | WARNING |   [VET-USD] Fetch error: Too Many Requests. Rate limited. Try after a while.
2026-02-04 00:11:40,323 | WARNING |   [XLM-USD] Fetch error: Too Many Requests. Rate limited. Try after a while.
2026-02-04 00:11:44,373 | WARNING |   [XMR-USD] Fetch error: Too Many Requests. Rate limited. Try after a while.
2026-02-04 00:11:48,573 | WARNING |   [XRP-USD] Fetch error: Too Many Requests. Rate limited. Try after a while.
2026-02-04 00:11:52,566 | WARNING |   [XTZ-USD] Fetch error: Too Many Requests. Rate limited. Try after a while.
2026-02-04 00:11:57,109 | WARNING |   [ZEC-USD] Fetch error: Too Many Requests. Rate limited. Try after a while.
2026-02-04 00:12:01,131 | WARNING |   [AAVE-USD] Fetch error: Too Many Requests. Rate limited. Try after a while.
2026-02-04 00:12:04,146 | INFO | 
============================================================
2026-02-04 00:12:04,146 | INFO | Processing EQUITY: 421 assets
2026-02-04 00:12:04,146 | INFO | Schedule: Weekdays 22:00 UTC
2026-02-04 00:12:04,146 | INFO | ============================================================
2026-02-04 00:12:04,146 | INFO | 
  Batch 1/17 (25 assets)
2026-02-04 00:12:05,363 | WARNING |   [1COV.DE] Fetch error: Too Many Requests. Rate limited. Try after a while.
2026-02-04 00:12:09,400 | WARNING |   [ABBV] Fetch error: Too Many Requests. Rate limited. Try after a while.
2026-02-04 00:12:13,497 | WARNING |   [ABNB] Fetch error: Too Many Requests. Rate limited. Try after a while.
2026-02-04 00:12:17,873 | WARNING |   [ABT] Fetch error: Too Many Requests. Rate limited. Try after a while.
2026-02-04 00:12:22,155 | WARNING |   [ACA.PA] Fetch error: Too Many Requests. Rate limited. Try after a while.
2026-02-04 00:12:26,073 | WARNING |   [ADBE] Fetch error: Too Many Requests. Rate limited. Try after a while.
2026-02-04 00:12:29,931 | WARNING |   [ADI] Fetch error: Too Many Requests. Rate limited. Try after a while.
2026-02-04 00:12:34,359 | WARNING |   [ADS.DE] Fetch error: Too Many Requests. Rate limited. Try after a while.
2026-02-04 00:12:38,283 | WARNING |   [ADSK] Fetch error: Too Many Requests. Rate limited. Try after a while.
2026-02-04 00:12:42,275 | WARNING |   [AEP] Fetch error: Too Many Requests. Rate limited. Try after a while.
2026-02-04 00:12:46,339 | WARNING |   [AFL] Fetch error: Too Many Requests. Rate limited. Try after a while.
2026-02-04 00:12:50,346 | WARNING |   [AI.PA] Fetch error: Too Many Requests. Rate limited. Try after a while.
