2026-02-02 02:35:21,218 | INFO | ======================================================================
2026-02-02 02:35:21,219 | INFO | IoS-001 DAILY PRICE INGEST
2026-02-02 02:35:21,219 | INFO | Executor: LINE (EC-004)
2026-02-02 02:35:21,219 | INFO | Authority: CEO_DIRECTIVE_LINE_DAILY_INGEST_ACTIVATION_20251212
2026-02-02 02:35:21,219 | INFO | Time: 2026-02-02T01:35:21.219358+00:00
2026-02-02 02:35:21,219 | INFO | Asset Class Filter: ALL
2026-02-02 02:35:21,219 | INFO | Dry Run: False
2026-02-02 02:35:21,219 | INFO | ======================================================================
2026-02-02 02:35:21,829 | INFO | Found 491 VEGA-attested assets
2026-02-02 02:35:21,829 | INFO | 
============================================================
2026-02-02 02:35:21,829 | INFO | Processing CRYPTO: 46 assets
2026-02-02 02:35:21,829 | INFO | Schedule: Daily 01:00 UTC
2026-02-02 02:35:21,829 | INFO | ============================================================
2026-02-02 02:35:21,829 | INFO | 
  Batch 1/2 (25 assets)
2026-02-02 02:35:27,895 | WARNING |   [AVAX-USD] Fetch error: Too Many Requests. Rate limited. Try after a while.
2026-02-02 02:35:32,056 | WARNING |   [BCH-USD] Fetch error: Too Many Requests. Rate limited. Try after a while.
2026-02-02 02:35:36,135 | WARNING |   [BTC-USD] Fetch error: Too Many Requests. Rate limited. Try after a while.
2026-02-02 02:35:40,339 | WARNING |   [CRV-USD] Fetch error: Too Many Requests. Rate limited. Try after a while.
2026-02-02 02:35:44,294 | WARNING |   [DOGE-USD] Fetch error: Too Many Requests. Rate limited. Try after a while.
2026-02-02 02:35:48,323 | WARNING |   [DOT-USD] Fetch error: Too Many Requests. Rate limited. Try after a while.
2026-02-02 02:35:52,243 | WARNING |   [ETH-USD] Fetch error: Too Many Requests. Rate limited. Try after a while.
2026-02-02 02:35:56,487 | WARNING |   [GRT-USD] Fetch error: Too Many Requests. Rate limited. Try after a while.
2026-02-02 02:36:00,452 | WARNING |   [LINK-USD] Fetch error: Too Many Requests. Rate limited. Try after a while.
2026-02-02 02:36:04,616 | WARNING |   [LTC-USD] Fetch error: Too Many Requests. Rate limited. Try after a while.
2026-02-02 02:36:07,621 | INFO |   Batch complete, waiting 60s...
2026-02-02 02:37:07,622 | INFO | 
  Batch 2/2 (21 assets)
2026-02-02 02:37:09,171 | WARNING |   [SHIB-USD] Fetch error: Too Many Requests. Rate limited. Try after a while.
2026-02-02 02:37:13,365 | WARNING |   [SOL-USD] Fetch error: Too Many Requests. Rate limited. Try after a while.
2026-02-02 02:37:17,281 | WARNING |   [UNI-USD] Fetch error: Too Many Requests. Rate limited. Try after a while.
2026-02-02 02:37:21,428 | WARNING |   [XRP-USD] Fetch error: Too Many Requests. Rate limited. Try after a while.
2026-02-02 02:37:25,488 | WARNING |   [XTZ-USD] Fetch error: Too Many Requests. Rate limited. Try after a while.
2026-02-02 02:37:31,080 | WARNING |   [AAVE-USD] Fetch error: Too Many Requests. Rate limited. Try after a while.
2026-02-02 02:37:34,085 | INFO | 
============================================================
2026-02-02 02:37:34,085 | INFO | Processing EQUITY: 421 assets
2026-02-02 02:37:34,085 | INFO | Schedule: Weekdays 22:00 UTC
2026-02-02 02:37:34,086 | INFO | ============================================================
2026-02-02 02:37:34,086 | INFO | 
  Batch 1/17 (25 assets)
2026-02-02 02:37:35,223 | WARNING |   [1COV.DE] Fetch error: Too Many Requests. Rate limited. Try after a while.
2026-02-02 02:37:39,147 | WARNING |   [ABBV] Fetch error: Too Many Requests. Rate limited. Try after a while.
2026-02-02 02:37:43,215 | WARNING |   [ABNB] Fetch error: Too Many Requests. Rate limited. Try after a while.
2026-02-02 02:37:47,173 | WARNING |   [ABT] Fetch error: Too Many Requests. Rate limited. Try after a while.
2026-02-02 02:37:51,228 | WARNING |   [ACA.PA] Fetch error: Too Many Requests. Rate limited. Try after a while.
2026-02-02 02:37:55,285 | WARNING |   [ADBE] Fetch error: Too Many Requests. Rate limited. Try after a while.
2026-02-02 02:37:59,316 | WARNING |   [ADI] Fetch error: Too Many Requests. Rate limited. Try after a while.
2026-02-02 02:38:03,455 | WARNING |   [ADS.DE] Fetch error: Too Many Requests. Rate limited. Try after a while.
2026-02-02 02:38:07,640 | WARNING |   [ADSK] Fetch error: Too Many Requests. Rate limited. Try after a while.
2026-02-02 02:38:11,642 | WARNING |   [AEP] Fetch error: Too Many Requests. Rate limited. Try after a while.
2026-02-02 02:38:15,739 | WARNING |   [AFL] Fetch error: Too Many Requests. Rate limited. Try after a while.
2026-02-02 02:38:19,857 | WARNING |   [AI.PA] Fetch error: Too Many Requests. Rate limited. Try after a while.
2026-02-02 02:38:23,862 | WARNING |   [AIG] Fetch error: Too Many Requests. Rate limited. Try after a while.
2026-02-02 02:38:27,742 | WARNING |   [AIR.DE] Fetch error: Too Many Requests. Rate limited. Try after a while.
2026-02-02 02:38:31,667 | WARNING |   [AIR.PA] Fetch error: Too Many Requests. Rate limited. Try after a while.
2026-02-02 02:38:35,843 | WARNING |   [AKAM] Fetch error: Too Many Requests. Rate limited. Try after a while.
2026-02-02 02:38:39,759 | WARNING |   [AKER.OL] Fetch error: Too Many Requests. Rate limited. Try after a while.
2026-02-02 02:38:43,981 | WARNING |   [AKRBP.OL] Fetch error: Too Many Requests. Rate limited. Try after a while.
2026-02-02 02:38:47,851 | WARNING |   [AKSO.OL] Fetch error: Too Many Requests. Rate limited. Try after a while.
2026-02-02 02:38:52,155 | WARNING |   [AKVA.OL] Fetch error: Too Many Requests. Rate limited. Try after a while.
2026-02-02 02:38:56,103 | WARNING |   [ALB] Fetch error: Too Many Requests. Rate limited. Try after a while.
2026-02-02 02:39:00,261 | WARNING |   [ALL] Fetch error: Too Many Requests. Rate limited. Try after a while.
2026-02-02 02:39:04,473 | WARNING |   [ALO.PA] Fetch error: Too Many Requests. Rate limited. Try after a while.
2026-02-02 02:39:08,652 | WARNING |   [ALV.DE] Fetch error: Too Many Requests. Rate limited. Try after a while.
2026-02-02 02:39:12,923 | WARNING |   [AMAT] Fetch error: Too Many Requests. Rate limited. Try after a while.
2026-02-02 02:39:15,924 | INFO |   Batch complete, waiting 60s...
2026-02-02 02:40:15,925 | INFO | 
  Batch 2/17 (25 assets)
2026-02-02 02:40:17,605 | WARNING |   [AMD] Fetch error: Too Many Requests. Rate limited. Try after a while.
