2026-02-06 20:07:05,564 | INFO | ======================================================================
2026-02-06 20:07:05,564 | INFO | IoS-001 DAILY PRICE INGEST
2026-02-06 20:07:05,564 | INFO | Executor: LINE (EC-004)
2026-02-06 20:07:05,564 | INFO | Authority: CEO_DIRECTIVE_LINE_DAILY_INGEST_ACTIVATION_20251212
2026-02-06 20:07:05,564 | INFO | Amendment: CEO-DIR-2026-119 (Rate Limit Mitigation)
2026-02-06 20:07:05,564 | INFO | Time: 2026-02-06T19:07:05.564030+00:00
2026-02-06 20:07:05,564 | INFO | Asset Class Filter: ALL
2026-02-06 20:07:05,564 | INFO | Batch Mode: True
2026-02-06 20:07:05,570 | INFO | Dry Run: False
2026-02-06 20:07:05,570 | INFO | ======================================================================
2026-02-06 20:07:06,053 | INFO | Found 491 VEGA-attested assets
2026-02-06 20:07:06,053 | INFO | 
============================================================
2026-02-06 20:07:06,053 | INFO | Processing CRYPTO: 46 assets
2026-02-06 20:07:06,053 | INFO | Schedule: Daily 01:00 UTC
2026-02-06 20:07:06,053 | INFO | ============================================================
2026-02-06 20:07:06,053 | INFO |   Using BATCH MODE (CEO-DIR-2026-119)
2026-02-06 20:07:06,053 | INFO | 
  Batch 1/5 (10 tickers)
2026-02-06 20:07:06,102 | INFO |     All assets up to date
2026-02-06 20:07:06,102 | INFO | 
  Batch 2/5 (10 tickers)
2026-02-06 20:07:06,134 | INFO |     Batch download: 1 tickers
2026-02-06 20:07:11,045 | ERROR | 
1 Failed download:
2026-02-06 20:07:11,045 | ERROR | ['GRT-USD']: YFRateLimitError('Too Many Requests. Rate limited. Try after a while.')
2026-02-06 20:07:11,094 | INFO |   Batch complete, waiting 120s...
2026-02-06 20:09:11,095 | INFO | 
  Batch 3/5 (10 tickers)
2026-02-06 20:09:11,130 | INFO |     All assets up to date
2026-02-06 20:09:11,130 | INFO | 
  Batch 4/5 (10 tickers)
2026-02-06 20:09:11,171 | INFO |     All assets up to date
2026-02-06 20:09:11,171 | INFO | 
  Batch 5/5 (6 tickers)
2026-02-06 20:09:11,183 | INFO |     All assets up to date
2026-02-06 20:09:11,183 | INFO | 
============================================================
2026-02-06 20:09:11,183 | INFO | Processing EQUITY: 421 assets
2026-02-06 20:09:11,183 | INFO | Schedule: Weekdays 22:00 UTC
2026-02-06 20:09:11,192 | INFO | ============================================================
2026-02-06 20:09:11,192 | INFO |   Using BATCH MODE (CEO-DIR-2026-119)
2026-02-06 20:09:11,192 | INFO | 
  Batch 1/43 (10 tickers)
2026-02-06 20:09:11,218 | INFO |     Batch download: 1 tickers
2026-02-06 20:09:15,827 | ERROR | 
1 Failed download:
2026-02-06 20:09:15,827 | ERROR | ['1COV.DE']: YFRateLimitError('Too Many Requests. Rate limited. Try after a while.')
2026-02-06 20:09:15,827 | INFO |   Batch complete, waiting 120s...
2026-02-06 20:11:15,835 | INFO | 
  Batch 2/43 (10 tickers)
2026-02-06 20:11:15,850 | INFO |     All assets up to date
2026-02-06 20:11:15,850 | INFO | 
  Batch 3/43 (10 tickers)
2026-02-06 20:11:15,870 | INFO |     All assets up to date
2026-02-06 20:11:15,870 | INFO | 
  Batch 4/43 (10 tickers)
2026-02-06 20:11:15,892 | INFO |     All assets up to date
2026-02-06 20:11:15,892 | INFO | 
  Batch 5/43 (10 tickers)
2026-02-06 20:11:15,912 | INFO |     All assets up to date
2026-02-06 20:11:15,912 | INFO | 
  Batch 6/43 (10 tickers)
2026-02-06 20:11:15,933 | INFO |     Batch download: 4 tickers
2026-02-06 20:11:22,418 | ERROR | 
4 Failed downloads:
2026-02-06 20:11:22,419 | ERROR | ['BLK', 'BMY', 'BKR', 'BKNG']: YFRateLimitError('Too Many Requests. Rate limited. Try after a while.')
2026-02-06 20:11:22,420 | INFO |   Batch complete, waiting 120s...
