2026-01-13 11:45:11,383 | INFO | ======================================================================
2026-01-13 11:45:11,383 | INFO | IoS-001 DAILY PRICE INGEST
2026-01-13 11:45:11,384 | INFO | Executor: LINE (EC-004)
2026-01-13 11:45:11,384 | INFO | Authority: CEO_DIRECTIVE_LINE_DAILY_INGEST_ACTIVATION_20251212
2026-01-13 11:45:11,385 | INFO | Time: 2026-01-13T10:45:11.385132+00:00
2026-01-13 11:45:11,385 | INFO | Asset Class Filter: ALL
2026-01-13 11:45:11,385 | INFO | Dry Run: False
2026-01-13 11:45:11,385 | INFO | ======================================================================
2026-01-13 11:45:11,578 | INFO | Found 491 VEGA-attested assets
2026-01-13 11:45:11,578 | INFO | 
============================================================
2026-01-13 11:45:11,579 | INFO | Processing CRYPTO: 46 assets
2026-01-13 11:45:11,579 | INFO | Schedule: Daily 01:00 UTC
2026-01-13 11:45:11,579 | INFO | ============================================================
2026-01-13 11:45:11,579 | INFO | 
  Batch 1/2 (25 assets)
2026-01-13 11:45:15,103 | WARNING |   [GRT-USD] Fetch error: Too Many Requests. Rate limited. Try after a while.
2026-01-13 11:45:18,121 | INFO |   Batch complete, waiting 60s...
2026-01-13 11:46:18,122 | INFO | 
  Batch 2/2 (21 assets)
2026-01-13 11:46:19,787 | WARNING |   [UNI-USD] Fetch error: Too Many Requests. Rate limited. Try after a while.
2026-01-13 11:46:22,807 | INFO | 
============================================================
2026-01-13 11:46:22,808 | INFO | Processing EQUITY: 421 assets
2026-01-13 11:46:22,808 | INFO | Schedule: Weekdays 22:00 UTC
2026-01-13 11:46:22,808 | INFO | ============================================================
2026-01-13 11:46:22,808 | INFO | 
  Batch 1/17 (25 assets)
2026-01-13 11:46:24,175 | WARNING |   [1COV.DE] Fetch error: Too Many Requests. Rate limited. Try after a while.
2026-01-13 11:46:28,332 | WARNING |   [ABBV] Fetch error: Too Many Requests. Rate limited. Try after a while.
2026-01-13 11:46:32,432 | WARNING |   [ABNB] Fetch error: Too Many Requests. Rate limited. Try after a while.
2026-01-13 11:46:36,700 | WARNING |   [ABT] Fetch error: Too Many Requests. Rate limited. Try after a while.
2026-01-13 11:46:40,966 | WARNING |   [ADBE] Fetch error: Too Many Requests. Rate limited. Try after a while.
2026-01-13 11:46:45,408 | WARNING |   [ADI] Fetch error: Too Many Requests. Rate limited. Try after a while.
2026-01-13 11:46:49,707 | WARNING |   [ADSK] Fetch error: Too Many Requests. Rate limited. Try after a while.
2026-01-13 11:46:54,061 | WARNING |   [AEP] Fetch error: Too Many Requests. Rate limited. Try after a while.
2026-01-13 11:46:58,276 | WARNING |   [AFL] Fetch error: Too Many Requests. Rate limited. Try after a while.
2026-01-13 11:47:02,584 | WARNING |   [AIG] Fetch error: Too Many Requests. Rate limited. Try after a while.
2026-01-13 11:47:07,344 | WARNING |   [AKAM] Fetch error: Too Many Requests. Rate limited. Try after a while.
2026-01-13 11:47:11,742 | WARNING |   [ALB] Fetch error: Too Many Requests. Rate limited. Try after a while.
2026-01-13 11:47:16,196 | WARNING |   [ALL] Fetch error: Too Many Requests. Rate limited. Try after a while.
2026-01-13 11:47:20,755 | WARNING |   [AMAT] Fetch error: Too Many Requests. Rate limited. Try after a while.
2026-01-13 11:47:23,756 | INFO |   Batch complete, waiting 60s...
2026-01-13 11:48:23,758 | INFO | 
  Batch 2/17 (25 assets)
2026-01-13 11:48:26,632 | WARNING |   [AMD] Fetch error: Too Many Requests. Rate limited. Try after a while.
2026-01-13 11:48:30,710 | WARNING |   [AMGN] Fetch error: Too Many Requests. Rate limited. Try after a while.
2026-01-13 11:48:34,383 | WARNING |   [AMT] Fetch error: Too Many Requests. Rate limited. Try after a while.
2026-01-13 11:48:38,633 | WARNING |   [AMZN] Fetch error: Too Many Requests. Rate limited. Try after a while.
2026-01-13 11:48:42,684 | WARNING |   [AON] Fetch error: Too Many Requests. Rate limited. Try after a while.
2026-01-13 11:48:46,962 | WARNING |   [APD] Fetch error: Too Many Requests. Rate limited. Try after a while.
2026-01-13 11:48:51,247 | WARNING |   [ASML] Fetch error: Too Many Requests. Rate limited. Try after a while.
2026-01-13 11:48:55,421 | WARNING |   [AVB] Fetch error: Too Many Requests. Rate limited. Try after a while.
2026-01-13 11:48:59,600 | WARNING |   [AVGO] Fetch error: Too Many Requests. Rate limited. Try after a while.
2026-01-13 11:49:03,826 | WARNING |   [AWK] Fetch error: Too Many Requests. Rate limited. Try after a while.
2026-01-13 11:49:07,885 | WARNING |   [AXP] Fetch error: Too Many Requests. Rate limited. Try after a while.
2026-01-13 11:49:12,762 | WARNING |   [AZO] Fetch error: Too Many Requests. Rate limited. Try after a while.
2026-01-13 11:49:17,276 | WARNING |   [BA] Fetch error: Too Many Requests. Rate limited. Try after a while.
2026-01-13 11:49:21,438 | WARNING |   [BAC] Fetch error: Too Many Requests. Rate limited. Try after a while.
2026-01-13 11:49:24,456 | INFO |   Batch complete, waiting 60s...
