2026-02-10 18:19:00,531 | INFO | ======================================================================
2026-02-10 18:19:00,531 | INFO | IoS-001 DAILY PRICE INGEST
2026-02-10 18:19:00,531 | INFO | Executor: LINE (EC-004)
2026-02-10 18:19:00,531 | INFO | Authority: CEO_DIRECTIVE_LINE_DAILY_INGEST_ACTIVATION_20251212
2026-02-10 18:19:00,531 | INFO | Amendment: CEO-DIR-2026-119 (Rate Limit Mitigation)
2026-02-10 18:19:00,531 | INFO | Time: 2026-02-10T17:19:00.531255+00:00
2026-02-10 18:19:00,531 | INFO | Asset Class Filter: ALL
2026-02-10 18:19:00,531 | INFO | Batch Mode: True
2026-02-10 18:19:00,536 | INFO | Dry Run: False
2026-02-10 18:19:00,536 | INFO | ======================================================================
2026-02-10 18:19:00,792 | INFO | Found 491 VEGA-attested assets
2026-02-10 18:19:00,802 | INFO | 
============================================================
2026-02-10 18:19:00,802 | INFO | Processing CRYPTO: 46 assets
2026-02-10 18:19:00,802 | INFO | Schedule: Daily 01:00 UTC
2026-02-10 18:19:00,802 | INFO | ============================================================
2026-02-10 18:19:00,802 | INFO |   Using BATCH MODE (CEO-DIR-2026-119)
2026-02-10 18:19:00,802 | INFO | 
  Batch 1/5 (10 tickers)
2026-02-10 18:19:00,833 | INFO |     All assets up to date
2026-02-10 18:19:00,833 | INFO | 
  Batch 2/5 (10 tickers)
2026-02-10 18:19:00,853 | INFO |     Batch download: 1 tickers
2026-02-10 18:19:02,099 | ERROR | 
1 Failed download:
2026-02-10 18:19:02,099 | ERROR | ['GRT-USD']: YFPricesMissingError('possibly delisted; no price data found  (1d 2026-02-10 -> 2026-02-11)')
2026-02-10 18:19:02,129 | INFO |   Batch complete, waiting 120s...
2026-02-10 18:21:02,136 | INFO | 
  Batch 3/5 (10 tickers)
2026-02-10 18:21:02,187 | INFO |     All assets up to date
2026-02-10 18:21:02,187 | INFO | 
  Batch 4/5 (10 tickers)
2026-02-10 18:21:02,228 | INFO |     Batch download: 1 tickers
2026-02-10 18:21:02,665 | ERROR | 
1 Failed download:
2026-02-10 18:21:02,665 | ERROR | ['UNI-USD']: YFPricesMissingError('possibly delisted; no price data found  (1d 2026-02-10 -> 2026-02-11)')
2026-02-10 18:21:02,665 | INFO |   Batch complete, waiting 120s...
2026-02-10 18:23:02,675 | INFO | 
  Batch 5/5 (6 tickers)
2026-02-10 18:23:02,716 | INFO |     All assets up to date
2026-02-10 18:23:02,717 | INFO | 
============================================================
2026-02-10 18:23:02,717 | INFO | Processing EQUITY: 421 assets
2026-02-10 18:23:02,717 | INFO | Schedule: Weekdays 22:00 UTC
2026-02-10 18:23:02,717 | INFO | ============================================================
2026-02-10 18:23:02,718 | INFO |   Using BATCH MODE (CEO-DIR-2026-119)
2026-02-10 18:23:02,718 | INFO | 
  Batch 1/43 (10 tickers)
2026-02-10 18:23:02,740 | INFO |     Batch download: 1 tickers
2026-02-10 18:23:03,253 | ERROR | 
1 Failed download:
2026-02-10 18:23:03,254 | ERROR | ['1COV.DE']: YFPricesMissingError('possibly delisted; no price data found  (1d 2025-12-24 -> 2026-02-11)')
2026-02-10 18:23:03,259 | INFO |   Batch complete, waiting 120s...
