2026-02-02 19:50:12,323 | INFO | ======================================================================
2026-02-02 19:50:12,323 | INFO | IoS-001 DAILY PRICE INGEST
2026-02-02 19:50:12,323 | INFO | Executor: LINE (EC-004)
2026-02-02 19:50:12,323 | INFO | Authority: CEO_DIRECTIVE_LINE_DAILY_INGEST_ACTIVATION_20251212
2026-02-02 19:50:12,323 | INFO | Time: 2026-02-02T18:50:12.323641+00:00
2026-02-02 19:50:12,323 | INFO | Asset Class Filter: ALL
2026-02-02 19:50:12,323 | INFO | Dry Run: False
2026-02-02 19:50:12,323 | INFO | ======================================================================
2026-02-02 19:50:12,867 | INFO | Found 491 VEGA-attested assets
2026-02-02 19:50:12,867 | INFO | 
============================================================
2026-02-02 19:50:12,867 | INFO | Processing CRYPTO: 46 assets
2026-02-02 19:50:12,867 | INFO | Schedule: Daily 01:00 UTC
2026-02-02 19:50:12,867 | INFO | ============================================================
2026-02-02 19:50:12,867 | INFO | 
  Batch 1/2 (25 assets)
2026-02-02 19:50:18,672 | WARNING |   [GRT-USD] Fetch error: Too Many Requests. Rate limited. Try after a while.
2026-02-02 19:50:21,690 | INFO |   Batch complete, waiting 60s...
2026-02-02 19:51:21,702 | INFO | 
  Batch 2/2 (21 assets)
2026-02-02 19:51:23,638 | WARNING |   [UNI-USD] Fetch error: Too Many Requests. Rate limited. Try after a while.
2026-02-02 19:51:26,672 | INFO | 
============================================================
2026-02-02 19:51:26,672 | INFO | Processing EQUITY: 421 assets
2026-02-02 19:51:26,672 | INFO | Schedule: Weekdays 22:00 UTC
2026-02-02 19:51:26,672 | INFO | ============================================================
2026-02-02 19:51:26,672 | INFO | 
  Batch 1/17 (25 assets)
2026-02-02 19:51:28,105 | WARNING |   [1COV.DE] Fetch error: Too Many Requests. Rate limited. Try after a while.
2026-02-02 19:51:31,194 | INFO |   Batch complete, waiting 60s...
2026-02-02 19:52:31,194 | INFO | 
  Batch 2/17 (25 assets)
2026-02-02 19:52:31,297 | INFO |   Batch complete, waiting 60s...
2026-02-02 19:53:31,298 | INFO | 
  Batch 3/17 (25 assets)
2026-02-02 19:53:37,218 | WARNING |   [BRK.B] Fetch error: Too Many Requests. Rate limited. Try after a while.
2026-02-02 19:53:41,512 | WARNING |   [BT.A.L] Fetch error: Too Many Requests. Rate limited. Try after a while.
2026-02-02 19:53:44,541 | INFO |   Batch complete, waiting 60s...
2026-02-02 19:54:44,542 | INFO | 
  Batch 4/17 (25 assets)
2026-02-02 19:54:46,133 | WARNING |   [CF] Fetch error: Too Many Requests. Rate limited. Try after a while.
2026-02-02 19:54:50,495 | WARNING |   [CHD] Fetch error: Too Many Requests. Rate limited. Try after a while.
2026-02-02 19:54:54,754 | WARNING |   [CHTR] Fetch error: Too Many Requests. Rate limited. Try after a while.
2026-02-02 19:54:59,124 | WARNING |   [CI] Fetch error: Too Many Requests. Rate limited. Try after a while.
2026-02-02 19:55:03,559 | WARNING |   [CL] Fetch error: Too Many Requests. Rate limited. Try after a while.
2026-02-02 19:55:07,895 | WARNING |   [CLX] Fetch error: Too Many Requests. Rate limited. Try after a while.
