2025-12-26 22:27:32,333 | INFO | ======================================================================
2025-12-26 22:27:32,333 | INFO | IoS-001 DAILY PRICE INGEST
2025-12-26 22:27:32,333 | INFO | Executor: LINE (EC-004)
2025-12-26 22:27:32,333 | INFO | Authority: CEO_DIRECTIVE_LINE_DAILY_INGEST_ACTIVATION_20251212
2025-12-26 22:27:32,333 | INFO | Time: 2025-12-26T21:27:32.333743+00:00
2025-12-26 22:27:32,333 | INFO | Asset Class Filter: ALL
2025-12-26 22:27:32,333 | INFO | Dry Run: False
2025-12-26 22:27:32,333 | INFO | ======================================================================
2025-12-26 22:27:32,695 | INFO | Found 490 VEGA-attested assets
2025-12-26 22:27:32,695 | INFO | 
============================================================
2025-12-26 22:27:32,695 | INFO | Processing CRYPTO: 46 assets
2025-12-26 22:27:32,695 | INFO | Schedule: Daily 01:00 UTC
2025-12-26 22:27:32,695 | INFO | ============================================================
2025-12-26 22:27:32,695 | INFO | 
  Batch 1/2 (25 assets)
2025-12-26 22:27:32,726 | INFO |   Batch complete, waiting 60s...
2025-12-26 22:28:32,731 | INFO | 
  Batch 2/2 (21 assets)
2025-12-26 22:28:32,805 | INFO | 
============================================================
2025-12-26 22:28:32,805 | INFO | Processing EQUITY: 420 assets
2025-12-26 22:28:32,805 | INFO | Schedule: Weekdays 22:00 UTC
2025-12-26 22:28:32,806 | INFO | ============================================================
2025-12-26 22:28:32,806 | INFO | 
  Batch 1/17 (25 assets)
2025-12-26 22:28:36,150 | WARNING |   [1COV.DE] Fetch error: Too Many Requests. Rate limited. Try after a while.
2025-12-26 22:28:40,484 | WARNING |   [ACA.PA] Fetch error: Too Many Requests. Rate limited. Try after a while.
2025-12-26 22:28:44,493 | WARNING |   [ADS.DE] Fetch error: Too Many Requests. Rate limited. Try after a while.
2025-12-26 22:28:48,801 | WARNING |   [AI.PA] Fetch error: Too Many Requests. Rate limited. Try after a while.
2025-12-26 22:28:52,798 | WARNING |   [AIR.DE] Fetch error: Too Many Requests. Rate limited. Try after a while.
2025-12-26 22:28:57,127 | WARNING |   [AIR.PA] Fetch error: Too Many Requests. Rate limited. Try after a while.
2025-12-26 22:29:01,517 | WARNING |   [AKER.OL] Fetch error: Too Many Requests. Rate limited. Try after a while.
2025-12-26 22:29:05,386 | WARNING |   [AKRBP.OL] Fetch error: Too Many Requests. Rate limited. Try after a while.
2025-12-26 22:29:09,589 | WARNING |   [AKSO.OL] Fetch error: Too Many Requests. Rate limited. Try after a while.
2025-12-26 22:29:13,590 | WARNING |   [AKVA.OL] Fetch error: Too Many Requests. Rate limited. Try after a while.
2025-12-26 22:29:17,611 | WARNING |   [ALO.PA] Fetch error: Too Many Requests. Rate limited. Try after a while.
2025-12-26 22:29:21,653 | WARNING |   [ALV.DE] Fetch error: Too Many Requests. Rate limited. Try after a while.
2025-12-26 22:29:24,660 | INFO |   Batch complete, waiting 60s...
2025-12-26 22:30:24,667 | INFO | 
  Batch 2/17 (25 assets)
2025-12-26 22:30:26,414 | WARNING |   [AMZN] Fetch error: Too Many Requests. Rate limited. Try after a while.
2025-12-26 22:30:30,521 | WARNING |   [ASML] Fetch error: Too Many Requests. Rate limited. Try after a while.
2025-12-26 22:30:34,506 | WARNING |   [ATO.PA] Fetch error: Too Many Requests. Rate limited. Try after a while.
2025-12-26 22:30:38,539 | WARNING |   [AUSS.OL] Fetch error: Too Many Requests. Rate limited. Try after a while.
2025-12-26 22:30:42,511 | WARNING |   [AUTO.OL] Fetch error: Too Many Requests. Rate limited. Try after a while.
2025-12-26 22:30:46,701 | WARNING |   [AV.L] Fetch error: Too Many Requests. Rate limited. Try after a while.
2025-12-26 22:30:50,666 | WARNING |   [AZN.L] Fetch error: Too Many Requests. Rate limited. Try after a while.
2025-12-26 22:30:54,791 | WARNING |   [BA.L] Fetch error: Too Many Requests. Rate limited. Try after a while.
2025-12-26 22:30:58,998 | WARNING |   [BAKKA.OL] Fetch error: Too Many Requests. Rate limited. Try after a while.
2025-12-26 22:31:02,821 | WARNING |   [BARC.L] Fetch error: Too Many Requests. Rate limited. Try after a while.
2025-12-26 22:31:06,877 | WARNING |   [BAS.DE] Fetch error: Too Many Requests. Rate limited. Try after a while.
2025-12-26 22:31:11,155 | WARNING |   [BATS.L] Fetch error: Too Many Requests. Rate limited. Try after a while.
2025-12-26 22:31:15,466 | WARNING |   [BAYN.DE] Fetch error: Too Many Requests. Rate limited. Try after a while.
2025-12-26 22:31:18,467 | INFO |   Batch complete, waiting 60s...
2025-12-26 22:32:18,468 | INFO | 
  Batch 3/17 (25 assets)
2025-12-26 22:32:20,016 | WARNING |   [BEI.DE] Fetch error: Too Many Requests. Rate limited. Try after a while.
2025-12-26 22:32:24,332 | WARNING |   [BEWI.OL] Fetch error: Too Many Requests. Rate limited. Try after a while.
2025-12-26 22:32:28,389 | WARNING |   [BHP.L] Fetch error: Too Many Requests. Rate limited. Try after a while.
