2026-02-15 09:04:15,309 | INFO | ======================================================================
2026-02-15 09:04:15,310 | INFO | IoS-001 DAILY PRICE INGEST
2026-02-15 09:04:15,311 | INFO | Executor: LINE (EC-004)
2026-02-15 09:04:15,311 | INFO | Authority: CEO_DIRECTIVE_LINE_DAILY_INGEST_ACTIVATION_20251212
2026-02-15 09:04:15,311 | INFO | Amendment: CEO-DIR-2026-119 (Rate Limit Mitigation)
2026-02-15 09:04:15,312 | INFO | Time: 2026-02-15T08:04:15.311210+00:00
2026-02-15 09:04:15,312 | INFO | Asset Class Filter: ALL
2026-02-15 09:04:15,312 | INFO | Batch Mode: True
2026-02-15 09:04:15,313 | INFO | Dry Run: False
2026-02-15 09:04:15,313 | INFO | ======================================================================
2026-02-15 09:04:15,506 | INFO | Found 491 VEGA-attested assets
2026-02-15 09:04:15,506 | INFO | 
============================================================
2026-02-15 09:04:15,506 | INFO | Processing CRYPTO: 46 assets
2026-02-15 09:04:15,506 | INFO | Schedule: Daily 01:00 UTC
2026-02-15 09:04:15,506 | INFO | ============================================================
2026-02-15 09:04:15,506 | INFO |   Using BATCH MODE (CEO-DIR-2026-119)
2026-02-15 09:04:15,506 | INFO | 
  Batch 1/5 (10 tickers)
2026-02-15 09:04:15,522 | INFO |     All assets up to date
2026-02-15 09:04:15,522 | INFO | 
  Batch 2/5 (10 tickers)
2026-02-15 09:04:15,532 | INFO |     Batch download: 1 tickers
2026-02-15 09:04:18,209 | ERROR | 
1 Failed download:
2026-02-15 09:04:18,209 | ERROR | ['GRT-USD']: YFRateLimitError('Too Many Requests. Rate limited. Try after a while.')
2026-02-15 09:04:18,209 | INFO |   Batch complete, waiting 120s...
2026-02-15 09:06:18,224 | INFO | 
  Batch 3/5 (10 tickers)
2026-02-15 09:06:18,240 | INFO |     All assets up to date
2026-02-15 09:06:18,240 | INFO | 
  Batch 4/5 (10 tickers)
2026-02-15 09:06:18,257 | INFO |     Batch download: 1 tickers
2026-02-15 09:06:20,948 | ERROR | 
1 Failed download:
2026-02-15 09:06:20,948 | ERROR | ['UNI-USD']: YFRateLimitError('Too Many Requests. Rate limited. Try after a while.')
2026-02-15 09:06:20,964 | INFO |   Batch complete, waiting 120s...
2026-02-15 09:08:20,965 | INFO | 
  Batch 5/5 (6 tickers)
2026-02-15 09:08:20,983 | INFO |     All assets up to date
2026-02-15 09:08:20,983 | INFO | 
============================================================
2026-02-15 09:08:20,983 | INFO | Processing EQUITY: 421 assets
2026-02-15 09:08:20,983 | INFO | Schedule: Weekdays 22:00 UTC
2026-02-15 09:08:20,983 | INFO | ============================================================
2026-02-15 09:08:20,984 | INFO |   Market closed for EQUITY today, skipping
2026-02-15 09:08:20,984 | INFO | 
============================================================
2026-02-15 09:08:20,984 | INFO | Processing FX: 24 assets
2026-02-15 09:08:20,984 | INFO | Schedule: Sun-Thu 22:00 UTC
2026-02-15 09:08:20,984 | INFO | ============================================================
2026-02-15 09:08:20,984 | INFO |   Using BATCH MODE (CEO-DIR-2026-119)
2026-02-15 09:08:20,984 | INFO | 
  Batch 1/3 (10 tickers)
2026-02-15 09:08:20,996 | INFO |     Batch download: 9 tickers
2026-02-15 09:08:31,215 | ERROR | 
9 Failed downloads:
2026-02-15 09:08:31,215 | ERROR | ['EURSEK=X', 'EURNOK=X', 'AUDJPY=X', 'EURJPY=X', 'EURAUD=X', 'CHFJPY=X', 'EURGBP=X', 'EURCHF=X', 'CADJPY=X']: YFRateLimitError('Too Many Requests. Rate limited. Try after a while.')
2026-02-15 09:08:31,233 | INFO |   Batch complete, waiting 120s...
