2026-01-28 14:08:10,307 | INFO | ======================================================================
2026-01-28 14:08:10,307 | INFO | IoS-001 DAILY PRICE INGEST
2026-01-28 14:08:10,307 | INFO | Executor: LINE (EC-004)
2026-01-28 14:08:10,307 | INFO | Authority: CEO_DIRECTIVE_LINE_DAILY_INGEST_ACTIVATION_20251212
2026-01-28 14:08:10,307 | INFO | Time: 2026-01-28T13:08:10.307626+00:00
2026-01-28 14:08:10,307 | INFO | Asset Class Filter: ALL
2026-01-28 14:08:10,307 | INFO | Dry Run: False
2026-01-28 14:08:10,307 | INFO | ======================================================================
2026-01-28 14:08:10,675 | INFO | Found 491 VEGA-attested assets
2026-01-28 14:08:10,675 | INFO | 
============================================================
2026-01-28 14:08:10,676 | INFO | Processing CRYPTO: 46 assets
2026-01-28 14:08:10,676 | INFO | Schedule: Daily 01:00 UTC
2026-01-28 14:08:10,676 | INFO | ============================================================
2026-01-28 14:08:10,676 | INFO | 
  Batch 1/2 (25 assets)
2026-01-28 14:08:15,511 | WARNING |   [GRT-USD] Fetch error: Too Many Requests. Rate limited. Try after a while.
2026-01-28 14:08:18,526 | INFO |   Batch complete, waiting 60s...
2026-01-28 14:09:18,537 | INFO | 
  Batch 2/2 (21 assets)
2026-01-28 14:09:20,844 | WARNING |   [UNI-USD] Fetch error: Too Many Requests. Rate limited. Try after a while.
2026-01-28 14:09:23,871 | INFO | 
============================================================
2026-01-28 14:09:23,871 | INFO | Processing EQUITY: 421 assets
2026-01-28 14:09:23,871 | INFO | Schedule: Weekdays 22:00 UTC
2026-01-28 14:09:23,871 | INFO | ============================================================
2026-01-28 14:09:23,871 | INFO | 
  Batch 1/17 (25 assets)
2026-01-28 14:09:25,205 | WARNING |   [1COV.DE] Fetch error: Too Many Requests. Rate limited. Try after a while.
2026-01-28 14:09:29,639 | WARNING |   [ABBV] Fetch error: Too Many Requests. Rate limited. Try after a while.
2026-01-28 14:09:33,690 | WARNING |   [ABNB] Fetch error: Too Many Requests. Rate limited. Try after a while.
2026-01-28 14:09:37,760 | WARNING |   [ABT] Fetch error: Too Many Requests. Rate limited. Try after a while.
2026-01-28 14:09:41,952 | WARNING |   [ADBE] Fetch error: Too Many Requests. Rate limited. Try after a while.
2026-01-28 14:09:45,815 | WARNING |   [ADI] Fetch error: Too Many Requests. Rate limited. Try after a while.
2026-01-28 14:09:50,020 | WARNING |   [ADSK] Fetch error: Too Many Requests. Rate limited. Try after a while.
2026-01-28 14:09:54,595 | WARNING |   [AEP] Fetch error: Too Many Requests. Rate limited. Try after a while.
2026-01-28 14:09:58,719 | WARNING |   [AFL] Fetch error: Too Many Requests. Rate limited. Try after a while.
2026-01-28 14:10:02,928 | WARNING |   [AIG] Fetch error: Too Many Requests. Rate limited. Try after a while.
2026-01-28 14:10:07,804 | WARNING |   [AKAM] Fetch error: Too Many Requests. Rate limited. Try after a while.
2026-01-28 14:10:11,880 | WARNING |   [ALB] Fetch error: Too Many Requests. Rate limited. Try after a while.
2026-01-28 14:10:16,161 | WARNING |   [ALL] Fetch error: Too Many Requests. Rate limited. Try after a while.
2026-01-28 14:10:20,415 | WARNING |   [AMAT] Fetch error: Too Many Requests. Rate limited. Try after a while.
2026-01-28 14:10:23,419 | INFO |   Batch complete, waiting 60s...
2026-01-28 14:11:23,420 | INFO | 
  Batch 2/17 (25 assets)
2026-01-28 14:11:26,835 | WARNING |   [AMD] Fetch error: Too Many Requests. Rate limited. Try after a while.
2026-01-28 14:11:31,517 | WARNING |   [AMGN] Fetch error: Too Many Requests. Rate limited. Try after a while.
2026-01-28 14:11:36,025 | WARNING |   [AMT] Fetch error: Too Many Requests. Rate limited. Try after a while.
2026-01-28 14:11:40,192 | WARNING |   [AMZN] Fetch error: Too Many Requests. Rate limited. Try after a while.
2026-01-28 14:11:44,361 | WARNING |   [AON] Fetch error: Too Many Requests. Rate limited. Try after a while.
2026-01-28 14:11:48,558 | WARNING |   [APD] Fetch error: Too Many Requests. Rate limited. Try after a while.
2026-01-28 14:11:53,042 | WARNING |   [ASML] Fetch error: Too Many Requests. Rate limited. Try after a while.
2026-01-28 14:11:57,131 | WARNING |   [AVB] Fetch error: Too Many Requests. Rate limited. Try after a while.
2026-01-28 14:12:01,194 | WARNING |   [AVGO] Fetch error: Too Many Requests. Rate limited. Try after a while.
2026-01-28 14:12:05,384 | WARNING |   [AWK] Fetch error: Too Many Requests. Rate limited. Try after a while.
2026-01-28 14:12:09,605 | WARNING |   [AXP] Fetch error: Too Many Requests. Rate limited. Try after a while.
2026-01-28 14:12:13,555 | WARNING |   [AZO] Fetch error: Too Many Requests. Rate limited. Try after a while.
2026-01-28 14:12:17,569 | WARNING |   [BA] Fetch error: Too Many Requests. Rate limited. Try after a while.
2026-01-28 14:12:21,547 | WARNING |   [BAC] Fetch error: Too Many Requests. Rate limited. Try after a while.
2026-01-28 14:12:24,558 | INFO |   Batch complete, waiting 60s...
