2026-01-13 01:03:30,972 | INFO | ======================================================================
2026-01-13 01:03:30,972 | INFO | IoS-001 DAILY PRICE INGEST
2026-01-13 01:03:30,972 | INFO | Executor: LINE (EC-004)
2026-01-13 01:03:30,972 | INFO | Authority: CEO_DIRECTIVE_LINE_DAILY_INGEST_ACTIVATION_20251212
2026-01-13 01:03:30,972 | INFO | Time: 2026-01-13T00:03:30.972276+00:00
2026-01-13 01:03:30,972 | INFO | Asset Class Filter: ALL
2026-01-13 01:03:30,972 | INFO | Dry Run: False
2026-01-13 01:03:30,972 | INFO | ======================================================================
2026-01-13 01:03:31,228 | INFO | Found 491 VEGA-attested assets
2026-01-13 01:03:31,228 | INFO | 
============================================================
2026-01-13 01:03:31,228 | INFO | Processing CRYPTO: 46 assets
2026-01-13 01:03:31,228 | INFO | Schedule: Daily 01:00 UTC
2026-01-13 01:03:31,228 | INFO | ============================================================
2026-01-13 01:03:31,228 | INFO | 
  Batch 1/2 (25 assets)
2026-01-13 01:03:34,254 | WARNING |   [ADA-USD] Fetch error: Too Many Requests. Rate limited. Try after a while.
2026-01-13 01:03:38,513 | WARNING |   [ALGO-USD] Fetch error: Too Many Requests. Rate limited. Try after a while.
2026-01-13 01:03:42,650 | WARNING |   [ATOM-USD] Fetch error: Too Many Requests. Rate limited. Try after a while.
2026-01-13 01:03:47,033 | WARNING |   [AVAX-USD] Fetch error: Too Many Requests. Rate limited. Try after a while.
2026-01-13 01:03:51,114 | WARNING |   [AXS-USD] Fetch error: Too Many Requests. Rate limited. Try after a while.
2026-01-13 01:03:55,204 | WARNING |   [BCH-USD] Fetch error: Too Many Requests. Rate limited. Try after a while.
2026-01-13 01:03:59,154 | WARNING |   [BNB-USD] Fetch error: Too Many Requests. Rate limited. Try after a while.
2026-01-13 01:04:03,073 | WARNING |   [BTC-USD] Fetch error: Too Many Requests. Rate limited. Try after a while.
2026-01-13 01:04:07,338 | WARNING |   [CHZ-USD] Fetch error: Too Many Requests. Rate limited. Try after a while.
2026-01-13 01:04:11,360 | WARNING |   [CRO-USD] Fetch error: Too Many Requests. Rate limited. Try after a while.
2026-01-13 01:04:15,516 | WARNING |   [CRV-USD] Fetch error: Too Many Requests. Rate limited. Try after a while.
2026-01-13 01:04:19,678 | WARNING |   [DOGE-USD] Fetch error: Too Many Requests. Rate limited. Try after a while.
2026-01-13 01:04:24,138 | WARNING |   [DOT-USD] Fetch error: Too Many Requests. Rate limited. Try after a while.
2026-01-13 01:04:27,916 | WARNING |   [EOS-USD] Fetch error: Too Many Requests. Rate limited. Try after a while.
2026-01-13 01:04:32,039 | WARNING |   [ETC-USD] Fetch error: Too Many Requests. Rate limited. Try after a while.
2026-01-13 01:04:36,138 | WARNING |   [ETH-USD] Fetch error: Too Many Requests. Rate limited. Try after a while.
2026-01-13 01:04:40,181 | WARNING |   [FIL-USD] Fetch error: Too Many Requests. Rate limited. Try after a while.
2026-01-13 01:04:44,003 | WARNING |   [FLOW-USD] Fetch error: Too Many Requests. Rate limited. Try after a while.
2026-01-13 01:04:48,081 | WARNING |   [GRT-USD] Fetch error: Too Many Requests. Rate limited. Try after a while.
2026-01-13 01:04:52,338 | WARNING |   [HBAR-USD] Fetch error: Too Many Requests. Rate limited. Try after a while.
2026-01-13 01:04:56,285 | WARNING |   [ICP-USD] Fetch error: Too Many Requests. Rate limited. Try after a while.
2026-01-13 01:05:00,257 | WARNING |   [INJ-USD] Fetch error: Too Many Requests. Rate limited. Try after a while.
2026-01-13 01:05:04,414 | WARNING |   [LDO-USD] Fetch error: Too Many Requests. Rate limited. Try after a while.
2026-01-13 01:05:08,587 | WARNING |   [LINK-USD] Fetch error: Too Many Requests. Rate limited. Try after a while.
2026-01-13 01:05:12,658 | WARNING |   [LTC-USD] Fetch error: Too Many Requests. Rate limited. Try after a while.
2026-01-13 01:05:15,659 | INFO |   Batch complete, waiting 60s...
2026-01-13 01:06:15,660 | INFO | 
  Batch 2/2 (21 assets)
2026-01-13 01:06:17,071 | WARNING |   [MANA-USD] Fetch error: Too Many Requests. Rate limited. Try after a while.
2026-01-13 01:06:21,020 | WARNING |   [MKR-USD] Fetch error: Too Many Requests. Rate limited. Try after a while.
2026-01-13 01:06:25,174 | WARNING |   [NEAR-USD] Fetch error: Too Many Requests. Rate limited. Try after a while.
2026-01-13 01:06:29,467 | WARNING |   [OKB-USD] Fetch error: Too Many Requests. Rate limited. Try after a while.
2026-01-13 01:06:33,398 | WARNING |   [QNT-USD] Fetch error: Too Many Requests. Rate limited. Try after a while.
2026-01-13 01:06:37,908 | WARNING |   [RPL-USD] Fetch error: Too Many Requests. Rate limited. Try after a while.
2026-01-13 01:06:41,890 | WARNING |   [RUNE-USD] Fetch error: Too Many Requests. Rate limited. Try after a while.
2026-01-13 01:06:45,888 | WARNING |   [SAND-USD] Fetch error: Too Many Requests. Rate limited. Try after a while.
2026-01-13 01:06:49,986 | WARNING |   [SHIB-USD] Fetch error: Too Many Requests. Rate limited. Try after a while.
2026-01-13 01:06:54,089 | WARNING |   [SNX-USD] Fetch error: Too Many Requests. Rate limited. Try after a while.
2026-01-13 01:06:58,015 | WARNING |   [SOL-USD] Fetch error: Too Many Requests. Rate limited. Try after a while.
2026-01-13 01:07:02,036 | WARNING |   [THETA-USD] Fetch error: Too Many Requests. Rate limited. Try after a while.
2026-01-13 01:07:06,144 | WARNING |   [TRX-USD] Fetch error: Too Many Requests. Rate limited. Try after a while.
2026-01-13 01:07:10,352 | WARNING |   [UNI-USD] Fetch error: Too Many Requests. Rate limited. Try after a while.
2026-01-13 01:07:14,437 | WARNING |   [VET-USD] Fetch error: Too Many Requests. Rate limited. Try after a while.
2026-01-13 01:07:18,541 | WARNING |   [XLM-USD] Fetch error: Too Many Requests. Rate limited. Try after a while.
2026-01-13 01:07:22,574 | WARNING |   [XMR-USD] Fetch error: Too Many Requests. Rate limited. Try after a while.
2026-01-13 01:07:26,722 | WARNING |   [XRP-USD] Fetch error: Too Many Requests. Rate limited. Try after a while.
2026-01-13 01:07:30,833 | WARNING |   [XTZ-USD] Fetch error: Too Many Requests. Rate limited. Try after a while.
2026-01-13 01:07:34,763 | WARNING |   [ZEC-USD] Fetch error: Too Many Requests. Rate limited. Try after a while.
2026-01-13 01:07:39,072 | WARNING |   [AAVE-USD] Fetch error: Too Many Requests. Rate limited. Try after a while.
2026-01-13 01:07:42,082 | INFO | 
============================================================
2026-01-13 01:07:42,083 | INFO | Processing EQUITY: 421 assets
2026-01-13 01:07:42,083 | INFO | Schedule: Weekdays 22:00 UTC
2026-01-13 01:07:42,084 | INFO | ============================================================
2026-01-13 01:07:42,084 | INFO | 
  Batch 1/17 (25 assets)
2026-01-13 01:07:43,537 | WARNING |   [1COV.DE] Fetch error: Too Many Requests. Rate limited. Try after a while.
2026-01-13 01:07:47,838 | WARNING |   [ABBV] Fetch error: Too Many Requests. Rate limited. Try after a while.
2026-01-13 01:07:51,825 | WARNING |   [ABNB] Fetch error: Too Many Requests. Rate limited. Try after a while.
2026-01-13 01:07:56,016 | WARNING |   [ABT] Fetch error: Too Many Requests. Rate limited. Try after a while.
2026-01-13 01:08:00,342 | WARNING |   [ACA.PA] Fetch error: Too Many Requests. Rate limited. Try after a while.
2026-01-13 01:08:04,414 | WARNING |   [ADBE] Fetch error: Too Many Requests. Rate limited. Try after a while.
2026-01-13 01:08:08,653 | WARNING |   [ADI] Fetch error: Too Many Requests. Rate limited. Try after a while.
2026-01-13 01:08:12,743 | WARNING |   [ADS.DE] Fetch error: Too Many Requests. Rate limited. Try after a while.
2026-01-13 01:08:16,946 | WARNING |   [ADSK] Fetch error: Too Many Requests. Rate limited. Try after a while.
2026-01-13 01:08:21,009 | WARNING |   [AEP] Fetch error: Too Many Requests. Rate limited. Try after a while.
2026-01-13 01:08:25,271 | WARNING |   [AFL] Fetch error: Too Many Requests. Rate limited. Try after a while.
2026-01-13 01:08:29,207 | WARNING |   [AI.PA] Fetch error: Too Many Requests. Rate limited. Try after a while.
