2026-01-24 18:14:48,857 | INFO | ======================================================================
2026-01-24 18:14:48,857 | INFO | IoS-001 DAILY PRICE INGEST
2026-01-24 18:14:48,858 | INFO | Executor: LINE (EC-004)
2026-01-24 18:14:48,858 | INFO | Authority: CEO_DIRECTIVE_LINE_DAILY_INGEST_ACTIVATION_20251212
2026-01-24 18:14:48,858 | INFO | Time: 2026-01-24T17:14:48.858734+00:00
2026-01-24 18:14:48,858 | INFO | Asset Class Filter: ALL
2026-01-24 18:14:48,858 | INFO | Dry Run: False
2026-01-24 18:14:48,858 | INFO | ======================================================================
2026-01-24 18:14:49,192 | INFO | Found 491 VEGA-attested assets
2026-01-24 18:14:49,192 | INFO | 
============================================================
2026-01-24 18:14:49,192 | INFO | Processing CRYPTO: 46 assets
2026-01-24 18:14:49,192 | INFO | Schedule: Daily 01:00 UTC
2026-01-24 18:14:49,192 | INFO | ============================================================
2026-01-24 18:14:49,193 | INFO | 
  Batch 1/2 (25 assets)
2026-01-24 18:14:53,042 | WARNING |   [GRT-USD] Fetch error: Too Many Requests. Rate limited. Try after a while.
2026-01-24 18:14:56,081 | INFO |   Batch complete, waiting 60s...
2026-01-24 18:15:56,082 | INFO | 
  Batch 2/2 (21 assets)
2026-01-24 18:15:58,071 | WARNING |   [UNI-USD] Fetch error: Too Many Requests. Rate limited. Try after a while.
2026-01-24 18:16:01,126 | INFO | 
============================================================
2026-01-24 18:16:01,126 | INFO | Processing EQUITY: 421 assets
2026-01-24 18:16:01,126 | INFO | Schedule: Weekdays 22:00 UTC
2026-01-24 18:16:01,126 | INFO | ============================================================
2026-01-24 18:16:01,126 | INFO |   Market closed for EQUITY today, skipping
2026-01-24 18:16:01,126 | INFO | 
============================================================
2026-01-24 18:16:01,126 | INFO | Processing FX: 24 assets
2026-01-24 18:16:01,126 | INFO | Schedule: Sun-Thu 22:00 UTC
2026-01-24 18:16:01,126 | INFO | ============================================================
2026-01-24 18:16:01,126 | INFO |   Market closed for FX today, skipping
2026-01-24 18:16:01,126 | WARNING | Heartbeat recording failed: relation "fhq_monitoring.system_heartbeats" does not exist
LINE 2:                 INSERT INTO fhq_monitoring.system_heartbeats...
                                    ^

2026-01-24 18:16:01,126 | INFO | 
======================================================================
2026-01-24 18:16:01,126 | INFO | DAILY INGEST COMPLETE
2026-01-24 18:16:01,126 | INFO | ======================================================================
2026-01-24 18:16:01,126 | INFO | Assets Processed: 46
2026-01-24 18:16:01,126 | INFO | Assets Updated:   0
2026-01-24 18:16:01,136 | INFO | Rows Inserted:    0
2026-01-24 18:16:01,136 | INFO |   CRYPTO: 0 assets, 0 rows
2026-01-24 18:16:01,136 | INFO | Evidence: C:\fhq-market-system\vision-ios\03_FUNCTIONS\evidence\IOS001_DAILY_INGEST_6bbd6986_20260124_181601.json
2026-01-24 18:16:01,137 | INFO | ======================================================================
