2026-01-30 05:47:30,439 | INFO | ======================================================================
2026-01-30 05:47:30,439 | INFO | IoS-001 DAILY PRICE INGEST
2026-01-30 05:47:30,440 | INFO | Executor: LINE (EC-004)
2026-01-30 05:47:30,440 | INFO | Authority: CEO_DIRECTIVE_LINE_DAILY_INGEST_ACTIVATION_20251212
2026-01-30 05:47:30,440 | INFO | Time: 2026-01-30T04:47:30.440596+00:00
2026-01-30 05:47:30,440 | INFO | Asset Class Filter: ALL
2026-01-30 05:47:30,440 | INFO | Dry Run: False
2026-01-30 05:47:30,441 | INFO | ======================================================================
2026-01-30 05:47:30,628 | INFO | Found 491 VEGA-attested assets
2026-01-30 05:47:30,628 | INFO | 
============================================================
2026-01-30 05:47:30,628 | INFO | Processing CRYPTO: 46 assets
2026-01-30 05:47:30,628 | INFO | Schedule: Daily 01:00 UTC
2026-01-30 05:47:30,628 | INFO | ============================================================
2026-01-30 05:47:30,628 | INFO | 
  Batch 1/2 (25 assets)
2026-01-30 05:47:31,932 | ERROR | $GRT-USD: possibly delisted; no price data found  (1d 2026-01-30 -> 2026-01-31)
2026-01-30 05:47:35,001 | INFO |   Batch complete, waiting 60s...
2026-01-30 05:48:35,003 | INFO | 
  Batch 2/2 (21 assets)
2026-01-30 05:48:35,157 | ERROR | $UNI-USD: possibly delisted; no price data found  (1d 2026-01-27 -> 2026-01-31)
2026-01-30 05:48:38,183 | INFO | 
============================================================
2026-01-30 05:48:38,183 | INFO | Processing EQUITY: 421 assets
2026-01-30 05:48:38,184 | INFO | Schedule: Weekdays 22:00 UTC
2026-01-30 05:48:38,184 | INFO | ============================================================
2026-01-30 05:48:38,184 | INFO | 
  Batch 1/17 (25 assets)
2026-01-30 05:48:38,391 | ERROR | $1COV.DE: possibly delisted; no price data found  (1d 2025-12-24 -> 2026-01-31)
2026-01-30 05:48:43,385 | ERROR | $ABBV: possibly delisted; no price data found  (1d 2026-01-30 -> 2026-01-31) (Yahoo error = "Data doesn't exist for startDate = 1769749200, endDate = 1769835600")
2026-01-30 05:48:47,542 | ERROR | $ABNB: possibly delisted; no price data found  (1d 2026-01-30 -> 2026-01-31) (Yahoo error = "Data doesn't exist for startDate = 1769749200, endDate = 1769835600")
2026-01-30 05:48:51,822 | ERROR | $ABT: possibly delisted; no price data found  (1d 2026-01-30 -> 2026-01-31) (Yahoo error = "Data doesn't exist for startDate = 1769749200, endDate = 1769835600")
2026-01-30 05:48:55,047 | INFO |     [ACA.PA] +1 rows
2026-01-30 05:48:59,206 | ERROR | $ADBE: possibly delisted; no price data found  (1d 2026-01-30 -> 2026-01-31) (Yahoo error = "Data doesn't exist for startDate = 1769749200, endDate = 1769835600")
2026-01-30 05:49:03,651 | ERROR | $ADI: possibly delisted; no price data found  (1d 2026-01-30 -> 2026-01-31) (Yahoo error = "Data doesn't exist for startDate = 1769749200, endDate = 1769835600")
2026-01-30 05:49:06,782 | INFO |     [ADS.DE] +1 rows
2026-01-30 05:49:10,915 | ERROR | $ADSK: possibly delisted; no price data found  (1d 2026-01-30 -> 2026-01-31) (Yahoo error = "Data doesn't exist for startDate = 1769749200, endDate = 1769835600")
2026-01-30 05:49:15,274 | ERROR | $AEP: possibly delisted; no price data found  (1d 2026-01-30 -> 2026-01-31) (Yahoo error = "Data doesn't exist for startDate = 1769749200, endDate = 1769835600")
2026-01-30 05:49:19,289 | ERROR | $AFL: possibly delisted; no price data found  (1d 2026-01-30 -> 2026-01-31) (Yahoo error = "Data doesn't exist for startDate = 1769749200, endDate = 1769835600")
2026-01-30 05:49:22,514 | INFO |     [AI.PA] +1 rows
2026-01-30 05:49:26,820 | ERROR | $AIG: possibly delisted; no price data found  (1d 2026-01-30 -> 2026-01-31) (Yahoo error = "Data doesn't exist for startDate = 1769749200, endDate = 1769835600")
2026-01-30 05:49:30,016 | INFO |     [AIR.DE] +1 rows
2026-01-30 05:49:33,148 | INFO |     [AIR.PA] +1 rows
2026-01-30 05:49:37,268 | ERROR | $AKAM: possibly delisted; no price data found  (1d 2026-01-30 -> 2026-01-31) (Yahoo error = "Data doesn't exist for startDate = 1769749200, endDate = 1769835600")
2026-01-30 05:49:40,390 | INFO |     [AKER.OL] +1 rows
2026-01-30 05:49:43,505 | INFO |     [AKRBP.OL] +1 rows
2026-01-30 05:49:46,655 | INFO |     [AKSO.OL] +1 rows
2026-01-30 05:49:49,814 | INFO |     [AKVA.OL] +1 rows
2026-01-30 05:49:54,036 | ERROR | $ALB: possibly delisted; no price data found  (1d 2026-01-30 -> 2026-01-31) (Yahoo error = "Data doesn't exist for startDate = 1769749200, endDate = 1769835600")
2026-01-30 05:49:58,113 | ERROR | $ALL: possibly delisted; no price data found  (1d 2026-01-30 -> 2026-01-31) (Yahoo error = "Data doesn't exist for startDate = 1769749200, endDate = 1769835600")
2026-01-30 05:50:01,288 | INFO |     [ALO.PA] +1 rows
2026-01-30 05:50:04,420 | INFO |     [ALV.DE] +1 rows
2026-01-30 05:50:08,476 | ERROR | $AMAT: possibly delisted; no price data found  (1d 2026-01-30 -> 2026-01-31) (Yahoo error = "Data doesn't exist for startDate = 1769749200, endDate = 1769835600")
2026-01-30 05:50:11,482 | INFO |   Batch complete, waiting 60s...
2026-01-30 05:51:11,483 | INFO | 
  Batch 2/17 (25 assets)
2026-01-30 05:51:13,121 | ERROR | $AMD: possibly delisted; no price data found  (1d 2026-01-30 -> 2026-01-31) (Yahoo error = "Data doesn't exist for startDate = 1769749200, endDate = 1769835600")
2026-01-30 05:51:17,270 | ERROR | $AMGN: possibly delisted; no price data found  (1d 2026-01-30 -> 2026-01-31) (Yahoo error = "Data doesn't exist for startDate = 1769749200, endDate = 1769835600")
2026-01-30 05:51:21,783 | ERROR | $AMT: possibly delisted; no price data found  (1d 2026-01-30 -> 2026-01-31) (Yahoo error = "Data doesn't exist for startDate = 1769749200, endDate = 1769835600")
2026-01-30 05:51:26,122 | ERROR | $AMZN: possibly delisted; no price data found  (1d 2026-01-30 -> 2026-01-31) (Yahoo error = "Data doesn't exist for startDate = 1769749200, endDate = 1769835600")
2026-01-30 05:51:30,233 | ERROR | $AON: possibly delisted; no price data found  (1d 2026-01-30 -> 2026-01-31) (Yahoo error = "Data doesn't exist for startDate = 1769749200, endDate = 1769835600")
2026-01-30 05:51:34,485 | ERROR | $APD: possibly delisted; no price data found  (1d 2026-01-30 -> 2026-01-31) (Yahoo error = "Data doesn't exist for startDate = 1769749200, endDate = 1769835600")
2026-01-30 05:51:38,969 | ERROR | $ASML: possibly delisted; no price data found  (1d 2026-01-30 -> 2026-01-31) (Yahoo error = "Data doesn't exist for startDate = 1769749200, endDate = 1769835600")
2026-01-30 05:51:42,150 | INFO |     [ATO.PA] +1 rows
2026-01-30 05:51:45,345 | INFO |     [AUSS.OL] +1 rows
2026-01-30 05:51:48,465 | INFO |     [AUTO.OL] +1 rows
2026-01-30 05:51:51,682 | INFO |     [AV.L] +1 rows
2026-01-30 05:51:56,103 | ERROR | $AVB: possibly delisted; no price data found  (1d 2026-01-30 -> 2026-01-31) (Yahoo error = "Data doesn't exist for startDate = 1769749200, endDate = 1769835600")
2026-01-30 05:52:00,414 | ERROR | $AVGO: possibly delisted; no price data found  (1d 2026-01-30 -> 2026-01-31) (Yahoo error = "Data doesn't exist for startDate = 1769749200, endDate = 1769835600")
2026-01-30 05:52:05,050 | ERROR | $AWK: possibly delisted; no price data found  (1d 2026-01-30 -> 2026-01-31) (Yahoo error = "Data doesn't exist for startDate = 1769749200, endDate = 1769835600")
2026-01-30 05:52:09,692 | ERROR | $AXP: possibly delisted; no price data found  (1d 2026-01-30 -> 2026-01-31) (Yahoo error = "Data doesn't exist for startDate = 1769749200, endDate = 1769835600")
2026-01-30 05:52:12,833 | INFO |     [AZN.L] +1 rows
2026-01-30 05:52:16,972 | ERROR | $AZO: possibly delisted; no price data found  (1d 2026-01-30 -> 2026-01-31) (Yahoo error = "Data doesn't exist for startDate = 1769749200, endDate = 1769835600")
2026-01-30 05:52:21,477 | ERROR | $BA: possibly delisted; no price data found  (1d 2026-01-30 -> 2026-01-31) (Yahoo error = "Data doesn't exist for startDate = 1769749200, endDate = 1769835600")
2026-01-30 05:52:24,686 | INFO |     [BA.L] +1 rows
