2026-01-28 06:59:29,934 | INFO | ======================================================================
2026-01-28 06:59:29,934 | INFO | IoS-001 DAILY PRICE INGEST
2026-01-28 06:59:29,934 | INFO | Executor: LINE (EC-004)
2026-01-28 06:59:29,934 | INFO | Authority: CEO_DIRECTIVE_LINE_DAILY_INGEST_ACTIVATION_20251212
2026-01-28 06:59:29,935 | INFO | Time: 2026-01-28T05:59:29.935321+00:00
2026-01-28 06:59:29,935 | INFO | Asset Class Filter: ALL
2026-01-28 06:59:29,935 | INFO | Dry Run: False
2026-01-28 06:59:29,935 | INFO | ======================================================================
2026-01-28 06:59:30,179 | INFO | Found 491 VEGA-attested assets
2026-01-28 06:59:30,180 | INFO | 
============================================================
2026-01-28 06:59:30,180 | INFO | Processing CRYPTO: 46 assets
2026-01-28 06:59:30,180 | INFO | Schedule: Daily 01:00 UTC
2026-01-28 06:59:30,180 | INFO | ============================================================
2026-01-28 06:59:30,180 | INFO | 
  Batch 1/2 (25 assets)
2026-01-28 06:59:31,566 | ERROR | $GRT-USD: possibly delisted; no price data found  (1d 2026-01-28 -> 2026-01-29)
2026-01-28 06:59:34,628 | INFO |   Batch complete, waiting 60s...
2026-01-28 07:00:34,629 | INFO | 
  Batch 2/2 (21 assets)
2026-01-28 07:00:34,764 | ERROR | $UNI-USD: possibly delisted; no price data found  (1d 2026-01-27 -> 2026-01-29)
2026-01-28 07:00:37,788 | INFO | 
============================================================
2026-01-28 07:00:37,789 | INFO | Processing EQUITY: 421 assets
2026-01-28 07:00:37,789 | INFO | Schedule: Weekdays 22:00 UTC
2026-01-28 07:00:37,789 | INFO | ============================================================
2026-01-28 07:00:37,789 | INFO | 
  Batch 1/17 (25 assets)
2026-01-28 07:00:37,961 | ERROR | $1COV.DE: possibly delisted; no price data found  (1d 2025-12-24 -> 2026-01-29)
2026-01-28 07:00:41,237 | INFO |     [ABBV] +1 rows
2026-01-28 07:00:44,366 | INFO |     [ABNB] +1 rows
2026-01-28 07:00:47,553 | INFO |     [ABT] +1 rows
2026-01-28 07:00:50,766 | INFO |     [ACA.PA] +1 rows
2026-01-28 07:00:53,900 | INFO |     [ADBE] +1 rows
2026-01-28 07:00:57,076 | INFO |     [ADI] +1 rows
2026-01-28 07:01:00,215 | INFO |     [ADS.DE] +1 rows
2026-01-28 07:01:03,339 | INFO |     [ADSK] +1 rows
2026-01-28 07:01:06,550 | INFO |     [AEP] +1 rows
2026-01-28 07:01:09,743 | INFO |     [AFL] +1 rows
2026-01-28 07:01:12,936 | INFO |     [AI.PA] +1 rows
2026-01-28 07:01:16,134 | INFO |     [AIG] +1 rows
2026-01-28 07:01:19,315 | INFO |     [AIR.DE] +1 rows
2026-01-28 07:01:22,480 | INFO |     [AIR.PA] +1 rows
2026-01-28 07:01:25,592 | INFO |     [AKAM] +1 rows
2026-01-28 07:01:28,756 | INFO |     [AKER.OL] +1 rows
2026-01-28 07:01:31,977 | INFO |     [AKRBP.OL] +1 rows
2026-01-28 07:01:35,109 | INFO |     [AKSO.OL] +1 rows
2026-01-28 07:01:38,236 | INFO |     [AKVA.OL] +1 rows
2026-01-28 07:01:41,389 | INFO |     [ALB] +1 rows
2026-01-28 07:01:44,527 | INFO |     [ALL] +1 rows
2026-01-28 07:01:47,653 | INFO |     [ALO.PA] +1 rows
2026-01-28 07:01:50,846 | INFO |     [ALV.DE] +1 rows
2026-01-28 07:01:53,989 | INFO |     [AMAT] +1 rows
2026-01-28 07:01:56,991 | INFO |   Batch complete, waiting 60s...
2026-01-28 07:02:56,994 | INFO | 
  Batch 2/17 (25 assets)
2026-01-28 07:02:57,127 | INFO |     [AMD] +1 rows
2026-01-28 07:03:00,247 | INFO |     [AMGN] +1 rows
2026-01-28 07:03:03,360 | INFO |     [AMT] +1 rows
2026-01-28 07:03:06,499 | INFO |     [AMZN] +1 rows
2026-01-28 07:03:09,714 | INFO |     [AON] +1 rows
2026-01-28 07:03:12,859 | INFO |     [APD] +1 rows
2026-01-28 07:03:16,008 | INFO |     [ASML] +1 rows
2026-01-28 07:03:19,129 | INFO |     [ATO.PA] +1 rows
2026-01-28 07:03:22,253 | INFO |     [AUSS.OL] +1 rows
2026-01-28 07:03:25,358 | INFO |     [AUTO.OL] +1 rows
2026-01-28 07:03:28,555 | INFO |     [AV.L] +1 rows
2026-01-28 07:03:31,756 | INFO |     [AVB] +1 rows
2026-01-28 07:03:34,948 | INFO |     [AVGO] +1 rows
2026-01-28 07:03:38,078 | INFO |     [AWK] +1 rows
2026-01-28 07:03:41,287 | INFO |     [AXP] +1 rows
2026-01-28 07:03:44,434 | INFO |     [AZN.L] +1 rows
2026-01-28 07:03:47,574 | INFO |     [AZO] +1 rows
2026-01-28 07:03:50,780 | INFO |     [BA] +1 rows
2026-01-28 07:03:53,932 | INFO |     [BA.L] +1 rows
2026-01-28 07:03:57,075 | INFO |     [BAC] +1 rows
2026-01-28 07:04:00,290 | INFO |     [BAKKA.OL] +1 rows
2026-01-28 07:04:03,419 | INFO |     [BARC.L] +1 rows
2026-01-28 07:04:06,541 | INFO |     [BAS.DE] +1 rows
2026-01-28 07:04:09,674 | INFO |     [BATS.L] +1 rows
2026-01-28 07:04:12,799 | INFO |     [BAYN.DE] +1 rows
2026-01-28 07:04:15,802 | INFO |   Batch complete, waiting 60s...
