2026-01-26 12:03:36,146 | INFO | ======================================================================
2026-01-26 12:03:36,147 | INFO | IoS-001 DAILY PRICE INGEST
2026-01-26 12:03:36,147 | INFO | Executor: LINE (EC-004)
2026-01-26 12:03:36,147 | INFO | Authority: CEO_DIRECTIVE_LINE_DAILY_INGEST_ACTIVATION_20251212
2026-01-26 12:03:36,147 | INFO | Time: 2026-01-26T11:03:36.147640+00:00
2026-01-26 12:03:36,147 | INFO | Asset Class Filter: ALL
2026-01-26 12:03:36,147 | INFO | Dry Run: False
2026-01-26 12:03:36,147 | INFO | ======================================================================
2026-01-26 12:03:36,388 | INFO | Found 491 VEGA-attested assets
2026-01-26 12:03:36,388 | INFO | 
============================================================
2026-01-26 12:03:36,389 | INFO | Processing CRYPTO: 46 assets
2026-01-26 12:03:36,389 | INFO | Schedule: Daily 01:00 UTC
2026-01-26 12:03:36,389 | INFO | ============================================================
2026-01-26 12:03:36,389 | INFO | 
  Batch 1/2 (25 assets)
2026-01-26 12:03:39,716 | WARNING |   [GRT-USD] Fetch error: Too Many Requests. Rate limited. Try after a while.
2026-01-26 12:03:42,737 | INFO |   Batch complete, waiting 60s...
2026-01-26 12:04:42,738 | INFO | 
  Batch 2/2 (21 assets)
2026-01-26 12:04:44,168 | WARNING |   [UNI-USD] Fetch error: Too Many Requests. Rate limited. Try after a while.
2026-01-26 12:04:47,194 | INFO | 
============================================================
2026-01-26 12:04:47,194 | INFO | Processing EQUITY: 421 assets
2026-01-26 12:04:47,194 | INFO | Schedule: Weekdays 22:00 UTC
2026-01-26 12:04:47,194 | INFO | ============================================================
2026-01-26 12:04:47,195 | INFO | 
  Batch 1/17 (25 assets)
2026-01-26 12:04:48,471 | WARNING |   [1COV.DE] Fetch error: Too Many Requests. Rate limited. Try after a while.
2026-01-26 12:04:53,051 | WARNING |   [ABBV] Fetch error: Too Many Requests. Rate limited. Try after a while.
2026-01-26 12:04:57,264 | WARNING |   [ABNB] Fetch error: Too Many Requests. Rate limited. Try after a while.
2026-01-26 12:05:01,526 | WARNING |   [ABT] Fetch error: Too Many Requests. Rate limited. Try after a while.
2026-01-26 12:05:05,846 | WARNING |   [ACA.PA] Fetch error: Too Many Requests. Rate limited. Try after a while.
2026-01-26 12:05:10,186 | WARNING |   [ADBE] Fetch error: Too Many Requests. Rate limited. Try after a while.
2026-01-26 12:05:14,290 | WARNING |   [ADI] Fetch error: Too Many Requests. Rate limited. Try after a while.
2026-01-26 12:05:18,488 | WARNING |   [ADS.DE] Fetch error: Too Many Requests. Rate limited. Try after a while.
2026-01-26 12:05:22,700 | WARNING |   [ADSK] Fetch error: Too Many Requests. Rate limited. Try after a while.
2026-01-26 12:05:26,949 | WARNING |   [AEP] Fetch error: Too Many Requests. Rate limited. Try after a while.
2026-01-26 12:05:30,922 | WARNING |   [AFL] Fetch error: Too Many Requests. Rate limited. Try after a while.
2026-01-26 12:05:35,044 | WARNING |   [AI.PA] Fetch error: Too Many Requests. Rate limited. Try after a while.
2026-01-26 12:05:39,021 | WARNING |   [AIG] Fetch error: Too Many Requests. Rate limited. Try after a while.
2026-01-26 12:05:43,299 | WARNING |   [AIR.DE] Fetch error: Too Many Requests. Rate limited. Try after a while.
2026-01-26 12:05:47,516 | WARNING |   [AIR.PA] Fetch error: Too Many Requests. Rate limited. Try after a while.
2026-01-26 12:05:52,006 | WARNING |   [AKAM] Fetch error: Too Many Requests. Rate limited. Try after a while.
2026-01-26 12:05:55,931 | WARNING |   [AKER.OL] Fetch error: Too Many Requests. Rate limited. Try after a while.
2026-01-26 12:06:00,000 | WARNING |   [AKRBP.OL] Fetch error: Too Many Requests. Rate limited. Try after a while.
2026-01-26 12:06:04,733 | WARNING |   [AKSO.OL] Fetch error: Too Many Requests. Rate limited. Try after a while.
2026-01-26 12:06:08,765 | WARNING |   [AKVA.OL] Fetch error: Too Many Requests. Rate limited. Try after a while.
2026-01-26 12:06:12,924 | WARNING |   [ALB] Fetch error: Too Many Requests. Rate limited. Try after a while.
2026-01-26 12:06:16,737 | WARNING |   [ALL] Fetch error: Too Many Requests. Rate limited. Try after a while.
2026-01-26 12:06:21,562 | WARNING |   [ALO.PA] Fetch error: Too Many Requests. Rate limited. Try after a while.
2026-01-26 12:06:25,658 | WARNING |   [ALV.DE] Fetch error: Too Many Requests. Rate limited. Try after a while.
2026-01-26 12:06:29,900 | WARNING |   [AMAT] Fetch error: Too Many Requests. Rate limited. Try after a while.
2026-01-26 12:06:32,900 | INFO |   Batch complete, waiting 60s...
2026-01-26 12:07:32,901 | INFO | 
  Batch 2/17 (25 assets)
2026-01-26 12:07:34,430 | WARNING |   [AMD] Fetch error: Too Many Requests. Rate limited. Try after a while.
2026-01-26 12:07:38,457 | WARNING |   [AMGN] Fetch error: Too Many Requests. Rate limited. Try after a while.
2026-01-26 12:07:42,583 | WARNING |   [AMT] Fetch error: Too Many Requests. Rate limited. Try after a while.
2026-01-26 12:07:46,510 | WARNING |   [AMZN] Fetch error: Too Many Requests. Rate limited. Try after a while.
2026-01-26 12:07:50,664 | WARNING |   [AON] Fetch error: Too Many Requests. Rate limited. Try after a while.
2026-01-26 12:07:54,979 | WARNING |   [APD] Fetch error: Too Many Requests. Rate limited. Try after a while.
2026-01-26 12:07:59,242 | WARNING |   [ASML] Fetch error: Too Many Requests. Rate limited. Try after a while.
2026-01-26 12:08:03,495 | WARNING |   [ATO.PA] Fetch error: Too Many Requests. Rate limited. Try after a while.
2026-01-26 12:08:07,542 | WARNING |   [AUSS.OL] Fetch error: Too Many Requests. Rate limited. Try after a while.
2026-01-26 12:08:11,838 | WARNING |   [AUTO.OL] Fetch error: Too Many Requests. Rate limited. Try after a while.
2026-01-26 12:08:16,020 | WARNING |   [AV.L] Fetch error: Too Many Requests. Rate limited. Try after a while.
2026-01-26 12:08:20,226 | WARNING |   [AVB] Fetch error: Too Many Requests. Rate limited. Try after a while.
2026-01-26 12:08:24,309 | WARNING |   [AVGO] Fetch error: Too Many Requests. Rate limited. Try after a while.
2026-01-26 12:08:28,566 | WARNING |   [AWK] Fetch error: Too Many Requests. Rate limited. Try after a while.
2026-01-26 12:08:32,636 | WARNING |   [AXP] Fetch error: Too Many Requests. Rate limited. Try after a while.
