2026-01-15 20:23:16,790 | INFO | ======================================================================
2026-01-15 20:23:16,791 | INFO | IoS-001 DAILY PRICE INGEST
2026-01-15 20:23:16,791 | INFO | Executor: LINE (EC-004)
2026-01-15 20:23:16,791 | INFO | Authority: CEO_DIRECTIVE_LINE_DAILY_INGEST_ACTIVATION_20251212
2026-01-15 20:23:16,791 | INFO | Time: 2026-01-15T19:23:16.791560+00:00
2026-01-15 20:23:16,791 | INFO | Asset Class Filter: ALL
2026-01-15 20:23:16,791 | INFO | Dry Run: False
2026-01-15 20:23:16,791 | INFO | ======================================================================
2026-01-15 20:23:17,145 | INFO | Found 491 VEGA-attested assets
2026-01-15 20:23:17,145 | INFO | 
============================================================
2026-01-15 20:23:17,145 | INFO | Processing CRYPTO: 46 assets
2026-01-15 20:23:17,145 | INFO | Schedule: Daily 01:00 UTC
2026-01-15 20:23:17,146 | INFO | ============================================================
2026-01-15 20:23:17,146 | INFO | 
  Batch 1/2 (25 assets)
2026-01-15 20:23:21,220 | WARNING |   [GRT-USD] Fetch error: Too Many Requests. Rate limited. Try after a while.
2026-01-15 20:23:24,265 | INFO |   Batch complete, waiting 60s...
2026-01-15 20:24:24,267 | INFO | 
  Batch 2/2 (21 assets)
2026-01-15 20:24:26,220 | WARNING |   [UNI-USD] Fetch error: Too Many Requests. Rate limited. Try after a while.
2026-01-15 20:24:29,243 | INFO | 
============================================================
2026-01-15 20:24:29,244 | INFO | Processing EQUITY: 421 assets
2026-01-15 20:24:29,244 | INFO | Schedule: Weekdays 22:00 UTC
2026-01-15 20:24:29,244 | INFO | ============================================================
2026-01-15 20:24:29,244 | INFO | 
  Batch 1/17 (25 assets)
2026-01-15 20:24:30,344 | WARNING |   [1COV.DE] Fetch error: Too Many Requests. Rate limited. Try after a while.
2026-01-15 20:24:33,386 | INFO |   Batch complete, waiting 60s...
2026-01-15 20:25:33,387 | INFO | 
  Batch 2/17 (25 assets)
2026-01-15 20:25:33,454 | INFO |   Batch complete, waiting 60s...
2026-01-15 20:26:33,455 | INFO | 
  Batch 3/17 (25 assets)
2026-01-15 20:26:36,806 | WARNING |   [BRK.B] Fetch error: Too Many Requests. Rate limited. Try after a while.
2026-01-15 20:26:40,912 | WARNING |   [BT.A.L] Fetch error: Too Many Requests. Rate limited. Try after a while.
2026-01-15 20:26:43,932 | INFO |   Batch complete, waiting 60s...
2026-01-15 20:27:43,933 | INFO | 
  Batch 4/17 (25 assets)
2026-01-15 20:27:43,989 | INFO |   Batch complete, waiting 60s...
