2025-12-30 22:17:06,875 | INFO | ======================================================================
2025-12-30 22:17:06,876 | INFO | IoS-001 DAILY PRICE INGEST
2025-12-30 22:17:06,876 | INFO | Executor: LINE (EC-004)
2025-12-30 22:17:06,876 | INFO | Authority: CEO_DIRECTIVE_LINE_DAILY_INGEST_ACTIVATION_20251212
2025-12-30 22:17:06,876 | INFO | Time: 2025-12-30T21:17:06.876310+00:00
2025-12-30 22:17:06,876 | INFO | Asset Class Filter: ALL
2025-12-30 22:17:06,876 | INFO | Dry Run: False
2025-12-30 22:17:06,876 | INFO | ======================================================================
2025-12-30 22:17:07,351 | INFO | Found 491 VEGA-attested assets
2025-12-30 22:17:07,351 | INFO | 
============================================================
2025-12-30 22:17:07,351 | INFO | Processing CRYPTO: 46 assets
2025-12-30 22:17:07,351 | INFO | Schedule: Daily 01:00 UTC
2025-12-30 22:17:07,351 | INFO | ============================================================
2025-12-30 22:17:07,351 | INFO | 
  Batch 1/2 (25 assets)
2025-12-30 22:17:07,380 | INFO |   Batch complete, waiting 60s...
2025-12-30 22:18:07,381 | INFO | 
  Batch 2/2 (21 assets)
2025-12-30 22:18:07,502 | INFO | 
============================================================
2025-12-30 22:18:07,502 | INFO | Processing EQUITY: 421 assets
2025-12-30 22:18:07,502 | INFO | Schedule: Weekdays 22:00 UTC
2025-12-30 22:18:07,502 | INFO | ============================================================
2025-12-30 22:18:07,502 | INFO | 
  Batch 1/17 (25 assets)
2025-12-30 22:18:10,999 | WARNING |   [1COV.DE] Fetch error: Too Many Requests. Rate limited. Try after a while.
2025-12-30 22:18:14,092 | INFO |   Batch complete, waiting 60s...
2025-12-30 22:19:14,093 | INFO | 
  Batch 2/17 (25 assets)
2025-12-30 22:19:14,178 | INFO |   Batch complete, waiting 60s...
2025-12-30 22:20:14,183 | INFO | 
  Batch 3/17 (25 assets)
2025-12-30 22:20:16,959 | WARNING |   [BRK.B] Fetch error: Too Many Requests. Rate limited. Try after a while.
2025-12-30 22:20:21,285 | WARNING |   [BT.A.L] Fetch error: Too Many Requests. Rate limited. Try after a while.
2025-12-30 22:20:24,294 | INFO |   Batch complete, waiting 60s...
2025-12-30 22:21:24,303 | INFO | 
  Batch 4/17 (25 assets)
2025-12-30 22:21:26,166 | WARNING |   [CHTR] Fetch error: Too Many Requests. Rate limited. Try after a while.
2025-12-30 22:21:30,356 | WARNING |   [CI] Fetch error: Too Many Requests. Rate limited. Try after a while.
2025-12-30 22:21:34,596 | WARNING |   [CL] Fetch error: Too Many Requests. Rate limited. Try after a while.
2025-12-30 22:21:38,506 | WARNING |   [CLX] Fetch error: Too Many Requests. Rate limited. Try after a while.
2025-12-30 22:21:42,524 | WARNING |   [CMCSA] Fetch error: Too Many Requests. Rate limited. Try after a while.
2025-12-30 22:21:46,527 | WARNING |   [CME] Fetch error: Too Many Requests. Rate limited. Try after a while.
2025-12-30 22:21:50,714 | WARNING |   [CMG] Fetch error: Too Many Requests. Rate limited. Try after a while.
2025-12-30 22:21:54,774 | WARNING |   [COF] Fetch error: Too Many Requests. Rate limited. Try after a while.
2025-12-30 22:21:58,834 | WARNING |   [COIN] Fetch error: Too Many Requests. Rate limited. Try after a while.
2025-12-30 22:22:02,857 | WARNING |   [CON.DE] Fetch error: Too Many Requests. Rate limited. Try after a while.
