2026-01-11 20:13:07,101 | INFO | ======================================================================
2026-01-11 20:13:07,101 | INFO | IoS-001 DAILY PRICE INGEST
2026-01-11 20:13:07,101 | INFO | Executor: LINE (EC-004)
2026-01-11 20:13:07,101 | INFO | Authority: CEO_DIRECTIVE_LINE_DAILY_INGEST_ACTIVATION_20251212
2026-01-11 20:13:07,101 | INFO | Time: 2026-01-11T19:13:07.101011+00:00
2026-01-11 20:13:07,101 | INFO | Asset Class Filter: ALL
2026-01-11 20:13:07,101 | INFO | Dry Run: False
2026-01-11 20:13:07,101 | INFO | ======================================================================
2026-01-11 20:13:07,286 | INFO | Found 491 VEGA-attested assets
2026-01-11 20:13:07,286 | INFO | 
============================================================
2026-01-11 20:13:07,286 | INFO | Processing CRYPTO: 46 assets
2026-01-11 20:13:07,286 | INFO | Schedule: Daily 01:00 UTC
2026-01-11 20:13:07,287 | INFO | ============================================================
2026-01-11 20:13:07,287 | INFO | 
  Batch 1/2 (25 assets)
2026-01-11 20:13:11,430 | WARNING |   [GRT-USD] Fetch error: Too Many Requests. Rate limited. Try after a while.
2026-01-11 20:13:14,473 | INFO |   Batch complete, waiting 60s...
2026-01-11 20:14:14,475 | INFO | 
  Batch 2/2 (21 assets)
2026-01-11 20:14:16,100 | WARNING |   [UNI-USD] Fetch error: Too Many Requests. Rate limited. Try after a while.
2026-01-11 20:14:19,173 | INFO | 
============================================================
2026-01-11 20:14:19,173 | INFO | Processing EQUITY: 421 assets
2026-01-11 20:14:19,173 | INFO | Schedule: Weekdays 22:00 UTC
2026-01-11 20:14:19,173 | INFO | ============================================================
2026-01-11 20:14:19,173 | INFO |   Market closed for EQUITY today, skipping
2026-01-11 20:14:19,173 | INFO | 
============================================================
2026-01-11 20:14:19,173 | INFO | Processing FX: 24 assets
2026-01-11 20:14:19,173 | INFO | Schedule: Sun-Thu 22:00 UTC
2026-01-11 20:14:19,173 | INFO | ============================================================
2026-01-11 20:14:19,173 | INFO | 
  Batch 1/1 (24 assets)
2026-01-11 20:14:20,444 | WARNING |   [EURSEK=X] Fetch error: Too Many Requests. Rate limited. Try after a while.
2026-01-11 20:14:23,533 | WARNING | Heartbeat recording failed: relation "fhq_monitoring.system_heartbeats" does not exist
LINE 2:                 INSERT INTO fhq_monitoring.system_heartbeats...
                                    ^

2026-01-11 20:14:23,533 | INFO | 
======================================================================
2026-01-11 20:14:23,533 | INFO | DAILY INGEST COMPLETE
2026-01-11 20:14:23,533 | INFO | ======================================================================
2026-01-11 20:14:23,533 | INFO | Assets Processed: 70
2026-01-11 20:14:23,533 | INFO | Assets Updated:   0
2026-01-11 20:14:23,533 | INFO | Rows Inserted:    0
2026-01-11 20:14:23,533 | INFO |   CRYPTO: 0 assets, 0 rows
2026-01-11 20:14:23,533 | INFO |   FX: 0 assets, 0 rows
2026-01-11 20:14:23,533 | INFO | Evidence: C:\fhq-market-system\vision-ios\03_FUNCTIONS\evidence\IOS001_DAILY_INGEST_90c5c07b_20260111_201423.json
2026-01-11 20:14:23,533 | INFO | ======================================================================
