2025-12-29 00:24:22,207 | INFO | ======================================================================
2025-12-29 00:24:22,207 | INFO | IoS-001 DAILY PRICE INGEST
2025-12-29 00:24:22,207 | INFO | Executor: LINE (EC-004)
2025-12-29 00:24:22,207 | INFO | Authority: CEO_DIRECTIVE_LINE_DAILY_INGEST_ACTIVATION_20251212
2025-12-29 00:24:22,207 | INFO | Time: 2025-12-28T23:24:22.207751+00:00
2025-12-29 00:24:22,207 | INFO | Asset Class Filter: ALL
2025-12-29 00:24:22,207 | INFO | Dry Run: False
2025-12-29 00:24:22,207 | INFO | ======================================================================
2025-12-29 00:24:22,386 | INFO | Found 490 VEGA-attested assets
2025-12-29 00:24:22,386 | INFO | 
============================================================
2025-12-29 00:24:22,386 | INFO | Processing CRYPTO: 46 assets
2025-12-29 00:24:22,386 | INFO | Schedule: Daily 01:00 UTC
2025-12-29 00:24:22,386 | INFO | ============================================================
2025-12-29 00:24:22,386 | INFO | 
  Batch 1/2 (25 assets)
2025-12-29 00:24:25,649 | WARNING |   [ADA-USD] Fetch error: Too Many Requests. Rate limited. Try after a while.
2025-12-29 00:24:29,632 | WARNING |   [ALGO-USD] Fetch error: Too Many Requests. Rate limited. Try after a while.
2025-12-29 00:24:33,768 | WARNING |   [ATOM-USD] Fetch error: Too Many Requests. Rate limited. Try after a while.
2025-12-29 00:24:37,857 | WARNING |   [AVAX-USD] Fetch error: Too Many Requests. Rate limited. Try after a while.
2025-12-29 00:24:41,970 | WARNING |   [AXS-USD] Fetch error: Too Many Requests. Rate limited. Try after a while.
2025-12-29 00:24:46,131 | WARNING |   [BCH-USD] Fetch error: Too Many Requests. Rate limited. Try after a while.
2025-12-29 00:24:50,275 | WARNING |   [BNB-USD] Fetch error: Too Many Requests. Rate limited. Try after a while.
2025-12-29 00:24:54,222 | WARNING |   [BTC-USD] Fetch error: Too Many Requests. Rate limited. Try after a while.
2025-12-29 00:24:58,397 | WARNING |   [CHZ-USD] Fetch error: Too Many Requests. Rate limited. Try after a while.
2025-12-29 00:25:02,593 | WARNING |   [CRO-USD] Fetch error: Too Many Requests. Rate limited. Try after a while.
2025-12-29 00:25:06,656 | WARNING |   [CRV-USD] Fetch error: Too Many Requests. Rate limited. Try after a while.
2025-12-29 00:25:10,724 | WARNING |   [DOGE-USD] Fetch error: Too Many Requests. Rate limited. Try after a while.
2025-12-29 00:25:14,582 | WARNING |   [DOT-USD] Fetch error: Too Many Requests. Rate limited. Try after a while.
2025-12-29 00:25:18,677 | WARNING |   [EOS-USD] Fetch error: Too Many Requests. Rate limited. Try after a while.
2025-12-29 00:25:22,706 | WARNING |   [ETC-USD] Fetch error: Too Many Requests. Rate limited. Try after a while.
2025-12-29 00:25:26,627 | WARNING |   [ETH-USD] Fetch error: Too Many Requests. Rate limited. Try after a while.
2025-12-29 00:25:30,829 | WARNING |   [FIL-USD] Fetch error: Too Many Requests. Rate limited. Try after a while.
2025-12-29 00:25:34,708 | WARNING |   [FLOW-USD] Fetch error: Too Many Requests. Rate limited. Try after a while.
2025-12-29 00:25:38,844 | WARNING |   [GRT-USD] Fetch error: Too Many Requests. Rate limited. Try after a while.
2025-12-29 00:25:43,178 | WARNING |   [HBAR-USD] Fetch error: Too Many Requests. Rate limited. Try after a while.
2025-12-29 00:25:47,584 | WARNING |   [ICP-USD] Fetch error: Too Many Requests. Rate limited. Try after a while.
2025-12-29 00:25:51,679 | WARNING |   [INJ-USD] Fetch error: Too Many Requests. Rate limited. Try after a while.
2025-12-29 00:25:55,707 | WARNING |   [LDO-USD] Fetch error: Too Many Requests. Rate limited. Try after a while.
2025-12-29 00:25:59,662 | WARNING |   [LINK-USD] Fetch error: Too Many Requests. Rate limited. Try after a while.
2025-12-29 00:26:03,792 | WARNING |   [LTC-USD] Fetch error: Too Many Requests. Rate limited. Try after a while.
2025-12-29 00:26:06,794 | INFO |   Batch complete, waiting 60s...
2025-12-29 00:27:06,797 | INFO | 
  Batch 2/2 (21 assets)
2025-12-29 00:27:08,543 | WARNING |   [MANA-USD] Fetch error: Too Many Requests. Rate limited. Try after a while.
2025-12-29 00:27:12,575 | WARNING |   [MKR-USD] Fetch error: Too Many Requests. Rate limited. Try after a while.
2025-12-29 00:27:16,566 | WARNING |   [NEAR-USD] Fetch error: Too Many Requests. Rate limited. Try after a while.
2025-12-29 00:27:20,745 | WARNING |   [OKB-USD] Fetch error: Too Many Requests. Rate limited. Try after a while.
2025-12-29 00:27:24,697 | WARNING |   [QNT-USD] Fetch error: Too Many Requests. Rate limited. Try after a while.
2025-12-29 00:27:28,722 | WARNING |   [RPL-USD] Fetch error: Too Many Requests. Rate limited. Try after a while.
2025-12-29 00:27:32,640 | WARNING |   [RUNE-USD] Fetch error: Too Many Requests. Rate limited. Try after a while.
2025-12-29 00:27:36,705 | WARNING |   [SAND-USD] Fetch error: Too Many Requests. Rate limited. Try after a while.
2025-12-29 00:27:41,241 | WARNING |   [SHIB-USD] Fetch error: Too Many Requests. Rate limited. Try after a while.
2025-12-29 00:27:45,669 | WARNING |   [SNX-USD] Fetch error: Too Many Requests. Rate limited. Try after a while.
2025-12-29 00:27:49,871 | WARNING |   [SOL-USD] Fetch error: Too Many Requests. Rate limited. Try after a while.
2025-12-29 00:27:53,806 | WARNING |   [THETA-USD] Fetch error: Too Many Requests. Rate limited. Try after a while.
2025-12-29 00:27:58,096 | WARNING |   [TRX-USD] Fetch error: Too Many Requests. Rate limited. Try after a while.
2025-12-29 00:28:02,296 | WARNING |   [UNI-USD] Fetch error: Too Many Requests. Rate limited. Try after a while.
2025-12-29 00:28:06,022 | WARNING |   [VET-USD] Fetch error: Too Many Requests. Rate limited. Try after a while.
2025-12-29 00:28:10,181 | WARNING |   [XLM-USD] Fetch error: Too Many Requests. Rate limited. Try after a while.
2025-12-29 00:28:14,602 | WARNING |   [XMR-USD] Fetch error: Too Many Requests. Rate limited. Try after a while.
2025-12-29 00:28:18,327 | WARNING |   [XRP-USD] Fetch error: Too Many Requests. Rate limited. Try after a while.
2025-12-29 00:28:22,791 | WARNING |   [XTZ-USD] Fetch error: Too Many Requests. Rate limited. Try after a while.
2025-12-29 00:28:26,868 | WARNING |   [ZEC-USD] Fetch error: Too Many Requests. Rate limited. Try after a while.
2025-12-29 00:28:30,866 | WARNING |   [AAVE-USD] Fetch error: Too Many Requests. Rate limited. Try after a while.
2025-12-29 00:28:33,872 | INFO | 
============================================================
2025-12-29 00:28:33,873 | INFO | Processing EQUITY: 420 assets
2025-12-29 00:28:33,873 | INFO | Schedule: Weekdays 22:00 UTC
2025-12-29 00:28:33,873 | INFO | ============================================================
2025-12-29 00:28:33,873 | INFO |   Market closed for EQUITY today, skipping
2025-12-29 00:28:33,874 | INFO | 
============================================================
2025-12-29 00:28:33,874 | INFO | Processing FX: 24 assets
2025-12-29 00:28:33,874 | INFO | Schedule: Sun-Thu 22:00 UTC
2025-12-29 00:28:33,874 | INFO | ============================================================
2025-12-29 00:28:33,874 | INFO | 
  Batch 1/1 (24 assets)
2025-12-29 00:28:34,985 | WARNING |   [AUDJPY=X] Fetch error: Too Many Requests. Rate limited. Try after a while.
2025-12-29 00:28:40,825 | WARNING |   [AUDUSD=X] Fetch error: Too Many Requests. Rate limited. Try after a while.
2025-12-29 00:28:44,975 | WARNING |   [CADJPY=X] Fetch error: Too Many Requests. Rate limited. Try after a while.
2025-12-29 00:28:48,927 | WARNING |   [CHFJPY=X] Fetch error: Too Many Requests. Rate limited. Try after a while.
2025-12-29 00:28:53,106 | WARNING |   [EURAUD=X] Fetch error: Too Many Requests. Rate limited. Try after a while.
2025-12-29 00:28:57,351 | WARNING |   [EURCHF=X] Fetch error: Too Many Requests. Rate limited. Try after a while.
2025-12-29 00:29:01,570 | WARNING |   [EURGBP=X] Fetch error: Too Many Requests. Rate limited. Try after a while.
2025-12-29 00:29:05,508 | WARNING |   [EURJPY=X] Fetch error: Too Many Requests. Rate limited. Try after a while.
2025-12-29 00:29:09,629 | WARNING |   [EURNOK=X] Fetch error: Too Many Requests. Rate limited. Try after a while.
2025-12-29 00:29:14,030 | WARNING |   [EURSEK=X] Fetch error: Too Many Requests. Rate limited. Try after a while.
2025-12-29 00:29:18,020 | WARNING |   [EURUSD=X] Fetch error: Too Many Requests. Rate limited. Try after a while.
