2026-02-06 01:33:17,096 | INFO | ======================================================================
2026-02-06 01:33:17,096 | INFO | IoS-001 DAILY PRICE INGEST
2026-02-06 01:33:17,096 | INFO | Executor: LINE (EC-004)
2026-02-06 01:33:17,096 | INFO | Authority: CEO_DIRECTIVE_LINE_DAILY_INGEST_ACTIVATION_20251212
2026-02-06 01:33:17,096 | INFO | Time: 2026-02-06T00:33:17.096225+00:00
2026-02-06 01:33:17,096 | INFO | Asset Class Filter: ALL
2026-02-06 01:33:17,096 | INFO | Dry Run: False
2026-02-06 01:33:17,096 | INFO | ======================================================================
2026-02-06 01:33:17,546 | INFO | Found 491 VEGA-attested assets
2026-02-06 01:33:17,548 | INFO | 
============================================================
2026-02-06 01:33:17,548 | INFO | Processing CRYPTO: 46 assets
2026-02-06 01:33:17,548 | INFO | Schedule: Daily 01:00 UTC
2026-02-06 01:33:17,548 | INFO | ============================================================
2026-02-06 01:33:17,548 | INFO | 
  Batch 1/2 (25 assets)
2026-02-06 01:33:18,813 | INFO |     [ADA-USD] +1 rows
2026-02-06 01:33:21,931 | INFO |     [ALGO-USD] +1 rows
2026-02-06 01:33:25,021 | INFO |     [ATOM-USD] +1 rows
2026-02-06 01:33:28,128 | INFO |     [AVAX-USD] +1 rows
2026-02-06 01:33:31,223 | INFO |     [AXS-USD] +1 rows
2026-02-06 01:33:34,324 | INFO |     [BCH-USD] +1 rows
2026-02-06 01:33:37,423 | INFO |     [BNB-USD] +1 rows
2026-02-06 01:33:40,586 | INFO |     [BTC-USD] +1 rows
2026-02-06 01:33:43,703 | INFO |     [CHZ-USD] +1 rows
2026-02-06 01:33:46,860 | INFO |     [CRO-USD] +1 rows
2026-02-06 01:33:50,021 | INFO |     [CRV-USD] +1 rows
2026-02-06 01:33:53,123 | INFO |     [DOGE-USD] +1 rows
2026-02-06 01:33:56,223 | INFO |     [DOT-USD] +1 rows
2026-02-06 01:33:59,363 | INFO |     [EOS-USD] +1 rows
2026-02-06 01:34:02,463 | INFO |     [ETC-USD] +1 rows
2026-02-06 01:34:05,614 | INFO |     [ETH-USD] +1 rows
2026-02-06 01:34:08,797 | INFO |     [FIL-USD] +1 rows
2026-02-06 01:34:11,899 | INFO |     [FLOW-USD] +1 rows
2026-02-06 01:34:14,993 | ERROR | $GRT-USD: possibly delisted; no price data found  (1d 2026-02-06 -> 2026-02-07)
2026-02-06 01:34:18,121 | INFO |     [HBAR-USD] +1 rows
2026-02-06 01:34:21,215 | INFO |     [ICP-USD] +1 rows
2026-02-06 01:34:24,303 | INFO |     [INJ-USD] +1 rows
2026-02-06 01:34:27,430 | INFO |     [LDO-USD] +1 rows
2026-02-06 01:34:30,567 | INFO |     [LINK-USD] +1 rows
2026-02-06 01:34:33,701 | INFO |     [LTC-USD] +1 rows
2026-02-06 01:34:36,702 | INFO |   Batch complete, waiting 60s...
2026-02-06 01:35:36,725 | INFO | 
  Batch 2/2 (21 assets)
2026-02-06 01:35:36,835 | INFO |     [MANA-USD] +1 rows
2026-02-06 01:35:39,942 | INFO |     [MKR-USD] +1 rows
2026-02-06 01:35:43,076 | INFO |     [NEAR-USD] +1 rows
2026-02-06 01:35:46,181 | INFO |     [OKB-USD] +1 rows
2026-02-06 01:35:49,329 | INFO |     [QNT-USD] +1 rows
2026-02-06 01:35:52,430 | INFO |     [RPL-USD] +1 rows
2026-02-06 01:35:55,526 | INFO |     [RUNE-USD] +1 rows
2026-02-06 01:35:58,662 | INFO |     [SAND-USD] +1 rows
2026-02-06 01:36:01,754 | INFO |     [SHIB-USD] +1 rows
2026-02-06 01:36:04,872 | INFO |     [SNX-USD] +1 rows
2026-02-06 01:36:08,004 | INFO |     [SOL-USD] +1 rows
2026-02-06 01:36:11,100 | INFO |     [THETA-USD] +1 rows
2026-02-06 01:36:14,195 | INFO |     [TRX-USD] +1 rows
2026-02-06 01:36:17,273 | ERROR | $UNI-USD: possibly delisted; no price data found  (1d 2026-02-06 -> 2026-02-07)
2026-02-06 01:36:20,392 | INFO |     [VET-USD] +1 rows
2026-02-06 01:36:23,492 | INFO |     [XLM-USD] +1 rows
2026-02-06 01:36:26,595 | INFO |     [XMR-USD] +1 rows
2026-02-06 01:36:29,707 | INFO |     [XRP-USD] +1 rows
2026-02-06 01:36:32,799 | INFO |     [XTZ-USD] +1 rows
2026-02-06 01:36:35,924 | INFO |     [ZEC-USD] +1 rows
2026-02-06 01:36:39,024 | INFO |     [AAVE-USD] +1 rows
2026-02-06 01:36:42,028 | INFO | 
============================================================
2026-02-06 01:36:42,028 | INFO | Processing EQUITY: 421 assets
2026-02-06 01:36:42,028 | INFO | Schedule: Weekdays 22:00 UTC
2026-02-06 01:36:42,028 | INFO | ============================================================
2026-02-06 01:36:42,028 | INFO | 
  Batch 1/17 (25 assets)
2026-02-06 01:36:42,221 | ERROR | $1COV.DE: possibly delisted; no price data found  (1d 2025-12-24 -> 2026-02-07)
2026-02-06 01:36:48,871 | ERROR | $ABBV: possibly delisted; no price data found  (1d 2026-02-06 -> 2026-02-07) (Yahoo error = "Data doesn't exist for startDate = 1770354000, endDate = 1770440400")
2026-02-06 01:36:53,273 | ERROR | $ABNB: possibly delisted; no price data found  (1d 2026-02-06 -> 2026-02-07) (Yahoo error = "Data doesn't exist for startDate = 1770354000, endDate = 1770440400")
2026-02-06 01:36:57,628 | ERROR | $ABT: possibly delisted; no price data found  (1d 2026-02-06 -> 2026-02-07) (Yahoo error = "Data doesn't exist for startDate = 1770354000, endDate = 1770440400")
2026-02-06 01:37:00,798 | INFO |     [ACA.PA] +1 rows
2026-02-06 01:37:04,827 | ERROR | $ADBE: possibly delisted; no price data found  (1d 2026-02-06 -> 2026-02-07) (Yahoo error = "Data doesn't exist for startDate = 1770354000, endDate = 1770440400")
2026-02-06 01:37:08,784 | ERROR | $ADI: possibly delisted; no price data found  (1d 2026-02-06 -> 2026-02-07) (Yahoo error = "Data doesn't exist for startDate = 1770354000, endDate = 1770440400")
2026-02-06 01:37:11,920 | INFO |     [ADS.DE] +1 rows
2026-02-06 01:37:15,946 | ERROR | $ADSK: possibly delisted; no price data found  (1d 2026-02-06 -> 2026-02-07) (Yahoo error = "Data doesn't exist for startDate = 1770354000, endDate = 1770440400")
2026-02-06 01:37:20,188 | ERROR | $AEP: possibly delisted; no price data found  (1d 2026-02-06 -> 2026-02-07) (Yahoo error = "Data doesn't exist for startDate = 1770354000, endDate = 1770440400")
2026-02-06 01:37:24,322 | ERROR | $AFL: possibly delisted; no price data found  (1d 2026-02-06 -> 2026-02-07) (Yahoo error = "Data doesn't exist for startDate = 1770354000, endDate = 1770440400")
2026-02-06 01:37:27,470 | INFO |     [AI.PA] +1 rows
2026-02-06 01:37:31,885 | ERROR | $AIG: possibly delisted; no price data found  (1d 2026-02-06 -> 2026-02-07) (Yahoo error = "Data doesn't exist for startDate = 1770354000, endDate = 1770440400")
2026-02-06 01:37:35,034 | INFO |     [AIR.DE] +1 rows
2026-02-06 01:37:38,181 | INFO |     [AIR.PA] +1 rows
2026-02-06 01:37:42,561 | ERROR | $AKAM: possibly delisted; no price data found  (1d 2026-02-06 -> 2026-02-07) (Yahoo error = "Data doesn't exist for startDate = 1770354000, endDate = 1770440400")
2026-02-06 01:37:45,732 | INFO |     [AKER.OL] +1 rows
2026-02-06 01:37:48,846 | INFO |     [AKRBP.OL] +1 rows
2026-02-06 01:37:51,975 | INFO |     [AKSO.OL] +1 rows
2026-02-06 01:37:55,082 | INFO |     [AKVA.OL] +1 rows
2026-02-06 01:37:59,577 | ERROR | $ALB: possibly delisted; no price data found  (1d 2026-02-06 -> 2026-02-07) (Yahoo error = "Data doesn't exist for startDate = 1770354000, endDate = 1770440400")
2026-02-06 01:38:03,873 | ERROR | $ALL: possibly delisted; no price data found  (1d 2026-02-06 -> 2026-02-07) (Yahoo error = "Data doesn't exist for startDate = 1770354000, endDate = 1770440400")
2026-02-06 01:38:07,014 | INFO |     [ALO.PA] +1 rows
2026-02-06 01:38:10,150 | INFO |     [ALV.DE] +1 rows
2026-02-06 01:38:14,513 | ERROR | $AMAT: possibly delisted; no price data found  (1d 2026-02-06 -> 2026-02-07) (Yahoo error = "Data doesn't exist for startDate = 1770354000, endDate = 1770440400")
