2026-01-12 19:52:52,359 | INFO | ======================================================================
2026-01-12 19:52:52,359 | INFO | IoS-001 DAILY PRICE INGEST
2026-01-12 19:52:52,359 | INFO | Executor: LINE (EC-004)
2026-01-12 19:52:52,359 | INFO | Authority: CEO_DIRECTIVE_LINE_DAILY_INGEST_ACTIVATION_20251212
2026-01-12 19:52:52,359 | INFO | Time: 2026-01-12T18:52:52.359360+00:00
2026-01-12 19:52:52,359 | INFO | Asset Class Filter: ALL
2026-01-12 19:52:52,359 | INFO | Dry Run: False
2026-01-12 19:52:52,359 | INFO | ======================================================================
2026-01-12 19:52:52,608 | INFO | Found 491 VEGA-attested assets
2026-01-12 19:52:52,608 | INFO | 
============================================================
2026-01-12 19:52:52,609 | INFO | Processing CRYPTO: 46 assets
2026-01-12 19:52:52,609 | INFO | Schedule: Daily 01:00 UTC
2026-01-12 19:52:52,609 | INFO | ============================================================
2026-01-12 19:52:52,609 | INFO | 
  Batch 1/2 (25 assets)
2026-01-12 19:52:52,680 | INFO |   Batch complete, waiting 60s...
2026-01-12 19:53:52,684 | INFO | 
  Batch 2/2 (21 assets)
2026-01-12 19:53:57,836 | WARNING |   [UNI-USD] Fetch error: Too Many Requests. Rate limited. Try after a while.
2026-01-12 19:54:00,884 | INFO | 
============================================================
2026-01-12 19:54:00,884 | INFO | Processing EQUITY: 421 assets
2026-01-12 19:54:00,885 | INFO | Schedule: Weekdays 22:00 UTC
2026-01-12 19:54:00,885 | INFO | ============================================================
2026-01-12 19:54:00,886 | INFO | 
  Batch 1/17 (25 assets)
2026-01-12 19:54:01,391 | WARNING |   [1COV.DE] Fetch error: Too Many Requests. Rate limited. Try after a while.
2026-01-12 19:54:04,480 | INFO |   Batch complete, waiting 60s...
2026-01-12 19:55:04,489 | INFO | 
  Batch 2/17 (25 assets)
2026-01-12 19:55:04,625 | INFO |   Batch complete, waiting 60s...
2026-01-12 19:56:04,626 | INFO | 
  Batch 3/17 (25 assets)
2026-01-12 19:56:08,008 | WARNING |   [BRK.B] Fetch error: Too Many Requests. Rate limited. Try after a while.
2026-01-12 19:56:12,012 | WARNING |   [BT.A.L] Fetch error: Too Many Requests. Rate limited. Try after a while.
2026-01-12 19:56:15,039 | INFO |   Batch complete, waiting 60s...
2026-01-12 19:57:15,040 | INFO | 
  Batch 4/17 (25 assets)
2026-01-12 19:57:15,134 | INFO |   Batch complete, waiting 60s...
