2026-02-03 22:37:47,620 | INFO | ======================================================================
2026-02-03 22:37:47,620 | INFO | IoS-001 DAILY PRICE INGEST
2026-02-03 22:37:47,620 | INFO | Executor: LINE (EC-004)
2026-02-03 22:37:47,620 | INFO | Authority: CEO_DIRECTIVE_LINE_DAILY_INGEST_ACTIVATION_20251212
2026-02-03 22:37:47,620 | INFO | Time: 2026-02-03T21:37:47.620269+00:00
2026-02-03 22:37:47,620 | INFO | Asset Class Filter: ALL
2026-02-03 22:37:47,620 | INFO | Dry Run: False
2026-02-03 22:37:47,620 | INFO | ======================================================================
2026-02-03 22:37:47,906 | INFO | Found 491 VEGA-attested assets
2026-02-03 22:37:47,907 | INFO | 
============================================================
2026-02-03 22:37:47,907 | INFO | Processing CRYPTO: 46 assets
2026-02-03 22:37:47,907 | INFO | Schedule: Daily 01:00 UTC
2026-02-03 22:37:47,907 | INFO | ============================================================
2026-02-03 22:37:47,907 | INFO | 
  Batch 1/2 (25 assets)
2026-02-03 22:37:51,208 | WARNING |   [GRT-USD] Fetch error: Too Many Requests. Rate limited. Try after a while.
2026-02-03 22:37:54,231 | INFO |   Batch complete, waiting 60s...
2026-02-03 22:38:54,235 | INFO | 
  Batch 2/2 (21 assets)
2026-02-03 22:38:55,949 | WARNING |   [UNI-USD] Fetch error: Too Many Requests. Rate limited. Try after a while.
2026-02-03 22:38:58,972 | INFO | 
============================================================
2026-02-03 22:38:58,972 | INFO | Processing EQUITY: 421 assets
2026-02-03 22:38:58,972 | INFO | Schedule: Weekdays 22:00 UTC
2026-02-03 22:38:58,972 | INFO | ============================================================
2026-02-03 22:38:58,972 | INFO | 
  Batch 1/17 (25 assets)
2026-02-03 22:39:00,466 | WARNING |   [1COV.DE] Fetch error: Too Many Requests. Rate limited. Try after a while.
2026-02-03 22:39:03,530 | INFO |   Batch complete, waiting 60s...
2026-02-03 22:40:03,533 | INFO | 
  Batch 2/17 (25 assets)
2026-02-03 22:40:03,583 | INFO |   Batch complete, waiting 60s...
2026-02-03 22:41:03,588 | INFO | 
  Batch 3/17 (25 assets)
2026-02-03 22:41:06,395 | WARNING |   [BRK.B] Fetch error: Too Many Requests. Rate limited. Try after a while.
2026-02-03 22:41:10,454 | WARNING |   [BT.A.L] Fetch error: Too Many Requests. Rate limited. Try after a while.
2026-02-03 22:41:13,475 | INFO |   Batch complete, waiting 60s...
2026-02-03 22:42:13,477 | INFO | 
  Batch 4/17 (25 assets)
2026-02-03 22:42:15,037 | WARNING |   [COIN] Fetch error: Too Many Requests. Rate limited. Try after a while.
2026-02-03 22:42:19,336 | WARNING |   [CON.DE] Fetch error: Too Many Requests. Rate limited. Try after a while.
2026-02-03 22:42:23,428 | WARNING |   [COP] Fetch error: Too Many Requests. Rate limited. Try after a while.
2026-02-03 22:42:28,333 | WARNING |   [COST] Fetch error: Too Many Requests. Rate limited. Try after a while.
2026-02-03 22:42:32,476 | WARNING |   [CPG.L] Fetch error: Too Many Requests. Rate limited. Try after a while.
2026-02-03 22:42:36,679 | WARNING |   [CRM] Fetch error: Too Many Requests. Rate limited. Try after a while.
2026-02-03 22:42:40,747 | WARNING |   [CRWD] Fetch error: Too Many Requests. Rate limited. Try after a while.
2026-02-03 22:42:45,160 | WARNING |   [CS.PA] Fetch error: Too Many Requests. Rate limited. Try after a while.
