2026-01-30 12:50:27,032 | INFO | ======================================================================
2026-01-30 12:50:27,032 | INFO | IoS-001 DAILY PRICE INGEST
2026-01-30 12:50:27,032 | INFO | Executor: LINE (EC-004)
2026-01-30 12:50:27,032 | INFO | Authority: CEO_DIRECTIVE_LINE_DAILY_INGEST_ACTIVATION_20251212
2026-01-30 12:50:27,032 | INFO | Time: 2026-01-30T11:50:27.032057+00:00
2026-01-30 12:50:27,032 | INFO | Asset Class Filter: ALL
2026-01-30 12:50:27,032 | INFO | Dry Run: False
2026-01-30 12:50:27,032 | INFO | ======================================================================
2026-01-30 12:50:27,567 | INFO | Found 491 VEGA-attested assets
2026-01-30 12:50:27,567 | INFO | 
============================================================
2026-01-30 12:50:27,567 | INFO | Processing CRYPTO: 46 assets
2026-01-30 12:50:27,567 | INFO | Schedule: Daily 01:00 UTC
2026-01-30 12:50:27,567 | INFO | ============================================================
2026-01-30 12:50:27,567 | INFO | 
  Batch 1/2 (25 assets)
2026-01-30 12:50:31,115 | WARNING |   [GRT-USD] Fetch error: Too Many Requests. Rate limited. Try after a while.
2026-01-30 12:50:34,134 | INFO |   Batch complete, waiting 60s...
2026-01-30 12:51:34,143 | INFO | 
  Batch 2/2 (21 assets)
2026-01-30 12:51:38,110 | WARNING |   [UNI-USD] Fetch error: Too Many Requests. Rate limited. Try after a while.
2026-01-30 12:51:41,140 | INFO | 
============================================================
2026-01-30 12:51:41,140 | INFO | Processing EQUITY: 421 assets
2026-01-30 12:51:41,140 | INFO | Schedule: Weekdays 22:00 UTC
2026-01-30 12:51:41,140 | INFO | ============================================================
2026-01-30 12:51:41,140 | INFO | 
  Batch 1/17 (25 assets)
2026-01-30 12:51:42,945 | WARNING |   [1COV.DE] Fetch error: Too Many Requests. Rate limited. Try after a while.
2026-01-30 12:51:47,372 | WARNING |   [ABBV] Fetch error: Too Many Requests. Rate limited. Try after a while.
2026-01-30 12:51:51,486 | WARNING |   [ABNB] Fetch error: Too Many Requests. Rate limited. Try after a while.
2026-01-30 12:51:55,444 | WARNING |   [ABT] Fetch error: Too Many Requests. Rate limited. Try after a while.
2026-01-30 12:51:59,481 | WARNING |   [ADBE] Fetch error: Too Many Requests. Rate limited. Try after a while.
2026-01-30 12:52:03,668 | WARNING |   [ADI] Fetch error: Too Many Requests. Rate limited. Try after a while.
2026-01-30 12:52:07,962 | WARNING |   [ADSK] Fetch error: Too Many Requests. Rate limited. Try after a while.
2026-01-30 12:52:12,194 | WARNING |   [AEP] Fetch error: Too Many Requests. Rate limited. Try after a while.
2026-01-30 12:52:16,769 | WARNING |   [AFL] Fetch error: Too Many Requests. Rate limited. Try after a while.
2026-01-30 12:52:20,761 | WARNING |   [AIG] Fetch error: Too Many Requests. Rate limited. Try after a while.
2026-01-30 12:52:25,191 | WARNING |   [AKAM] Fetch error: Too Many Requests. Rate limited. Try after a while.
2026-01-30 12:52:29,479 | WARNING |   [ALB] Fetch error: Too Many Requests. Rate limited. Try after a while.
2026-01-30 12:52:33,410 | WARNING |   [ALL] Fetch error: Too Many Requests. Rate limited. Try after a while.
2026-01-30 12:52:37,738 | WARNING |   [AMAT] Fetch error: Too Many Requests. Rate limited. Try after a while.
2026-01-30 12:52:40,743 | INFO |   Batch complete, waiting 60s...
2026-01-30 12:53:40,744 | INFO | 
  Batch 2/17 (25 assets)
2026-01-30 12:53:42,877 | WARNING |   [AMD] Fetch error: Too Many Requests. Rate limited. Try after a while.
2026-01-30 12:53:47,320 | WARNING |   [AMGN] Fetch error: Too Many Requests. Rate limited. Try after a while.
2026-01-30 12:53:51,698 | WARNING |   [AMT] Fetch error: Too Many Requests. Rate limited. Try after a while.
2026-01-30 12:53:55,883 | WARNING |   [AMZN] Fetch error: Too Many Requests. Rate limited. Try after a while.
2026-01-30 12:54:00,166 | WARNING |   [AON] Fetch error: Too Many Requests. Rate limited. Try after a while.
2026-01-30 12:54:04,284 | WARNING |   [APD] Fetch error: Too Many Requests. Rate limited. Try after a while.
2026-01-30 12:54:08,765 | WARNING |   [ASML] Fetch error: Too Many Requests. Rate limited. Try after a while.
2026-01-30 12:54:12,734 | WARNING |   [AVB] Fetch error: Too Many Requests. Rate limited. Try after a while.
2026-01-30 12:54:17,246 | WARNING |   [AVGO] Fetch error: Too Many Requests. Rate limited. Try after a while.
2026-01-30 12:54:21,569 | WARNING |   [AWK] Fetch error: Too Many Requests. Rate limited. Try after a while.
2026-01-30 12:54:26,055 | WARNING |   [AXP] Fetch error: Too Many Requests. Rate limited. Try after a while.
2026-01-30 12:54:30,969 | WARNING |   [AZO] Fetch error: Too Many Requests. Rate limited. Try after a while.
2026-01-30 12:54:35,100 | WARNING |   [BA] Fetch error: Too Many Requests. Rate limited. Try after a while.
2026-01-30 12:54:39,410 | WARNING |   [BAC] Fetch error: Too Many Requests. Rate limited. Try after a while.
2026-01-30 12:54:42,428 | INFO |   Batch complete, waiting 60s...
