2026-02-02 03:51:28,404 | INFO | ======================================================================
2026-02-02 03:51:28,404 | INFO | IoS-001 DAILY PRICE INGEST
2026-02-02 03:51:28,404 | INFO | Executor: LINE (EC-004)
2026-02-02 03:51:28,404 | INFO | Authority: CEO_DIRECTIVE_LINE_DAILY_INGEST_ACTIVATION_20251212
2026-02-02 03:51:28,404 | INFO | Time: 2026-02-02T02:51:28.404199+00:00
2026-02-02 03:51:28,404 | INFO | Asset Class Filter: ALL
2026-02-02 03:51:28,404 | INFO | Dry Run: False
2026-02-02 03:51:28,404 | INFO | ======================================================================
2026-02-02 03:51:28,673 | INFO | Found 491 VEGA-attested assets
2026-02-02 03:51:28,674 | INFO | 
============================================================
2026-02-02 03:51:28,674 | INFO | Processing CRYPTO: 46 assets
2026-02-02 03:51:28,675 | INFO | Schedule: Daily 01:00 UTC
2026-02-02 03:51:28,675 | INFO | ============================================================
2026-02-02 03:51:28,675 | INFO | 
  Batch 1/2 (25 assets)
2026-02-02 03:51:31,985 | WARNING |   [AVAX-USD] Fetch error: Too Many Requests. Rate limited. Try after a while.
2026-02-02 03:51:36,048 | WARNING |   [BCH-USD] Fetch error: Too Many Requests. Rate limited. Try after a while.
2026-02-02 03:51:40,146 | WARNING |   [BTC-USD] Fetch error: Too Many Requests. Rate limited. Try after a while.
2026-02-02 03:51:44,384 | WARNING |   [CRV-USD] Fetch error: Too Many Requests. Rate limited. Try after a while.
2026-02-02 03:51:48,299 | WARNING |   [DOGE-USD] Fetch error: Too Many Requests. Rate limited. Try after a while.
2026-02-02 03:51:52,342 | WARNING |   [DOT-USD] Fetch error: Too Many Requests. Rate limited. Try after a while.
2026-02-02 03:51:56,342 | WARNING |   [ETH-USD] Fetch error: Too Many Requests. Rate limited. Try after a while.
2026-02-02 03:52:00,504 | WARNING |   [GRT-USD] Fetch error: Too Many Requests. Rate limited. Try after a while.
2026-02-02 03:52:04,707 | WARNING |   [LINK-USD] Fetch error: Too Many Requests. Rate limited. Try after a while.
2026-02-02 03:52:08,847 | WARNING |   [LTC-USD] Fetch error: Too Many Requests. Rate limited. Try after a while.
2026-02-02 03:52:11,848 | INFO |   Batch complete, waiting 60s...
2026-02-02 03:53:11,848 | INFO | 
  Batch 2/2 (21 assets)
2026-02-02 03:53:13,492 | WARNING |   [SHIB-USD] Fetch error: Too Many Requests. Rate limited. Try after a while.
2026-02-02 03:53:17,492 | WARNING |   [SOL-USD] Fetch error: Too Many Requests. Rate limited. Try after a while.
2026-02-02 03:53:21,811 | WARNING |   [UNI-USD] Fetch error: Too Many Requests. Rate limited. Try after a while.
2026-02-02 03:53:25,998 | WARNING |   [XRP-USD] Fetch error: Too Many Requests. Rate limited. Try after a while.
2026-02-02 03:53:30,296 | WARNING |   [XTZ-USD] Fetch error: Too Many Requests. Rate limited. Try after a while.
2026-02-02 03:53:34,247 | WARNING |   [AAVE-USD] Fetch error: Too Many Requests. Rate limited. Try after a while.
2026-02-02 03:53:37,250 | INFO | 
============================================================
2026-02-02 03:53:37,250 | INFO | Processing EQUITY: 421 assets
2026-02-02 03:53:37,250 | INFO | Schedule: Weekdays 22:00 UTC
2026-02-02 03:53:37,250 | INFO | ============================================================
2026-02-02 03:53:37,250 | INFO | 
  Batch 1/17 (25 assets)
2026-02-02 03:53:38,483 | WARNING |   [1COV.DE] Fetch error: Too Many Requests. Rate limited. Try after a while.
2026-02-02 03:53:42,520 | WARNING |   [ABBV] Fetch error: Too Many Requests. Rate limited. Try after a while.
2026-02-02 03:53:46,437 | WARNING |   [ABNB] Fetch error: Too Many Requests. Rate limited. Try after a while.
2026-02-02 03:53:50,439 | WARNING |   [ABT] Fetch error: Too Many Requests. Rate limited. Try after a while.
2026-02-02 03:53:54,537 | WARNING |   [ACA.PA] Fetch error: Too Many Requests. Rate limited. Try after a while.
2026-02-02 03:53:58,948 | WARNING |   [ADBE] Fetch error: Too Many Requests. Rate limited. Try after a while.
2026-02-02 03:54:02,931 | WARNING |   [ADI] Fetch error: Too Many Requests. Rate limited. Try after a while.
2026-02-02 03:54:06,883 | WARNING |   [ADS.DE] Fetch error: Too Many Requests. Rate limited. Try after a while.
2026-02-02 03:54:10,893 | WARNING |   [ADSK] Fetch error: Too Many Requests. Rate limited. Try after a while.
2026-02-02 03:54:15,098 | WARNING |   [AEP] Fetch error: Too Many Requests. Rate limited. Try after a while.
2026-02-02 03:54:19,074 | WARNING |   [AFL] Fetch error: Too Many Requests. Rate limited. Try after a while.
2026-02-02 03:54:22,916 | WARNING |   [AI.PA] Fetch error: Too Many Requests. Rate limited. Try after a while.
2026-02-02 03:54:27,134 | WARNING |   [AIG] Fetch error: Too Many Requests. Rate limited. Try after a while.
2026-02-02 03:54:31,215 | WARNING |   [AIR.DE] Fetch error: Too Many Requests. Rate limited. Try after a while.
2026-02-02 03:54:35,318 | WARNING |   [AIR.PA] Fetch error: Too Many Requests. Rate limited. Try after a while.
2026-02-02 03:54:39,289 | WARNING |   [AKAM] Fetch error: Too Many Requests. Rate limited. Try after a while.
2026-02-02 03:54:43,269 | WARNING |   [AKER.OL] Fetch error: Too Many Requests. Rate limited. Try after a while.
2026-02-02 03:54:47,167 | WARNING |   [AKRBP.OL] Fetch error: Too Many Requests. Rate limited. Try after a while.
2026-02-02 03:54:52,537 | WARNING |   [AKSO.OL] Fetch error: Too Many Requests. Rate limited. Try after a while.
2026-02-02 03:54:56,437 | WARNING |   [AKVA.OL] Fetch error: Too Many Requests. Rate limited. Try after a while.
2026-02-02 03:55:00,301 | WARNING |   [ALB] Fetch error: Too Many Requests. Rate limited. Try after a while.
2026-02-02 03:55:04,367 | WARNING |   [ALL] Fetch error: Too Many Requests. Rate limited. Try after a while.
2026-02-02 03:55:08,536 | WARNING |   [ALO.PA] Fetch error: Too Many Requests. Rate limited. Try after a while.
2026-02-02 03:55:12,691 | WARNING |   [ALV.DE] Fetch error: Too Many Requests. Rate limited. Try after a while.
2026-02-02 03:55:16,932 | WARNING |   [AMAT] Fetch error: Too Many Requests. Rate limited. Try after a while.
2026-02-02 03:55:19,933 | INFO |   Batch complete, waiting 60s...
2026-02-02 03:56:19,934 | INFO | 
  Batch 2/17 (25 assets)
2026-02-02 03:56:21,465 | WARNING |   [AMD] Fetch error: Too Many Requests. Rate limited. Try after a while.
2026-02-02 03:56:25,613 | WARNING |   [AMGN] Fetch error: Too Many Requests. Rate limited. Try after a while.
