2026-02-11 12:45:02,819 | INFO | ======================================================================
2026-02-11 12:45:02,819 | INFO | IoS-001 DAILY PRICE INGEST
2026-02-11 12:45:02,819 | INFO | Executor: LINE (EC-004)
2026-02-11 12:45:02,819 | INFO | Authority: CEO_DIRECTIVE_LINE_DAILY_INGEST_ACTIVATION_20251212
2026-02-11 12:45:02,819 | INFO | Amendment: CEO-DIR-2026-119 (Rate Limit Mitigation)
2026-02-11 12:45:02,819 | INFO | Time: 2026-02-11T11:45:02.819791+00:00
2026-02-11 12:45:02,819 | INFO | Asset Class Filter: ALL
2026-02-11 12:45:02,819 | INFO | Batch Mode: True
2026-02-11 12:45:02,819 | INFO | Dry Run: False
2026-02-11 12:45:02,819 | INFO | ======================================================================
2026-02-11 12:45:03,231 | INFO | Found 491 VEGA-attested assets
2026-02-11 12:45:03,232 | INFO | 
============================================================
2026-02-11 12:45:03,233 | INFO | Processing CRYPTO: 46 assets
2026-02-11 12:45:03,233 | INFO | Schedule: Daily 01:00 UTC
2026-02-11 12:45:03,233 | INFO | ============================================================
2026-02-11 12:45:03,233 | INFO |   Using BATCH MODE (CEO-DIR-2026-119)
2026-02-11 12:45:03,233 | INFO | 
  Batch 1/5 (10 tickers)
2026-02-11 12:45:03,271 | INFO |     All assets up to date
2026-02-11 12:45:03,271 | INFO | 
  Batch 2/5 (10 tickers)
2026-02-11 12:45:03,297 | INFO |     Batch download: 1 tickers
2026-02-11 12:45:04,922 | ERROR | 
1 Failed download:
2026-02-11 12:45:04,922 | ERROR | ['GRT-USD']: YFPricesMissingError('possibly delisted; no price data found  (1d 2026-02-11 -> 2026-02-12)')
2026-02-11 12:45:04,990 | INFO |   Batch complete, waiting 120s...
2026-02-11 12:47:04,994 | INFO | 
  Batch 3/5 (10 tickers)
2026-02-11 12:47:05,035 | INFO |     All assets up to date
2026-02-11 12:47:05,036 | INFO | 
  Batch 4/5 (10 tickers)
2026-02-11 12:47:05,078 | INFO |     Batch download: 1 tickers
2026-02-11 12:47:05,615 | ERROR | 
1 Failed download:
2026-02-11 12:47:05,615 | ERROR | ['UNI-USD']: YFPricesMissingError('possibly delisted; no price data found  (1d 2026-02-11 -> 2026-02-12)')
2026-02-11 12:47:05,618 | INFO |   Batch complete, waiting 120s...
2026-02-11 12:49:05,619 | INFO | 
  Batch 5/5 (6 tickers)
2026-02-11 12:49:05,692 | INFO |     All assets up to date
2026-02-11 12:49:05,693 | INFO | 
============================================================
2026-02-11 12:49:05,693 | INFO | Processing EQUITY: 421 assets
2026-02-11 12:49:05,693 | INFO | Schedule: Weekdays 22:00 UTC
2026-02-11 12:49:05,694 | INFO | ============================================================
2026-02-11 12:49:05,695 | INFO |   Using BATCH MODE (CEO-DIR-2026-119)
2026-02-11 12:49:05,695 | INFO | 
  Batch 1/43 (10 tickers)
2026-02-11 12:49:05,721 | INFO |     Batch download: 8 tickers
2026-02-11 12:49:07,370 | ERROR | 
1 Failed download:
2026-02-11 12:49:07,370 | ERROR | ['1COV.DE']: YFPricesMissingError('possibly delisted; no price data found  (1d 2025-12-24 -> 2026-02-12)')
2026-02-11 12:49:07,513 | INFO |     [ABBV] +32 rows
2026-02-11 12:49:07,559 | INFO |     [ABNB] +32 rows
2026-02-11 12:49:07,580 | INFO |     [ABT] +32 rows
2026-02-11 12:49:07,590 | INFO |     [ADBE] +32 rows
2026-02-11 12:49:07,606 | INFO |     [ADI] +32 rows
2026-02-11 12:49:07,615 | INFO |     [ADSK] +32 rows
2026-02-11 12:49:07,625 | INFO |     [AEP] +32 rows
2026-02-11 12:49:07,625 | INFO |   Batch complete, waiting 120s...
