2026-02-02 13:59:01,762 | INFO | ======================================================================
2026-02-02 13:59:01,762 | INFO | IoS-001 DAILY PRICE INGEST
2026-02-02 13:59:01,762 | INFO | Executor: LINE (EC-004)
2026-02-02 13:59:01,762 | INFO | Authority: CEO_DIRECTIVE_LINE_DAILY_INGEST_ACTIVATION_20251212
2026-02-02 13:59:01,762 | INFO | Time: 2026-02-02T12:59:01.762127+00:00
2026-02-02 13:59:01,762 | INFO | Asset Class Filter: ALL
2026-02-02 13:59:01,762 | INFO | Dry Run: False
2026-02-02 13:59:01,762 | INFO | ======================================================================
2026-02-02 13:59:02,071 | INFO | Found 491 VEGA-attested assets
2026-02-02 13:59:02,072 | INFO | 
============================================================
2026-02-02 13:59:02,072 | INFO | Processing CRYPTO: 46 assets
2026-02-02 13:59:02,072 | INFO | Schedule: Daily 01:00 UTC
2026-02-02 13:59:02,072 | INFO | ============================================================
2026-02-02 13:59:02,072 | INFO | 
  Batch 1/2 (25 assets)
2026-02-02 13:59:05,419 | WARNING |   [GRT-USD] Fetch error: Too Many Requests. Rate limited. Try after a while.
2026-02-02 13:59:08,439 | INFO |   Batch complete, waiting 60s...
2026-02-02 14:00:08,446 | INFO | 
  Batch 2/2 (21 assets)
2026-02-02 14:00:10,201 | WARNING |   [UNI-USD] Fetch error: Too Many Requests. Rate limited. Try after a while.
2026-02-02 14:00:13,240 | INFO | 
============================================================
2026-02-02 14:00:13,240 | INFO | Processing EQUITY: 421 assets
2026-02-02 14:00:13,240 | INFO | Schedule: Weekdays 22:00 UTC
2026-02-02 14:00:13,240 | INFO | ============================================================
2026-02-02 14:00:13,240 | INFO | 
  Batch 1/17 (25 assets)
2026-02-02 14:00:14,241 | WARNING |   [1COV.DE] Fetch error: Too Many Requests. Rate limited. Try after a while.
2026-02-02 14:00:18,139 | WARNING |   [ABBV] Fetch error: Too Many Requests. Rate limited. Try after a while.
2026-02-02 14:00:22,624 | WARNING |   [ABNB] Fetch error: Too Many Requests. Rate limited. Try after a while.
2026-02-02 14:00:26,613 | WARNING |   [ABT] Fetch error: Too Many Requests. Rate limited. Try after a while.
2026-02-02 14:00:30,605 | WARNING |   [ADBE] Fetch error: Too Many Requests. Rate limited. Try after a while.
2026-02-02 14:00:34,673 | WARNING |   [ADI] Fetch error: Too Many Requests. Rate limited. Try after a while.
2026-02-02 14:00:38,604 | WARNING |   [ADSK] Fetch error: Too Many Requests. Rate limited. Try after a while.
2026-02-02 14:00:42,890 | WARNING |   [AEP] Fetch error: Too Many Requests. Rate limited. Try after a while.
2026-02-02 14:00:47,325 | WARNING |   [AFL] Fetch error: Too Many Requests. Rate limited. Try after a while.
2026-02-02 14:00:51,382 | WARNING |   [AIG] Fetch error: Too Many Requests. Rate limited. Try after a while.
2026-02-02 14:00:55,815 | WARNING |   [AKAM] Fetch error: Too Many Requests. Rate limited. Try after a while.
2026-02-02 14:00:59,980 | WARNING |   [ALB] Fetch error: Too Many Requests. Rate limited. Try after a while.
2026-02-02 14:01:04,195 | WARNING |   [ALL] Fetch error: Too Many Requests. Rate limited. Try after a while.
2026-02-02 14:01:08,396 | WARNING |   [AMAT] Fetch error: Too Many Requests. Rate limited. Try after a while.
2026-02-02 14:01:11,399 | INFO |   Batch complete, waiting 60s...
2026-02-02 14:02:11,400 | INFO | 
  Batch 2/17 (25 assets)
2026-02-02 14:02:13,116 | WARNING |   [AMD] Fetch error: Too Many Requests. Rate limited. Try after a while.
2026-02-02 14:02:17,164 | WARNING |   [AMGN] Fetch error: Too Many Requests. Rate limited. Try after a while.
2026-02-02 14:02:21,165 | WARNING |   [AMT] Fetch error: Too Many Requests. Rate limited. Try after a while.
2026-02-02 14:02:25,575 | WARNING |   [AMZN] Fetch error: Too Many Requests. Rate limited. Try after a while.
2026-02-02 14:02:30,103 | WARNING |   [AON] Fetch error: Too Many Requests. Rate limited. Try after a while.
2026-02-02 14:02:34,292 | WARNING |   [APD] Fetch error: Too Many Requests. Rate limited. Try after a while.
2026-02-02 14:02:38,424 | WARNING |   [ASML] Fetch error: Too Many Requests. Rate limited. Try after a while.
2026-02-02 14:02:42,654 | WARNING |   [AVB] Fetch error: Too Many Requests. Rate limited. Try after a while.
2026-02-02 14:02:46,521 | WARNING |   [AVGO] Fetch error: Too Many Requests. Rate limited. Try after a while.
2026-02-02 14:02:50,644 | WARNING |   [AWK] Fetch error: Too Many Requests. Rate limited. Try after a while.
2026-02-02 14:02:54,651 | WARNING |   [AXP] Fetch error: Too Many Requests. Rate limited. Try after a while.
2026-02-02 14:02:58,719 | WARNING |   [AZO] Fetch error: Too Many Requests. Rate limited. Try after a while.
2026-02-02 14:03:02,754 | WARNING |   [BA] Fetch error: Too Many Requests. Rate limited. Try after a while.
2026-02-02 14:03:06,762 | WARNING |   [BAC] Fetch error: Too Many Requests. Rate limited. Try after a while.
2026-02-02 14:03:09,772 | INFO |   Batch complete, waiting 60s...
