2026-02-02 09:46:06,740 | INFO | ======================================================================
2026-02-02 09:46:06,740 | INFO | IoS-001 DAILY PRICE INGEST
2026-02-02 09:46:06,740 | INFO | Executor: LINE (EC-004)
2026-02-02 09:46:06,740 | INFO | Authority: CEO_DIRECTIVE_LINE_DAILY_INGEST_ACTIVATION_20251212
2026-02-02 09:46:06,740 | INFO | Time: 2026-02-02T08:46:06.740874+00:00
2026-02-02 09:46:06,740 | INFO | Asset Class Filter: ALL
2026-02-02 09:46:06,740 | INFO | Dry Run: False
2026-02-02 09:46:06,740 | INFO | ======================================================================
2026-02-02 09:46:07,155 | INFO | Found 491 VEGA-attested assets
2026-02-02 09:46:07,155 | INFO | 
============================================================
2026-02-02 09:46:07,155 | INFO | Processing CRYPTO: 46 assets
2026-02-02 09:46:07,155 | INFO | Schedule: Daily 01:00 UTC
2026-02-02 09:46:07,155 | INFO | ============================================================
2026-02-02 09:46:07,155 | INFO | 
  Batch 1/2 (25 assets)
2026-02-02 09:46:10,497 | WARNING |   [GRT-USD] Fetch error: Too Many Requests. Rate limited. Try after a while.
2026-02-02 09:46:13,519 | INFO |   Batch complete, waiting 60s...
2026-02-02 09:47:13,522 | INFO | 
  Batch 2/2 (21 assets)
2026-02-02 09:47:15,099 | WARNING |   [UNI-USD] Fetch error: Too Many Requests. Rate limited. Try after a while.
2026-02-02 09:47:18,118 | INFO | 
============================================================
2026-02-02 09:47:18,118 | INFO | Processing EQUITY: 421 assets
2026-02-02 09:47:18,118 | INFO | Schedule: Weekdays 22:00 UTC
2026-02-02 09:47:18,118 | INFO | ============================================================
2026-02-02 09:47:18,118 | INFO | 
  Batch 1/17 (25 assets)
2026-02-02 09:47:19,301 | WARNING |   [1COV.DE] Fetch error: Too Many Requests. Rate limited. Try after a while.
2026-02-02 09:47:23,334 | WARNING |   [ABBV] Fetch error: Too Many Requests. Rate limited. Try after a while.
2026-02-02 09:47:27,452 | WARNING |   [ABNB] Fetch error: Too Many Requests. Rate limited. Try after a while.
2026-02-02 09:47:31,665 | WARNING |   [ABT] Fetch error: Too Many Requests. Rate limited. Try after a while.
2026-02-02 09:47:35,785 | WARNING |   [ADBE] Fetch error: Too Many Requests. Rate limited. Try after a while.
2026-02-02 09:47:39,978 | WARNING |   [ADI] Fetch error: Too Many Requests. Rate limited. Try after a while.
2026-02-02 09:47:43,865 | WARNING |   [ADSK] Fetch error: Too Many Requests. Rate limited. Try after a while.
2026-02-02 09:47:48,409 | WARNING |   [AEP] Fetch error: Too Many Requests. Rate limited. Try after a while.
2026-02-02 09:47:52,648 | WARNING |   [AFL] Fetch error: Too Many Requests. Rate limited. Try after a while.
2026-02-02 09:47:56,785 | WARNING |   [AIG] Fetch error: Too Many Requests. Rate limited. Try after a while.
2026-02-02 09:48:00,652 | WARNING |   [AKAM] Fetch error: Too Many Requests. Rate limited. Try after a while.
2026-02-02 09:48:04,516 | WARNING |   [ALB] Fetch error: Too Many Requests. Rate limited. Try after a while.
2026-02-02 09:48:08,552 | WARNING |   [ALL] Fetch error: Too Many Requests. Rate limited. Try after a while.
2026-02-02 09:48:12,732 | WARNING |   [AMAT] Fetch error: Too Many Requests. Rate limited. Try after a while.
2026-02-02 09:48:15,733 | INFO |   Batch complete, waiting 60s...
2026-02-02 09:49:15,734 | INFO | 
  Batch 2/17 (25 assets)
2026-02-02 09:49:17,250 | WARNING |   [AMD] Fetch error: Too Many Requests. Rate limited. Try after a while.
2026-02-02 09:49:21,320 | WARNING |   [AMGN] Fetch error: Too Many Requests. Rate limited. Try after a while.
2026-02-02 09:49:25,261 | WARNING |   [AMT] Fetch error: Too Many Requests. Rate limited. Try after a while.
2026-02-02 09:49:29,262 | WARNING |   [AMZN] Fetch error: Too Many Requests. Rate limited. Try after a while.
2026-02-02 09:49:33,434 | WARNING |   [AON] Fetch error: Too Many Requests. Rate limited. Try after a while.
2026-02-02 09:49:37,415 | WARNING |   [APD] Fetch error: Too Many Requests. Rate limited. Try after a while.
2026-02-02 09:49:41,562 | WARNING |   [ASML] Fetch error: Too Many Requests. Rate limited. Try after a while.
2026-02-02 09:49:45,634 | WARNING |   [AVB] Fetch error: Too Many Requests. Rate limited. Try after a while.
2026-02-02 09:49:49,949 | WARNING |   [AVGO] Fetch error: Too Many Requests. Rate limited. Try after a while.
2026-02-02 09:49:54,021 | WARNING |   [AWK] Fetch error: Too Many Requests. Rate limited. Try after a while.
2026-02-02 09:49:58,234 | WARNING |   [AXP] Fetch error: Too Many Requests. Rate limited. Try after a while.
2026-02-02 09:50:02,648 | WARNING |   [AZO] Fetch error: Too Many Requests. Rate limited. Try after a while.
2026-02-02 09:50:07,533 | WARNING |   [BA] Fetch error: Too Many Requests. Rate limited. Try after a while.
2026-02-02 09:50:11,773 | WARNING |   [BAC] Fetch error: Too Many Requests. Rate limited. Try after a while.
2026-02-02 09:50:14,793 | INFO |   Batch complete, waiting 60s...
