2026-02-13 01:14:50,308 | INFO | ======================================================================
2026-02-13 01:14:50,308 | INFO | IoS-001 DAILY PRICE INGEST
2026-02-13 01:14:50,308 | INFO | Executor: LINE (EC-004)
2026-02-13 01:14:50,308 | INFO | Authority: CEO_DIRECTIVE_LINE_DAILY_INGEST_ACTIVATION_20251212
2026-02-13 01:14:50,308 | INFO | Amendment: CEO-DIR-2026-119 (Rate Limit Mitigation)
2026-02-13 01:14:50,309 | INFO | Time: 2026-02-13T00:14:50.308946+00:00
2026-02-13 01:14:50,309 | INFO | Asset Class Filter: ALL
2026-02-13 01:14:50,309 | INFO | Batch Mode: True
2026-02-13 01:14:50,310 | INFO | Dry Run: False
2026-02-13 01:14:50,310 | INFO | ======================================================================
2026-02-13 01:14:50,556 | INFO | Found 491 VEGA-attested assets
2026-02-13 01:14:50,563 | INFO | 
============================================================
2026-02-13 01:14:50,563 | INFO | Processing CRYPTO: 46 assets
2026-02-13 01:14:50,563 | INFO | Schedule: Daily 01:00 UTC
2026-02-13 01:14:50,563 | INFO | ============================================================
2026-02-13 01:14:50,563 | INFO |   Using BATCH MODE (CEO-DIR-2026-119)
2026-02-13 01:14:50,564 | INFO | 
  Batch 1/5 (10 tickers)
2026-02-13 01:14:50,574 | INFO |     Batch download: 10 tickers
2026-02-13 01:15:02,687 | ERROR | 
10 Failed downloads:
2026-02-13 01:15:02,688 | ERROR | ['ATOM-USD', 'BCH-USD', 'CRO-USD', 'ALGO-USD', 'AVAX-USD', 'ADA-USD', 'BTC-USD', 'CHZ-USD', 'AXS-USD', 'BNB-USD']: YFRateLimitError('Too Many Requests. Rate limited. Try after a while.')
2026-02-13 01:15:02,712 | INFO |   Batch complete, waiting 120s...
2026-02-13 01:17:02,718 | INFO | 
  Batch 2/5 (10 tickers)
2026-02-13 01:17:02,818 | INFO |     Batch download: 10 tickers
2026-02-13 01:17:15,612 | ERROR | 
10 Failed downloads:
2026-02-13 01:17:15,612 | ERROR | ['FLOW-USD', 'DOGE-USD', 'FIL-USD', 'HBAR-USD', 'ETH-USD', 'GRT-USD', 'CRV-USD', 'EOS-USD', 'ETC-USD', 'DOT-USD']: YFRateLimitError('Too Many Requests. Rate limited. Try after a while.')
2026-02-13 01:17:15,623 | INFO |   Batch complete, waiting 120s...
2026-02-13 01:19:15,625 | INFO | 
  Batch 3/5 (10 tickers)
2026-02-13 01:19:15,689 | INFO |     Batch download: 10 tickers
2026-02-13 01:19:27,651 | ERROR | 
10 Failed downloads:
2026-02-13 01:19:27,651 | ERROR | ['LDO-USD', 'ICP-USD', 'MKR-USD', 'INJ-USD', 'LTC-USD', 'OKB-USD', 'MANA-USD', 'NEAR-USD', 'QNT-USD', 'LINK-USD']: YFRateLimitError('Too Many Requests. Rate limited. Try after a while.')
2026-02-13 01:19:27,663 | INFO |   Batch complete, waiting 120s...
