2026-02-16 13:52:10,046 | INFO | ======================================================================
2026-02-16 13:52:10,046 | INFO | IoS-001 DAILY PRICE INGEST
2026-02-16 13:52:10,046 | INFO | Executor: LINE (EC-004)
2026-02-16 13:52:10,046 | INFO | Authority: CEO_DIRECTIVE_LINE_DAILY_INGEST_ACTIVATION_20251212
2026-02-16 13:52:10,046 | INFO | Amendment: CEO-DIR-2026-119 (Rate Limit Mitigation)
2026-02-16 13:52:10,046 | INFO | Time: 2026-02-16T12:52:10.046054+00:00
2026-02-16 13:52:10,047 | INFO | Asset Class Filter: ALL
2026-02-16 13:52:10,047 | INFO | Batch Mode: True
2026-02-16 13:52:10,047 | INFO | Dry Run: False
2026-02-16 13:52:10,047 | INFO | ======================================================================
2026-02-16 13:52:10,319 | INFO | Found 491 VEGA-attested assets
2026-02-16 13:52:10,319 | INFO | 
============================================================
2026-02-16 13:52:10,319 | INFO | Processing CRYPTO: 46 assets
2026-02-16 13:52:10,319 | INFO | Schedule: Daily 01:00 UTC
2026-02-16 13:52:10,319 | INFO | ============================================================
2026-02-16 13:52:10,319 | INFO |   Using BATCH MODE (CEO-DIR-2026-119)
2026-02-16 13:52:10,319 | INFO | 
  Batch 1/5 (10 tickers)
2026-02-16 13:52:10,369 | INFO |     All assets up to date
2026-02-16 13:52:10,369 | INFO | 
  Batch 2/5 (10 tickers)
2026-02-16 13:52:10,393 | INFO |     Batch download: 1 tickers
2026-02-16 13:52:14,722 | ERROR | 
1 Failed download:
2026-02-16 13:52:14,722 | ERROR | ['GRT-USD']: YFRateLimitError('Too Many Requests. Rate limited. Try after a while.')
2026-02-16 13:52:14,739 | INFO |   Batch complete, waiting 120s...
2026-02-16 13:54:14,740 | INFO | 
  Batch 3/5 (10 tickers)
2026-02-16 13:54:14,767 | INFO |     All assets up to date
2026-02-16 13:54:14,767 | INFO | 
  Batch 4/5 (10 tickers)
2026-02-16 13:54:14,795 | INFO |     Batch download: 1 tickers
2026-02-16 13:54:15,996 | ERROR | 
1 Failed download:
2026-02-16 13:54:15,997 | ERROR | ['UNI-USD']: YFRateLimitError('Too Many Requests. Rate limited. Try after a while.')
2026-02-16 13:54:16,010 | INFO |   Batch complete, waiting 120s...
2026-02-16 13:56:16,012 | INFO | 
  Batch 5/5 (6 tickers)
2026-02-16 13:56:16,012 | INFO |     All assets up to date
2026-02-16 13:56:16,012 | INFO | 
============================================================
2026-02-16 13:56:16,012 | INFO | Processing EQUITY: 421 assets
2026-02-16 13:56:16,012 | INFO | Schedule: Weekdays 22:00 UTC
2026-02-16 13:56:16,012 | INFO | ============================================================
2026-02-16 13:56:16,012 | INFO |   Using BATCH MODE (CEO-DIR-2026-119)
2026-02-16 13:56:16,012 | INFO | 
  Batch 1/43 (10 tickers)
2026-02-16 13:56:16,043 | INFO |     Batch download: 8 tickers
2026-02-16 13:56:28,235 | ERROR | 
8 Failed downloads:
2026-02-16 13:56:28,235 | ERROR | ['ADBE', 'AEP', 'ABNB', 'ADSK', 'ABBV', 'ABT', '1COV.DE', 'ADI']: YFRateLimitError('Too Many Requests. Rate limited. Try after a while.')
2026-02-16 13:56:28,235 | INFO |   Batch complete, waiting 120s...
