2026-02-05 14:26:11,877 | INFO | ======================================================================
2026-02-05 14:26:11,877 | INFO | IoS-001 DAILY PRICE INGEST
2026-02-05 14:26:11,877 | INFO | Executor: LINE (EC-004)
2026-02-05 14:26:11,877 | INFO | Authority: CEO_DIRECTIVE_LINE_DAILY_INGEST_ACTIVATION_20251212
2026-02-05 14:26:11,877 | INFO | Time: 2026-02-05T13:26:11.877123+00:00
2026-02-05 14:26:11,877 | INFO | Asset Class Filter: ALL
2026-02-05 14:26:11,877 | INFO | Dry Run: False
2026-02-05 14:26:11,877 | INFO | ======================================================================
2026-02-05 14:26:12,198 | INFO | Found 491 VEGA-attested assets
2026-02-05 14:26:12,198 | INFO | 
============================================================
2026-02-05 14:26:12,198 | INFO | Processing CRYPTO: 46 assets
2026-02-05 14:26:12,198 | INFO | Schedule: Daily 01:00 UTC
2026-02-05 14:26:12,206 | INFO | ============================================================
2026-02-05 14:26:12,206 | INFO | 
  Batch 1/2 (25 assets)
2026-02-05 14:26:15,376 | WARNING |   [GRT-USD] Fetch error: Too Many Requests. Rate limited. Try after a while.
2026-02-05 14:26:18,400 | INFO |   Batch complete, waiting 60s...
2026-02-05 14:27:18,400 | INFO | 
  Batch 2/2 (21 assets)
2026-02-05 14:27:20,342 | WARNING |   [UNI-USD] Fetch error: Too Many Requests. Rate limited. Try after a while.
2026-02-05 14:27:23,376 | INFO | 
============================================================
2026-02-05 14:27:23,376 | INFO | Processing EQUITY: 421 assets
2026-02-05 14:27:23,376 | INFO | Schedule: Weekdays 22:00 UTC
2026-02-05 14:27:23,376 | INFO | ============================================================
2026-02-05 14:27:23,376 | INFO | 
  Batch 1/17 (25 assets)
2026-02-05 14:27:24,740 | WARNING |   [1COV.DE] Fetch error: Too Many Requests. Rate limited. Try after a while.
2026-02-05 14:27:29,052 | WARNING |   [ABBV] Fetch error: Too Many Requests. Rate limited. Try after a while.
2026-02-05 14:27:33,246 | WARNING |   [ABNB] Fetch error: Too Many Requests. Rate limited. Try after a while.
2026-02-05 14:27:37,421 | WARNING |   [ABT] Fetch error: Too Many Requests. Rate limited. Try after a while.
2026-02-05 14:27:41,322 | WARNING |   [ADBE] Fetch error: Too Many Requests. Rate limited. Try after a while.
2026-02-05 14:27:45,352 | WARNING |   [ADI] Fetch error: Too Many Requests. Rate limited. Try after a while.
2026-02-05 14:27:49,328 | WARNING |   [ADSK] Fetch error: Too Many Requests. Rate limited. Try after a while.
2026-02-05 14:27:53,535 | WARNING |   [AEP] Fetch error: Too Many Requests. Rate limited. Try after a while.
2026-02-05 14:27:57,726 | WARNING |   [AFL] Fetch error: Too Many Requests. Rate limited. Try after a while.
2026-02-05 14:28:01,907 | WARNING |   [AIG] Fetch error: Too Many Requests. Rate limited. Try after a while.
2026-02-05 14:28:06,167 | WARNING |   [AKAM] Fetch error: Too Many Requests. Rate limited. Try after a while.
2026-02-05 14:28:10,454 | WARNING |   [ALB] Fetch error: Too Many Requests. Rate limited. Try after a while.
2026-02-05 14:28:14,831 | WARNING |   [ALL] Fetch error: Too Many Requests. Rate limited. Try after a while.
2026-02-05 14:28:19,571 | WARNING |   [AMAT] Fetch error: Too Many Requests. Rate limited. Try after a while.
2026-02-05 14:28:22,578 | INFO |   Batch complete, waiting 60s...
2026-02-05 14:29:22,582 | INFO | 
  Batch 2/17 (25 assets)
2026-02-05 14:29:24,496 | WARNING |   [AMD] Fetch error: Too Many Requests. Rate limited. Try after a while.
2026-02-05 14:29:28,716 | WARNING |   [AMGN] Fetch error: Too Many Requests. Rate limited. Try after a while.
2026-02-05 14:29:32,873 | WARNING |   [AMT] Fetch error: Too Many Requests. Rate limited. Try after a while.
2026-02-05 14:29:37,538 | WARNING |   [AMZN] Fetch error: Too Many Requests. Rate limited. Try after a while.
2026-02-05 14:29:41,613 | WARNING |   [AON] Fetch error: Too Many Requests. Rate limited. Try after a while.
2026-02-05 14:29:45,828 | WARNING |   [APD] Fetch error: Too Many Requests. Rate limited. Try after a while.
2026-02-05 14:29:50,258 | WARNING |   [ASML] Fetch error: Too Many Requests. Rate limited. Try after a while.
2026-02-05 14:29:54,607 | WARNING |   [AVB] Fetch error: Too Many Requests. Rate limited. Try after a while.
2026-02-05 14:29:58,743 | WARNING |   [AVGO] Fetch error: Too Many Requests. Rate limited. Try after a while.
2026-02-05 14:30:03,145 | WARNING |   [AWK] Fetch error: Too Many Requests. Rate limited. Try after a while.
2026-02-05 14:30:07,335 | WARNING |   [AXP] Fetch error: Too Many Requests. Rate limited. Try after a while.
2026-02-05 14:30:11,360 | WARNING |   [AZO] Fetch error: Too Many Requests. Rate limited. Try after a while.
2026-02-05 14:30:15,478 | WARNING |   [BA] Fetch error: Too Many Requests. Rate limited. Try after a while.
2026-02-05 14:30:19,545 | WARNING |   [BAC] Fetch error: Too Many Requests. Rate limited. Try after a while.
2026-02-05 14:30:22,568 | INFO |   Batch complete, waiting 60s...
