2026-02-12 00:00:38,676 | INFO | ======================================================================
2026-02-12 00:00:38,676 | INFO | IoS-001 DAILY PRICE INGEST
2026-02-12 00:00:38,676 | INFO | Executor: LINE (EC-004)
2026-02-12 00:00:38,677 | INFO | Authority: CEO_DIRECTIVE_LINE_DAILY_INGEST_ACTIVATION_20251212
2026-02-12 00:00:38,678 | INFO | Amendment: CEO-DIR-2026-119 (Rate Limit Mitigation)
2026-02-12 00:00:38,678 | INFO | Time: 2026-02-11T23:00:38.678162+00:00
2026-02-12 00:00:38,678 | INFO | Asset Class Filter: ALL
2026-02-12 00:00:38,678 | INFO | Batch Mode: True
2026-02-12 00:00:38,678 | INFO | Dry Run: False
2026-02-12 00:00:38,678 | INFO | ======================================================================
2026-02-12 00:00:39,031 | INFO | Found 491 VEGA-attested assets
2026-02-12 00:00:39,031 | INFO | 
============================================================
2026-02-12 00:00:39,031 | INFO | Processing CRYPTO: 46 assets
2026-02-12 00:00:39,031 | INFO | Schedule: Daily 01:00 UTC
2026-02-12 00:00:39,031 | INFO | ============================================================
2026-02-12 00:00:39,031 | INFO |   Using BATCH MODE (CEO-DIR-2026-119)
2026-02-12 00:00:39,031 | INFO | 
  Batch 1/5 (10 tickers)
2026-02-12 00:00:39,070 | INFO |     Batch download: 10 tickers
2026-02-12 00:00:52,772 | ERROR | 
10 Failed downloads:
2026-02-12 00:00:52,772 | ERROR | ['BTC-USD', 'CHZ-USD', 'BCH-USD', 'ALGO-USD', 'ADA-USD', 'BNB-USD', 'CRO-USD', 'AVAX-USD', 'AXS-USD', 'ATOM-USD']: YFRateLimitError('Too Many Requests. Rate limited. Try after a while.')
2026-02-12 00:00:52,776 | INFO |   Batch complete, waiting 120s...
2026-02-12 00:02:52,777 | INFO | 
  Batch 2/5 (10 tickers)
2026-02-12 00:02:53,074 | INFO |     Batch download: 10 tickers
2026-02-12 00:03:07,388 | ERROR | 
10 Failed downloads:
2026-02-12 00:03:07,388 | ERROR | ['ETH-USD', 'GRT-USD', 'DOGE-USD', 'FLOW-USD', 'EOS-USD', 'DOT-USD', 'HBAR-USD', 'FIL-USD', 'CRV-USD', 'ETC-USD']: YFRateLimitError('Too Many Requests. Rate limited. Try after a while.')
2026-02-12 00:03:07,399 | INFO |   Batch complete, waiting 120s...
2026-02-12 00:05:07,407 | INFO | 
  Batch 3/5 (10 tickers)
2026-02-12 00:05:07,436 | INFO |     Batch download: 10 tickers
2026-02-12 00:05:19,438 | ERROR | 
10 Failed downloads:
2026-02-12 00:05:19,438 | ERROR | ['MKR-USD', 'LTC-USD', 'ICP-USD', 'NEAR-USD', 'LDO-USD', 'LINK-USD', 'OKB-USD', 'MANA-USD', 'QNT-USD', 'INJ-USD']: YFRateLimitError('Too Many Requests. Rate limited. Try after a while.')
2026-02-12 00:05:19,438 | INFO |   Batch complete, waiting 120s...
