2025-12-25 04:29:42,269 | INFO | ======================================================================
2025-12-25 04:29:42,269 | INFO | IoS-001 DAILY PRICE INGEST
2025-12-25 04:29:42,269 | INFO | Executor: LINE (EC-004)
2025-12-25 04:29:42,269 | INFO | Authority: CEO_DIRECTIVE_LINE_DAILY_INGEST_ACTIVATION_20251212
2025-12-25 04:29:42,270 | INFO | Time: 2025-12-25T03:29:42.270310+00:00
2025-12-25 04:29:42,270 | INFO | Asset Class Filter: ALL
2025-12-25 04:29:42,270 | INFO | Dry Run: False
2025-12-25 04:29:42,270 | INFO | ======================================================================
2025-12-25 04:29:42,766 | INFO | Found 463 VEGA-attested assets
2025-12-25 04:29:42,766 | INFO | 
============================================================
2025-12-25 04:29:42,766 | INFO | Processing CRYPTO: 45 assets
2025-12-25 04:29:42,766 | INFO | Schedule: Daily 01:00 UTC
2025-12-25 04:29:42,766 | INFO | ============================================================
2025-12-25 04:29:42,766 | INFO | 
  Batch 1/2 (25 assets)
2025-12-25 04:29:42,838 | INFO |   Batch complete, waiting 60s...
2025-12-25 04:30:42,840 | INFO | 
  Batch 2/2 (20 assets)
2025-12-25 04:30:42,888 | INFO | 
============================================================
2025-12-25 04:30:42,888 | INFO | Processing EQUITY: 394 assets
2025-12-25 04:30:42,888 | INFO | Schedule: Weekdays 22:00 UTC
2025-12-25 04:30:42,888 | INFO | ============================================================
2025-12-25 04:30:42,888 | INFO | 
  Batch 1/16 (25 assets)
2025-12-25 04:30:46,038 | WARNING |   [1COV.DE] Fetch error: Too Many Requests. Rate limited. Try after a while.
2025-12-25 04:30:50,026 | WARNING |   [ABBV] Fetch error: Too Many Requests. Rate limited. Try after a while.
2025-12-25 04:30:53,970 | WARNING |   [ABNB] Fetch error: Too Many Requests. Rate limited. Try after a while.
2025-12-25 04:30:58,204 | WARNING |   [ABT] Fetch error: Too Many Requests. Rate limited. Try after a while.
2025-12-25 04:31:02,322 | WARNING |   [ACA.PA] Fetch error: Too Many Requests. Rate limited. Try after a while.
2025-12-25 04:31:06,567 | WARNING |   [ADBE] Fetch error: Too Many Requests. Rate limited. Try after a while.
2025-12-25 04:31:10,286 | WARNING |   [ADI] Fetch error: Too Many Requests. Rate limited. Try after a while.
2025-12-25 04:31:14,246 | WARNING |   [ADS.DE] Fetch error: Too Many Requests. Rate limited. Try after a while.
2025-12-25 04:31:18,603 | WARNING |   [ADSK] Fetch error: Too Many Requests. Rate limited. Try after a while.
2025-12-25 04:31:22,554 | WARNING |   [AEP] Fetch error: Too Many Requests. Rate limited. Try after a while.
2025-12-25 04:31:26,713 | WARNING |   [AFL] Fetch error: Too Many Requests. Rate limited. Try after a while.
2025-12-25 04:31:30,463 | WARNING |   [AI.PA] Fetch error: Too Many Requests. Rate limited. Try after a while.
2025-12-25 04:31:34,522 | WARNING |   [AIG] Fetch error: Too Many Requests. Rate limited. Try after a while.
2025-12-25 04:31:38,739 | WARNING |   [AIR.DE] Fetch error: Too Many Requests. Rate limited. Try after a while.
2025-12-25 04:31:43,016 | WARNING |   [AIR.PA] Fetch error: Too Many Requests. Rate limited. Try after a while.
2025-12-25 04:31:47,171 | WARNING |   [AKAM] Fetch error: Too Many Requests. Rate limited. Try after a while.
2025-12-25 04:31:51,310 | WARNING |   [AKER.OL] Fetch error: Too Many Requests. Rate limited. Try after a while.
2025-12-25 04:31:55,358 | WARNING |   [AKRBP.OL] Fetch error: Too Many Requests. Rate limited. Try after a while.
2025-12-25 04:31:59,359 | WARNING |   [AKSO.OL] Fetch error: Too Many Requests. Rate limited. Try after a while.
2025-12-25 04:32:03,497 | WARNING |   [AKVA.OL] Fetch error: Too Many Requests. Rate limited. Try after a while.
2025-12-25 04:32:07,664 | WARNING |   [ALB] Fetch error: Too Many Requests. Rate limited. Try after a while.
2025-12-25 04:32:11,906 | WARNING |   [ALL] Fetch error: Too Many Requests. Rate limited. Try after a while.
2025-12-25 04:32:15,810 | WARNING |   [ALO.PA] Fetch error: Too Many Requests. Rate limited. Try after a while.
2025-12-25 04:32:19,957 | WARNING |   [ALV.DE] Fetch error: Too Many Requests. Rate limited. Try after a while.
2025-12-25 04:32:23,957 | WARNING |   [AMAT] Fetch error: Too Many Requests. Rate limited. Try after a while.
2025-12-25 04:32:26,960 | INFO |   Batch complete, waiting 60s...
2025-12-25 04:33:26,961 | INFO | 
  Batch 2/16 (25 assets)
2025-12-25 04:33:28,335 | WARNING |   [AMD] Fetch error: Too Many Requests. Rate limited. Try after a while.
2025-12-25 04:33:32,580 | WARNING |   [AMGN] Fetch error: Too Many Requests. Rate limited. Try after a while.
2025-12-25 04:33:36,481 | WARNING |   [AMT] Fetch error: Too Many Requests. Rate limited. Try after a while.
2025-12-25 04:33:40,738 | WARNING |   [AON] Fetch error: Too Many Requests. Rate limited. Try after a while.
2025-12-25 04:33:44,992 | WARNING |   [APD] Fetch error: Too Many Requests. Rate limited. Try after a while.
2025-12-25 04:33:49,013 | WARNING |   [ATO.PA] Fetch error: Too Many Requests. Rate limited. Try after a while.
2025-12-25 04:33:53,417 | WARNING |   [AUSS.OL] Fetch error: Too Many Requests. Rate limited. Try after a while.
2025-12-25 04:33:57,271 | WARNING |   [AUTO.OL] Fetch error: Too Many Requests. Rate limited. Try after a while.
2025-12-25 04:34:01,397 | WARNING |   [AV.L] Fetch error: Too Many Requests. Rate limited. Try after a while.
2025-12-25 04:34:05,547 | WARNING |   [AVB] Fetch error: Too Many Requests. Rate limited. Try after a while.
2025-12-25 04:34:09,630 | WARNING |   [AVGO] Fetch error: Too Many Requests. Rate limited. Try after a while.
2025-12-25 04:34:14,055 | WARNING |   [AWK] Fetch error: Too Many Requests. Rate limited. Try after a while.
2025-12-25 04:34:18,369 | WARNING |   [AXP] Fetch error: Too Many Requests. Rate limited. Try after a while.
2025-12-25 04:34:22,457 | WARNING |   [AZN.L] Fetch error: Too Many Requests. Rate limited. Try after a while.
2025-12-25 04:34:26,473 | WARNING |   [AZO] Fetch error: Too Many Requests. Rate limited. Try after a while.
2025-12-25 04:34:30,722 | WARNING |   [BA] Fetch error: Too Many Requests. Rate limited. Try after a while.
2025-12-25 04:34:34,679 | WARNING |   [BA.L] Fetch error: Too Many Requests. Rate limited. Try after a while.
2025-12-25 04:34:38,633 | WARNING |   [BAC] Fetch error: Too Many Requests. Rate limited. Try after a while.
