2026-01-28 18:14:05,835 | INFO | ======================================================================
2026-01-28 18:14:05,836 | INFO | IoS-001 DAILY PRICE INGEST
2026-01-28 18:14:05,837 | INFO | Executor: LINE (EC-004)
2026-01-28 18:14:05,837 | INFO | Authority: CEO_DIRECTIVE_LINE_DAILY_INGEST_ACTIVATION_20251212
2026-01-28 18:14:05,837 | INFO | Time: 2026-01-28T17:14:05.837027+00:00
2026-01-28 18:14:05,837 | INFO | Asset Class Filter: ALL
2026-01-28 18:14:05,837 | INFO | Dry Run: False
2026-01-28 18:14:05,837 | INFO | ======================================================================
2026-01-28 18:14:06,298 | INFO | Found 491 VEGA-attested assets
2026-01-28 18:14:06,298 | INFO | 
============================================================
2026-01-28 18:14:06,300 | INFO | Processing CRYPTO: 46 assets
2026-01-28 18:14:06,300 | INFO | Schedule: Daily 01:00 UTC
2026-01-28 18:14:06,301 | INFO | ============================================================
2026-01-28 18:14:06,301 | INFO | 
  Batch 1/2 (25 assets)
2026-01-28 18:14:11,237 | WARNING |   [GRT-USD] Fetch error: Too Many Requests. Rate limited. Try after a while.
2026-01-28 18:14:14,267 | INFO |   Batch complete, waiting 60s...
2026-01-28 18:15:14,268 | INFO | 
  Batch 2/2 (21 assets)
2026-01-28 18:15:16,625 | WARNING |   [UNI-USD] Fetch error: Too Many Requests. Rate limited. Try after a while.
2026-01-28 18:15:19,652 | INFO | 
============================================================
2026-01-28 18:15:19,653 | INFO | Processing EQUITY: 421 assets
2026-01-28 18:15:19,653 | INFO | Schedule: Weekdays 22:00 UTC
2026-01-28 18:15:19,653 | INFO | ============================================================
2026-01-28 18:15:19,653 | INFO | 
  Batch 1/17 (25 assets)
2026-01-28 18:15:20,867 | WARNING |   [1COV.DE] Fetch error: Too Many Requests. Rate limited. Try after a while.
2026-01-28 18:15:25,288 | WARNING |   [ABBV] Fetch error: Too Many Requests. Rate limited. Try after a while.
2026-01-28 18:15:29,336 | WARNING |   [ABNB] Fetch error: Too Many Requests. Rate limited. Try after a while.
2026-01-28 18:15:33,570 | WARNING |   [ABT] Fetch error: Too Many Requests. Rate limited. Try after a while.
2026-01-28 18:15:37,717 | WARNING |   [ADBE] Fetch error: Too Many Requests. Rate limited. Try after a while.
2026-01-28 18:15:41,676 | WARNING |   [ADI] Fetch error: Too Many Requests. Rate limited. Try after a while.
2026-01-28 18:15:45,763 | WARNING |   [ADSK] Fetch error: Too Many Requests. Rate limited. Try after a while.
2026-01-28 18:15:50,102 | WARNING |   [AEP] Fetch error: Too Many Requests. Rate limited. Try after a while.
2026-01-28 18:15:54,564 | WARNING |   [AFL] Fetch error: Too Many Requests. Rate limited. Try after a while.
2026-01-28 18:15:59,032 | WARNING |   [AIG] Fetch error: Too Many Requests. Rate limited. Try after a while.
2026-01-28 18:16:03,531 | WARNING |   [AKAM] Fetch error: Too Many Requests. Rate limited. Try after a while.
2026-01-28 18:16:08,209 | WARNING |   [ALB] Fetch error: Too Many Requests. Rate limited. Try after a while.
2026-01-28 18:16:12,218 | WARNING |   [ALL] Fetch error: Too Many Requests. Rate limited. Try after a while.
2026-01-28 18:16:16,414 | WARNING |   [AMAT] Fetch error: Too Many Requests. Rate limited. Try after a while.
2026-01-28 18:16:19,421 | INFO |   Batch complete, waiting 60s...
2026-01-28 18:17:19,466 | INFO | 
  Batch 2/17 (25 assets)
2026-01-28 18:17:22,436 | WARNING |   [AMD] Fetch error: Too Many Requests. Rate limited. Try after a while.
2026-01-28 18:17:26,733 | WARNING |   [AMGN] Fetch error: Too Many Requests. Rate limited. Try after a while.
2026-01-28 18:17:31,110 | WARNING |   [AMT] Fetch error: Too Many Requests. Rate limited. Try after a while.
2026-01-28 18:17:35,325 | WARNING |   [AMZN] Fetch error: Too Many Requests. Rate limited. Try after a while.
2026-01-28 18:17:39,545 | WARNING |   [AON] Fetch error: Too Many Requests. Rate limited. Try after a while.
2026-01-28 18:17:43,906 | WARNING |   [APD] Fetch error: Too Many Requests. Rate limited. Try after a while.
2026-01-28 18:17:48,008 | WARNING |   [ASML] Fetch error: Too Many Requests. Rate limited. Try after a while.
2026-01-28 18:17:52,308 | WARNING |   [AVB] Fetch error: Too Many Requests. Rate limited. Try after a while.
2026-01-28 18:17:56,694 | WARNING |   [AVGO] Fetch error: Too Many Requests. Rate limited. Try after a while.
2026-01-28 18:18:01,184 | WARNING |   [AWK] Fetch error: Too Many Requests. Rate limited. Try after a while.
2026-01-28 18:18:05,561 | WARNING |   [AXP] Fetch error: Too Many Requests. Rate limited. Try after a while.
2026-01-28 18:18:09,771 | WARNING |   [AZO] Fetch error: Too Many Requests. Rate limited. Try after a while.
2026-01-28 18:18:13,935 | WARNING |   [BAC] Fetch error: Too Many Requests. Rate limited. Try after a while.
2026-01-28 18:18:16,952 | INFO |   Batch complete, waiting 60s...
