2026-02-16 13:57:10,643 | INFO | ======================================================================
2026-02-16 13:57:10,643 | INFO | IoS-001 DAILY PRICE INGEST
2026-02-16 13:57:10,643 | INFO | Executor: LINE (EC-004)
2026-02-16 13:57:10,643 | INFO | Authority: CEO_DIRECTIVE_LINE_DAILY_INGEST_ACTIVATION_20251212
2026-02-16 13:57:10,643 | INFO | Amendment: CEO-DIR-2026-119 (Rate Limit Mitigation)
2026-02-16 13:57:10,643 | INFO | Time: 2026-02-16T12:57:10.643351+00:00
2026-02-16 13:57:10,643 | INFO | Asset Class Filter: ALL
2026-02-16 13:57:10,643 | INFO | Batch Mode: True
2026-02-16 13:57:10,643 | INFO | Dry Run: False
2026-02-16 13:57:10,643 | INFO | ======================================================================
2026-02-16 13:57:11,055 | INFO | Found 491 VEGA-attested assets
2026-02-16 13:57:11,055 | INFO | 
============================================================
2026-02-16 13:57:11,056 | INFO | Processing CRYPTO: 46 assets
2026-02-16 13:57:11,056 | INFO | Schedule: Daily 01:00 UTC
2026-02-16 13:57:11,056 | INFO | ============================================================
2026-02-16 13:57:11,056 | INFO |   Using BATCH MODE (CEO-DIR-2026-119)
2026-02-16 13:57:11,056 | INFO | 
  Batch 1/5 (10 tickers)
2026-02-16 13:57:11,077 | INFO |     All assets up to date
2026-02-16 13:57:11,077 | INFO | 
  Batch 2/5 (10 tickers)
2026-02-16 13:57:11,093 | INFO |     Batch download: 1 tickers
2026-02-16 13:57:14,669 | ERROR | 
1 Failed download:
2026-02-16 13:57:14,670 | ERROR | ['GRT-USD']: YFRateLimitError('Too Many Requests. Rate limited. Try after a while.')
2026-02-16 13:57:14,675 | INFO |   Batch complete, waiting 120s...
2026-02-16 13:59:14,676 | INFO | 
  Batch 3/5 (10 tickers)
2026-02-16 13:59:14,686 | INFO |     All assets up to date
2026-02-16 13:59:14,687 | INFO | 
  Batch 4/5 (10 tickers)
2026-02-16 13:59:14,700 | INFO |     Batch download: 1 tickers
2026-02-16 13:59:17,736 | ERROR | 
1 Failed download:
2026-02-16 13:59:17,736 | ERROR | ['UNI-USD']: YFRateLimitError('Too Many Requests. Rate limited. Try after a while.')
2026-02-16 13:59:17,751 | INFO |   Batch complete, waiting 120s...
2026-02-16 14:01:17,754 | INFO | 
  Batch 5/5 (6 tickers)
2026-02-16 14:01:17,754 | INFO |     All assets up to date
2026-02-16 14:01:17,754 | INFO | 
============================================================
2026-02-16 14:01:17,754 | INFO | Processing EQUITY: 421 assets
2026-02-16 14:01:17,754 | INFO | Schedule: Weekdays 22:00 UTC
2026-02-16 14:01:17,754 | INFO | ============================================================
2026-02-16 14:01:17,754 | INFO |   Using BATCH MODE (CEO-DIR-2026-119)
2026-02-16 14:01:17,754 | INFO | 
  Batch 1/43 (10 tickers)
2026-02-16 14:01:17,770 | INFO |     Batch download: 8 tickers
2026-02-16 14:01:28,330 | ERROR | 
8 Failed downloads:
2026-02-16 14:01:28,330 | ERROR | ['ADSK', '1COV.DE', 'ABBV', 'ADI', 'AEP', 'ABT', 'ABNB', 'ADBE']: YFRateLimitError('Too Many Requests. Rate limited. Try after a while.')
2026-02-16 14:01:28,345 | INFO |   Batch complete, waiting 120s...
