2026-01-01 08:21:14,848 | INFO | ======================================================================
2026-01-01 08:21:14,848 | INFO | IoS-001 DAILY PRICE INGEST
2026-01-01 08:21:14,848 | INFO | Executor: LINE (EC-004)
2026-01-01 08:21:14,848 | INFO | Authority: CEO_DIRECTIVE_LINE_DAILY_INGEST_ACTIVATION_20251212
2026-01-01 08:21:14,848 | INFO | Time: 2026-01-01T07:21:14.848048+00:00
2026-01-01 08:21:14,848 | INFO | Asset Class Filter: ALL
2026-01-01 08:21:14,848 | INFO | Dry Run: False
2026-01-01 08:21:14,848 | INFO | ======================================================================
2026-01-01 08:21:15,185 | INFO | Found 491 VEGA-attested assets
2026-01-01 08:21:15,185 | INFO | 
============================================================
2026-01-01 08:21:15,185 | INFO | Processing CRYPTO: 46 assets
2026-01-01 08:21:15,185 | INFO | Schedule: Daily 01:00 UTC
2026-01-01 08:21:15,185 | INFO | ============================================================
2026-01-01 08:21:15,185 | INFO | 
  Batch 1/2 (25 assets)
2026-01-01 08:21:18,373 | WARNING |   [GRT-USD] Fetch error: Too Many Requests. Rate limited. Try after a while.
2026-01-01 08:21:21,388 | INFO |   Batch complete, waiting 60s...
2026-01-01 08:22:21,389 | INFO | 
  Batch 2/2 (21 assets)
2026-01-01 08:22:23,164 | WARNING |   [UNI-USD] Fetch error: Too Many Requests. Rate limited. Try after a while.
2026-01-01 08:22:26,192 | INFO | 
============================================================
2026-01-01 08:22:26,194 | INFO | Processing EQUITY: 421 assets
2026-01-01 08:22:26,194 | INFO | Schedule: Weekdays 22:00 UTC
2026-01-01 08:22:26,195 | INFO | ============================================================
2026-01-01 08:22:26,195 | INFO | 
  Batch 1/17 (25 assets)
2026-01-01 08:22:27,386 | WARNING |   [1COV.DE] Fetch error: Too Many Requests. Rate limited. Try after a while.
2026-01-01 08:22:31,209 | WARNING |   [ABBV] Fetch error: Too Many Requests. Rate limited. Try after a while.
2026-01-01 08:22:35,113 | WARNING |   [ABNB] Fetch error: Too Many Requests. Rate limited. Try after a while.
2026-01-01 08:22:39,369 | WARNING |   [ABT] Fetch error: Too Many Requests. Rate limited. Try after a while.
2026-01-01 08:22:43,266 | WARNING |   [ACA.PA] Fetch error: Too Many Requests. Rate limited. Try after a while.
2026-01-01 08:22:47,567 | WARNING |   [ADBE] Fetch error: Too Many Requests. Rate limited. Try after a while.
2026-01-01 08:22:51,567 | WARNING |   [ADI] Fetch error: Too Many Requests. Rate limited. Try after a while.
2026-01-01 08:22:55,638 | WARNING |   [ADS.DE] Fetch error: Too Many Requests. Rate limited. Try after a while.
2026-01-01 08:23:00,240 | WARNING |   [ADSK] Fetch error: Too Many Requests. Rate limited. Try after a while.
2026-01-01 08:23:04,262 | WARNING |   [AEP] Fetch error: Too Many Requests. Rate limited. Try after a while.
2026-01-01 08:23:08,431 | WARNING |   [AFL] Fetch error: Too Many Requests. Rate limited. Try after a while.
2026-01-01 08:23:12,376 | WARNING |   [AI.PA] Fetch error: Too Many Requests. Rate limited. Try after a while.
2026-01-01 08:23:16,461 | WARNING |   [AIG] Fetch error: Too Many Requests. Rate limited. Try after a while.
2026-01-01 08:23:20,630 | WARNING |   [AIR.DE] Fetch error: Too Many Requests. Rate limited. Try after a while.
2026-01-01 08:23:24,639 | WARNING |   [AIR.PA] Fetch error: Too Many Requests. Rate limited. Try after a while.
2026-01-01 08:23:28,669 | WARNING |   [AKAM] Fetch error: Too Many Requests. Rate limited. Try after a while.
2026-01-01 08:23:32,569 | WARNING |   [AKER.OL] Fetch error: Too Many Requests. Rate limited. Try after a while.
2026-01-01 08:23:36,790 | WARNING |   [AKRBP.OL] Fetch error: Too Many Requests. Rate limited. Try after a while.
2026-01-01 08:23:41,002 | WARNING |   [AKSO.OL] Fetch error: Too Many Requests. Rate limited. Try after a while.
2026-01-01 08:23:45,012 | WARNING |   [AKVA.OL] Fetch error: Too Many Requests. Rate limited. Try after a while.
2026-01-01 08:23:49,161 | WARNING |   [ALB] Fetch error: Too Many Requests. Rate limited. Try after a while.
2026-01-01 08:23:53,066 | WARNING |   [ALL] Fetch error: Too Many Requests. Rate limited. Try after a while.
2026-01-01 08:23:57,154 | WARNING |   [ALO.PA] Fetch error: Too Many Requests. Rate limited. Try after a while.
2026-01-01 08:24:01,235 | WARNING |   [ALV.DE] Fetch error: Too Many Requests. Rate limited. Try after a while.
2026-01-01 08:24:05,213 | WARNING |   [AMAT] Fetch error: Too Many Requests. Rate limited. Try after a while.
2026-01-01 08:24:08,217 | INFO |   Batch complete, waiting 60s...
2026-01-01 08:25:08,218 | INFO | 
  Batch 2/17 (25 assets)
2026-01-01 08:25:09,883 | WARNING |   [AMD] Fetch error: Too Many Requests. Rate limited. Try after a while.
2026-01-01 08:25:14,060 | WARNING |   [AMGN] Fetch error: Too Many Requests. Rate limited. Try after a while.
2026-01-01 08:25:18,222 | WARNING |   [AMT] Fetch error: Too Many Requests. Rate limited. Try after a while.
2026-01-01 08:25:22,426 | WARNING |   [AMZN] Fetch error: Too Many Requests. Rate limited. Try after a while.
2026-01-01 08:25:26,556 | WARNING |   [AON] Fetch error: Too Many Requests. Rate limited. Try after a while.
2026-01-01 08:25:30,724 | WARNING |   [APD] Fetch error: Too Many Requests. Rate limited. Try after a while.
2026-01-01 08:25:34,853 | WARNING |   [ASML] Fetch error: Too Many Requests. Rate limited. Try after a while.
2026-01-01 08:25:38,765 | WARNING |   [ATO.PA] Fetch error: Too Many Requests. Rate limited. Try after a while.
2026-01-01 08:25:42,777 | WARNING |   [AUSS.OL] Fetch error: Too Many Requests. Rate limited. Try after a while.
2026-01-01 08:25:46,542 | WARNING |   [AUTO.OL] Fetch error: Too Many Requests. Rate limited. Try after a while.
2026-01-01 08:25:50,606 | WARNING |   [AV.L] Fetch error: Too Many Requests. Rate limited. Try after a while.
2026-01-01 08:25:54,539 | WARNING |   [AVB] Fetch error: Too Many Requests. Rate limited. Try after a while.
2026-01-01 08:25:58,508 | WARNING |   [AVGO] Fetch error: Too Many Requests. Rate limited. Try after a while.
2026-01-01 08:26:02,429 | WARNING |   [AWK] Fetch error: Too Many Requests. Rate limited. Try after a while.
2026-01-01 08:26:06,558 | WARNING |   [AXP] Fetch error: Too Many Requests. Rate limited. Try after a while.
2026-01-01 08:26:10,523 | WARNING |   [AZN.L] Fetch error: Too Many Requests. Rate limited. Try after a while.
