2026-01-10 23:31:10,531 | INFO | ======================================================================
2026-01-10 23:31:10,531 | INFO | IoS-001 DAILY PRICE INGEST
2026-01-10 23:31:10,531 | INFO | Executor: LINE (EC-004)
2026-01-10 23:31:10,531 | INFO | Authority: CEO_DIRECTIVE_LINE_DAILY_INGEST_ACTIVATION_20251212
2026-01-10 23:31:10,531 | INFO | Time: 2026-01-10T22:31:10.531368+00:00
2026-01-10 23:31:10,531 | INFO | Asset Class Filter: ALL
2026-01-10 23:31:10,531 | INFO | Dry Run: False
2026-01-10 23:31:10,531 | INFO | ======================================================================
2026-01-10 23:31:10,719 | INFO | Found 491 VEGA-attested assets
2026-01-10 23:31:10,719 | INFO | 
============================================================
2026-01-10 23:31:10,719 | INFO | Processing CRYPTO: 46 assets
2026-01-10 23:31:10,719 | INFO | Schedule: Daily 01:00 UTC
2026-01-10 23:31:10,719 | INFO | ============================================================
2026-01-10 23:31:10,719 | INFO | 
  Batch 1/2 (25 assets)
2026-01-10 23:31:12,144 | ERROR | $GRT-USD: possibly delisted; no price data found  (1d 2026-01-08 -> 2026-01-11)
2026-01-10 23:31:15,168 | INFO |   Batch complete, waiting 60s...
2026-01-10 23:32:15,169 | INFO | 
  Batch 2/2 (21 assets)
2026-01-10 23:32:15,371 | ERROR | $UNI-USD: possibly delisted; no price data found  (1d 2026-01-08 -> 2026-01-11)
2026-01-10 23:32:18,398 | INFO | 
============================================================
2026-01-10 23:32:18,398 | INFO | Processing EQUITY: 421 assets
2026-01-10 23:32:18,398 | INFO | Schedule: Weekdays 22:00 UTC
2026-01-10 23:32:18,399 | INFO | ============================================================
2026-01-10 23:32:18,399 | INFO |   Market closed for EQUITY today, skipping
2026-01-10 23:32:18,399 | INFO | 
============================================================
2026-01-10 23:32:18,399 | INFO | Processing FX: 24 assets
2026-01-10 23:32:18,399 | INFO | Schedule: Sun-Thu 22:00 UTC
2026-01-10 23:32:18,399 | INFO | ============================================================
2026-01-10 23:32:18,399 | INFO |   Market closed for FX today, skipping
2026-01-10 23:32:18,399 | WARNING | Heartbeat recording failed: relation "fhq_monitoring.system_heartbeats" does not exist
LINE 2:                 INSERT INTO fhq_monitoring.system_heartbeats...
                                    ^

2026-01-10 23:32:18,399 | INFO | 
======================================================================
2026-01-10 23:32:18,404 | INFO | DAILY INGEST COMPLETE
2026-01-10 23:32:18,404 | INFO | ======================================================================
2026-01-10 23:32:18,404 | INFO | Assets Processed: 46
2026-01-10 23:32:18,404 | INFO | Assets Updated:   0
2026-01-10 23:32:18,404 | INFO | Rows Inserted:    0
2026-01-10 23:32:18,404 | INFO |   CRYPTO: 0 assets, 0 rows
2026-01-10 23:32:18,404 | INFO | Evidence: C:\fhq-market-system\vision-ios\03_FUNCTIONS\evidence\IOS001_DAILY_INGEST_a537a775_20260110_233218.json
2026-01-10 23:32:18,404 | INFO | ======================================================================
