2026-01-05 20:27:18,321 | INFO | ======================================================================
2026-01-05 20:27:18,321 | INFO | IoS-001 DAILY PRICE INGEST
2026-01-05 20:27:18,321 | INFO | Executor: LINE (EC-004)
2026-01-05 20:27:18,322 | INFO | Authority: CEO_DIRECTIVE_LINE_DAILY_INGEST_ACTIVATION_20251212
2026-01-05 20:27:18,322 | INFO | Time: 2026-01-05T19:27:18.322280+00:00
2026-01-05 20:27:18,322 | INFO | Asset Class Filter: ALL
2026-01-05 20:27:18,322 | INFO | Dry Run: False
2026-01-05 20:27:18,322 | INFO | ======================================================================
2026-01-05 20:27:18,642 | INFO | Found 491 VEGA-attested assets
2026-01-05 20:27:18,642 | INFO | 
============================================================
2026-01-05 20:27:18,642 | INFO | Processing CRYPTO: 46 assets
2026-01-05 20:27:18,642 | INFO | Schedule: Daily 01:00 UTC
2026-01-05 20:27:18,642 | INFO | ============================================================
2026-01-05 20:27:18,642 | INFO | 
  Batch 1/2 (25 assets)
2026-01-05 20:27:21,790 | WARNING |   [GRT-USD] Fetch error: Too Many Requests. Rate limited. Try after a while.
2026-01-05 20:27:24,819 | INFO |   Batch complete, waiting 60s...
2026-01-05 20:28:24,821 | INFO | 
  Batch 2/2 (21 assets)
2026-01-05 20:28:26,809 | WARNING |   [UNI-USD] Fetch error: Too Many Requests. Rate limited. Try after a while.
2026-01-05 20:28:29,842 | INFO | 
============================================================
2026-01-05 20:28:29,842 | INFO | Processing EQUITY: 421 assets
2026-01-05 20:28:29,842 | INFO | Schedule: Weekdays 22:00 UTC
2026-01-05 20:28:29,842 | INFO | ============================================================
2026-01-05 20:28:29,842 | INFO | 
  Batch 1/17 (25 assets)
2026-01-05 20:28:30,799 | WARNING |   [1COV.DE] Fetch error: Too Many Requests. Rate limited. Try after a while.
2026-01-05 20:28:33,845 | INFO |   Batch complete, waiting 60s...
2026-01-05 20:29:33,852 | INFO | 
  Batch 2/17 (25 assets)
2026-01-05 20:29:33,928 | INFO |   Batch complete, waiting 60s...
2026-01-05 20:30:33,930 | INFO | 
  Batch 3/17 (25 assets)
2026-01-05 20:30:39,041 | WARNING |   [BRK.B] Fetch error: Too Many Requests. Rate limited. Try after a while.
2026-01-05 20:30:43,167 | WARNING |   [BT.A.L] Fetch error: Too Many Requests. Rate limited. Try after a while.
2026-01-05 20:30:46,178 | INFO |   Batch complete, waiting 60s...
2026-01-05 20:31:46,189 | INFO | 
  Batch 4/17 (25 assets)
2026-01-05 20:31:48,534 | WARNING |   [CF] Fetch error: Too Many Requests. Rate limited. Try after a while.
2026-01-05 20:31:52,413 | WARNING |   [CHD] Fetch error: Too Many Requests. Rate limited. Try after a while.
2026-01-05 20:31:56,592 | WARNING |   [CHTR] Fetch error: Too Many Requests. Rate limited. Try after a while.
2026-01-05 20:32:00,678 | WARNING |   [CI] Fetch error: Too Many Requests. Rate limited. Try after a while.
2026-01-05 20:32:04,680 | WARNING |   [CL] Fetch error: Too Many Requests. Rate limited. Try after a while.
2026-01-05 20:32:08,709 | WARNING |   [CLX] Fetch error: Too Many Requests. Rate limited. Try after a while.
2026-01-05 20:32:12,850 | WARNING |   [CMCSA] Fetch error: Too Many Requests. Rate limited. Try after a while.
