2026-02-02 11:16:01,308 | INFO | ======================================================================
2026-02-02 11:16:01,308 | INFO | IoS-001 DAILY PRICE INGEST
2026-02-02 11:16:01,308 | INFO | Executor: LINE (EC-004)
2026-02-02 11:16:01,308 | INFO | Authority: CEO_DIRECTIVE_LINE_DAILY_INGEST_ACTIVATION_20251212
2026-02-02 11:16:01,308 | INFO | Time: 2026-02-02T10:16:01.308810+00:00
2026-02-02 11:16:01,308 | INFO | Asset Class Filter: ALL
2026-02-02 11:16:01,308 | INFO | Dry Run: False
2026-02-02 11:16:01,308 | INFO | ======================================================================
2026-02-02 11:16:01,601 | INFO | Found 491 VEGA-attested assets
2026-02-02 11:16:01,601 | INFO | 
============================================================
2026-02-02 11:16:01,601 | INFO | Processing CRYPTO: 46 assets
2026-02-02 11:16:01,601 | INFO | Schedule: Daily 01:00 UTC
2026-02-02 11:16:01,601 | INFO | ============================================================
2026-02-02 11:16:01,601 | INFO | 
  Batch 1/2 (25 assets)
2026-02-02 11:16:04,653 | WARNING |   [GRT-USD] Fetch error: Too Many Requests. Rate limited. Try after a while.
2026-02-02 11:16:07,687 | INFO |   Batch complete, waiting 60s...
2026-02-02 11:17:07,688 | INFO | 
  Batch 2/2 (21 assets)
2026-02-02 11:17:09,314 | WARNING |   [UNI-USD] Fetch error: Too Many Requests. Rate limited. Try after a while.
2026-02-02 11:17:12,333 | INFO | 
============================================================
2026-02-02 11:17:12,333 | INFO | Processing EQUITY: 421 assets
2026-02-02 11:17:12,333 | INFO | Schedule: Weekdays 22:00 UTC
2026-02-02 11:17:12,333 | INFO | ============================================================
2026-02-02 11:17:12,333 | INFO | 
  Batch 1/17 (25 assets)
2026-02-02 11:17:13,353 | WARNING |   [1COV.DE] Fetch error: Too Many Requests. Rate limited. Try after a while.
2026-02-02 11:17:17,581 | WARNING |   [ABBV] Fetch error: Too Many Requests. Rate limited. Try after a while.
2026-02-02 11:17:21,573 | WARNING |   [ABNB] Fetch error: Too Many Requests. Rate limited. Try after a while.
2026-02-02 11:17:25,578 | WARNING |   [ABT] Fetch error: Too Many Requests. Rate limited. Try after a while.
2026-02-02 11:17:29,557 | WARNING |   [ADBE] Fetch error: Too Many Requests. Rate limited. Try after a while.
2026-02-02 11:17:33,417 | WARNING |   [ADI] Fetch error: Too Many Requests. Rate limited. Try after a while.
2026-02-02 11:17:37,795 | WARNING |   [ADSK] Fetch error: Too Many Requests. Rate limited. Try after a while.
2026-02-02 11:17:42,394 | WARNING |   [AEP] Fetch error: Too Many Requests. Rate limited. Try after a while.
2026-02-02 11:17:46,808 | WARNING |   [AFL] Fetch error: Too Many Requests. Rate limited. Try after a while.
2026-02-02 11:17:51,170 | WARNING |   [AIG] Fetch error: Too Many Requests. Rate limited. Try after a while.
2026-02-02 11:17:55,669 | WARNING |   [AKAM] Fetch error: Too Many Requests. Rate limited. Try after a while.
2026-02-02 11:17:59,806 | WARNING |   [ALB] Fetch error: Too Many Requests. Rate limited. Try after a while.
2026-02-02 11:18:03,772 | WARNING |   [ALL] Fetch error: Too Many Requests. Rate limited. Try after a while.
2026-02-02 11:18:07,861 | WARNING |   [AMAT] Fetch error: Too Many Requests. Rate limited. Try after a while.
2026-02-02 11:18:10,870 | INFO |   Batch complete, waiting 60s...
2026-02-02 11:19:10,871 | INFO | 
  Batch 2/17 (25 assets)
2026-02-02 11:19:12,511 | WARNING |   [AMD] Fetch error: Too Many Requests. Rate limited. Try after a while.
2026-02-02 11:19:16,484 | WARNING |   [AMGN] Fetch error: Too Many Requests. Rate limited. Try after a while.
2026-02-02 11:19:20,415 | WARNING |   [AMT] Fetch error: Too Many Requests. Rate limited. Try after a while.
2026-02-02 11:19:24,514 | WARNING |   [AMZN] Fetch error: Too Many Requests. Rate limited. Try after a while.
2026-02-02 11:19:28,896 | WARNING |   [AON] Fetch error: Too Many Requests. Rate limited. Try after a while.
2026-02-02 11:19:32,767 | WARNING |   [APD] Fetch error: Too Many Requests. Rate limited. Try after a while.
2026-02-02 11:19:37,053 | WARNING |   [ASML] Fetch error: Too Many Requests. Rate limited. Try after a while.
2026-02-02 11:19:41,015 | WARNING |   [AVB] Fetch error: Too Many Requests. Rate limited. Try after a while.
2026-02-02 11:19:45,155 | WARNING |   [AVGO] Fetch error: Too Many Requests. Rate limited. Try after a while.
2026-02-02 11:19:49,295 | WARNING |   [AWK] Fetch error: Too Many Requests. Rate limited. Try after a while.
2026-02-02 11:19:53,360 | WARNING |   [AXP] Fetch error: Too Many Requests. Rate limited. Try after a while.
2026-02-02 11:19:57,662 | WARNING |   [AZO] Fetch error: Too Many Requests. Rate limited. Try after a while.
2026-02-02 11:20:01,732 | WARNING |   [BA] Fetch error: Too Many Requests. Rate limited. Try after a while.
2026-02-02 11:20:05,707 | WARNING |   [BAC] Fetch error: Too Many Requests. Rate limited. Try after a while.
2026-02-02 11:20:08,720 | INFO |   Batch complete, waiting 60s...
