2026-02-14 06:43:21,150 | INFO | ======================================================================
2026-02-14 06:43:21,150 | INFO | IoS-001 DAILY PRICE INGEST
2026-02-14 06:43:21,150 | INFO | Executor: LINE (EC-004)
2026-02-14 06:43:21,150 | INFO | Authority: CEO_DIRECTIVE_LINE_DAILY_INGEST_ACTIVATION_20251212
2026-02-14 06:43:21,150 | INFO | Amendment: CEO-DIR-2026-119 (Rate Limit Mitigation)
2026-02-14 06:43:21,150 | INFO | Time: 2026-02-14T05:43:21.150063+00:00
2026-02-14 06:43:21,150 | INFO | Asset Class Filter: ALL
2026-02-14 06:43:21,150 | INFO | Batch Mode: True
2026-02-14 06:43:21,150 | INFO | Dry Run: False
2026-02-14 06:43:21,150 | INFO | ======================================================================
2026-02-14 06:43:21,415 | INFO | Found 491 VEGA-attested assets
2026-02-14 06:43:21,415 | INFO | 
============================================================
2026-02-14 06:43:21,415 | INFO | Processing CRYPTO: 46 assets
2026-02-14 06:43:21,415 | INFO | Schedule: Daily 01:00 UTC
2026-02-14 06:43:21,415 | INFO | ============================================================
2026-02-14 06:43:21,415 | INFO |   Using BATCH MODE (CEO-DIR-2026-119)
2026-02-14 06:43:21,415 | INFO | 
  Batch 1/5 (10 tickers)
2026-02-14 06:43:21,426 | INFO |     All assets up to date
2026-02-14 06:43:21,427 | INFO | 
  Batch 2/5 (10 tickers)
2026-02-14 06:43:21,435 | INFO |     Batch download: 1 tickers
2026-02-14 06:43:24,241 | ERROR | 
1 Failed download:
2026-02-14 06:43:24,241 | ERROR | ['GRT-USD']: YFRateLimitError('Too Many Requests. Rate limited. Try after a while.')
2026-02-14 06:43:24,251 | INFO |   Batch complete, waiting 120s...
2026-02-14 06:45:24,262 | INFO | 
  Batch 3/5 (10 tickers)
2026-02-14 06:45:24,305 | INFO |     All assets up to date
2026-02-14 06:45:24,305 | INFO | 
  Batch 4/5 (10 tickers)
2026-02-14 06:45:24,320 | INFO |     Batch download: 1 tickers
2026-02-14 06:45:27,057 | ERROR | 
1 Failed download:
2026-02-14 06:45:27,057 | ERROR | ['UNI-USD']: YFRateLimitError('Too Many Requests. Rate limited. Try after a while.')
2026-02-14 06:45:27,057 | INFO |   Batch complete, waiting 120s...
2026-02-14 06:47:27,061 | INFO | 
  Batch 5/5 (6 tickers)
2026-02-14 06:47:27,077 | INFO |     All assets up to date
2026-02-14 06:47:27,077 | INFO | 
============================================================
2026-02-14 06:47:27,077 | INFO | Processing EQUITY: 421 assets
2026-02-14 06:47:27,077 | INFO | Schedule: Weekdays 22:00 UTC
2026-02-14 06:47:27,077 | INFO | ============================================================
2026-02-14 06:47:27,077 | INFO |   Market closed for EQUITY today, skipping
2026-02-14 06:47:27,077 | INFO | 
============================================================
2026-02-14 06:47:27,077 | INFO | Processing FX: 24 assets
2026-02-14 06:47:27,077 | INFO | Schedule: Sun-Thu 22:00 UTC
2026-02-14 06:47:27,077 | INFO | ============================================================
2026-02-14 06:47:27,077 | INFO |   Market closed for FX today, skipping
2026-02-14 06:47:27,092 | WARNING | Heartbeat recording failed: relation "fhq_monitoring.system_heartbeats" does not exist
LINE 2:                 INSERT INTO fhq_monitoring.system_heartbeats...
                                    ^

2026-02-14 06:47:27,098 | INFO | 
======================================================================
2026-02-14 06:47:27,098 | INFO | DAILY INGEST COMPLETE
2026-02-14 06:47:27,098 | INFO | ======================================================================
2026-02-14 06:47:27,098 | INFO | Assets Processed: 46
2026-02-14 06:47:27,098 | INFO | Assets Updated:   0
2026-02-14 06:47:27,098 | INFO | Rows Inserted:    0
2026-02-14 06:47:27,098 | INFO |   CRYPTO: 0 assets, 0 rows
2026-02-14 06:47:27,098 | INFO | Evidence: C:\fhq-market-system\vision-ios\03_FUNCTIONS\evidence\IOS001_DAILY_INGEST_b4f09a0c_20260214_064727.json
2026-02-14 06:47:27,098 | INFO | ======================================================================
