2026-02-15 01:41:43,480 | INFO | ======================================================================
2026-02-15 01:41:43,480 | INFO | IoS-001 DAILY PRICE INGEST
2026-02-15 01:41:43,480 | INFO | Executor: LINE (EC-004)
2026-02-15 01:41:43,480 | INFO | Authority: CEO_DIRECTIVE_LINE_DAILY_INGEST_ACTIVATION_20251212
2026-02-15 01:41:43,480 | INFO | Amendment: CEO-DIR-2026-119 (Rate Limit Mitigation)
2026-02-15 01:41:43,480 | INFO | Time: 2026-02-15T00:41:43.480697+00:00
2026-02-15 01:41:43,480 | INFO | Asset Class Filter: ALL
2026-02-15 01:41:43,480 | INFO | Batch Mode: True
2026-02-15 01:41:43,480 | INFO | Dry Run: False
2026-02-15 01:41:43,480 | INFO | ======================================================================
2026-02-15 01:41:43,732 | INFO | Found 491 VEGA-attested assets
2026-02-15 01:41:43,732 | INFO | 
============================================================
2026-02-15 01:41:43,732 | INFO | Processing CRYPTO: 46 assets
2026-02-15 01:41:43,732 | INFO | Schedule: Daily 01:00 UTC
2026-02-15 01:41:43,732 | INFO | ============================================================
2026-02-15 01:41:43,732 | INFO |   Using BATCH MODE (CEO-DIR-2026-119)
2026-02-15 01:41:43,732 | INFO | 
  Batch 1/5 (10 tickers)
2026-02-15 01:41:43,748 | INFO |     Batch download: 10 tickers
2026-02-15 01:41:56,434 | ERROR | 
10 Failed downloads:
2026-02-15 01:41:56,434 | ERROR | ['AXS-USD', 'ADA-USD', 'CRO-USD', 'ALGO-USD', 'BTC-USD', 'BCH-USD', 'BNB-USD', 'AVAX-USD', 'ATOM-USD', 'CHZ-USD']: YFRateLimitError('Too Many Requests. Rate limited. Try after a while.')
2026-02-15 01:41:56,489 | INFO |   Batch complete, waiting 120s...
2026-02-15 01:43:56,490 | INFO | 
  Batch 2/5 (10 tickers)
2026-02-15 01:43:56,522 | INFO |     Batch download: 10 tickers
2026-02-15 01:44:07,927 | ERROR | 
10 Failed downloads:
2026-02-15 01:44:07,928 | ERROR | ['ETC-USD', 'DOT-USD', 'HBAR-USD', 'ETH-USD', 'GRT-USD', 'FIL-USD', 'DOGE-USD', 'EOS-USD', 'FLOW-USD', 'CRV-USD']: YFRateLimitError('Too Many Requests. Rate limited. Try after a while.')
2026-02-15 01:44:07,933 | INFO |   Batch complete, waiting 120s...
2026-02-15 01:46:07,938 | INFO | 
  Batch 3/5 (10 tickers)
2026-02-15 01:46:07,977 | INFO |     Batch download: 10 tickers
2026-02-15 01:46:21,106 | ERROR | 
10 Failed downloads:
2026-02-15 01:46:21,107 | ERROR | ['MANA-USD', 'QNT-USD', 'LDO-USD', 'INJ-USD', 'ICP-USD', 'MKR-USD', 'LTC-USD', 'LINK-USD', 'NEAR-USD', 'OKB-USD']: YFRateLimitError('Too Many Requests. Rate limited. Try after a while.')
2026-02-15 01:46:21,116 | INFO |   Batch complete, waiting 120s...
