2026-01-11 12:43:09,470 | INFO | ======================================================================
2026-01-11 12:43:09,470 | INFO | IoS-001 DAILY PRICE INGEST
2026-01-11 12:43:09,470 | INFO | Executor: LINE (EC-004)
2026-01-11 12:43:09,470 | INFO | Authority: CEO_DIRECTIVE_LINE_DAILY_INGEST_ACTIVATION_20251212
2026-01-11 12:43:09,471 | INFO | Time: 2026-01-11T11:43:09.471863+00:00
2026-01-11 12:43:09,471 | INFO | Asset Class Filter: ALL
2026-01-11 12:43:09,471 | INFO | Dry Run: False
2026-01-11 12:43:09,471 | INFO | ======================================================================
2026-01-11 12:43:09,782 | INFO | Found 491 VEGA-attested assets
2026-01-11 12:43:09,782 | INFO | 
============================================================
2026-01-11 12:43:09,782 | INFO | Processing CRYPTO: 46 assets
2026-01-11 12:43:09,782 | INFO | Schedule: Daily 01:00 UTC
2026-01-11 12:43:09,782 | INFO | ============================================================
2026-01-11 12:43:09,782 | INFO | 
  Batch 1/2 (25 assets)
2026-01-11 12:43:10,992 | ERROR | $GRT-USD: possibly delisted; no price data found  (1d 2026-01-11 -> 2026-01-12)
2026-01-11 12:43:14,014 | INFO |   Batch complete, waiting 60s...
2026-01-11 12:44:14,015 | INFO | 
  Batch 2/2 (21 assets)
2026-01-11 12:44:14,217 | ERROR | $UNI-USD: possibly delisted; no price data found  (1d 2026-01-08 -> 2026-01-12)
2026-01-11 12:44:17,241 | INFO | 
============================================================
2026-01-11 12:44:17,241 | INFO | Processing EQUITY: 421 assets
2026-01-11 12:44:17,241 | INFO | Schedule: Weekdays 22:00 UTC
2026-01-11 12:44:17,241 | INFO | ============================================================
2026-01-11 12:44:17,241 | INFO |   Market closed for EQUITY today, skipping
2026-01-11 12:44:17,241 | INFO | 
============================================================
2026-01-11 12:44:17,241 | INFO | Processing FX: 24 assets
2026-01-11 12:44:17,241 | INFO | Schedule: Sun-Thu 22:00 UTC
2026-01-11 12:44:17,241 | INFO | ============================================================
2026-01-11 12:44:17,241 | INFO | 
  Batch 1/1 (24 assets)
2026-01-11 12:44:17,504 | INFO |     [AUDJPY=X] +1 rows
2026-01-11 12:44:20,701 | INFO |     [CADJPY=X] +1 rows
2026-01-11 12:44:23,806 | INFO |     [CHFJPY=X] +1 rows
2026-01-11 12:44:26,905 | INFO |     [EURAUD=X] +1 rows
2026-01-11 12:44:30,029 | INFO |     [EURCHF=X] +1 rows
2026-01-11 12:44:33,201 | INFO |     [EURGBP=X] +1 rows
2026-01-11 12:44:36,347 | INFO |     [EURJPY=X] +1 rows
2026-01-11 12:44:39,450 | INFO |     [EURNOK=X] +1 rows
2026-01-11 12:44:42,622 | INFO |     [EURSEK=X] +1 rows
2026-01-11 12:44:45,717 | ERROR | $EURUSD=X: possibly delisted; no price data found  (1d 2026-01-11 -> 2026-01-12)
2026-01-11 12:44:48,858 | INFO |     [GBPJPY=X] +1 rows
2026-01-11 12:44:51,995 | INFO |     [USDHKD=X] +1 rows
2026-01-11 12:44:55,111 | INFO |     [USDJPY=X] +1 rows
2026-01-11 12:44:58,239 | INFO |     [USDMXN=X] +1 rows
2026-01-11 12:45:01,427 | INFO |     [USDTRY=X] +1 rows
2026-01-11 12:45:04,450 | WARNING | Heartbeat recording failed: relation "fhq_monitoring.system_heartbeats" does not exist
LINE 2:                 INSERT INTO fhq_monitoring.system_heartbeats...
                                    ^

2026-01-11 12:45:04,454 | INFO | 
======================================================================
2026-01-11 12:45:04,455 | INFO | DAILY INGEST COMPLETE
2026-01-11 12:45:04,456 | INFO | ======================================================================
2026-01-11 12:45:04,458 | INFO | Assets Processed: 70
2026-01-11 12:45:04,458 | INFO | Assets Updated:   14
2026-01-11 12:45:04,458 | INFO | Rows Inserted:    14
2026-01-11 12:45:04,458 | INFO |   CRYPTO: 0 assets, 0 rows
2026-01-11 12:45:04,458 | INFO |   FX: 14 assets, 14 rows
2026-01-11 12:45:04,458 | INFO | Evidence: C:\fhq-market-system\vision-ios\03_FUNCTIONS\evidence\IOS001_DAILY_INGEST_0d51b299_20260111_124504.json
2026-01-11 12:45:04,458 | INFO | ======================================================================
