2026-01-31 21:41:48,088 | INFO | ======================================================================
2026-01-31 21:41:48,088 | INFO | IoS-001 DAILY PRICE INGEST
2026-01-31 21:41:48,088 | INFO | Executor: LINE (EC-004)
2026-01-31 21:41:48,088 | INFO | Authority: CEO_DIRECTIVE_LINE_DAILY_INGEST_ACTIVATION_20251212
2026-01-31 21:41:48,088 | INFO | Time: 2026-01-31T20:41:48.088504+00:00
2026-01-31 21:41:48,088 | INFO | Asset Class Filter: ALL
2026-01-31 21:41:48,088 | INFO | Dry Run: False
2026-01-31 21:41:48,088 | INFO | ======================================================================
2026-01-31 21:41:48,277 | INFO | Found 491 VEGA-attested assets
2026-01-31 21:41:48,277 | INFO | 
============================================================
2026-01-31 21:41:48,277 | INFO | Processing CRYPTO: 46 assets
2026-01-31 21:41:48,277 | INFO | Schedule: Daily 01:00 UTC
2026-01-31 21:41:48,277 | INFO | ============================================================
2026-01-31 21:41:48,277 | INFO | 
  Batch 1/2 (25 assets)
2026-01-31 21:41:51,116 | WARNING |   [GRT-USD] Fetch error: Too Many Requests. Rate limited. Try after a while.
2026-01-31 21:41:54,148 | INFO |   Batch complete, waiting 60s...
2026-01-31 21:42:54,156 | INFO | 
  Batch 2/2 (21 assets)
2026-01-31 21:42:56,038 | WARNING |   [UNI-USD] Fetch error: Too Many Requests. Rate limited. Try after a while.
2026-01-31 21:42:59,049 | INFO | 
============================================================
2026-01-31 21:42:59,049 | INFO | Processing EQUITY: 421 assets
2026-01-31 21:42:59,049 | INFO | Schedule: Weekdays 22:00 UTC
2026-01-31 21:42:59,049 | INFO | ============================================================
2026-01-31 21:42:59,049 | INFO |   Market closed for EQUITY today, skipping
2026-01-31 21:42:59,049 | INFO | 
============================================================
2026-01-31 21:42:59,049 | INFO | Processing FX: 24 assets
2026-01-31 21:42:59,049 | INFO | Schedule: Sun-Thu 22:00 UTC
2026-01-31 21:42:59,049 | INFO | ============================================================
2026-01-31 21:42:59,049 | INFO |   Market closed for FX today, skipping
2026-01-31 21:42:59,065 | WARNING | Heartbeat recording failed: relation "fhq_monitoring.system_heartbeats" does not exist
LINE 2:                 INSERT INTO fhq_monitoring.system_heartbeats...
                                    ^

2026-01-31 21:42:59,065 | INFO | 
======================================================================
2026-01-31 21:42:59,065 | INFO | DAILY INGEST COMPLETE
2026-01-31 21:42:59,065 | INFO | ======================================================================
2026-01-31 21:42:59,065 | INFO | Assets Processed: 46
2026-01-31 21:42:59,065 | INFO | Assets Updated:   0
2026-01-31 21:42:59,065 | INFO | Rows Inserted:    0
2026-01-31 21:42:59,065 | INFO |   CRYPTO: 0 assets, 0 rows
2026-01-31 21:42:59,065 | INFO | Evidence: C:\fhq-market-system\vision-ios\03_FUNCTIONS\evidence\IOS001_DAILY_INGEST_316ce534_20260131_214259.json
2026-01-31 21:42:59,065 | INFO | ======================================================================
