2026-01-30 20:36:57,986 | INFO | ======================================================================
2026-01-30 20:36:57,986 | INFO | IoS-001 DAILY PRICE INGEST
2026-01-30 20:36:57,986 | INFO | Executor: LINE (EC-004)
2026-01-30 20:36:57,986 | INFO | Authority: CEO_DIRECTIVE_LINE_DAILY_INGEST_ACTIVATION_20251212
2026-01-30 20:36:57,986 | INFO | Time: 2026-01-30T19:36:57.986916+00:00
2026-01-30 20:36:57,986 | INFO | Asset Class Filter: ALL
2026-01-30 20:36:57,986 | INFO | Dry Run: False
2026-01-30 20:36:57,986 | INFO | ======================================================================
2026-01-30 20:36:58,321 | INFO | Found 491 VEGA-attested assets
2026-01-30 20:36:58,321 | INFO | 
============================================================
2026-01-30 20:36:58,321 | INFO | Processing CRYPTO: 46 assets
2026-01-30 20:36:58,321 | INFO | Schedule: Daily 01:00 UTC
2026-01-30 20:36:58,321 | INFO | ============================================================
2026-01-30 20:36:58,321 | INFO | 
  Batch 1/2 (25 assets)
2026-01-30 20:37:02,597 | WARNING |   [GRT-USD] Fetch error: Too Many Requests. Rate limited. Try after a while.
2026-01-30 20:37:05,608 | INFO |   Batch complete, waiting 60s...
2026-01-30 20:38:05,619 | INFO | 
  Batch 2/2 (21 assets)
2026-01-30 20:38:08,662 | WARNING |   [UNI-USD] Fetch error: Too Many Requests. Rate limited. Try after a while.
2026-01-30 20:38:11,685 | INFO | 
============================================================
2026-01-30 20:38:11,685 | INFO | Processing EQUITY: 421 assets
2026-01-30 20:38:11,685 | INFO | Schedule: Weekdays 22:00 UTC
2026-01-30 20:38:11,685 | INFO | ============================================================
2026-01-30 20:38:11,685 | INFO | 
  Batch 1/17 (25 assets)
2026-01-30 20:38:13,749 | WARNING |   [1COV.DE] Fetch error: Too Many Requests. Rate limited. Try after a while.
2026-01-30 20:38:16,802 | INFO |   Batch complete, waiting 60s...
2026-01-30 20:39:16,808 | INFO | 
  Batch 2/17 (25 assets)
2026-01-30 20:39:16,876 | INFO |   Batch complete, waiting 60s...
2026-01-30 20:40:16,878 | INFO | 
  Batch 3/17 (25 assets)
2026-01-30 20:40:20,530 | WARNING |   [BRK.B] Fetch error: Too Many Requests. Rate limited. Try after a while.
2026-01-30 20:40:24,819 | WARNING |   [BT.A.L] Fetch error: Too Many Requests. Rate limited. Try after a while.
2026-01-30 20:40:27,850 | INFO |   Batch complete, waiting 60s...
2026-01-30 20:41:27,851 | INFO | 
  Batch 4/17 (25 assets)
2026-01-30 20:41:30,400 | WARNING |   [COIN] Fetch error: Too Many Requests. Rate limited. Try after a while.
2026-01-30 20:41:34,550 | WARNING |   [CON.DE] Fetch error: Too Many Requests. Rate limited. Try after a while.
2026-01-30 20:41:38,911 | WARNING |   [COP] Fetch error: Too Many Requests. Rate limited. Try after a while.
2026-01-30 20:41:43,475 | WARNING |   [COST] Fetch error: Too Many Requests. Rate limited. Try after a while.
2026-01-30 20:41:48,019 | WARNING |   [CPG.L] Fetch error: Too Many Requests. Rate limited. Try after a while.
2026-01-30 20:41:52,577 | WARNING |   [CRM] Fetch error: Too Many Requests. Rate limited. Try after a while.
