2026-01-25 14:20:10,534 | INFO | ======================================================================
2026-01-25 14:20:10,534 | INFO | IoS-001 DAILY PRICE INGEST
2026-01-25 14:20:10,534 | INFO | Executor: LINE (EC-004)
2026-01-25 14:20:10,534 | INFO | Authority: CEO_DIRECTIVE_LINE_DAILY_INGEST_ACTIVATION_20251212
2026-01-25 14:20:10,534 | INFO | Time: 2026-01-25T13:20:10.534963+00:00
2026-01-25 14:20:10,534 | INFO | Asset Class Filter: ALL
2026-01-25 14:20:10,534 | INFO | Dry Run: False
2026-01-25 14:20:10,534 | INFO | ======================================================================
2026-01-25 14:20:10,778 | INFO | Found 491 VEGA-attested assets
2026-01-25 14:20:10,778 | INFO | 
============================================================
2026-01-25 14:20:10,778 | INFO | Processing CRYPTO: 46 assets
2026-01-25 14:20:10,778 | INFO | Schedule: Daily 01:00 UTC
2026-01-25 14:20:10,778 | INFO | ============================================================
2026-01-25 14:20:10,778 | INFO | 
  Batch 1/2 (25 assets)
2026-01-25 14:20:14,050 | WARNING |   [GRT-USD] Fetch error: Too Many Requests. Rate limited. Try after a while.
2026-01-25 14:20:17,074 | INFO |   Batch complete, waiting 60s...
2026-01-25 14:21:17,079 | INFO | 
  Batch 2/2 (21 assets)
2026-01-25 14:21:18,560 | WARNING |   [UNI-USD] Fetch error: Too Many Requests. Rate limited. Try after a while.
2026-01-25 14:21:21,593 | INFO | 
============================================================
2026-01-25 14:21:21,593 | INFO | Processing EQUITY: 421 assets
2026-01-25 14:21:21,593 | INFO | Schedule: Weekdays 22:00 UTC
2026-01-25 14:21:21,593 | INFO | ============================================================
2026-01-25 14:21:21,593 | INFO |   Market closed for EQUITY today, skipping
2026-01-25 14:21:21,593 | INFO | 
============================================================
2026-01-25 14:21:21,593 | INFO | Processing FX: 24 assets
2026-01-25 14:21:21,593 | INFO | Schedule: Sun-Thu 22:00 UTC
2026-01-25 14:21:21,593 | INFO | ============================================================
2026-01-25 14:21:21,593 | INFO | 
  Batch 1/1 (24 assets)
2026-01-25 14:21:23,076 | WARNING |   [AUDJPY=X] Fetch error: Too Many Requests. Rate limited. Try after a while.
2026-01-25 14:21:27,620 | WARNING |   [CADJPY=X] Fetch error: Too Many Requests. Rate limited. Try after a while.
2026-01-25 14:21:31,904 | WARNING |   [CHFJPY=X] Fetch error: Too Many Requests. Rate limited. Try after a while.
2026-01-25 14:21:35,910 | WARNING |   [EURAUD=X] Fetch error: Too Many Requests. Rate limited. Try after a while.
2026-01-25 14:21:40,016 | WARNING |   [EURCHF=X] Fetch error: Too Many Requests. Rate limited. Try after a while.
2026-01-25 14:21:44,318 | WARNING |   [EURGBP=X] Fetch error: Too Many Requests. Rate limited. Try after a while.
2026-01-25 14:21:48,478 | WARNING |   [EURJPY=X] Fetch error: Too Many Requests. Rate limited. Try after a while.
2026-01-25 14:21:52,821 | WARNING |   [EURNOK=X] Fetch error: Too Many Requests. Rate limited. Try after a while.
2026-01-25 14:21:56,896 | WARNING |   [EURSEK=X] Fetch error: Too Many Requests. Rate limited. Try after a while.
2026-01-25 14:22:00,901 | WARNING |   [EURUSD=X] Fetch error: Too Many Requests. Rate limited. Try after a while.
2026-01-25 14:22:04,882 | WARNING |   [GBPJPY=X] Fetch error: Too Many Requests. Rate limited. Try after a while.
2026-01-25 14:22:08,895 | WARNING |   [GBPUSD=X] Fetch error: Too Many Requests. Rate limited. Try after a while.
2026-01-25 14:22:13,110 | WARNING |   [USDJPY=X] Fetch error: Too Many Requests. Rate limited. Try after a while.
2026-01-25 14:22:16,957 | WARNING |   [USDMXN=X] Fetch error: Too Many Requests. Rate limited. Try after a while.
2026-01-25 14:22:21,039 | WARNING |   [USDNOK=X] Fetch error: Too Many Requests. Rate limited. Try after a while.
2026-01-25 14:22:24,921 | WARNING |   [USDSEK=X] Fetch error: Too Many Requests. Rate limited. Try after a while.
2026-01-25 14:22:28,929 | WARNING |   [USDTRY=X] Fetch error: Too Many Requests. Rate limited. Try after a while.
2026-01-25 14:22:31,941 | WARNING | Heartbeat recording failed: relation "fhq_monitoring.system_heartbeats" does not exist
LINE 2:                 INSERT INTO fhq_monitoring.system_heartbeats...
                                    ^

2026-01-25 14:22:31,952 | INFO | 
======================================================================
2026-01-25 14:22:31,953 | INFO | DAILY INGEST COMPLETE
2026-01-25 14:22:31,954 | INFO | ======================================================================
2026-01-25 14:22:31,954 | INFO | Assets Processed: 70
2026-01-25 14:22:31,955 | INFO | Assets Updated:   0
2026-01-25 14:22:31,955 | INFO | Rows Inserted:    0
2026-01-25 14:22:31,956 | INFO |   CRYPTO: 0 assets, 0 rows
2026-01-25 14:22:31,956 | INFO |   FX: 0 assets, 0 rows
2026-01-25 14:22:31,957 | INFO | Evidence: C:\fhq-market-system\vision-ios\03_FUNCTIONS\evidence\IOS001_DAILY_INGEST_033630a9_20260125_142231.json
2026-01-25 14:22:31,957 | INFO | ======================================================================
