2026-02-01 23:52:23,470 | INFO | ======================================================================
2026-02-01 23:52:23,470 | INFO | IoS-001 DAILY PRICE INGEST
2026-02-01 23:52:23,471 | INFO | Executor: LINE (EC-004)
2026-02-01 23:52:23,471 | INFO | Authority: CEO_DIRECTIVE_LINE_DAILY_INGEST_ACTIVATION_20251212
2026-02-01 23:52:23,471 | INFO | Time: 2026-02-01T22:52:23.471234+00:00
2026-02-01 23:52:23,471 | INFO | Asset Class Filter: ALL
2026-02-01 23:52:23,471 | INFO | Dry Run: False
2026-02-01 23:52:23,471 | INFO | ======================================================================
2026-02-01 23:52:23,877 | INFO | Found 491 VEGA-attested assets
2026-02-01 23:52:23,878 | INFO | 
============================================================
2026-02-01 23:52:23,878 | INFO | Processing CRYPTO: 46 assets
2026-02-01 23:52:23,878 | INFO | Schedule: Daily 01:00 UTC
2026-02-01 23:52:23,878 | INFO | ============================================================
2026-02-01 23:52:23,878 | INFO | 
  Batch 1/2 (25 assets)
2026-02-01 23:52:23,983 | INFO |   Batch complete, waiting 60s...
2026-02-01 23:53:23,984 | INFO | 
  Batch 2/2 (21 assets)
2026-02-01 23:53:27,199 | WARNING |   [UNI-USD] Fetch error: Too Many Requests. Rate limited. Try after a while.
2026-02-01 23:53:30,226 | INFO | 
============================================================
2026-02-01 23:53:30,226 | INFO | Processing EQUITY: 421 assets
2026-02-01 23:53:30,226 | INFO | Schedule: Weekdays 22:00 UTC
2026-02-01 23:53:30,226 | INFO | ============================================================
2026-02-01 23:53:30,227 | INFO |   Market closed for EQUITY today, skipping
2026-02-01 23:53:30,227 | INFO | 
============================================================
2026-02-01 23:53:30,227 | INFO | Processing FX: 24 assets
2026-02-01 23:53:30,227 | INFO | Schedule: Sun-Thu 22:00 UTC
2026-02-01 23:53:30,227 | INFO | ============================================================
2026-02-01 23:53:30,227 | INFO | 
  Batch 1/1 (24 assets)
2026-02-01 23:53:31,374 | WARNING |   [USDSEK=X] Fetch error: Too Many Requests. Rate limited. Try after a while.
2026-02-01 23:53:34,387 | WARNING | Heartbeat recording failed: relation "fhq_monitoring.system_heartbeats" does not exist
LINE 2:                 INSERT INTO fhq_monitoring.system_heartbeats...
                                    ^

2026-02-01 23:53:34,389 | INFO | 
======================================================================
2026-02-01 23:53:34,389 | INFO | DAILY INGEST COMPLETE
2026-02-01 23:53:34,389 | INFO | ======================================================================
2026-02-01 23:53:34,389 | INFO | Assets Processed: 70
2026-02-01 23:53:34,390 | INFO | Assets Updated:   0
2026-02-01 23:53:34,390 | INFO | Rows Inserted:    0
2026-02-01 23:53:34,390 | INFO |   CRYPTO: 0 assets, 0 rows
2026-02-01 23:53:34,390 | INFO |   FX: 0 assets, 0 rows
2026-02-01 23:53:34,390 | INFO | Evidence: C:\fhq-market-system\vision-ios\03_FUNCTIONS\evidence\IOS001_DAILY_INGEST_c61a30ae_20260201_235334.json
2026-02-01 23:53:34,391 | INFO | ======================================================================
