2026-01-15 15:06:51,519 | INFO | ======================================================================
2026-01-15 15:06:51,520 | INFO | IoS-001 DAILY PRICE INGEST
2026-01-15 15:06:51,520 | INFO | Executor: LINE (EC-004)
2026-01-15 15:06:51,520 | INFO | Authority: CEO_DIRECTIVE_LINE_DAILY_INGEST_ACTIVATION_20251212
2026-01-15 15:06:51,520 | INFO | Time: 2026-01-15T14:06:51.520031+00:00
2026-01-15 15:06:51,520 | INFO | Asset Class Filter: ALL
2026-01-15 15:06:51,520 | INFO | Dry Run: False
2026-01-15 15:06:51,520 | INFO | ======================================================================
2026-01-15 15:06:51,772 | INFO | Found 491 VEGA-attested assets
2026-01-15 15:06:51,772 | INFO | 
============================================================
2026-01-15 15:06:51,772 | INFO | Processing CRYPTO: 46 assets
2026-01-15 15:06:51,772 | INFO | Schedule: Daily 01:00 UTC
2026-01-15 15:06:51,772 | INFO | ============================================================
2026-01-15 15:06:51,772 | INFO | 
  Batch 1/2 (25 assets)
2026-01-15 15:06:54,861 | WARNING |   [GRT-USD] Fetch error: Too Many Requests. Rate limited. Try after a while.
2026-01-15 15:06:57,895 | INFO |   Batch complete, waiting 60s...
2026-01-15 15:07:57,896 | INFO | 
  Batch 2/2 (21 assets)
2026-01-15 15:07:59,495 | WARNING |   [UNI-USD] Fetch error: Too Many Requests. Rate limited. Try after a while.
2026-01-15 15:08:02,543 | INFO | 
============================================================
2026-01-15 15:08:02,543 | INFO | Processing EQUITY: 421 assets
2026-01-15 15:08:02,545 | INFO | Schedule: Weekdays 22:00 UTC
2026-01-15 15:08:02,545 | INFO | ============================================================
2026-01-15 15:08:02,546 | INFO | 
  Batch 1/17 (25 assets)
2026-01-15 15:08:03,921 | WARNING |   [1COV.DE] Fetch error: Too Many Requests. Rate limited. Try after a while.
2026-01-15 15:08:08,327 | WARNING |   [ABBV] Fetch error: Too Many Requests. Rate limited. Try after a while.
2026-01-15 15:08:12,642 | WARNING |   [ABNB] Fetch error: Too Many Requests. Rate limited. Try after a while.
2026-01-15 15:08:17,652 | WARNING |   [ABT] Fetch error: Too Many Requests. Rate limited. Try after a while.
2026-01-15 15:08:22,088 | WARNING |   [ADBE] Fetch error: Too Many Requests. Rate limited. Try after a while.
2026-01-15 15:08:26,296 | WARNING |   [ADI] Fetch error: Too Many Requests. Rate limited. Try after a while.
2026-01-15 15:08:30,328 | WARNING |   [ADSK] Fetch error: Too Many Requests. Rate limited. Try after a while.
2026-01-15 15:08:34,627 | WARNING |   [AEP] Fetch error: Too Many Requests. Rate limited. Try after a while.
2026-01-15 15:08:38,749 | WARNING |   [AFL] Fetch error: Too Many Requests. Rate limited. Try after a while.
2026-01-15 15:08:43,357 | WARNING |   [AIG] Fetch error: Too Many Requests. Rate limited. Try after a while.
2026-01-15 15:08:47,382 | WARNING |   [AKAM] Fetch error: Too Many Requests. Rate limited. Try after a while.
2026-01-15 15:08:51,633 | WARNING |   [ALB] Fetch error: Too Many Requests. Rate limited. Try after a while.
2026-01-15 15:08:55,691 | WARNING |   [ALL] Fetch error: Too Many Requests. Rate limited. Try after a while.
2026-01-15 15:09:00,054 | WARNING |   [AMAT] Fetch error: Too Many Requests. Rate limited. Try after a while.
2026-01-15 15:09:03,056 | INFO |   Batch complete, waiting 60s...
2026-01-15 15:10:03,058 | INFO | 
  Batch 2/17 (25 assets)
2026-01-15 15:10:04,559 | WARNING |   [AMD] Fetch error: Too Many Requests. Rate limited. Try after a while.
2026-01-15 15:10:08,620 | WARNING |   [AMGN] Fetch error: Too Many Requests. Rate limited. Try after a while.
2026-01-15 15:10:12,834 | WARNING |   [AMT] Fetch error: Too Many Requests. Rate limited. Try after a while.
2026-01-15 15:10:17,003 | WARNING |   [AMZN] Fetch error: Too Many Requests. Rate limited. Try after a while.
2026-01-15 15:10:21,293 | WARNING |   [AON] Fetch error: Too Many Requests. Rate limited. Try after a while.
2026-01-15 15:10:25,498 | WARNING |   [APD] Fetch error: Too Many Requests. Rate limited. Try after a while.
2026-01-15 15:10:29,595 | WARNING |   [ASML] Fetch error: Too Many Requests. Rate limited. Try after a while.
2026-01-15 15:10:33,876 | WARNING |   [AVB] Fetch error: Too Many Requests. Rate limited. Try after a while.
2026-01-15 15:10:37,936 | WARNING |   [AVGO] Fetch error: Too Many Requests. Rate limited. Try after a while.
2026-01-15 15:10:42,039 | WARNING |   [AWK] Fetch error: Too Many Requests. Rate limited. Try after a while.
2026-01-15 15:10:46,118 | WARNING |   [AXP] Fetch error: Too Many Requests. Rate limited. Try after a while.
2026-01-15 15:10:50,480 | WARNING |   [AZO] Fetch error: Too Many Requests. Rate limited. Try after a while.
2026-01-15 15:10:54,673 | WARNING |   [BA] Fetch error: Too Many Requests. Rate limited. Try after a while.
2026-01-15 15:10:58,765 | WARNING |   [BAC] Fetch error: Too Many Requests. Rate limited. Try after a while.
2026-01-15 15:11:01,791 | INFO |   Batch complete, waiting 60s...
