2026-01-12 18:02:21,380 | INFO | ======================================================================
2026-01-12 18:02:21,380 | INFO | IoS-001 DAILY PRICE INGEST
2026-01-12 18:02:21,380 | INFO | Executor: LINE (EC-004)
2026-01-12 18:02:21,380 | INFO | Authority: CEO_DIRECTIVE_LINE_DAILY_INGEST_ACTIVATION_20251212
2026-01-12 18:02:21,381 | INFO | Time: 2026-01-12T17:02:21.381441+00:00
2026-01-12 18:02:21,381 | INFO | Asset Class Filter: ALL
2026-01-12 18:02:21,381 | INFO | Dry Run: False
2026-01-12 18:02:21,381 | INFO | ======================================================================
2026-01-12 18:02:21,665 | INFO | Found 491 VEGA-attested assets
2026-01-12 18:02:21,665 | INFO | 
============================================================
2026-01-12 18:02:21,665 | INFO | Processing CRYPTO: 46 assets
2026-01-12 18:02:21,665 | INFO | Schedule: Daily 01:00 UTC
2026-01-12 18:02:21,665 | INFO | ============================================================
2026-01-12 18:02:21,665 | INFO | 
  Batch 1/2 (25 assets)
2026-01-12 18:02:21,694 | INFO |   Batch complete, waiting 60s...
2026-01-12 18:03:21,694 | INFO | 
  Batch 2/2 (21 assets)
2026-01-12 18:03:25,514 | WARNING |   [UNI-USD] Fetch error: Too Many Requests. Rate limited. Try after a while.
2026-01-12 18:03:28,530 | INFO | 
============================================================
2026-01-12 18:03:28,530 | INFO | Processing EQUITY: 421 assets
2026-01-12 18:03:28,530 | INFO | Schedule: Weekdays 22:00 UTC
2026-01-12 18:03:28,530 | INFO | ============================================================
2026-01-12 18:03:28,530 | INFO | 
  Batch 1/17 (25 assets)
2026-01-12 18:03:30,332 | WARNING |   [1COV.DE] Fetch error: Too Many Requests. Rate limited. Try after a while.
2026-01-12 18:03:33,423 | INFO |   Batch complete, waiting 60s...
2026-01-12 18:04:33,425 | INFO | 
  Batch 2/17 (25 assets)
2026-01-12 18:04:33,471 | INFO |   Batch complete, waiting 60s...
2026-01-12 18:05:33,479 | INFO | 
  Batch 3/17 (25 assets)
2026-01-12 18:05:37,065 | WARNING |   [BRK.B] Fetch error: Too Many Requests. Rate limited. Try after a while.
2026-01-12 18:05:41,118 | WARNING |   [BT.A.L] Fetch error: Too Many Requests. Rate limited. Try after a while.
2026-01-12 18:05:45,782 | WARNING |   [BWO.OL] Fetch error: Too Many Requests. Rate limited. Try after a while.
2026-01-12 18:05:50,143 | WARNING |   [C] Fetch error: Too Many Requests. Rate limited. Try after a while.
2026-01-12 18:05:55,819 | WARNING |   [CAG] Fetch error: Too Many Requests. Rate limited. Try after a while.
2026-01-12 18:05:59,785 | WARNING |   [CAP.PA] Fetch error: Too Many Requests. Rate limited. Try after a while.
2026-01-12 18:06:04,500 | WARNING |   [CARR] Fetch error: Too Many Requests. Rate limited. Try after a while.
2026-01-12 18:06:08,614 | WARNING |   [CAT] Fetch error: Too Many Requests. Rate limited. Try after a while.
2026-01-12 18:06:12,889 | WARNING |   [CB] Fetch error: Too Many Requests. Rate limited. Try after a while.
2026-01-12 18:06:16,976 | WARNING |   [CBK.DE] Fetch error: Too Many Requests. Rate limited. Try after a while.
2026-01-12 18:06:20,757 | WARNING |   [CCI] Fetch error: Too Many Requests. Rate limited. Try after a while.
2026-01-12 18:06:25,327 | WARNING |   [CDNS] Fetch error: Too Many Requests. Rate limited. Try after a while.
2026-01-12 18:06:28,331 | INFO |   Batch complete, waiting 60s...
