2026-02-16 16:45:15,932 | INFO | ======================================================================
2026-02-16 16:45:15,932 | INFO | IoS-001 DAILY PRICE INGEST
2026-02-16 16:45:15,932 | INFO | Executor: LINE (EC-004)
2026-02-16 16:45:15,932 | INFO | Authority: CEO_DIRECTIVE_LINE_DAILY_INGEST_ACTIVATION_20251212
2026-02-16 16:45:15,932 | INFO | Amendment: CEO-DIR-2026-119 (Rate Limit Mitigation)
2026-02-16 16:45:15,932 | INFO | Time: 2026-02-16T15:45:15.932156+00:00
2026-02-16 16:45:15,932 | INFO | Asset Class Filter: ALL
2026-02-16 16:45:15,932 | INFO | Batch Mode: True
2026-02-16 16:45:15,932 | INFO | Dry Run: False
2026-02-16 16:45:15,932 | INFO | ======================================================================
2026-02-16 16:45:16,203 | INFO | Found 491 VEGA-attested assets
2026-02-16 16:45:16,203 | INFO | 
============================================================
2026-02-16 16:45:16,203 | INFO | Processing CRYPTO: 46 assets
2026-02-16 16:45:16,203 | INFO | Schedule: Daily 01:00 UTC
2026-02-16 16:45:16,203 | INFO | ============================================================
2026-02-16 16:45:16,203 | INFO |   Using BATCH MODE (CEO-DIR-2026-119)
2026-02-16 16:45:16,203 | INFO | 
  Batch 1/5 (10 tickers)
2026-02-16 16:45:16,220 | INFO |     All assets up to date
2026-02-16 16:45:16,220 | INFO | 
  Batch 2/5 (10 tickers)
2026-02-16 16:45:16,231 | INFO |     Batch download: 1 tickers
2026-02-16 16:45:17,418 | ERROR | 
1 Failed download:
2026-02-16 16:45:17,418 | ERROR | ['GRT-USD']: YFPricesMissingError('possibly delisted; no price data found  (1d 2026-02-15 -> 2026-02-17)')
2026-02-16 16:45:17,449 | INFO |   Batch complete, waiting 120s...
2026-02-16 16:47:17,460 | INFO | 
  Batch 3/5 (10 tickers)
2026-02-16 16:47:17,545 | INFO |     All assets up to date
2026-02-16 16:47:17,545 | INFO | 
  Batch 4/5 (10 tickers)
2026-02-16 16:47:17,607 | INFO |     Batch download: 1 tickers
2026-02-16 16:47:18,091 | ERROR | 
1 Failed download:
2026-02-16 16:47:18,092 | ERROR | ['UNI-USD']: YFPricesMissingError('possibly delisted; no price data found  (1d 2026-02-12 -> 2026-02-17)')
2026-02-16 16:47:18,094 | INFO |   Batch complete, waiting 120s...
2026-02-16 16:49:18,097 | INFO | 
  Batch 5/5 (6 tickers)
2026-02-16 16:49:18,147 | INFO |     All assets up to date
2026-02-16 16:49:18,147 | INFO | 
============================================================
2026-02-16 16:49:18,148 | INFO | Processing EQUITY: 421 assets
2026-02-16 16:49:18,148 | INFO | Schedule: Weekdays 22:00 UTC
2026-02-16 16:49:18,148 | INFO | ============================================================
2026-02-16 16:49:18,149 | INFO |   Using BATCH MODE (CEO-DIR-2026-119)
2026-02-16 16:49:18,149 | INFO | 
  Batch 1/43 (10 tickers)
2026-02-16 16:49:18,169 | INFO |     Batch download: 8 tickers
2026-02-16 16:49:19,766 | ERROR | 
1 Failed download:
2026-02-16 16:49:19,766 | ERROR | ['1COV.DE']: YFPricesMissingError('possibly delisted; no price data found  (1d 2025-12-24 -> 2026-02-17)')
2026-02-16 16:49:19,817 | INFO |     [ABBV] +35 rows
2026-02-16 16:49:19,832 | INFO |     [ABNB] +35 rows
2026-02-16 16:49:19,837 | INFO |     [ABT] +35 rows
2026-02-16 16:49:19,852 | INFO |     [ADBE] +35 rows
2026-02-16 16:49:19,858 | INFO |     [ADI] +35 rows
2026-02-16 16:49:19,868 | INFO |     [ADSK] +35 rows
2026-02-16 16:49:19,878 | INFO |     [AEP] +35 rows
2026-02-16 16:49:19,878 | INFO |   Batch complete, waiting 120s...
