2026-01-11 21:22:56,916 | INFO | ======================================================================
2026-01-11 21:22:56,916 | INFO | IoS-001 DAILY PRICE INGEST
2026-01-11 21:22:56,916 | INFO | Executor: LINE (EC-004)
2026-01-11 21:22:56,916 | INFO | Authority: CEO_DIRECTIVE_LINE_DAILY_INGEST_ACTIVATION_20251212
2026-01-11 21:22:56,926 | INFO | Time: 2026-01-11T20:22:56.926211+00:00
2026-01-11 21:22:56,926 | INFO | Asset Class Filter: ALL
2026-01-11 21:22:56,926 | INFO | Dry Run: False
2026-01-11 21:22:56,926 | INFO | ======================================================================
2026-01-11 21:22:57,222 | INFO | Found 491 VEGA-attested assets
2026-01-11 21:22:57,223 | INFO | 
============================================================
2026-01-11 21:22:57,223 | INFO | Processing CRYPTO: 46 assets
2026-01-11 21:22:57,223 | INFO | Schedule: Daily 01:00 UTC
2026-01-11 21:22:57,223 | INFO | ============================================================
2026-01-11 21:22:57,223 | INFO | 
  Batch 1/2 (25 assets)
2026-01-11 21:23:01,041 | WARNING |   [GRT-USD] Fetch error: Too Many Requests. Rate limited. Try after a while.
2026-01-11 21:23:04,058 | INFO |   Batch complete, waiting 60s...
2026-01-11 21:24:04,061 | INFO | 
  Batch 2/2 (21 assets)
2026-01-11 21:24:06,187 | WARNING |   [UNI-USD] Fetch error: Too Many Requests. Rate limited. Try after a while.
2026-01-11 21:24:09,222 | INFO | 
============================================================
2026-01-11 21:24:09,222 | INFO | Processing EQUITY: 421 assets
2026-01-11 21:24:09,222 | INFO | Schedule: Weekdays 22:00 UTC
2026-01-11 21:24:09,222 | INFO | ============================================================
2026-01-11 21:24:09,222 | INFO |   Market closed for EQUITY today, skipping
2026-01-11 21:24:09,222 | INFO | 
============================================================
2026-01-11 21:24:09,222 | INFO | Processing FX: 24 assets
2026-01-11 21:24:09,222 | INFO | Schedule: Sun-Thu 22:00 UTC
2026-01-11 21:24:09,222 | INFO | ============================================================
2026-01-11 21:24:09,223 | INFO | 
  Batch 1/1 (24 assets)
2026-01-11 21:24:09,284 | WARNING | Heartbeat recording failed: relation "fhq_monitoring.system_heartbeats" does not exist
LINE 2:                 INSERT INTO fhq_monitoring.system_heartbeats...
                                    ^

2026-01-11 21:24:09,284 | INFO | 
======================================================================
2026-01-11 21:24:09,284 | INFO | DAILY INGEST COMPLETE
2026-01-11 21:24:09,284 | INFO | ======================================================================
2026-01-11 21:24:09,284 | INFO | Assets Processed: 70
2026-01-11 21:24:09,284 | INFO | Assets Updated:   0
2026-01-11 21:24:09,284 | INFO | Rows Inserted:    0
2026-01-11 21:24:09,284 | INFO |   CRYPTO: 0 assets, 0 rows
2026-01-11 21:24:09,284 | INFO |   FX: 0 assets, 0 rows
2026-01-11 21:24:09,284 | INFO | Evidence: C:\fhq-market-system\vision-ios\03_FUNCTIONS\evidence\IOS001_DAILY_INGEST_48694d88_20260111_212409.json
2026-01-11 21:24:09,284 | INFO | ======================================================================
