2026-02-13 08:26:07,353 | INFO | ======================================================================
2026-02-13 08:26:07,353 | INFO | IoS-001 DAILY PRICE INGEST
2026-02-13 08:26:07,353 | INFO | Executor: LINE (EC-004)
2026-02-13 08:26:07,353 | INFO | Authority: CEO_DIRECTIVE_LINE_DAILY_INGEST_ACTIVATION_20251212
2026-02-13 08:26:07,353 | INFO | Amendment: CEO-DIR-2026-119 (Rate Limit Mitigation)
2026-02-13 08:26:07,353 | INFO | Time: 2026-02-13T07:26:07.353880+00:00
2026-02-13 08:26:07,353 | INFO | Asset Class Filter: ALL
2026-02-13 08:26:07,353 | INFO | Batch Mode: True
2026-02-13 08:26:07,353 | INFO | Dry Run: False
2026-02-13 08:26:07,353 | INFO | ======================================================================
2026-02-13 08:26:07,725 | INFO | Found 491 VEGA-attested assets
2026-02-13 08:26:07,725 | INFO | 
============================================================
2026-02-13 08:26:07,725 | INFO | Processing CRYPTO: 46 assets
2026-02-13 08:26:07,725 | INFO | Schedule: Daily 01:00 UTC
2026-02-13 08:26:07,725 | INFO | ============================================================
2026-02-13 08:26:07,725 | INFO |   Using BATCH MODE (CEO-DIR-2026-119)
2026-02-13 08:26:07,725 | INFO | 
  Batch 1/5 (10 tickers)
2026-02-13 08:26:07,776 | INFO |     All assets up to date
2026-02-13 08:26:07,776 | INFO | 
  Batch 2/5 (10 tickers)
2026-02-13 08:26:07,810 | INFO |     Batch download: 1 tickers
2026-02-13 08:26:09,082 | ERROR | 
1 Failed download:
2026-02-13 08:26:09,082 | ERROR | ['GRT-USD']: YFPricesMissingError('possibly delisted; no price data found  (1d 2026-02-13 -> 2026-02-14)')
2026-02-13 08:26:09,092 | INFO |   Batch complete, waiting 120s...
2026-02-13 08:28:09,099 | INFO | 
  Batch 3/5 (10 tickers)
2026-02-13 08:28:09,202 | INFO |     All assets up to date
2026-02-13 08:28:09,202 | INFO | 
  Batch 4/5 (10 tickers)
2026-02-13 08:28:09,316 | INFO |     Batch download: 1 tickers
2026-02-13 08:28:09,773 | ERROR | 
1 Failed download:
2026-02-13 08:28:09,773 | ERROR | ['UNI-USD']: YFPricesMissingError('possibly delisted; no price data found  (1d 2026-02-12 -> 2026-02-14)')
2026-02-13 08:28:09,783 | INFO |   Batch complete, waiting 120s...
2026-02-13 08:30:09,784 | INFO | 
  Batch 5/5 (6 tickers)
2026-02-13 08:30:09,800 | INFO |     All assets up to date
2026-02-13 08:30:09,801 | INFO | 
============================================================
2026-02-13 08:30:09,801 | INFO | Processing EQUITY: 421 assets
2026-02-13 08:30:09,801 | INFO | Schedule: Weekdays 22:00 UTC
2026-02-13 08:30:09,801 | INFO | ============================================================
2026-02-13 08:30:09,801 | INFO |   Using BATCH MODE (CEO-DIR-2026-119)
2026-02-13 08:30:09,801 | INFO | 
  Batch 1/43 (10 tickers)
2026-02-13 08:30:09,824 | INFO |     Batch download: 10 tickers
2026-02-13 08:30:12,007 | ERROR | 
1 Failed download:
2026-02-13 08:30:12,007 | ERROR | ['1COV.DE']: YFPricesMissingError('possibly delisted; no price data found  (1d 2025-12-24 -> 2026-02-14)')
2026-02-13 08:30:12,081 | INFO |     [ABBV] +34 rows
2026-02-13 08:30:12,098 | INFO |     [ABNB] +34 rows
2026-02-13 08:30:12,113 | INFO |     [ABT] +34 rows
2026-02-13 08:30:12,141 | INFO |     [ACA.PA] +34 rows
2026-02-13 08:30:12,181 | INFO |     [ADBE] +34 rows
2026-02-13 08:30:12,197 | INFO |     [ADI] +34 rows
2026-02-13 08:30:12,219 | INFO |     [ADS.DE] +32 rows
2026-02-13 08:30:12,237 | INFO |     [ADSK] +34 rows
2026-02-13 08:30:12,255 | INFO |     [AEP] +34 rows
2026-02-13 08:30:12,255 | INFO |   Batch complete, waiting 120s...
