2026-01-21 16:21:22,952 | INFO | ======================================================================
2026-01-21 16:21:22,952 | INFO | IoS-001 DAILY PRICE INGEST
2026-01-21 16:21:22,952 | INFO | Executor: LINE (EC-004)
2026-01-21 16:21:22,952 | INFO | Authority: CEO_DIRECTIVE_LINE_DAILY_INGEST_ACTIVATION_20251212
2026-01-21 16:21:22,952 | INFO | Time: 2026-01-21T15:21:22.952538+00:00
2026-01-21 16:21:22,952 | INFO | Asset Class Filter: ALL
2026-01-21 16:21:22,952 | INFO | Dry Run: False
2026-01-21 16:21:22,952 | INFO | ======================================================================
2026-01-21 16:21:23,301 | INFO | Found 491 VEGA-attested assets
2026-01-21 16:21:23,303 | INFO | 
============================================================
2026-01-21 16:21:23,303 | INFO | Processing CRYPTO: 46 assets
2026-01-21 16:21:23,303 | INFO | Schedule: Daily 01:00 UTC
2026-01-21 16:21:23,303 | INFO | ============================================================
2026-01-21 16:21:23,303 | INFO | 
  Batch 1/2 (25 assets)
2026-01-21 16:21:29,045 | ERROR | $GRT-USD: possibly delisted; no price data found  (1d 2026-01-21 -> 2026-01-22)
2026-01-21 16:21:32,083 | INFO |   Batch complete, waiting 60s...
2026-01-21 16:22:32,087 | INFO | 
  Batch 2/2 (21 assets)
2026-01-21 16:22:35,838 | ERROR | $UNI-USD: possibly delisted; no price data found  (1d 2026-01-21 -> 2026-01-22)
2026-01-21 16:22:38,886 | INFO | 
============================================================
2026-01-21 16:22:38,886 | INFO | Processing EQUITY: 421 assets
2026-01-21 16:22:38,886 | INFO | Schedule: Weekdays 22:00 UTC
2026-01-21 16:22:38,886 | INFO | ============================================================
2026-01-21 16:22:38,886 | INFO | 
  Batch 1/17 (25 assets)
2026-01-21 16:22:39,073 | ERROR | $1COV.DE: possibly delisted; no price data found  (1d 2025-12-24 -> 2026-01-22)
2026-01-21 16:22:42,377 | INFO |     [ABBV] +1 rows
2026-01-21 16:22:45,990 | INFO |     [ABNB] +1 rows
2026-01-21 16:22:49,254 | INFO |     [ABT] +1 rows
2026-01-21 16:22:52,389 | INFO |     [ACA.PA] +1 rows
2026-01-21 16:22:55,516 | INFO |     [ADBE] +1 rows
2026-01-21 16:23:03,541 | INFO |     [ADI] +1 rows
2026-01-21 16:23:06,719 | INFO |     [ADS.DE] +1 rows
2026-01-21 16:23:09,854 | INFO |     [ADSK] +1 rows
2026-01-21 16:23:13,118 | INFO |     [AEP] +1 rows
2026-01-21 16:23:16,377 | INFO |     [AFL] +1 rows
2026-01-21 16:23:19,552 | INFO |     [AI.PA] +1 rows
2026-01-21 16:23:22,690 | INFO |     [AIG] +1 rows
2026-01-21 16:23:25,841 | INFO |     [AIR.DE] +1 rows
2026-01-21 16:23:28,976 | INFO |     [AIR.PA] +1 rows
2026-01-21 16:23:32,077 | INFO |     [AKAM] +1 rows
2026-01-21 16:23:36,030 | INFO |     [AKER.OL] +1 rows
2026-01-21 16:23:39,240 | INFO |     [AKRBP.OL] +1 rows
2026-01-21 16:23:42,364 | INFO |     [AKSO.OL] +1 rows
2026-01-21 16:23:45,482 | INFO |     [AKVA.OL] +1 rows
2026-01-21 16:23:48,639 | INFO |     [ALB] +1 rows
2026-01-21 16:23:51,803 | INFO |     [ALL] +1 rows
2026-01-21 16:23:54,930 | INFO |     [ALO.PA] +1 rows
2026-01-21 16:23:58,076 | INFO |     [ALV.DE] +1 rows
2026-01-21 16:24:01,277 | INFO |     [AMAT] +1 rows
2026-01-21 16:24:04,284 | INFO |   Batch complete, waiting 60s...
2026-01-21 16:25:04,284 | INFO | 
  Batch 2/17 (25 assets)
2026-01-21 16:25:04,402 | INFO |     [AMD] +1 rows
2026-01-21 16:25:07,512 | INFO |     [AMGN] +1 rows
2026-01-21 16:25:10,741 | INFO |     [AMT] +1 rows
2026-01-21 16:25:13,849 | INFO |     [AMZN] +1 rows
2026-01-21 16:25:17,004 | INFO |     [AON] +1 rows
2026-01-21 16:25:20,155 | INFO |     [APD] +1 rows
2026-01-21 16:25:23,274 | INFO |     [ASML] +1 rows
2026-01-21 16:25:26,396 | INFO |     [ATO.PA] +1 rows
2026-01-21 16:25:29,512 | INFO |     [AUSS.OL] +1 rows
2026-01-21 16:25:32,638 | INFO |     [AUTO.OL] +1 rows
2026-01-21 16:25:35,821 | INFO |     [AV.L] +1 rows
2026-01-21 16:25:38,955 | INFO |     [AVB] +1 rows
2026-01-21 16:25:42,107 | INFO |     [AVGO] +1 rows
2026-01-21 16:25:45,226 | INFO |     [AWK] +1 rows
2026-01-21 16:25:48,433 | INFO |     [AXP] +1 rows
2026-01-21 16:25:51,570 | INFO |     [AZN.L] +1 rows
2026-01-21 16:25:54,724 | INFO |     [AZO] +1 rows
2026-01-21 16:25:57,882 | INFO |     [BA] +1 rows
2026-01-21 16:26:01,014 | INFO |     [BA.L] +1 rows
2026-01-21 16:26:04,210 | INFO |     [BAC] +1 rows
2026-01-21 16:26:07,377 | INFO |     [BAKKA.OL] +1 rows
2026-01-21 16:26:10,539 | INFO |     [BARC.L] +1 rows
2026-01-21 16:26:13,758 | INFO |     [BAS.DE] +1 rows
2026-01-21 16:26:16,902 | INFO |     [BATS.L] +1 rows
2026-01-21 16:26:20,136 | INFO |     [BAYN.DE] +1 rows
