2026-02-15 00:31:30,886 | INFO | ======================================================================
2026-02-15 00:31:30,886 | INFO | IoS-001 DAILY PRICE INGEST
2026-02-15 00:31:30,886 | INFO | Executor: LINE (EC-004)
2026-02-15 00:31:30,886 | INFO | Authority: CEO_DIRECTIVE_LINE_DAILY_INGEST_ACTIVATION_20251212
2026-02-15 00:31:30,886 | INFO | Amendment: CEO-DIR-2026-119 (Rate Limit Mitigation)
2026-02-15 00:31:30,886 | INFO | Time: 2026-02-14T23:31:30.886290+00:00
2026-02-15 00:31:30,886 | INFO | Asset Class Filter: ALL
2026-02-15 00:31:30,886 | INFO | Batch Mode: True
2026-02-15 00:31:30,886 | INFO | Dry Run: False
2026-02-15 00:31:30,886 | INFO | ======================================================================
2026-02-15 00:31:31,065 | INFO | Found 491 VEGA-attested assets
2026-02-15 00:31:31,065 | INFO | 
============================================================
2026-02-15 00:31:31,065 | INFO | Processing CRYPTO: 46 assets
2026-02-15 00:31:31,065 | INFO | Schedule: Daily 01:00 UTC
2026-02-15 00:31:31,065 | INFO | ============================================================
2026-02-15 00:31:31,065 | INFO |   Using BATCH MODE (CEO-DIR-2026-119)
2026-02-15 00:31:31,065 | INFO | 
  Batch 1/5 (10 tickers)
2026-02-15 00:31:31,065 | INFO |     Batch download: 10 tickers
2026-02-15 00:31:42,432 | ERROR | 
10 Failed downloads:
2026-02-15 00:31:42,432 | ERROR | ['ADA-USD', 'CHZ-USD', 'AVAX-USD', 'BTC-USD', 'AXS-USD', 'ATOM-USD', 'ALGO-USD', 'BCH-USD', 'BNB-USD', 'CRO-USD']: YFRateLimitError('Too Many Requests. Rate limited. Try after a while.')
2026-02-15 00:31:42,433 | INFO |   Batch complete, waiting 120s...
2026-02-15 00:33:42,442 | INFO | 
  Batch 2/5 (10 tickers)
2026-02-15 00:33:42,475 | INFO |     Batch download: 10 tickers
2026-02-15 00:33:54,569 | ERROR | 
10 Failed downloads:
2026-02-15 00:33:54,570 | ERROR | ['CRV-USD', 'DOT-USD', 'EOS-USD', 'DOGE-USD', 'ETH-USD', 'GRT-USD', 'FIL-USD', 'FLOW-USD', 'HBAR-USD', 'ETC-USD']: YFRateLimitError('Too Many Requests. Rate limited. Try after a while.')
2026-02-15 00:33:54,574 | INFO |   Batch complete, waiting 120s...
2026-02-15 00:35:54,579 | INFO | 
  Batch 3/5 (10 tickers)
2026-02-15 00:35:54,605 | INFO |     Batch download: 10 tickers
2026-02-15 00:36:09,152 | ERROR | 
10 Failed downloads:
2026-02-15 00:36:09,152 | ERROR | ['LTC-USD', 'INJ-USD', 'LDO-USD', 'OKB-USD', 'ICP-USD', 'MKR-USD', 'LINK-USD', 'QNT-USD', 'NEAR-USD', 'MANA-USD']: YFRateLimitError('Too Many Requests. Rate limited. Try after a while.')
2026-02-15 00:36:09,152 | INFO |   Batch complete, waiting 120s...
