2026-02-05 03:08:53,380 | INFO | ======================================================================
2026-02-05 03:08:53,380 | INFO | IoS-001 DAILY PRICE INGEST
2026-02-05 03:08:53,380 | INFO | Executor: LINE (EC-004)
2026-02-05 03:08:53,380 | INFO | Authority: CEO_DIRECTIVE_LINE_DAILY_INGEST_ACTIVATION_20251212
2026-02-05 03:08:53,380 | INFO | Time: 2026-02-05T02:08:53.380639+00:00
2026-02-05 03:08:53,380 | INFO | Asset Class Filter: ALL
2026-02-05 03:08:53,380 | INFO | Dry Run: False
2026-02-05 03:08:53,380 | INFO | ======================================================================
2026-02-05 03:08:53,552 | INFO | Found 491 VEGA-attested assets
2026-02-05 03:08:53,552 | INFO | 
============================================================
2026-02-05 03:08:53,552 | INFO | Processing CRYPTO: 46 assets
2026-02-05 03:08:53,552 | INFO | Schedule: Daily 01:00 UTC
2026-02-05 03:08:53,552 | INFO | ============================================================
2026-02-05 03:08:53,552 | INFO | 
  Batch 1/2 (25 assets)
2026-02-05 03:08:56,135 | WARNING |   [GRT-USD] Fetch error: Too Many Requests. Rate limited. Try after a while.
2026-02-05 03:08:59,166 | INFO |   Batch complete, waiting 60s...
2026-02-05 03:09:59,170 | INFO | 
  Batch 2/2 (21 assets)
2026-02-05 03:10:00,590 | WARNING |   [UNI-USD] Fetch error: Too Many Requests. Rate limited. Try after a while.
2026-02-05 03:10:03,622 | INFO | 
============================================================
2026-02-05 03:10:03,622 | INFO | Processing EQUITY: 421 assets
2026-02-05 03:10:03,622 | INFO | Schedule: Weekdays 22:00 UTC
2026-02-05 03:10:03,622 | INFO | ============================================================
2026-02-05 03:10:03,622 | INFO | 
  Batch 1/17 (25 assets)
2026-02-05 03:10:04,878 | WARNING |   [1COV.DE] Fetch error: Too Many Requests. Rate limited. Try after a while.
2026-02-05 03:10:09,023 | WARNING |   [ABBV] Fetch error: Too Many Requests. Rate limited. Try after a while.
2026-02-05 03:10:12,933 | WARNING |   [ABNB] Fetch error: Too Many Requests. Rate limited. Try after a while.
2026-02-05 03:10:16,837 | WARNING |   [ABT] Fetch error: Too Many Requests. Rate limited. Try after a while.
2026-02-05 03:10:21,004 | WARNING |   [ACA.PA] Fetch error: Too Many Requests. Rate limited. Try after a while.
2026-02-05 03:10:25,012 | WARNING |   [ADBE] Fetch error: Too Many Requests. Rate limited. Try after a while.
2026-02-05 03:10:29,047 | WARNING |   [ADI] Fetch error: Too Many Requests. Rate limited. Try after a while.
2026-02-05 03:10:32,981 | WARNING |   [ADS.DE] Fetch error: Too Many Requests. Rate limited. Try after a while.
2026-02-05 03:10:37,084 | WARNING |   [ADSK] Fetch error: Too Many Requests. Rate limited. Try after a while.
2026-02-05 03:10:41,294 | WARNING |   [AEP] Fetch error: Too Many Requests. Rate limited. Try after a while.
2026-02-05 03:10:45,457 | WARNING |   [AFL] Fetch error: Too Many Requests. Rate limited. Try after a while.
2026-02-05 03:10:49,616 | WARNING |   [AI.PA] Fetch error: Too Many Requests. Rate limited. Try after a while.
2026-02-05 03:10:53,860 | WARNING |   [AIG] Fetch error: Too Many Requests. Rate limited. Try after a while.
2026-02-05 03:10:57,877 | WARNING |   [AIR.DE] Fetch error: Too Many Requests. Rate limited. Try after a while.
2026-02-05 03:11:02,210 | WARNING |   [AIR.PA] Fetch error: Too Many Requests. Rate limited. Try after a while.
2026-02-05 03:11:06,164 | WARNING |   [AKAM] Fetch error: Too Many Requests. Rate limited. Try after a while.
2026-02-05 03:11:10,317 | WARNING |   [AKER.OL] Fetch error: Too Many Requests. Rate limited. Try after a while.
2026-02-05 03:11:14,280 | WARNING |   [AKRBP.OL] Fetch error: Too Many Requests. Rate limited. Try after a while.
2026-02-05 03:11:18,225 | WARNING |   [AKSO.OL] Fetch error: Too Many Requests. Rate limited. Try after a while.
2026-02-05 03:11:22,263 | WARNING |   [AKVA.OL] Fetch error: Too Many Requests. Rate limited. Try after a while.
2026-02-05 03:11:26,254 | WARNING |   [ALB] Fetch error: Too Many Requests. Rate limited. Try after a while.
2026-02-05 03:11:30,282 | WARNING |   [ALL] Fetch error: Too Many Requests. Rate limited. Try after a while.
2026-02-05 03:11:34,360 | WARNING |   [ALO.PA] Fetch error: Too Many Requests. Rate limited. Try after a while.
2026-02-05 03:11:38,219 | WARNING |   [ALV.DE] Fetch error: Too Many Requests. Rate limited. Try after a while.
2026-02-05 03:11:42,310 | WARNING |   [AMAT] Fetch error: Too Many Requests. Rate limited. Try after a while.
2026-02-05 03:11:45,313 | INFO |   Batch complete, waiting 60s...
2026-02-05 03:12:45,316 | INFO | 
  Batch 2/17 (25 assets)
2026-02-05 03:12:47,047 | WARNING |   [AMD] Fetch error: Too Many Requests. Rate limited. Try after a while.
2026-02-05 03:12:51,089 | WARNING |   [AMGN] Fetch error: Too Many Requests. Rate limited. Try after a while.
2026-02-05 03:12:55,006 | WARNING |   [AMT] Fetch error: Too Many Requests. Rate limited. Try after a while.
2026-02-05 03:12:59,249 | WARNING |   [AMZN] Fetch error: Too Many Requests. Rate limited. Try after a while.
2026-02-05 03:13:03,172 | WARNING |   [AON] Fetch error: Too Many Requests. Rate limited. Try after a while.
2026-02-05 03:13:07,350 | WARNING |   [APD] Fetch error: Too Many Requests. Rate limited. Try after a while.
2026-02-05 03:13:11,375 | WARNING |   [ASML] Fetch error: Too Many Requests. Rate limited. Try after a while.
2026-02-05 03:13:15,376 | WARNING |   [ATO.PA] Fetch error: Too Many Requests. Rate limited. Try after a while.
2026-02-05 03:13:19,439 | WARNING |   [AUSS.OL] Fetch error: Too Many Requests. Rate limited. Try after a while.
2026-02-05 03:13:23,510 | WARNING |   [AUTO.OL] Fetch error: Too Many Requests. Rate limited. Try after a while.
2026-02-05 03:13:27,419 | WARNING |   [AV.L] Fetch error: Too Many Requests. Rate limited. Try after a while.
2026-02-05 03:13:31,624 | WARNING |   [AVB] Fetch error: Too Many Requests. Rate limited. Try after a while.
2026-02-05 03:13:35,662 | WARNING |   [AVGO] Fetch error: Too Many Requests. Rate limited. Try after a while.
2026-02-05 03:13:39,784 | WARNING |   [AWK] Fetch error: Too Many Requests. Rate limited. Try after a while.
2026-02-05 03:13:43,673 | WARNING |   [AXP] Fetch error: Too Many Requests. Rate limited. Try after a while.
2026-02-05 03:13:47,564 | WARNING |   [AZN.L] Fetch error: Too Many Requests. Rate limited. Try after a while.
2026-02-05 03:13:51,791 | WARNING |   [AZO] Fetch error: Too Many Requests. Rate limited. Try after a while.
