2026-01-12 00:34:38,564 | INFO | ======================================================================
2026-01-12 00:34:38,570 | INFO | IoS-001 DAILY PRICE INGEST
2026-01-12 00:34:38,570 | INFO | Executor: LINE (EC-004)
2026-01-12 00:34:38,570 | INFO | Authority: CEO_DIRECTIVE_LINE_DAILY_INGEST_ACTIVATION_20251212
2026-01-12 00:34:38,570 | INFO | Time: 2026-01-11T23:34:38.570493+00:00
2026-01-12 00:34:38,570 | INFO | Asset Class Filter: ALL
2026-01-12 00:34:38,570 | INFO | Dry Run: False
2026-01-12 00:34:38,570 | INFO | ======================================================================
2026-01-12 00:34:39,002 | INFO | Found 491 VEGA-attested assets
2026-01-12 00:34:39,002 | INFO | 
============================================================
2026-01-12 00:34:39,002 | INFO | Processing CRYPTO: 46 assets
2026-01-12 00:34:39,002 | INFO | Schedule: Daily 01:00 UTC
2026-01-12 00:34:39,002 | INFO | ============================================================
2026-01-12 00:34:39,002 | INFO | 
  Batch 1/2 (25 assets)
2026-01-12 00:34:43,937 | WARNING |   [ADA-USD] Fetch error: Too Many Requests. Rate limited. Try after a while.
2026-01-12 00:34:47,918 | WARNING |   [ALGO-USD] Fetch error: Too Many Requests. Rate limited. Try after a while.
2026-01-12 00:34:52,425 | WARNING |   [ATOM-USD] Fetch error: Too Many Requests. Rate limited. Try after a while.
2026-01-12 00:34:56,351 | WARNING |   [AVAX-USD] Fetch error: Too Many Requests. Rate limited. Try after a while.
2026-01-12 00:35:00,373 | WARNING |   [AXS-USD] Fetch error: Too Many Requests. Rate limited. Try after a while.
2026-01-12 00:35:04,320 | WARNING |   [BCH-USD] Fetch error: Too Many Requests. Rate limited. Try after a while.
2026-01-12 00:35:09,525 | WARNING |   [BNB-USD] Fetch error: Too Many Requests. Rate limited. Try after a while.
2026-01-12 00:35:14,698 | WARNING |   [BTC-USD] Fetch error: Too Many Requests. Rate limited. Try after a while.
2026-01-12 00:35:18,848 | WARNING |   [CHZ-USD] Fetch error: Too Many Requests. Rate limited. Try after a while.
2026-01-12 00:35:23,089 | WARNING |   [CRO-USD] Fetch error: Too Many Requests. Rate limited. Try after a while.
2026-01-12 00:35:27,278 | WARNING |   [CRV-USD] Fetch error: Too Many Requests. Rate limited. Try after a while.
2026-01-12 00:35:31,462 | WARNING |   [DOGE-USD] Fetch error: Too Many Requests. Rate limited. Try after a while.
2026-01-12 00:35:35,489 | WARNING |   [DOT-USD] Fetch error: Too Many Requests. Rate limited. Try after a while.
2026-01-12 00:35:39,705 | WARNING |   [EOS-USD] Fetch error: Too Many Requests. Rate limited. Try after a while.
2026-01-12 00:35:43,840 | WARNING |   [ETC-USD] Fetch error: Too Many Requests. Rate limited. Try after a while.
2026-01-12 00:35:48,093 | WARNING |   [ETH-USD] Fetch error: Too Many Requests. Rate limited. Try after a while.
2026-01-12 00:35:52,398 | WARNING |   [FIL-USD] Fetch error: Too Many Requests. Rate limited. Try after a while.
2026-01-12 00:35:56,592 | WARNING |   [FLOW-USD] Fetch error: Too Many Requests. Rate limited. Try after a while.
2026-01-12 00:36:00,872 | WARNING |   [GRT-USD] Fetch error: Too Many Requests. Rate limited. Try after a while.
2026-01-12 00:36:04,996 | WARNING |   [HBAR-USD] Fetch error: Too Many Requests. Rate limited. Try after a while.
2026-01-12 00:36:09,108 | WARNING |   [ICP-USD] Fetch error: Too Many Requests. Rate limited. Try after a while.
2026-01-12 00:36:13,570 | WARNING |   [INJ-USD] Fetch error: Too Many Requests. Rate limited. Try after a while.
2026-01-12 00:36:17,614 | WARNING |   [LDO-USD] Fetch error: Too Many Requests. Rate limited. Try after a while.
2026-01-12 00:36:21,508 | WARNING |   [LINK-USD] Fetch error: Too Many Requests. Rate limited. Try after a while.
2026-01-12 00:36:25,445 | WARNING |   [LTC-USD] Fetch error: Too Many Requests. Rate limited. Try after a while.
2026-01-12 00:36:28,447 | INFO |   Batch complete, waiting 60s...
2026-01-12 00:37:28,447 | INFO | 
  Batch 2/2 (21 assets)
2026-01-12 00:37:30,194 | WARNING |   [MANA-USD] Fetch error: Too Many Requests. Rate limited. Try after a while.
2026-01-12 00:37:34,127 | WARNING |   [MKR-USD] Fetch error: Too Many Requests. Rate limited. Try after a while.
2026-01-12 00:37:38,423 | WARNING |   [NEAR-USD] Fetch error: Too Many Requests. Rate limited. Try after a while.
2026-01-12 00:37:42,913 | WARNING |   [OKB-USD] Fetch error: Too Many Requests. Rate limited. Try after a while.
2026-01-12 00:37:47,105 | WARNING |   [QNT-USD] Fetch error: Too Many Requests. Rate limited. Try after a while.
2026-01-12 00:37:50,863 | WARNING |   [RPL-USD] Fetch error: Too Many Requests. Rate limited. Try after a while.
2026-01-12 00:37:55,212 | WARNING |   [RUNE-USD] Fetch error: Too Many Requests. Rate limited. Try after a while.
2026-01-12 00:37:59,224 | WARNING |   [SAND-USD] Fetch error: Too Many Requests. Rate limited. Try after a while.
2026-01-12 00:38:03,402 | WARNING |   [SHIB-USD] Fetch error: Too Many Requests. Rate limited. Try after a while.
2026-01-12 00:38:07,216 | WARNING |   [SNX-USD] Fetch error: Too Many Requests. Rate limited. Try after a while.
2026-01-12 00:38:11,613 | WARNING |   [SOL-USD] Fetch error: Too Many Requests. Rate limited. Try after a while.
2026-01-12 00:38:15,537 | WARNING |   [THETA-USD] Fetch error: Too Many Requests. Rate limited. Try after a while.
2026-01-12 00:38:19,717 | WARNING |   [TRX-USD] Fetch error: Too Many Requests. Rate limited. Try after a while.
2026-01-12 00:38:23,685 | WARNING |   [UNI-USD] Fetch error: Too Many Requests. Rate limited. Try after a while.
2026-01-12 00:38:27,988 | WARNING |   [VET-USD] Fetch error: Too Many Requests. Rate limited. Try after a while.
2026-01-12 00:38:32,223 | WARNING |   [XLM-USD] Fetch error: Too Many Requests. Rate limited. Try after a while.
2026-01-12 00:38:36,433 | WARNING |   [XMR-USD] Fetch error: Too Many Requests. Rate limited. Try after a while.
2026-01-12 00:38:40,407 | WARNING |   [XRP-USD] Fetch error: Too Many Requests. Rate limited. Try after a while.
2026-01-12 00:38:44,376 | WARNING |   [XTZ-USD] Fetch error: Too Many Requests. Rate limited. Try after a while.
2026-01-12 00:38:48,481 | WARNING |   [ZEC-USD] Fetch error: Too Many Requests. Rate limited. Try after a while.
2026-01-12 00:38:52,447 | WARNING |   [AAVE-USD] Fetch error: Too Many Requests. Rate limited. Try after a while.
2026-01-12 00:38:55,453 | INFO | 
============================================================
2026-01-12 00:38:55,453 | INFO | Processing EQUITY: 421 assets
2026-01-12 00:38:55,453 | INFO | Schedule: Weekdays 22:00 UTC
2026-01-12 00:38:55,453 | INFO | ============================================================
2026-01-12 00:38:55,453 | INFO |   Market closed for EQUITY today, skipping
2026-01-12 00:38:55,454 | INFO | 
============================================================
2026-01-12 00:38:55,454 | INFO | Processing FX: 24 assets
2026-01-12 00:38:55,454 | INFO | Schedule: Sun-Thu 22:00 UTC
2026-01-12 00:38:55,454 | INFO | ============================================================
2026-01-12 00:38:55,454 | INFO | 
  Batch 1/1 (24 assets)
2026-01-12 00:38:56,649 | WARNING |   [AUDJPY=X] Fetch error: Too Many Requests. Rate limited. Try after a while.
2026-01-12 00:39:00,828 | WARNING |   [AUDUSD=X] Fetch error: Too Many Requests. Rate limited. Try after a while.
2026-01-12 00:39:04,983 | WARNING |   [CADJPY=X] Fetch error: Too Many Requests. Rate limited. Try after a while.
2026-01-12 00:39:08,738 | WARNING |   [CHFJPY=X] Fetch error: Too Many Requests. Rate limited. Try after a while.
2026-01-12 00:39:13,076 | WARNING |   [EURAUD=X] Fetch error: Too Many Requests. Rate limited. Try after a while.
2026-01-12 00:39:17,087 | WARNING |   [EURCHF=X] Fetch error: Too Many Requests. Rate limited. Try after a while.
2026-01-12 00:39:21,175 | WARNING |   [EURGBP=X] Fetch error: Too Many Requests. Rate limited. Try after a while.
2026-01-12 00:39:25,526 | WARNING |   [EURJPY=X] Fetch error: Too Many Requests. Rate limited. Try after a while.
2026-01-12 00:39:29,777 | WARNING |   [EURNOK=X] Fetch error: Too Many Requests. Rate limited. Try after a while.
