2026-02-15 13:19:07,466 | INFO | ======================================================================
2026-02-15 13:19:07,466 | INFO | IoS-001 DAILY PRICE INGEST
2026-02-15 13:19:07,466 | INFO | Executor: LINE (EC-004)
2026-02-15 13:19:07,466 | INFO | Authority: CEO_DIRECTIVE_LINE_DAILY_INGEST_ACTIVATION_20251212
2026-02-15 13:19:07,466 | INFO | Amendment: CEO-DIR-2026-119 (Rate Limit Mitigation)
2026-02-15 13:19:07,467 | INFO | Time: 2026-02-15T12:19:07.466269+00:00
2026-02-15 13:19:07,467 | INFO | Asset Class Filter: ALL
2026-02-15 13:19:07,467 | INFO | Batch Mode: True
2026-02-15 13:19:07,478 | INFO | Dry Run: False
2026-02-15 13:19:07,478 | INFO | ======================================================================
2026-02-15 13:19:07,775 | INFO | Found 491 VEGA-attested assets
2026-02-15 13:19:07,775 | INFO | 
============================================================
2026-02-15 13:19:07,775 | INFO | Processing CRYPTO: 46 assets
2026-02-15 13:19:07,775 | INFO | Schedule: Daily 01:00 UTC
2026-02-15 13:19:07,775 | INFO | ============================================================
2026-02-15 13:19:07,775 | INFO |   Using BATCH MODE (CEO-DIR-2026-119)
2026-02-15 13:19:07,775 | INFO | 
  Batch 1/5 (10 tickers)
2026-02-15 13:19:07,790 | INFO |     All assets up to date
2026-02-15 13:19:07,790 | INFO | 
  Batch 2/5 (10 tickers)
2026-02-15 13:19:07,808 | INFO |     Batch download: 1 tickers
2026-02-15 13:19:10,909 | ERROR | 
1 Failed download:
2026-02-15 13:19:10,910 | ERROR | ['GRT-USD']: YFRateLimitError('Too Many Requests. Rate limited. Try after a while.')
2026-02-15 13:19:10,917 | INFO |   Batch complete, waiting 120s...
2026-02-15 13:21:09,160 | INFO | 
  Batch 3/5 (10 tickers)
2026-02-15 13:21:09,173 | INFO |     All assets up to date
2026-02-15 13:21:09,173 | INFO | 
  Batch 4/5 (10 tickers)
2026-02-15 13:21:09,184 | INFO |     Batch download: 1 tickers
2026-02-15 13:21:11,767 | ERROR | 
1 Failed download:
2026-02-15 13:21:11,767 | ERROR | ['UNI-USD']: YFRateLimitError('Too Many Requests. Rate limited. Try after a while.')
2026-02-15 13:21:11,767 | INFO |   Batch complete, waiting 120s...
2026-02-15 13:23:11,777 | INFO | 
  Batch 5/5 (6 tickers)
2026-02-15 13:23:11,788 | INFO |     All assets up to date
2026-02-15 13:23:11,788 | INFO | 
============================================================
2026-02-15 13:23:11,788 | INFO | Processing EQUITY: 421 assets
2026-02-15 13:23:11,789 | INFO | Schedule: Weekdays 22:00 UTC
2026-02-15 13:23:11,789 | INFO | ============================================================
2026-02-15 13:23:11,789 | INFO |   Market closed for EQUITY today, skipping
2026-02-15 13:23:11,789 | INFO | 
============================================================
2026-02-15 13:23:11,790 | INFO | Processing FX: 24 assets
2026-02-15 13:23:11,790 | INFO | Schedule: Sun-Thu 22:00 UTC
2026-02-15 13:23:11,790 | INFO | ============================================================
2026-02-15 13:23:11,790 | INFO |   Using BATCH MODE (CEO-DIR-2026-119)
2026-02-15 13:23:11,790 | INFO | 
  Batch 1/3 (10 tickers)
2026-02-15 13:23:11,805 | INFO |     Batch download: 9 tickers
2026-02-15 13:23:24,002 | ERROR | 
9 Failed downloads:
2026-02-15 13:23:24,002 | ERROR | ['CADJPY=X', 'AUDJPY=X', 'CHFJPY=X', 'EURCHF=X', 'EURGBP=X', 'EURNOK=X', 'EURJPY=X', 'EURAUD=X', 'EURSEK=X']: YFRateLimitError('Too Many Requests. Rate limited. Try after a while.')
2026-02-15 13:23:24,018 | INFO |   Batch complete, waiting 120s...
