2026-02-08 23:01:14,996 | INFO | ======================================================================
2026-02-08 23:01:14,996 | INFO | IoS-001 DAILY PRICE INGEST
2026-02-08 23:01:14,996 | INFO | Executor: LINE (EC-004)
2026-02-08 23:01:14,996 | INFO | Authority: CEO_DIRECTIVE_LINE_DAILY_INGEST_ACTIVATION_20251212
2026-02-08 23:01:14,996 | INFO | Amendment: CEO-DIR-2026-119 (Rate Limit Mitigation)
2026-02-08 23:01:14,996 | INFO | Time: 2026-02-08T22:01:14.996389+00:00
2026-02-08 23:01:14,996 | INFO | Asset Class Filter: ALL
2026-02-08 23:01:14,996 | INFO | Batch Mode: True
2026-02-08 23:01:14,996 | INFO | Dry Run: False
2026-02-08 23:01:14,996 | INFO | ======================================================================
2026-02-08 23:01:15,385 | INFO | Found 491 VEGA-attested assets
2026-02-08 23:01:15,385 | INFO | 
============================================================
2026-02-08 23:01:15,385 | INFO | Processing CRYPTO: 46 assets
2026-02-08 23:01:15,385 | INFO | Schedule: Daily 01:00 UTC
2026-02-08 23:01:15,385 | INFO | ============================================================
2026-02-08 23:01:15,385 | INFO |   Using BATCH MODE (CEO-DIR-2026-119)
2026-02-08 23:01:15,385 | INFO | 
  Batch 1/5 (10 tickers)
2026-02-08 23:01:15,414 | INFO |     All assets up to date
2026-02-08 23:01:15,414 | INFO | 
  Batch 2/5 (10 tickers)
2026-02-08 23:01:15,425 | INFO |     Batch download: 1 tickers
2026-02-08 23:01:18,330 | ERROR | 
1 Failed download:
2026-02-08 23:01:18,330 | ERROR | ['GRT-USD']: YFRateLimitError('Too Many Requests. Rate limited. Try after a while.')
2026-02-08 23:01:18,341 | INFO |   Batch complete, waiting 120s...
2026-02-08 23:03:18,342 | INFO | 
  Batch 3/5 (10 tickers)
2026-02-08 23:03:18,388 | INFO |     All assets up to date
2026-02-08 23:03:18,388 | INFO | 
  Batch 4/5 (10 tickers)
2026-02-08 23:03:18,460 | INFO |     Batch download: 1 tickers
2026-02-08 23:03:21,371 | ERROR | 
1 Failed download:
2026-02-08 23:03:21,371 | ERROR | ['UNI-USD']: YFRateLimitError('Too Many Requests. Rate limited. Try after a while.')
2026-02-08 23:03:21,374 | INFO |   Batch complete, waiting 120s...
2026-02-08 23:05:21,375 | INFO | 
  Batch 5/5 (6 tickers)
2026-02-08 23:05:21,415 | INFO |     All assets up to date
2026-02-08 23:05:21,415 | INFO | 
============================================================
2026-02-08 23:05:21,415 | INFO | Processing EQUITY: 421 assets
2026-02-08 23:05:21,415 | INFO | Schedule: Weekdays 22:00 UTC
2026-02-08 23:05:21,415 | INFO | ============================================================
2026-02-08 23:05:21,415 | INFO |   Market closed for EQUITY today, skipping
2026-02-08 23:05:21,415 | INFO | 
============================================================
2026-02-08 23:05:21,415 | INFO | Processing FX: 24 assets
2026-02-08 23:05:21,415 | INFO | Schedule: Sun-Thu 22:00 UTC
2026-02-08 23:05:21,415 | INFO | ============================================================
2026-02-08 23:05:21,415 | INFO |   Using BATCH MODE (CEO-DIR-2026-119)
2026-02-08 23:05:21,415 | INFO | 
  Batch 1/3 (10 tickers)
2026-02-08 23:05:21,451 | INFO |     Batch download: 4 tickers
2026-02-08 23:05:27,042 | ERROR | 
4 Failed downloads:
2026-02-08 23:05:27,042 | ERROR | ['EURNOK=X', 'EURCHF=X', 'CHFJPY=X', 'EURSEK=X']: YFRateLimitError('Too Many Requests. Rate limited. Try after a while.')
2026-02-08 23:05:27,042 | INFO |   Batch complete, waiting 120s...
