2026-02-18 16:46:36,715 | INFO | ======================================================================
2026-02-18 16:46:36,715 | INFO | IoS-001 DAILY PRICE INGEST
2026-02-18 16:46:36,715 | INFO | Executor: LINE (EC-004)
2026-02-18 16:46:36,715 | INFO | Authority: CEO_DIRECTIVE_LINE_DAILY_INGEST_ACTIVATION_20251212
2026-02-18 16:46:36,715 | INFO | Amendment: CEO-DIR-2026-119 (Rate Limit Mitigation)
2026-02-18 16:46:36,715 | INFO | Time: 2026-02-18T15:46:36.715332+00:00
2026-02-18 16:46:36,715 | INFO | Asset Class Filter: ALL
2026-02-18 16:46:36,715 | INFO | Batch Mode: True
2026-02-18 16:46:36,715 | INFO | Dry Run: False
2026-02-18 16:46:36,715 | INFO | ======================================================================
2026-02-18 16:46:37,123 | INFO | Found 491 VEGA-attested assets
2026-02-18 16:46:37,124 | INFO | 
============================================================
2026-02-18 16:46:37,124 | INFO | Processing CRYPTO: 46 assets
2026-02-18 16:46:37,124 | INFO | Schedule: Daily 01:00 UTC
2026-02-18 16:46:37,124 | INFO | ============================================================
2026-02-18 16:46:37,124 | INFO |   Using BATCH MODE (CEO-DIR-2026-119)
2026-02-18 16:46:37,125 | INFO | 
  Batch 1/5 (10 tickers)
2026-02-18 16:46:37,171 | INFO |     Batch download: 2 tickers
2026-02-18 16:46:42,714 | ERROR | 
2 Failed downloads:
2026-02-18 16:46:42,714 | ERROR | ['AVAX-USD', 'ADA-USD']: YFRateLimitError('Too Many Requests. Rate limited. Try after a while.')
2026-02-18 16:46:42,714 | INFO |   Batch complete, waiting 120s...
2026-02-18 16:48:42,722 | INFO | 
  Batch 2/5 (10 tickers)
2026-02-18 16:48:42,756 | INFO |     Batch download: 2 tickers
2026-02-18 16:48:49,968 | ERROR | 
2 Failed downloads:
2026-02-18 16:48:49,968 | ERROR | ['GRT-USD', 'DOGE-USD']: YFRateLimitError('Too Many Requests. Rate limited. Try after a while.')
2026-02-18 16:48:49,979 | INFO |   Batch complete, waiting 120s...
2026-02-18 16:50:49,979 | INFO | 
  Batch 3/5 (10 tickers)
2026-02-18 16:50:50,003 | INFO |     Batch download: 1 tickers
2026-02-18 16:50:54,497 | ERROR | 
1 Failed download:
2026-02-18 16:50:54,497 | ERROR | ['LDO-USD']: YFRateLimitError('Too Many Requests. Rate limited. Try after a while.')
2026-02-18 16:50:54,497 | INFO |   Batch complete, waiting 120s...
