2025-12-26 23:42:26,673 | INFO | ======================================================================
2025-12-26 23:42:26,673 | INFO | IoS-001 DAILY PRICE INGEST
2025-12-26 23:42:26,673 | INFO | Executor: LINE (EC-004)
2025-12-26 23:42:26,674 | INFO | Authority: CEO_DIRECTIVE_LINE_DAILY_INGEST_ACTIVATION_20251212
2025-12-26 23:42:26,674 | INFO | Time: 2025-12-26T22:42:26.674617+00:00
2025-12-26 23:42:26,674 | INFO | Asset Class Filter: ALL
2025-12-26 23:42:26,674 | INFO | Dry Run: False
2025-12-26 23:42:26,674 | INFO | ======================================================================
2025-12-26 23:42:27,061 | INFO | Found 490 VEGA-attested assets
2025-12-26 23:42:27,061 | INFO | 
============================================================
2025-12-26 23:42:27,061 | INFO | Processing CRYPTO: 46 assets
2025-12-26 23:42:27,061 | INFO | Schedule: Daily 01:00 UTC
2025-12-26 23:42:27,061 | INFO | ============================================================
2025-12-26 23:42:27,061 | INFO | 
  Batch 1/2 (25 assets)
2025-12-26 23:42:27,140 | INFO |   Batch complete, waiting 60s...
2025-12-26 23:43:27,141 | INFO | 
  Batch 2/2 (21 assets)
2025-12-26 23:43:27,215 | INFO | 
============================================================
2025-12-26 23:43:27,215 | INFO | Processing EQUITY: 420 assets
2025-12-26 23:43:27,215 | INFO | Schedule: Weekdays 22:00 UTC
2025-12-26 23:43:27,215 | INFO | ============================================================
2025-12-26 23:43:27,215 | INFO | 
  Batch 1/17 (25 assets)
2025-12-26 23:43:29,606 | WARNING |   [1COV.DE] Fetch error: Too Many Requests. Rate limited. Try after a while.
2025-12-26 23:43:33,072 | WARNING |   [ACA.PA] Fetch error: Too Many Requests. Rate limited. Try after a while.
2025-12-26 23:43:36,538 | WARNING |   [ADS.DE] Fetch error: Too Many Requests. Rate limited. Try after a while.
2025-12-26 23:43:40,170 | WARNING |   [AI.PA] Fetch error: Too Many Requests. Rate limited. Try after a while.
2025-12-26 23:43:43,761 | WARNING |   [AIR.DE] Fetch error: Too Many Requests. Rate limited. Try after a while.
2025-12-26 23:43:47,307 | WARNING |   [AIR.PA] Fetch error: Too Many Requests. Rate limited. Try after a while.
2025-12-26 23:43:50,819 | WARNING |   [AKER.OL] Fetch error: Too Many Requests. Rate limited. Try after a while.
2025-12-26 23:43:54,405 | WARNING |   [AKRBP.OL] Fetch error: Too Many Requests. Rate limited. Try after a while.
2025-12-26 23:43:58,136 | WARNING |   [AKSO.OL] Fetch error: Too Many Requests. Rate limited. Try after a while.
2025-12-26 23:44:01,648 | WARNING |   [AKVA.OL] Fetch error: Too Many Requests. Rate limited. Try after a while.
2025-12-26 23:44:05,228 | WARNING |   [ALO.PA] Fetch error: Too Many Requests. Rate limited. Try after a while.
2025-12-26 23:44:08,722 | WARNING |   [ALV.DE] Fetch error: Too Many Requests. Rate limited. Try after a while.
2025-12-26 23:44:11,727 | INFO |   Batch complete, waiting 60s...
2025-12-26 23:45:11,728 | INFO | 
  Batch 2/17 (25 assets)
2025-12-26 23:45:12,740 | WARNING |   [ATO.PA] Fetch error: Too Many Requests. Rate limited. Try after a while.
2025-12-26 23:45:16,200 | WARNING |   [AUSS.OL] Fetch error: Too Many Requests. Rate limited. Try after a while.
2025-12-26 23:45:19,742 | WARNING |   [AUTO.OL] Fetch error: Too Many Requests. Rate limited. Try after a while.
2025-12-26 23:45:23,248 | WARNING |   [AV.L] Fetch error: Too Many Requests. Rate limited. Try after a while.
2025-12-26 23:45:26,730 | WARNING |   [AZN.L] Fetch error: Too Many Requests. Rate limited. Try after a while.
2025-12-26 23:45:30,302 | WARNING |   [BA.L] Fetch error: Too Many Requests. Rate limited. Try after a while.
2025-12-26 23:45:33,807 | WARNING |   [BAKKA.OL] Fetch error: Too Many Requests. Rate limited. Try after a while.
2025-12-26 23:45:37,322 | WARNING |   [BARC.L] Fetch error: Too Many Requests. Rate limited. Try after a while.
2025-12-26 23:45:40,810 | WARNING |   [BAS.DE] Fetch error: Too Many Requests. Rate limited. Try after a while.
2025-12-26 23:45:44,280 | WARNING |   [BATS.L] Fetch error: Too Many Requests. Rate limited. Try after a while.
2025-12-26 23:45:47,795 | WARNING |   [BAYN.DE] Fetch error: Too Many Requests. Rate limited. Try after a while.
2025-12-26 23:45:50,801 | INFO |   Batch complete, waiting 60s...
2025-12-26 23:46:50,802 | INFO | 
  Batch 3/17 (25 assets)
2025-12-26 23:46:51,946 | WARNING |   [BEI.DE] Fetch error: Too Many Requests. Rate limited. Try after a while.
2025-12-26 23:46:55,421 | WARNING |   [BEWI.OL] Fetch error: Too Many Requests. Rate limited. Try after a while.
2025-12-26 23:46:59,129 | WARNING |   [BHP.L] Fetch error: Too Many Requests. Rate limited. Try after a while.
2025-12-26 23:47:02,644 | WARNING |   [BMW.DE] Fetch error: Too Many Requests. Rate limited. Try after a while.
2025-12-26 23:47:06,202 | WARNING |   [BN.PA] Fetch error: Too Many Requests. Rate limited. Try after a while.
2025-12-26 23:47:09,726 | WARNING |   [BNP.PA] Fetch error: Too Many Requests. Rate limited. Try after a while.
2025-12-26 23:47:13,193 | WARNING |   [BNR.DE] Fetch error: Too Many Requests. Rate limited. Try after a while.
2025-12-26 23:47:16,838 | WARNING |   [BP.L] Fetch error: Too Many Requests. Rate limited. Try after a while.
2025-12-26 23:47:20,437 | WARNING |   [BRK.B] Fetch error: Too Many Requests. Rate limited. Try after a while.
2025-12-26 23:47:24,194 | WARNING |   [BT.A.L] Fetch error: Too Many Requests. Rate limited. Try after a while.
