2026-02-10 15:30:19,396 | INFO | ======================================================================
2026-02-10 15:30:19,396 | INFO | IoS-001 DAILY PRICE INGEST
2026-02-10 15:30:19,397 | INFO | Executor: LINE (EC-004)
2026-02-10 15:30:19,397 | INFO | Authority: CEO_DIRECTIVE_LINE_DAILY_INGEST_ACTIVATION_20251212
2026-02-10 15:30:19,397 | INFO | Amendment: CEO-DIR-2026-119 (Rate Limit Mitigation)
2026-02-10 15:30:19,397 | INFO | Time: 2026-02-10T14:30:19.397925+00:00
2026-02-10 15:30:19,397 | INFO | Asset Class Filter: ALL
2026-02-10 15:30:19,398 | INFO | Batch Mode: True
2026-02-10 15:30:19,399 | INFO | Dry Run: False
2026-02-10 15:30:19,399 | INFO | ======================================================================
2026-02-10 15:30:19,741 | INFO | Found 491 VEGA-attested assets
2026-02-10 15:30:19,741 | INFO | 
============================================================
2026-02-10 15:30:19,742 | INFO | Processing CRYPTO: 46 assets
2026-02-10 15:30:19,742 | INFO | Schedule: Daily 01:00 UTC
2026-02-10 15:30:19,742 | INFO | ============================================================
2026-02-10 15:30:19,742 | INFO |   Using BATCH MODE (CEO-DIR-2026-119)
2026-02-10 15:30:19,742 | INFO | 
  Batch 1/5 (10 tickers)
2026-02-10 15:30:19,770 | INFO |     All assets up to date
2026-02-10 15:30:19,770 | INFO | 
  Batch 2/5 (10 tickers)
2026-02-10 15:30:19,791 | INFO |     Batch download: 1 tickers
2026-02-10 15:30:22,850 | ERROR | 
1 Failed download:
2026-02-10 15:30:22,850 | ERROR | ['GRT-USD']: YFRateLimitError('Too Many Requests. Rate limited. Try after a while.')
2026-02-10 15:30:22,904 | INFO |   Batch complete, waiting 120s...
2026-02-10 15:32:22,908 | INFO | 
  Batch 3/5 (10 tickers)
2026-02-10 15:32:22,932 | INFO |     All assets up to date
2026-02-10 15:32:22,932 | INFO | 
  Batch 4/5 (10 tickers)
2026-02-10 15:32:22,984 | INFO |     Batch download: 1 tickers
2026-02-10 15:32:28,237 | ERROR | 
1 Failed download:
2026-02-10 15:32:28,237 | ERROR | ['UNI-USD']: YFRateLimitError('Too Many Requests. Rate limited. Try after a while.')
2026-02-10 15:32:28,241 | INFO |   Batch complete, waiting 120s...
2026-02-10 15:34:28,243 | INFO | 
  Batch 5/5 (6 tickers)
2026-02-10 15:34:28,256 | INFO |     All assets up to date
2026-02-10 15:34:28,256 | INFO | 
============================================================
2026-02-10 15:34:28,256 | INFO | Processing EQUITY: 421 assets
2026-02-10 15:34:28,256 | INFO | Schedule: Weekdays 22:00 UTC
2026-02-10 15:34:28,256 | INFO | ============================================================
2026-02-10 15:34:28,256 | INFO |   Using BATCH MODE (CEO-DIR-2026-119)
2026-02-10 15:34:28,256 | INFO | 
  Batch 1/43 (10 tickers)
2026-02-10 15:34:28,267 | INFO |     Batch download: 8 tickers
2026-02-10 15:34:38,765 | ERROR | 
8 Failed downloads:
2026-02-10 15:34:38,765 | ERROR | ['ABNB', 'ADI', 'ADBE', 'ADSK', 'ABT', '1COV.DE', 'AEP', 'ABBV']: YFRateLimitError('Too Many Requests. Rate limited. Try after a while.')
2026-02-10 15:34:38,765 | INFO |   Batch complete, waiting 120s...
