2026-02-06 12:56:44,955 | INFO | ======================================================================
2026-02-06 12:56:44,955 | INFO | IoS-001 DAILY PRICE INGEST
2026-02-06 12:56:44,955 | INFO | Executor: LINE (EC-004)
2026-02-06 12:56:44,955 | INFO | Authority: CEO_DIRECTIVE_LINE_DAILY_INGEST_ACTIVATION_20251212
2026-02-06 12:56:44,955 | INFO | Time: 2026-02-06T11:56:44.955236+00:00
2026-02-06 12:56:44,955 | INFO | Asset Class Filter: ALL
2026-02-06 12:56:44,955 | INFO | Dry Run: False
2026-02-06 12:56:44,955 | INFO | ======================================================================
2026-02-06 12:56:45,258 | INFO | Found 491 VEGA-attested assets
2026-02-06 12:56:45,258 | INFO | 
============================================================
2026-02-06 12:56:45,258 | INFO | Processing CRYPTO: 46 assets
2026-02-06 12:56:45,258 | INFO | Schedule: Daily 01:00 UTC
2026-02-06 12:56:45,258 | INFO | ============================================================
2026-02-06 12:56:45,258 | INFO | 
  Batch 1/2 (25 assets)
2026-02-06 12:56:46,520 | ERROR | $GRT-USD: possibly delisted; no price data found  (1d 2026-02-06 -> 2026-02-07)
2026-02-06 12:56:49,563 | INFO |   Batch complete, waiting 60s...
2026-02-06 12:57:49,564 | INFO | 
  Batch 2/2 (21 assets)
2026-02-06 12:57:49,666 | INFO | 
============================================================
2026-02-06 12:57:49,666 | INFO | Processing EQUITY: 421 assets
2026-02-06 12:57:49,666 | INFO | Schedule: Weekdays 22:00 UTC
2026-02-06 12:57:49,666 | INFO | ============================================================
2026-02-06 12:57:49,666 | INFO | 
  Batch 1/17 (25 assets)
2026-02-06 12:57:50,023 | ERROR | $1COV.DE: possibly delisted; no price data found  (1d 2025-12-24 -> 2026-02-07)
2026-02-06 12:57:53,321 | INFO |     [ABBV] +1 rows
2026-02-06 12:57:56,468 | INFO |     [ABNB] +1 rows
2026-02-06 12:57:59,750 | INFO |     [ABT] +1 rows
2026-02-06 12:58:02,893 | INFO |     [ADBE] +1 rows
2026-02-06 12:58:06,015 | INFO |     [ADI] +1 rows
2026-02-06 12:58:09,171 | INFO |     [ADSK] +1 rows
2026-02-06 12:58:12,363 | INFO |     [AEP] +1 rows
2026-02-06 12:58:15,491 | INFO |     [AFL] +1 rows
2026-02-06 12:58:18,667 | INFO |     [AIG] +1 rows
2026-02-06 12:58:21,787 | INFO |     [AKAM] +1 rows
2026-02-06 12:58:24,935 | INFO |     [ALB] +1 rows
2026-02-06 12:58:28,155 | INFO |     [ALL] +1 rows
2026-02-06 12:58:31,332 | INFO |     [AMAT] +1 rows
2026-02-06 12:58:34,336 | INFO |   Batch complete, waiting 60s...
2026-02-06 12:59:34,355 | INFO | 
  Batch 2/17 (25 assets)
2026-02-06 12:59:34,476 | INFO |     [AMD] +1 rows
2026-02-06 12:59:37,614 | INFO |     [AMGN] +1 rows
2026-02-06 12:59:40,725 | INFO |     [AMT] +1 rows
2026-02-06 12:59:43,829 | INFO |     [AMZN] +1 rows
2026-02-06 12:59:47,034 | INFO |     [AON] +1 rows
2026-02-06 12:59:50,265 | INFO |     [APD] +1 rows
2026-02-06 12:59:53,396 | INFO |     [ASML] +1 rows
2026-02-06 12:59:56,613 | INFO |     [AVB] +1 rows
2026-02-06 12:59:59,776 | INFO |     [AVGO] +1 rows
2026-02-06 13:00:02,885 | INFO |     [AWK] +1 rows
2026-02-06 13:00:06,072 | INFO |     [AXP] +1 rows
2026-02-06 13:00:09,184 | INFO |     [AZO] +1 rows
2026-02-06 13:00:12,405 | INFO |     [BA] +1 rows
2026-02-06 13:00:15,559 | INFO |     [BAC] +1 rows
2026-02-06 13:00:18,573 | INFO |   Batch complete, waiting 60s...
2026-02-06 13:01:18,574 | INFO | 
  Batch 3/17 (25 assets)
2026-02-06 13:01:18,693 | INFO |     [BKNG] +1 rows
2026-02-06 13:01:21,836 | INFO |     [BKR] +1 rows
2026-02-06 13:01:24,961 | INFO |     [BLK] +1 rows
2026-02-06 13:01:28,203 | INFO |     [BMY] +1 rows
2026-02-06 13:01:35,374 | ERROR | $BRK.B: possibly delisted; no timezone found
2026-02-06 13:01:38,535 | INFO |     [BSX] +1 rows
