2026-01-15 11:57:51,758 | INFO | ======================================================================
2026-01-15 11:57:51,758 | INFO | IoS-001 DAILY PRICE INGEST
2026-01-15 11:57:51,758 | INFO | Executor: LINE (EC-004)
2026-01-15 11:57:51,758 | INFO | Authority: CEO_DIRECTIVE_LINE_DAILY_INGEST_ACTIVATION_20251212
2026-01-15 11:57:51,758 | INFO | Time: 2026-01-15T10:57:51.758882+00:00
2026-01-15 11:57:51,759 | INFO | Asset Class Filter: ALL
2026-01-15 11:57:51,759 | INFO | Dry Run: False
2026-01-15 11:57:51,759 | INFO | ======================================================================
2026-01-15 11:57:51,999 | INFO | Found 491 VEGA-attested assets
2026-01-15 11:57:51,999 | INFO | 
============================================================
2026-01-15 11:57:51,999 | INFO | Processing CRYPTO: 46 assets
2026-01-15 11:57:52,000 | INFO | Schedule: Daily 01:00 UTC
2026-01-15 11:57:52,000 | INFO | ============================================================
2026-01-15 11:57:52,000 | INFO | 
  Batch 1/2 (25 assets)
2026-01-15 11:57:54,807 | WARNING |   [GRT-USD] Fetch error: Too Many Requests. Rate limited. Try after a while.
2026-01-15 11:57:57,861 | INFO |   Batch complete, waiting 60s...
2026-01-15 11:58:57,862 | INFO | 
  Batch 2/2 (21 assets)
2026-01-15 11:58:59,971 | WARNING |   [UNI-USD] Fetch error: Too Many Requests. Rate limited. Try after a while.
2026-01-15 11:59:02,990 | INFO | 
============================================================
2026-01-15 11:59:02,990 | INFO | Processing EQUITY: 421 assets
2026-01-15 11:59:02,990 | INFO | Schedule: Weekdays 22:00 UTC
2026-01-15 11:59:02,990 | INFO | ============================================================
2026-01-15 11:59:02,990 | INFO | 
  Batch 1/17 (25 assets)
2026-01-15 11:59:04,264 | WARNING |   [1COV.DE] Fetch error: Too Many Requests. Rate limited. Try after a while.
2026-01-15 11:59:08,562 | WARNING |   [ABBV] Fetch error: Too Many Requests. Rate limited. Try after a while.
2026-01-15 11:59:12,624 | WARNING |   [ABNB] Fetch error: Too Many Requests. Rate limited. Try after a while.
2026-01-15 11:59:16,933 | WARNING |   [ABT] Fetch error: Too Many Requests. Rate limited. Try after a while.
2026-01-15 11:59:21,221 | WARNING |   [ADBE] Fetch error: Too Many Requests. Rate limited. Try after a while.
2026-01-15 11:59:25,452 | WARNING |   [ADI] Fetch error: Too Many Requests. Rate limited. Try after a while.
2026-01-15 11:59:29,770 | WARNING |   [ADSK] Fetch error: Too Many Requests. Rate limited. Try after a while.
2026-01-15 11:59:33,831 | WARNING |   [AEP] Fetch error: Too Many Requests. Rate limited. Try after a while.
2026-01-15 11:59:38,091 | WARNING |   [AFL] Fetch error: Too Many Requests. Rate limited. Try after a while.
2026-01-15 11:59:41,957 | WARNING |   [AIG] Fetch error: Too Many Requests. Rate limited. Try after a while.
2026-01-15 11:59:46,078 | WARNING |   [AKAM] Fetch error: Too Many Requests. Rate limited. Try after a while.
2026-01-15 11:59:50,226 | WARNING |   [ALB] Fetch error: Too Many Requests. Rate limited. Try after a while.
2026-01-15 11:59:54,137 | WARNING |   [ALL] Fetch error: Too Many Requests. Rate limited. Try after a while.
2026-01-15 11:59:58,252 | WARNING |   [AMAT] Fetch error: Too Many Requests. Rate limited. Try after a while.
2026-01-15 12:00:01,253 | INFO |   Batch complete, waiting 60s...
2026-01-15 12:01:01,254 | INFO | 
  Batch 2/17 (25 assets)
2026-01-15 12:01:03,041 | WARNING |   [AMD] Fetch error: Too Many Requests. Rate limited. Try after a while.
2026-01-15 12:01:07,136 | WARNING |   [AMGN] Fetch error: Too Many Requests. Rate limited. Try after a while.
2026-01-15 12:01:11,329 | WARNING |   [AMT] Fetch error: Too Many Requests. Rate limited. Try after a while.
2026-01-15 12:01:15,396 | WARNING |   [AMZN] Fetch error: Too Many Requests. Rate limited. Try after a while.
2026-01-15 12:01:19,490 | WARNING |   [AON] Fetch error: Too Many Requests. Rate limited. Try after a while.
2026-01-15 12:01:23,695 | WARNING |   [APD] Fetch error: Too Many Requests. Rate limited. Try after a while.
2026-01-15 12:01:27,772 | WARNING |   [ASML] Fetch error: Too Many Requests. Rate limited. Try after a while.
2026-01-15 12:01:32,119 | WARNING |   [AVB] Fetch error: Too Many Requests. Rate limited. Try after a while.
2026-01-15 12:01:36,571 | WARNING |   [AVGO] Fetch error: Too Many Requests. Rate limited. Try after a while.
2026-01-15 12:01:40,600 | WARNING |   [AWK] Fetch error: Too Many Requests. Rate limited. Try after a while.
2026-01-15 12:01:44,977 | WARNING |   [AXP] Fetch error: Too Many Requests. Rate limited. Try after a while.
2026-01-15 12:01:49,008 | WARNING |   [AZO] Fetch error: Too Many Requests. Rate limited. Try after a while.
2026-01-15 12:01:53,076 | WARNING |   [BA] Fetch error: Too Many Requests. Rate limited. Try after a while.
2026-01-15 12:01:57,519 | WARNING |   [BAC] Fetch error: Too Many Requests. Rate limited. Try after a while.
2026-01-15 12:02:00,528 | INFO |   Batch complete, waiting 60s...
