2026-01-28 21:05:04,542 | INFO | ======================================================================
2026-01-28 21:05:04,543 | INFO | IoS-001 DAILY PRICE INGEST
2026-01-28 21:05:04,544 | INFO | Executor: LINE (EC-004)
2026-01-28 21:05:04,544 | INFO | Authority: CEO_DIRECTIVE_LINE_DAILY_INGEST_ACTIVATION_20251212
2026-01-28 21:05:04,545 | INFO | Time: 2026-01-28T20:05:04.545255+00:00
2026-01-28 21:05:04,545 | INFO | Asset Class Filter: ALL
2026-01-28 21:05:04,545 | INFO | Dry Run: False
2026-01-28 21:05:04,546 | INFO | ======================================================================
2026-01-28 21:05:05,118 | INFO | Found 491 VEGA-attested assets
2026-01-28 21:05:05,119 | INFO | 
============================================================
2026-01-28 21:05:05,119 | INFO | Processing CRYPTO: 46 assets
2026-01-28 21:05:05,119 | INFO | Schedule: Daily 01:00 UTC
2026-01-28 21:05:05,120 | INFO | ============================================================
2026-01-28 21:05:05,120 | INFO | 
  Batch 1/2 (25 assets)
2026-01-28 21:05:09,498 | WARNING |   [GRT-USD] Fetch error: Too Many Requests. Rate limited. Try after a while.
2026-01-28 21:05:12,520 | INFO |   Batch complete, waiting 60s...
2026-01-28 21:06:12,524 | INFO | 
  Batch 2/2 (21 assets)
2026-01-28 21:06:16,014 | WARNING |   [UNI-USD] Fetch error: Too Many Requests. Rate limited. Try after a while.
2026-01-28 21:06:19,042 | INFO | 
============================================================
2026-01-28 21:06:19,042 | INFO | Processing EQUITY: 421 assets
2026-01-28 21:06:19,042 | INFO | Schedule: Weekdays 22:00 UTC
2026-01-28 21:06:19,043 | INFO | ============================================================
2026-01-28 21:06:19,043 | INFO | 
  Batch 1/17 (25 assets)
2026-01-28 21:06:21,856 | WARNING |   [1COV.DE] Fetch error: Too Many Requests. Rate limited. Try after a while.
2026-01-28 21:06:24,916 | INFO |   Batch complete, waiting 60s...
2026-01-28 21:07:24,918 | INFO | 
  Batch 2/17 (25 assets)
2026-01-28 21:07:24,984 | INFO |   Batch complete, waiting 60s...
2026-01-28 21:08:24,991 | INFO | 
  Batch 3/17 (25 assets)
2026-01-28 21:08:30,106 | WARNING |   [BRK.B] Fetch error: Too Many Requests. Rate limited. Try after a while.
2026-01-28 21:08:34,310 | WARNING |   [BT.A.L] Fetch error: Too Many Requests. Rate limited. Try after a while.
2026-01-28 21:08:37,338 | INFO |   Batch complete, waiting 60s...
2026-01-28 21:09:37,343 | INFO | 
  Batch 4/17 (25 assets)
