2026-02-08 08:32:32,046 | INFO | ======================================================================
2026-02-08 08:32:32,046 | INFO | IoS-001 DAILY PRICE INGEST
2026-02-08 08:32:32,046 | INFO | Executor: LINE (EC-004)
2026-02-08 08:32:32,046 | INFO | Authority: CEO_DIRECTIVE_LINE_DAILY_INGEST_ACTIVATION_20251212
2026-02-08 08:32:32,046 | INFO | Amendment: CEO-DIR-2026-119 (Rate Limit Mitigation)
2026-02-08 08:32:32,046 | INFO | Time: 2026-02-08T07:32:32.046182+00:00
2026-02-08 08:32:32,046 | INFO | Asset Class Filter: ALL
2026-02-08 08:32:32,046 | INFO | Batch Mode: True
2026-02-08 08:32:32,046 | INFO | Dry Run: False
2026-02-08 08:32:32,046 | INFO | ======================================================================
2026-02-08 08:32:32,292 | INFO | Found 491 VEGA-attested assets
2026-02-08 08:32:32,292 | INFO | 
============================================================
2026-02-08 08:32:32,292 | INFO | Processing CRYPTO: 46 assets
2026-02-08 08:32:32,292 | INFO | Schedule: Daily 01:00 UTC
2026-02-08 08:32:32,292 | INFO | ============================================================
2026-02-08 08:32:32,292 | INFO |   Using BATCH MODE (CEO-DIR-2026-119)
2026-02-08 08:32:32,292 | INFO | 
  Batch 1/5 (10 tickers)
2026-02-08 08:32:32,386 | INFO |     All assets up to date
2026-02-08 08:32:32,386 | INFO | 
  Batch 2/5 (10 tickers)
2026-02-08 08:32:32,510 | INFO |     Batch download: 1 tickers
2026-02-08 08:32:35,355 | ERROR | 
1 Failed download:
2026-02-08 08:32:35,355 | ERROR | ['GRT-USD']: YFRateLimitError('Too Many Requests. Rate limited. Try after a while.')
2026-02-08 08:32:35,364 | INFO |   Batch complete, waiting 120s...
2026-02-08 08:34:35,369 | INFO | 
  Batch 3/5 (10 tickers)
2026-02-08 08:34:35,490 | INFO |     All assets up to date
2026-02-08 08:34:35,490 | INFO | 
  Batch 4/5 (10 tickers)
2026-02-08 08:34:35,551 | INFO |     Batch download: 1 tickers
2026-02-08 08:34:38,444 | ERROR | 
1 Failed download:
2026-02-08 08:34:38,444 | ERROR | ['UNI-USD']: YFRateLimitError('Too Many Requests. Rate limited. Try after a while.')
2026-02-08 08:34:38,454 | INFO |   Batch complete, waiting 120s...
2026-02-08 08:36:38,460 | INFO | 
  Batch 5/5 (6 tickers)
2026-02-08 08:36:38,487 | INFO |     All assets up to date
2026-02-08 08:36:38,487 | INFO | 
============================================================
2026-02-08 08:36:38,487 | INFO | Processing EQUITY: 421 assets
2026-02-08 08:36:38,487 | INFO | Schedule: Weekdays 22:00 UTC
2026-02-08 08:36:38,487 | INFO | ============================================================
2026-02-08 08:36:38,487 | INFO |   Market closed for EQUITY today, skipping
2026-02-08 08:36:38,487 | INFO | 
============================================================
2026-02-08 08:36:38,487 | INFO | Processing FX: 24 assets
2026-02-08 08:36:38,487 | INFO | Schedule: Sun-Thu 22:00 UTC
2026-02-08 08:36:38,497 | INFO | ============================================================
2026-02-08 08:36:38,497 | INFO |   Using BATCH MODE (CEO-DIR-2026-119)
2026-02-08 08:36:38,497 | INFO | 
  Batch 1/3 (10 tickers)
2026-02-08 08:36:38,538 | INFO |     Batch download: 9 tickers
2026-02-08 08:36:51,365 | ERROR | 
9 Failed downloads:
2026-02-08 08:36:51,365 | ERROR | ['EURNOK=X', 'AUDJPY=X', 'EURSEK=X', 'CADJPY=X', 'EURAUD=X', 'EURJPY=X', 'CHFJPY=X', 'EURCHF=X', 'EURGBP=X']: YFRateLimitError('Too Many Requests. Rate limited. Try after a while.')
2026-02-08 08:36:51,376 | INFO |   Batch complete, waiting 120s...
