2026-02-13 18:27:57,959 | INFO | ======================================================================
2026-02-13 18:27:57,959 | INFO | IoS-001 DAILY PRICE INGEST
2026-02-13 18:27:57,959 | INFO | Executor: LINE (EC-004)
2026-02-13 18:27:57,959 | INFO | Authority: CEO_DIRECTIVE_LINE_DAILY_INGEST_ACTIVATION_20251212
2026-02-13 18:27:57,959 | INFO | Amendment: CEO-DIR-2026-119 (Rate Limit Mitigation)
2026-02-13 18:27:57,959 | INFO | Time: 2026-02-13T17:27:57.959405+00:00
2026-02-13 18:27:57,959 | INFO | Asset Class Filter: ALL
2026-02-13 18:27:57,959 | INFO | Batch Mode: True
2026-02-13 18:27:57,959 | INFO | Dry Run: False
2026-02-13 18:27:57,959 | INFO | ======================================================================
2026-02-13 18:27:58,279 | INFO | Found 491 VEGA-attested assets
2026-02-13 18:27:58,279 | INFO | 
============================================================
2026-02-13 18:27:58,279 | INFO | Processing CRYPTO: 46 assets
2026-02-13 18:27:58,279 | INFO | Schedule: Daily 01:00 UTC
2026-02-13 18:27:58,279 | INFO | ============================================================
2026-02-13 18:27:58,279 | INFO |   Using BATCH MODE (CEO-DIR-2026-119)
2026-02-13 18:27:58,279 | INFO | 
  Batch 1/5 (10 tickers)
2026-02-13 18:27:58,279 | INFO |     All assets up to date
2026-02-13 18:27:58,279 | INFO | 
  Batch 2/5 (10 tickers)
2026-02-13 18:27:58,294 | INFO |     Batch download: 1 tickers
2026-02-13 18:28:01,284 | ERROR | 
1 Failed download:
2026-02-13 18:28:01,284 | ERROR | ['GRT-USD']: YFRateLimitError('Too Many Requests. Rate limited. Try after a while.')
2026-02-13 18:28:01,293 | INFO |   Batch complete, waiting 120s...
2026-02-13 18:30:01,295 | INFO | 
  Batch 3/5 (10 tickers)
2026-02-13 18:30:01,326 | INFO |     All assets up to date
2026-02-13 18:30:01,326 | INFO | 
  Batch 4/5 (10 tickers)
2026-02-13 18:30:01,342 | INFO |     Batch download: 1 tickers
2026-02-13 18:30:04,029 | ERROR | 
1 Failed download:
2026-02-13 18:30:04,029 | ERROR | ['UNI-USD']: YFRateLimitError('Too Many Requests. Rate limited. Try after a while.')
2026-02-13 18:30:04,029 | INFO |   Batch complete, waiting 120s...
2026-02-13 18:32:04,045 | INFO | 
  Batch 5/5 (6 tickers)
2026-02-13 18:32:04,076 | INFO |     All assets up to date
2026-02-13 18:32:04,076 | INFO | 
============================================================
2026-02-13 18:32:04,076 | INFO | Processing EQUITY: 421 assets
2026-02-13 18:32:04,076 | INFO | Schedule: Weekdays 22:00 UTC
2026-02-13 18:32:04,076 | INFO | ============================================================
2026-02-13 18:32:04,076 | INFO |   Using BATCH MODE (CEO-DIR-2026-119)
2026-02-13 18:32:04,076 | INFO | 
  Batch 1/43 (10 tickers)
2026-02-13 18:32:04,123 | INFO |     Batch download: 1 tickers
2026-02-13 18:32:07,278 | ERROR | 
1 Failed download:
2026-02-13 18:32:07,278 | ERROR | ['1COV.DE']: YFRateLimitError('Too Many Requests. Rate limited. Try after a while.')
2026-02-13 18:32:07,293 | INFO |   Batch complete, waiting 120s...
