2026-02-03 07:17:22,845 | INFO | ======================================================================
2026-02-03 07:17:22,845 | INFO | IoS-001 DAILY PRICE INGEST
2026-02-03 07:17:22,855 | INFO | Executor: LINE (EC-004)
2026-02-03 07:17:22,855 | INFO | Authority: CEO_DIRECTIVE_LINE_DAILY_INGEST_ACTIVATION_20251212
2026-02-03 07:17:22,855 | INFO | Time: 2026-02-03T06:17:22.855380+00:00
2026-02-03 07:17:22,855 | INFO | Asset Class Filter: ALL
2026-02-03 07:17:22,855 | INFO | Dry Run: False
2026-02-03 07:17:22,855 | INFO | ======================================================================
2026-02-03 07:17:23,174 | INFO | Found 491 VEGA-attested assets
2026-02-03 07:17:23,174 | INFO | 
============================================================
2026-02-03 07:17:23,175 | INFO | Processing CRYPTO: 46 assets
2026-02-03 07:17:23,175 | INFO | Schedule: Daily 01:00 UTC
2026-02-03 07:17:23,175 | INFO | ============================================================
2026-02-03 07:17:23,175 | INFO | 
  Batch 1/2 (25 assets)
2026-02-03 07:17:26,446 | WARNING |   [GRT-USD] Fetch error: Too Many Requests. Rate limited. Try after a while.
2026-02-03 07:17:29,499 | INFO |   Batch complete, waiting 60s...
2026-02-03 07:18:29,506 | INFO | 
  Batch 2/2 (21 assets)
2026-02-03 07:18:31,343 | WARNING |   [UNI-USD] Fetch error: Too Many Requests. Rate limited. Try after a while.
2026-02-03 07:18:34,410 | INFO | 
============================================================
2026-02-03 07:18:34,410 | INFO | Processing EQUITY: 421 assets
2026-02-03 07:18:34,410 | INFO | Schedule: Weekdays 22:00 UTC
2026-02-03 07:18:34,410 | INFO | ============================================================
2026-02-03 07:18:34,410 | INFO | 
  Batch 1/17 (25 assets)
2026-02-03 07:18:35,906 | WARNING |   [1COV.DE] Fetch error: Too Many Requests. Rate limited. Try after a while.
2026-02-03 07:18:39,945 | WARNING |   [ABBV] Fetch error: Too Many Requests. Rate limited. Try after a while.
2026-02-03 07:18:44,272 | WARNING |   [ABNB] Fetch error: Too Many Requests. Rate limited. Try after a while.
2026-02-03 07:18:48,332 | WARNING |   [ABT] Fetch error: Too Many Requests. Rate limited. Try after a while.
2026-02-03 07:18:52,537 | WARNING |   [ACA.PA] Fetch error: Too Many Requests. Rate limited. Try after a while.
2026-02-03 07:18:56,396 | WARNING |   [ADBE] Fetch error: Too Many Requests. Rate limited. Try after a while.
2026-02-03 07:19:00,472 | WARNING |   [ADI] Fetch error: Too Many Requests. Rate limited. Try after a while.
2026-02-03 07:19:04,478 | WARNING |   [ADS.DE] Fetch error: Too Many Requests. Rate limited. Try after a while.
2026-02-03 07:19:08,433 | WARNING |   [ADSK] Fetch error: Too Many Requests. Rate limited. Try after a while.
2026-02-03 07:19:12,635 | WARNING |   [AEP] Fetch error: Too Many Requests. Rate limited. Try after a while.
2026-02-03 07:19:16,695 | WARNING |   [AFL] Fetch error: Too Many Requests. Rate limited. Try after a while.
2026-02-03 07:19:20,623 | WARNING |   [AI.PA] Fetch error: Too Many Requests. Rate limited. Try after a while.
2026-02-03 07:19:24,851 | WARNING |   [AIG] Fetch error: Too Many Requests. Rate limited. Try after a while.
2026-02-03 07:19:29,396 | WARNING |   [AIR.DE] Fetch error: Too Many Requests. Rate limited. Try after a while.
2026-02-03 07:19:33,538 | WARNING |   [AIR.PA] Fetch error: Too Many Requests. Rate limited. Try after a while.
2026-02-03 07:19:37,600 | WARNING |   [AKAM] Fetch error: Too Many Requests. Rate limited. Try after a while.
2026-02-03 07:19:41,565 | WARNING |   [AKER.OL] Fetch error: Too Many Requests. Rate limited. Try after a while.
2026-02-03 07:19:45,671 | WARNING |   [AKRBP.OL] Fetch error: Too Many Requests. Rate limited. Try after a while.
2026-02-03 07:19:50,157 | WARNING |   [AKSO.OL] Fetch error: Too Many Requests. Rate limited. Try after a while.
2026-02-03 07:19:54,103 | WARNING |   [AKVA.OL] Fetch error: Too Many Requests. Rate limited. Try after a while.
2026-02-03 07:19:58,140 | WARNING |   [ALB] Fetch error: Too Many Requests. Rate limited. Try after a while.
2026-02-03 07:20:02,342 | WARNING |   [ALL] Fetch error: Too Many Requests. Rate limited. Try after a while.
2026-02-03 07:20:06,344 | WARNING |   [ALO.PA] Fetch error: Too Many Requests. Rate limited. Try after a while.
2026-02-03 07:20:10,633 | WARNING |   [ALV.DE] Fetch error: Too Many Requests. Rate limited. Try after a while.
2026-02-03 07:20:14,794 | WARNING |   [AMAT] Fetch error: Too Many Requests. Rate limited. Try after a while.
2026-02-03 07:20:17,797 | INFO |   Batch complete, waiting 60s...
2026-02-03 07:21:17,798 | INFO | 
  Batch 2/17 (25 assets)
2026-02-03 07:21:19,259 | WARNING |   [AMD] Fetch error: Too Many Requests. Rate limited. Try after a while.
2026-02-03 07:21:23,626 | WARNING |   [AMGN] Fetch error: Too Many Requests. Rate limited. Try after a while.
2026-02-03 07:21:27,567 | WARNING |   [AMT] Fetch error: Too Many Requests. Rate limited. Try after a while.
2026-02-03 07:21:31,986 | WARNING |   [AMZN] Fetch error: Too Many Requests. Rate limited. Try after a while.
2026-02-03 07:21:35,994 | WARNING |   [AON] Fetch error: Too Many Requests. Rate limited. Try after a while.
2026-02-03 07:21:40,276 | WARNING |   [APD] Fetch error: Too Many Requests. Rate limited. Try after a while.
2026-02-03 07:21:44,381 | WARNING |   [ASML] Fetch error: Too Many Requests. Rate limited. Try after a while.
2026-02-03 07:21:48,365 | WARNING |   [ATO.PA] Fetch error: Too Many Requests. Rate limited. Try after a while.
2026-02-03 07:21:52,574 | WARNING |   [AUSS.OL] Fetch error: Too Many Requests. Rate limited. Try after a while.
2026-02-03 07:21:56,621 | WARNING |   [AUTO.OL] Fetch error: Too Many Requests. Rate limited. Try after a while.
2026-02-03 07:22:00,463 | WARNING |   [AV.L] Fetch error: Too Many Requests. Rate limited. Try after a while.
2026-02-03 07:22:04,821 | WARNING |   [AVB] Fetch error: Too Many Requests. Rate limited. Try after a while.
2026-02-03 07:22:08,913 | WARNING |   [AVGO] Fetch error: Too Many Requests. Rate limited. Try after a while.
2026-02-03 07:22:12,918 | WARNING |   [AWK] Fetch error: Too Many Requests. Rate limited. Try after a while.
2026-02-03 07:22:16,860 | WARNING |   [AXP] Fetch error: Too Many Requests. Rate limited. Try after a while.
2026-02-03 07:22:20,953 | WARNING |   [AZN.L] Fetch error: Too Many Requests. Rate limited. Try after a while.
