2026-02-06 10:20:06,254 | INFO | ======================================================================
2026-02-06 10:20:06,254 | INFO | IoS-001 DAILY PRICE INGEST
2026-02-06 10:20:06,254 | INFO | Executor: LINE (EC-004)
2026-02-06 10:20:06,254 | INFO | Authority: CEO_DIRECTIVE_LINE_DAILY_INGEST_ACTIVATION_20251212
2026-02-06 10:20:06,254 | INFO | Time: 2026-02-06T09:20:06.254652+00:00
2026-02-06 10:20:06,254 | INFO | Asset Class Filter: ALL
2026-02-06 10:20:06,254 | INFO | Dry Run: False
2026-02-06 10:20:06,254 | INFO | ======================================================================
2026-02-06 10:20:06,481 | INFO | Found 491 VEGA-attested assets
2026-02-06 10:20:06,481 | INFO | 
============================================================
2026-02-06 10:20:06,481 | INFO | Processing CRYPTO: 46 assets
2026-02-06 10:20:06,481 | INFO | Schedule: Daily 01:00 UTC
2026-02-06 10:20:06,481 | INFO | ============================================================
2026-02-06 10:20:06,481 | INFO | 
  Batch 1/2 (25 assets)
2026-02-06 10:20:07,691 | ERROR | $GRT-USD: possibly delisted; no price data found  (1d 2026-02-06 -> 2026-02-07)
2026-02-06 10:20:10,741 | INFO |   Batch complete, waiting 60s...
2026-02-06 10:21:10,748 | INFO | 
  Batch 2/2 (21 assets)
2026-02-06 10:21:10,816 | INFO | 
============================================================
2026-02-06 10:21:10,816 | INFO | Processing EQUITY: 421 assets
2026-02-06 10:21:10,816 | INFO | Schedule: Weekdays 22:00 UTC
2026-02-06 10:21:10,816 | INFO | ============================================================
2026-02-06 10:21:10,816 | INFO | 
  Batch 1/17 (25 assets)
2026-02-06 10:21:10,983 | ERROR | $1COV.DE: possibly delisted; no price data found  (1d 2025-12-24 -> 2026-02-07)
2026-02-06 10:21:14,241 | INFO |     [ABBV] +1 rows
2026-02-06 10:21:17,338 | INFO |     [ABNB] +1 rows
2026-02-06 10:21:20,495 | INFO |     [ABT] +1 rows
2026-02-06 10:21:23,630 | INFO |     [ADBE] +1 rows
2026-02-06 10:21:26,750 | INFO |     [ADI] +1 rows
2026-02-06 10:21:29,908 | INFO |     [ADSK] +1 rows
2026-02-06 10:21:33,074 | INFO |     [AEP] +1 rows
2026-02-06 10:21:36,244 | INFO |     [AFL] +1 rows
2026-02-06 10:21:39,441 | INFO |     [AIG] +1 rows
2026-02-06 10:21:42,607 | INFO |     [AKAM] +1 rows
2026-02-06 10:21:45,770 | INFO |     [ALB] +1 rows
2026-02-06 10:21:48,944 | INFO |     [ALL] +1 rows
2026-02-06 10:21:52,101 | INFO |     [AMAT] +1 rows
2026-02-06 10:21:55,109 | INFO |   Batch complete, waiting 60s...
2026-02-06 10:22:55,110 | INFO | 
  Batch 2/17 (25 assets)
2026-02-06 10:22:55,231 | INFO |     [AMD] +1 rows
2026-02-06 10:22:58,344 | INFO |     [AMGN] +1 rows
2026-02-06 10:23:01,491 | INFO |     [AMT] +1 rows
2026-02-06 10:23:04,587 | INFO |     [AMZN] +1 rows
2026-02-06 10:23:07,736 | INFO |     [AON] +1 rows
2026-02-06 10:23:10,902 | INFO |     [APD] +1 rows
2026-02-06 10:23:14,060 | INFO |     [ASML] +1 rows
2026-02-06 10:23:17,245 | INFO |     [AVB] +1 rows
2026-02-06 10:23:20,418 | INFO |     [AVGO] +1 rows
2026-02-06 10:23:23,564 | INFO |     [AWK] +1 rows
2026-02-06 10:23:26,705 | INFO |     [AXP] +1 rows
2026-02-06 10:23:29,897 | INFO |     [AZO] +1 rows
2026-02-06 10:23:33,070 | INFO |     [BA] +1 rows
2026-02-06 10:23:36,230 | INFO |     [BAC] +1 rows
2026-02-06 10:23:39,265 | INFO |   Batch complete, waiting 60s...
2026-02-06 10:24:39,273 | INFO | 
  Batch 3/17 (25 assets)
2026-02-06 10:24:39,434 | INFO |     [BEI.DE] +1 rows
2026-02-06 10:24:42,588 | INFO |     [BEWI.OL] +1 rows
2026-02-06 10:24:45,738 | INFO |     [BHP.L] +1 rows
2026-02-06 10:24:48,925 | INFO |     [BKNG] +1 rows
2026-02-06 10:24:52,071 | INFO |     [BKR] +1 rows
2026-02-06 10:24:55,219 | INFO |     [BLK] +1 rows
2026-02-06 10:24:58,387 | INFO |     [BMW.DE] +1 rows
2026-02-06 10:25:01,564 | INFO |     [BMY] +1 rows
