2026-02-08 01:33:51,927 | INFO | ======================================================================
2026-02-08 01:33:51,927 | INFO | IoS-001 DAILY PRICE INGEST
2026-02-08 01:33:51,927 | INFO | Executor: LINE (EC-004)
2026-02-08 01:33:51,927 | INFO | Authority: CEO_DIRECTIVE_LINE_DAILY_INGEST_ACTIVATION_20251212
2026-02-08 01:33:51,927 | INFO | Amendment: CEO-DIR-2026-119 (Rate Limit Mitigation)
2026-02-08 01:33:51,927 | INFO | Time: 2026-02-08T00:33:51.927277+00:00
2026-02-08 01:33:51,927 | INFO | Asset Class Filter: ALL
2026-02-08 01:33:51,927 | INFO | Batch Mode: True
2026-02-08 01:33:51,927 | INFO | Dry Run: False
2026-02-08 01:33:51,927 | INFO | ======================================================================
2026-02-08 01:33:52,178 | INFO | Found 491 VEGA-attested assets
2026-02-08 01:33:52,178 | INFO | 
============================================================
2026-02-08 01:33:52,178 | INFO | Processing CRYPTO: 46 assets
2026-02-08 01:33:52,178 | INFO | Schedule: Daily 01:00 UTC
2026-02-08 01:33:52,183 | INFO | ============================================================
2026-02-08 01:33:52,183 | INFO |   Using BATCH MODE (CEO-DIR-2026-119)
2026-02-08 01:33:52,183 | INFO | 
  Batch 1/5 (10 tickers)
2026-02-08 01:33:52,226 | INFO |     All assets up to date
2026-02-08 01:33:52,227 | INFO | 
  Batch 2/5 (10 tickers)
2026-02-08 01:33:52,256 | INFO |     Batch download: 1 tickers
2026-02-08 01:33:53,295 | ERROR | 
1 Failed download:
2026-02-08 01:33:53,295 | ERROR | ['GRT-USD']: YFPricesMissingError('possibly delisted; no price data found  (1d 2026-02-08 -> 2026-02-09)')
2026-02-08 01:33:53,301 | INFO |   Batch complete, waiting 120s...
2026-02-08 01:35:53,313 | INFO | 
  Batch 3/5 (10 tickers)
2026-02-08 01:35:53,411 | INFO |     All assets up to date
2026-02-08 01:35:53,411 | INFO | 
  Batch 4/5 (10 tickers)
2026-02-08 01:35:53,462 | INFO |     Batch download: 1 tickers
2026-02-08 01:35:53,928 | ERROR | 
1 Failed download:
2026-02-08 01:35:53,928 | ERROR | ['UNI-USD']: YFPricesMissingError('possibly delisted; no price data found  (1d 2026-02-08 -> 2026-02-09)')
2026-02-08 01:35:53,928 | INFO |   Batch complete, waiting 120s...
2026-02-08 01:37:53,938 | INFO | 
  Batch 5/5 (6 tickers)
2026-02-08 01:37:54,014 | INFO |     All assets up to date
2026-02-08 01:37:54,014 | INFO | 
============================================================
2026-02-08 01:37:54,015 | INFO | Processing EQUITY: 421 assets
2026-02-08 01:37:54,015 | INFO | Schedule: Weekdays 22:00 UTC
2026-02-08 01:37:54,015 | INFO | ============================================================
2026-02-08 01:37:54,016 | INFO |   Market closed for EQUITY today, skipping
2026-02-08 01:37:54,016 | INFO | 
============================================================
2026-02-08 01:37:54,016 | INFO | Processing FX: 24 assets
2026-02-08 01:37:54,016 | INFO | Schedule: Sun-Thu 22:00 UTC
2026-02-08 01:37:54,017 | INFO | ============================================================
2026-02-08 01:37:54,017 | INFO |   Using BATCH MODE (CEO-DIR-2026-119)
2026-02-08 01:37:54,017 | INFO | 
  Batch 1/3 (10 tickers)
2026-02-08 01:37:54,086 | INFO |     Batch download: 10 tickers
2026-02-08 01:37:55,885 | INFO |     [AUDJPY=X] +1 rows
2026-02-08 01:37:55,885 | INFO |     [AUDUSD=X] +1 rows
2026-02-08 01:37:55,894 | INFO |     [CADJPY=X] +1 rows
2026-02-08 01:37:55,894 | INFO |     [CHFJPY=X] +1 rows
2026-02-08 01:37:55,894 | INFO |     [EURAUD=X] +1 rows
2026-02-08 01:37:55,905 | INFO |     [EURCHF=X] +1 rows
2026-02-08 01:37:55,905 | INFO |     [EURGBP=X] +1 rows
2026-02-08 01:37:55,905 | INFO |     [EURJPY=X] +1 rows
2026-02-08 01:37:55,915 | INFO |     [EURNOK=X] +1 rows
2026-02-08 01:37:55,919 | INFO |     [EURSEK=X] +1 rows
2026-02-08 01:37:55,919 | INFO |   Batch complete, waiting 120s...
