2026-01-31 11:17:37,717 | INFO | ======================================================================
2026-01-31 11:17:37,717 | INFO | IoS-001 DAILY PRICE INGEST
2026-01-31 11:17:37,717 | INFO | Executor: LINE (EC-004)
2026-01-31 11:17:37,717 | INFO | Authority: CEO_DIRECTIVE_LINE_DAILY_INGEST_ACTIVATION_20251212
2026-01-31 11:17:37,717 | INFO | Time: 2026-01-31T10:17:37.717231+00:00
2026-01-31 11:17:37,717 | INFO | Asset Class Filter: ALL
2026-01-31 11:17:37,717 | INFO | Dry Run: False
2026-01-31 11:17:37,717 | INFO | ======================================================================
2026-01-31 11:17:37,950 | INFO | Found 491 VEGA-attested assets
2026-01-31 11:17:37,950 | INFO | 
============================================================
2026-01-31 11:17:37,950 | INFO | Processing CRYPTO: 46 assets
2026-01-31 11:17:37,950 | INFO | Schedule: Daily 01:00 UTC
2026-01-31 11:17:37,950 | INFO | ============================================================
2026-01-31 11:17:37,950 | INFO | 
  Batch 1/2 (25 assets)
2026-01-31 11:17:40,995 | WARNING |   [GRT-USD] Fetch error: Too Many Requests. Rate limited. Try after a while.
2026-01-31 11:17:44,012 | INFO |   Batch complete, waiting 60s...
2026-01-31 11:18:44,019 | INFO | 
  Batch 2/2 (21 assets)
2026-01-31 11:18:45,665 | WARNING |   [UNI-USD] Fetch error: Too Many Requests. Rate limited. Try after a while.
2026-01-31 11:18:48,694 | INFO | 
============================================================
2026-01-31 11:18:48,694 | INFO | Processing EQUITY: 421 assets
2026-01-31 11:18:48,694 | INFO | Schedule: Weekdays 22:00 UTC
2026-01-31 11:18:48,694 | INFO | ============================================================
2026-01-31 11:18:48,694 | INFO |   Market closed for EQUITY today, skipping
2026-01-31 11:18:48,694 | INFO | 
============================================================
2026-01-31 11:18:48,694 | INFO | Processing FX: 24 assets
2026-01-31 11:18:48,694 | INFO | Schedule: Sun-Thu 22:00 UTC
2026-01-31 11:18:48,694 | INFO | ============================================================
2026-01-31 11:18:48,694 | INFO |   Market closed for FX today, skipping
2026-01-31 11:18:48,710 | WARNING | Heartbeat recording failed: relation "fhq_monitoring.system_heartbeats" does not exist
LINE 2:                 INSERT INTO fhq_monitoring.system_heartbeats...
                                    ^

2026-01-31 11:18:48,710 | INFO | 
======================================================================
2026-01-31 11:18:48,710 | INFO | DAILY INGEST COMPLETE
2026-01-31 11:18:48,710 | INFO | ======================================================================
2026-01-31 11:18:48,710 | INFO | Assets Processed: 46
2026-01-31 11:18:48,710 | INFO | Assets Updated:   0
2026-01-31 11:18:48,710 | INFO | Rows Inserted:    0
2026-01-31 11:18:48,710 | INFO |   CRYPTO: 0 assets, 0 rows
2026-01-31 11:18:48,710 | INFO | Evidence: C:\fhq-market-system\vision-ios\03_FUNCTIONS\evidence\IOS001_DAILY_INGEST_36e3eade_20260131_111848.json
2026-01-31 11:18:48,710 | INFO | ======================================================================
