2026-01-26 13:40:42,975 | INFO | ======================================================================
2026-01-26 13:40:42,975 | INFO | IoS-001 DAILY PRICE INGEST
2026-01-26 13:40:42,975 | INFO | Executor: LINE (EC-004)
2026-01-26 13:40:42,975 | INFO | Authority: CEO_DIRECTIVE_LINE_DAILY_INGEST_ACTIVATION_20251212
2026-01-26 13:40:42,975 | INFO | Time: 2026-01-26T12:40:42.975329+00:00
2026-01-26 13:40:42,976 | INFO | Asset Class Filter: ALL
2026-01-26 13:40:42,976 | INFO | Dry Run: False
2026-01-26 13:40:42,976 | INFO | ======================================================================
2026-01-26 13:40:43,263 | INFO | Found 491 VEGA-attested assets
2026-01-26 13:40:43,263 | INFO | 
============================================================
2026-01-26 13:40:43,263 | INFO | Processing CRYPTO: 46 assets
2026-01-26 13:40:43,263 | INFO | Schedule: Daily 01:00 UTC
2026-01-26 13:40:43,264 | INFO | ============================================================
2026-01-26 13:40:43,264 | INFO | 
  Batch 1/2 (25 assets)
2026-01-26 13:40:47,031 | WARNING |   [GRT-USD] Fetch error: Too Many Requests. Rate limited. Try after a while.
2026-01-26 13:40:50,050 | INFO |   Batch complete, waiting 60s...
2026-01-26 13:41:50,051 | INFO | 
  Batch 2/2 (21 assets)
2026-01-26 13:41:51,794 | WARNING |   [UNI-USD] Fetch error: Too Many Requests. Rate limited. Try after a while.
2026-01-26 13:41:54,820 | INFO | 
============================================================
2026-01-26 13:41:54,820 | INFO | Processing EQUITY: 421 assets
2026-01-26 13:41:54,820 | INFO | Schedule: Weekdays 22:00 UTC
2026-01-26 13:41:54,821 | INFO | ============================================================
2026-01-26 13:41:54,821 | INFO | 
  Batch 1/17 (25 assets)
2026-01-26 13:41:55,746 | WARNING |   [1COV.DE] Fetch error: Too Many Requests. Rate limited. Try after a while.
2026-01-26 13:42:00,243 | WARNING |   [ABBV] Fetch error: Too Many Requests. Rate limited. Try after a while.
2026-01-26 13:42:04,132 | WARNING |   [ABNB] Fetch error: Too Many Requests. Rate limited. Try after a while.
2026-01-26 13:42:08,705 | WARNING |   [ABT] Fetch error: Too Many Requests. Rate limited. Try after a while.
2026-01-26 13:42:12,856 | WARNING |   [ADBE] Fetch error: Too Many Requests. Rate limited. Try after a while.
2026-01-26 13:42:16,919 | WARNING |   [ADI] Fetch error: Too Many Requests. Rate limited. Try after a while.
2026-01-26 13:42:21,110 | WARNING |   [ADSK] Fetch error: Too Many Requests. Rate limited. Try after a while.
2026-01-26 13:42:25,135 | WARNING |   [AEP] Fetch error: Too Many Requests. Rate limited. Try after a while.
2026-01-26 13:42:29,516 | WARNING |   [AFL] Fetch error: Too Many Requests. Rate limited. Try after a while.
2026-01-26 13:42:33,737 | WARNING |   [AIG] Fetch error: Too Many Requests. Rate limited. Try after a while.
2026-01-26 13:42:37,737 | WARNING |   [AKAM] Fetch error: Too Many Requests. Rate limited. Try after a while.
2026-01-26 13:42:41,839 | WARNING |   [ALB] Fetch error: Too Many Requests. Rate limited. Try after a while.
2026-01-26 13:42:46,170 | WARNING |   [ALL] Fetch error: Too Many Requests. Rate limited. Try after a while.
2026-01-26 13:42:50,218 | WARNING |   [AMAT] Fetch error: Too Many Requests. Rate limited. Try after a while.
2026-01-26 13:42:53,218 | INFO |   Batch complete, waiting 60s...
2026-01-26 13:43:53,220 | INFO | 
  Batch 2/17 (25 assets)
2026-01-26 13:43:55,651 | WARNING |   [AMD] Fetch error: Too Many Requests. Rate limited. Try after a while.
2026-01-26 13:43:59,613 | WARNING |   [AMGN] Fetch error: Too Many Requests. Rate limited. Try after a while.
2026-01-26 13:44:03,685 | WARNING |   [AMT] Fetch error: Too Many Requests. Rate limited. Try after a while.
2026-01-26 13:44:07,384 | WARNING |   [AMZN] Fetch error: Too Many Requests. Rate limited. Try after a while.
2026-01-26 13:44:11,614 | WARNING |   [AON] Fetch error: Too Many Requests. Rate limited. Try after a while.
2026-01-26 13:44:16,037 | WARNING |   [APD] Fetch error: Too Many Requests. Rate limited. Try after a while.
2026-01-26 13:44:20,213 | WARNING |   [ASML] Fetch error: Too Many Requests. Rate limited. Try after a while.
2026-01-26 13:44:24,363 | WARNING |   [AVB] Fetch error: Too Many Requests. Rate limited. Try after a while.
2026-01-26 13:44:28,371 | WARNING |   [AVGO] Fetch error: Too Many Requests. Rate limited. Try after a while.
2026-01-26 13:44:32,960 | WARNING |   [AWK] Fetch error: Too Many Requests. Rate limited. Try after a while.
2026-01-26 13:44:37,241 | WARNING |   [AXP] Fetch error: Too Many Requests. Rate limited. Try after a while.
2026-01-26 13:44:41,343 | WARNING |   [AZO] Fetch error: Too Many Requests. Rate limited. Try after a while.
2026-01-26 13:44:45,524 | WARNING |   [BA] Fetch error: Too Many Requests. Rate limited. Try after a while.
2026-01-26 13:44:49,405 | WARNING |   [BAC] Fetch error: Too Many Requests. Rate limited. Try after a while.
2026-01-26 13:44:52,439 | INFO |   Batch complete, waiting 60s...
