2025-12-25 19:15:59,419 | INFO | ======================================================================
2025-12-25 19:15:59,420 | INFO | IoS-001 DAILY PRICE INGEST
2025-12-25 19:15:59,420 | INFO | Executor: LINE (EC-004)
2025-12-25 19:15:59,420 | INFO | Authority: CEO_DIRECTIVE_LINE_DAILY_INGEST_ACTIVATION_20251212
2025-12-25 19:15:59,420 | INFO | Time: 2025-12-25T18:15:59.420623+00:00
2025-12-25 19:15:59,420 | INFO | Asset Class Filter: ALL
2025-12-25 19:15:59,420 | INFO | Dry Run: False
2025-12-25 19:15:59,420 | INFO | ======================================================================
2025-12-25 19:15:59,557 | INFO | Found 463 VEGA-attested assets
2025-12-25 19:15:59,558 | INFO | 
============================================================
2025-12-25 19:15:59,558 | INFO | Processing CRYPTO: 45 assets
2025-12-25 19:15:59,558 | INFO | Schedule: Daily 01:00 UTC
2025-12-25 19:15:59,559 | INFO | ============================================================
2025-12-25 19:15:59,559 | INFO | 
  Batch 1/2 (25 assets)
2025-12-25 19:15:59,622 | INFO |   Batch complete, waiting 60s...
2025-12-25 19:16:59,627 | INFO | 
  Batch 2/2 (20 assets)
2025-12-25 19:16:59,741 | INFO | 
============================================================
2025-12-25 19:16:59,741 | INFO | Processing EQUITY: 394 assets
2025-12-25 19:16:59,741 | INFO | Schedule: Weekdays 22:00 UTC
2025-12-25 19:16:59,742 | INFO | ============================================================
2025-12-25 19:16:59,742 | INFO | 
  Batch 1/16 (25 assets)
2025-12-25 19:17:03,061 | WARNING |   [1COV.DE] Fetch error: Too Many Requests. Rate limited. Try after a while.
2025-12-25 19:17:07,106 | WARNING |   [ABBV] Fetch error: Too Many Requests. Rate limited. Try after a while.
2025-12-25 19:17:11,578 | WARNING |   [ABNB] Fetch error: Too Many Requests. Rate limited. Try after a while.
2025-12-25 19:17:16,004 | WARNING |   [ABT] Fetch error: Too Many Requests. Rate limited. Try after a while.
2025-12-25 19:17:19,821 | WARNING |   [ACA.PA] Fetch error: Too Many Requests. Rate limited. Try after a while.
2025-12-25 19:17:24,533 | WARNING |   [ADBE] Fetch error: Too Many Requests. Rate limited. Try after a while.
2025-12-25 19:17:28,508 | WARNING |   [ADI] Fetch error: Too Many Requests. Rate limited. Try after a while.
2025-12-25 19:17:32,763 | WARNING |   [ADS.DE] Fetch error: Too Many Requests. Rate limited. Try after a while.
2025-12-25 19:17:36,877 | WARNING |   [ADSK] Fetch error: Too Many Requests. Rate limited. Try after a while.
2025-12-25 19:17:41,055 | WARNING |   [AEP] Fetch error: Too Many Requests. Rate limited. Try after a while.
2025-12-25 19:17:45,273 | WARNING |   [AFL] Fetch error: Too Many Requests. Rate limited. Try after a while.
2025-12-25 19:17:49,776 | WARNING |   [AI.PA] Fetch error: Too Many Requests. Rate limited. Try after a while.
2025-12-25 19:17:53,843 | WARNING |   [AIG] Fetch error: Too Many Requests. Rate limited. Try after a while.
2025-12-25 19:17:57,876 | WARNING |   [AIR.DE] Fetch error: Too Many Requests. Rate limited. Try after a while.
2025-12-25 19:18:01,943 | WARNING |   [AIR.PA] Fetch error: Too Many Requests. Rate limited. Try after a while.
2025-12-25 19:18:06,185 | WARNING |   [AKAM] Fetch error: Too Many Requests. Rate limited. Try after a while.
2025-12-25 19:18:10,166 | WARNING |   [AKER.OL] Fetch error: Too Many Requests. Rate limited. Try after a while.
2025-12-25 19:18:14,177 | WARNING |   [AKRBP.OL] Fetch error: Too Many Requests. Rate limited. Try after a while.
2025-12-25 19:18:18,360 | WARNING |   [AKSO.OL] Fetch error: Too Many Requests. Rate limited. Try after a while.
2025-12-25 19:18:22,516 | WARNING |   [AKVA.OL] Fetch error: Too Many Requests. Rate limited. Try after a while.
2025-12-25 19:18:26,609 | WARNING |   [ALB] Fetch error: Too Many Requests. Rate limited. Try after a while.
2025-12-25 19:18:30,943 | WARNING |   [ALL] Fetch error: Too Many Requests. Rate limited. Try after a while.
2025-12-25 19:18:34,862 | WARNING |   [ALO.PA] Fetch error: Too Many Requests. Rate limited. Try after a while.
2025-12-25 19:18:39,009 | WARNING |   [ALV.DE] Fetch error: Too Many Requests. Rate limited. Try after a while.
2025-12-25 19:18:43,204 | WARNING |   [AMAT] Fetch error: Too Many Requests. Rate limited. Try after a while.
2025-12-25 19:18:46,212 | INFO |   Batch complete, waiting 60s...
2025-12-25 19:19:46,213 | INFO | 
  Batch 2/16 (25 assets)
2025-12-25 19:19:47,970 | WARNING |   [AMD] Fetch error: Too Many Requests. Rate limited. Try after a while.
2025-12-25 19:19:52,079 | WARNING |   [AMGN] Fetch error: Too Many Requests. Rate limited. Try after a while.
2025-12-25 19:19:56,188 | WARNING |   [AMT] Fetch error: Too Many Requests. Rate limited. Try after a while.
2025-12-25 19:20:00,438 | WARNING |   [AON] Fetch error: Too Many Requests. Rate limited. Try after a while.
2025-12-25 19:20:04,607 | WARNING |   [APD] Fetch error: Too Many Requests. Rate limited. Try after a while.
2025-12-25 19:20:08,763 | WARNING |   [ATO.PA] Fetch error: Too Many Requests. Rate limited. Try after a while.
2025-12-25 19:20:12,780 | WARNING |   [AUSS.OL] Fetch error: Too Many Requests. Rate limited. Try after a while.
2025-12-25 19:20:16,905 | WARNING |   [AUTO.OL] Fetch error: Too Many Requests. Rate limited. Try after a while.
2025-12-25 19:20:21,182 | WARNING |   [AV.L] Fetch error: Too Many Requests. Rate limited. Try after a while.
2025-12-25 19:20:25,460 | WARNING |   [AVB] Fetch error: Too Many Requests. Rate limited. Try after a while.
2025-12-25 19:20:29,807 | WARNING |   [AVGO] Fetch error: Too Many Requests. Rate limited. Try after a while.
2025-12-25 19:20:33,783 | WARNING |   [AWK] Fetch error: Too Many Requests. Rate limited. Try after a while.
2025-12-25 19:20:37,821 | WARNING |   [AXP] Fetch error: Too Many Requests. Rate limited. Try after a while.
2025-12-25 19:20:41,879 | WARNING |   [AZN.L] Fetch error: Too Many Requests. Rate limited. Try after a while.
2025-12-25 19:20:45,939 | WARNING |   [AZO] Fetch error: Too Many Requests. Rate limited. Try after a while.
2025-12-25 19:20:49,996 | WARNING |   [BA] Fetch error: Too Many Requests. Rate limited. Try after a while.
2025-12-25 19:20:54,085 | WARNING |   [BA.L] Fetch error: Too Many Requests. Rate limited. Try after a while.
2025-12-25 19:20:58,266 | WARNING |   [BAC] Fetch error: Too Many Requests. Rate limited. Try after a while.
