2026-02-15 21:30:53,462 | INFO | ======================================================================
2026-02-15 21:30:53,463 | INFO | IoS-001 DAILY PRICE INGEST
2026-02-15 21:30:53,463 | INFO | Executor: LINE (EC-004)
2026-02-15 21:30:53,463 | INFO | Authority: CEO_DIRECTIVE_LINE_DAILY_INGEST_ACTIVATION_20251212
2026-02-15 21:30:53,463 | INFO | Amendment: CEO-DIR-2026-119 (Rate Limit Mitigation)
2026-02-15 21:30:53,463 | INFO | Time: 2026-02-15T20:30:53.463375+00:00
2026-02-15 21:30:53,463 | INFO | Asset Class Filter: ALL
2026-02-15 21:30:53,464 | INFO | Batch Mode: True
2026-02-15 21:30:53,464 | INFO | Dry Run: False
2026-02-15 21:30:53,464 | INFO | ======================================================================
2026-02-15 21:30:53,723 | INFO | Found 491 VEGA-attested assets
2026-02-15 21:30:53,723 | INFO | 
============================================================
2026-02-15 21:30:53,723 | INFO | Processing CRYPTO: 46 assets
2026-02-15 21:30:53,723 | INFO | Schedule: Daily 01:00 UTC
2026-02-15 21:30:53,724 | INFO | ============================================================
2026-02-15 21:30:53,724 | INFO |   Using BATCH MODE (CEO-DIR-2026-119)
2026-02-15 21:30:53,724 | INFO | 
  Batch 1/5 (10 tickers)
2026-02-15 21:30:53,736 | INFO |     All assets up to date
2026-02-15 21:30:53,736 | INFO | 
  Batch 2/5 (10 tickers)
2026-02-15 21:30:53,745 | INFO |     Batch download: 1 tickers
2026-02-15 21:30:56,329 | ERROR | 
1 Failed download:
2026-02-15 21:30:56,329 | ERROR | ['GRT-USD']: YFRateLimitError('Too Many Requests. Rate limited. Try after a while.')
2026-02-15 21:30:56,344 | INFO |   Batch complete, waiting 120s...
2026-02-15 21:32:56,348 | INFO | 
  Batch 3/5 (10 tickers)
2026-02-15 21:32:56,387 | INFO |     All assets up to date
2026-02-15 21:32:56,387 | INFO | 
  Batch 4/5 (10 tickers)
2026-02-15 21:32:56,402 | INFO |     Batch download: 1 tickers
2026-02-15 21:32:58,892 | ERROR | 
1 Failed download:
2026-02-15 21:32:58,892 | ERROR | ['UNI-USD']: YFRateLimitError('Too Many Requests. Rate limited. Try after a while.')
2026-02-15 21:32:58,896 | INFO |   Batch complete, waiting 120s...
2026-02-15 21:34:58,898 | INFO | 
  Batch 5/5 (6 tickers)
2026-02-15 21:34:58,907 | INFO |     All assets up to date
2026-02-15 21:34:58,907 | INFO | 
============================================================
2026-02-15 21:34:58,907 | INFO | Processing EQUITY: 421 assets
2026-02-15 21:34:58,907 | INFO | Schedule: Weekdays 22:00 UTC
2026-02-15 21:34:58,907 | INFO | ============================================================
2026-02-15 21:34:58,907 | INFO |   Market closed for EQUITY today, skipping
2026-02-15 21:34:58,907 | INFO | 
============================================================
2026-02-15 21:34:58,907 | INFO | Processing FX: 24 assets
2026-02-15 21:34:58,907 | INFO | Schedule: Sun-Thu 22:00 UTC
2026-02-15 21:34:58,907 | INFO | ============================================================
2026-02-15 21:34:58,907 | INFO |   Using BATCH MODE (CEO-DIR-2026-119)
2026-02-15 21:34:58,907 | INFO | 
  Batch 1/3 (10 tickers)
2026-02-15 21:34:58,931 | INFO |     Batch download: 5 tickers
2026-02-15 21:35:07,909 | ERROR | 
5 Failed downloads:
2026-02-15 21:35:07,909 | ERROR | ['EURAUD=X', 'EURCHF=X', 'EURNOK=X', 'EURSEK=X', 'EURGBP=X']: YFRateLimitError('Too Many Requests. Rate limited. Try after a while.')
2026-02-15 21:35:07,924 | INFO |   Batch complete, waiting 120s...
