2026-01-11 23:58:09,574 | INFO | ======================================================================
2026-01-11 23:58:09,574 | INFO | IoS-001 DAILY PRICE INGEST
2026-01-11 23:58:09,574 | INFO | Executor: LINE (EC-004)
2026-01-11 23:58:09,575 | INFO | Authority: CEO_DIRECTIVE_LINE_DAILY_INGEST_ACTIVATION_20251212
2026-01-11 23:58:09,575 | INFO | Time: 2026-01-11T22:58:09.575412+00:00
2026-01-11 23:58:09,575 | INFO | Asset Class Filter: ALL
2026-01-11 23:58:09,575 | INFO | Dry Run: False
2026-01-11 23:58:09,575 | INFO | ======================================================================
2026-01-11 23:58:09,840 | INFO | Found 491 VEGA-attested assets
2026-01-11 23:58:09,840 | INFO | 
============================================================
2026-01-11 23:58:09,840 | INFO | Processing CRYPTO: 46 assets
2026-01-11 23:58:09,840 | INFO | Schedule: Daily 01:00 UTC
2026-01-11 23:58:09,840 | INFO | ============================================================
2026-01-11 23:58:09,840 | INFO | 
  Batch 1/2 (25 assets)
2026-01-11 23:58:13,717 | WARNING |   [GRT-USD] Fetch error: Too Many Requests. Rate limited. Try after a while.
2026-01-11 23:58:16,739 | INFO |   Batch complete, waiting 60s...
2026-01-11 23:59:16,741 | INFO | 
  Batch 2/2 (21 assets)
2026-01-11 23:59:18,717 | WARNING |   [UNI-USD] Fetch error: Too Many Requests. Rate limited. Try after a while.
2026-01-11 23:59:21,749 | INFO | 
============================================================
2026-01-11 23:59:21,749 | INFO | Processing EQUITY: 421 assets
2026-01-11 23:59:21,749 | INFO | Schedule: Weekdays 22:00 UTC
2026-01-11 23:59:21,749 | INFO | ============================================================
2026-01-11 23:59:21,749 | INFO |   Market closed for EQUITY today, skipping
2026-01-11 23:59:21,750 | INFO | 
============================================================
2026-01-11 23:59:21,750 | INFO | Processing FX: 24 assets
2026-01-11 23:59:21,750 | INFO | Schedule: Sun-Thu 22:00 UTC
2026-01-11 23:59:21,750 | INFO | ============================================================
2026-01-11 23:59:21,750 | INFO | 
  Batch 1/1 (24 assets)
2026-01-11 23:59:21,819 | WARNING | Heartbeat recording failed: relation "fhq_monitoring.system_heartbeats" does not exist
LINE 2:                 INSERT INTO fhq_monitoring.system_heartbeats...
                                    ^

2026-01-11 23:59:21,820 | INFO | 
======================================================================
2026-01-11 23:59:21,820 | INFO | DAILY INGEST COMPLETE
2026-01-11 23:59:21,821 | INFO | ======================================================================
2026-01-11 23:59:21,821 | INFO | Assets Processed: 70
2026-01-11 23:59:21,821 | INFO | Assets Updated:   0
2026-01-11 23:59:21,821 | INFO | Rows Inserted:    0
2026-01-11 23:59:21,821 | INFO |   CRYPTO: 0 assets, 0 rows
2026-01-11 23:59:21,821 | INFO |   FX: 0 assets, 0 rows
2026-01-11 23:59:21,821 | INFO | Evidence: C:\fhq-market-system\vision-ios\03_FUNCTIONS\evidence\IOS001_DAILY_INGEST_7404f01c_20260111_235921.json
2026-01-11 23:59:21,822 | INFO | ======================================================================
