2026-01-25 00:08:51,904 | INFO | ======================================================================
2026-01-25 00:08:51,904 | INFO | IoS-001 DAILY PRICE INGEST
2026-01-25 00:08:51,904 | INFO | Executor: LINE (EC-004)
2026-01-25 00:08:51,904 | INFO | Authority: CEO_DIRECTIVE_LINE_DAILY_INGEST_ACTIVATION_20251212
2026-01-25 00:08:51,904 | INFO | Time: 2026-01-24T23:08:51.904164+00:00
2026-01-25 00:08:51,904 | INFO | Asset Class Filter: ALL
2026-01-25 00:08:51,904 | INFO | Dry Run: False
2026-01-25 00:08:51,904 | INFO | ======================================================================
2026-01-25 00:08:52,239 | INFO | Found 491 VEGA-attested assets
2026-01-25 00:08:52,240 | INFO | 
============================================================
2026-01-25 00:08:52,240 | INFO | Processing CRYPTO: 46 assets
2026-01-25 00:08:52,240 | INFO | Schedule: Daily 01:00 UTC
2026-01-25 00:08:52,240 | INFO | ============================================================
2026-01-25 00:08:52,241 | INFO | 
  Batch 1/2 (25 assets)
2026-01-25 00:08:56,130 | ERROR | $ADA-USD: possibly delisted; no price data found  (1d 2026-01-25 -> 2026-01-26) (Yahoo error = "Data doesn't exist for startDate = 1769299200, endDate = 1769385600")
2026-01-25 00:09:00,354 | ERROR | $ALGO-USD: possibly delisted; no price data found  (1d 2026-01-25 -> 2026-01-26) (Yahoo error = "Data doesn't exist for startDate = 1769299200, endDate = 1769385600")
2026-01-25 00:09:04,482 | ERROR | $ATOM-USD: possibly delisted; no price data found  (1d 2026-01-25 -> 2026-01-26) (Yahoo error = "Data doesn't exist for startDate = 1769299200, endDate = 1769385600")
2026-01-25 00:09:08,644 | ERROR | $AVAX-USD: possibly delisted; no price data found  (1d 2026-01-25 -> 2026-01-26) (Yahoo error = "Data doesn't exist for startDate = 1769299200, endDate = 1769385600")
2026-01-25 00:09:12,965 | ERROR | $AXS-USD: possibly delisted; no price data found  (1d 2026-01-25 -> 2026-01-26) (Yahoo error = "Data doesn't exist for startDate = 1769299200, endDate = 1769385600")
2026-01-25 00:09:17,022 | ERROR | $BCH-USD: possibly delisted; no price data found  (1d 2026-01-25 -> 2026-01-26) (Yahoo error = "Data doesn't exist for startDate = 1769299200, endDate = 1769385600")
2026-01-25 00:09:21,220 | ERROR | $BNB-USD: possibly delisted; no price data found  (1d 2026-01-25 -> 2026-01-26) (Yahoo error = "Data doesn't exist for startDate = 1769299200, endDate = 1769385600")
2026-01-25 00:09:25,588 | ERROR | $BTC-USD: possibly delisted; no price data found  (1d 2026-01-25 -> 2026-01-26) (Yahoo error = "Data doesn't exist for startDate = 1769299200, endDate = 1769385600")
2026-01-25 00:09:29,765 | ERROR | $CHZ-USD: possibly delisted; no price data found  (1d 2026-01-25 -> 2026-01-26) (Yahoo error = "Data doesn't exist for startDate = 1769299200, endDate = 1769385600")
2026-01-25 00:09:34,407 | ERROR | $CRO-USD: possibly delisted; no price data found  (1d 2026-01-25 -> 2026-01-26) (Yahoo error = "Data doesn't exist for startDate = 1769299200, endDate = 1769385600")
2026-01-25 00:09:38,977 | ERROR | $CRV-USD: possibly delisted; no price data found  (1d 2026-01-25 -> 2026-01-26) (Yahoo error = "Data doesn't exist for startDate = 1769299200, endDate = 1769385600")
2026-01-25 00:09:43,071 | ERROR | $DOGE-USD: possibly delisted; no price data found  (1d 2026-01-25 -> 2026-01-26) (Yahoo error = "Data doesn't exist for startDate = 1769299200, endDate = 1769385600")
2026-01-25 00:09:46,937 | ERROR | $DOT-USD: possibly delisted; no price data found  (1d 2026-01-25 -> 2026-01-26) (Yahoo error = "Data doesn't exist for startDate = 1769299200, endDate = 1769385600")
2026-01-25 00:09:51,238 | ERROR | $EOS-USD: possibly delisted; no price data found  (1d 2026-01-25 -> 2026-01-26) (Yahoo error = "Data doesn't exist for startDate = 1769299200, endDate = 1769385600")
2026-01-25 00:09:55,520 | ERROR | $ETC-USD: possibly delisted; no price data found  (1d 2026-01-25 -> 2026-01-26) (Yahoo error = "Data doesn't exist for startDate = 1769299200, endDate = 1769385600")
2026-01-25 00:09:59,651 | ERROR | $ETH-USD: possibly delisted; no price data found  (1d 2026-01-25 -> 2026-01-26) (Yahoo error = "Data doesn't exist for startDate = 1769299200, endDate = 1769385600")
2026-01-25 00:10:03,723 | ERROR | $FIL-USD: possibly delisted; no price data found  (1d 2026-01-25 -> 2026-01-26) (Yahoo error = "Data doesn't exist for startDate = 1769299200, endDate = 1769385600")
2026-01-25 00:10:08,040 | ERROR | $FLOW-USD: possibly delisted; no price data found  (1d 2026-01-25 -> 2026-01-26) (Yahoo error = "Data doesn't exist for startDate = 1769299200, endDate = 1769385600")
2026-01-25 00:10:11,130 | ERROR | $GRT-USD: possibly delisted; no price data found  (1d 2026-01-24 -> 2026-01-26)
2026-01-25 00:10:15,674 | ERROR | $HBAR-USD: possibly delisted; no price data found  (1d 2026-01-25 -> 2026-01-26) (Yahoo error = "Data doesn't exist for startDate = 1769299200, endDate = 1769385600")
2026-01-25 00:10:19,826 | ERROR | $ICP-USD: possibly delisted; no price data found  (1d 2026-01-25 -> 2026-01-26) (Yahoo error = "Data doesn't exist for startDate = 1769299200, endDate = 1769385600")
2026-01-25 00:10:24,176 | ERROR | $INJ-USD: possibly delisted; no price data found  (1d 2026-01-25 -> 2026-01-26) (Yahoo error = "Data doesn't exist for startDate = 1769299200, endDate = 1769385600")
2026-01-25 00:10:28,304 | ERROR | $LDO-USD: possibly delisted; no price data found  (1d 2026-01-25 -> 2026-01-26) (Yahoo error = "Data doesn't exist for startDate = 1769299200, endDate = 1769385600")
2026-01-25 00:10:32,364 | ERROR | $LINK-USD: possibly delisted; no price data found  (1d 2026-01-25 -> 2026-01-26) (Yahoo error = "Data doesn't exist for startDate = 1769299200, endDate = 1769385600")
2026-01-25 00:10:36,953 | ERROR | $LTC-USD: possibly delisted; no price data found  (1d 2026-01-25 -> 2026-01-26) (Yahoo error = "Data doesn't exist for startDate = 1769299200, endDate = 1769385600")
2026-01-25 00:10:39,955 | INFO |   Batch complete, waiting 60s...
2026-01-25 00:11:39,955 | INFO | 
  Batch 2/2 (21 assets)
2026-01-25 00:11:41,594 | ERROR | $MANA-USD: possibly delisted; no price data found  (1d 2026-01-25 -> 2026-01-26) (Yahoo error = "Data doesn't exist for startDate = 1769299200, endDate = 1769385600")
2026-01-25 00:11:45,742 | ERROR | $MKR-USD: possibly delisted; no price data found  (1d 2026-01-25 -> 2026-01-26) (Yahoo error = "Data doesn't exist for startDate = 1769299200, endDate = 1769385600")
2026-01-25 00:11:49,979 | ERROR | $NEAR-USD: possibly delisted; no price data found  (1d 2026-01-25 -> 2026-01-26) (Yahoo error = "Data doesn't exist for startDate = 1769299200, endDate = 1769385600")
2026-01-25 00:11:54,019 | ERROR | $OKB-USD: possibly delisted; no price data found  (1d 2026-01-25 -> 2026-01-26) (Yahoo error = "Data doesn't exist for startDate = 1769299200, endDate = 1769385600")
2026-01-25 00:11:58,287 | ERROR | $QNT-USD: possibly delisted; no price data found  (1d 2026-01-25 -> 2026-01-26) (Yahoo error = "Data doesn't exist for startDate = 1769299200, endDate = 1769385600")
2026-01-25 00:12:02,414 | ERROR | $RPL-USD: possibly delisted; no price data found  (1d 2026-01-25 -> 2026-01-26) (Yahoo error = "Data doesn't exist for startDate = 1769299200, endDate = 1769385600")
2026-01-25 00:12:06,659 | ERROR | $RUNE-USD: possibly delisted; no price data found  (1d 2026-01-25 -> 2026-01-26) (Yahoo error = "Data doesn't exist for startDate = 1769299200, endDate = 1769385600")
2026-01-25 00:12:11,074 | ERROR | $SAND-USD: possibly delisted; no price data found  (1d 2026-01-25 -> 2026-01-26) (Yahoo error = "Data doesn't exist for startDate = 1769299200, endDate = 1769385600")
2026-01-25 00:12:15,305 | ERROR | $SHIB-USD: possibly delisted; no price data found  (1d 2026-01-25 -> 2026-01-26) (Yahoo error = "Data doesn't exist for startDate = 1769299200, endDate = 1769385600")
2026-01-25 00:12:19,352 | ERROR | $SNX-USD: possibly delisted; no price data found  (1d 2026-01-25 -> 2026-01-26) (Yahoo error = "Data doesn't exist for startDate = 1769299200, endDate = 1769385600")
2026-01-25 00:12:23,254 | ERROR | $SOL-USD: possibly delisted; no price data found  (1d 2026-01-25 -> 2026-01-26) (Yahoo error = "Data doesn't exist for startDate = 1769299200, endDate = 1769385600")
2026-01-25 00:12:27,531 | ERROR | $THETA-USD: possibly delisted; no price data found  (1d 2026-01-25 -> 2026-01-26) (Yahoo error = "Data doesn't exist for startDate = 1769299200, endDate = 1769385600")
2026-01-25 00:12:31,763 | ERROR | $TRX-USD: possibly delisted; no price data found  (1d 2026-01-25 -> 2026-01-26) (Yahoo error = "Data doesn't exist for startDate = 1769299200, endDate = 1769385600")
2026-01-25 00:12:34,876 | ERROR | $UNI-USD: possibly delisted; no price data found  (1d 2026-01-23 -> 2026-01-26)
2026-01-25 00:12:38,967 | ERROR | $VET-USD: possibly delisted; no price data found  (1d 2026-01-25 -> 2026-01-26) (Yahoo error = "Data doesn't exist for startDate = 1769299200, endDate = 1769385600")
2026-01-25 00:12:43,185 | ERROR | $XLM-USD: possibly delisted; no price data found  (1d 2026-01-25 -> 2026-01-26) (Yahoo error = "Data doesn't exist for startDate = 1769299200, endDate = 1769385600")
2026-01-25 00:12:47,465 | ERROR | $XMR-USD: possibly delisted; no price data found  (1d 2026-01-25 -> 2026-01-26) (Yahoo error = "Data doesn't exist for startDate = 1769299200, endDate = 1769385600")
2026-01-25 00:12:51,352 | ERROR | $XRP-USD: possibly delisted; no price data found  (1d 2026-01-25 -> 2026-01-26) (Yahoo error = "Data doesn't exist for startDate = 1769299200, endDate = 1769385600")
2026-01-25 00:12:55,703 | ERROR | $XTZ-USD: possibly delisted; no price data found  (1d 2026-01-25 -> 2026-01-26) (Yahoo error = "Data doesn't exist for startDate = 1769299200, endDate = 1769385600")
2026-01-25 00:12:59,717 | ERROR | $ZEC-USD: possibly delisted; no price data found  (1d 2026-01-25 -> 2026-01-26) (Yahoo error = "Data doesn't exist for startDate = 1769299200, endDate = 1769385600")
2026-01-25 00:13:04,472 | ERROR | $AAVE-USD: possibly delisted; no price data found  (1d 2026-01-25 -> 2026-01-26) (Yahoo error = "Data doesn't exist for startDate = 1769299200, endDate = 1769385600")
2026-01-25 00:13:07,475 | INFO | 
============================================================
2026-01-25 00:13:07,475 | INFO | Processing EQUITY: 421 assets
2026-01-25 00:13:07,475 | INFO | Schedule: Weekdays 22:00 UTC
2026-01-25 00:13:07,475 | INFO | ============================================================
2026-01-25 00:13:07,475 | INFO |   Market closed for EQUITY today, skipping
2026-01-25 00:13:07,475 | INFO | 
============================================================
2026-01-25 00:13:07,475 | INFO | Processing FX: 24 assets
2026-01-25 00:13:07,475 | INFO | Schedule: Sun-Thu 22:00 UTC
2026-01-25 00:13:07,475 | INFO | ============================================================
2026-01-25 00:13:07,475 | INFO |   Market closed for FX today, skipping
2026-01-25 00:13:07,480 | WARNING | Heartbeat recording failed: relation "fhq_monitoring.system_heartbeats" does not exist
LINE 2:                 INSERT INTO fhq_monitoring.system_heartbeats...
                                    ^

2026-01-25 00:13:07,480 | INFO | 
======================================================================
2026-01-25 00:13:07,480 | INFO | DAILY INGEST COMPLETE
2026-01-25 00:13:07,480 | INFO | ======================================================================
2026-01-25 00:13:07,480 | INFO | Assets Processed: 46
2026-01-25 00:13:07,480 | INFO | Assets Updated:   0
2026-01-25 00:13:07,480 | INFO | Rows Inserted:    0
2026-01-25 00:13:07,480 | INFO |   CRYPTO: 0 assets, 0 rows
2026-01-25 00:13:07,480 | INFO | Evidence: C:\fhq-market-system\vision-ios\03_FUNCTIONS\evidence\IOS001_DAILY_INGEST_424ae246_20260125_001307.json
2026-01-25 00:13:07,480 | INFO | ======================================================================
