2026-01-06 21:12:06,736 | INFO | ======================================================================
2026-01-06 21:12:06,736 | INFO | IoS-001 DAILY PRICE INGEST
2026-01-06 21:12:06,736 | INFO | Executor: LINE (EC-004)
2026-01-06 21:12:06,736 | INFO | Authority: CEO_DIRECTIVE_LINE_DAILY_INGEST_ACTIVATION_20251212
2026-01-06 21:12:06,736 | INFO | Time: 2026-01-06T20:12:06.736197+00:00
2026-01-06 21:12:06,736 | INFO | Asset Class Filter: ALL
2026-01-06 21:12:06,736 | INFO | Dry Run: False
2026-01-06 21:12:06,736 | INFO | ======================================================================
2026-01-06 21:12:06,974 | INFO | Found 491 VEGA-attested assets
2026-01-06 21:12:06,974 | INFO | 
============================================================
2026-01-06 21:12:06,974 | INFO | Processing CRYPTO: 46 assets
2026-01-06 21:12:06,974 | INFO | Schedule: Daily 01:00 UTC
2026-01-06 21:12:06,974 | INFO | ============================================================
2026-01-06 21:12:06,974 | INFO | 
  Batch 1/2 (25 assets)
2026-01-06 21:12:07,017 | INFO |   Batch complete, waiting 60s...
2026-01-06 21:13:07,019 | INFO | 
  Batch 2/2 (21 assets)
2026-01-06 21:13:07,123 | INFO | 
============================================================
2026-01-06 21:13:07,123 | INFO | Processing EQUITY: 421 assets
2026-01-06 21:13:07,124 | INFO | Schedule: Weekdays 22:00 UTC
2026-01-06 21:13:07,125 | INFO | ============================================================
2026-01-06 21:13:07,125 | INFO | 
  Batch 1/17 (25 assets)
2026-01-06 21:13:13,342 | ERROR | $1COV.DE: possibly delisted; no price data found  (1d 2025-12-24 -> 2026-01-07)
2026-01-06 21:13:16,382 | INFO |   Batch complete, waiting 60s...
2026-01-06 21:14:16,382 | INFO | 
  Batch 2/17 (25 assets)
2026-01-06 21:14:16,450 | INFO |   Batch complete, waiting 60s...
2026-01-06 21:15:16,456 | INFO | 
  Batch 3/17 (25 assets)
2026-01-06 21:15:21,645 | ERROR | $BRK.B: possibly delisted; no timezone found
2026-01-06 21:15:27,501 | ERROR | 404 Client Error: Not Found for url: https://query2.finance.yahoo.com/v10/finance/quoteSummary/BT.A.L?modules=financialData%2CquoteType%2CdefaultKeyStatistics%2CassetProfile%2CsummaryDetail&corsDomain=finance.yahoo.com&formatted=false&symbol=BT.A.L&crumb=1XLVQ0ldw0y
2026-01-06 21:15:27,502 | WARNING |   [BT.A.L] Fetch error: 'NoneType' object has no attribute 'update'
2026-01-06 21:15:30,577 | INFO |   Batch complete, waiting 60s...
2026-01-06 21:16:30,578 | INFO | 
  Batch 4/17 (25 assets)
2026-01-06 21:16:30,799 | INFO |     [CF] +1 rows
2026-01-06 21:16:33,979 | INFO |     [CHD] +1 rows
2026-01-06 21:16:37,233 | INFO |     [CHTR] +1 rows
2026-01-06 21:16:40,549 | INFO |     [CI] +1 rows
2026-01-06 21:16:43,948 | INFO |     [CL] +1 rows
2026-01-06 21:16:47,286 | INFO |     [CLX] +1 rows
2026-01-06 21:16:50,592 | INFO |     [CMCSA] +1 rows
2026-01-06 21:16:53,863 | INFO |     [CME] +1 rows
2026-01-06 21:16:57,064 | INFO |     [CMG] +1 rows
2026-01-06 21:17:00,354 | INFO |     [COF] +1 rows
2026-01-06 21:17:03,553 | INFO |     [COIN] +1 rows
