2026-02-07 21:22:59,632 | INFO | ======================================================================
2026-02-07 21:22:59,632 | INFO | IoS-001 DAILY PRICE INGEST
2026-02-07 21:22:59,632 | INFO | Executor: LINE (EC-004)
2026-02-07 21:22:59,632 | INFO | Authority: CEO_DIRECTIVE_LINE_DAILY_INGEST_ACTIVATION_20251212
2026-02-07 21:22:59,632 | INFO | Amendment: CEO-DIR-2026-119 (Rate Limit Mitigation)
2026-02-07 21:22:59,632 | INFO | Time: 2026-02-07T20:22:59.632781+00:00
2026-02-07 21:22:59,632 | INFO | Asset Class Filter: ALL
2026-02-07 21:22:59,632 | INFO | Batch Mode: True
2026-02-07 21:22:59,632 | INFO | Dry Run: False
2026-02-07 21:22:59,632 | INFO | ======================================================================
2026-02-07 21:22:59,950 | INFO | Found 491 VEGA-attested assets
2026-02-07 21:22:59,950 | INFO | 
============================================================
2026-02-07 21:22:59,950 | INFO | Processing CRYPTO: 46 assets
2026-02-07 21:22:59,950 | INFO | Schedule: Daily 01:00 UTC
2026-02-07 21:22:59,950 | INFO | ============================================================
2026-02-07 21:22:59,950 | INFO |   Using BATCH MODE (CEO-DIR-2026-119)
2026-02-07 21:22:59,950 | INFO | 
  Batch 1/5 (10 tickers)
2026-02-07 21:22:59,991 | INFO |     All assets up to date
2026-02-07 21:22:59,991 | INFO | 
  Batch 2/5 (10 tickers)
2026-02-07 21:23:00,028 | INFO |     Batch download: 1 tickers
2026-02-07 21:23:03,713 | ERROR | 
1 Failed download:
2026-02-07 21:23:03,713 | ERROR | ['GRT-USD']: YFRateLimitError('Too Many Requests. Rate limited. Try after a while.')
2026-02-07 21:23:03,724 | INFO |   Batch complete, waiting 120s...
2026-02-07 21:25:03,732 | INFO | 
  Batch 3/5 (10 tickers)
2026-02-07 21:25:03,786 | INFO |     All assets up to date
2026-02-07 21:25:03,786 | INFO | 
  Batch 4/5 (10 tickers)
2026-02-07 21:25:03,852 | INFO |     Batch download: 1 tickers
2026-02-07 21:25:08,398 | ERROR | 
1 Failed download:
2026-02-07 21:25:08,398 | ERROR | ['UNI-USD']: YFRateLimitError('Too Many Requests. Rate limited. Try after a while.')
2026-02-07 21:25:08,398 | INFO |   Batch complete, waiting 120s...
2026-02-07 21:27:08,408 | INFO | 
  Batch 5/5 (6 tickers)
2026-02-07 21:27:08,437 | INFO |     All assets up to date
2026-02-07 21:27:08,437 | INFO | 
============================================================
2026-02-07 21:27:08,437 | INFO | Processing EQUITY: 421 assets
2026-02-07 21:27:08,437 | INFO | Schedule: Weekdays 22:00 UTC
2026-02-07 21:27:08,437 | INFO | ============================================================
2026-02-07 21:27:08,437 | INFO |   Market closed for EQUITY today, skipping
2026-02-07 21:27:08,437 | INFO | 
============================================================
2026-02-07 21:27:08,437 | INFO | Processing FX: 24 assets
2026-02-07 21:27:08,437 | INFO | Schedule: Sun-Thu 22:00 UTC
2026-02-07 21:27:08,437 | INFO | ============================================================
2026-02-07 21:27:08,437 | INFO |   Market closed for FX today, skipping
2026-02-07 21:27:08,447 | WARNING | Heartbeat recording failed: relation "fhq_monitoring.system_heartbeats" does not exist
LINE 2:                 INSERT INTO fhq_monitoring.system_heartbeats...
                                    ^

2026-02-07 21:27:08,447 | INFO | 
======================================================================
2026-02-07 21:27:08,447 | INFO | DAILY INGEST COMPLETE
2026-02-07 21:27:08,447 | INFO | ======================================================================
2026-02-07 21:27:08,447 | INFO | Assets Processed: 46
2026-02-07 21:27:08,447 | INFO | Assets Updated:   0
2026-02-07 21:27:08,447 | INFO | Rows Inserted:    0
2026-02-07 21:27:08,447 | INFO |   CRYPTO: 0 assets, 0 rows
2026-02-07 21:27:08,447 | INFO | Evidence: C:\fhq-market-system\vision-ios\03_FUNCTIONS\evidence\IOS001_DAILY_INGEST_385c1af5_20260207_212708.json
2026-02-07 21:27:08,447 | INFO | ======================================================================
