2026-01-21 20:34:44,374 | INFO | ======================================================================
2026-01-21 20:34:44,376 | INFO | IoS-001 DAILY PRICE INGEST
2026-01-21 20:34:44,376 | INFO | Executor: LINE (EC-004)
2026-01-21 20:34:44,376 | INFO | Authority: CEO_DIRECTIVE_LINE_DAILY_INGEST_ACTIVATION_20251212
2026-01-21 20:34:44,376 | INFO | Time: 2026-01-21T19:34:44.376791+00:00
2026-01-21 20:34:44,376 | INFO | Asset Class Filter: ALL
2026-01-21 20:34:44,376 | INFO | Dry Run: False
2026-01-21 20:34:44,376 | INFO | ======================================================================
2026-01-21 20:34:44,673 | INFO | Found 491 VEGA-attested assets
2026-01-21 20:34:44,674 | INFO | 
============================================================
2026-01-21 20:34:44,674 | INFO | Processing CRYPTO: 46 assets
2026-01-21 20:34:44,674 | INFO | Schedule: Daily 01:00 UTC
2026-01-21 20:34:44,674 | INFO | ============================================================
2026-01-21 20:34:44,674 | INFO | 
  Batch 1/2 (25 assets)
2026-01-21 20:34:47,817 | WARNING |   [GRT-USD] Fetch error: Too Many Requests. Rate limited. Try after a while.
2026-01-21 20:34:50,858 | INFO |   Batch complete, waiting 60s...
2026-01-21 20:35:50,859 | INFO | 
  Batch 2/2 (21 assets)
2026-01-21 20:35:52,919 | WARNING |   [UNI-USD] Fetch error: Too Many Requests. Rate limited. Try after a while.
2026-01-21 20:35:55,938 | INFO | 
============================================================
2026-01-21 20:35:55,938 | INFO | Processing EQUITY: 421 assets
2026-01-21 20:35:55,938 | INFO | Schedule: Weekdays 22:00 UTC
2026-01-21 20:35:55,938 | INFO | ============================================================
2026-01-21 20:35:55,938 | INFO | 
  Batch 1/17 (25 assets)
2026-01-21 20:35:57,309 | WARNING |   [1COV.DE] Fetch error: Too Many Requests. Rate limited. Try after a while.
2026-01-21 20:36:00,343 | INFO |   Batch complete, waiting 60s...
2026-01-21 20:37:00,347 | INFO | 
  Batch 2/17 (25 assets)
2026-01-21 20:37:00,387 | INFO |   Batch complete, waiting 60s...
2026-01-21 20:38:00,393 | INFO | 
  Batch 3/17 (25 assets)
2026-01-21 20:38:03,797 | WARNING |   [BRK.B] Fetch error: Too Many Requests. Rate limited. Try after a while.
2026-01-21 20:38:07,677 | WARNING |   [BT.A.L] Fetch error: Too Many Requests. Rate limited. Try after a while.
2026-01-21 20:38:10,690 | INFO |   Batch complete, waiting 60s...
2026-01-21 20:39:10,691 | INFO | 
  Batch 4/17 (25 assets)
2026-01-21 20:39:12,343 | WARNING |   [CF] Fetch error: Too Many Requests. Rate limited. Try after a while.
2026-01-21 20:39:16,555 | WARNING |   [CHD] Fetch error: Too Many Requests. Rate limited. Try after a while.
2026-01-21 20:39:20,675 | WARNING |   [CHTR] Fetch error: Too Many Requests. Rate limited. Try after a while.
2026-01-21 20:39:24,467 | WARNING |   [CI] Fetch error: Too Many Requests. Rate limited. Try after a while.
2026-01-21 20:39:28,748 | WARNING |   [CL] Fetch error: Too Many Requests. Rate limited. Try after a while.
2026-01-21 20:39:32,916 | WARNING |   [CLX] Fetch error: Too Many Requests. Rate limited. Try after a while.
2026-01-21 20:39:37,405 | WARNING |   [CMCSA] Fetch error: Too Many Requests. Rate limited. Try after a while.
2026-01-21 20:39:41,600 | WARNING |   [CME] Fetch error: Too Many Requests. Rate limited. Try after a while.
