2026-02-15 18:56:59,048 | INFO | ======================================================================
2026-02-15 18:56:59,048 | INFO | IoS-001 DAILY PRICE INGEST
2026-02-15 18:56:59,048 | INFO | Executor: LINE (EC-004)
2026-02-15 18:56:59,048 | INFO | Authority: CEO_DIRECTIVE_LINE_DAILY_INGEST_ACTIVATION_20251212
2026-02-15 18:56:59,048 | INFO | Amendment: CEO-DIR-2026-119 (Rate Limit Mitigation)
2026-02-15 18:56:59,048 | INFO | Time: 2026-02-15T17:56:59.048141+00:00
2026-02-15 18:56:59,048 | INFO | Asset Class Filter: ALL
2026-02-15 18:56:59,048 | INFO | Batch Mode: True
2026-02-15 18:56:59,048 | INFO | Dry Run: False
2026-02-15 18:56:59,048 | INFO | ======================================================================
2026-02-15 18:56:59,236 | INFO | Found 491 VEGA-attested assets
2026-02-15 18:56:59,236 | INFO | 
============================================================
2026-02-15 18:56:59,236 | INFO | Processing CRYPTO: 46 assets
2026-02-15 18:56:59,236 | INFO | Schedule: Daily 01:00 UTC
2026-02-15 18:56:59,236 | INFO | ============================================================
2026-02-15 18:56:59,236 | INFO |   Using BATCH MODE (CEO-DIR-2026-119)
2026-02-15 18:56:59,236 | INFO | 
  Batch 1/5 (10 tickers)
2026-02-15 18:56:59,247 | INFO |     All assets up to date
2026-02-15 18:56:59,248 | INFO | 
  Batch 2/5 (10 tickers)
2026-02-15 18:56:59,256 | INFO |     Batch download: 1 tickers
2026-02-15 18:57:00,297 | ERROR | 
1 Failed download:
2026-02-15 18:57:00,297 | ERROR | ['GRT-USD']: YFPricesMissingError('possibly delisted; no price data found  (1d 2026-02-15 -> 2026-02-16)')
2026-02-15 18:57:00,297 | INFO |   Batch complete, waiting 120s...
2026-02-15 18:59:00,309 | INFO | 
  Batch 3/5 (10 tickers)
2026-02-15 18:59:00,339 | INFO |     All assets up to date
2026-02-15 18:59:00,339 | INFO | 
  Batch 4/5 (10 tickers)
2026-02-15 18:59:00,370 | INFO |     Batch download: 1 tickers
2026-02-15 18:59:00,938 | ERROR | 
1 Failed download:
2026-02-15 18:59:00,938 | ERROR | ['UNI-USD']: YFPricesMissingError('possibly delisted; no price data found  (1d 2026-02-12 -> 2026-02-16)')
2026-02-15 18:59:00,954 | INFO |   Batch complete, waiting 120s...
2026-02-15 19:01:00,960 | INFO | 
  Batch 5/5 (6 tickers)
2026-02-15 19:01:00,979 | INFO |     All assets up to date
2026-02-15 19:01:00,980 | INFO | 
============================================================
2026-02-15 19:01:00,980 | INFO | Processing EQUITY: 421 assets
2026-02-15 19:01:00,980 | INFO | Schedule: Weekdays 22:00 UTC
2026-02-15 19:01:00,980 | INFO | ============================================================
2026-02-15 19:01:00,981 | INFO |   Market closed for EQUITY today, skipping
2026-02-15 19:01:00,981 | INFO | 
============================================================
2026-02-15 19:01:00,981 | INFO | Processing FX: 24 assets
2026-02-15 19:01:00,981 | INFO | Schedule: Sun-Thu 22:00 UTC
2026-02-15 19:01:00,981 | INFO | ============================================================
2026-02-15 19:01:00,982 | INFO |   Using BATCH MODE (CEO-DIR-2026-119)
2026-02-15 19:01:00,982 | INFO | 
  Batch 1/3 (10 tickers)
2026-02-15 19:01:00,996 | INFO |     Batch download: 9 tickers
2026-02-15 19:01:02,366 | INFO |     [AUDJPY=X] +1 rows
2026-02-15 19:01:02,366 | INFO |     [CADJPY=X] +1 rows
2026-02-15 19:01:02,382 | INFO |     [CHFJPY=X] +1 rows
2026-02-15 19:01:02,382 | INFO |     [EURAUD=X] +1 rows
2026-02-15 19:01:02,382 | INFO |     [EURCHF=X] +1 rows
2026-02-15 19:01:02,382 | INFO |     [EURGBP=X] +1 rows
2026-02-15 19:01:02,382 | INFO |     [EURJPY=X] +1 rows
2026-02-15 19:01:02,398 | INFO |     [EURNOK=X] +1 rows
2026-02-15 19:01:02,398 | INFO |     [EURSEK=X] +1 rows
2026-02-15 19:01:02,398 | INFO |   Batch complete, waiting 120s...
