2026-01-24 05:26:33,257 | INFO | ======================================================================
2026-01-24 05:26:33,257 | INFO | IoS-001 DAILY PRICE INGEST
2026-01-24 05:26:33,257 | INFO | Executor: LINE (EC-004)
2026-01-24 05:26:33,257 | INFO | Authority: CEO_DIRECTIVE_LINE_DAILY_INGEST_ACTIVATION_20251212
2026-01-24 05:26:33,257 | INFO | Time: 2026-01-24T04:26:33.257471+00:00
2026-01-24 05:26:33,257 | INFO | Asset Class Filter: ALL
2026-01-24 05:26:33,257 | INFO | Dry Run: False
2026-01-24 05:26:33,257 | INFO | ======================================================================
2026-01-24 05:26:33,564 | INFO | Found 491 VEGA-attested assets
2026-01-24 05:26:33,564 | INFO | 
============================================================
2026-01-24 05:26:33,564 | INFO | Processing CRYPTO: 46 assets
2026-01-24 05:26:33,564 | INFO | Schedule: Daily 01:00 UTC
2026-01-24 05:26:33,564 | INFO | ============================================================
2026-01-24 05:26:33,564 | INFO | 
  Batch 1/2 (25 assets)
2026-01-24 05:26:34,775 | ERROR | $GRT-USD: possibly delisted; no price data found  (1d 2026-01-24 -> 2026-01-25)
2026-01-24 05:26:37,796 | INFO |   Batch complete, waiting 60s...
2026-01-24 05:27:37,801 | INFO | 
  Batch 2/2 (21 assets)
2026-01-24 05:27:37,928 | ERROR | $UNI-USD: possibly delisted; no price data found  (1d 2026-01-23 -> 2026-01-25)
2026-01-24 05:27:40,962 | INFO | 
============================================================
2026-01-24 05:27:40,962 | INFO | Processing EQUITY: 421 assets
2026-01-24 05:27:40,962 | INFO | Schedule: Weekdays 22:00 UTC
2026-01-24 05:27:40,962 | INFO | ============================================================
2026-01-24 05:27:40,962 | INFO |   Market closed for EQUITY today, skipping
2026-01-24 05:27:40,962 | INFO | 
============================================================
2026-01-24 05:27:40,962 | INFO | Processing FX: 24 assets
2026-01-24 05:27:40,962 | INFO | Schedule: Sun-Thu 22:00 UTC
2026-01-24 05:27:40,962 | INFO | ============================================================
2026-01-24 05:27:40,962 | INFO |   Market closed for FX today, skipping
2026-01-24 05:27:40,962 | WARNING | Heartbeat recording failed: relation "fhq_monitoring.system_heartbeats" does not exist
LINE 2:                 INSERT INTO fhq_monitoring.system_heartbeats...
                                    ^

2026-01-24 05:27:40,972 | INFO | 
======================================================================
2026-01-24 05:27:40,972 | INFO | DAILY INGEST COMPLETE
2026-01-24 05:27:40,972 | INFO | ======================================================================
2026-01-24 05:27:40,972 | INFO | Assets Processed: 46
2026-01-24 05:27:40,972 | INFO | Assets Updated:   0
2026-01-24 05:27:40,972 | INFO | Rows Inserted:    0
2026-01-24 05:27:40,972 | INFO |   CRYPTO: 0 assets, 0 rows
2026-01-24 05:27:40,972 | INFO | Evidence: C:\fhq-market-system\vision-ios\03_FUNCTIONS\evidence\IOS001_DAILY_INGEST_849e8f66_20260124_052740.json
2026-01-24 05:27:40,972 | INFO | ======================================================================
