2026-02-11 05:29:12,252 | INFO | ======================================================================
2026-02-11 05:29:12,252 | INFO | IoS-001 DAILY PRICE INGEST
2026-02-11 05:29:12,252 | INFO | Executor: LINE (EC-004)
2026-02-11 05:29:12,252 | INFO | Authority: CEO_DIRECTIVE_LINE_DAILY_INGEST_ACTIVATION_20251212
2026-02-11 05:29:12,252 | INFO | Amendment: CEO-DIR-2026-119 (Rate Limit Mitigation)
2026-02-11 05:29:12,252 | INFO | Time: 2026-02-11T04:29:12.252904+00:00
2026-02-11 05:29:12,252 | INFO | Asset Class Filter: ALL
2026-02-11 05:29:12,255 | INFO | Batch Mode: True
2026-02-11 05:29:12,255 | INFO | Dry Run: False
2026-02-11 05:29:12,255 | INFO | ======================================================================
2026-02-11 05:29:12,882 | INFO | Found 491 VEGA-attested assets
2026-02-11 05:29:12,885 | INFO | 
============================================================
2026-02-11 05:29:12,885 | INFO | Processing CRYPTO: 46 assets
2026-02-11 05:29:12,886 | INFO | Schedule: Daily 01:00 UTC
2026-02-11 05:29:12,886 | INFO | ============================================================
2026-02-11 05:29:12,886 | INFO |   Using BATCH MODE (CEO-DIR-2026-119)
2026-02-11 05:29:12,886 | INFO | 
  Batch 1/5 (10 tickers)
2026-02-11 05:29:12,956 | INFO |     All assets up to date
2026-02-11 05:29:12,957 | INFO | 
  Batch 2/5 (10 tickers)
2026-02-11 05:29:12,994 | INFO |     Batch download: 1 tickers
2026-02-11 05:29:16,680 | ERROR | 
1 Failed download:
2026-02-11 05:29:16,681 | ERROR | ['GRT-USD']: YFRateLimitError('Too Many Requests. Rate limited. Try after a while.')
2026-02-11 05:29:16,689 | INFO |   Batch complete, waiting 120s...
2026-02-11 05:31:16,692 | INFO | 
  Batch 3/5 (10 tickers)
2026-02-11 05:31:16,723 | INFO |     All assets up to date
2026-02-11 05:31:16,723 | INFO | 
  Batch 4/5 (10 tickers)
2026-02-11 05:31:16,765 | INFO |     Batch download: 1 tickers
2026-02-11 05:31:19,368 | ERROR | 
1 Failed download:
2026-02-11 05:31:19,368 | ERROR | ['UNI-USD']: YFRateLimitError('Too Many Requests. Rate limited. Try after a while.')
2026-02-11 05:31:19,385 | INFO |   Batch complete, waiting 120s...
2026-02-11 05:33:19,387 | INFO | 
  Batch 5/5 (6 tickers)
2026-02-11 05:33:19,391 | INFO |     All assets up to date
2026-02-11 05:33:19,391 | INFO | 
============================================================
2026-02-11 05:33:19,391 | INFO | Processing EQUITY: 421 assets
2026-02-11 05:33:19,391 | INFO | Schedule: Weekdays 22:00 UTC
2026-02-11 05:33:19,391 | INFO | ============================================================
2026-02-11 05:33:19,391 | INFO |   Using BATCH MODE (CEO-DIR-2026-119)
2026-02-11 05:33:19,391 | INFO | 
  Batch 1/43 (10 tickers)
2026-02-11 05:33:19,411 | INFO |     Batch download: 10 tickers
2026-02-11 05:33:31,993 | ERROR | 
10 Failed downloads:
2026-02-11 05:33:31,993 | ERROR | ['ADBE', 'ABT', 'ADI', '1COV.DE', 'ABBV', 'ADSK', 'AEP', 'ABNB', 'ACA.PA', 'ADS.DE']: YFRateLimitError('Too Many Requests. Rate limited. Try after a while.')
2026-02-11 05:33:31,993 | INFO |   Batch complete, waiting 120s...
