2026-02-17 17:00:39,777 | INFO | ======================================================================
2026-02-17 17:00:39,777 | INFO | IoS-001 DAILY PRICE INGEST
2026-02-17 17:00:39,777 | INFO | Executor: LINE (EC-004)
2026-02-17 17:00:39,777 | INFO | Authority: CEO_DIRECTIVE_LINE_DAILY_INGEST_ACTIVATION_20251212
2026-02-17 17:00:39,777 | INFO | Amendment: CEO-DIR-2026-119 (Rate Limit Mitigation)
2026-02-17 17:00:39,777 | INFO | Time: 2026-02-17T16:00:39.777106+00:00
2026-02-17 17:00:39,777 | INFO | Asset Class Filter: ALL
2026-02-17 17:00:39,777 | INFO | Batch Mode: True
2026-02-17 17:00:39,777 | INFO | Dry Run: False
2026-02-17 17:00:39,777 | INFO | ======================================================================
2026-02-17 17:00:40,187 | INFO | Found 491 VEGA-attested assets
2026-02-17 17:00:40,187 | INFO | 
============================================================
2026-02-17 17:00:40,187 | INFO | Processing CRYPTO: 46 assets
2026-02-17 17:00:40,187 | INFO | Schedule: Daily 01:00 UTC
2026-02-17 17:00:40,187 | INFO | ============================================================
2026-02-17 17:00:40,187 | INFO |   Using BATCH MODE (CEO-DIR-2026-119)
2026-02-17 17:00:40,187 | INFO | 
  Batch 1/5 (10 tickers)
2026-02-17 17:00:40,227 | INFO |     All assets up to date
2026-02-17 17:00:40,228 | INFO | 
  Batch 2/5 (10 tickers)
2026-02-17 17:00:40,252 | INFO |     Batch download: 1 tickers
2026-02-17 17:00:41,780 | ERROR | 
1 Failed download:
2026-02-17 17:00:41,780 | ERROR | ['GRT-USD']: YFPricesMissingError('possibly delisted; no price data found  (1d 2026-02-15 -> 2026-02-18)')
2026-02-17 17:00:41,810 | INFO |   Batch complete, waiting 120s...
2026-02-17 17:02:41,811 | INFO | 
  Batch 3/5 (10 tickers)
2026-02-17 17:02:41,853 | INFO |     All assets up to date
2026-02-17 17:02:41,853 | INFO | 
  Batch 4/5 (10 tickers)
2026-02-17 17:02:41,902 | INFO |     Batch download: 1 tickers
2026-02-17 17:02:42,821 | ERROR | 
1 Failed download:
2026-02-17 17:02:42,822 | ERROR | ['UNI-USD']: YFPricesMissingError('possibly delisted; no price data found  (1d 2026-02-12 -> 2026-02-18)')
2026-02-17 17:02:42,828 | INFO |   Batch complete, waiting 120s...
2026-02-17 17:04:42,828 | INFO | 
  Batch 5/5 (6 tickers)
2026-02-17 17:04:42,840 | INFO |     All assets up to date
2026-02-17 17:04:42,840 | INFO | 
============================================================
2026-02-17 17:04:42,840 | INFO | Processing EQUITY: 421 assets
2026-02-17 17:04:42,840 | INFO | Schedule: Weekdays 22:00 UTC
2026-02-17 17:04:42,840 | INFO | ============================================================
2026-02-17 17:04:42,840 | INFO |   Using BATCH MODE (CEO-DIR-2026-119)
2026-02-17 17:04:42,840 | INFO | 
  Batch 1/43 (10 tickers)
2026-02-17 17:04:42,860 | INFO |     Batch download: 1 tickers
2026-02-17 17:04:43,547 | ERROR | 
1 Failed download:
2026-02-17 17:04:43,547 | ERROR | ['1COV.DE']: YFPricesMissingError('possibly delisted; no price data found  (1d 2025-12-24 -> 2026-02-18)')
2026-02-17 17:04:43,557 | INFO |   Batch complete, waiting 120s...
