2026-02-04 00:19:22,773 | INFO | ======================================================================
2026-02-04 00:19:22,773 | INFO | IoS-001 DAILY PRICE INGEST
2026-02-04 00:19:22,773 | INFO | Executor: LINE (EC-004)
2026-02-04 00:19:22,773 | INFO | Authority: CEO_DIRECTIVE_LINE_DAILY_INGEST_ACTIVATION_20251212
2026-02-04 00:19:22,773 | INFO | Time: 2026-02-03T23:19:22.773419+00:00
2026-02-04 00:19:22,773 | INFO | Asset Class Filter: ALL
2026-02-04 00:19:22,773 | INFO | Dry Run: False
2026-02-04 00:19:22,773 | INFO | ======================================================================
2026-02-04 00:19:22,945 | INFO | Found 491 VEGA-attested assets
2026-02-04 00:19:22,945 | INFO | 
============================================================
2026-02-04 00:19:22,945 | INFO | Processing CRYPTO: 46 assets
2026-02-04 00:19:22,945 | INFO | Schedule: Daily 01:00 UTC
2026-02-04 00:19:22,945 | INFO | ============================================================
2026-02-04 00:19:22,945 | INFO | 
  Batch 1/2 (25 assets)
2026-02-04 00:19:26,126 | WARNING |   [ADA-USD] Fetch error: Too Many Requests. Rate limited. Try after a while.
2026-02-04 00:19:30,227 | WARNING |   [ALGO-USD] Fetch error: Too Many Requests. Rate limited. Try after a while.
2026-02-04 00:19:34,440 | WARNING |   [ATOM-USD] Fetch error: Too Many Requests. Rate limited. Try after a while.
2026-02-04 00:19:38,544 | WARNING |   [AVAX-USD] Fetch error: Too Many Requests. Rate limited. Try after a while.
2026-02-04 00:19:42,794 | WARNING |   [AXS-USD] Fetch error: Too Many Requests. Rate limited. Try after a while.
2026-02-04 00:19:46,793 | WARNING |   [BCH-USD] Fetch error: Too Many Requests. Rate limited. Try after a while.
2026-02-04 00:19:51,355 | WARNING |   [BNB-USD] Fetch error: Too Many Requests. Rate limited. Try after a while.
2026-02-04 00:19:55,483 | WARNING |   [BTC-USD] Fetch error: Too Many Requests. Rate limited. Try after a while.
2026-02-04 00:19:59,756 | WARNING |   [CHZ-USD] Fetch error: Too Many Requests. Rate limited. Try after a while.
2026-02-04 00:20:03,960 | WARNING |   [CRO-USD] Fetch error: Too Many Requests. Rate limited. Try after a while.
2026-02-04 00:20:08,509 | WARNING |   [CRV-USD] Fetch error: Too Many Requests. Rate limited. Try after a while.
2026-02-04 00:20:12,667 | WARNING |   [DOGE-USD] Fetch error: Too Many Requests. Rate limited. Try after a while.
2026-02-04 00:20:16,807 | WARNING |   [DOT-USD] Fetch error: Too Many Requests. Rate limited. Try after a while.
2026-02-04 00:20:20,891 | WARNING |   [EOS-USD] Fetch error: Too Many Requests. Rate limited. Try after a while.
2026-02-04 00:20:24,944 | WARNING |   [ETC-USD] Fetch error: Too Many Requests. Rate limited. Try after a while.
2026-02-04 00:20:29,013 | WARNING |   [ETH-USD] Fetch error: Too Many Requests. Rate limited. Try after a while.
2026-02-04 00:20:33,183 | WARNING |   [FIL-USD] Fetch error: Too Many Requests. Rate limited. Try after a while.
2026-02-04 00:20:37,556 | WARNING |   [FLOW-USD] Fetch error: Too Many Requests. Rate limited. Try after a while.
2026-02-04 00:20:41,653 | WARNING |   [GRT-USD] Fetch error: Too Many Requests. Rate limited. Try after a while.
2026-02-04 00:20:45,796 | WARNING |   [HBAR-USD] Fetch error: Too Many Requests. Rate limited. Try after a while.
2026-02-04 00:20:49,911 | WARNING |   [ICP-USD] Fetch error: Too Many Requests. Rate limited. Try after a while.
2026-02-04 00:20:54,116 | WARNING |   [INJ-USD] Fetch error: Too Many Requests. Rate limited. Try after a while.
2026-02-04 00:20:59,291 | WARNING |   [LDO-USD] Fetch error: Too Many Requests. Rate limited. Try after a while.
2026-02-04 00:21:03,545 | WARNING |   [LINK-USD] Fetch error: Too Many Requests. Rate limited. Try after a while.
2026-02-04 00:21:07,713 | WARNING |   [LTC-USD] Fetch error: Too Many Requests. Rate limited. Try after a while.
2026-02-04 00:21:10,727 | INFO |   Batch complete, waiting 60s...
2026-02-04 00:22:10,729 | INFO | 
  Batch 2/2 (21 assets)
2026-02-04 00:22:12,237 | WARNING |   [MANA-USD] Fetch error: Too Many Requests. Rate limited. Try after a while.
2026-02-04 00:22:16,567 | WARNING |   [MKR-USD] Fetch error: Too Many Requests. Rate limited. Try after a while.
2026-02-04 00:22:20,681 | WARNING |   [NEAR-USD] Fetch error: Too Many Requests. Rate limited. Try after a while.
2026-02-04 00:22:24,664 | WARNING |   [OKB-USD] Fetch error: Too Many Requests. Rate limited. Try after a while.
2026-02-04 00:22:29,018 | WARNING |   [QNT-USD] Fetch error: Too Many Requests. Rate limited. Try after a while.
2026-02-04 00:22:33,102 | WARNING |   [RPL-USD] Fetch error: Too Many Requests. Rate limited. Try after a while.
2026-02-04 00:22:37,213 | WARNING |   [RUNE-USD] Fetch error: Too Many Requests. Rate limited. Try after a while.
2026-02-04 00:22:41,624 | WARNING |   [SAND-USD] Fetch error: Too Many Requests. Rate limited. Try after a while.
2026-02-04 00:22:45,862 | WARNING |   [SHIB-USD] Fetch error: Too Many Requests. Rate limited. Try after a while.
2026-02-04 00:22:49,971 | WARNING |   [SNX-USD] Fetch error: Too Many Requests. Rate limited. Try after a while.
2026-02-04 00:22:54,259 | WARNING |   [SOL-USD] Fetch error: Too Many Requests. Rate limited. Try after a while.
2026-02-04 00:22:58,433 | WARNING |   [THETA-USD] Fetch error: Too Many Requests. Rate limited. Try after a while.
2026-02-04 00:23:02,460 | WARNING |   [TRX-USD] Fetch error: Too Many Requests. Rate limited. Try after a while.
2026-02-04 00:23:06,713 | WARNING |   [UNI-USD] Fetch error: Too Many Requests. Rate limited. Try after a while.
2026-02-04 00:23:10,756 | WARNING |   [VET-USD] Fetch error: Too Many Requests. Rate limited. Try after a while.
2026-02-04 00:23:14,990 | WARNING |   [XLM-USD] Fetch error: Too Many Requests. Rate limited. Try after a while.
2026-02-04 00:23:18,730 | WARNING |   [XMR-USD] Fetch error: Too Many Requests. Rate limited. Try after a while.
2026-02-04 00:23:22,443 | WARNING |   [XRP-USD] Fetch error: Too Many Requests. Rate limited. Try after a while.
2026-02-04 00:23:26,118 | WARNING |   [XTZ-USD] Fetch error: Too Many Requests. Rate limited. Try after a while.
2026-02-04 00:23:29,616 | WARNING |   [ZEC-USD] Fetch error: Too Many Requests. Rate limited. Try after a while.
2026-02-04 00:23:33,125 | WARNING |   [AAVE-USD] Fetch error: Too Many Requests. Rate limited. Try after a while.
2026-02-04 00:23:36,130 | INFO | 
============================================================
2026-02-04 00:23:36,130 | INFO | Processing EQUITY: 421 assets
2026-02-04 00:23:36,130 | INFO | Schedule: Weekdays 22:00 UTC
2026-02-04 00:23:36,130 | INFO | ============================================================
2026-02-04 00:23:36,130 | INFO | 
  Batch 1/17 (25 assets)
2026-02-04 00:23:36,797 | WARNING |   [1COV.DE] Fetch error: Too Many Requests. Rate limited. Try after a while.
2026-02-04 00:23:40,407 | WARNING |   [ABBV] Fetch error: Too Many Requests. Rate limited. Try after a while.
2026-02-04 00:23:44,071 | WARNING |   [ABNB] Fetch error: Too Many Requests. Rate limited. Try after a while.
2026-02-04 00:23:47,569 | WARNING |   [ABT] Fetch error: Too Many Requests. Rate limited. Try after a while.
2026-02-04 00:23:51,038 | WARNING |   [ACA.PA] Fetch error: Too Many Requests. Rate limited. Try after a while.
2026-02-04 00:23:54,539 | WARNING |   [ADBE] Fetch error: Too Many Requests. Rate limited. Try after a while.
2026-02-04 00:23:58,044 | WARNING |   [ADI] Fetch error: Too Many Requests. Rate limited. Try after a while.
2026-02-04 00:24:01,535 | WARNING |   [ADS.DE] Fetch error: Too Many Requests. Rate limited. Try after a while.
2026-02-04 00:24:05,021 | WARNING |   [ADSK] Fetch error: Too Many Requests. Rate limited. Try after a while.
2026-02-04 00:24:08,521 | WARNING |   [AEP] Fetch error: Too Many Requests. Rate limited. Try after a while.
2026-02-04 00:24:12,015 | WARNING |   [AFL] Fetch error: Too Many Requests. Rate limited. Try after a while.
2026-02-04 00:24:15,721 | WARNING |   [AI.PA] Fetch error: Too Many Requests. Rate limited. Try after a while.
2026-02-04 00:24:19,206 | WARNING |   [AIG] Fetch error: Too Many Requests. Rate limited. Try after a while.
