2026-02-10 10:59:36,658 | INFO | ======================================================================
2026-02-10 10:59:36,658 | INFO | IoS-001 DAILY PRICE INGEST
2026-02-10 10:59:36,658 | INFO | Executor: LINE (EC-004)
2026-02-10 10:59:36,658 | INFO | Authority: CEO_DIRECTIVE_LINE_DAILY_INGEST_ACTIVATION_20251212
2026-02-10 10:59:36,659 | INFO | Amendment: CEO-DIR-2026-119 (Rate Limit Mitigation)
2026-02-10 10:59:36,659 | INFO | Time: 2026-02-10T09:59:36.659724+00:00
2026-02-10 10:59:36,659 | INFO | Asset Class Filter: ALL
2026-02-10 10:59:36,659 | INFO | Batch Mode: True
2026-02-10 10:59:36,659 | INFO | Dry Run: False
2026-02-10 10:59:36,659 | INFO | ======================================================================
2026-02-10 10:59:36,935 | INFO | Found 491 VEGA-attested assets
2026-02-10 10:59:36,935 | INFO | 
============================================================
2026-02-10 10:59:36,935 | INFO | Processing CRYPTO: 46 assets
2026-02-10 10:59:36,935 | INFO | Schedule: Daily 01:00 UTC
2026-02-10 10:59:36,935 | INFO | ============================================================
2026-02-10 10:59:36,935 | INFO |   Using BATCH MODE (CEO-DIR-2026-119)
2026-02-10 10:59:36,935 | INFO | 
  Batch 1/5 (10 tickers)
2026-02-10 10:59:36,955 | INFO |     All assets up to date
2026-02-10 10:59:36,955 | INFO | 
  Batch 2/5 (10 tickers)
2026-02-10 10:59:36,968 | INFO |     Batch download: 1 tickers
2026-02-10 10:59:41,516 | ERROR | 
1 Failed download:
2026-02-10 10:59:41,516 | ERROR | ['GRT-USD']: YFRateLimitError('Too Many Requests. Rate limited. Try after a while.')
2026-02-10 10:59:41,532 | INFO |   Batch complete, waiting 120s...
2026-02-10 11:01:41,534 | INFO | 
  Batch 3/5 (10 tickers)
2026-02-10 11:01:41,575 | INFO |     All assets up to date
2026-02-10 11:01:41,575 | INFO | 
  Batch 4/5 (10 tickers)
2026-02-10 11:01:41,606 | INFO |     Batch download: 1 tickers
2026-02-10 11:01:42,866 | ERROR | 
1 Failed download:
2026-02-10 11:01:42,866 | ERROR | ['UNI-USD']: YFRateLimitError('Too Many Requests. Rate limited. Try after a while.')
2026-02-10 11:01:42,866 | INFO |   Batch complete, waiting 120s...
2026-02-10 11:03:42,876 | INFO | 
  Batch 5/5 (6 tickers)
2026-02-10 11:03:42,909 | INFO |     All assets up to date
2026-02-10 11:03:42,909 | INFO | 
============================================================
2026-02-10 11:03:42,909 | INFO | Processing EQUITY: 421 assets
2026-02-10 11:03:42,909 | INFO | Schedule: Weekdays 22:00 UTC
2026-02-10 11:03:42,909 | INFO | ============================================================
2026-02-10 11:03:42,909 | INFO |   Using BATCH MODE (CEO-DIR-2026-119)
2026-02-10 11:03:42,909 | INFO | 
  Batch 1/43 (10 tickers)
2026-02-10 11:03:42,926 | INFO |     Batch download: 8 tickers
2026-02-10 11:03:58,494 | ERROR | 
8 Failed downloads:
2026-02-10 11:03:58,494 | ERROR | ['AEP', 'ABNB', 'ABBV', 'ABT', 'ADSK', 'ADBE', '1COV.DE', 'ADI']: YFRateLimitError('Too Many Requests. Rate limited. Try after a while.')
2026-02-10 11:03:58,494 | INFO |   Batch complete, waiting 120s...
