2026-02-08 15:53:17,049 | INFO | ======================================================================
2026-02-08 15:53:17,050 | INFO | IoS-001 DAILY PRICE INGEST
2026-02-08 15:53:17,050 | INFO | Executor: LINE (EC-004)
2026-02-08 15:53:17,050 | INFO | Authority: CEO_DIRECTIVE_LINE_DAILY_INGEST_ACTIVATION_20251212
2026-02-08 15:53:17,050 | INFO | Amendment: CEO-DIR-2026-119 (Rate Limit Mitigation)
2026-02-08 15:53:17,051 | INFO | Time: 2026-02-08T14:53:17.050025+00:00
2026-02-08 15:53:17,051 | INFO | Asset Class Filter: ALL
2026-02-08 15:53:17,051 | INFO | Batch Mode: True
2026-02-08 15:53:17,052 | INFO | Dry Run: False
2026-02-08 15:53:17,052 | INFO | ======================================================================
2026-02-08 15:53:17,759 | INFO | Found 491 VEGA-attested assets
2026-02-08 15:53:17,759 | INFO | 
============================================================
2026-02-08 15:53:17,759 | INFO | Processing CRYPTO: 46 assets
2026-02-08 15:53:17,759 | INFO | Schedule: Daily 01:00 UTC
2026-02-08 15:53:17,760 | INFO | ============================================================
2026-02-08 15:53:17,760 | INFO |   Using BATCH MODE (CEO-DIR-2026-119)
2026-02-08 15:53:17,760 | INFO | 
  Batch 1/5 (10 tickers)
2026-02-08 15:53:17,824 | INFO |     All assets up to date
2026-02-08 15:53:17,824 | INFO | 
  Batch 2/5 (10 tickers)
2026-02-08 15:53:17,878 | INFO |     Batch download: 1 tickers
2026-02-08 15:53:23,831 | ERROR | 
1 Failed download:
2026-02-08 15:53:23,831 | ERROR | ['GRT-USD']: YFRateLimitError('Too Many Requests. Rate limited. Try after a while.')
2026-02-08 15:53:23,868 | INFO |   Batch complete, waiting 120s...
2026-02-08 15:55:23,869 | INFO | 
  Batch 3/5 (10 tickers)
2026-02-08 15:55:23,912 | INFO |     All assets up to date
2026-02-08 15:55:23,912 | INFO | 
  Batch 4/5 (10 tickers)
2026-02-08 15:55:23,963 | INFO |     Batch download: 1 tickers
2026-02-08 15:55:26,850 | ERROR | 
1 Failed download:
2026-02-08 15:55:26,850 | ERROR | ['UNI-USD']: YFRateLimitError('Too Many Requests. Rate limited. Try after a while.')
2026-02-08 15:55:26,855 | INFO |   Batch complete, waiting 120s...
2026-02-08 15:57:26,863 | INFO | 
  Batch 5/5 (6 tickers)
2026-02-08 15:57:26,897 | INFO |     All assets up to date
2026-02-08 15:57:26,897 | INFO | 
============================================================
2026-02-08 15:57:26,899 | INFO | Processing EQUITY: 421 assets
2026-02-08 15:57:26,900 | INFO | Schedule: Weekdays 22:00 UTC
2026-02-08 15:57:26,900 | INFO | ============================================================
2026-02-08 15:57:26,901 | INFO |   Market closed for EQUITY today, skipping
2026-02-08 15:57:26,901 | INFO | 
============================================================
2026-02-08 15:57:26,902 | INFO | Processing FX: 24 assets
2026-02-08 15:57:26,902 | INFO | Schedule: Sun-Thu 22:00 UTC
2026-02-08 15:57:26,903 | INFO | ============================================================
2026-02-08 15:57:26,903 | INFO |   Using BATCH MODE (CEO-DIR-2026-119)
2026-02-08 15:57:26,903 | INFO | 
  Batch 1/3 (10 tickers)
2026-02-08 15:57:26,960 | INFO |     Batch download: 9 tickers
2026-02-08 15:57:39,160 | ERROR | 
9 Failed downloads:
2026-02-08 15:57:39,160 | ERROR | ['CADJPY=X', 'EURCHF=X', 'EURJPY=X', 'EURAUD=X', 'EURSEK=X', 'CHFJPY=X', 'AUDJPY=X', 'EURGBP=X', 'EURNOK=X']: YFRateLimitError('Too Many Requests. Rate limited. Try after a while.')
2026-02-08 15:57:39,163 | INFO |   Batch complete, waiting 120s...
