2026-01-13 06:31:52,291 | INFO | ======================================================================
2026-01-13 06:31:52,291 | INFO | IoS-001 DAILY PRICE INGEST
2026-01-13 06:31:52,291 | INFO | Executor: LINE (EC-004)
2026-01-13 06:31:52,291 | INFO | Authority: CEO_DIRECTIVE_LINE_DAILY_INGEST_ACTIVATION_20251212
2026-01-13 06:31:52,291 | INFO | Time: 2026-01-13T05:31:52.291900+00:00
2026-01-13 06:31:52,292 | INFO | Asset Class Filter: ALL
2026-01-13 06:31:52,292 | INFO | Dry Run: False
2026-01-13 06:31:52,292 | INFO | ======================================================================
2026-01-13 06:31:52,495 | INFO | Found 491 VEGA-attested assets
2026-01-13 06:31:52,495 | INFO | 
============================================================
2026-01-13 06:31:52,495 | INFO | Processing CRYPTO: 46 assets
2026-01-13 06:31:52,495 | INFO | Schedule: Daily 01:00 UTC
2026-01-13 06:31:52,495 | INFO | ============================================================
2026-01-13 06:31:52,495 | INFO | 
  Batch 1/2 (25 assets)
2026-01-13 06:31:55,308 | WARNING |   [GRT-USD] Fetch error: Too Many Requests. Rate limited. Try after a while.
2026-01-13 06:31:58,333 | INFO |   Batch complete, waiting 60s...
2026-01-13 06:32:58,336 | INFO | 
  Batch 2/2 (21 assets)
2026-01-13 06:33:00,092 | WARNING |   [UNI-USD] Fetch error: Too Many Requests. Rate limited. Try after a while.
2026-01-13 06:33:03,101 | INFO | 
============================================================
2026-01-13 06:33:03,101 | INFO | Processing EQUITY: 421 assets
2026-01-13 06:33:03,101 | INFO | Schedule: Weekdays 22:00 UTC
2026-01-13 06:33:03,101 | INFO | ============================================================
2026-01-13 06:33:03,101 | INFO | 
  Batch 1/17 (25 assets)
2026-01-13 06:33:04,276 | WARNING |   [1COV.DE] Fetch error: Too Many Requests. Rate limited. Try after a while.
2026-01-13 06:33:08,598 | WARNING |   [ABBV] Fetch error: Too Many Requests. Rate limited. Try after a while.
2026-01-13 06:33:13,245 | WARNING |   [ABNB] Fetch error: Too Many Requests. Rate limited. Try after a while.
2026-01-13 06:33:17,258 | WARNING |   [ABT] Fetch error: Too Many Requests. Rate limited. Try after a while.
2026-01-13 06:33:21,335 | WARNING |   [ACA.PA] Fetch error: Too Many Requests. Rate limited. Try after a while.
2026-01-13 06:33:25,345 | WARNING |   [ADBE] Fetch error: Too Many Requests. Rate limited. Try after a while.
2026-01-13 06:33:29,555 | WARNING |   [ADI] Fetch error: Too Many Requests. Rate limited. Try after a while.
2026-01-13 06:33:33,972 | WARNING |   [ADS.DE] Fetch error: Too Many Requests. Rate limited. Try after a while.
2026-01-13 06:33:38,105 | WARNING |   [ADSK] Fetch error: Too Many Requests. Rate limited. Try after a while.
2026-01-13 06:33:42,244 | WARNING |   [AEP] Fetch error: Too Many Requests. Rate limited. Try after a while.
2026-01-13 06:33:46,509 | WARNING |   [AFL] Fetch error: Too Many Requests. Rate limited. Try after a while.
2026-01-13 06:33:50,658 | WARNING |   [AI.PA] Fetch error: Too Many Requests. Rate limited. Try after a while.
2026-01-13 06:33:54,907 | WARNING |   [AIG] Fetch error: Too Many Requests. Rate limited. Try after a while.
2026-01-13 06:33:58,972 | WARNING |   [AIR.DE] Fetch error: Too Many Requests. Rate limited. Try after a while.
2026-01-13 06:34:02,746 | WARNING |   [AIR.PA] Fetch error: Too Many Requests. Rate limited. Try after a while.
2026-01-13 06:34:06,845 | WARNING |   [AKAM] Fetch error: Too Many Requests. Rate limited. Try after a while.
2026-01-13 06:34:10,862 | WARNING |   [AKER.OL] Fetch error: Too Many Requests. Rate limited. Try after a while.
2026-01-13 06:34:15,032 | WARNING |   [AKRBP.OL] Fetch error: Too Many Requests. Rate limited. Try after a while.
2026-01-13 06:34:18,806 | WARNING |   [AKSO.OL] Fetch error: Too Many Requests. Rate limited. Try after a while.
2026-01-13 06:34:22,983 | WARNING |   [AKVA.OL] Fetch error: Too Many Requests. Rate limited. Try after a while.
2026-01-13 06:34:27,151 | WARNING |   [ALB] Fetch error: Too Many Requests. Rate limited. Try after a while.
2026-01-13 06:34:31,030 | WARNING |   [ALL] Fetch error: Too Many Requests. Rate limited. Try after a while.
2026-01-13 06:34:35,243 | WARNING |   [ALO.PA] Fetch error: Too Many Requests. Rate limited. Try after a while.
2026-01-13 06:34:39,017 | WARNING |   [ALV.DE] Fetch error: Too Many Requests. Rate limited. Try after a while.
2026-01-13 06:34:42,905 | WARNING |   [AMAT] Fetch error: Too Many Requests. Rate limited. Try after a while.
2026-01-13 06:34:45,913 | INFO |   Batch complete, waiting 60s...
2026-01-13 06:35:45,914 | INFO | 
  Batch 2/17 (25 assets)
2026-01-13 06:35:47,482 | WARNING |   [AMD] Fetch error: Too Many Requests. Rate limited. Try after a while.
2026-01-13 06:35:51,505 | WARNING |   [AMGN] Fetch error: Too Many Requests. Rate limited. Try after a while.
2026-01-13 06:35:55,677 | WARNING |   [AMT] Fetch error: Too Many Requests. Rate limited. Try after a while.
2026-01-13 06:35:59,789 | WARNING |   [AMZN] Fetch error: Too Many Requests. Rate limited. Try after a while.
2026-01-13 06:36:03,881 | WARNING |   [AON] Fetch error: Too Many Requests. Rate limited. Try after a while.
2026-01-13 06:36:08,020 | WARNING |   [APD] Fetch error: Too Many Requests. Rate limited. Try after a while.
2026-01-13 06:36:12,128 | WARNING |   [ASML] Fetch error: Too Many Requests. Rate limited. Try after a while.
2026-01-13 06:36:16,435 | WARNING |   [ATO.PA] Fetch error: Too Many Requests. Rate limited. Try after a while.
2026-01-13 06:36:20,201 | WARNING |   [AUSS.OL] Fetch error: Too Many Requests. Rate limited. Try after a while.
2026-01-13 06:36:24,203 | WARNING |   [AUTO.OL] Fetch error: Too Many Requests. Rate limited. Try after a while.
2026-01-13 06:36:28,195 | WARNING |   [AV.L] Fetch error: Too Many Requests. Rate limited. Try after a while.
2026-01-13 06:36:32,283 | WARNING |   [AVB] Fetch error: Too Many Requests. Rate limited. Try after a while.
2026-01-13 06:36:36,605 | WARNING |   [AVGO] Fetch error: Too Many Requests. Rate limited. Try after a while.
2026-01-13 06:36:40,701 | WARNING |   [AWK] Fetch error: Too Many Requests. Rate limited. Try after a while.
2026-01-13 06:36:44,762 | WARNING |   [AXP] Fetch error: Too Many Requests. Rate limited. Try after a while.
2026-01-13 06:36:48,956 | WARNING |   [AZN.L] Fetch error: Too Many Requests. Rate limited. Try after a while.
