2026-02-15 20:15:51,096 | INFO | ======================================================================
2026-02-15 20:15:51,097 | INFO | IoS-001 DAILY PRICE INGEST
2026-02-15 20:15:51,097 | INFO | Executor: LINE (EC-004)
2026-02-15 20:15:51,097 | INFO | Authority: CEO_DIRECTIVE_LINE_DAILY_INGEST_ACTIVATION_20251212
2026-02-15 20:15:51,097 | INFO | Amendment: CEO-DIR-2026-119 (Rate Limit Mitigation)
2026-02-15 20:15:51,097 | INFO | Time: 2026-02-15T19:15:51.097882+00:00
2026-02-15 20:15:51,097 | INFO | Asset Class Filter: ALL
2026-02-15 20:15:51,097 | INFO | Batch Mode: True
2026-02-15 20:15:51,098 | INFO | Dry Run: False
2026-02-15 20:15:51,098 | INFO | ======================================================================
2026-02-15 20:15:51,268 | INFO | Found 491 VEGA-attested assets
2026-02-15 20:15:51,268 | INFO | 
============================================================
2026-02-15 20:15:51,268 | INFO | Processing CRYPTO: 46 assets
2026-02-15 20:15:51,268 | INFO | Schedule: Daily 01:00 UTC
2026-02-15 20:15:51,268 | INFO | ============================================================
2026-02-15 20:15:51,268 | INFO |   Using BATCH MODE (CEO-DIR-2026-119)
2026-02-15 20:15:51,268 | INFO | 
  Batch 1/5 (10 tickers)
2026-02-15 20:15:51,283 | INFO |     All assets up to date
2026-02-15 20:15:51,283 | INFO | 
  Batch 2/5 (10 tickers)
2026-02-15 20:15:51,283 | INFO |     Batch download: 1 tickers
2026-02-15 20:15:52,313 | ERROR | 
1 Failed download:
2026-02-15 20:15:52,313 | ERROR | ['GRT-USD']: YFPricesMissingError('possibly delisted; no price data found  (1d 2026-02-15 -> 2026-02-16)')
2026-02-15 20:15:52,313 | INFO |   Batch complete, waiting 120s...
2026-02-15 20:17:52,323 | INFO | 
  Batch 3/5 (10 tickers)
2026-02-15 20:17:52,345 | INFO |     All assets up to date
2026-02-15 20:17:52,345 | INFO | 
  Batch 4/5 (10 tickers)
2026-02-15 20:17:52,361 | INFO |     Batch download: 1 tickers
2026-02-15 20:17:52,865 | ERROR | 
1 Failed download:
2026-02-15 20:17:52,866 | ERROR | ['UNI-USD']: YFPricesMissingError('possibly delisted; no price data found  (1d 2026-02-12 -> 2026-02-16)')
2026-02-15 20:17:52,869 | INFO |   Batch complete, waiting 120s...
2026-02-15 20:19:52,870 | INFO | 
  Batch 5/5 (6 tickers)
2026-02-15 20:19:52,885 | INFO |     All assets up to date
2026-02-15 20:19:52,885 | INFO | 
============================================================
2026-02-15 20:19:52,885 | INFO | Processing EQUITY: 421 assets
2026-02-15 20:19:52,885 | INFO | Schedule: Weekdays 22:00 UTC
2026-02-15 20:19:52,885 | INFO | ============================================================
2026-02-15 20:19:52,885 | INFO |   Market closed for EQUITY today, skipping
2026-02-15 20:19:52,885 | INFO | 
============================================================
2026-02-15 20:19:52,885 | INFO | Processing FX: 24 assets
2026-02-15 20:19:52,885 | INFO | Schedule: Sun-Thu 22:00 UTC
2026-02-15 20:19:52,885 | INFO | ============================================================
2026-02-15 20:19:52,885 | INFO |   Using BATCH MODE (CEO-DIR-2026-119)
2026-02-15 20:19:52,885 | INFO | 
  Batch 1/3 (10 tickers)
2026-02-15 20:19:52,917 | INFO |     Batch download: 9 tickers
2026-02-15 20:19:54,358 | INFO |     [AUDJPY=X] +1 rows
2026-02-15 20:19:54,361 | INFO |     [CADJPY=X] +1 rows
2026-02-15 20:19:54,361 | INFO |     [CHFJPY=X] +1 rows
2026-02-15 20:19:54,361 | INFO |     [EURAUD=X] +1 rows
2026-02-15 20:19:54,376 | INFO |     [EURCHF=X] +1 rows
2026-02-15 20:19:54,376 | INFO |     [EURGBP=X] +1 rows
2026-02-15 20:19:54,376 | INFO |     [EURJPY=X] +1 rows
2026-02-15 20:19:54,376 | INFO |     [EURNOK=X] +1 rows
2026-02-15 20:19:54,394 | INFO |     [EURSEK=X] +1 rows
2026-02-15 20:19:54,394 | INFO |   Batch complete, waiting 120s...
