2026-02-02 08:09:09,397 | INFO | ======================================================================
2026-02-02 08:09:09,397 | INFO | IoS-001 DAILY PRICE INGEST
2026-02-02 08:09:09,397 | INFO | Executor: LINE (EC-004)
2026-02-02 08:09:09,397 | INFO | Authority: CEO_DIRECTIVE_LINE_DAILY_INGEST_ACTIVATION_20251212
2026-02-02 08:09:09,397 | INFO | Time: 2026-02-02T07:09:09.397961+00:00
2026-02-02 08:09:09,398 | INFO | Asset Class Filter: ALL
2026-02-02 08:09:09,398 | INFO | Dry Run: False
2026-02-02 08:09:09,398 | INFO | ======================================================================
2026-02-02 08:09:09,768 | INFO | Found 491 VEGA-attested assets
2026-02-02 08:09:09,768 | INFO | 
============================================================
2026-02-02 08:09:09,768 | INFO | Processing CRYPTO: 46 assets
2026-02-02 08:09:09,768 | INFO | Schedule: Daily 01:00 UTC
2026-02-02 08:09:09,768 | INFO | ============================================================
2026-02-02 08:09:09,769 | INFO | 
  Batch 1/2 (25 assets)
2026-02-02 08:09:12,995 | WARNING |   [GRT-USD] Fetch error: Too Many Requests. Rate limited. Try after a while.
2026-02-02 08:09:15,996 | INFO |   Batch complete, waiting 60s...
2026-02-02 08:10:16,003 | INFO | 
  Batch 2/2 (21 assets)
2026-02-02 08:10:17,744 | WARNING |   [UNI-USD] Fetch error: Too Many Requests. Rate limited. Try after a while.
2026-02-02 08:10:20,765 | INFO | 
============================================================
2026-02-02 08:10:20,765 | INFO | Processing EQUITY: 421 assets
2026-02-02 08:10:20,765 | INFO | Schedule: Weekdays 22:00 UTC
2026-02-02 08:10:20,765 | INFO | ============================================================
2026-02-02 08:10:20,765 | INFO | 
  Batch 1/17 (25 assets)
2026-02-02 08:10:21,732 | WARNING |   [1COV.DE] Fetch error: Too Many Requests. Rate limited. Try after a while.
2026-02-02 08:10:25,936 | WARNING |   [ABBV] Fetch error: Too Many Requests. Rate limited. Try after a while.
2026-02-02 08:10:29,895 | WARNING |   [ABNB] Fetch error: Too Many Requests. Rate limited. Try after a while.
2026-02-02 08:10:34,094 | WARNING |   [ABT] Fetch error: Too Many Requests. Rate limited. Try after a while.
2026-02-02 08:10:38,000 | WARNING |   [ACA.PA] Fetch error: Too Many Requests. Rate limited. Try after a while.
2026-02-02 08:10:41,968 | WARNING |   [ADBE] Fetch error: Too Many Requests. Rate limited. Try after a while.
2026-02-02 08:10:46,060 | WARNING |   [ADI] Fetch error: Too Many Requests. Rate limited. Try after a while.
2026-02-02 08:10:50,303 | WARNING |   [ADS.DE] Fetch error: Too Many Requests. Rate limited. Try after a while.
2026-02-02 08:10:54,238 | WARNING |   [ADSK] Fetch error: Too Many Requests. Rate limited. Try after a while.
2026-02-02 08:10:58,466 | WARNING |   [AEP] Fetch error: Too Many Requests. Rate limited. Try after a while.
2026-02-02 08:11:02,793 | WARNING |   [AFL] Fetch error: Too Many Requests. Rate limited. Try after a while.
2026-02-02 08:11:06,873 | WARNING |   [AI.PA] Fetch error: Too Many Requests. Rate limited. Try after a while.
2026-02-02 08:11:10,913 | WARNING |   [AIG] Fetch error: Too Many Requests. Rate limited. Try after a while.
2026-02-02 08:11:14,977 | WARNING |   [AIR.DE] Fetch error: Too Many Requests. Rate limited. Try after a while.
2026-02-02 08:11:19,005 | WARNING |   [AIR.PA] Fetch error: Too Many Requests. Rate limited. Try after a while.
2026-02-02 08:11:22,900 | WARNING |   [AKAM] Fetch error: Too Many Requests. Rate limited. Try after a while.
2026-02-02 08:11:27,081 | WARNING |   [AKER.OL] Fetch error: Too Many Requests. Rate limited. Try after a while.
2026-02-02 08:11:31,235 | WARNING |   [AKRBP.OL] Fetch error: Too Many Requests. Rate limited. Try after a while.
2026-02-02 08:11:35,314 | WARNING |   [AKSO.OL] Fetch error: Too Many Requests. Rate limited. Try after a while.
2026-02-02 08:11:39,427 | WARNING |   [AKVA.OL] Fetch error: Too Many Requests. Rate limited. Try after a while.
2026-02-02 08:11:43,868 | WARNING |   [ALB] Fetch error: Too Many Requests. Rate limited. Try after a while.
2026-02-02 08:11:47,804 | WARNING |   [ALL] Fetch error: Too Many Requests. Rate limited. Try after a while.
2026-02-02 08:11:51,788 | WARNING |   [ALO.PA] Fetch error: Too Many Requests. Rate limited. Try after a while.
2026-02-02 08:11:55,929 | WARNING |   [ALV.DE] Fetch error: Too Many Requests. Rate limited. Try after a while.
2026-02-02 08:12:00,340 | WARNING |   [AMAT] Fetch error: Too Many Requests. Rate limited. Try after a while.
2026-02-02 08:12:03,343 | INFO |   Batch complete, waiting 60s...
2026-02-02 08:13:03,344 | INFO | 
  Batch 2/17 (25 assets)
2026-02-02 08:13:04,756 | WARNING |   [AMD] Fetch error: Too Many Requests. Rate limited. Try after a while.
2026-02-02 08:13:09,109 | WARNING |   [AMGN] Fetch error: Too Many Requests. Rate limited. Try after a while.
2026-02-02 08:13:12,991 | WARNING |   [AMT] Fetch error: Too Many Requests. Rate limited. Try after a while.
2026-02-02 08:13:17,238 | WARNING |   [AMZN] Fetch error: Too Many Requests. Rate limited. Try after a while.
2026-02-02 08:13:21,790 | WARNING |   [AON] Fetch error: Too Many Requests. Rate limited. Try after a while.
2026-02-02 08:13:26,344 | WARNING |   [APD] Fetch error: Too Many Requests. Rate limited. Try after a while.
2026-02-02 08:13:30,280 | WARNING |   [ASML] Fetch error: Too Many Requests. Rate limited. Try after a while.
2026-02-02 08:13:34,704 | WARNING |   [ATO.PA] Fetch error: Too Many Requests. Rate limited. Try after a while.
2026-02-02 08:13:38,938 | WARNING |   [AUSS.OL] Fetch error: Too Many Requests. Rate limited. Try after a while.
2026-02-02 08:13:42,959 | WARNING |   [AUTO.OL] Fetch error: Too Many Requests. Rate limited. Try after a while.
2026-02-02 08:13:46,896 | WARNING |   [AV.L] Fetch error: Too Many Requests. Rate limited. Try after a while.
2026-02-02 08:13:51,162 | WARNING |   [AVB] Fetch error: Too Many Requests. Rate limited. Try after a while.
2026-02-02 08:13:55,292 | WARNING |   [AVGO] Fetch error: Too Many Requests. Rate limited. Try after a while.
2026-02-02 08:13:59,233 | WARNING |   [AWK] Fetch error: Too Many Requests. Rate limited. Try after a while.
2026-02-02 08:14:03,220 | WARNING |   [AXP] Fetch error: Too Many Requests. Rate limited. Try after a while.
2026-02-02 08:14:07,352 | WARNING |   [AZN.L] Fetch error: Too Many Requests. Rate limited. Try after a while.
