2026-02-07 21:28:46,682 | INFO | ======================================================================
2026-02-07 21:28:46,682 | INFO | IoS-001 DAILY PRICE INGEST
2026-02-07 21:28:46,682 | INFO | Executor: LINE (EC-004)
2026-02-07 21:28:46,682 | INFO | Authority: CEO_DIRECTIVE_LINE_DAILY_INGEST_ACTIVATION_20251212
2026-02-07 21:28:46,682 | INFO | Amendment: CEO-DIR-2026-119 (Rate Limit Mitigation)
2026-02-07 21:28:46,682 | INFO | Time: 2026-02-07T20:28:46.682361+00:00
2026-02-07 21:28:46,682 | INFO | Asset Class Filter: ALL
2026-02-07 21:28:46,682 | INFO | Batch Mode: True
2026-02-07 21:28:46,682 | INFO | Dry Run: False
2026-02-07 21:28:46,682 | INFO | ======================================================================
2026-02-07 21:28:47,130 | INFO | Found 491 VEGA-attested assets
2026-02-07 21:28:47,130 | INFO | 
============================================================
2026-02-07 21:28:47,130 | INFO | Processing CRYPTO: 46 assets
2026-02-07 21:28:47,130 | INFO | Schedule: Daily 01:00 UTC
2026-02-07 21:28:47,130 | INFO | ============================================================
2026-02-07 21:28:47,130 | INFO |   Using BATCH MODE (CEO-DIR-2026-119)
2026-02-07 21:28:47,130 | INFO | 
  Batch 1/5 (10 tickers)
2026-02-07 21:28:47,172 | INFO |     All assets up to date
2026-02-07 21:28:47,172 | INFO | 
  Batch 2/5 (10 tickers)
2026-02-07 21:28:47,200 | INFO |     Batch download: 1 tickers
2026-02-07 21:28:50,928 | ERROR | 
1 Failed download:
2026-02-07 21:28:50,928 | ERROR | ['GRT-USD']: YFRateLimitError('Too Many Requests. Rate limited. Try after a while.')
2026-02-07 21:28:50,948 | INFO |   Batch complete, waiting 120s...
2026-02-07 21:30:50,956 | INFO | 
  Batch 3/5 (10 tickers)
2026-02-07 21:30:51,003 | INFO |     All assets up to date
2026-02-07 21:30:51,003 | INFO | 
  Batch 4/5 (10 tickers)
2026-02-07 21:30:51,062 | INFO |     Batch download: 1 tickers
2026-02-07 21:30:53,989 | ERROR | 
1 Failed download:
2026-02-07 21:30:53,989 | ERROR | ['UNI-USD']: YFRateLimitError('Too Many Requests. Rate limited. Try after a while.')
2026-02-07 21:30:53,989 | INFO |   Batch complete, waiting 120s...
2026-02-07 21:32:53,994 | INFO | 
  Batch 5/5 (6 tickers)
2026-02-07 21:32:54,008 | INFO |     All assets up to date
2026-02-07 21:32:54,008 | INFO | 
============================================================
2026-02-07 21:32:54,008 | INFO | Processing EQUITY: 421 assets
2026-02-07 21:32:54,008 | INFO | Schedule: Weekdays 22:00 UTC
2026-02-07 21:32:54,008 | INFO | ============================================================
2026-02-07 21:32:54,008 | INFO |   Market closed for EQUITY today, skipping
2026-02-07 21:32:54,008 | INFO | 
============================================================
2026-02-07 21:32:54,008 | INFO | Processing FX: 24 assets
2026-02-07 21:32:54,008 | INFO | Schedule: Sun-Thu 22:00 UTC
2026-02-07 21:32:54,008 | INFO | ============================================================
2026-02-07 21:32:54,008 | INFO |   Market closed for FX today, skipping
2026-02-07 21:32:54,018 | WARNING | Heartbeat recording failed: relation "fhq_monitoring.system_heartbeats" does not exist
LINE 2:                 INSERT INTO fhq_monitoring.system_heartbeats...
                                    ^

2026-02-07 21:32:54,018 | INFO | 
======================================================================
2026-02-07 21:32:54,018 | INFO | DAILY INGEST COMPLETE
2026-02-07 21:32:54,018 | INFO | ======================================================================
2026-02-07 21:32:54,018 | INFO | Assets Processed: 46
2026-02-07 21:32:54,018 | INFO | Assets Updated:   0
2026-02-07 21:32:54,018 | INFO | Rows Inserted:    0
2026-02-07 21:32:54,018 | INFO |   CRYPTO: 0 assets, 0 rows
2026-02-07 21:32:54,018 | INFO | Evidence: C:\fhq-market-system\vision-ios\03_FUNCTIONS\evidence\IOS001_DAILY_INGEST_d1fc0ddd_20260207_213254.json
2026-02-07 21:32:54,018 | INFO | ======================================================================
