2026-02-15 06:08:15,565 | INFO | ======================================================================
2026-02-15 06:08:15,565 | INFO | IoS-001 DAILY PRICE INGEST
2026-02-15 06:08:15,565 | INFO | Executor: LINE (EC-004)
2026-02-15 06:08:15,565 | INFO | Authority: CEO_DIRECTIVE_LINE_DAILY_INGEST_ACTIVATION_20251212
2026-02-15 06:08:15,565 | INFO | Amendment: CEO-DIR-2026-119 (Rate Limit Mitigation)
2026-02-15 06:08:15,565 | INFO | Time: 2026-02-15T05:08:15.565627+00:00
2026-02-15 06:08:15,565 | INFO | Asset Class Filter: ALL
2026-02-15 06:08:15,565 | INFO | Batch Mode: True
2026-02-15 06:08:15,566 | INFO | Dry Run: False
2026-02-15 06:08:15,566 | INFO | ======================================================================
2026-02-15 06:08:15,739 | INFO | Found 491 VEGA-attested assets
2026-02-15 06:08:15,739 | INFO | 
============================================================
2026-02-15 06:08:15,739 | INFO | Processing CRYPTO: 46 assets
2026-02-15 06:08:15,739 | INFO | Schedule: Daily 01:00 UTC
2026-02-15 06:08:15,739 | INFO | ============================================================
2026-02-15 06:08:15,739 | INFO |   Using BATCH MODE (CEO-DIR-2026-119)
2026-02-15 06:08:15,739 | INFO | 
  Batch 1/5 (10 tickers)
2026-02-15 06:08:15,756 | INFO |     All assets up to date
2026-02-15 06:08:15,756 | INFO | 
  Batch 2/5 (10 tickers)
2026-02-15 06:08:15,765 | INFO |     Batch download: 1 tickers
2026-02-15 06:08:18,418 | ERROR | 
1 Failed download:
2026-02-15 06:08:18,418 | ERROR | ['GRT-USD']: YFRateLimitError('Too Many Requests. Rate limited. Try after a while.')
2026-02-15 06:08:18,434 | INFO |   Batch complete, waiting 120s...
2026-02-15 06:10:18,439 | INFO | 
  Batch 3/5 (10 tickers)
2026-02-15 06:10:18,448 | INFO |     All assets up to date
2026-02-15 06:10:18,448 | INFO | 
  Batch 4/5 (10 tickers)
2026-02-15 06:10:18,449 | INFO |     Batch download: 1 tickers
2026-02-15 06:10:21,351 | ERROR | 
1 Failed download:
2026-02-15 06:10:21,352 | ERROR | ['UNI-USD']: YFRateLimitError('Too Many Requests. Rate limited. Try after a while.')
2026-02-15 06:10:21,365 | INFO |   Batch complete, waiting 120s...
2026-02-15 06:12:21,366 | INFO | 
  Batch 5/5 (6 tickers)
2026-02-15 06:12:21,387 | INFO |     All assets up to date
2026-02-15 06:12:21,402 | INFO | 
============================================================
2026-02-15 06:12:21,402 | INFO | Processing EQUITY: 421 assets
2026-02-15 06:12:21,402 | INFO | Schedule: Weekdays 22:00 UTC
2026-02-15 06:12:21,402 | INFO | ============================================================
2026-02-15 06:12:21,402 | INFO |   Market closed for EQUITY today, skipping
2026-02-15 06:12:21,402 | INFO | 
============================================================
2026-02-15 06:12:21,402 | INFO | Processing FX: 24 assets
2026-02-15 06:12:21,402 | INFO | Schedule: Sun-Thu 22:00 UTC
2026-02-15 06:12:21,402 | INFO | ============================================================
2026-02-15 06:12:21,402 | INFO |   Using BATCH MODE (CEO-DIR-2026-119)
2026-02-15 06:12:21,402 | INFO | 
  Batch 1/3 (10 tickers)
2026-02-15 06:12:21,418 | INFO |     Batch download: 10 tickers
2026-02-15 06:12:33,245 | ERROR | 
10 Failed downloads:
2026-02-15 06:12:33,245 | ERROR | ['CHFJPY=X', 'EURAUD=X', 'EURGBP=X', 'EURCHF=X', 'AUDJPY=X', 'EURSEK=X', 'CADJPY=X', 'EURJPY=X', 'AUDUSD=X', 'EURNOK=X']: YFRateLimitError('Too Many Requests. Rate limited. Try after a while.')
2026-02-15 06:12:33,261 | INFO |   Batch complete, waiting 120s...
