2026-01-17 23:36:54,320 | INFO | ======================================================================
2026-01-17 23:36:54,320 | INFO | IoS-001 DAILY PRICE INGEST
2026-01-17 23:36:54,320 | INFO | Executor: LINE (EC-004)
2026-01-17 23:36:54,320 | INFO | Authority: CEO_DIRECTIVE_LINE_DAILY_INGEST_ACTIVATION_20251212
2026-01-17 23:36:54,320 | INFO | Time: 2026-01-17T22:36:54.320198+00:00
2026-01-17 23:36:54,320 | INFO | Asset Class Filter: ALL
2026-01-17 23:36:54,320 | INFO | Dry Run: False
2026-01-17 23:36:54,320 | INFO | ======================================================================
2026-01-17 23:36:54,666 | INFO | Found 491 VEGA-attested assets
2026-01-17 23:36:54,667 | INFO | 
============================================================
2026-01-17 23:36:54,667 | INFO | Processing CRYPTO: 46 assets
2026-01-17 23:36:54,667 | INFO | Schedule: Daily 01:00 UTC
2026-01-17 23:36:54,667 | INFO | ============================================================
2026-01-17 23:36:54,667 | INFO | 
  Batch 1/2 (25 assets)
2026-01-17 23:36:54,713 | INFO |   Batch complete, waiting 60s...
2026-01-17 23:37:54,716 | INFO | 
  Batch 2/2 (21 assets)
2026-01-17 23:37:57,571 | WARNING |   [UNI-USD] Fetch error: Too Many Requests. Rate limited. Try after a while.
2026-01-17 23:38:00,621 | INFO | 
============================================================
2026-01-17 23:38:00,622 | INFO | Processing EQUITY: 421 assets
2026-01-17 23:38:00,622 | INFO | Schedule: Weekdays 22:00 UTC
2026-01-17 23:38:00,624 | INFO | ============================================================
2026-01-17 23:38:00,625 | INFO |   Market closed for EQUITY today, skipping
2026-01-17 23:38:00,625 | INFO | 
============================================================
2026-01-17 23:38:00,626 | INFO | Processing FX: 24 assets
2026-01-17 23:38:00,626 | INFO | Schedule: Sun-Thu 22:00 UTC
2026-01-17 23:38:00,626 | INFO | ============================================================
2026-01-17 23:38:00,627 | INFO |   Market closed for FX today, skipping
2026-01-17 23:38:00,639 | WARNING | Heartbeat recording failed: relation "fhq_monitoring.system_heartbeats" does not exist
LINE 2:                 INSERT INTO fhq_monitoring.system_heartbeats...
                                    ^

2026-01-17 23:38:00,646 | INFO | 
======================================================================
2026-01-17 23:38:00,647 | INFO | DAILY INGEST COMPLETE
2026-01-17 23:38:00,648 | INFO | ======================================================================
2026-01-17 23:38:00,649 | INFO | Assets Processed: 46
2026-01-17 23:38:00,649 | INFO | Assets Updated:   0
2026-01-17 23:38:00,650 | INFO | Rows Inserted:    0
2026-01-17 23:38:00,651 | INFO |   CRYPTO: 0 assets, 0 rows
2026-01-17 23:38:00,652 | INFO | Evidence: C:\fhq-market-system\vision-ios\03_FUNCTIONS\evidence\IOS001_DAILY_INGEST_b3d63d33_20260117_233800.json
2026-01-17 23:38:00,653 | INFO | ======================================================================
