2026-02-15 11:47:58,344 | INFO | ======================================================================
2026-02-15 11:47:58,345 | INFO | IoS-001 DAILY PRICE INGEST
2026-02-15 11:47:58,345 | INFO | Executor: LINE (EC-004)
2026-02-15 11:47:58,345 | INFO | Authority: CEO_DIRECTIVE_LINE_DAILY_INGEST_ACTIVATION_20251212
2026-02-15 11:47:58,346 | INFO | Amendment: CEO-DIR-2026-119 (Rate Limit Mitigation)
2026-02-15 11:47:58,346 | INFO | Time: 2026-02-15T10:47:58.346592+00:00
2026-02-15 11:47:58,346 | INFO | Asset Class Filter: ALL
2026-02-15 11:47:58,347 | INFO | Batch Mode: True
2026-02-15 11:47:58,347 | INFO | Dry Run: False
2026-02-15 11:47:58,348 | INFO | ======================================================================
2026-02-15 11:47:58,528 | INFO | Found 491 VEGA-attested assets
2026-02-15 11:47:58,528 | INFO | 
============================================================
2026-02-15 11:47:58,528 | INFO | Processing CRYPTO: 46 assets
2026-02-15 11:47:58,528 | INFO | Schedule: Daily 01:00 UTC
2026-02-15 11:47:58,543 | INFO | ============================================================
2026-02-15 11:47:58,544 | INFO |   Using BATCH MODE (CEO-DIR-2026-119)
2026-02-15 11:47:58,544 | INFO | 
  Batch 1/5 (10 tickers)
2026-02-15 11:47:58,555 | INFO |     All assets up to date
2026-02-15 11:47:58,555 | INFO | 
  Batch 2/5 (10 tickers)
2026-02-15 11:47:58,563 | INFO |     Batch download: 1 tickers
2026-02-15 11:47:59,559 | ERROR | 
1 Failed download:
2026-02-15 11:47:59,559 | ERROR | ['GRT-USD']: YFPricesMissingError('possibly delisted; no price data found  (1d 2026-02-15 -> 2026-02-16)')
2026-02-15 11:47:59,559 | INFO |   Batch complete, waiting 120s...
2026-02-15 11:49:59,574 | INFO | 
  Batch 3/5 (10 tickers)
2026-02-15 11:49:59,586 | INFO |     All assets up to date
2026-02-15 11:49:59,586 | INFO | 
  Batch 4/5 (10 tickers)
2026-02-15 11:49:59,590 | INFO |     Batch download: 1 tickers
2026-02-15 11:50:00,001 | ERROR | 
1 Failed download:
2026-02-15 11:50:00,001 | ERROR | ['UNI-USD']: YFPricesMissingError('possibly delisted; no price data found  (1d 2026-02-12 -> 2026-02-16)')
2026-02-15 11:50:00,001 | INFO |   Batch complete, waiting 120s...
2026-02-15 11:52:00,010 | INFO | 
  Batch 5/5 (6 tickers)
2026-02-15 11:52:00,041 | INFO |     All assets up to date
2026-02-15 11:52:00,041 | INFO | 
============================================================
2026-02-15 11:52:00,041 | INFO | Processing EQUITY: 421 assets
2026-02-15 11:52:00,041 | INFO | Schedule: Weekdays 22:00 UTC
2026-02-15 11:52:00,041 | INFO | ============================================================
2026-02-15 11:52:00,041 | INFO |   Market closed for EQUITY today, skipping
2026-02-15 11:52:00,041 | INFO | 
============================================================
2026-02-15 11:52:00,041 | INFO | Processing FX: 24 assets
2026-02-15 11:52:00,041 | INFO | Schedule: Sun-Thu 22:00 UTC
2026-02-15 11:52:00,041 | INFO | ============================================================
2026-02-15 11:52:00,041 | INFO |   Using BATCH MODE (CEO-DIR-2026-119)
2026-02-15 11:52:00,041 | INFO | 
  Batch 1/3 (10 tickers)
2026-02-15 11:52:00,064 | INFO |     Batch download: 9 tickers
2026-02-15 11:52:01,726 | INFO |     [AUDJPY=X] +1 rows
2026-02-15 11:52:01,726 | INFO |     [CADJPY=X] +1 rows
2026-02-15 11:52:01,726 | INFO |     [CHFJPY=X] +1 rows
2026-02-15 11:52:01,726 | INFO |     [EURAUD=X] +1 rows
2026-02-15 11:52:01,742 | INFO |     [EURCHF=X] +1 rows
2026-02-15 11:52:01,742 | INFO |     [EURGBP=X] +1 rows
2026-02-15 11:52:01,742 | INFO |     [EURJPY=X] +1 rows
2026-02-15 11:52:01,742 | INFO |     [EURNOK=X] +1 rows
2026-02-15 11:52:01,742 | INFO |     [EURSEK=X] +1 rows
2026-02-15 11:52:01,742 | INFO |   Batch complete, waiting 120s...
