2026-01-30 03:05:35,816 | INFO | ======================================================================
2026-01-30 03:05:35,816 | INFO | IoS-001 DAILY PRICE INGEST
2026-01-30 03:05:35,816 | INFO | Executor: LINE (EC-004)
2026-01-30 03:05:35,817 | INFO | Authority: CEO_DIRECTIVE_LINE_DAILY_INGEST_ACTIVATION_20251212
2026-01-30 03:05:35,817 | INFO | Time: 2026-01-30T02:05:35.817374+00:00
2026-01-30 03:05:35,817 | INFO | Asset Class Filter: ALL
2026-01-30 03:05:35,817 | INFO | Dry Run: False
2026-01-30 03:05:35,817 | INFO | ======================================================================
2026-01-30 03:05:36,099 | INFO | Found 491 VEGA-attested assets
2026-01-30 03:05:36,104 | INFO | 
============================================================
2026-01-30 03:05:36,104 | INFO | Processing CRYPTO: 46 assets
2026-01-30 03:05:36,104 | INFO | Schedule: Daily 01:00 UTC
2026-01-30 03:05:36,104 | INFO | ============================================================
2026-01-30 03:05:36,105 | INFO | 
  Batch 1/2 (25 assets)
2026-01-30 03:05:39,266 | WARNING |   [GRT-USD] Fetch error: Too Many Requests. Rate limited. Try after a while.
2026-01-30 03:05:42,317 | INFO |   Batch complete, waiting 60s...
2026-01-30 03:06:42,320 | INFO | 
  Batch 2/2 (21 assets)
2026-01-30 03:06:44,286 | WARNING |   [UNI-USD] Fetch error: Too Many Requests. Rate limited. Try after a while.
2026-01-30 03:06:47,355 | INFO | 
============================================================
2026-01-30 03:06:47,355 | INFO | Processing EQUITY: 421 assets
2026-01-30 03:06:47,355 | INFO | Schedule: Weekdays 22:00 UTC
2026-01-30 03:06:47,355 | INFO | ============================================================
2026-01-30 03:06:47,355 | INFO | 
  Batch 1/17 (25 assets)
2026-01-30 03:06:48,836 | WARNING |   [1COV.DE] Fetch error: Too Many Requests. Rate limited. Try after a while.
2026-01-30 03:06:52,830 | WARNING |   [ABBV] Fetch error: Too Many Requests. Rate limited. Try after a while.
2026-01-30 03:06:56,910 | WARNING |   [ABNB] Fetch error: Too Many Requests. Rate limited. Try after a while.
2026-01-30 03:07:01,035 | WARNING |   [ABT] Fetch error: Too Many Requests. Rate limited. Try after a while.
2026-01-30 03:07:05,100 | WARNING |   [ACA.PA] Fetch error: Too Many Requests. Rate limited. Try after a while.
2026-01-30 03:07:09,093 | WARNING |   [ADBE] Fetch error: Too Many Requests. Rate limited. Try after a while.
2026-01-30 03:07:13,295 | WARNING |   [ADI] Fetch error: Too Many Requests. Rate limited. Try after a while.
2026-01-30 03:07:17,632 | WARNING |   [ADS.DE] Fetch error: Too Many Requests. Rate limited. Try after a while.
2026-01-30 03:07:21,931 | WARNING |   [ADSK] Fetch error: Too Many Requests. Rate limited. Try after a while.
2026-01-30 03:07:26,073 | WARNING |   [AEP] Fetch error: Too Many Requests. Rate limited. Try after a while.
2026-01-30 03:07:30,184 | WARNING |   [AFL] Fetch error: Too Many Requests. Rate limited. Try after a while.
2026-01-30 03:07:34,112 | WARNING |   [AI.PA] Fetch error: Too Many Requests. Rate limited. Try after a while.
2026-01-30 03:07:38,277 | WARNING |   [AIG] Fetch error: Too Many Requests. Rate limited. Try after a while.
2026-01-30 03:07:42,410 | WARNING |   [AIR.DE] Fetch error: Too Many Requests. Rate limited. Try after a while.
2026-01-30 03:07:46,531 | WARNING |   [AIR.PA] Fetch error: Too Many Requests. Rate limited. Try after a while.
2026-01-30 03:07:50,553 | WARNING |   [AKAM] Fetch error: Too Many Requests. Rate limited. Try after a while.
2026-01-30 03:07:54,620 | WARNING |   [AKER.OL] Fetch error: Too Many Requests. Rate limited. Try after a while.
2026-01-30 03:08:00,358 | WARNING |   [AKRBP.OL] Fetch error: Too Many Requests. Rate limited. Try after a while.
2026-01-30 03:08:05,126 | WARNING |   [AKSO.OL] Fetch error: Too Many Requests. Rate limited. Try after a while.
2026-01-30 03:08:09,450 | WARNING |   [AKVA.OL] Fetch error: Too Many Requests. Rate limited. Try after a while.
2026-01-30 03:08:13,468 | WARNING |   [ALB] Fetch error: Too Many Requests. Rate limited. Try after a while.
2026-01-30 03:08:17,620 | WARNING |   [ALL] Fetch error: Too Many Requests. Rate limited. Try after a while.
2026-01-30 03:08:21,671 | WARNING |   [ALO.PA] Fetch error: Too Many Requests. Rate limited. Try after a while.
2026-01-30 03:08:25,816 | WARNING |   [ALV.DE] Fetch error: Too Many Requests. Rate limited. Try after a while.
2026-01-30 03:08:29,862 | WARNING |   [AMAT] Fetch error: Too Many Requests. Rate limited. Try after a while.
2026-01-30 03:08:32,864 | INFO |   Batch complete, waiting 60s...
2026-01-30 03:09:32,866 | INFO | 
  Batch 2/17 (25 assets)
2026-01-30 03:09:34,486 | WARNING |   [AMD] Fetch error: Too Many Requests. Rate limited. Try after a while.
2026-01-30 03:09:38,570 | WARNING |   [AMGN] Fetch error: Too Many Requests. Rate limited. Try after a while.
2026-01-30 03:09:42,903 | WARNING |   [AMT] Fetch error: Too Many Requests. Rate limited. Try after a while.
2026-01-30 03:09:46,964 | WARNING |   [AMZN] Fetch error: Too Many Requests. Rate limited. Try after a while.
2026-01-30 03:09:51,130 | WARNING |   [AON] Fetch error: Too Many Requests. Rate limited. Try after a while.
2026-01-30 03:09:55,243 | WARNING |   [APD] Fetch error: Too Many Requests. Rate limited. Try after a while.
2026-01-30 03:09:59,524 | WARNING |   [ASML] Fetch error: Too Many Requests. Rate limited. Try after a while.
2026-01-30 03:10:03,796 | WARNING |   [ATO.PA] Fetch error: Too Many Requests. Rate limited. Try after a while.
2026-01-30 03:10:07,762 | WARNING |   [AUSS.OL] Fetch error: Too Many Requests. Rate limited. Try after a while.
2026-01-30 03:10:11,935 | WARNING |   [AUTO.OL] Fetch error: Too Many Requests. Rate limited. Try after a while.
2026-01-30 03:10:15,943 | WARNING |   [AV.L] Fetch error: Too Many Requests. Rate limited. Try after a while.
2026-01-30 03:10:20,109 | WARNING |   [AVB] Fetch error: Too Many Requests. Rate limited. Try after a while.
2026-01-30 03:10:24,144 | WARNING |   [AVGO] Fetch error: Too Many Requests. Rate limited. Try after a while.
2026-01-30 03:10:28,363 | WARNING |   [AWK] Fetch error: Too Many Requests. Rate limited. Try after a while.
2026-01-30 03:10:32,285 | WARNING |   [AXP] Fetch error: Too Many Requests. Rate limited. Try after a while.
