2026-01-17 01:21:51,854 | INFO | ======================================================================
2026-01-17 01:21:51,854 | INFO | IoS-001 DAILY PRICE INGEST
2026-01-17 01:21:51,854 | INFO | Executor: LINE (EC-004)
2026-01-17 01:21:51,855 | INFO | Authority: CEO_DIRECTIVE_LINE_DAILY_INGEST_ACTIVATION_20251212
2026-01-17 01:21:51,855 | INFO | Time: 2026-01-17T00:21:51.855492+00:00
2026-01-17 01:21:51,855 | INFO | Asset Class Filter: ALL
2026-01-17 01:21:51,856 | INFO | Dry Run: False
2026-01-17 01:21:51,856 | INFO | ======================================================================
2026-01-17 01:21:52,179 | INFO | Found 491 VEGA-attested assets
2026-01-17 01:21:52,179 | INFO | 
============================================================
2026-01-17 01:21:52,179 | INFO | Processing CRYPTO: 46 assets
2026-01-17 01:21:52,179 | INFO | Schedule: Daily 01:00 UTC
2026-01-17 01:21:52,179 | INFO | ============================================================
2026-01-17 01:21:52,180 | INFO | 
  Batch 1/2 (25 assets)
2026-01-17 01:21:55,372 | WARNING |   [GRT-USD] Fetch error: Too Many Requests. Rate limited. Try after a while.
2026-01-17 01:21:58,394 | INFO |   Batch complete, waiting 60s...
2026-01-17 01:22:58,395 | INFO | 
  Batch 2/2 (21 assets)
2026-01-17 01:22:59,828 | WARNING |   [UNI-USD] Fetch error: Too Many Requests. Rate limited. Try after a while.
2026-01-17 01:23:02,842 | INFO | 
============================================================
2026-01-17 01:23:02,842 | INFO | Processing EQUITY: 421 assets
2026-01-17 01:23:02,842 | INFO | Schedule: Weekdays 22:00 UTC
2026-01-17 01:23:02,842 | INFO | ============================================================
2026-01-17 01:23:02,842 | INFO |   Market closed for EQUITY today, skipping
2026-01-17 01:23:02,842 | INFO | 
============================================================
2026-01-17 01:23:02,842 | INFO | Processing FX: 24 assets
2026-01-17 01:23:02,842 | INFO | Schedule: Sun-Thu 22:00 UTC
2026-01-17 01:23:02,842 | INFO | ============================================================
2026-01-17 01:23:02,842 | INFO |   Market closed for FX today, skipping
2026-01-17 01:23:02,855 | WARNING | Heartbeat recording failed: relation "fhq_monitoring.system_heartbeats" does not exist
LINE 2:                 INSERT INTO fhq_monitoring.system_heartbeats...
                                    ^

2026-01-17 01:23:02,855 | INFO | 
======================================================================
2026-01-17 01:23:02,855 | INFO | DAILY INGEST COMPLETE
2026-01-17 01:23:02,855 | INFO | ======================================================================
2026-01-17 01:23:02,855 | INFO | Assets Processed: 46
2026-01-17 01:23:02,855 | INFO | Assets Updated:   0
2026-01-17 01:23:02,855 | INFO | Rows Inserted:    0
2026-01-17 01:23:02,855 | INFO |   CRYPTO: 0 assets, 0 rows
2026-01-17 01:23:02,855 | INFO | Evidence: C:\fhq-market-system\vision-ios\03_FUNCTIONS\evidence\IOS001_DAILY_INGEST_a4c26655_20260117_012302.json
2026-01-17 01:23:02,855 | INFO | ======================================================================
