2026-01-12 02:11:48,808 | INFO | ======================================================================
2026-01-12 02:11:48,808 | INFO | IoS-001 DAILY PRICE INGEST
2026-01-12 02:11:48,809 | INFO | Executor: LINE (EC-004)
2026-01-12 02:11:48,809 | INFO | Authority: CEO_DIRECTIVE_LINE_DAILY_INGEST_ACTIVATION_20251212
2026-01-12 02:11:48,809 | INFO | Time: 2026-01-12T01:11:48.809258+00:00
2026-01-12 02:11:48,809 | INFO | Asset Class Filter: ALL
2026-01-12 02:11:48,809 | INFO | Dry Run: False
2026-01-12 02:11:48,810 | INFO | ======================================================================
2026-01-12 02:11:49,463 | INFO | Found 491 VEGA-attested assets
2026-01-12 02:11:49,466 | INFO | 
============================================================
2026-01-12 02:11:49,466 | INFO | Processing CRYPTO: 46 assets
2026-01-12 02:11:49,466 | INFO | Schedule: Daily 01:00 UTC
2026-01-12 02:11:49,466 | INFO | ============================================================
2026-01-12 02:11:49,466 | INFO | 
  Batch 1/2 (25 assets)
2026-01-12 02:11:53,851 | WARNING |   [AVAX-USD] Fetch error: Too Many Requests. Rate limited. Try after a while.
2026-01-12 02:11:58,391 | WARNING |   [BCH-USD] Fetch error: Too Many Requests. Rate limited. Try after a while.
2026-01-12 02:12:02,669 | WARNING |   [BTC-USD] Fetch error: Too Many Requests. Rate limited. Try after a while.
2026-01-12 02:12:07,355 | WARNING |   [CRV-USD] Fetch error: Too Many Requests. Rate limited. Try after a while.
2026-01-12 02:12:11,867 | WARNING |   [DOT-USD] Fetch error: Too Many Requests. Rate limited. Try after a while.
2026-01-12 02:12:16,029 | WARNING |   [ETH-USD] Fetch error: Too Many Requests. Rate limited. Try after a while.
2026-01-12 02:12:20,260 | WARNING |   [GRT-USD] Fetch error: Too Many Requests. Rate limited. Try after a while.
2026-01-12 02:12:24,593 | WARNING |   [LINK-USD] Fetch error: Too Many Requests. Rate limited. Try after a while.
2026-01-12 02:12:29,022 | WARNING |   [LTC-USD] Fetch error: Too Many Requests. Rate limited. Try after a while.
2026-01-12 02:12:32,023 | INFO |   Batch complete, waiting 60s...
2026-01-12 02:13:32,024 | INFO | 
  Batch 2/2 (21 assets)
2026-01-12 02:13:33,222 | WARNING |   [SHIB-USD] Fetch error: Too Many Requests. Rate limited. Try after a while.
2026-01-12 02:13:36,863 | WARNING |   [SOL-USD] Fetch error: Too Many Requests. Rate limited. Try after a while.
2026-01-12 02:13:40,421 | WARNING |   [UNI-USD] Fetch error: Too Many Requests. Rate limited. Try after a while.
2026-01-12 02:13:44,136 | WARNING |   [XRP-USD] Fetch error: Too Many Requests. Rate limited. Try after a while.
2026-01-12 02:13:47,627 | WARNING |   [XTZ-USD] Fetch error: Too Many Requests. Rate limited. Try after a while.
2026-01-12 02:13:51,215 | WARNING |   [AAVE-USD] Fetch error: Too Many Requests. Rate limited. Try after a while.
2026-01-12 02:13:54,217 | INFO | 
============================================================
2026-01-12 02:13:54,217 | INFO | Processing EQUITY: 421 assets
2026-01-12 02:13:54,217 | INFO | Schedule: Weekdays 22:00 UTC
2026-01-12 02:13:54,217 | INFO | ============================================================
2026-01-12 02:13:54,217 | INFO | 
  Batch 1/17 (25 assets)
2026-01-12 02:13:54,982 | WARNING |   [1COV.DE] Fetch error: Too Many Requests. Rate limited. Try after a while.
2026-01-12 02:13:58,543 | WARNING |   [ABBV] Fetch error: Too Many Requests. Rate limited. Try after a while.
2026-01-12 02:14:02,098 | WARNING |   [ABNB] Fetch error: Too Many Requests. Rate limited. Try after a while.
2026-01-12 02:14:05,803 | WARNING |   [ABT] Fetch error: Too Many Requests. Rate limited. Try after a while.
2026-01-12 02:14:09,524 | WARNING |   [ACA.PA] Fetch error: Too Many Requests. Rate limited. Try after a while.
2026-01-12 02:14:13,065 | WARNING |   [ADBE] Fetch error: Too Many Requests. Rate limited. Try after a while.
2026-01-12 02:14:16,594 | WARNING |   [ADI] Fetch error: Too Many Requests. Rate limited. Try after a while.
2026-01-12 02:14:20,142 | WARNING |   [ADS.DE] Fetch error: Too Many Requests. Rate limited. Try after a while.
2026-01-12 02:14:23,678 | WARNING |   [ADSK] Fetch error: Too Many Requests. Rate limited. Try after a while.
2026-01-12 02:14:27,216 | WARNING |   [AEP] Fetch error: Too Many Requests. Rate limited. Try after a while.
2026-01-12 02:14:30,774 | WARNING |   [AFL] Fetch error: Too Many Requests. Rate limited. Try after a while.
2026-01-12 02:14:34,300 | WARNING |   [AI.PA] Fetch error: Too Many Requests. Rate limited. Try after a while.
2026-01-12 02:14:37,887 | WARNING |   [AIG] Fetch error: Too Many Requests. Rate limited. Try after a while.
2026-01-12 02:14:41,525 | WARNING |   [AIR.DE] Fetch error: Too Many Requests. Rate limited. Try after a while.
2026-01-12 02:14:45,250 | WARNING |   [AIR.PA] Fetch error: Too Many Requests. Rate limited. Try after a while.
2026-01-12 02:14:48,750 | WARNING |   [AKAM] Fetch error: Too Many Requests. Rate limited. Try after a while.
2026-01-12 02:14:52,248 | WARNING |   [AKER.OL] Fetch error: Too Many Requests. Rate limited. Try after a while.
2026-01-12 02:14:55,782 | WARNING |   [AKRBP.OL] Fetch error: Too Many Requests. Rate limited. Try after a while.
2026-01-12 02:14:59,326 | WARNING |   [AKSO.OL] Fetch error: Too Many Requests. Rate limited. Try after a while.
2026-01-12 02:15:02,956 | WARNING |   [AKVA.OL] Fetch error: Too Many Requests. Rate limited. Try after a while.
2026-01-12 02:15:06,498 | WARNING |   [ALB] Fetch error: Too Many Requests. Rate limited. Try after a while.
2026-01-12 02:15:10,043 | WARNING |   [ALL] Fetch error: Too Many Requests. Rate limited. Try after a while.
2026-01-12 02:15:13,576 | WARNING |   [ALO.PA] Fetch error: Too Many Requests. Rate limited. Try after a while.
2026-01-12 02:15:17,144 | WARNING |   [ALV.DE] Fetch error: Too Many Requests. Rate limited. Try after a while.
2026-01-12 02:15:20,773 | WARNING |   [AMAT] Fetch error: Too Many Requests. Rate limited. Try after a while.
2026-01-12 02:15:23,779 | INFO |   Batch complete, waiting 60s...
2026-01-12 02:16:23,780 | INFO | 
  Batch 2/17 (25 assets)
2026-01-12 02:16:26,553 | WARNING |   [AMD] Fetch error: Too Many Requests. Rate limited. Try after a while.
2026-01-12 02:16:30,116 | WARNING |   [AMGN] Fetch error: Too Many Requests. Rate limited. Try after a while.
2026-01-12 02:16:33,663 | WARNING |   [AMT] Fetch error: Too Many Requests. Rate limited. Try after a while.
2026-01-12 02:16:37,331 | WARNING |   [AMZN] Fetch error: Too Many Requests. Rate limited. Try after a while.
2026-01-12 02:16:40,836 | WARNING |   [AON] Fetch error: Too Many Requests. Rate limited. Try after a while.
2026-01-12 02:16:44,390 | WARNING |   [APD] Fetch error: Too Many Requests. Rate limited. Try after a while.
