2025-12-22 15:44:40,090 | INFO | ======================================================================
2025-12-22 15:44:40,090 | INFO | IoS-001 DAILY PRICE INGEST
2025-12-22 15:44:40,090 | INFO | Executor: LINE (EC-004)
2025-12-22 15:44:40,090 | INFO | Authority: CEO_DIRECTIVE_LINE_DAILY_INGEST_ACTIVATION_20251212
2025-12-22 15:44:40,090 | INFO | Time: 2025-12-22T14:44:40.090495+00:00
2025-12-22 15:44:40,090 | INFO | Asset Class Filter: ALL
2025-12-22 15:44:40,090 | INFO | Dry Run: False
2025-12-22 15:44:40,090 | INFO | ======================================================================
2025-12-22 15:44:40,289 | INFO | Found 463 VEGA-attested assets
2025-12-22 15:44:40,289 | INFO | 
============================================================
2025-12-22 15:44:40,289 | INFO | Processing CRYPTO: 45 assets
2025-12-22 15:44:40,289 | INFO | Schedule: Daily 01:00 UTC
2025-12-22 15:44:40,289 | INFO | ============================================================
2025-12-22 15:44:40,289 | INFO | 
  Batch 1/2 (25 assets)
2025-12-22 15:44:43,453 | WARNING |   [ADA-USD] Fetch error: Too Many Requests. Rate limited. Try after a while.
2025-12-22 15:44:47,700 | WARNING |   [ALGO-USD] Fetch error: Too Many Requests. Rate limited. Try after a while.
2025-12-22 15:44:51,696 | WARNING |   [ATOM-USD] Fetch error: Too Many Requests. Rate limited. Try after a while.
2025-12-22 15:44:55,779 | WARNING |   [AXS-USD] Fetch error: Too Many Requests. Rate limited. Try after a while.
2025-12-22 15:44:59,672 | WARNING |   [BNB-USD] Fetch error: Too Many Requests. Rate limited. Try after a while.
2025-12-22 15:45:03,862 | WARNING |   [CHZ-USD] Fetch error: Too Many Requests. Rate limited. Try after a while.
2025-12-22 15:45:08,393 | WARNING |   [CRO-USD] Fetch error: Too Many Requests. Rate limited. Try after a while.
2025-12-22 15:45:12,400 | WARNING |   [EOS-USD] Fetch error: Too Many Requests. Rate limited. Try after a while.
2025-12-22 15:45:16,373 | WARNING |   [ETC-USD] Fetch error: Too Many Requests. Rate limited. Try after a while.
2025-12-22 15:45:20,478 | WARNING |   [FIL-USD] Fetch error: Too Many Requests. Rate limited. Try after a while.
2025-12-22 15:45:25,019 | WARNING |   [FLOW-USD] Fetch error: Too Many Requests. Rate limited. Try after a while.
2025-12-22 15:45:29,197 | WARNING |   [HBAR-USD] Fetch error: Too Many Requests. Rate limited. Try after a while.
2025-12-22 15:45:33,402 | WARNING |   [ICP-USD] Fetch error: Too Many Requests. Rate limited. Try after a while.
2025-12-22 15:45:37,297 | WARNING |   [INJ-USD] Fetch error: Too Many Requests. Rate limited. Try after a while.
2025-12-22 15:45:41,267 | WARNING |   [LDO-USD] Fetch error: Too Many Requests. Rate limited. Try after a while.
2025-12-22 15:45:45,565 | WARNING |   [MANA-USD] Fetch error: Too Many Requests. Rate limited. Try after a while.
2025-12-22 15:45:48,567 | INFO |   Batch complete, waiting 60s...
2025-12-22 15:46:48,568 | INFO | 
  Batch 2/2 (20 assets)
2025-12-22 15:46:50,182 | WARNING |   [MKR-USD] Fetch error: Too Many Requests. Rate limited. Try after a while.
2025-12-22 15:46:54,220 | WARNING |   [NEAR-USD] Fetch error: Too Many Requests. Rate limited. Try after a while.
2025-12-22 15:46:58,625 | WARNING |   [OKB-USD] Fetch error: Too Many Requests. Rate limited. Try after a while.
2025-12-22 15:47:02,559 | WARNING |   [QNT-USD] Fetch error: Too Many Requests. Rate limited. Try after a while.
2025-12-22 15:47:06,575 | WARNING |   [RPL-USD] Fetch error: Too Many Requests. Rate limited. Try after a while.
2025-12-22 15:47:10,917 | WARNING |   [RUNE-USD] Fetch error: Too Many Requests. Rate limited. Try after a while.
2025-12-22 15:47:15,009 | WARNING |   [SAND-USD] Fetch error: Too Many Requests. Rate limited. Try after a while.
2025-12-22 15:47:19,498 | WARNING |   [SNX-USD] Fetch error: Too Many Requests. Rate limited. Try after a while.
2025-12-22 15:47:23,890 | WARNING |   [THETA-USD] Fetch error: Too Many Requests. Rate limited. Try after a while.
2025-12-22 15:47:28,267 | WARNING |   [TRX-USD] Fetch error: Too Many Requests. Rate limited. Try after a while.
2025-12-22 15:47:32,415 | WARNING |   [VET-USD] Fetch error: Too Many Requests. Rate limited. Try after a while.
2025-12-22 15:47:36,601 | WARNING |   [XLM-USD] Fetch error: Too Many Requests. Rate limited. Try after a while.
2025-12-22 15:47:40,554 | WARNING |   [XMR-USD] Fetch error: Too Many Requests. Rate limited. Try after a while.
2025-12-22 15:47:44,669 | WARNING |   [ZEC-USD] Fetch error: Too Many Requests. Rate limited. Try after a while.
2025-12-22 15:47:47,675 | INFO | 
============================================================
2025-12-22 15:47:47,681 | INFO | Processing EQUITY: 394 assets
2025-12-22 15:47:47,681 | INFO | Schedule: Weekdays 22:00 UTC
2025-12-22 15:47:47,681 | INFO | ============================================================
2025-12-22 15:47:47,681 | INFO | 
  Batch 1/16 (25 assets)
2025-12-22 15:47:49,068 | WARNING |   [1COV.DE] Fetch error: Too Many Requests. Rate limited. Try after a while.
2025-12-22 15:47:53,457 | WARNING |   [ABBV] Fetch error: Too Many Requests. Rate limited. Try after a while.
2025-12-22 15:47:57,265 | WARNING |   [ABNB] Fetch error: Too Many Requests. Rate limited. Try after a while.
2025-12-22 15:48:01,539 | WARNING |   [ABT] Fetch error: Too Many Requests. Rate limited. Try after a while.
2025-12-22 15:48:05,813 | WARNING |   [ACA.PA] Fetch error: Too Many Requests. Rate limited. Try after a while.
2025-12-22 15:48:09,933 | WARNING |   [ADBE] Fetch error: Too Many Requests. Rate limited. Try after a while.
2025-12-22 15:48:13,926 | WARNING |   [ADI] Fetch error: Too Many Requests. Rate limited. Try after a while.
2025-12-22 15:48:18,035 | WARNING |   [ADS.DE] Fetch error: Too Many Requests. Rate limited. Try after a while.
2025-12-22 15:48:22,483 | WARNING |   [ADSK] Fetch error: Too Many Requests. Rate limited. Try after a while.
2025-12-22 15:48:26,725 | WARNING |   [AEP] Fetch error: Too Many Requests. Rate limited. Try after a while.
2025-12-22 15:48:31,012 | WARNING |   [AFL] Fetch error: Too Many Requests. Rate limited. Try after a while.
2025-12-22 15:48:34,915 | WARNING |   [AI.PA] Fetch error: Too Many Requests. Rate limited. Try after a while.
2025-12-22 15:48:38,933 | WARNING |   [AIG] Fetch error: Too Many Requests. Rate limited. Try after a while.
2025-12-22 15:48:42,962 | WARNING |   [AIR.DE] Fetch error: Too Many Requests. Rate limited. Try after a while.
2025-12-22 15:48:47,055 | WARNING |   [AIR.PA] Fetch error: Too Many Requests. Rate limited. Try after a while.
2025-12-22 15:48:51,081 | WARNING |   [AKAM] Fetch error: Too Many Requests. Rate limited. Try after a while.
2025-12-22 15:48:59,615 | WARNING |   [AKER.OL] Fetch error: Too Many Requests. Rate limited. Try after a while.
2025-12-22 15:49:03,853 | WARNING |   [AKRBP.OL] Fetch error: Too Many Requests. Rate limited. Try after a while.
2025-12-22 15:49:07,871 | WARNING |   [AKSO.OL] Fetch error: Too Many Requests. Rate limited. Try after a while.
2025-12-22 15:49:11,705 | WARNING |   [AKVA.OL] Fetch error: Too Many Requests. Rate limited. Try after a while.
2025-12-22 15:49:15,830 | WARNING |   [ALB] Fetch error: Too Many Requests. Rate limited. Try after a while.
2025-12-22 15:49:19,778 | WARNING |   [ALL] Fetch error: Too Many Requests. Rate limited. Try after a while.
2025-12-22 15:49:24,228 | WARNING |   [ALO.PA] Fetch error: Too Many Requests. Rate limited. Try after a while.
2025-12-22 15:49:28,532 | WARNING |   [ALV.DE] Fetch error: Too Many Requests. Rate limited. Try after a while.
2025-12-22 15:49:33,116 | WARNING |   [AMAT] Fetch error: Too Many Requests. Rate limited. Try after a while.
2025-12-22 15:49:36,117 | INFO |   Batch complete, waiting 60s...
