2026-01-13 11:40:10,687 | INFO | ======================================================================
2026-01-13 11:40:10,687 | INFO | IoS-001 DAILY PRICE INGEST
2026-01-13 11:40:10,687 | INFO | Executor: LINE (EC-004)
2026-01-13 11:40:10,687 | INFO | Authority: CEO_DIRECTIVE_LINE_DAILY_INGEST_ACTIVATION_20251212
2026-01-13 11:40:10,687 | INFO | Time: 2026-01-13T10:40:10.687445+00:00
2026-01-13 11:40:10,687 | INFO | Asset Class Filter: ALL
2026-01-13 11:40:10,687 | INFO | Dry Run: False
2026-01-13 11:40:10,687 | INFO | ======================================================================
2026-01-13 11:40:10,907 | INFO | Found 491 VEGA-attested assets
2026-01-13 11:40:10,907 | INFO | 
============================================================
2026-01-13 11:40:10,908 | INFO | Processing CRYPTO: 46 assets
2026-01-13 11:40:10,908 | INFO | Schedule: Daily 01:00 UTC
2026-01-13 11:40:10,908 | INFO | ============================================================
2026-01-13 11:40:10,908 | INFO | 
  Batch 1/2 (25 assets)
2026-01-13 11:40:13,937 | WARNING |   [GRT-USD] Fetch error: Too Many Requests. Rate limited. Try after a while.
2026-01-13 11:40:16,963 | INFO |   Batch complete, waiting 60s...
2026-01-13 11:41:16,964 | INFO | 
  Batch 2/2 (21 assets)
2026-01-13 11:41:18,600 | WARNING |   [UNI-USD] Fetch error: Too Many Requests. Rate limited. Try after a while.
2026-01-13 11:41:21,635 | INFO | 
============================================================
2026-01-13 11:41:21,636 | INFO | Processing EQUITY: 421 assets
2026-01-13 11:41:21,636 | INFO | Schedule: Weekdays 22:00 UTC
2026-01-13 11:41:21,636 | INFO | ============================================================
2026-01-13 11:41:21,636 | INFO | 
  Batch 1/17 (25 assets)
2026-01-13 11:41:23,324 | WARNING |   [1COV.DE] Fetch error: Too Many Requests. Rate limited. Try after a while.
2026-01-13 11:41:27,469 | WARNING |   [ABBV] Fetch error: Too Many Requests. Rate limited. Try after a while.
2026-01-13 11:41:31,758 | WARNING |   [ABNB] Fetch error: Too Many Requests. Rate limited. Try after a while.
2026-01-13 11:41:35,826 | WARNING |   [ABT] Fetch error: Too Many Requests. Rate limited. Try after a while.
2026-01-13 11:41:39,871 | WARNING |   [ADBE] Fetch error: Too Many Requests. Rate limited. Try after a while.
2026-01-13 11:41:44,149 | WARNING |   [ADI] Fetch error: Too Many Requests. Rate limited. Try after a while.
2026-01-13 11:41:48,242 | WARNING |   [ADSK] Fetch error: Too Many Requests. Rate limited. Try after a while.
2026-01-13 11:41:52,662 | WARNING |   [AEP] Fetch error: Too Many Requests. Rate limited. Try after a while.
2026-01-13 11:41:57,310 | WARNING |   [AFL] Fetch error: Too Many Requests. Rate limited. Try after a while.
2026-01-13 11:42:01,695 | WARNING |   [AIG] Fetch error: Too Many Requests. Rate limited. Try after a while.
2026-01-13 11:42:06,012 | WARNING |   [AKAM] Fetch error: Too Many Requests. Rate limited. Try after a while.
2026-01-13 11:42:10,650 | WARNING |   [ALB] Fetch error: Too Many Requests. Rate limited. Try after a while.
2026-01-13 11:42:15,083 | WARNING |   [ALL] Fetch error: Too Many Requests. Rate limited. Try after a while.
2026-01-13 11:42:19,567 | WARNING |   [AMAT] Fetch error: Too Many Requests. Rate limited. Try after a while.
2026-01-13 11:42:22,570 | INFO |   Batch complete, waiting 60s...
2026-01-13 11:43:22,571 | INFO | 
  Batch 2/17 (25 assets)
2026-01-13 11:43:24,849 | WARNING |   [AMD] Fetch error: Too Many Requests. Rate limited. Try after a while.
2026-01-13 11:43:29,467 | WARNING |   [AMGN] Fetch error: Too Many Requests. Rate limited. Try after a while.
2026-01-13 11:43:33,842 | WARNING |   [AMT] Fetch error: Too Many Requests. Rate limited. Try after a while.
2026-01-13 11:43:37,809 | WARNING |   [AMZN] Fetch error: Too Many Requests. Rate limited. Try after a while.
2026-01-13 11:43:42,240 | WARNING |   [AON] Fetch error: Too Many Requests. Rate limited. Try after a while.
2026-01-13 11:43:46,540 | WARNING |   [APD] Fetch error: Too Many Requests. Rate limited. Try after a while.
2026-01-13 11:43:51,064 | WARNING |   [ASML] Fetch error: Too Many Requests. Rate limited. Try after a while.
2026-01-13 11:43:55,375 | WARNING |   [AVB] Fetch error: Too Many Requests. Rate limited. Try after a while.
2026-01-13 11:43:59,781 | WARNING |   [AVGO] Fetch error: Too Many Requests. Rate limited. Try after a while.
2026-01-13 11:44:03,889 | WARNING |   [AWK] Fetch error: Too Many Requests. Rate limited. Try after a while.
2026-01-13 11:44:08,226 | WARNING |   [AXP] Fetch error: Too Many Requests. Rate limited. Try after a while.
2026-01-13 11:44:12,503 | WARNING |   [AZO] Fetch error: Too Many Requests. Rate limited. Try after a while.
2026-01-13 11:44:16,898 | WARNING |   [BA] Fetch error: Too Many Requests. Rate limited. Try after a while.
2026-01-13 11:44:20,946 | WARNING |   [BAC] Fetch error: Too Many Requests. Rate limited. Try after a while.
2026-01-13 11:44:23,992 | INFO |   Batch complete, waiting 60s...
