2026-02-10 19:43:46,158 | INFO | ======================================================================
2026-02-10 19:43:46,159 | INFO | IoS-001 DAILY PRICE INGEST
2026-02-10 19:43:46,159 | INFO | Executor: LINE (EC-004)
2026-02-10 19:43:46,159 | INFO | Authority: CEO_DIRECTIVE_LINE_DAILY_INGEST_ACTIVATION_20251212
2026-02-10 19:43:46,159 | INFO | Amendment: CEO-DIR-2026-119 (Rate Limit Mitigation)
2026-02-10 19:43:46,159 | INFO | Time: 2026-02-10T18:43:46.159436+00:00
2026-02-10 19:43:46,160 | INFO | Asset Class Filter: ALL
2026-02-10 19:43:46,160 | INFO | Batch Mode: True
2026-02-10 19:43:46,160 | INFO | Dry Run: False
2026-02-10 19:43:46,160 | INFO | ======================================================================
2026-02-10 19:43:46,457 | INFO | Found 491 VEGA-attested assets
2026-02-10 19:43:46,457 | INFO | 
============================================================
2026-02-10 19:43:46,458 | INFO | Processing CRYPTO: 46 assets
2026-02-10 19:43:46,458 | INFO | Schedule: Daily 01:00 UTC
2026-02-10 19:43:46,458 | INFO | ============================================================
2026-02-10 19:43:46,458 | INFO |   Using BATCH MODE (CEO-DIR-2026-119)
2026-02-10 19:43:46,458 | INFO | 
  Batch 1/5 (10 tickers)
2026-02-10 19:43:46,484 | INFO |     All assets up to date
2026-02-10 19:43:46,484 | INFO | 
  Batch 2/5 (10 tickers)
2026-02-10 19:43:46,502 | INFO |     Batch download: 1 tickers
2026-02-10 19:43:47,724 | ERROR | 
1 Failed download:
2026-02-10 19:43:47,724 | ERROR | ['GRT-USD']: YFPricesMissingError('possibly delisted; no price data found  (1d 2026-02-10 -> 2026-02-11)')
2026-02-10 19:43:47,751 | INFO |   Batch complete, waiting 120s...
2026-02-10 19:45:47,752 | INFO | 
  Batch 3/5 (10 tickers)
2026-02-10 19:45:47,784 | INFO |     All assets up to date
2026-02-10 19:45:47,784 | INFO | 
  Batch 4/5 (10 tickers)
2026-02-10 19:45:47,822 | INFO |     Batch download: 1 tickers
2026-02-10 19:45:48,493 | ERROR | 
1 Failed download:
2026-02-10 19:45:48,493 | ERROR | ['UNI-USD']: YFPricesMissingError('possibly delisted; no price data found  (1d 2026-02-10 -> 2026-02-11)')
2026-02-10 19:45:48,493 | INFO |   Batch complete, waiting 120s...
2026-02-10 19:47:48,499 | INFO | 
  Batch 5/5 (6 tickers)
2026-02-10 19:47:48,514 | INFO |     All assets up to date
2026-02-10 19:47:48,515 | INFO | 
============================================================
2026-02-10 19:47:48,515 | INFO | Processing EQUITY: 421 assets
2026-02-10 19:47:48,515 | INFO | Schedule: Weekdays 22:00 UTC
2026-02-10 19:47:48,515 | INFO | ============================================================
2026-02-10 19:47:48,515 | INFO |   Using BATCH MODE (CEO-DIR-2026-119)
2026-02-10 19:47:48,515 | INFO | 
  Batch 1/43 (10 tickers)
2026-02-10 19:47:48,533 | INFO |     Batch download: 1 tickers
2026-02-10 19:47:49,096 | ERROR | 
1 Failed download:
2026-02-10 19:47:49,096 | ERROR | ['1COV.DE']: YFPricesMissingError('possibly delisted; no price data found  (1d 2025-12-24 -> 2026-02-11)')
2026-02-10 19:47:49,101 | INFO |   Batch complete, waiting 120s...
