2026-02-11 12:38:54,993 | INFO | ======================================================================
2026-02-11 12:38:54,993 | INFO | IoS-001 DAILY PRICE INGEST
2026-02-11 12:38:54,993 | INFO | Executor: LINE (EC-004)
2026-02-11 12:38:54,993 | INFO | Authority: CEO_DIRECTIVE_LINE_DAILY_INGEST_ACTIVATION_20251212
2026-02-11 12:38:54,993 | INFO | Amendment: CEO-DIR-2026-119 (Rate Limit Mitigation)
2026-02-11 12:38:54,993 | INFO | Time: 2026-02-11T11:38:54.993602+00:00
2026-02-11 12:38:54,993 | INFO | Asset Class Filter: ALL
2026-02-11 12:38:54,993 | INFO | Batch Mode: True
2026-02-11 12:38:54,993 | INFO | Dry Run: False
2026-02-11 12:38:54,993 | INFO | ======================================================================
2026-02-11 12:38:55,367 | INFO | Found 491 VEGA-attested assets
2026-02-11 12:38:55,367 | INFO | 
============================================================
2026-02-11 12:38:55,368 | INFO | Processing CRYPTO: 46 assets
2026-02-11 12:38:55,368 | INFO | Schedule: Daily 01:00 UTC
2026-02-11 12:38:55,368 | INFO | ============================================================
2026-02-11 12:38:55,368 | INFO |   Using BATCH MODE (CEO-DIR-2026-119)
2026-02-11 12:38:55,368 | INFO | 
  Batch 1/5 (10 tickers)
2026-02-11 12:38:55,390 | INFO |     All assets up to date
2026-02-11 12:38:55,390 | INFO | 
  Batch 2/5 (10 tickers)
2026-02-11 12:38:55,411 | INFO |     Batch download: 1 tickers
2026-02-11 12:38:58,377 | ERROR | 
1 Failed download:
2026-02-11 12:38:58,377 | ERROR | ['GRT-USD']: YFRateLimitError('Too Many Requests. Rate limited. Try after a while.')
2026-02-11 12:38:58,392 | INFO |   Batch complete, waiting 120s...
2026-02-11 12:40:58,394 | INFO | 
  Batch 3/5 (10 tickers)
2026-02-11 12:40:58,460 | INFO |     All assets up to date
2026-02-11 12:40:58,460 | INFO | 
  Batch 4/5 (10 tickers)
2026-02-11 12:40:58,509 | INFO |     Batch download: 1 tickers
2026-02-11 12:41:01,145 | ERROR | 
1 Failed download:
2026-02-11 12:41:01,145 | ERROR | ['UNI-USD']: YFRateLimitError('Too Many Requests. Rate limited. Try after a while.')
2026-02-11 12:41:01,154 | INFO |   Batch complete, waiting 120s...
2026-02-11 12:43:01,157 | INFO | 
  Batch 5/5 (6 tickers)
2026-02-11 12:43:01,196 | INFO |     All assets up to date
2026-02-11 12:43:01,196 | INFO | 
============================================================
2026-02-11 12:43:01,196 | INFO | Processing EQUITY: 421 assets
2026-02-11 12:43:01,196 | INFO | Schedule: Weekdays 22:00 UTC
2026-02-11 12:43:01,196 | INFO | ============================================================
2026-02-11 12:43:01,196 | INFO |   Using BATCH MODE (CEO-DIR-2026-119)
2026-02-11 12:43:01,196 | INFO | 
  Batch 1/43 (10 tickers)
2026-02-11 12:43:01,228 | INFO |     Batch download: 8 tickers
2026-02-11 12:43:12,047 | ERROR | 
8 Failed downloads:
2026-02-11 12:43:12,047 | ERROR | ['ABNB', 'ADBE', 'ADSK', 'AEP', 'ABT', '1COV.DE', 'ABBV', 'ADI']: YFRateLimitError('Too Many Requests. Rate limited. Try after a while.')
2026-02-11 12:43:12,058 | INFO |   Batch complete, waiting 120s...
