2025-12-23 09:09:07,755 | INFO | ======================================================================
2025-12-23 09:09:07,756 | INFO | IoS-001 DAILY PRICE INGEST
2025-12-23 09:09:07,756 | INFO | Executor: LINE (EC-004)
2025-12-23 09:09:07,756 | INFO | Authority: CEO_DIRECTIVE_LINE_DAILY_INGEST_ACTIVATION_20251212
2025-12-23 09:09:07,756 | INFO | Time: 2025-12-23T08:09:07.756346+00:00
2025-12-23 09:09:07,756 | INFO | Asset Class Filter: ALL
2025-12-23 09:09:07,756 | INFO | Dry Run: False
2025-12-23 09:09:07,756 | INFO | ======================================================================
2025-12-23 09:09:07,884 | INFO | Found 463 VEGA-attested assets
2025-12-23 09:09:07,884 | INFO | 
============================================================
2025-12-23 09:09:07,884 | INFO | Processing CRYPTO: 45 assets
2025-12-23 09:09:07,884 | INFO | Schedule: Daily 01:00 UTC
2025-12-23 09:09:07,884 | INFO | ============================================================
2025-12-23 09:09:07,884 | INFO | 
  Batch 1/2 (25 assets)
2025-12-23 09:09:07,915 | INFO |   Batch complete, waiting 60s...
2025-12-23 09:10:07,917 | INFO | 
  Batch 2/2 (20 assets)
2025-12-23 09:10:07,955 | INFO | 
============================================================
2025-12-23 09:10:07,955 | INFO | Processing EQUITY: 394 assets
2025-12-23 09:10:07,955 | INFO | Schedule: Weekdays 22:00 UTC
2025-12-23 09:10:07,955 | INFO | ============================================================
2025-12-23 09:10:07,955 | INFO | 
  Batch 1/16 (25 assets)
2025-12-23 09:10:09,335 | INFO |     [1COV.DE] +1 rows
2025-12-23 09:10:12,457 | INFO |     [ABBV] +1 rows
2025-12-23 09:10:15,554 | INFO |     [ABNB] +1 rows
2025-12-23 09:10:18,697 | INFO |     [ABT] +1 rows
2025-12-23 09:10:21,842 | INFO |     [ACA.PA] +1 rows
2025-12-23 09:10:24,984 | INFO |     [ADBE] +1 rows
2025-12-23 09:10:28,136 | INFO |     [ADI] +1 rows
2025-12-23 09:10:31,339 | INFO |     [ADS.DE] +1 rows
2025-12-23 09:10:34,455 | INFO |     [ADSK] +1 rows
2025-12-23 09:10:37,635 | INFO |     [AEP] +1 rows
2025-12-23 09:10:40,778 | INFO |     [AFL] +1 rows
2025-12-23 09:10:43,979 | INFO |     [AI.PA] +1 rows
2025-12-23 09:10:47,160 | INFO |     [AIG] +1 rows
2025-12-23 09:10:50,287 | INFO |     [AIR.DE] +1 rows
2025-12-23 09:10:53,441 | INFO |     [AIR.PA] +1 rows
2025-12-23 09:10:56,543 | INFO |     [AKAM] +1 rows
2025-12-23 09:10:59,691 | INFO |     [AKER.OL] +1 rows
2025-12-23 09:11:02,898 | INFO |     [AKRBP.OL] +1 rows
2025-12-23 09:11:06,043 | INFO |     [AKSO.OL] +1 rows
2025-12-23 09:11:09,177 | INFO |     [AKVA.OL] +1 rows
2025-12-23 09:11:12,355 | INFO |     [ALB] +1 rows
2025-12-23 09:11:15,498 | INFO |     [ALL] +1 rows
2025-12-23 09:11:18,703 | INFO |     [ALO.PA] +1 rows
2025-12-23 09:11:21,868 | INFO |     [ALV.DE] +1 rows
2025-12-23 09:11:25,038 | INFO |     [AMAT] +1 rows
2025-12-23 09:11:28,040 | INFO |   Batch complete, waiting 60s...
2025-12-23 09:12:28,041 | INFO | 
  Batch 2/16 (25 assets)
2025-12-23 09:12:28,139 | INFO |     [AMD] +1 rows
2025-12-23 09:12:31,254 | INFO |     [AMGN] +1 rows
2025-12-23 09:12:34,401 | INFO |     [AMT] +1 rows
2025-12-23 09:12:37,594 | INFO |     [AON] +1 rows
2025-12-23 09:12:40,804 | INFO |     [APD] +1 rows
2025-12-23 09:12:43,939 | INFO |     [ATO.PA] +1 rows
2025-12-23 09:12:47,088 | INFO |     [AUSS.OL] +1 rows
2025-12-23 09:12:50,227 | INFO |     [AUTO.OL] +1 rows
2025-12-23 09:12:53,425 | INFO |     [AV.L] +1 rows
2025-12-23 09:12:56,592 | INFO |     [AVB] +1 rows
2025-12-23 09:12:59,727 | INFO |     [AVGO] +1 rows
2025-12-23 09:13:02,850 | INFO |     [AWK] +1 rows
2025-12-23 09:13:05,990 | INFO |     [AXP] +1 rows
2025-12-23 09:13:09,159 | INFO |     [AZN.L] +1 rows
2025-12-23 09:13:12,290 | INFO |     [AZO] +1 rows
2025-12-23 09:13:15,514 | INFO |     [BA] +1 rows
2025-12-23 09:13:18,668 | INFO |     [BA.L] +1 rows
2025-12-23 09:13:21,819 | INFO |     [BAC] +1 rows
2025-12-23 09:13:24,967 | INFO |     [BAKKA.OL] +1 rows
2025-12-23 09:13:28,141 | INFO |     [BARC.L] +1 rows
2025-12-23 09:13:31,278 | INFO |     [BAS.DE] +1 rows
2025-12-23 09:13:34,433 | INFO |     [BATS.L] +1 rows
2025-12-23 09:13:37,557 | INFO |     [BAYN.DE] +1 rows
2025-12-23 09:13:40,696 | INFO |     [BEI.DE] +1 rows
2025-12-23 09:13:43,813 | INFO |     [BEWI.OL] +1 rows
2025-12-23 09:13:46,823 | INFO |   Batch complete, waiting 60s...
