2026-01-16 22:35:11,849 | INFO | ======================================================================
2026-01-16 22:35:11,849 | INFO | IoS-001 DAILY PRICE INGEST
2026-01-16 22:35:11,849 | INFO | Executor: LINE (EC-004)
2026-01-16 22:35:11,849 | INFO | Authority: CEO_DIRECTIVE_LINE_DAILY_INGEST_ACTIVATION_20251212
2026-01-16 22:35:11,849 | INFO | Time: 2026-01-16T21:35:11.849318+00:00
2026-01-16 22:35:11,849 | INFO | Asset Class Filter: ALL
2026-01-16 22:35:11,849 | INFO | Dry Run: False
2026-01-16 22:35:11,849 | INFO | ======================================================================
2026-01-16 22:35:12,220 | INFO | Found 491 VEGA-attested assets
2026-01-16 22:35:12,220 | INFO | 
============================================================
2026-01-16 22:35:12,223 | INFO | Processing CRYPTO: 46 assets
2026-01-16 22:35:12,223 | INFO | Schedule: Daily 01:00 UTC
2026-01-16 22:35:12,223 | INFO | ============================================================
2026-01-16 22:35:12,223 | INFO | 
  Batch 1/2 (25 assets)
2026-01-16 22:35:15,866 | WARNING |   [GRT-USD] Fetch error: Too Many Requests. Rate limited. Try after a while.
2026-01-16 22:35:18,881 | INFO |   Batch complete, waiting 60s...
2026-01-16 22:36:18,887 | INFO | 
  Batch 2/2 (21 assets)
2026-01-16 22:36:20,691 | WARNING |   [UNI-USD] Fetch error: Too Many Requests. Rate limited. Try after a while.
2026-01-16 22:36:23,713 | INFO | 
============================================================
2026-01-16 22:36:23,713 | INFO | Processing EQUITY: 421 assets
2026-01-16 22:36:23,713 | INFO | Schedule: Weekdays 22:00 UTC
2026-01-16 22:36:23,713 | INFO | ============================================================
2026-01-16 22:36:23,713 | INFO | 
  Batch 1/17 (25 assets)
2026-01-16 22:36:24,667 | WARNING |   [1COV.DE] Fetch error: Too Many Requests. Rate limited. Try after a while.
2026-01-16 22:36:27,702 | INFO |   Batch complete, waiting 60s...
2026-01-16 22:37:27,711 | INFO | 
  Batch 2/17 (25 assets)
2026-01-16 22:37:27,755 | INFO |   Batch complete, waiting 60s...
2026-01-16 22:38:27,762 | INFO | 
  Batch 3/17 (25 assets)
2026-01-16 22:38:30,982 | WARNING |   [BRK.B] Fetch error: Too Many Requests. Rate limited. Try after a while.
2026-01-16 22:38:35,411 | WARNING |   [BT.A.L] Fetch error: Too Many Requests. Rate limited. Try after a while.
2026-01-16 22:38:38,435 | INFO |   Batch complete, waiting 60s...
2026-01-16 22:39:38,439 | INFO | 
  Batch 4/17 (25 assets)
2026-01-16 22:39:38,485 | INFO |   Batch complete, waiting 60s...
