2026-02-04 04:32:05,936 | INFO | ======================================================================
2026-02-04 04:32:05,936 | INFO | IoS-001 DAILY PRICE INGEST
2026-02-04 04:32:05,936 | INFO | Executor: LINE (EC-004)
2026-02-04 04:32:05,936 | INFO | Authority: CEO_DIRECTIVE_LINE_DAILY_INGEST_ACTIVATION_20251212
2026-02-04 04:32:05,936 | INFO | Time: 2026-02-04T03:32:05.936902+00:00
2026-02-04 04:32:05,936 | INFO | Asset Class Filter: ALL
2026-02-04 04:32:05,936 | INFO | Dry Run: False
2026-02-04 04:32:05,936 | INFO | ======================================================================
2026-02-04 04:32:06,250 | INFO | Found 491 VEGA-attested assets
2026-02-04 04:32:06,250 | INFO | 
============================================================
2026-02-04 04:32:06,250 | INFO | Processing CRYPTO: 46 assets
2026-02-04 04:32:06,250 | INFO | Schedule: Daily 01:00 UTC
2026-02-04 04:32:06,250 | INFO | ============================================================
2026-02-04 04:32:06,250 | INFO | 
  Batch 1/2 (25 assets)
2026-02-04 04:32:09,080 | WARNING |   [GRT-USD] Fetch error: Too Many Requests. Rate limited. Try after a while.
2026-02-04 04:32:12,104 | INFO |   Batch complete, waiting 60s...
2026-02-04 04:33:12,108 | INFO | 
  Batch 2/2 (21 assets)
2026-02-04 04:33:13,565 | WARNING |   [UNI-USD] Fetch error: Too Many Requests. Rate limited. Try after a while.
2026-02-04 04:33:16,584 | INFO | 
============================================================
2026-02-04 04:33:16,584 | INFO | Processing EQUITY: 421 assets
2026-02-04 04:33:16,584 | INFO | Schedule: Weekdays 22:00 UTC
2026-02-04 04:33:16,584 | INFO | ============================================================
2026-02-04 04:33:16,584 | INFO | 
  Batch 1/17 (25 assets)
2026-02-04 04:33:17,658 | WARNING |   [1COV.DE] Fetch error: Too Many Requests. Rate limited. Try after a while.
2026-02-04 04:33:21,633 | WARNING |   [ABBV] Fetch error: Too Many Requests. Rate limited. Try after a while.
2026-02-04 04:33:25,949 | WARNING |   [ABNB] Fetch error: Too Many Requests. Rate limited. Try after a while.
2026-02-04 04:33:29,930 | WARNING |   [ABT] Fetch error: Too Many Requests. Rate limited. Try after a while.
2026-02-04 04:33:34,064 | WARNING |   [ACA.PA] Fetch error: Too Many Requests. Rate limited. Try after a while.
2026-02-04 04:33:38,103 | WARNING |   [ADBE] Fetch error: Too Many Requests. Rate limited. Try after a while.
2026-02-04 04:33:41,997 | WARNING |   [ADI] Fetch error: Too Many Requests. Rate limited. Try after a while.
2026-02-04 04:33:46,073 | WARNING |   [ADS.DE] Fetch error: Too Many Requests. Rate limited. Try after a while.
2026-02-04 04:33:50,304 | WARNING |   [ADSK] Fetch error: Too Many Requests. Rate limited. Try after a while.
2026-02-04 04:33:54,225 | WARNING |   [AEP] Fetch error: Too Many Requests. Rate limited. Try after a while.
2026-02-04 04:33:58,331 | WARNING |   [AFL] Fetch error: Too Many Requests. Rate limited. Try after a while.
2026-02-04 04:34:02,250 | WARNING |   [AI.PA] Fetch error: Too Many Requests. Rate limited. Try after a while.
2026-02-04 04:34:06,566 | WARNING |   [AIG] Fetch error: Too Many Requests. Rate limited. Try after a while.
2026-02-04 04:34:10,567 | WARNING |   [AIR.DE] Fetch error: Too Many Requests. Rate limited. Try after a while.
2026-02-04 04:34:14,605 | WARNING |   [AIR.PA] Fetch error: Too Many Requests. Rate limited. Try after a while.
2026-02-04 04:34:18,829 | WARNING |   [AKAM] Fetch error: Too Many Requests. Rate limited. Try after a while.
2026-02-04 04:34:22,739 | WARNING |   [AKER.OL] Fetch error: Too Many Requests. Rate limited. Try after a while.
2026-02-04 04:34:26,941 | WARNING |   [AKRBP.OL] Fetch error: Too Many Requests. Rate limited. Try after a while.
2026-02-04 04:34:31,220 | WARNING |   [AKSO.OL] Fetch error: Too Many Requests. Rate limited. Try after a while.
2026-02-04 04:34:35,332 | WARNING |   [AKVA.OL] Fetch error: Too Many Requests. Rate limited. Try after a while.
2026-02-04 04:34:39,374 | WARNING |   [ALB] Fetch error: Too Many Requests. Rate limited. Try after a while.
2026-02-04 04:34:43,328 | WARNING |   [ALL] Fetch error: Too Many Requests. Rate limited. Try after a while.
2026-02-04 04:34:47,230 | WARNING |   [ALO.PA] Fetch error: Too Many Requests. Rate limited. Try after a while.
2026-02-04 04:34:51,176 | WARNING |   [ALV.DE] Fetch error: Too Many Requests. Rate limited. Try after a while.
2026-02-04 04:34:55,164 | WARNING |   [AMAT] Fetch error: Too Many Requests. Rate limited. Try after a while.
2026-02-04 04:34:58,168 | INFO |   Batch complete, waiting 60s...
2026-02-04 04:35:58,171 | INFO | 
  Batch 2/17 (25 assets)
2026-02-04 04:35:59,760 | WARNING |   [AMD] Fetch error: Too Many Requests. Rate limited. Try after a while.
2026-02-04 04:36:03,822 | WARNING |   [AMGN] Fetch error: Too Many Requests. Rate limited. Try after a while.
2026-02-04 04:36:07,966 | WARNING |   [AMT] Fetch error: Too Many Requests. Rate limited. Try after a while.
2026-02-04 04:36:11,981 | WARNING |   [AMZN] Fetch error: Too Many Requests. Rate limited. Try after a while.
2026-02-04 04:36:16,002 | WARNING |   [AON] Fetch error: Too Many Requests. Rate limited. Try after a while.
2026-02-04 04:36:19,919 | WARNING |   [APD] Fetch error: Too Many Requests. Rate limited. Try after a while.
2026-02-04 04:36:23,950 | WARNING |   [ASML] Fetch error: Too Many Requests. Rate limited. Try after a while.
2026-02-04 04:36:27,838 | WARNING |   [ATO.PA] Fetch error: Too Many Requests. Rate limited. Try after a while.
2026-02-04 04:36:31,744 | WARNING |   [AUSS.OL] Fetch error: Too Many Requests. Rate limited. Try after a while.
2026-02-04 04:36:35,633 | WARNING |   [AUTO.OL] Fetch error: Too Many Requests. Rate limited. Try after a while.
2026-02-04 04:36:39,771 | WARNING |   [AV.L] Fetch error: Too Many Requests. Rate limited. Try after a while.
2026-02-04 04:36:43,723 | WARNING |   [AVB] Fetch error: Too Many Requests. Rate limited. Try after a while.
2026-02-04 04:36:47,744 | WARNING |   [AVGO] Fetch error: Too Many Requests. Rate limited. Try after a while.
2026-02-04 04:36:52,003 | WARNING |   [AWK] Fetch error: Too Many Requests. Rate limited. Try after a while.
2026-02-04 04:36:55,910 | WARNING |   [AXP] Fetch error: Too Many Requests. Rate limited. Try after a while.
2026-02-04 04:36:59,857 | WARNING |   [AZN.L] Fetch error: Too Many Requests. Rate limited. Try after a while.
2026-02-04 04:37:03,743 | WARNING |   [AZO] Fetch error: Too Many Requests. Rate limited. Try after a while.
