2026-01-25 03:00:20,025 | INFO | ======================================================================
2026-01-25 03:00:20,025 | INFO | IoS-001 DAILY PRICE INGEST
2026-01-25 03:00:20,025 | INFO | Executor: LINE (EC-004)
2026-01-25 03:00:20,025 | INFO | Authority: CEO_DIRECTIVE_LINE_DAILY_INGEST_ACTIVATION_20251212
2026-01-25 03:00:20,025 | INFO | Time: 2026-01-25T02:00:20.025091+00:00
2026-01-25 03:00:20,025 | INFO | Asset Class Filter: ALL
2026-01-25 03:00:20,025 | INFO | Dry Run: False
2026-01-25 03:00:20,025 | INFO | ======================================================================
2026-01-25 03:00:20,297 | INFO | Found 491 VEGA-attested assets
2026-01-25 03:00:20,297 | INFO | 
============================================================
2026-01-25 03:00:20,297 | INFO | Processing CRYPTO: 46 assets
2026-01-25 03:00:20,297 | INFO | Schedule: Daily 01:00 UTC
2026-01-25 03:00:20,297 | INFO | ============================================================
2026-01-25 03:00:20,297 | INFO | 
  Batch 1/2 (25 assets)
2026-01-25 03:00:23,840 | WARNING |   [ADA-USD] Fetch error: Too Many Requests. Rate limited. Try after a while.
2026-01-25 03:00:27,958 | WARNING |   [ALGO-USD] Fetch error: Too Many Requests. Rate limited. Try after a while.
2026-01-25 03:00:31,973 | WARNING |   [ATOM-USD] Fetch error: Too Many Requests. Rate limited. Try after a while.
2026-01-25 03:00:36,276 | WARNING |   [AVAX-USD] Fetch error: Too Many Requests. Rate limited. Try after a while.
2026-01-25 03:00:40,200 | WARNING |   [AXS-USD] Fetch error: Too Many Requests. Rate limited. Try after a while.
2026-01-25 03:00:43,942 | WARNING |   [BCH-USD] Fetch error: Too Many Requests. Rate limited. Try after a while.
2026-01-25 03:00:47,666 | WARNING |   [BNB-USD] Fetch error: Too Many Requests. Rate limited. Try after a while.
2026-01-25 03:00:51,770 | WARNING |   [BTC-USD] Fetch error: Too Many Requests. Rate limited. Try after a while.
2026-01-25 03:00:56,142 | WARNING |   [CHZ-USD] Fetch error: Too Many Requests. Rate limited. Try after a while.
2026-01-25 03:01:00,270 | WARNING |   [CRO-USD] Fetch error: Too Many Requests. Rate limited. Try after a while.
2026-01-25 03:01:04,409 | WARNING |   [CRV-USD] Fetch error: Too Many Requests. Rate limited. Try after a while.
2026-01-25 03:01:08,774 | WARNING |   [DOT-USD] Fetch error: Too Many Requests. Rate limited. Try after a while.
2026-01-25 03:01:13,088 | WARNING |   [EOS-USD] Fetch error: Too Many Requests. Rate limited. Try after a while.
2026-01-25 03:01:17,080 | WARNING |   [ETC-USD] Fetch error: Too Many Requests. Rate limited. Try after a while.
2026-01-25 03:01:21,090 | WARNING |   [ETH-USD] Fetch error: Too Many Requests. Rate limited. Try after a while.
2026-01-25 03:01:25,219 | WARNING |   [FIL-USD] Fetch error: Too Many Requests. Rate limited. Try after a while.
2026-01-25 03:01:29,491 | WARNING |   [FLOW-USD] Fetch error: Too Many Requests. Rate limited. Try after a while.
2026-01-25 03:01:33,484 | WARNING |   [GRT-USD] Fetch error: Too Many Requests. Rate limited. Try after a while.
2026-01-25 03:01:38,419 | WARNING |   [HBAR-USD] Fetch error: Too Many Requests. Rate limited. Try after a while.
2026-01-25 03:01:42,400 | WARNING |   [ICP-USD] Fetch error: Too Many Requests. Rate limited. Try after a while.
2026-01-25 03:01:46,523 | WARNING |   [INJ-USD] Fetch error: Too Many Requests. Rate limited. Try after a while.
2026-01-25 03:01:50,671 | WARNING |   [LDO-USD] Fetch error: Too Many Requests. Rate limited. Try after a while.
2026-01-25 03:01:54,414 | WARNING |   [LINK-USD] Fetch error: Too Many Requests. Rate limited. Try after a while.
2026-01-25 03:01:58,526 | WARNING |   [LTC-USD] Fetch error: Too Many Requests. Rate limited. Try after a while.
2026-01-25 03:02:01,529 | INFO |   Batch complete, waiting 60s...
2026-01-25 03:03:01,530 | INFO | 
  Batch 2/2 (21 assets)
2026-01-25 03:03:03,352 | WARNING |   [MANA-USD] Fetch error: Too Many Requests. Rate limited. Try after a while.
2026-01-25 03:03:07,578 | WARNING |   [MKR-USD] Fetch error: Too Many Requests. Rate limited. Try after a while.
2026-01-25 03:03:11,490 | WARNING |   [NEAR-USD] Fetch error: Too Many Requests. Rate limited. Try after a while.
2026-01-25 03:03:15,718 | WARNING |   [OKB-USD] Fetch error: Too Many Requests. Rate limited. Try after a while.
2026-01-25 03:03:19,817 | WARNING |   [QNT-USD] Fetch error: Too Many Requests. Rate limited. Try after a while.
2026-01-25 03:03:23,910 | WARNING |   [RPL-USD] Fetch error: Too Many Requests. Rate limited. Try after a while.
2026-01-25 03:03:27,881 | WARNING |   [RUNE-USD] Fetch error: Too Many Requests. Rate limited. Try after a while.
2026-01-25 03:03:31,999 | WARNING |   [SAND-USD] Fetch error: Too Many Requests. Rate limited. Try after a while.
2026-01-25 03:03:36,233 | WARNING |   [SHIB-USD] Fetch error: Too Many Requests. Rate limited. Try after a while.
2026-01-25 03:03:40,208 | WARNING |   [SNX-USD] Fetch error: Too Many Requests. Rate limited. Try after a while.
2026-01-25 03:03:44,461 | WARNING |   [SOL-USD] Fetch error: Too Many Requests. Rate limited. Try after a while.
2026-01-25 03:03:48,619 | WARNING |   [THETA-USD] Fetch error: Too Many Requests. Rate limited. Try after a while.
2026-01-25 03:03:54,402 | WARNING |   [TRX-USD] Fetch error: Too Many Requests. Rate limited. Try after a while.
2026-01-25 03:03:58,464 | WARNING |   [UNI-USD] Fetch error: Too Many Requests. Rate limited. Try after a while.
2026-01-25 03:04:02,820 | WARNING |   [VET-USD] Fetch error: Too Many Requests. Rate limited. Try after a while.
2026-01-25 03:04:07,071 | WARNING |   [XLM-USD] Fetch error: Too Many Requests. Rate limited. Try after a while.
2026-01-25 03:04:11,254 | WARNING |   [XMR-USD] Fetch error: Too Many Requests. Rate limited. Try after a while.
2026-01-25 03:04:15,189 | WARNING |   [XTZ-USD] Fetch error: Too Many Requests. Rate limited. Try after a while.
2026-01-25 03:04:19,361 | WARNING |   [ZEC-USD] Fetch error: Too Many Requests. Rate limited. Try after a while.
2026-01-25 03:04:23,337 | WARNING |   [AAVE-USD] Fetch error: Too Many Requests. Rate limited. Try after a while.
2026-01-25 03:04:26,340 | INFO | 
============================================================
2026-01-25 03:04:26,340 | INFO | Processing EQUITY: 421 assets
2026-01-25 03:04:26,341 | INFO | Schedule: Weekdays 22:00 UTC
2026-01-25 03:04:26,341 | INFO | ============================================================
2026-01-25 03:04:26,341 | INFO |   Market closed for EQUITY today, skipping
2026-01-25 03:04:26,342 | INFO | 
============================================================
2026-01-25 03:04:26,342 | INFO | Processing FX: 24 assets
2026-01-25 03:04:26,343 | INFO | Schedule: Sun-Thu 22:00 UTC
2026-01-25 03:04:26,343 | INFO | ============================================================
2026-01-25 03:04:26,343 | INFO | 
  Batch 1/1 (24 assets)
2026-01-25 03:04:27,470 | WARNING |   [AUDJPY=X] Fetch error: Too Many Requests. Rate limited. Try after a while.
2026-01-25 03:04:31,641 | WARNING |   [AUDUSD=X] Fetch error: Too Many Requests. Rate limited. Try after a while.
2026-01-25 03:04:35,930 | WARNING |   [CADJPY=X] Fetch error: Too Many Requests. Rate limited. Try after a while.
2026-01-25 03:04:39,985 | WARNING |   [CHFJPY=X] Fetch error: Too Many Requests. Rate limited. Try after a while.
2026-01-25 03:04:43,949 | WARNING |   [EURAUD=X] Fetch error: Too Many Requests. Rate limited. Try after a while.
2026-01-25 03:04:48,118 | WARNING |   [EURCHF=X] Fetch error: Too Many Requests. Rate limited. Try after a while.
2026-01-25 03:04:52,389 | WARNING |   [EURGBP=X] Fetch error: Too Many Requests. Rate limited. Try after a while.
2026-01-25 03:04:56,421 | WARNING |   [EURJPY=X] Fetch error: Too Many Requests. Rate limited. Try after a while.
2026-01-25 03:05:00,150 | WARNING |   [EURNOK=X] Fetch error: Too Many Requests. Rate limited. Try after a while.
2026-01-25 03:05:04,424 | WARNING |   [EURSEK=X] Fetch error: Too Many Requests. Rate limited. Try after a while.
2026-01-25 03:05:08,684 | WARNING |   [EURUSD=X] Fetch error: Too Many Requests. Rate limited. Try after a while.
2026-01-25 03:05:12,785 | WARNING |   [GBPJPY=X] Fetch error: Too Many Requests. Rate limited. Try after a while.
2026-01-25 03:05:16,913 | WARNING |   [GBPUSD=X] Fetch error: Too Many Requests. Rate limited. Try after a while.
