2026-01-29 07:04:57,054 | INFO | ======================================================================
2026-01-29 07:04:57,054 | INFO | IoS-001 DAILY PRICE INGEST
2026-01-29 07:04:57,054 | INFO | Executor: LINE (EC-004)
2026-01-29 07:04:57,054 | INFO | Authority: CEO_DIRECTIVE_LINE_DAILY_INGEST_ACTIVATION_20251212
2026-01-29 07:04:57,054 | INFO | Time: 2026-01-29T06:04:57.054366+00:00
2026-01-29 07:04:57,054 | INFO | Asset Class Filter: ALL
2026-01-29 07:04:57,054 | INFO | Dry Run: False
2026-01-29 07:04:57,054 | INFO | ======================================================================
2026-01-29 07:04:57,678 | INFO | Found 491 VEGA-attested assets
2026-01-29 07:04:57,678 | INFO | 
============================================================
2026-01-29 07:04:57,678 | INFO | Processing CRYPTO: 46 assets
2026-01-29 07:04:57,678 | INFO | Schedule: Daily 01:00 UTC
2026-01-29 07:04:57,678 | INFO | ============================================================
2026-01-29 07:04:57,678 | INFO | 
  Batch 1/2 (25 assets)
2026-01-29 07:05:02,078 | WARNING |   [GRT-USD] Fetch error: Too Many Requests. Rate limited. Try after a while.
2026-01-29 07:05:05,149 | INFO |   Batch complete, waiting 60s...
2026-01-29 07:06:05,157 | INFO | 
  Batch 2/2 (21 assets)
2026-01-29 07:06:07,334 | WARNING |   [UNI-USD] Fetch error: Too Many Requests. Rate limited. Try after a while.
2026-01-29 07:06:10,357 | INFO | 
============================================================
2026-01-29 07:06:10,357 | INFO | Processing EQUITY: 421 assets
2026-01-29 07:06:10,357 | INFO | Schedule: Weekdays 22:00 UTC
2026-01-29 07:06:10,357 | INFO | ============================================================
2026-01-29 07:06:10,357 | INFO | 
  Batch 1/17 (25 assets)
2026-01-29 07:06:11,825 | WARNING |   [1COV.DE] Fetch error: Too Many Requests. Rate limited. Try after a while.
2026-01-29 07:06:16,243 | WARNING |   [ABBV] Fetch error: Too Many Requests. Rate limited. Try after a while.
2026-01-29 07:06:20,658 | WARNING |   [ABNB] Fetch error: Too Many Requests. Rate limited. Try after a while.
2026-01-29 07:06:25,016 | WARNING |   [ABT] Fetch error: Too Many Requests. Rate limited. Try after a while.
2026-01-29 07:06:29,362 | WARNING |   [ACA.PA] Fetch error: Too Many Requests. Rate limited. Try after a while.
2026-01-29 07:06:33,799 | WARNING |   [ADBE] Fetch error: Too Many Requests. Rate limited. Try after a while.
2026-01-29 07:06:38,093 | WARNING |   [ADI] Fetch error: Too Many Requests. Rate limited. Try after a while.
2026-01-29 07:06:42,437 | WARNING |   [ADS.DE] Fetch error: Too Many Requests. Rate limited. Try after a while.
2026-01-29 07:06:46,635 | WARNING |   [ADSK] Fetch error: Too Many Requests. Rate limited. Try after a while.
2026-01-29 07:06:51,054 | WARNING |   [AEP] Fetch error: Too Many Requests. Rate limited. Try after a while.
2026-01-29 07:06:55,342 | WARNING |   [AFL] Fetch error: Too Many Requests. Rate limited. Try after a while.
2026-01-29 07:06:59,607 | WARNING |   [AI.PA] Fetch error: Too Many Requests. Rate limited. Try after a while.
2026-01-29 07:07:03,867 | WARNING |   [AIG] Fetch error: Too Many Requests. Rate limited. Try after a while.
2026-01-29 07:07:08,222 | WARNING |   [AIR.DE] Fetch error: Too Many Requests. Rate limited. Try after a while.
2026-01-29 07:07:12,475 | WARNING |   [AIR.PA] Fetch error: Too Many Requests. Rate limited. Try after a while.
2026-01-29 07:07:16,854 | WARNING |   [AKAM] Fetch error: Too Many Requests. Rate limited. Try after a while.
2026-01-29 07:07:21,091 | WARNING |   [AKER.OL] Fetch error: Too Many Requests. Rate limited. Try after a while.
2026-01-29 07:07:25,846 | WARNING |   [AKRBP.OL] Fetch error: Too Many Requests. Rate limited. Try after a while.
2026-01-29 07:07:30,001 | WARNING |   [AKSO.OL] Fetch error: Too Many Requests. Rate limited. Try after a while.
2026-01-29 07:07:34,204 | WARNING |   [AKVA.OL] Fetch error: Too Many Requests. Rate limited. Try after a while.
2026-01-29 07:07:38,648 | WARNING |   [ALB] Fetch error: Too Many Requests. Rate limited. Try after a while.
2026-01-29 07:07:42,815 | WARNING |   [ALL] Fetch error: Too Many Requests. Rate limited. Try after a while.
2026-01-29 07:07:47,011 | WARNING |   [ALO.PA] Fetch error: Too Many Requests. Rate limited. Try after a while.
2026-01-29 07:07:51,315 | WARNING |   [ALV.DE] Fetch error: Too Many Requests. Rate limited. Try after a while.
2026-01-29 07:07:55,820 | WARNING |   [AMAT] Fetch error: Too Many Requests. Rate limited. Try after a while.
2026-01-29 07:07:58,821 | INFO |   Batch complete, waiting 60s...
2026-01-29 07:08:58,822 | INFO | 
  Batch 2/17 (25 assets)
2026-01-29 07:09:00,616 | WARNING |   [AMD] Fetch error: Too Many Requests. Rate limited. Try after a while.
2026-01-29 07:09:04,682 | WARNING |   [AMGN] Fetch error: Too Many Requests. Rate limited. Try after a while.
2026-01-29 07:09:08,804 | WARNING |   [AMT] Fetch error: Too Many Requests. Rate limited. Try after a while.
2026-01-29 07:09:12,887 | WARNING |   [AMZN] Fetch error: Too Many Requests. Rate limited. Try after a while.
2026-01-29 07:09:17,060 | WARNING |   [AON] Fetch error: Too Many Requests. Rate limited. Try after a while.
2026-01-29 07:09:21,310 | WARNING |   [APD] Fetch error: Too Many Requests. Rate limited. Try after a while.
2026-01-29 07:09:25,498 | WARNING |   [ASML] Fetch error: Too Many Requests. Rate limited. Try after a while.
2026-01-29 07:09:29,893 | WARNING |   [ATO.PA] Fetch error: Too Many Requests. Rate limited. Try after a while.
2026-01-29 07:09:34,305 | WARNING |   [AUSS.OL] Fetch error: Too Many Requests. Rate limited. Try after a while.
2026-01-29 07:09:38,476 | WARNING |   [AUTO.OL] Fetch error: Too Many Requests. Rate limited. Try after a while.
2026-01-29 07:09:42,841 | WARNING |   [AV.L] Fetch error: Too Many Requests. Rate limited. Try after a while.
2026-01-29 07:09:47,049 | WARNING |   [AVB] Fetch error: Too Many Requests. Rate limited. Try after a while.
2026-01-29 07:09:51,687 | WARNING |   [AVGO] Fetch error: Too Many Requests. Rate limited. Try after a while.
