2026-01-13 17:08:38,824 | INFO | ======================================================================
2026-01-13 17:08:38,825 | INFO | IoS-001 DAILY PRICE INGEST
2026-01-13 17:08:38,825 | INFO | Executor: LINE (EC-004)
2026-01-13 17:08:38,825 | INFO | Authority: CEO_DIRECTIVE_LINE_DAILY_INGEST_ACTIVATION_20251212
2026-01-13 17:08:38,826 | INFO | Time: 2026-01-13T16:08:38.826355+00:00
2026-01-13 17:08:38,826 | INFO | Asset Class Filter: ALL
2026-01-13 17:08:38,827 | INFO | Dry Run: False
2026-01-13 17:08:38,827 | INFO | ======================================================================
2026-01-13 17:08:39,216 | INFO | Found 491 VEGA-attested assets
2026-01-13 17:08:39,217 | INFO | 
============================================================
2026-01-13 17:08:39,217 | INFO | Processing CRYPTO: 46 assets
2026-01-13 17:08:39,217 | INFO | Schedule: Daily 01:00 UTC
2026-01-13 17:08:39,217 | INFO | ============================================================
2026-01-13 17:08:39,217 | INFO | 
  Batch 1/2 (25 assets)
2026-01-13 17:08:43,720 | WARNING |   [GRT-USD] Fetch error: Too Many Requests. Rate limited. Try after a while.
2026-01-13 17:08:46,737 | INFO |   Batch complete, waiting 60s...
2026-01-13 17:09:46,738 | INFO | 
  Batch 2/2 (21 assets)
2026-01-13 17:09:49,481 | WARNING |   [UNI-USD] Fetch error: Too Many Requests. Rate limited. Try after a while.
2026-01-13 17:09:52,502 | INFO | 
============================================================
2026-01-13 17:09:52,502 | INFO | Processing EQUITY: 421 assets
2026-01-13 17:09:52,502 | INFO | Schedule: Weekdays 22:00 UTC
2026-01-13 17:09:52,502 | INFO | ============================================================
2026-01-13 17:09:52,503 | INFO | 
  Batch 1/17 (25 assets)
2026-01-13 17:09:53,943 | WARNING |   [1COV.DE] Fetch error: Too Many Requests. Rate limited. Try after a while.
2026-01-13 17:09:57,867 | WARNING |   [ABBV] Fetch error: Too Many Requests. Rate limited. Try after a while.
2026-01-13 17:10:02,288 | WARNING |   [ABNB] Fetch error: Too Many Requests. Rate limited. Try after a while.
2026-01-13 17:10:06,457 | WARNING |   [ABT] Fetch error: Too Many Requests. Rate limited. Try after a while.
2026-01-13 17:10:10,453 | WARNING |   [ADBE] Fetch error: Too Many Requests. Rate limited. Try after a while.
2026-01-13 17:10:14,942 | WARNING |   [ADI] Fetch error: Too Many Requests. Rate limited. Try after a while.
2026-01-13 17:10:19,190 | WARNING |   [ADSK] Fetch error: Too Many Requests. Rate limited. Try after a while.
2026-01-13 17:10:23,093 | WARNING |   [AEP] Fetch error: Too Many Requests. Rate limited. Try after a while.
2026-01-13 17:10:27,365 | WARNING |   [AFL] Fetch error: Too Many Requests. Rate limited. Try after a while.
2026-01-13 17:10:31,757 | WARNING |   [AIG] Fetch error: Too Many Requests. Rate limited. Try after a while.
2026-01-13 17:10:35,890 | WARNING |   [AKAM] Fetch error: Too Many Requests. Rate limited. Try after a while.
2026-01-13 17:10:40,482 | WARNING |   [ALB] Fetch error: Too Many Requests. Rate limited. Try after a while.
2026-01-13 17:10:45,032 | WARNING |   [ALL] Fetch error: Too Many Requests. Rate limited. Try after a while.
2026-01-13 17:10:49,397 | WARNING |   [AMAT] Fetch error: Too Many Requests. Rate limited. Try after a while.
2026-01-13 17:10:52,398 | INFO |   Batch complete, waiting 60s...
2026-01-13 17:11:52,399 | INFO | 
  Batch 2/17 (25 assets)
2026-01-13 17:11:55,056 | WARNING |   [AMD] Fetch error: Too Many Requests. Rate limited. Try after a while.
2026-01-13 17:11:59,850 | WARNING |   [AMGN] Fetch error: Too Many Requests. Rate limited. Try after a while.
2026-01-13 17:12:03,982 | WARNING |   [AMT] Fetch error: Too Many Requests. Rate limited. Try after a while.
2026-01-13 17:12:08,061 | WARNING |   [AMZN] Fetch error: Too Many Requests. Rate limited. Try after a while.
2026-01-13 17:12:12,344 | WARNING |   [AON] Fetch error: Too Many Requests. Rate limited. Try after a while.
2026-01-13 17:12:17,114 | WARNING |   [APD] Fetch error: Too Many Requests. Rate limited. Try after a while.
2026-01-13 17:12:22,123 | WARNING |   [ASML] Fetch error: Too Many Requests. Rate limited. Try after a while.
2026-01-13 17:12:26,504 | WARNING |   [AVB] Fetch error: Too Many Requests. Rate limited. Try after a while.
2026-01-13 17:12:30,796 | WARNING |   [AVGO] Fetch error: Too Many Requests. Rate limited. Try after a while.
2026-01-13 17:12:35,121 | WARNING |   [AWK] Fetch error: Too Many Requests. Rate limited. Try after a while.
2026-01-13 17:12:39,702 | WARNING |   [AXP] Fetch error: Too Many Requests. Rate limited. Try after a while.
2026-01-13 17:12:43,846 | WARNING |   [AZO] Fetch error: Too Many Requests. Rate limited. Try after a while.
2026-01-13 17:12:48,195 | WARNING |   [BA] Fetch error: Too Many Requests. Rate limited. Try after a while.
2026-01-13 17:12:52,880 | WARNING |   [BAC] Fetch error: Too Many Requests. Rate limited. Try after a while.
2026-01-13 17:12:55,891 | INFO |   Batch complete, waiting 60s...
