2026-02-06 07:25:32,952 | INFO | ======================================================================
2026-02-06 07:25:32,952 | INFO | IoS-001 DAILY PRICE INGEST
2026-02-06 07:25:32,952 | INFO | Executor: LINE (EC-004)
2026-02-06 07:25:32,952 | INFO | Authority: CEO_DIRECTIVE_LINE_DAILY_INGEST_ACTIVATION_20251212
2026-02-06 07:25:32,952 | INFO | Time: 2026-02-06T06:25:32.952342+00:00
2026-02-06 07:25:32,952 | INFO | Asset Class Filter: ALL
2026-02-06 07:25:32,952 | INFO | Dry Run: False
2026-02-06 07:25:32,952 | INFO | ======================================================================
2026-02-06 07:25:33,259 | INFO | Found 491 VEGA-attested assets
2026-02-06 07:25:33,259 | INFO | 
============================================================
2026-02-06 07:25:33,259 | INFO | Processing CRYPTO: 46 assets
2026-02-06 07:25:33,259 | INFO | Schedule: Daily 01:00 UTC
2026-02-06 07:25:33,259 | INFO | ============================================================
2026-02-06 07:25:33,259 | INFO | 
  Batch 1/2 (25 assets)
2026-02-06 07:25:36,420 | WARNING |   [GRT-USD] Fetch error: Too Many Requests. Rate limited. Try after a while.
2026-02-06 07:25:39,482 | INFO |   Batch complete, waiting 60s...
2026-02-06 07:26:39,489 | INFO | 
  Batch 2/2 (21 assets)
2026-02-06 07:26:39,576 | INFO | 
============================================================
2026-02-06 07:26:39,576 | INFO | Processing EQUITY: 421 assets
2026-02-06 07:26:39,576 | INFO | Schedule: Weekdays 22:00 UTC
2026-02-06 07:26:39,576 | INFO | ============================================================
2026-02-06 07:26:39,576 | INFO | 
  Batch 1/17 (25 assets)
2026-02-06 07:26:41,437 | WARNING |   [1COV.DE] Fetch error: Too Many Requests. Rate limited. Try after a while.
2026-02-06 07:26:45,937 | WARNING |   [ABBV] Fetch error: Too Many Requests. Rate limited. Try after a while.
2026-02-06 07:26:50,143 | WARNING |   [ABNB] Fetch error: Too Many Requests. Rate limited. Try after a while.
2026-02-06 07:26:54,257 | WARNING |   [ABT] Fetch error: Too Many Requests. Rate limited. Try after a while.
2026-02-06 07:26:58,211 | WARNING |   [ACA.PA] Fetch error: Too Many Requests. Rate limited. Try after a while.
2026-02-06 07:27:02,103 | WARNING |   [ADBE] Fetch error: Too Many Requests. Rate limited. Try after a while.
2026-02-06 07:27:06,637 | WARNING |   [ADI] Fetch error: Too Many Requests. Rate limited. Try after a while.
2026-02-06 07:27:10,814 | WARNING |   [ADS.DE] Fetch error: Too Many Requests. Rate limited. Try after a while.
2026-02-06 07:27:15,122 | WARNING |   [ADSK] Fetch error: Too Many Requests. Rate limited. Try after a while.
2026-02-06 07:27:19,170 | WARNING |   [AEP] Fetch error: Too Many Requests. Rate limited. Try after a while.
2026-02-06 07:27:23,472 | WARNING |   [AFL] Fetch error: Too Many Requests. Rate limited. Try after a while.
2026-02-06 07:27:27,826 | WARNING |   [AI.PA] Fetch error: Too Many Requests. Rate limited. Try after a while.
2026-02-06 07:27:31,749 | WARNING |   [AIG] Fetch error: Too Many Requests. Rate limited. Try after a while.
2026-02-06 07:27:35,661 | WARNING |   [AIR.DE] Fetch error: Too Many Requests. Rate limited. Try after a while.
2026-02-06 07:27:39,611 | WARNING |   [AIR.PA] Fetch error: Too Many Requests. Rate limited. Try after a while.
2026-02-06 07:27:43,780 | WARNING |   [AKAM] Fetch error: Too Many Requests. Rate limited. Try after a while.
2026-02-06 07:27:47,978 | WARNING |   [AKER.OL] Fetch error: Too Many Requests. Rate limited. Try after a while.
2026-02-06 07:27:52,220 | WARNING |   [AKRBP.OL] Fetch error: Too Many Requests. Rate limited. Try after a while.
2026-02-06 07:27:56,210 | WARNING |   [AKSO.OL] Fetch error: Too Many Requests. Rate limited. Try after a while.
2026-02-06 07:28:00,428 | WARNING |   [AKVA.OL] Fetch error: Too Many Requests. Rate limited. Try after a while.
2026-02-06 07:28:04,466 | WARNING |   [ALB] Fetch error: Too Many Requests. Rate limited. Try after a while.
2026-02-06 07:28:08,707 | WARNING |   [ALL] Fetch error: Too Many Requests. Rate limited. Try after a while.
2026-02-06 07:28:12,787 | WARNING |   [ALO.PA] Fetch error: Too Many Requests. Rate limited. Try after a while.
2026-02-06 07:28:16,710 | WARNING |   [ALV.DE] Fetch error: Too Many Requests. Rate limited. Try after a while.
2026-02-06 07:28:20,682 | WARNING |   [AMAT] Fetch error: Too Many Requests. Rate limited. Try after a while.
2026-02-06 07:28:23,683 | INFO |   Batch complete, waiting 60s...
2026-02-06 07:29:23,684 | INFO | 
  Batch 2/17 (25 assets)
2026-02-06 07:29:25,347 | WARNING |   [AMD] Fetch error: Too Many Requests. Rate limited. Try after a while.
2026-02-06 07:29:29,584 | WARNING |   [AMGN] Fetch error: Too Many Requests. Rate limited. Try after a while.
2026-02-06 07:29:33,491 | WARNING |   [AMT] Fetch error: Too Many Requests. Rate limited. Try after a while.
2026-02-06 07:29:37,462 | WARNING |   [AMZN] Fetch error: Too Many Requests. Rate limited. Try after a while.
2026-02-06 07:29:41,745 | WARNING |   [AON] Fetch error: Too Many Requests. Rate limited. Try after a while.
2026-02-06 07:29:46,146 | WARNING |   [APD] Fetch error: Too Many Requests. Rate limited. Try after a while.
2026-02-06 07:29:50,275 | WARNING |   [ASML] Fetch error: Too Many Requests. Rate limited. Try after a while.
2026-02-06 07:29:54,235 | WARNING |   [ATO.PA] Fetch error: Too Many Requests. Rate limited. Try after a while.
2026-02-06 07:29:58,267 | WARNING |   [AUSS.OL] Fetch error: Too Many Requests. Rate limited. Try after a while.
2026-02-06 07:30:02,594 | WARNING |   [AUTO.OL] Fetch error: Too Many Requests. Rate limited. Try after a while.
2026-02-06 07:30:06,548 | WARNING |   [AV.L] Fetch error: Too Many Requests. Rate limited. Try after a while.
2026-02-06 07:30:10,977 | WARNING |   [AVB] Fetch error: Too Many Requests. Rate limited. Try after a while.
2026-02-06 07:30:14,936 | WARNING |   [AVGO] Fetch error: Too Many Requests. Rate limited. Try after a while.
2026-02-06 07:30:18,944 | WARNING |   [AWK] Fetch error: Too Many Requests. Rate limited. Try after a while.
2026-02-06 07:30:23,073 | WARNING |   [AXP] Fetch error: Too Many Requests. Rate limited. Try after a while.
2026-02-06 07:30:27,276 | WARNING |   [AZN.L] Fetch error: Too Many Requests. Rate limited. Try after a while.
