2026-02-11 23:49:31,639 | INFO | ======================================================================
2026-02-11 23:49:31,639 | INFO | IoS-001 DAILY PRICE INGEST
2026-02-11 23:49:31,639 | INFO | Executor: LINE (EC-004)
2026-02-11 23:49:31,639 | INFO | Authority: CEO_DIRECTIVE_LINE_DAILY_INGEST_ACTIVATION_20251212
2026-02-11 23:49:31,639 | INFO | Amendment: CEO-DIR-2026-119 (Rate Limit Mitigation)
2026-02-11 23:49:31,639 | INFO | Time: 2026-02-11T22:49:31.639218+00:00
2026-02-11 23:49:31,639 | INFO | Asset Class Filter: ALL
2026-02-11 23:49:31,639 | INFO | Batch Mode: True
2026-02-11 23:49:31,639 | INFO | Dry Run: False
2026-02-11 23:49:31,639 | INFO | ======================================================================
2026-02-11 23:49:31,895 | INFO | Found 491 VEGA-attested assets
2026-02-11 23:49:31,895 | INFO | 
============================================================
2026-02-11 23:49:31,895 | INFO | Processing CRYPTO: 46 assets
2026-02-11 23:49:31,895 | INFO | Schedule: Daily 01:00 UTC
2026-02-11 23:49:31,896 | INFO | ============================================================
2026-02-11 23:49:31,896 | INFO |   Using BATCH MODE (CEO-DIR-2026-119)
2026-02-11 23:49:31,896 | INFO | 
  Batch 1/5 (10 tickers)
2026-02-11 23:49:31,996 | INFO |     All assets up to date
2026-02-11 23:49:31,997 | INFO | 
  Batch 2/5 (10 tickers)
2026-02-11 23:49:32,058 | INFO |     Batch download: 1 tickers
2026-02-11 23:49:34,810 | ERROR | 
1 Failed download:
2026-02-11 23:49:34,811 | ERROR | ['GRT-USD']: YFRateLimitError('Too Many Requests. Rate limited. Try after a while.')
2026-02-11 23:49:34,820 | INFO |   Batch complete, waiting 120s...
2026-02-11 23:51:34,822 | INFO | 
  Batch 3/5 (10 tickers)
2026-02-11 23:51:34,895 | INFO |     All assets up to date
2026-02-11 23:51:34,895 | INFO | 
  Batch 4/5 (10 tickers)
2026-02-11 23:51:34,941 | INFO |     All assets up to date
2026-02-11 23:51:34,941 | INFO | 
  Batch 5/5 (6 tickers)
2026-02-11 23:51:34,957 | INFO |     All assets up to date
2026-02-11 23:51:34,957 | INFO | 
============================================================
2026-02-11 23:51:34,957 | INFO | Processing EQUITY: 421 assets
2026-02-11 23:51:34,957 | INFO | Schedule: Weekdays 22:00 UTC
2026-02-11 23:51:34,958 | INFO | ============================================================
2026-02-11 23:51:34,958 | INFO |   Using BATCH MODE (CEO-DIR-2026-119)
2026-02-11 23:51:34,958 | INFO | 
  Batch 1/43 (10 tickers)
2026-02-11 23:51:34,971 | INFO |     Batch download: 1 tickers
2026-02-11 23:51:37,746 | ERROR | 
1 Failed download:
2026-02-11 23:51:37,746 | ERROR | ['1COV.DE']: YFRateLimitError('Too Many Requests. Rate limited. Try after a while.')
2026-02-11 23:51:37,748 | INFO |   Batch complete, waiting 120s...
2026-02-11 23:53:37,750 | INFO | 
  Batch 2/43 (10 tickers)
2026-02-11 23:53:37,773 | INFO |     Batch download: 10 tickers
2026-02-11 23:53:50,133 | ERROR | 
10 Failed downloads:
2026-02-11 23:53:50,133 | ERROR | ['AKVA.OL', 'AIR.PA', 'AI.PA', 'AIG', 'AKAM', 'AKER.OL', 'AFL', 'AKRBP.OL', 'AKSO.OL', 'AIR.DE']: YFRateLimitError('Too Many Requests. Rate limited. Try after a while.')
2026-02-11 23:53:50,135 | INFO |   Batch complete, waiting 120s...
