2026-01-19 10:51:16,707 | INFO | ======================================================================
2026-01-19 10:51:16,707 | INFO | IoS-001 DAILY PRICE INGEST
2026-01-19 10:51:16,707 | INFO | Executor: LINE (EC-004)
2026-01-19 10:51:16,707 | INFO | Authority: CEO_DIRECTIVE_LINE_DAILY_INGEST_ACTIVATION_20251212
2026-01-19 10:51:16,707 | INFO | Time: 2026-01-19T09:51:16.707688+00:00
2026-01-19 10:51:16,707 | INFO | Asset Class Filter: ALL
2026-01-19 10:51:16,707 | INFO | Dry Run: False
2026-01-19 10:51:16,707 | INFO | ======================================================================
2026-01-19 10:51:17,011 | INFO | Found 491 VEGA-attested assets
2026-01-19 10:51:17,011 | INFO | 
============================================================
2026-01-19 10:51:17,011 | INFO | Processing CRYPTO: 46 assets
2026-01-19 10:51:17,011 | INFO | Schedule: Daily 01:00 UTC
2026-01-19 10:51:17,011 | INFO | ============================================================
2026-01-19 10:51:17,011 | INFO | 
  Batch 1/2 (25 assets)
2026-01-19 10:51:17,072 | INFO |   Batch complete, waiting 60s...
2026-01-19 10:52:17,078 | INFO | 
  Batch 2/2 (21 assets)
2026-01-19 10:52:20,122 | WARNING |   [UNI-USD] Fetch error: Too Many Requests. Rate limited. Try after a while.
2026-01-19 10:52:23,140 | INFO | 
============================================================
2026-01-19 10:52:23,140 | INFO | Processing EQUITY: 421 assets
2026-01-19 10:52:23,140 | INFO | Schedule: Weekdays 22:00 UTC
2026-01-19 10:52:23,140 | INFO | ============================================================
2026-01-19 10:52:23,140 | INFO | 
  Batch 1/17 (25 assets)
2026-01-19 10:52:23,875 | WARNING |   [1COV.DE] Fetch error: Too Many Requests. Rate limited. Try after a while.
2026-01-19 10:52:28,262 | WARNING |   [ABBV] Fetch error: Too Many Requests. Rate limited. Try after a while.
2026-01-19 10:52:32,411 | WARNING |   [ABNB] Fetch error: Too Many Requests. Rate limited. Try after a while.
2026-01-19 10:52:36,527 | WARNING |   [ABT] Fetch error: Too Many Requests. Rate limited. Try after a while.
2026-01-19 10:52:40,644 | WARNING |   [ADBE] Fetch error: Too Many Requests. Rate limited. Try after a while.
2026-01-19 10:52:45,102 | WARNING |   [ADI] Fetch error: Too Many Requests. Rate limited. Try after a while.
2026-01-19 10:52:50,245 | WARNING |   [ADSK] Fetch error: Too Many Requests. Rate limited. Try after a while.
2026-01-19 10:52:54,424 | WARNING |   [AEP] Fetch error: Too Many Requests. Rate limited. Try after a while.
2026-01-19 10:52:58,683 | WARNING |   [AFL] Fetch error: Too Many Requests. Rate limited. Try after a while.
2026-01-19 10:53:03,312 | WARNING |   [AIG] Fetch error: Too Many Requests. Rate limited. Try after a while.
2026-01-19 10:53:07,282 | WARNING |   [AKAM] Fetch error: Too Many Requests. Rate limited. Try after a while.
2026-01-19 10:53:11,827 | WARNING |   [ALB] Fetch error: Too Many Requests. Rate limited. Try after a while.
2026-01-19 10:53:15,860 | WARNING |   [ALL] Fetch error: Too Many Requests. Rate limited. Try after a while.
2026-01-19 10:53:19,850 | WARNING |   [AMAT] Fetch error: Too Many Requests. Rate limited. Try after a while.
2026-01-19 10:53:22,859 | INFO |   Batch complete, waiting 60s...
2026-01-19 10:54:22,860 | INFO | 
  Batch 2/17 (25 assets)
2026-01-19 10:54:24,939 | WARNING |   [AMD] Fetch error: Too Many Requests. Rate limited. Try after a while.
2026-01-19 10:54:29,004 | WARNING |   [AMGN] Fetch error: Too Many Requests. Rate limited. Try after a while.
2026-01-19 10:54:33,047 | WARNING |   [AMT] Fetch error: Too Many Requests. Rate limited. Try after a while.
2026-01-19 10:54:37,194 | WARNING |   [AMZN] Fetch error: Too Many Requests. Rate limited. Try after a while.
2026-01-19 10:54:41,261 | WARNING |   [AON] Fetch error: Too Many Requests. Rate limited. Try after a while.
2026-01-19 10:54:45,297 | WARNING |   [APD] Fetch error: Too Many Requests. Rate limited. Try after a while.
2026-01-19 10:54:49,262 | WARNING |   [ASML] Fetch error: Too Many Requests. Rate limited. Try after a while.
2026-01-19 10:54:53,280 | WARNING |   [AVB] Fetch error: Too Many Requests. Rate limited. Try after a while.
2026-01-19 10:54:57,432 | WARNING |   [AVGO] Fetch error: Too Many Requests. Rate limited. Try after a while.
2026-01-19 10:55:01,642 | WARNING |   [AWK] Fetch error: Too Many Requests. Rate limited. Try after a while.
2026-01-19 10:55:05,936 | WARNING |   [AXP] Fetch error: Too Many Requests. Rate limited. Try after a while.
2026-01-19 10:55:09,885 | WARNING |   [AZO] Fetch error: Too Many Requests. Rate limited. Try after a while.
2026-01-19 10:55:14,347 | WARNING |   [BA] Fetch error: Too Many Requests. Rate limited. Try after a while.
2026-01-19 10:55:18,303 | WARNING |   [BAC] Fetch error: Too Many Requests. Rate limited. Try after a while.
2026-01-19 10:55:21,325 | INFO |   Batch complete, waiting 60s...
