2026-01-23 06:02:40,465 | INFO | ======================================================================
2026-01-23 06:02:40,465 | INFO | IoS-001 DAILY PRICE INGEST
2026-01-23 06:02:40,465 | INFO | Executor: LINE (EC-004)
2026-01-23 06:02:40,465 | INFO | Authority: CEO_DIRECTIVE_LINE_DAILY_INGEST_ACTIVATION_20251212
2026-01-23 06:02:40,465 | INFO | Time: 2026-01-23T05:02:40.465079+00:00
2026-01-23 06:02:40,465 | INFO | Asset Class Filter: ALL
2026-01-23 06:02:40,465 | INFO | Dry Run: False
2026-01-23 06:02:40,465 | INFO | ======================================================================
2026-01-23 06:02:40,991 | INFO | Found 491 VEGA-attested assets
2026-01-23 06:02:40,992 | INFO | 
============================================================
2026-01-23 06:02:40,992 | INFO | Processing CRYPTO: 46 assets
2026-01-23 06:02:40,992 | INFO | Schedule: Daily 01:00 UTC
2026-01-23 06:02:40,993 | INFO | ============================================================
2026-01-23 06:02:40,993 | INFO | 
  Batch 1/2 (25 assets)
2026-01-23 06:02:43,853 | WARNING |   [GRT-USD] Fetch error: Too Many Requests. Rate limited. Try after a while.
2026-01-23 06:02:46,890 | INFO |   Batch complete, waiting 60s...
2026-01-23 06:03:46,899 | INFO | 
  Batch 2/2 (21 assets)
2026-01-23 06:03:48,984 | WARNING |   [UNI-USD] Fetch error: Too Many Requests. Rate limited. Try after a while.
2026-01-23 06:03:52,075 | INFO | 
============================================================
2026-01-23 06:03:52,075 | INFO | Processing EQUITY: 421 assets
2026-01-23 06:03:52,075 | INFO | Schedule: Weekdays 22:00 UTC
2026-01-23 06:03:52,075 | INFO | ============================================================
2026-01-23 06:03:52,075 | INFO | 
  Batch 1/17 (25 assets)
2026-01-23 06:03:53,305 | WARNING |   [1COV.DE] Fetch error: Too Many Requests. Rate limited. Try after a while.
2026-01-23 06:03:57,270 | WARNING |   [ABBV] Fetch error: Too Many Requests. Rate limited. Try after a while.
2026-01-23 06:04:01,320 | WARNING |   [ABNB] Fetch error: Too Many Requests. Rate limited. Try after a while.
2026-01-23 06:04:05,367 | WARNING |   [ABT] Fetch error: Too Many Requests. Rate limited. Try after a while.
2026-01-23 06:04:09,420 | WARNING |   [ACA.PA] Fetch error: Too Many Requests. Rate limited. Try after a while.
2026-01-23 06:04:13,317 | WARNING |   [ADBE] Fetch error: Too Many Requests. Rate limited. Try after a while.
2026-01-23 06:04:17,402 | WARNING |   [ADI] Fetch error: Too Many Requests. Rate limited. Try after a while.
2026-01-23 06:04:21,855 | WARNING |   [ADS.DE] Fetch error: Too Many Requests. Rate limited. Try after a while.
2026-01-23 06:04:25,803 | WARNING |   [ADSK] Fetch error: Too Many Requests. Rate limited. Try after a while.
2026-01-23 06:04:29,971 | WARNING |   [AEP] Fetch error: Too Many Requests. Rate limited. Try after a while.
2026-01-23 06:04:34,079 | WARNING |   [AFL] Fetch error: Too Many Requests. Rate limited. Try after a while.
2026-01-23 06:04:38,266 | WARNING |   [AI.PA] Fetch error: Too Many Requests. Rate limited. Try after a while.
2026-01-23 06:04:42,327 | WARNING |   [AIG] Fetch error: Too Many Requests. Rate limited. Try after a while.
2026-01-23 06:04:46,268 | WARNING |   [AIR.DE] Fetch error: Too Many Requests. Rate limited. Try after a while.
2026-01-23 06:04:50,540 | WARNING |   [AIR.PA] Fetch error: Too Many Requests. Rate limited. Try after a while.
2026-01-23 06:04:54,538 | WARNING |   [AKAM] Fetch error: Too Many Requests. Rate limited. Try after a while.
2026-01-23 06:04:58,791 | WARNING |   [AKER.OL] Fetch error: Too Many Requests. Rate limited. Try after a while.
2026-01-23 06:05:03,167 | WARNING |   [AKRBP.OL] Fetch error: Too Many Requests. Rate limited. Try after a while.
2026-01-23 06:05:07,257 | WARNING |   [AKSO.OL] Fetch error: Too Many Requests. Rate limited. Try after a while.
2026-01-23 06:05:11,297 | WARNING |   [AKVA.OL] Fetch error: Too Many Requests. Rate limited. Try after a while.
2026-01-23 06:05:15,742 | WARNING |   [ALB] Fetch error: Too Many Requests. Rate limited. Try after a while.
2026-01-23 06:05:19,694 | WARNING |   [ALL] Fetch error: Too Many Requests. Rate limited. Try after a while.
2026-01-23 06:05:23,598 | WARNING |   [ALO.PA] Fetch error: Too Many Requests. Rate limited. Try after a while.
2026-01-23 06:05:27,712 | WARNING |   [ALV.DE] Fetch error: Too Many Requests. Rate limited. Try after a while.
2026-01-23 06:05:31,489 | WARNING |   [AMAT] Fetch error: Too Many Requests. Rate limited. Try after a while.
2026-01-23 06:05:34,499 | INFO |   Batch complete, waiting 60s...
2026-01-23 06:06:34,500 | INFO | 
  Batch 2/17 (25 assets)
2026-01-23 06:06:35,887 | WARNING |   [AMD] Fetch error: Too Many Requests. Rate limited. Try after a while.
2026-01-23 06:06:39,822 | WARNING |   [AMGN] Fetch error: Too Many Requests. Rate limited. Try after a while.
2026-01-23 06:06:43,604 | WARNING |   [AMT] Fetch error: Too Many Requests. Rate limited. Try after a while.
2026-01-23 06:06:47,574 | WARNING |   [AMZN] Fetch error: Too Many Requests. Rate limited. Try after a while.
2026-01-23 06:06:51,866 | WARNING |   [AON] Fetch error: Too Many Requests. Rate limited. Try after a while.
2026-01-23 06:06:55,911 | WARNING |   [APD] Fetch error: Too Many Requests. Rate limited. Try after a while.
2026-01-23 06:07:00,150 | WARNING |   [ASML] Fetch error: Too Many Requests. Rate limited. Try after a while.
2026-01-23 06:07:03,887 | WARNING |   [ATO.PA] Fetch error: Too Many Requests. Rate limited. Try after a while.
2026-01-23 06:07:08,040 | WARNING |   [AUSS.OL] Fetch error: Too Many Requests. Rate limited. Try after a while.
2026-01-23 06:07:12,248 | WARNING |   [AUTO.OL] Fetch error: Too Many Requests. Rate limited. Try after a while.
2026-01-23 06:07:16,244 | WARNING |   [AV.L] Fetch error: Too Many Requests. Rate limited. Try after a while.
2026-01-23 06:07:20,484 | WARNING |   [AVB] Fetch error: Too Many Requests. Rate limited. Try after a while.
2026-01-23 06:07:24,548 | WARNING |   [AVGO] Fetch error: Too Many Requests. Rate limited. Try after a while.
2026-01-23 06:07:28,606 | WARNING |   [AWK] Fetch error: Too Many Requests. Rate limited. Try after a while.
2026-01-23 06:07:32,858 | WARNING |   [AXP] Fetch error: Too Many Requests. Rate limited. Try after a while.
2026-01-23 06:07:36,789 | WARNING |   [AZN.L] Fetch error: Too Many Requests. Rate limited. Try after a while.
