2026-01-17 18:54:08,136 | INFO | ======================================================================
2026-01-17 18:54:08,136 | INFO | IoS-001 DAILY PRICE INGEST
2026-01-17 18:54:08,136 | INFO | Executor: LINE (EC-004)
2026-01-17 18:54:08,136 | INFO | Authority: CEO_DIRECTIVE_LINE_DAILY_INGEST_ACTIVATION_20251212
2026-01-17 18:54:08,136 | INFO | Time: 2026-01-17T17:54:08.136875+00:00
2026-01-17 18:54:08,136 | INFO | Asset Class Filter: ALL
2026-01-17 18:54:08,136 | INFO | Dry Run: False
2026-01-17 18:54:08,136 | INFO | ======================================================================
2026-01-17 18:54:08,397 | INFO | Found 491 VEGA-attested assets
2026-01-17 18:54:08,397 | INFO | 
============================================================
2026-01-17 18:54:08,397 | INFO | Processing CRYPTO: 46 assets
2026-01-17 18:54:08,397 | INFO | Schedule: Daily 01:00 UTC
2026-01-17 18:54:08,397 | INFO | ============================================================
2026-01-17 18:54:08,397 | INFO | 
  Batch 1/2 (25 assets)
2026-01-17 18:54:11,432 | WARNING |   [GRT-USD] Fetch error: Too Many Requests. Rate limited. Try after a while.
2026-01-17 18:54:14,444 | INFO |   Batch complete, waiting 60s...
2026-01-17 18:55:14,445 | INFO | 
  Batch 2/2 (21 assets)
2026-01-17 18:55:16,158 | WARNING |   [UNI-USD] Fetch error: Too Many Requests. Rate limited. Try after a while.
2026-01-17 18:55:19,189 | INFO | 
============================================================
2026-01-17 18:55:19,189 | INFO | Processing EQUITY: 421 assets
2026-01-17 18:55:19,189 | INFO | Schedule: Weekdays 22:00 UTC
2026-01-17 18:55:19,189 | INFO | ============================================================
2026-01-17 18:55:19,189 | INFO |   Market closed for EQUITY today, skipping
2026-01-17 18:55:19,189 | INFO | 
============================================================
2026-01-17 18:55:19,189 | INFO | Processing FX: 24 assets
2026-01-17 18:55:19,189 | INFO | Schedule: Sun-Thu 22:00 UTC
2026-01-17 18:55:19,189 | INFO | ============================================================
2026-01-17 18:55:19,189 | INFO |   Market closed for FX today, skipping
2026-01-17 18:55:19,189 | WARNING | Heartbeat recording failed: relation "fhq_monitoring.system_heartbeats" does not exist
LINE 2:                 INSERT INTO fhq_monitoring.system_heartbeats...
                                    ^

2026-01-17 18:55:19,199 | INFO | 
======================================================================
2026-01-17 18:55:19,200 | INFO | DAILY INGEST COMPLETE
2026-01-17 18:55:19,200 | INFO | ======================================================================
2026-01-17 18:55:19,200 | INFO | Assets Processed: 46
2026-01-17 18:55:19,200 | INFO | Assets Updated:   0
2026-01-17 18:55:19,200 | INFO | Rows Inserted:    0
2026-01-17 18:55:19,200 | INFO |   CRYPTO: 0 assets, 0 rows
2026-01-17 18:55:19,200 | INFO | Evidence: C:\fhq-market-system\vision-ios\03_FUNCTIONS\evidence\IOS001_DAILY_INGEST_369929b0_20260117_185519.json
2026-01-17 18:55:19,200 | INFO | ======================================================================
