2026-01-08 23:58:19,740 | INFO | ======================================================================
2026-01-08 23:58:19,741 | INFO | IoS-001 DAILY PRICE INGEST
2026-01-08 23:58:19,741 | INFO | Executor: LINE (EC-004)
2026-01-08 23:58:19,741 | INFO | Authority: CEO_DIRECTIVE_LINE_DAILY_INGEST_ACTIVATION_20251212
2026-01-08 23:58:19,741 | INFO | Time: 2026-01-08T22:58:19.741559+00:00
2026-01-08 23:58:19,741 | INFO | Asset Class Filter: ALL
2026-01-08 23:58:19,741 | INFO | Dry Run: False
2026-01-08 23:58:19,741 | INFO | ======================================================================
2026-01-08 23:58:20,217 | INFO | Found 491 VEGA-attested assets
2026-01-08 23:58:20,217 | INFO | 
============================================================
2026-01-08 23:58:20,217 | INFO | Processing CRYPTO: 46 assets
2026-01-08 23:58:20,217 | INFO | Schedule: Daily 01:00 UTC
2026-01-08 23:58:20,217 | INFO | ============================================================
2026-01-08 23:58:20,217 | INFO | 
  Batch 1/2 (25 assets)
2026-01-08 23:58:23,983 | WARNING |   [GRT-USD] Fetch error: Too Many Requests. Rate limited. Try after a while.
2026-01-08 23:58:27,008 | INFO |   Batch complete, waiting 60s...
2026-01-08 23:59:27,009 | INFO | 
  Batch 2/2 (21 assets)
2026-01-08 23:59:28,632 | WARNING |   [UNI-USD] Fetch error: Too Many Requests. Rate limited. Try after a while.
2026-01-08 23:59:31,647 | INFO | 
============================================================
2026-01-08 23:59:31,647 | INFO | Processing EQUITY: 421 assets
2026-01-08 23:59:31,647 | INFO | Schedule: Weekdays 22:00 UTC
2026-01-08 23:59:31,657 | INFO | ============================================================
2026-01-08 23:59:31,657 | INFO | 
  Batch 1/17 (25 assets)
2026-01-08 23:59:32,825 | WARNING |   [1COV.DE] Fetch error: Too Many Requests. Rate limited. Try after a while.
2026-01-08 23:59:35,926 | INFO |   Batch complete, waiting 60s...
2026-01-09 00:00:35,927 | INFO | 
  Batch 2/17 (25 assets)
2026-01-09 00:00:39,000 | WARNING |   [AMD] Fetch error: Too Many Requests. Rate limited. Try after a while.
2026-01-09 00:00:43,281 | WARNING |   [AMGN] Fetch error: Too Many Requests. Rate limited. Try after a while.
2026-01-09 00:00:47,389 | WARNING |   [AMT] Fetch error: Too Many Requests. Rate limited. Try after a while.
2026-01-09 00:00:51,618 | WARNING |   [AMZN] Fetch error: Too Many Requests. Rate limited. Try after a while.
2026-01-09 00:00:55,708 | WARNING |   [AON] Fetch error: Too Many Requests. Rate limited. Try after a while.
2026-01-09 00:00:59,741 | WARNING |   [APD] Fetch error: Too Many Requests. Rate limited. Try after a while.
2026-01-09 00:01:04,076 | WARNING |   [ASML] Fetch error: Too Many Requests. Rate limited. Try after a while.
2026-01-09 00:01:09,238 | WARNING |   [ATO.PA] Fetch error: Too Many Requests. Rate limited. Try after a while.
2026-01-09 00:01:13,364 | WARNING |   [AUSS.OL] Fetch error: Too Many Requests. Rate limited. Try after a while.
2026-01-09 00:01:17,452 | WARNING |   [AUTO.OL] Fetch error: Too Many Requests. Rate limited. Try after a while.
2026-01-09 00:01:21,995 | WARNING |   [AV.L] Fetch error: Too Many Requests. Rate limited. Try after a while.
2026-01-09 00:01:26,182 | WARNING |   [AVB] Fetch error: Too Many Requests. Rate limited. Try after a while.
2026-01-09 00:01:30,754 | WARNING |   [AVGO] Fetch error: Too Many Requests. Rate limited. Try after a while.
2026-01-09 00:01:35,044 | WARNING |   [AWK] Fetch error: Too Many Requests. Rate limited. Try after a while.
2026-01-09 00:01:39,103 | WARNING |   [AXP] Fetch error: Too Many Requests. Rate limited. Try after a while.
2026-01-09 00:01:43,263 | WARNING |   [AZN.L] Fetch error: Too Many Requests. Rate limited. Try after a while.
2026-01-09 00:01:47,624 | WARNING |   [AZO] Fetch error: Too Many Requests. Rate limited. Try after a while.
2026-01-09 00:01:51,955 | WARNING |   [BA] Fetch error: Too Many Requests. Rate limited. Try after a while.
2026-01-09 00:01:55,956 | WARNING |   [BA.L] Fetch error: Too Many Requests. Rate limited. Try after a while.
2026-01-09 00:02:00,141 | WARNING |   [BAC] Fetch error: Too Many Requests. Rate limited. Try after a while.
2026-01-09 00:02:04,218 | WARNING |   [BAKKA.OL] Fetch error: Too Many Requests. Rate limited. Try after a while.
2026-01-09 00:02:08,213 | WARNING |   [BARC.L] Fetch error: Too Many Requests. Rate limited. Try after a while.
2026-01-09 00:02:12,696 | WARNING |   [BAS.DE] Fetch error: Too Many Requests. Rate limited. Try after a while.
2026-01-09 00:02:16,778 | WARNING |   [BATS.L] Fetch error: Too Many Requests. Rate limited. Try after a while.
2026-01-09 00:02:20,867 | WARNING |   [BAYN.DE] Fetch error: Too Many Requests. Rate limited. Try after a while.
2026-01-09 00:02:23,868 | INFO |   Batch complete, waiting 60s...
