2026-02-12 12:36:52,459 | INFO | ======================================================================
2026-02-12 12:36:52,459 | INFO | IoS-001 DAILY PRICE INGEST
2026-02-12 12:36:52,459 | INFO | Executor: LINE (EC-004)
2026-02-12 12:36:52,460 | INFO | Authority: CEO_DIRECTIVE_LINE_DAILY_INGEST_ACTIVATION_20251212
2026-02-12 12:36:52,460 | INFO | Amendment: CEO-DIR-2026-119 (Rate Limit Mitigation)
2026-02-12 12:36:52,460 | INFO | Time: 2026-02-12T11:36:52.460509+00:00
2026-02-12 12:36:52,460 | INFO | Asset Class Filter: ALL
2026-02-12 12:36:52,460 | INFO | Batch Mode: True
2026-02-12 12:36:52,461 | INFO | Dry Run: False
2026-02-12 12:36:52,461 | INFO | ======================================================================
2026-02-12 12:36:52,728 | INFO | Found 491 VEGA-attested assets
2026-02-12 12:36:52,728 | INFO | 
============================================================
2026-02-12 12:36:52,728 | INFO | Processing CRYPTO: 46 assets
2026-02-12 12:36:52,728 | INFO | Schedule: Daily 01:00 UTC
2026-02-12 12:36:52,728 | INFO | ============================================================
2026-02-12 12:36:52,728 | INFO |   Using BATCH MODE (CEO-DIR-2026-119)
2026-02-12 12:36:52,728 | INFO | 
  Batch 1/5 (10 tickers)
2026-02-12 12:36:52,760 | INFO |     All assets up to date
2026-02-12 12:36:52,760 | INFO | 
  Batch 2/5 (10 tickers)
2026-02-12 12:36:52,802 | INFO |     Batch download: 1 tickers
2026-02-12 12:36:55,562 | ERROR | 
1 Failed download:
2026-02-12 12:36:55,562 | ERROR | ['GRT-USD']: YFRateLimitError('Too Many Requests. Rate limited. Try after a while.')
2026-02-12 12:36:55,562 | INFO |   Batch complete, waiting 120s...
2026-02-12 12:38:55,570 | INFO | 
  Batch 3/5 (10 tickers)
2026-02-12 12:38:55,639 | INFO |     All assets up to date
2026-02-12 12:38:55,639 | INFO | 
  Batch 4/5 (10 tickers)
2026-02-12 12:38:55,681 | INFO |     Batch download: 1 tickers
2026-02-12 12:38:58,282 | ERROR | 
1 Failed download:
2026-02-12 12:38:58,282 | ERROR | ['UNI-USD']: YFRateLimitError('Too Many Requests. Rate limited. Try after a while.')
2026-02-12 12:38:58,294 | INFO |   Batch complete, waiting 120s...
2026-02-12 12:40:58,300 | INFO | 
  Batch 5/5 (6 tickers)
2026-02-12 12:40:58,343 | INFO |     All assets up to date
2026-02-12 12:40:58,344 | INFO | 
============================================================
2026-02-12 12:40:58,344 | INFO | Processing EQUITY: 421 assets
2026-02-12 12:40:58,344 | INFO | Schedule: Weekdays 22:00 UTC
2026-02-12 12:40:58,345 | INFO | ============================================================
2026-02-12 12:40:58,345 | INFO |   Using BATCH MODE (CEO-DIR-2026-119)
2026-02-12 12:40:58,345 | INFO | 
  Batch 1/43 (10 tickers)
2026-02-12 12:40:58,392 | INFO |     Batch download: 8 tickers
2026-02-12 12:41:11,554 | ERROR | 
8 Failed downloads:
2026-02-12 12:41:11,558 | ERROR | ['AEP', '1COV.DE', 'ADBE', 'ABT', 'ADI', 'ABBV', 'ADSK', 'ABNB']: YFRateLimitError('Too Many Requests. Rate limited. Try after a while.')
2026-02-12 12:41:11,558 | INFO |   Batch complete, waiting 120s...
