2026-01-16 21:12:03,193 | INFO | ======================================================================
2026-01-16 21:12:03,193 | INFO | IoS-001 DAILY PRICE INGEST
2026-01-16 21:12:03,193 | INFO | Executor: LINE (EC-004)
2026-01-16 21:12:03,194 | INFO | Authority: CEO_DIRECTIVE_LINE_DAILY_INGEST_ACTIVATION_20251212
2026-01-16 21:12:03,194 | INFO | Time: 2026-01-16T20:12:03.194386+00:00
2026-01-16 21:12:03,194 | INFO | Asset Class Filter: ALL
2026-01-16 21:12:03,194 | INFO | Dry Run: False
2026-01-16 21:12:03,194 | INFO | ======================================================================
2026-01-16 21:12:03,516 | INFO | Found 491 VEGA-attested assets
2026-01-16 21:12:03,516 | INFO | 
============================================================
2026-01-16 21:12:03,516 | INFO | Processing CRYPTO: 46 assets
2026-01-16 21:12:03,516 | INFO | Schedule: Daily 01:00 UTC
2026-01-16 21:12:03,517 | INFO | ============================================================
2026-01-16 21:12:03,517 | INFO | 
  Batch 1/2 (25 assets)
2026-01-16 21:12:19,550 | ERROR | $GRT-USD: possibly delisted; no price data found  (1d 2026-01-15 -> 2026-01-17)
2026-01-16 21:12:22,574 | INFO |   Batch complete, waiting 60s...
2026-01-16 21:13:22,576 | INFO | 
  Batch 2/2 (21 assets)
2026-01-16 21:13:38,113 | ERROR | $UNI-USD: possibly delisted; no price data found  (1d 2026-01-08 -> 2026-01-17)
2026-01-16 21:13:41,134 | INFO | 
============================================================
2026-01-16 21:13:41,134 | INFO | Processing EQUITY: 421 assets
2026-01-16 21:13:41,134 | INFO | Schedule: Weekdays 22:00 UTC
2026-01-16 21:13:41,134 | INFO | ============================================================
2026-01-16 21:13:41,134 | INFO | 
  Batch 1/17 (25 assets)
2026-01-16 21:13:44,461 | ERROR | $1COV.DE: possibly delisted; no price data found  (1d 2025-12-24 -> 2026-01-17)
2026-01-16 21:13:47,494 | INFO |   Batch complete, waiting 60s...
2026-01-16 21:14:47,495 | INFO | 
  Batch 2/17 (25 assets)
2026-01-16 21:14:47,540 | INFO |   Batch complete, waiting 60s...
2026-01-16 21:15:47,541 | INFO | 
  Batch 3/17 (25 assets)
2026-01-16 21:16:05,896 | ERROR | Failed to get ticker 'BRK.B' reason: HTTPSConnectionPool(host='query2.finance.yahoo.com', port=443): Read timed out. (read timeout=10)
2026-01-16 21:16:20,664 | WARNING |   [BRK.B] Fetch error: ('Connection aborted.', RemoteDisconnected('Remote end closed connection without response'))
