2025-12-20 16:45:56,845 | INFO | ======================================================================
2025-12-20 16:45:56,845 | INFO | IoS-001 DAILY PRICE INGEST
2025-12-20 16:45:56,845 | INFO | Executor: LINE (EC-004)
2025-12-20 16:45:56,845 | INFO | Authority: CEO_DIRECTIVE_LINE_DAILY_INGEST_ACTIVATION_20251212
2025-12-20 16:45:56,845 | INFO | Time: 2025-12-20T15:45:56.845342+00:00
2025-12-20 16:45:56,846 | INFO | Asset Class Filter: ALL
2025-12-20 16:45:56,846 | INFO | Dry Run: False
2025-12-20 16:45:56,846 | INFO | ======================================================================
2025-12-20 16:45:56,983 | INFO | Found 463 VEGA-attested assets
2025-12-20 16:45:56,983 | INFO | 
============================================================
2025-12-20 16:45:56,984 | INFO | Processing CRYPTO: 45 assets
2025-12-20 16:45:56,984 | INFO | Schedule: Daily 01:00 UTC
2025-12-20 16:45:56,984 | INFO | ============================================================
2025-12-20 16:45:56,984 | INFO | 
  Batch 1/2 (25 assets)
2025-12-20 16:45:57,014 | INFO |   Batch complete, waiting 60s...
2025-12-20 16:46:57,015 | INFO | 
  Batch 2/2 (20 assets)
2025-12-20 16:46:57,081 | INFO | 
============================================================
2025-12-20 16:46:57,082 | INFO | Processing EQUITY: 394 assets
2025-12-20 16:46:57,082 | INFO | Schedule: Weekdays 22:00 UTC
2025-12-20 16:46:57,082 | INFO | ============================================================
2025-12-20 16:46:57,082 | INFO |   Market closed for EQUITY today, skipping
2025-12-20 16:46:57,082 | INFO | 
============================================================
2025-12-20 16:46:57,082 | INFO | Processing FX: 24 assets
2025-12-20 16:46:57,082 | INFO | Schedule: Sun-Thu 22:00 UTC
2025-12-20 16:46:57,082 | INFO | ============================================================
2025-12-20 16:46:57,082 | INFO |   Market closed for FX today, skipping
2025-12-20 16:46:57,084 | WARNING | Heartbeat recording failed: relation "fhq_monitoring.system_heartbeats" does not exist
LINE 2:                 INSERT INTO fhq_monitoring.system_heartbeats...
                                    ^

2025-12-20 16:46:57,085 | INFO | 
======================================================================
2025-12-20 16:46:57,085 | INFO | DAILY INGEST COMPLETE
2025-12-20 16:46:57,086 | INFO | ======================================================================
2025-12-20 16:46:57,086 | INFO | Assets Processed: 45
2025-12-20 16:46:57,086 | INFO | Assets Updated:   0
2025-12-20 16:46:57,086 | INFO | Rows Inserted:    0
2025-12-20 16:46:57,086 | INFO |   CRYPTO: 0 assets, 0 rows
2025-12-20 16:46:57,086 | INFO | Evidence: C:\fhq-market-system\vision-ios\03_FUNCTIONS\evidence\IOS001_DAILY_INGEST_9ca39370_20251220_164657.json
2025-12-20 16:46:57,086 | INFO | ======================================================================
