2026-02-11 01:24:50,633 | INFO | ======================================================================
2026-02-11 01:24:50,633 | INFO | IoS-001 DAILY PRICE INGEST
2026-02-11 01:24:50,633 | INFO | Executor: LINE (EC-004)
2026-02-11 01:24:50,633 | INFO | Authority: CEO_DIRECTIVE_LINE_DAILY_INGEST_ACTIVATION_20251212
2026-02-11 01:24:50,633 | INFO | Amendment: CEO-DIR-2026-119 (Rate Limit Mitigation)
2026-02-11 01:24:50,633 | INFO | Time: 2026-02-11T00:24:50.633323+00:00
2026-02-11 01:24:50,633 | INFO | Asset Class Filter: ALL
2026-02-11 01:24:50,633 | INFO | Batch Mode: True
2026-02-11 01:24:50,633 | INFO | Dry Run: False
2026-02-11 01:24:50,633 | INFO | ======================================================================
2026-02-11 01:24:50,895 | INFO | Found 491 VEGA-attested assets
2026-02-11 01:24:50,895 | INFO | 
============================================================
2026-02-11 01:24:50,895 | INFO | Processing CRYPTO: 46 assets
2026-02-11 01:24:50,895 | INFO | Schedule: Daily 01:00 UTC
2026-02-11 01:24:50,895 | INFO | ============================================================
2026-02-11 01:24:50,895 | INFO |   Using BATCH MODE (CEO-DIR-2026-119)
2026-02-11 01:24:50,895 | INFO | 
  Batch 1/5 (10 tickers)
2026-02-11 01:24:50,931 | INFO |     All assets up to date
2026-02-11 01:24:50,931 | INFO | 
  Batch 2/5 (10 tickers)
2026-02-11 01:24:50,947 | INFO |     Batch download: 1 tickers
2026-02-11 01:24:54,393 | ERROR | 
1 Failed download:
2026-02-11 01:24:54,393 | ERROR | ['GRT-USD']: YFRateLimitError('Too Many Requests. Rate limited. Try after a while.')
2026-02-11 01:24:54,414 | INFO |   Batch complete, waiting 120s...
2026-02-11 01:26:54,415 | INFO | 
  Batch 3/5 (10 tickers)
2026-02-11 01:26:54,456 | INFO |     All assets up to date
2026-02-11 01:26:54,456 | INFO | 
  Batch 4/5 (10 tickers)
2026-02-11 01:26:54,505 | INFO |     Batch download: 10 tickers
2026-02-11 01:27:06,877 | ERROR | 
10 Failed downloads:
2026-02-11 01:27:06,877 | ERROR | ['RPL-USD', 'TRX-USD', 'UNI-USD', 'SHIB-USD', 'SAND-USD', 'SOL-USD', 'THETA-USD', 'RUNE-USD', 'VET-USD', 'SNX-USD']: YFRateLimitError('Too Many Requests. Rate limited. Try after a while.')
2026-02-11 01:27:06,898 | INFO |   Batch complete, waiting 120s...
2026-02-11 01:29:06,900 | INFO | 
  Batch 5/5 (6 tickers)
2026-02-11 01:29:06,958 | INFO |     Batch download: 6 tickers
2026-02-11 01:29:14,400 | ERROR | 
6 Failed downloads:
2026-02-11 01:29:14,401 | ERROR | ['XTZ-USD', 'AAVE-USD', 'XRP-USD', 'XMR-USD', 'ZEC-USD', 'XLM-USD']: YFRateLimitError('Too Many Requests. Rate limited. Try after a while.')
2026-02-11 01:29:14,412 | INFO | 
============================================================
2026-02-11 01:29:14,412 | INFO | Processing EQUITY: 421 assets
2026-02-11 01:29:14,413 | INFO | Schedule: Weekdays 22:00 UTC
2026-02-11 01:29:14,414 | INFO | ============================================================
2026-02-11 01:29:14,415 | INFO |   Using BATCH MODE (CEO-DIR-2026-119)
2026-02-11 01:29:14,415 | INFO | 
  Batch 1/43 (10 tickers)
2026-02-11 01:29:14,460 | INFO |     Batch download: 10 tickers
2026-02-11 01:29:25,402 | ERROR | 
10 Failed downloads:
2026-02-11 01:29:25,402 | ERROR | ['1COV.DE', 'ADS.DE', 'ABBV', 'ABT', 'ADI', 'ABNB', 'AEP', 'ADBE', 'ADSK', 'ACA.PA']: YFRateLimitError('Too Many Requests. Rate limited. Try after a while.')
2026-02-11 01:29:25,413 | INFO |   Batch complete, waiting 120s...
