2026-01-11 09:59:05,709 | INFO | ======================================================================
2026-01-11 09:59:05,709 | INFO | IoS-001 DAILY PRICE INGEST
2026-01-11 09:59:05,709 | INFO | Executor: LINE (EC-004)
2026-01-11 09:59:05,709 | INFO | Authority: CEO_DIRECTIVE_LINE_DAILY_INGEST_ACTIVATION_20251212
2026-01-11 09:59:05,709 | INFO | Time: 2026-01-11T08:59:05.709170+00:00
2026-01-11 09:59:05,709 | INFO | Asset Class Filter: ALL
2026-01-11 09:59:05,709 | INFO | Dry Run: False
2026-01-11 09:59:05,709 | INFO | ======================================================================
2026-01-11 09:59:05,892 | INFO | Found 491 VEGA-attested assets
2026-01-11 09:59:05,892 | INFO | 
============================================================
2026-01-11 09:59:05,892 | INFO | Processing CRYPTO: 46 assets
2026-01-11 09:59:05,892 | INFO | Schedule: Daily 01:00 UTC
2026-01-11 09:59:05,892 | INFO | ============================================================
2026-01-11 09:59:05,892 | INFO | 
  Batch 1/2 (25 assets)
2026-01-11 09:59:09,508 | WARNING |   [GRT-USD] Fetch error: Too Many Requests. Rate limited. Try after a while.
2026-01-11 09:59:12,533 | INFO |   Batch complete, waiting 60s...
2026-01-11 10:00:12,538 | INFO | 
  Batch 2/2 (21 assets)
2026-01-11 10:00:14,362 | WARNING |   [UNI-USD] Fetch error: Too Many Requests. Rate limited. Try after a while.
2026-01-11 10:00:17,434 | INFO | 
============================================================
2026-01-11 10:00:17,434 | INFO | Processing EQUITY: 421 assets
2026-01-11 10:00:17,434 | INFO | Schedule: Weekdays 22:00 UTC
2026-01-11 10:00:17,434 | INFO | ============================================================
2026-01-11 10:00:17,434 | INFO |   Market closed for EQUITY today, skipping
2026-01-11 10:00:17,434 | INFO | 
============================================================
2026-01-11 10:00:17,439 | INFO | Processing FX: 24 assets
2026-01-11 10:00:17,439 | INFO | Schedule: Sun-Thu 22:00 UTC
2026-01-11 10:00:17,439 | INFO | ============================================================
2026-01-11 10:00:17,439 | INFO | 
  Batch 1/1 (24 assets)
2026-01-11 10:00:18,864 | WARNING |   [AUDJPY=X] Fetch error: Too Many Requests. Rate limited. Try after a while.
2026-01-11 10:00:23,034 | WARNING |   [CADJPY=X] Fetch error: Too Many Requests. Rate limited. Try after a while.
2026-01-11 10:00:27,363 | WARNING |   [CHFJPY=X] Fetch error: Too Many Requests. Rate limited. Try after a while.
2026-01-11 10:00:31,560 | WARNING |   [EURAUD=X] Fetch error: Too Many Requests. Rate limited. Try after a while.
2026-01-11 10:00:36,011 | WARNING |   [EURCHF=X] Fetch error: Too Many Requests. Rate limited. Try after a while.
2026-01-11 10:00:39,968 | WARNING |   [EURGBP=X] Fetch error: Too Many Requests. Rate limited. Try after a while.
2026-01-11 10:00:44,019 | WARNING |   [EURJPY=X] Fetch error: Too Many Requests. Rate limited. Try after a while.
2026-01-11 10:00:48,316 | WARNING |   [EURNOK=X] Fetch error: Too Many Requests. Rate limited. Try after a while.
2026-01-11 10:00:52,463 | WARNING |   [EURSEK=X] Fetch error: Too Many Requests. Rate limited. Try after a while.
2026-01-11 10:00:56,551 | WARNING |   [EURUSD=X] Fetch error: Too Many Requests. Rate limited. Try after a while.
2026-01-11 10:01:00,732 | WARNING |   [GBPJPY=X] Fetch error: Too Many Requests. Rate limited. Try after a while.
2026-01-11 10:01:05,168 | WARNING |   [USDHKD=X] Fetch error: Too Many Requests. Rate limited. Try after a while.
2026-01-11 10:01:09,286 | WARNING |   [USDJPY=X] Fetch error: Too Many Requests. Rate limited. Try after a while.
2026-01-11 10:01:13,378 | WARNING |   [USDMXN=X] Fetch error: Too Many Requests. Rate limited. Try after a while.
2026-01-11 10:01:17,485 | WARNING |   [USDTRY=X] Fetch error: Too Many Requests. Rate limited. Try after a while.
2026-01-11 10:01:20,512 | WARNING | Heartbeat recording failed: relation "fhq_monitoring.system_heartbeats" does not exist
LINE 2:                 INSERT INTO fhq_monitoring.system_heartbeats...
                                    ^

2026-01-11 10:01:20,512 | INFO | 
======================================================================
2026-01-11 10:01:20,512 | INFO | DAILY INGEST COMPLETE
2026-01-11 10:01:20,512 | INFO | ======================================================================
2026-01-11 10:01:20,512 | INFO | Assets Processed: 70
2026-01-11 10:01:20,512 | INFO | Assets Updated:   0
2026-01-11 10:01:20,512 | INFO | Rows Inserted:    0
2026-01-11 10:01:20,512 | INFO |   CRYPTO: 0 assets, 0 rows
2026-01-11 10:01:20,512 | INFO |   FX: 0 assets, 0 rows
2026-01-11 10:01:20,512 | INFO | Evidence: C:\fhq-market-system\vision-ios\03_FUNCTIONS\evidence\IOS001_DAILY_INGEST_439a9182_20260111_100120.json
2026-01-11 10:01:20,512 | INFO | ======================================================================
