2026-02-06 10:13:42,325 | INFO | ======================================================================
2026-02-06 10:13:42,325 | INFO | IoS-001 DAILY PRICE INGEST
2026-02-06 10:13:42,325 | INFO | Executor: LINE (EC-004)
2026-02-06 10:13:42,325 | INFO | Authority: CEO_DIRECTIVE_LINE_DAILY_INGEST_ACTIVATION_20251212
2026-02-06 10:13:42,325 | INFO | Time: 2026-02-06T09:13:42.325112+00:00
2026-02-06 10:13:42,325 | INFO | Asset Class Filter: ALL
2026-02-06 10:13:42,325 | INFO | Dry Run: False
2026-02-06 10:13:42,325 | INFO | ======================================================================
2026-02-06 10:13:42,564 | INFO | Found 491 VEGA-attested assets
2026-02-06 10:13:42,564 | INFO | 
============================================================
2026-02-06 10:13:42,564 | INFO | Processing CRYPTO: 46 assets
2026-02-06 10:13:42,564 | INFO | Schedule: Daily 01:00 UTC
2026-02-06 10:13:42,564 | INFO | ============================================================
2026-02-06 10:13:42,564 | INFO | 
  Batch 1/2 (25 assets)
2026-02-06 10:13:44,040 | ERROR | $GRT-USD: possibly delisted; no price data found  (1d 2026-02-06 -> 2026-02-07)
2026-02-06 10:13:47,098 | INFO |   Batch complete, waiting 60s...
2026-02-06 10:14:47,104 | INFO | 
  Batch 2/2 (21 assets)
2026-02-06 10:14:47,219 | INFO | 
============================================================
2026-02-06 10:14:47,219 | INFO | Processing EQUITY: 421 assets
2026-02-06 10:14:47,219 | INFO | Schedule: Weekdays 22:00 UTC
2026-02-06 10:14:47,219 | INFO | ============================================================
2026-02-06 10:14:47,219 | INFO | 
  Batch 1/17 (25 assets)
2026-02-06 10:14:47,437 | ERROR | $1COV.DE: possibly delisted; no price data found  (1d 2025-12-24 -> 2026-02-07)
2026-02-06 10:14:50,729 | INFO |     [ABBV] +1 rows
2026-02-06 10:14:53,923 | INFO |     [ABNB] +1 rows
2026-02-06 10:14:57,171 | INFO |     [ABT] +1 rows
2026-02-06 10:15:00,362 | INFO |     [ACA.PA] +1 rows
2026-02-06 10:15:03,561 | INFO |     [ADBE] +1 rows
2026-02-06 10:15:06,748 | INFO |     [ADI] +1 rows
2026-02-06 10:15:09,916 | INFO |     [ADS.DE] +1 rows
2026-02-06 10:15:13,063 | INFO |     [ADSK] +1 rows
2026-02-06 10:15:16,260 | INFO |     [AEP] +1 rows
2026-02-06 10:15:19,406 | INFO |     [AFL] +1 rows
2026-02-06 10:15:22,569 | INFO |     [AI.PA] +1 rows
2026-02-06 10:15:25,734 | INFO |     [AIG] +1 rows
2026-02-06 10:15:28,898 | INFO |     [AIR.DE] +1 rows
2026-02-06 10:15:32,072 | INFO |     [AIR.PA] +1 rows
2026-02-06 10:15:35,180 | INFO |     [AKAM] +1 rows
2026-02-06 10:15:38,313 | INFO |     [AKER.OL] +1 rows
2026-02-06 10:15:41,483 | INFO |     [AKRBP.OL] +1 rows
2026-02-06 10:15:44,616 | INFO |     [AKSO.OL] +1 rows
2026-02-06 10:15:47,753 | INFO |     [AKVA.OL] +1 rows
2026-02-06 10:15:50,887 | INFO |     [ALB] +1 rows
2026-02-06 10:15:54,071 | INFO |     [ALL] +1 rows
2026-02-06 10:15:57,199 | INFO |     [ALO.PA] +1 rows
2026-02-06 10:16:00,340 | INFO |     [ALV.DE] +1 rows
2026-02-06 10:16:03,495 | INFO |     [AMAT] +1 rows
2026-02-06 10:16:06,496 | INFO |   Batch complete, waiting 60s...
2026-02-06 10:17:06,497 | INFO | 
  Batch 2/17 (25 assets)
2026-02-06 10:17:06,589 | INFO |     [AMD] +1 rows
2026-02-06 10:17:09,752 | INFO |     [AMGN] +1 rows
2026-02-06 10:17:12,861 | INFO |     [AMT] +1 rows
2026-02-06 10:17:15,970 | INFO |     [AMZN] +1 rows
2026-02-06 10:17:19,163 | INFO |     [AON] +1 rows
2026-02-06 10:17:22,370 | INFO |     [APD] +1 rows
2026-02-06 10:17:25,475 | INFO |     [ASML] +1 rows
2026-02-06 10:17:28,614 | INFO |     [ATO.PA] +1 rows
2026-02-06 10:17:31,739 | INFO |     [AUSS.OL] +1 rows
2026-02-06 10:17:34,836 | INFO |     [AUTO.OL] +1 rows
2026-02-06 10:17:38,005 | INFO |     [AV.L] +1 rows
2026-02-06 10:17:41,135 | INFO |     [AVB] +1 rows
2026-02-06 10:17:44,244 | INFO |     [AVGO] +1 rows
2026-02-06 10:17:47,365 | INFO |     [AWK] +1 rows
2026-02-06 10:17:50,569 | INFO |     [AXP] +1 rows
2026-02-06 10:17:53,758 | INFO |     [AZN.L] +1 rows
2026-02-06 10:17:56,898 | INFO |     [AZO] +1 rows
2026-02-06 10:18:00,137 | INFO |     [BA] +1 rows
2026-02-06 10:18:03,286 | INFO |     [BA.L] +1 rows
2026-02-06 10:18:06,442 | INFO |     [BAC] +1 rows
2026-02-06 10:18:09,595 | INFO |     [BAKKA.OL] +1 rows
2026-02-06 10:18:12,771 | INFO |     [BARC.L] +1 rows
2026-02-06 10:18:15,947 | INFO |     [BAS.DE] +1 rows
2026-02-06 10:18:19,181 | INFO |     [BATS.L] +1 rows
2026-02-06 10:18:22,349 | INFO |     [BAYN.DE] +1 rows
2026-02-06 10:18:25,359 | INFO |   Batch complete, waiting 60s...
