2026-02-04 14:27:12,079 | INFO | ======================================================================
2026-02-04 14:27:12,079 | INFO | IoS-001 DAILY PRICE INGEST
2026-02-04 14:27:12,079 | INFO | Executor: LINE (EC-004)
2026-02-04 14:27:12,079 | INFO | Authority: CEO_DIRECTIVE_LINE_DAILY_INGEST_ACTIVATION_20251212
2026-02-04 14:27:12,079 | INFO | Time: 2026-02-04T13:27:12.079219+00:00
2026-02-04 14:27:12,079 | INFO | Asset Class Filter: ALL
2026-02-04 14:27:12,079 | INFO | Dry Run: False
2026-02-04 14:27:12,079 | INFO | ======================================================================
2026-02-04 14:27:12,443 | INFO | Found 491 VEGA-attested assets
2026-02-04 14:27:12,443 | INFO | 
============================================================
2026-02-04 14:27:12,443 | INFO | Processing CRYPTO: 46 assets
2026-02-04 14:27:12,443 | INFO | Schedule: Daily 01:00 UTC
2026-02-04 14:27:12,443 | INFO | ============================================================
2026-02-04 14:27:12,443 | INFO | 
  Batch 1/2 (25 assets)
2026-02-04 14:27:13,811 | ERROR | $GRT-USD: possibly delisted; no price data found  (1d 2026-02-04 -> 2026-02-05)
2026-02-04 14:27:16,835 | INFO |   Batch complete, waiting 60s...
2026-02-04 14:28:16,836 | INFO | 
  Batch 2/2 (21 assets)
2026-02-04 14:28:17,044 | ERROR | $UNI-USD: possibly delisted; no price data found  (1d 2026-02-01 -> 2026-02-05)
2026-02-04 14:28:20,111 | INFO | 
============================================================
2026-02-04 14:28:20,111 | INFO | Processing EQUITY: 421 assets
2026-02-04 14:28:20,111 | INFO | Schedule: Weekdays 22:00 UTC
2026-02-04 14:28:20,111 | INFO | ============================================================
2026-02-04 14:28:20,111 | INFO | 
  Batch 1/17 (25 assets)
2026-02-04 14:28:20,280 | ERROR | $1COV.DE: possibly delisted; no price data found  (1d 2025-12-24 -> 2026-02-05)
2026-02-04 14:28:23,449 | INFO |     [ABBV] +1 rows
2026-02-04 14:28:26,594 | INFO |     [ABNB] +1 rows
2026-02-04 14:28:29,743 | INFO |     [ABT] +1 rows
2026-02-04 14:28:32,895 | INFO |     [ADBE] +1 rows
2026-02-04 14:28:36,027 | INFO |     [ADI] +1 rows
2026-02-04 14:28:39,170 | INFO |     [ADSK] +1 rows
2026-02-04 14:28:42,400 | INFO |     [AEP] +1 rows
2026-02-04 14:28:45,574 | INFO |     [AFL] +1 rows
2026-02-04 14:28:48,727 | INFO |     [AIG] +1 rows
2026-02-04 14:28:51,839 | INFO |     [AKAM] +1 rows
2026-02-04 14:28:55,033 | INFO |     [ALB] +1 rows
2026-02-04 14:28:58,197 | INFO |     [ALL] +1 rows
2026-02-04 14:29:01,357 | INFO |     [AMAT] +1 rows
2026-02-04 14:29:04,364 | INFO |   Batch complete, waiting 60s...
2026-02-04 14:30:04,365 | INFO | 
  Batch 2/17 (25 assets)
2026-02-04 14:30:04,482 | INFO |     [AMD] +1 rows
2026-02-04 14:30:07,672 | INFO |     [AMGN] +1 rows
2026-02-04 14:30:10,793 | INFO |     [AMT] +1 rows
2026-02-04 14:30:13,919 | INFO |     [AMZN] +1 rows
2026-02-04 14:30:17,087 | INFO |     [AON] +1 rows
2026-02-04 14:30:20,264 | INFO |     [APD] +1 rows
2026-02-04 14:30:23,392 | INFO |     [ASML] +1 rows
2026-02-04 14:30:26,568 | INFO |     [AVB] +1 rows
2026-02-04 14:30:29,682 | INFO |     [AVGO] +1 rows
2026-02-04 14:30:32,961 | INFO |     [AWK] +1 rows
2026-02-04 14:30:36,119 | INFO |     [AXP] +1 rows
2026-02-04 14:30:39,286 | INFO |     [AZO] +1 rows
2026-02-04 14:30:42,569 | INFO |     [BA] +1 rows
2026-02-04 14:30:45,724 | INFO |     [BAC] +1 rows
2026-02-04 14:30:48,736 | INFO |   Batch complete, waiting 60s...
2026-02-04 14:31:48,737 | INFO | 
  Batch 3/17 (25 assets)
2026-02-04 14:31:48,948 | INFO |     [BKNG] +1 rows
2026-02-04 14:31:52,086 | INFO |     [BKR] +1 rows
2026-02-04 14:31:55,210 | INFO |     [BLK] +1 rows
2026-02-04 14:31:58,410 | INFO |     [BMY] +1 rows
2026-02-04 14:32:01,570 | INFO |     [BP.L] +1 rows
2026-02-04 14:32:07,366 | ERROR | $BRK.B: possibly delisted; no timezone found
