2026-01-30 05:42:30,755 | INFO | ======================================================================
2026-01-30 05:42:30,755 | INFO | IoS-001 DAILY PRICE INGEST
2026-01-30 05:42:30,756 | INFO | Executor: LINE (EC-004)
2026-01-30 05:42:30,756 | INFO | Authority: CEO_DIRECTIVE_LINE_DAILY_INGEST_ACTIVATION_20251212
2026-01-30 05:42:30,756 | INFO | Time: 2026-01-30T04:42:30.756162+00:00
2026-01-30 05:42:30,756 | INFO | Asset Class Filter: ALL
2026-01-30 05:42:30,756 | INFO | Dry Run: False
2026-01-30 05:42:30,756 | INFO | ======================================================================
2026-01-30 05:42:31,094 | INFO | Found 491 VEGA-attested assets
2026-01-30 05:42:31,094 | INFO | 
============================================================
2026-01-30 05:42:31,095 | INFO | Processing CRYPTO: 46 assets
2026-01-30 05:42:31,095 | INFO | Schedule: Daily 01:00 UTC
2026-01-30 05:42:31,095 | INFO | ============================================================
2026-01-30 05:42:31,095 | INFO | 
  Batch 1/2 (25 assets)
2026-01-30 05:42:33,365 | ERROR | $GRT-USD: possibly delisted; no price data found  (1d 2026-01-30 -> 2026-01-31)
2026-01-30 05:42:36,389 | INFO |   Batch complete, waiting 60s...
2026-01-30 05:43:36,390 | INFO | 
  Batch 2/2 (21 assets)
2026-01-30 05:43:36,522 | ERROR | $UNI-USD: possibly delisted; no price data found  (1d 2026-01-27 -> 2026-01-31)
2026-01-30 05:43:39,550 | INFO | 
============================================================
2026-01-30 05:43:39,550 | INFO | Processing EQUITY: 421 assets
2026-01-30 05:43:39,550 | INFO | Schedule: Weekdays 22:00 UTC
2026-01-30 05:43:39,550 | INFO | ============================================================
2026-01-30 05:43:39,550 | INFO | 
  Batch 1/17 (25 assets)
2026-01-30 05:43:39,776 | ERROR | $1COV.DE: possibly delisted; no price data found  (1d 2025-12-24 -> 2026-01-31)
2026-01-30 05:43:45,756 | ERROR | $ABBV: possibly delisted; no price data found  (1d 2026-01-30 -> 2026-01-31) (Yahoo error = "Data doesn't exist for startDate = 1769749200, endDate = 1769835600")
2026-01-30 05:43:50,172 | ERROR | $ABNB: possibly delisted; no price data found  (1d 2026-01-30 -> 2026-01-31) (Yahoo error = "Data doesn't exist for startDate = 1769749200, endDate = 1769835600")
2026-01-30 05:43:54,392 | ERROR | $ABT: possibly delisted; no price data found  (1d 2026-01-30 -> 2026-01-31) (Yahoo error = "Data doesn't exist for startDate = 1769749200, endDate = 1769835600")
2026-01-30 05:43:57,601 | INFO |     [ACA.PA] +1 rows
2026-01-30 05:44:01,875 | ERROR | $ADBE: possibly delisted; no price data found  (1d 2026-01-30 -> 2026-01-31) (Yahoo error = "Data doesn't exist for startDate = 1769749200, endDate = 1769835600")
2026-01-30 05:44:06,106 | ERROR | $ADI: possibly delisted; no price data found  (1d 2026-01-30 -> 2026-01-31) (Yahoo error = "Data doesn't exist for startDate = 1769749200, endDate = 1769835600")
2026-01-30 05:44:09,327 | INFO |     [ADS.DE] +1 rows
2026-01-30 05:44:13,617 | ERROR | $ADSK: possibly delisted; no price data found  (1d 2026-01-30 -> 2026-01-31) (Yahoo error = "Data doesn't exist for startDate = 1769749200, endDate = 1769835600")
2026-01-30 05:44:17,996 | ERROR | $AEP: possibly delisted; no price data found  (1d 2026-01-30 -> 2026-01-31) (Yahoo error = "Data doesn't exist for startDate = 1769749200, endDate = 1769835600")
2026-01-30 05:44:22,141 | ERROR | $AFL: possibly delisted; no price data found  (1d 2026-01-30 -> 2026-01-31) (Yahoo error = "Data doesn't exist for startDate = 1769749200, endDate = 1769835600")
2026-01-30 05:44:25,293 | INFO |     [AI.PA] +1 rows
2026-01-30 05:44:29,836 | ERROR | $AIG: possibly delisted; no price data found  (1d 2026-01-30 -> 2026-01-31) (Yahoo error = "Data doesn't exist for startDate = 1769749200, endDate = 1769835600")
2026-01-30 05:44:33,021 | INFO |     [AIR.DE] +1 rows
2026-01-30 05:44:36,221 | INFO |     [AIR.PA] +1 rows
2026-01-30 05:44:40,551 | ERROR | $AKAM: possibly delisted; no price data found  (1d 2026-01-30 -> 2026-01-31) (Yahoo error = "Data doesn't exist for startDate = 1769749200, endDate = 1769835600")
2026-01-30 05:44:43,697 | INFO |     [AKER.OL] +1 rows
2026-01-30 05:44:46,839 | INFO |     [AKRBP.OL] +1 rows
2026-01-30 05:44:49,953 | INFO |     [AKSO.OL] +1 rows
2026-01-30 05:44:53,071 | INFO |     [AKVA.OL] +1 rows
2026-01-30 05:44:57,275 | ERROR | $ALB: possibly delisted; no price data found  (1d 2026-01-30 -> 2026-01-31) (Yahoo error = "Data doesn't exist for startDate = 1769749200, endDate = 1769835600")
2026-01-30 05:45:01,492 | ERROR | $ALL: possibly delisted; no price data found  (1d 2026-01-30 -> 2026-01-31) (Yahoo error = "Data doesn't exist for startDate = 1769749200, endDate = 1769835600")
2026-01-30 05:45:04,641 | INFO |     [ALO.PA] +1 rows
2026-01-30 05:45:07,773 | INFO |     [ALV.DE] +1 rows
2026-01-30 05:45:11,975 | ERROR | $AMAT: possibly delisted; no price data found  (1d 2026-01-30 -> 2026-01-31) (Yahoo error = "Data doesn't exist for startDate = 1769749200, endDate = 1769835600")
2026-01-30 05:45:14,980 | INFO |   Batch complete, waiting 60s...
2026-01-30 05:46:14,982 | INFO | 
  Batch 2/17 (25 assets)
2026-01-30 05:46:16,768 | ERROR | $AMD: possibly delisted; no price data found  (1d 2026-01-30 -> 2026-01-31) (Yahoo error = "Data doesn't exist for startDate = 1769749200, endDate = 1769835600")
2026-01-30 05:46:21,152 | ERROR | $AMGN: possibly delisted; no price data found  (1d 2026-01-30 -> 2026-01-31) (Yahoo error = "Data doesn't exist for startDate = 1769749200, endDate = 1769835600")
2026-01-30 05:46:25,399 | ERROR | $AMT: possibly delisted; no price data found  (1d 2026-01-30 -> 2026-01-31) (Yahoo error = "Data doesn't exist for startDate = 1769749200, endDate = 1769835600")
2026-01-30 05:46:29,995 | ERROR | $AMZN: possibly delisted; no price data found  (1d 2026-01-30 -> 2026-01-31) (Yahoo error = "Data doesn't exist for startDate = 1769749200, endDate = 1769835600")
2026-01-30 05:46:34,249 | ERROR | $AON: possibly delisted; no price data found  (1d 2026-01-30 -> 2026-01-31) (Yahoo error = "Data doesn't exist for startDate = 1769749200, endDate = 1769835600")
2026-01-30 05:46:38,364 | ERROR | $APD: possibly delisted; no price data found  (1d 2026-01-30 -> 2026-01-31) (Yahoo error = "Data doesn't exist for startDate = 1769749200, endDate = 1769835600")
2026-01-30 05:46:42,575 | ERROR | $ASML: possibly delisted; no price data found  (1d 2026-01-30 -> 2026-01-31) (Yahoo error = "Data doesn't exist for startDate = 1769749200, endDate = 1769835600")
2026-01-30 05:46:45,711 | INFO |     [ATO.PA] +1 rows
2026-01-30 05:46:48,892 | INFO |     [AUSS.OL] +1 rows
2026-01-30 05:46:52,013 | INFO |     [AUTO.OL] +1 rows
2026-01-30 05:46:55,293 | INFO |     [AV.L] +1 rows
2026-01-30 05:46:59,507 | ERROR | $AVB: possibly delisted; no price data found  (1d 2026-01-30 -> 2026-01-31) (Yahoo error = "Data doesn't exist for startDate = 1769749200, endDate = 1769835600")
2026-01-30 05:47:03,651 | ERROR | $AVGO: possibly delisted; no price data found  (1d 2026-01-30 -> 2026-01-31) (Yahoo error = "Data doesn't exist for startDate = 1769749200, endDate = 1769835600")
2026-01-30 05:47:07,888 | ERROR | $AWK: possibly delisted; no price data found  (1d 2026-01-30 -> 2026-01-31) (Yahoo error = "Data doesn't exist for startDate = 1769749200, endDate = 1769835600")
2026-01-30 05:47:12,255 | ERROR | $AXP: possibly delisted; no price data found  (1d 2026-01-30 -> 2026-01-31) (Yahoo error = "Data doesn't exist for startDate = 1769749200, endDate = 1769835600")
2026-01-30 05:47:15,413 | INFO |     [AZN.L] +1 rows
2026-01-30 05:47:19,843 | ERROR | $AZO: possibly delisted; no price data found  (1d 2026-01-30 -> 2026-01-31) (Yahoo error = "Data doesn't exist for startDate = 1769749200, endDate = 1769835600")
2026-01-30 05:47:24,244 | ERROR | $BA: possibly delisted; no price data found  (1d 2026-01-30 -> 2026-01-31) (Yahoo error = "Data doesn't exist for startDate = 1769749200, endDate = 1769835600")
2026-01-30 05:47:27,540 | INFO |     [BA.L] +1 rows
