2026-01-28 11:13:13,767 | INFO | ======================================================================
2026-01-28 11:13:13,767 | INFO | IoS-001 DAILY PRICE INGEST
2026-01-28 11:13:13,767 | INFO | Executor: LINE (EC-004)
2026-01-28 11:13:13,767 | INFO | Authority: CEO_DIRECTIVE_LINE_DAILY_INGEST_ACTIVATION_20251212
2026-01-28 11:13:13,767 | INFO | Time: 2026-01-28T10:13:13.767509+00:00
2026-01-28 11:13:13,767 | INFO | Asset Class Filter: ALL
2026-01-28 11:13:13,767 | INFO | Dry Run: False
2026-01-28 11:13:13,767 | INFO | ======================================================================
2026-01-28 11:13:14,317 | INFO | Found 491 VEGA-attested assets
2026-01-28 11:13:14,317 | INFO | 
============================================================
2026-01-28 11:13:14,318 | INFO | Processing CRYPTO: 46 assets
2026-01-28 11:13:14,318 | INFO | Schedule: Daily 01:00 UTC
2026-01-28 11:13:14,318 | INFO | ============================================================
2026-01-28 11:13:14,318 | INFO | 
  Batch 1/2 (25 assets)
2026-01-28 11:13:17,611 | WARNING |   [GRT-USD] Fetch error: Too Many Requests. Rate limited. Try after a while.
2026-01-28 11:13:20,665 | INFO |   Batch complete, waiting 60s...
2026-01-28 11:14:20,667 | INFO | 
  Batch 2/2 (21 assets)
2026-01-28 11:14:22,436 | WARNING |   [UNI-USD] Fetch error: Too Many Requests. Rate limited. Try after a while.
2026-01-28 11:14:25,507 | INFO | 
============================================================
2026-01-28 11:14:25,507 | INFO | Processing EQUITY: 421 assets
2026-01-28 11:14:25,507 | INFO | Schedule: Weekdays 22:00 UTC
2026-01-28 11:14:25,507 | INFO | ============================================================
2026-01-28 11:14:25,507 | INFO | 
  Batch 1/17 (25 assets)
2026-01-28 11:14:26,559 | WARNING |   [1COV.DE] Fetch error: Too Many Requests. Rate limited. Try after a while.
2026-01-28 11:14:30,696 | WARNING |   [ABBV] Fetch error: Too Many Requests. Rate limited. Try after a while.
2026-01-28 11:14:34,657 | WARNING |   [ABNB] Fetch error: Too Many Requests. Rate limited. Try after a while.
2026-01-28 11:14:38,847 | WARNING |   [ABT] Fetch error: Too Many Requests. Rate limited. Try after a while.
2026-01-28 11:14:42,962 | WARNING |   [ADBE] Fetch error: Too Many Requests. Rate limited. Try after a while.
2026-01-28 11:14:47,089 | WARNING |   [ADI] Fetch error: Too Many Requests. Rate limited. Try after a while.
2026-01-28 11:14:50,954 | WARNING |   [ADSK] Fetch error: Too Many Requests. Rate limited. Try after a while.
2026-01-28 11:14:54,952 | WARNING |   [AEP] Fetch error: Too Many Requests. Rate limited. Try after a while.
2026-01-28 11:14:59,045 | WARNING |   [AFL] Fetch error: Too Many Requests. Rate limited. Try after a while.
2026-01-28 11:15:03,191 | WARNING |   [AIG] Fetch error: Too Many Requests. Rate limited. Try after a while.
2026-01-28 11:15:07,690 | WARNING |   [AKAM] Fetch error: Too Many Requests. Rate limited. Try after a while.
2026-01-28 11:15:11,743 | WARNING |   [ALB] Fetch error: Too Many Requests. Rate limited. Try after a while.
2026-01-28 11:15:15,672 | WARNING |   [ALL] Fetch error: Too Many Requests. Rate limited. Try after a while.
2026-01-28 11:15:19,952 | WARNING |   [AMAT] Fetch error: Too Many Requests. Rate limited. Try after a while.
2026-01-28 11:15:22,953 | INFO |   Batch complete, waiting 60s...
2026-01-28 11:16:22,954 | INFO | 
  Batch 2/17 (25 assets)
2026-01-28 11:16:24,501 | WARNING |   [AMD] Fetch error: Too Many Requests. Rate limited. Try after a while.
2026-01-28 11:16:28,521 | WARNING |   [AMGN] Fetch error: Too Many Requests. Rate limited. Try after a while.
2026-01-28 11:16:32,514 | WARNING |   [AMT] Fetch error: Too Many Requests. Rate limited. Try after a while.
2026-01-28 11:16:36,444 | WARNING |   [AMZN] Fetch error: Too Many Requests. Rate limited. Try after a while.
2026-01-28 11:16:40,504 | WARNING |   [AON] Fetch error: Too Many Requests. Rate limited. Try after a while.
2026-01-28 11:16:44,472 | WARNING |   [APD] Fetch error: Too Many Requests. Rate limited. Try after a while.
2026-01-28 11:16:49,474 | WARNING |   [ASML] Fetch error: Too Many Requests. Rate limited. Try after a while.
2026-01-28 11:16:53,627 | WARNING |   [AVB] Fetch error: Too Many Requests. Rate limited. Try after a while.
2026-01-28 11:16:57,651 | WARNING |   [AVGO] Fetch error: Too Many Requests. Rate limited. Try after a while.
2026-01-28 11:17:01,966 | WARNING |   [AWK] Fetch error: Too Many Requests. Rate limited. Try after a while.
2026-01-28 11:17:05,944 | WARNING |   [AXP] Fetch error: Too Many Requests. Rate limited. Try after a while.
2026-01-28 11:17:10,211 | WARNING |   [AZO] Fetch error: Too Many Requests. Rate limited. Try after a while.
2026-01-28 11:17:15,233 | WARNING |   [BA] Fetch error: Too Many Requests. Rate limited. Try after a while.
2026-01-28 11:17:19,353 | WARNING |   [BAC] Fetch error: Too Many Requests. Rate limited. Try after a while.
2026-01-28 11:17:22,382 | INFO |   Batch complete, waiting 60s...
