2026-01-20 02:36:37,378 | INFO | ======================================================================
2026-01-20 02:36:37,378 | INFO | IoS-001 DAILY PRICE INGEST
2026-01-20 02:36:37,379 | INFO | Executor: LINE (EC-004)
2026-01-20 02:36:37,379 | INFO | Authority: CEO_DIRECTIVE_LINE_DAILY_INGEST_ACTIVATION_20251212
2026-01-20 02:36:37,379 | INFO | Time: 2026-01-20T01:36:37.379717+00:00
2026-01-20 02:36:37,379 | INFO | Asset Class Filter: ALL
2026-01-20 02:36:37,380 | INFO | Dry Run: False
2026-01-20 02:36:37,380 | INFO | ======================================================================
2026-01-20 02:36:38,178 | INFO | Found 491 VEGA-attested assets
2026-01-20 02:36:38,179 | INFO | 
============================================================
2026-01-20 02:36:38,179 | INFO | Processing CRYPTO: 46 assets
2026-01-20 02:36:38,179 | INFO | Schedule: Daily 01:00 UTC
2026-01-20 02:36:38,179 | INFO | ============================================================
2026-01-20 02:36:38,179 | INFO | 
  Batch 1/2 (25 assets)
2026-01-20 02:36:44,756 | WARNING |   [GRT-USD] Fetch error: Too Many Requests. Rate limited. Try after a while.
2026-01-20 02:36:47,780 | INFO |   Batch complete, waiting 60s...
2026-01-20 02:37:47,781 | INFO | 
  Batch 2/2 (21 assets)
2026-01-20 02:37:50,453 | WARNING |   [UNI-USD] Fetch error: Too Many Requests. Rate limited. Try after a while.
2026-01-20 02:37:53,483 | INFO | 
============================================================
2026-01-20 02:37:53,483 | INFO | Processing EQUITY: 421 assets
2026-01-20 02:37:53,483 | INFO | Schedule: Weekdays 22:00 UTC
2026-01-20 02:37:53,483 | INFO | ============================================================
2026-01-20 02:37:53,483 | INFO | 
  Batch 1/17 (25 assets)
2026-01-20 02:37:55,222 | WARNING |   [1COV.DE] Fetch error: Too Many Requests. Rate limited. Try after a while.
2026-01-20 02:37:59,465 | WARNING |   [ABBV] Fetch error: Too Many Requests. Rate limited. Try after a while.
2026-01-20 02:38:03,715 | WARNING |   [ABNB] Fetch error: Too Many Requests. Rate limited. Try after a while.
2026-01-20 02:38:07,686 | WARNING |   [ABT] Fetch error: Too Many Requests. Rate limited. Try after a while.
2026-01-20 02:38:11,849 | WARNING |   [ACA.PA] Fetch error: Too Many Requests. Rate limited. Try after a while.
2026-01-20 02:38:16,027 | WARNING |   [ADBE] Fetch error: Too Many Requests. Rate limited. Try after a while.
2026-01-20 02:38:20,351 | WARNING |   [ADI] Fetch error: Too Many Requests. Rate limited. Try after a while.
2026-01-20 02:38:24,346 | WARNING |   [ADS.DE] Fetch error: Too Many Requests. Rate limited. Try after a while.
2026-01-20 02:38:28,594 | WARNING |   [ADSK] Fetch error: Too Many Requests. Rate limited. Try after a while.
2026-01-20 02:38:32,802 | WARNING |   [AEP] Fetch error: Too Many Requests. Rate limited. Try after a while.
2026-01-20 02:38:37,024 | WARNING |   [AFL] Fetch error: Too Many Requests. Rate limited. Try after a while.
2026-01-20 02:38:40,731 | WARNING |   [AI.PA] Fetch error: Too Many Requests. Rate limited. Try after a while.
2026-01-20 02:38:44,812 | WARNING |   [AIG] Fetch error: Too Many Requests. Rate limited. Try after a while.
2026-01-20 02:38:49,037 | WARNING |   [AIR.DE] Fetch error: Too Many Requests. Rate limited. Try after a while.
2026-01-20 02:38:53,318 | WARNING |   [AIR.PA] Fetch error: Too Many Requests. Rate limited. Try after a while.
2026-01-20 02:38:57,296 | WARNING |   [AKAM] Fetch error: Too Many Requests. Rate limited. Try after a while.
2026-01-20 02:39:01,410 | WARNING |   [AKER.OL] Fetch error: Too Many Requests. Rate limited. Try after a while.
2026-01-20 02:39:05,677 | WARNING |   [AKRBP.OL] Fetch error: Too Many Requests. Rate limited. Try after a while.
2026-01-20 02:39:10,086 | WARNING |   [AKSO.OL] Fetch error: Too Many Requests. Rate limited. Try after a while.
2026-01-20 02:39:14,052 | WARNING |   [AKVA.OL] Fetch error: Too Many Requests. Rate limited. Try after a while.
2026-01-20 02:39:18,246 | WARNING |   [ALB] Fetch error: Too Many Requests. Rate limited. Try after a while.
2026-01-20 02:39:22,335 | WARNING |   [ALL] Fetch error: Too Many Requests. Rate limited. Try after a while.
2026-01-20 02:39:26,313 | WARNING |   [ALO.PA] Fetch error: Too Many Requests. Rate limited. Try after a while.
2026-01-20 02:39:30,259 | WARNING |   [ALV.DE] Fetch error: Too Many Requests. Rate limited. Try after a while.
2026-01-20 02:39:34,177 | WARNING |   [AMAT] Fetch error: Too Many Requests. Rate limited. Try after a while.
2026-01-20 02:39:37,178 | INFO |   Batch complete, waiting 60s...
2026-01-20 02:40:37,179 | INFO | 
  Batch 2/17 (25 assets)
2026-01-20 02:40:39,486 | WARNING |   [AMD] Fetch error: Too Many Requests. Rate limited. Try after a while.
2026-01-20 02:40:43,526 | WARNING |   [AMGN] Fetch error: Too Many Requests. Rate limited. Try after a while.
2026-01-20 02:40:47,708 | WARNING |   [AMT] Fetch error: Too Many Requests. Rate limited. Try after a while.
2026-01-20 02:40:51,707 | WARNING |   [AMZN] Fetch error: Too Many Requests. Rate limited. Try after a while.
2026-01-20 02:40:55,759 | WARNING |   [AON] Fetch error: Too Many Requests. Rate limited. Try after a while.
2026-01-20 02:40:59,992 | WARNING |   [APD] Fetch error: Too Many Requests. Rate limited. Try after a while.
2026-01-20 02:41:03,974 | WARNING |   [ASML] Fetch error: Too Many Requests. Rate limited. Try after a while.
2026-01-20 02:41:08,273 | WARNING |   [ATO.PA] Fetch error: Too Many Requests. Rate limited. Try after a while.
2026-01-20 02:41:12,167 | WARNING |   [AUSS.OL] Fetch error: Too Many Requests. Rate limited. Try after a while.
2026-01-20 02:41:16,648 | WARNING |   [AUTO.OL] Fetch error: Too Many Requests. Rate limited. Try after a while.
2026-01-20 02:41:20,789 | WARNING |   [AV.L] Fetch error: Too Many Requests. Rate limited. Try after a while.
2026-01-20 02:41:25,465 | WARNING |   [AVB] Fetch error: Too Many Requests. Rate limited. Try after a while.
2026-01-20 02:41:29,228 | WARNING |   [AVGO] Fetch error: Too Many Requests. Rate limited. Try after a while.
