2026-02-12 21:01:44,382 | INFO | ======================================================================
2026-02-12 21:01:44,382 | INFO | IoS-001 DAILY PRICE INGEST
2026-02-12 21:01:44,382 | INFO | Executor: LINE (EC-004)
2026-02-12 21:01:44,382 | INFO | Authority: CEO_DIRECTIVE_LINE_DAILY_INGEST_ACTIVATION_20251212
2026-02-12 21:01:44,383 | INFO | Amendment: CEO-DIR-2026-119 (Rate Limit Mitigation)
2026-02-12 21:01:44,383 | INFO | Time: 2026-02-12T20:01:44.383597+00:00
2026-02-12 21:01:44,383 | INFO | Asset Class Filter: ALL
2026-02-12 21:01:44,383 | INFO | Batch Mode: True
2026-02-12 21:01:44,383 | INFO | Dry Run: False
2026-02-12 21:01:44,383 | INFO | ======================================================================
2026-02-12 21:01:44,669 | INFO | Found 491 VEGA-attested assets
2026-02-12 21:01:44,669 | INFO | 
============================================================
2026-02-12 21:01:44,670 | INFO | Processing CRYPTO: 46 assets
2026-02-12 21:01:44,670 | INFO | Schedule: Daily 01:00 UTC
2026-02-12 21:01:44,670 | INFO | ============================================================
2026-02-12 21:01:44,670 | INFO |   Using BATCH MODE (CEO-DIR-2026-119)
2026-02-12 21:01:44,670 | INFO | 
  Batch 1/5 (10 tickers)
2026-02-12 21:01:44,685 | INFO |     All assets up to date
2026-02-12 21:01:44,685 | INFO | 
  Batch 2/5 (10 tickers)
2026-02-12 21:01:44,696 | INFO |     Batch download: 1 tickers
2026-02-12 21:01:46,031 | ERROR | 
1 Failed download:
2026-02-12 21:01:46,031 | ERROR | ['GRT-USD']: YFPricesMissingError('possibly delisted; no price data found  (1d 2026-02-11 -> 2026-02-13)')
2026-02-12 21:01:46,040 | INFO |   Batch complete, waiting 120s...
2026-02-12 21:03:46,042 | INFO | 
  Batch 3/5 (10 tickers)
2026-02-12 21:03:46,126 | INFO |     All assets up to date
2026-02-12 21:03:46,126 | INFO | 
  Batch 4/5 (10 tickers)
2026-02-12 21:03:46,174 | INFO |     Batch download: 1 tickers
2026-02-12 21:03:46,611 | ERROR | 
1 Failed download:
2026-02-12 21:03:46,612 | ERROR | ['UNI-USD']: YFPricesMissingError('possibly delisted; no price data found  (1d 2026-02-12 -> 2026-02-13)')
2026-02-12 21:03:46,618 | INFO |   Batch complete, waiting 120s...
2026-02-12 21:05:46,621 | INFO | 
  Batch 5/5 (6 tickers)
2026-02-12 21:05:46,674 | INFO |     All assets up to date
2026-02-12 21:05:46,674 | INFO | 
============================================================
2026-02-12 21:05:46,674 | INFO | Processing EQUITY: 421 assets
2026-02-12 21:05:46,674 | INFO | Schedule: Weekdays 22:00 UTC
2026-02-12 21:05:46,674 | INFO | ============================================================
2026-02-12 21:05:46,674 | INFO |   Using BATCH MODE (CEO-DIR-2026-119)
2026-02-12 21:05:46,674 | INFO | 
  Batch 1/43 (10 tickers)
2026-02-12 21:05:46,693 | INFO |     Batch download: 1 tickers
2026-02-12 21:05:47,571 | ERROR | 
1 Failed download:
2026-02-12 21:05:47,571 | ERROR | ['1COV.DE']: YFPricesMissingError('possibly delisted; no price data found  (1d 2025-12-24 -> 2026-02-13)')
2026-02-12 21:05:47,575 | INFO |   Batch complete, waiting 120s...
