2026-01-11 19:52:21,735 | INFO | ======================================================================
2026-01-11 19:52:21,735 | INFO | IoS-001 DAILY PRICE INGEST
2026-01-11 19:52:21,735 | INFO | Executor: LINE (EC-004)
2026-01-11 19:52:21,735 | INFO | Authority: CEO_DIRECTIVE_LINE_DAILY_INGEST_ACTIVATION_20251212
2026-01-11 19:52:21,735 | INFO | Time: 2026-01-11T18:52:21.735658+00:00
2026-01-11 19:52:21,735 | INFO | Asset Class Filter: ALL
2026-01-11 19:52:21,735 | INFO | Dry Run: False
2026-01-11 19:52:21,735 | INFO | ======================================================================
2026-01-11 19:52:22,043 | INFO | Found 491 VEGA-attested assets
2026-01-11 19:52:22,043 | INFO | 
============================================================
2026-01-11 19:52:22,043 | INFO | Processing CRYPTO: 46 assets
2026-01-11 19:52:22,043 | INFO | Schedule: Daily 01:00 UTC
2026-01-11 19:52:22,043 | INFO | ============================================================
2026-01-11 19:52:22,044 | INFO | 
  Batch 1/2 (25 assets)
2026-01-11 19:52:27,164 | WARNING |   [GRT-USD] Fetch error: Too Many Requests. Rate limited. Try after a while.
2026-01-11 19:52:30,190 | INFO |   Batch complete, waiting 60s...
2026-01-11 19:53:30,191 | INFO | 
  Batch 2/2 (21 assets)
2026-01-11 19:53:30,556 | WARNING |   [UNI-USD] Fetch error: Too Many Requests. Rate limited. Try after a while.
2026-01-11 19:53:33,577 | INFO | 
============================================================
2026-01-11 19:53:33,577 | INFO | Processing EQUITY: 421 assets
2026-01-11 19:53:33,577 | INFO | Schedule: Weekdays 22:00 UTC
2026-01-11 19:53:33,577 | INFO | ============================================================
2026-01-11 19:53:33,578 | INFO |   Market closed for EQUITY today, skipping
2026-01-11 19:53:33,578 | INFO | 
============================================================
2026-01-11 19:53:33,578 | INFO | Processing FX: 24 assets
2026-01-11 19:53:33,578 | INFO | Schedule: Sun-Thu 22:00 UTC
2026-01-11 19:53:33,578 | INFO | ============================================================
2026-01-11 19:53:33,578 | INFO | 
  Batch 1/1 (24 assets)
2026-01-11 19:53:36,602 | WARNING |   [EURSEK=X] Fetch error: Too Many Requests. Rate limited. Try after a while.
2026-01-11 19:53:39,643 | WARNING | Heartbeat recording failed: relation "fhq_monitoring.system_heartbeats" does not exist
LINE 2:                 INSERT INTO fhq_monitoring.system_heartbeats...
                                    ^

2026-01-11 19:53:39,644 | INFO | 
======================================================================
2026-01-11 19:53:39,645 | INFO | DAILY INGEST COMPLETE
2026-01-11 19:53:39,645 | INFO | ======================================================================
2026-01-11 19:53:39,645 | INFO | Assets Processed: 70
2026-01-11 19:53:39,645 | INFO | Assets Updated:   0
2026-01-11 19:53:39,645 | INFO | Rows Inserted:    0
2026-01-11 19:53:39,646 | INFO |   CRYPTO: 0 assets, 0 rows
2026-01-11 19:53:39,646 | INFO |   FX: 0 assets, 0 rows
2026-01-11 19:53:39,646 | INFO | Evidence: C:\fhq-market-system\vision-ios\03_FUNCTIONS\evidence\IOS001_DAILY_INGEST_f53a35a7_20260111_195339.json
2026-01-11 19:53:39,646 | INFO | ======================================================================
