2026-01-14 00:09:15,826 | INFO | ======================================================================
2026-01-14 00:09:15,826 | INFO | IoS-001 DAILY PRICE INGEST
2026-01-14 00:09:15,827 | INFO | Executor: LINE (EC-004)
2026-01-14 00:09:15,827 | INFO | Authority: CEO_DIRECTIVE_LINE_DAILY_INGEST_ACTIVATION_20251212
2026-01-14 00:09:15,827 | INFO | Time: 2026-01-13T23:09:15.827856+00:00
2026-01-14 00:09:15,827 | INFO | Asset Class Filter: ALL
2026-01-14 00:09:15,827 | INFO | Dry Run: False
2026-01-14 00:09:15,827 | INFO | ======================================================================
2026-01-14 00:09:16,292 | INFO | Found 491 VEGA-attested assets
2026-01-14 00:09:16,292 | INFO | 
============================================================
2026-01-14 00:09:16,292 | INFO | Processing CRYPTO: 46 assets
2026-01-14 00:09:16,293 | INFO | Schedule: Daily 01:00 UTC
2026-01-14 00:09:16,293 | INFO | ============================================================
2026-01-14 00:09:16,293 | INFO | 
  Batch 1/2 (25 assets)
2026-01-14 00:09:19,654 | ERROR | $ADA-USD: possibly delisted; no price data found  (1d 2026-01-14 -> 2026-01-15) (Yahoo error = "Data doesn't exist for startDate = 1768348800, endDate = 1768435200")
2026-01-14 00:09:23,981 | ERROR | $ALGO-USD: possibly delisted; no price data found  (1d 2026-01-14 -> 2026-01-15) (Yahoo error = "Data doesn't exist for startDate = 1768348800, endDate = 1768435200")
2026-01-14 00:09:28,374 | ERROR | $ATOM-USD: possibly delisted; no price data found  (1d 2026-01-14 -> 2026-01-15) (Yahoo error = "Data doesn't exist for startDate = 1768348800, endDate = 1768435200")
2026-01-14 00:09:32,520 | ERROR | $AVAX-USD: possibly delisted; no price data found  (1d 2026-01-14 -> 2026-01-15) (Yahoo error = "Data doesn't exist for startDate = 1768348800, endDate = 1768435200")
2026-01-14 00:09:36,383 | ERROR | $AXS-USD: possibly delisted; no price data found  (1d 2026-01-14 -> 2026-01-15) (Yahoo error = "Data doesn't exist for startDate = 1768348800, endDate = 1768435200")
2026-01-14 00:09:40,732 | ERROR | $BCH-USD: possibly delisted; no price data found  (1d 2026-01-14 -> 2026-01-15) (Yahoo error = "Data doesn't exist for startDate = 1768348800, endDate = 1768435200")
2026-01-14 00:09:44,827 | ERROR | $BNB-USD: possibly delisted; no price data found  (1d 2026-01-14 -> 2026-01-15) (Yahoo error = "Data doesn't exist for startDate = 1768348800, endDate = 1768435200")
2026-01-14 00:09:48,937 | ERROR | $BTC-USD: possibly delisted; no price data found  (1d 2026-01-14 -> 2026-01-15) (Yahoo error = "Data doesn't exist for startDate = 1768348800, endDate = 1768435200")
2026-01-14 00:09:53,416 | ERROR | $CHZ-USD: possibly delisted; no price data found  (1d 2026-01-14 -> 2026-01-15) (Yahoo error = "Data doesn't exist for startDate = 1768348800, endDate = 1768435200")
2026-01-14 00:09:57,810 | ERROR | $CRO-USD: possibly delisted; no price data found  (1d 2026-01-14 -> 2026-01-15) (Yahoo error = "Data doesn't exist for startDate = 1768348800, endDate = 1768435200")
2026-01-14 00:10:01,800 | ERROR | $CRV-USD: possibly delisted; no price data found  (1d 2026-01-14 -> 2026-01-15) (Yahoo error = "Data doesn't exist for startDate = 1768348800, endDate = 1768435200")
2026-01-14 00:10:06,162 | ERROR | $DOGE-USD: possibly delisted; no price data found  (1d 2026-01-14 -> 2026-01-15) (Yahoo error = "Data doesn't exist for startDate = 1768348800, endDate = 1768435200")
2026-01-14 00:10:10,274 | ERROR | $DOT-USD: possibly delisted; no price data found  (1d 2026-01-14 -> 2026-01-15) (Yahoo error = "Data doesn't exist for startDate = 1768348800, endDate = 1768435200")
2026-01-14 00:10:14,492 | ERROR | $EOS-USD: possibly delisted; no price data found  (1d 2026-01-14 -> 2026-01-15) (Yahoo error = "Data doesn't exist for startDate = 1768348800, endDate = 1768435200")
2026-01-14 00:10:18,978 | ERROR | $ETC-USD: possibly delisted; no price data found  (1d 2026-01-14 -> 2026-01-15) (Yahoo error = "Data doesn't exist for startDate = 1768348800, endDate = 1768435200")
2026-01-14 00:10:23,148 | ERROR | $ETH-USD: possibly delisted; no price data found  (1d 2026-01-14 -> 2026-01-15) (Yahoo error = "Data doesn't exist for startDate = 1768348800, endDate = 1768435200")
2026-01-14 00:10:27,665 | ERROR | $FIL-USD: possibly delisted; no price data found  (1d 2026-01-14 -> 2026-01-15) (Yahoo error = "Data doesn't exist for startDate = 1768348800, endDate = 1768435200")
2026-01-14 00:10:32,089 | ERROR | $FLOW-USD: possibly delisted; no price data found  (1d 2026-01-14 -> 2026-01-15) (Yahoo error = "Data doesn't exist for startDate = 1768348800, endDate = 1768435200")
2026-01-14 00:10:35,174 | ERROR | $GRT-USD: possibly delisted; no price data found  (1d 2026-01-13 -> 2026-01-15)
2026-01-14 00:10:39,392 | ERROR | $HBAR-USD: possibly delisted; no price data found  (1d 2026-01-14 -> 2026-01-15) (Yahoo error = "Data doesn't exist for startDate = 1768348800, endDate = 1768435200")
2026-01-14 00:10:43,609 | ERROR | $ICP-USD: possibly delisted; no price data found  (1d 2026-01-14 -> 2026-01-15) (Yahoo error = "Data doesn't exist for startDate = 1768348800, endDate = 1768435200")
2026-01-14 00:10:47,787 | ERROR | $INJ-USD: possibly delisted; no price data found  (1d 2026-01-14 -> 2026-01-15) (Yahoo error = "Data doesn't exist for startDate = 1768348800, endDate = 1768435200")
2026-01-14 00:10:52,089 | ERROR | $LDO-USD: possibly delisted; no price data found  (1d 2026-01-14 -> 2026-01-15) (Yahoo error = "Data doesn't exist for startDate = 1768348800, endDate = 1768435200")
2026-01-14 00:10:57,394 | ERROR | $LINK-USD: possibly delisted; no price data found  (1d 2026-01-14 -> 2026-01-15) (Yahoo error = "Data doesn't exist for startDate = 1768348800, endDate = 1768435200")
2026-01-14 00:11:01,699 | ERROR | $LTC-USD: possibly delisted; no price data found  (1d 2026-01-14 -> 2026-01-15) (Yahoo error = "Data doesn't exist for startDate = 1768348800, endDate = 1768435200")
2026-01-14 00:11:04,700 | INFO |   Batch complete, waiting 60s...
2026-01-14 00:12:04,701 | INFO | 
  Batch 2/2 (21 assets)
2026-01-14 00:12:06,122 | ERROR | $MANA-USD: possibly delisted; no price data found  (1d 2026-01-14 -> 2026-01-15) (Yahoo error = "Data doesn't exist for startDate = 1768348800, endDate = 1768435200")
2026-01-14 00:12:10,635 | ERROR | $MKR-USD: possibly delisted; no price data found  (1d 2026-01-14 -> 2026-01-15) (Yahoo error = "Data doesn't exist for startDate = 1768348800, endDate = 1768435200")
2026-01-14 00:12:15,060 | ERROR | $NEAR-USD: possibly delisted; no price data found  (1d 2026-01-14 -> 2026-01-15) (Yahoo error = "Data doesn't exist for startDate = 1768348800, endDate = 1768435200")
2026-01-14 00:12:19,300 | ERROR | $OKB-USD: possibly delisted; no price data found  (1d 2026-01-14 -> 2026-01-15) (Yahoo error = "Data doesn't exist for startDate = 1768348800, endDate = 1768435200")
2026-01-14 00:12:23,597 | ERROR | $QNT-USD: possibly delisted; no price data found  (1d 2026-01-14 -> 2026-01-15) (Yahoo error = "Data doesn't exist for startDate = 1768348800, endDate = 1768435200")
2026-01-14 00:12:28,519 | ERROR | $RPL-USD: possibly delisted; no price data found  (1d 2026-01-14 -> 2026-01-15) (Yahoo error = "Data doesn't exist for startDate = 1768348800, endDate = 1768435200")
2026-01-14 00:12:33,562 | ERROR | $RUNE-USD: possibly delisted; no price data found  (1d 2026-01-14 -> 2026-01-15) (Yahoo error = "Data doesn't exist for startDate = 1768348800, endDate = 1768435200")
2026-01-14 00:12:37,925 | ERROR | $SAND-USD: possibly delisted; no price data found  (1d 2026-01-14 -> 2026-01-15) (Yahoo error = "Data doesn't exist for startDate = 1768348800, endDate = 1768435200")
2026-01-14 00:12:42,286 | ERROR | $SHIB-USD: possibly delisted; no price data found  (1d 2026-01-14 -> 2026-01-15) (Yahoo error = "Data doesn't exist for startDate = 1768348800, endDate = 1768435200")
2026-01-14 00:12:46,381 | ERROR | $SNX-USD: possibly delisted; no price data found  (1d 2026-01-14 -> 2026-01-15) (Yahoo error = "Data doesn't exist for startDate = 1768348800, endDate = 1768435200")
2026-01-14 00:12:50,978 | ERROR | $SOL-USD: possibly delisted; no price data found  (1d 2026-01-14 -> 2026-01-15) (Yahoo error = "Data doesn't exist for startDate = 1768348800, endDate = 1768435200")
2026-01-14 00:12:55,213 | ERROR | $THETA-USD: possibly delisted; no price data found  (1d 2026-01-14 -> 2026-01-15) (Yahoo error = "Data doesn't exist for startDate = 1768348800, endDate = 1768435200")
2026-01-14 00:12:59,272 | ERROR | $TRX-USD: possibly delisted; no price data found  (1d 2026-01-14 -> 2026-01-15) (Yahoo error = "Data doesn't exist for startDate = 1768348800, endDate = 1768435200")
2026-01-14 00:13:02,366 | ERROR | $UNI-USD: possibly delisted; no price data found  (1d 2026-01-08 -> 2026-01-15)
2026-01-14 00:13:06,451 | ERROR | $VET-USD: possibly delisted; no price data found  (1d 2026-01-14 -> 2026-01-15) (Yahoo error = "Data doesn't exist for startDate = 1768348800, endDate = 1768435200")
2026-01-14 00:13:10,890 | ERROR | $XLM-USD: possibly delisted; no price data found  (1d 2026-01-14 -> 2026-01-15) (Yahoo error = "Data doesn't exist for startDate = 1768348800, endDate = 1768435200")
2026-01-14 00:13:14,930 | ERROR | $XMR-USD: possibly delisted; no price data found  (1d 2026-01-14 -> 2026-01-15) (Yahoo error = "Data doesn't exist for startDate = 1768348800, endDate = 1768435200")
2026-01-14 00:13:19,345 | ERROR | $XRP-USD: possibly delisted; no price data found  (1d 2026-01-14 -> 2026-01-15) (Yahoo error = "Data doesn't exist for startDate = 1768348800, endDate = 1768435200")
2026-01-14 00:13:23,572 | ERROR | $XTZ-USD: possibly delisted; no price data found  (1d 2026-01-14 -> 2026-01-15) (Yahoo error = "Data doesn't exist for startDate = 1768348800, endDate = 1768435200")
2026-01-14 00:13:27,825 | ERROR | $ZEC-USD: possibly delisted; no price data found  (1d 2026-01-14 -> 2026-01-15) (Yahoo error = "Data doesn't exist for startDate = 1768348800, endDate = 1768435200")
2026-01-14 00:13:31,726 | ERROR | $AAVE-USD: possibly delisted; no price data found  (1d 2026-01-14 -> 2026-01-15) (Yahoo error = "Data doesn't exist for startDate = 1768348800, endDate = 1768435200")
2026-01-14 00:13:34,730 | INFO | 
============================================================
2026-01-14 00:13:34,730 | INFO | Processing EQUITY: 421 assets
2026-01-14 00:13:34,730 | INFO | Schedule: Weekdays 22:00 UTC
2026-01-14 00:13:34,730 | INFO | ============================================================
2026-01-14 00:13:34,730 | INFO | 
  Batch 1/17 (25 assets)
2026-01-14 00:13:34,892 | ERROR | $1COV.DE: possibly delisted; no price data found  (1d 2025-12-24 -> 2026-01-15)
2026-01-14 00:13:39,311 | ERROR | $ABBV: possibly delisted; no price data found  (1d 2026-01-14 -> 2026-01-15) (Yahoo error = "Data doesn't exist for startDate = 1768366800, endDate = 1768453200")
2026-01-14 00:13:43,742 | ERROR | $ABNB: possibly delisted; no price data found  (1d 2026-01-14 -> 2026-01-15) (Yahoo error = "Data doesn't exist for startDate = 1768366800, endDate = 1768453200")
2026-01-14 00:13:47,850 | ERROR | $ABT: possibly delisted; no price data found  (1d 2026-01-14 -> 2026-01-15) (Yahoo error = "Data doesn't exist for startDate = 1768366800, endDate = 1768453200")
2026-01-14 00:13:51,137 | INFO |     [ACA.PA] +1 rows
2026-01-14 00:13:55,481 | ERROR | $ADBE: possibly delisted; no price data found  (1d 2026-01-14 -> 2026-01-15) (Yahoo error = "Data doesn't exist for startDate = 1768366800, endDate = 1768453200")
2026-01-14 00:14:00,126 | ERROR | $ADI: possibly delisted; no price data found  (1d 2026-01-14 -> 2026-01-15) (Yahoo error = "Data doesn't exist for startDate = 1768366800, endDate = 1768453200")
2026-01-14 00:14:03,351 | INFO |     [ADS.DE] +1 rows
2026-01-14 00:14:07,798 | ERROR | $ADSK: possibly delisted; no price data found  (1d 2026-01-14 -> 2026-01-15) (Yahoo error = "Data doesn't exist for startDate = 1768366800, endDate = 1768453200")
2026-01-14 00:14:12,009 | ERROR | $AEP: possibly delisted; no price data found  (1d 2026-01-14 -> 2026-01-15) (Yahoo error = "Data doesn't exist for startDate = 1768366800, endDate = 1768453200")
