2026-02-01 15:01:25,456 | INFO | ======================================================================
2026-02-01 15:01:25,456 | INFO | IoS-001 DAILY PRICE INGEST
2026-02-01 15:01:25,456 | INFO | Executor: LINE (EC-004)
2026-02-01 15:01:25,456 | INFO | Authority: CEO_DIRECTIVE_LINE_DAILY_INGEST_ACTIVATION_20251212
2026-02-01 15:01:25,456 | INFO | Time: 2026-02-01T14:01:25.456655+00:00
2026-02-01 15:01:25,456 | INFO | Asset Class Filter: ALL
2026-02-01 15:01:25,456 | INFO | Dry Run: False
2026-02-01 15:01:25,456 | INFO | ======================================================================
2026-02-01 15:01:25,640 | INFO | Found 491 VEGA-attested assets
2026-02-01 15:01:25,640 | INFO | 
============================================================
2026-02-01 15:01:25,640 | INFO | Processing CRYPTO: 46 assets
2026-02-01 15:01:25,640 | INFO | Schedule: Daily 01:00 UTC
2026-02-01 15:01:25,640 | INFO | ============================================================
2026-02-01 15:01:25,640 | INFO | 
  Batch 1/2 (25 assets)
2026-02-01 15:01:28,755 | WARNING |   [GRT-USD] Fetch error: Too Many Requests. Rate limited. Try after a while.
2026-02-01 15:01:31,778 | INFO |   Batch complete, waiting 60s...
2026-02-01 15:02:31,781 | INFO | 
  Batch 2/2 (21 assets)
2026-02-01 15:02:33,421 | WARNING |   [UNI-USD] Fetch error: Too Many Requests. Rate limited. Try after a while.
2026-02-01 15:02:36,460 | INFO | 
============================================================
2026-02-01 15:02:36,460 | INFO | Processing EQUITY: 421 assets
2026-02-01 15:02:36,460 | INFO | Schedule: Weekdays 22:00 UTC
2026-02-01 15:02:36,460 | INFO | ============================================================
2026-02-01 15:02:36,460 | INFO |   Market closed for EQUITY today, skipping
2026-02-01 15:02:36,460 | INFO | 
============================================================
2026-02-01 15:02:36,460 | INFO | Processing FX: 24 assets
2026-02-01 15:02:36,460 | INFO | Schedule: Sun-Thu 22:00 UTC
2026-02-01 15:02:36,460 | INFO | ============================================================
2026-02-01 15:02:36,460 | INFO | 
  Batch 1/1 (24 assets)
2026-02-01 15:02:37,905 | WARNING |   [AUDJPY=X] Fetch error: Too Many Requests. Rate limited. Try after a while.
2026-02-01 15:02:41,937 | WARNING |   [AUDUSD=X] Fetch error: Too Many Requests. Rate limited. Try after a while.
2026-02-01 15:02:46,306 | WARNING |   [CADJPY=X] Fetch error: Too Many Requests. Rate limited. Try after a while.
2026-02-01 15:02:50,338 | WARNING |   [CHFJPY=X] Fetch error: Too Many Requests. Rate limited. Try after a while.
2026-02-01 15:02:54,606 | WARNING |   [EURAUD=X] Fetch error: Too Many Requests. Rate limited. Try after a while.
2026-02-01 15:02:58,525 | WARNING |   [EURCHF=X] Fetch error: Too Many Requests. Rate limited. Try after a while.
2026-02-01 15:03:02,684 | WARNING |   [EURGBP=X] Fetch error: Too Many Requests. Rate limited. Try after a while.
2026-02-01 15:03:06,883 | WARNING |   [EURJPY=X] Fetch error: Too Many Requests. Rate limited. Try after a while.
2026-02-01 15:03:10,827 | WARNING |   [EURNOK=X] Fetch error: Too Many Requests. Rate limited. Try after a while.
2026-02-01 15:03:15,039 | WARNING |   [EURSEK=X] Fetch error: Too Many Requests. Rate limited. Try after a while.
2026-02-01 15:03:19,147 | WARNING |   [EURUSD=X] Fetch error: Too Many Requests. Rate limited. Try after a while.
2026-02-01 15:03:23,334 | WARNING |   [GBPJPY=X] Fetch error: Too Many Requests. Rate limited. Try after a while.
2026-02-01 15:03:27,503 | WARNING |   [NZDUSD=X] Fetch error: Too Many Requests. Rate limited. Try after a while.
2026-02-01 15:03:32,076 | WARNING |   [USDCHF=X] Fetch error: Too Many Requests. Rate limited. Try after a while.
2026-02-01 15:03:36,016 | WARNING |   [USDHKD=X] Fetch error: Too Many Requests. Rate limited. Try after a while.
2026-02-01 15:03:40,112 | WARNING |   [USDMXN=X] Fetch error: Too Many Requests. Rate limited. Try after a while.
2026-02-01 15:03:44,195 | WARNING |   [USDSEK=X] Fetch error: Too Many Requests. Rate limited. Try after a while.
2026-02-01 15:03:48,353 | WARNING |   [USDSGD=X] Fetch error: Too Many Requests. Rate limited. Try after a while.
2026-02-01 15:03:52,429 | WARNING |   [USDTRY=X] Fetch error: Too Many Requests. Rate limited. Try after a while.
2026-02-01 15:03:56,353 | WARNING |   [USDZAR=X] Fetch error: Too Many Requests. Rate limited. Try after a while.
2026-02-01 15:03:59,361 | WARNING | Heartbeat recording failed: relation "fhq_monitoring.system_heartbeats" does not exist
LINE 2:                 INSERT INTO fhq_monitoring.system_heartbeats...
                                    ^

2026-02-01 15:03:59,361 | INFO | 
======================================================================
2026-02-01 15:03:59,361 | INFO | DAILY INGEST COMPLETE
2026-02-01 15:03:59,361 | INFO | ======================================================================
2026-02-01 15:03:59,361 | INFO | Assets Processed: 70
2026-02-01 15:03:59,361 | INFO | Assets Updated:   0
2026-02-01 15:03:59,361 | INFO | Rows Inserted:    0
2026-02-01 15:03:59,361 | INFO |   CRYPTO: 0 assets, 0 rows
2026-02-01 15:03:59,361 | INFO |   FX: 0 assets, 0 rows
2026-02-01 15:03:59,361 | INFO | Evidence: C:\fhq-market-system\vision-ios\03_FUNCTIONS\evidence\IOS001_DAILY_INGEST_14eeadab_20260201_150359.json
2026-02-01 15:03:59,361 | INFO | ======================================================================
