2026-01-12 23:16:40,042 | INFO | ======================================================================
2026-01-12 23:16:40,042 | INFO | IoS-001 DAILY PRICE INGEST
2026-01-12 23:16:40,042 | INFO | Executor: LINE (EC-004)
2026-01-12 23:16:40,042 | INFO | Authority: CEO_DIRECTIVE_LINE_DAILY_INGEST_ACTIVATION_20251212
2026-01-12 23:16:40,042 | INFO | Time: 2026-01-12T22:16:40.042071+00:00
2026-01-12 23:16:40,042 | INFO | Asset Class Filter: ALL
2026-01-12 23:16:40,042 | INFO | Dry Run: False
2026-01-12 23:16:40,042 | INFO | ======================================================================
2026-01-12 23:16:40,425 | INFO | Found 491 VEGA-attested assets
2026-01-12 23:16:40,425 | INFO | 
============================================================
2026-01-12 23:16:40,425 | INFO | Processing CRYPTO: 46 assets
2026-01-12 23:16:40,425 | INFO | Schedule: Daily 01:00 UTC
2026-01-12 23:16:40,425 | INFO | ============================================================
2026-01-12 23:16:40,425 | INFO | 
  Batch 1/2 (25 assets)
2026-01-12 23:16:40,559 | INFO |   Batch complete, waiting 60s...
2026-01-12 23:17:40,560 | INFO | 
  Batch 2/2 (21 assets)
2026-01-12 23:17:43,474 | WARNING |   [UNI-USD] Fetch error: Too Many Requests. Rate limited. Try after a while.
2026-01-12 23:17:46,511 | INFO | 
============================================================
2026-01-12 23:17:46,511 | INFO | Processing EQUITY: 421 assets
2026-01-12 23:17:46,511 | INFO | Schedule: Weekdays 22:00 UTC
2026-01-12 23:17:46,511 | INFO | ============================================================
2026-01-12 23:17:46,511 | INFO | 
  Batch 1/17 (25 assets)
2026-01-12 23:17:47,881 | WARNING |   [1COV.DE] Fetch error: Too Many Requests. Rate limited. Try after a while.
2026-01-12 23:17:50,920 | INFO |   Batch complete, waiting 60s...
2026-01-12 23:18:50,920 | INFO | 
  Batch 2/17 (25 assets)
2026-01-12 23:18:50,961 | INFO |   Batch complete, waiting 60s...
2026-01-12 23:19:50,966 | INFO | 
  Batch 3/17 (25 assets)
2026-01-12 23:19:53,687 | WARNING |   [BRK.B] Fetch error: Too Many Requests. Rate limited. Try after a while.
2026-01-12 23:19:57,938 | WARNING |   [BT.A.L] Fetch error: Too Many Requests. Rate limited. Try after a while.
2026-01-12 23:20:00,957 | INFO |   Batch complete, waiting 60s...
2026-01-12 23:21:00,958 | INFO | 
  Batch 4/17 (25 assets)
2026-01-12 23:21:00,993 | INFO |   Batch complete, waiting 60s...
