2026-02-01 19:01:59,788 | INFO | ======================================================================
2026-02-01 19:01:59,788 | INFO | IoS-001 DAILY PRICE INGEST
2026-02-01 19:01:59,788 | INFO | Executor: LINE (EC-004)
2026-02-01 19:01:59,788 | INFO | Authority: CEO_DIRECTIVE_LINE_DAILY_INGEST_ACTIVATION_20251212
2026-02-01 19:01:59,788 | INFO | Time: 2026-02-01T18:01:59.788129+00:00
2026-02-01 19:01:59,788 | INFO | Asset Class Filter: ALL
2026-02-01 19:01:59,788 | INFO | Dry Run: False
2026-02-01 19:01:59,788 | INFO | ======================================================================
2026-02-01 19:02:00,148 | INFO | Found 491 VEGA-attested assets
2026-02-01 19:02:00,148 | INFO | 
============================================================
2026-02-01 19:02:00,149 | INFO | Processing CRYPTO: 46 assets
2026-02-01 19:02:00,149 | INFO | Schedule: Daily 01:00 UTC
2026-02-01 19:02:00,149 | INFO | ============================================================
2026-02-01 19:02:00,149 | INFO | 
  Batch 1/2 (25 assets)
2026-02-01 19:02:04,534 | WARNING |   [GRT-USD] Fetch error: Too Many Requests. Rate limited. Try after a while.
2026-02-01 19:02:07,573 | INFO |   Batch complete, waiting 60s...
2026-02-01 19:03:07,574 | INFO | 
  Batch 2/2 (21 assets)
2026-02-01 19:03:09,392 | WARNING |   [UNI-USD] Fetch error: Too Many Requests. Rate limited. Try after a while.
2026-02-01 19:03:12,418 | INFO | 
============================================================
2026-02-01 19:03:12,418 | INFO | Processing EQUITY: 421 assets
2026-02-01 19:03:12,418 | INFO | Schedule: Weekdays 22:00 UTC
2026-02-01 19:03:12,419 | INFO | ============================================================
2026-02-01 19:03:12,419 | INFO |   Market closed for EQUITY today, skipping
2026-02-01 19:03:12,419 | INFO | 
============================================================
2026-02-01 19:03:12,419 | INFO | Processing FX: 24 assets
2026-02-01 19:03:12,419 | INFO | Schedule: Sun-Thu 22:00 UTC
2026-02-01 19:03:12,419 | INFO | ============================================================
2026-02-01 19:03:12,419 | INFO | 
  Batch 1/1 (24 assets)
2026-02-01 19:03:18,870 | WARNING |   [CHFJPY=X] Fetch error: Too Many Requests. Rate limited. Try after a while.
2026-02-01 19:03:23,019 | WARNING |   [EURAUD=X] Fetch error: Too Many Requests. Rate limited. Try after a while.
2026-02-01 19:03:27,075 | WARNING |   [EURGBP=X] Fetch error: Too Many Requests. Rate limited. Try after a while.
2026-02-01 19:03:31,065 | WARNING |   [EURJPY=X] Fetch error: Too Many Requests. Rate limited. Try after a while.
2026-02-01 19:03:35,176 | WARNING |   [EURNOK=X] Fetch error: Too Many Requests. Rate limited. Try after a while.
2026-02-01 19:03:39,181 | WARNING |   [EURSEK=X] Fetch error: Too Many Requests. Rate limited. Try after a while.
2026-02-01 19:03:43,164 | WARNING |   [EURUSD=X] Fetch error: Too Many Requests. Rate limited. Try after a while.
2026-02-01 19:03:47,461 | WARNING |   [GBPJPY=X] Fetch error: Too Many Requests. Rate limited. Try after a while.
2026-02-01 19:03:51,882 | WARNING |   [USDCHF=X] Fetch error: Too Many Requests. Rate limited. Try after a while.
2026-02-01 19:03:56,186 | WARNING |   [USDHKD=X] Fetch error: Too Many Requests. Rate limited. Try after a while.
2026-02-01 19:04:00,384 | WARNING |   [USDMXN=X] Fetch error: Too Many Requests. Rate limited. Try after a while.
2026-02-01 19:04:04,412 | WARNING |   [USDSEK=X] Fetch error: Too Many Requests. Rate limited. Try after a while.
2026-02-01 19:04:08,687 | WARNING |   [USDTRY=X] Fetch error: Too Many Requests. Rate limited. Try after a while.
2026-02-01 19:04:11,691 | WARNING | Heartbeat recording failed: relation "fhq_monitoring.system_heartbeats" does not exist
LINE 2:                 INSERT INTO fhq_monitoring.system_heartbeats...
                                    ^

2026-02-01 19:04:11,691 | INFO | 
======================================================================
2026-02-01 19:04:11,691 | INFO | DAILY INGEST COMPLETE
2026-02-01 19:04:11,691 | INFO | ======================================================================
2026-02-01 19:04:11,691 | INFO | Assets Processed: 70
2026-02-01 19:04:11,698 | INFO | Assets Updated:   0
2026-02-01 19:04:11,698 | INFO | Rows Inserted:    0
2026-02-01 19:04:11,699 | INFO |   CRYPTO: 0 assets, 0 rows
2026-02-01 19:04:11,699 | INFO |   FX: 0 assets, 0 rows
2026-02-01 19:04:11,699 | INFO | Evidence: C:\fhq-market-system\vision-ios\03_FUNCTIONS\evidence\IOS001_DAILY_INGEST_4fcccf01_20260201_190411.json
2026-02-01 19:04:11,699 | INFO | ======================================================================
