2026-01-14 19:24:58,905 | INFO | ======================================================================
2026-01-14 19:24:58,905 | INFO | IoS-001 DAILY PRICE INGEST
2026-01-14 19:24:58,906 | INFO | Executor: LINE (EC-004)
2026-01-14 19:24:58,906 | INFO | Authority: CEO_DIRECTIVE_LINE_DAILY_INGEST_ACTIVATION_20251212
2026-01-14 19:24:58,906 | INFO | Time: 2026-01-14T18:24:58.906270+00:00
2026-01-14 19:24:58,906 | INFO | Asset Class Filter: ALL
2026-01-14 19:24:58,906 | INFO | Dry Run: False
2026-01-14 19:24:58,906 | INFO | ======================================================================
2026-01-14 19:24:59,242 | INFO | Found 491 VEGA-attested assets
2026-01-14 19:24:59,242 | INFO | 
============================================================
2026-01-14 19:24:59,242 | INFO | Processing CRYPTO: 46 assets
2026-01-14 19:24:59,242 | INFO | Schedule: Daily 01:00 UTC
2026-01-14 19:24:59,243 | INFO | ============================================================
2026-01-14 19:24:59,243 | INFO | 
  Batch 1/2 (25 assets)
2026-01-14 19:25:02,620 | WARNING |   [GRT-USD] Fetch error: Too Many Requests. Rate limited. Try after a while.
2026-01-14 19:25:05,639 | INFO |   Batch complete, waiting 60s...
2026-01-14 19:26:05,639 | INFO | 
  Batch 2/2 (21 assets)
2026-01-14 19:26:07,399 | WARNING |   [UNI-USD] Fetch error: Too Many Requests. Rate limited. Try after a while.
2026-01-14 19:26:10,418 | INFO | 
============================================================
2026-01-14 19:26:10,418 | INFO | Processing EQUITY: 421 assets
2026-01-14 19:26:10,419 | INFO | Schedule: Weekdays 22:00 UTC
2026-01-14 19:26:10,419 | INFO | ============================================================
2026-01-14 19:26:10,419 | INFO | 
  Batch 1/17 (25 assets)
2026-01-14 19:26:11,788 | WARNING |   [1COV.DE] Fetch error: Too Many Requests. Rate limited. Try after a while.
2026-01-14 19:26:14,828 | INFO |   Batch complete, waiting 60s...
2026-01-14 19:27:14,829 | INFO | 
  Batch 2/17 (25 assets)
2026-01-14 19:27:14,864 | INFO |   Batch complete, waiting 60s...
2026-01-14 19:28:14,865 | INFO | 
  Batch 3/17 (25 assets)
2026-01-14 19:28:18,211 | WARNING |   [BP.L] Fetch error: Too Many Requests. Rate limited. Try after a while.
2026-01-14 19:28:22,838 | WARNING |   [BRK.B] Fetch error: Too Many Requests. Rate limited. Try after a while.
2026-01-14 19:28:27,209 | WARNING |   [BSX] Fetch error: Too Many Requests. Rate limited. Try after a while.
2026-01-14 19:28:31,450 | WARNING |   [BT.A.L] Fetch error: Too Many Requests. Rate limited. Try after a while.
2026-01-14 19:28:35,256 | WARNING |   [BWO.OL] Fetch error: Too Many Requests. Rate limited. Try after a while.
2026-01-14 19:28:39,629 | WARNING |   [C] Fetch error: Too Many Requests. Rate limited. Try after a while.
2026-01-14 19:28:43,906 | WARNING |   [CAG] Fetch error: Too Many Requests. Rate limited. Try after a while.
2026-01-14 19:28:48,226 | WARNING |   [CAP.PA] Fetch error: Too Many Requests. Rate limited. Try after a while.
2026-01-14 19:28:52,890 | WARNING |   [CARR] Fetch error: Too Many Requests. Rate limited. Try after a while.
2026-01-14 19:28:56,587 | WARNING |   [CAT] Fetch error: Too Many Requests. Rate limited. Try after a while.
2026-01-14 19:29:00,756 | WARNING |   [CB] Fetch error: Too Many Requests. Rate limited. Try after a while.
2026-01-14 19:29:04,970 | WARNING |   [CBK.DE] Fetch error: Too Many Requests. Rate limited. Try after a while.
2026-01-14 19:29:09,289 | WARNING |   [CCI] Fetch error: Too Many Requests. Rate limited. Try after a while.
2026-01-14 19:29:13,713 | WARNING |   [CDNS] Fetch error: Too Many Requests. Rate limited. Try after a while.
2026-01-14 19:29:16,714 | INFO |   Batch complete, waiting 60s...
