2026-02-17 02:54:41,762 | INFO | ======================================================================
2026-02-17 02:54:41,763 | INFO | IoS-001 DAILY PRICE INGEST
2026-02-17 02:54:41,763 | INFO | Executor: LINE (EC-004)
2026-02-17 02:54:41,763 | INFO | Authority: CEO_DIRECTIVE_LINE_DAILY_INGEST_ACTIVATION_20251212
2026-02-17 02:54:41,763 | INFO | Amendment: CEO-DIR-2026-119 (Rate Limit Mitigation)
2026-02-17 02:54:41,763 | INFO | Time: 2026-02-17T01:54:41.763283+00:00
2026-02-17 02:54:41,763 | INFO | Asset Class Filter: ALL
2026-02-17 02:54:41,763 | INFO | Batch Mode: True
2026-02-17 02:54:41,763 | INFO | Dry Run: False
2026-02-17 02:54:41,763 | INFO | ======================================================================
2026-02-17 02:54:41,972 | INFO | Found 491 VEGA-attested assets
2026-02-17 02:54:41,973 | INFO | 
============================================================
2026-02-17 02:54:41,973 | INFO | Processing CRYPTO: 46 assets
2026-02-17 02:54:41,973 | INFO | Schedule: Daily 01:00 UTC
2026-02-17 02:54:41,973 | INFO | ============================================================
2026-02-17 02:54:41,973 | INFO |   Using BATCH MODE (CEO-DIR-2026-119)
2026-02-17 02:54:41,973 | INFO | 
  Batch 1/5 (10 tickers)
2026-02-17 02:54:41,997 | INFO |     All assets up to date
2026-02-17 02:54:41,997 | INFO | 
  Batch 2/5 (10 tickers)
2026-02-17 02:54:42,020 | INFO |     Batch download: 1 tickers
2026-02-17 02:54:44,880 | ERROR | 
1 Failed download:
2026-02-17 02:54:44,880 | ERROR | ['GRT-USD']: YFRateLimitError('Too Many Requests. Rate limited. Try after a while.')
2026-02-17 02:54:44,949 | INFO |   Batch complete, waiting 120s...
2026-02-17 02:56:44,951 | INFO | 
  Batch 3/5 (10 tickers)
2026-02-17 02:56:45,029 | INFO |     All assets up to date
2026-02-17 02:56:45,029 | INFO | 
  Batch 4/5 (10 tickers)
2026-02-17 02:56:45,109 | INFO |     Batch download: 1 tickers
2026-02-17 02:56:48,036 | ERROR | 
1 Failed download:
2026-02-17 02:56:48,036 | ERROR | ['UNI-USD']: YFRateLimitError('Too Many Requests. Rate limited. Try after a while.')
2026-02-17 02:56:48,066 | INFO |   Batch complete, waiting 120s...
2026-02-17 02:58:48,066 | INFO | 
  Batch 5/5 (6 tickers)
2026-02-17 02:58:48,087 | INFO |     All assets up to date
2026-02-17 02:58:48,087 | INFO | 
============================================================
2026-02-17 02:58:48,087 | INFO | Processing EQUITY: 421 assets
2026-02-17 02:58:48,087 | INFO | Schedule: Weekdays 22:00 UTC
2026-02-17 02:58:48,087 | INFO | ============================================================
2026-02-17 02:58:48,087 | INFO |   Using BATCH MODE (CEO-DIR-2026-119)
2026-02-17 02:58:48,087 | INFO | 
  Batch 1/43 (10 tickers)
2026-02-17 02:58:48,106 | INFO |     Batch download: 10 tickers
2026-02-17 02:59:02,623 | ERROR | 
10 Failed downloads:
2026-02-17 02:59:02,623 | ERROR | ['ADBE', 'ADI', 'ADS.DE', 'AEP', 'ABT', 'ADSK', '1COV.DE', 'ABNB', 'ACA.PA', 'ABBV']: YFRateLimitError('Too Many Requests. Rate limited. Try after a while.')
2026-02-17 02:59:02,632 | INFO |   Batch complete, waiting 120s...
