2026-01-15 16:47:26,850 | INFO | ======================================================================
2026-01-15 16:47:26,850 | INFO | IoS-001 DAILY PRICE INGEST
2026-01-15 16:47:26,851 | INFO | Executor: LINE (EC-004)
2026-01-15 16:47:26,851 | INFO | Authority: CEO_DIRECTIVE_LINE_DAILY_INGEST_ACTIVATION_20251212
2026-01-15 16:47:26,851 | INFO | Time: 2026-01-15T15:47:26.851367+00:00
2026-01-15 16:47:26,851 | INFO | Asset Class Filter: ALL
2026-01-15 16:47:26,851 | INFO | Dry Run: False
2026-01-15 16:47:26,851 | INFO | ======================================================================
2026-01-15 16:47:27,199 | INFO | Found 491 VEGA-attested assets
2026-01-15 16:47:27,199 | INFO | 
============================================================
2026-01-15 16:47:27,199 | INFO | Processing CRYPTO: 46 assets
2026-01-15 16:47:27,199 | INFO | Schedule: Daily 01:00 UTC
2026-01-15 16:47:27,199 | INFO | ============================================================
2026-01-15 16:47:27,199 | INFO | 
  Batch 1/2 (25 assets)
2026-01-15 16:47:30,561 | WARNING |   [GRT-USD] Fetch error: Too Many Requests. Rate limited. Try after a while.
2026-01-15 16:47:33,572 | INFO |   Batch complete, waiting 60s...
2026-01-15 16:48:33,573 | INFO | 
  Batch 2/2 (21 assets)
2026-01-15 16:48:35,317 | WARNING |   [UNI-USD] Fetch error: Too Many Requests. Rate limited. Try after a while.
2026-01-15 16:48:38,333 | INFO | 
============================================================
2026-01-15 16:48:38,333 | INFO | Processing EQUITY: 421 assets
2026-01-15 16:48:38,333 | INFO | Schedule: Weekdays 22:00 UTC
2026-01-15 16:48:38,333 | INFO | ============================================================
2026-01-15 16:48:38,333 | INFO | 
  Batch 1/17 (25 assets)
2026-01-15 16:48:40,982 | WARNING |   [1COV.DE] Fetch error: Too Many Requests. Rate limited. Try after a while.
2026-01-15 16:48:45,542 | WARNING |   [ABBV] Fetch error: Too Many Requests. Rate limited. Try after a while.
2026-01-15 16:48:49,488 | WARNING |   [ABNB] Fetch error: Too Many Requests. Rate limited. Try after a while.
2026-01-15 16:48:53,923 | WARNING |   [ABT] Fetch error: Too Many Requests. Rate limited. Try after a while.
2026-01-15 16:48:59,788 | WARNING |   [ADBE] Fetch error: Too Many Requests. Rate limited. Try after a while.
2026-01-15 16:49:04,256 | WARNING |   [ADI] Fetch error: Too Many Requests. Rate limited. Try after a while.
2026-01-15 16:49:08,430 | WARNING |   [ADSK] Fetch error: Too Many Requests. Rate limited. Try after a while.
2026-01-15 16:49:12,828 | WARNING |   [AEP] Fetch error: Too Many Requests. Rate limited. Try after a while.
2026-01-15 16:49:17,298 | WARNING |   [AFL] Fetch error: Too Many Requests. Rate limited. Try after a while.
2026-01-15 16:49:21,732 | WARNING |   [AIG] Fetch error: Too Many Requests. Rate limited. Try after a while.
2026-01-15 16:49:25,782 | WARNING |   [AKAM] Fetch error: Too Many Requests. Rate limited. Try after a while.
2026-01-15 16:49:29,778 | WARNING |   [ALB] Fetch error: Too Many Requests. Rate limited. Try after a while.
2026-01-15 16:49:33,841 | WARNING |   [ALL] Fetch error: Too Many Requests. Rate limited. Try after a while.
2026-01-15 16:49:37,826 | WARNING |   [AMAT] Fetch error: Too Many Requests. Rate limited. Try after a while.
2026-01-15 16:49:40,827 | INFO |   Batch complete, waiting 60s...
2026-01-15 16:50:40,828 | INFO | 
  Batch 2/17 (25 assets)
2026-01-15 16:50:42,273 | WARNING |   [AMD] Fetch error: Too Many Requests. Rate limited. Try after a while.
2026-01-15 16:50:46,674 | WARNING |   [AMGN] Fetch error: Too Many Requests. Rate limited. Try after a while.
2026-01-15 16:50:50,747 | WARNING |   [AMT] Fetch error: Too Many Requests. Rate limited. Try after a while.
2026-01-15 16:50:54,552 | WARNING |   [AMZN] Fetch error: Too Many Requests. Rate limited. Try after a while.
2026-01-15 16:50:58,729 | WARNING |   [AON] Fetch error: Too Many Requests. Rate limited. Try after a while.
2026-01-15 16:51:02,979 | WARNING |   [APD] Fetch error: Too Many Requests. Rate limited. Try after a while.
2026-01-15 16:51:07,471 | WARNING |   [ASML] Fetch error: Too Many Requests. Rate limited. Try after a while.
2026-01-15 16:51:11,624 | WARNING |   [AVB] Fetch error: Too Many Requests. Rate limited. Try after a while.
2026-01-15 16:51:15,858 | WARNING |   [AVGO] Fetch error: Too Many Requests. Rate limited. Try after a while.
2026-01-15 16:51:20,031 | WARNING |   [AWK] Fetch error: Too Many Requests. Rate limited. Try after a while.
2026-01-15 16:51:24,262 | WARNING |   [AXP] Fetch error: Too Many Requests. Rate limited. Try after a while.
2026-01-15 16:51:28,570 | WARNING |   [AZO] Fetch error: Too Many Requests. Rate limited. Try after a while.
2026-01-15 16:51:32,866 | WARNING |   [BA] Fetch error: Too Many Requests. Rate limited. Try after a while.
2026-01-15 16:51:36,958 | WARNING |   [BAC] Fetch error: Too Many Requests. Rate limited. Try after a while.
2026-01-15 16:51:39,968 | INFO |   Batch complete, waiting 60s...
