2026-02-11 02:50:21,689 | INFO | ======================================================================
2026-02-11 02:50:21,689 | INFO | IoS-001 DAILY PRICE INGEST
2026-02-11 02:50:21,689 | INFO | Executor: LINE (EC-004)
2026-02-11 02:50:21,689 | INFO | Authority: CEO_DIRECTIVE_LINE_DAILY_INGEST_ACTIVATION_20251212
2026-02-11 02:50:21,689 | INFO | Amendment: CEO-DIR-2026-119 (Rate Limit Mitigation)
2026-02-11 02:50:21,689 | INFO | Time: 2026-02-11T01:50:21.689055+00:00
2026-02-11 02:50:21,689 | INFO | Asset Class Filter: ALL
2026-02-11 02:50:21,689 | INFO | Batch Mode: True
2026-02-11 02:50:21,689 | INFO | Dry Run: False
2026-02-11 02:50:21,689 | INFO | ======================================================================
2026-02-11 02:50:22,052 | INFO | Found 491 VEGA-attested assets
2026-02-11 02:50:22,052 | INFO | 
============================================================
2026-02-11 02:50:22,052 | INFO | Processing CRYPTO: 46 assets
2026-02-11 02:50:22,052 | INFO | Schedule: Daily 01:00 UTC
2026-02-11 02:50:22,052 | INFO | ============================================================
2026-02-11 02:50:22,052 | INFO |   Using BATCH MODE (CEO-DIR-2026-119)
2026-02-11 02:50:22,052 | INFO | 
  Batch 1/5 (10 tickers)
2026-02-11 02:50:22,093 | INFO |     All assets up to date
2026-02-11 02:50:22,093 | INFO | 
  Batch 2/5 (10 tickers)
2026-02-11 02:50:22,114 | INFO |     Batch download: 1 tickers
2026-02-11 02:50:23,580 | ERROR | 
1 Failed download:
2026-02-11 02:50:23,580 | ERROR | ['GRT-USD']: YFPricesMissingError('possibly delisted; no price data found  (1d 2026-02-11 -> 2026-02-12)')
2026-02-11 02:50:23,609 | INFO |   Batch complete, waiting 120s...
2026-02-11 02:52:23,610 | INFO | 
  Batch 3/5 (10 tickers)
2026-02-11 02:52:23,639 | INFO |     All assets up to date
2026-02-11 02:52:23,639 | INFO | 
  Batch 4/5 (10 tickers)
2026-02-11 02:52:23,675 | INFO |     Batch download: 3 tickers
2026-02-11 02:52:24,480 | ERROR | 
1 Failed download:
2026-02-11 02:52:24,480 | ERROR | ['UNI-USD']: YFPricesMissingError('possibly delisted; no price data found  (1d 2026-02-11 -> 2026-02-12)')
2026-02-11 02:52:24,532 | INFO |     [SHIB-USD] +1 rows
2026-02-11 02:52:24,541 | INFO |     [SOL-USD] +1 rows
2026-02-11 02:52:24,541 | INFO |   Batch complete, waiting 120s...
2026-02-11 02:54:24,543 | INFO | 
  Batch 5/5 (6 tickers)
2026-02-11 02:54:24,598 | INFO |     Batch download: 3 tickers
2026-02-11 02:54:25,303 | INFO |     [XRP-USD] +1 rows
2026-02-11 02:54:25,314 | INFO |     [XTZ-USD] +1 rows
2026-02-11 02:54:25,322 | INFO |     [AAVE-USD] +1 rows
2026-02-11 02:54:25,322 | INFO | 
============================================================
2026-02-11 02:54:25,323 | INFO | Processing EQUITY: 421 assets
2026-02-11 02:54:25,323 | INFO | Schedule: Weekdays 22:00 UTC
2026-02-11 02:54:25,323 | INFO | ============================================================
2026-02-11 02:54:25,323 | INFO |   Using BATCH MODE (CEO-DIR-2026-119)
2026-02-11 02:54:25,323 | INFO | 
  Batch 1/43 (10 tickers)
2026-02-11 02:54:25,355 | INFO |     Batch download: 10 tickers
2026-02-11 02:54:26,712 | ERROR | 
1 Failed download:
2026-02-11 02:54:26,712 | ERROR | ['1COV.DE']: YFPricesMissingError('possibly delisted; no price data found  (1d 2025-12-24 -> 2026-02-12)')
2026-02-11 02:54:26,754 | INFO |     [ABBV] +32 rows
2026-02-11 02:54:26,770 | INFO |     [ABNB] +32 rows
2026-02-11 02:54:26,785 | INFO |     [ABT] +32 rows
2026-02-11 02:54:26,800 | INFO |     [ACA.PA] +32 rows
2026-02-11 02:54:26,810 | INFO |     [ADBE] +32 rows
2026-02-11 02:54:26,820 | INFO |     [ADI] +32 rows
2026-02-11 02:54:26,831 | INFO |     [ADS.DE] +30 rows
2026-02-11 02:54:26,847 | INFO |     [ADSK] +32 rows
2026-02-11 02:54:26,856 | INFO |     [AEP] +32 rows
2026-02-11 02:54:26,857 | INFO |   Batch complete, waiting 120s...
