2026-01-19 22:26:41,046 | INFO | ======================================================================
2026-01-19 22:26:41,046 | INFO | IoS-001 DAILY PRICE INGEST
2026-01-19 22:26:41,046 | INFO | Executor: LINE (EC-004)
2026-01-19 22:26:41,046 | INFO | Authority: CEO_DIRECTIVE_LINE_DAILY_INGEST_ACTIVATION_20251212
2026-01-19 22:26:41,046 | INFO | Time: 2026-01-19T21:26:41.046530+00:00
2026-01-19 22:26:41,046 | INFO | Asset Class Filter: ALL
2026-01-19 22:26:41,046 | INFO | Dry Run: False
2026-01-19 22:26:41,046 | INFO | ======================================================================
2026-01-19 22:26:41,319 | INFO | Found 491 VEGA-attested assets
2026-01-19 22:26:41,319 | INFO | 
============================================================
2026-01-19 22:26:41,319 | INFO | Processing CRYPTO: 46 assets
2026-01-19 22:26:41,319 | INFO | Schedule: Daily 01:00 UTC
2026-01-19 22:26:41,319 | INFO | ============================================================
2026-01-19 22:26:41,319 | INFO | 
  Batch 1/2 (25 assets)
2026-01-19 22:26:41,392 | INFO |   Batch complete, waiting 60s...
2026-01-19 22:27:41,393 | INFO | 
  Batch 2/2 (21 assets)
2026-01-19 22:27:44,175 | WARNING |   [UNI-USD] Fetch error: Too Many Requests. Rate limited. Try after a while.
2026-01-19 22:27:47,196 | INFO | 
============================================================
2026-01-19 22:27:47,196 | INFO | Processing EQUITY: 421 assets
2026-01-19 22:27:47,196 | INFO | Schedule: Weekdays 22:00 UTC
2026-01-19 22:27:47,196 | INFO | ============================================================
2026-01-19 22:27:47,196 | INFO | 
  Batch 1/17 (25 assets)
2026-01-19 22:27:48,542 | WARNING |   [1COV.DE] Fetch error: Too Many Requests. Rate limited. Try after a while.
2026-01-19 22:27:52,494 | WARNING |   [ABBV] Fetch error: Too Many Requests. Rate limited. Try after a while.
2026-01-19 22:27:56,590 | WARNING |   [ABNB] Fetch error: Too Many Requests. Rate limited. Try after a while.
2026-01-19 22:28:00,365 | WARNING |   [ABT] Fetch error: Too Many Requests. Rate limited. Try after a while.
2026-01-19 22:28:04,229 | WARNING |   [ADBE] Fetch error: Too Many Requests. Rate limited. Try after a while.
2026-01-19 22:28:08,333 | WARNING |   [ADI] Fetch error: Too Many Requests. Rate limited. Try after a while.
2026-01-19 22:28:12,675 | WARNING |   [ADSK] Fetch error: Too Many Requests. Rate limited. Try after a while.
2026-01-19 22:28:17,026 | WARNING |   [AEP] Fetch error: Too Many Requests. Rate limited. Try after a while.
2026-01-19 22:28:22,981 | WARNING |   [AFL] Fetch error: Too Many Requests. Rate limited. Try after a while.
2026-01-19 22:28:27,140 | WARNING |   [AIG] Fetch error: Too Many Requests. Rate limited. Try after a while.
2026-01-19 22:28:31,050 | WARNING |   [AKAM] Fetch error: Too Many Requests. Rate limited. Try after a while.
2026-01-19 22:28:35,032 | WARNING |   [ALB] Fetch error: Too Many Requests. Rate limited. Try after a while.
2026-01-19 22:28:38,908 | WARNING |   [ALL] Fetch error: Too Many Requests. Rate limited. Try after a while.
2026-01-19 22:28:42,934 | WARNING |   [AMAT] Fetch error: Too Many Requests. Rate limited. Try after a while.
2026-01-19 22:28:45,935 | INFO |   Batch complete, waiting 60s...
2026-01-19 22:29:45,936 | INFO | 
  Batch 2/17 (25 assets)
2026-01-19 22:29:47,665 | WARNING |   [AMD] Fetch error: Too Many Requests. Rate limited. Try after a while.
2026-01-19 22:29:51,556 | WARNING |   [AMGN] Fetch error: Too Many Requests. Rate limited. Try after a while.
2026-01-19 22:29:55,439 | WARNING |   [AMT] Fetch error: Too Many Requests. Rate limited. Try after a while.
2026-01-19 22:29:59,531 | WARNING |   [AMZN] Fetch error: Too Many Requests. Rate limited. Try after a while.
2026-01-19 22:30:03,652 | WARNING |   [AON] Fetch error: Too Many Requests. Rate limited. Try after a while.
2026-01-19 22:30:07,533 | WARNING |   [APD] Fetch error: Too Many Requests. Rate limited. Try after a while.
2026-01-19 22:30:11,764 | WARNING |   [ASML] Fetch error: Too Many Requests. Rate limited. Try after a while.
2026-01-19 22:30:16,251 | WARNING |   [AVB] Fetch error: Too Many Requests. Rate limited. Try after a while.
2026-01-19 22:30:20,232 | WARNING |   [AVGO] Fetch error: Too Many Requests. Rate limited. Try after a while.
2026-01-19 22:30:24,173 | WARNING |   [AWK] Fetch error: Too Many Requests. Rate limited. Try after a while.
2026-01-19 22:30:28,236 | WARNING |   [AXP] Fetch error: Too Many Requests. Rate limited. Try after a while.
2026-01-19 22:30:32,433 | WARNING |   [AZO] Fetch error: Too Many Requests. Rate limited. Try after a while.
2026-01-19 22:30:36,345 | WARNING |   [BA] Fetch error: Too Many Requests. Rate limited. Try after a while.
2026-01-19 22:30:40,440 | WARNING |   [BAC] Fetch error: Too Many Requests. Rate limited. Try after a while.
2026-01-19 22:30:43,475 | INFO |   Batch complete, waiting 60s...
