2026-02-03 15:26:36,249 | INFO | ======================================================================
2026-02-03 15:26:36,249 | INFO | IoS-001 DAILY PRICE INGEST
2026-02-03 15:26:36,249 | INFO | Executor: LINE (EC-004)
2026-02-03 15:26:36,249 | INFO | Authority: CEO_DIRECTIVE_LINE_DAILY_INGEST_ACTIVATION_20251212
2026-02-03 15:26:36,249 | INFO | Time: 2026-02-03T14:26:36.249801+00:00
2026-02-03 15:26:36,249 | INFO | Asset Class Filter: ALL
2026-02-03 15:26:36,249 | INFO | Dry Run: False
2026-02-03 15:26:36,249 | INFO | ======================================================================
2026-02-03 15:26:36,569 | INFO | Found 491 VEGA-attested assets
2026-02-03 15:26:36,569 | INFO | 
============================================================
2026-02-03 15:26:36,569 | INFO | Processing CRYPTO: 46 assets
2026-02-03 15:26:36,569 | INFO | Schedule: Daily 01:00 UTC
2026-02-03 15:26:36,569 | INFO | ============================================================
2026-02-03 15:26:36,569 | INFO | 
  Batch 1/2 (25 assets)
2026-02-03 15:26:40,193 | WARNING |   [GRT-USD] Fetch error: Too Many Requests. Rate limited. Try after a while.
2026-02-03 15:26:43,200 | INFO |   Batch complete, waiting 60s...
2026-02-03 15:27:43,208 | INFO | 
  Batch 2/2 (21 assets)
2026-02-03 15:27:45,015 | WARNING |   [UNI-USD] Fetch error: Too Many Requests. Rate limited. Try after a while.
2026-02-03 15:27:48,044 | INFO | 
============================================================
2026-02-03 15:27:48,044 | INFO | Processing EQUITY: 421 assets
2026-02-03 15:27:48,044 | INFO | Schedule: Weekdays 22:00 UTC
2026-02-03 15:27:48,044 | INFO | ============================================================
2026-02-03 15:27:48,044 | INFO | 
  Batch 1/17 (25 assets)
2026-02-03 15:27:57,833 | WARNING |   [1COV.DE] Fetch error: Too Many Requests. Rate limited. Try after a while.
2026-02-03 15:28:02,118 | WARNING |   [ABBV] Fetch error: Too Many Requests. Rate limited. Try after a while.
2026-02-03 15:28:06,266 | WARNING |   [ABNB] Fetch error: Too Many Requests. Rate limited. Try after a while.
2026-02-03 15:28:11,077 | WARNING |   [ABT] Fetch error: Too Many Requests. Rate limited. Try after a while.
2026-02-03 15:28:15,458 | WARNING |   [ADBE] Fetch error: Too Many Requests. Rate limited. Try after a while.
2026-02-03 15:28:19,780 | WARNING |   [ADI] Fetch error: Too Many Requests. Rate limited. Try after a while.
2026-02-03 15:28:23,887 | WARNING |   [ADSK] Fetch error: Too Many Requests. Rate limited. Try after a while.
2026-02-03 15:28:28,048 | WARNING |   [AEP] Fetch error: Too Many Requests. Rate limited. Try after a while.
2026-02-03 15:28:32,211 | WARNING |   [AFL] Fetch error: Too Many Requests. Rate limited. Try after a while.
2026-02-03 15:28:36,507 | WARNING |   [AIG] Fetch error: Too Many Requests. Rate limited. Try after a while.
2026-02-03 15:28:40,957 | WARNING |   [AKAM] Fetch error: Too Many Requests. Rate limited. Try after a while.
2026-02-03 15:28:45,107 | WARNING |   [ALB] Fetch error: Too Many Requests. Rate limited. Try after a while.
2026-02-03 15:28:49,316 | WARNING |   [ALL] Fetch error: Too Many Requests. Rate limited. Try after a while.
2026-02-03 15:28:53,352 | WARNING |   [AMAT] Fetch error: Too Many Requests. Rate limited. Try after a while.
2026-02-03 15:28:56,354 | INFO |   Batch complete, waiting 60s...
2026-02-03 15:29:56,355 | INFO | 
  Batch 2/17 (25 assets)
2026-02-03 15:29:58,227 | WARNING |   [AMD] Fetch error: Too Many Requests. Rate limited. Try after a while.
2026-02-03 15:30:03,022 | WARNING |   [AMGN] Fetch error: Too Many Requests. Rate limited. Try after a while.
2026-02-03 15:30:07,407 | WARNING |   [AMT] Fetch error: Too Many Requests. Rate limited. Try after a while.
2026-02-03 15:30:11,787 | WARNING |   [AMZN] Fetch error: Too Many Requests. Rate limited. Try after a while.
2026-02-03 15:30:16,411 | WARNING |   [AON] Fetch error: Too Many Requests. Rate limited. Try after a while.
2026-02-03 15:30:20,818 | WARNING |   [APD] Fetch error: Too Many Requests. Rate limited. Try after a while.
2026-02-03 15:30:24,952 | WARNING |   [ASML] Fetch error: Too Many Requests. Rate limited. Try after a while.
2026-02-03 15:30:29,487 | WARNING |   [AVB] Fetch error: Too Many Requests. Rate limited. Try after a while.
2026-02-03 15:30:34,169 | WARNING |   [AVGO] Fetch error: Too Many Requests. Rate limited. Try after a while.
2026-02-03 15:30:38,982 | WARNING |   [AWK] Fetch error: Too Many Requests. Rate limited. Try after a while.
2026-02-03 15:30:44,303 | WARNING |   [AXP] Fetch error: Too Many Requests. Rate limited. Try after a while.
2026-02-03 15:30:48,859 | WARNING |   [AZO] Fetch error: Too Many Requests. Rate limited. Try after a while.
2026-02-03 15:30:53,364 | WARNING |   [BA] Fetch error: Too Many Requests. Rate limited. Try after a while.
2026-02-03 15:30:57,811 | WARNING |   [BAC] Fetch error: Too Many Requests. Rate limited. Try after a while.
2026-02-03 15:31:00,819 | INFO |   Batch complete, waiting 60s...
