2026-02-14 00:02:42,161 | INFO | ======================================================================
2026-02-14 00:02:42,161 | INFO | IoS-001 DAILY PRICE INGEST
2026-02-14 00:02:42,161 | INFO | Executor: LINE (EC-004)
2026-02-14 00:02:42,161 | INFO | Authority: CEO_DIRECTIVE_LINE_DAILY_INGEST_ACTIVATION_20251212
2026-02-14 00:02:42,161 | INFO | Amendment: CEO-DIR-2026-119 (Rate Limit Mitigation)
2026-02-14 00:02:42,161 | INFO | Time: 2026-02-13T23:02:42.161728+00:00
2026-02-14 00:02:42,161 | INFO | Asset Class Filter: ALL
2026-02-14 00:02:42,161 | INFO | Batch Mode: True
2026-02-14 00:02:42,161 | INFO | Dry Run: False
2026-02-14 00:02:42,161 | INFO | ======================================================================
2026-02-14 00:02:42,349 | INFO | Found 491 VEGA-attested assets
2026-02-14 00:02:42,349 | INFO | 
============================================================
2026-02-14 00:02:42,349 | INFO | Processing CRYPTO: 46 assets
2026-02-14 00:02:42,349 | INFO | Schedule: Daily 01:00 UTC
2026-02-14 00:02:42,349 | INFO | ============================================================
2026-02-14 00:02:42,349 | INFO |   Using BATCH MODE (CEO-DIR-2026-119)
2026-02-14 00:02:42,349 | INFO | 
  Batch 1/5 (10 tickers)
2026-02-14 00:02:42,349 | INFO |     Batch download: 10 tickers
2026-02-14 00:02:55,145 | ERROR | 
10 Failed downloads:
2026-02-14 00:02:55,145 | ERROR | ['AXS-USD', 'BCH-USD', 'CRO-USD', 'ALGO-USD', 'BTC-USD', 'CHZ-USD', 'AVAX-USD', 'ATOM-USD', 'ADA-USD', 'BNB-USD']: YFPricesMissingError('possibly delisted; no price data found  (1d 2026-02-14 -> 2026-02-15) (Yahoo error = "Data doesn\'t exist for startDate = 1771027200, endDate = 1771113600")')
2026-02-14 00:02:55,158 | INFO |   Batch complete, waiting 120s...
2026-02-14 00:04:55,159 | INFO | 
  Batch 2/5 (10 tickers)
2026-02-14 00:04:55,192 | INFO |     Batch download: 10 tickers
2026-02-14 00:05:08,732 | ERROR | 
10 Failed downloads:
2026-02-14 00:05:08,732 | ERROR | ['EOS-USD', 'DOT-USD', 'ETH-USD', 'FIL-USD', 'GRT-USD', 'FLOW-USD', 'CRV-USD', 'DOGE-USD', 'ETC-USD', 'HBAR-USD']: YFPricesMissingError('possibly delisted; no price data found  (1d 2026-02-14 -> 2026-02-15) (Yahoo error = "Data doesn\'t exist for startDate = 1771027200, endDate = 1771113600")')
2026-02-14 00:05:08,748 | INFO |   Batch complete, waiting 120s...
2026-02-14 00:07:08,749 | INFO | 
  Batch 3/5 (10 tickers)
2026-02-14 00:07:08,784 | INFO |     Batch download: 10 tickers
2026-02-14 00:07:21,185 | ERROR | 
10 Failed downloads:
2026-02-14 00:07:21,185 | ERROR | ['LINK-USD', 'ICP-USD', 'LDO-USD', 'MKR-USD', 'OKB-USD', 'QNT-USD', 'NEAR-USD', 'INJ-USD', 'LTC-USD', 'MANA-USD']: YFPricesMissingError('possibly delisted; no price data found  (1d 2026-02-14 -> 2026-02-15) (Yahoo error = "Data doesn\'t exist for startDate = 1771027200, endDate = 1771113600")')
2026-02-14 00:07:21,202 | INFO |   Batch complete, waiting 120s...
