2026-02-09 16:29:47,552 | INFO | ======================================================================
2026-02-09 16:29:47,559 | INFO | IoS-001 DAILY PRICE INGEST
2026-02-09 16:29:47,559 | INFO | Executor: LINE (EC-004)
2026-02-09 16:29:47,559 | INFO | Authority: CEO_DIRECTIVE_LINE_DAILY_INGEST_ACTIVATION_20251212
2026-02-09 16:29:47,559 | INFO | Amendment: CEO-DIR-2026-119 (Rate Limit Mitigation)
2026-02-09 16:29:47,559 | INFO | Time: 2026-02-09T15:29:47.559728+00:00
2026-02-09 16:29:47,559 | INFO | Asset Class Filter: ALL
2026-02-09 16:29:47,559 | INFO | Batch Mode: True
2026-02-09 16:29:47,571 | INFO | Dry Run: False
2026-02-09 16:29:47,571 | INFO | ======================================================================
2026-02-09 16:29:48,143 | INFO | Found 491 VEGA-attested assets
2026-02-09 16:29:48,143 | INFO | 
============================================================
2026-02-09 16:29:48,143 | INFO | Processing CRYPTO: 46 assets
2026-02-09 16:29:48,143 | INFO | Schedule: Daily 01:00 UTC
2026-02-09 16:29:48,143 | INFO | ============================================================
2026-02-09 16:29:48,143 | INFO |   Using BATCH MODE (CEO-DIR-2026-119)
2026-02-09 16:29:48,143 | INFO | 
  Batch 1/5 (10 tickers)
2026-02-09 16:29:48,197 | INFO |     All assets up to date
2026-02-09 16:29:48,197 | INFO | 
  Batch 2/5 (10 tickers)
2026-02-09 16:29:48,232 | INFO |     Batch download: 1 tickers
2026-02-09 16:29:54,401 | ERROR | 
1 Failed download:
2026-02-09 16:29:54,401 | ERROR | ['GRT-USD']: YFRateLimitError('Too Many Requests. Rate limited. Try after a while.')
2026-02-09 16:29:54,437 | INFO |   Batch complete, waiting 120s...
2026-02-09 16:31:54,439 | INFO | 
  Batch 3/5 (10 tickers)
2026-02-09 16:31:54,521 | INFO |     All assets up to date
2026-02-09 16:31:54,521 | INFO | 
  Batch 4/5 (10 tickers)
2026-02-09 16:31:54,573 | INFO |     Batch download: 1 tickers
2026-02-09 16:31:57,606 | ERROR | 
1 Failed download:
2026-02-09 16:31:57,606 | ERROR | ['UNI-USD']: YFRateLimitError('Too Many Requests. Rate limited. Try after a while.')
2026-02-09 16:31:57,617 | INFO |   Batch complete, waiting 120s...
2026-02-09 16:33:57,621 | INFO | 
  Batch 5/5 (6 tickers)
2026-02-09 16:33:57,657 | INFO |     All assets up to date
2026-02-09 16:33:57,657 | INFO | 
============================================================
2026-02-09 16:33:57,657 | INFO | Processing EQUITY: 421 assets
2026-02-09 16:33:57,657 | INFO | Schedule: Weekdays 22:00 UTC
2026-02-09 16:33:57,657 | INFO | ============================================================
2026-02-09 16:33:57,657 | INFO |   Using BATCH MODE (CEO-DIR-2026-119)
2026-02-09 16:33:57,657 | INFO | 
  Batch 1/43 (10 tickers)
2026-02-09 16:33:57,687 | INFO |     Batch download: 8 tickers
2026-02-09 16:34:09,005 | ERROR | 
8 Failed downloads:
2026-02-09 16:34:09,005 | ERROR | ['ADI', 'ADBE', 'ADSK', 'ABNB', 'ABBV', 'AEP', 'ABT', '1COV.DE']: YFRateLimitError('Too Many Requests. Rate limited. Try after a while.')
2026-02-09 16:34:09,012 | INFO |   Batch complete, waiting 120s...
