2026-01-06 01:22:01,193 | INFO | ======================================================================
2026-01-06 01:22:01,193 | INFO | IoS-001 DAILY PRICE INGEST
2026-01-06 01:22:01,193 | INFO | Executor: LINE (EC-004)
2026-01-06 01:22:01,193 | INFO | Authority: CEO_DIRECTIVE_LINE_DAILY_INGEST_ACTIVATION_20251212
2026-01-06 01:22:01,193 | INFO | Time: 2026-01-06T00:22:01.193385+00:00
2026-01-06 01:22:01,193 | INFO | Asset Class Filter: ALL
2026-01-06 01:22:01,193 | INFO | Dry Run: False
2026-01-06 01:22:01,193 | INFO | ======================================================================
2026-01-06 01:22:01,400 | INFO | Found 491 VEGA-attested assets
2026-01-06 01:22:01,400 | INFO | 
============================================================
2026-01-06 01:22:01,400 | INFO | Processing CRYPTO: 46 assets
2026-01-06 01:22:01,400 | INFO | Schedule: Daily 01:00 UTC
2026-01-06 01:22:01,400 | INFO | ============================================================
2026-01-06 01:22:01,400 | INFO | 
  Batch 1/2 (25 assets)
2026-01-06 01:22:04,689 | WARNING |   [ADA-USD] Fetch error: Too Many Requests. Rate limited. Try after a while.
2026-01-06 01:22:08,663 | WARNING |   [ALGO-USD] Fetch error: Too Many Requests. Rate limited. Try after a while.
2026-01-06 01:22:13,165 | WARNING |   [ATOM-USD] Fetch error: Too Many Requests. Rate limited. Try after a while.
2026-01-06 01:22:17,467 | WARNING |   [AVAX-USD] Fetch error: Too Many Requests. Rate limited. Try after a while.
2026-01-06 01:22:21,524 | WARNING |   [AXS-USD] Fetch error: Too Many Requests. Rate limited. Try after a while.
2026-01-06 01:22:25,294 | WARNING |   [BCH-USD] Fetch error: Too Many Requests. Rate limited. Try after a while.
2026-01-06 01:22:29,464 | WARNING |   [BNB-USD] Fetch error: Too Many Requests. Rate limited. Try after a while.
2026-01-06 01:22:33,511 | WARNING |   [BTC-USD] Fetch error: Too Many Requests. Rate limited. Try after a while.
2026-01-06 01:22:37,650 | WARNING |   [CHZ-USD] Fetch error: Too Many Requests. Rate limited. Try after a while.
2026-01-06 01:22:41,412 | WARNING |   [CRO-USD] Fetch error: Too Many Requests. Rate limited. Try after a while.
2026-01-06 01:22:45,721 | WARNING |   [CRV-USD] Fetch error: Too Many Requests. Rate limited. Try after a while.
2026-01-06 01:22:50,049 | WARNING |   [DOGE-USD] Fetch error: Too Many Requests. Rate limited. Try after a while.
2026-01-06 01:22:54,163 | WARNING |   [DOT-USD] Fetch error: Too Many Requests. Rate limited. Try after a while.
2026-01-06 01:22:58,242 | WARNING |   [EOS-USD] Fetch error: Too Many Requests. Rate limited. Try after a while.
2026-01-06 01:23:02,307 | WARNING |   [ETC-USD] Fetch error: Too Many Requests. Rate limited. Try after a while.
2026-01-06 01:23:06,487 | WARNING |   [ETH-USD] Fetch error: Too Many Requests. Rate limited. Try after a while.
2026-01-06 01:23:10,572 | WARNING |   [FIL-USD] Fetch error: Too Many Requests. Rate limited. Try after a while.
2026-01-06 01:23:14,981 | WARNING |   [FLOW-USD] Fetch error: Too Many Requests. Rate limited. Try after a while.
2026-01-06 01:23:18,675 | WARNING |   [GRT-USD] Fetch error: Too Many Requests. Rate limited. Try after a while.
2026-01-06 01:23:22,728 | WARNING |   [HBAR-USD] Fetch error: Too Many Requests. Rate limited. Try after a while.
2026-01-06 01:23:27,112 | WARNING |   [ICP-USD] Fetch error: Too Many Requests. Rate limited. Try after a while.
2026-01-06 01:23:31,175 | WARNING |   [INJ-USD] Fetch error: Too Many Requests. Rate limited. Try after a while.
2026-01-06 01:23:35,160 | WARNING |   [LDO-USD] Fetch error: Too Many Requests. Rate limited. Try after a while.
2026-01-06 01:23:39,384 | WARNING |   [LINK-USD] Fetch error: Too Many Requests. Rate limited. Try after a while.
2026-01-06 01:23:43,883 | WARNING |   [LTC-USD] Fetch error: Too Many Requests. Rate limited. Try after a while.
2026-01-06 01:23:46,885 | INFO |   Batch complete, waiting 60s...
2026-01-06 01:24:46,890 | INFO | 
  Batch 2/2 (21 assets)
2026-01-06 01:24:49,104 | WARNING |   [MANA-USD] Fetch error: Too Many Requests. Rate limited. Try after a while.
2026-01-06 01:24:53,564 | WARNING |   [MKR-USD] Fetch error: Too Many Requests. Rate limited. Try after a while.
2026-01-06 01:24:57,479 | WARNING |   [NEAR-USD] Fetch error: Too Many Requests. Rate limited. Try after a while.
2026-01-06 01:25:01,580 | WARNING |   [OKB-USD] Fetch error: Too Many Requests. Rate limited. Try after a while.
2026-01-06 01:25:05,824 | WARNING |   [QNT-USD] Fetch error: Too Many Requests. Rate limited. Try after a while.
2026-01-06 01:25:10,199 | WARNING |   [RPL-USD] Fetch error: Too Many Requests. Rate limited. Try after a while.
2026-01-06 01:25:14,390 | WARNING |   [RUNE-USD] Fetch error: Too Many Requests. Rate limited. Try after a while.
2026-01-06 01:25:18,398 | WARNING |   [SAND-USD] Fetch error: Too Many Requests. Rate limited. Try after a while.
2026-01-06 01:25:22,390 | WARNING |   [SHIB-USD] Fetch error: Too Many Requests. Rate limited. Try after a while.
2026-01-06 01:25:26,539 | WARNING |   [SNX-USD] Fetch error: Too Many Requests. Rate limited. Try after a while.
2026-01-06 01:25:30,550 | WARNING |   [SOL-USD] Fetch error: Too Many Requests. Rate limited. Try after a while.
2026-01-06 01:25:34,843 | WARNING |   [THETA-USD] Fetch error: Too Many Requests. Rate limited. Try after a while.
2026-01-06 01:25:38,819 | WARNING |   [TRX-USD] Fetch error: Too Many Requests. Rate limited. Try after a while.
2026-01-06 01:25:42,889 | WARNING |   [UNI-USD] Fetch error: Too Many Requests. Rate limited. Try after a while.
2026-01-06 01:25:47,034 | WARNING |   [VET-USD] Fetch error: Too Many Requests. Rate limited. Try after a while.
2026-01-06 01:25:50,768 | WARNING |   [XLM-USD] Fetch error: Too Many Requests. Rate limited. Try after a while.
2026-01-06 01:25:54,579 | WARNING |   [XMR-USD] Fetch error: Too Many Requests. Rate limited. Try after a while.
2026-01-06 01:25:58,773 | WARNING |   [XRP-USD] Fetch error: Too Many Requests. Rate limited. Try after a while.
2026-01-06 01:26:02,653 | WARNING |   [XTZ-USD] Fetch error: Too Many Requests. Rate limited. Try after a while.
2026-01-06 01:26:07,421 | WARNING |   [ZEC-USD] Fetch error: Too Many Requests. Rate limited. Try after a while.
2026-01-06 01:26:11,242 | WARNING |   [AAVE-USD] Fetch error: Too Many Requests. Rate limited. Try after a while.
2026-01-06 01:26:14,252 | INFO | 
============================================================
2026-01-06 01:26:14,252 | INFO | Processing EQUITY: 421 assets
2026-01-06 01:26:14,252 | INFO | Schedule: Weekdays 22:00 UTC
2026-01-06 01:26:14,252 | INFO | ============================================================
2026-01-06 01:26:14,252 | INFO | 
  Batch 1/17 (25 assets)
2026-01-06 01:26:15,451 | WARNING |   [1COV.DE] Fetch error: Too Many Requests. Rate limited. Try after a while.
2026-01-06 01:26:19,484 | WARNING |   [ABBV] Fetch error: Too Many Requests. Rate limited. Try after a while.
2026-01-06 01:26:23,565 | WARNING |   [ABNB] Fetch error: Too Many Requests. Rate limited. Try after a while.
2026-01-06 01:26:27,675 | WARNING |   [ABT] Fetch error: Too Many Requests. Rate limited. Try after a while.
2026-01-06 01:26:31,960 | WARNING |   [ACA.PA] Fetch error: Too Many Requests. Rate limited. Try after a while.
2026-01-06 01:26:35,882 | WARNING |   [ADBE] Fetch error: Too Many Requests. Rate limited. Try after a while.
2026-01-06 01:26:39,934 | WARNING |   [ADI] Fetch error: Too Many Requests. Rate limited. Try after a while.
2026-01-06 01:26:43,922 | WARNING |   [ADS.DE] Fetch error: Too Many Requests. Rate limited. Try after a while.
2026-01-06 01:26:48,224 | WARNING |   [ADSK] Fetch error: Too Many Requests. Rate limited. Try after a while.
2026-01-06 01:26:52,166 | WARNING |   [AEP] Fetch error: Too Many Requests. Rate limited. Try after a while.
2026-01-06 01:26:56,239 | WARNING |   [AFL] Fetch error: Too Many Requests. Rate limited. Try after a while.
