2026-02-14 12:08:26,325 | INFO | ======================================================================
2026-02-14 12:08:26,325 | INFO | IoS-001 DAILY PRICE INGEST
2026-02-14 12:08:26,325 | INFO | Executor: LINE (EC-004)
2026-02-14 12:08:26,325 | INFO | Authority: CEO_DIRECTIVE_LINE_DAILY_INGEST_ACTIVATION_20251212
2026-02-14 12:08:26,325 | INFO | Amendment: CEO-DIR-2026-119 (Rate Limit Mitigation)
2026-02-14 12:08:26,325 | INFO | Time: 2026-02-14T11:08:26.325884+00:00
2026-02-14 12:08:26,325 | INFO | Asset Class Filter: ALL
2026-02-14 12:08:26,325 | INFO | Batch Mode: True
2026-02-14 12:08:26,325 | INFO | Dry Run: False
2026-02-14 12:08:26,325 | INFO | ======================================================================
2026-02-14 12:08:26,721 | INFO | Found 491 VEGA-attested assets
2026-02-14 12:08:26,721 | INFO | 
============================================================
2026-02-14 12:08:26,722 | INFO | Processing CRYPTO: 46 assets
2026-02-14 12:08:26,722 | INFO | Schedule: Daily 01:00 UTC
2026-02-14 12:08:26,722 | INFO | ============================================================
2026-02-14 12:08:26,722 | INFO |   Using BATCH MODE (CEO-DIR-2026-119)
2026-02-14 12:08:26,722 | INFO | 
  Batch 1/5 (10 tickers)
2026-02-14 12:08:26,733 | INFO |     All assets up to date
2026-02-14 12:08:26,733 | INFO | 
  Batch 2/5 (10 tickers)
2026-02-14 12:08:26,741 | INFO |     Batch download: 1 tickers
2026-02-14 12:08:31,184 | ERROR | 
1 Failed download:
2026-02-14 12:08:31,184 | ERROR | ['GRT-USD']: YFRateLimitError('Too Many Requests. Rate limited. Try after a while.')
2026-02-14 12:08:31,184 | INFO |   Batch complete, waiting 120s...
2026-02-14 12:10:31,200 | INFO | 
  Batch 3/5 (10 tickers)
2026-02-14 12:10:31,239 | INFO |     All assets up to date
2026-02-14 12:10:31,240 | INFO | 
  Batch 4/5 (10 tickers)
2026-02-14 12:10:31,248 | INFO |     Batch download: 1 tickers
2026-02-14 12:10:32,231 | ERROR | 
1 Failed download:
2026-02-14 12:10:32,231 | ERROR | ['UNI-USD']: YFRateLimitError('Too Many Requests. Rate limited. Try after a while.')
2026-02-14 12:10:32,231 | INFO |   Batch complete, waiting 120s...
2026-02-14 12:12:32,240 | INFO | 
  Batch 5/5 (6 tickers)
2026-02-14 12:12:32,265 | INFO |     All assets up to date
2026-02-14 12:12:32,265 | INFO | 
============================================================
2026-02-14 12:12:32,266 | INFO | Processing EQUITY: 421 assets
2026-02-14 12:12:32,266 | INFO | Schedule: Weekdays 22:00 UTC
2026-02-14 12:12:32,266 | INFO | ============================================================
2026-02-14 12:12:32,267 | INFO |   Market closed for EQUITY today, skipping
2026-02-14 12:12:32,267 | INFO | 
============================================================
2026-02-14 12:12:32,267 | INFO | Processing FX: 24 assets
2026-02-14 12:12:32,268 | INFO | Schedule: Sun-Thu 22:00 UTC
2026-02-14 12:12:32,268 | INFO | ============================================================
2026-02-14 12:12:32,268 | INFO |   Market closed for FX today, skipping
2026-02-14 12:12:32,276 | WARNING | Heartbeat recording failed: relation "fhq_monitoring.system_heartbeats" does not exist
LINE 2:                 INSERT INTO fhq_monitoring.system_heartbeats...
                                    ^

2026-02-14 12:12:32,278 | INFO | 
======================================================================
2026-02-14 12:12:32,278 | INFO | DAILY INGEST COMPLETE
2026-02-14 12:12:32,278 | INFO | ======================================================================
2026-02-14 12:12:32,278 | INFO | Assets Processed: 46
2026-02-14 12:12:32,278 | INFO | Assets Updated:   0
2026-02-14 12:12:32,278 | INFO | Rows Inserted:    0
2026-02-14 12:12:32,278 | INFO |   CRYPTO: 0 assets, 0 rows
2026-02-14 12:12:32,278 | INFO | Evidence: C:\fhq-market-system\vision-ios\03_FUNCTIONS\evidence\IOS001_DAILY_INGEST_1fea7b91_20260214_121232.json
2026-02-14 12:12:32,278 | INFO | ======================================================================
