2025-12-19 11:48:56,085 | INFO | ======================================================================
2025-12-19 11:48:56,085 | INFO | IoS-001 DAILY PRICE INGEST
2025-12-19 11:48:56,085 | INFO | Executor: LINE (EC-004)
2025-12-19 11:48:56,085 | INFO | Authority: CEO_DIRECTIVE_LINE_DAILY_INGEST_ACTIVATION_20251212
2025-12-19 11:48:56,085 | INFO | Time: 2025-12-19T10:48:56.085285+00:00
2025-12-19 11:48:56,085 | INFO | Asset Class Filter: ALL
2025-12-19 11:48:56,085 | INFO | Dry Run: False
2025-12-19 11:48:56,085 | INFO | ======================================================================
2025-12-19 11:48:56,229 | INFO | Found 463 VEGA-attested assets
2025-12-19 11:48:56,229 | INFO | 
============================================================
2025-12-19 11:48:56,229 | INFO | Processing CRYPTO: 45 assets
2025-12-19 11:48:56,229 | INFO | Schedule: Daily 01:00 UTC
2025-12-19 11:48:56,229 | INFO | ============================================================
2025-12-19 11:48:56,229 | INFO | 
  Batch 1/2 (25 assets)
2025-12-19 11:48:56,256 | INFO |   Batch complete, waiting 60s...
2025-12-19 11:49:56,257 | INFO | 
  Batch 2/2 (20 assets)
2025-12-19 11:49:56,362 | INFO | 
============================================================
2025-12-19 11:49:56,363 | INFO | Processing EQUITY: 394 assets
2025-12-19 11:49:56,363 | INFO | Schedule: Weekdays 22:00 UTC
2025-12-19 11:49:56,363 | INFO | ============================================================
2025-12-19 11:49:56,365 | INFO | 
  Batch 1/16 (25 assets)
2025-12-19 11:50:03,278 | WARNING |   [1COV.DE] Fetch error: Too Many Requests. Rate limited. Try after a while.
2025-12-19 11:50:07,268 | WARNING |   [ABBV] Fetch error: Too Many Requests. Rate limited. Try after a while.
2025-12-19 11:50:11,385 | WARNING |   [ABNB] Fetch error: Too Many Requests. Rate limited. Try after a while.
2025-12-19 11:50:15,388 | WARNING |   [ABT] Fetch error: Too Many Requests. Rate limited. Try after a while.
2025-12-19 11:50:19,364 | WARNING |   [ACA.PA] Fetch error: Too Many Requests. Rate limited. Try after a while.
2025-12-19 11:50:23,713 | WARNING |   [ADBE] Fetch error: Too Many Requests. Rate limited. Try after a while.
2025-12-19 11:50:27,955 | WARNING |   [ADI] Fetch error: Too Many Requests. Rate limited. Try after a while.
2025-12-19 11:50:32,222 | WARNING |   [ADS.DE] Fetch error: Too Many Requests. Rate limited. Try after a while.
2025-12-19 11:50:36,252 | WARNING |   [ADSK] Fetch error: Too Many Requests. Rate limited. Try after a while.
2025-12-19 11:50:40,415 | WARNING |   [AEP] Fetch error: Too Many Requests. Rate limited. Try after a while.
2025-12-19 11:50:44,551 | WARNING |   [AFL] Fetch error: Too Many Requests. Rate limited. Try after a while.
2025-12-19 11:50:48,806 | WARNING |   [AI.PA] Fetch error: Too Many Requests. Rate limited. Try after a while.
2025-12-19 11:50:52,788 | WARNING |   [AIG] Fetch error: Too Many Requests. Rate limited. Try after a while.
2025-12-19 11:50:57,205 | WARNING |   [AIR.DE] Fetch error: Too Many Requests. Rate limited. Try after a while.
2025-12-19 11:51:01,346 | WARNING |   [AIR.PA] Fetch error: Too Many Requests. Rate limited. Try after a while.
2025-12-19 11:51:05,886 | WARNING |   [AKAM] Fetch error: Too Many Requests. Rate limited. Try after a while.
2025-12-19 11:51:09,874 | WARNING |   [AKER.OL] Fetch error: Too Many Requests. Rate limited. Try after a while.
2025-12-19 11:51:13,748 | WARNING |   [AKRBP.OL] Fetch error: Too Many Requests. Rate limited. Try after a while.
2025-12-19 11:51:17,741 | WARNING |   [AKSO.OL] Fetch error: Too Many Requests. Rate limited. Try after a while.
2025-12-19 11:51:21,451 | WARNING |   [AKVA.OL] Fetch error: Too Many Requests. Rate limited. Try after a while.
2025-12-19 11:51:25,349 | WARNING |   [ALB] Fetch error: Too Many Requests. Rate limited. Try after a while.
2025-12-19 11:51:29,452 | WARNING |   [ALL] Fetch error: Too Many Requests. Rate limited. Try after a while.
2025-12-19 11:51:33,504 | WARNING |   [ALO.PA] Fetch error: Too Many Requests. Rate limited. Try after a while.
2025-12-19 11:51:38,004 | WARNING |   [ALV.DE] Fetch error: Too Many Requests. Rate limited. Try after a while.
2025-12-19 11:51:42,070 | WARNING |   [AMAT] Fetch error: Too Many Requests. Rate limited. Try after a while.
2025-12-19 11:51:45,072 | INFO |   Batch complete, waiting 60s...
2025-12-19 11:52:45,073 | INFO | 
  Batch 2/16 (25 assets)
2025-12-19 11:52:47,154 | WARNING |   [AMD] Fetch error: Too Many Requests. Rate limited. Try after a while.
2025-12-19 11:52:51,735 | WARNING |   [AMGN] Fetch error: Too Many Requests. Rate limited. Try after a while.
2025-12-19 11:52:55,715 | WARNING |   [AMT] Fetch error: Too Many Requests. Rate limited. Try after a while.
2025-12-19 11:52:59,651 | WARNING |   [AON] Fetch error: Too Many Requests. Rate limited. Try after a while.
2025-12-19 11:53:04,232 | WARNING |   [APD] Fetch error: Too Many Requests. Rate limited. Try after a while.
2025-12-19 11:53:08,275 | WARNING |   [ATO.PA] Fetch error: Too Many Requests. Rate limited. Try after a while.
2025-12-19 11:53:12,319 | WARNING |   [AUSS.OL] Fetch error: Too Many Requests. Rate limited. Try after a while.
2025-12-19 11:53:16,251 | WARNING |   [AUTO.OL] Fetch error: Too Many Requests. Rate limited. Try after a while.
2025-12-19 11:53:20,087 | WARNING |   [AV.L] Fetch error: Too Many Requests. Rate limited. Try after a while.
2025-12-19 11:53:24,177 | WARNING |   [AVB] Fetch error: Too Many Requests. Rate limited. Try after a while.
2025-12-19 11:53:27,914 | WARNING |   [AVGO] Fetch error: Too Many Requests. Rate limited. Try after a while.
2025-12-19 11:53:31,907 | WARNING |   [AWK] Fetch error: Too Many Requests. Rate limited. Try after a while.
2025-12-19 11:53:35,848 | WARNING |   [AXP] Fetch error: Too Many Requests. Rate limited. Try after a while.
2025-12-19 11:53:40,250 | WARNING |   [AZN.L] Fetch error: Too Many Requests. Rate limited. Try after a while.
2025-12-19 11:53:45,825 | WARNING |   [AZO] Fetch error: Too Many Requests. Rate limited. Try after a while.
2025-12-19 11:53:50,062 | WARNING |   [BA] Fetch error: Too Many Requests. Rate limited. Try after a while.
2025-12-19 11:53:53,766 | WARNING |   [BA.L] Fetch error: Too Many Requests. Rate limited. Try after a while.
