2025-12-26 05:08:42,173 | INFO | ======================================================================
2025-12-26 05:08:42,173 | INFO | IoS-001 DAILY PRICE INGEST
2025-12-26 05:08:42,173 | INFO | Executor: LINE (EC-004)
2025-12-26 05:08:42,173 | INFO | Authority: CEO_DIRECTIVE_LINE_DAILY_INGEST_ACTIVATION_20251212
2025-12-26 05:08:42,173 | INFO | Time: 2025-12-26T04:08:42.173583+00:00
2025-12-26 05:08:42,174 | INFO | Asset Class Filter: ALL
2025-12-26 05:08:42,174 | INFO | Dry Run: False
2025-12-26 05:08:42,174 | INFO | ======================================================================
2025-12-26 05:08:42,474 | INFO | Found 463 VEGA-attested assets
2025-12-26 05:08:42,474 | INFO | 
============================================================
2025-12-26 05:08:42,474 | INFO | Processing CRYPTO: 45 assets
2025-12-26 05:08:42,474 | INFO | Schedule: Daily 01:00 UTC
2025-12-26 05:08:42,474 | INFO | ============================================================
2025-12-26 05:08:42,474 | INFO | 
  Batch 1/2 (25 assets)
2025-12-26 05:08:45,430 | WARNING |   [ADA-USD] Fetch error: Too Many Requests. Rate limited. Try after a while.
2025-12-26 05:08:49,339 | WARNING |   [ALGO-USD] Fetch error: Too Many Requests. Rate limited. Try after a while.
2025-12-26 05:08:53,641 | WARNING |   [ATOM-USD] Fetch error: Too Many Requests. Rate limited. Try after a while.
2025-12-26 05:08:57,663 | WARNING |   [AXS-USD] Fetch error: Too Many Requests. Rate limited. Try after a while.
2025-12-26 05:09:01,636 | WARNING |   [BNB-USD] Fetch error: Too Many Requests. Rate limited. Try after a while.
2025-12-26 05:09:05,600 | WARNING |   [CHZ-USD] Fetch error: Too Many Requests. Rate limited. Try after a while.
2025-12-26 05:09:09,560 | WARNING |   [CRO-USD] Fetch error: Too Many Requests. Rate limited. Try after a while.
2025-12-26 05:09:13,732 | WARNING |   [EOS-USD] Fetch error: Too Many Requests. Rate limited. Try after a while.
2025-12-26 05:09:17,902 | WARNING |   [ETC-USD] Fetch error: Too Many Requests. Rate limited. Try after a while.
2025-12-26 05:09:22,040 | WARNING |   [FIL-USD] Fetch error: Too Many Requests. Rate limited. Try after a while.
2025-12-26 05:09:25,995 | WARNING |   [FLOW-USD] Fetch error: Too Many Requests. Rate limited. Try after a while.
2025-12-26 05:09:30,045 | WARNING |   [HBAR-USD] Fetch error: Too Many Requests. Rate limited. Try after a while.
2025-12-26 05:09:34,214 | WARNING |   [ICP-USD] Fetch error: Too Many Requests. Rate limited. Try after a while.
2025-12-26 05:09:38,285 | WARNING |   [INJ-USD] Fetch error: Too Many Requests. Rate limited. Try after a while.
2025-12-26 05:09:42,181 | WARNING |   [LDO-USD] Fetch error: Too Many Requests. Rate limited. Try after a while.
2025-12-26 05:09:46,044 | WARNING |   [MANA-USD] Fetch error: Too Many Requests. Rate limited. Try after a while.
2025-12-26 05:09:49,046 | INFO |   Batch complete, waiting 60s...
2025-12-26 05:10:49,048 | INFO | 
  Batch 2/2 (20 assets)
2025-12-26 05:10:50,841 | WARNING |   [MKR-USD] Fetch error: Too Many Requests. Rate limited. Try after a while.
2025-12-26 05:10:54,904 | WARNING |   [NEAR-USD] Fetch error: Too Many Requests. Rate limited. Try after a while.
2025-12-26 05:10:58,884 | WARNING |   [OKB-USD] Fetch error: Too Many Requests. Rate limited. Try after a while.
2025-12-26 05:11:02,852 | WARNING |   [QNT-USD] Fetch error: Too Many Requests. Rate limited. Try after a while.
2025-12-26 05:11:06,748 | WARNING |   [RPL-USD] Fetch error: Too Many Requests. Rate limited. Try after a while.
2025-12-26 05:11:10,732 | WARNING |   [RUNE-USD] Fetch error: Too Many Requests. Rate limited. Try after a while.
2025-12-26 05:11:14,491 | WARNING |   [SAND-USD] Fetch error: Too Many Requests. Rate limited. Try after a while.
2025-12-26 05:11:18,819 | WARNING |   [SNX-USD] Fetch error: Too Many Requests. Rate limited. Try after a while.
2025-12-26 05:11:22,915 | WARNING |   [THETA-USD] Fetch error: Too Many Requests. Rate limited. Try after a while.
2025-12-26 05:11:26,978 | WARNING |   [TRX-USD] Fetch error: Too Many Requests. Rate limited. Try after a while.
2025-12-26 05:11:30,946 | WARNING |   [VET-USD] Fetch error: Too Many Requests. Rate limited. Try after a while.
2025-12-26 05:11:34,825 | WARNING |   [XLM-USD] Fetch error: Too Many Requests. Rate limited. Try after a while.
2025-12-26 05:11:38,922 | WARNING |   [XMR-USD] Fetch error: Too Many Requests. Rate limited. Try after a while.
2025-12-26 05:11:43,236 | WARNING |   [ZEC-USD] Fetch error: Too Many Requests. Rate limited. Try after a while.
2025-12-26 05:11:46,238 | INFO | 
============================================================
2025-12-26 05:11:46,238 | INFO | Processing EQUITY: 394 assets
2025-12-26 05:11:46,240 | INFO | Schedule: Weekdays 22:00 UTC
2025-12-26 05:11:46,240 | INFO | ============================================================
2025-12-26 05:11:46,240 | INFO | 
  Batch 1/16 (25 assets)
2025-12-26 05:11:47,361 | WARNING |   [1COV.DE] Fetch error: Too Many Requests. Rate limited. Try after a while.
2025-12-26 05:11:51,468 | WARNING |   [ABBV] Fetch error: Too Many Requests. Rate limited. Try after a while.
2025-12-26 05:11:55,472 | WARNING |   [ABNB] Fetch error: Too Many Requests. Rate limited. Try after a while.
2025-12-26 05:11:59,376 | WARNING |   [ABT] Fetch error: Too Many Requests. Rate limited. Try after a while.
2025-12-26 05:12:03,400 | WARNING |   [ACA.PA] Fetch error: Too Many Requests. Rate limited. Try after a while.
2025-12-26 05:12:07,420 | WARNING |   [ADBE] Fetch error: Too Many Requests. Rate limited. Try after a while.
2025-12-26 05:12:11,932 | WARNING |   [ADI] Fetch error: Too Many Requests. Rate limited. Try after a while.
2025-12-26 05:12:15,751 | WARNING |   [ADS.DE] Fetch error: Too Many Requests. Rate limited. Try after a while.
2025-12-26 05:12:19,905 | WARNING |   [ADSK] Fetch error: Too Many Requests. Rate limited. Try after a while.
2025-12-26 05:12:24,232 | WARNING |   [AEP] Fetch error: Too Many Requests. Rate limited. Try after a while.
2025-12-26 05:12:28,448 | WARNING |   [AFL] Fetch error: Too Many Requests. Rate limited. Try after a while.
2025-12-26 05:12:32,703 | WARNING |   [AI.PA] Fetch error: Too Many Requests. Rate limited. Try after a while.
2025-12-26 05:12:36,917 | WARNING |   [AIG] Fetch error: Too Many Requests. Rate limited. Try after a while.
2025-12-26 05:12:40,890 | WARNING |   [AIR.DE] Fetch error: Too Many Requests. Rate limited. Try after a while.
2025-12-26 05:12:45,173 | WARNING |   [AIR.PA] Fetch error: Too Many Requests. Rate limited. Try after a while.
2025-12-26 05:12:49,647 | WARNING |   [AKAM] Fetch error: Too Many Requests. Rate limited. Try after a while.
2025-12-26 05:12:53,707 | WARNING |   [AKER.OL] Fetch error: Too Many Requests. Rate limited. Try after a while.
2025-12-26 05:12:58,205 | WARNING |   [AKRBP.OL] Fetch error: Too Many Requests. Rate limited. Try after a while.
2025-12-26 05:13:02,347 | WARNING |   [AKSO.OL] Fetch error: Too Many Requests. Rate limited. Try after a while.
2025-12-26 05:13:06,418 | WARNING |   [AKVA.OL] Fetch error: Too Many Requests. Rate limited. Try after a while.
2025-12-26 05:13:10,596 | WARNING |   [ALB] Fetch error: Too Many Requests. Rate limited. Try after a while.
2025-12-26 05:13:14,773 | WARNING |   [ALL] Fetch error: Too Many Requests. Rate limited. Try after a while.
2025-12-26 05:13:19,041 | WARNING |   [ALO.PA] Fetch error: Too Many Requests. Rate limited. Try after a while.
2025-12-26 05:13:23,423 | WARNING |   [ALV.DE] Fetch error: Too Many Requests. Rate limited. Try after a while.
2025-12-26 05:13:27,449 | WARNING |   [AMAT] Fetch error: Too Many Requests. Rate limited. Try after a while.
2025-12-26 05:13:30,450 | INFO |   Batch complete, waiting 60s...
