2026-01-30 19:10:20,459 | INFO | ======================================================================
2026-01-30 19:10:20,459 | INFO | IoS-001 DAILY PRICE INGEST
2026-01-30 19:10:20,459 | INFO | Executor: LINE (EC-004)
2026-01-30 19:10:20,459 | INFO | Authority: CEO_DIRECTIVE_LINE_DAILY_INGEST_ACTIVATION_20251212
2026-01-30 19:10:20,459 | INFO | Time: 2026-01-30T18:10:20.459591+00:00
2026-01-30 19:10:20,459 | INFO | Asset Class Filter: ALL
2026-01-30 19:10:20,459 | INFO | Dry Run: False
2026-01-30 19:10:20,459 | INFO | ======================================================================
2026-01-30 19:10:20,800 | INFO | Found 491 VEGA-attested assets
2026-01-30 19:10:20,800 | INFO | 
============================================================
2026-01-30 19:10:20,800 | INFO | Processing CRYPTO: 46 assets
2026-01-30 19:10:20,800 | INFO | Schedule: Daily 01:00 UTC
2026-01-30 19:10:20,800 | INFO | ============================================================
2026-01-30 19:10:20,800 | INFO | 
  Batch 1/2 (25 assets)
2026-01-30 19:10:24,509 | WARNING |   [GRT-USD] Fetch error: Too Many Requests. Rate limited. Try after a while.
2026-01-30 19:10:27,521 | INFO |   Batch complete, waiting 60s...
2026-01-30 19:11:27,531 | INFO | 
  Batch 2/2 (21 assets)
2026-01-30 19:11:29,879 | WARNING |   [UNI-USD] Fetch error: Too Many Requests. Rate limited. Try after a while.
2026-01-30 19:11:32,905 | INFO | 
============================================================
2026-01-30 19:11:32,905 | INFO | Processing EQUITY: 421 assets
2026-01-30 19:11:32,905 | INFO | Schedule: Weekdays 22:00 UTC
2026-01-30 19:11:32,905 | INFO | ============================================================
2026-01-30 19:11:32,905 | INFO | 
  Batch 1/17 (25 assets)
2026-01-30 19:11:34,584 | WARNING |   [1COV.DE] Fetch error: Too Many Requests. Rate limited. Try after a while.
2026-01-30 19:11:37,635 | INFO |   Batch complete, waiting 60s...
2026-01-30 19:12:37,638 | INFO | 
  Batch 2/17 (25 assets)
2026-01-30 19:12:37,694 | INFO |   Batch complete, waiting 60s...
2026-01-30 19:13:37,700 | INFO | 
  Batch 3/17 (25 assets)
2026-01-30 19:13:41,251 | WARNING |   [BRK.B] Fetch error: Too Many Requests. Rate limited. Try after a while.
2026-01-30 19:13:45,288 | WARNING |   [BSX] Fetch error: Too Many Requests. Rate limited. Try after a while.
2026-01-30 19:13:49,264 | WARNING |   [BT.A.L] Fetch error: Too Many Requests. Rate limited. Try after a while.
2026-01-30 19:13:53,337 | WARNING |   [BWO.OL] Fetch error: Too Many Requests. Rate limited. Try after a while.
2026-01-30 19:13:57,582 | WARNING |   [C] Fetch error: Too Many Requests. Rate limited. Try after a while.
2026-01-30 19:14:01,977 | WARNING |   [CAG] Fetch error: Too Many Requests. Rate limited. Try after a while.
2026-01-30 19:14:06,243 | WARNING |   [CAP.PA] Fetch error: Too Many Requests. Rate limited. Try after a while.
2026-01-30 19:14:10,416 | WARNING |   [CARR] Fetch error: Too Many Requests. Rate limited. Try after a while.
2026-01-30 19:14:14,886 | WARNING |   [CAT] Fetch error: Too Many Requests. Rate limited. Try after a while.
2026-01-30 19:14:19,146 | WARNING |   [CB] Fetch error: Too Many Requests. Rate limited. Try after a while.
2026-01-30 19:14:23,057 | WARNING |   [CBK.DE] Fetch error: Too Many Requests. Rate limited. Try after a while.
2026-01-30 19:14:27,739 | WARNING |   [CCI] Fetch error: Too Many Requests. Rate limited. Try after a while.
2026-01-30 19:14:31,838 | WARNING |   [CDNS] Fetch error: Too Many Requests. Rate limited. Try after a while.
2026-01-30 19:14:34,847 | INFO |   Batch complete, waiting 60s...
