2025-12-24 02:29:38,127 | INFO | ======================================================================
2025-12-24 02:29:38,127 | INFO | IoS-001 DAILY PRICE INGEST
2025-12-24 02:29:38,127 | INFO | Executor: LINE (EC-004)
2025-12-24 02:29:38,127 | INFO | Authority: CEO_DIRECTIVE_LINE_DAILY_INGEST_ACTIVATION_20251212
2025-12-24 02:29:38,127 | INFO | Time: 2025-12-24T01:29:38.127553+00:00
2025-12-24 02:29:38,127 | INFO | Asset Class Filter: ALL
2025-12-24 02:29:38,127 | INFO | Dry Run: False
2025-12-24 02:29:38,127 | INFO | ======================================================================
2025-12-24 02:29:38,316 | INFO | Found 463 VEGA-attested assets
2025-12-24 02:29:38,316 | INFO | 
============================================================
2025-12-24 02:29:38,316 | INFO | Processing CRYPTO: 45 assets
2025-12-24 02:29:38,316 | INFO | Schedule: Daily 01:00 UTC
2025-12-24 02:29:38,316 | INFO | ============================================================
2025-12-24 02:29:38,316 | INFO | 
  Batch 1/2 (25 assets)
2025-12-24 02:29:38,360 | INFO |   Batch complete, waiting 60s...
2025-12-24 02:30:38,362 | INFO | 
  Batch 2/2 (20 assets)
2025-12-24 02:30:38,382 | INFO | 
============================================================
2025-12-24 02:30:38,382 | INFO | Processing EQUITY: 394 assets
2025-12-24 02:30:38,382 | INFO | Schedule: Weekdays 22:00 UTC
2025-12-24 02:30:38,382 | INFO | ============================================================
2025-12-24 02:30:38,382 | INFO | 
  Batch 1/16 (25 assets)
2025-12-24 02:30:39,584 | INFO |     [1COV.DE] +1 rows
2025-12-24 02:30:44,672 | ERROR | $ABBV: possibly delisted; no price data found  (1d 2025-12-24 -> 2025-12-25) (Yahoo error = "Data doesn't exist for startDate = 1766552400, endDate = 1766638800")
2025-12-24 02:30:48,672 | ERROR | $ABNB: possibly delisted; no price data found  (1d 2025-12-24 -> 2025-12-25) (Yahoo error = "Data doesn't exist for startDate = 1766552400, endDate = 1766638800")
2025-12-24 02:30:52,959 | ERROR | $ABT: possibly delisted; no price data found  (1d 2025-12-24 -> 2025-12-25) (Yahoo error = "Data doesn't exist for startDate = 1766552400, endDate = 1766638800")
2025-12-24 02:30:56,108 | INFO |     [ACA.PA] +1 rows
2025-12-24 02:31:00,126 | ERROR | $ADBE: possibly delisted; no price data found  (1d 2025-12-24 -> 2025-12-25) (Yahoo error = "Data doesn't exist for startDate = 1766552400, endDate = 1766638800")
2025-12-24 02:31:04,197 | ERROR | $ADI: possibly delisted; no price data found  (1d 2025-12-24 -> 2025-12-25) (Yahoo error = "Data doesn't exist for startDate = 1766552400, endDate = 1766638800")
2025-12-24 02:31:07,362 | INFO |     [ADS.DE] +1 rows
2025-12-24 02:31:11,809 | ERROR | $ADSK: possibly delisted; no price data found  (1d 2025-12-24 -> 2025-12-25) (Yahoo error = "Data doesn't exist for startDate = 1766552400, endDate = 1766638800")
2025-12-24 02:31:15,878 | ERROR | $AEP: possibly delisted; no price data found  (1d 2025-12-24 -> 2025-12-25) (Yahoo error = "Data doesn't exist for startDate = 1766552400, endDate = 1766638800")
2025-12-24 02:31:20,117 | ERROR | $AFL: possibly delisted; no price data found  (1d 2025-12-24 -> 2025-12-25) (Yahoo error = "Data doesn't exist for startDate = 1766552400, endDate = 1766638800")
2025-12-24 02:31:23,302 | INFO |     [AI.PA] +1 rows
2025-12-24 02:31:27,571 | ERROR | $AIG: possibly delisted; no price data found  (1d 2025-12-24 -> 2025-12-25) (Yahoo error = "Data doesn't exist for startDate = 1766552400, endDate = 1766638800")
2025-12-24 02:31:30,695 | INFO |     [AIR.DE] +1 rows
2025-12-24 02:31:33,858 | INFO |     [AIR.PA] +1 rows
2025-12-24 02:31:38,310 | ERROR | $AKAM: possibly delisted; no price data found  (1d 2025-12-24 -> 2025-12-25) (Yahoo error = "Data doesn't exist for startDate = 1766552400, endDate = 1766638800")
2025-12-24 02:31:41,432 | INFO |     [AKER.OL] +1 rows
2025-12-24 02:31:44,540 | INFO |     [AKRBP.OL] +1 rows
2025-12-24 02:31:47,682 | INFO |     [AKSO.OL] +1 rows
2025-12-24 02:31:50,834 | INFO |     [AKVA.OL] +1 rows
2025-12-24 02:31:55,212 | ERROR | $ALB: possibly delisted; no price data found  (1d 2025-12-24 -> 2025-12-25) (Yahoo error = "Data doesn't exist for startDate = 1766552400, endDate = 1766638800")
2025-12-24 02:31:59,520 | ERROR | $ALL: possibly delisted; no price data found  (1d 2025-12-24 -> 2025-12-25) (Yahoo error = "Data doesn't exist for startDate = 1766552400, endDate = 1766638800")
2025-12-24 02:32:02,675 | INFO |     [ALO.PA] +1 rows
2025-12-24 02:32:05,859 | INFO |     [ALV.DE] +1 rows
2025-12-24 02:32:09,930 | ERROR | $AMAT: possibly delisted; no price data found  (1d 2025-12-24 -> 2025-12-25) (Yahoo error = "Data doesn't exist for startDate = 1766552400, endDate = 1766638800")
2025-12-24 02:32:12,940 | INFO |   Batch complete, waiting 60s...
2025-12-24 02:33:12,942 | INFO | 
  Batch 2/16 (25 assets)
2025-12-24 02:33:14,774 | ERROR | $AMD: possibly delisted; no price data found  (1d 2025-12-24 -> 2025-12-25) (Yahoo error = "Data doesn't exist for startDate = 1766552400, endDate = 1766638800")
2025-12-24 02:33:19,104 | ERROR | $AMGN: possibly delisted; no price data found  (1d 2025-12-24 -> 2025-12-25) (Yahoo error = "Data doesn't exist for startDate = 1766552400, endDate = 1766638800")
2025-12-24 02:33:23,266 | ERROR | $AMT: possibly delisted; no price data found  (1d 2025-12-24 -> 2025-12-25) (Yahoo error = "Data doesn't exist for startDate = 1766552400, endDate = 1766638800")
2025-12-24 02:33:27,275 | ERROR | $AON: possibly delisted; no price data found  (1d 2025-12-24 -> 2025-12-25) (Yahoo error = "Data doesn't exist for startDate = 1766552400, endDate = 1766638800")
2025-12-24 02:33:31,355 | ERROR | $APD: possibly delisted; no price data found  (1d 2025-12-24 -> 2025-12-25) (Yahoo error = "Data doesn't exist for startDate = 1766552400, endDate = 1766638800")
2025-12-24 02:33:34,486 | INFO |     [ATO.PA] +1 rows
2025-12-24 02:33:37,640 | INFO |     [AUSS.OL] +1 rows
2025-12-24 02:33:40,771 | INFO |     [AUTO.OL] +1 rows
2025-12-24 02:33:43,968 | INFO |     [AV.L] +1 rows
2025-12-24 02:33:48,140 | ERROR | $AVB: possibly delisted; no price data found  (1d 2025-12-24 -> 2025-12-25) (Yahoo error = "Data doesn't exist for startDate = 1766552400, endDate = 1766638800")
2025-12-24 02:33:52,269 | ERROR | $AVGO: possibly delisted; no price data found  (1d 2025-12-24 -> 2025-12-25) (Yahoo error = "Data doesn't exist for startDate = 1766552400, endDate = 1766638800")
2025-12-24 02:33:56,443 | ERROR | $AWK: possibly delisted; no price data found  (1d 2025-12-24 -> 2025-12-25) (Yahoo error = "Data doesn't exist for startDate = 1766552400, endDate = 1766638800")
2025-12-24 02:34:00,550 | ERROR | $AXP: possibly delisted; no price data found  (1d 2025-12-24 -> 2025-12-25) (Yahoo error = "Data doesn't exist for startDate = 1766552400, endDate = 1766638800")
2025-12-24 02:34:03,695 | INFO |     [AZN.L] +1 rows
2025-12-24 02:34:07,777 | ERROR | $AZO: possibly delisted; no price data found  (1d 2025-12-24 -> 2025-12-25) (Yahoo error = "Data doesn't exist for startDate = 1766552400, endDate = 1766638800")
2025-12-24 02:34:11,952 | ERROR | $BA: possibly delisted; no price data found  (1d 2025-12-24 -> 2025-12-25) (Yahoo error = "Data doesn't exist for startDate = 1766552400, endDate = 1766638800")
2025-12-24 02:34:15,140 | INFO |     [BA.L] +1 rows
2025-12-24 02:34:19,168 | ERROR | $BAC: possibly delisted; no price data found  (1d 2025-12-24 -> 2025-12-25) (Yahoo error = "Data doesn't exist for startDate = 1766552400, endDate = 1766638800")
2025-12-24 02:34:22,331 | INFO |     [BAKKA.OL] +1 rows
2025-12-24 02:34:25,515 | INFO |     [BARC.L] +1 rows
2025-12-24 02:34:28,689 | INFO |     [BAS.DE] +1 rows
2025-12-24 02:34:31,882 | INFO |     [BATS.L] +1 rows
2025-12-24 02:34:35,021 | INFO |     [BAYN.DE] +1 rows
