2026-02-06 19:57:03,926 | INFO | ======================================================================
2026-02-06 19:57:03,926 | INFO | IoS-001 DAILY PRICE INGEST
2026-02-06 19:57:03,926 | INFO | Executor: LINE (EC-004)
2026-02-06 19:57:03,926 | INFO | Authority: CEO_DIRECTIVE_LINE_DAILY_INGEST_ACTIVATION_20251212
2026-02-06 19:57:03,926 | INFO | Amendment: CEO-DIR-2026-119 (Rate Limit Mitigation)
2026-02-06 19:57:03,926 | INFO | Time: 2026-02-06T18:57:03.926888+00:00
2026-02-06 19:57:03,926 | INFO | Asset Class Filter: ALL
2026-02-06 19:57:03,926 | INFO | Batch Mode: True
2026-02-06 19:57:03,926 | INFO | Dry Run: False
2026-02-06 19:57:03,926 | INFO | ======================================================================
2026-02-06 19:57:04,200 | INFO | Found 491 VEGA-attested assets
2026-02-06 19:57:04,200 | INFO | 
============================================================
2026-02-06 19:57:04,200 | INFO | Processing CRYPTO: 46 assets
2026-02-06 19:57:04,201 | INFO | Schedule: Daily 01:00 UTC
2026-02-06 19:57:04,201 | INFO | ============================================================
2026-02-06 19:57:04,201 | INFO |   Using BATCH MODE (CEO-DIR-2026-119)
2026-02-06 19:57:04,201 | INFO | 
  Batch 1/5 (10 tickers)
2026-02-06 19:57:04,221 | INFO |     All assets up to date
2026-02-06 19:57:04,222 | INFO | 
  Batch 2/5 (10 tickers)
2026-02-06 19:57:04,241 | INFO |     Batch download: 1 tickers
2026-02-06 19:57:05,297 | ERROR | 
1 Failed download:
2026-02-06 19:57:05,297 | ERROR | ['GRT-USD']: YFPricesMissingError('possibly delisted; no price data found  (1d 2026-02-06 -> 2026-02-07)')
2026-02-06 19:57:05,338 | INFO |   Batch complete, waiting 120s...
2026-02-06 19:59:05,339 | INFO | 
  Batch 3/5 (10 tickers)
2026-02-06 19:59:05,367 | INFO |     All assets up to date
2026-02-06 19:59:05,367 | INFO | 
  Batch 4/5 (10 tickers)
2026-02-06 19:59:05,417 | INFO |     All assets up to date
2026-02-06 19:59:05,417 | INFO | 
  Batch 5/5 (6 tickers)
2026-02-06 19:59:05,430 | INFO |     All assets up to date
2026-02-06 19:59:05,430 | INFO | 
============================================================
2026-02-06 19:59:05,430 | INFO | Processing EQUITY: 421 assets
2026-02-06 19:59:05,430 | INFO | Schedule: Weekdays 22:00 UTC
2026-02-06 19:59:05,430 | INFO | ============================================================
2026-02-06 19:59:05,430 | INFO |   Using BATCH MODE (CEO-DIR-2026-119)
2026-02-06 19:59:05,430 | INFO | 
  Batch 1/43 (10 tickers)
2026-02-06 19:59:05,461 | INFO |     Batch download: 1 tickers
2026-02-06 19:59:06,064 | ERROR | 
1 Failed download:
2026-02-06 19:59:06,064 | ERROR | ['1COV.DE']: YFPricesMissingError('possibly delisted; no price data found  (1d 2025-12-24 -> 2026-02-07)')
2026-02-06 19:59:06,075 | INFO |   Batch complete, waiting 120s...
2026-02-06 20:01:06,076 | INFO | 
  Batch 2/43 (10 tickers)
2026-02-06 20:01:06,095 | INFO |     All assets up to date
2026-02-06 20:01:06,095 | INFO | 
  Batch 3/43 (10 tickers)
2026-02-06 20:01:06,104 | INFO |     All assets up to date
2026-02-06 20:01:06,104 | INFO | 
  Batch 4/43 (10 tickers)
2026-02-06 20:01:06,125 | INFO |     All assets up to date
2026-02-06 20:01:06,125 | INFO | 
  Batch 5/43 (10 tickers)
2026-02-06 20:01:06,157 | INFO |     Batch download: 3 tickers
2026-02-06 20:01:07,129 | INFO |     [AZO] +1 rows
2026-02-06 20:01:07,140 | INFO |     [BA] +1 rows
2026-02-06 20:01:07,150 | INFO |     [BAC] +1 rows
2026-02-06 20:01:07,150 | INFO |   Batch complete, waiting 120s...
