2026-02-04 22:38:43,786 | INFO | ======================================================================
2026-02-04 22:38:43,786 | INFO | IoS-001 DAILY PRICE INGEST
2026-02-04 22:38:43,787 | INFO | Executor: LINE (EC-004)
2026-02-04 22:38:43,787 | INFO | Authority: CEO_DIRECTIVE_LINE_DAILY_INGEST_ACTIVATION_20251212
2026-02-04 22:38:43,787 | INFO | Time: 2026-02-04T21:38:43.787389+00:00
2026-02-04 22:38:43,787 | INFO | Asset Class Filter: ALL
2026-02-04 22:38:43,787 | INFO | Dry Run: False
2026-02-04 22:38:43,787 | INFO | ======================================================================
2026-02-04 22:38:43,958 | INFO | Found 491 VEGA-attested assets
2026-02-04 22:38:43,958 | INFO | 
============================================================
2026-02-04 22:38:43,958 | INFO | Processing CRYPTO: 46 assets
2026-02-04 22:38:43,958 | INFO | Schedule: Daily 01:00 UTC
2026-02-04 22:38:43,958 | INFO | ============================================================
2026-02-04 22:38:43,958 | INFO | 
  Batch 1/2 (25 assets)
2026-02-04 22:38:46,974 | WARNING |   [GRT-USD] Fetch error: Too Many Requests. Rate limited. Try after a while.
2026-02-04 22:38:49,987 | INFO |   Batch complete, waiting 60s...
2026-02-04 22:39:49,988 | INFO | 
  Batch 2/2 (21 assets)
2026-02-04 22:39:51,986 | WARNING |   [UNI-USD] Fetch error: Too Many Requests. Rate limited. Try after a while.
2026-02-04 22:39:55,043 | INFO | 
============================================================
2026-02-04 22:39:55,053 | INFO | Processing EQUITY: 421 assets
2026-02-04 22:39:55,053 | INFO | Schedule: Weekdays 22:00 UTC
2026-02-04 22:39:55,054 | INFO | ============================================================
2026-02-04 22:39:55,054 | INFO | 
  Batch 1/17 (25 assets)
2026-02-04 22:39:58,678 | WARNING |   [1COV.DE] Fetch error: Too Many Requests. Rate limited. Try after a while.
2026-02-04 22:40:01,711 | INFO |   Batch complete, waiting 60s...
2026-02-04 22:41:01,716 | INFO | 
  Batch 2/17 (25 assets)
2026-02-04 22:41:01,863 | INFO |   Batch complete, waiting 60s...
2026-02-04 22:42:01,870 | INFO | 
  Batch 3/17 (25 assets)
2026-02-04 22:42:05,342 | WARNING |   [BRK.B] Fetch error: Too Many Requests. Rate limited. Try after a while.
2026-02-04 22:42:10,027 | WARNING |   [BT.A.L] Fetch error: Too Many Requests. Rate limited. Try after a while.
2026-02-04 22:42:13,046 | INFO |   Batch complete, waiting 60s...
2026-02-04 22:43:13,049 | INFO | 
  Batch 4/17 (25 assets)
2026-02-04 22:43:14,775 | WARNING |   [CON.DE] Fetch error: Too Many Requests. Rate limited. Try after a while.
2026-02-04 22:43:18,716 | WARNING |   [COP] Fetch error: Too Many Requests. Rate limited. Try after a while.
2026-02-04 22:43:22,956 | WARNING |   [COST] Fetch error: Too Many Requests. Rate limited. Try after a while.
2026-02-04 22:43:27,212 | WARNING |   [CPG.L] Fetch error: Too Many Requests. Rate limited. Try after a while.
2026-02-04 22:43:31,254 | WARNING |   [CRM] Fetch error: Too Many Requests. Rate limited. Try after a while.
2026-02-04 22:43:35,447 | WARNING |   [CRWD] Fetch error: Too Many Requests. Rate limited. Try after a while.
2026-02-04 22:43:39,569 | WARNING |   [CS.PA] Fetch error: Too Many Requests. Rate limited. Try after a while.
