2026-01-17 15:27:30,733 | INFO | ======================================================================
2026-01-17 15:27:30,733 | INFO | IoS-001 DAILY PRICE INGEST
2026-01-17 15:27:30,733 | INFO | Executor: LINE (EC-004)
2026-01-17 15:27:30,733 | INFO | Authority: CEO_DIRECTIVE_LINE_DAILY_INGEST_ACTIVATION_20251212
2026-01-17 15:27:30,733 | INFO | Time: 2026-01-17T14:27:30.733984+00:00
2026-01-17 15:27:30,733 | INFO | Asset Class Filter: ALL
2026-01-17 15:27:30,733 | INFO | Dry Run: False
2026-01-17 15:27:30,733 | INFO | ======================================================================
2026-01-17 15:27:30,989 | INFO | Found 491 VEGA-attested assets
2026-01-17 15:27:30,989 | INFO | 
============================================================
2026-01-17 15:27:30,989 | INFO | Processing CRYPTO: 46 assets
2026-01-17 15:27:30,989 | INFO | Schedule: Daily 01:00 UTC
2026-01-17 15:27:30,989 | INFO | ============================================================
2026-01-17 15:27:30,989 | INFO | 
  Batch 1/2 (25 assets)
2026-01-17 15:27:34,338 | WARNING |   [GRT-USD] Fetch error: Too Many Requests. Rate limited. Try after a while.
2026-01-17 15:27:37,373 | INFO |   Batch complete, waiting 60s...
2026-01-17 15:28:37,381 | INFO | 
  Batch 2/2 (21 assets)
2026-01-17 15:28:39,244 | WARNING |   [UNI-USD] Fetch error: Too Many Requests. Rate limited. Try after a while.
2026-01-17 15:28:42,270 | INFO | 
============================================================
2026-01-17 15:28:42,270 | INFO | Processing EQUITY: 421 assets
2026-01-17 15:28:42,271 | INFO | Schedule: Weekdays 22:00 UTC
2026-01-17 15:28:42,271 | INFO | ============================================================
2026-01-17 15:28:42,271 | INFO |   Market closed for EQUITY today, skipping
2026-01-17 15:28:42,271 | INFO | 
============================================================
2026-01-17 15:28:42,271 | INFO | Processing FX: 24 assets
2026-01-17 15:28:42,271 | INFO | Schedule: Sun-Thu 22:00 UTC
2026-01-17 15:28:42,271 | INFO | ============================================================
2026-01-17 15:28:42,272 | INFO |   Market closed for FX today, skipping
2026-01-17 15:28:42,275 | WARNING | Heartbeat recording failed: relation "fhq_monitoring.system_heartbeats" does not exist
LINE 2:                 INSERT INTO fhq_monitoring.system_heartbeats...
                                    ^

2026-01-17 15:28:42,277 | INFO | 
======================================================================
2026-01-17 15:28:42,277 | INFO | DAILY INGEST COMPLETE
2026-01-17 15:28:42,277 | INFO | ======================================================================
2026-01-17 15:28:42,278 | INFO | Assets Processed: 46
2026-01-17 15:28:42,278 | INFO | Assets Updated:   0
2026-01-17 15:28:42,278 | INFO | Rows Inserted:    0
2026-01-17 15:28:42,278 | INFO |   CRYPTO: 0 assets, 0 rows
2026-01-17 15:28:42,278 | INFO | Evidence: C:\fhq-market-system\vision-ios\03_FUNCTIONS\evidence\IOS001_DAILY_INGEST_865d8ff9_20260117_152842.json
2026-01-17 15:28:42,278 | INFO | ======================================================================
