2026-01-23 12:55:35,783 | INFO | ======================================================================
2026-01-23 12:55:35,783 | INFO | IoS-001 DAILY PRICE INGEST
2026-01-23 12:55:35,784 | INFO | Executor: LINE (EC-004)
2026-01-23 12:55:35,784 | INFO | Authority: CEO_DIRECTIVE_LINE_DAILY_INGEST_ACTIVATION_20251212
2026-01-23 12:55:35,784 | INFO | Time: 2026-01-23T11:55:35.784032+00:00
2026-01-23 12:55:35,784 | INFO | Asset Class Filter: ALL
2026-01-23 12:55:35,784 | INFO | Dry Run: False
2026-01-23 12:55:35,784 | INFO | ======================================================================
2026-01-23 12:55:36,054 | INFO | Found 491 VEGA-attested assets
2026-01-23 12:55:36,054 | INFO | 
============================================================
2026-01-23 12:55:36,055 | INFO | Processing CRYPTO: 46 assets
2026-01-23 12:55:36,055 | INFO | Schedule: Daily 01:00 UTC
2026-01-23 12:55:36,055 | INFO | ============================================================
2026-01-23 12:55:36,055 | INFO | 
  Batch 1/2 (25 assets)
2026-01-23 12:55:38,730 | WARNING |   [GRT-USD] Fetch error: Too Many Requests. Rate limited. Try after a while.
2026-01-23 12:55:41,741 | INFO |   Batch complete, waiting 60s...
2026-01-23 12:56:41,744 | INFO | 
  Batch 2/2 (21 assets)
2026-01-23 12:56:43,542 | WARNING |   [UNI-USD] Fetch error: Too Many Requests. Rate limited. Try after a while.
2026-01-23 12:56:46,587 | INFO | 
============================================================
2026-01-23 12:56:46,587 | INFO | Processing EQUITY: 421 assets
2026-01-23 12:56:46,587 | INFO | Schedule: Weekdays 22:00 UTC
2026-01-23 12:56:46,587 | INFO | ============================================================
2026-01-23 12:56:46,587 | INFO | 
  Batch 1/17 (25 assets)
2026-01-23 12:56:51,586 | WARNING |   [1COV.DE] Fetch error: Too Many Requests. Rate limited. Try after a while.
2026-01-23 12:56:55,754 | WARNING |   [ABBV] Fetch error: Too Many Requests. Rate limited. Try after a while.
2026-01-23 12:56:59,865 | WARNING |   [ABNB] Fetch error: Too Many Requests. Rate limited. Try after a while.
2026-01-23 12:57:03,599 | WARNING |   [ABT] Fetch error: Too Many Requests. Rate limited. Try after a while.
2026-01-23 12:57:08,025 | WARNING |   [ADBE] Fetch error: Too Many Requests. Rate limited. Try after a while.
2026-01-23 12:57:12,317 | WARNING |   [ADI] Fetch error: Too Many Requests. Rate limited. Try after a while.
2026-01-23 12:57:16,345 | WARNING |   [ADSK] Fetch error: Too Many Requests. Rate limited. Try after a while.
2026-01-23 12:57:20,581 | WARNING |   [AEP] Fetch error: Too Many Requests. Rate limited. Try after a while.
2026-01-23 12:57:24,528 | WARNING |   [AFL] Fetch error: Too Many Requests. Rate limited. Try after a while.
2026-01-23 12:57:28,643 | WARNING |   [AIG] Fetch error: Too Many Requests. Rate limited. Try after a while.
2026-01-23 12:57:32,660 | WARNING |   [AKAM] Fetch error: Too Many Requests. Rate limited. Try after a while.
2026-01-23 12:57:37,105 | WARNING |   [ALB] Fetch error: Too Many Requests. Rate limited. Try after a while.
2026-01-23 12:57:41,510 | WARNING |   [ALL] Fetch error: Too Many Requests. Rate limited. Try after a while.
2026-01-23 12:57:45,582 | WARNING |   [AMAT] Fetch error: Too Many Requests. Rate limited. Try after a while.
2026-01-23 12:57:48,589 | INFO |   Batch complete, waiting 60s...
2026-01-23 12:58:48,594 | INFO | 
  Batch 2/17 (25 assets)
2026-01-23 12:58:50,276 | WARNING |   [AMD] Fetch error: Too Many Requests. Rate limited. Try after a while.
2026-01-23 12:58:54,316 | WARNING |   [AMGN] Fetch error: Too Many Requests. Rate limited. Try after a while.
2026-01-23 12:58:58,268 | WARNING |   [AMT] Fetch error: Too Many Requests. Rate limited. Try after a while.
2026-01-23 12:59:02,370 | WARNING |   [AMZN] Fetch error: Too Many Requests. Rate limited. Try after a while.
2026-01-23 12:59:06,721 | WARNING |   [AON] Fetch error: Too Many Requests. Rate limited. Try after a while.
2026-01-23 12:59:11,118 | WARNING |   [APD] Fetch error: Too Many Requests. Rate limited. Try after a while.
2026-01-23 12:59:15,183 | WARNING |   [ASML] Fetch error: Too Many Requests. Rate limited. Try after a while.
2026-01-23 12:59:19,079 | WARNING |   [AVB] Fetch error: Too Many Requests. Rate limited. Try after a while.
2026-01-23 12:59:23,318 | WARNING |   [AVGO] Fetch error: Too Many Requests. Rate limited. Try after a while.
2026-01-23 12:59:27,502 | WARNING |   [AWK] Fetch error: Too Many Requests. Rate limited. Try after a while.
2026-01-23 12:59:32,123 | WARNING |   [AXP] Fetch error: Too Many Requests. Rate limited. Try after a while.
2026-01-23 12:59:36,585 | WARNING |   [AZO] Fetch error: Too Many Requests. Rate limited. Try after a while.
2026-01-23 12:59:40,821 | WARNING |   [BA] Fetch error: Too Many Requests. Rate limited. Try after a while.
2026-01-23 12:59:44,801 | WARNING |   [BAC] Fetch error: Too Many Requests. Rate limited. Try after a while.
2026-01-23 12:59:47,819 | INFO |   Batch complete, waiting 60s...
