2026-01-23 22:59:39,449 | INFO | ======================================================================
2026-01-23 22:59:39,449 | INFO | IoS-001 DAILY PRICE INGEST
2026-01-23 22:59:39,449 | INFO | Executor: LINE (EC-004)
2026-01-23 22:59:39,449 | INFO | Authority: CEO_DIRECTIVE_LINE_DAILY_INGEST_ACTIVATION_20251212
2026-01-23 22:59:39,449 | INFO | Time: 2026-01-23T21:59:39.449875+00:00
2026-01-23 22:59:39,449 | INFO | Asset Class Filter: ALL
2026-01-23 22:59:39,449 | INFO | Dry Run: False
2026-01-23 22:59:39,449 | INFO | ======================================================================
2026-01-23 22:59:39,990 | INFO | Found 491 VEGA-attested assets
2026-01-23 22:59:39,991 | INFO | 
============================================================
2026-01-23 22:59:39,991 | INFO | Processing CRYPTO: 46 assets
2026-01-23 22:59:39,991 | INFO | Schedule: Daily 01:00 UTC
2026-01-23 22:59:39,992 | INFO | ============================================================
2026-01-23 22:59:39,992 | INFO | 
  Batch 1/2 (25 assets)
2026-01-23 22:59:44,657 | WARNING |   [GRT-USD] Fetch error: Too Many Requests. Rate limited. Try after a while.
2026-01-23 22:59:47,682 | INFO |   Batch complete, waiting 60s...
2026-01-23 23:00:47,683 | INFO | 
  Batch 2/2 (21 assets)
2026-01-23 23:00:49,664 | WARNING |   [UNI-USD] Fetch error: Too Many Requests. Rate limited. Try after a while.
2026-01-23 23:00:52,700 | INFO | 
============================================================
2026-01-23 23:00:52,701 | INFO | Processing EQUITY: 421 assets
2026-01-23 23:00:52,701 | INFO | Schedule: Weekdays 22:00 UTC
2026-01-23 23:00:52,701 | INFO | ============================================================
2026-01-23 23:00:52,701 | INFO | 
  Batch 1/17 (25 assets)
2026-01-23 23:00:53,962 | WARNING |   [1COV.DE] Fetch error: Too Many Requests. Rate limited. Try after a while.
2026-01-23 23:00:57,023 | INFO |   Batch complete, waiting 60s...
2026-01-23 23:01:57,029 | INFO | 
  Batch 2/17 (25 assets)
2026-01-23 23:01:57,085 | INFO |   Batch complete, waiting 60s...
2026-01-23 23:02:57,086 | INFO | 
  Batch 3/17 (25 assets)
2026-01-23 23:03:00,373 | WARNING |   [BRK.B] Fetch error: Too Many Requests. Rate limited. Try after a while.
2026-01-23 23:03:04,538 | WARNING |   [BT.A.L] Fetch error: Too Many Requests. Rate limited. Try after a while.
2026-01-23 23:03:07,565 | INFO |   Batch complete, waiting 60s...
2026-01-23 23:04:07,566 | INFO | 
  Batch 4/17 (25 assets)
2026-01-23 23:04:09,453 | WARNING |   [COP] Fetch error: Too Many Requests. Rate limited. Try after a while.
2026-01-23 23:04:13,504 | WARNING |   [COST] Fetch error: Too Many Requests. Rate limited. Try after a while.
2026-01-23 23:04:17,512 | WARNING |   [CPG.L] Fetch error: Too Many Requests. Rate limited. Try after a while.
2026-01-23 23:04:21,435 | WARNING |   [CRM] Fetch error: Too Many Requests. Rate limited. Try after a while.
2026-01-23 23:04:25,333 | WARNING |   [CRWD] Fetch error: Too Many Requests. Rate limited. Try after a while.
2026-01-23 23:04:29,507 | WARNING |   [CS.PA] Fetch error: Too Many Requests. Rate limited. Try after a while.
2026-01-23 23:04:33,896 | WARNING |   [CSX] Fetch error: Too Many Requests. Rate limited. Try after a while.
