2025-12-30 08:40:08,910 | INFO | ======================================================================
2025-12-30 08:40:08,910 | INFO | IoS-001 DAILY PRICE INGEST
2025-12-30 08:40:08,910 | INFO | Executor: LINE (EC-004)
2025-12-30 08:40:08,910 | INFO | Authority: CEO_DIRECTIVE_LINE_DAILY_INGEST_ACTIVATION_20251212
2025-12-30 08:40:08,910 | INFO | Time: 2025-12-30T07:40:08.910986+00:00
2025-12-30 08:40:08,910 | INFO | Asset Class Filter: ALL
2025-12-30 08:40:08,910 | INFO | Dry Run: False
2025-12-30 08:40:08,910 | INFO | ======================================================================
2025-12-30 08:40:09,211 | INFO | Found 490 VEGA-attested assets
2025-12-30 08:40:09,211 | INFO | 
============================================================
2025-12-30 08:40:09,211 | INFO | Processing CRYPTO: 46 assets
2025-12-30 08:40:09,211 | INFO | Schedule: Daily 01:00 UTC
2025-12-30 08:40:09,211 | INFO | ============================================================
2025-12-30 08:40:09,211 | INFO | 
  Batch 1/2 (25 assets)
2025-12-30 08:40:09,245 | INFO |   Batch complete, waiting 60s...
2025-12-30 08:41:09,245 | INFO | 
  Batch 2/2 (21 assets)
2025-12-30 08:41:09,291 | INFO | 
============================================================
2025-12-30 08:41:09,291 | INFO | Processing EQUITY: 420 assets
2025-12-30 08:41:09,291 | INFO | Schedule: Weekdays 22:00 UTC
2025-12-30 08:41:09,291 | INFO | ============================================================
2025-12-30 08:41:09,292 | INFO | 
  Batch 1/17 (25 assets)
2025-12-30 08:41:15,924 | WARNING |   [1COV.DE] Fetch error: Too Many Requests. Rate limited. Try after a while.
2025-12-30 08:41:20,038 | WARNING |   [ABBV] Fetch error: Too Many Requests. Rate limited. Try after a while.
2025-12-30 08:41:24,543 | WARNING |   [ABNB] Fetch error: Too Many Requests. Rate limited. Try after a while.
2025-12-30 08:41:28,712 | WARNING |   [ABT] Fetch error: Too Many Requests. Rate limited. Try after a while.
2025-12-30 08:41:32,681 | WARNING |   [ACA.PA] Fetch error: Too Many Requests. Rate limited. Try after a while.
2025-12-30 08:41:36,935 | WARNING |   [ADBE] Fetch error: Too Many Requests. Rate limited. Try after a while.
2025-12-30 08:41:40,887 | WARNING |   [ADI] Fetch error: Too Many Requests. Rate limited. Try after a while.
2025-12-30 08:41:45,065 | WARNING |   [ADS.DE] Fetch error: Too Many Requests. Rate limited. Try after a while.
2025-12-30 08:41:49,232 | WARNING |   [ADSK] Fetch error: Too Many Requests. Rate limited. Try after a while.
2025-12-30 08:41:53,826 | WARNING |   [AEP] Fetch error: Too Many Requests. Rate limited. Try after a while.
2025-12-30 08:41:57,857 | WARNING |   [AFL] Fetch error: Too Many Requests. Rate limited. Try after a while.
2025-12-30 08:42:02,001 | WARNING |   [AI.PA] Fetch error: Too Many Requests. Rate limited. Try after a while.
2025-12-30 08:42:05,906 | WARNING |   [AIG] Fetch error: Too Many Requests. Rate limited. Try after a while.
2025-12-30 08:42:10,340 | WARNING |   [AIR.DE] Fetch error: Too Many Requests. Rate limited. Try after a while.
2025-12-30 08:42:14,711 | WARNING |   [AIR.PA] Fetch error: Too Many Requests. Rate limited. Try after a while.
2025-12-30 08:42:18,910 | WARNING |   [AKAM] Fetch error: Too Many Requests. Rate limited. Try after a while.
2025-12-30 08:42:22,830 | WARNING |   [AKER.OL] Fetch error: Too Many Requests. Rate limited. Try after a while.
2025-12-30 08:42:27,195 | WARNING |   [AKRBP.OL] Fetch error: Too Many Requests. Rate limited. Try after a while.
2025-12-30 08:42:31,268 | WARNING |   [AKSO.OL] Fetch error: Too Many Requests. Rate limited. Try after a while.
2025-12-30 08:42:35,512 | WARNING |   [AKVA.OL] Fetch error: Too Many Requests. Rate limited. Try after a while.
2025-12-30 08:42:39,541 | WARNING |   [ALB] Fetch error: Too Many Requests. Rate limited. Try after a while.
2025-12-30 08:42:43,665 | WARNING |   [ALL] Fetch error: Too Many Requests. Rate limited. Try after a while.
2025-12-30 08:42:47,809 | WARNING |   [ALO.PA] Fetch error: Too Many Requests. Rate limited. Try after a while.
2025-12-30 08:42:51,786 | WARNING |   [ALV.DE] Fetch error: Too Many Requests. Rate limited. Try after a while.
2025-12-30 08:42:55,926 | WARNING |   [AMAT] Fetch error: Too Many Requests. Rate limited. Try after a while.
2025-12-30 08:42:58,933 | INFO |   Batch complete, waiting 60s...
2025-12-30 08:43:58,935 | INFO | 
  Batch 2/17 (25 assets)
2025-12-30 08:44:00,584 | WARNING |   [AMD] Fetch error: Too Many Requests. Rate limited. Try after a while.
2025-12-30 08:44:04,733 | WARNING |   [AMGN] Fetch error: Too Many Requests. Rate limited. Try after a while.
2025-12-30 08:44:09,218 | WARNING |   [AMT] Fetch error: Too Many Requests. Rate limited. Try after a while.
2025-12-30 08:44:13,520 | WARNING |   [AMZN] Fetch error: Too Many Requests. Rate limited. Try after a while.
2025-12-30 08:44:17,532 | WARNING |   [AON] Fetch error: Too Many Requests. Rate limited. Try after a while.
2025-12-30 08:44:21,458 | WARNING |   [APD] Fetch error: Too Many Requests. Rate limited. Try after a while.
2025-12-30 08:44:25,916 | WARNING |   [ASML] Fetch error: Too Many Requests. Rate limited. Try after a while.
2025-12-30 08:44:30,045 | WARNING |   [ATO.PA] Fetch error: Too Many Requests. Rate limited. Try after a while.
2025-12-30 08:44:34,113 | WARNING |   [AUSS.OL] Fetch error: Too Many Requests. Rate limited. Try after a while.
2025-12-30 08:44:38,397 | WARNING |   [AUTO.OL] Fetch error: Too Many Requests. Rate limited. Try after a while.
2025-12-30 08:44:42,386 | WARNING |   [AV.L] Fetch error: Too Many Requests. Rate limited. Try after a while.
2025-12-30 08:44:46,538 | WARNING |   [AVB] Fetch error: Too Many Requests. Rate limited. Try after a while.
2025-12-30 08:44:50,696 | WARNING |   [AVGO] Fetch error: Too Many Requests. Rate limited. Try after a while.
2025-12-30 08:44:55,000 | WARNING |   [AWK] Fetch error: Too Many Requests. Rate limited. Try after a while.
2025-12-30 08:44:59,138 | WARNING |   [AXP] Fetch error: Too Many Requests. Rate limited. Try after a while.
2025-12-30 08:45:03,038 | WARNING |   [AZN.L] Fetch error: Too Many Requests. Rate limited. Try after a while.
2025-12-30 08:45:07,025 | WARNING |   [AZO] Fetch error: Too Many Requests. Rate limited. Try after a while.
