2026-01-07 14:24:01,689 | INFO | ======================================================================
2026-01-07 14:24:01,690 | INFO | IoS-001 DAILY PRICE INGEST
2026-01-07 14:24:01,690 | INFO | Executor: LINE (EC-004)
2026-01-07 14:24:01,690 | INFO | Authority: CEO_DIRECTIVE_LINE_DAILY_INGEST_ACTIVATION_20251212
2026-01-07 14:24:01,690 | INFO | Time: 2026-01-07T13:24:01.690967+00:00
2026-01-07 14:24:01,690 | INFO | Asset Class Filter: ALL
2026-01-07 14:24:01,690 | INFO | Dry Run: False
2026-01-07 14:24:01,690 | INFO | ======================================================================
2026-01-07 14:24:01,882 | INFO | Found 491 VEGA-attested assets
2026-01-07 14:24:01,882 | INFO | 
============================================================
2026-01-07 14:24:01,882 | INFO | Processing CRYPTO: 46 assets
2026-01-07 14:24:01,882 | INFO | Schedule: Daily 01:00 UTC
2026-01-07 14:24:01,882 | INFO | ============================================================
2026-01-07 14:24:01,882 | INFO | 
  Batch 1/2 (25 assets)
2026-01-07 14:24:06,910 | WARNING |   [GRT-USD] Fetch error: Too Many Requests. Rate limited. Try after a while.
2026-01-07 14:24:09,923 | INFO |   Batch complete, waiting 60s...
2026-01-07 14:25:09,928 | INFO | 
  Batch 2/2 (21 assets)
2026-01-07 14:25:10,274 | WARNING |   [UNI-USD] Fetch error: Too Many Requests. Rate limited. Try after a while.
2026-01-07 14:25:13,292 | INFO | 
============================================================
2026-01-07 14:25:13,292 | INFO | Processing EQUITY: 421 assets
2026-01-07 14:25:13,292 | INFO | Schedule: Weekdays 22:00 UTC
2026-01-07 14:25:13,292 | INFO | ============================================================
2026-01-07 14:25:13,292 | INFO | 
  Batch 1/17 (25 assets)
2026-01-07 14:25:17,856 | WARNING |   [1COV.DE] Fetch error: Too Many Requests. Rate limited. Try after a while.
2026-01-07 14:25:23,862 | WARNING |   [ABBV] Fetch error: Too Many Requests. Rate limited. Try after a while.
2026-01-07 14:25:28,221 | WARNING |   [ABNB] Fetch error: Too Many Requests. Rate limited. Try after a while.
2026-01-07 14:25:32,575 | WARNING |   [ABT] Fetch error: Too Many Requests. Rate limited. Try after a while.
2026-01-07 14:25:37,014 | WARNING |   [ADBE] Fetch error: Too Many Requests. Rate limited. Try after a while.
2026-01-07 14:25:41,150 | WARNING |   [ADI] Fetch error: Too Many Requests. Rate limited. Try after a while.
2026-01-07 14:25:45,295 | WARNING |   [ADSK] Fetch error: Too Many Requests. Rate limited. Try after a while.
2026-01-07 14:25:49,454 | WARNING |   [AEP] Fetch error: Too Many Requests. Rate limited. Try after a while.
2026-01-07 14:25:53,507 | WARNING |   [AFL] Fetch error: Too Many Requests. Rate limited. Try after a while.
2026-01-07 14:25:57,560 | WARNING |   [AIG] Fetch error: Too Many Requests. Rate limited. Try after a while.
2026-01-07 14:26:01,632 | WARNING |   [AKAM] Fetch error: Too Many Requests. Rate limited. Try after a while.
2026-01-07 14:26:05,855 | WARNING |   [ALB] Fetch error: Too Many Requests. Rate limited. Try after a while.
2026-01-07 14:26:10,007 | WARNING |   [ALL] Fetch error: Too Many Requests. Rate limited. Try after a while.
2026-01-07 14:26:14,445 | WARNING |   [AMAT] Fetch error: Too Many Requests. Rate limited. Try after a while.
2026-01-07 14:26:17,446 | INFO |   Batch complete, waiting 60s...
2026-01-07 14:27:17,448 | INFO | 
  Batch 2/17 (25 assets)
2026-01-07 14:27:19,110 | WARNING |   [AMD] Fetch error: Too Many Requests. Rate limited. Try after a while.
2026-01-07 14:27:23,185 | WARNING |   [AMGN] Fetch error: Too Many Requests. Rate limited. Try after a while.
2026-01-07 14:27:27,657 | WARNING |   [AMT] Fetch error: Too Many Requests. Rate limited. Try after a while.
2026-01-07 14:27:31,521 | WARNING |   [AMZN] Fetch error: Too Many Requests. Rate limited. Try after a while.
2026-01-07 14:27:35,398 | WARNING |   [AON] Fetch error: Too Many Requests. Rate limited. Try after a while.
2026-01-07 14:27:39,221 | WARNING |   [APD] Fetch error: Too Many Requests. Rate limited. Try after a while.
2026-01-07 14:27:43,401 | WARNING |   [ASML] Fetch error: Too Many Requests. Rate limited. Try after a while.
2026-01-07 14:27:47,574 | WARNING |   [AVB] Fetch error: Too Many Requests. Rate limited. Try after a while.
2026-01-07 14:27:51,671 | WARNING |   [AVGO] Fetch error: Too Many Requests. Rate limited. Try after a while.
2026-01-07 14:27:56,415 | WARNING |   [AWK] Fetch error: Too Many Requests. Rate limited. Try after a while.
2026-01-07 14:28:01,085 | WARNING |   [AXP] Fetch error: Too Many Requests. Rate limited. Try after a while.
2026-01-07 14:28:05,324 | WARNING |   [AZO] Fetch error: Too Many Requests. Rate limited. Try after a while.
2026-01-07 14:28:09,566 | WARNING |   [BA] Fetch error: Too Many Requests. Rate limited. Try after a while.
2026-01-07 14:28:13,695 | WARNING |   [BAC] Fetch error: Too Many Requests. Rate limited. Try after a while.
2026-01-07 14:28:16,721 | INFO |   Batch complete, waiting 60s...
