2026-01-24 15:53:36,100 | INFO | ======================================================================
2026-01-24 15:53:36,100 | INFO | IoS-001 DAILY PRICE INGEST
2026-01-24 15:53:36,100 | INFO | Executor: LINE (EC-004)
2026-01-24 15:53:36,100 | INFO | Authority: CEO_DIRECTIVE_LINE_DAILY_INGEST_ACTIVATION_20251212
2026-01-24 15:53:36,100 | INFO | Time: 2026-01-24T14:53:36.100231+00:00
2026-01-24 15:53:36,100 | INFO | Asset Class Filter: ALL
2026-01-24 15:53:36,100 | INFO | Dry Run: False
2026-01-24 15:53:36,100 | INFO | ======================================================================
2026-01-24 15:53:36,343 | INFO | Found 491 VEGA-attested assets
2026-01-24 15:53:36,343 | INFO | 
============================================================
2026-01-24 15:53:36,343 | INFO | Processing CRYPTO: 46 assets
2026-01-24 15:53:36,343 | INFO | Schedule: Daily 01:00 UTC
2026-01-24 15:53:36,343 | INFO | ============================================================
2026-01-24 15:53:36,343 | INFO | 
  Batch 1/2 (25 assets)
2026-01-24 15:53:39,540 | WARNING |   [GRT-USD] Fetch error: Too Many Requests. Rate limited. Try after a while.
2026-01-24 15:53:42,561 | INFO |   Batch complete, waiting 60s...
2026-01-24 15:54:42,565 | INFO | 
  Batch 2/2 (21 assets)
2026-01-24 15:54:44,516 | WARNING |   [UNI-USD] Fetch error: Too Many Requests. Rate limited. Try after a while.
2026-01-24 15:54:47,609 | INFO | 
============================================================
2026-01-24 15:54:47,610 | INFO | Processing EQUITY: 421 assets
2026-01-24 15:54:47,610 | INFO | Schedule: Weekdays 22:00 UTC
2026-01-24 15:54:47,611 | INFO | ============================================================
2026-01-24 15:54:47,611 | INFO |   Market closed for EQUITY today, skipping
2026-01-24 15:54:47,612 | INFO | 
============================================================
2026-01-24 15:54:47,612 | INFO | Processing FX: 24 assets
2026-01-24 15:54:47,613 | INFO | Schedule: Sun-Thu 22:00 UTC
2026-01-24 15:54:47,613 | INFO | ============================================================
2026-01-24 15:54:47,613 | INFO |   Market closed for FX today, skipping
2026-01-24 15:54:47,615 | WARNING | Heartbeat recording failed: relation "fhq_monitoring.system_heartbeats" does not exist
LINE 2:                 INSERT INTO fhq_monitoring.system_heartbeats...
                                    ^

2026-01-24 15:54:47,615 | INFO | 
======================================================================
2026-01-24 15:54:47,615 | INFO | DAILY INGEST COMPLETE
2026-01-24 15:54:47,615 | INFO | ======================================================================
2026-01-24 15:54:47,615 | INFO | Assets Processed: 46
2026-01-24 15:54:47,615 | INFO | Assets Updated:   0
2026-01-24 15:54:47,615 | INFO | Rows Inserted:    0
2026-01-24 15:54:47,615 | INFO |   CRYPTO: 0 assets, 0 rows
2026-01-24 15:54:47,615 | INFO | Evidence: C:\fhq-market-system\vision-ios\03_FUNCTIONS\evidence\IOS001_DAILY_INGEST_74103798_20260124_155447.json
2026-01-24 15:54:47,615 | INFO | ======================================================================
