2026-01-29 12:40:50,870 | INFO | ======================================================================
2026-01-29 12:40:50,870 | INFO | IoS-001 DAILY PRICE INGEST
2026-01-29 12:40:50,870 | INFO | Executor: LINE (EC-004)
2026-01-29 12:40:50,870 | INFO | Authority: CEO_DIRECTIVE_LINE_DAILY_INGEST_ACTIVATION_20251212
2026-01-29 12:40:50,870 | INFO | Time: 2026-01-29T11:40:50.870095+00:00
2026-01-29 12:40:50,870 | INFO | Asset Class Filter: ALL
2026-01-29 12:40:50,870 | INFO | Dry Run: False
2026-01-29 12:40:50,870 | INFO | ======================================================================
2026-01-29 12:40:51,185 | INFO | Found 491 VEGA-attested assets
2026-01-29 12:40:51,185 | INFO | 
============================================================
2026-01-29 12:40:51,185 | INFO | Processing CRYPTO: 46 assets
2026-01-29 12:40:51,185 | INFO | Schedule: Daily 01:00 UTC
2026-01-29 12:40:51,185 | INFO | ============================================================
2026-01-29 12:40:51,185 | INFO | 
  Batch 1/2 (25 assets)
2026-01-29 12:40:55,279 | WARNING |   [GRT-USD] Fetch error: Too Many Requests. Rate limited. Try after a while.
2026-01-29 12:40:58,295 | INFO |   Batch complete, waiting 60s...
2026-01-29 12:41:58,297 | INFO | 
  Batch 2/2 (21 assets)
2026-01-29 12:42:00,280 | WARNING |   [UNI-USD] Fetch error: Too Many Requests. Rate limited. Try after a while.
2026-01-29 12:42:03,332 | INFO | 
============================================================
2026-01-29 12:42:03,342 | INFO | Processing EQUITY: 421 assets
2026-01-29 12:42:03,342 | INFO | Schedule: Weekdays 22:00 UTC
2026-01-29 12:42:03,342 | INFO | ============================================================
2026-01-29 12:42:03,342 | INFO | 
  Batch 1/17 (25 assets)
2026-01-29 12:42:04,477 | WARNING |   [1COV.DE] Fetch error: Too Many Requests. Rate limited. Try after a while.
2026-01-29 12:42:08,687 | WARNING |   [ABBV] Fetch error: Too Many Requests. Rate limited. Try after a while.
2026-01-29 12:42:13,177 | WARNING |   [ABNB] Fetch error: Too Many Requests. Rate limited. Try after a while.
2026-01-29 12:42:17,221 | WARNING |   [ABT] Fetch error: Too Many Requests. Rate limited. Try after a while.
2026-01-29 12:42:21,253 | WARNING |   [ADBE] Fetch error: Too Many Requests. Rate limited. Try after a while.
2026-01-29 12:42:25,343 | WARNING |   [ADI] Fetch error: Too Many Requests. Rate limited. Try after a while.
2026-01-29 12:42:29,692 | WARNING |   [ADSK] Fetch error: Too Many Requests. Rate limited. Try after a while.
2026-01-29 12:42:33,987 | WARNING |   [AEP] Fetch error: Too Many Requests. Rate limited. Try after a while.
2026-01-29 12:42:38,286 | WARNING |   [AFL] Fetch error: Too Many Requests. Rate limited. Try after a while.
2026-01-29 12:42:42,573 | WARNING |   [AIG] Fetch error: Too Many Requests. Rate limited. Try after a while.
2026-01-29 12:42:46,999 | WARNING |   [AKAM] Fetch error: Too Many Requests. Rate limited. Try after a while.
2026-01-29 12:42:51,026 | WARNING |   [ALB] Fetch error: Too Many Requests. Rate limited. Try after a while.
2026-01-29 12:42:56,831 | WARNING |   [ALL] Fetch error: Too Many Requests. Rate limited. Try after a while.
2026-01-29 12:43:01,293 | WARNING |   [AMAT] Fetch error: Too Many Requests. Rate limited. Try after a while.
2026-01-29 12:43:04,294 | INFO |   Batch complete, waiting 60s...
2026-01-29 12:44:04,299 | INFO | 
  Batch 2/17 (25 assets)
2026-01-29 12:44:06,050 | WARNING |   [AMD] Fetch error: Too Many Requests. Rate limited. Try after a while.
2026-01-29 12:44:10,131 | WARNING |   [AMGN] Fetch error: Too Many Requests. Rate limited. Try after a while.
2026-01-29 12:44:14,477 | WARNING |   [AMT] Fetch error: Too Many Requests. Rate limited. Try after a while.
2026-01-29 12:44:18,588 | WARNING |   [AMZN] Fetch error: Too Many Requests. Rate limited. Try after a while.
2026-01-29 12:44:22,911 | WARNING |   [AON] Fetch error: Too Many Requests. Rate limited. Try after a while.
2026-01-29 12:44:27,378 | WARNING |   [APD] Fetch error: Too Many Requests. Rate limited. Try after a while.
2026-01-29 12:44:31,606 | WARNING |   [ASML] Fetch error: Too Many Requests. Rate limited. Try after a while.
2026-01-29 12:44:35,849 | WARNING |   [AVB] Fetch error: Too Many Requests. Rate limited. Try after a while.
2026-01-29 12:44:39,903 | WARNING |   [AVGO] Fetch error: Too Many Requests. Rate limited. Try after a while.
2026-01-29 12:44:43,878 | WARNING |   [AWK] Fetch error: Too Many Requests. Rate limited. Try after a while.
2026-01-29 12:44:47,947 | WARNING |   [AXP] Fetch error: Too Many Requests. Rate limited. Try after a while.
2026-01-29 12:44:52,070 | WARNING |   [AZO] Fetch error: Too Many Requests. Rate limited. Try after a while.
2026-01-29 12:44:55,972 | WARNING |   [BA] Fetch error: Too Many Requests. Rate limited. Try after a while.
2026-01-29 12:44:59,978 | WARNING |   [BAC] Fetch error: Too Many Requests. Rate limited. Try after a while.
2026-01-29 12:45:02,984 | INFO |   Batch complete, waiting 60s...
