2026-02-14 06:47:28,387 | INFO | ======================================================================
2026-02-14 06:47:28,387 | INFO | IoS-001 DAILY PRICE INGEST
2026-02-14 06:47:28,387 | INFO | Executor: LINE (EC-004)
2026-02-14 06:47:28,387 | INFO | Authority: CEO_DIRECTIVE_LINE_DAILY_INGEST_ACTIVATION_20251212
2026-02-14 06:47:28,387 | INFO | Amendment: CEO-DIR-2026-119 (Rate Limit Mitigation)
2026-02-14 06:47:28,387 | INFO | Time: 2026-02-14T05:47:28.387499+00:00
2026-02-14 06:47:28,387 | INFO | Asset Class Filter: ALL
2026-02-14 06:47:28,387 | INFO | Batch Mode: True
2026-02-14 06:47:28,394 | INFO | Dry Run: False
2026-02-14 06:47:28,394 | INFO | ======================================================================
2026-02-14 06:47:28,559 | INFO | Found 491 VEGA-attested assets
2026-02-14 06:47:28,559 | INFO | 
============================================================
2026-02-14 06:47:28,559 | INFO | Processing CRYPTO: 46 assets
2026-02-14 06:47:28,559 | INFO | Schedule: Daily 01:00 UTC
2026-02-14 06:47:28,559 | INFO | ============================================================
2026-02-14 06:47:28,559 | INFO |   Using BATCH MODE (CEO-DIR-2026-119)
2026-02-14 06:47:28,559 | INFO | 
  Batch 1/5 (10 tickers)
2026-02-14 06:47:28,575 | INFO |     All assets up to date
2026-02-14 06:47:28,575 | INFO | 
  Batch 2/5 (10 tickers)
2026-02-14 06:47:28,575 | INFO |     Batch download: 1 tickers
2026-02-14 06:47:31,454 | ERROR | 
1 Failed download:
2026-02-14 06:47:31,454 | ERROR | ['GRT-USD']: YFRateLimitError('Too Many Requests. Rate limited. Try after a while.')
2026-02-14 06:47:31,454 | INFO |   Batch complete, waiting 120s...
2026-02-14 06:49:31,470 | INFO | 
  Batch 3/5 (10 tickers)
2026-02-14 06:49:31,483 | INFO |     All assets up to date
2026-02-14 06:49:31,483 | INFO | 
  Batch 4/5 (10 tickers)
2026-02-14 06:49:31,514 | INFO |     Batch download: 1 tickers
2026-02-14 06:49:34,019 | ERROR | 
1 Failed download:
2026-02-14 06:49:34,020 | ERROR | ['UNI-USD']: YFRateLimitError('Too Many Requests. Rate limited. Try after a while.')
2026-02-14 06:49:34,029 | INFO |   Batch complete, waiting 120s...
2026-02-14 06:51:34,031 | INFO | 
  Batch 5/5 (6 tickers)
2026-02-14 06:51:34,060 | INFO |     All assets up to date
2026-02-14 06:51:34,060 | INFO | 
============================================================
2026-02-14 06:51:34,060 | INFO | Processing EQUITY: 421 assets
2026-02-14 06:51:34,060 | INFO | Schedule: Weekdays 22:00 UTC
2026-02-14 06:51:34,060 | INFO | ============================================================
2026-02-14 06:51:34,060 | INFO |   Market closed for EQUITY today, skipping
2026-02-14 06:51:34,060 | INFO | 
============================================================
2026-02-14 06:51:34,060 | INFO | Processing FX: 24 assets
2026-02-14 06:51:34,060 | INFO | Schedule: Sun-Thu 22:00 UTC
2026-02-14 06:51:34,060 | INFO | ============================================================
2026-02-14 06:51:34,060 | INFO |   Market closed for FX today, skipping
2026-02-14 06:51:34,060 | WARNING | Heartbeat recording failed: relation "fhq_monitoring.system_heartbeats" does not exist
LINE 2:                 INSERT INTO fhq_monitoring.system_heartbeats...
                                    ^

2026-02-14 06:51:34,060 | INFO | 
======================================================================
2026-02-14 06:51:34,060 | INFO | DAILY INGEST COMPLETE
2026-02-14 06:51:34,060 | INFO | ======================================================================
2026-02-14 06:51:34,060 | INFO | Assets Processed: 46
2026-02-14 06:51:34,060 | INFO | Assets Updated:   0
2026-02-14 06:51:34,060 | INFO | Rows Inserted:    0
2026-02-14 06:51:34,060 | INFO |   CRYPTO: 0 assets, 0 rows
2026-02-14 06:51:34,060 | INFO | Evidence: C:\fhq-market-system\vision-ios\03_FUNCTIONS\evidence\IOS001_DAILY_INGEST_885b9d1a_20260214_065134.json
2026-02-14 06:51:34,060 | INFO | ======================================================================
