2026-01-16 12:58:21,181 | INFO | ======================================================================
2026-01-16 12:58:21,182 | INFO | IoS-001 DAILY PRICE INGEST
2026-01-16 12:58:21,182 | INFO | Executor: LINE (EC-004)
2026-01-16 12:58:21,182 | INFO | Authority: CEO_DIRECTIVE_LINE_DAILY_INGEST_ACTIVATION_20251212
2026-01-16 12:58:21,182 | INFO | Time: 2026-01-16T11:58:21.182099+00:00
2026-01-16 12:58:21,182 | INFO | Asset Class Filter: ALL
2026-01-16 12:58:21,182 | INFO | Dry Run: False
2026-01-16 12:58:21,182 | INFO | ======================================================================
2026-01-16 12:58:21,399 | INFO | Found 491 VEGA-attested assets
2026-01-16 12:58:21,399 | INFO | 
============================================================
2026-01-16 12:58:21,399 | INFO | Processing CRYPTO: 46 assets
2026-01-16 12:58:21,399 | INFO | Schedule: Daily 01:00 UTC
2026-01-16 12:58:21,399 | INFO | ============================================================
2026-01-16 12:58:21,399 | INFO | 
  Batch 1/2 (25 assets)
2026-01-16 12:58:23,827 | WARNING |   [GRT-USD] Fetch error: Too Many Requests. Rate limited. Try after a while.
2026-01-16 12:58:26,852 | INFO |   Batch complete, waiting 60s...
2026-01-16 12:59:26,854 | INFO | 
  Batch 2/2 (21 assets)
2026-01-16 12:59:28,249 | WARNING |   [UNI-USD] Fetch error: Too Many Requests. Rate limited. Try after a while.
2026-01-16 12:59:31,263 | INFO | 
============================================================
2026-01-16 12:59:31,263 | INFO | Processing EQUITY: 421 assets
2026-01-16 12:59:31,263 | INFO | Schedule: Weekdays 22:00 UTC
2026-01-16 12:59:31,263 | INFO | ============================================================
2026-01-16 12:59:31,263 | INFO | 
  Batch 1/17 (25 assets)
2026-01-16 12:59:32,596 | WARNING |   [1COV.DE] Fetch error: Too Many Requests. Rate limited. Try after a while.
2026-01-16 12:59:36,575 | WARNING |   [ABBV] Fetch error: Too Many Requests. Rate limited. Try after a while.
2026-01-16 12:59:40,534 | WARNING |   [ABNB] Fetch error: Too Many Requests. Rate limited. Try after a while.
2026-01-16 12:59:44,871 | WARNING |   [ABT] Fetch error: Too Many Requests. Rate limited. Try after a while.
2026-01-16 12:59:48,993 | WARNING |   [ADBE] Fetch error: Too Many Requests. Rate limited. Try after a while.
2026-01-16 12:59:53,186 | WARNING |   [ADI] Fetch error: Too Many Requests. Rate limited. Try after a while.
2026-01-16 12:59:57,302 | WARNING |   [ADSK] Fetch error: Too Many Requests. Rate limited. Try after a while.
2026-01-16 13:00:01,387 | WARNING |   [AEP] Fetch error: Too Many Requests. Rate limited. Try after a while.
2026-01-16 13:00:05,839 | WARNING |   [AFL] Fetch error: Too Many Requests. Rate limited. Try after a while.
2026-01-16 13:00:10,015 | WARNING |   [AIG] Fetch error: Too Many Requests. Rate limited. Try after a while.
2026-01-16 13:00:14,155 | WARNING |   [AKAM] Fetch error: Too Many Requests. Rate limited. Try after a while.
2026-01-16 13:00:18,177 | WARNING |   [ALB] Fetch error: Too Many Requests. Rate limited. Try after a while.
2026-01-16 13:00:22,338 | WARNING |   [ALL] Fetch error: Too Many Requests. Rate limited. Try after a while.
2026-01-16 13:00:26,446 | WARNING |   [AMAT] Fetch error: Too Many Requests. Rate limited. Try after a while.
2026-01-16 13:00:29,449 | INFO |   Batch complete, waiting 60s...
2026-01-16 13:01:29,451 | INFO | 
  Batch 2/17 (25 assets)
2026-01-16 13:01:31,179 | WARNING |   [AMD] Fetch error: Too Many Requests. Rate limited. Try after a while.
2026-01-16 13:01:35,093 | WARNING |   [AMGN] Fetch error: Too Many Requests. Rate limited. Try after a while.
2026-01-16 13:01:39,579 | WARNING |   [AMT] Fetch error: Too Many Requests. Rate limited. Try after a while.
2026-01-16 13:01:43,633 | WARNING |   [AMZN] Fetch error: Too Many Requests. Rate limited. Try after a while.
2026-01-16 13:01:47,906 | WARNING |   [AON] Fetch error: Too Many Requests. Rate limited. Try after a while.
2026-01-16 13:01:51,951 | WARNING |   [APD] Fetch error: Too Many Requests. Rate limited. Try after a while.
2026-01-16 13:01:55,923 | WARNING |   [ASML] Fetch error: Too Many Requests. Rate limited. Try after a while.
2026-01-16 13:01:59,994 | WARNING |   [AVB] Fetch error: Too Many Requests. Rate limited. Try after a while.
2026-01-16 13:02:04,027 | WARNING |   [AVGO] Fetch error: Too Many Requests. Rate limited. Try after a while.
2026-01-16 13:02:08,033 | WARNING |   [AWK] Fetch error: Too Many Requests. Rate limited. Try after a while.
2026-01-16 13:02:12,194 | WARNING |   [AXP] Fetch error: Too Many Requests. Rate limited. Try after a while.
2026-01-16 13:02:16,521 | WARNING |   [AZO] Fetch error: Too Many Requests. Rate limited. Try after a while.
2026-01-16 13:02:20,639 | WARNING |   [BA] Fetch error: Too Many Requests. Rate limited. Try after a while.
2026-01-16 13:02:24,775 | WARNING |   [BAC] Fetch error: Too Many Requests. Rate limited. Try after a while.
2026-01-16 13:02:27,815 | INFO |   Batch complete, waiting 60s...
