2025-12-26 16:15:07,557 | INFO | ======================================================================
2025-12-26 16:15:07,557 | INFO | IoS-001 DAILY PRICE INGEST
2025-12-26 16:15:07,557 | INFO | Executor: LINE (EC-004)
2025-12-26 16:15:07,557 | INFO | Authority: CEO_DIRECTIVE_LINE_DAILY_INGEST_ACTIVATION_20251212
2025-12-26 16:15:07,557 | INFO | Time: 2025-12-26T15:15:07.557954+00:00
2025-12-26 16:15:07,557 | INFO | Asset Class Filter: ALL
2025-12-26 16:15:07,567 | INFO | Dry Run: False
2025-12-26 16:15:07,567 | INFO | ======================================================================
2025-12-26 16:15:07,976 | INFO | Found 463 VEGA-attested assets
2025-12-26 16:15:07,977 | INFO | 
============================================================
2025-12-26 16:15:07,977 | INFO | Processing CRYPTO: 45 assets
2025-12-26 16:15:07,977 | INFO | Schedule: Daily 01:00 UTC
2025-12-26 16:15:07,978 | INFO | ============================================================
2025-12-26 16:15:07,978 | INFO | 
  Batch 1/2 (25 assets)
2025-12-26 16:15:08,079 | INFO |   Batch complete, waiting 60s...
2025-12-26 16:16:08,081 | INFO | 
  Batch 2/2 (20 assets)
2025-12-26 16:16:08,133 | INFO | 
============================================================
2025-12-26 16:16:08,133 | INFO | Processing EQUITY: 394 assets
2025-12-26 16:16:08,133 | INFO | Schedule: Weekdays 22:00 UTC
2025-12-26 16:16:08,133 | INFO | ============================================================
2025-12-26 16:16:08,133 | INFO | 
  Batch 1/16 (25 assets)
2025-12-26 16:16:09,700 | ERROR | $1COV.DE: possibly delisted; no price data found  (1d 2025-12-24 -> 2025-12-27)
2025-12-26 16:16:12,898 | INFO |     [ABBV] +1 rows
2025-12-26 16:16:16,008 | INFO |     [ABNB] +1 rows
2025-12-26 16:16:19,168 | INFO |     [ABT] +1 rows
2025-12-26 16:16:22,299 | INFO |     [ACA.PA] +1 rows
2025-12-26 16:16:25,429 | INFO |     [ADBE] +1 rows
2025-12-26 16:16:28,544 | INFO |     [ADI] +1 rows
2025-12-26 16:16:31,691 | INFO |     [ADS.DE] +1 rows
2025-12-26 16:16:34,830 | INFO |     [ADSK] +1 rows
2025-12-26 16:16:38,038 | INFO |     [AEP] +1 rows
2025-12-26 16:16:41,193 | INFO |     [AFL] +1 rows
2025-12-26 16:16:44,453 | INFO |     [AI.PA] +1 rows
2025-12-26 16:16:47,625 | INFO |     [AIG] +1 rows
2025-12-26 16:16:50,763 | INFO |     [AIR.DE] +1 rows
2025-12-26 16:16:53,927 | INFO |     [AIR.PA] +1 rows
2025-12-26 16:16:57,040 | INFO |     [AKAM] +1 rows
2025-12-26 16:17:00,171 | INFO |     [AKER.OL] +1 rows
2025-12-26 16:17:03,271 | INFO |     [AKRBP.OL] +1 rows
2025-12-26 16:17:06,479 | INFO |     [AKSO.OL] +1 rows
2025-12-26 16:17:09,597 | INFO |     [AKVA.OL] +1 rows
2025-12-26 16:17:12,714 | INFO |     [ALB] +1 rows
2025-12-26 16:17:15,863 | INFO |     [ALL] +1 rows
2025-12-26 16:17:19,048 | INFO |     [ALO.PA] +1 rows
2025-12-26 16:17:22,191 | INFO |     [ALV.DE] +1 rows
2025-12-26 16:17:25,308 | INFO |     [AMAT] +1 rows
2025-12-26 16:17:28,312 | INFO |   Batch complete, waiting 60s...
2025-12-26 16:18:28,312 | INFO | 
  Batch 2/16 (25 assets)
2025-12-26 16:18:28,411 | INFO |     [AMD] +1 rows
2025-12-26 16:18:31,520 | INFO |     [AMGN] +1 rows
2025-12-26 16:18:34,649 | INFO |     [AMT] +1 rows
2025-12-26 16:18:37,796 | INFO |     [AON] +1 rows
2025-12-26 16:18:41,016 | INFO |     [APD] +1 rows
2025-12-26 16:18:44,148 | INFO |     [ATO.PA] +1 rows
2025-12-26 16:18:47,306 | INFO |     [AUSS.OL] +1 rows
2025-12-26 16:18:50,420 | INFO |     [AUTO.OL] +1 rows
2025-12-26 16:18:53,571 | INFO |     [AV.L] +1 rows
2025-12-26 16:18:56,717 | INFO |     [AVB] +1 rows
2025-12-26 16:18:59,831 | INFO |     [AVGO] +1 rows
2025-12-26 16:19:02,984 | INFO |     [AWK] +1 rows
2025-12-26 16:19:06,155 | INFO |     [AXP] +1 rows
2025-12-26 16:19:09,298 | INFO |     [AZN.L] +1 rows
2025-12-26 16:19:12,400 | INFO |     [AZO] +1 rows
2025-12-26 16:19:15,582 | INFO |     [BA] +1 rows
2025-12-26 16:19:18,894 | INFO |     [BA.L] +1 rows
2025-12-26 16:19:22,225 | INFO |     [BAC] +1 rows
2025-12-26 16:19:25,352 | INFO |     [BAKKA.OL] +1 rows
2025-12-26 16:19:28,499 | INFO |     [BARC.L] +1 rows
2025-12-26 16:19:31,648 | INFO |     [BAS.DE] +1 rows
2025-12-26 16:19:34,808 | INFO |     [BATS.L] +1 rows
2025-12-26 16:19:37,970 | INFO |     [BAYN.DE] +1 rows
2025-12-26 16:19:41,107 | INFO |     [BEI.DE] +1 rows
2025-12-26 16:19:44,213 | INFO |     [BEWI.OL] +1 rows
2025-12-26 16:19:47,216 | INFO |   Batch complete, waiting 60s...
