2026-01-18 08:48:50,821 | INFO | ======================================================================
2026-01-18 08:48:50,821 | INFO | IoS-001 DAILY PRICE INGEST
2026-01-18 08:48:50,821 | INFO | Executor: LINE (EC-004)
2026-01-18 08:48:50,824 | INFO | Authority: CEO_DIRECTIVE_LINE_DAILY_INGEST_ACTIVATION_20251212
2026-01-18 08:48:50,824 | INFO | Time: 2026-01-18T07:48:50.824510+00:00
2026-01-18 08:48:50,825 | INFO | Asset Class Filter: ALL
2026-01-18 08:48:50,825 | INFO | Dry Run: False
2026-01-18 08:48:50,825 | INFO | ======================================================================
2026-01-18 08:48:51,719 | INFO | Found 491 VEGA-attested assets
2026-01-18 08:48:51,719 | INFO | 
============================================================
2026-01-18 08:48:51,719 | INFO | Processing CRYPTO: 46 assets
2026-01-18 08:48:51,719 | INFO | Schedule: Daily 01:00 UTC
2026-01-18 08:48:51,719 | INFO | ============================================================
2026-01-18 08:48:51,719 | INFO | 
  Batch 1/2 (25 assets)
2026-01-18 08:48:54,340 | ERROR | $GRT-USD: possibly delisted; no price data found  (1d 2026-01-18 -> 2026-01-19)
2026-01-18 08:48:57,355 | INFO |   Batch complete, waiting 60s...
2026-01-18 08:49:57,364 | INFO | 
  Batch 2/2 (21 assets)
2026-01-18 08:49:57,523 | ERROR | $UNI-USD: possibly delisted; no price data found  (1d 2026-01-08 -> 2026-01-19)
2026-01-18 08:50:00,553 | INFO | 
============================================================
2026-01-18 08:50:00,553 | INFO | Processing EQUITY: 421 assets
2026-01-18 08:50:00,553 | INFO | Schedule: Weekdays 22:00 UTC
2026-01-18 08:50:00,553 | INFO | ============================================================
2026-01-18 08:50:00,553 | INFO |   Market closed for EQUITY today, skipping
2026-01-18 08:50:00,553 | INFO | 
============================================================
2026-01-18 08:50:00,556 | INFO | Processing FX: 24 assets
2026-01-18 08:50:00,556 | INFO | Schedule: Sun-Thu 22:00 UTC
2026-01-18 08:50:00,556 | INFO | ============================================================
2026-01-18 08:50:00,557 | INFO | 
  Batch 1/1 (24 assets)
2026-01-18 08:50:00,882 | ERROR | $AUDJPY=X: possibly delisted; no price data found  (1d 2026-01-18 -> 2026-01-19)
2026-01-18 08:50:04,059 | INFO |     [AUDUSD=X] +1 rows
2026-01-18 08:50:07,137 | ERROR | $CADJPY=X: possibly delisted; no price data found  (1d 2026-01-18 -> 2026-01-19)
2026-01-18 08:50:10,220 | ERROR | $CHFJPY=X: possibly delisted; no price data found  (1d 2026-01-18 -> 2026-01-19)
2026-01-18 08:50:13,292 | ERROR | $EURAUD=X: possibly delisted; no price data found  (1d 2026-01-18 -> 2026-01-19)
2026-01-18 08:50:16,368 | ERROR | $EURCHF=X: possibly delisted; no price data found  (1d 2026-01-18 -> 2026-01-19)
2026-01-18 08:50:19,454 | ERROR | $EURGBP=X: possibly delisted; no price data found  (1d 2026-01-18 -> 2026-01-19)
2026-01-18 08:50:22,531 | ERROR | $EURJPY=X: possibly delisted; no price data found  (1d 2026-01-18 -> 2026-01-19)
2026-01-18 08:50:25,611 | ERROR | $EURNOK=X: possibly delisted; no price data found  (1d 2026-01-18 -> 2026-01-19)
2026-01-18 08:50:28,690 | ERROR | $EURSEK=X: possibly delisted; no price data found  (1d 2026-01-18 -> 2026-01-19)
2026-01-18 08:50:31,778 | ERROR | $EURUSD=X: possibly delisted; no price data found  (1d 2026-01-18 -> 2026-01-19)
2026-01-18 08:50:34,861 | ERROR | $GBPJPY=X: possibly delisted; no price data found  (1d 2026-01-18 -> 2026-01-19)
2026-01-18 08:50:37,970 | INFO |     [NZDUSD=X] +1 rows
2026-01-18 08:50:41,091 | INFO |     [USDCAD=X] +1 rows
2026-01-18 08:50:44,223 | INFO |     [USDCHF=X] +1 rows
2026-01-18 08:50:47,321 | INFO |     [USDHKD=X] +1 rows
2026-01-18 08:50:50,397 | ERROR | $USDJPY=X: possibly delisted; no price data found  (1d 2026-01-18 -> 2026-01-19)
2026-01-18 08:50:53,476 | ERROR | $USDMXN=X: possibly delisted; no price data found  (1d 2026-01-18 -> 2026-01-19)
2026-01-18 08:50:56,578 | INFO |     [USDNOK=X] +1 rows
2026-01-18 08:50:59,676 | INFO |     [USDSEK=X] +1 rows
2026-01-18 08:51:02,757 | INFO |     [USDSGD=X] +1 rows
2026-01-18 08:51:05,856 | INFO |     [USDTRY=X] +1 rows
2026-01-18 08:51:08,964 | INFO |     [USDZAR=X] +1 rows
2026-01-18 08:51:11,967 | WARNING | Heartbeat recording failed: relation "fhq_monitoring.system_heartbeats" does not exist
LINE 2:                 INSERT INTO fhq_monitoring.system_heartbeats...
                                    ^

2026-01-18 08:51:11,967 | INFO | 
======================================================================
2026-01-18 08:51:11,967 | INFO | DAILY INGEST COMPLETE
2026-01-18 08:51:11,967 | INFO | ======================================================================
2026-01-18 08:51:11,967 | INFO | Assets Processed: 70
2026-01-18 08:51:11,967 | INFO | Assets Updated:   10
2026-01-18 08:51:11,967 | INFO | Rows Inserted:    10
2026-01-18 08:51:11,967 | INFO |   CRYPTO: 0 assets, 0 rows
2026-01-18 08:51:11,967 | INFO |   FX: 10 assets, 10 rows
2026-01-18 08:51:11,967 | INFO | Evidence: C:\fhq-market-system\vision-ios\03_FUNCTIONS\evidence\IOS001_DAILY_INGEST_d01ac274_20260118_085111.json
2026-01-18 08:51:11,967 | INFO | ======================================================================
