2026-02-10 15:13:53,984 | INFO | ======================================================================
2026-02-10 15:13:53,984 | INFO | IoS-001 DAILY PRICE INGEST
2026-02-10 15:13:53,984 | INFO | Executor: LINE (EC-004)
2026-02-10 15:13:53,984 | INFO | Authority: CEO_DIRECTIVE_LINE_DAILY_INGEST_ACTIVATION_20251212
2026-02-10 15:13:53,984 | INFO | Amendment: CEO-DIR-2026-119 (Rate Limit Mitigation)
2026-02-10 15:13:53,984 | INFO | Time: 2026-02-10T14:13:53.984187+00:00
2026-02-10 15:13:53,984 | INFO | Asset Class Filter: ALL
2026-02-10 15:13:53,984 | INFO | Batch Mode: True
2026-02-10 15:13:53,984 | INFO | Dry Run: False
2026-02-10 15:13:53,984 | INFO | ======================================================================
2026-02-10 15:13:54,296 | INFO | Found 491 VEGA-attested assets
2026-02-10 15:13:54,296 | INFO | 
============================================================
2026-02-10 15:13:54,296 | INFO | Processing CRYPTO: 46 assets
2026-02-10 15:13:54,296 | INFO | Schedule: Daily 01:00 UTC
2026-02-10 15:13:54,296 | INFO | ============================================================
2026-02-10 15:13:54,296 | INFO |   Using BATCH MODE (CEO-DIR-2026-119)
2026-02-10 15:13:54,296 | INFO | 
  Batch 1/5 (10 tickers)
2026-02-10 15:13:54,316 | INFO |     All assets up to date
2026-02-10 15:13:54,322 | INFO | 
  Batch 2/5 (10 tickers)
2026-02-10 15:13:54,327 | INFO |     Batch download: 1 tickers
2026-02-10 15:13:55,704 | ERROR | 
1 Failed download:
2026-02-10 15:13:55,704 | ERROR | ['GRT-USD']: YFPricesMissingError('possibly delisted; no price data found  (1d 2026-02-10 -> 2026-02-11)')
2026-02-10 15:13:55,724 | INFO |   Batch complete, waiting 120s...
2026-02-10 15:15:55,725 | INFO | 
  Batch 3/5 (10 tickers)
2026-02-10 15:15:55,759 | INFO |     All assets up to date
2026-02-10 15:15:55,759 | INFO | 
  Batch 4/5 (10 tickers)
2026-02-10 15:15:55,799 | INFO |     Batch download: 1 tickers
2026-02-10 15:15:56,347 | ERROR | 
1 Failed download:
2026-02-10 15:15:56,347 | ERROR | ['UNI-USD']: YFPricesMissingError('possibly delisted; no price data found  (1d 2026-02-10 -> 2026-02-11)')
2026-02-10 15:15:56,357 | INFO |   Batch complete, waiting 120s...
2026-02-10 15:17:56,360 | INFO | 
  Batch 5/5 (6 tickers)
2026-02-10 15:17:56,368 | INFO |     All assets up to date
2026-02-10 15:17:56,368 | INFO | 
============================================================
2026-02-10 15:17:56,368 | INFO | Processing EQUITY: 421 assets
2026-02-10 15:17:56,368 | INFO | Schedule: Weekdays 22:00 UTC
2026-02-10 15:17:56,377 | INFO | ============================================================
2026-02-10 15:17:56,377 | INFO |   Using BATCH MODE (CEO-DIR-2026-119)
2026-02-10 15:17:56,377 | INFO | 
  Batch 1/43 (10 tickers)
2026-02-10 15:17:56,389 | INFO |     Batch download: 8 tickers
2026-02-10 15:17:58,178 | ERROR | 
1 Failed download:
2026-02-10 15:17:58,178 | ERROR | ['1COV.DE']: YFPricesMissingError('possibly delisted; no price data found  (1d 2025-12-24 -> 2026-02-11)')
2026-02-10 15:17:58,244 | INFO |     [ABBV] +31 rows
2026-02-10 15:17:58,259 | INFO |     [ABNB] +31 rows
2026-02-10 15:17:58,278 | INFO |     [ABT] +31 rows
2026-02-10 15:17:58,293 | INFO |     [ADBE] +31 rows
2026-02-10 15:17:58,308 | INFO |     [ADI] +31 rows
2026-02-10 15:17:58,322 | INFO |     [ADSK] +31 rows
2026-02-10 15:17:58,333 | INFO |     [AEP] +31 rows
2026-02-10 15:17:58,333 | INFO |   Batch complete, waiting 120s...
