2026-01-11 17:06:21,076 | INFO | ======================================================================
2026-01-11 17:06:21,076 | INFO | IoS-001 DAILY PRICE INGEST
2026-01-11 17:06:21,076 | INFO | Executor: LINE (EC-004)
2026-01-11 17:06:21,076 | INFO | Authority: CEO_DIRECTIVE_LINE_DAILY_INGEST_ACTIVATION_20251212
2026-01-11 17:06:21,076 | INFO | Time: 2026-01-11T16:06:21.076191+00:00
2026-01-11 17:06:21,076 | INFO | Asset Class Filter: ALL
2026-01-11 17:06:21,076 | INFO | Dry Run: False
2026-01-11 17:06:21,076 | INFO | ======================================================================
2026-01-11 17:06:21,380 | INFO | Found 491 VEGA-attested assets
2026-01-11 17:06:21,380 | INFO | 
============================================================
2026-01-11 17:06:21,380 | INFO | Processing CRYPTO: 46 assets
2026-01-11 17:06:21,380 | INFO | Schedule: Daily 01:00 UTC
2026-01-11 17:06:21,380 | INFO | ============================================================
2026-01-11 17:06:21,380 | INFO | 
  Batch 1/2 (25 assets)
2026-01-11 17:06:26,298 | WARNING |   [GRT-USD] Fetch error: Too Many Requests. Rate limited. Try after a while.
2026-01-11 17:06:29,353 | INFO |   Batch complete, waiting 60s...
2026-01-11 17:07:29,355 | INFO | 
  Batch 2/2 (21 assets)
2026-01-11 17:07:31,291 | WARNING |   [UNI-USD] Fetch error: Too Many Requests. Rate limited. Try after a while.
2026-01-11 17:07:34,345 | INFO | 
============================================================
2026-01-11 17:07:34,345 | INFO | Processing EQUITY: 421 assets
2026-01-11 17:07:34,345 | INFO | Schedule: Weekdays 22:00 UTC
2026-01-11 17:07:34,345 | INFO | ============================================================
2026-01-11 17:07:34,345 | INFO |   Market closed for EQUITY today, skipping
2026-01-11 17:07:34,345 | INFO | 
============================================================
2026-01-11 17:07:34,345 | INFO | Processing FX: 24 assets
2026-01-11 17:07:34,345 | INFO | Schedule: Sun-Thu 22:00 UTC
2026-01-11 17:07:34,345 | INFO | ============================================================
2026-01-11 17:07:34,345 | INFO | 
  Batch 1/1 (24 assets)
2026-01-11 17:07:35,655 | WARNING |   [AUDJPY=X] Fetch error: Too Many Requests. Rate limited. Try after a while.
2026-01-11 17:07:39,776 | WARNING |   [CADJPY=X] Fetch error: Too Many Requests. Rate limited. Try after a while.
2026-01-11 17:07:43,485 | WARNING |   [CHFJPY=X] Fetch error: Too Many Requests. Rate limited. Try after a while.
2026-01-11 17:07:47,692 | WARNING |   [EURAUD=X] Fetch error: Too Many Requests. Rate limited. Try after a while.
2026-01-11 17:07:52,084 | WARNING |   [EURCHF=X] Fetch error: Too Many Requests. Rate limited. Try after a while.
2026-01-11 17:07:56,351 | WARNING |   [EURGBP=X] Fetch error: Too Many Requests. Rate limited. Try after a while.
2026-01-11 17:08:00,468 | WARNING |   [EURJPY=X] Fetch error: Too Many Requests. Rate limited. Try after a while.
2026-01-11 17:08:04,676 | WARNING |   [EURNOK=X] Fetch error: Too Many Requests. Rate limited. Try after a while.
2026-01-11 17:08:08,810 | WARNING |   [EURSEK=X] Fetch error: Too Many Requests. Rate limited. Try after a while.
2026-01-11 17:08:13,027 | WARNING |   [EURUSD=X] Fetch error: Too Many Requests. Rate limited. Try after a while.
2026-01-11 17:08:16,973 | WARNING |   [GBPJPY=X] Fetch error: Too Many Requests. Rate limited. Try after a while.
2026-01-11 17:08:21,105 | WARNING |   [USDHKD=X] Fetch error: Too Many Requests. Rate limited. Try after a while.
2026-01-11 17:08:25,301 | WARNING |   [USDJPY=X] Fetch error: Too Many Requests. Rate limited. Try after a while.
2026-01-11 17:08:29,523 | WARNING |   [USDMXN=X] Fetch error: Too Many Requests. Rate limited. Try after a while.
2026-01-11 17:08:33,558 | WARNING |   [USDTRY=X] Fetch error: Too Many Requests. Rate limited. Try after a while.
2026-01-11 17:08:36,575 | WARNING | Heartbeat recording failed: relation "fhq_monitoring.system_heartbeats" does not exist
LINE 2:                 INSERT INTO fhq_monitoring.system_heartbeats...
                                    ^

2026-01-11 17:08:36,575 | INFO | 
======================================================================
2026-01-11 17:08:36,575 | INFO | DAILY INGEST COMPLETE
2026-01-11 17:08:36,575 | INFO | ======================================================================
2026-01-11 17:08:36,575 | INFO | Assets Processed: 70
2026-01-11 17:08:36,575 | INFO | Assets Updated:   0
2026-01-11 17:08:36,575 | INFO | Rows Inserted:    0
2026-01-11 17:08:36,575 | INFO |   CRYPTO: 0 assets, 0 rows
2026-01-11 17:08:36,575 | INFO |   FX: 0 assets, 0 rows
2026-01-11 17:08:36,584 | INFO | Evidence: C:\fhq-market-system\vision-ios\03_FUNCTIONS\evidence\IOS001_DAILY_INGEST_eb7d12e0_20260111_170836.json
2026-01-11 17:08:36,584 | INFO | ======================================================================
