2026-01-15 23:22:19,137 | INFO | ======================================================================
2026-01-15 23:22:19,138 | INFO | IoS-001 DAILY PRICE INGEST
2026-01-15 23:22:19,138 | INFO | Executor: LINE (EC-004)
2026-01-15 23:22:19,138 | INFO | Authority: CEO_DIRECTIVE_LINE_DAILY_INGEST_ACTIVATION_20251212
2026-01-15 23:22:19,138 | INFO | Time: 2026-01-15T22:22:19.138556+00:00
2026-01-15 23:22:19,138 | INFO | Asset Class Filter: ALL
2026-01-15 23:22:19,138 | INFO | Dry Run: False
2026-01-15 23:22:19,138 | INFO | ======================================================================
2026-01-15 23:22:19,402 | INFO | Found 491 VEGA-attested assets
2026-01-15 23:22:19,402 | INFO | 
============================================================
2026-01-15 23:22:19,402 | INFO | Processing CRYPTO: 46 assets
2026-01-15 23:22:19,402 | INFO | Schedule: Daily 01:00 UTC
2026-01-15 23:22:19,403 | INFO | ============================================================
2026-01-15 23:22:19,403 | INFO | 
  Batch 1/2 (25 assets)
2026-01-15 23:22:22,231 | WARNING |   [GRT-USD] Fetch error: Too Many Requests. Rate limited. Try after a while.
2026-01-15 23:22:25,258 | INFO |   Batch complete, waiting 60s...
2026-01-15 23:23:25,260 | INFO | 
  Batch 2/2 (21 assets)
2026-01-15 23:23:26,696 | WARNING |   [UNI-USD] Fetch error: Too Many Requests. Rate limited. Try after a while.
2026-01-15 23:23:29,726 | INFO | 
============================================================
2026-01-15 23:23:29,727 | INFO | Processing EQUITY: 421 assets
2026-01-15 23:23:29,728 | INFO | Schedule: Weekdays 22:00 UTC
2026-01-15 23:23:29,728 | INFO | ============================================================
2026-01-15 23:23:29,728 | INFO | 
  Batch 1/17 (25 assets)
2026-01-15 23:23:30,758 | WARNING |   [1COV.DE] Fetch error: Too Many Requests. Rate limited. Try after a while.
2026-01-15 23:23:33,853 | INFO |   Batch complete, waiting 60s...
2026-01-15 23:24:33,854 | INFO | 
  Batch 2/17 (25 assets)
2026-01-15 23:24:33,955 | INFO |   Batch complete, waiting 60s...
2026-01-15 23:25:33,956 | INFO | 
  Batch 3/17 (25 assets)
2026-01-15 23:25:36,572 | WARNING |   [BRK.B] Fetch error: Too Many Requests. Rate limited. Try after a while.
2026-01-15 23:25:40,743 | WARNING |   [BT.A.L] Fetch error: Too Many Requests. Rate limited. Try after a while.
2026-01-15 23:25:43,844 | INFO |   Batch complete, waiting 60s...
2026-01-15 23:26:43,847 | INFO | 
  Batch 4/17 (25 assets)
2026-01-15 23:26:43,951 | INFO |   Batch complete, waiting 60s...
