2026-02-17 08:33:37,036 | INFO | ======================================================================
2026-02-17 08:33:37,036 | INFO | IoS-001 DAILY PRICE INGEST
2026-02-17 08:33:37,036 | INFO | Executor: LINE (EC-004)
2026-02-17 08:33:37,036 | INFO | Authority: CEO_DIRECTIVE_LINE_DAILY_INGEST_ACTIVATION_20251212
2026-02-17 08:33:37,036 | INFO | Amendment: CEO-DIR-2026-119 (Rate Limit Mitigation)
2026-02-17 08:33:37,036 | INFO | Time: 2026-02-17T07:33:37.036960+00:00
2026-02-17 08:33:37,036 | INFO | Asset Class Filter: ALL
2026-02-17 08:33:37,036 | INFO | Batch Mode: True
2026-02-17 08:33:37,036 | INFO | Dry Run: False
2026-02-17 08:33:37,036 | INFO | ======================================================================
2026-02-17 08:33:37,211 | INFO | Found 491 VEGA-attested assets
2026-02-17 08:33:37,211 | INFO | 
============================================================
2026-02-17 08:33:37,211 | INFO | Processing CRYPTO: 46 assets
2026-02-17 08:33:37,211 | INFO | Schedule: Daily 01:00 UTC
2026-02-17 08:33:37,212 | INFO | ============================================================
2026-02-17 08:33:37,212 | INFO |   Using BATCH MODE (CEO-DIR-2026-119)
2026-02-17 08:33:37,212 | INFO | 
  Batch 1/5 (10 tickers)
2026-02-17 08:33:37,230 | INFO |     All assets up to date
2026-02-17 08:33:37,230 | INFO | 
  Batch 2/5 (10 tickers)
2026-02-17 08:33:37,251 | INFO |     Batch download: 1 tickers
2026-02-17 08:33:39,869 | ERROR | 
1 Failed download:
2026-02-17 08:33:39,869 | ERROR | ['GRT-USD']: YFRateLimitError('Too Many Requests. Rate limited. Try after a while.')
2026-02-17 08:33:39,869 | INFO |   Batch complete, waiting 120s...
2026-02-17 08:35:39,876 | INFO | 
  Batch 3/5 (10 tickers)
2026-02-17 08:35:39,969 | INFO |     All assets up to date
2026-02-17 08:35:39,970 | INFO | 
  Batch 4/5 (10 tickers)
2026-02-17 08:35:40,011 | INFO |     Batch download: 1 tickers
2026-02-17 08:35:42,768 | ERROR | 
1 Failed download:
2026-02-17 08:35:42,768 | ERROR | ['UNI-USD']: YFRateLimitError('Too Many Requests. Rate limited. Try after a while.')
2026-02-17 08:35:42,768 | INFO |   Batch complete, waiting 120s...
2026-02-17 08:37:42,773 | INFO | 
  Batch 5/5 (6 tickers)
2026-02-17 08:37:42,788 | INFO |     All assets up to date
2026-02-17 08:37:42,789 | INFO | 
============================================================
2026-02-17 08:37:42,789 | INFO | Processing EQUITY: 421 assets
2026-02-17 08:37:42,789 | INFO | Schedule: Weekdays 22:00 UTC
2026-02-17 08:37:42,789 | INFO | ============================================================
2026-02-17 08:37:42,789 | INFO |   Using BATCH MODE (CEO-DIR-2026-119)
2026-02-17 08:37:42,789 | INFO | 
  Batch 1/43 (10 tickers)
2026-02-17 08:37:42,809 | INFO |     Batch download: 10 tickers
2026-02-17 08:37:56,505 | ERROR | 
10 Failed downloads:
2026-02-17 08:37:56,505 | ERROR | ['ABT', 'ABBV', 'ABNB', 'ADS.DE', 'AEP', 'ADSK', 'ADI', 'ACA.PA', '1COV.DE', 'ADBE']: YFRateLimitError('Too Many Requests. Rate limited. Try after a while.')
2026-02-17 08:37:56,515 | INFO |   Batch complete, waiting 120s...
