2026-01-15 03:39:15,999 | INFO | ======================================================================
2026-01-15 03:39:15,999 | INFO | IoS-001 DAILY PRICE INGEST
2026-01-15 03:39:16,000 | INFO | Executor: LINE (EC-004)
2026-01-15 03:39:16,000 | INFO | Authority: CEO_DIRECTIVE_LINE_DAILY_INGEST_ACTIVATION_20251212
2026-01-15 03:39:16,000 | INFO | Time: 2026-01-15T02:39:16.000854+00:00
2026-01-15 03:39:16,000 | INFO | Asset Class Filter: ALL
2026-01-15 03:39:16,000 | INFO | Dry Run: False
2026-01-15 03:39:16,000 | INFO | ======================================================================
2026-01-15 03:39:16,346 | INFO | Found 491 VEGA-attested assets
2026-01-15 03:39:16,346 | INFO | 
============================================================
2026-01-15 03:39:16,346 | INFO | Processing CRYPTO: 46 assets
2026-01-15 03:39:16,347 | INFO | Schedule: Daily 01:00 UTC
2026-01-15 03:39:16,347 | INFO | ============================================================
2026-01-15 03:39:16,347 | INFO | 
  Batch 1/2 (25 assets)
2026-01-15 03:39:18,929 | WARNING |   [GRT-USD] Fetch error: Too Many Requests. Rate limited. Try after a while.
2026-01-15 03:39:21,956 | INFO |   Batch complete, waiting 60s...
2026-01-15 03:40:21,957 | INFO | 
  Batch 2/2 (21 assets)
2026-01-15 03:40:23,174 | WARNING |   [UNI-USD] Fetch error: Too Many Requests. Rate limited. Try after a while.
2026-01-15 03:40:26,214 | INFO | 
============================================================
2026-01-15 03:40:26,214 | INFO | Processing EQUITY: 421 assets
2026-01-15 03:40:26,214 | INFO | Schedule: Weekdays 22:00 UTC
2026-01-15 03:40:26,215 | INFO | ============================================================
2026-01-15 03:40:26,215 | INFO | 
  Batch 1/17 (25 assets)
2026-01-15 03:40:27,169 | WARNING |   [1COV.DE] Fetch error: Too Many Requests. Rate limited. Try after a while.
2026-01-15 03:40:30,894 | WARNING |   [ABBV] Fetch error: Too Many Requests. Rate limited. Try after a while.
2026-01-15 03:40:34,573 | WARNING |   [ABNB] Fetch error: Too Many Requests. Rate limited. Try after a while.
2026-01-15 03:40:38,357 | WARNING |   [ABT] Fetch error: Too Many Requests. Rate limited. Try after a while.
2026-01-15 03:40:42,241 | WARNING |   [ACA.PA] Fetch error: Too Many Requests. Rate limited. Try after a while.
2026-01-15 03:40:45,958 | WARNING |   [ADBE] Fetch error: Too Many Requests. Rate limited. Try after a while.
2026-01-15 03:40:49,642 | WARNING |   [ADI] Fetch error: Too Many Requests. Rate limited. Try after a while.
2026-01-15 03:40:53,305 | WARNING |   [ADS.DE] Fetch error: Too Many Requests. Rate limited. Try after a while.
2026-01-15 03:40:57,040 | WARNING |   [ADSK] Fetch error: Too Many Requests. Rate limited. Try after a while.
2026-01-15 03:41:01,190 | WARNING |   [AEP] Fetch error: Too Many Requests. Rate limited. Try after a while.
2026-01-15 03:41:05,225 | WARNING |   [AFL] Fetch error: Too Many Requests. Rate limited. Try after a while.
2026-01-15 03:41:09,235 | WARNING |   [AI.PA] Fetch error: Too Many Requests. Rate limited. Try after a while.
2026-01-15 03:41:13,176 | WARNING |   [AIG] Fetch error: Too Many Requests. Rate limited. Try after a while.
2026-01-15 03:41:17,151 | WARNING |   [AIR.DE] Fetch error: Too Many Requests. Rate limited. Try after a while.
2026-01-15 03:41:21,542 | WARNING |   [AIR.PA] Fetch error: Too Many Requests. Rate limited. Try after a while.
2026-01-15 03:41:25,643 | WARNING |   [AKAM] Fetch error: Too Many Requests. Rate limited. Try after a while.
2026-01-15 03:41:29,802 | WARNING |   [AKER.OL] Fetch error: Too Many Requests. Rate limited. Try after a while.
2026-01-15 03:41:33,832 | WARNING |   [AKRBP.OL] Fetch error: Too Many Requests. Rate limited. Try after a while.
2026-01-15 03:41:37,831 | WARNING |   [AKSO.OL] Fetch error: Too Many Requests. Rate limited. Try after a while.
2026-01-15 03:41:41,539 | WARNING |   [AKVA.OL] Fetch error: Too Many Requests. Rate limited. Try after a while.
2026-01-15 03:41:46,727 | WARNING |   [ALB] Fetch error: Too Many Requests. Rate limited. Try after a while.
2026-01-15 03:41:50,829 | WARNING |   [ALL] Fetch error: Too Many Requests. Rate limited. Try after a while.
2026-01-15 03:41:56,558 | WARNING |   [ALO.PA] Fetch error: Too Many Requests. Rate limited. Try after a while.
2026-01-15 03:42:00,452 | WARNING |   [ALV.DE] Fetch error: Too Many Requests. Rate limited. Try after a while.
2026-01-15 03:42:04,509 | WARNING |   [AMAT] Fetch error: Too Many Requests. Rate limited. Try after a while.
2026-01-15 03:42:07,511 | INFO |   Batch complete, waiting 60s...
2026-01-15 03:43:07,513 | INFO | 
  Batch 2/17 (25 assets)
2026-01-15 03:43:09,157 | WARNING |   [AMD] Fetch error: Too Many Requests. Rate limited. Try after a while.
2026-01-15 03:43:13,124 | WARNING |   [AMGN] Fetch error: Too Many Requests. Rate limited. Try after a while.
2026-01-15 03:43:17,222 | WARNING |   [AMT] Fetch error: Too Many Requests. Rate limited. Try after a while.
2026-01-15 03:43:21,245 | WARNING |   [AMZN] Fetch error: Too Many Requests. Rate limited. Try after a while.
2026-01-15 03:43:25,533 | WARNING |   [AON] Fetch error: Too Many Requests. Rate limited. Try after a while.
2026-01-15 03:43:29,494 | WARNING |   [APD] Fetch error: Too Many Requests. Rate limited. Try after a while.
2026-01-15 03:43:33,193 | WARNING |   [ASML] Fetch error: Too Many Requests. Rate limited. Try after a while.
2026-01-15 03:43:36,912 | WARNING |   [ATO.PA] Fetch error: Too Many Requests. Rate limited. Try after a while.
2026-01-15 03:43:40,608 | WARNING |   [AUSS.OL] Fetch error: Too Many Requests. Rate limited. Try after a while.
2026-01-15 03:43:44,367 | WARNING |   [AUTO.OL] Fetch error: Too Many Requests. Rate limited. Try after a while.
2026-01-15 03:43:48,078 | WARNING |   [AV.L] Fetch error: Too Many Requests. Rate limited. Try after a while.
2026-01-15 03:43:51,771 | WARNING |   [AVB] Fetch error: Too Many Requests. Rate limited. Try after a while.
2026-01-15 03:43:55,620 | WARNING |   [AVGO] Fetch error: Too Many Requests. Rate limited. Try after a while.
2026-01-15 03:43:59,374 | WARNING |   [AWK] Fetch error: Too Many Requests. Rate limited. Try after a while.
2026-01-15 03:44:03,104 | WARNING |   [AXP] Fetch error: Too Many Requests. Rate limited. Try after a while.
2026-01-15 03:44:06,977 | WARNING |   [AZN.L] Fetch error: Too Many Requests. Rate limited. Try after a while.
2026-01-15 03:44:10,650 | WARNING |   [AZO] Fetch error: Too Many Requests. Rate limited. Try after a while.
