2026-01-15 21:46:27,665 | INFO | ======================================================================
2026-01-15 21:46:27,666 | INFO | IoS-001 DAILY PRICE INGEST
2026-01-15 21:46:27,666 | INFO | Executor: LINE (EC-004)
2026-01-15 21:46:27,667 | INFO | Authority: CEO_DIRECTIVE_LINE_DAILY_INGEST_ACTIVATION_20251212
2026-01-15 21:46:27,667 | INFO | Time: 2026-01-15T20:46:27.667126+00:00
2026-01-15 21:46:27,667 | INFO | Asset Class Filter: ALL
2026-01-15 21:46:27,667 | INFO | Dry Run: False
2026-01-15 21:46:27,668 | INFO | ======================================================================
2026-01-15 21:46:27,959 | INFO | Found 491 VEGA-attested assets
2026-01-15 21:46:27,960 | INFO | 
============================================================
2026-01-15 21:46:27,960 | INFO | Processing CRYPTO: 46 assets
2026-01-15 21:46:27,960 | INFO | Schedule: Daily 01:00 UTC
2026-01-15 21:46:27,960 | INFO | ============================================================
2026-01-15 21:46:27,960 | INFO | 
  Batch 1/2 (25 assets)
2026-01-15 21:46:31,198 | WARNING |   [GRT-USD] Fetch error: Too Many Requests. Rate limited. Try after a while.
2026-01-15 21:46:34,228 | INFO |   Batch complete, waiting 60s...
2026-01-15 21:47:34,229 | INFO | 
  Batch 2/2 (21 assets)
2026-01-15 21:47:35,694 | WARNING |   [UNI-USD] Fetch error: Too Many Requests. Rate limited. Try after a while.
2026-01-15 21:47:38,711 | INFO | 
============================================================
2026-01-15 21:47:38,711 | INFO | Processing EQUITY: 421 assets
2026-01-15 21:47:38,711 | INFO | Schedule: Weekdays 22:00 UTC
2026-01-15 21:47:38,711 | INFO | ============================================================
2026-01-15 21:47:38,711 | INFO | 
  Batch 1/17 (25 assets)
2026-01-15 21:47:39,856 | WARNING |   [1COV.DE] Fetch error: Too Many Requests. Rate limited. Try after a while.
2026-01-15 21:47:42,916 | INFO |   Batch complete, waiting 60s...
2026-01-15 21:48:42,917 | INFO | 
  Batch 2/17 (25 assets)
2026-01-15 21:48:42,955 | INFO |   Batch complete, waiting 60s...
2026-01-15 21:49:42,956 | INFO | 
  Batch 3/17 (25 assets)
2026-01-15 21:49:46,307 | WARNING |   [BRK.B] Fetch error: Too Many Requests. Rate limited. Try after a while.
2026-01-15 21:49:50,833 | WARNING |   [BT.A.L] Fetch error: Too Many Requests. Rate limited. Try after a while.
2026-01-15 21:49:53,857 | INFO |   Batch complete, waiting 60s...
2026-01-15 21:50:53,859 | INFO | 
  Batch 4/17 (25 assets)
2026-01-15 21:50:53,916 | INFO |   Batch complete, waiting 60s...
