2026-01-26 19:12:45,166 | INFO | ======================================================================
2026-01-26 19:12:45,167 | INFO | IoS-001 DAILY PRICE INGEST
2026-01-26 19:12:45,167 | INFO | Executor: LINE (EC-004)
2026-01-26 19:12:45,167 | INFO | Authority: CEO_DIRECTIVE_LINE_DAILY_INGEST_ACTIVATION_20251212
2026-01-26 19:12:45,167 | INFO | Time: 2026-01-26T18:12:45.167113+00:00
2026-01-26 19:12:45,168 | INFO | Asset Class Filter: ALL
2026-01-26 19:12:45,168 | INFO | Dry Run: False
2026-01-26 19:12:45,168 | INFO | ======================================================================
2026-01-26 19:12:45,722 | INFO | Found 491 VEGA-attested assets
2026-01-26 19:12:45,723 | INFO | 
============================================================
2026-01-26 19:12:45,723 | INFO | Processing CRYPTO: 46 assets
2026-01-26 19:12:45,724 | INFO | Schedule: Daily 01:00 UTC
2026-01-26 19:12:45,724 | INFO | ============================================================
2026-01-26 19:12:45,724 | INFO | 
  Batch 1/2 (25 assets)
2026-01-26 19:12:48,794 | ERROR | $GRT-USD: possibly delisted; no price data found  (1d 2026-01-26 -> 2026-01-27)
2026-01-26 19:12:51,811 | INFO |   Batch complete, waiting 60s...
2026-01-26 19:13:51,813 | INFO | 
  Batch 2/2 (21 assets)
2026-01-26 19:13:51,954 | ERROR | $UNI-USD: possibly delisted; no price data found  (1d 2026-01-23 -> 2026-01-27)
2026-01-26 19:13:54,983 | INFO | 
============================================================
2026-01-26 19:13:54,984 | INFO | Processing EQUITY: 421 assets
2026-01-26 19:13:54,984 | INFO | Schedule: Weekdays 22:00 UTC
2026-01-26 19:13:54,984 | INFO | ============================================================
2026-01-26 19:13:54,984 | INFO | 
  Batch 1/17 (25 assets)
2026-01-26 19:13:55,347 | ERROR | $1COV.DE: possibly delisted; no price data found  (1d 2025-12-24 -> 2026-01-27)
2026-01-26 19:13:58,412 | INFO |   Batch complete, waiting 60s...
2026-01-26 19:14:58,413 | INFO | 
  Batch 2/17 (25 assets)
2026-01-26 19:14:58,477 | INFO |   Batch complete, waiting 60s...
2026-01-26 19:15:58,478 | INFO | 
  Batch 3/17 (25 assets)
2026-01-26 19:16:03,176 | ERROR | $BRK.B: possibly delisted; no timezone found
2026-01-26 19:16:09,733 | ERROR | 404 Client Error: Not Found for url: https://query2.finance.yahoo.com/v10/finance/quoteSummary/BT.A.L?modules=financialData%2CquoteType%2CdefaultKeyStatistics%2CassetProfile%2CsummaryDetail&corsDomain=finance.yahoo.com&formatted=false&symbol=BT.A.L&crumb=12XqP9aPuFQ
2026-01-26 19:16:09,734 | WARNING |   [BT.A.L] Fetch error: 'NoneType' object has no attribute 'update'
2026-01-26 19:16:12,763 | INFO |   Batch complete, waiting 60s...
2026-01-26 19:17:12,764 | INFO | 
  Batch 4/17 (25 assets)
2026-01-26 19:17:12,976 | INFO |     [CF] +1 rows
2026-01-26 19:17:16,117 | INFO |     [CHD] +1 rows
2026-01-26 19:17:19,223 | INFO |     [CHTR] +1 rows
2026-01-26 19:17:22,397 | INFO |     [CI] +1 rows
2026-01-26 19:17:25,587 | INFO |     [CL] +1 rows
2026-01-26 19:17:28,760 | INFO |     [CLX] +1 rows
2026-01-26 19:17:31,916 | INFO |     [CMCSA] +1 rows
2026-01-26 19:17:35,160 | INFO |     [CME] +1 rows
2026-01-26 19:17:38,268 | INFO |     [CMG] +1 rows
