2026-02-12 14:13:59,204 | INFO | ======================================================================
2026-02-12 14:13:59,204 | INFO | IoS-001 DAILY PRICE INGEST
2026-02-12 14:13:59,205 | INFO | Executor: LINE (EC-004)
2026-02-12 14:13:59,205 | INFO | Authority: CEO_DIRECTIVE_LINE_DAILY_INGEST_ACTIVATION_20251212
2026-02-12 14:13:59,206 | INFO | Amendment: CEO-DIR-2026-119 (Rate Limit Mitigation)
2026-02-12 14:13:59,206 | INFO | Time: 2026-02-12T13:13:59.206417+00:00
2026-02-12 14:13:59,206 | INFO | Asset Class Filter: ALL
2026-02-12 14:13:59,207 | INFO | Batch Mode: True
2026-02-12 14:13:59,211 | INFO | Dry Run: False
2026-02-12 14:13:59,212 | INFO | ======================================================================
2026-02-12 14:13:59,904 | INFO | Found 491 VEGA-attested assets
2026-02-12 14:13:59,904 | INFO | 
============================================================
2026-02-12 14:13:59,904 | INFO | Processing CRYPTO: 46 assets
2026-02-12 14:13:59,905 | INFO | Schedule: Daily 01:00 UTC
2026-02-12 14:13:59,905 | INFO | ============================================================
2026-02-12 14:13:59,905 | INFO |   Using BATCH MODE (CEO-DIR-2026-119)
2026-02-12 14:13:59,905 | INFO | 
  Batch 1/5 (10 tickers)
2026-02-12 14:13:59,956 | INFO |     All assets up to date
2026-02-12 14:13:59,956 | INFO | 
  Batch 2/5 (10 tickers)
2026-02-12 14:13:59,991 | INFO |     Batch download: 1 tickers
2026-02-12 14:14:06,480 | ERROR | 
1 Failed download:
2026-02-12 14:14:06,480 | ERROR | ['GRT-USD']: YFRateLimitError('Too Many Requests. Rate limited. Try after a while.')
2026-02-12 14:14:06,518 | INFO |   Batch complete, waiting 120s...
2026-02-12 14:16:06,519 | INFO | 
  Batch 3/5 (10 tickers)
2026-02-12 14:16:06,560 | INFO |     All assets up to date
2026-02-12 14:16:06,569 | INFO | 
  Batch 4/5 (10 tickers)
2026-02-12 14:16:06,626 | INFO |     Batch download: 1 tickers
2026-02-12 14:16:09,680 | ERROR | 
1 Failed download:
2026-02-12 14:16:09,681 | ERROR | ['UNI-USD']: YFRateLimitError('Too Many Requests. Rate limited. Try after a while.')
2026-02-12 14:16:09,688 | INFO |   Batch complete, waiting 120s...
2026-02-12 14:18:09,688 | INFO | 
  Batch 5/5 (6 tickers)
2026-02-12 14:18:09,699 | INFO |     All assets up to date
2026-02-12 14:18:09,699 | INFO | 
============================================================
2026-02-12 14:18:09,699 | INFO | Processing EQUITY: 421 assets
2026-02-12 14:18:09,699 | INFO | Schedule: Weekdays 22:00 UTC
2026-02-12 14:18:09,699 | INFO | ============================================================
2026-02-12 14:18:09,699 | INFO |   Using BATCH MODE (CEO-DIR-2026-119)
2026-02-12 14:18:09,699 | INFO | 
  Batch 1/43 (10 tickers)
2026-02-12 14:18:09,722 | INFO |     Batch download: 8 tickers
2026-02-12 14:18:20,770 | ERROR | 
8 Failed downloads:
2026-02-12 14:18:20,771 | ERROR | ['ABBV', 'AEP', 'ABT', 'ABNB', 'ADSK', 'ADBE', '1COV.DE', 'ADI']: YFRateLimitError('Too Many Requests. Rate limited. Try after a while.')
2026-02-12 14:18:20,773 | INFO |   Batch complete, waiting 120s...
