2025-12-27 16:26:31,368 | INFO | ======================================================================
2025-12-27 16:26:31,368 | INFO | IoS-001 DAILY PRICE INGEST
2025-12-27 16:26:31,368 | INFO | Executor: LINE (EC-004)
2025-12-27 16:26:31,368 | INFO | Authority: CEO_DIRECTIVE_LINE_DAILY_INGEST_ACTIVATION_20251212
2025-12-27 16:26:31,368 | INFO | Time: 2025-12-27T15:26:31.368044+00:00
2025-12-27 16:26:31,368 | INFO | Asset Class Filter: ALL
2025-12-27 16:26:31,368 | INFO | Dry Run: False
2025-12-27 16:26:31,368 | INFO | ======================================================================
2025-12-27 16:26:31,767 | INFO | Found 490 VEGA-attested assets
2025-12-27 16:26:31,767 | INFO | 
============================================================
2025-12-27 16:26:31,767 | INFO | Processing CRYPTO: 46 assets
2025-12-27 16:26:31,767 | INFO | Schedule: Daily 01:00 UTC
2025-12-27 16:26:31,767 | INFO | ============================================================
2025-12-27 16:26:31,767 | INFO | 
  Batch 1/2 (25 assets)
2025-12-27 16:26:31,803 | INFO |   Batch complete, waiting 60s...
2025-12-27 16:27:31,805 | INFO | 
  Batch 2/2 (21 assets)
2025-12-27 16:27:31,869 | INFO | 
============================================================
2025-12-27 16:27:31,869 | INFO | Processing EQUITY: 420 assets
2025-12-27 16:27:31,869 | INFO | Schedule: Weekdays 22:00 UTC
2025-12-27 16:27:31,869 | INFO | ============================================================
2025-12-27 16:27:31,869 | INFO |   Market closed for EQUITY today, skipping
2025-12-27 16:27:31,869 | INFO | 
============================================================
2025-12-27 16:27:31,869 | INFO | Processing FX: 24 assets
2025-12-27 16:27:31,869 | INFO | Schedule: Sun-Thu 22:00 UTC
2025-12-27 16:27:31,869 | INFO | ============================================================
2025-12-27 16:27:31,869 | INFO |   Market closed for FX today, skipping
2025-12-27 16:27:31,869 | WARNING | Heartbeat recording failed: relation "fhq_monitoring.system_heartbeats" does not exist
LINE 2:                 INSERT INTO fhq_monitoring.system_heartbeats...
                                    ^

2025-12-27 16:27:31,879 | INFO | 
======================================================================
2025-12-27 16:27:31,879 | INFO | DAILY INGEST COMPLETE
2025-12-27 16:27:31,879 | INFO | ======================================================================
2025-12-27 16:27:31,879 | INFO | Assets Processed: 46
2025-12-27 16:27:31,879 | INFO | Assets Updated:   0
2025-12-27 16:27:31,879 | INFO | Rows Inserted:    0
2025-12-27 16:27:31,879 | INFO |   CRYPTO: 0 assets, 0 rows
2025-12-27 16:27:31,879 | INFO | Evidence: C:\fhq-market-system\vision-ios\03_FUNCTIONS\evidence\IOS001_DAILY_INGEST_8695a60f_20251227_162731.json
2025-12-27 16:27:31,879 | INFO | ======================================================================
