2026-01-15 02:00:07,404 | INFO | ======================================================================
2026-01-15 02:00:07,405 | INFO | IoS-001 DAILY PRICE INGEST
2026-01-15 02:00:07,406 | INFO | Executor: LINE (EC-004)
2026-01-15 02:00:07,406 | INFO | Authority: CEO_DIRECTIVE_LINE_DAILY_INGEST_ACTIVATION_20251212
2026-01-15 02:00:07,406 | INFO | Time: 2026-01-15T01:00:07.406224+00:00
2026-01-15 02:00:07,406 | INFO | Asset Class Filter: CRYPTO
2026-01-15 02:00:07,407 | INFO | Dry Run: False
2026-01-15 02:00:07,407 | INFO | ======================================================================
2026-01-15 02:00:07,778 | INFO | Found 46 VEGA-attested assets
2026-01-15 02:00:07,779 | INFO | 
============================================================
2026-01-15 02:00:07,780 | INFO | Processing CRYPTO: 46 assets
2026-01-15 02:00:07,780 | INFO | Schedule: Daily 01:00 UTC
2026-01-15 02:00:07,780 | INFO | ============================================================
2026-01-15 02:00:07,780 | INFO | 
  Batch 1/2 (25 assets)
2026-01-15 02:00:25,579 | ERROR | $GRT-USD: possibly delisted; no price data found  (1d 2026-01-14 -> 2026-01-16)
2026-01-15 02:00:28,589 | INFO |   Batch complete, waiting 60s...
2026-01-15 02:01:28,591 | INFO | 
  Batch 2/2 (21 assets)
2026-01-15 02:01:40,487 | ERROR | $UNI-USD: possibly delisted; no price data found  (1d 2026-01-08 -> 2026-01-16)
2026-01-15 02:01:43,510 | WARNING | Heartbeat recording failed: relation "fhq_monitoring.system_heartbeats" does not exist
LINE 2:                 INSERT INTO fhq_monitoring.system_heartbeats...
                                    ^

2026-01-15 02:01:43,516 | INFO | 
======================================================================
2026-01-15 02:01:43,517 | INFO | DAILY INGEST COMPLETE
2026-01-15 02:01:43,517 | INFO | ======================================================================
2026-01-15 02:01:43,517 | INFO | Assets Processed: 46
2026-01-15 02:01:43,518 | INFO | Assets Updated:   0
2026-01-15 02:01:43,518 | INFO | Rows Inserted:    0
2026-01-15 02:01:43,519 | INFO |   CRYPTO: 0 assets, 0 rows
2026-01-15 02:01:43,520 | INFO | Evidence: C:\fhq-market-system\vision-ios\03_FUNCTIONS\evidence\IOS001_DAILY_INGEST_46b4e18d_20260115_020143.json
2026-01-15 02:01:43,521 | INFO | ======================================================================
