2026-01-24 21:46:48,248 | INFO | ======================================================================
2026-01-24 21:46:48,249 | INFO | IoS-001 DAILY PRICE INGEST
2026-01-24 21:46:48,249 | INFO | Executor: LINE (EC-004)
2026-01-24 21:46:48,249 | INFO | Authority: CEO_DIRECTIVE_LINE_DAILY_INGEST_ACTIVATION_20251212
2026-01-24 21:46:48,249 | INFO | Time: 2026-01-24T20:46:48.249865+00:00
2026-01-24 21:46:48,249 | INFO | Asset Class Filter: ALL
2026-01-24 21:46:48,249 | INFO | Dry Run: False
2026-01-24 21:46:48,249 | INFO | ======================================================================
2026-01-24 21:46:48,524 | INFO | Found 491 VEGA-attested assets
2026-01-24 21:46:48,524 | INFO | 
============================================================
2026-01-24 21:46:48,524 | INFO | Processing CRYPTO: 46 assets
2026-01-24 21:46:48,524 | INFO | Schedule: Daily 01:00 UTC
2026-01-24 21:46:48,524 | INFO | ============================================================
2026-01-24 21:46:48,524 | INFO | 
  Batch 1/2 (25 assets)
2026-01-24 21:46:49,724 | ERROR | $GRT-USD: possibly delisted; no price data found  (1d 2026-01-24 -> 2026-01-25)
2026-01-24 21:46:52,778 | INFO |   Batch complete, waiting 60s...
2026-01-24 21:47:52,784 | INFO | 
  Batch 2/2 (21 assets)
2026-01-24 21:47:52,981 | ERROR | $UNI-USD: possibly delisted; no price data found  (1d 2026-01-23 -> 2026-01-25)
2026-01-24 21:47:56,033 | INFO | 
============================================================
2026-01-24 21:47:56,043 | INFO | Processing EQUITY: 421 assets
2026-01-24 21:47:56,043 | INFO | Schedule: Weekdays 22:00 UTC
2026-01-24 21:47:56,043 | INFO | ============================================================
2026-01-24 21:47:56,043 | INFO |   Market closed for EQUITY today, skipping
2026-01-24 21:47:56,043 | INFO | 
============================================================
2026-01-24 21:47:56,043 | INFO | Processing FX: 24 assets
2026-01-24 21:47:56,043 | INFO | Schedule: Sun-Thu 22:00 UTC
2026-01-24 21:47:56,043 | INFO | ============================================================
2026-01-24 21:47:56,043 | INFO |   Market closed for FX today, skipping
2026-01-24 21:47:56,053 | WARNING | Heartbeat recording failed: relation "fhq_monitoring.system_heartbeats" does not exist
LINE 2:                 INSERT INTO fhq_monitoring.system_heartbeats...
                                    ^

2026-01-24 21:47:56,053 | INFO | 
======================================================================
2026-01-24 21:47:56,053 | INFO | DAILY INGEST COMPLETE
2026-01-24 21:47:56,053 | INFO | ======================================================================
2026-01-24 21:47:56,053 | INFO | Assets Processed: 46
2026-01-24 21:47:56,063 | INFO | Assets Updated:   0
2026-01-24 21:47:56,064 | INFO | Rows Inserted:    0
2026-01-24 21:47:56,064 | INFO |   CRYPTO: 0 assets, 0 rows
2026-01-24 21:47:56,064 | INFO | Evidence: C:\fhq-market-system\vision-ios\03_FUNCTIONS\evidence\IOS001_DAILY_INGEST_c07fd20f_20260124_214756.json
2026-01-24 21:47:56,064 | INFO | ======================================================================
