2025-12-22 16:59:45,608 | INFO | ======================================================================
2025-12-22 16:59:45,609 | INFO | IoS-001 DAILY PRICE INGEST
2025-12-22 16:59:45,609 | INFO | Executor: LINE (EC-004)
2025-12-22 16:59:45,609 | INFO | Authority: CEO_DIRECTIVE_LINE_DAILY_INGEST_ACTIVATION_20251212
2025-12-22 16:59:45,609 | INFO | Time: 2025-12-22T15:59:45.609742+00:00
2025-12-22 16:59:45,610 | INFO | Asset Class Filter: ALL
2025-12-22 16:59:45,610 | INFO | Dry Run: False
2025-12-22 16:59:45,610 | INFO | ======================================================================
2025-12-22 16:59:45,925 | INFO | Found 463 VEGA-attested assets
2025-12-22 16:59:45,925 | INFO | 
============================================================
2025-12-22 16:59:45,925 | INFO | Processing CRYPTO: 45 assets
2025-12-22 16:59:45,925 | INFO | Schedule: Daily 01:00 UTC
2025-12-22 16:59:45,925 | INFO | ============================================================
2025-12-22 16:59:45,925 | INFO | 
  Batch 1/2 (25 assets)
2025-12-22 16:59:47,495 | INFO |     [ADA-USD] +1 rows
2025-12-22 16:59:50,602 | INFO |     [ALGO-USD] +1 rows
2025-12-22 16:59:53,703 | INFO |     [ATOM-USD] +1 rows
2025-12-22 16:59:56,808 | INFO |     [AXS-USD] +1 rows
2025-12-22 16:59:59,914 | INFO |     [BNB-USD] +1 rows
2025-12-22 17:00:03,049 | INFO |     [CHZ-USD] +1 rows
2025-12-22 17:00:06,183 | INFO |     [CRO-USD] +1 rows
2025-12-22 17:00:09,296 | INFO |     [EOS-USD] +1 rows
2025-12-22 17:00:12,403 | INFO |     [ETC-USD] +1 rows
2025-12-22 17:00:15,503 | INFO |     [FIL-USD] +1 rows
2025-12-22 17:00:18,632 | INFO |     [FLOW-USD] +1 rows
2025-12-22 17:00:21,792 | INFO |     [HBAR-USD] +1 rows
2025-12-22 17:00:24,887 | INFO |     [ICP-USD] +1 rows
2025-12-22 17:00:27,995 | INFO |     [INJ-USD] +1 rows
2025-12-22 17:00:31,185 | INFO |     [LDO-USD] +1 rows
2025-12-22 17:00:34,276 | INFO |     [MANA-USD] +1 rows
2025-12-22 17:00:37,281 | INFO |   Batch complete, waiting 60s...
2025-12-22 17:01:37,282 | INFO | 
  Batch 2/2 (20 assets)
2025-12-22 17:01:37,406 | INFO |     [MKR-USD] +1 rows
2025-12-22 17:01:40,515 | INFO |     [NEAR-USD] +1 rows
2025-12-22 17:01:43,615 | INFO |     [OKB-USD] +1 rows
2025-12-22 17:01:46,744 | INFO |     [QNT-USD] +1 rows
2025-12-22 17:01:49,850 | INFO |     [RPL-USD] +1 rows
2025-12-22 17:01:52,953 | INFO |     [RUNE-USD] +1 rows
2025-12-22 17:01:56,067 | INFO |     [SAND-USD] +1 rows
2025-12-22 17:01:59,177 | INFO |     [SNX-USD] +1 rows
2025-12-22 17:02:02,282 | INFO |     [THETA-USD] +1 rows
2025-12-22 17:02:05,406 | INFO |     [TRX-USD] +1 rows
2025-12-22 17:02:08,523 | INFO |     [VET-USD] +1 rows
2025-12-22 17:02:11,631 | INFO |     [XLM-USD] +1 rows
2025-12-22 17:02:14,732 | INFO |     [XMR-USD] +1 rows
2025-12-22 17:02:17,828 | INFO |     [ZEC-USD] +1 rows
2025-12-22 17:02:20,834 | INFO | 
============================================================
2025-12-22 17:02:20,834 | INFO | Processing EQUITY: 394 assets
2025-12-22 17:02:20,834 | INFO | Schedule: Weekdays 22:00 UTC
2025-12-22 17:02:20,835 | INFO | ============================================================
2025-12-22 17:02:20,835 | INFO | 
  Batch 1/16 (25 assets)
2025-12-22 17:02:21,075 | INFO |     [1COV.DE] +1 rows
2025-12-22 17:02:24,197 | INFO |     [ABBV] +1 rows
2025-12-22 17:02:27,303 | INFO |     [ABNB] +1 rows
2025-12-22 17:02:30,468 | INFO |     [ABT] +1 rows
2025-12-22 17:02:33,658 | INFO |     [ACA.PA] +1 rows
2025-12-22 17:02:36,791 | INFO |     [ADBE] +1 rows
2025-12-22 17:02:40,011 | INFO |     [ADI] +1 rows
2025-12-22 17:02:43,147 | INFO |     [ADS.DE] +1 rows
2025-12-22 17:02:46,278 | INFO |     [ADSK] +1 rows
2025-12-22 17:02:49,455 | INFO |     [AEP] +1 rows
2025-12-22 17:02:52,665 | INFO |     [AFL] +1 rows
2025-12-22 17:02:55,822 | INFO |     [AI.PA] +1 rows
2025-12-22 17:02:58,975 | INFO |     [AIG] +1 rows
2025-12-22 17:03:02,116 | INFO |     [AIR.DE] +1 rows
2025-12-22 17:03:05,239 | INFO |     [AIR.PA] +1 rows
2025-12-22 17:03:08,349 | INFO |     [AKAM] +1 rows
2025-12-22 17:03:11,506 | INFO |     [AKER.OL] +1 rows
2025-12-22 17:03:14,656 | INFO |     [AKRBP.OL] +1 rows
2025-12-22 17:03:17,803 | INFO |     [AKSO.OL] +1 rows
2025-12-22 17:03:20,969 | INFO |     [AKVA.OL] +1 rows
2025-12-22 17:03:24,120 | INFO |     [ALB] +1 rows
2025-12-22 17:03:27,276 | INFO |     [ALL] +1 rows
2025-12-22 17:03:30,433 | INFO |     [ALO.PA] +1 rows
2025-12-22 17:03:33,580 | INFO |     [ALV.DE] +1 rows
2025-12-22 17:03:36,711 | INFO |     [AMAT] +1 rows
2025-12-22 17:03:39,712 | INFO |   Batch complete, waiting 60s...
2025-12-22 17:04:39,713 | INFO | 
  Batch 2/16 (25 assets)
2025-12-22 17:04:39,826 | INFO |     [AMD] +1 rows
2025-12-22 17:04:42,961 | INFO |     [AMGN] +1 rows
