2026-02-07 01:53:35,618 | INFO | ======================================================================
2026-02-07 01:53:35,618 | INFO | IoS-001 DAILY PRICE INGEST
2026-02-07 01:53:35,618 | INFO | Executor: LINE (EC-004)
2026-02-07 01:53:35,618 | INFO | Authority: CEO_DIRECTIVE_LINE_DAILY_INGEST_ACTIVATION_20251212
2026-02-07 01:53:35,618 | INFO | Amendment: CEO-DIR-2026-119 (Rate Limit Mitigation)
2026-02-07 01:53:35,625 | INFO | Time: 2026-02-07T00:53:35.625739+00:00
2026-02-07 01:53:35,625 | INFO | Asset Class Filter: ALL
2026-02-07 01:53:35,625 | INFO | Batch Mode: True
2026-02-07 01:53:35,625 | INFO | Dry Run: False
2026-02-07 01:53:35,625 | INFO | ======================================================================
2026-02-07 01:53:36,150 | INFO | Found 491 VEGA-attested assets
2026-02-07 01:53:36,150 | INFO | 
============================================================
2026-02-07 01:53:36,150 | INFO | Processing CRYPTO: 46 assets
2026-02-07 01:53:36,150 | INFO | Schedule: Daily 01:00 UTC
2026-02-07 01:53:36,150 | INFO | ============================================================
2026-02-07 01:53:36,150 | INFO |   Using BATCH MODE (CEO-DIR-2026-119)
2026-02-07 01:53:36,150 | INFO | 
  Batch 1/5 (10 tickers)
2026-02-07 01:53:36,206 | INFO |     Batch download: 10 tickers
2026-02-07 01:53:49,747 | ERROR | 
10 Failed downloads:
2026-02-07 01:53:49,747 | ERROR | ['CRO-USD', 'AVAX-USD', 'BCH-USD', 'BNB-USD', 'ATOM-USD', 'ADA-USD', 'BTC-USD', 'ALGO-USD', 'CHZ-USD', 'AXS-USD']: YFRateLimitError('Too Many Requests. Rate limited. Try after a while.')
2026-02-07 01:53:49,779 | INFO |   Batch complete, waiting 120s...
2026-02-07 01:55:49,779 | INFO | 
  Batch 2/5 (10 tickers)
2026-02-07 01:55:49,837 | INFO |     Batch download: 10 tickers
2026-02-07 01:56:02,337 | ERROR | 
10 Failed downloads:
2026-02-07 01:56:02,337 | ERROR | ['EOS-USD', 'ETH-USD', 'DOT-USD', 'DOGE-USD', 'CRV-USD', 'GRT-USD', 'ETC-USD', 'FIL-USD', 'HBAR-USD', 'FLOW-USD']: YFRateLimitError('Too Many Requests. Rate limited. Try after a while.')
2026-02-07 01:56:02,353 | INFO |   Batch complete, waiting 120s...
2026-02-07 01:58:02,356 | INFO | 
  Batch 3/5 (10 tickers)
2026-02-07 01:58:02,416 | INFO |     Batch download: 10 tickers
2026-02-07 01:58:16,372 | ERROR | 
10 Failed downloads:
2026-02-07 01:58:16,372 | ERROR | ['LINK-USD', 'ICP-USD', 'LDO-USD', 'NEAR-USD', 'INJ-USD', 'LTC-USD', 'OKB-USD', 'MANA-USD', 'MKR-USD', 'QNT-USD']: YFRateLimitError('Too Many Requests. Rate limited. Try after a while.')
2026-02-07 01:58:16,372 | INFO |   Batch complete, waiting 120s...
