2026-02-05 10:11:03,507 | INFO | ======================================================================
2026-02-05 10:11:03,507 | INFO | IoS-001 DAILY PRICE INGEST
2026-02-05 10:11:03,507 | INFO | Executor: LINE (EC-004)
2026-02-05 10:11:03,507 | INFO | Authority: CEO_DIRECTIVE_LINE_DAILY_INGEST_ACTIVATION_20251212
2026-02-05 10:11:03,507 | INFO | Time: 2026-02-05T09:11:03.507423+00:00
2026-02-05 10:11:03,507 | INFO | Asset Class Filter: ALL
2026-02-05 10:11:03,507 | INFO | Dry Run: False
2026-02-05 10:11:03,507 | INFO | ======================================================================
2026-02-05 10:11:03,961 | INFO | Found 491 VEGA-attested assets
2026-02-05 10:11:03,961 | INFO | 
============================================================
2026-02-05 10:11:03,961 | INFO | Processing CRYPTO: 46 assets
2026-02-05 10:11:03,961 | INFO | Schedule: Daily 01:00 UTC
2026-02-05 10:11:03,961 | INFO | ============================================================
2026-02-05 10:11:03,961 | INFO | 
  Batch 1/2 (25 assets)
2026-02-05 10:11:05,463 | ERROR | $GRT-USD: possibly delisted; no price data found  (1d 2026-02-04 -> 2026-02-06)
2026-02-05 10:11:08,511 | INFO |   Batch complete, waiting 60s...
2026-02-05 10:12:08,514 | INFO | 
  Batch 2/2 (21 assets)
2026-02-05 10:12:08,771 | ERROR | $UNI-USD: possibly delisted; no price data found  (1d 2026-02-01 -> 2026-02-06)
2026-02-05 10:12:11,814 | INFO | 
============================================================
2026-02-05 10:12:11,814 | INFO | Processing EQUITY: 421 assets
2026-02-05 10:12:11,814 | INFO | Schedule: Weekdays 22:00 UTC
2026-02-05 10:12:11,814 | INFO | ============================================================
2026-02-05 10:12:11,816 | INFO | 
  Batch 1/17 (25 assets)
2026-02-05 10:12:12,021 | ERROR | $1COV.DE: possibly delisted; no price data found  (1d 2025-12-24 -> 2026-02-06)
2026-02-05 10:12:15,378 | INFO |     [ABBV] +1 rows
2026-02-05 10:12:18,565 | INFO |     [ABNB] +1 rows
2026-02-05 10:12:21,730 | INFO |     [ABT] +1 rows
2026-02-05 10:12:24,911 | INFO |     [ACA.PA] +1 rows
2026-02-05 10:12:28,035 | INFO |     [ADBE] +1 rows
2026-02-05 10:12:31,158 | INFO |     [ADI] +1 rows
2026-02-05 10:12:34,293 | INFO |     [ADS.DE] +1 rows
2026-02-05 10:12:37,434 | INFO |     [ADSK] +1 rows
2026-02-05 10:12:40,744 | INFO |     [AEP] +1 rows
2026-02-05 10:12:43,893 | INFO |     [AFL] +1 rows
2026-02-05 10:12:47,069 | INFO |     [AI.PA] +1 rows
2026-02-05 10:12:50,280 | INFO |     [AIG] +1 rows
2026-02-05 10:12:53,410 | INFO |     [AIR.DE] +1 rows
2026-02-05 10:12:56,563 | INFO |     [AIR.PA] +1 rows
2026-02-05 10:12:59,651 | INFO |     [AKAM] +1 rows
2026-02-05 10:13:02,827 | INFO |     [AKER.OL] +1 rows
2026-02-05 10:13:05,945 | INFO |     [AKRBP.OL] +1 rows
2026-02-05 10:13:09,058 | INFO |     [AKSO.OL] +1 rows
2026-02-05 10:13:12,216 | INFO |     [AKVA.OL] +1 rows
2026-02-05 10:13:15,407 | INFO |     [ALB] +1 rows
2026-02-05 10:13:18,522 | INFO |     [ALL] +1 rows
2026-02-05 10:13:21,672 | INFO |     [ALO.PA] +1 rows
2026-02-05 10:13:24,798 | INFO |     [ALV.DE] +1 rows
2026-02-05 10:13:27,929 | INFO |     [AMAT] +1 rows
2026-02-05 10:13:30,930 | INFO |   Batch complete, waiting 60s...
2026-02-05 10:14:30,931 | INFO | 
  Batch 2/17 (25 assets)
2026-02-05 10:14:31,033 | INFO |     [AMD] +1 rows
2026-02-05 10:14:34,140 | INFO |     [AMGN] +1 rows
2026-02-05 10:14:37,259 | INFO |     [AMT] +1 rows
2026-02-05 10:14:40,403 | INFO |     [AMZN] +1 rows
2026-02-05 10:14:43,584 | INFO |     [AON] +1 rows
2026-02-05 10:14:46,767 | INFO |     [APD] +1 rows
2026-02-05 10:14:49,896 | INFO |     [ASML] +1 rows
2026-02-05 10:14:53,012 | INFO |     [ATO.PA] +1 rows
2026-02-05 10:14:56,129 | INFO |     [AUSS.OL] +1 rows
2026-02-05 10:14:59,226 | INFO |     [AUTO.OL] +1 rows
2026-02-05 10:15:02,379 | INFO |     [AV.L] +1 rows
2026-02-05 10:15:05,514 | INFO |     [AVB] +1 rows
2026-02-05 10:15:08,627 | INFO |     [AVGO] +1 rows
2026-02-05 10:15:11,753 | INFO |     [AWK] +1 rows
2026-02-05 10:15:14,951 | INFO |     [AXP] +1 rows
2026-02-05 10:15:18,148 | INFO |     [AZN.L] +1 rows
2026-02-05 10:15:21,360 | INFO |     [AZO] +1 rows
2026-02-05 10:15:24,524 | INFO |     [BA] +1 rows
2026-02-05 10:15:27,723 | INFO |     [BA.L] +1 rows
2026-02-05 10:15:30,877 | INFO |     [BAC] +1 rows
2026-02-05 10:15:34,021 | INFO |     [BAKKA.OL] +1 rows
2026-02-05 10:15:37,200 | INFO |     [BARC.L] +1 rows
2026-02-05 10:15:40,333 | INFO |     [BAS.DE] +1 rows
2026-02-05 10:15:43,514 | INFO |     [BATS.L] +1 rows
2026-02-05 10:15:46,680 | INFO |     [BAYN.DE] +1 rows
2026-02-05 10:15:49,682 | INFO |   Batch complete, waiting 60s...
