2026-02-08 00:05:02,574 | INFO | ======================================================================
2026-02-08 00:05:02,574 | INFO | IoS-001 DAILY PRICE INGEST
2026-02-08 00:05:02,574 | INFO | Executor: LINE (EC-004)
2026-02-08 00:05:02,574 | INFO | Authority: CEO_DIRECTIVE_LINE_DAILY_INGEST_ACTIVATION_20251212
2026-02-08 00:05:02,574 | INFO | Amendment: CEO-DIR-2026-119 (Rate Limit Mitigation)
2026-02-08 00:05:02,574 | INFO | Time: 2026-02-07T23:05:02.574127+00:00
2026-02-08 00:05:02,574 | INFO | Asset Class Filter: ALL
2026-02-08 00:05:02,574 | INFO | Batch Mode: True
2026-02-08 00:05:02,574 | INFO | Dry Run: False
2026-02-08 00:05:02,574 | INFO | ======================================================================
2026-02-08 00:05:02,942 | INFO | Found 491 VEGA-attested assets
2026-02-08 00:05:02,942 | INFO | 
============================================================
2026-02-08 00:05:02,942 | INFO | Processing CRYPTO: 46 assets
2026-02-08 00:05:02,942 | INFO | Schedule: Daily 01:00 UTC
2026-02-08 00:05:02,942 | INFO | ============================================================
2026-02-08 00:05:02,942 | INFO |   Using BATCH MODE (CEO-DIR-2026-119)
2026-02-08 00:05:02,942 | INFO | 
  Batch 1/5 (10 tickers)
2026-02-08 00:05:03,011 | INFO |     Batch download: 10 tickers
2026-02-08 00:05:17,666 | ERROR | 
10 Failed downloads:
2026-02-08 00:05:17,666 | ERROR | ['ADA-USD', 'ALGO-USD', 'ATOM-USD', 'BTC-USD', 'CHZ-USD', 'AXS-USD', 'BCH-USD', 'CRO-USD', 'AVAX-USD', 'BNB-USD']: YFRateLimitError('Too Many Requests. Rate limited. Try after a while.')
2026-02-08 00:05:17,670 | INFO |   Batch complete, waiting 120s...
2026-02-08 00:07:17,679 | INFO | 
  Batch 2/5 (10 tickers)
2026-02-08 00:07:17,747 | INFO |     Batch download: 10 tickers
2026-02-08 00:07:32,277 | ERROR | 
10 Failed downloads:
2026-02-08 00:07:32,288 | ERROR | ['GRT-USD', 'ETC-USD', 'CRV-USD', 'DOGE-USD', 'ETH-USD', 'DOT-USD', 'HBAR-USD', 'FLOW-USD', 'FIL-USD', 'EOS-USD']: YFRateLimitError('Too Many Requests. Rate limited. Try after a while.')
2026-02-08 00:07:32,310 | INFO |   Batch complete, waiting 120s...
2026-02-08 00:09:32,314 | INFO | 
  Batch 3/5 (10 tickers)
2026-02-08 00:09:32,372 | INFO |     Batch download: 10 tickers
2026-02-08 00:09:46,318 | ERROR | 
10 Failed downloads:
2026-02-08 00:09:46,318 | ERROR | ['OKB-USD', 'LTC-USD', 'MANA-USD', 'INJ-USD', 'ICP-USD', 'NEAR-USD', 'QNT-USD', 'LINK-USD', 'LDO-USD', 'MKR-USD']: YFRateLimitError('Too Many Requests. Rate limited. Try after a while.')
2026-02-08 00:09:46,344 | INFO |   Batch complete, waiting 120s...
