2026-02-09 23:22:04,897 | INFO | ======================================================================
2026-02-09 23:22:04,897 | INFO | IoS-001 DAILY PRICE INGEST
2026-02-09 23:22:04,897 | INFO | Executor: LINE (EC-004)
2026-02-09 23:22:04,897 | INFO | Authority: CEO_DIRECTIVE_LINE_DAILY_INGEST_ACTIVATION_20251212
2026-02-09 23:22:04,897 | INFO | Amendment: CEO-DIR-2026-119 (Rate Limit Mitigation)
2026-02-09 23:22:04,897 | INFO | Time: 2026-02-09T22:22:04.897724+00:00
2026-02-09 23:22:04,897 | INFO | Asset Class Filter: ALL
2026-02-09 23:22:04,897 | INFO | Batch Mode: True
2026-02-09 23:22:04,897 | INFO | Dry Run: False
2026-02-09 23:22:04,897 | INFO | ======================================================================
2026-02-09 23:22:05,315 | INFO | Found 491 VEGA-attested assets
2026-02-09 23:22:05,315 | INFO | 
============================================================
2026-02-09 23:22:05,323 | INFO | Processing CRYPTO: 46 assets
2026-02-09 23:22:05,323 | INFO | Schedule: Daily 01:00 UTC
2026-02-09 23:22:05,323 | INFO | ============================================================
2026-02-09 23:22:05,324 | INFO |   Using BATCH MODE (CEO-DIR-2026-119)
2026-02-09 23:22:05,324 | INFO | 
  Batch 1/5 (10 tickers)
2026-02-09 23:22:05,349 | INFO |     All assets up to date
2026-02-09 23:22:05,349 | INFO | 
  Batch 2/5 (10 tickers)
2026-02-09 23:22:05,374 | INFO |     All assets up to date
2026-02-09 23:22:05,374 | INFO | 
  Batch 3/5 (10 tickers)
2026-02-09 23:22:05,402 | INFO |     All assets up to date
2026-02-09 23:22:05,403 | INFO | 
  Batch 4/5 (10 tickers)
2026-02-09 23:22:05,429 | INFO |     All assets up to date
2026-02-09 23:22:05,429 | INFO | 
  Batch 5/5 (6 tickers)
2026-02-09 23:22:05,445 | INFO |     All assets up to date
2026-02-09 23:22:05,445 | INFO | 
============================================================
2026-02-09 23:22:05,445 | INFO | Processing EQUITY: 421 assets
2026-02-09 23:22:05,445 | INFO | Schedule: Weekdays 22:00 UTC
2026-02-09 23:22:05,445 | INFO | ============================================================
2026-02-09 23:22:05,445 | INFO |   Using BATCH MODE (CEO-DIR-2026-119)
2026-02-09 23:22:05,445 | INFO | 
  Batch 1/43 (10 tickers)
2026-02-09 23:22:05,467 | INFO |     Batch download: 1 tickers
2026-02-09 23:22:08,884 | ERROR | 
1 Failed download:
2026-02-09 23:22:08,884 | ERROR | ['1COV.DE']: YFRateLimitError('Too Many Requests. Rate limited. Try after a while.')
2026-02-09 23:22:08,884 | INFO |   Batch complete, waiting 120s...
2026-02-09 23:24:08,894 | INFO | 
  Batch 2/43 (10 tickers)
2026-02-09 23:24:08,915 | INFO |     Batch download: 10 tickers
2026-02-09 23:24:21,117 | ERROR | 
10 Failed downloads:
2026-02-09 23:24:21,117 | ERROR | ['AKER.OL', 'AKSO.OL', 'AKAM', 'AI.PA', 'AIR.DE', 'AFL', 'AKRBP.OL', 'AKVA.OL', 'AIG', 'AIR.PA']: YFRateLimitError('Too Many Requests. Rate limited. Try after a while.')
2026-02-09 23:24:21,117 | INFO |   Batch complete, waiting 120s...
2026-02-09 23:26:21,142 | INFO | 
  Batch 3/43 (10 tickers)
2026-02-09 23:26:21,221 | INFO |     Batch download: 9 tickers
2026-02-09 23:26:33,057 | ERROR | 
9 Failed downloads:
2026-02-09 23:26:33,057 | ERROR | ['AMZN', 'AMT', 'AMGN', 'AON', 'ALB', 'ALL', 'AMAT', 'ALV.DE', 'ALO.PA']: YFRateLimitError('Too Many Requests. Rate limited. Try after a while.')
2026-02-09 23:26:33,057 | INFO |   Batch complete, waiting 120s...
