2026-01-06 10:04:02,972 | INFO | ======================================================================
2026-01-06 10:04:02,972 | INFO | IoS-001 DAILY PRICE INGEST
2026-01-06 10:04:02,972 | INFO | Executor: LINE (EC-004)
2026-01-06 10:04:02,972 | INFO | Authority: CEO_DIRECTIVE_LINE_DAILY_INGEST_ACTIVATION_20251212
2026-01-06 10:04:02,972 | INFO | Time: 2026-01-06T09:04:02.972530+00:00
2026-01-06 10:04:02,972 | INFO | Asset Class Filter: ALL
2026-01-06 10:04:02,972 | INFO | Dry Run: False
2026-01-06 10:04:02,972 | INFO | ======================================================================
2026-01-06 10:04:03,156 | INFO | Found 491 VEGA-attested assets
2026-01-06 10:04:03,156 | INFO | 
============================================================
2026-01-06 10:04:03,156 | INFO | Processing CRYPTO: 46 assets
2026-01-06 10:04:03,156 | INFO | Schedule: Daily 01:00 UTC
2026-01-06 10:04:03,156 | INFO | ============================================================
2026-01-06 10:04:03,156 | INFO | 
  Batch 1/2 (25 assets)
2026-01-06 10:04:08,129 | WARNING |   [GRT-USD] Fetch error: Too Many Requests. Rate limited. Try after a while.
2026-01-06 10:04:11,153 | INFO |   Batch complete, waiting 60s...
2026-01-06 10:05:11,155 | INFO | 
  Batch 2/2 (21 assets)
2026-01-06 10:05:13,663 | WARNING |   [UNI-USD] Fetch error: Too Many Requests. Rate limited. Try after a while.
2026-01-06 10:05:16,676 | INFO | 
============================================================
2026-01-06 10:05:16,676 | INFO | Processing EQUITY: 421 assets
2026-01-06 10:05:16,676 | INFO | Schedule: Weekdays 22:00 UTC
2026-01-06 10:05:16,676 | INFO | ============================================================
2026-01-06 10:05:16,676 | INFO | 
  Batch 1/17 (25 assets)
2026-01-06 10:05:17,787 | WARNING |   [1COV.DE] Fetch error: Too Many Requests. Rate limited. Try after a while.
2026-01-06 10:05:22,406 | WARNING |   [ABBV] Fetch error: Too Many Requests. Rate limited. Try after a while.
2026-01-06 10:05:26,781 | WARNING |   [ABNB] Fetch error: Too Many Requests. Rate limited. Try after a while.
2026-01-06 10:05:30,942 | WARNING |   [ABT] Fetch error: Too Many Requests. Rate limited. Try after a while.
2026-01-06 10:05:35,071 | WARNING |   [ACA.PA] Fetch error: Too Many Requests. Rate limited. Try after a while.
2026-01-06 10:05:39,031 | WARNING |   [ADBE] Fetch error: Too Many Requests. Rate limited. Try after a while.
2026-01-06 10:05:42,989 | WARNING |   [ADI] Fetch error: Too Many Requests. Rate limited. Try after a while.
2026-01-06 10:05:47,080 | WARNING |   [ADSK] Fetch error: Too Many Requests. Rate limited. Try after a while.
2026-01-06 10:05:51,090 | WARNING |   [AEP] Fetch error: Too Many Requests. Rate limited. Try after a while.
2026-01-06 10:05:55,125 | WARNING |   [AFL] Fetch error: Too Many Requests. Rate limited. Try after a while.
2026-01-06 10:05:59,299 | WARNING |   [AI.PA] Fetch error: Too Many Requests. Rate limited. Try after a while.
2026-01-06 10:06:03,561 | WARNING |   [AIG] Fetch error: Too Many Requests. Rate limited. Try after a while.
2026-01-06 10:06:07,713 | WARNING |   [AIR.PA] Fetch error: Too Many Requests. Rate limited. Try after a while.
2026-01-06 10:06:11,920 | WARNING |   [AKAM] Fetch error: Too Many Requests. Rate limited. Try after a while.
2026-01-06 10:06:15,848 | WARNING |   [AKER.OL] Fetch error: Too Many Requests. Rate limited. Try after a while.
2026-01-06 10:06:20,144 | WARNING |   [AKRBP.OL] Fetch error: Too Many Requests. Rate limited. Try after a while.
2026-01-06 10:06:24,861 | WARNING |   [AKSO.OL] Fetch error: Too Many Requests. Rate limited. Try after a while.
2026-01-06 10:06:28,873 | WARNING |   [AKVA.OL] Fetch error: Too Many Requests. Rate limited. Try after a while.
2026-01-06 10:06:33,176 | WARNING |   [ALB] Fetch error: Too Many Requests. Rate limited. Try after a while.
2026-01-06 10:06:37,512 | WARNING |   [ALL] Fetch error: Too Many Requests. Rate limited. Try after a while.
2026-01-06 10:06:41,654 | WARNING |   [ALO.PA] Fetch error: Too Many Requests. Rate limited. Try after a while.
2026-01-06 10:06:46,232 | WARNING |   [AMAT] Fetch error: Too Many Requests. Rate limited. Try after a while.
2026-01-06 10:06:49,238 | INFO |   Batch complete, waiting 60s...
2026-01-06 10:07:49,239 | INFO | 
  Batch 2/17 (25 assets)
2026-01-06 10:07:51,228 | WARNING |   [AMD] Fetch error: Too Many Requests. Rate limited. Try after a while.
2026-01-06 10:07:55,287 | WARNING |   [AMGN] Fetch error: Too Many Requests. Rate limited. Try after a while.
2026-01-06 10:07:59,294 | WARNING |   [AMT] Fetch error: Too Many Requests. Rate limited. Try after a while.
2026-01-06 10:08:03,419 | WARNING |   [AMZN] Fetch error: Too Many Requests. Rate limited. Try after a while.
2026-01-06 10:08:08,053 | WARNING |   [AON] Fetch error: Too Many Requests. Rate limited. Try after a while.
2026-01-06 10:08:12,174 | WARNING |   [APD] Fetch error: Too Many Requests. Rate limited. Try after a while.
2026-01-06 10:08:16,440 | WARNING |   [ASML] Fetch error: Too Many Requests. Rate limited. Try after a while.
2026-01-06 10:08:20,583 | WARNING |   [ATO.PA] Fetch error: Too Many Requests. Rate limited. Try after a while.
2026-01-06 10:08:27,719 | WARNING |   [AUSS.OL] Fetch error: Too Many Requests. Rate limited. Try after a while.
2026-01-06 10:08:32,583 | WARNING |   [AUTO.OL] Fetch error: Too Many Requests. Rate limited. Try after a while.
2026-01-06 10:08:36,724 | WARNING |   [AV.L] Fetch error: Too Many Requests. Rate limited. Try after a while.
2026-01-06 10:08:40,789 | WARNING |   [AVB] Fetch error: Too Many Requests. Rate limited. Try after a while.
2026-01-06 10:08:45,366 | WARNING |   [AVGO] Fetch error: Too Many Requests. Rate limited. Try after a while.
2026-01-06 10:08:49,867 | WARNING |   [AWK] Fetch error: Too Many Requests. Rate limited. Try after a while.
2026-01-06 10:08:53,847 | WARNING |   [AXP] Fetch error: Too Many Requests. Rate limited. Try after a while.
2026-01-06 10:08:57,865 | WARNING |   [AZN.L] Fetch error: Too Many Requests. Rate limited. Try after a while.
