2026-02-07 01:36:43,963 | INFO | ======================================================================
2026-02-07 01:36:43,963 | INFO | IoS-001 DAILY PRICE INGEST
2026-02-07 01:36:43,963 | INFO | Executor: LINE (EC-004)
2026-02-07 01:36:43,963 | INFO | Authority: CEO_DIRECTIVE_LINE_DAILY_INGEST_ACTIVATION_20251212
2026-02-07 01:36:43,963 | INFO | Amendment: CEO-DIR-2026-119 (Rate Limit Mitigation)
2026-02-07 01:36:43,963 | INFO | Time: 2026-02-07T00:36:43.963548+00:00
2026-02-07 01:36:43,963 | INFO | Asset Class Filter: ALL
2026-02-07 01:36:43,963 | INFO | Batch Mode: True
2026-02-07 01:36:43,963 | INFO | Dry Run: False
2026-02-07 01:36:43,963 | INFO | ======================================================================
2026-02-07 01:36:44,370 | INFO | Found 491 VEGA-attested assets
2026-02-07 01:36:44,370 | INFO | 
============================================================
2026-02-07 01:36:44,370 | INFO | Processing CRYPTO: 46 assets
2026-02-07 01:36:44,370 | INFO | Schedule: Daily 01:00 UTC
2026-02-07 01:36:44,370 | INFO | ============================================================
2026-02-07 01:36:44,370 | INFO |   Using BATCH MODE (CEO-DIR-2026-119)
2026-02-07 01:36:44,370 | INFO | 
  Batch 1/5 (10 tickers)
2026-02-07 01:36:44,392 | INFO |     Batch download: 10 tickers
2026-02-07 01:37:00,174 | ERROR | 
10 Failed downloads:
2026-02-07 01:37:00,174 | ERROR | ['AVAX-USD', 'AXS-USD', 'ATOM-USD', 'CRO-USD', 'ALGO-USD', 'BNB-USD', 'BTC-USD', 'CHZ-USD', 'ADA-USD', 'BCH-USD']: YFRateLimitError('Too Many Requests. Rate limited. Try after a while.')
2026-02-07 01:37:00,184 | INFO |   Batch complete, waiting 120s...
2026-02-07 01:39:00,192 | INFO | 
  Batch 2/5 (10 tickers)
2026-02-07 01:39:00,266 | INFO |     Batch download: 10 tickers
2026-02-07 01:39:12,934 | ERROR | 
10 Failed downloads:
2026-02-07 01:39:12,934 | ERROR | ['DOGE-USD', 'CRV-USD', 'FIL-USD', 'GRT-USD', 'EOS-USD', 'FLOW-USD', 'HBAR-USD', 'ETH-USD', 'DOT-USD', 'ETC-USD']: YFRateLimitError('Too Many Requests. Rate limited. Try after a while.')
2026-02-07 01:39:12,943 | INFO |   Batch complete, waiting 120s...
2026-02-07 01:41:12,945 | INFO | 
  Batch 3/5 (10 tickers)
2026-02-07 01:41:13,010 | INFO |     Batch download: 10 tickers
2026-02-07 01:41:25,561 | ERROR | 
10 Failed downloads:
2026-02-07 01:41:25,561 | ERROR | ['NEAR-USD', 'LINK-USD', 'OKB-USD', 'MANA-USD', 'QNT-USD', 'LTC-USD', 'INJ-USD', 'MKR-USD', 'ICP-USD', 'LDO-USD']: YFRateLimitError('Too Many Requests. Rate limited. Try after a while.')
2026-02-07 01:41:25,561 | INFO |   Batch complete, waiting 120s...
