2026-02-10 12:29:48,221 | INFO | ======================================================================
2026-02-10 12:29:48,229 | INFO | IoS-001 DAILY PRICE INGEST
2026-02-10 12:29:48,229 | INFO | Executor: LINE (EC-004)
2026-02-10 12:29:48,229 | INFO | Authority: CEO_DIRECTIVE_LINE_DAILY_INGEST_ACTIVATION_20251212
2026-02-10 12:29:48,229 | INFO | Amendment: CEO-DIR-2026-119 (Rate Limit Mitigation)
2026-02-10 12:29:48,229 | INFO | Time: 2026-02-10T11:29:48.229035+00:00
2026-02-10 12:29:48,229 | INFO | Asset Class Filter: ALL
2026-02-10 12:29:48,229 | INFO | Batch Mode: True
2026-02-10 12:29:48,229 | INFO | Dry Run: False
2026-02-10 12:29:48,230 | INFO | ======================================================================
2026-02-10 12:29:48,490 | INFO | Found 491 VEGA-attested assets
2026-02-10 12:29:48,490 | INFO | 
============================================================
2026-02-10 12:29:48,490 | INFO | Processing CRYPTO: 46 assets
2026-02-10 12:29:48,490 | INFO | Schedule: Daily 01:00 UTC
2026-02-10 12:29:48,490 | INFO | ============================================================
2026-02-10 12:29:48,490 | INFO |   Using BATCH MODE (CEO-DIR-2026-119)
2026-02-10 12:29:48,490 | INFO | 
  Batch 1/5 (10 tickers)
2026-02-10 12:29:48,531 | INFO |     All assets up to date
2026-02-10 12:29:48,531 | INFO | 
  Batch 2/5 (10 tickers)
2026-02-10 12:29:48,565 | INFO |     Batch download: 1 tickers
2026-02-10 12:29:49,939 | ERROR | 
1 Failed download:
2026-02-10 12:29:49,939 | ERROR | ['GRT-USD']: YFPricesMissingError('possibly delisted; no price data found  (1d 2026-02-10 -> 2026-02-11)')
2026-02-10 12:29:49,945 | INFO |   Batch complete, waiting 120s...
2026-02-10 12:31:49,948 | INFO | 
  Batch 3/5 (10 tickers)
2026-02-10 12:31:49,972 | INFO |     All assets up to date
2026-02-10 12:31:49,972 | INFO | 
  Batch 4/5 (10 tickers)
2026-02-10 12:31:50,013 | INFO |     Batch download: 1 tickers
2026-02-10 12:31:50,714 | ERROR | 
1 Failed download:
2026-02-10 12:31:50,715 | ERROR | ['UNI-USD']: YFPricesMissingError('possibly delisted; no price data found  (1d 2026-02-10 -> 2026-02-11)')
2026-02-10 12:31:50,718 | INFO |   Batch complete, waiting 120s...
2026-02-10 12:33:50,719 | INFO | 
  Batch 5/5 (6 tickers)
2026-02-10 12:33:50,747 | INFO |     All assets up to date
2026-02-10 12:33:50,747 | INFO | 
============================================================
2026-02-10 12:33:50,747 | INFO | Processing EQUITY: 421 assets
2026-02-10 12:33:50,747 | INFO | Schedule: Weekdays 22:00 UTC
2026-02-10 12:33:50,757 | INFO | ============================================================
2026-02-10 12:33:50,758 | INFO |   Using BATCH MODE (CEO-DIR-2026-119)
2026-02-10 12:33:50,758 | INFO | 
  Batch 1/43 (10 tickers)
2026-02-10 12:33:50,811 | INFO |     Batch download: 8 tickers
2026-02-10 12:33:52,411 | ERROR | 
1 Failed download:
2026-02-10 12:33:52,411 | ERROR | ['1COV.DE']: YFPricesMissingError('possibly delisted; no price data found  (1d 2025-12-24 -> 2026-02-11)')
2026-02-10 12:33:52,465 | INFO |     [ABBV] +31 rows
2026-02-10 12:33:52,476 | INFO |     [ABNB] +31 rows
2026-02-10 12:33:52,476 | INFO |     [ABT] +31 rows
2026-02-10 12:33:52,497 | INFO |     [ADBE] +31 rows
2026-02-10 12:33:52,514 | INFO |     [ADI] +31 rows
2026-02-10 12:33:52,528 | INFO |     [ADSK] +31 rows
2026-02-10 12:33:52,538 | INFO |     [AEP] +31 rows
2026-02-10 12:33:52,538 | INFO |   Batch complete, waiting 120s...
