2026-02-05 15:43:19,038 | INFO | ======================================================================
2026-02-05 15:43:19,038 | INFO | IoS-001 DAILY PRICE INGEST
2026-02-05 15:43:19,038 | INFO | Executor: LINE (EC-004)
2026-02-05 15:43:19,038 | INFO | Authority: CEO_DIRECTIVE_LINE_DAILY_INGEST_ACTIVATION_20251212
2026-02-05 15:43:19,038 | INFO | Time: 2026-02-05T14:43:19.038407+00:00
2026-02-05 15:43:19,038 | INFO | Asset Class Filter: ALL
2026-02-05 15:43:19,038 | INFO | Dry Run: False
2026-02-05 15:43:19,038 | INFO | ======================================================================
2026-02-05 15:43:19,450 | INFO | Found 491 VEGA-attested assets
2026-02-05 15:43:19,450 | INFO | 
============================================================
2026-02-05 15:43:19,450 | INFO | Processing CRYPTO: 46 assets
2026-02-05 15:43:19,450 | INFO | Schedule: Daily 01:00 UTC
2026-02-05 15:43:19,450 | INFO | ============================================================
2026-02-05 15:43:19,450 | INFO | 
  Batch 1/2 (25 assets)
2026-02-05 15:43:25,004 | WARNING |   [GRT-USD] Fetch error: Too Many Requests. Rate limited. Try after a while.
2026-02-05 15:43:28,024 | INFO |   Batch complete, waiting 60s...
2026-02-05 15:44:28,028 | INFO | 
  Batch 2/2 (21 assets)
2026-02-05 15:44:30,309 | WARNING |   [UNI-USD] Fetch error: Too Many Requests. Rate limited. Try after a while.
2026-02-05 15:44:33,328 | INFO | 
============================================================
2026-02-05 15:44:33,328 | INFO | Processing EQUITY: 421 assets
2026-02-05 15:44:33,328 | INFO | Schedule: Weekdays 22:00 UTC
2026-02-05 15:44:33,328 | INFO | ============================================================
2026-02-05 15:44:33,328 | INFO | 
  Batch 1/17 (25 assets)
2026-02-05 15:44:34,916 | WARNING |   [1COV.DE] Fetch error: Too Many Requests. Rate limited. Try after a while.
2026-02-05 15:44:37,961 | INFO |   Batch complete, waiting 60s...
2026-02-05 15:45:37,971 | INFO | 
  Batch 2/17 (25 assets)
2026-02-05 15:45:38,014 | INFO |   Batch complete, waiting 60s...
2026-02-05 15:46:38,015 | INFO | 
  Batch 3/17 (25 assets)
2026-02-05 15:46:42,700 | WARNING |   [BRK.B] Fetch error: Too Many Requests. Rate limited. Try after a while.
2026-02-05 15:46:46,993 | WARNING |   [BSX] Fetch error: Too Many Requests. Rate limited. Try after a while.
2026-02-05 15:46:50,934 | WARNING |   [BT.A.L] Fetch error: Too Many Requests. Rate limited. Try after a while.
2026-02-05 15:46:55,126 | WARNING |   [BWO.OL] Fetch error: Too Many Requests. Rate limited. Try after a while.
2026-02-05 15:46:59,297 | WARNING |   [C] Fetch error: Too Many Requests. Rate limited. Try after a while.
2026-02-05 15:47:03,773 | WARNING |   [CAG] Fetch error: Too Many Requests. Rate limited. Try after a while.
2026-02-05 15:47:08,156 | WARNING |   [CAP.PA] Fetch error: Too Many Requests. Rate limited. Try after a while.
2026-02-05 15:47:12,254 | WARNING |   [CARR] Fetch error: Too Many Requests. Rate limited. Try after a while.
2026-02-05 15:47:16,614 | WARNING |   [CAT] Fetch error: Too Many Requests. Rate limited. Try after a while.
2026-02-05 15:47:20,707 | WARNING |   [CB] Fetch error: Too Many Requests. Rate limited. Try after a while.
2026-02-05 15:47:25,054 | WARNING |   [CBK.DE] Fetch error: Too Many Requests. Rate limited. Try after a while.
2026-02-05 15:47:29,241 | WARNING |   [CCI] Fetch error: Too Many Requests. Rate limited. Try after a while.
2026-02-05 15:47:35,586 | WARNING |   [CDNS] Fetch error: Too Many Requests. Rate limited. Try after a while.
2026-02-05 15:47:38,596 | INFO |   Batch complete, waiting 60s...
