2026-02-07 14:23:36,693 | INFO | ======================================================================
2026-02-07 14:23:36,693 | INFO | IoS-001 DAILY PRICE INGEST
2026-02-07 14:23:36,693 | INFO | Executor: LINE (EC-004)
2026-02-07 14:23:36,693 | INFO | Authority: CEO_DIRECTIVE_LINE_DAILY_INGEST_ACTIVATION_20251212
2026-02-07 14:23:36,693 | INFO | Amendment: CEO-DIR-2026-119 (Rate Limit Mitigation)
2026-02-07 14:23:36,693 | INFO | Time: 2026-02-07T13:23:36.693726+00:00
2026-02-07 14:23:36,693 | INFO | Asset Class Filter: ALL
2026-02-07 14:23:36,693 | INFO | Batch Mode: True
2026-02-07 14:23:36,703 | INFO | Dry Run: False
2026-02-07 14:23:36,704 | INFO | ======================================================================
2026-02-07 14:23:38,328 | INFO | Found 491 VEGA-attested assets
2026-02-07 14:23:38,328 | INFO | 
============================================================
2026-02-07 14:23:38,328 | INFO | Processing CRYPTO: 46 assets
2026-02-07 14:23:38,328 | INFO | Schedule: Daily 01:00 UTC
2026-02-07 14:23:38,328 | INFO | ============================================================
2026-02-07 14:23:38,328 | INFO |   Using BATCH MODE (CEO-DIR-2026-119)
2026-02-07 14:23:38,328 | INFO | 
  Batch 1/5 (10 tickers)
2026-02-07 14:23:38,349 | INFO |     All assets up to date
2026-02-07 14:23:38,349 | INFO | 
  Batch 2/5 (10 tickers)
2026-02-07 14:23:38,370 | INFO |     Batch download: 1 tickers
2026-02-07 14:23:41,798 | ERROR | 
1 Failed download:
2026-02-07 14:23:41,798 | ERROR | ['GRT-USD']: YFRateLimitError('Too Many Requests. Rate limited. Try after a while.')
2026-02-07 14:23:41,851 | INFO |   Batch complete, waiting 120s...
2026-02-07 14:25:41,855 | INFO | 
  Batch 3/5 (10 tickers)
2026-02-07 14:25:42,207 | INFO |     All assets up to date
2026-02-07 14:25:42,207 | INFO | 
  Batch 4/5 (10 tickers)
2026-02-07 14:25:42,611 | INFO |     Batch download: 1 tickers
2026-02-07 14:25:45,772 | ERROR | 
1 Failed download:
2026-02-07 14:25:45,772 | ERROR | ['UNI-USD']: YFRateLimitError('Too Many Requests. Rate limited. Try after a while.')
2026-02-07 14:25:45,772 | INFO |   Batch complete, waiting 120s...
2026-02-07 14:27:45,782 | INFO | 
  Batch 5/5 (6 tickers)
2026-02-07 14:27:45,905 | INFO |     All assets up to date
2026-02-07 14:27:45,905 | INFO | 
============================================================
2026-02-07 14:27:45,915 | INFO | Processing EQUITY: 421 assets
2026-02-07 14:27:45,915 | INFO | Schedule: Weekdays 22:00 UTC
2026-02-07 14:27:45,915 | INFO | ============================================================
2026-02-07 14:27:45,915 | INFO |   Market closed for EQUITY today, skipping
2026-02-07 14:27:45,915 | INFO | 
============================================================
2026-02-07 14:27:45,915 | INFO | Processing FX: 24 assets
2026-02-07 14:27:45,915 | INFO | Schedule: Sun-Thu 22:00 UTC
2026-02-07 14:27:45,915 | INFO | ============================================================
2026-02-07 14:27:45,915 | INFO |   Market closed for FX today, skipping
2026-02-07 14:27:45,915 | WARNING | Heartbeat recording failed: relation "fhq_monitoring.system_heartbeats" does not exist
LINE 2:                 INSERT INTO fhq_monitoring.system_heartbeats...
                                    ^

2026-02-07 14:27:45,915 | INFO | 
======================================================================
2026-02-07 14:27:45,915 | INFO | DAILY INGEST COMPLETE
2026-02-07 14:27:45,915 | INFO | ======================================================================
2026-02-07 14:27:45,915 | INFO | Assets Processed: 46
2026-02-07 14:27:45,915 | INFO | Assets Updated:   0
2026-02-07 14:27:45,915 | INFO | Rows Inserted:    0
2026-02-07 14:27:45,915 | INFO |   CRYPTO: 0 assets, 0 rows
2026-02-07 14:27:45,915 | INFO | Evidence: C:\fhq-market-system\vision-ios\03_FUNCTIONS\evidence\IOS001_DAILY_INGEST_0da129ee_20260207_142745.json
2026-02-07 14:27:45,915 | INFO | ======================================================================
