2026-02-14 17:41:25,977 | INFO | ======================================================================
2026-02-14 17:41:25,977 | INFO | IoS-001 DAILY PRICE INGEST
2026-02-14 17:41:25,977 | INFO | Executor: LINE (EC-004)
2026-02-14 17:41:25,977 | INFO | Authority: CEO_DIRECTIVE_LINE_DAILY_INGEST_ACTIVATION_20251212
2026-02-14 17:41:25,977 | INFO | Amendment: CEO-DIR-2026-119 (Rate Limit Mitigation)
2026-02-14 17:41:25,978 | INFO | Time: 2026-02-14T16:41:25.978454+00:00
2026-02-14 17:41:25,978 | INFO | Asset Class Filter: ALL
2026-02-14 17:41:25,978 | INFO | Batch Mode: True
2026-02-14 17:41:25,978 | INFO | Dry Run: False
2026-02-14 17:41:25,978 | INFO | ======================================================================
2026-02-14 17:41:26,137 | INFO | Found 491 VEGA-attested assets
2026-02-14 17:41:26,137 | INFO | 
============================================================
2026-02-14 17:41:26,137 | INFO | Processing CRYPTO: 46 assets
2026-02-14 17:41:26,137 | INFO | Schedule: Daily 01:00 UTC
2026-02-14 17:41:26,137 | INFO | ============================================================
2026-02-14 17:41:26,137 | INFO |   Using BATCH MODE (CEO-DIR-2026-119)
2026-02-14 17:41:26,137 | INFO | 
  Batch 1/5 (10 tickers)
2026-02-14 17:41:26,153 | INFO |     All assets up to date
2026-02-14 17:41:26,153 | INFO | 
  Batch 2/5 (10 tickers)
2026-02-14 17:41:26,169 | INFO |     Batch download: 1 tickers
2026-02-14 17:41:27,184 | ERROR | 
1 Failed download:
2026-02-14 17:41:27,184 | ERROR | ['GRT-USD']: YFPricesMissingError('possibly delisted; no price data found  (1d 2026-02-14 -> 2026-02-15)')
2026-02-14 17:41:27,184 | INFO |   Batch complete, waiting 120s...
2026-02-14 17:43:27,194 | INFO | 
  Batch 3/5 (10 tickers)
2026-02-14 17:43:27,225 | INFO |     All assets up to date
2026-02-14 17:43:27,225 | INFO | 
  Batch 4/5 (10 tickers)
2026-02-14 17:43:27,256 | INFO |     Batch download: 1 tickers
2026-02-14 17:43:27,813 | ERROR | 
1 Failed download:
2026-02-14 17:43:27,813 | ERROR | ['UNI-USD']: YFPricesMissingError('possibly delisted; no price data found  (1d 2026-02-12 -> 2026-02-15)')
2026-02-14 17:43:27,821 | INFO |   Batch complete, waiting 120s...
2026-02-14 17:45:27,823 | INFO | 
  Batch 5/5 (6 tickers)
2026-02-14 17:45:27,861 | INFO |     All assets up to date
2026-02-14 17:45:27,862 | INFO | 
============================================================
2026-02-14 17:45:27,863 | INFO | Processing EQUITY: 421 assets
2026-02-14 17:45:27,863 | INFO | Schedule: Weekdays 22:00 UTC
2026-02-14 17:45:27,864 | INFO | ============================================================
2026-02-14 17:45:27,864 | INFO |   Market closed for EQUITY today, skipping
2026-02-14 17:45:27,865 | INFO | 
============================================================
2026-02-14 17:45:27,865 | INFO | Processing FX: 24 assets
2026-02-14 17:45:27,866 | INFO | Schedule: Sun-Thu 22:00 UTC
2026-02-14 17:45:27,866 | INFO | ============================================================
2026-02-14 17:45:27,866 | INFO |   Market closed for FX today, skipping
2026-02-14 17:45:27,873 | WARNING | Heartbeat recording failed: relation "fhq_monitoring.system_heartbeats" does not exist
LINE 2:                 INSERT INTO fhq_monitoring.system_heartbeats...
                                    ^

2026-02-14 17:45:27,877 | INFO | 
======================================================================
2026-02-14 17:45:27,877 | INFO | DAILY INGEST COMPLETE
2026-02-14 17:45:27,878 | INFO | ======================================================================
2026-02-14 17:45:27,878 | INFO | Assets Processed: 46
2026-02-14 17:45:27,878 | INFO | Assets Updated:   0
2026-02-14 17:45:27,878 | INFO | Rows Inserted:    0
2026-02-14 17:45:27,879 | INFO |   CRYPTO: 0 assets, 0 rows
2026-02-14 17:45:27,879 | INFO | Evidence: C:\fhq-market-system\vision-ios\03_FUNCTIONS\evidence\IOS001_DAILY_INGEST_0494cbd7_20260214_174527.json
2026-02-14 17:45:27,879 | INFO | ======================================================================
