2026-01-29 20:03:47,366 | INFO | ======================================================================
2026-01-29 20:03:47,367 | INFO | IoS-001 DAILY PRICE INGEST
2026-01-29 20:03:47,367 | INFO | Executor: LINE (EC-004)
2026-01-29 20:03:47,367 | INFO | Authority: CEO_DIRECTIVE_LINE_DAILY_INGEST_ACTIVATION_20251212
2026-01-29 20:03:47,367 | INFO | Time: 2026-01-29T19:03:47.367024+00:00
2026-01-29 20:03:47,368 | INFO | Asset Class Filter: ALL
2026-01-29 20:03:47,368 | INFO | Dry Run: False
2026-01-29 20:03:47,368 | INFO | ======================================================================
2026-01-29 20:03:47,953 | INFO | Found 491 VEGA-attested assets
2026-01-29 20:03:47,953 | INFO | 
============================================================
2026-01-29 20:03:47,953 | INFO | Processing CRYPTO: 46 assets
2026-01-29 20:03:47,953 | INFO | Schedule: Daily 01:00 UTC
2026-01-29 20:03:47,953 | INFO | ============================================================
2026-01-29 20:03:47,954 | INFO | 
  Batch 1/2 (25 assets)
2026-01-29 20:03:54,126 | WARNING |   [GRT-USD] Fetch error: Too Many Requests. Rate limited. Try after a while.
2026-01-29 20:03:57,150 | INFO |   Batch complete, waiting 60s...
2026-01-29 20:04:57,151 | INFO | 
  Batch 2/2 (21 assets)
2026-01-29 20:05:00,054 | WARNING |   [UNI-USD] Fetch error: Too Many Requests. Rate limited. Try after a while.
2026-01-29 20:05:03,072 | INFO | 
============================================================
2026-01-29 20:05:03,072 | INFO | Processing EQUITY: 421 assets
2026-01-29 20:05:03,072 | INFO | Schedule: Weekdays 22:00 UTC
2026-01-29 20:05:03,072 | INFO | ============================================================
2026-01-29 20:05:03,072 | INFO | 
  Batch 1/17 (25 assets)
2026-01-29 20:05:04,674 | WARNING |   [1COV.DE] Fetch error: Too Many Requests. Rate limited. Try after a while.
2026-01-29 20:05:07,731 | INFO |   Batch complete, waiting 60s...
2026-01-29 20:06:07,733 | INFO | 
  Batch 2/17 (25 assets)
2026-01-29 20:06:07,802 | INFO |   Batch complete, waiting 60s...
2026-01-29 20:07:07,803 | INFO | 
  Batch 3/17 (25 assets)
2026-01-29 20:07:11,625 | WARNING |   [BRK.B] Fetch error: Too Many Requests. Rate limited. Try after a while.
2026-01-29 20:07:15,887 | WARNING |   [BT.A.L] Fetch error: Too Many Requests. Rate limited. Try after a while.
2026-01-29 20:07:18,907 | INFO |   Batch complete, waiting 60s...
2026-01-29 20:08:18,911 | INFO | 
  Batch 4/17 (25 assets)
2026-01-29 20:08:22,642 | WARNING |   [CTAS] Fetch error: Too Many Requests. Rate limited. Try after a while.
2026-01-29 20:08:27,065 | WARNING |   [CTVA] Fetch error: Too Many Requests. Rate limited. Try after a while.
2026-01-29 20:08:31,462 | WARNING |   [CVS] Fetch error: Too Many Requests. Rate limited. Try after a while.
2026-01-29 20:08:36,171 | WARNING |   [CVX] Fetch error: Too Many Requests. Rate limited. Try after a while.
2026-01-29 20:08:40,423 | WARNING |   [D] Fetch error: Too Many Requests. Rate limited. Try after a while.
