2025-12-30 06:10:04,610 | INFO | ======================================================================
2025-12-30 06:10:04,610 | INFO | IoS-001 DAILY PRICE INGEST
2025-12-30 06:10:04,610 | INFO | Executor: LINE (EC-004)
2025-12-30 06:10:04,610 | INFO | Authority: CEO_DIRECTIVE_LINE_DAILY_INGEST_ACTIVATION_20251212
2025-12-30 06:10:04,610 | INFO | Time: 2025-12-30T05:10:04.610891+00:00
2025-12-30 06:10:04,610 | INFO | Asset Class Filter: ALL
2025-12-30 06:10:04,610 | INFO | Dry Run: False
2025-12-30 06:10:04,610 | INFO | ======================================================================
2025-12-30 06:10:04,903 | INFO | Found 490 VEGA-attested assets
2025-12-30 06:10:04,903 | INFO | 
============================================================
2025-12-30 06:10:04,903 | INFO | Processing CRYPTO: 46 assets
2025-12-30 06:10:04,903 | INFO | Schedule: Daily 01:00 UTC
2025-12-30 06:10:04,903 | INFO | ============================================================
2025-12-30 06:10:04,903 | INFO | 
  Batch 1/2 (25 assets)
2025-12-30 06:10:04,935 | INFO |   Batch complete, waiting 60s...
2025-12-30 06:11:04,936 | INFO | 
  Batch 2/2 (21 assets)
2025-12-30 06:11:04,977 | INFO | 
============================================================
2025-12-30 06:11:04,977 | INFO | Processing EQUITY: 420 assets
2025-12-30 06:11:04,977 | INFO | Schedule: Weekdays 22:00 UTC
2025-12-30 06:11:04,977 | INFO | ============================================================
2025-12-30 06:11:04,977 | INFO | 
  Batch 1/17 (25 assets)
2025-12-30 06:11:08,398 | WARNING |   [1COV.DE] Fetch error: Too Many Requests. Rate limited. Try after a while.
2025-12-30 06:11:12,536 | WARNING |   [ABBV] Fetch error: Too Many Requests. Rate limited. Try after a while.
2025-12-30 06:11:16,501 | WARNING |   [ABNB] Fetch error: Too Many Requests. Rate limited. Try after a while.
2025-12-30 06:11:20,697 | WARNING |   [ABT] Fetch error: Too Many Requests. Rate limited. Try after a while.
2025-12-30 06:11:24,744 | WARNING |   [ACA.PA] Fetch error: Too Many Requests. Rate limited. Try after a while.
2025-12-30 06:11:28,952 | WARNING |   [ADBE] Fetch error: Too Many Requests. Rate limited. Try after a while.
2025-12-30 06:11:33,505 | WARNING |   [ADI] Fetch error: Too Many Requests. Rate limited. Try after a while.
2025-12-30 06:11:37,710 | WARNING |   [ADS.DE] Fetch error: Too Many Requests. Rate limited. Try after a while.
2025-12-30 06:11:41,822 | WARNING |   [ADSK] Fetch error: Too Many Requests. Rate limited. Try after a while.
2025-12-30 06:11:46,048 | WARNING |   [AEP] Fetch error: Too Many Requests. Rate limited. Try after a while.
2025-12-30 06:11:50,030 | WARNING |   [AFL] Fetch error: Too Many Requests. Rate limited. Try after a while.
2025-12-30 06:11:54,165 | WARNING |   [AI.PA] Fetch error: Too Many Requests. Rate limited. Try after a while.
2025-12-30 06:11:58,196 | WARNING |   [AIG] Fetch error: Too Many Requests. Rate limited. Try after a while.
2025-12-30 06:12:02,096 | WARNING |   [AIR.DE] Fetch error: Too Many Requests. Rate limited. Try after a while.
2025-12-30 06:12:06,216 | WARNING |   [AIR.PA] Fetch error: Too Many Requests. Rate limited. Try after a while.
2025-12-30 06:12:10,293 | WARNING |   [AKAM] Fetch error: Too Many Requests. Rate limited. Try after a while.
2025-12-30 06:12:14,485 | WARNING |   [AKER.OL] Fetch error: Too Many Requests. Rate limited. Try after a while.
2025-12-30 06:12:18,574 | WARNING |   [AKRBP.OL] Fetch error: Too Many Requests. Rate limited. Try after a while.
2025-12-30 06:12:22,493 | WARNING |   [AKSO.OL] Fetch error: Too Many Requests. Rate limited. Try after a while.
2025-12-30 06:12:26,417 | WARNING |   [AKVA.OL] Fetch error: Too Many Requests. Rate limited. Try after a while.
2025-12-30 06:12:30,502 | WARNING |   [ALB] Fetch error: Too Many Requests. Rate limited. Try after a while.
2025-12-30 06:12:34,500 | WARNING |   [ALL] Fetch error: Too Many Requests. Rate limited. Try after a while.
2025-12-30 06:12:38,426 | WARNING |   [ALO.PA] Fetch error: Too Many Requests. Rate limited. Try after a while.
2025-12-30 06:12:42,456 | WARNING |   [ALV.DE] Fetch error: Too Many Requests. Rate limited. Try after a while.
2025-12-30 06:12:46,377 | WARNING |   [AMAT] Fetch error: Too Many Requests. Rate limited. Try after a while.
2025-12-30 06:12:49,387 | INFO |   Batch complete, waiting 60s...
2025-12-30 06:13:49,388 | INFO | 
  Batch 2/17 (25 assets)
2025-12-30 06:13:50,941 | WARNING |   [AMD] Fetch error: Too Many Requests. Rate limited. Try after a while.
2025-12-30 06:13:54,876 | WARNING |   [AMGN] Fetch error: Too Many Requests. Rate limited. Try after a while.
2025-12-30 06:13:59,124 | WARNING |   [AMT] Fetch error: Too Many Requests. Rate limited. Try after a while.
2025-12-30 06:14:03,242 | WARNING |   [AMZN] Fetch error: Too Many Requests. Rate limited. Try after a while.
2025-12-30 06:14:07,371 | WARNING |   [AON] Fetch error: Too Many Requests. Rate limited. Try after a while.
2025-12-30 06:14:11,336 | WARNING |   [APD] Fetch error: Too Many Requests. Rate limited. Try after a while.
2025-12-30 06:14:15,647 | WARNING |   [ASML] Fetch error: Too Many Requests. Rate limited. Try after a while.
2025-12-30 06:14:19,544 | WARNING |   [ATO.PA] Fetch error: Too Many Requests. Rate limited. Try after a while.
2025-12-30 06:14:23,928 | WARNING |   [AUSS.OL] Fetch error: Too Many Requests. Rate limited. Try after a while.
2025-12-30 06:14:28,232 | WARNING |   [AUTO.OL] Fetch error: Too Many Requests. Rate limited. Try after a while.
2025-12-30 06:14:32,213 | WARNING |   [AV.L] Fetch error: Too Many Requests. Rate limited. Try after a while.
2025-12-30 06:14:36,427 | WARNING |   [AVB] Fetch error: Too Many Requests. Rate limited. Try after a while.
2025-12-30 06:14:40,594 | WARNING |   [AVGO] Fetch error: Too Many Requests. Rate limited. Try after a while.
2025-12-30 06:14:44,978 | WARNING |   [AWK] Fetch error: Too Many Requests. Rate limited. Try after a while.
2025-12-30 06:14:48,831 | WARNING |   [AXP] Fetch error: Too Many Requests. Rate limited. Try after a while.
2025-12-30 06:14:52,721 | WARNING |   [AZN.L] Fetch error: Too Many Requests. Rate limited. Try after a while.
2025-12-30 06:14:56,609 | WARNING |   [AZO] Fetch error: Too Many Requests. Rate limited. Try after a while.
2025-12-30 06:15:00,740 | WARNING |   [BA] Fetch error: Too Many Requests. Rate limited. Try after a while.
