2026-01-27 11:07:58,058 | INFO | ======================================================================
2026-01-27 11:07:58,058 | INFO | IoS-001 DAILY PRICE INGEST
2026-01-27 11:07:58,058 | INFO | Executor: LINE (EC-004)
2026-01-27 11:07:58,058 | INFO | Authority: CEO_DIRECTIVE_LINE_DAILY_INGEST_ACTIVATION_20251212
2026-01-27 11:07:58,058 | INFO | Time: 2026-01-27T10:07:58.058088+00:00
2026-01-27 11:07:58,058 | INFO | Asset Class Filter: ALL
2026-01-27 11:07:58,059 | INFO | Dry Run: False
2026-01-27 11:07:58,059 | INFO | ======================================================================
2026-01-27 11:07:58,357 | INFO | Found 491 VEGA-attested assets
2026-01-27 11:07:58,357 | INFO | 
============================================================
2026-01-27 11:07:58,357 | INFO | Processing CRYPTO: 46 assets
2026-01-27 11:07:58,357 | INFO | Schedule: Daily 01:00 UTC
2026-01-27 11:07:58,357 | INFO | ============================================================
2026-01-27 11:07:58,357 | INFO | 
  Batch 1/2 (25 assets)
2026-01-27 11:08:01,469 | WARNING |   [GRT-USD] Fetch error: Too Many Requests. Rate limited. Try after a while.
2026-01-27 11:08:04,483 | INFO |   Batch complete, waiting 60s...
2026-01-27 11:09:04,493 | INFO | 
  Batch 2/2 (21 assets)
2026-01-27 11:09:06,139 | WARNING |   [UNI-USD] Fetch error: Too Many Requests. Rate limited. Try after a while.
2026-01-27 11:09:09,210 | INFO | 
============================================================
2026-01-27 11:09:09,211 | INFO | Processing EQUITY: 421 assets
2026-01-27 11:09:09,212 | INFO | Schedule: Weekdays 22:00 UTC
2026-01-27 11:09:09,212 | INFO | ============================================================
2026-01-27 11:09:09,213 | INFO | 
  Batch 1/17 (25 assets)
2026-01-27 11:09:10,393 | WARNING |   [1COV.DE] Fetch error: Too Many Requests. Rate limited. Try after a while.
2026-01-27 11:09:14,614 | WARNING |   [ABBV] Fetch error: Too Many Requests. Rate limited. Try after a while.
2026-01-27 11:09:18,843 | WARNING |   [ABNB] Fetch error: Too Many Requests. Rate limited. Try after a while.
2026-01-27 11:09:22,795 | WARNING |   [ABT] Fetch error: Too Many Requests. Rate limited. Try after a while.
2026-01-27 11:09:26,809 | WARNING |   [ADBE] Fetch error: Too Many Requests. Rate limited. Try after a while.
2026-01-27 11:09:30,830 | WARNING |   [ADI] Fetch error: Too Many Requests. Rate limited. Try after a while.
2026-01-27 11:09:34,770 | WARNING |   [ADSK] Fetch error: Too Many Requests. Rate limited. Try after a while.
2026-01-27 11:09:38,671 | WARNING |   [AEP] Fetch error: Too Many Requests. Rate limited. Try after a while.
2026-01-27 11:09:43,021 | WARNING |   [AFL] Fetch error: Too Many Requests. Rate limited. Try after a while.
2026-01-27 11:09:47,343 | WARNING |   [AIG] Fetch error: Too Many Requests. Rate limited. Try after a while.
2026-01-27 11:09:51,637 | WARNING |   [AKAM] Fetch error: Too Many Requests. Rate limited. Try after a while.
2026-01-27 11:09:55,584 | WARNING |   [ALB] Fetch error: Too Many Requests. Rate limited. Try after a while.
2026-01-27 11:09:59,488 | WARNING |   [ALL] Fetch error: Too Many Requests. Rate limited. Try after a while.
2026-01-27 11:10:03,324 | WARNING |   [AMAT] Fetch error: Too Many Requests. Rate limited. Try after a while.
2026-01-27 11:10:06,325 | INFO |   Batch complete, waiting 60s...
2026-01-27 11:11:06,327 | INFO | 
  Batch 2/17 (25 assets)
2026-01-27 11:11:08,099 | WARNING |   [AMD] Fetch error: Too Many Requests. Rate limited. Try after a while.
2026-01-27 11:11:11,839 | WARNING |   [AMGN] Fetch error: Too Many Requests. Rate limited. Try after a while.
2026-01-27 11:11:15,943 | WARNING |   [AMT] Fetch error: Too Many Requests. Rate limited. Try after a while.
2026-01-27 11:11:20,242 | WARNING |   [AMZN] Fetch error: Too Many Requests. Rate limited. Try after a while.
2026-01-27 11:11:24,206 | WARNING |   [AON] Fetch error: Too Many Requests. Rate limited. Try after a while.
2026-01-27 11:11:28,502 | WARNING |   [APD] Fetch error: Too Many Requests. Rate limited. Try after a while.
2026-01-27 11:11:32,828 | WARNING |   [ASML] Fetch error: Too Many Requests. Rate limited. Try after a while.
2026-01-27 11:11:36,868 | WARNING |   [AVB] Fetch error: Too Many Requests. Rate limited. Try after a while.
2026-01-27 11:11:40,983 | WARNING |   [AVGO] Fetch error: Too Many Requests. Rate limited. Try after a while.
2026-01-27 11:11:45,072 | WARNING |   [AWK] Fetch error: Too Many Requests. Rate limited. Try after a while.
2026-01-27 11:11:49,669 | WARNING |   [AXP] Fetch error: Too Many Requests. Rate limited. Try after a while.
2026-01-27 11:11:53,885 | WARNING |   [AZO] Fetch error: Too Many Requests. Rate limited. Try after a while.
2026-01-27 11:11:58,245 | WARNING |   [BA] Fetch error: Too Many Requests. Rate limited. Try after a while.
2026-01-27 11:12:02,534 | WARNING |   [BAC] Fetch error: Too Many Requests. Rate limited. Try after a while.
2026-01-27 11:12:05,556 | INFO |   Batch complete, waiting 60s...
