2026-01-25 04:28:02,477 | INFO | ======================================================================
2026-01-25 04:28:02,477 | INFO | IoS-001 DAILY PRICE INGEST
2026-01-25 04:28:02,477 | INFO | Executor: LINE (EC-004)
2026-01-25 04:28:02,477 | INFO | Authority: CEO_DIRECTIVE_LINE_DAILY_INGEST_ACTIVATION_20251212
2026-01-25 04:28:02,477 | INFO | Time: 2026-01-25T03:28:02.477291+00:00
2026-01-25 04:28:02,477 | INFO | Asset Class Filter: ALL
2026-01-25 04:28:02,477 | INFO | Dry Run: False
2026-01-25 04:28:02,477 | INFO | ======================================================================
2026-01-25 04:28:02,718 | INFO | Found 491 VEGA-attested assets
2026-01-25 04:28:02,719 | INFO | 
============================================================
2026-01-25 04:28:02,719 | INFO | Processing CRYPTO: 46 assets
2026-01-25 04:28:02,720 | INFO | Schedule: Daily 01:00 UTC
2026-01-25 04:28:02,720 | INFO | ============================================================
2026-01-25 04:28:02,720 | INFO | 
  Batch 1/2 (25 assets)
2026-01-25 04:28:05,788 | WARNING |   [GRT-USD] Fetch error: Too Many Requests. Rate limited. Try after a while.
2026-01-25 04:28:08,831 | INFO |   Batch complete, waiting 60s...
2026-01-25 04:29:08,833 | INFO | 
  Batch 2/2 (21 assets)
2026-01-25 04:29:10,972 | WARNING |   [UNI-USD] Fetch error: Too Many Requests. Rate limited. Try after a while.
2026-01-25 04:29:14,019 | INFO | 
============================================================
2026-01-25 04:29:14,019 | INFO | Processing EQUITY: 421 assets
2026-01-25 04:29:14,019 | INFO | Schedule: Weekdays 22:00 UTC
2026-01-25 04:29:14,019 | INFO | ============================================================
2026-01-25 04:29:14,019 | INFO |   Market closed for EQUITY today, skipping
2026-01-25 04:29:14,019 | INFO | 
============================================================
2026-01-25 04:29:14,022 | INFO | Processing FX: 24 assets
2026-01-25 04:29:14,022 | INFO | Schedule: Sun-Thu 22:00 UTC
2026-01-25 04:29:14,022 | INFO | ============================================================
2026-01-25 04:29:14,023 | INFO | 
  Batch 1/1 (24 assets)
2026-01-25 04:29:15,201 | WARNING |   [AUDJPY=X] Fetch error: Too Many Requests. Rate limited. Try after a while.
2026-01-25 04:29:19,342 | WARNING |   [AUDUSD=X] Fetch error: Too Many Requests. Rate limited. Try after a while.
2026-01-25 04:29:23,488 | WARNING |   [CADJPY=X] Fetch error: Too Many Requests. Rate limited. Try after a while.
2026-01-25 04:29:27,484 | WARNING |   [CHFJPY=X] Fetch error: Too Many Requests. Rate limited. Try after a while.
2026-01-25 04:29:31,926 | WARNING |   [EURAUD=X] Fetch error: Too Many Requests. Rate limited. Try after a while.
2026-01-25 04:29:36,023 | WARNING |   [EURCHF=X] Fetch error: Too Many Requests. Rate limited. Try after a while.
2026-01-25 04:29:40,084 | WARNING |   [EURGBP=X] Fetch error: Too Many Requests. Rate limited. Try after a while.
2026-01-25 04:29:44,088 | WARNING |   [EURJPY=X] Fetch error: Too Many Requests. Rate limited. Try after a while.
2026-01-25 04:29:48,686 | WARNING |   [EURNOK=X] Fetch error: Too Many Requests. Rate limited. Try after a while.
2026-01-25 04:29:52,774 | WARNING |   [EURSEK=X] Fetch error: Too Many Requests. Rate limited. Try after a while.
2026-01-25 04:29:57,071 | WARNING |   [EURUSD=X] Fetch error: Too Many Requests. Rate limited. Try after a while.
2026-01-25 04:30:01,012 | WARNING |   [GBPJPY=X] Fetch error: Too Many Requests. Rate limited. Try after a while.
2026-01-25 04:30:05,308 | WARNING |   [GBPUSD=X] Fetch error: Too Many Requests. Rate limited. Try after a while.
2026-01-25 04:30:09,227 | WARNING |   [NZDUSD=X] Fetch error: Too Many Requests. Rate limited. Try after a while.
2026-01-25 04:30:13,458 | WARNING |   [USDCAD=X] Fetch error: Too Many Requests. Rate limited. Try after a while.
2026-01-25 04:30:17,575 | WARNING |   [USDCHF=X] Fetch error: Too Many Requests. Rate limited. Try after a while.
2026-01-25 04:30:21,758 | WARNING |   [USDHKD=X] Fetch error: Too Many Requests. Rate limited. Try after a while.
2026-01-25 04:30:25,756 | WARNING |   [USDJPY=X] Fetch error: Too Many Requests. Rate limited. Try after a while.
2026-01-25 04:30:30,310 | WARNING |   [USDMXN=X] Fetch error: Too Many Requests. Rate limited. Try after a while.
2026-01-25 04:30:34,434 | WARNING |   [USDNOK=X] Fetch error: Too Many Requests. Rate limited. Try after a while.
2026-01-25 04:30:38,546 | WARNING |   [USDSEK=X] Fetch error: Too Many Requests. Rate limited. Try after a while.
2026-01-25 04:30:42,577 | WARNING |   [USDSGD=X] Fetch error: Too Many Requests. Rate limited. Try after a while.
2026-01-25 04:30:46,491 | WARNING |   [USDTRY=X] Fetch error: Too Many Requests. Rate limited. Try after a while.
2026-01-25 04:30:50,675 | WARNING |   [USDZAR=X] Fetch error: Too Many Requests. Rate limited. Try after a while.
2026-01-25 04:30:53,693 | WARNING | Heartbeat recording failed: relation "fhq_monitoring.system_heartbeats" does not exist
LINE 2:                 INSERT INTO fhq_monitoring.system_heartbeats...
                                    ^

2026-01-25 04:30:53,703 | INFO | 
======================================================================
2026-01-25 04:30:53,704 | INFO | DAILY INGEST COMPLETE
2026-01-25 04:30:53,706 | INFO | ======================================================================
2026-01-25 04:30:53,708 | INFO | Assets Processed: 70
2026-01-25 04:30:53,709 | INFO | Assets Updated:   0
2026-01-25 04:30:53,710 | INFO | Rows Inserted:    0
2026-01-25 04:30:53,711 | INFO |   CRYPTO: 0 assets, 0 rows
2026-01-25 04:30:53,712 | INFO |   FX: 0 assets, 0 rows
2026-01-25 04:30:53,714 | INFO | Evidence: C:\fhq-market-system\vision-ios\03_FUNCTIONS\evidence\IOS001_DAILY_INGEST_714a2441_20260125_043053.json
2026-01-25 04:30:53,715 | INFO | ======================================================================
