2026-02-08 19:50:51,665 | INFO | ======================================================================
2026-02-08 19:50:51,665 | INFO | IoS-001 DAILY PRICE INGEST
2026-02-08 19:50:51,666 | INFO | Executor: LINE (EC-004)
2026-02-08 19:50:51,666 | INFO | Authority: CEO_DIRECTIVE_LINE_DAILY_INGEST_ACTIVATION_20251212
2026-02-08 19:50:51,666 | INFO | Amendment: CEO-DIR-2026-119 (Rate Limit Mitigation)
2026-02-08 19:50:51,666 | INFO | Time: 2026-02-08T18:50:51.666653+00:00
2026-02-08 19:50:51,666 | INFO | Asset Class Filter: ALL
2026-02-08 19:50:51,666 | INFO | Batch Mode: True
2026-02-08 19:50:51,667 | INFO | Dry Run: False
2026-02-08 19:50:51,667 | INFO | ======================================================================
2026-02-08 19:50:51,964 | INFO | Found 491 VEGA-attested assets
2026-02-08 19:50:51,965 | INFO | 
============================================================
2026-02-08 19:50:51,965 | INFO | Processing CRYPTO: 46 assets
2026-02-08 19:50:51,965 | INFO | Schedule: Daily 01:00 UTC
2026-02-08 19:50:51,965 | INFO | ============================================================
2026-02-08 19:50:51,965 | INFO |   Using BATCH MODE (CEO-DIR-2026-119)
2026-02-08 19:50:51,966 | INFO | 
  Batch 1/5 (10 tickers)
2026-02-08 19:50:51,982 | INFO |     All assets up to date
2026-02-08 19:50:51,982 | INFO | 
  Batch 2/5 (10 tickers)
2026-02-08 19:50:51,993 | INFO |     Batch download: 1 tickers
2026-02-08 19:50:53,087 | ERROR | 
1 Failed download:
2026-02-08 19:50:53,087 | ERROR | ['GRT-USD']: YFPricesMissingError('possibly delisted; no price data found  (1d 2026-02-08 -> 2026-02-09)')
2026-02-08 19:50:53,107 | INFO |   Batch complete, waiting 120s...
2026-02-08 19:52:53,107 | INFO | 
  Batch 3/5 (10 tickers)
2026-02-08 19:52:53,172 | INFO |     All assets up to date
2026-02-08 19:52:53,172 | INFO | 
  Batch 4/5 (10 tickers)
2026-02-08 19:52:53,246 | INFO |     Batch download: 1 tickers
2026-02-08 19:52:54,282 | ERROR | 
1 Failed download:
2026-02-08 19:52:54,282 | ERROR | ['UNI-USD']: YFPricesMissingError('possibly delisted; no price data found  (1d 2026-02-08 -> 2026-02-09)')
2026-02-08 19:52:54,290 | INFO |   Batch complete, waiting 120s...
2026-02-08 19:54:54,294 | INFO | 
  Batch 5/5 (6 tickers)
2026-02-08 19:54:54,334 | INFO |     All assets up to date
2026-02-08 19:54:54,335 | INFO | 
============================================================
2026-02-08 19:54:54,335 | INFO | Processing EQUITY: 421 assets
2026-02-08 19:54:54,335 | INFO | Schedule: Weekdays 22:00 UTC
2026-02-08 19:54:54,335 | INFO | ============================================================
2026-02-08 19:54:54,336 | INFO |   Market closed for EQUITY today, skipping
2026-02-08 19:54:54,336 | INFO | 
============================================================
2026-02-08 19:54:54,336 | INFO | Processing FX: 24 assets
2026-02-08 19:54:54,336 | INFO | Schedule: Sun-Thu 22:00 UTC
2026-02-08 19:54:54,336 | INFO | ============================================================
2026-02-08 19:54:54,337 | INFO |   Using BATCH MODE (CEO-DIR-2026-119)
2026-02-08 19:54:54,337 | INFO | 
  Batch 1/3 (10 tickers)
2026-02-08 19:54:54,376 | INFO |     Batch download: 9 tickers
2026-02-08 19:54:56,111 | INFO |     [AUDJPY=X] +1 rows
2026-02-08 19:54:56,120 | INFO |     [CADJPY=X] +1 rows
2026-02-08 19:54:56,125 | INFO |     [CHFJPY=X] +1 rows
2026-02-08 19:54:56,132 | INFO |     [EURAUD=X] +1 rows
2026-02-08 19:54:56,136 | INFO |     [EURCHF=X] +1 rows
2026-02-08 19:54:56,142 | INFO |     [EURGBP=X] +1 rows
2026-02-08 19:54:56,147 | INFO |     [EURJPY=X] +1 rows
2026-02-08 19:54:56,152 | INFO |     [EURNOK=X] +1 rows
2026-02-08 19:54:56,157 | INFO |     [EURSEK=X] +1 rows
2026-02-08 19:54:56,157 | INFO |   Batch complete, waiting 120s...
