2026-01-05 00:37:47,646 | INFO | ======================================================================
2026-01-05 00:37:47,646 | INFO | IoS-001 DAILY PRICE INGEST
2026-01-05 00:37:47,646 | INFO | Executor: LINE (EC-004)
2026-01-05 00:37:47,646 | INFO | Authority: CEO_DIRECTIVE_LINE_DAILY_INGEST_ACTIVATION_20251212
2026-01-05 00:37:47,646 | INFO | Time: 2026-01-04T23:37:47.646158+00:00
2026-01-05 00:37:47,646 | INFO | Asset Class Filter: ALL
2026-01-05 00:37:47,646 | INFO | Dry Run: False
2026-01-05 00:37:47,646 | INFO | ======================================================================
2026-01-05 00:37:47,975 | INFO | Found 491 VEGA-attested assets
2026-01-05 00:37:47,975 | INFO | 
============================================================
2026-01-05 00:37:47,975 | INFO | Processing CRYPTO: 46 assets
2026-01-05 00:37:47,975 | INFO | Schedule: Daily 01:00 UTC
2026-01-05 00:37:47,975 | INFO | ============================================================
2026-01-05 00:37:47,975 | INFO | 
  Batch 1/2 (25 assets)
2026-01-05 00:37:52,807 | ERROR | $ADA-USD: possibly delisted; no price data found  (1d 2026-01-05 -> 2026-01-06) (Yahoo error = "Data doesn't exist for startDate = 1767571200, endDate = 1767657600")
2026-01-05 00:37:56,831 | ERROR | $ALGO-USD: possibly delisted; no price data found  (1d 2026-01-05 -> 2026-01-06) (Yahoo error = "Data doesn't exist for startDate = 1767571200, endDate = 1767657600")
2026-01-05 00:38:01,369 | ERROR | $ATOM-USD: possibly delisted; no price data found  (1d 2026-01-05 -> 2026-01-06) (Yahoo error = "Data doesn't exist for startDate = 1767571200, endDate = 1767657600")
2026-01-05 00:38:05,806 | ERROR | $AVAX-USD: possibly delisted; no price data found  (1d 2026-01-05 -> 2026-01-06) (Yahoo error = "Data doesn't exist for startDate = 1767571200, endDate = 1767657600")
2026-01-05 00:38:10,203 | ERROR | $AXS-USD: possibly delisted; no price data found  (1d 2026-01-05 -> 2026-01-06) (Yahoo error = "Data doesn't exist for startDate = 1767571200, endDate = 1767657600")
2026-01-05 00:38:15,123 | ERROR | $BCH-USD: possibly delisted; no price data found  (1d 2026-01-05 -> 2026-01-06) (Yahoo error = "Data doesn't exist for startDate = 1767571200, endDate = 1767657600")
2026-01-05 00:38:19,338 | ERROR | $BNB-USD: possibly delisted; no price data found  (1d 2026-01-05 -> 2026-01-06) (Yahoo error = "Data doesn't exist for startDate = 1767571200, endDate = 1767657600")
2026-01-05 00:38:23,561 | ERROR | $BTC-USD: possibly delisted; no price data found  (1d 2026-01-05 -> 2026-01-06) (Yahoo error = "Data doesn't exist for startDate = 1767571200, endDate = 1767657600")
2026-01-05 00:38:27,316 | ERROR | $CHZ-USD: possibly delisted; no price data found  (1d 2026-01-05 -> 2026-01-06) (Yahoo error = "Data doesn't exist for startDate = 1767571200, endDate = 1767657600")
2026-01-05 00:38:31,900 | ERROR | $CRO-USD: possibly delisted; no price data found  (1d 2026-01-05 -> 2026-01-06) (Yahoo error = "Data doesn't exist for startDate = 1767571200, endDate = 1767657600")
2026-01-05 00:38:36,155 | ERROR | $CRV-USD: possibly delisted; no price data found  (1d 2026-01-05 -> 2026-01-06) (Yahoo error = "Data doesn't exist for startDate = 1767571200, endDate = 1767657600")
2026-01-05 00:38:40,287 | ERROR | $DOGE-USD: possibly delisted; no price data found  (1d 2026-01-05 -> 2026-01-06) (Yahoo error = "Data doesn't exist for startDate = 1767571200, endDate = 1767657600")
2026-01-05 00:38:44,637 | ERROR | $DOT-USD: possibly delisted; no price data found  (1d 2026-01-05 -> 2026-01-06) (Yahoo error = "Data doesn't exist for startDate = 1767571200, endDate = 1767657600")
2026-01-05 00:38:48,831 | ERROR | $EOS-USD: possibly delisted; no price data found  (1d 2026-01-05 -> 2026-01-06) (Yahoo error = "Data doesn't exist for startDate = 1767571200, endDate = 1767657600")
2026-01-05 00:38:53,013 | ERROR | $ETC-USD: possibly delisted; no price data found  (1d 2026-01-05 -> 2026-01-06) (Yahoo error = "Data doesn't exist for startDate = 1767571200, endDate = 1767657600")
2026-01-05 00:38:57,261 | ERROR | $ETH-USD: possibly delisted; no price data found  (1d 2026-01-05 -> 2026-01-06) (Yahoo error = "Data doesn't exist for startDate = 1767571200, endDate = 1767657600")
2026-01-05 00:39:01,681 | ERROR | $FIL-USD: possibly delisted; no price data found  (1d 2026-01-05 -> 2026-01-06) (Yahoo error = "Data doesn't exist for startDate = 1767571200, endDate = 1767657600")
2026-01-05 00:39:05,875 | ERROR | $FLOW-USD: possibly delisted; no price data found  (1d 2026-01-05 -> 2026-01-06) (Yahoo error = "Data doesn't exist for startDate = 1767571200, endDate = 1767657600")
2026-01-05 00:39:09,041 | ERROR | $GRT-USD: possibly delisted; no price data found  (1d 2026-01-04 -> 2026-01-06)
2026-01-05 00:39:13,390 | ERROR | $HBAR-USD: possibly delisted; no price data found  (1d 2026-01-05 -> 2026-01-06) (Yahoo error = "Data doesn't exist for startDate = 1767571200, endDate = 1767657600")
2026-01-05 00:39:18,070 | ERROR | $ICP-USD: possibly delisted; no price data found  (1d 2026-01-05 -> 2026-01-06) (Yahoo error = "Data doesn't exist for startDate = 1767571200, endDate = 1767657600")
2026-01-05 00:39:22,627 | ERROR | $INJ-USD: possibly delisted; no price data found  (1d 2026-01-05 -> 2026-01-06) (Yahoo error = "Data doesn't exist for startDate = 1767571200, endDate = 1767657600")
2026-01-05 00:39:26,802 | ERROR | $LDO-USD: possibly delisted; no price data found  (1d 2026-01-05 -> 2026-01-06) (Yahoo error = "Data doesn't exist for startDate = 1767571200, endDate = 1767657600")
2026-01-05 00:39:30,963 | ERROR | $LINK-USD: possibly delisted; no price data found  (1d 2026-01-05 -> 2026-01-06) (Yahoo error = "Data doesn't exist for startDate = 1767571200, endDate = 1767657600")
2026-01-05 00:39:35,105 | ERROR | $LTC-USD: possibly delisted; no price data found  (1d 2026-01-05 -> 2026-01-06) (Yahoo error = "Data doesn't exist for startDate = 1767571200, endDate = 1767657600")
2026-01-05 00:39:38,111 | INFO |   Batch complete, waiting 60s...
2026-01-05 00:40:38,113 | INFO | 
  Batch 2/2 (21 assets)
2026-01-05 00:40:39,801 | ERROR | $MANA-USD: possibly delisted; no price data found  (1d 2026-01-05 -> 2026-01-06) (Yahoo error = "Data doesn't exist for startDate = 1767571200, endDate = 1767657600")
2026-01-05 00:40:43,991 | ERROR | $MKR-USD: possibly delisted; no price data found  (1d 2026-01-05 -> 2026-01-06) (Yahoo error = "Data doesn't exist for startDate = 1767571200, endDate = 1767657600")
2026-01-05 00:40:48,143 | ERROR | $NEAR-USD: possibly delisted; no price data found  (1d 2026-01-05 -> 2026-01-06) (Yahoo error = "Data doesn't exist for startDate = 1767571200, endDate = 1767657600")
2026-01-05 00:40:52,572 | ERROR | $OKB-USD: possibly delisted; no price data found  (1d 2026-01-05 -> 2026-01-06) (Yahoo error = "Data doesn't exist for startDate = 1767571200, endDate = 1767657600")
2026-01-05 00:40:56,709 | ERROR | $QNT-USD: possibly delisted; no price data found  (1d 2026-01-05 -> 2026-01-06) (Yahoo error = "Data doesn't exist for startDate = 1767571200, endDate = 1767657600")
2026-01-05 00:41:01,285 | ERROR | $RPL-USD: possibly delisted; no price data found  (1d 2026-01-05 -> 2026-01-06) (Yahoo error = "Data doesn't exist for startDate = 1767571200, endDate = 1767657600")
2026-01-05 00:41:05,730 | ERROR | $RUNE-USD: possibly delisted; no price data found  (1d 2026-01-05 -> 2026-01-06) (Yahoo error = "Data doesn't exist for startDate = 1767571200, endDate = 1767657600")
2026-01-05 00:41:10,434 | ERROR | $SAND-USD: possibly delisted; no price data found  (1d 2026-01-05 -> 2026-01-06) (Yahoo error = "Data doesn't exist for startDate = 1767571200, endDate = 1767657600")
2026-01-05 00:41:14,727 | ERROR | $SHIB-USD: possibly delisted; no price data found  (1d 2026-01-05 -> 2026-01-06) (Yahoo error = "Data doesn't exist for startDate = 1767571200, endDate = 1767657600")
2026-01-05 00:41:18,926 | ERROR | $SNX-USD: possibly delisted; no price data found  (1d 2026-01-05 -> 2026-01-06) (Yahoo error = "Data doesn't exist for startDate = 1767571200, endDate = 1767657600")
2026-01-05 00:41:23,258 | ERROR | $SOL-USD: possibly delisted; no price data found  (1d 2026-01-05 -> 2026-01-06) (Yahoo error = "Data doesn't exist for startDate = 1767571200, endDate = 1767657600")
2026-01-05 00:41:27,715 | ERROR | $THETA-USD: possibly delisted; no price data found  (1d 2026-01-05 -> 2026-01-06) (Yahoo error = "Data doesn't exist for startDate = 1767571200, endDate = 1767657600")
2026-01-05 00:41:31,963 | ERROR | $TRX-USD: possibly delisted; no price data found  (1d 2026-01-05 -> 2026-01-06) (Yahoo error = "Data doesn't exist for startDate = 1767571200, endDate = 1767657600")
2026-01-05 00:41:35,060 | ERROR | $UNI-USD: possibly delisted; no price data found  (1d 2025-12-31 -> 2026-01-06)
2026-01-05 00:41:39,078 | ERROR | $VET-USD: possibly delisted; no price data found  (1d 2026-01-05 -> 2026-01-06) (Yahoo error = "Data doesn't exist for startDate = 1767571200, endDate = 1767657600")
2026-01-05 00:41:43,185 | ERROR | $XLM-USD: possibly delisted; no price data found  (1d 2026-01-05 -> 2026-01-06) (Yahoo error = "Data doesn't exist for startDate = 1767571200, endDate = 1767657600")
2026-01-05 00:41:47,322 | ERROR | $XMR-USD: possibly delisted; no price data found  (1d 2026-01-05 -> 2026-01-06) (Yahoo error = "Data doesn't exist for startDate = 1767571200, endDate = 1767657600")
2026-01-05 00:41:51,826 | ERROR | $XRP-USD: possibly delisted; no price data found  (1d 2026-01-05 -> 2026-01-06) (Yahoo error = "Data doesn't exist for startDate = 1767571200, endDate = 1767657600")
2026-01-05 00:41:56,079 | ERROR | $XTZ-USD: possibly delisted; no price data found  (1d 2026-01-05 -> 2026-01-06) (Yahoo error = "Data doesn't exist for startDate = 1767571200, endDate = 1767657600")
2026-01-05 00:42:00,398 | ERROR | $ZEC-USD: possibly delisted; no price data found  (1d 2026-01-05 -> 2026-01-06) (Yahoo error = "Data doesn't exist for startDate = 1767571200, endDate = 1767657600")
2026-01-05 00:42:04,620 | ERROR | $AAVE-USD: possibly delisted; no price data found  (1d 2026-01-05 -> 2026-01-06) (Yahoo error = "Data doesn't exist for startDate = 1767571200, endDate = 1767657600")
2026-01-05 00:42:07,622 | INFO | 
============================================================
2026-01-05 00:42:07,622 | INFO | Processing EQUITY: 421 assets
2026-01-05 00:42:07,622 | INFO | Schedule: Weekdays 22:00 UTC
2026-01-05 00:42:07,622 | INFO | ============================================================
2026-01-05 00:42:07,622 | INFO |   Market closed for EQUITY today, skipping
2026-01-05 00:42:07,622 | INFO | 
============================================================
2026-01-05 00:42:07,622 | INFO | Processing FX: 24 assets
2026-01-05 00:42:07,622 | INFO | Schedule: Sun-Thu 22:00 UTC
2026-01-05 00:42:07,622 | INFO | ============================================================
2026-01-05 00:42:07,622 | INFO | 
  Batch 1/1 (24 assets)
2026-01-05 00:42:09,178 | ERROR | $AUDJPY=X: possibly delisted; no price data found  (1d 2026-01-05 -> 2026-01-06) (Yahoo error = "Data doesn't exist for startDate = 1767571200, endDate = 1767657600")
2026-01-05 00:42:13,523 | ERROR | $AUDUSD=X: possibly delisted; no price data found  (1d 2026-01-05 -> 2026-01-06) (Yahoo error = "Data doesn't exist for startDate = 1767571200, endDate = 1767657600")
2026-01-05 00:42:17,784 | ERROR | $CADJPY=X: possibly delisted; no price data found  (1d 2026-01-05 -> 2026-01-06) (Yahoo error = "Data doesn't exist for startDate = 1767571200, endDate = 1767657600")
2026-01-05 00:42:21,814 | ERROR | $CHFJPY=X: possibly delisted; no price data found  (1d 2026-01-05 -> 2026-01-06) (Yahoo error = "Data doesn't exist for startDate = 1767571200, endDate = 1767657600")
2026-01-05 00:42:25,954 | ERROR | $EURAUD=X: possibly delisted; no price data found  (1d 2026-01-05 -> 2026-01-06) (Yahoo error = "Data doesn't exist for startDate = 1767571200, endDate = 1767657600")
2026-01-05 00:42:30,176 | ERROR | $EURCHF=X: possibly delisted; no price data found  (1d 2026-01-05 -> 2026-01-06) (Yahoo error = "Data doesn't exist for startDate = 1767571200, endDate = 1767657600")
2026-01-05 00:42:34,260 | ERROR | $EURGBP=X: possibly delisted; no price data found  (1d 2026-01-05 -> 2026-01-06) (Yahoo error = "Data doesn't exist for startDate = 1767571200, endDate = 1767657600")
2026-01-05 00:42:38,627 | ERROR | $EURJPY=X: possibly delisted; no price data found  (1d 2026-01-05 -> 2026-01-06) (Yahoo error = "Data doesn't exist for startDate = 1767571200, endDate = 1767657600")
2026-01-05 00:42:42,816 | ERROR | $EURNOK=X: possibly delisted; no price data found  (1d 2026-01-05 -> 2026-01-06) (Yahoo error = "Data doesn't exist for startDate = 1767571200, endDate = 1767657600")
2026-01-05 00:42:45,971 | INFO |     [EURSEK=X] +1 rows
2026-01-05 00:42:49,988 | ERROR | $EURUSD=X: possibly delisted; no price data found  (1d 2026-01-05 -> 2026-01-06) (Yahoo error = "Data doesn't exist for startDate = 1767571200, endDate = 1767657600")
2026-01-05 00:42:54,120 | ERROR | $GBPJPY=X: possibly delisted; no price data found  (1d 2026-01-05 -> 2026-01-06) (Yahoo error = "Data doesn't exist for startDate = 1767571200, endDate = 1767657600")
2026-01-05 00:42:58,317 | ERROR | $GBPUSD=X: possibly delisted; no price data found  (1d 2026-01-05 -> 2026-01-06) (Yahoo error = "Data doesn't exist for startDate = 1767571200, endDate = 1767657600")
2026-01-05 00:43:02,394 | ERROR | $NZDUSD=X: possibly delisted; no price data found  (1d 2026-01-05 -> 2026-01-06) (Yahoo error = "Data doesn't exist for startDate = 1767571200, endDate = 1767657600")
2026-01-05 00:43:06,773 | ERROR | $USDCAD=X: possibly delisted; no price data found  (1d 2026-01-05 -> 2026-01-06) (Yahoo error = "Data doesn't exist for startDate = 1767571200, endDate = 1767657600")
2026-01-05 00:43:11,049 | ERROR | $USDCHF=X: possibly delisted; no price data found  (1d 2026-01-05 -> 2026-01-06) (Yahoo error = "Data doesn't exist for startDate = 1767571200, endDate = 1767657600")
2026-01-05 00:43:15,807 | ERROR | $USDHKD=X: possibly delisted; no price data found  (1d 2026-01-05 -> 2026-01-06) (Yahoo error = "Data doesn't exist for startDate = 1767571200, endDate = 1767657600")
2026-01-05 00:43:20,494 | ERROR | $USDJPY=X: possibly delisted; no price data found  (1d 2026-01-05 -> 2026-01-06) (Yahoo error = "Data doesn't exist for startDate = 1767571200, endDate = 1767657600")
2026-01-05 00:43:25,231 | ERROR | $USDMXN=X: possibly delisted; no price data found  (1d 2026-01-05 -> 2026-01-06) (Yahoo error = "Data doesn't exist for startDate = 1767571200, endDate = 1767657600")
2026-01-05 00:43:29,488 | ERROR | $USDNOK=X: possibly delisted; no price data found  (1d 2026-01-05 -> 2026-01-06) (Yahoo error = "Data doesn't exist for startDate = 1767571200, endDate = 1767657600")
2026-01-05 00:43:32,586 | INFO |     [USDSEK=X] +1 rows
2026-01-05 00:43:36,637 | ERROR | $USDSGD=X: possibly delisted; no price data found  (1d 2026-01-05 -> 2026-01-06) (Yahoo error = "Data doesn't exist for startDate = 1767571200, endDate = 1767657600")
2026-01-05 00:43:40,865 | ERROR | $USDTRY=X: possibly delisted; no price data found  (1d 2026-01-05 -> 2026-01-06) (Yahoo error = "Data doesn't exist for startDate = 1767571200, endDate = 1767657600")
2026-01-05 00:43:45,300 | ERROR | $USDZAR=X: possibly delisted; no price data found  (1d 2026-01-05 -> 2026-01-06) (Yahoo error = "Data doesn't exist for startDate = 1767571200, endDate = 1767657600")
2026-01-05 00:43:48,303 | WARNING | Heartbeat recording failed: relation "fhq_monitoring.system_heartbeats" does not exist
LINE 2:                 INSERT INTO fhq_monitoring.system_heartbeats...
                                    ^

2026-01-05 00:43:48,312 | INFO | 
======================================================================
2026-01-05 00:43:48,312 | INFO | DAILY INGEST COMPLETE
2026-01-05 00:43:48,312 | INFO | ======================================================================
2026-01-05 00:43:48,312 | INFO | Assets Processed: 70
2026-01-05 00:43:48,312 | INFO | Assets Updated:   2
2026-01-05 00:43:48,312 | INFO | Rows Inserted:    2
2026-01-05 00:43:48,312 | INFO |   CRYPTO: 0 assets, 0 rows
2026-01-05 00:43:48,312 | INFO |   FX: 2 assets, 2 rows
2026-01-05 00:43:48,312 | INFO | Evidence: C:\fhq-market-system\vision-ios\03_FUNCTIONS\evidence\IOS001_DAILY_INGEST_477af812_20260105_004348.json
2026-01-05 00:43:48,312 | INFO | ======================================================================
