2026-02-08 02:57:30,347 | INFO | ======================================================================
2026-02-08 02:57:30,353 | INFO | IoS-001 DAILY PRICE INGEST
2026-02-08 02:57:30,353 | INFO | Executor: LINE (EC-004)
2026-02-08 02:57:30,353 | INFO | Authority: CEO_DIRECTIVE_LINE_DAILY_INGEST_ACTIVATION_20251212
2026-02-08 02:57:30,353 | INFO | Amendment: CEO-DIR-2026-119 (Rate Limit Mitigation)
2026-02-08 02:57:30,353 | INFO | Time: 2026-02-08T01:57:30.353881+00:00
2026-02-08 02:57:30,353 | INFO | Asset Class Filter: ALL
2026-02-08 02:57:30,353 | INFO | Batch Mode: True
2026-02-08 02:57:30,353 | INFO | Dry Run: False
2026-02-08 02:57:30,353 | INFO | ======================================================================
2026-02-08 02:57:30,594 | INFO | Found 491 VEGA-attested assets
2026-02-08 02:57:30,594 | INFO | 
============================================================
2026-02-08 02:57:30,594 | INFO | Processing CRYPTO: 46 assets
2026-02-08 02:57:30,594 | INFO | Schedule: Daily 01:00 UTC
2026-02-08 02:57:30,594 | INFO | ============================================================
2026-02-08 02:57:30,594 | INFO |   Using BATCH MODE (CEO-DIR-2026-119)
2026-02-08 02:57:30,594 | INFO | 
  Batch 1/5 (10 tickers)
2026-02-08 02:57:30,630 | INFO |     All assets up to date
2026-02-08 02:57:30,630 | INFO | 
  Batch 2/5 (10 tickers)
2026-02-08 02:57:30,666 | INFO |     Batch download: 1 tickers
2026-02-08 02:57:31,750 | ERROR | 
1 Failed download:
2026-02-08 02:57:31,750 | ERROR | ['GRT-USD']: YFPricesMissingError('possibly delisted; no price data found  (1d 2026-02-08 -> 2026-02-09)')
2026-02-08 02:57:31,760 | INFO |   Batch complete, waiting 120s...
2026-02-08 02:59:31,769 | INFO | 
  Batch 3/5 (10 tickers)
2026-02-08 02:59:31,815 | INFO |     All assets up to date
2026-02-08 02:59:31,815 | INFO | 
  Batch 4/5 (10 tickers)
2026-02-08 02:59:31,871 | INFO |     Batch download: 1 tickers
2026-02-08 02:59:32,521 | ERROR | 
1 Failed download:
2026-02-08 02:59:32,521 | ERROR | ['UNI-USD']: YFPricesMissingError('possibly delisted; no price data found  (1d 2026-02-08 -> 2026-02-09)')
2026-02-08 02:59:32,532 | INFO |   Batch complete, waiting 120s...
2026-02-08 03:01:32,533 | INFO | 
  Batch 5/5 (6 tickers)
2026-02-08 03:01:32,567 | INFO |     All assets up to date
2026-02-08 03:01:32,567 | INFO | 
============================================================
2026-02-08 03:01:32,567 | INFO | Processing EQUITY: 421 assets
2026-02-08 03:01:32,567 | INFO | Schedule: Weekdays 22:00 UTC
2026-02-08 03:01:32,567 | INFO | ============================================================
2026-02-08 03:01:32,567 | INFO |   Market closed for EQUITY today, skipping
2026-02-08 03:01:32,567 | INFO | 
============================================================
2026-02-08 03:01:32,567 | INFO | Processing FX: 24 assets
2026-02-08 03:01:32,567 | INFO | Schedule: Sun-Thu 22:00 UTC
2026-02-08 03:01:32,567 | INFO | ============================================================
2026-02-08 03:01:32,567 | INFO |   Using BATCH MODE (CEO-DIR-2026-119)
2026-02-08 03:01:32,567 | INFO | 
  Batch 1/3 (10 tickers)
2026-02-08 03:01:32,620 | INFO |     Batch download: 10 tickers
2026-02-08 03:01:34,259 | INFO |     [AUDJPY=X] +1 rows
2026-02-08 03:01:34,259 | INFO |     [AUDUSD=X] +1 rows
2026-02-08 03:01:34,269 | INFO |     [CADJPY=X] +1 rows
2026-02-08 03:01:34,269 | INFO |     [CHFJPY=X] +1 rows
2026-02-08 03:01:34,269 | INFO |     [EURAUD=X] +1 rows
2026-02-08 03:01:34,280 | INFO |     [EURCHF=X] +1 rows
2026-02-08 03:01:34,280 | INFO |     [EURGBP=X] +1 rows
2026-02-08 03:01:34,280 | INFO |     [EURJPY=X] +1 rows
2026-02-08 03:01:34,290 | INFO |     [EURNOK=X] +1 rows
2026-02-08 03:01:34,290 | INFO |     [EURSEK=X] +1 rows
2026-02-08 03:01:34,290 | INFO |   Batch complete, waiting 120s...
