2026-01-17 23:34:37,544 | INFO | ======================================================================
2026-01-17 23:34:37,544 | INFO | IoS-001 DAILY PRICE INGEST
2026-01-17 23:34:37,545 | INFO | Executor: LINE (EC-004)
2026-01-17 23:34:37,545 | INFO | Authority: CEO_DIRECTIVE_LINE_DAILY_INGEST_ACTIVATION_20251212
2026-01-17 23:34:37,545 | INFO | Time: 2026-01-17T22:34:37.545055+00:00
2026-01-17 23:34:37,545 | INFO | Asset Class Filter: ALL
2026-01-17 23:34:37,545 | INFO | Dry Run: False
2026-01-17 23:34:37,545 | INFO | ======================================================================
2026-01-17 23:34:37,955 | INFO | Found 491 VEGA-attested assets
2026-01-17 23:34:37,955 | INFO | 
============================================================
2026-01-17 23:34:37,955 | INFO | Processing CRYPTO: 46 assets
2026-01-17 23:34:37,955 | INFO | Schedule: Daily 01:00 UTC
2026-01-17 23:34:37,955 | INFO | ============================================================
2026-01-17 23:34:37,955 | INFO | 
  Batch 1/2 (25 assets)
2026-01-17 23:34:38,011 | INFO |   Batch complete, waiting 60s...
2026-01-17 23:35:38,011 | INFO | 
  Batch 2/2 (21 assets)
2026-01-17 23:35:39,347 | ERROR | $UNI-USD: possibly delisted; no price data found  (1d 2026-01-08 -> 2026-01-18)
2026-01-17 23:35:42,382 | INFO | 
============================================================
2026-01-17 23:35:42,382 | INFO | Processing EQUITY: 421 assets
2026-01-17 23:35:42,382 | INFO | Schedule: Weekdays 22:00 UTC
2026-01-17 23:35:42,382 | INFO | ============================================================
2026-01-17 23:35:42,382 | INFO |   Market closed for EQUITY today, skipping
2026-01-17 23:35:42,382 | INFO | 
============================================================
2026-01-17 23:35:42,382 | INFO | Processing FX: 24 assets
2026-01-17 23:35:42,382 | INFO | Schedule: Sun-Thu 22:00 UTC
2026-01-17 23:35:42,382 | INFO | ============================================================
2026-01-17 23:35:42,382 | INFO |   Market closed for FX today, skipping
2026-01-17 23:35:42,392 | WARNING | Heartbeat recording failed: relation "fhq_monitoring.system_heartbeats" does not exist
LINE 2:                 INSERT INTO fhq_monitoring.system_heartbeats...
                                    ^

2026-01-17 23:35:42,392 | INFO | 
======================================================================
2026-01-17 23:35:42,392 | INFO | DAILY INGEST COMPLETE
2026-01-17 23:35:42,392 | INFO | ======================================================================
2026-01-17 23:35:42,392 | INFO | Assets Processed: 46
2026-01-17 23:35:42,392 | INFO | Assets Updated:   0
2026-01-17 23:35:42,392 | INFO | Rows Inserted:    0
2026-01-17 23:35:42,392 | INFO |   CRYPTO: 0 assets, 0 rows
2026-01-17 23:35:42,392 | INFO | Evidence: C:\fhq-market-system\vision-ios\03_FUNCTIONS\evidence\IOS001_DAILY_INGEST_93580127_20260117_233542.json
2026-01-17 23:35:42,392 | INFO | ======================================================================
