2026-01-31 05:00:54,580 | INFO | ======================================================================
2026-01-31 05:00:54,580 | INFO | IoS-001 DAILY PRICE INGEST
2026-01-31 05:00:54,580 | INFO | Executor: LINE (EC-004)
2026-01-31 05:00:54,580 | INFO | Authority: CEO_DIRECTIVE_LINE_DAILY_INGEST_ACTIVATION_20251212
2026-01-31 05:00:54,580 | INFO | Time: 2026-01-31T04:00:54.580125+00:00
2026-01-31 05:00:54,580 | INFO | Asset Class Filter: ALL
2026-01-31 05:00:54,580 | INFO | Dry Run: False
2026-01-31 05:00:54,580 | INFO | ======================================================================
2026-01-31 05:00:54,781 | INFO | Found 491 VEGA-attested assets
2026-01-31 05:00:54,781 | INFO | 
============================================================
2026-01-31 05:00:54,781 | INFO | Processing CRYPTO: 46 assets
2026-01-31 05:00:54,781 | INFO | Schedule: Daily 01:00 UTC
2026-01-31 05:00:54,781 | INFO | ============================================================
2026-01-31 05:00:54,781 | INFO | 
  Batch 1/2 (25 assets)
2026-01-31 05:00:57,749 | WARNING |   [ADA-USD] Fetch error: Too Many Requests. Rate limited. Try after a while.
2026-01-31 05:01:01,873 | WARNING |   [ALGO-USD] Fetch error: Too Many Requests. Rate limited. Try after a while.
2026-01-31 05:01:05,913 | WARNING |   [ATOM-USD] Fetch error: Too Many Requests. Rate limited. Try after a while.
2026-01-31 05:01:10,029 | WARNING |   [AVAX-USD] Fetch error: Too Many Requests. Rate limited. Try after a while.
2026-01-31 05:01:14,030 | WARNING |   [AXS-USD] Fetch error: Too Many Requests. Rate limited. Try after a while.
2026-01-31 05:01:17,979 | WARNING |   [BCH-USD] Fetch error: Too Many Requests. Rate limited. Try after a while.
2026-01-31 05:01:21,996 | WARNING |   [BNB-USD] Fetch error: Too Many Requests. Rate limited. Try after a while.
2026-01-31 05:01:26,140 | WARNING |   [BTC-USD] Fetch error: Too Many Requests. Rate limited. Try after a while.
2026-01-31 05:01:30,431 | WARNING |   [CHZ-USD] Fetch error: Too Many Requests. Rate limited. Try after a while.
2026-01-31 05:01:34,493 | WARNING |   [CRO-USD] Fetch error: Too Many Requests. Rate limited. Try after a while.
2026-01-31 05:01:38,823 | WARNING |   [CRV-USD] Fetch error: Too Many Requests. Rate limited. Try after a while.
2026-01-31 05:01:42,979 | WARNING |   [DOGE-USD] Fetch error: Too Many Requests. Rate limited. Try after a while.
2026-01-31 05:01:46,892 | WARNING |   [DOT-USD] Fetch error: Too Many Requests. Rate limited. Try after a while.
2026-01-31 05:01:51,220 | WARNING |   [EOS-USD] Fetch error: Too Many Requests. Rate limited. Try after a while.
2026-01-31 05:01:55,341 | WARNING |   [ETC-USD] Fetch error: Too Many Requests. Rate limited. Try after a while.
2026-01-31 05:01:59,443 | WARNING |   [ETH-USD] Fetch error: Too Many Requests. Rate limited. Try after a while.
2026-01-31 05:02:03,533 | WARNING |   [FIL-USD] Fetch error: Too Many Requests. Rate limited. Try after a while.
2026-01-31 05:02:07,682 | WARNING |   [FLOW-USD] Fetch error: Too Many Requests. Rate limited. Try after a while.
2026-01-31 05:02:11,931 | WARNING |   [GRT-USD] Fetch error: Too Many Requests. Rate limited. Try after a while.
2026-01-31 05:02:15,962 | WARNING |   [HBAR-USD] Fetch error: Too Many Requests. Rate limited. Try after a while.
2026-01-31 05:02:20,232 | WARNING |   [ICP-USD] Fetch error: Too Many Requests. Rate limited. Try after a while.
2026-01-31 05:02:24,288 | WARNING |   [INJ-USD] Fetch error: Too Many Requests. Rate limited. Try after a while.
2026-01-31 05:02:28,451 | WARNING |   [LDO-USD] Fetch error: Too Many Requests. Rate limited. Try after a while.
2026-01-31 05:02:32,905 | WARNING |   [LINK-USD] Fetch error: Too Many Requests. Rate limited. Try after a while.
2026-01-31 05:02:37,056 | WARNING |   [LTC-USD] Fetch error: Too Many Requests. Rate limited. Try after a while.
2026-01-31 05:02:40,058 | INFO |   Batch complete, waiting 60s...
2026-01-31 05:03:40,060 | INFO | 
  Batch 2/2 (21 assets)
2026-01-31 05:03:41,587 | WARNING |   [MANA-USD] Fetch error: Too Many Requests. Rate limited. Try after a while.
2026-01-31 05:03:45,607 | WARNING |   [MKR-USD] Fetch error: Too Many Requests. Rate limited. Try after a while.
2026-01-31 05:03:49,655 | WARNING |   [NEAR-USD] Fetch error: Too Many Requests. Rate limited. Try after a while.
2026-01-31 05:03:53,931 | WARNING |   [OKB-USD] Fetch error: Too Many Requests. Rate limited. Try after a while.
2026-01-31 05:03:58,082 | WARNING |   [QNT-USD] Fetch error: Too Many Requests. Rate limited. Try after a while.
2026-01-31 05:04:02,710 | WARNING |   [RPL-USD] Fetch error: Too Many Requests. Rate limited. Try after a while.
2026-01-31 05:04:06,863 | WARNING |   [RUNE-USD] Fetch error: Too Many Requests. Rate limited. Try after a while.
2026-01-31 05:04:11,244 | WARNING |   [SAND-USD] Fetch error: Too Many Requests. Rate limited. Try after a while.
2026-01-31 05:04:15,181 | WARNING |   [SHIB-USD] Fetch error: Too Many Requests. Rate limited. Try after a while.
2026-01-31 05:04:19,083 | WARNING |   [SNX-USD] Fetch error: Too Many Requests. Rate limited. Try after a while.
2026-01-31 05:04:23,047 | WARNING |   [SOL-USD] Fetch error: Too Many Requests. Rate limited. Try after a while.
2026-01-31 05:04:27,076 | WARNING |   [THETA-USD] Fetch error: Too Many Requests. Rate limited. Try after a while.
2026-01-31 05:04:31,149 | WARNING |   [TRX-USD] Fetch error: Too Many Requests. Rate limited. Try after a while.
2026-01-31 05:04:35,316 | WARNING |   [UNI-USD] Fetch error: Too Many Requests. Rate limited. Try after a while.
2026-01-31 05:04:39,629 | WARNING |   [VET-USD] Fetch error: Too Many Requests. Rate limited. Try after a while.
2026-01-31 05:04:43,623 | WARNING |   [XLM-USD] Fetch error: Too Many Requests. Rate limited. Try after a while.
2026-01-31 05:04:47,589 | WARNING |   [XMR-USD] Fetch error: Too Many Requests. Rate limited. Try after a while.
2026-01-31 05:04:52,346 | WARNING |   [XRP-USD] Fetch error: Too Many Requests. Rate limited. Try after a while.
2026-01-31 05:04:56,706 | WARNING |   [ZEC-USD] Fetch error: Too Many Requests. Rate limited. Try after a while.
2026-01-31 05:05:01,331 | WARNING |   [AAVE-USD] Fetch error: Too Many Requests. Rate limited. Try after a while.
2026-01-31 05:05:04,340 | INFO | 
============================================================
2026-01-31 05:05:04,340 | INFO | Processing EQUITY: 421 assets
2026-01-31 05:05:04,340 | INFO | Schedule: Weekdays 22:00 UTC
2026-01-31 05:05:04,341 | INFO | ============================================================
2026-01-31 05:05:04,341 | INFO |   Market closed for EQUITY today, skipping
2026-01-31 05:05:04,341 | INFO | 
============================================================
2026-01-31 05:05:04,341 | INFO | Processing FX: 24 assets
2026-01-31 05:05:04,341 | INFO | Schedule: Sun-Thu 22:00 UTC
2026-01-31 05:05:04,341 | INFO | ============================================================
2026-01-31 05:05:04,341 | INFO |   Market closed for FX today, skipping
2026-01-31 05:05:04,345 | WARNING | Heartbeat recording failed: relation "fhq_monitoring.system_heartbeats" does not exist
LINE 2:                 INSERT INTO fhq_monitoring.system_heartbeats...
                                    ^

2026-01-31 05:05:04,345 | INFO | 
======================================================================
2026-01-31 05:05:04,345 | INFO | DAILY INGEST COMPLETE
2026-01-31 05:05:04,345 | INFO | ======================================================================
2026-01-31 05:05:04,345 | INFO | Assets Processed: 46
2026-01-31 05:05:04,345 | INFO | Assets Updated:   0
2026-01-31 05:05:04,345 | INFO | Rows Inserted:    0
2026-01-31 05:05:04,345 | INFO |   CRYPTO: 0 assets, 0 rows
2026-01-31 05:05:04,345 | INFO | Evidence: C:\fhq-market-system\vision-ios\03_FUNCTIONS\evidence\IOS001_DAILY_INGEST_d061964b_20260131_050504.json
2026-01-31 05:05:04,345 | INFO | ======================================================================
