2026-01-16 16:48:32,437 | INFO | ======================================================================
2026-01-16 16:48:32,437 | INFO | IoS-001 DAILY PRICE INGEST
2026-01-16 16:48:32,437 | INFO | Executor: LINE (EC-004)
2026-01-16 16:48:32,437 | INFO | Authority: CEO_DIRECTIVE_LINE_DAILY_INGEST_ACTIVATION_20251212
2026-01-16 16:48:32,437 | INFO | Time: 2026-01-16T15:48:32.437698+00:00
2026-01-16 16:48:32,437 | INFO | Asset Class Filter: ALL
2026-01-16 16:48:32,437 | INFO | Dry Run: False
2026-01-16 16:48:32,437 | INFO | ======================================================================
2026-01-16 16:48:32,779 | INFO | Found 491 VEGA-attested assets
2026-01-16 16:48:32,779 | INFO | 
============================================================
2026-01-16 16:48:32,779 | INFO | Processing CRYPTO: 46 assets
2026-01-16 16:48:32,779 | INFO | Schedule: Daily 01:00 UTC
2026-01-16 16:48:32,779 | INFO | ============================================================
2026-01-16 16:48:32,779 | INFO | 
  Batch 1/2 (25 assets)
2026-01-16 16:48:34,358 | ERROR | $GRT-USD: possibly delisted; no price data found  (1d 2026-01-15 -> 2026-01-17)
2026-01-16 16:48:37,367 | INFO |   Batch complete, waiting 60s...
2026-01-16 16:49:37,369 | INFO | 
  Batch 2/2 (21 assets)
2026-01-16 16:49:37,663 | ERROR | $UNI-USD: possibly delisted; no price data found  (1d 2026-01-08 -> 2026-01-17)
2026-01-16 16:49:40,710 | INFO | 
============================================================
2026-01-16 16:49:40,710 | INFO | Processing EQUITY: 421 assets
2026-01-16 16:49:40,710 | INFO | Schedule: Weekdays 22:00 UTC
2026-01-16 16:49:40,710 | INFO | ============================================================
2026-01-16 16:49:40,710 | INFO | 
  Batch 1/17 (25 assets)
2026-01-16 16:49:40,921 | ERROR | $1COV.DE: possibly delisted; no price data found  (1d 2025-12-24 -> 2026-01-17)
2026-01-16 16:49:43,989 | INFO |   Batch complete, waiting 60s...
2026-01-16 16:50:43,991 | INFO | 
  Batch 2/17 (25 assets)
2026-01-16 16:50:44,042 | INFO |   Batch complete, waiting 60s...
2026-01-16 16:51:44,043 | INFO | 
  Batch 3/17 (25 assets)
2026-01-16 16:51:44,857 | INFO |     [BMY] +1 rows
2026-01-16 16:51:47,984 | INFO |     [BNR.DE] +1 rows
2026-01-16 16:51:51,153 | INFO |     [BP.L] +1 rows
2026-01-16 16:51:57,339 | ERROR | $BRK.B: possibly delisted; no timezone found
2026-01-16 16:52:00,435 | INFO |     [BSX] +1 rows
2026-01-16 16:52:06,874 | ERROR | 404 Client Error: Not Found for url: https://query2.finance.yahoo.com/v10/finance/quoteSummary/BT.A.L?modules=financialData%2CquoteType%2CdefaultKeyStatistics%2CassetProfile%2CsummaryDetail&corsDomain=finance.yahoo.com&formatted=false&symbol=BT.A.L&crumb=T44m4Se0rUJ
2026-01-16 16:52:06,875 | WARNING |   [BT.A.L] Fetch error: 'NoneType' object has no attribute 'update'
2026-01-16 16:52:10,018 | INFO |     [BWO.OL] +1 rows
2026-01-16 16:52:13,193 | INFO |     [C] +1 rows
2026-01-16 16:52:16,344 | INFO |     [CAG] +1 rows
2026-01-16 16:52:19,490 | INFO |     [CAP.PA] +1 rows
2026-01-16 16:52:22,596 | INFO |     [CARR] +1 rows
2026-01-16 16:52:25,788 | INFO |     [CAT] +1 rows
2026-01-16 16:52:28,927 | INFO |     [CB] +1 rows
2026-01-16 16:52:32,129 | INFO |     [CBK.DE] +1 rows
2026-01-16 16:52:35,262 | INFO |     [CCI] +1 rows
2026-01-16 16:52:38,363 | INFO |     [CDNS] +1 rows
2026-01-16 16:52:41,367 | INFO |   Batch complete, waiting 60s...
