2025-12-27 00:57:47,314 | INFO | ======================================================================
2025-12-27 00:57:47,314 | INFO | IoS-001 DAILY PRICE INGEST
2025-12-27 00:57:47,314 | INFO | Executor: LINE (EC-004)
2025-12-27 00:57:47,314 | INFO | Authority: CEO_DIRECTIVE_LINE_DAILY_INGEST_ACTIVATION_20251212
2025-12-27 00:57:47,314 | INFO | Time: 2025-12-26T23:57:47.314648+00:00
2025-12-27 00:57:47,314 | INFO | Asset Class Filter: ALL
2025-12-27 00:57:47,314 | INFO | Dry Run: False
2025-12-27 00:57:47,314 | INFO | ======================================================================
2025-12-27 00:57:47,710 | INFO | Found 490 VEGA-attested assets
2025-12-27 00:57:47,710 | INFO | 
============================================================
2025-12-27 00:57:47,711 | INFO | Processing CRYPTO: 46 assets
2025-12-27 00:57:47,711 | INFO | Schedule: Daily 01:00 UTC
2025-12-27 00:57:47,711 | INFO | ============================================================
2025-12-27 00:57:47,711 | INFO | 
  Batch 1/2 (25 assets)
2025-12-27 00:57:50,930 | ERROR | $ADA-USD: possibly delisted; no price data found  (1d 2025-12-27 -> 2025-12-28) (Yahoo error = "Data doesn't exist for startDate = 1766793600, endDate = 1766880000")
2025-12-27 00:57:55,031 | ERROR | $ALGO-USD: possibly delisted; no price data found  (1d 2025-12-27 -> 2025-12-28) (Yahoo error = "Data doesn't exist for startDate = 1766793600, endDate = 1766880000")
2025-12-27 00:57:59,284 | ERROR | $ATOM-USD: possibly delisted; no price data found  (1d 2025-12-27 -> 2025-12-28) (Yahoo error = "Data doesn't exist for startDate = 1766793600, endDate = 1766880000")
2025-12-27 00:58:03,578 | ERROR | $AVAX-USD: possibly delisted; no price data found  (1d 2025-12-27 -> 2025-12-28) (Yahoo error = "Data doesn't exist for startDate = 1766793600, endDate = 1766880000")
2025-12-27 00:58:07,998 | ERROR | $AXS-USD: possibly delisted; no price data found  (1d 2025-12-27 -> 2025-12-28) (Yahoo error = "Data doesn't exist for startDate = 1766793600, endDate = 1766880000")
2025-12-27 00:58:11,951 | ERROR | $BCH-USD: possibly delisted; no price data found  (1d 2025-12-27 -> 2025-12-28) (Yahoo error = "Data doesn't exist for startDate = 1766793600, endDate = 1766880000")
2025-12-27 00:58:16,013 | ERROR | $BNB-USD: possibly delisted; no price data found  (1d 2025-12-27 -> 2025-12-28) (Yahoo error = "Data doesn't exist for startDate = 1766793600, endDate = 1766880000")
2025-12-27 00:58:19,924 | ERROR | $BTC-USD: possibly delisted; no price data found  (1d 2025-12-27 -> 2025-12-28) (Yahoo error = "Data doesn't exist for startDate = 1766793600, endDate = 1766880000")
2025-12-27 00:58:24,086 | ERROR | $CHZ-USD: possibly delisted; no price data found  (1d 2025-12-27 -> 2025-12-28) (Yahoo error = "Data doesn't exist for startDate = 1766793600, endDate = 1766880000")
2025-12-27 00:58:28,379 | ERROR | $CRO-USD: possibly delisted; no price data found  (1d 2025-12-27 -> 2025-12-28) (Yahoo error = "Data doesn't exist for startDate = 1766793600, endDate = 1766880000")
2025-12-27 00:58:32,774 | ERROR | $CRV-USD: possibly delisted; no price data found  (1d 2025-12-27 -> 2025-12-28) (Yahoo error = "Data doesn't exist for startDate = 1766793600, endDate = 1766880000")
2025-12-27 00:58:36,762 | ERROR | $DOGE-USD: possibly delisted; no price data found  (1d 2025-12-27 -> 2025-12-28) (Yahoo error = "Data doesn't exist for startDate = 1766793600, endDate = 1766880000")
2025-12-27 00:58:40,818 | ERROR | $DOT-USD: possibly delisted; no price data found  (1d 2025-12-27 -> 2025-12-28) (Yahoo error = "Data doesn't exist for startDate = 1766793600, endDate = 1766880000")
2025-12-27 00:58:45,067 | ERROR | $EOS-USD: possibly delisted; no price data found  (1d 2025-12-27 -> 2025-12-28) (Yahoo error = "Data doesn't exist for startDate = 1766793600, endDate = 1766880000")
2025-12-27 00:58:49,203 | ERROR | $ETC-USD: possibly delisted; no price data found  (1d 2025-12-27 -> 2025-12-28) (Yahoo error = "Data doesn't exist for startDate = 1766793600, endDate = 1766880000")
2025-12-27 00:58:53,788 | ERROR | $ETH-USD: possibly delisted; no price data found  (1d 2025-12-27 -> 2025-12-28) (Yahoo error = "Data doesn't exist for startDate = 1766793600, endDate = 1766880000")
2025-12-27 00:58:58,061 | ERROR | $FIL-USD: possibly delisted; no price data found  (1d 2025-12-27 -> 2025-12-28) (Yahoo error = "Data doesn't exist for startDate = 1766793600, endDate = 1766880000")
2025-12-27 00:59:02,091 | ERROR | $FLOW-USD: possibly delisted; no price data found  (1d 2025-12-27 -> 2025-12-28) (Yahoo error = "Data doesn't exist for startDate = 1766793600, endDate = 1766880000")
2025-12-27 00:59:06,296 | ERROR | $GRT-USD: possibly delisted; no price data found  (1d 2025-12-27 -> 2025-12-28) (Yahoo error = "Data doesn't exist for startDate = 1766793600, endDate = 1766880000")
2025-12-27 00:59:10,556 | ERROR | $HBAR-USD: possibly delisted; no price data found  (1d 2025-12-27 -> 2025-12-28) (Yahoo error = "Data doesn't exist for startDate = 1766793600, endDate = 1766880000")
2025-12-27 00:59:14,679 | ERROR | $ICP-USD: possibly delisted; no price data found  (1d 2025-12-27 -> 2025-12-28) (Yahoo error = "Data doesn't exist for startDate = 1766793600, endDate = 1766880000")
2025-12-27 00:59:18,989 | ERROR | $INJ-USD: possibly delisted; no price data found  (1d 2025-12-27 -> 2025-12-28) (Yahoo error = "Data doesn't exist for startDate = 1766793600, endDate = 1766880000")
2025-12-27 00:59:23,205 | ERROR | $LDO-USD: possibly delisted; no price data found  (1d 2025-12-27 -> 2025-12-28) (Yahoo error = "Data doesn't exist for startDate = 1766793600, endDate = 1766880000")
2025-12-27 00:59:27,117 | ERROR | $LINK-USD: possibly delisted; no price data found  (1d 2025-12-27 -> 2025-12-28) (Yahoo error = "Data doesn't exist for startDate = 1766793600, endDate = 1766880000")
2025-12-27 00:59:31,240 | ERROR | $LTC-USD: possibly delisted; no price data found  (1d 2025-12-27 -> 2025-12-28) (Yahoo error = "Data doesn't exist for startDate = 1766793600, endDate = 1766880000")
2025-12-27 00:59:34,246 | INFO |   Batch complete, waiting 60s...
2025-12-27 01:00:34,247 | INFO | 
  Batch 2/2 (21 assets)
2025-12-27 01:00:34,417 | INFO |     [MANA-USD] +1 rows
2025-12-27 01:00:37,550 | INFO |     [MKR-USD] +1 rows
2025-12-27 01:00:40,681 | INFO |     [NEAR-USD] +1 rows
2025-12-27 01:00:43,826 | INFO |     [OKB-USD] +1 rows
2025-12-27 01:00:46,961 | INFO |     [QNT-USD] +1 rows
2025-12-27 01:00:50,086 | INFO |     [RPL-USD] +1 rows
2025-12-27 01:00:53,186 | INFO |     [RUNE-USD] +1 rows
2025-12-27 01:00:56,327 | INFO |     [SAND-USD] +1 rows
2025-12-27 01:00:59,487 | INFO |     [SHIB-USD] +1 rows
2025-12-27 01:01:02,590 | INFO |     [SNX-USD] +1 rows
2025-12-27 01:01:05,693 | INFO |     [SOL-USD] +1 rows
2025-12-27 01:01:08,777 | INFO |     [THETA-USD] +1 rows
2025-12-27 01:01:11,913 | INFO |     [TRX-USD] +1 rows
2025-12-27 01:01:15,011 | ERROR | $UNI-USD: possibly delisted; no price data found  (1d 2025-12-27 -> 2025-12-28)
2025-12-27 01:01:18,141 | INFO |     [VET-USD] +1 rows
2025-12-27 01:01:21,264 | INFO |     [XLM-USD] +1 rows
2025-12-27 01:01:24,417 | INFO |     [XMR-USD] +1 rows
2025-12-27 01:01:27,543 | INFO |     [XRP-USD] +1 rows
2025-12-27 01:01:30,638 | INFO |     [XTZ-USD] +1 rows
2025-12-27 01:01:33,791 | INFO |     [ZEC-USD] +1 rows
2025-12-27 01:01:36,923 | INFO |     [AAVE-USD] +1 rows
2025-12-27 01:01:39,933 | INFO | 
============================================================
2025-12-27 01:01:39,933 | INFO | Processing EQUITY: 420 assets
2025-12-27 01:01:39,933 | INFO | Schedule: Weekdays 22:00 UTC
2025-12-27 01:01:39,933 | INFO | ============================================================
2025-12-27 01:01:39,933 | INFO |   Market closed for EQUITY today, skipping
2025-12-27 01:01:39,933 | INFO | 
============================================================
2025-12-27 01:01:39,933 | INFO | Processing FX: 24 assets
2025-12-27 01:01:39,933 | INFO | Schedule: Sun-Thu 22:00 UTC
2025-12-27 01:01:39,933 | INFO | ============================================================
2025-12-27 01:01:39,933 | INFO |   Market closed for FX today, skipping
2025-12-27 01:01:39,935 | WARNING | Heartbeat recording failed: relation "fhq_monitoring.system_heartbeats" does not exist
LINE 2:                 INSERT INTO fhq_monitoring.system_heartbeats...
                                    ^

2025-12-27 01:01:39,935 | INFO | 
======================================================================
2025-12-27 01:01:39,935 | INFO | DAILY INGEST COMPLETE
2025-12-27 01:01:39,935 | INFO | ======================================================================
2025-12-27 01:01:39,935 | INFO | Assets Processed: 46
2025-12-27 01:01:39,935 | INFO | Assets Updated:   20
2025-12-27 01:01:39,935 | INFO | Rows Inserted:    20
2025-12-27 01:01:39,935 | INFO |   CRYPTO: 20 assets, 20 rows
2025-12-27 01:01:39,935 | INFO | Evidence: C:\fhq-market-system\vision-ios\03_FUNCTIONS\evidence\IOS001_DAILY_INGEST_7ac9fc14_20251227_010139.json
2025-12-27 01:01:39,935 | INFO | ======================================================================
