2026-01-01 14:30:33,859 | INFO | ======================================================================
2026-01-01 14:30:33,859 | INFO | IoS-001 DAILY PRICE INGEST
2026-01-01 14:30:33,859 | INFO | Executor: LINE (EC-004)
2026-01-01 14:30:33,859 | INFO | Authority: CEO_DIRECTIVE_LINE_DAILY_INGEST_ACTIVATION_20251212
2026-01-01 14:30:33,863 | INFO | Time: 2026-01-01T13:30:33.859039+00:00
2026-01-01 14:30:33,863 | INFO | Asset Class Filter: ALL
2026-01-01 14:30:33,863 | INFO | Dry Run: False
2026-01-01 14:30:33,865 | INFO | ======================================================================
2026-01-01 14:30:34,202 | INFO | Found 491 VEGA-attested assets
2026-01-01 14:30:34,212 | INFO | 
============================================================
2026-01-01 14:30:34,212 | INFO | Processing CRYPTO: 46 assets
2026-01-01 14:30:34,212 | INFO | Schedule: Daily 01:00 UTC
2026-01-01 14:30:34,212 | INFO | ============================================================
2026-01-01 14:30:34,212 | INFO | 
  Batch 1/2 (25 assets)
2026-01-01 14:30:35,345 | ERROR | $GRT-USD: possibly delisted; no price data found  (1d 2026-01-01 -> 2026-01-02)
2026-01-01 14:30:38,354 | INFO |   Batch complete, waiting 60s...
2026-01-01 14:31:38,357 | INFO | 
  Batch 2/2 (21 assets)
2026-01-01 14:31:38,537 | ERROR | $UNI-USD: possibly delisted; no price data found  (1d 2025-12-31 -> 2026-01-02)
2026-01-01 14:31:41,573 | INFO | 
============================================================
2026-01-01 14:31:41,573 | INFO | Processing EQUITY: 421 assets
2026-01-01 14:31:41,573 | INFO | Schedule: Weekdays 22:00 UTC
2026-01-01 14:31:41,573 | INFO | ============================================================
2026-01-01 14:31:41,573 | INFO | 
  Batch 1/17 (25 assets)
2026-01-01 14:31:45,329 | ERROR | $1COV.DE: possibly delisted; no price data found  (1d 2025-12-24 -> 2026-01-02)
2026-01-01 14:31:48,562 | INFO |     [ABBV] +1 rows
2026-01-01 14:31:51,771 | INFO |     [ABNB] +1 rows
2026-01-01 14:31:54,939 | INFO |     [ABT] +1 rows
2026-01-01 14:31:58,123 | INFO |     [ACA.PA] +1 rows
2026-01-01 14:32:01,276 | INFO |     [ADBE] +1 rows
2026-01-01 14:32:04,520 | INFO |     [ADI] +1 rows
2026-01-01 14:32:07,721 | INFO |     [ADS.DE] +1 rows
2026-01-01 14:32:10,898 | INFO |     [ADSK] +1 rows
2026-01-01 14:32:14,099 | INFO |     [AEP] +1 rows
2026-01-01 14:32:17,285 | INFO |     [AFL] +1 rows
2026-01-01 14:32:20,467 | INFO |     [AI.PA] +1 rows
2026-01-01 14:32:23,624 | INFO |     [AIG] +1 rows
2026-01-01 14:32:26,750 | INFO |     [AIR.DE] +1 rows
2026-01-01 14:32:29,907 | INFO |     [AIR.PA] +1 rows
2026-01-01 14:32:32,998 | INFO |     [AKAM] +1 rows
2026-01-01 14:32:36,196 | INFO |     [AKER.OL] +1 rows
2026-01-01 14:32:39,318 | INFO |     [AKRBP.OL] +1 rows
2026-01-01 14:32:42,495 | INFO |     [AKSO.OL] +1 rows
2026-01-01 14:32:45,675 | INFO |     [AKVA.OL] +1 rows
2026-01-01 14:32:48,808 | INFO |     [ALB] +1 rows
2026-01-01 14:32:51,970 | INFO |     [ALL] +1 rows
2026-01-01 14:32:55,125 | INFO |     [ALO.PA] +1 rows
2026-01-01 14:32:58,299 | INFO |     [ALV.DE] +1 rows
2026-01-01 14:33:01,465 | INFO |     [AMAT] +1 rows
2026-01-01 14:33:04,468 | INFO |   Batch complete, waiting 60s...
2026-01-01 14:34:04,469 | INFO | 
  Batch 2/17 (25 assets)
2026-01-01 14:34:04,588 | INFO |     [AMD] +1 rows
2026-01-01 14:34:07,703 | INFO |     [AMGN] +1 rows
2026-01-01 14:34:10,875 | INFO |     [AMT] +1 rows
2026-01-01 14:34:14,020 | INFO |     [AMZN] +1 rows
2026-01-01 14:34:17,205 | INFO |     [AON] +1 rows
2026-01-01 14:34:20,391 | INFO |     [APD] +1 rows
2026-01-01 14:34:23,539 | INFO |     [ASML] +1 rows
2026-01-01 14:34:26,658 | INFO |     [ATO.PA] +1 rows
2026-01-01 14:34:29,937 | INFO |     [AUSS.OL] +1 rows
2026-01-01 14:34:33,055 | INFO |     [AUTO.OL] +1 rows
2026-01-01 14:34:36,480 | INFO |     [AV.L] +1 rows
2026-01-01 14:34:39,634 | INFO |     [AVB] +1 rows
2026-01-01 14:34:42,781 | INFO |     [AVGO] +1 rows
2026-01-01 14:34:45,921 | INFO |     [AWK] +1 rows
2026-01-01 14:34:49,113 | INFO |     [AXP] +1 rows
2026-01-01 14:34:52,279 | INFO |     [AZN.L] +1 rows
2026-01-01 14:34:55,408 | INFO |     [AZO] +1 rows
2026-01-01 14:34:58,573 | INFO |     [BA] +1 rows
2026-01-01 14:35:01,716 | INFO |     [BA.L] +1 rows
2026-01-01 14:35:04,916 | INFO |     [BAC] +1 rows
2026-01-01 14:35:08,035 | INFO |     [BAKKA.OL] +1 rows
2026-01-01 14:35:11,217 | INFO |     [BARC.L] +1 rows
2026-01-01 14:35:14,394 | INFO |     [BAS.DE] +1 rows
2026-01-01 14:35:17,554 | INFO |     [BATS.L] +1 rows
2026-01-01 14:35:20,705 | INFO |     [BAYN.DE] +1 rows
2026-01-01 14:35:23,709 | INFO |   Batch complete, waiting 60s...
