2026-01-19 06:42:02,711 | INFO | ======================================================================
2026-01-19 06:42:02,711 | INFO | IoS-001 DAILY PRICE INGEST
2026-01-19 06:42:02,711 | INFO | Executor: LINE (EC-004)
2026-01-19 06:42:02,711 | INFO | Authority: CEO_DIRECTIVE_LINE_DAILY_INGEST_ACTIVATION_20251212
2026-01-19 06:42:02,711 | INFO | Time: 2026-01-19T05:42:02.711145+00:00
2026-01-19 06:42:02,711 | INFO | Asset Class Filter: ALL
2026-01-19 06:42:02,711 | INFO | Dry Run: False
2026-01-19 06:42:02,711 | INFO | ======================================================================
2026-01-19 06:42:02,965 | INFO | Found 491 VEGA-attested assets
2026-01-19 06:42:02,965 | INFO | 
============================================================
2026-01-19 06:42:02,965 | INFO | Processing CRYPTO: 46 assets
2026-01-19 06:42:02,965 | INFO | Schedule: Daily 01:00 UTC
2026-01-19 06:42:02,965 | INFO | ============================================================
2026-01-19 06:42:02,965 | INFO | 
  Batch 1/2 (25 assets)
2026-01-19 06:42:03,060 | INFO |   Batch complete, waiting 60s...
2026-01-19 06:43:03,064 | INFO | 
  Batch 2/2 (21 assets)
2026-01-19 06:43:04,342 | ERROR | $UNI-USD: possibly delisted; no price data found  (1d 2026-01-19 -> 2026-01-20)
2026-01-19 06:43:07,390 | INFO | 
============================================================
2026-01-19 06:43:07,390 | INFO | Processing EQUITY: 421 assets
2026-01-19 06:43:07,390 | INFO | Schedule: Weekdays 22:00 UTC
2026-01-19 06:43:07,390 | INFO | ============================================================
2026-01-19 06:43:07,390 | INFO | 
  Batch 1/17 (25 assets)
2026-01-19 06:43:07,556 | ERROR | $1COV.DE: possibly delisted; no price data found  (1d 2025-12-24 -> 2026-01-20)
2026-01-19 06:43:10,872 | INFO |     [ABBV] +1 rows
2026-01-19 06:43:13,966 | INFO |     [ABNB] +1 rows
2026-01-19 06:43:17,112 | INFO |     [ABT] +1 rows
2026-01-19 06:43:20,238 | INFO |     [ACA.PA] +1 rows
2026-01-19 06:43:23,387 | INFO |     [ADBE] +1 rows
2026-01-19 06:43:26,507 | INFO |     [ADI] +1 rows
2026-01-19 06:43:29,676 | INFO |     [ADS.DE] +1 rows
2026-01-19 06:43:32,846 | INFO |     [ADSK] +1 rows
2026-01-19 06:43:36,060 | INFO |     [AEP] +1 rows
2026-01-19 06:43:39,211 | INFO |     [AFL] +1 rows
2026-01-19 06:43:42,364 | INFO |     [AI.PA] +1 rows
2026-01-19 06:43:45,527 | INFO |     [AIG] +1 rows
2026-01-19 06:43:48,720 | INFO |     [AIR.DE] +1 rows
2026-01-19 06:43:51,891 | INFO |     [AIR.PA] +1 rows
2026-01-19 06:43:54,994 | INFO |     [AKAM] +1 rows
2026-01-19 06:43:58,194 | INFO |     [AKER.OL] +1 rows
2026-01-19 06:44:01,343 | INFO |     [AKRBP.OL] +1 rows
2026-01-19 06:44:04,477 | INFO |     [AKSO.OL] +1 rows
2026-01-19 06:44:07,634 | INFO |     [AKVA.OL] +1 rows
2026-01-19 06:44:10,790 | INFO |     [ALB] +1 rows
2026-01-19 06:44:13,941 | INFO |     [ALL] +1 rows
2026-01-19 06:44:17,137 | INFO |     [ALO.PA] +1 rows
2026-01-19 06:44:20,316 | INFO |     [ALV.DE] +1 rows
2026-01-19 06:44:23,438 | INFO |     [AMAT] +1 rows
2026-01-19 06:44:26,439 | INFO |   Batch complete, waiting 60s...
2026-01-19 06:45:26,440 | INFO | 
  Batch 2/17 (25 assets)
2026-01-19 06:45:26,568 | INFO |     [AMD] +1 rows
2026-01-19 06:45:29,676 | INFO |     [AMGN] +1 rows
2026-01-19 06:45:32,774 | INFO |     [AMT] +1 rows
2026-01-19 06:45:35,893 | INFO |     [AMZN] +1 rows
2026-01-19 06:45:39,093 | INFO |     [AON] +1 rows
2026-01-19 06:45:42,315 | INFO |     [APD] +1 rows
2026-01-19 06:45:45,432 | INFO |     [ASML] +1 rows
2026-01-19 06:45:48,580 | INFO |     [ATO.PA] +1 rows
2026-01-19 06:45:51,811 | INFO |     [AUSS.OL] +1 rows
2026-01-19 06:45:54,916 | INFO |     [AUTO.OL] +1 rows
2026-01-19 06:45:58,188 | INFO |     [AV.L] +1 rows
2026-01-19 06:46:01,317 | INFO |     [AVB] +1 rows
2026-01-19 06:46:04,465 | INFO |     [AVGO] +1 rows
2026-01-19 06:46:07,615 | INFO |     [AWK] +1 rows
2026-01-19 06:46:10,769 | INFO |     [AXP] +1 rows
2026-01-19 06:46:13,961 | INFO |     [AZN.L] +1 rows
2026-01-19 06:46:17,085 | INFO |     [AZO] +1 rows
2026-01-19 06:46:20,318 | INFO |     [BA] +1 rows
2026-01-19 06:46:23,574 | INFO |     [BA.L] +1 rows
2026-01-19 06:46:26,707 | INFO |     [BAC] +1 rows
2026-01-19 06:46:29,853 | INFO |     [BAKKA.OL] +1 rows
2026-01-19 06:46:32,994 | INFO |     [BARC.L] +1 rows
2026-01-19 06:46:36,115 | INFO |     [BAS.DE] +1 rows
2026-01-19 06:46:39,242 | INFO |     [BATS.L] +1 rows
2026-01-19 06:46:42,403 | INFO |     [BAYN.DE] +1 rows
2026-01-19 06:46:45,405 | INFO |   Batch complete, waiting 60s...
