2026-01-29 21:14:16,178 | INFO | ======================================================================
2026-01-29 21:14:16,178 | INFO | IoS-001 DAILY PRICE INGEST
2026-01-29 21:14:16,178 | INFO | Executor: LINE (EC-004)
2026-01-29 21:14:16,178 | INFO | Authority: CEO_DIRECTIVE_LINE_DAILY_INGEST_ACTIVATION_20251212
2026-01-29 21:14:16,178 | INFO | Time: 2026-01-29T20:14:16.178697+00:00
2026-01-29 21:14:16,178 | INFO | Asset Class Filter: ALL
2026-01-29 21:14:16,178 | INFO | Dry Run: False
2026-01-29 21:14:16,178 | INFO | ======================================================================
2026-01-29 21:14:16,591 | INFO | Found 491 VEGA-attested assets
2026-01-29 21:14:16,591 | INFO | 
============================================================
2026-01-29 21:14:16,591 | INFO | Processing CRYPTO: 46 assets
2026-01-29 21:14:16,591 | INFO | Schedule: Daily 01:00 UTC
2026-01-29 21:14:16,591 | INFO | ============================================================
2026-01-29 21:14:16,591 | INFO | 
  Batch 1/2 (25 assets)
2026-01-29 21:14:19,060 | ERROR | $GRT-USD: possibly delisted; no price data found  (1d 2026-01-29 -> 2026-01-30)
2026-01-29 21:14:22,091 | INFO |   Batch complete, waiting 60s...
2026-01-29 21:15:22,092 | INFO | 
  Batch 2/2 (21 assets)
2026-01-29 21:15:22,240 | ERROR | $UNI-USD: possibly delisted; no price data found  (1d 2026-01-27 -> 2026-01-30)
2026-01-29 21:15:25,249 | INFO | 
============================================================
2026-01-29 21:15:25,249 | INFO | Processing EQUITY: 421 assets
2026-01-29 21:15:25,249 | INFO | Schedule: Weekdays 22:00 UTC
2026-01-29 21:15:25,249 | INFO | ============================================================
2026-01-29 21:15:25,249 | INFO | 
  Batch 1/17 (25 assets)
2026-01-29 21:15:33,433 | ERROR | $1COV.DE: possibly delisted; no price data found  (1d 2025-12-24 -> 2026-01-30)
2026-01-29 21:15:36,487 | INFO |   Batch complete, waiting 60s...
2026-01-29 21:16:36,488 | INFO | 
  Batch 2/17 (25 assets)
2026-01-29 21:16:36,543 | INFO |   Batch complete, waiting 60s...
2026-01-29 21:17:36,547 | INFO | 
  Batch 3/17 (25 assets)
2026-01-29 21:17:41,274 | ERROR | $BRK.B: possibly delisted; no timezone found
2026-01-29 21:17:47,086 | ERROR | 404 Client Error: Not Found for url: https://query2.finance.yahoo.com/v10/finance/quoteSummary/BT.A.L?modules=financialData%2CquoteType%2CdefaultKeyStatistics%2CassetProfile%2CsummaryDetail&corsDomain=finance.yahoo.com&formatted=false&symbol=BT.A.L&crumb=vTRCLn3Dg3M
2026-01-29 21:17:47,087 | WARNING |   [BT.A.L] Fetch error: 'NoneType' object has no attribute 'update'
2026-01-29 21:17:50,113 | INFO |   Batch complete, waiting 60s...
2026-01-29 21:18:50,114 | INFO | 
  Batch 4/17 (25 assets)
2026-01-29 21:18:50,543 | INFO |     [CTAS] +1 rows
2026-01-29 21:18:53,679 | INFO |     [CTVA] +1 rows
2026-01-29 21:18:56,841 | INFO |     [CVS] +1 rows
2026-01-29 21:19:00,036 | INFO |     [CVX] +1 rows
2026-01-29 21:19:03,196 | INFO |     [D] +1 rows
2026-01-29 21:19:06,329 | INFO |     [DAL] +1 rows
2026-01-29 21:19:09,330 | INFO |   Batch complete, waiting 60s...
