2026-01-10 23:02:08,158 | INFO | ======================================================================
2026-01-10 23:02:08,158 | INFO | IoS-001 DAILY PRICE INGEST
2026-01-10 23:02:08,158 | INFO | Executor: LINE (EC-004)
2026-01-10 23:02:08,158 | INFO | Authority: CEO_DIRECTIVE_LINE_DAILY_INGEST_ACTIVATION_20251212
2026-01-10 23:02:08,159 | INFO | Time: 2026-01-10T22:02:08.159433+00:00
2026-01-10 23:02:08,159 | INFO | Asset Class Filter: ALL
2026-01-10 23:02:08,159 | INFO | Dry Run: False
2026-01-10 23:02:08,159 | INFO | ======================================================================
2026-01-10 23:02:08,525 | INFO | Found 491 VEGA-attested assets
2026-01-10 23:02:08,526 | INFO | 
============================================================
2026-01-10 23:02:08,526 | INFO | Processing CRYPTO: 46 assets
2026-01-10 23:02:08,526 | INFO | Schedule: Daily 01:00 UTC
2026-01-10 23:02:08,526 | INFO | ============================================================
2026-01-10 23:02:08,526 | INFO | 
  Batch 1/2 (25 assets)
2026-01-10 23:02:10,330 | ERROR | $GRT-USD: possibly delisted; no price data found  (1d 2026-01-08 -> 2026-01-11)
2026-01-10 23:02:13,342 | INFO |   Batch complete, waiting 60s...
2026-01-10 23:03:13,349 | INFO | 
  Batch 2/2 (21 assets)
2026-01-10 23:03:13,477 | ERROR | $UNI-USD: possibly delisted; no price data found  (1d 2026-01-08 -> 2026-01-11)
2026-01-10 23:03:16,506 | INFO | 
============================================================
2026-01-10 23:03:16,506 | INFO | Processing EQUITY: 421 assets
2026-01-10 23:03:16,506 | INFO | Schedule: Weekdays 22:00 UTC
2026-01-10 23:03:16,506 | INFO | ============================================================
2026-01-10 23:03:16,506 | INFO |   Market closed for EQUITY today, skipping
2026-01-10 23:03:16,506 | INFO | 
============================================================
2026-01-10 23:03:16,506 | INFO | Processing FX: 24 assets
2026-01-10 23:03:16,506 | INFO | Schedule: Sun-Thu 22:00 UTC
2026-01-10 23:03:16,506 | INFO | ============================================================
2026-01-10 23:03:16,506 | INFO |   Market closed for FX today, skipping
2026-01-10 23:03:16,506 | WARNING | Heartbeat recording failed: relation "fhq_monitoring.system_heartbeats" does not exist
LINE 2:                 INSERT INTO fhq_monitoring.system_heartbeats...
                                    ^

2026-01-10 23:03:16,506 | INFO | 
======================================================================
2026-01-10 23:03:16,506 | INFO | DAILY INGEST COMPLETE
2026-01-10 23:03:16,506 | INFO | ======================================================================
2026-01-10 23:03:16,506 | INFO | Assets Processed: 46
2026-01-10 23:03:16,506 | INFO | Assets Updated:   0
2026-01-10 23:03:16,506 | INFO | Rows Inserted:    0
2026-01-10 23:03:16,506 | INFO |   CRYPTO: 0 assets, 0 rows
2026-01-10 23:03:16,506 | INFO | Evidence: C:\fhq-market-system\vision-ios\03_FUNCTIONS\evidence\IOS001_DAILY_INGEST_88ee81a3_20260110_230316.json
2026-01-10 23:03:16,506 | INFO | ======================================================================
