2026-01-18 15:00:24,550 | INFO | ======================================================================
2026-01-18 15:00:24,550 | INFO | IoS-001 DAILY PRICE INGEST
2026-01-18 15:00:24,550 | INFO | Executor: LINE (EC-004)
2026-01-18 15:00:24,550 | INFO | Authority: CEO_DIRECTIVE_LINE_DAILY_INGEST_ACTIVATION_20251212
2026-01-18 15:00:24,550 | INFO | Time: 2026-01-18T14:00:24.550726+00:00
2026-01-18 15:00:24,550 | INFO | Asset Class Filter: ALL
2026-01-18 15:00:24,550 | INFO | Dry Run: False
2026-01-18 15:00:24,550 | INFO | ======================================================================
2026-01-18 15:00:24,829 | INFO | Found 491 VEGA-attested assets
2026-01-18 15:00:24,829 | INFO | 
============================================================
2026-01-18 15:00:24,829 | INFO | Processing CRYPTO: 46 assets
2026-01-18 15:00:24,829 | INFO | Schedule: Daily 01:00 UTC
2026-01-18 15:00:24,829 | INFO | ============================================================
2026-01-18 15:00:24,829 | INFO | 
  Batch 1/2 (25 assets)
2026-01-18 15:00:28,016 | WARNING |   [GRT-USD] Fetch error: Too Many Requests. Rate limited. Try after a while.
2026-01-18 15:00:31,023 | INFO |   Batch complete, waiting 60s...
2026-01-18 15:01:31,029 | INFO | 
  Batch 2/2 (21 assets)
2026-01-18 15:01:32,944 | WARNING |   [UNI-USD] Fetch error: Too Many Requests. Rate limited. Try after a while.
2026-01-18 15:01:35,947 | INFO | 
============================================================
2026-01-18 15:01:35,947 | INFO | Processing EQUITY: 421 assets
2026-01-18 15:01:35,947 | INFO | Schedule: Weekdays 22:00 UTC
2026-01-18 15:01:35,947 | INFO | ============================================================
2026-01-18 15:01:35,947 | INFO |   Market closed for EQUITY today, skipping
2026-01-18 15:01:35,947 | INFO | 
============================================================
2026-01-18 15:01:35,947 | INFO | Processing FX: 24 assets
2026-01-18 15:01:35,947 | INFO | Schedule: Sun-Thu 22:00 UTC
2026-01-18 15:01:35,947 | INFO | ============================================================
2026-01-18 15:01:35,947 | INFO | 
  Batch 1/1 (24 assets)
2026-01-18 15:01:37,188 | WARNING |   [AUDJPY=X] Fetch error: Too Many Requests. Rate limited. Try after a while.
2026-01-18 15:01:41,288 | WARNING |   [CADJPY=X] Fetch error: Too Many Requests. Rate limited. Try after a while.
2026-01-18 15:01:45,660 | WARNING |   [CHFJPY=X] Fetch error: Too Many Requests. Rate limited. Try after a while.
2026-01-18 15:01:49,720 | WARNING |   [EURAUD=X] Fetch error: Too Many Requests. Rate limited. Try after a while.
2026-01-18 15:01:53,825 | WARNING |   [EURCHF=X] Fetch error: Too Many Requests. Rate limited. Try after a while.
2026-01-18 15:01:57,948 | WARNING |   [EURGBP=X] Fetch error: Too Many Requests. Rate limited. Try after a while.
2026-01-18 15:02:02,121 | WARNING |   [EURJPY=X] Fetch error: Too Many Requests. Rate limited. Try after a while.
2026-01-18 15:02:06,170 | WARNING |   [EURNOK=X] Fetch error: Too Many Requests. Rate limited. Try after a while.
2026-01-18 15:02:10,217 | WARNING |   [EURSEK=X] Fetch error: Too Many Requests. Rate limited. Try after a while.
2026-01-18 15:02:14,041 | WARNING |   [EURUSD=X] Fetch error: Too Many Requests. Rate limited. Try after a while.
2026-01-18 15:02:18,177 | WARNING |   [GBPJPY=X] Fetch error: Too Many Requests. Rate limited. Try after a while.
2026-01-18 15:02:21,989 | WARNING |   [USDJPY=X] Fetch error: Too Many Requests. Rate limited. Try after a while.
2026-01-18 15:02:26,046 | WARNING |   [USDMXN=X] Fetch error: Too Many Requests. Rate limited. Try after a while.
2026-01-18 15:02:29,772 | WARNING |   [USDTRY=X] Fetch error: Too Many Requests. Rate limited. Try after a while.
2026-01-18 15:02:32,783 | WARNING | Heartbeat recording failed: relation "fhq_monitoring.system_heartbeats" does not exist
LINE 2:                 INSERT INTO fhq_monitoring.system_heartbeats...
                                    ^

2026-01-18 15:02:32,784 | INFO | 
======================================================================
2026-01-18 15:02:32,784 | INFO | DAILY INGEST COMPLETE
2026-01-18 15:02:32,784 | INFO | ======================================================================
2026-01-18 15:02:32,784 | INFO | Assets Processed: 70
2026-01-18 15:02:32,784 | INFO | Assets Updated:   0
2026-01-18 15:02:32,784 | INFO | Rows Inserted:    0
2026-01-18 15:02:32,784 | INFO |   CRYPTO: 0 assets, 0 rows
2026-01-18 15:02:32,784 | INFO |   FX: 0 assets, 0 rows
2026-01-18 15:02:32,784 | INFO | Evidence: C:\fhq-market-system\vision-ios\03_FUNCTIONS\evidence\IOS001_DAILY_INGEST_92ca805e_20260118_150232.json
2026-01-18 15:02:32,784 | INFO | ======================================================================
