2026-01-28 18:25:34,516 | INFO | ======================================================================
2026-01-28 18:25:34,517 | INFO | IoS-001 DAILY PRICE INGEST
2026-01-28 18:25:34,517 | INFO | Executor: LINE (EC-004)
2026-01-28 18:25:34,517 | INFO | Authority: CEO_DIRECTIVE_LINE_DAILY_INGEST_ACTIVATION_20251212
2026-01-28 18:25:34,517 | INFO | Time: 2026-01-28T17:25:34.517779+00:00
2026-01-28 18:25:34,546 | INFO | Asset Class Filter: ALL
2026-01-28 18:25:34,546 | INFO | Dry Run: False
2026-01-28 18:25:34,546 | INFO | ======================================================================
2026-01-28 18:25:35,108 | INFO | Found 491 VEGA-attested assets
2026-01-28 18:25:35,109 | INFO | 
============================================================
2026-01-28 18:25:35,109 | INFO | Processing CRYPTO: 46 assets
2026-01-28 18:25:35,109 | INFO | Schedule: Daily 01:00 UTC
2026-01-28 18:25:35,109 | INFO | ============================================================
2026-01-28 18:25:35,110 | INFO | 
  Batch 1/2 (25 assets)
2026-01-28 18:25:41,207 | WARNING |   [GRT-USD] Fetch error: Too Many Requests. Rate limited. Try after a while.
2026-01-28 18:25:44,226 | INFO |   Batch complete, waiting 60s...
2026-01-28 18:26:44,226 | INFO | 
  Batch 2/2 (21 assets)
2026-01-28 18:26:46,204 | WARNING |   [UNI-USD] Fetch error: Too Many Requests. Rate limited. Try after a while.
2026-01-28 18:26:49,224 | INFO | 
============================================================
2026-01-28 18:26:49,224 | INFO | Processing EQUITY: 421 assets
2026-01-28 18:26:49,224 | INFO | Schedule: Weekdays 22:00 UTC
2026-01-28 18:26:49,225 | INFO | ============================================================
2026-01-28 18:26:49,225 | INFO | 
  Batch 1/17 (25 assets)
2026-01-28 18:26:50,543 | WARNING |   [1COV.DE] Fetch error: Too Many Requests. Rate limited. Try after a while.
2026-01-28 18:26:53,633 | INFO |   Batch complete, waiting 60s...
2026-01-28 18:27:53,639 | INFO | 
  Batch 2/17 (25 assets)
2026-01-28 18:27:53,710 | INFO |   Batch complete, waiting 60s...
2026-01-28 18:28:53,711 | INFO | 
  Batch 3/17 (25 assets)
2026-01-28 18:28:59,720 | WARNING |   [BRK.B] Fetch error: Too Many Requests. Rate limited. Try after a while.
2026-01-28 18:29:04,501 | WARNING |   [BT.A.L] Fetch error: Too Many Requests. Rate limited. Try after a while.
2026-01-28 18:29:09,244 | WARNING |   [CAP.PA] Fetch error: Too Many Requests. Rate limited. Try after a while.
2026-01-28 18:29:13,702 | WARNING |   [CARR] Fetch error: Too Many Requests. Rate limited. Try after a while.
2026-01-28 18:29:18,050 | WARNING |   [CAT] Fetch error: Too Many Requests. Rate limited. Try after a while.
2026-01-28 18:29:22,708 | WARNING |   [CB] Fetch error: Too Many Requests. Rate limited. Try after a while.
2026-01-28 18:29:26,826 | WARNING |   [CBK.DE] Fetch error: Too Many Requests. Rate limited. Try after a while.
2026-01-28 18:29:31,018 | WARNING |   [CCI] Fetch error: Too Many Requests. Rate limited. Try after a while.
2026-01-28 18:29:35,187 | WARNING |   [CDNS] Fetch error: Too Many Requests. Rate limited. Try after a while.
2026-01-28 18:29:38,188 | INFO |   Batch complete, waiting 60s...
