2026-02-09 22:01:34,250 | INFO | ======================================================================
2026-02-09 22:01:34,250 | INFO | IoS-001 DAILY PRICE INGEST
2026-02-09 22:01:34,250 | INFO | Executor: LINE (EC-004)
2026-02-09 22:01:34,250 | INFO | Authority: CEO_DIRECTIVE_LINE_DAILY_INGEST_ACTIVATION_20251212
2026-02-09 22:01:34,250 | INFO | Amendment: CEO-DIR-2026-119 (Rate Limit Mitigation)
2026-02-09 22:01:34,250 | INFO | Time: 2026-02-09T21:01:34.250180+00:00
2026-02-09 22:01:34,250 | INFO | Asset Class Filter: ALL
2026-02-09 22:01:34,250 | INFO | Batch Mode: True
2026-02-09 22:01:34,250 | INFO | Dry Run: False
2026-02-09 22:01:34,250 | INFO | ======================================================================
2026-02-09 22:01:34,550 | INFO | Found 491 VEGA-attested assets
2026-02-09 22:01:34,550 | INFO | 
============================================================
2026-02-09 22:01:34,550 | INFO | Processing CRYPTO: 46 assets
2026-02-09 22:01:34,550 | INFO | Schedule: Daily 01:00 UTC
2026-02-09 22:01:34,550 | INFO | ============================================================
2026-02-09 22:01:34,550 | INFO |   Using BATCH MODE (CEO-DIR-2026-119)
2026-02-09 22:01:34,550 | INFO | 
  Batch 1/5 (10 tickers)
2026-02-09 22:01:34,602 | INFO |     All assets up to date
2026-02-09 22:01:34,602 | INFO | 
  Batch 2/5 (10 tickers)
2026-02-09 22:01:34,632 | INFO |     Batch download: 1 tickers
2026-02-09 22:01:39,470 | ERROR | 
1 Failed download:
2026-02-09 22:01:39,470 | ERROR | ['GRT-USD']: YFRateLimitError('Too Many Requests. Rate limited. Try after a while.')
2026-02-09 22:01:39,476 | INFO |   Batch complete, waiting 120s...
2026-02-09 22:03:39,478 | INFO | 
  Batch 3/5 (10 tickers)
2026-02-09 22:03:39,508 | INFO |     All assets up to date
2026-02-09 22:03:39,508 | INFO | 
  Batch 4/5 (10 tickers)
2026-02-09 22:03:39,551 | INFO |     Batch download: 1 tickers
2026-02-09 22:03:42,696 | ERROR | 
1 Failed download:
2026-02-09 22:03:42,696 | ERROR | ['UNI-USD']: YFRateLimitError('Too Many Requests. Rate limited. Try after a while.')
2026-02-09 22:03:42,706 | INFO |   Batch complete, waiting 120s...
2026-02-09 22:05:42,712 | INFO | 
  Batch 5/5 (6 tickers)
2026-02-09 22:05:42,730 | INFO |     All assets up to date
2026-02-09 22:05:42,730 | INFO | 
============================================================
2026-02-09 22:05:42,730 | INFO | Processing EQUITY: 421 assets
2026-02-09 22:05:42,730 | INFO | Schedule: Weekdays 22:00 UTC
2026-02-09 22:05:42,730 | INFO | ============================================================
2026-02-09 22:05:42,730 | INFO |   Using BATCH MODE (CEO-DIR-2026-119)
2026-02-09 22:05:42,730 | INFO | 
  Batch 1/43 (10 tickers)
2026-02-09 22:05:42,757 | INFO |     Batch download: 1 tickers
2026-02-09 22:05:48,569 | ERROR | 
1 Failed download:
2026-02-09 22:05:48,569 | ERROR | ['1COV.DE']: YFRateLimitError('Too Many Requests. Rate limited. Try after a while.')
2026-02-09 22:05:48,569 | INFO |   Batch complete, waiting 120s...
