2025-12-19 22:58:43,782 | INFO | ======================================================================
2025-12-19 22:58:43,782 | INFO | IoS-001 DAILY PRICE INGEST
2025-12-19 22:58:43,782 | INFO | Executor: LINE (EC-004)
2025-12-19 22:58:43,782 | INFO | Authority: CEO_DIRECTIVE_LINE_DAILY_INGEST_ACTIVATION_20251212
2025-12-19 22:58:43,782 | INFO | Time: 2025-12-19T21:58:43.782573+00:00
2025-12-19 22:58:43,782 | INFO | Asset Class Filter: ALL
2025-12-19 22:58:43,782 | INFO | Dry Run: False
2025-12-19 22:58:43,782 | INFO | ======================================================================
2025-12-19 22:58:43,937 | INFO | Found 463 VEGA-attested assets
2025-12-19 22:58:43,937 | INFO | 
============================================================
2025-12-19 22:58:43,937 | INFO | Processing CRYPTO: 45 assets
2025-12-19 22:58:43,937 | INFO | Schedule: Daily 01:00 UTC
2025-12-19 22:58:43,937 | INFO | ============================================================
2025-12-19 22:58:43,937 | INFO | 
  Batch 1/2 (25 assets)
2025-12-19 22:58:44,017 | INFO |   Batch complete, waiting 60s...
2025-12-19 22:59:44,018 | INFO | 
  Batch 2/2 (20 assets)
2025-12-19 22:59:44,064 | INFO | 
============================================================
2025-12-19 22:59:44,064 | INFO | Processing EQUITY: 394 assets
2025-12-19 22:59:44,064 | INFO | Schedule: Weekdays 22:00 UTC
2025-12-19 22:59:44,064 | INFO | ============================================================
2025-12-19 22:59:44,064 | INFO | 
  Batch 1/16 (25 assets)
2025-12-19 22:59:46,967 | WARNING |   [ABBV] Fetch error: Too Many Requests. Rate limited. Try after a while.
2025-12-19 22:59:51,918 | WARNING |   [ABNB] Fetch error: Too Many Requests. Rate limited. Try after a while.
2025-12-19 22:59:55,994 | WARNING |   [ABT] Fetch error: Too Many Requests. Rate limited. Try after a while.
2025-12-19 23:00:00,206 | WARNING |   [ADBE] Fetch error: Too Many Requests. Rate limited. Try after a while.
2025-12-19 23:00:04,574 | WARNING |   [ADI] Fetch error: Too Many Requests. Rate limited. Try after a while.
2025-12-19 23:00:08,899 | WARNING |   [ADSK] Fetch error: Too Many Requests. Rate limited. Try after a while.
2025-12-19 23:00:13,304 | WARNING |   [AEP] Fetch error: Too Many Requests. Rate limited. Try after a while.
2025-12-19 23:00:17,329 | WARNING |   [AFL] Fetch error: Too Many Requests. Rate limited. Try after a while.
2025-12-19 23:00:21,265 | WARNING |   [AIG] Fetch error: Too Many Requests. Rate limited. Try after a while.
2025-12-19 23:00:25,286 | WARNING |   [AKAM] Fetch error: Too Many Requests. Rate limited. Try after a while.
2025-12-19 23:00:29,805 | WARNING |   [ALB] Fetch error: Too Many Requests. Rate limited. Try after a while.
2025-12-19 23:00:33,923 | WARNING |   [ALL] Fetch error: Too Many Requests. Rate limited. Try after a while.
2025-12-19 23:00:37,861 | WARNING |   [AMAT] Fetch error: Too Many Requests. Rate limited. Try after a while.
2025-12-19 23:00:40,862 | INFO |   Batch complete, waiting 60s...
2025-12-19 23:01:40,864 | INFO | 
  Batch 2/16 (25 assets)
2025-12-19 23:01:42,303 | WARNING |   [AMD] Fetch error: Too Many Requests. Rate limited. Try after a while.
2025-12-19 23:01:46,184 | WARNING |   [AMGN] Fetch error: Too Many Requests. Rate limited. Try after a while.
2025-12-19 23:01:50,418 | WARNING |   [AMT] Fetch error: Too Many Requests. Rate limited. Try after a while.
2025-12-19 23:01:54,708 | WARNING |   [AON] Fetch error: Too Many Requests. Rate limited. Try after a while.
2025-12-19 23:01:58,479 | WARNING |   [APD] Fetch error: Too Many Requests. Rate limited. Try after a while.
2025-12-19 23:02:02,936 | WARNING |   [AVB] Fetch error: Too Many Requests. Rate limited. Try after a while.
2025-12-19 23:02:06,962 | WARNING |   [AVGO] Fetch error: Too Many Requests. Rate limited. Try after a while.
2025-12-19 23:02:10,954 | WARNING |   [AWK] Fetch error: Too Many Requests. Rate limited. Try after a while.
2025-12-19 23:02:15,001 | WARNING |   [AXP] Fetch error: Too Many Requests. Rate limited. Try after a while.
2025-12-19 23:02:19,108 | WARNING |   [AZO] Fetch error: Too Many Requests. Rate limited. Try after a while.
2025-12-19 23:02:22,991 | WARNING |   [BA] Fetch error: Too Many Requests. Rate limited. Try after a while.
2025-12-19 23:02:27,165 | WARNING |   [BAC] Fetch error: Too Many Requests. Rate limited. Try after a while.
2025-12-19 23:02:30,174 | INFO |   Batch complete, waiting 60s...
2025-12-19 23:03:30,179 | INFO | 
  Batch 3/16 (25 assets)
2025-12-19 23:03:31,550 | WARNING |   [BHP.L] Fetch error: Too Many Requests. Rate limited. Try after a while.
2025-12-19 23:03:35,472 | WARNING |   [BKNG] Fetch error: Too Many Requests. Rate limited. Try after a while.
2025-12-19 23:03:39,455 | WARNING |   [BKR] Fetch error: Too Many Requests. Rate limited. Try after a while.
