2026-01-23 01:43:08,102 | INFO | ======================================================================
2026-01-23 01:43:08,103 | INFO | IoS-001 DAILY PRICE INGEST
2026-01-23 01:43:08,103 | INFO | Executor: LINE (EC-004)
2026-01-23 01:43:08,103 | INFO | Authority: CEO_DIRECTIVE_LINE_DAILY_INGEST_ACTIVATION_20251212
2026-01-23 01:43:08,104 | INFO | Time: 2026-01-23T00:43:08.103941+00:00
2026-01-23 01:43:08,104 | INFO | Asset Class Filter: ALL
2026-01-23 01:43:08,104 | INFO | Dry Run: False
2026-01-23 01:43:08,104 | INFO | ======================================================================
2026-01-23 01:43:08,755 | INFO | Found 491 VEGA-attested assets
2026-01-23 01:43:08,755 | INFO | 
============================================================
2026-01-23 01:43:08,755 | INFO | Processing CRYPTO: 46 assets
2026-01-23 01:43:08,755 | INFO | Schedule: Daily 01:00 UTC
2026-01-23 01:43:08,756 | INFO | ============================================================
2026-01-23 01:43:08,756 | INFO | 
  Batch 1/2 (25 assets)
2026-01-23 01:43:13,171 | WARNING |   [ADA-USD] Fetch error: Too Many Requests. Rate limited. Try after a while.
2026-01-23 01:43:17,124 | WARNING |   [ALGO-USD] Fetch error: Too Many Requests. Rate limited. Try after a while.
2026-01-23 01:43:21,196 | WARNING |   [ATOM-USD] Fetch error: Too Many Requests. Rate limited. Try after a while.
2026-01-23 01:43:25,240 | WARNING |   [AVAX-USD] Fetch error: Too Many Requests. Rate limited. Try after a while.
2026-01-23 01:43:29,227 | WARNING |   [AXS-USD] Fetch error: Too Many Requests. Rate limited. Try after a while.
2026-01-23 01:43:33,339 | WARNING |   [BCH-USD] Fetch error: Too Many Requests. Rate limited. Try after a while.
2026-01-23 01:43:37,654 | WARNING |   [BNB-USD] Fetch error: Too Many Requests. Rate limited. Try after a while.
2026-01-23 01:43:41,973 | WARNING |   [BTC-USD] Fetch error: Too Many Requests. Rate limited. Try after a while.
2026-01-23 01:43:46,189 | WARNING |   [CHZ-USD] Fetch error: Too Many Requests. Rate limited. Try after a while.
2026-01-23 01:43:50,400 | WARNING |   [CRO-USD] Fetch error: Too Many Requests. Rate limited. Try after a while.
2026-01-23 01:43:54,146 | WARNING |   [CRV-USD] Fetch error: Too Many Requests. Rate limited. Try after a while.
2026-01-23 01:43:58,066 | WARNING |   [DOGE-USD] Fetch error: Too Many Requests. Rate limited. Try after a while.
2026-01-23 01:44:01,975 | WARNING |   [DOT-USD] Fetch error: Too Many Requests. Rate limited. Try after a while.
2026-01-23 01:44:05,780 | WARNING |   [EOS-USD] Fetch error: Too Many Requests. Rate limited. Try after a while.
2026-01-23 01:44:09,980 | WARNING |   [ETC-USD] Fetch error: Too Many Requests. Rate limited. Try after a while.
2026-01-23 01:44:13,989 | WARNING |   [ETH-USD] Fetch error: Too Many Requests. Rate limited. Try after a while.
2026-01-23 01:44:18,070 | WARNING |   [FIL-USD] Fetch error: Too Many Requests. Rate limited. Try after a while.
2026-01-23 01:44:22,021 | WARNING |   [FLOW-USD] Fetch error: Too Many Requests. Rate limited. Try after a while.
2026-01-23 01:44:25,955 | WARNING |   [GRT-USD] Fetch error: Too Many Requests. Rate limited. Try after a while.
2026-01-23 01:44:29,879 | WARNING |   [HBAR-USD] Fetch error: Too Many Requests. Rate limited. Try after a while.
2026-01-23 01:44:34,158 | WARNING |   [ICP-USD] Fetch error: Too Many Requests. Rate limited. Try after a while.
2026-01-23 01:44:37,921 | WARNING |   [INJ-USD] Fetch error: Too Many Requests. Rate limited. Try after a while.
2026-01-23 01:44:41,925 | WARNING |   [LDO-USD] Fetch error: Too Many Requests. Rate limited. Try after a while.
2026-01-23 01:44:45,691 | WARNING |   [LINK-USD] Fetch error: Too Many Requests. Rate limited. Try after a while.
2026-01-23 01:44:49,733 | WARNING |   [LTC-USD] Fetch error: Too Many Requests. Rate limited. Try after a while.
2026-01-23 01:44:52,734 | INFO |   Batch complete, waiting 60s...
2026-01-23 01:45:52,735 | INFO | 
  Batch 2/2 (21 assets)
2026-01-23 01:45:54,256 | WARNING |   [MANA-USD] Fetch error: Too Many Requests. Rate limited. Try after a while.
2026-01-23 01:45:58,111 | WARNING |   [MKR-USD] Fetch error: Too Many Requests. Rate limited. Try after a while.
2026-01-23 01:46:01,888 | WARNING |   [NEAR-USD] Fetch error: Too Many Requests. Rate limited. Try after a while.
2026-01-23 01:46:05,888 | WARNING |   [OKB-USD] Fetch error: Too Many Requests. Rate limited. Try after a while.
2026-01-23 01:46:09,863 | WARNING |   [QNT-USD] Fetch error: Too Many Requests. Rate limited. Try after a while.
2026-01-23 01:46:13,848 | WARNING |   [RPL-USD] Fetch error: Too Many Requests. Rate limited. Try after a while.
2026-01-23 01:46:17,856 | WARNING |   [RUNE-USD] Fetch error: Too Many Requests. Rate limited. Try after a while.
2026-01-23 01:46:21,986 | WARNING |   [SAND-USD] Fetch error: Too Many Requests. Rate limited. Try after a while.
2026-01-23 01:46:25,933 | WARNING |   [SHIB-USD] Fetch error: Too Many Requests. Rate limited. Try after a while.
2026-01-23 01:46:29,969 | WARNING |   [SNX-USD] Fetch error: Too Many Requests. Rate limited. Try after a while.
2026-01-23 01:46:34,231 | WARNING |   [SOL-USD] Fetch error: Too Many Requests. Rate limited. Try after a while.
2026-01-23 01:46:38,489 | WARNING |   [THETA-USD] Fetch error: Too Many Requests. Rate limited. Try after a while.
2026-01-23 01:46:42,803 | WARNING |   [TRX-USD] Fetch error: Too Many Requests. Rate limited. Try after a while.
2026-01-23 01:46:46,959 | WARNING |   [UNI-USD] Fetch error: Too Many Requests. Rate limited. Try after a while.
2026-01-23 01:46:51,023 | WARNING |   [VET-USD] Fetch error: Too Many Requests. Rate limited. Try after a while.
2026-01-23 01:46:55,087 | WARNING |   [XLM-USD] Fetch error: Too Many Requests. Rate limited. Try after a while.
2026-01-23 01:46:59,455 | WARNING |   [XMR-USD] Fetch error: Too Many Requests. Rate limited. Try after a while.
2026-01-23 01:47:03,379 | WARNING |   [XRP-USD] Fetch error: Too Many Requests. Rate limited. Try after a while.
2026-01-23 01:47:07,199 | WARNING |   [XTZ-USD] Fetch error: Too Many Requests. Rate limited. Try after a while.
2026-01-23 01:47:11,555 | WARNING |   [ZEC-USD] Fetch error: Too Many Requests. Rate limited. Try after a while.
2026-01-23 01:47:15,593 | WARNING |   [AAVE-USD] Fetch error: Too Many Requests. Rate limited. Try after a while.
2026-01-23 01:47:18,603 | INFO | 
============================================================
2026-01-23 01:47:18,603 | INFO | Processing EQUITY: 421 assets
2026-01-23 01:47:18,603 | INFO | Schedule: Weekdays 22:00 UTC
2026-01-23 01:47:18,603 | INFO | ============================================================
2026-01-23 01:47:18,603 | INFO | 
  Batch 1/17 (25 assets)
2026-01-23 01:47:19,596 | WARNING |   [1COV.DE] Fetch error: Too Many Requests. Rate limited. Try after a while.
2026-01-23 01:47:23,485 | WARNING |   [ABBV] Fetch error: Too Many Requests. Rate limited. Try after a while.
2026-01-23 01:47:27,529 | WARNING |   [ABNB] Fetch error: Too Many Requests. Rate limited. Try after a while.
2026-01-23 01:47:31,482 | WARNING |   [ABT] Fetch error: Too Many Requests. Rate limited. Try after a while.
2026-01-23 01:47:35,618 | WARNING |   [ACA.PA] Fetch error: Too Many Requests. Rate limited. Try after a while.
2026-01-23 01:47:39,723 | WARNING |   [ADBE] Fetch error: Too Many Requests. Rate limited. Try after a while.
2026-01-23 01:47:43,900 | WARNING |   [ADI] Fetch error: Too Many Requests. Rate limited. Try after a while.
2026-01-23 01:47:48,203 | WARNING |   [ADS.DE] Fetch error: Too Many Requests. Rate limited. Try after a while.
2026-01-23 01:47:52,316 | WARNING |   [ADSK] Fetch error: Too Many Requests. Rate limited. Try after a while.
2026-01-23 01:47:56,541 | WARNING |   [AEP] Fetch error: Too Many Requests. Rate limited. Try after a while.
2026-01-23 01:48:00,535 | WARNING |   [AFL] Fetch error: Too Many Requests. Rate limited. Try after a while.
2026-01-23 01:48:04,832 | WARNING |   [AI.PA] Fetch error: Too Many Requests. Rate limited. Try after a while.
