2026-01-15 01:45:32,522 | INFO | ======================================================================
2026-01-15 01:45:32,523 | INFO | IoS-001 DAILY PRICE INGEST
2026-01-15 01:45:32,523 | INFO | Executor: LINE (EC-004)
2026-01-15 01:45:32,523 | INFO | Authority: CEO_DIRECTIVE_LINE_DAILY_INGEST_ACTIVATION_20251212
2026-01-15 01:45:32,523 | INFO | Time: 2026-01-15T00:45:32.523184+00:00
2026-01-15 01:45:32,523 | INFO | Asset Class Filter: ALL
2026-01-15 01:45:32,523 | INFO | Dry Run: False
2026-01-15 01:45:32,523 | INFO | ======================================================================
2026-01-15 01:45:32,763 | INFO | Found 491 VEGA-attested assets
2026-01-15 01:45:32,764 | INFO | 
============================================================
2026-01-15 01:45:32,764 | INFO | Processing CRYPTO: 46 assets
2026-01-15 01:45:32,764 | INFO | Schedule: Daily 01:00 UTC
2026-01-15 01:45:32,764 | INFO | ============================================================
2026-01-15 01:45:32,764 | INFO | 
  Batch 1/2 (25 assets)
2026-01-15 01:45:33,946 | INFO |     [ADA-USD] +1 rows
2026-01-15 01:45:37,101 | INFO |     [ALGO-USD] +1 rows
2026-01-15 01:45:40,261 | INFO |     [ATOM-USD] +1 rows
2026-01-15 01:45:43,349 | INFO |     [AVAX-USD] +1 rows
2026-01-15 01:45:46,501 | INFO |     [AXS-USD] +1 rows
2026-01-15 01:45:49,622 | INFO |     [BCH-USD] +1 rows
2026-01-15 01:45:52,759 | INFO |     [BNB-USD] +1 rows
2026-01-15 01:45:55,899 | INFO |     [BTC-USD] +1 rows
2026-01-15 01:45:59,037 | INFO |     [CHZ-USD] +1 rows
2026-01-15 01:46:02,135 | INFO |     [CRO-USD] +1 rows
2026-01-15 01:46:05,231 | INFO |     [CRV-USD] +1 rows
2026-01-15 01:46:08,372 | INFO |     [DOGE-USD] +1 rows
2026-01-15 01:46:11,495 | INFO |     [DOT-USD] +1 rows
2026-01-15 01:46:14,627 | INFO |     [EOS-USD] +1 rows
2026-01-15 01:46:17,723 | INFO |     [ETC-USD] +1 rows
2026-01-15 01:46:20,870 | INFO |     [ETH-USD] +1 rows
2026-01-15 01:46:23,996 | INFO |     [FIL-USD] +1 rows
2026-01-15 01:46:27,123 | INFO |     [FLOW-USD] +1 rows
2026-01-15 01:46:30,216 | ERROR | $GRT-USD: possibly delisted; no price data found  (1d 2026-01-14 -> 2026-01-16)
2026-01-15 01:46:35,320 | INFO |     [HBAR-USD] +1 rows
2026-01-15 01:46:38,465 | INFO |     [ICP-USD] +1 rows
2026-01-15 01:46:41,603 | INFO |     [INJ-USD] +1 rows
2026-01-15 01:46:44,737 | INFO |     [LDO-USD] +1 rows
2026-01-15 01:46:47,858 | INFO |     [LINK-USD] +1 rows
2026-01-15 01:46:50,987 | INFO |     [LTC-USD] +1 rows
2026-01-15 01:46:53,989 | INFO |   Batch complete, waiting 60s...
2026-01-15 01:47:53,991 | INFO | 
  Batch 2/2 (21 assets)
2026-01-15 01:48:04,020 | ERROR | $MANA-USD: possibly delisted; no price data found  (1d 2026-01-15 -> 2026-01-16)
2026-01-15 01:48:07,490 | INFO |     [MKR-USD] +1 rows
2026-01-15 01:48:20,511 | ERROR | $NEAR-USD: possibly delisted; no price data found  (1d 2026-01-15 -> 2026-01-16)
2026-01-15 01:48:33,939 | ERROR | $OKB-USD: possibly delisted; no price data found  (1d 2026-01-15 -> 2026-01-16)
2026-01-15 01:48:37,434 | INFO |     [QNT-USD] +1 rows
2026-01-15 01:48:40,607 | INFO |     [RPL-USD] +1 rows
2026-01-15 01:48:43,756 | INFO |     [RUNE-USD] +1 rows
2026-01-15 01:48:46,922 | INFO |     [SAND-USD] +1 rows
2026-01-15 01:48:55,736 | INFO |     [SHIB-USD] +1 rows
2026-01-15 01:48:58,975 | INFO |     [SNX-USD] +1 rows
2026-01-15 01:49:02,165 | INFO |     [SOL-USD] +1 rows
2026-01-15 01:49:10,392 | INFO |     [THETA-USD] +1 rows
2026-01-15 01:49:13,510 | INFO |     [TRX-USD] +1 rows
2026-01-15 01:49:16,613 | ERROR | $UNI-USD: possibly delisted; no price data found  (1d 2026-01-08 -> 2026-01-16)
2026-01-15 01:49:19,729 | INFO |     [VET-USD] +1 rows
2026-01-15 01:49:22,831 | INFO |     [XLM-USD] +1 rows
2026-01-15 01:49:25,979 | INFO |     [XMR-USD] +1 rows
2026-01-15 01:49:29,107 | INFO |     [XRP-USD] +1 rows
2026-01-15 01:49:32,255 | INFO |     [XTZ-USD] +1 rows
2026-01-15 01:49:35,368 | INFO |     [ZEC-USD] +1 rows
2026-01-15 01:49:38,501 | INFO |     [AAVE-USD] +1 rows
2026-01-15 01:49:41,502 | INFO | 
============================================================
2026-01-15 01:49:41,504 | INFO | Processing EQUITY: 421 assets
2026-01-15 01:49:41,505 | INFO | Schedule: Weekdays 22:00 UTC
2026-01-15 01:49:41,505 | INFO | ============================================================
2026-01-15 01:49:41,505 | INFO | 
  Batch 1/17 (25 assets)
2026-01-15 01:49:41,813 | ERROR | $1COV.DE: possibly delisted; no price data found  (1d 2025-12-24 -> 2026-01-16)
2026-01-15 01:49:46,697 | ERROR | $ABBV: possibly delisted; no price data found  (1d 2026-01-15 -> 2026-01-16) (Yahoo error = "Data doesn't exist for startDate = 1768453200, endDate = 1768539600")
2026-01-15 01:49:50,330 | ERROR | $ABNB: possibly delisted; no price data found  (1d 2026-01-15 -> 2026-01-16) (Yahoo error = "Data doesn't exist for startDate = 1768453200, endDate = 1768539600")
2026-01-15 01:49:53,936 | ERROR | $ABT: possibly delisted; no price data found  (1d 2026-01-15 -> 2026-01-16) (Yahoo error = "Data doesn't exist for startDate = 1768453200, endDate = 1768539600")
2026-01-15 01:49:57,122 | INFO |     [ACA.PA] +1 rows
2026-01-15 01:50:07,807 | ERROR | $ADBE: possibly delisted; no price data found  (1d 2026-01-15 -> 2026-01-16) (Yahoo error = "Data doesn't exist for startDate = 1768453200, endDate = 1768539600")
