2026-02-16 19:42:24,865 | INFO | ======================================================================
2026-02-16 19:42:24,865 | INFO | IoS-001 DAILY PRICE INGEST
2026-02-16 19:42:24,865 | INFO | Executor: LINE (EC-004)
2026-02-16 19:42:24,865 | INFO | Authority: CEO_DIRECTIVE_LINE_DAILY_INGEST_ACTIVATION_20251212
2026-02-16 19:42:24,865 | INFO | Amendment: CEO-DIR-2026-119 (Rate Limit Mitigation)
2026-02-16 19:42:24,866 | INFO | Time: 2026-02-16T18:42:24.866593+00:00
2026-02-16 19:42:24,866 | INFO | Asset Class Filter: ALL
2026-02-16 19:42:24,866 | INFO | Batch Mode: True
2026-02-16 19:42:24,866 | INFO | Dry Run: False
2026-02-16 19:42:24,866 | INFO | ======================================================================
2026-02-16 19:42:25,128 | INFO | Found 491 VEGA-attested assets
2026-02-16 19:42:25,128 | INFO | 
============================================================
2026-02-16 19:42:25,128 | INFO | Processing CRYPTO: 46 assets
2026-02-16 19:42:25,128 | INFO | Schedule: Daily 01:00 UTC
2026-02-16 19:42:25,128 | INFO | ============================================================
2026-02-16 19:42:25,128 | INFO |   Using BATCH MODE (CEO-DIR-2026-119)
2026-02-16 19:42:25,128 | INFO | 
  Batch 1/5 (10 tickers)
2026-02-16 19:42:25,149 | INFO |     All assets up to date
2026-02-16 19:42:25,149 | INFO | 
  Batch 2/5 (10 tickers)
2026-02-16 19:42:25,180 | INFO |     Batch download: 1 tickers
2026-02-16 19:42:26,400 | ERROR | 
1 Failed download:
2026-02-16 19:42:26,400 | ERROR | ['GRT-USD']: YFPricesMissingError('possibly delisted; no price data found  (1d 2026-02-15 -> 2026-02-17)')
2026-02-16 19:42:26,412 | INFO |   Batch complete, waiting 120s...
2026-02-16 19:44:26,414 | INFO | 
  Batch 3/5 (10 tickers)
2026-02-16 19:44:26,492 | INFO |     All assets up to date
2026-02-16 19:44:26,492 | INFO | 
  Batch 4/5 (10 tickers)
2026-02-16 19:44:26,534 | INFO |     Batch download: 1 tickers
2026-02-16 19:44:27,024 | ERROR | 
1 Failed download:
2026-02-16 19:44:27,024 | ERROR | ['UNI-USD']: YFPricesMissingError('possibly delisted; no price data found  (1d 2026-02-12 -> 2026-02-17)')
2026-02-16 19:44:27,031 | INFO |   Batch complete, waiting 120s...
2026-02-16 19:46:27,032 | INFO | 
  Batch 5/5 (6 tickers)
2026-02-16 19:46:27,082 | INFO |     All assets up to date
2026-02-16 19:46:27,082 | INFO | 
============================================================
2026-02-16 19:46:27,083 | INFO | Processing EQUITY: 421 assets
2026-02-16 19:46:27,084 | INFO | Schedule: Weekdays 22:00 UTC
2026-02-16 19:46:27,084 | INFO | ============================================================
2026-02-16 19:46:27,085 | INFO |   Using BATCH MODE (CEO-DIR-2026-119)
2026-02-16 19:46:27,085 | INFO | 
  Batch 1/43 (10 tickers)
2026-02-16 19:46:27,118 | INFO |     Batch download: 8 tickers
2026-02-16 19:46:28,834 | ERROR | 
1 Failed download:
2026-02-16 19:46:28,834 | ERROR | ['1COV.DE']: YFPricesMissingError('possibly delisted; no price data found  (1d 2025-12-24 -> 2026-02-17)')
2026-02-16 19:46:28,906 | INFO |     [ABBV] +35 rows
2026-02-16 19:46:28,917 | INFO |     [ABNB] +35 rows
2026-02-16 19:46:28,937 | INFO |     [ABT] +35 rows
2026-02-16 19:46:28,947 | INFO |     [ADBE] +35 rows
2026-02-16 19:46:28,968 | INFO |     [ADI] +35 rows
2026-02-16 19:46:28,982 | INFO |     [ADSK] +35 rows
2026-02-16 19:46:28,997 | INFO |     [AEP] +35 rows
2026-02-16 19:46:28,997 | INFO |   Batch complete, waiting 120s...
