2026-02-10 23:47:41,297 | INFO | ======================================================================
2026-02-10 23:47:41,297 | INFO | IoS-001 DAILY PRICE INGEST
2026-02-10 23:47:41,297 | INFO | Executor: LINE (EC-004)
2026-02-10 23:47:41,298 | INFO | Authority: CEO_DIRECTIVE_LINE_DAILY_INGEST_ACTIVATION_20251212
2026-02-10 23:47:41,298 | INFO | Amendment: CEO-DIR-2026-119 (Rate Limit Mitigation)
2026-02-10 23:47:41,298 | INFO | Time: 2026-02-10T22:47:41.298262+00:00
2026-02-10 23:47:41,298 | INFO | Asset Class Filter: ALL
2026-02-10 23:47:41,298 | INFO | Batch Mode: True
2026-02-10 23:47:41,299 | INFO | Dry Run: False
2026-02-10 23:47:41,299 | INFO | ======================================================================
2026-02-10 23:47:41,655 | INFO | Found 491 VEGA-attested assets
2026-02-10 23:47:41,655 | INFO | 
============================================================
2026-02-10 23:47:41,656 | INFO | Processing CRYPTO: 46 assets
2026-02-10 23:47:41,656 | INFO | Schedule: Daily 01:00 UTC
2026-02-10 23:47:41,656 | INFO | ============================================================
2026-02-10 23:47:41,656 | INFO |   Using BATCH MODE (CEO-DIR-2026-119)
2026-02-10 23:47:41,656 | INFO | 
  Batch 1/5 (10 tickers)
2026-02-10 23:47:41,716 | INFO |     All assets up to date
2026-02-10 23:47:41,716 | INFO | 
  Batch 2/5 (10 tickers)
2026-02-10 23:47:41,756 | INFO |     Batch download: 1 tickers
2026-02-10 23:47:46,446 | ERROR | 
1 Failed download:
2026-02-10 23:47:46,447 | ERROR | ['GRT-USD']: YFRateLimitError('Too Many Requests. Rate limited. Try after a while.')
2026-02-10 23:47:46,486 | INFO |   Batch complete, waiting 120s...
2026-02-10 23:49:46,487 | INFO | 
  Batch 3/5 (10 tickers)
2026-02-10 23:49:46,527 | INFO |     All assets up to date
2026-02-10 23:49:46,527 | INFO | 
  Batch 4/5 (10 tickers)
2026-02-10 23:49:46,557 | INFO |     Batch download: 1 tickers
2026-02-10 23:49:51,718 | ERROR | 
1 Failed download:
2026-02-10 23:49:51,719 | ERROR | ['UNI-USD']: YFRateLimitError('Too Many Requests. Rate limited. Try after a while.')
2026-02-10 23:49:51,723 | INFO |   Batch complete, waiting 120s...
2026-02-10 23:51:51,725 | INFO | 
  Batch 5/5 (6 tickers)
2026-02-10 23:51:51,743 | INFO |     All assets up to date
2026-02-10 23:51:51,743 | INFO | 
============================================================
2026-02-10 23:51:51,743 | INFO | Processing EQUITY: 421 assets
2026-02-10 23:51:51,744 | INFO | Schedule: Weekdays 22:00 UTC
2026-02-10 23:51:51,744 | INFO | ============================================================
2026-02-10 23:51:51,744 | INFO |   Using BATCH MODE (CEO-DIR-2026-119)
2026-02-10 23:51:51,744 | INFO | 
  Batch 1/43 (10 tickers)
2026-02-10 23:51:51,769 | INFO |     Batch download: 1 tickers
2026-02-10 23:51:57,944 | ERROR | 
1 Failed download:
2026-02-10 23:51:57,944 | ERROR | ['1COV.DE']: YFRateLimitError('Too Many Requests. Rate limited. Try after a while.')
2026-02-10 23:51:57,949 | INFO |   Batch complete, waiting 120s...
