2026-01-24 20:30:39,405 | INFO | ======================================================================
2026-01-24 20:30:39,405 | INFO | IoS-001 DAILY PRICE INGEST
2026-01-24 20:30:39,405 | INFO | Executor: LINE (EC-004)
2026-01-24 20:30:39,405 | INFO | Authority: CEO_DIRECTIVE_LINE_DAILY_INGEST_ACTIVATION_20251212
2026-01-24 20:30:39,405 | INFO | Time: 2026-01-24T19:30:39.405161+00:00
2026-01-24 20:30:39,405 | INFO | Asset Class Filter: ALL
2026-01-24 20:30:39,405 | INFO | Dry Run: False
2026-01-24 20:30:39,405 | INFO | ======================================================================
2026-01-24 20:30:39,633 | INFO | Found 491 VEGA-attested assets
2026-01-24 20:30:39,633 | INFO | 
============================================================
2026-01-24 20:30:39,643 | INFO | Processing CRYPTO: 46 assets
2026-01-24 20:30:39,643 | INFO | Schedule: Daily 01:00 UTC
2026-01-24 20:30:39,643 | INFO | ============================================================
2026-01-24 20:30:39,643 | INFO | 
  Batch 1/2 (25 assets)
2026-01-24 20:30:42,428 | WARNING |   [GRT-USD] Fetch error: Too Many Requests. Rate limited. Try after a while.
2026-01-24 20:30:45,470 | INFO |   Batch complete, waiting 60s...
2026-01-24 20:31:45,471 | INFO | 
  Batch 2/2 (21 assets)
2026-01-24 20:31:47,631 | WARNING |   [UNI-USD] Fetch error: Too Many Requests. Rate limited. Try after a while.
2026-01-24 20:31:50,675 | INFO | 
============================================================
2026-01-24 20:31:50,676 | INFO | Processing EQUITY: 421 assets
2026-01-24 20:31:50,676 | INFO | Schedule: Weekdays 22:00 UTC
2026-01-24 20:31:50,676 | INFO | ============================================================
2026-01-24 20:31:50,676 | INFO |   Market closed for EQUITY today, skipping
2026-01-24 20:31:50,676 | INFO | 
============================================================
2026-01-24 20:31:50,677 | INFO | Processing FX: 24 assets
2026-01-24 20:31:50,677 | INFO | Schedule: Sun-Thu 22:00 UTC
2026-01-24 20:31:50,677 | INFO | ============================================================
2026-01-24 20:31:50,677 | INFO |   Market closed for FX today, skipping
2026-01-24 20:31:50,682 | WARNING | Heartbeat recording failed: relation "fhq_monitoring.system_heartbeats" does not exist
LINE 2:                 INSERT INTO fhq_monitoring.system_heartbeats...
                                    ^

2026-01-24 20:31:50,684 | INFO | 
======================================================================
2026-01-24 20:31:50,685 | INFO | DAILY INGEST COMPLETE
2026-01-24 20:31:50,686 | INFO | ======================================================================
2026-01-24 20:31:50,686 | INFO | Assets Processed: 46
2026-01-24 20:31:50,686 | INFO | Assets Updated:   0
2026-01-24 20:31:50,686 | INFO | Rows Inserted:    0
2026-01-24 20:31:50,687 | INFO |   CRYPTO: 0 assets, 0 rows
2026-01-24 20:31:50,687 | INFO | Evidence: C:\fhq-market-system\vision-ios\03_FUNCTIONS\evidence\IOS001_DAILY_INGEST_89e9e611_20260124_203150.json
2026-01-24 20:31:50,687 | INFO | ======================================================================
