2026-01-27 04:08:41,071 | INFO | ======================================================================
2026-01-27 04:08:41,071 | INFO | IoS-001 DAILY PRICE INGEST
2026-01-27 04:08:41,071 | INFO | Executor: LINE (EC-004)
2026-01-27 04:08:41,071 | INFO | Authority: CEO_DIRECTIVE_LINE_DAILY_INGEST_ACTIVATION_20251212
2026-01-27 04:08:41,072 | INFO | Time: 2026-01-27T03:08:41.072495+00:00
2026-01-27 04:08:41,072 | INFO | Asset Class Filter: ALL
2026-01-27 04:08:41,072 | INFO | Dry Run: False
2026-01-27 04:08:41,072 | INFO | ======================================================================
2026-01-27 04:08:41,258 | INFO | Found 491 VEGA-attested assets
2026-01-27 04:08:41,258 | INFO | 
============================================================
2026-01-27 04:08:41,258 | INFO | Processing CRYPTO: 46 assets
2026-01-27 04:08:41,258 | INFO | Schedule: Daily 01:00 UTC
2026-01-27 04:08:41,258 | INFO | ============================================================
2026-01-27 04:08:41,258 | INFO | 
  Batch 1/2 (25 assets)
2026-01-27 04:08:42,457 | ERROR | $GRT-USD: possibly delisted; no price data found  (1d 2026-01-27 -> 2026-01-28)
2026-01-27 04:08:45,496 | INFO |   Batch complete, waiting 60s...
2026-01-27 04:09:45,502 | INFO | 
  Batch 2/2 (21 assets)
2026-01-27 04:09:45,633 | ERROR | $UNI-USD: possibly delisted; no price data found  (1d 2026-01-27 -> 2026-01-28)
2026-01-27 04:09:48,664 | INFO | 
============================================================
2026-01-27 04:09:48,664 | INFO | Processing EQUITY: 421 assets
2026-01-27 04:09:48,664 | INFO | Schedule: Weekdays 22:00 UTC
2026-01-27 04:09:48,664 | INFO | ============================================================
2026-01-27 04:09:48,664 | INFO | 
  Batch 1/17 (25 assets)
2026-01-27 04:09:48,808 | ERROR | $1COV.DE: possibly delisted; no price data found  (1d 2025-12-24 -> 2026-01-28)
2026-01-27 04:09:54,159 | ERROR | $ABBV: possibly delisted; no price data found  (1d 2026-01-27 -> 2026-01-28) (Yahoo error = "Data doesn't exist for startDate = 1769490000, endDate = 1769576400")
2026-01-27 04:09:58,735 | ERROR | $ABNB: possibly delisted; no price data found  (1d 2026-01-27 -> 2026-01-28) (Yahoo error = "Data doesn't exist for startDate = 1769490000, endDate = 1769576400")
2026-01-27 04:10:02,916 | ERROR | $ABT: possibly delisted; no price data found  (1d 2026-01-27 -> 2026-01-28) (Yahoo error = "Data doesn't exist for startDate = 1769490000, endDate = 1769576400")
2026-01-27 04:10:06,267 | INFO |     [ACA.PA] +1 rows
2026-01-27 04:10:10,389 | ERROR | $ADBE: possibly delisted; no price data found  (1d 2026-01-27 -> 2026-01-28) (Yahoo error = "Data doesn't exist for startDate = 1769490000, endDate = 1769576400")
2026-01-27 04:10:14,594 | ERROR | $ADI: possibly delisted; no price data found  (1d 2026-01-27 -> 2026-01-28) (Yahoo error = "Data doesn't exist for startDate = 1769490000, endDate = 1769576400")
2026-01-27 04:10:17,786 | INFO |     [ADS.DE] +1 rows
2026-01-27 04:10:21,898 | ERROR | $ADSK: possibly delisted; no price data found  (1d 2026-01-27 -> 2026-01-28) (Yahoo error = "Data doesn't exist for startDate = 1769490000, endDate = 1769576400")
2026-01-27 04:10:26,027 | ERROR | $AEP: possibly delisted; no price data found  (1d 2026-01-27 -> 2026-01-28) (Yahoo error = "Data doesn't exist for startDate = 1769490000, endDate = 1769576400")
2026-01-27 04:10:30,157 | ERROR | $AFL: possibly delisted; no price data found  (1d 2026-01-27 -> 2026-01-28) (Yahoo error = "Data doesn't exist for startDate = 1769490000, endDate = 1769576400")
2026-01-27 04:10:33,331 | INFO |     [AI.PA] +1 rows
2026-01-27 04:10:37,118 | ERROR | $AIG: possibly delisted; no price data found  (1d 2026-01-27 -> 2026-01-28) (Yahoo error = "Data doesn't exist for startDate = 1769490000, endDate = 1769576400")
2026-01-27 04:10:40,264 | INFO |     [AIR.DE] +1 rows
2026-01-27 04:10:43,530 | INFO |     [AIR.PA] +1 rows
2026-01-27 04:10:47,910 | ERROR | $AKAM: possibly delisted; no price data found  (1d 2026-01-27 -> 2026-01-28) (Yahoo error = "Data doesn't exist for startDate = 1769490000, endDate = 1769576400")
2026-01-27 04:10:51,032 | INFO |     [AKER.OL] +1 rows
2026-01-27 04:10:54,143 | INFO |     [AKRBP.OL] +1 rows
2026-01-27 04:10:57,277 | INFO |     [AKSO.OL] +1 rows
2026-01-27 04:11:00,397 | INFO |     [AKVA.OL] +1 rows
2026-01-27 04:11:04,914 | ERROR | $ALB: possibly delisted; no price data found  (1d 2026-01-27 -> 2026-01-28) (Yahoo error = "Data doesn't exist for startDate = 1769490000, endDate = 1769576400")
2026-01-27 04:11:09,016 | ERROR | $ALL: possibly delisted; no price data found  (1d 2026-01-27 -> 2026-01-28) (Yahoo error = "Data doesn't exist for startDate = 1769490000, endDate = 1769576400")
2026-01-27 04:11:12,149 | INFO |     [ALO.PA] +1 rows
2026-01-27 04:11:15,274 | INFO |     [ALV.DE] +1 rows
2026-01-27 04:11:19,351 | ERROR | $AMAT: possibly delisted; no price data found  (1d 2026-01-27 -> 2026-01-28) (Yahoo error = "Data doesn't exist for startDate = 1769490000, endDate = 1769576400")
2026-01-27 04:11:22,352 | INFO |   Batch complete, waiting 60s...
2026-01-27 04:12:22,354 | INFO | 
  Batch 2/17 (25 assets)
2026-01-27 04:12:24,256 | ERROR | $AMD: possibly delisted; no price data found  (1d 2026-01-27 -> 2026-01-28) (Yahoo error = "Data doesn't exist for startDate = 1769490000, endDate = 1769576400")
2026-01-27 04:12:28,616 | ERROR | $AMGN: possibly delisted; no price data found  (1d 2026-01-27 -> 2026-01-28) (Yahoo error = "Data doesn't exist for startDate = 1769490000, endDate = 1769576400")
2026-01-27 04:12:32,964 | ERROR | $AMT: possibly delisted; no price data found  (1d 2026-01-27 -> 2026-01-28) (Yahoo error = "Data doesn't exist for startDate = 1769490000, endDate = 1769576400")
2026-01-27 04:12:37,138 | ERROR | $AMZN: possibly delisted; no price data found  (1d 2026-01-27 -> 2026-01-28) (Yahoo error = "Data doesn't exist for startDate = 1769490000, endDate = 1769576400")
2026-01-27 04:12:41,430 | ERROR | $AON: possibly delisted; no price data found  (1d 2026-01-27 -> 2026-01-28) (Yahoo error = "Data doesn't exist for startDate = 1769490000, endDate = 1769576400")
2026-01-27 04:12:45,297 | ERROR | $APD: possibly delisted; no price data found  (1d 2026-01-27 -> 2026-01-28) (Yahoo error = "Data doesn't exist for startDate = 1769490000, endDate = 1769576400")
2026-01-27 04:12:49,489 | ERROR | $ASML: possibly delisted; no price data found  (1d 2026-01-27 -> 2026-01-28) (Yahoo error = "Data doesn't exist for startDate = 1769490000, endDate = 1769576400")
2026-01-27 04:12:52,655 | INFO |     [ATO.PA] +1 rows
2026-01-27 04:12:55,775 | INFO |     [AUSS.OL] +1 rows
2026-01-27 04:12:58,891 | INFO |     [AUTO.OL] +1 rows
2026-01-27 04:13:02,116 | INFO |     [AV.L] +1 rows
2026-01-27 04:13:06,208 | ERROR | $AVB: possibly delisted; no price data found  (1d 2026-01-27 -> 2026-01-28) (Yahoo error = "Data doesn't exist for startDate = 1769490000, endDate = 1769576400")
2026-01-27 04:13:10,089 | ERROR | $AVGO: possibly delisted; no price data found  (1d 2026-01-27 -> 2026-01-28) (Yahoo error = "Data doesn't exist for startDate = 1769490000, endDate = 1769576400")
2026-01-27 04:13:13,918 | ERROR | $AWK: possibly delisted; no price data found  (1d 2026-01-27 -> 2026-01-28) (Yahoo error = "Data doesn't exist for startDate = 1769490000, endDate = 1769576400")
2026-01-27 04:13:18,145 | ERROR | $AXP: possibly delisted; no price data found  (1d 2026-01-27 -> 2026-01-28) (Yahoo error = "Data doesn't exist for startDate = 1769490000, endDate = 1769576400")
2026-01-27 04:13:21,317 | INFO |     [AZN.L] +1 rows
2026-01-27 04:13:25,713 | ERROR | $AZO: possibly delisted; no price data found  (1d 2026-01-27 -> 2026-01-28) (Yahoo error = "Data doesn't exist for startDate = 1769490000, endDate = 1769576400")
2026-01-27 04:13:29,653 | ERROR | $BA: possibly delisted; no price data found  (1d 2026-01-27 -> 2026-01-28) (Yahoo error = "Data doesn't exist for startDate = 1769490000, endDate = 1769576400")
2026-01-27 04:13:32,836 | INFO |     [BA.L] +1 rows
2026-01-27 04:13:37,001 | ERROR | $BAC: possibly delisted; no price data found  (1d 2026-01-27 -> 2026-01-28) (Yahoo error = "Data doesn't exist for startDate = 1769490000, endDate = 1769576400")
