2026-02-11 23:44:32,634 | INFO | ======================================================================
2026-02-11 23:44:32,634 | INFO | IoS-001 DAILY PRICE INGEST
2026-02-11 23:44:32,634 | INFO | Executor: LINE (EC-004)
2026-02-11 23:44:32,634 | INFO | Authority: CEO_DIRECTIVE_LINE_DAILY_INGEST_ACTIVATION_20251212
2026-02-11 23:44:32,634 | INFO | Amendment: CEO-DIR-2026-119 (Rate Limit Mitigation)
2026-02-11 23:44:32,634 | INFO | Time: 2026-02-11T22:44:32.634002+00:00
2026-02-11 23:44:32,634 | INFO | Asset Class Filter: ALL
2026-02-11 23:44:32,634 | INFO | Batch Mode: True
2026-02-11 23:44:32,634 | INFO | Dry Run: False
2026-02-11 23:44:32,634 | INFO | ======================================================================
2026-02-11 23:44:33,042 | INFO | Found 491 VEGA-attested assets
2026-02-11 23:44:33,042 | INFO | 
============================================================
2026-02-11 23:44:33,043 | INFO | Processing CRYPTO: 46 assets
2026-02-11 23:44:33,043 | INFO | Schedule: Daily 01:00 UTC
2026-02-11 23:44:33,043 | INFO | ============================================================
2026-02-11 23:44:33,043 | INFO |   Using BATCH MODE (CEO-DIR-2026-119)
2026-02-11 23:44:33,043 | INFO | 
  Batch 1/5 (10 tickers)
2026-02-11 23:44:33,091 | INFO |     All assets up to date
2026-02-11 23:44:33,092 | INFO | 
  Batch 2/5 (10 tickers)
2026-02-11 23:44:33,124 | INFO |     Batch download: 1 tickers
2026-02-11 23:44:36,534 | ERROR | 
1 Failed download:
2026-02-11 23:44:36,534 | ERROR | ['GRT-USD']: YFRateLimitError('Too Many Requests. Rate limited. Try after a while.')
2026-02-11 23:44:36,534 | INFO |   Batch complete, waiting 120s...
2026-02-11 23:46:36,540 | INFO | 
  Batch 3/5 (10 tickers)
2026-02-11 23:46:36,632 | INFO |     All assets up to date
2026-02-11 23:46:36,633 | INFO | 
  Batch 4/5 (10 tickers)
2026-02-11 23:46:36,675 | INFO |     All assets up to date
2026-02-11 23:46:36,675 | INFO | 
  Batch 5/5 (6 tickers)
2026-02-11 23:46:36,693 | INFO |     All assets up to date
2026-02-11 23:46:36,693 | INFO | 
============================================================
2026-02-11 23:46:36,693 | INFO | Processing EQUITY: 421 assets
2026-02-11 23:46:36,693 | INFO | Schedule: Weekdays 22:00 UTC
2026-02-11 23:46:36,693 | INFO | ============================================================
2026-02-11 23:46:36,693 | INFO |   Using BATCH MODE (CEO-DIR-2026-119)
2026-02-11 23:46:36,704 | INFO | 
  Batch 1/43 (10 tickers)
2026-02-11 23:46:36,736 | INFO |     Batch download: 1 tickers
2026-02-11 23:46:39,393 | ERROR | 
1 Failed download:
2026-02-11 23:46:39,393 | ERROR | ['1COV.DE']: YFRateLimitError('Too Many Requests. Rate limited. Try after a while.')
2026-02-11 23:46:39,403 | INFO |   Batch complete, waiting 120s...
2026-02-11 23:48:39,406 | INFO | 
  Batch 2/43 (10 tickers)
2026-02-11 23:48:39,423 | INFO |     Batch download: 10 tickers
2026-02-11 23:48:51,352 | ERROR | 
10 Failed downloads:
2026-02-11 23:48:51,352 | ERROR | ['AIR.DE', 'AKVA.OL', 'AKSO.OL', 'AKRBP.OL', 'AIR.PA', 'AI.PA', 'AIG', 'AFL', 'AKER.OL', 'AKAM']: YFRateLimitError('Too Many Requests. Rate limited. Try after a while.')
2026-02-11 23:48:51,362 | INFO |   Batch complete, waiting 120s...
