2026-01-26 13:29:12,974 | INFO | ======================================================================
2026-01-26 13:29:12,974 | INFO | IoS-001 DAILY PRICE INGEST
2026-01-26 13:29:12,975 | INFO | Executor: LINE (EC-004)
2026-01-26 13:29:12,975 | INFO | Authority: CEO_DIRECTIVE_LINE_DAILY_INGEST_ACTIVATION_20251212
2026-01-26 13:29:12,975 | INFO | Time: 2026-01-26T12:29:12.975070+00:00
2026-01-26 13:29:12,975 | INFO | Asset Class Filter: ALL
2026-01-26 13:29:12,975 | INFO | Dry Run: False
2026-01-26 13:29:12,975 | INFO | ======================================================================
2026-01-26 13:29:13,213 | INFO | Found 491 VEGA-attested assets
2026-01-26 13:29:13,213 | INFO | 
============================================================
2026-01-26 13:29:13,213 | INFO | Processing CRYPTO: 46 assets
2026-01-26 13:29:13,213 | INFO | Schedule: Daily 01:00 UTC
2026-01-26 13:29:13,214 | INFO | ============================================================
2026-01-26 13:29:13,214 | INFO | 
  Batch 1/2 (25 assets)
2026-01-26 13:29:14,806 | ERROR | $GRT-USD: possibly delisted; no price data found  (1d 2026-01-26 -> 2026-01-27)
2026-01-26 13:29:17,864 | INFO |   Batch complete, waiting 60s...
2026-01-26 13:30:17,867 | INFO | 
  Batch 2/2 (21 assets)
2026-01-26 13:30:18,069 | ERROR | $UNI-USD: possibly delisted; no price data found  (1d 2026-01-23 -> 2026-01-27)
2026-01-26 13:30:21,095 | INFO | 
============================================================
2026-01-26 13:30:21,096 | INFO | Processing EQUITY: 421 assets
2026-01-26 13:30:21,096 | INFO | Schedule: Weekdays 22:00 UTC
2026-01-26 13:30:21,096 | INFO | ============================================================
2026-01-26 13:30:21,096 | INFO | 
  Batch 1/17 (25 assets)
2026-01-26 13:30:21,746 | ERROR | $1COV.DE: possibly delisted; no price data found  (1d 2025-12-24 -> 2026-01-27)
2026-01-26 13:30:24,932 | INFO |     [ABBV] +1 rows
2026-01-26 13:30:28,051 | INFO |     [ABNB] +1 rows
2026-01-26 13:30:31,331 | INFO |     [ABT] +1 rows
2026-01-26 13:30:34,484 | INFO |     [ACA.PA] +1 rows
2026-01-26 13:30:37,615 | INFO |     [ADBE] +1 rows
2026-01-26 13:30:40,733 | INFO |     [ADI] +1 rows
2026-01-26 13:30:43,898 | INFO |     [ADS.DE] +1 rows
2026-01-26 13:30:47,059 | INFO |     [ADSK] +1 rows
2026-01-26 13:30:50,595 | INFO |     [AEP] +1 rows
2026-01-26 13:30:53,782 | INFO |     [AFL] +1 rows
2026-01-26 13:30:57,034 | INFO |     [AI.PA] +1 rows
2026-01-26 13:31:00,195 | INFO |     [AIG] +1 rows
2026-01-26 13:31:03,357 | INFO |     [AIR.DE] +1 rows
2026-01-26 13:31:06,522 | INFO |     [AIR.PA] +1 rows
2026-01-26 13:31:09,656 | INFO |     [AKAM] +1 rows
2026-01-26 13:31:12,819 | INFO |     [AKER.OL] +1 rows
2026-01-26 13:31:16,083 | INFO |     [AKRBP.OL] +1 rows
2026-01-26 13:31:19,202 | INFO |     [AKSO.OL] +1 rows
2026-01-26 13:31:22,391 | INFO |     [AKVA.OL] +1 rows
2026-01-26 13:31:25,631 | INFO |     [ALB] +1 rows
2026-01-26 13:31:28,774 | INFO |     [ALL] +1 rows
2026-01-26 13:31:31,973 | INFO |     [ALO.PA] +1 rows
2026-01-26 13:31:35,127 | INFO |     [ALV.DE] +1 rows
2026-01-26 13:31:38,311 | INFO |     [AMAT] +1 rows
2026-01-26 13:31:41,314 | INFO |   Batch complete, waiting 60s...
2026-01-26 13:32:41,331 | INFO | 
  Batch 2/17 (25 assets)
2026-01-26 13:32:41,431 | INFO |     [AMD] +1 rows
2026-01-26 13:32:44,537 | INFO |     [AMGN] +1 rows
2026-01-26 13:32:47,642 | INFO |     [AMT] +1 rows
2026-01-26 13:32:50,737 | INFO |     [AMZN] +1 rows
2026-01-26 13:32:53,877 | INFO |     [AON] +1 rows
2026-01-26 13:32:57,067 | INFO |     [APD] +1 rows
2026-01-26 13:33:00,180 | INFO |     [ASML] +1 rows
2026-01-26 13:33:03,390 | INFO |     [ATO.PA] +1 rows
2026-01-26 13:33:06,531 | INFO |     [AUSS.OL] +1 rows
2026-01-26 13:33:09,672 | INFO |     [AUTO.OL] +1 rows
2026-01-26 13:33:12,964 | INFO |     [AV.L] +1 rows
2026-01-26 13:33:16,181 | INFO |     [AVB] +1 rows
2026-01-26 13:33:19,345 | INFO |     [AVGO] +1 rows
2026-01-26 13:33:22,464 | INFO |     [AWK] +1 rows
2026-01-26 13:33:25,675 | INFO |     [AXP] +1 rows
2026-01-26 13:33:28,863 | INFO |     [AZN.L] +1 rows
2026-01-26 13:33:31,957 | INFO |     [AZO] +1 rows
2026-01-26 13:33:35,204 | INFO |     [BA] +1 rows
2026-01-26 13:33:38,358 | INFO |     [BA.L] +1 rows
2026-01-26 13:33:41,540 | INFO |     [BAC] +1 rows
2026-01-26 13:33:44,673 | INFO |     [BAKKA.OL] +1 rows
2026-01-26 13:33:47,854 | INFO |     [BARC.L] +1 rows
2026-01-26 13:33:51,026 | INFO |     [BAS.DE] +1 rows
2026-01-26 13:33:54,205 | INFO |     [BATS.L] +1 rows
2026-01-26 13:33:57,346 | INFO |     [BAYN.DE] +1 rows
2026-01-26 13:34:00,347 | INFO |   Batch complete, waiting 60s...
