2026-01-11 00:55:04,418 | INFO | ======================================================================
2026-01-11 00:55:04,418 | INFO | IoS-001 DAILY PRICE INGEST
2026-01-11 00:55:04,418 | INFO | Executor: LINE (EC-004)
2026-01-11 00:55:04,418 | INFO | Authority: CEO_DIRECTIVE_LINE_DAILY_INGEST_ACTIVATION_20251212
2026-01-11 00:55:04,418 | INFO | Time: 2026-01-10T23:55:04.418027+00:00
2026-01-11 00:55:04,418 | INFO | Asset Class Filter: ALL
2026-01-11 00:55:04,418 | INFO | Dry Run: False
2026-01-11 00:55:04,418 | INFO | ======================================================================
2026-01-11 00:55:04,823 | INFO | Found 491 VEGA-attested assets
2026-01-11 00:55:04,823 | INFO | 
============================================================
2026-01-11 00:55:04,823 | INFO | Processing CRYPTO: 46 assets
2026-01-11 00:55:04,823 | INFO | Schedule: Daily 01:00 UTC
2026-01-11 00:55:04,823 | INFO | ============================================================
2026-01-11 00:55:04,823 | INFO | 
  Batch 1/2 (25 assets)
2026-01-11 00:55:10,194 | WARNING |   [ADA-USD] Fetch error: Too Many Requests. Rate limited. Try after a while.
2026-01-11 00:55:14,467 | WARNING |   [ALGO-USD] Fetch error: Too Many Requests. Rate limited. Try after a while.
2026-01-11 00:55:18,690 | WARNING |   [ATOM-USD] Fetch error: Too Many Requests. Rate limited. Try after a while.
2026-01-11 00:55:22,826 | WARNING |   [AVAX-USD] Fetch error: Too Many Requests. Rate limited. Try after a while.
2026-01-11 00:55:26,955 | WARNING |   [AXS-USD] Fetch error: Too Many Requests. Rate limited. Try after a while.
2026-01-11 00:55:31,509 | WARNING |   [BCH-USD] Fetch error: Too Many Requests. Rate limited. Try after a while.
2026-01-11 00:55:35,959 | WARNING |   [BNB-USD] Fetch error: Too Many Requests. Rate limited. Try after a while.
2026-01-11 00:55:40,817 | WARNING |   [BTC-USD] Fetch error: Too Many Requests. Rate limited. Try after a while.
2026-01-11 00:55:45,169 | WARNING |   [CHZ-USD] Fetch error: Too Many Requests. Rate limited. Try after a while.
2026-01-11 00:55:49,520 | WARNING |   [CRO-USD] Fetch error: Too Many Requests. Rate limited. Try after a while.
2026-01-11 00:55:53,881 | WARNING |   [CRV-USD] Fetch error: Too Many Requests. Rate limited. Try after a while.
2026-01-11 00:55:58,078 | WARNING |   [DOGE-USD] Fetch error: Too Many Requests. Rate limited. Try after a while.
2026-01-11 00:56:02,521 | WARNING |   [DOT-USD] Fetch error: Too Many Requests. Rate limited. Try after a while.
2026-01-11 00:56:07,149 | WARNING |   [EOS-USD] Fetch error: Too Many Requests. Rate limited. Try after a while.
2026-01-11 00:56:11,437 | WARNING |   [ETC-USD] Fetch error: Too Many Requests. Rate limited. Try after a while.
2026-01-11 00:56:15,687 | WARNING |   [ETH-USD] Fetch error: Too Many Requests. Rate limited. Try after a while.
2026-01-11 00:56:20,121 | WARNING |   [FIL-USD] Fetch error: Too Many Requests. Rate limited. Try after a while.
2026-01-11 00:56:24,589 | WARNING |   [FLOW-USD] Fetch error: Too Many Requests. Rate limited. Try after a while.
2026-01-11 00:56:29,150 | WARNING |   [GRT-USD] Fetch error: Too Many Requests. Rate limited. Try after a while.
2026-01-11 00:56:34,386 | WARNING |   [HBAR-USD] Fetch error: Too Many Requests. Rate limited. Try after a while.
2026-01-11 00:56:38,896 | WARNING |   [ICP-USD] Fetch error: Too Many Requests. Rate limited. Try after a while.
2026-01-11 00:56:43,367 | WARNING |   [INJ-USD] Fetch error: Too Many Requests. Rate limited. Try after a while.
2026-01-11 00:56:48,254 | WARNING |   [LDO-USD] Fetch error: Too Many Requests. Rate limited. Try after a while.
2026-01-11 00:56:52,435 | WARNING |   [LINK-USD] Fetch error: Too Many Requests. Rate limited. Try after a while.
2026-01-11 00:56:57,056 | WARNING |   [LTC-USD] Fetch error: Too Many Requests. Rate limited. Try after a while.
2026-01-11 00:57:00,058 | INFO |   Batch complete, waiting 60s...
2026-01-11 00:58:00,074 | INFO | 
  Batch 2/2 (21 assets)
2026-01-11 00:58:02,792 | WARNING |   [MANA-USD] Fetch error: Too Many Requests. Rate limited. Try after a while.
2026-01-11 00:58:07,261 | WARNING |   [MKR-USD] Fetch error: Too Many Requests. Rate limited. Try after a while.
2026-01-11 00:58:11,615 | WARNING |   [NEAR-USD] Fetch error: Too Many Requests. Rate limited. Try after a while.
2026-01-11 00:58:15,665 | WARNING |   [OKB-USD] Fetch error: Too Many Requests. Rate limited. Try after a while.
2026-01-11 00:58:20,046 | WARNING |   [QNT-USD] Fetch error: Too Many Requests. Rate limited. Try after a while.
2026-01-11 00:58:24,281 | WARNING |   [RPL-USD] Fetch error: Too Many Requests. Rate limited. Try after a while.
2026-01-11 00:58:28,149 | WARNING |   [RUNE-USD] Fetch error: Too Many Requests. Rate limited. Try after a while.
2026-01-11 00:58:32,485 | WARNING |   [SAND-USD] Fetch error: Too Many Requests. Rate limited. Try after a while.
2026-01-11 00:58:36,811 | WARNING |   [SHIB-USD] Fetch error: Too Many Requests. Rate limited. Try after a while.
2026-01-11 00:58:41,176 | WARNING |   [SNX-USD] Fetch error: Too Many Requests. Rate limited. Try after a while.
2026-01-11 00:58:45,637 | WARNING |   [SOL-USD] Fetch error: Too Many Requests. Rate limited. Try after a while.
2026-01-11 00:58:49,799 | WARNING |   [THETA-USD] Fetch error: Too Many Requests. Rate limited. Try after a while.
2026-01-11 00:58:54,031 | WARNING |   [TRX-USD] Fetch error: Too Many Requests. Rate limited. Try after a while.
2026-01-11 00:58:58,219 | WARNING |   [UNI-USD] Fetch error: Too Many Requests. Rate limited. Try after a while.
2026-01-11 00:59:02,843 | WARNING |   [VET-USD] Fetch error: Too Many Requests. Rate limited. Try after a while.
2026-01-11 00:59:07,185 | WARNING |   [XLM-USD] Fetch error: Too Many Requests. Rate limited. Try after a while.
2026-01-11 00:59:11,433 | WARNING |   [XMR-USD] Fetch error: Too Many Requests. Rate limited. Try after a while.
2026-01-11 00:59:15,698 | WARNING |   [XRP-USD] Fetch error: Too Many Requests. Rate limited. Try after a while.
2026-01-11 00:59:19,902 | WARNING |   [XTZ-USD] Fetch error: Too Many Requests. Rate limited. Try after a while.
2026-01-11 00:59:24,530 | WARNING |   [ZEC-USD] Fetch error: Too Many Requests. Rate limited. Try after a while.
2026-01-11 00:59:28,930 | WARNING |   [AAVE-USD] Fetch error: Too Many Requests. Rate limited. Try after a while.
2026-01-11 00:59:31,933 | INFO | 
============================================================
2026-01-11 00:59:31,933 | INFO | Processing EQUITY: 421 assets
2026-01-11 00:59:31,933 | INFO | Schedule: Weekdays 22:00 UTC
2026-01-11 00:59:31,934 | INFO | ============================================================
2026-01-11 00:59:31,934 | INFO |   Market closed for EQUITY today, skipping
2026-01-11 00:59:31,934 | INFO | 
============================================================
2026-01-11 00:59:31,934 | INFO | Processing FX: 24 assets
2026-01-11 00:59:31,934 | INFO | Schedule: Sun-Thu 22:00 UTC
2026-01-11 00:59:31,934 | INFO | ============================================================
2026-01-11 00:59:31,934 | INFO |   Market closed for FX today, skipping
2026-01-11 00:59:31,936 | WARNING | Heartbeat recording failed: relation "fhq_monitoring.system_heartbeats" does not exist
LINE 2:                 INSERT INTO fhq_monitoring.system_heartbeats...
                                    ^

2026-01-11 00:59:31,939 | INFO | 
======================================================================
2026-01-11 00:59:31,940 | INFO | DAILY INGEST COMPLETE
2026-01-11 00:59:31,940 | INFO | ======================================================================
2026-01-11 00:59:31,940 | INFO | Assets Processed: 46
2026-01-11 00:59:31,941 | INFO | Assets Updated:   0
2026-01-11 00:59:31,941 | INFO | Rows Inserted:    0
2026-01-11 00:59:31,941 | INFO |   CRYPTO: 0 assets, 0 rows
2026-01-11 00:59:31,941 | INFO | Evidence: C:\fhq-market-system\vision-ios\03_FUNCTIONS\evidence\IOS001_DAILY_INGEST_7374b1be_20260111_005931.json
2026-01-11 00:59:31,941 | INFO | ======================================================================
