2026-02-09 13:39:34,612 | INFO | ======================================================================
2026-02-09 13:39:34,612 | INFO | IoS-001 DAILY PRICE INGEST
2026-02-09 13:39:34,612 | INFO | Executor: LINE (EC-004)
2026-02-09 13:39:34,612 | INFO | Authority: CEO_DIRECTIVE_LINE_DAILY_INGEST_ACTIVATION_20251212
2026-02-09 13:39:34,612 | INFO | Amendment: CEO-DIR-2026-119 (Rate Limit Mitigation)
2026-02-09 13:39:34,612 | INFO | Time: 2026-02-09T12:39:34.612430+00:00
2026-02-09 13:39:34,612 | INFO | Asset Class Filter: ALL
2026-02-09 13:39:34,612 | INFO | Batch Mode: True
2026-02-09 13:39:34,612 | INFO | Dry Run: False
2026-02-09 13:39:34,612 | INFO | ======================================================================
2026-02-09 13:39:34,850 | INFO | Found 491 VEGA-attested assets
2026-02-09 13:39:34,851 | INFO | 
============================================================
2026-02-09 13:39:34,851 | INFO | Processing CRYPTO: 46 assets
2026-02-09 13:39:34,851 | INFO | Schedule: Daily 01:00 UTC
2026-02-09 13:39:34,851 | INFO | ============================================================
2026-02-09 13:39:34,851 | INFO |   Using BATCH MODE (CEO-DIR-2026-119)
2026-02-09 13:39:34,851 | INFO | 
  Batch 1/5 (10 tickers)
2026-02-09 13:39:34,871 | INFO |     All assets up to date
2026-02-09 13:39:34,881 | INFO | 
  Batch 2/5 (10 tickers)
2026-02-09 13:39:34,897 | INFO |     Batch download: 1 tickers
2026-02-09 13:39:37,974 | ERROR | 
1 Failed download:
2026-02-09 13:39:37,975 | ERROR | ['GRT-USD']: YFRateLimitError('Too Many Requests. Rate limited. Try after a while.')
2026-02-09 13:39:37,997 | INFO |   Batch complete, waiting 120s...
2026-02-09 13:41:37,999 | INFO | 
  Batch 3/5 (10 tickers)
2026-02-09 13:41:38,068 | INFO |     All assets up to date
2026-02-09 13:41:38,068 | INFO | 
  Batch 4/5 (10 tickers)
2026-02-09 13:41:38,140 | INFO |     Batch download: 1 tickers
2026-02-09 13:41:40,978 | ERROR | 
1 Failed download:
2026-02-09 13:41:40,978 | ERROR | ['UNI-USD']: YFRateLimitError('Too Many Requests. Rate limited. Try after a while.')
2026-02-09 13:41:40,989 | INFO |   Batch complete, waiting 120s...
2026-02-09 13:43:40,992 | INFO | 
  Batch 5/5 (6 tickers)
2026-02-09 13:43:41,026 | INFO |     All assets up to date
2026-02-09 13:43:41,026 | INFO | 
============================================================
2026-02-09 13:43:41,026 | INFO | Processing EQUITY: 421 assets
2026-02-09 13:43:41,026 | INFO | Schedule: Weekdays 22:00 UTC
2026-02-09 13:43:41,026 | INFO | ============================================================
2026-02-09 13:43:41,026 | INFO |   Using BATCH MODE (CEO-DIR-2026-119)
2026-02-09 13:43:41,026 | INFO | 
  Batch 1/43 (10 tickers)
2026-02-09 13:43:41,067 | INFO |     Batch download: 8 tickers
2026-02-09 13:43:51,757 | ERROR | 
8 Failed downloads:
2026-02-09 13:43:51,767 | ERROR | ['1COV.DE', 'ADI', 'AEP', 'ABNB', 'ADBE', 'ADSK', 'ABT', 'ABBV']: YFRateLimitError('Too Many Requests. Rate limited. Try after a while.')
2026-02-09 13:43:51,767 | INFO |   Batch complete, waiting 120s...
