2026-01-29 08:30:11,236 | INFO | ======================================================================
2026-01-29 08:30:11,236 | INFO | IoS-001 DAILY PRICE INGEST
2026-01-29 08:30:11,236 | INFO | Executor: LINE (EC-004)
2026-01-29 08:30:11,236 | INFO | Authority: CEO_DIRECTIVE_LINE_DAILY_INGEST_ACTIVATION_20251212
2026-01-29 08:30:11,236 | INFO | Time: 2026-01-29T07:30:11.236751+00:00
2026-01-29 08:30:11,236 | INFO | Asset Class Filter: ALL
2026-01-29 08:30:11,236 | INFO | Dry Run: False
2026-01-29 08:30:11,236 | INFO | ======================================================================
2026-01-29 08:30:11,445 | INFO | Found 491 VEGA-attested assets
2026-01-29 08:30:11,445 | INFO | 
============================================================
2026-01-29 08:30:11,445 | INFO | Processing CRYPTO: 46 assets
2026-01-29 08:30:11,445 | INFO | Schedule: Daily 01:00 UTC
2026-01-29 08:30:11,445 | INFO | ============================================================
2026-01-29 08:30:11,445 | INFO | 
  Batch 1/2 (25 assets)
2026-01-29 08:30:14,589 | WARNING |   [GRT-USD] Fetch error: Too Many Requests. Rate limited. Try after a while.
2026-01-29 08:30:17,649 | INFO |   Batch complete, waiting 60s...
2026-01-29 08:31:17,658 | INFO | 
  Batch 2/2 (21 assets)
2026-01-29 08:31:19,705 | WARNING |   [UNI-USD] Fetch error: Too Many Requests. Rate limited. Try after a while.
2026-01-29 08:31:22,733 | INFO | 
============================================================
2026-01-29 08:31:22,733 | INFO | Processing EQUITY: 421 assets
2026-01-29 08:31:22,733 | INFO | Schedule: Weekdays 22:00 UTC
2026-01-29 08:31:22,733 | INFO | ============================================================
2026-01-29 08:31:22,733 | INFO | 
  Batch 1/17 (25 assets)
2026-01-29 08:31:23,798 | WARNING |   [1COV.DE] Fetch error: Too Many Requests. Rate limited. Try after a while.
2026-01-29 08:31:27,819 | WARNING |   [ABBV] Fetch error: Too Many Requests. Rate limited. Try after a while.
2026-01-29 08:31:31,897 | WARNING |   [ABNB] Fetch error: Too Many Requests. Rate limited. Try after a while.
2026-01-29 08:31:36,118 | WARNING |   [ABT] Fetch error: Too Many Requests. Rate limited. Try after a while.
2026-01-29 08:31:40,341 | WARNING |   [ACA.PA] Fetch error: Too Many Requests. Rate limited. Try after a while.
2026-01-29 08:31:44,922 | WARNING |   [ADBE] Fetch error: Too Many Requests. Rate limited. Try after a while.
2026-01-29 08:31:49,465 | WARNING |   [ADI] Fetch error: Too Many Requests. Rate limited. Try after a while.
2026-01-29 08:31:53,465 | WARNING |   [ADS.DE] Fetch error: Too Many Requests. Rate limited. Try after a while.
2026-01-29 08:31:57,416 | WARNING |   [ADSK] Fetch error: Too Many Requests. Rate limited. Try after a while.
2026-01-29 08:32:01,482 | WARNING |   [AEP] Fetch error: Too Many Requests. Rate limited. Try after a while.
2026-01-29 08:32:05,514 | WARNING |   [AFL] Fetch error: Too Many Requests. Rate limited. Try after a while.
2026-01-29 08:32:09,889 | WARNING |   [AI.PA] Fetch error: Too Many Requests. Rate limited. Try after a while.
2026-01-29 08:32:13,906 | WARNING |   [AIG] Fetch error: Too Many Requests. Rate limited. Try after a while.
2026-01-29 08:32:18,908 | WARNING |   [AIR.DE] Fetch error: Too Many Requests. Rate limited. Try after a while.
2026-01-29 08:32:23,419 | WARNING |   [AIR.PA] Fetch error: Too Many Requests. Rate limited. Try after a while.
2026-01-29 08:32:27,518 | WARNING |   [AKAM] Fetch error: Too Many Requests. Rate limited. Try after a while.
2026-01-29 08:32:31,737 | WARNING |   [AKER.OL] Fetch error: Too Many Requests. Rate limited. Try after a while.
2026-01-29 08:32:35,796 | WARNING |   [AKRBP.OL] Fetch error: Too Many Requests. Rate limited. Try after a while.
2026-01-29 08:32:39,836 | WARNING |   [AKSO.OL] Fetch error: Too Many Requests. Rate limited. Try after a while.
2026-01-29 08:32:43,856 | WARNING |   [AKVA.OL] Fetch error: Too Many Requests. Rate limited. Try after a while.
2026-01-29 08:32:48,043 | WARNING |   [ALB] Fetch error: Too Many Requests. Rate limited. Try after a while.
2026-01-29 08:32:52,497 | WARNING |   [ALL] Fetch error: Too Many Requests. Rate limited. Try after a while.
2026-01-29 08:32:56,806 | WARNING |   [ALO.PA] Fetch error: Too Many Requests. Rate limited. Try after a while.
2026-01-29 08:33:00,976 | WARNING |   [ALV.DE] Fetch error: Too Many Requests. Rate limited. Try after a while.
2026-01-29 08:33:05,207 | WARNING |   [AMAT] Fetch error: Too Many Requests. Rate limited. Try after a while.
2026-01-29 08:33:08,208 | INFO |   Batch complete, waiting 60s...
2026-01-29 08:34:08,211 | INFO | 
  Batch 2/17 (25 assets)
2026-01-29 08:34:10,046 | WARNING |   [AMD] Fetch error: Too Many Requests. Rate limited. Try after a while.
2026-01-29 08:34:14,586 | WARNING |   [AMGN] Fetch error: Too Many Requests. Rate limited. Try after a while.
2026-01-29 08:34:18,745 | WARNING |   [AMT] Fetch error: Too Many Requests. Rate limited. Try after a while.
2026-01-29 08:34:22,764 | WARNING |   [AMZN] Fetch error: Too Many Requests. Rate limited. Try after a while.
2026-01-29 08:34:26,756 | WARNING |   [AON] Fetch error: Too Many Requests. Rate limited. Try after a while.
2026-01-29 08:34:30,836 | WARNING |   [APD] Fetch error: Too Many Requests. Rate limited. Try after a while.
2026-01-29 08:34:35,275 | WARNING |   [ASML] Fetch error: Too Many Requests. Rate limited. Try after a while.
2026-01-29 08:34:39,374 | WARNING |   [ATO.PA] Fetch error: Too Many Requests. Rate limited. Try after a while.
2026-01-29 08:34:43,366 | WARNING |   [AUSS.OL] Fetch error: Too Many Requests. Rate limited. Try after a while.
2026-01-29 08:34:47,531 | WARNING |   [AUTO.OL] Fetch error: Too Many Requests. Rate limited. Try after a while.
2026-01-29 08:34:51,545 | WARNING |   [AV.L] Fetch error: Too Many Requests. Rate limited. Try after a while.
2026-01-29 08:34:55,860 | WARNING |   [AVB] Fetch error: Too Many Requests. Rate limited. Try after a while.
2026-01-29 08:34:59,918 | WARNING |   [AVGO] Fetch error: Too Many Requests. Rate limited. Try after a while.
2026-01-29 08:35:03,926 | WARNING |   [AWK] Fetch error: Too Many Requests. Rate limited. Try after a while.
2026-01-29 08:35:07,994 | WARNING |   [AXP] Fetch error: Too Many Requests. Rate limited. Try after a while.
