2026-02-16 15:19:36,908 | INFO | ======================================================================
2026-02-16 15:19:36,908 | INFO | IoS-001 DAILY PRICE INGEST
2026-02-16 15:19:36,908 | INFO | Executor: LINE (EC-004)
2026-02-16 15:19:36,908 | INFO | Authority: CEO_DIRECTIVE_LINE_DAILY_INGEST_ACTIVATION_20251212
2026-02-16 15:19:36,908 | INFO | Amendment: CEO-DIR-2026-119 (Rate Limit Mitigation)
2026-02-16 15:19:36,908 | INFO | Time: 2026-02-16T14:19:36.908461+00:00
2026-02-16 15:19:36,908 | INFO | Asset Class Filter: ALL
2026-02-16 15:19:36,908 | INFO | Batch Mode: True
2026-02-16 15:19:36,908 | INFO | Dry Run: False
2026-02-16 15:19:36,908 | INFO | ======================================================================
2026-02-16 15:19:37,273 | INFO | Found 491 VEGA-attested assets
2026-02-16 15:19:37,273 | INFO | 
============================================================
2026-02-16 15:19:37,273 | INFO | Processing CRYPTO: 46 assets
2026-02-16 15:19:37,273 | INFO | Schedule: Daily 01:00 UTC
2026-02-16 15:19:37,273 | INFO | ============================================================
2026-02-16 15:19:37,273 | INFO |   Using BATCH MODE (CEO-DIR-2026-119)
2026-02-16 15:19:37,273 | INFO | 
  Batch 1/5 (10 tickers)
2026-02-16 15:19:37,283 | INFO |     All assets up to date
2026-02-16 15:19:37,283 | INFO | 
  Batch 2/5 (10 tickers)
2026-02-16 15:19:37,294 | INFO |     Batch download: 1 tickers
2026-02-16 15:19:40,229 | ERROR | 
1 Failed download:
2026-02-16 15:19:40,229 | ERROR | ['GRT-USD']: YFRateLimitError('Too Many Requests. Rate limited. Try after a while.')
2026-02-16 15:19:40,240 | INFO |   Batch complete, waiting 120s...
2026-02-16 15:21:40,243 | INFO | 
  Batch 3/5 (10 tickers)
2026-02-16 15:21:40,340 | INFO |     All assets up to date
2026-02-16 15:21:40,341 | INFO | 
  Batch 4/5 (10 tickers)
2026-02-16 15:21:40,449 | INFO |     Batch download: 1 tickers
2026-02-16 15:21:43,632 | ERROR | 
1 Failed download:
2026-02-16 15:21:43,632 | ERROR | ['UNI-USD']: YFRateLimitError('Too Many Requests. Rate limited. Try after a while.')
2026-02-16 15:21:43,635 | INFO |   Batch complete, waiting 120s...
2026-02-16 15:23:43,637 | INFO | 
  Batch 5/5 (6 tickers)
2026-02-16 15:23:43,697 | INFO |     All assets up to date
2026-02-16 15:23:43,697 | INFO | 
============================================================
2026-02-16 15:23:43,697 | INFO | Processing EQUITY: 421 assets
2026-02-16 15:23:43,697 | INFO | Schedule: Weekdays 22:00 UTC
2026-02-16 15:23:43,703 | INFO | ============================================================
2026-02-16 15:23:43,703 | INFO |   Using BATCH MODE (CEO-DIR-2026-119)
2026-02-16 15:23:43,703 | INFO | 
  Batch 1/43 (10 tickers)
2026-02-16 15:23:43,779 | INFO |     Batch download: 8 tickers
2026-02-16 15:23:57,524 | ERROR | 
8 Failed downloads:
2026-02-16 15:23:57,524 | ERROR | ['ADI', 'AEP', 'ADBE', 'ABNB', '1COV.DE', 'ABBV', 'ADSK', 'ABT']: YFRateLimitError('Too Many Requests. Rate limited. Try after a while.')
2026-02-16 15:23:57,528 | INFO |   Batch complete, waiting 120s...
