2026-01-31 09:02:22,517 | INFO | ======================================================================
2026-01-31 09:02:22,517 | INFO | IoS-001 DAILY PRICE INGEST
2026-01-31 09:02:22,517 | INFO | Executor: LINE (EC-004)
2026-01-31 09:02:22,517 | INFO | Authority: CEO_DIRECTIVE_LINE_DAILY_INGEST_ACTIVATION_20251212
2026-01-31 09:02:22,517 | INFO | Time: 2026-01-31T08:02:22.517215+00:00
2026-01-31 09:02:22,517 | INFO | Asset Class Filter: ALL
2026-01-31 09:02:22,517 | INFO | Dry Run: False
2026-01-31 09:02:22,517 | INFO | ======================================================================
2026-01-31 09:02:22,757 | INFO | Found 491 VEGA-attested assets
2026-01-31 09:02:22,757 | INFO | 
============================================================
2026-01-31 09:02:22,757 | INFO | Processing CRYPTO: 46 assets
2026-01-31 09:02:22,757 | INFO | Schedule: Daily 01:00 UTC
2026-01-31 09:02:22,757 | INFO | ============================================================
2026-01-31 09:02:22,757 | INFO | 
  Batch 1/2 (25 assets)
2026-01-31 09:02:23,881 | ERROR | $GRT-USD: possibly delisted; no price data found  (1d 2026-01-31 -> 2026-02-01)
2026-01-31 09:02:26,912 | INFO |   Batch complete, waiting 60s...
2026-01-31 09:03:26,921 | INFO | 
  Batch 2/2 (21 assets)
2026-01-31 09:03:27,032 | ERROR | $UNI-USD: possibly delisted; no price data found  (1d 2026-01-27 -> 2026-02-01)
2026-01-31 09:03:30,057 | INFO | 
============================================================
2026-01-31 09:03:30,072 | INFO | Processing EQUITY: 421 assets
2026-01-31 09:03:30,072 | INFO | Schedule: Weekdays 22:00 UTC
2026-01-31 09:03:30,072 | INFO | ============================================================
2026-01-31 09:03:30,072 | INFO |   Market closed for EQUITY today, skipping
2026-01-31 09:03:30,072 | INFO | 
============================================================
2026-01-31 09:03:30,072 | INFO | Processing FX: 24 assets
2026-01-31 09:03:30,072 | INFO | Schedule: Sun-Thu 22:00 UTC
2026-01-31 09:03:30,072 | INFO | ============================================================
2026-01-31 09:03:30,072 | INFO |   Market closed for FX today, skipping
2026-01-31 09:03:30,072 | WARNING | Heartbeat recording failed: relation "fhq_monitoring.system_heartbeats" does not exist
LINE 2:                 INSERT INTO fhq_monitoring.system_heartbeats...
                                    ^

2026-01-31 09:03:30,091 | INFO | 
======================================================================
2026-01-31 09:03:30,091 | INFO | DAILY INGEST COMPLETE
2026-01-31 09:03:30,091 | INFO | ======================================================================
2026-01-31 09:03:30,091 | INFO | Assets Processed: 46
2026-01-31 09:03:30,091 | INFO | Assets Updated:   0
2026-01-31 09:03:30,091 | INFO | Rows Inserted:    0
2026-01-31 09:03:30,091 | INFO |   CRYPTO: 0 assets, 0 rows
2026-01-31 09:03:30,091 | INFO | Evidence: C:\fhq-market-system\vision-ios\03_FUNCTIONS\evidence\IOS001_DAILY_INGEST_9d34865f_20260131_090330.json
2026-01-31 09:03:30,091 | INFO | ======================================================================
