2026-01-28 06:54:29,225 | INFO | ======================================================================
2026-01-28 06:54:29,225 | INFO | IoS-001 DAILY PRICE INGEST
2026-01-28 06:54:29,225 | INFO | Executor: LINE (EC-004)
2026-01-28 06:54:29,225 | INFO | Authority: CEO_DIRECTIVE_LINE_DAILY_INGEST_ACTIVATION_20251212
2026-01-28 06:54:29,225 | INFO | Time: 2026-01-28T05:54:29.225409+00:00
2026-01-28 06:54:29,225 | INFO | Asset Class Filter: ALL
2026-01-28 06:54:29,225 | INFO | Dry Run: False
2026-01-28 06:54:29,225 | INFO | ======================================================================
2026-01-28 06:54:29,422 | INFO | Found 491 VEGA-attested assets
2026-01-28 06:54:29,422 | INFO | 
============================================================
2026-01-28 06:54:29,422 | INFO | Processing CRYPTO: 46 assets
2026-01-28 06:54:29,422 | INFO | Schedule: Daily 01:00 UTC
2026-01-28 06:54:29,422 | INFO | ============================================================
2026-01-28 06:54:29,422 | INFO | 
  Batch 1/2 (25 assets)
2026-01-28 06:54:32,732 | WARNING |   [GRT-USD] Fetch error: Too Many Requests. Rate limited. Try after a while.
2026-01-28 06:54:35,788 | INFO |   Batch complete, waiting 60s...
2026-01-28 06:55:35,793 | INFO | 
  Batch 2/2 (21 assets)
2026-01-28 06:55:37,531 | WARNING |   [UNI-USD] Fetch error: Too Many Requests. Rate limited. Try after a while.
2026-01-28 06:55:40,594 | INFO | 
============================================================
2026-01-28 06:55:40,594 | INFO | Processing EQUITY: 421 assets
2026-01-28 06:55:40,594 | INFO | Schedule: Weekdays 22:00 UTC
2026-01-28 06:55:40,594 | INFO | ============================================================
2026-01-28 06:55:40,594 | INFO | 
  Batch 1/17 (25 assets)
2026-01-28 06:55:43,148 | WARNING |   [1COV.DE] Fetch error: Too Many Requests. Rate limited. Try after a while.
2026-01-28 06:55:47,213 | WARNING |   [ABBV] Fetch error: Too Many Requests. Rate limited. Try after a while.
2026-01-28 06:55:51,242 | WARNING |   [ABNB] Fetch error: Too Many Requests. Rate limited. Try after a while.
2026-01-28 06:55:55,010 | WARNING |   [ABT] Fetch error: Too Many Requests. Rate limited. Try after a while.
2026-01-28 06:55:59,307 | WARNING |   [ACA.PA] Fetch error: Too Many Requests. Rate limited. Try after a while.
2026-01-28 06:56:03,498 | WARNING |   [ADBE] Fetch error: Too Many Requests. Rate limited. Try after a while.
2026-01-28 06:56:07,259 | WARNING |   [ADI] Fetch error: Too Many Requests. Rate limited. Try after a while.
2026-01-28 06:56:11,331 | WARNING |   [ADS.DE] Fetch error: Too Many Requests. Rate limited. Try after a while.
2026-01-28 06:56:15,261 | WARNING |   [ADSK] Fetch error: Too Many Requests. Rate limited. Try after a while.
2026-01-28 06:56:19,211 | WARNING |   [AEP] Fetch error: Too Many Requests. Rate limited. Try after a while.
2026-01-28 06:56:23,123 | WARNING |   [AFL] Fetch error: Too Many Requests. Rate limited. Try after a while.
2026-01-28 06:56:27,163 | WARNING |   [AI.PA] Fetch error: Too Many Requests. Rate limited. Try after a while.
2026-01-28 06:56:31,312 | WARNING |   [AIG] Fetch error: Too Many Requests. Rate limited. Try after a while.
2026-01-28 06:56:35,591 | WARNING |   [AIR.DE] Fetch error: Too Many Requests. Rate limited. Try after a while.
2026-01-28 06:56:39,708 | WARNING |   [AIR.PA] Fetch error: Too Many Requests. Rate limited. Try after a while.
2026-01-28 06:56:43,929 | WARNING |   [AKAM] Fetch error: Too Many Requests. Rate limited. Try after a while.
2026-01-28 06:56:48,283 | WARNING |   [AKER.OL] Fetch error: Too Many Requests. Rate limited. Try after a while.
2026-01-28 06:56:52,581 | WARNING |   [AKRBP.OL] Fetch error: Too Many Requests. Rate limited. Try after a while.
2026-01-28 06:56:56,653 | WARNING |   [AKSO.OL] Fetch error: Too Many Requests. Rate limited. Try after a while.
2026-01-28 06:57:00,805 | WARNING |   [AKVA.OL] Fetch error: Too Many Requests. Rate limited. Try after a while.
2026-01-28 06:57:05,239 | WARNING |   [ALB] Fetch error: Too Many Requests. Rate limited. Try after a while.
2026-01-28 06:57:09,208 | WARNING |   [ALL] Fetch error: Too Many Requests. Rate limited. Try after a while.
2026-01-28 06:57:13,299 | WARNING |   [ALO.PA] Fetch error: Too Many Requests. Rate limited. Try after a while.
2026-01-28 06:57:17,334 | WARNING |   [ALV.DE] Fetch error: Too Many Requests. Rate limited. Try after a while.
2026-01-28 06:57:21,401 | WARNING |   [AMAT] Fetch error: Too Many Requests. Rate limited. Try after a while.
2026-01-28 06:57:24,403 | INFO |   Batch complete, waiting 60s...
2026-01-28 06:58:24,403 | INFO | 
  Batch 2/17 (25 assets)
2026-01-28 06:58:25,804 | WARNING |   [AMD] Fetch error: Too Many Requests. Rate limited. Try after a while.
2026-01-28 06:58:29,901 | WARNING |   [AMGN] Fetch error: Too Many Requests. Rate limited. Try after a while.
2026-01-28 06:58:33,974 | WARNING |   [AMT] Fetch error: Too Many Requests. Rate limited. Try after a while.
2026-01-28 06:58:37,998 | WARNING |   [AMZN] Fetch error: Too Many Requests. Rate limited. Try after a while.
2026-01-28 06:58:42,373 | WARNING |   [AON] Fetch error: Too Many Requests. Rate limited. Try after a while.
2026-01-28 06:58:46,995 | WARNING |   [APD] Fetch error: Too Many Requests. Rate limited. Try after a while.
2026-01-28 06:58:51,153 | WARNING |   [ASML] Fetch error: Too Many Requests. Rate limited. Try after a while.
2026-01-28 06:58:55,273 | WARNING |   [ATO.PA] Fetch error: Too Many Requests. Rate limited. Try after a while.
2026-01-28 06:58:59,236 | WARNING |   [AUSS.OL] Fetch error: Too Many Requests. Rate limited. Try after a while.
2026-01-28 06:59:03,377 | WARNING |   [AUTO.OL] Fetch error: Too Many Requests. Rate limited. Try after a while.
2026-01-28 06:59:07,638 | WARNING |   [AV.L] Fetch error: Too Many Requests. Rate limited. Try after a while.
2026-01-28 06:59:11,882 | WARNING |   [AVB] Fetch error: Too Many Requests. Rate limited. Try after a while.
2026-01-28 06:59:15,892 | WARNING |   [AVGO] Fetch error: Too Many Requests. Rate limited. Try after a while.
2026-01-28 06:59:19,982 | WARNING |   [AWK] Fetch error: Too Many Requests. Rate limited. Try after a while.
2026-01-28 06:59:24,055 | WARNING |   [AXP] Fetch error: Too Many Requests. Rate limited. Try after a while.
