2026-01-15 10:19:06,478 | INFO | ======================================================================
2026-01-15 10:19:06,478 | INFO | IoS-001 DAILY PRICE INGEST
2026-01-15 10:19:06,478 | INFO | Executor: LINE (EC-004)
2026-01-15 10:19:06,478 | INFO | Authority: CEO_DIRECTIVE_LINE_DAILY_INGEST_ACTIVATION_20251212
2026-01-15 10:19:06,479 | INFO | Time: 2026-01-15T09:19:06.479054+00:00
2026-01-15 10:19:06,479 | INFO | Asset Class Filter: ALL
2026-01-15 10:19:06,479 | INFO | Dry Run: False
2026-01-15 10:19:06,479 | INFO | ======================================================================
2026-01-15 10:19:06,848 | INFO | Found 491 VEGA-attested assets
2026-01-15 10:19:06,848 | INFO | 
============================================================
2026-01-15 10:19:06,848 | INFO | Processing CRYPTO: 46 assets
2026-01-15 10:19:06,848 | INFO | Schedule: Daily 01:00 UTC
2026-01-15 10:19:06,848 | INFO | ============================================================
2026-01-15 10:19:06,848 | INFO | 
  Batch 1/2 (25 assets)
2026-01-15 10:19:10,410 | WARNING |   [GRT-USD] Fetch error: Too Many Requests. Rate limited. Try after a while.
2026-01-15 10:19:13,440 | INFO |   Batch complete, waiting 60s...
2026-01-15 10:20:13,441 | INFO | 
  Batch 2/2 (21 assets)
2026-01-15 10:20:15,208 | WARNING |   [UNI-USD] Fetch error: Too Many Requests. Rate limited. Try after a while.
2026-01-15 10:20:18,250 | INFO | 
============================================================
2026-01-15 10:20:18,251 | INFO | Processing EQUITY: 421 assets
2026-01-15 10:20:18,252 | INFO | Schedule: Weekdays 22:00 UTC
2026-01-15 10:20:18,252 | INFO | ============================================================
2026-01-15 10:20:18,253 | INFO | 
  Batch 1/17 (25 assets)
2026-01-15 10:20:19,333 | WARNING |   [1COV.DE] Fetch error: Too Many Requests. Rate limited. Try after a while.
2026-01-15 10:20:23,396 | WARNING |   [ABBV] Fetch error: Too Many Requests. Rate limited. Try after a while.
2026-01-15 10:20:27,568 | WARNING |   [ABNB] Fetch error: Too Many Requests. Rate limited. Try after a while.
2026-01-15 10:20:31,802 | WARNING |   [ABT] Fetch error: Too Many Requests. Rate limited. Try after a while.
2026-01-15 10:20:35,740 | WARNING |   [ACA.PA] Fetch error: Too Many Requests. Rate limited. Try after a while.
2026-01-15 10:20:39,766 | WARNING |   [ADBE] Fetch error: Too Many Requests. Rate limited. Try after a while.
2026-01-15 10:20:43,909 | WARNING |   [ADI] Fetch error: Too Many Requests. Rate limited. Try after a while.
2026-01-15 10:20:48,262 | WARNING |   [ADSK] Fetch error: Too Many Requests. Rate limited. Try after a while.
2026-01-15 10:20:52,267 | WARNING |   [AEP] Fetch error: Too Many Requests. Rate limited. Try after a while.
2026-01-15 10:20:56,232 | WARNING |   [AFL] Fetch error: Too Many Requests. Rate limited. Try after a while.
2026-01-15 10:21:00,860 | WARNING |   [AI.PA] Fetch error: Too Many Requests. Rate limited. Try after a while.
2026-01-15 10:21:04,862 | WARNING |   [AIG] Fetch error: Too Many Requests. Rate limited. Try after a while.
2026-01-15 10:21:09,016 | WARNING |   [AIR.PA] Fetch error: Too Many Requests. Rate limited. Try after a while.
2026-01-15 10:21:13,067 | WARNING |   [AKAM] Fetch error: Too Many Requests. Rate limited. Try after a while.
2026-01-15 10:21:17,314 | WARNING |   [AKER.OL] Fetch error: Too Many Requests. Rate limited. Try after a while.
2026-01-15 10:21:21,446 | WARNING |   [AKRBP.OL] Fetch error: Too Many Requests. Rate limited. Try after a while.
2026-01-15 10:21:25,511 | WARNING |   [AKSO.OL] Fetch error: Too Many Requests. Rate limited. Try after a while.
2026-01-15 10:21:31,181 | WARNING |   [AKVA.OL] Fetch error: Too Many Requests. Rate limited. Try after a while.
2026-01-15 10:21:35,541 | WARNING |   [ALB] Fetch error: Too Many Requests. Rate limited. Try after a while.
2026-01-15 10:21:39,526 | WARNING |   [ALL] Fetch error: Too Many Requests. Rate limited. Try after a while.
2026-01-15 10:21:43,644 | WARNING |   [ALO.PA] Fetch error: Too Many Requests. Rate limited. Try after a while.
2026-01-15 10:21:47,831 | WARNING |   [AMAT] Fetch error: Too Many Requests. Rate limited. Try after a while.
2026-01-15 10:21:50,831 | INFO |   Batch complete, waiting 60s...
2026-01-15 10:22:50,833 | INFO | 
  Batch 2/17 (25 assets)
2026-01-15 10:22:52,582 | WARNING |   [AMD] Fetch error: Too Many Requests. Rate limited. Try after a while.
2026-01-15 10:22:56,255 | WARNING |   [AMGN] Fetch error: Too Many Requests. Rate limited. Try after a while.
2026-01-15 10:23:00,722 | WARNING |   [AMT] Fetch error: Too Many Requests. Rate limited. Try after a while.
2026-01-15 10:23:04,920 | WARNING |   [AMZN] Fetch error: Too Many Requests. Rate limited. Try after a while.
2026-01-15 10:23:08,877 | WARNING |   [AON] Fetch error: Too Many Requests. Rate limited. Try after a while.
2026-01-15 10:23:13,283 | WARNING |   [APD] Fetch error: Too Many Requests. Rate limited. Try after a while.
2026-01-15 10:23:17,498 | WARNING |   [ASML] Fetch error: Too Many Requests. Rate limited. Try after a while.
2026-01-15 10:23:21,433 | WARNING |   [ATO.PA] Fetch error: Too Many Requests. Rate limited. Try after a while.
2026-01-15 10:23:25,469 | WARNING |   [AUSS.OL] Fetch error: Too Many Requests. Rate limited. Try after a while.
2026-01-15 10:23:29,371 | WARNING |   [AUTO.OL] Fetch error: Too Many Requests. Rate limited. Try after a while.
2026-01-15 10:23:33,480 | WARNING |   [AV.L] Fetch error: Too Many Requests. Rate limited. Try after a while.
2026-01-15 10:23:37,536 | WARNING |   [AVB] Fetch error: Too Many Requests. Rate limited. Try after a while.
2026-01-15 10:23:41,695 | WARNING |   [AVGO] Fetch error: Too Many Requests. Rate limited. Try after a while.
2026-01-15 10:23:45,840 | WARNING |   [AWK] Fetch error: Too Many Requests. Rate limited. Try after a while.
2026-01-15 10:23:50,290 | WARNING |   [AXP] Fetch error: Too Many Requests. Rate limited. Try after a while.
2026-01-15 10:23:54,606 | WARNING |   [AZN.L] Fetch error: Too Many Requests. Rate limited. Try after a while.
2026-01-15 10:23:58,875 | WARNING |   [AZO] Fetch error: Too Many Requests. Rate limited. Try after a while.
2026-01-15 10:24:03,207 | WARNING |   [BA] Fetch error: Too Many Requests. Rate limited. Try after a while.
