2026-01-24 04:16:28,822 | INFO | ======================================================================
2026-01-24 04:16:28,822 | INFO | IoS-001 DAILY PRICE INGEST
2026-01-24 04:16:28,822 | INFO | Executor: LINE (EC-004)
2026-01-24 04:16:28,822 | INFO | Authority: CEO_DIRECTIVE_LINE_DAILY_INGEST_ACTIVATION_20251212
2026-01-24 04:16:28,822 | INFO | Time: 2026-01-24T03:16:28.822621+00:00
2026-01-24 04:16:28,822 | INFO | Asset Class Filter: ALL
2026-01-24 04:16:28,822 | INFO | Dry Run: False
2026-01-24 04:16:28,822 | INFO | ======================================================================
2026-01-24 04:16:29,147 | INFO | Found 491 VEGA-attested assets
2026-01-24 04:16:29,152 | INFO | 
============================================================
2026-01-24 04:16:29,152 | INFO | Processing CRYPTO: 46 assets
2026-01-24 04:16:29,152 | INFO | Schedule: Daily 01:00 UTC
2026-01-24 04:16:29,152 | INFO | ============================================================
2026-01-24 04:16:29,152 | INFO | 
  Batch 1/2 (25 assets)
2026-01-24 04:16:32,735 | WARNING |   [GRT-USD] Fetch error: Too Many Requests. Rate limited. Try after a while.
2026-01-24 04:16:35,761 | INFO |   Batch complete, waiting 60s...
2026-01-24 04:17:35,770 | INFO | 
  Batch 2/2 (21 assets)
2026-01-24 04:17:37,659 | WARNING |   [UNI-USD] Fetch error: Too Many Requests. Rate limited. Try after a while.
2026-01-24 04:17:40,696 | INFO | 
============================================================
2026-01-24 04:17:40,696 | INFO | Processing EQUITY: 421 assets
2026-01-24 04:17:40,696 | INFO | Schedule: Weekdays 22:00 UTC
2026-01-24 04:17:40,696 | INFO | ============================================================
2026-01-24 04:17:40,696 | INFO |   Market closed for EQUITY today, skipping
2026-01-24 04:17:40,696 | INFO | 
============================================================
2026-01-24 04:17:40,696 | INFO | Processing FX: 24 assets
2026-01-24 04:17:40,696 | INFO | Schedule: Sun-Thu 22:00 UTC
2026-01-24 04:17:40,696 | INFO | ============================================================
2026-01-24 04:17:40,696 | INFO |   Market closed for FX today, skipping
2026-01-24 04:17:40,696 | WARNING | Heartbeat recording failed: relation "fhq_monitoring.system_heartbeats" does not exist
LINE 2:                 INSERT INTO fhq_monitoring.system_heartbeats...
                                    ^

2026-01-24 04:17:40,696 | INFO | 
======================================================================
2026-01-24 04:17:40,696 | INFO | DAILY INGEST COMPLETE
2026-01-24 04:17:40,696 | INFO | ======================================================================
2026-01-24 04:17:40,696 | INFO | Assets Processed: 46
2026-01-24 04:17:40,696 | INFO | Assets Updated:   0
2026-01-24 04:17:40,696 | INFO | Rows Inserted:    0
2026-01-24 04:17:40,696 | INFO |   CRYPTO: 0 assets, 0 rows
2026-01-24 04:17:40,696 | INFO | Evidence: C:\fhq-market-system\vision-ios\03_FUNCTIONS\evidence\IOS001_DAILY_INGEST_0812d961_20260124_041740.json
2026-01-24 04:17:40,696 | INFO | ======================================================================
