2025-12-29 07:52:13,071 | INFO | ======================================================================
2025-12-29 07:52:13,071 | INFO | IoS-001 DAILY PRICE INGEST
2025-12-29 07:52:13,071 | INFO | Executor: LINE (EC-004)
2025-12-29 07:52:13,071 | INFO | Authority: CEO_DIRECTIVE_LINE_DAILY_INGEST_ACTIVATION_20251212
2025-12-29 07:52:13,071 | INFO | Time: 2025-12-29T06:52:13.071967+00:00
2025-12-29 07:52:13,071 | INFO | Asset Class Filter: ALL
2025-12-29 07:52:13,071 | INFO | Dry Run: False
2025-12-29 07:52:13,071 | INFO | ======================================================================
2025-12-29 07:52:13,455 | INFO | Found 490 VEGA-attested assets
2025-12-29 07:52:13,455 | INFO | 
============================================================
2025-12-29 07:52:13,455 | INFO | Processing CRYPTO: 46 assets
2025-12-29 07:52:13,455 | INFO | Schedule: Daily 01:00 UTC
2025-12-29 07:52:13,455 | INFO | ============================================================
2025-12-29 07:52:13,455 | INFO | 
  Batch 1/2 (25 assets)
2025-12-29 07:52:13,495 | INFO |   Batch complete, waiting 60s...
2025-12-29 07:53:13,503 | INFO | 
  Batch 2/2 (21 assets)
2025-12-29 07:53:13,670 | INFO | 
============================================================
2025-12-29 07:53:13,670 | INFO | Processing EQUITY: 420 assets
2025-12-29 07:53:13,670 | INFO | Schedule: Weekdays 22:00 UTC
2025-12-29 07:53:13,670 | INFO | ============================================================
2025-12-29 07:53:13,670 | INFO | 
  Batch 1/17 (25 assets)
2025-12-29 07:53:16,970 | WARNING |   [1COV.DE] Fetch error: Too Many Requests. Rate limited. Try after a while.
2025-12-29 07:53:20,951 | WARNING |   [ABBV] Fetch error: Too Many Requests. Rate limited. Try after a while.
2025-12-29 07:53:24,745 | WARNING |   [ABNB] Fetch error: Too Many Requests. Rate limited. Try after a while.
2025-12-29 07:53:28,929 | WARNING |   [ABT] Fetch error: Too Many Requests. Rate limited. Try after a while.
2025-12-29 07:53:32,834 | WARNING |   [ACA.PA] Fetch error: Too Many Requests. Rate limited. Try after a while.
2025-12-29 07:53:36,755 | WARNING |   [ADBE] Fetch error: Too Many Requests. Rate limited. Try after a while.
2025-12-29 07:53:41,218 | WARNING |   [ADI] Fetch error: Too Many Requests. Rate limited. Try after a while.
2025-12-29 07:53:45,444 | WARNING |   [ADS.DE] Fetch error: Too Many Requests. Rate limited. Try after a while.
2025-12-29 07:53:49,650 | WARNING |   [ADSK] Fetch error: Too Many Requests. Rate limited. Try after a while.
2025-12-29 07:53:53,985 | WARNING |   [AEP] Fetch error: Too Many Requests. Rate limited. Try after a while.
2025-12-29 07:53:58,243 | WARNING |   [AFL] Fetch error: Too Many Requests. Rate limited. Try after a while.
2025-12-29 07:54:02,323 | WARNING |   [AI.PA] Fetch error: Too Many Requests. Rate limited. Try after a while.
2025-12-29 07:54:06,278 | WARNING |   [AIG] Fetch error: Too Many Requests. Rate limited. Try after a while.
2025-12-29 07:54:10,544 | WARNING |   [AIR.DE] Fetch error: Too Many Requests. Rate limited. Try after a while.
2025-12-29 07:54:14,511 | WARNING |   [AIR.PA] Fetch error: Too Many Requests. Rate limited. Try after a while.
2025-12-29 07:54:18,859 | WARNING |   [AKAM] Fetch error: Too Many Requests. Rate limited. Try after a while.
2025-12-29 07:54:22,734 | WARNING |   [AKER.OL] Fetch error: Too Many Requests. Rate limited. Try after a while.
2025-12-29 07:54:26,903 | WARNING |   [AKRBP.OL] Fetch error: Too Many Requests. Rate limited. Try after a while.
2025-12-29 07:54:31,101 | WARNING |   [AKSO.OL] Fetch error: Too Many Requests. Rate limited. Try after a while.
2025-12-29 07:54:34,995 | WARNING |   [AKVA.OL] Fetch error: Too Many Requests. Rate limited. Try after a while.
2025-12-29 07:54:39,040 | WARNING |   [ALB] Fetch error: Too Many Requests. Rate limited. Try after a while.
2025-12-29 07:54:43,236 | WARNING |   [ALL] Fetch error: Too Many Requests. Rate limited. Try after a while.
2025-12-29 07:54:47,136 | WARNING |   [ALO.PA] Fetch error: Too Many Requests. Rate limited. Try after a while.
2025-12-29 07:54:51,525 | WARNING |   [ALV.DE] Fetch error: Too Many Requests. Rate limited. Try after a while.
2025-12-29 07:54:56,098 | WARNING |   [AMAT] Fetch error: Too Many Requests. Rate limited. Try after a while.
2025-12-29 07:54:59,099 | INFO |   Batch complete, waiting 60s...
2025-12-29 07:55:59,101 | INFO | 
  Batch 2/17 (25 assets)
2025-12-29 07:56:00,823 | WARNING |   [AMD] Fetch error: Too Many Requests. Rate limited. Try after a while.
2025-12-29 07:56:04,941 | WARNING |   [AMGN] Fetch error: Too Many Requests. Rate limited. Try after a while.
2025-12-29 07:56:09,209 | WARNING |   [AMT] Fetch error: Too Many Requests. Rate limited. Try after a while.
2025-12-29 07:56:13,266 | WARNING |   [AMZN] Fetch error: Too Many Requests. Rate limited. Try after a while.
2025-12-29 07:56:17,396 | WARNING |   [AON] Fetch error: Too Many Requests. Rate limited. Try after a while.
2025-12-29 07:56:21,498 | WARNING |   [APD] Fetch error: Too Many Requests. Rate limited. Try after a while.
2025-12-29 07:56:25,907 | WARNING |   [ASML] Fetch error: Too Many Requests. Rate limited. Try after a while.
2025-12-29 07:56:29,959 | WARNING |   [ATO.PA] Fetch error: Too Many Requests. Rate limited. Try after a while.
2025-12-29 07:56:34,055 | WARNING |   [AUSS.OL] Fetch error: Too Many Requests. Rate limited. Try after a while.
2025-12-29 07:56:38,260 | WARNING |   [AUTO.OL] Fetch error: Too Many Requests. Rate limited. Try after a while.
2025-12-29 07:56:42,635 | WARNING |   [AV.L] Fetch error: Too Many Requests. Rate limited. Try after a while.
2025-12-29 07:56:46,741 | WARNING |   [AVB] Fetch error: Too Many Requests. Rate limited. Try after a while.
2025-12-29 07:56:50,749 | WARNING |   [AVGO] Fetch error: Too Many Requests. Rate limited. Try after a while.
2025-12-29 07:56:54,757 | WARNING |   [AWK] Fetch error: Too Many Requests. Rate limited. Try after a while.
2025-12-29 07:56:58,742 | WARNING |   [AXP] Fetch error: Too Many Requests. Rate limited. Try after a while.
2025-12-29 07:57:02,942 | WARNING |   [AZN.L] Fetch error: Too Many Requests. Rate limited. Try after a while.
2025-12-29 07:57:06,904 | WARNING |   [AZO] Fetch error: Too Many Requests. Rate limited. Try after a while.
2025-12-29 07:57:11,260 | WARNING |   [BA] Fetch error: Too Many Requests. Rate limited. Try after a while.
