2026-02-03 16:58:01,680 | INFO | ======================================================================
2026-02-03 16:58:01,680 | INFO | IoS-001 DAILY PRICE INGEST
2026-02-03 16:58:01,680 | INFO | Executor: LINE (EC-004)
2026-02-03 16:58:01,680 | INFO | Authority: CEO_DIRECTIVE_LINE_DAILY_INGEST_ACTIVATION_20251212
2026-02-03 16:58:01,680 | INFO | Time: 2026-02-03T15:58:01.680895+00:00
2026-02-03 16:58:01,680 | INFO | Asset Class Filter: ALL
2026-02-03 16:58:01,680 | INFO | Dry Run: False
2026-02-03 16:58:01,680 | INFO | ======================================================================
2026-02-03 16:58:02,039 | INFO | Found 491 VEGA-attested assets
2026-02-03 16:58:02,039 | INFO | 
============================================================
2026-02-03 16:58:02,039 | INFO | Processing CRYPTO: 46 assets
2026-02-03 16:58:02,039 | INFO | Schedule: Daily 01:00 UTC
2026-02-03 16:58:02,039 | INFO | ============================================================
2026-02-03 16:58:02,039 | INFO | 
  Batch 1/2 (25 assets)
2026-02-03 16:58:05,871 | WARNING |   [GRT-USD] Fetch error: Too Many Requests. Rate limited. Try after a while.
2026-02-03 16:58:08,920 | INFO |   Batch complete, waiting 60s...
2026-02-03 16:59:08,926 | INFO | 
  Batch 2/2 (21 assets)
2026-02-03 16:59:11,697 | WARNING |   [UNI-USD] Fetch error: Too Many Requests. Rate limited. Try after a while.
2026-02-03 16:59:14,733 | INFO | 
============================================================
2026-02-03 16:59:14,733 | INFO | Processing EQUITY: 421 assets
2026-02-03 16:59:14,733 | INFO | Schedule: Weekdays 22:00 UTC
2026-02-03 16:59:14,733 | INFO | ============================================================
2026-02-03 16:59:14,735 | INFO | 
  Batch 1/17 (25 assets)
2026-02-03 16:59:16,039 | WARNING |   [1COV.DE] Fetch error: Too Many Requests. Rate limited. Try after a while.
2026-02-03 16:59:19,104 | INFO |   Batch complete, waiting 60s...
2026-02-03 17:00:19,108 | INFO | 
  Batch 2/17 (25 assets)
2026-02-03 17:00:19,189 | INFO |   Batch complete, waiting 60s...
2026-02-03 17:01:19,191 | INFO | 
  Batch 3/17 (25 assets)
2026-02-03 17:01:22,214 | WARNING |   [BRK.B] Fetch error: Too Many Requests. Rate limited. Try after a while.
2026-02-03 17:01:26,286 | WARNING |   [BSX] Fetch error: Too Many Requests. Rate limited. Try after a while.
2026-02-03 17:01:30,381 | WARNING |   [BT.A.L] Fetch error: Too Many Requests. Rate limited. Try after a while.
2026-02-03 17:01:34,905 | WARNING |   [BWO.OL] Fetch error: Too Many Requests. Rate limited. Try after a while.
2026-02-03 17:01:39,025 | WARNING |   [C] Fetch error: Too Many Requests. Rate limited. Try after a while.
2026-02-03 17:01:43,495 | WARNING |   [CAG] Fetch error: Too Many Requests. Rate limited. Try after a while.
2026-02-03 17:01:48,236 | WARNING |   [CAP.PA] Fetch error: Too Many Requests. Rate limited. Try after a while.
2026-02-03 17:01:53,040 | WARNING |   [CARR] Fetch error: Too Many Requests. Rate limited. Try after a while.
2026-02-03 17:01:57,174 | WARNING |   [CAT] Fetch error: Too Many Requests. Rate limited. Try after a while.
2026-02-03 17:02:01,283 | WARNING |   [CB] Fetch error: Too Many Requests. Rate limited. Try after a while.
2026-02-03 17:02:05,352 | WARNING |   [CBK.DE] Fetch error: Too Many Requests. Rate limited. Try after a while.
2026-02-03 17:02:09,716 | WARNING |   [CCI] Fetch error: Too Many Requests. Rate limited. Try after a while.
2026-02-03 17:02:14,009 | WARNING |   [CDNS] Fetch error: Too Many Requests. Rate limited. Try after a while.
2026-02-03 17:02:17,011 | INFO |   Batch complete, waiting 60s...
