2026-02-16 23:54:42,086 | INFO | ======================================================================
2026-02-16 23:54:42,086 | INFO | IoS-001 DAILY PRICE INGEST
2026-02-16 23:54:42,086 | INFO | Executor: LINE (EC-004)
2026-02-16 23:54:42,087 | INFO | Authority: CEO_DIRECTIVE_LINE_DAILY_INGEST_ACTIVATION_20251212
2026-02-16 23:54:42,087 | INFO | Amendment: CEO-DIR-2026-119 (Rate Limit Mitigation)
2026-02-16 23:54:42,087 | INFO | Time: 2026-02-16T22:54:42.087072+00:00
2026-02-16 23:54:42,087 | INFO | Asset Class Filter: ALL
2026-02-16 23:54:42,087 | INFO | Batch Mode: True
2026-02-16 23:54:42,088 | INFO | Dry Run: False
2026-02-16 23:54:42,088 | INFO | ======================================================================
2026-02-16 23:54:42,404 | INFO | Found 491 VEGA-attested assets
2026-02-16 23:54:42,404 | INFO | 
============================================================
2026-02-16 23:54:42,404 | INFO | Processing CRYPTO: 46 assets
2026-02-16 23:54:42,404 | INFO | Schedule: Daily 01:00 UTC
2026-02-16 23:54:42,404 | INFO | ============================================================
2026-02-16 23:54:42,405 | INFO |   Using BATCH MODE (CEO-DIR-2026-119)
2026-02-16 23:54:42,405 | INFO | 
  Batch 1/5 (10 tickers)
2026-02-16 23:54:42,460 | INFO |     All assets up to date
2026-02-16 23:54:42,460 | INFO | 
  Batch 2/5 (10 tickers)
2026-02-16 23:54:42,498 | INFO |     Batch download: 1 tickers
2026-02-16 23:54:43,736 | ERROR | 
1 Failed download:
2026-02-16 23:54:43,736 | ERROR | ['GRT-USD']: YFPricesMissingError('possibly delisted; no price data found  (1d 2026-02-15 -> 2026-02-17)')
2026-02-16 23:54:43,743 | INFO |   Batch complete, waiting 120s...
2026-02-16 23:56:43,743 | INFO | 
  Batch 3/5 (10 tickers)
2026-02-16 23:56:43,782 | INFO |     All assets up to date
2026-02-16 23:56:43,782 | INFO | 
  Batch 4/5 (10 tickers)
2026-02-16 23:56:43,824 | INFO |     Batch download: 1 tickers
2026-02-16 23:56:44,289 | ERROR | 
1 Failed download:
2026-02-16 23:56:44,290 | ERROR | ['UNI-USD']: YFPricesMissingError('possibly delisted; no price data found  (1d 2026-02-12 -> 2026-02-17)')
2026-02-16 23:56:44,292 | INFO |   Batch complete, waiting 120s...
2026-02-16 23:58:44,294 | INFO | 
  Batch 5/5 (6 tickers)
2026-02-16 23:58:44,302 | INFO |     All assets up to date
2026-02-16 23:58:44,302 | INFO | 
============================================================
2026-02-16 23:58:44,302 | INFO | Processing EQUITY: 421 assets
2026-02-16 23:58:44,312 | INFO | Schedule: Weekdays 22:00 UTC
2026-02-16 23:58:44,312 | INFO | ============================================================
2026-02-16 23:58:44,312 | INFO |   Using BATCH MODE (CEO-DIR-2026-119)
2026-02-16 23:58:44,312 | INFO | 
  Batch 1/43 (10 tickers)
2026-02-16 23:58:44,331 | INFO |     Batch download: 8 tickers
2026-02-16 23:58:45,903 | ERROR | 
1 Failed download:
2026-02-16 23:58:45,903 | ERROR | ['1COV.DE']: YFPricesMissingError('possibly delisted; no price data found  (1d 2025-12-24 -> 2026-02-17)')
2026-02-16 23:58:45,983 | INFO |     [ABBV] +35 rows
2026-02-16 23:58:46,003 | INFO |     [ABNB] +35 rows
2026-02-16 23:58:46,021 | INFO |     [ABT] +35 rows
2026-02-16 23:58:46,046 | INFO |     [ADBE] +35 rows
2026-02-16 23:58:46,077 | INFO |     [ADI] +35 rows
2026-02-16 23:58:46,099 | INFO |     [ADSK] +35 rows
2026-02-16 23:58:46,127 | INFO |     [AEP] +35 rows
2026-02-16 23:58:46,128 | INFO |   Batch complete, waiting 120s...
