2026-02-09 14:53:26,457 | INFO | ======================================================================
2026-02-09 14:53:26,457 | INFO | IoS-001 DAILY PRICE INGEST
2026-02-09 14:53:26,457 | INFO | Executor: LINE (EC-004)
2026-02-09 14:53:26,457 | INFO | Authority: CEO_DIRECTIVE_LINE_DAILY_INGEST_ACTIVATION_20251212
2026-02-09 14:53:26,457 | INFO | Amendment: CEO-DIR-2026-119 (Rate Limit Mitigation)
2026-02-09 14:53:26,457 | INFO | Time: 2026-02-09T13:53:26.457076+00:00
2026-02-09 14:53:26,457 | INFO | Asset Class Filter: ALL
2026-02-09 14:53:26,457 | INFO | Batch Mode: True
2026-02-09 14:53:26,457 | INFO | Dry Run: False
2026-02-09 14:53:26,457 | INFO | ======================================================================
2026-02-09 14:53:26,698 | INFO | Found 491 VEGA-attested assets
2026-02-09 14:53:26,698 | INFO | 
============================================================
2026-02-09 14:53:26,698 | INFO | Processing CRYPTO: 46 assets
2026-02-09 14:53:26,698 | INFO | Schedule: Daily 01:00 UTC
2026-02-09 14:53:26,698 | INFO | ============================================================
2026-02-09 14:53:26,698 | INFO |   Using BATCH MODE (CEO-DIR-2026-119)
2026-02-09 14:53:26,698 | INFO | 
  Batch 1/5 (10 tickers)
2026-02-09 14:53:26,776 | INFO |     All assets up to date
2026-02-09 14:53:26,776 | INFO | 
  Batch 2/5 (10 tickers)
2026-02-09 14:53:26,828 | INFO |     Batch download: 1 tickers
2026-02-09 14:53:30,605 | ERROR | 
1 Failed download:
2026-02-09 14:53:30,605 | ERROR | ['GRT-USD']: YFRateLimitError('Too Many Requests. Rate limited. Try after a while.')
2026-02-09 14:53:30,605 | INFO |   Batch complete, waiting 120s...
2026-02-09 14:55:30,612 | INFO | 
  Batch 3/5 (10 tickers)
2026-02-09 14:55:30,667 | INFO |     All assets up to date
2026-02-09 14:55:30,667 | INFO | 
  Batch 4/5 (10 tickers)
2026-02-09 14:55:30,728 | INFO |     Batch download: 1 tickers
2026-02-09 14:55:33,687 | ERROR | 
1 Failed download:
2026-02-09 14:55:33,687 | ERROR | ['UNI-USD']: YFRateLimitError('Too Many Requests. Rate limited. Try after a while.')
2026-02-09 14:55:33,690 | INFO |   Batch complete, waiting 120s...
2026-02-09 14:57:33,693 | INFO | 
  Batch 5/5 (6 tickers)
2026-02-09 14:57:33,724 | INFO |     All assets up to date
2026-02-09 14:57:33,724 | INFO | 
============================================================
2026-02-09 14:57:33,724 | INFO | Processing EQUITY: 421 assets
2026-02-09 14:57:33,724 | INFO | Schedule: Weekdays 22:00 UTC
2026-02-09 14:57:33,724 | INFO | ============================================================
2026-02-09 14:57:33,724 | INFO |   Using BATCH MODE (CEO-DIR-2026-119)
2026-02-09 14:57:33,724 | INFO | 
  Batch 1/43 (10 tickers)
2026-02-09 14:57:33,754 | INFO |     Batch download: 8 tickers
2026-02-09 14:57:44,757 | ERROR | 
8 Failed downloads:
2026-02-09 14:57:44,757 | ERROR | ['ADI', 'ADSK', '1COV.DE', 'AEP', 'ABT', 'ABNB', 'ADBE', 'ABBV']: YFRateLimitError('Too Many Requests. Rate limited. Try after a while.')
2026-02-09 14:57:44,766 | INFO |   Batch complete, waiting 120s...
