2026-02-14 13:29:40,183 | INFO | ======================================================================
2026-02-14 13:29:40,183 | INFO | IoS-001 DAILY PRICE INGEST
2026-02-14 13:29:40,183 | INFO | Executor: LINE (EC-004)
2026-02-14 13:29:40,183 | INFO | Authority: CEO_DIRECTIVE_LINE_DAILY_INGEST_ACTIVATION_20251212
2026-02-14 13:29:40,183 | INFO | Amendment: CEO-DIR-2026-119 (Rate Limit Mitigation)
2026-02-14 13:29:40,183 | INFO | Time: 2026-02-14T12:29:40.183398+00:00
2026-02-14 13:29:40,183 | INFO | Asset Class Filter: ALL
2026-02-14 13:29:40,183 | INFO | Batch Mode: True
2026-02-14 13:29:40,183 | INFO | Dry Run: False
2026-02-14 13:29:40,183 | INFO | ======================================================================
2026-02-14 13:29:40,514 | INFO | Found 491 VEGA-attested assets
2026-02-14 13:29:40,514 | INFO | 
============================================================
2026-02-14 13:29:40,514 | INFO | Processing CRYPTO: 46 assets
2026-02-14 13:29:40,514 | INFO | Schedule: Daily 01:00 UTC
2026-02-14 13:29:40,514 | INFO | ============================================================
2026-02-14 13:29:40,514 | INFO |   Using BATCH MODE (CEO-DIR-2026-119)
2026-02-14 13:29:40,514 | INFO | 
  Batch 1/5 (10 tickers)
2026-02-14 13:29:40,527 | INFO |     All assets up to date
2026-02-14 13:29:40,527 | INFO | 
  Batch 2/5 (10 tickers)
2026-02-14 13:29:40,535 | INFO |     Batch download: 1 tickers
2026-02-14 13:29:41,569 | ERROR | 
1 Failed download:
2026-02-14 13:29:41,569 | ERROR | ['GRT-USD']: YFPricesMissingError('possibly delisted; no price data found  (1d 2026-02-14 -> 2026-02-15)')
2026-02-14 13:29:41,584 | INFO |   Batch complete, waiting 120s...
2026-02-14 13:31:41,599 | INFO | 
  Batch 3/5 (10 tickers)
2026-02-14 13:31:41,636 | INFO |     All assets up to date
2026-02-14 13:31:41,636 | INFO | 
  Batch 4/5 (10 tickers)
2026-02-14 13:31:41,652 | INFO |     Batch download: 1 tickers
2026-02-14 13:31:42,137 | ERROR | 
1 Failed download:
2026-02-14 13:31:42,137 | ERROR | ['UNI-USD']: YFPricesMissingError('possibly delisted; no price data found  (1d 2026-02-12 -> 2026-02-15)')
2026-02-14 13:31:42,140 | INFO |   Batch complete, waiting 120s...
2026-02-14 13:33:42,142 | INFO | 
  Batch 5/5 (6 tickers)
2026-02-14 13:33:42,177 | INFO |     All assets up to date
2026-02-14 13:33:42,177 | INFO | 
============================================================
2026-02-14 13:33:42,177 | INFO | Processing EQUITY: 421 assets
2026-02-14 13:33:42,177 | INFO | Schedule: Weekdays 22:00 UTC
2026-02-14 13:33:42,177 | INFO | ============================================================
2026-02-14 13:33:42,177 | INFO |   Market closed for EQUITY today, skipping
2026-02-14 13:33:42,177 | INFO | 
============================================================
2026-02-14 13:33:42,177 | INFO | Processing FX: 24 assets
2026-02-14 13:33:42,177 | INFO | Schedule: Sun-Thu 22:00 UTC
2026-02-14 13:33:42,177 | INFO | ============================================================
2026-02-14 13:33:42,177 | INFO |   Market closed for FX today, skipping
2026-02-14 13:33:42,177 | WARNING | Heartbeat recording failed: relation "fhq_monitoring.system_heartbeats" does not exist
LINE 2:                 INSERT INTO fhq_monitoring.system_heartbeats...
                                    ^

2026-02-14 13:33:42,177 | INFO | 
======================================================================
2026-02-14 13:33:42,177 | INFO | DAILY INGEST COMPLETE
2026-02-14 13:33:42,177 | INFO | ======================================================================
2026-02-14 13:33:42,177 | INFO | Assets Processed: 46
2026-02-14 13:33:42,177 | INFO | Assets Updated:   0
2026-02-14 13:33:42,177 | INFO | Rows Inserted:    0
2026-02-14 13:33:42,177 | INFO |   CRYPTO: 0 assets, 0 rows
2026-02-14 13:33:42,177 | INFO | Evidence: C:\fhq-market-system\vision-ios\03_FUNCTIONS\evidence\IOS001_DAILY_INGEST_664ede12_20260214_133342.json
2026-02-14 13:33:42,177 | INFO | ======================================================================
