2026-01-20 22:31:58,533 | INFO | ======================================================================
2026-01-20 22:31:58,534 | INFO | IoS-001 DAILY PRICE INGEST
2026-01-20 22:31:58,534 | INFO | Executor: LINE (EC-004)
2026-01-20 22:31:58,534 | INFO | Authority: CEO_DIRECTIVE_LINE_DAILY_INGEST_ACTIVATION_20251212
2026-01-20 22:31:58,535 | INFO | Time: 2026-01-20T21:31:58.535016+00:00
2026-01-20 22:31:58,535 | INFO | Asset Class Filter: ALL
2026-01-20 22:31:58,535 | INFO | Dry Run: False
2026-01-20 22:31:58,535 | INFO | ======================================================================
2026-01-20 22:31:58,853 | INFO | Found 491 VEGA-attested assets
2026-01-20 22:31:58,853 | INFO | 
============================================================
2026-01-20 22:31:58,854 | INFO | Processing CRYPTO: 46 assets
2026-01-20 22:31:58,854 | INFO | Schedule: Daily 01:00 UTC
2026-01-20 22:31:58,854 | INFO | ============================================================
2026-01-20 22:31:58,854 | INFO | 
  Batch 1/2 (25 assets)
2026-01-20 22:31:58,933 | INFO |   Batch complete, waiting 60s...
2026-01-20 22:32:58,934 | INFO | 
  Batch 2/2 (21 assets)
2026-01-20 22:32:59,020 | INFO | 
============================================================
2026-01-20 22:32:59,020 | INFO | Processing EQUITY: 421 assets
2026-01-20 22:32:59,021 | INFO | Schedule: Weekdays 22:00 UTC
2026-01-20 22:32:59,021 | INFO | ============================================================
2026-01-20 22:32:59,021 | INFO | 
  Batch 1/17 (25 assets)
2026-01-20 22:33:03,937 | WARNING |   [1COV.DE] Fetch error: Too Many Requests. Rate limited. Try after a while.
2026-01-20 22:33:06,980 | INFO |   Batch complete, waiting 60s...
2026-01-20 22:34:06,982 | INFO | 
  Batch 2/17 (25 assets)
2026-01-20 22:34:07,100 | INFO |   Batch complete, waiting 60s...
2026-01-20 22:35:07,109 | INFO | 
  Batch 3/17 (25 assets)
2026-01-20 22:35:09,828 | WARNING |   [BRK.B] Fetch error: Too Many Requests. Rate limited. Try after a while.
2026-01-20 22:35:14,676 | WARNING |   [BT.A.L] Fetch error: Too Many Requests. Rate limited. Try after a while.
2026-01-20 22:35:19,102 | WARNING |   [BWO.OL] Fetch error: Too Many Requests. Rate limited. Try after a while.
2026-01-20 22:35:23,269 | WARNING |   [C] Fetch error: Too Many Requests. Rate limited. Try after a while.
2026-01-20 22:35:27,449 | WARNING |   [CAG] Fetch error: Too Many Requests. Rate limited. Try after a while.
2026-01-20 22:35:31,350 | WARNING |   [CAP.PA] Fetch error: Too Many Requests. Rate limited. Try after a while.
2026-01-20 22:35:35,405 | WARNING |   [CARR] Fetch error: Too Many Requests. Rate limited. Try after a while.
2026-01-20 22:35:39,508 | WARNING |   [CAT] Fetch error: Too Many Requests. Rate limited. Try after a while.
2026-01-20 22:35:43,769 | WARNING |   [CB] Fetch error: Too Many Requests. Rate limited. Try after a while.
2026-01-20 22:35:48,225 | WARNING |   [CBK.DE] Fetch error: Too Many Requests. Rate limited. Try after a while.
2026-01-20 22:35:52,374 | WARNING |   [CCI] Fetch error: Too Many Requests. Rate limited. Try after a while.
2026-01-20 22:35:56,357 | WARNING |   [CDNS] Fetch error: Too Many Requests. Rate limited. Try after a while.
2026-01-20 22:35:59,362 | INFO |   Batch complete, waiting 60s...
