2026-01-28 12:31:12,192 | INFO | ======================================================================
2026-01-28 12:31:12,192 | INFO | IoS-001 DAILY PRICE INGEST
2026-01-28 12:31:12,193 | INFO | Executor: LINE (EC-004)
2026-01-28 12:31:12,193 | INFO | Authority: CEO_DIRECTIVE_LINE_DAILY_INGEST_ACTIVATION_20251212
2026-01-28 12:31:12,193 | INFO | Time: 2026-01-28T11:31:12.193401+00:00
2026-01-28 12:31:12,193 | INFO | Asset Class Filter: ALL
2026-01-28 12:31:12,193 | INFO | Dry Run: False
2026-01-28 12:31:12,193 | INFO | ======================================================================
2026-01-28 12:31:12,461 | INFO | Found 491 VEGA-attested assets
2026-01-28 12:31:12,461 | INFO | 
============================================================
2026-01-28 12:31:12,461 | INFO | Processing CRYPTO: 46 assets
2026-01-28 12:31:12,461 | INFO | Schedule: Daily 01:00 UTC
2026-01-28 12:31:12,461 | INFO | ============================================================
2026-01-28 12:31:12,461 | INFO | 
  Batch 1/2 (25 assets)
2026-01-28 12:31:14,619 | ERROR | $GRT-USD: possibly delisted; no price data found  (1d 2026-01-28 -> 2026-01-29)
2026-01-28 12:31:17,645 | INFO |   Batch complete, waiting 60s...
2026-01-28 12:32:17,652 | INFO | 
  Batch 2/2 (21 assets)
2026-01-28 12:32:17,767 | ERROR | $UNI-USD: possibly delisted; no price data found  (1d 2026-01-27 -> 2026-01-29)
2026-01-28 12:32:20,823 | INFO | 
============================================================
2026-01-28 12:32:20,823 | INFO | Processing EQUITY: 421 assets
2026-01-28 12:32:20,823 | INFO | Schedule: Weekdays 22:00 UTC
2026-01-28 12:32:20,823 | INFO | ============================================================
2026-01-28 12:32:20,823 | INFO | 
  Batch 1/17 (25 assets)
2026-01-28 12:32:21,253 | ERROR | $1COV.DE: possibly delisted; no price data found  (1d 2025-12-24 -> 2026-01-29)
2026-01-28 12:32:24,452 | INFO |     [ABBV] +1 rows
2026-01-28 12:32:27,558 | INFO |     [ABNB] +1 rows
2026-01-28 12:32:30,707 | INFO |     [ABT] +1 rows
2026-01-28 12:32:34,014 | INFO |     [ADBE] +1 rows
2026-01-28 12:32:37,228 | INFO |     [ADI] +1 rows
2026-01-28 12:32:40,349 | INFO |     [ADSK] +1 rows
2026-01-28 12:32:43,606 | INFO |     [AEP] +1 rows
2026-01-28 12:32:46,886 | INFO |     [AFL] +1 rows
2026-01-28 12:32:50,123 | INFO |     [AIG] +1 rows
2026-01-28 12:32:53,347 | INFO |     [AKAM] +1 rows
2026-01-28 12:32:56,529 | INFO |     [ALB] +1 rows
2026-01-28 12:32:59,796 | INFO |     [ALL] +1 rows
2026-01-28 12:33:02,960 | INFO |     [AMAT] +1 rows
2026-01-28 12:33:05,961 | INFO |   Batch complete, waiting 60s...
2026-01-28 12:34:05,962 | INFO | 
  Batch 2/17 (25 assets)
2026-01-28 12:34:06,073 | INFO |     [AMD] +1 rows
2026-01-28 12:34:09,221 | INFO |     [AMGN] +1 rows
2026-01-28 12:34:12,374 | INFO |     [AMT] +1 rows
2026-01-28 12:34:15,533 | INFO |     [AMZN] +1 rows
2026-01-28 12:34:18,686 | INFO |     [AON] +1 rows
2026-01-28 12:34:21,901 | INFO |     [APD] +1 rows
2026-01-28 12:34:25,059 | INFO |     [ASML] +1 rows
2026-01-28 12:34:28,335 | INFO |     [AVB] +1 rows
2026-01-28 12:34:31,487 | INFO |     [AVGO] +1 rows
2026-01-28 12:34:34,610 | INFO |     [AWK] +1 rows
2026-01-28 12:34:37,785 | INFO |     [AXP] +1 rows
2026-01-28 12:34:40,973 | INFO |     [AZO] +1 rows
2026-01-28 12:34:44,159 | INFO |     [BA] +1 rows
2026-01-28 12:34:47,357 | INFO |     [BAC] +1 rows
2026-01-28 12:34:50,373 | INFO |   Batch complete, waiting 60s...
2026-01-28 12:35:50,382 | INFO | 
  Batch 3/17 (25 assets)
2026-01-28 12:35:50,577 | INFO |     [BEI.DE] +1 rows
2026-01-28 12:35:53,689 | INFO |     [BEWI.OL] +1 rows
2026-01-28 12:35:56,861 | INFO |     [BHP.L] +1 rows
2026-01-28 12:35:59,995 | INFO |     [BKNG] +1 rows
2026-01-28 12:36:03,220 | INFO |     [BKR] +1 rows
2026-01-28 12:36:06,427 | INFO |     [BLK] +1 rows
2026-01-28 12:36:09,583 | INFO |     [BMW.DE] +1 rows
