2026-01-29 14:17:38,701 | INFO | ======================================================================
2026-01-29 14:17:38,701 | INFO | IoS-001 DAILY PRICE INGEST
2026-01-29 14:17:38,701 | INFO | Executor: LINE (EC-004)
2026-01-29 14:17:38,701 | INFO | Authority: CEO_DIRECTIVE_LINE_DAILY_INGEST_ACTIVATION_20251212
2026-01-29 14:17:38,701 | INFO | Time: 2026-01-29T13:17:38.701651+00:00
2026-01-29 14:17:38,701 | INFO | Asset Class Filter: ALL
2026-01-29 14:17:38,701 | INFO | Dry Run: False
2026-01-29 14:17:38,701 | INFO | ======================================================================
2026-01-29 14:17:39,362 | INFO | Found 491 VEGA-attested assets
2026-01-29 14:17:39,362 | INFO | 
============================================================
2026-01-29 14:17:39,362 | INFO | Processing CRYPTO: 46 assets
2026-01-29 14:17:39,362 | INFO | Schedule: Daily 01:00 UTC
2026-01-29 14:17:39,362 | INFO | ============================================================
2026-01-29 14:17:39,362 | INFO | 
  Batch 1/2 (25 assets)
2026-01-29 14:17:43,974 | WARNING |   [GRT-USD] Fetch error: Too Many Requests. Rate limited. Try after a while.
2026-01-29 14:17:46,988 | INFO |   Batch complete, waiting 60s...
2026-01-29 14:18:46,999 | INFO | 
  Batch 2/2 (21 assets)
2026-01-29 14:18:49,867 | WARNING |   [UNI-USD] Fetch error: Too Many Requests. Rate limited. Try after a while.
2026-01-29 14:18:52,901 | INFO | 
============================================================
2026-01-29 14:18:52,901 | INFO | Processing EQUITY: 421 assets
2026-01-29 14:18:52,901 | INFO | Schedule: Weekdays 22:00 UTC
2026-01-29 14:18:52,901 | INFO | ============================================================
2026-01-29 14:18:52,901 | INFO | 
  Batch 1/17 (25 assets)
2026-01-29 14:18:54,665 | WARNING |   [1COV.DE] Fetch error: Too Many Requests. Rate limited. Try after a while.
2026-01-29 14:18:58,914 | WARNING |   [ABBV] Fetch error: Too Many Requests. Rate limited. Try after a while.
2026-01-29 14:19:03,068 | WARNING |   [ABNB] Fetch error: Too Many Requests. Rate limited. Try after a while.
2026-01-29 14:19:07,487 | WARNING |   [ABT] Fetch error: Too Many Requests. Rate limited. Try after a while.
2026-01-29 14:19:11,598 | WARNING |   [ADBE] Fetch error: Too Many Requests. Rate limited. Try after a while.
2026-01-29 14:19:15,652 | WARNING |   [ADI] Fetch error: Too Many Requests. Rate limited. Try after a while.
2026-01-29 14:19:20,122 | WARNING |   [ADSK] Fetch error: Too Many Requests. Rate limited. Try after a while.
2026-01-29 14:19:24,322 | WARNING |   [AEP] Fetch error: Too Many Requests. Rate limited. Try after a while.
2026-01-29 14:19:28,373 | WARNING |   [AFL] Fetch error: Too Many Requests. Rate limited. Try after a while.
2026-01-29 14:19:32,269 | WARNING |   [AIG] Fetch error: Too Many Requests. Rate limited. Try after a while.
2026-01-29 14:19:36,517 | WARNING |   [AKAM] Fetch error: Too Many Requests. Rate limited. Try after a while.
2026-01-29 14:19:40,630 | WARNING |   [ALB] Fetch error: Too Many Requests. Rate limited. Try after a while.
2026-01-29 14:19:44,838 | WARNING |   [ALL] Fetch error: Too Many Requests. Rate limited. Try after a while.
2026-01-29 14:19:49,354 | WARNING |   [AMAT] Fetch error: Too Many Requests. Rate limited. Try after a while.
2026-01-29 14:19:52,356 | INFO |   Batch complete, waiting 60s...
2026-01-29 14:20:52,357 | INFO | 
  Batch 2/17 (25 assets)
2026-01-29 14:20:54,628 | WARNING |   [AMD] Fetch error: Too Many Requests. Rate limited. Try after a while.
2026-01-29 14:20:58,888 | WARNING |   [AMGN] Fetch error: Too Many Requests. Rate limited. Try after a while.
2026-01-29 14:21:03,050 | WARNING |   [AMT] Fetch error: Too Many Requests. Rate limited. Try after a while.
2026-01-29 14:21:07,724 | WARNING |   [AMZN] Fetch error: Too Many Requests. Rate limited. Try after a while.
2026-01-29 14:21:12,521 | WARNING |   [AON] Fetch error: Too Many Requests. Rate limited. Try after a while.
2026-01-29 14:21:17,117 | WARNING |   [APD] Fetch error: Too Many Requests. Rate limited. Try after a while.
2026-01-29 14:21:21,832 | WARNING |   [ASML] Fetch error: Too Many Requests. Rate limited. Try after a while.
2026-01-29 14:21:26,025 | WARNING |   [AVB] Fetch error: Too Many Requests. Rate limited. Try after a while.
2026-01-29 14:21:30,983 | WARNING |   [AVGO] Fetch error: Too Many Requests. Rate limited. Try after a while.
2026-01-29 14:21:35,781 | WARNING |   [AWK] Fetch error: Too Many Requests. Rate limited. Try after a while.
2026-01-29 14:21:40,348 | WARNING |   [AXP] Fetch error: Too Many Requests. Rate limited. Try after a while.
2026-01-29 14:21:45,012 | WARNING |   [AZO] Fetch error: Too Many Requests. Rate limited. Try after a while.
2026-01-29 14:21:49,882 | WARNING |   [BA] Fetch error: Too Many Requests. Rate limited. Try after a while.
2026-01-29 14:21:53,867 | WARNING |   [BAC] Fetch error: Too Many Requests. Rate limited. Try after a while.
2026-01-29 14:21:56,895 | INFO |   Batch complete, waiting 60s...
