2026-01-25 00:14:46,366 | INFO | ======================================================================
2026-01-25 00:14:46,366 | INFO | IoS-001 DAILY PRICE INGEST
2026-01-25 00:14:46,366 | INFO | Executor: LINE (EC-004)
2026-01-25 00:14:46,366 | INFO | Authority: CEO_DIRECTIVE_LINE_DAILY_INGEST_ACTIVATION_20251212
2026-01-25 00:14:46,366 | INFO | Time: 2026-01-24T23:14:46.366392+00:00
2026-01-25 00:14:46,366 | INFO | Asset Class Filter: ALL
2026-01-25 00:14:46,366 | INFO | Dry Run: False
2026-01-25 00:14:46,366 | INFO | ======================================================================
2026-01-25 00:14:46,620 | INFO | Found 491 VEGA-attested assets
2026-01-25 00:14:46,621 | INFO | 
============================================================
2026-01-25 00:14:46,621 | INFO | Processing CRYPTO: 46 assets
2026-01-25 00:14:46,621 | INFO | Schedule: Daily 01:00 UTC
2026-01-25 00:14:46,621 | INFO | ============================================================
2026-01-25 00:14:46,621 | INFO | 
  Batch 1/2 (25 assets)
2026-01-25 00:14:49,425 | ERROR | $ADA-USD: possibly delisted; no price data found  (1d 2026-01-25 -> 2026-01-26) (Yahoo error = "Data doesn't exist for startDate = 1769299200, endDate = 1769385600")
2026-01-25 00:14:53,490 | ERROR | $ALGO-USD: possibly delisted; no price data found  (1d 2026-01-25 -> 2026-01-26) (Yahoo error = "Data doesn't exist for startDate = 1769299200, endDate = 1769385600")
2026-01-25 00:14:57,672 | ERROR | $ATOM-USD: possibly delisted; no price data found  (1d 2026-01-25 -> 2026-01-26) (Yahoo error = "Data doesn't exist for startDate = 1769299200, endDate = 1769385600")
2026-01-25 00:15:01,830 | ERROR | $AVAX-USD: possibly delisted; no price data found  (1d 2026-01-25 -> 2026-01-26) (Yahoo error = "Data doesn't exist for startDate = 1769299200, endDate = 1769385600")
2026-01-25 00:15:05,872 | ERROR | $AXS-USD: possibly delisted; no price data found  (1d 2026-01-25 -> 2026-01-26) (Yahoo error = "Data doesn't exist for startDate = 1769299200, endDate = 1769385600")
2026-01-25 00:15:10,052 | ERROR | $BCH-USD: possibly delisted; no price data found  (1d 2026-01-25 -> 2026-01-26) (Yahoo error = "Data doesn't exist for startDate = 1769299200, endDate = 1769385600")
2026-01-25 00:15:15,572 | ERROR | $BNB-USD: possibly delisted; no price data found  (1d 2026-01-25 -> 2026-01-26) (Yahoo error = "Data doesn't exist for startDate = 1769299200, endDate = 1769385600")
2026-01-25 00:15:21,423 | ERROR | $BTC-USD: possibly delisted; no price data found  (1d 2026-01-25 -> 2026-01-26) (Yahoo error = "Data doesn't exist for startDate = 1769299200, endDate = 1769385600")
2026-01-25 00:15:24,753 | ERROR | $CHZ-USD: possibly delisted; no price data found  (1d 2026-01-25 -> 2026-01-26) (Yahoo error = "Data doesn't exist for startDate = 1769299200, endDate = 1769385600")
2026-01-25 00:15:29,084 | ERROR | $CRO-USD: possibly delisted; no price data found  (1d 2026-01-25 -> 2026-01-26) (Yahoo error = "Data doesn't exist for startDate = 1769299200, endDate = 1769385600")
2026-01-25 00:15:33,164 | ERROR | $CRV-USD: possibly delisted; no price data found  (1d 2026-01-25 -> 2026-01-26) (Yahoo error = "Data doesn't exist for startDate = 1769299200, endDate = 1769385600")
2026-01-25 00:15:37,402 | ERROR | $DOGE-USD: possibly delisted; no price data found  (1d 2026-01-25 -> 2026-01-26) (Yahoo error = "Data doesn't exist for startDate = 1769299200, endDate = 1769385600")
2026-01-25 00:15:41,470 | ERROR | $DOT-USD: possibly delisted; no price data found  (1d 2026-01-25 -> 2026-01-26) (Yahoo error = "Data doesn't exist for startDate = 1769299200, endDate = 1769385600")
2026-01-25 00:15:45,497 | ERROR | $EOS-USD: possibly delisted; no price data found  (1d 2026-01-25 -> 2026-01-26) (Yahoo error = "Data doesn't exist for startDate = 1769299200, endDate = 1769385600")
2026-01-25 00:15:49,538 | ERROR | $ETC-USD: possibly delisted; no price data found  (1d 2026-01-25 -> 2026-01-26) (Yahoo error = "Data doesn't exist for startDate = 1769299200, endDate = 1769385600")
2026-01-25 00:15:53,679 | ERROR | $ETH-USD: possibly delisted; no price data found  (1d 2026-01-25 -> 2026-01-26) (Yahoo error = "Data doesn't exist for startDate = 1769299200, endDate = 1769385600")
2026-01-25 00:15:58,133 | ERROR | $FIL-USD: possibly delisted; no price data found  (1d 2026-01-25 -> 2026-01-26) (Yahoo error = "Data doesn't exist for startDate = 1769299200, endDate = 1769385600")
2026-01-25 00:16:02,210 | ERROR | $FLOW-USD: possibly delisted; no price data found  (1d 2026-01-25 -> 2026-01-26) (Yahoo error = "Data doesn't exist for startDate = 1769299200, endDate = 1769385600")
2026-01-25 00:16:05,300 | ERROR | $GRT-USD: possibly delisted; no price data found  (1d 2026-01-24 -> 2026-01-26)
2026-01-25 00:16:09,650 | ERROR | $HBAR-USD: possibly delisted; no price data found  (1d 2026-01-25 -> 2026-01-26) (Yahoo error = "Data doesn't exist for startDate = 1769299200, endDate = 1769385600")
2026-01-25 00:16:13,731 | ERROR | $ICP-USD: possibly delisted; no price data found  (1d 2026-01-25 -> 2026-01-26) (Yahoo error = "Data doesn't exist for startDate = 1769299200, endDate = 1769385600")
2026-01-25 00:16:17,928 | ERROR | $INJ-USD: possibly delisted; no price data found  (1d 2026-01-25 -> 2026-01-26) (Yahoo error = "Data doesn't exist for startDate = 1769299200, endDate = 1769385600")
2026-01-25 00:16:21,942 | ERROR | $LDO-USD: possibly delisted; no price data found  (1d 2026-01-25 -> 2026-01-26) (Yahoo error = "Data doesn't exist for startDate = 1769299200, endDate = 1769385600")
2026-01-25 00:16:26,212 | ERROR | $LINK-USD: possibly delisted; no price data found  (1d 2026-01-25 -> 2026-01-26) (Yahoo error = "Data doesn't exist for startDate = 1769299200, endDate = 1769385600")
2026-01-25 00:16:30,309 | ERROR | $LTC-USD: possibly delisted; no price data found  (1d 2026-01-25 -> 2026-01-26) (Yahoo error = "Data doesn't exist for startDate = 1769299200, endDate = 1769385600")
2026-01-25 00:16:33,318 | INFO |   Batch complete, waiting 60s...
2026-01-25 00:17:33,319 | INFO | 
  Batch 2/2 (21 assets)
2026-01-25 00:17:35,029 | ERROR | $MANA-USD: possibly delisted; no price data found  (1d 2026-01-25 -> 2026-01-26) (Yahoo error = "Data doesn't exist for startDate = 1769299200, endDate = 1769385600")
2026-01-25 00:17:39,170 | ERROR | $MKR-USD: possibly delisted; no price data found  (1d 2026-01-25 -> 2026-01-26) (Yahoo error = "Data doesn't exist for startDate = 1769299200, endDate = 1769385600")
2026-01-25 00:17:43,205 | ERROR | $NEAR-USD: possibly delisted; no price data found  (1d 2026-01-25 -> 2026-01-26) (Yahoo error = "Data doesn't exist for startDate = 1769299200, endDate = 1769385600")
2026-01-25 00:17:47,339 | ERROR | $OKB-USD: possibly delisted; no price data found  (1d 2026-01-25 -> 2026-01-26) (Yahoo error = "Data doesn't exist for startDate = 1769299200, endDate = 1769385600")
2026-01-25 00:17:51,576 | ERROR | $QNT-USD: possibly delisted; no price data found  (1d 2026-01-25 -> 2026-01-26) (Yahoo error = "Data doesn't exist for startDate = 1769299200, endDate = 1769385600")
2026-01-25 00:17:55,649 | ERROR | $RPL-USD: possibly delisted; no price data found  (1d 2026-01-25 -> 2026-01-26) (Yahoo error = "Data doesn't exist for startDate = 1769299200, endDate = 1769385600")
2026-01-25 00:17:59,922 | ERROR | $RUNE-USD: possibly delisted; no price data found  (1d 2026-01-25 -> 2026-01-26) (Yahoo error = "Data doesn't exist for startDate = 1769299200, endDate = 1769385600")
2026-01-25 00:18:04,080 | ERROR | $SAND-USD: possibly delisted; no price data found  (1d 2026-01-25 -> 2026-01-26) (Yahoo error = "Data doesn't exist for startDate = 1769299200, endDate = 1769385600")
2026-01-25 00:18:08,712 | ERROR | $SHIB-USD: possibly delisted; no price data found  (1d 2026-01-25 -> 2026-01-26) (Yahoo error = "Data doesn't exist for startDate = 1769299200, endDate = 1769385600")
2026-01-25 00:18:12,811 | ERROR | $SNX-USD: possibly delisted; no price data found  (1d 2026-01-25 -> 2026-01-26) (Yahoo error = "Data doesn't exist for startDate = 1769299200, endDate = 1769385600")
2026-01-25 00:18:16,778 | ERROR | $SOL-USD: possibly delisted; no price data found  (1d 2026-01-25 -> 2026-01-26) (Yahoo error = "Data doesn't exist for startDate = 1769299200, endDate = 1769385600")
2026-01-25 00:18:21,276 | ERROR | $THETA-USD: possibly delisted; no price data found  (1d 2026-01-25 -> 2026-01-26) (Yahoo error = "Data doesn't exist for startDate = 1769299200, endDate = 1769385600")
2026-01-25 00:18:25,656 | ERROR | $TRX-USD: possibly delisted; no price data found  (1d 2026-01-25 -> 2026-01-26) (Yahoo error = "Data doesn't exist for startDate = 1769299200, endDate = 1769385600")
2026-01-25 00:18:28,755 | ERROR | $UNI-USD: possibly delisted; no price data found  (1d 2026-01-23 -> 2026-01-26)
2026-01-25 00:18:34,097 | ERROR | $VET-USD: possibly delisted; no price data found  (1d 2026-01-25 -> 2026-01-26) (Yahoo error = "Data doesn't exist for startDate = 1769299200, endDate = 1769385600")
2026-01-25 00:18:38,379 | ERROR | $XLM-USD: possibly delisted; no price data found  (1d 2026-01-25 -> 2026-01-26) (Yahoo error = "Data doesn't exist for startDate = 1769299200, endDate = 1769385600")
2026-01-25 00:18:42,401 | ERROR | $XMR-USD: possibly delisted; no price data found  (1d 2026-01-25 -> 2026-01-26) (Yahoo error = "Data doesn't exist for startDate = 1769299200, endDate = 1769385600")
2026-01-25 00:18:46,747 | ERROR | $XRP-USD: possibly delisted; no price data found  (1d 2026-01-25 -> 2026-01-26) (Yahoo error = "Data doesn't exist for startDate = 1769299200, endDate = 1769385600")
2026-01-25 00:18:50,526 | ERROR | $XTZ-USD: possibly delisted; no price data found  (1d 2026-01-25 -> 2026-01-26) (Yahoo error = "Data doesn't exist for startDate = 1769299200, endDate = 1769385600")
2026-01-25 00:18:54,675 | ERROR | $ZEC-USD: possibly delisted; no price data found  (1d 2026-01-25 -> 2026-01-26) (Yahoo error = "Data doesn't exist for startDate = 1769299200, endDate = 1769385600")
2026-01-25 00:18:58,858 | ERROR | $AAVE-USD: possibly delisted; no price data found  (1d 2026-01-25 -> 2026-01-26) (Yahoo error = "Data doesn't exist for startDate = 1769299200, endDate = 1769385600")
2026-01-25 00:19:01,861 | INFO | 
============================================================
2026-01-25 00:19:01,862 | INFO | Processing EQUITY: 421 assets
2026-01-25 00:19:01,863 | INFO | Schedule: Weekdays 22:00 UTC
2026-01-25 00:19:01,863 | INFO | ============================================================
2026-01-25 00:19:01,864 | INFO |   Market closed for EQUITY today, skipping
2026-01-25 00:19:01,864 | INFO | 
============================================================
2026-01-25 00:19:01,865 | INFO | Processing FX: 24 assets
2026-01-25 00:19:01,865 | INFO | Schedule: Sun-Thu 22:00 UTC
2026-01-25 00:19:01,866 | INFO | ============================================================
2026-01-25 00:19:01,866 | INFO |   Market closed for FX today, skipping
2026-01-25 00:19:01,879 | WARNING | Heartbeat recording failed: relation "fhq_monitoring.system_heartbeats" does not exist
LINE 2:                 INSERT INTO fhq_monitoring.system_heartbeats...
                                    ^

2026-01-25 00:19:01,883 | INFO | 
======================================================================
2026-01-25 00:19:01,884 | INFO | DAILY INGEST COMPLETE
2026-01-25 00:19:01,884 | INFO | ======================================================================
2026-01-25 00:19:01,884 | INFO | Assets Processed: 46
2026-01-25 00:19:01,885 | INFO | Assets Updated:   0
2026-01-25 00:19:01,886 | INFO | Rows Inserted:    0
2026-01-25 00:19:01,887 | INFO |   CRYPTO: 0 assets, 0 rows
2026-01-25 00:19:01,887 | INFO | Evidence: C:\fhq-market-system\vision-ios\03_FUNCTIONS\evidence\IOS001_DAILY_INGEST_e0aedccd_20260125_001901.json
2026-01-25 00:19:01,888 | INFO | ======================================================================
