2026-01-23 03:14:04,983 | INFO | ======================================================================
2026-01-23 03:14:04,983 | INFO | IoS-001 DAILY PRICE INGEST
2026-01-23 03:14:04,983 | INFO | Executor: LINE (EC-004)
2026-01-23 03:14:04,983 | INFO | Authority: CEO_DIRECTIVE_LINE_DAILY_INGEST_ACTIVATION_20251212
2026-01-23 03:14:04,983 | INFO | Time: 2026-01-23T02:14:04.983895+00:00
2026-01-23 03:14:04,984 | INFO | Asset Class Filter: ALL
2026-01-23 03:14:04,984 | INFO | Dry Run: False
2026-01-23 03:14:04,984 | INFO | ======================================================================
2026-01-23 03:14:05,221 | INFO | Found 491 VEGA-attested assets
2026-01-23 03:14:05,221 | INFO | 
============================================================
2026-01-23 03:14:05,221 | INFO | Processing CRYPTO: 46 assets
2026-01-23 03:14:05,221 | INFO | Schedule: Daily 01:00 UTC
2026-01-23 03:14:05,221 | INFO | ============================================================
2026-01-23 03:14:05,221 | INFO | 
  Batch 1/2 (25 assets)
2026-01-23 03:14:08,558 | WARNING |   [GRT-USD] Fetch error: Too Many Requests. Rate limited. Try after a while.
2026-01-23 03:14:11,612 | INFO |   Batch complete, waiting 60s...
2026-01-23 03:15:11,614 | INFO | 
  Batch 2/2 (21 assets)
2026-01-23 03:15:13,062 | WARNING |   [UNI-USD] Fetch error: Too Many Requests. Rate limited. Try after a while.
2026-01-23 03:15:16,088 | INFO | 
============================================================
2026-01-23 03:15:16,088 | INFO | Processing EQUITY: 421 assets
2026-01-23 03:15:16,088 | INFO | Schedule: Weekdays 22:00 UTC
2026-01-23 03:15:16,088 | INFO | ============================================================
2026-01-23 03:15:16,088 | INFO | 
  Batch 1/17 (25 assets)
2026-01-23 03:15:17,162 | WARNING |   [1COV.DE] Fetch error: Too Many Requests. Rate limited. Try after a while.
2026-01-23 03:15:21,297 | WARNING |   [ABBV] Fetch error: Too Many Requests. Rate limited. Try after a while.
2026-01-23 03:15:25,298 | WARNING |   [ABNB] Fetch error: Too Many Requests. Rate limited. Try after a while.
2026-01-23 03:15:29,426 | WARNING |   [ABT] Fetch error: Too Many Requests. Rate limited. Try after a while.
2026-01-23 03:15:33,244 | WARNING |   [ACA.PA] Fetch error: Too Many Requests. Rate limited. Try after a while.
2026-01-23 03:15:37,546 | WARNING |   [ADBE] Fetch error: Too Many Requests. Rate limited. Try after a while.
2026-01-23 03:15:41,800 | WARNING |   [ADI] Fetch error: Too Many Requests. Rate limited. Try after a while.
2026-01-23 03:15:45,850 | WARNING |   [ADS.DE] Fetch error: Too Many Requests. Rate limited. Try after a while.
2026-01-23 03:15:50,142 | WARNING |   [ADSK] Fetch error: Too Many Requests. Rate limited. Try after a while.
2026-01-23 03:15:54,197 | WARNING |   [AEP] Fetch error: Too Many Requests. Rate limited. Try after a while.
2026-01-23 03:15:58,271 | WARNING |   [AFL] Fetch error: Too Many Requests. Rate limited. Try after a while.
2026-01-23 03:16:02,675 | WARNING |   [AI.PA] Fetch error: Too Many Requests. Rate limited. Try after a while.
2026-01-23 03:16:06,725 | WARNING |   [AIG] Fetch error: Too Many Requests. Rate limited. Try after a while.
2026-01-23 03:16:10,865 | WARNING |   [AIR.DE] Fetch error: Too Many Requests. Rate limited. Try after a while.
2026-01-23 03:16:14,693 | WARNING |   [AIR.PA] Fetch error: Too Many Requests. Rate limited. Try after a while.
2026-01-23 03:16:18,599 | WARNING |   [AKAM] Fetch error: Too Many Requests. Rate limited. Try after a while.
2026-01-23 03:16:22,667 | WARNING |   [AKER.OL] Fetch error: Too Many Requests. Rate limited. Try after a while.
2026-01-23 03:16:26,544 | WARNING |   [AKRBP.OL] Fetch error: Too Many Requests. Rate limited. Try after a while.
2026-01-23 03:16:30,427 | WARNING |   [AKSO.OL] Fetch error: Too Many Requests. Rate limited. Try after a while.
2026-01-23 03:16:34,521 | WARNING |   [AKVA.OL] Fetch error: Too Many Requests. Rate limited. Try after a while.
2026-01-23 03:16:38,614 | WARNING |   [ALB] Fetch error: Too Many Requests. Rate limited. Try after a while.
2026-01-23 03:16:43,001 | WARNING |   [ALL] Fetch error: Too Many Requests. Rate limited. Try after a while.
2026-01-23 03:16:47,375 | WARNING |   [ALO.PA] Fetch error: Too Many Requests. Rate limited. Try after a while.
2026-01-23 03:16:51,519 | WARNING |   [ALV.DE] Fetch error: Too Many Requests. Rate limited. Try after a while.
2026-01-23 03:16:55,691 | WARNING |   [AMAT] Fetch error: Too Many Requests. Rate limited. Try after a while.
2026-01-23 03:16:58,698 | INFO |   Batch complete, waiting 60s...
2026-01-23 03:17:58,698 | INFO | 
  Batch 2/17 (25 assets)
2026-01-23 03:18:00,997 | WARNING |   [AMD] Fetch error: Too Many Requests. Rate limited. Try after a while.
2026-01-23 03:18:05,079 | WARNING |   [AMGN] Fetch error: Too Many Requests. Rate limited. Try after a while.
2026-01-23 03:18:09,163 | WARNING |   [AMT] Fetch error: Too Many Requests. Rate limited. Try after a while.
2026-01-23 03:18:13,545 | WARNING |   [AMZN] Fetch error: Too Many Requests. Rate limited. Try after a while.
2026-01-23 03:18:17,785 | WARNING |   [AON] Fetch error: Too Many Requests. Rate limited. Try after a while.
2026-01-23 03:18:22,021 | WARNING |   [APD] Fetch error: Too Many Requests. Rate limited. Try after a while.
2026-01-23 03:18:26,044 | WARNING |   [ASML] Fetch error: Too Many Requests. Rate limited. Try after a while.
2026-01-23 03:18:30,000 | WARNING |   [ATO.PA] Fetch error: Too Many Requests. Rate limited. Try after a while.
2026-01-23 03:18:34,047 | WARNING |   [AUSS.OL] Fetch error: Too Many Requests. Rate limited. Try after a while.
2026-01-23 03:18:38,085 | WARNING |   [AUTO.OL] Fetch error: Too Many Requests. Rate limited. Try after a while.
2026-01-23 03:18:41,998 | WARNING |   [AV.L] Fetch error: Too Many Requests. Rate limited. Try after a while.
2026-01-23 03:18:46,029 | WARNING |   [AVB] Fetch error: Too Many Requests. Rate limited. Try after a while.
2026-01-23 03:18:50,075 | WARNING |   [AVGO] Fetch error: Too Many Requests. Rate limited. Try after a while.
2026-01-23 03:18:54,094 | WARNING |   [AWK] Fetch error: Too Many Requests. Rate limited. Try after a while.
2026-01-23 03:18:58,091 | WARNING |   [AXP] Fetch error: Too Many Requests. Rate limited. Try after a while.
2026-01-23 03:19:01,935 | WARNING |   [AZN.L] Fetch error: Too Many Requests. Rate limited. Try after a while.
