2026-01-17 11:53:05,814 | INFO | ======================================================================
2026-01-17 11:53:05,814 | INFO | IoS-001 DAILY PRICE INGEST
2026-01-17 11:53:05,814 | INFO | Executor: LINE (EC-004)
2026-01-17 11:53:05,814 | INFO | Authority: CEO_DIRECTIVE_LINE_DAILY_INGEST_ACTIVATION_20251212
2026-01-17 11:53:05,814 | INFO | Time: 2026-01-17T10:53:05.814187+00:00
2026-01-17 11:53:05,814 | INFO | Asset Class Filter: ALL
2026-01-17 11:53:05,814 | INFO | Dry Run: False
2026-01-17 11:53:05,814 | INFO | ======================================================================
2026-01-17 11:53:06,094 | INFO | Found 491 VEGA-attested assets
2026-01-17 11:53:06,094 | INFO | 
============================================================
2026-01-17 11:53:06,095 | INFO | Processing CRYPTO: 46 assets
2026-01-17 11:53:06,095 | INFO | Schedule: Daily 01:00 UTC
2026-01-17 11:53:06,095 | INFO | ============================================================
2026-01-17 11:53:06,095 | INFO | 
  Batch 1/2 (25 assets)
2026-01-17 11:53:09,011 | WARNING |   [GRT-USD] Fetch error: Too Many Requests. Rate limited. Try after a while.
2026-01-17 11:53:12,026 | INFO |   Batch complete, waiting 60s...
2026-01-17 11:54:12,027 | INFO | 
  Batch 2/2 (21 assets)
2026-01-17 11:54:13,477 | WARNING |   [UNI-USD] Fetch error: Too Many Requests. Rate limited. Try after a while.
2026-01-17 11:54:16,492 | INFO | 
============================================================
2026-01-17 11:54:16,492 | INFO | Processing EQUITY: 421 assets
2026-01-17 11:54:16,492 | INFO | Schedule: Weekdays 22:00 UTC
2026-01-17 11:54:16,492 | INFO | ============================================================
2026-01-17 11:54:16,492 | INFO |   Market closed for EQUITY today, skipping
2026-01-17 11:54:16,492 | INFO | 
============================================================
2026-01-17 11:54:16,492 | INFO | Processing FX: 24 assets
2026-01-17 11:54:16,492 | INFO | Schedule: Sun-Thu 22:00 UTC
2026-01-17 11:54:16,492 | INFO | ============================================================
2026-01-17 11:54:16,492 | INFO |   Market closed for FX today, skipping
2026-01-17 11:54:16,502 | WARNING | Heartbeat recording failed: relation "fhq_monitoring.system_heartbeats" does not exist
LINE 2:                 INSERT INTO fhq_monitoring.system_heartbeats...
                                    ^

2026-01-17 11:54:16,502 | INFO | 
======================================================================
2026-01-17 11:54:16,502 | INFO | DAILY INGEST COMPLETE
2026-01-17 11:54:16,502 | INFO | ======================================================================
2026-01-17 11:54:16,502 | INFO | Assets Processed: 46
2026-01-17 11:54:16,502 | INFO | Assets Updated:   0
2026-01-17 11:54:16,502 | INFO | Rows Inserted:    0
2026-01-17 11:54:16,502 | INFO |   CRYPTO: 0 assets, 0 rows
2026-01-17 11:54:16,502 | INFO | Evidence: C:\fhq-market-system\vision-ios\03_FUNCTIONS\evidence\IOS001_DAILY_INGEST_3ace3b47_20260117_115416.json
2026-01-17 11:54:16,502 | INFO | ======================================================================
