2026-01-30 03:12:21,564 | INFO | ======================================================================
2026-01-30 03:12:21,564 | INFO | IoS-001 DAILY PRICE INGEST
2026-01-30 03:12:21,564 | INFO | Executor: LINE (EC-004)
2026-01-30 03:12:21,564 | INFO | Authority: CEO_DIRECTIVE_LINE_DAILY_INGEST_ACTIVATION_20251212
2026-01-30 03:12:21,564 | INFO | Time: 2026-01-30T02:12:21.564284+00:00
2026-01-30 03:12:21,564 | INFO | Asset Class Filter: ALL
2026-01-30 03:12:21,564 | INFO | Dry Run: False
2026-01-30 03:12:21,564 | INFO | ======================================================================
2026-01-30 03:12:21,964 | INFO | Found 491 VEGA-attested assets
2026-01-30 03:12:21,964 | INFO | 
============================================================
2026-01-30 03:12:21,964 | INFO | Processing CRYPTO: 46 assets
2026-01-30 03:12:21,964 | INFO | Schedule: Daily 01:00 UTC
2026-01-30 03:12:21,965 | INFO | ============================================================
2026-01-30 03:12:21,965 | INFO | 
  Batch 1/2 (25 assets)
2026-01-30 03:12:26,847 | WARNING |   [GRT-USD] Fetch error: Too Many Requests. Rate limited. Try after a while.
2026-01-30 03:12:29,915 | INFO |   Batch complete, waiting 60s...
2026-01-30 03:13:29,916 | INFO | 
  Batch 2/2 (21 assets)
2026-01-30 03:13:31,819 | WARNING |   [UNI-USD] Fetch error: Too Many Requests. Rate limited. Try after a while.
2026-01-30 03:13:34,840 | INFO | 
============================================================
2026-01-30 03:13:34,840 | INFO | Processing EQUITY: 421 assets
2026-01-30 03:13:34,840 | INFO | Schedule: Weekdays 22:00 UTC
2026-01-30 03:13:34,840 | INFO | ============================================================
2026-01-30 03:13:34,840 | INFO | 
  Batch 1/17 (25 assets)
2026-01-30 03:13:36,075 | WARNING |   [1COV.DE] Fetch error: Too Many Requests. Rate limited. Try after a while.
2026-01-30 03:13:40,667 | WARNING |   [ABBV] Fetch error: Too Many Requests. Rate limited. Try after a while.
2026-01-30 03:13:44,629 | WARNING |   [ABNB] Fetch error: Too Many Requests. Rate limited. Try after a while.
2026-01-30 03:13:48,871 | WARNING |   [ABT] Fetch error: Too Many Requests. Rate limited. Try after a while.
2026-01-30 03:13:52,930 | WARNING |   [ACA.PA] Fetch error: Too Many Requests. Rate limited. Try after a while.
2026-01-30 03:13:56,969 | WARNING |   [ADBE] Fetch error: Too Many Requests. Rate limited. Try after a while.
2026-01-30 03:14:01,117 | WARNING |   [ADI] Fetch error: Too Many Requests. Rate limited. Try after a while.
2026-01-30 03:14:05,180 | WARNING |   [ADS.DE] Fetch error: Too Many Requests. Rate limited. Try after a while.
2026-01-30 03:14:09,273 | WARNING |   [ADSK] Fetch error: Too Many Requests. Rate limited. Try after a while.
2026-01-30 03:14:13,270 | WARNING |   [AEP] Fetch error: Too Many Requests. Rate limited. Try after a while.
2026-01-30 03:14:17,579 | WARNING |   [AFL] Fetch error: Too Many Requests. Rate limited. Try after a while.
2026-01-30 03:14:21,805 | WARNING |   [AI.PA] Fetch error: Too Many Requests. Rate limited. Try after a while.
2026-01-30 03:14:25,804 | WARNING |   [AIG] Fetch error: Too Many Requests. Rate limited. Try after a while.
2026-01-30 03:14:29,779 | WARNING |   [AIR.DE] Fetch error: Too Many Requests. Rate limited. Try after a while.
2026-01-30 03:14:33,892 | WARNING |   [AIR.PA] Fetch error: Too Many Requests. Rate limited. Try after a while.
2026-01-30 03:14:38,101 | WARNING |   [AKAM] Fetch error: Too Many Requests. Rate limited. Try after a while.
2026-01-30 03:14:42,383 | WARNING |   [AKER.OL] Fetch error: Too Many Requests. Rate limited. Try after a while.
2026-01-30 03:14:46,537 | WARNING |   [AKRBP.OL] Fetch error: Too Many Requests. Rate limited. Try after a while.
2026-01-30 03:14:50,848 | WARNING |   [AKSO.OL] Fetch error: Too Many Requests. Rate limited. Try after a while.
2026-01-30 03:14:54,942 | WARNING |   [AKVA.OL] Fetch error: Too Many Requests. Rate limited. Try after a while.
2026-01-30 03:14:59,013 | WARNING |   [ALB] Fetch error: Too Many Requests. Rate limited. Try after a while.
2026-01-30 03:15:03,321 | WARNING |   [ALL] Fetch error: Too Many Requests. Rate limited. Try after a while.
2026-01-30 03:15:07,306 | WARNING |   [ALO.PA] Fetch error: Too Many Requests. Rate limited. Try after a while.
2026-01-30 03:15:11,252 | WARNING |   [ALV.DE] Fetch error: Too Many Requests. Rate limited. Try after a while.
2026-01-30 03:15:15,513 | WARNING |   [AMAT] Fetch error: Too Many Requests. Rate limited. Try after a while.
2026-01-30 03:15:18,525 | INFO |   Batch complete, waiting 60s...
2026-01-30 03:16:18,526 | INFO | 
  Batch 2/17 (25 assets)
2026-01-30 03:16:20,071 | WARNING |   [AMD] Fetch error: Too Many Requests. Rate limited. Try after a while.
2026-01-30 03:16:24,007 | WARNING |   [AMGN] Fetch error: Too Many Requests. Rate limited. Try after a while.
2026-01-30 03:16:28,052 | WARNING |   [AMT] Fetch error: Too Many Requests. Rate limited. Try after a while.
2026-01-30 03:16:32,347 | WARNING |   [AMZN] Fetch error: Too Many Requests. Rate limited. Try after a while.
2026-01-30 03:16:36,736 | WARNING |   [AON] Fetch error: Too Many Requests. Rate limited. Try after a while.
2026-01-30 03:16:40,995 | WARNING |   [APD] Fetch error: Too Many Requests. Rate limited. Try after a while.
2026-01-30 03:16:45,110 | WARNING |   [ASML] Fetch error: Too Many Requests. Rate limited. Try after a while.
2026-01-30 03:16:49,036 | WARNING |   [ATO.PA] Fetch error: Too Many Requests. Rate limited. Try after a while.
2026-01-30 03:16:53,069 | WARNING |   [AUSS.OL] Fetch error: Too Many Requests. Rate limited. Try after a while.
2026-01-30 03:16:57,159 | WARNING |   [AUTO.OL] Fetch error: Too Many Requests. Rate limited. Try after a while.
2026-01-30 03:17:01,078 | WARNING |   [AV.L] Fetch error: Too Many Requests. Rate limited. Try after a while.
2026-01-30 03:17:05,473 | WARNING |   [AVB] Fetch error: Too Many Requests. Rate limited. Try after a while.
2026-01-30 03:17:09,680 | WARNING |   [AVGO] Fetch error: Too Many Requests. Rate limited. Try after a while.
2026-01-30 03:17:13,880 | WARNING |   [AWK] Fetch error: Too Many Requests. Rate limited. Try after a while.
2026-01-30 03:17:17,881 | WARNING |   [AXP] Fetch error: Too Many Requests. Rate limited. Try after a while.
