2025-12-25 08:09:35,240 | INFO | ======================================================================
2025-12-25 08:09:35,241 | INFO | IoS-001 DAILY PRICE INGEST
2025-12-25 08:09:35,241 | INFO | Executor: LINE (EC-004)
2025-12-25 08:09:35,241 | INFO | Authority: CEO_DIRECTIVE_LINE_DAILY_INGEST_ACTIVATION_20251212
2025-12-25 08:09:35,241 | INFO | Time: 2025-12-25T07:09:35.241011+00:00
2025-12-25 08:09:35,242 | INFO | Asset Class Filter: ALL
2025-12-25 08:09:35,242 | INFO | Dry Run: False
2025-12-25 08:09:35,242 | INFO | ======================================================================
2025-12-25 08:09:35,381 | INFO | Found 463 VEGA-attested assets
2025-12-25 08:09:35,381 | INFO | 
============================================================
2025-12-25 08:09:35,381 | INFO | Processing CRYPTO: 45 assets
2025-12-25 08:09:35,381 | INFO | Schedule: Daily 01:00 UTC
2025-12-25 08:09:35,381 | INFO | ============================================================
2025-12-25 08:09:35,381 | INFO | 
  Batch 1/2 (25 assets)
2025-12-25 08:09:35,449 | INFO |   Batch complete, waiting 60s...
2025-12-25 08:10:35,458 | INFO | 
  Batch 2/2 (20 assets)
2025-12-25 08:10:35,542 | INFO | 
============================================================
2025-12-25 08:10:35,542 | INFO | Processing EQUITY: 394 assets
2025-12-25 08:10:35,542 | INFO | Schedule: Weekdays 22:00 UTC
2025-12-25 08:10:35,542 | INFO | ============================================================
2025-12-25 08:10:35,542 | INFO | 
  Batch 1/16 (25 assets)
2025-12-25 08:10:38,382 | WARNING |   [1COV.DE] Fetch error: Too Many Requests. Rate limited. Try after a while.
2025-12-25 08:10:42,642 | WARNING |   [ABBV] Fetch error: Too Many Requests. Rate limited. Try after a while.
2025-12-25 08:10:46,496 | WARNING |   [ABNB] Fetch error: Too Many Requests. Rate limited. Try after a while.
2025-12-25 08:10:50,592 | WARNING |   [ABT] Fetch error: Too Many Requests. Rate limited. Try after a while.
2025-12-25 08:10:54,800 | WARNING |   [ACA.PA] Fetch error: Too Many Requests. Rate limited. Try after a while.
2025-12-25 08:10:59,063 | WARNING |   [ADBE] Fetch error: Too Many Requests. Rate limited. Try after a while.
2025-12-25 08:11:03,527 | WARNING |   [ADI] Fetch error: Too Many Requests. Rate limited. Try after a while.
2025-12-25 08:11:07,652 | WARNING |   [ADS.DE] Fetch error: Too Many Requests. Rate limited. Try after a while.
2025-12-25 08:11:11,442 | WARNING |   [ADSK] Fetch error: Too Many Requests. Rate limited. Try after a while.
2025-12-25 08:11:15,523 | WARNING |   [AEP] Fetch error: Too Many Requests. Rate limited. Try after a while.
2025-12-25 08:11:19,724 | WARNING |   [AFL] Fetch error: Too Many Requests. Rate limited. Try after a while.
2025-12-25 08:11:23,874 | WARNING |   [AI.PA] Fetch error: Too Many Requests. Rate limited. Try after a while.
2025-12-25 08:11:27,779 | WARNING |   [AIG] Fetch error: Too Many Requests. Rate limited. Try after a while.
2025-12-25 08:11:31,713 | WARNING |   [AIR.DE] Fetch error: Too Many Requests. Rate limited. Try after a while.
2025-12-25 08:11:35,619 | WARNING |   [AIR.PA] Fetch error: Too Many Requests. Rate limited. Try after a while.
2025-12-25 08:11:39,979 | WARNING |   [AKAM] Fetch error: Too Many Requests. Rate limited. Try after a while.
2025-12-25 08:11:44,091 | WARNING |   [AKER.OL] Fetch error: Too Many Requests. Rate limited. Try after a while.
2025-12-25 08:11:48,439 | WARNING |   [AKRBP.OL] Fetch error: Too Many Requests. Rate limited. Try after a while.
2025-12-25 08:11:52,501 | WARNING |   [AKSO.OL] Fetch error: Too Many Requests. Rate limited. Try after a while.
2025-12-25 08:11:56,507 | WARNING |   [AKVA.OL] Fetch error: Too Many Requests. Rate limited. Try after a while.
2025-12-25 08:12:00,639 | WARNING |   [ALB] Fetch error: Too Many Requests. Rate limited. Try after a while.
2025-12-25 08:12:04,668 | WARNING |   [ALL] Fetch error: Too Many Requests. Rate limited. Try after a while.
2025-12-25 08:12:08,881 | WARNING |   [ALO.PA] Fetch error: Too Many Requests. Rate limited. Try after a while.
2025-12-25 08:12:13,098 | WARNING |   [ALV.DE] Fetch error: Too Many Requests. Rate limited. Try after a while.
2025-12-25 08:12:17,145 | WARNING |   [AMAT] Fetch error: Too Many Requests. Rate limited. Try after a while.
2025-12-25 08:12:20,147 | INFO |   Batch complete, waiting 60s...
2025-12-25 08:13:20,149 | INFO | 
  Batch 2/16 (25 assets)
2025-12-25 08:13:21,682 | WARNING |   [AMD] Fetch error: Too Many Requests. Rate limited. Try after a while.
2025-12-25 08:13:25,719 | WARNING |   [AMGN] Fetch error: Too Many Requests. Rate limited. Try after a while.
2025-12-25 08:13:29,878 | WARNING |   [AMT] Fetch error: Too Many Requests. Rate limited. Try after a while.
2025-12-25 08:13:33,895 | WARNING |   [AON] Fetch error: Too Many Requests. Rate limited. Try after a while.
2025-12-25 08:13:38,245 | WARNING |   [APD] Fetch error: Too Many Requests. Rate limited. Try after a while.
2025-12-25 08:13:42,757 | WARNING |   [ATO.PA] Fetch error: Too Many Requests. Rate limited. Try after a while.
2025-12-25 08:13:46,819 | WARNING |   [AUSS.OL] Fetch error: Too Many Requests. Rate limited. Try after a while.
2025-12-25 08:13:50,896 | WARNING |   [AUTO.OL] Fetch error: Too Many Requests. Rate limited. Try after a while.
2025-12-25 08:13:54,857 | WARNING |   [AV.L] Fetch error: Too Many Requests. Rate limited. Try after a while.
2025-12-25 08:13:59,381 | WARNING |   [AVB] Fetch error: Too Many Requests. Rate limited. Try after a while.
2025-12-25 08:14:03,597 | WARNING |   [AVGO] Fetch error: Too Many Requests. Rate limited. Try after a while.
2025-12-25 08:14:07,776 | WARNING |   [AWK] Fetch error: Too Many Requests. Rate limited. Try after a while.
2025-12-25 08:14:11,877 | WARNING |   [AXP] Fetch error: Too Many Requests. Rate limited. Try after a while.
2025-12-25 08:14:16,001 | WARNING |   [AZN.L] Fetch error: Too Many Requests. Rate limited. Try after a while.
2025-12-25 08:14:20,301 | WARNING |   [AZO] Fetch error: Too Many Requests. Rate limited. Try after a while.
2025-12-25 08:14:24,598 | WARNING |   [BA] Fetch error: Too Many Requests. Rate limited. Try after a while.
2025-12-25 08:14:28,492 | WARNING |   [BA.L] Fetch error: Too Many Requests. Rate limited. Try after a while.
2025-12-25 08:14:32,678 | WARNING |   [BAC] Fetch error: Too Many Requests. Rate limited. Try after a while.
