2026-01-18 17:36:56,459 | INFO | ======================================================================
2026-01-18 17:36:56,460 | INFO | IoS-001 DAILY PRICE INGEST
2026-01-18 17:36:56,460 | INFO | Executor: LINE (EC-004)
2026-01-18 17:36:56,460 | INFO | Authority: CEO_DIRECTIVE_LINE_DAILY_INGEST_ACTIVATION_20251212
2026-01-18 17:36:56,460 | INFO | Time: 2026-01-18T16:36:56.460773+00:00
2026-01-18 17:36:56,460 | INFO | Asset Class Filter: ALL
2026-01-18 17:36:56,461 | INFO | Dry Run: False
2026-01-18 17:36:56,461 | INFO | ======================================================================
2026-01-18 17:36:56,856 | INFO | Found 491 VEGA-attested assets
2026-01-18 17:36:56,856 | INFO | 
============================================================
2026-01-18 17:36:56,856 | INFO | Processing CRYPTO: 46 assets
2026-01-18 17:36:56,856 | INFO | Schedule: Daily 01:00 UTC
2026-01-18 17:36:56,856 | INFO | ============================================================
2026-01-18 17:36:56,856 | INFO | 
  Batch 1/2 (25 assets)
2026-01-18 17:37:00,218 | WARNING |   [GRT-USD] Fetch error: Too Many Requests. Rate limited. Try after a while.
2026-01-18 17:37:03,236 | INFO |   Batch complete, waiting 60s...
2026-01-18 17:38:03,244 | INFO | 
  Batch 2/2 (21 assets)
2026-01-18 17:38:04,930 | WARNING |   [UNI-USD] Fetch error: Too Many Requests. Rate limited. Try after a while.
2026-01-18 17:38:07,997 | INFO | 
============================================================
2026-01-18 17:38:07,997 | INFO | Processing EQUITY: 421 assets
2026-01-18 17:38:07,998 | INFO | Schedule: Weekdays 22:00 UTC
2026-01-18 17:38:07,998 | INFO | ============================================================
2026-01-18 17:38:07,999 | INFO |   Market closed for EQUITY today, skipping
2026-01-18 17:38:07,999 | INFO | 
============================================================
2026-01-18 17:38:07,999 | INFO | Processing FX: 24 assets
2026-01-18 17:38:08,000 | INFO | Schedule: Sun-Thu 22:00 UTC
2026-01-18 17:38:08,000 | INFO | ============================================================
2026-01-18 17:38:08,000 | INFO | 
  Batch 1/1 (24 assets)
2026-01-18 17:38:08,917 | WARNING |   [AUDJPY=X] Fetch error: Too Many Requests. Rate limited. Try after a while.
2026-01-18 17:38:13,096 | WARNING |   [CADJPY=X] Fetch error: Too Many Requests. Rate limited. Try after a while.
2026-01-18 17:38:16,957 | WARNING |   [CHFJPY=X] Fetch error: Too Many Requests. Rate limited. Try after a while.
2026-01-18 17:38:20,896 | WARNING |   [EURAUD=X] Fetch error: Too Many Requests. Rate limited. Try after a while.
2026-01-18 17:38:24,952 | WARNING |   [EURCHF=X] Fetch error: Too Many Requests. Rate limited. Try after a while.
2026-01-18 17:38:29,159 | WARNING |   [EURGBP=X] Fetch error: Too Many Requests. Rate limited. Try after a while.
2026-01-18 17:38:33,430 | WARNING |   [EURJPY=X] Fetch error: Too Many Requests. Rate limited. Try after a while.
2026-01-18 17:38:37,261 | WARNING |   [EURNOK=X] Fetch error: Too Many Requests. Rate limited. Try after a while.
2026-01-18 17:38:41,250 | WARNING |   [EURSEK=X] Fetch error: Too Many Requests. Rate limited. Try after a while.
2026-01-18 17:38:45,937 | WARNING |   [EURUSD=X] Fetch error: Too Many Requests. Rate limited. Try after a while.
2026-01-18 17:38:50,017 | WARNING |   [GBPJPY=X] Fetch error: Too Many Requests. Rate limited. Try after a while.
2026-01-18 17:38:54,360 | WARNING |   [USDJPY=X] Fetch error: Too Many Requests. Rate limited. Try after a while.
2026-01-18 17:38:57,381 | WARNING | Heartbeat recording failed: relation "fhq_monitoring.system_heartbeats" does not exist
LINE 2:                 INSERT INTO fhq_monitoring.system_heartbeats...
                                    ^

2026-01-18 17:38:57,381 | INFO | 
======================================================================
2026-01-18 17:38:57,381 | INFO | DAILY INGEST COMPLETE
2026-01-18 17:38:57,381 | INFO | ======================================================================
2026-01-18 17:38:57,381 | INFO | Assets Processed: 70
2026-01-18 17:38:57,381 | INFO | Assets Updated:   0
2026-01-18 17:38:57,381 | INFO | Rows Inserted:    0
2026-01-18 17:38:57,381 | INFO |   CRYPTO: 0 assets, 0 rows
2026-01-18 17:38:57,381 | INFO |   FX: 0 assets, 0 rows
2026-01-18 17:38:57,381 | INFO | Evidence: C:\fhq-market-system\vision-ios\03_FUNCTIONS\evidence\IOS001_DAILY_INGEST_fd3b1648_20260118_173857.json
2026-01-18 17:38:57,381 | INFO | ======================================================================
