2026-01-27 13:46:29,968 | INFO | ======================================================================
2026-01-27 13:46:29,968 | INFO | IoS-001 DAILY PRICE INGEST
2026-01-27 13:46:29,968 | INFO | Executor: LINE (EC-004)
2026-01-27 13:46:29,968 | INFO | Authority: CEO_DIRECTIVE_LINE_DAILY_INGEST_ACTIVATION_20251212
2026-01-27 13:46:29,968 | INFO | Time: 2026-01-27T12:46:29.968909+00:00
2026-01-27 13:46:29,968 | INFO | Asset Class Filter: ALL
2026-01-27 13:46:29,968 | INFO | Dry Run: False
2026-01-27 13:46:29,968 | INFO | ======================================================================
2026-01-27 13:46:30,157 | INFO | Found 491 VEGA-attested assets
2026-01-27 13:46:30,157 | INFO | 
============================================================
2026-01-27 13:46:30,157 | INFO | Processing CRYPTO: 46 assets
2026-01-27 13:46:30,157 | INFO | Schedule: Daily 01:00 UTC
2026-01-27 13:46:30,157 | INFO | ============================================================
2026-01-27 13:46:30,157 | INFO | 
  Batch 1/2 (25 assets)
2026-01-27 13:46:31,332 | ERROR | $GRT-USD: possibly delisted; no price data found  (1d 2026-01-27 -> 2026-01-28)
2026-01-27 13:46:34,343 | INFO |   Batch complete, waiting 60s...
2026-01-27 13:47:34,344 | INFO | 
  Batch 2/2 (21 assets)
2026-01-27 13:47:34,498 | ERROR | $UNI-USD: possibly delisted; no price data found  (1d 2026-01-27 -> 2026-01-28)
2026-01-27 13:47:37,556 | INFO | 
============================================================
2026-01-27 13:47:37,556 | INFO | Processing EQUITY: 421 assets
2026-01-27 13:47:37,556 | INFO | Schedule: Weekdays 22:00 UTC
2026-01-27 13:47:37,556 | INFO | ============================================================
2026-01-27 13:47:37,556 | INFO | 
  Batch 1/17 (25 assets)
2026-01-27 13:47:37,763 | ERROR | $1COV.DE: possibly delisted; no price data found  (1d 2025-12-24 -> 2026-01-28)
2026-01-27 13:47:41,037 | INFO |     [ABBV] +1 rows
2026-01-27 13:47:44,246 | INFO |     [ABNB] +1 rows
2026-01-27 13:47:47,449 | INFO |     [ABT] +1 rows
2026-01-27 13:47:50,584 | INFO |     [ADBE] +1 rows
2026-01-27 13:47:53,740 | INFO |     [ADI] +1 rows
2026-01-27 13:47:56,891 | INFO |     [ADSK] +1 rows
2026-01-27 13:48:00,194 | INFO |     [AEP] +1 rows
2026-01-27 13:48:03,361 | INFO |     [AFL] +1 rows
2026-01-27 13:48:06,522 | INFO |     [AIG] +1 rows
2026-01-27 13:48:09,626 | INFO |     [AKAM] +1 rows
2026-01-27 13:48:12,875 | INFO |     [ALB] +1 rows
2026-01-27 13:48:16,006 | INFO |     [ALL] +1 rows
2026-01-27 13:48:19,144 | INFO |     [AMAT] +1 rows
2026-01-27 13:48:22,149 | INFO |   Batch complete, waiting 60s...
2026-01-27 13:49:22,150 | INFO | 
  Batch 2/17 (25 assets)
2026-01-27 13:49:22,276 | INFO |     [AMD] +1 rows
2026-01-27 13:49:25,432 | INFO |     [AMGN] +1 rows
2026-01-27 13:49:28,581 | INFO |     [AMT] +1 rows
2026-01-27 13:49:31,674 | INFO |     [AMZN] +1 rows
2026-01-27 13:49:34,870 | INFO |     [AON] +1 rows
2026-01-27 13:49:38,099 | INFO |     [APD] +1 rows
2026-01-27 13:49:41,214 | INFO |     [ASML] +1 rows
2026-01-27 13:49:44,437 | INFO |     [AVB] +1 rows
2026-01-27 13:49:47,654 | INFO |     [AVGO] +1 rows
2026-01-27 13:49:50,826 | INFO |     [AWK] +1 rows
2026-01-27 13:49:54,037 | INFO |     [AXP] +1 rows
2026-01-27 13:49:57,170 | INFO |     [AZO] +1 rows
2026-01-27 13:50:00,435 | INFO |     [BA] +1 rows
2026-01-27 13:50:03,640 | INFO |     [BAC] +1 rows
2026-01-27 13:50:06,669 | INFO |   Batch complete, waiting 60s...
2026-01-27 13:51:06,671 | INFO | 
  Batch 3/17 (25 assets)
2026-01-27 13:51:06,814 | INFO |     [BKNG] +1 rows
2026-01-27 13:51:09,956 | INFO |     [BKR] +1 rows
2026-01-27 13:51:13,124 | INFO |     [BLK] +1 rows
2026-01-27 13:51:16,407 | INFO |     [BMY] +1 rows
2026-01-27 13:51:19,578 | INFO |     [BP.L] +1 rows
2026-01-27 13:51:25,622 | ERROR | $BRK.B: possibly delisted; no timezone found
