2026-01-21 08:31:17,704 | INFO | ======================================================================
2026-01-21 08:31:17,704 | INFO | IoS-001 DAILY PRICE INGEST
2026-01-21 08:31:17,704 | INFO | Executor: LINE (EC-004)
2026-01-21 08:31:17,704 | INFO | Authority: CEO_DIRECTIVE_LINE_DAILY_INGEST_ACTIVATION_20251212
2026-01-21 08:31:17,705 | INFO | Time: 2026-01-21T07:31:17.704688+00:00
2026-01-21 08:31:17,705 | INFO | Asset Class Filter: ALL
2026-01-21 08:31:17,705 | INFO | Dry Run: False
2026-01-21 08:31:17,705 | INFO | ======================================================================
2026-01-21 08:31:18,164 | INFO | Found 491 VEGA-attested assets
2026-01-21 08:31:18,164 | INFO | 
============================================================
2026-01-21 08:31:18,168 | INFO | Processing CRYPTO: 46 assets
2026-01-21 08:31:18,168 | INFO | Schedule: Daily 01:00 UTC
2026-01-21 08:31:18,168 | INFO | ============================================================
2026-01-21 08:31:18,168 | INFO | 
  Batch 1/2 (25 assets)
2026-01-21 08:31:22,517 | WARNING |   [GRT-USD] Fetch error: Too Many Requests. Rate limited. Try after a while.
2026-01-21 08:31:25,539 | INFO |   Batch complete, waiting 60s...
2026-01-21 08:32:25,539 | INFO | 
  Batch 2/2 (21 assets)
2026-01-21 08:32:27,557 | WARNING |   [UNI-USD] Fetch error: Too Many Requests. Rate limited. Try after a while.
2026-01-21 08:32:30,587 | INFO | 
============================================================
2026-01-21 08:32:30,587 | INFO | Processing EQUITY: 421 assets
2026-01-21 08:32:30,587 | INFO | Schedule: Weekdays 22:00 UTC
2026-01-21 08:32:30,587 | INFO | ============================================================
2026-01-21 08:32:30,587 | INFO | 
  Batch 1/17 (25 assets)
2026-01-21 08:32:32,086 | WARNING |   [1COV.DE] Fetch error: Too Many Requests. Rate limited. Try after a while.
2026-01-21 08:32:36,219 | WARNING |   [ABBV] Fetch error: Too Many Requests. Rate limited. Try after a while.
2026-01-21 08:32:40,142 | WARNING |   [ABNB] Fetch error: Too Many Requests. Rate limited. Try after a while.
2026-01-21 08:32:43,998 | WARNING |   [ABT] Fetch error: Too Many Requests. Rate limited. Try after a while.
2026-01-21 08:32:48,242 | WARNING |   [ACA.PA] Fetch error: Too Many Requests. Rate limited. Try after a while.
2026-01-21 08:32:52,341 | WARNING |   [ADBE] Fetch error: Too Many Requests. Rate limited. Try after a while.
2026-01-21 08:32:56,676 | WARNING |   [ADI] Fetch error: Too Many Requests. Rate limited. Try after a while.
2026-01-21 08:33:00,697 | WARNING |   [ADS.DE] Fetch error: Too Many Requests. Rate limited. Try after a while.
2026-01-21 08:33:04,755 | WARNING |   [ADSK] Fetch error: Too Many Requests. Rate limited. Try after a while.
2026-01-21 08:33:08,812 | WARNING |   [AEP] Fetch error: Too Many Requests. Rate limited. Try after a while.
2026-01-21 08:33:12,712 | WARNING |   [AFL] Fetch error: Too Many Requests. Rate limited. Try after a while.
2026-01-21 08:33:16,836 | WARNING |   [AI.PA] Fetch error: Too Many Requests. Rate limited. Try after a while.
2026-01-21 08:33:20,614 | WARNING |   [AIG] Fetch error: Too Many Requests. Rate limited. Try after a while.
2026-01-21 08:33:25,124 | WARNING |   [AIR.DE] Fetch error: Too Many Requests. Rate limited. Try after a while.
2026-01-21 08:33:29,214 | WARNING |   [AIR.PA] Fetch error: Too Many Requests. Rate limited. Try after a while.
2026-01-21 08:33:33,168 | WARNING |   [AKAM] Fetch error: Too Many Requests. Rate limited. Try after a while.
2026-01-21 08:33:37,073 | WARNING |   [AKER.OL] Fetch error: Too Many Requests. Rate limited. Try after a while.
2026-01-21 08:33:40,783 | WARNING |   [AKRBP.OL] Fetch error: Too Many Requests. Rate limited. Try after a while.
2026-01-21 08:33:44,853 | WARNING |   [AKSO.OL] Fetch error: Too Many Requests. Rate limited. Try after a while.
2026-01-21 08:33:48,600 | WARNING |   [AKVA.OL] Fetch error: Too Many Requests. Rate limited. Try after a while.
2026-01-21 08:33:52,816 | WARNING |   [ALB] Fetch error: Too Many Requests. Rate limited. Try after a while.
2026-01-21 08:33:56,993 | WARNING |   [ALL] Fetch error: Too Many Requests. Rate limited. Try after a while.
2026-01-21 08:34:00,807 | WARNING |   [ALO.PA] Fetch error: Too Many Requests. Rate limited. Try after a while.
2026-01-21 08:34:05,247 | WARNING |   [ALV.DE] Fetch error: Too Many Requests. Rate limited. Try after a while.
2026-01-21 08:34:09,118 | WARNING |   [AMAT] Fetch error: Too Many Requests. Rate limited. Try after a while.
2026-01-21 08:34:12,125 | INFO |   Batch complete, waiting 60s...
2026-01-21 08:35:12,126 | INFO | 
  Batch 2/17 (25 assets)
2026-01-21 08:35:14,063 | WARNING |   [AMD] Fetch error: Too Many Requests. Rate limited. Try after a while.
2026-01-21 08:35:18,019 | WARNING |   [AMGN] Fetch error: Too Many Requests. Rate limited. Try after a while.
2026-01-21 08:35:22,147 | WARNING |   [AMT] Fetch error: Too Many Requests. Rate limited. Try after a while.
2026-01-21 08:35:26,307 | WARNING |   [AMZN] Fetch error: Too Many Requests. Rate limited. Try after a while.
2026-01-21 08:35:30,040 | WARNING |   [AON] Fetch error: Too Many Requests. Rate limited. Try after a while.
2026-01-21 08:35:34,202 | WARNING |   [APD] Fetch error: Too Many Requests. Rate limited. Try after a while.
2026-01-21 08:35:38,303 | WARNING |   [ASML] Fetch error: Too Many Requests. Rate limited. Try after a while.
2026-01-21 08:35:42,608 | WARNING |   [ATO.PA] Fetch error: Too Many Requests. Rate limited. Try after a while.
2026-01-21 08:35:46,584 | WARNING |   [AUSS.OL] Fetch error: Too Many Requests. Rate limited. Try after a while.
2026-01-21 08:35:50,980 | WARNING |   [AUTO.OL] Fetch error: Too Many Requests. Rate limited. Try after a while.
2026-01-21 08:35:54,981 | WARNING |   [AV.L] Fetch error: Too Many Requests. Rate limited. Try after a while.
2026-01-21 08:35:59,122 | WARNING |   [AVB] Fetch error: Too Many Requests. Rate limited. Try after a while.
2026-01-21 08:36:03,114 | WARNING |   [AVGO] Fetch error: Too Many Requests. Rate limited. Try after a while.
2026-01-21 08:36:07,122 | WARNING |   [AWK] Fetch error: Too Many Requests. Rate limited. Try after a while.
2026-01-21 08:36:11,221 | WARNING |   [AXP] Fetch error: Too Many Requests. Rate limited. Try after a while.
