2025-12-11 19:58:33,442 | INFO | ======================================================================
2025-12-11 19:58:33,442 | INFO | IoS-001 SCHEDULED PRICE BACKFILL - ULTRA CONSERVATIVE
2025-12-11 19:58:33,442 | INFO | ======================================================================
2025-12-11 19:58:33,442 | INFO | Time: 2025-12-11T19:58:33.442352
2025-12-11 19:58:33,442 | INFO | Rate limiting: 30s between assets, 300s between batches of 10
2025-12-11 19:58:33,442 | INFO | ======================================================================
2025-12-11 19:58:33,477 | INFO | Assets to process: 5
2025-12-11 19:58:33,477 | INFO | 
==================================================
2025-12-11 19:58:33,477 | INFO | BATCH 1/1 (5 assets)
2025-12-11 19:58:33,477 | INFO | ==================================================
2025-12-11 19:58:33,477 | INFO | 
[1/5] Processing 1COV.DE (EQUITY)
2025-12-11 19:58:37,669 | ERROR | 
1 Failed download:
2025-12-11 19:58:37,670 | ERROR | ['1COV.DE']: YFRateLimitError('Too Many Requests. Rate limited. Try after a while.')
2025-12-11 19:58:37,675 | WARNING | Empty response for 1COV.DE, waiting 120s...
2025-12-11 20:00:42,242 | ERROR | 
1 Failed download:
2025-12-11 20:00:42,242 | ERROR | ['1COV.DE']: YFRateLimitError('Too Many Requests. Rate limited. Try after a while.')
2025-12-11 20:00:42,275 | WARNING | Empty response for 1COV.DE, waiting 120s...
2025-12-11 20:02:47,677 | ERROR | 
1 Failed download:
2025-12-11 20:02:47,679 | ERROR | ['1COV.DE']: YFRateLimitError('Too Many Requests. Rate limited. Try after a while.')
2025-12-11 20:02:47,696 | WARNING | [1COV.DE] No data returned from yfinance
2025-12-11 20:02:47,697 | INFO | Waiting 30s before next asset...
2025-12-11 20:03:17,698 | INFO | 
[2/5] Processing AAL.L (EQUITY)
2025-12-11 20:03:19,296 | ERROR | 
1 Failed download:
2025-12-11 20:03:19,296 | ERROR | ['AAL.L']: YFRateLimitError('Too Many Requests. Rate limited. Try after a while.')
2025-12-11 20:03:19,330 | WARNING | Empty response for AAL.L, waiting 120s...
2025-12-11 20:05:25,180 | ERROR | 
1 Failed download:
2025-12-11 20:05:25,181 | ERROR | ['AAL.L']: YFRateLimitError('Too Many Requests. Rate limited. Try after a while.')
2025-12-11 20:05:25,186 | WARNING | Empty response for AAL.L, waiting 120s...
2025-12-11 20:07:29,478 | ERROR | 
1 Failed download:
2025-12-11 20:07:29,478 | ERROR | ['AAL.L']: YFRateLimitError('Too Many Requests. Rate limited. Try after a while.')
2025-12-11 20:07:29,487 | WARNING | [AAL.L] No data returned from yfinance
2025-12-11 20:07:29,487 | INFO | Waiting 30s before next asset...
2025-12-11 20:07:59,489 | INFO | 
[3/5] Processing ABBV (EQUITY)
2025-12-11 20:08:01,231 | ERROR | 
1 Failed download:
2025-12-11 20:08:01,231 | ERROR | ['ABBV']: YFRateLimitError('Too Many Requests. Rate limited. Try after a while.')
2025-12-11 20:08:01,236 | WARNING | Empty response for ABBV, waiting 120s...
