[COMPREHENSIVE_DB_VERIFY] 2026-02-15 20:59:26,672 INFO: Starting Comprehensive Database Verification
[COMPREHENSIVE_DB_VERIFY] 2026-02-15 20:59:26,672 INFO: Verification ID: DB-VERIFY-20260215_195926
[COMPREHENSIVE_DB_VERIFY] 2026-02-15 20:59:26,672 INFO: ============================================================
[COMPREHENSIVE_DB_VERIFY] 2026-02-15 20:59:26,672 INFO: ============================================================
[COMPREHENSIVE_DB_VERIFY] 2026-02-15 20:59:26,672 INFO: PHASE 0: DB IDENTITY HANDSHAKE (FAIL-CLOSED)
[COMPREHENSIVE_DB_VERIFY] 2026-02-15 20:59:26,672 INFO: ============================================================
[COMPREHENSIVE_DB_VERIFY] 2026-02-15 20:59:26,751 INFO: DB Identity: postgres @ 127.0.0.1:54322
[COMPREHENSIVE_DB_VERIFY] 2026-02-15 20:59:26,751 INFO: DB Version: PostgreSQL 17.6 on x...
[COMPREHENSIVE_DB_VERIFY] 2026-02-15 20:59:26,751 INFO: Search Path: fhq_governance, fhq_meta, fhq_learning, fhq_research, fhq_monitoring, fhq_calendar, fhq_execution, fhq_canonical, public
[COMPREHENSIVE_DB_VERIFY] 2026-02-15 20:59:26,751 INFO: PASS - DB Identity Handshake Complete
[COMPREHENSIVE_DB_VERIFY] 2026-02-15 20:59:26,751 INFO: ============================================================
[COMPREHENSIVE_DB_VERIFY] 2026-02-15 20:59:26,751 INFO: PHASE 1: SCHEMA SNAPSHOT (GROUND TRUTH)
[COMPREHENSIVE_DB_VERIFY] 2026-02-15 20:59:26,751 INFO: ============================================================
[COMPREHENSIVE_DB_VERIFY] 2026-02-15 20:59:27,377 INFO: Schema Snapshot: 1360 tables, 19026 columns
[COMPREHENSIVE_DB_VERIFY] 2026-02-15 20:59:27,377 INFO: PASS - Schema Snapshot Complete
[COMPREHENSIVE_DB_VERIFY] 2026-02-15 20:59:27,377 INFO: ============================================================
[COMPREHENSIVE_DB_VERIFY] 2026-02-15 20:59:27,377 INFO: PHASE 2: GOVERNANCE ENTITIES
[COMPREHENSIVE_DB_VERIFY] 2026-02-15 20:59:27,377 INFO: ============================================================
[COMPREHENSIVE_DB_VERIFY] 2026-02-15 20:59:27,377 INFO: ADRs: WARN: 88.0% attested, 22/25 with SHA256 [WARN]
[COMPREHENSIVE_DB_VERIFY] 2026-02-15 20:59:27,392 INFO: IoS: WARN: 0 IoS lack vega signature (VEGA Policy B) [WARN]
[COMPREHENSIVE_DB_VERIFY] 2026-02-15 20:59:27,394 INFO: ECs: 5 ECs found [PASS]
[COMPREHENSIVE_DB_VERIFY] 2026-02-15 20:59:27,394 INFO: DEFCON: DEFCON YELLOW - triggered by CEO [PASS]
[COMPREHENSIVE_DB_VERIFY] 2026-02-15 20:59:27,394 INFO: ============================================================
[COMPREHENSIVE_DB_VERIFY] 2026-02-15 20:59:27,394 INFO: PHASE 3: LEARNING METRICS
[COMPREHENSIVE_DB_VERIFY] 2026-02-15 20:59:27,394 INFO: ============================================================
[COMPREHENSIVE_DB_VERIFY] 2026-02-15 20:59:27,394 INFO: LVI: LVI=0.000, 7 days stale [PASS]
[COMPREHENSIVE_DB_VERIFY] 2026-02-15 20:59:27,467 INFO: FSS: FSS=NULL, 7h stale [WARN]
[COMPREHENSIVE_DB_VERIFY] 2026-02-15 20:59:27,470 INFO: BSS: BSS=-1.769 [PASS]
[COMPREHENSIVE_DB_VERIFY] 2026-02-15 20:59:27,470 INFO: ============================================================
[COMPREHENSIVE_DB_VERIFY] 2026-02-15 20:59:27,470 INFO: PHASE 4: TEST INFRASTRUCTURE
[COMPREHENSIVE_DB_VERIFY] 2026-02-15 20:59:27,470 INFO: ============================================================
[COMPREHENSIVE_DB_VERIFY] 2026-02-15 20:59:27,470 INFO: Tests: 5 tests: 0 FAILED, 0 escalated [PASS]
[COMPREHENSIVE_DB_VERIFY] 2026-02-15 20:59:27,470 INFO: ============================================================
[COMPREHENSIVE_DB_VERIFY] 2026-02-15 20:59:27,470 INFO: PHASE 5: DAEMON HEALTH
[COMPREHENSIVE_DB_VERIFY] 2026-02-15 20:59:27,470 INFO: ============================================================
[COMPREHENSIVE_DB_VERIFY] 2026-02-15 20:59:27,470 INFO: Daemons: 37 daemons: 30 HEALTHY, 1 DEGRADED, 0 STOPPED [PASS]
[COMPREHENSIVE_DB_VERIFY] 2026-02-15 20:59:27,470 INFO: ============================================================
[COMPREHENSIVE_DB_VERIFY] 2026-02-15 20:59:27,470 INFO: PHASE 6: EXECUTION LAYER
[COMPREHENSIVE_DB_VERIFY] 2026-02-15 20:59:27,470 INFO: ============================================================
[COMPREHENSIVE_DB_VERIFY] 2026-02-15 20:59:27,486 INFO: Shadow Trades: 952 shadow trades (7d): CLOSED: 772, EXPIRED: 180 [PASS]
[COMPREHENSIVE_DB_VERIFY] 2026-02-15 20:59:27,850 INFO: Evidence file written: 03_FUNCTIONS/evidence\DB_VERIFY_20260215_205927.json
[COMPREHENSIVE_DB_VERIFY] 2026-02-15 20:59:27,850 INFO: Evidence SHA-256: 48b006fbe4ea75fb100a21c9ac6041b6cf737296b10b252212f036d1ec5ce963
[COMPREHENSIVE_DB_VERIFY] 2026-02-15 20:59:27,850 INFO: Verification Complete
