[LVI_DAEMON] 2026-02-15 21:15:21,392 INFO: ============================================================
[LVI_DAEMON] 2026-02-15 21:15:21,408 INFO: LVI CALCULATOR DAEMON
[LVI_DAEMON] 2026-02-15 21:15:21,408 INFO:   mode=continuous
[LVI_DAEMON] 2026-02-15 21:15:21,408 INFO:   interval=86400s
[LVI_DAEMON] 2026-02-15 21:15:21,408 INFO: ============================================================
[LVI_DAEMON] 2026-02-15 21:15:21,555 INFO: LVI computed: 0.0000 (F)
[LVI_DAEMON] 2026-02-15 21:15:21,555 INFO:   Experiments: 0 | Integrity: 100.00% | Coverage: 26.67%
[LVI_DAEMON] 2026-02-15 21:15:21,556 INFO:   Median Eval: 78.6h | Brier: 0.3742
[LVI_DAEMON] 2026-02-15 21:15:21,556 INFO:   Bottleneck: No completed experiments - need to close learning loop
[LVI_DAEMON] 2026-02-15 21:15:21,564 INFO: Stored LVI snapshot: 6d016077-e888-4af9-947c-fa3664555e63 (lvi_canonical + control_room_lvi)
[LVI_DAEMON] 2026-02-15 21:15:21,564 INFO: Evidence: C:\fhq-market-system\vision-ios\03_FUNCTIONS\evidence\LVI_COMPUTATION_20260215_211521.json
[LVI_DAEMON] 2026-02-15 21:15:21,581 INFO: Next cycle in 86400s
[LVI_DAEMON] 2026-02-16 13:58:41,610 INFO: ============================================================
[LVI_DAEMON] 2026-02-16 13:58:41,610 INFO: LVI CALCULATOR DAEMON
[LVI_DAEMON] 2026-02-16 13:58:41,610 INFO:   mode=continuous
[LVI_DAEMON] 2026-02-16 13:58:41,610 INFO:   interval=86400s
[LVI_DAEMON] 2026-02-16 13:58:41,610 INFO: ============================================================
[LVI_DAEMON] 2026-02-16 13:58:43,455 INFO: LVI computed: 0.0098 (F)
[LVI_DAEMON] 2026-02-16 13:58:43,455 INFO:   Experiments: 1 | Integrity: 100.00% | Coverage: 26.67%
[LVI_DAEMON] 2026-02-16 13:58:43,455 INFO:   Median Eval: 1.0h | Brier: 0.3742
[LVI_DAEMON] 2026-02-16 13:58:43,455 INFO:   Bottleneck: Low coverage rate - events without hypotheses
[LVI_DAEMON] 2026-02-16 13:58:43,502 INFO: Stored LVI snapshot: 13c34b01-35f6-47d0-8317-06c0f1278d40 (lvi_canonical + control_room_lvi)
[LVI_DAEMON] 2026-02-16 13:58:43,502 INFO: Evidence: C:\fhq-market-system\vision-ios\03_FUNCTIONS\evidence\LVI_COMPUTATION_20260216_135843.json
[LVI_DAEMON] 2026-02-16 13:58:43,502 INFO: Next cycle in 86400s
[LVI_DAEMON] 2026-02-16 15:34:02,928 INFO: ============================================================
[LVI_DAEMON] 2026-02-16 15:34:02,928 INFO: LVI CALCULATOR DAEMON - CANONICAL DEFINITION C
[LVI_DAEMON] 2026-02-16 15:34:02,928 INFO: CEO-DIR-2026-SYSTEM-PRODUCTIONALIZATION-028
[LVI_DAEMON] 2026-02-16 15:34:02,928 INFO:   mode=once
[LVI_DAEMON] 2026-02-16 15:34:02,928 INFO:   interval=86400s
[LVI_DAEMON] 2026-02-16 15:34:02,928 INFO:   Definition: C (Brier-skilled + Settlement Gate)
[LVI_DAEMON] 2026-02-16 15:34:02,928 INFO: ============================================================
[LVI_DAEMON] 2026-02-16 15:34:02,989 ERROR: LVI computation failed: function fhq_governance.lvi_system_aggregate(p_window_days => integer, p_settlement_gate => boolean) does not exist
LINE 2:         SELECT * FROM fhq_governance.lvi_system_aggregate(
                              ^
HINT:  No function matches the given name and argument types. You might need to add explicit type casts.

[LVI_DAEMON] 2026-02-16 15:34:02,989 WARNING: Heartbeat failed: current transaction is aborted, commands ignored until end of transaction block

[LVI_DAEMON] 2026-02-16 22:07:23,786 INFO: ============================================================
[LVI_DAEMON] 2026-02-16 22:07:23,786 INFO: LVI CALCULATOR DAEMON - CANONICAL DEFINITION C
[LVI_DAEMON] 2026-02-16 22:07:23,786 INFO: CEO-DIR-2026-SYSTEM-PRODUCTIONALIZATION-028
[LVI_DAEMON] 2026-02-16 22:07:23,786 INFO:   mode=continuous
[LVI_DAEMON] 2026-02-16 22:07:23,786 INFO:   interval=86400s
[LVI_DAEMON] 2026-02-16 22:07:23,786 INFO:   Definition: C (Brier-skilled + Settlement Gate)
[LVI_DAEMON] 2026-02-16 22:07:23,786 INFO: ============================================================
[LVI_DAEMON] 2026-02-16 22:07:24,013 INFO: LVI computed: 0.1770 (F)
[LVI_DAEMON] 2026-02-16 22:07:24,013 ERROR: LVI computation failed: 'completed_experiments'
[LVI_DAEMON] 2026-02-16 22:07:24,013 ERROR: Cycle failed: 'completed_experiments'
[LVI_DAEMON] 2026-02-16 22:07:24,013 INFO: Next cycle in 86400s
[LVI_DAEMON] 2026-02-16 22:22:18,109 INFO: ============================================================
[LVI_DAEMON] 2026-02-16 22:22:18,109 INFO: LVI CALCULATOR DAEMON - CANONICAL DEFINITION C
[LVI_DAEMON] 2026-02-16 22:22:18,110 INFO: CEO-DIR-2026-SYSTEM-PRODUCTIONALIZATION-028
[LVI_DAEMON] 2026-02-16 22:22:18,110 INFO:   mode=continuous
[LVI_DAEMON] 2026-02-16 22:22:18,110 INFO:   interval=86400s
[LVI_DAEMON] 2026-02-16 22:22:18,110 INFO:   Definition: C (Brier-skilled + Settlement Gate)
[LVI_DAEMON] 2026-02-16 22:22:18,110 INFO: ============================================================
[LVI_DAEMON] 2026-02-16 22:22:18,330 INFO: LVI computed: 0.1770 (F)
[LVI_DAEMON] 2026-02-16 22:22:18,340 INFO:   Learning Events: 1408 | Total Events: 4830 | Settlement Gate: True
[LVI_DAEMON] 2026-02-16 22:22:18,340 INFO:   Regime: BEAR (weight: 0.803)
[LVI_DAEMON] 2026-02-16 22:22:18,340 INFO:   Bottleneck: No critical bottleneck
[LVI_DAEMON] 2026-02-16 22:22:18,426 ERROR: Failed to store LVI: tuple indices must be integers or slices, not str
[LVI_DAEMON] 2026-02-16 22:22:18,428 INFO: Evidence: C:\fhq-market-system\vision-ios\03_FUNCTIONS\evidence\LVI_CANONICAL_C_20260216_222218.json
[LVI_DAEMON] 2026-02-16 22:22:18,435 INFO: Next cycle in 86400s
[LVI_DAEMON] 2026-02-16 22:23:10,647 INFO: ============================================================
[LVI_DAEMON] 2026-02-16 22:23:10,647 INFO: LVI CALCULATOR DAEMON - CANONICAL DEFINITION C
[LVI_DAEMON] 2026-02-16 22:23:10,647 INFO: CEO-DIR-2026-SYSTEM-PRODUCTIONALIZATION-028
[LVI_DAEMON] 2026-02-16 22:23:10,648 INFO:   mode=continuous
[LVI_DAEMON] 2026-02-16 22:23:10,648 INFO:   interval=86400s
[LVI_DAEMON] 2026-02-16 22:23:10,648 INFO:   Definition: C (Brier-skilled + Settlement Gate)
[LVI_DAEMON] 2026-02-16 22:23:10,648 INFO: ============================================================
[LVI_DAEMON] 2026-02-16 22:23:10,873 INFO: LVI computed: 0.1770 (F)
[LVI_DAEMON] 2026-02-16 22:23:10,873 INFO:   Learning Events: 1408 | Total Events: 4830 | Settlement Gate: True
[LVI_DAEMON] 2026-02-16 22:23:10,873 INFO:   Regime: BEAR (weight: 0.803)
[LVI_DAEMON] 2026-02-16 22:23:10,873 INFO:   Bottleneck: No critical bottleneck
[LVI_DAEMON] 2026-02-16 22:23:10,986 INFO: Stored LVI via canonical function: lvi_id=0983ee47-d05a-4238-a0fd-36f19eb70b0b, hash=sha256:a9c7e099f...
[LVI_DAEMON] 2026-02-16 22:23:10,986 INFO: Evidence: C:\fhq-market-system\vision-ios\03_FUNCTIONS\evidence\LVI_CANONICAL_C_20260216_222310.json
[LVI_DAEMON] 2026-02-16 22:23:10,986 INFO: Next cycle in 86400s
[LVI_DAEMON] 2026-02-17 23:35:52,335 INFO: LVI computed: 0.1705 (F)
[LVI_DAEMON] 2026-02-17 23:35:52,351 ERROR: LVI computation failed: 'completed_experiments'
[LVI_DAEMON] 2026-02-17 23:35:52,355 ERROR: Cycle failed: 'completed_experiments'
[LVI_DAEMON] 2026-02-17 23:35:52,355 INFO: Next cycle in 86400s
